    2.5000000000e+02    2.2254972681e-01
    5.0000000000e+02    2.0962764899e-01
    7.5000000000e+02    3.1465203757e-01
    1.0000000000e+03    2.1799447929e-01
    1.2500000000e+03    1.4304167884e-01
    1.5000000000e+03    1.4874428631e-01
    1.7500000000e+03    1.9689229861e-01
    2.0000000000e+03    1.5703690989e-01
    2.2500000000e+03    1.4033096753e-01
    2.5000000000e+03    1.4052225742e-01
    2.7500000000e+03    1.2684338394e-01
    3.0000000000e+03    1.2876081350e-01
    3.2500000000e+03    1.1882878599e-01
    3.5000000000e+03    1.1792447731e-01
    3.7500000000e+03    1.5629836180e-01
    4.0000000000e+03    1.3199019103e-01
    4.2500000000e+03    1.2514213519e-01
    4.5000000000e+03    1.2093516176e-01
    4.7500000000e+03    1.3233538092e-01
    5.0000000000e+03    9.1171919523e-02
    5.2500000000e+03    1.1899527604e-01
    5.5000000000e+03    1.2120900593e-01
    5.7500000000e+03    1.0097807730e-01
    6.0000000000e+03    9.4678483726e-02
    6.2500000000e+03    1.1355691249e-01
    6.5000000000e+03    1.0862429676e-01
    6.7500000000e+03    1.0507185667e-01
    7.0000000000e+03    1.0823254768e-01
    7.2500000000e+03    1.1759888966e-01
    7.5000000000e+03    1.1522842600e-01
    7.7500000000e+03    1.2541631993e-01
    8.0000000000e+03    1.1770066859e-01
    8.2500000000e+03    1.1162854914e-01
    8.5000000000e+03    1.1987520365e-01
    8.7500000000e+03    1.2533975340e-01
    9.0000000000e+03    1.4556241809e-01
    9.2500000000e+03    1.3352209989e-01
    9.5000000000e+03    1.5122097739e-01
    9.7500000000e+03    1.1139404606e-01
    1.0000000000e+04    1.0490292107e-01
    1.0250000000e+04    1.4770356407e-01
    1.0500000000e+04    1.1750641937e-01
    1.0750000000e+04    1.1483827566e-01
    1.1000000000e+04    9.5273847260e-02
    1.1250000000e+04    1.1673998236e-01
    1.1500000000e+04    1.2390540900e-01
    1.1750000000e+04    9.6438016294e-02
    1.2000000000e+04    1.2726239951e-01
    1.2250000000e+04    1.4169001759e-01
    1.2500000000e+04    2.0758442904e-01
    1.2750000000e+04    1.2312793524e-01
    1.3000000000e+04    1.2914735061e-01
    1.3250000000e+04    1.5277927950e-01
    1.3500000000e+04    9.2959951996e-02
    1.3750000000e+04    1.4164962186e-01
    1.4000000000e+04    1.6285726003e-01
    1.4250000000e+04    1.1754640713e-01
    1.4500000000e+04    1.1406632716e-01
    1.4750000000e+04    1.3834963230e-01
    1.5000000000e+04    1.5763997261e-01
    1.5250000000e+04    1.2039222002e-01
    1.5500000000e+04    1.6838728555e-01
    1.5750000000e+04    1.3052837669e-01
    1.6000000000e+04    1.1486990060e-01
    1.6250000000e+04    1.9798772990e-01
    1.6500000000e+04    1.3433659335e-01
    1.6750000000e+04    1.5639926480e-01
    1.7000000000e+04    1.6122238431e-01
    1.7250000000e+04    1.1229095304e-01
    1.7500000000e+04    1.2642590219e-01
    1.7750000000e+04    9.3710609488e-02
    1.8000000000e+04    1.2029275818e-01
    1.8250000000e+04    1.6850023970e-01
    1.8500000000e+04    1.3504832859e-01
    1.8750000000e+04    1.2322293951e-01
    1.9000000000e+04    1.2308370058e-01
    1.9250000000e+04    1.6212287048e-01
    1.9500000000e+04    1.1416633500e-01
    1.9750000000e+04    1.6819320013e-01
    2.0000000000e+04    1.0004210584e-01
    2.0250000000e+04    1.1229373605e-01
    2.0500000000e+04    1.0338005985e-01
    2.0750000000e+04    1.0187792728e-01
    2.1000000000e+04    1.2676895323e-01
    2.1250000000e+04    1.3399657378e-01
    2.1500000000e+04    1.4936397741e-01
    2.1750000000e+04    7.9652394859e-02
    2.2000000000e+04    1.1509741211e-01
    2.2250000000e+04    8.5986527468e-02
    2.2500000000e+04    9.6491162851e-02
    2.2750000000e+04    1.0314007609e-01
    2.3000000000e+04    1.2228251751e-01
    2.3250000000e+04    1.2769449064e-01
    2.3500000000e+04    8.7016460746e-02
    2.3750000000e+04    1.5133407897e-01
    2.4000000000e+04    1.3797612485e-01
    2.4250000000e+04    1.4910380625e-01
    2.4500000000e+04    8.5812059705e-02
    2.4750000000e+04    1.2363738702e-01
    2.5000000000e+04    1.0688947000e-01
    2.5250000000e+04    1.8828048368e-01
    2.5500000000e+04    8.5709159540e-02
    2.5750000000e+04    1.4163826781e-01
    2.6000000000e+04    1.0640945927e-01
    2.6250000000e+04    1.7463031000e-01
    2.6500000000e+04    9.8789364150e-02
    2.6750000000e+04    1.2684825651e-01
    2.7000000000e+04    1.0568329860e-01
    2.7250000000e+04    1.0966585922e-01
    2.7500000000e+04    1.3212475548e-01
    2.7750000000e+04    9.7935897876e-02
    2.8000000000e+04    9.7647445608e-02
    2.8250000000e+04    1.0596913723e-01
    2.8500000000e+04    1.8234362719e-01
    2.8750000000e+04    1.1218158663e-01
    2.9000000000e+04    1.1004950254e-01
    2.9250000000e+04    1.6690599818e-01
    2.9500000000e+04    1.2033182961e-01
    2.9750000000e+04    9.2136268304e-02
    3.0000000000e+04    1.3978844329e-01
    3.0250000000e+04    1.0192062191e-01
    3.0500000000e+04    1.2513966054e-01
    3.0750000000e+04    1.0513600410e-01
    3.1000000000e+04    1.1896482472e-01
    3.1250000000e+04    1.2285439004e-01
    3.1500000000e+04    1.0672040731e-01
    3.1750000000e+04    1.0232187864e-01
    3.2000000000e+04    1.4800713389e-01
    3.2250000000e+04    1.0469996450e-01
    3.2500000000e+04    1.2323727092e-01
    3.2750000000e+04    8.8893195279e-02
    3.3000000000e+04    1.1649939800e-01
    3.3250000000e+04    1.3855118418e-01
    3.3500000000e+04    9.8200435342e-02
    3.3750000000e+04    1.6374582194e-01
    3.4000000000e+04    8.7609027037e-02
    3.4250000000e+04    1.0208818379e-01
    3.4500000000e+04    9.9277631653e-02
    3.4750000000e+04    1.4710838443e-01
    3.5000000000e+04    1.1617487299e-01
    3.5250000000e+04    8.8526787406e-02
    3.5500000000e+04    9.9418136147e-02
    3.5750000000e+04    9.1124283043e-02
    3.6000000000e+04    1.0749539518e-01
    3.6250000000e+04    1.0307855957e-01
    3.6500000000e+04    1.2889394712e-01
    3.6750000000e+04    1.3239884787e-01
    3.7000000000e+04    1.0753211984e-01
    3.7250000000e+04    1.3973866019e-01
    3.7500000000e+04    9.3069599454e-02
    3.7750000000e+04    8.6951756995e-02
    3.8000000000e+04    9.6665369362e-02
    3.8250000000e+04    8.7628547864e-02
    3.8500000000e+04    8.0848797325e-02
    3.8750000000e+04    9.7578779916e-02
    3.9000000000e+04    1.0634623460e-01
    3.9250000000e+04    1.1255700298e-01
    3.9500000000e+04    9.1055421537e-02
    3.9750000000e+04    1.1823281440e-01
    4.0000000000e+04    1.2139834172e-01
    4.0250000000e+04    1.1255618764e-01
    4.0500000000e+04    1.0602873908e-01
    4.0750000000e+04    9.5046258552e-02
    4.1000000000e+04    1.0158009261e-01
    4.1250000000e+04    1.1956964724e-01
    4.1500000000e+04    1.0505626459e-01
    4.1750000000e+04    1.0880848796e-01
    4.2000000000e+04    1.0756950139e-01
    4.2250000000e+04    9.8924769203e-02
    4.2500000000e+04    1.0187418704e-01
    4.2750000000e+04    9.6998317909e-02
    4.3000000000e+04    9.8468359453e-02
    4.3250000000e+04    1.4646084073e-01
    4.3500000000e+04    9.3356808290e-02
    4.3750000000e+04    9.7942587049e-02
    4.4000000000e+04    9.0697877370e-02
    4.4250000000e+04    9.6638036205e-02
    4.4500000000e+04    1.1993959208e-01
    4.4750000000e+04    1.2194863235e-01
    4.5000000000e+04    8.5502845309e-02
    4.5250000000e+04    1.1918537909e-01
    4.5500000000e+04    1.1281515377e-01
    4.5750000000e+04    1.5795704646e-01
    4.6000000000e+04    1.0909060654e-01
    4.6250000000e+04    1.3615394383e-01
    4.6500000000e+04    1.1143155204e-01
    4.6750000000e+04    7.8880419098e-02
    4.7000000000e+04    1.1455764071e-01
    4.7250000000e+04    1.1149998813e-01
    4.7500000000e+04    1.0910691578e-01
    4.7750000000e+04    8.7571464880e-02
    4.8000000000e+04    9.7689076727e-02
    4.8250000000e+04    9.7400158212e-02
    4.8500000000e+04    9.6546840911e-02
    4.8750000000e+04    8.3564219871e-02
    4.9000000000e+04    1.0733102815e-01
    4.9250000000e+04    7.7826414279e-02
    4.9500000000e+04    1.0319150008e-01
    4.9750000000e+04    9.5580586327e-02
    5.0000000000e+04    1.1950278199e-01
    5.0250000000e+04    1.3333398154e-01
    5.0500000000e+04    9.9840869477e-02
    5.0750000000e+04    9.0068321675e-02
    5.1000000000e+04    1.1108277121e-01
    5.1250000000e+04    9.3140817760e-02
    5.1500000000e+04    8.7665466534e-02
    5.1750000000e+04    1.0302444400e-01
    5.2000000000e+04    8.8022485724e-02
    5.2250000000e+04    1.0404184368e-01
    5.2500000000e+04    9.8187684588e-02
    5.2750000000e+04    9.9419170984e-02
    5.3000000000e+04    1.0073002533e-01
    5.3250000000e+04    8.3086063936e-02
    5.3500000000e+04    8.4342924865e-02
    5.3750000000e+04    1.0213921028e-01
    5.4000000000e+04    9.6927059407e-02
    5.4250000000e+04    9.8723169582e-02
    5.4500000000e+04    9.6443853348e-02
    5.4750000000e+04    9.4057013791e-02
    5.5000000000e+04    9.7434766838e-02
    5.5250000000e+04    1.0618542016e-01
    5.5500000000e+04    8.2760299261e-02
    5.5750000000e+04    9.5006223277e-02
    5.6000000000e+04    8.3417300763e-02
    5.6250000000e+04    9.7594641963e-02
    5.6500000000e+04    8.6103256897e-02
    5.6750000000e+04    9.5294698835e-02
    5.7000000000e+04    8.2553271941e-02
    5.7250000000e+04    1.0013716487e-01
    5.7500000000e+04    1.2107052677e-01
    5.7750000000e+04    8.4798761198e-02
    5.8000000000e+04    8.7672805934e-02
    5.8250000000e+04    1.0844833760e-01
    5.8500000000e+04    1.2739216168e-01
    5.8750000000e+04    1.0905429643e-01
    5.9000000000e+04    1.1135218928e-01
    5.9250000000e+04    1.0879144399e-01
    5.9500000000e+04    7.9981839046e-02
    5.9750000000e+04    1.0695433508e-01
    6.0000000000e+04    1.0970702252e-01
    6.0250000000e+04    1.3974083709e-01
    6.0500000000e+04    1.0323489858e-01
    6.0750000000e+04    1.0624980817e-01
    6.1000000000e+04    1.1697434511e-01
    6.1250000000e+04    1.0215961609e-01
    6.1500000000e+04    9.7463468697e-02
    6.1750000000e+04    1.1278067198e-01
    6.2000000000e+04    1.0639368819e-01
    6.2250000000e+04    1.0689114483e-01
    6.2500000000e+04    9.4559913157e-02
    6.2750000000e+04    9.1295492322e-02
    6.3000000000e+04    1.1915240444e-01
    6.3250000000e+04    8.4106994328e-02
    6.3500000000e+04    8.9627905929e-02
    6.3750000000e+04    1.4998032836e-01
    6.4000000000e+04    9.7803631359e-02
    6.4250000000e+04    1.0785633584e-01
    6.4500000000e+04    1.2106270320e-01
    6.4750000000e+04    8.2427763996e-02
    6.5000000000e+04    9.1710944897e-02
    6.5250000000e+04    1.0870760776e-01
    6.5500000000e+04    9.7691328847e-02
    6.5750000000e+04    9.0861310241e-02
    6.6000000000e+04    1.0795819411e-01
    6.6250000000e+04    1.3775882166e-01
    6.6500000000e+04    1.1069372697e-01
    6.6750000000e+04    8.7247120170e-02
    6.7000000000e+04    1.1202039292e-01
    6.7250000000e+04    9.6910592701e-02
    6.7500000000e+04    1.0794007943e-01
    6.7750000000e+04    9.6592294135e-02
    6.8000000000e+04    1.0639796687e-01
    6.8250000000e+04    1.2203991434e-01
    6.8500000000e+04    1.0350184120e-01
    6.8750000000e+04    9.6727379915e-02
    6.9000000000e+04    1.0290550660e-01
    6.9250000000e+04    1.1328686160e-01
    6.9500000000e+04    9.5858564119e-02
    6.9750000000e+04    9.9530862867e-02
    7.0000000000e+04    1.3003855104e-01
    7.0250000000e+04    1.0246513256e-01
    7.0500000000e+04    1.0821488340e-01
    7.0750000000e+04    1.2618139386e-01
    7.1000000000e+04    1.0453226834e-01
    7.1250000000e+04    8.6086152213e-02
    7.1500000000e+04    9.7867270098e-02
    7.1750000000e+04    1.0905302738e-01
    7.2000000000e+04    8.9695322174e-02
    7.2250000000e+04    1.5120741661e-01
    7.2500000000e+04    9.1244562115e-02
    7.2750000000e+04    8.2620124741e-02
    7.3000000000e+04    1.1633965983e-01
    7.3250000000e+04    1.2450053332e-01
    7.3500000000e+04    1.2831371759e-01
    7.3750000000e+04    1.2196715434e-01
    7.4000000000e+04    1.1964986042e-01
    7.4250000000e+04    9.9894743697e-02
    7.4500000000e+04    7.9644026373e-02
    7.4750000000e+04    1.0373178265e-01
    7.5000000000e+04    9.3909206817e-02
    7.5250000000e+04    9.9265971032e-02
    7.5500000000e+04    1.2565634991e-01
    7.5750000000e+04    9.4664205042e-02
    7.6000000000e+04    1.2214255926e-01
    7.6250000000e+04    1.2951545752e-01
    7.6500000000e+04    8.1128876254e-02
    7.6750000000e+04    9.4852622865e-02
    7.7000000000e+04    1.3245453681e-01
    7.7250000000e+04    9.9812364837e-02
    7.7500000000e+04    1.2037648221e-01
    7.7750000000e+04    9.4754927033e-02
    7.8000000000e+04    9.5633575329e-02
    7.8250000000e+04    1.3043749211e-01
    7.8500000000e+04    1.0254776068e-01
    7.8750000000e+04    1.3457694571e-01
    7.9000000000e+04    1.0123218553e-01
    7.9250000000e+04    1.2567205299e-01
    7.9500000000e+04    1.1178825628e-01
    7.9750000000e+04    9.4138237564e-02
    8.0000000000e+04    9.8106059571e-02
    8.0250000000e+04    8.1738273062e-02
    8.0500000000e+04    9.0053006618e-02
    8.0750000000e+04    9.8349825209e-02
    8.1000000000e+04    9.4612512946e-02
    8.1250000000e+04    9.4575436729e-02
    8.1500000000e+04    1.1670971873e-01
    8.1750000000e+04    1.0680054074e-01
    8.2000000000e+04    1.1888625929e-01
    8.2250000000e+04    1.1028356564e-01
    8.2500000000e+04    1.0870740553e-01
    8.2750000000e+04    1.2667205895e-01
    8.3000000000e+04    1.1858687914e-01
    8.3250000000e+04    9.2898732384e-02
    8.3500000000e+04    8.4865435952e-02
    8.3750000000e+04    9.1946486591e-02
    8.4000000000e+04    1.0422205861e-01
    8.4250000000e+04    1.0142510375e-01
    8.4500000000e+04    1.0285037282e-01
    8.4750000000e+04    1.0193086962e-01
    8.5000000000e+04    9.7243569128e-02
    8.5250000000e+04    8.7341614614e-02
    8.5500000000e+04    9.4580620241e-02
    8.5750000000e+04    9.2461223718e-02
    8.6000000000e+04    9.3504548329e-02
    8.6250000000e+04    1.2412125346e-01
    8.6500000000e+04    1.3697753715e-01
    8.6750000000e+04    9.8126578479e-02
    8.7000000000e+04    7.8075021826e-02
    8.7250000000e+04    8.7954452129e-02
    8.7500000000e+04    1.1778365766e-01
    8.7750000000e+04    1.0218883711e-01
    8.8000000000e+04    1.0385423648e-01
    8.8250000000e+04    1.0863135366e-01
    8.8500000000e+04    8.7436048206e-02
    8.8750000000e+04    1.2675048363e-01
    8.9000000000e+04    1.4150383652e-01
    8.9250000000e+04    9.9554093064e-02
    8.9500000000e+04    1.0721316922e-01
    8.9750000000e+04    9.7164991978e-02
    9.0000000000e+04    8.6195070429e-02
    9.0250000000e+04    9.1046737320e-02
    9.0500000000e+04    1.0515443364e-01
    9.0750000000e+04    8.6822823794e-02
    9.1000000000e+04    1.0070375594e-01
    9.1250000000e+04    9.4700284335e-02
    9.1500000000e+04    1.0423713617e-01
    9.1750000000e+04    1.2846854003e-01
    9.2000000000e+04    1.2058701240e-01
    9.2250000000e+04    1.1545047803e-01
    9.2500000000e+04    9.2121385783e-02
    9.2750000000e+04    1.1277181748e-01
    9.3000000000e+04    9.1977326653e-02
    9.3250000000e+04    9.5662426951e-02
    9.3500000000e+04    1.2772289922e-01
    9.3750000000e+04    1.2485745594e-01
    9.4000000000e+04    8.7637820850e-02
    9.4250000000e+04    9.2347009447e-02
    9.4500000000e+04    1.2604939106e-01
    9.4750000000e+04    1.1718719727e-01
    9.5000000000e+04    1.0794550706e-01
    9.5250000000e+04    1.3526770379e-01
    9.5500000000e+04    1.2781151144e-01
    9.5750000000e+04    1.0920742266e-01
    9.6000000000e+04    1.0693690640e-01
    9.6250000000e+04    1.2689511332e-01
    9.6500000000e+04    1.4107237256e-01
    9.6750000000e+04    8.7415472931e-02
    9.7000000000e+04    9.1354071674e-02
    9.7250000000e+04    9.9026762571e-02
    9.7500000000e+04    1.0809154692e-01
    9.7750000000e+04    8.0141039318e-02
    9.8000000000e+04    9.4268732176e-02
    9.8250000000e+04    9.7727845475e-02
    9.8500000000e+04    1.0685402296e-01
    9.8750000000e+04    9.4008017334e-02
    9.9000000000e+04    1.1145707317e-01
    9.9250000000e+04    9.1987325218e-02
    9.9500000000e+04    1.4937650896e-01
    9.9750000000e+04    8.3267826368e-02
    1.0000000000e+05    9.8537315490e-02
    1.0025000000e+05    1.0237914749e-01
    1.0050000000e+05    1.0850103212e-01
    1.0075000000e+05    1.4663091367e-01
    1.0100000000e+05    1.2171439055e-01
    1.0125000000e+05    8.3836416408e-02
    1.0150000000e+05    1.0900250381e-01
    1.0175000000e+05    1.4904611263e-01
    1.0200000000e+05    1.0506261734e-01
    1.0225000000e+05    1.1852504878e-01
    1.0250000000e+05    1.1112747992e-01
    1.0275000000e+05    9.9527995479e-02
    1.0300000000e+05    1.1360343866e-01
    1.0325000000e+05    9.9529373620e-02
    1.0350000000e+05    1.1462819117e-01
    1.0375000000e+05    1.3102519440e-01
    1.0400000000e+05    1.1728048027e-01
    1.0425000000e+05    1.0964104981e-01
    1.0450000000e+05    9.6425467713e-02
    1.0475000000e+05    1.2857644941e-01
    1.0500000000e+05    1.3937055435e-01
    1.0525000000e+05    1.0528587016e-01
    1.0550000000e+05    1.0363791115e-01
    1.0575000000e+05    1.0982709668e-01
    1.0600000000e+05    8.2034054203e-02
    1.0625000000e+05    1.0364072924e-01
    1.0650000000e+05    9.7885077857e-02
    1.0675000000e+05    9.6386225209e-02
    1.0700000000e+05    9.4342513912e-02
    1.0725000000e+05    9.9320111505e-02
    1.0750000000e+05    9.5586229516e-02
    1.0775000000e+05    8.7311416869e-02
    1.0800000000e+05    1.0420124577e-01
    1.0825000000e+05    1.0244088998e-01
    1.0850000000e+05    1.0708766665e-01
    1.0875000000e+05    1.2024889403e-01
    1.0900000000e+05    9.9795672641e-02
    1.0925000000e+05    1.0412672933e-01
    1.0950000000e+05    7.6258925695e-02
    1.0975000000e+05    1.0541455929e-01
    1.1000000000e+05    1.0182723026e-01
    1.1025000000e+05    9.7183191626e-02
    1.1050000000e+05    9.7121238738e-02
    1.1075000000e+05    1.3916906170e-01
    1.1100000000e+05    9.7089156730e-02
    1.1125000000e+05    1.0137431010e-01
    1.1150000000e+05    9.6881155732e-02
    1.1175000000e+05    7.6705497394e-02
    1.1200000000e+05    9.2598810457e-02
    1.1225000000e+05    1.0667414567e-01
    1.1250000000e+05    8.3259207108e-02
    1.1275000000e+05    1.1903841052e-01
    1.1300000000e+05    1.3565379414e-01
    1.1325000000e+05    9.4605486211e-02
    1.1350000000e+05    1.1327536410e-01
    1.1375000000e+05    1.2596083744e-01
    1.1400000000e+05    1.0637597268e-01
    1.1425000000e+05    1.2446512307e-01
    1.1450000000e+05    9.5503516237e-02
    1.1475000000e+05    9.1921389565e-02
    1.1500000000e+05    1.0429756922e-01
    1.1525000000e+05    9.6612369014e-02
    1.1550000000e+05    9.1752539035e-02
    1.1575000000e+05    9.4659873696e-02
    1.1600000000e+05    9.1622040142e-02
    1.1625000000e+05    9.3544774323e-02
    1.1650000000e+05    1.0467594436e-01
    1.1675000000e+05    1.1610081738e-01
    1.1700000000e+05    9.6453726261e-02
    1.1725000000e+05    9.2740174644e-02
    1.1750000000e+05    1.2899824502e-01
    1.1775000000e+05    1.2996776478e-01
    1.1800000000e+05    8.1136719306e-02
    1.1825000000e+05    1.1380226524e-01
    1.1850000000e+05    8.1012014944e-02
    1.1875000000e+05    9.2008124255e-02
    1.1900000000e+05    8.9506250363e-02
    1.1925000000e+05    1.1937635799e-01
    1.1950000000e+05    1.3575245643e-01
    1.1975000000e+05    1.5331948018e-01
    1.2000000000e+05    9.3146364919e-02
    1.2025000000e+05    1.0877267059e-01
    1.2050000000e+05    1.1944151218e-01
    1.2075000000e+05    1.2776831662e-01
    1.2100000000e+05    9.4069246388e-02
    1.2125000000e+05    1.0867424124e-01
    1.2150000000e+05    9.9286106342e-02
    1.2175000000e+05    9.9217389775e-02
    1.2200000000e+05    9.5690036886e-02
    1.2225000000e+05    1.1267920561e-01
    1.2250000000e+05    9.8980445692e-02
    1.2275000000e+05    1.0641735709e-01
    1.2300000000e+05    9.7135841983e-02
    1.2325000000e+05    1.3444081238e-01
    1.2350000000e+05    1.1582792643e-01
    1.2375000000e+05    1.0873156495e-01
    1.2400000000e+05    1.4131122364e-01
    1.2425000000e+05    1.1751062935e-01
    1.2450000000e+05    1.2969453582e-01
    1.2475000000e+05    9.6307422863e-02
    1.2500000000e+05    8.2450422421e-02
    1.2525000000e+05    1.0785620000e-01
    1.2550000000e+05    1.2306638616e-01
    1.2575000000e+05    1.2646284775e-01
    1.2600000000e+05    1.4566768215e-01
    1.2625000000e+05    1.2225320423e-01
    1.2650000000e+05    9.0292046174e-02
    1.2675000000e+05    1.1169937077e-01
    1.2700000000e+05    1.1409848599e-01
    1.2725000000e+05    1.6427076452e-01
    1.2750000000e+05    1.6482887715e-01
    1.2775000000e+05    1.3857204485e-01
    1.2800000000e+05    1.4961665306e-01
    1.2825000000e+05    1.3460441172e-01
    1.2850000000e+05    1.5385040724e-01
    1.2875000000e+05    1.1787179619e-01
    1.2900000000e+05    1.1432947169e-01
    1.2925000000e+05    1.3042419807e-01
    1.2950000000e+05    1.4969685520e-01
    1.2975000000e+05    9.5262335967e-02
    1.3000000000e+05    1.2816233755e-01
    1.3025000000e+05    1.0865385362e-01
    1.3050000000e+05    1.5719932604e-01
    1.3075000000e+05    1.7416067403e-01
    1.3100000000e+05    1.0588748416e-01
    1.3125000000e+05    1.0677797826e-01
    1.3150000000e+05    1.1500339097e-01
    1.3175000000e+05    1.0767312868e-01
    1.3200000000e+05    9.5130860641e-02
    1.3225000000e+05    1.0699332054e-01
    1.3250000000e+05    9.4244952652e-02
    1.3275000000e+05    1.0956374222e-01
    1.3300000000e+05    1.3456678281e-01
    1.3325000000e+05    8.2363010165e-02
    1.3350000000e+05    1.0383183138e-01
    1.3375000000e+05    1.1174221235e-01
    1.3400000000e+05    9.3705077109e-02
    1.3425000000e+05    9.0057331511e-02
    1.3450000000e+05    8.6211109172e-02
    1.3475000000e+05    9.5157811030e-02
    1.3500000000e+05    8.4554121896e-02
    1.3525000000e+05    9.1541393354e-02
    1.3550000000e+05    1.1170734681e-01
    1.3575000000e+05    1.0295068125e-01
    1.3600000000e+05    1.2522561942e-01
    1.3625000000e+05    1.3127222996e-01
    1.3650000000e+05    1.0196099540e-01
    1.3675000000e+05    1.3440792208e-01
    1.3700000000e+05    8.9815001752e-02
    1.3725000000e+05    9.7032028539e-02
    1.3750000000e+05    1.0660248110e-01
    1.3775000000e+05    9.7065529606e-02
    1.3800000000e+05    9.3976720639e-02
    1.3825000000e+05    1.0906306000e-01
    1.3850000000e+05    9.4442149405e-02
    1.3875000000e+05    1.0020154180e-01
    1.3900000000e+05    9.1630404419e-02
    1.3925000000e+05    9.7902607436e-02
    1.3950000000e+05    8.4114834707e-02
    1.3975000000e+05    8.7300500502e-02
    1.4000000000e+05    8.3431250796e-02
    1.4025000000e+05    1.1021258005e-01
    1.4050000000e+05    1.0363747514e-01
    1.4075000000e+05    9.9544553978e-02
    1.4100000000e+05    1.0500536018e-01
    1.4125000000e+05    9.4160416463e-02
    1.4150000000e+05    1.0323964871e-01
    1.4175000000e+05    1.2100707884e-01
    1.4200000000e+05    9.5863286456e-02
    1.4225000000e+05    1.1384512516e-01
    1.4250000000e+05    1.2482674667e-01
    1.4275000000e+05    8.5538541275e-02
    1.4300000000e+05    1.0497316759e-01
    1.4325000000e+05    1.0607619296e-01
    1.4350000000e+05    1.1926764057e-01
    1.4375000000e+05    1.1743203702e-01
    1.4400000000e+05    8.4042377251e-02
    1.4425000000e+05    9.4473811808e-02
    1.4450000000e+05    1.0874322662e-01
    1.4475000000e+05    8.6563423614e-02
    1.4500000000e+05    1.5108767726e-01
    1.4525000000e+05    1.0347950344e-01
    1.4550000000e+05    1.1652181752e-01
    1.4575000000e+05    8.6371511515e-02
    1.4600000000e+05    1.1512588189e-01
    1.4625000000e+05    1.0554838868e-01
    1.4650000000e+05    9.3349104211e-02
    1.4675000000e+05    1.0398112126e-01
    1.4700000000e+05    1.2833112743e-01
    1.4725000000e+05    1.0930666628e-01
    1.4750000000e+05    9.3913862683e-02
    1.4775000000e+05    7.7427934707e-02
    1.4800000000e+05    1.3024613441e-01
    1.4825000000e+05    1.1018357679e-01
    1.4850000000e+05    9.5744948358e-02
    1.4875000000e+05    8.8935638973e-02
    1.4900000000e+05    9.9223852010e-02
    1.4925000000e+05    9.3024184621e-02
    1.4950000000e+05    1.1386614749e-01
    1.4975000000e+05    8.1803657590e-02
    1.5000000000e+05    9.5648308001e-02
    1.5025000000e+05    1.6567507836e-01
    1.5050000000e+05    1.1062010178e-01
    1.5075000000e+05    8.9162092386e-02
    1.5100000000e+05    1.0577721023e-01
    1.5125000000e+05    1.4912454355e-01
    1.5150000000e+05    1.0335188442e-01
    1.5175000000e+05    1.0298386379e-01
    1.5200000000e+05    7.5612379405e-02
    1.5225000000e+05    1.1731308197e-01
    1.5250000000e+05    1.1609133199e-01
    1.5275000000e+05    1.0450928530e-01
    1.5300000000e+05    1.2221570587e-01
    1.5325000000e+05    1.3794642913e-01
    1.5350000000e+05    8.6263996949e-02
    1.5375000000e+05    9.7827906424e-02
    1.5400000000e+05    9.5552706292e-02
    1.5425000000e+05    1.2558451478e-01
    1.5450000000e+05    1.2089118567e-01
    1.5475000000e+05    9.3191401114e-02
    1.5500000000e+05    1.4173719344e-01
    1.5525000000e+05    1.4796584873e-01
    1.5550000000e+05    1.0304628052e-01
    1.5575000000e+05    1.1975866289e-01
    1.5600000000e+05    1.1364309814e-01
    1.5625000000e+05    1.2420697342e-01
    1.5650000000e+05    9.6974375060e-02
    1.5675000000e+05    9.3913839387e-02
    1.5700000000e+05    1.1479246724e-01
    1.5725000000e+05    1.0004678944e-01
    1.5750000000e+05    9.6115964292e-02
    1.5775000000e+05    8.4360271605e-02
    1.5800000000e+05    1.2154881051e-01
    1.5825000000e+05    1.3098333880e-01
    1.5850000000e+05    8.2523526213e-02
    1.5875000000e+05    1.0665570200e-01
    1.5900000000e+05    8.6978604025e-02
    1.5925000000e+05    9.5204370177e-02
    1.5950000000e+05    1.3083252968e-01
    1.5975000000e+05    1.0809522914e-01
    1.6000000000e+05    1.1658196410e-01
    1.6025000000e+05    8.9064078322e-02
    1.6050000000e+05    8.2134296548e-02
    1.6075000000e+05    1.0679582950e-01
    1.6100000000e+05    1.2550328946e-01
    1.6125000000e+05    9.8478986691e-02
    1.6150000000e+05    1.2284041594e-01
    1.6175000000e+05    1.2043169918e-01
    1.6200000000e+05    1.1070241404e-01
    1.6225000000e+05    9.2796305414e-02
    1.6250000000e+05    1.6336921387e-01
    1.6275000000e+05    1.0833550180e-01
    1.6300000000e+05    9.5993644795e-02
    1.6325000000e+05    1.1063700174e-01
    1.6350000000e+05    1.4114224702e-01
    1.6375000000e+05    8.5919962255e-02
    1.6400000000e+05    1.1231684854e-01
    1.6425000000e+05    9.7177539233e-02
    1.6450000000e+05    9.7151382333e-02
    1.6475000000e+05    9.2634587916e-02
    1.6500000000e+05    9.9294008144e-02
    1.6525000000e+05    1.1044361896e-01
    1.6550000000e+05    1.3477380383e-01
    1.6575000000e+05    1.0351415912e-01
    1.6600000000e+05    9.5978956578e-02
    1.6625000000e+05    8.9695197059e-02
    1.6650000000e+05    1.1433085479e-01
    1.6675000000e+05    9.7361881398e-02
    1.6700000000e+05    8.5770226151e-02
    1.6725000000e+05    8.6125316441e-02
    1.6750000000e+05    1.1687311622e-01
    1.6775000000e+05    1.1676408396e-01
    1.6800000000e+05    1.0431330149e-01
    1.6825000000e+05    8.4861017365e-02
    1.6850000000e+05    1.2385903868e-01
    1.6875000000e+05    8.8516355081e-02
    1.6900000000e+05    9.8381095915e-02
    1.6925000000e+05    9.1341212614e-02
    1.6950000000e+05    1.2548526729e-01
    1.6975000000e+05    1.3808763127e-01
    1.7000000000e+05    1.0864116848e-01
    1.7025000000e+05    1.0398413359e-01
    1.7050000000e+05    8.1215734027e-02
    1.7075000000e+05    8.1531487861e-02
    1.7100000000e+05    1.1583289830e-01
    1.7125000000e+05    9.2470066683e-02
    1.7150000000e+05    1.0534743674e-01
    1.7175000000e+05    1.1290195445e-01
    1.7200000000e+05    1.2641118242e-01
    1.7225000000e+05    1.1784057502e-01
    1.7250000000e+05    1.1954107026e-01
    1.7275000000e+05    1.0746115734e-01
    1.7300000000e+05    1.1339394446e-01
    1.7325000000e+05    1.2108690041e-01
    1.7350000000e+05    1.4156146515e-01
    1.7375000000e+05    1.4643984474e-01
    1.7400000000e+05    1.0139039034e-01
    1.7425000000e+05    1.7109106583e-01
    1.7450000000e+05    1.1329865435e-01
    1.7475000000e+05    9.3261156108e-02
    1.7500000000e+05    9.7139526034e-02
    1.7525000000e+05    1.2065867585e-01
    1.7550000000e+05    1.0097057004e-01
    1.7575000000e+05    1.1452956071e-01
    1.7600000000e+05    1.0478303600e-01
    1.7625000000e+05    1.1306216991e-01
    1.7650000000e+05    9.8065307403e-02
    1.7675000000e+05    1.1615011028e-01
    1.7700000000e+05    9.2357369817e-02
    1.7725000000e+05    1.0121995015e-01
    1.7750000000e+05    9.5837127497e-02
    1.7775000000e+05    1.1348333522e-01
    1.7800000000e+05    1.0595351609e-01
    1.7825000000e+05    8.9806462061e-02
    1.7850000000e+05    9.8746318037e-02
    1.7875000000e+05    1.0472832800e-01
    1.7900000000e+05    1.3008003332e-01
    1.7925000000e+05    1.0342009600e-01
    1.7950000000e+05    9.4770258186e-02
    1.7975000000e+05    1.1231622318e-01
    1.8000000000e+05    9.5077877599e-02
    1.8025000000e+05    1.2841899105e-01
    1.8050000000e+05    9.4834379848e-02
    1.8075000000e+05    1.1214887692e-01
    1.8100000000e+05    9.7479114185e-02
    1.8125000000e+05    9.8038794103e-02
    1.8150000000e+05    9.7979017499e-02
    1.8175000000e+05    8.7353884359e-02
    1.8200000000e+05    8.5900350149e-02
    1.8225000000e+05    1.0018195835e-01
    1.8250000000e+05    8.8661111350e-02
    1.8275000000e+05    1.0387656085e-01
    1.8300000000e+05    9.3552042696e-02
    1.8325000000e+05    1.3194082778e-01
    1.8350000000e+05    1.1045630095e-01
    1.8375000000e+05    1.0827712655e-01
    1.8400000000e+05    1.0380869684e-01
    1.8425000000e+05    1.0905349599e-01
    1.8450000000e+05    1.1507640641e-01
    1.8475000000e+05    1.1796670630e-01
    1.8500000000e+05    1.2352467022e-01
    1.8525000000e+05    9.6048916649e-02
    1.8550000000e+05    9.0515956003e-02
    1.8575000000e+05    1.1052590528e-01
    1.8600000000e+05    1.2509074078e-01
    1.8625000000e+05    9.1630085705e-02
    1.8650000000e+05    1.2526533956e-01
    1.8675000000e+05    8.7702626440e-02
    1.8700000000e+05    8.1521328421e-02
    1.8725000000e+05    1.0134980358e-01
    1.8750000000e+05    8.6331588959e-02
    1.8775000000e+05    1.0130085956e-01
    1.8800000000e+05    1.1704150675e-01
    1.8825000000e+05    9.2394781785e-02
    1.8850000000e+05    8.4638675046e-02
    1.8875000000e+05    1.0569612680e-01
    1.8900000000e+05    9.8684050419e-02
    1.8925000000e+05    1.0333968591e-01
    1.8950000000e+05    9.6488858772e-02
    1.8975000000e+05    8.8968585991e-02
    1.9000000000e+05    1.0480867897e-01
    1.9025000000e+05    1.5423132090e-01
    1.9050000000e+05    1.0446410784e-01
    1.9075000000e+05    9.6508186490e-02
    1.9100000000e+05    1.1350667067e-01
    1.9125000000e+05    8.1746240368e-02
    1.9150000000e+05    9.0996097370e-02
    1.9175000000e+05    1.1353085757e-01
    1.9200000000e+05    9.0394251377e-02
    1.9225000000e+05    9.3322828666e-02
    1.9250000000e+05    1.0711987905e-01
    1.9275000000e+05    1.1020771958e-01
    1.9300000000e+05    1.0564577391e-01
    1.9325000000e+05    1.1597787579e-01
    1.9350000000e+05    1.1162457824e-01
    1.9375000000e+05    1.0438963085e-01
    1.9400000000e+05    9.9344957123e-02
    1.9425000000e+05    1.2321506855e-01
    1.9450000000e+05    8.4090143585e-02
    1.9475000000e+05    1.1363399443e-01
    1.9500000000e+05    9.4774551779e-02
    1.9525000000e+05    7.9073411483e-02
    1.9550000000e+05    1.2691798117e-01
    1.9575000000e+05    9.0996854620e-02
    1.9600000000e+05    1.1313246439e-01
    1.9625000000e+05    8.3174491204e-02
    1.9650000000e+05    8.9329713890e-02
    1.9675000000e+05    1.0391586806e-01
    1.9700000000e+05    8.9788581252e-02
    1.9725000000e+05    9.1245319349e-02
    1.9750000000e+05    1.0130647466e-01
    1.9775000000e+05    9.8878231011e-02
    1.9800000000e+05    1.1671685123e-01
    1.9825000000e+05    9.3611936394e-02
    1.9850000000e+05    1.0920906059e-01
    1.9875000000e+05    1.2872616241e-01
    1.9900000000e+05    9.8392145343e-02
    1.9925000000e+05    9.1647905574e-02
    1.9950000000e+05    1.0544749284e-01
    1.9975000000e+05    9.1436976105e-02
    2.0000000000e+05    9.5716747101e-02
    2.0025000000e+05    9.6167217043e-02
    2.0050000000e+05    1.0127700308e-01
    2.0075000000e+05    1.0707330904e-01
    2.0100000000e+05    9.1997275534e-02
    2.0125000000e+05    8.5371434863e-02
    2.0150000000e+05    9.8489310838e-02
    2.0175000000e+05    8.5868000938e-02
    2.0200000000e+05    1.0874480532e-01
    2.0225000000e+05    1.1541332435e-01
    2.0250000000e+05    1.2478717700e-01
    2.0275000000e+05    9.1906599150e-02
    2.0300000000e+05    1.0220001524e-01
    2.0325000000e+05    8.9535320167e-02
    2.0350000000e+05    9.5501384456e-02
    2.0375000000e+05    1.0470291125e-01
    2.0400000000e+05    9.4711890365e-02
    2.0425000000e+05    8.4751601418e-02
    2.0450000000e+05    1.1170157003e-01
    2.0475000000e+05    8.8723378062e-02
    2.0500000000e+05    1.0646265390e-01
    2.0525000000e+05    1.2358422541e-01
    2.0550000000e+05    9.3505491420e-02
    2.0575000000e+05    1.0183443510e-01
    2.0600000000e+05    1.1877086497e-01
    2.0625000000e+05    8.1417716782e-02
    2.0650000000e+05    1.1917083123e-01
    2.0675000000e+05    1.1816455281e-01
    2.0700000000e+05    9.5607841707e-02
    2.0725000000e+05    9.8913025501e-02
    2.0750000000e+05    9.8651968127e-02
    2.0775000000e+05    1.0709482853e-01
    2.0800000000e+05    9.7286468666e-02
    2.0825000000e+05    1.1631177502e-01
    2.0850000000e+05    8.8332127398e-02
    2.0875000000e+05    8.2927835398e-02
    2.0900000000e+05    1.0463239086e-01
    2.0925000000e+05    9.7648196970e-02
    2.0950000000e+05    1.0749788400e-01
    2.0975000000e+05    1.3404881085e-01
    2.1000000000e+05    1.0366233766e-01
    2.1025000000e+05    8.9903690990e-02
    2.1050000000e+05    1.1473746794e-01
    2.1075000000e+05    1.0656192756e-01
    2.1100000000e+05    9.7371371794e-02
    2.1125000000e+05    1.0165008896e-01
    2.1150000000e+05    1.1250591025e-01
    2.1175000000e+05    9.9181671781e-02
    2.1200000000e+05    7.9602805852e-02
    2.1225000000e+05    1.0814188415e-01
    2.1250000000e+05    9.3579048049e-02
    2.1275000000e+05    8.9543032917e-02
    2.1300000000e+05    8.2293398565e-02
    2.1325000000e+05    8.3737047151e-02
    2.1350000000e+05    1.0455467660e-01
    2.1375000000e+05    1.0318358170e-01
    2.1400000000e+05    9.7120239998e-02
    2.1425000000e+05    9.4809674042e-02
    2.1450000000e+05    1.0890174606e-01
    2.1475000000e+05    9.9294872659e-02
    2.1500000000e+05    1.0877218623e-01
    2.1525000000e+05    8.6105087062e-02
    2.1550000000e+05    8.5268419791e-02
    2.1575000000e+05    9.9447338978e-02
    2.1600000000e+05    1.0619513129e-01
    2.1625000000e+05    1.1253125817e-01
    2.1650000000e+05    1.3986596244e-01
    2.1675000000e+05    1.3921712014e-01
    2.1700000000e+05    9.3173971543e-02
    2.1725000000e+05    1.1068878637e-01
    2.1750000000e+05    1.0607312440e-01
    2.1775000000e+05    9.3256097203e-02
    2.1800000000e+05    1.0736145846e-01
    2.1825000000e+05    1.4819031985e-01
    2.1850000000e+05    9.3525348295e-02
    2.1875000000e+05    9.8718994440e-02
    2.1900000000e+05    9.7320699344e-02
    2.1925000000e+05    1.2695967605e-01
    2.1950000000e+05    1.0903468676e-01
    2.1975000000e+05    9.1461650232e-02
    2.2000000000e+05    1.1003147248e-01
    2.2025000000e+05    9.3726354597e-02
    2.2050000000e+05    1.3479024090e-01
    2.2075000000e+05    1.1295023134e-01
    2.2100000000e+05    1.0834141344e-01
    2.2125000000e+05    8.8729533718e-02
    2.2150000000e+05    8.3368514042e-02
    2.2175000000e+05    9.7066141423e-02
    2.2200000000e+05    1.9053803357e-01
    2.2225000000e+05    8.4148874332e-02
    2.2250000000e+05    8.1074283333e-02
    2.2275000000e+05    9.5030345992e-02
    2.2300000000e+05    8.1899251203e-02
    2.2325000000e+05    9.6585414736e-02
    2.2350000000e+05    8.9625168279e-02
    2.2375000000e+05    9.7891553171e-02
    2.2400000000e+05    8.1681245242e-02
    2.2425000000e+05    1.0940297807e-01
    2.2450000000e+05    1.0567962545e-01
    2.2475000000e+05    1.2574290240e-01
    2.2500000000e+05    9.8354412169e-02
    2.2525000000e+05    8.4615818473e-02
    2.2550000000e+05    9.4068068106e-02
    2.2575000000e+05    1.0622992763e-01
    2.2600000000e+05    9.1102520800e-02
    2.2625000000e+05    9.9142313436e-02
    2.2650000000e+05    1.0897390622e-01
    2.2675000000e+05    8.9442506147e-02
    2.2700000000e+05    8.4566716691e-02
    2.2725000000e+05    1.0517678671e-01
    2.2750000000e+05    1.0681097602e-01
    2.2775000000e+05    9.8347011410e-02
    2.2800000000e+05    1.0885883743e-01
    2.2825000000e+05    8.5629970487e-02
    2.2850000000e+05    1.1020953947e-01
    2.2875000000e+05    1.0905148397e-01
    2.2900000000e+05    9.5646337054e-02
    2.2925000000e+05    9.6000867745e-02
    2.2950000000e+05    9.2873668605e-02
    2.2975000000e+05    1.0658047396e-01
    2.3000000000e+05    9.1346637035e-02
    2.3025000000e+05    1.0606872744e-01
    2.3050000000e+05    9.7147746281e-02
    2.3075000000e+05    9.6836333677e-02
    2.3100000000e+05    1.2008412933e-01
    2.3125000000e+05    1.1100144769e-01
    2.3150000000e+05    8.6446287358e-02
    2.3175000000e+05    1.1426313964e-01
    2.3200000000e+05    9.3487818999e-02
    2.3225000000e+05    1.0539800572e-01
    2.3250000000e+05    9.7440954063e-02
    2.3275000000e+05    9.8639667608e-02
    2.3300000000e+05    9.0785299775e-02
    2.3325000000e+05    1.2016935914e-01
    2.3350000000e+05    1.1532224443e-01
    2.3375000000e+05    9.2567179898e-02
    2.3400000000e+05    1.0177582690e-01
    2.3425000000e+05    9.1301745572e-02
    2.3450000000e+05    1.0189725343e-01
    2.3475000000e+05    9.2866812216e-02
    2.3500000000e+05    9.1944417333e-02
    2.3525000000e+05    8.1427142489e-02
    2.3550000000e+05    1.0103814846e-01
    2.3575000000e+05    9.7935366231e-02
    2.3600000000e+05    1.1256781462e-01
    2.3625000000e+05    9.4386654534e-02
    2.3650000000e+05    1.0008583904e-01
    2.3675000000e+05    1.2298798914e-01
    2.3700000000e+05    8.6500204334e-02
    2.3725000000e+05    8.5980429138e-02
    2.3750000000e+05    9.4920758670e-02
    2.3775000000e+05    1.0461098806e-01
    2.3800000000e+05    1.1411430785e-01
    2.3825000000e+05    1.1569900102e-01
    2.3850000000e+05    9.5380749107e-02
    2.3875000000e+05    1.4750876792e-01
    2.3900000000e+05    1.7681392558e-01
    2.3925000000e+05    1.4021431196e-01
    2.3950000000e+05    1.1201866669e-01
    2.3975000000e+05    1.0335233411e-01
    2.4000000000e+05    1.5265923000e-01
    2.4025000000e+05    2.0758193965e-01
    2.4050000000e+05    1.3123695116e-01
    2.4075000000e+05    1.2542295135e-01
    2.4100000000e+05    9.3212837411e-02
    2.4125000000e+05    9.8580439614e-02
    2.4150000000e+05    1.1596158601e-01
    2.4175000000e+05    1.2998420360e-01
    2.4200000000e+05    1.4177050004e-01
    2.4225000000e+05    1.5389857080e-01
    2.4250000000e+05    1.1874999068e-01
    2.4275000000e+05    1.3620903946e-01
    2.4300000000e+05    1.3478192161e-01
    2.4325000000e+05    1.0598326623e-01
    2.4350000000e+05    8.7667083750e-02
    2.4375000000e+05    1.2501481447e-01
    2.4400000000e+05    1.0711515449e-01
    2.4425000000e+05    9.7393097311e-02
    2.4450000000e+05    1.3722369265e-01
    2.4475000000e+05    1.1312633062e-01
    2.4500000000e+05    9.3698090521e-02
    2.4525000000e+05    1.0886061338e-01
    2.4550000000e+05    9.8092732647e-02
    2.4575000000e+05    9.6926853104e-02
    2.4600000000e+05    1.7110780314e-01
    2.4625000000e+05    1.3178720943e-01
    2.4650000000e+05    9.5018346854e-02
    2.4675000000e+05    1.2121969317e-01
    2.4700000000e+05    1.2109762343e-01
    2.4725000000e+05    1.0989084000e-01
    2.4750000000e+05    1.0030275858e-01
    2.4775000000e+05    1.4341186395e-01
    2.4800000000e+05    1.2581444277e-01
    2.4825000000e+05    1.0718637195e-01
    2.4850000000e+05    1.0589408887e-01
    2.4875000000e+05    1.2396241403e-01
    2.4900000000e+05    1.4031826930e-01
    2.4925000000e+05    1.2471445547e-01
    2.4950000000e+05    9.5894778197e-02
    2.4975000000e+05    1.2268605053e-01
    2.5000000000e+05    1.5330944555e-01
    2.5025000000e+05    8.3854248121e-02
    2.5050000000e+05    9.3567107587e-02
    2.5075000000e+05    1.2024142411e-01
    2.5100000000e+05    8.4490296493e-02
    2.5125000000e+05    1.0830113619e-01
    2.5150000000e+05    1.0117219459e-01
    2.5175000000e+05    1.1325138943e-01
    2.5200000000e+05    1.2005455315e-01
    2.5225000000e+05    1.0073843589e-01
    2.5250000000e+05    1.2232702359e-01
    2.5275000000e+05    1.1514075582e-01
    2.5300000000e+05    1.2214763798e-01
    2.5325000000e+05    9.7664361163e-02
    2.5350000000e+05    1.0408744563e-01
    2.5375000000e+05    9.5530796692e-02
    2.5400000000e+05    1.3692258921e-01
    2.5425000000e+05    9.4036269140e-02
    2.5450000000e+05    8.3777686880e-02
    2.5475000000e+05    1.0743593237e-01
    2.5500000000e+05    1.1945710621e-01
    2.5525000000e+05    1.3168869595e-01
    2.5550000000e+05    1.1304458870e-01
    2.5575000000e+05    9.2978507464e-02
    2.5600000000e+05    1.0561303824e-01
    2.5625000000e+05    1.0085643146e-01
    2.5650000000e+05    9.2035036592e-02
    2.5675000000e+05    9.1880398882e-02
    2.5700000000e+05    1.1175490527e-01
    2.5725000000e+05    1.4669729112e-01
    2.5750000000e+05    1.5997131110e-01
    2.5775000000e+05    1.0999729866e-01
    2.5800000000e+05    1.2350164077e-01
    2.5825000000e+05    8.7227176662e-02
    2.5850000000e+05    1.4044821954e-01
    2.5875000000e+05    1.5734347748e-01
    2.5900000000e+05    1.0856877537e-01
    2.5925000000e+05    1.3599818087e-01
    2.5950000000e+05    1.1076774819e-01
    2.5975000000e+05    1.1273183587e-01
    2.6000000000e+05    1.1753210311e-01
    2.6025000000e+05    1.0528800125e-01
    2.6050000000e+05    8.9484348612e-02
    2.6075000000e+05    8.3210759430e-02
    2.6100000000e+05    9.9984633976e-02
    2.6125000000e+05    9.9729905854e-02
    2.6150000000e+05    8.2700366688e-02
    2.6175000000e+05    1.0865650536e-01
    2.6200000000e+05    8.9646361566e-02
    2.6225000000e+05    1.1730265801e-01
    2.6250000000e+05    1.2501261032e-01
    2.6275000000e+05    9.9881657092e-02
    2.6300000000e+05    9.4216121752e-02
    2.6325000000e+05    1.2277712720e-01
    2.6350000000e+05    9.6333522099e-02
    2.6375000000e+05    9.4496908720e-02
    2.6400000000e+05    1.2065927965e-01
    2.6425000000e+05    1.0056745912e-01
    2.6450000000e+05    1.0629393322e-01
    2.6475000000e+05    1.4215308787e-01
    2.6500000000e+05    9.4717235096e-02
    2.6525000000e+05    1.2504134233e-01
    2.6550000000e+05    1.5740220996e-01
    2.6575000000e+05    9.6610402692e-02
    2.6600000000e+05    8.1761818611e-02
    2.6625000000e+05    1.0818762943e-01
    2.6650000000e+05    9.2442998574e-02
    2.6675000000e+05    1.1491703573e-01
    2.6700000000e+05    1.2880127831e-01
    2.6725000000e+05    1.0750415017e-01
    2.6750000000e+05    1.1893404779e-01
    2.6775000000e+05    1.9327806848e-01
    2.6800000000e+05    9.9111929178e-02
    2.6825000000e+05    1.0215831342e-01
    2.6850000000e+05    1.1741518164e-01
    2.6875000000e+05    2.0238257315e-01
    2.6900000000e+05    1.2332098795e-01
    2.6925000000e+05    9.4920249022e-02
    2.6950000000e+05    1.2655217850e-01
    2.6975000000e+05    1.1407151437e-01
    2.7000000000e+05    1.0307710777e-01
    2.7025000000e+05    8.2356261561e-02
    2.7050000000e+05    1.3297926663e-01
    2.7075000000e+05    1.1611184915e-01
    2.7100000000e+05    1.1056666396e-01
    2.7125000000e+05    9.7822063952e-02
    2.7150000000e+05    1.2368066854e-01
    2.7175000000e+05    1.2716141620e-01
    2.7200000000e+05    1.6003083107e-01
    2.7225000000e+05    1.2179070256e-01
    2.7250000000e+05    1.0282320891e-01
    2.7275000000e+05    1.1575873970e-01
    2.7300000000e+05    1.1829157468e-01
    2.7325000000e+05    8.9468790259e-02
    2.7350000000e+05    8.7265634998e-02
    2.7375000000e+05    9.5981907178e-02
    2.7400000000e+05    1.0318789545e-01
    2.7425000000e+05    1.0437616529e-01
    2.7450000000e+05    1.2319627469e-01
    2.7475000000e+05    1.0134848443e-01
    2.7500000000e+05    1.1546882336e-01
    2.7525000000e+05    8.2465224641e-02
    2.7550000000e+05    1.1342267555e-01
    2.7575000000e+05    9.2986495805e-02
    2.7600000000e+05    1.0632930056e-01
    2.7625000000e+05    1.2155578631e-01
    2.7650000000e+05    9.2628375047e-02
    2.7675000000e+05    1.6125657735e-01
    2.7700000000e+05    1.1782037401e-01
    2.7725000000e+05    9.4391261614e-02
    2.7750000000e+05    1.0889866198e-01
    2.7775000000e+05    1.1427769545e-01
    2.7800000000e+05    1.4009676001e-01
    2.7825000000e+05    1.0201580341e-01
    2.7850000000e+05    1.0400626564e-01
    2.7875000000e+05    1.0318714815e-01
    2.7900000000e+05    9.9827197213e-02
    2.7925000000e+05    1.2910764365e-01
    2.7950000000e+05    1.1475038565e-01
    2.7975000000e+05    1.0916399574e-01
    2.8000000000e+05    1.0379891585e-01
    2.8025000000e+05    1.0815673186e-01
    2.8050000000e+05    9.6774529826e-02
    2.8075000000e+05    9.8919639169e-02
    2.8100000000e+05    9.2629237537e-02
    2.8125000000e+05    1.1165796425e-01
    2.8150000000e+05    9.9383886226e-02
    2.8175000000e+05    8.8383269069e-02
    2.8200000000e+05    8.6445462299e-02
    2.8225000000e+05    1.2505512947e-01
    2.8250000000e+05    1.1105976309e-01
    2.8275000000e+05    9.7967928253e-02
    2.8300000000e+05    8.4841251839e-02
    2.8325000000e+05    9.9898528558e-02
    2.8350000000e+05    1.0148303937e-01
    2.8375000000e+05    8.5998040571e-02
    2.8400000000e+05    1.2619607515e-01
    2.8425000000e+05    1.2572967647e-01
    2.8450000000e+05    1.1014203596e-01
    2.8475000000e+05    1.0323743972e-01
    2.8500000000e+05    1.2195894468e-01
    2.8525000000e+05    1.5802248671e-01
    2.8550000000e+05    1.1655745417e-01
    2.8575000000e+05    1.3152860218e-01
    2.8600000000e+05    1.2629531976e-01
    2.8625000000e+05    1.2380950078e-01
    2.8650000000e+05    1.3193302461e-01
    2.8675000000e+05    1.8133229964e-01
    2.8700000000e+05    1.1728450535e-01
    2.8725000000e+05    1.7217459654e-01
    2.8750000000e+05    1.1032007065e-01
    2.8775000000e+05    1.1887766634e-01
    2.8800000000e+05    1.0165418351e-01
    2.8825000000e+05    9.3849559036e-02
    2.8850000000e+05    1.1362978452e-01
    2.8875000000e+05    1.2611321709e-01
    2.8900000000e+05    1.0068790239e-01
    2.8925000000e+05    9.9149424389e-02
    2.8950000000e+05    9.9846660144e-02
    2.8975000000e+05    1.2317207180e-01
    2.9000000000e+05    1.4768364020e-01
    2.9025000000e+05    1.0960933755e-01
    2.9050000000e+05    1.0834016086e-01
    2.9075000000e+05    9.4782199894e-02
    2.9100000000e+05    2.0855417115e-01
    2.9125000000e+05    1.3674555621e-01
    2.9150000000e+05    1.0422078464e-01
    2.9175000000e+05    9.9695514626e-02
    2.9200000000e+05    1.6049260852e-01
    2.9225000000e+05    1.2434356400e-01
    2.9250000000e+05    1.0044575391e-01
    2.9275000000e+05    1.1968822483e-01
    2.9300000000e+05    1.0348197893e-01
    2.9325000000e+05    1.0927124205e-01
    2.9350000000e+05    1.0950722153e-01
    2.9375000000e+05    8.3751926809e-02
    2.9400000000e+05    9.8465386606e-02
    2.9425000000e+05    1.0225934842e-01
    2.9450000000e+05    9.8857973000e-02
    2.9475000000e+05    9.0535327857e-02
    2.9500000000e+05    1.4245989578e-01
    2.9525000000e+05    8.7531610785e-02
    2.9550000000e+05    9.2310201603e-02
    2.9575000000e+05    9.5187562308e-02
    2.9600000000e+05    1.1943756832e-01
    2.9625000000e+05    1.0375408266e-01
    2.9650000000e+05    1.3795987562e-01
    2.9675000000e+05    1.0200105585e-01
    2.9700000000e+05    1.1051633604e-01
    2.9725000000e+05    1.0267294102e-01
    2.9750000000e+05    9.3996009382e-02
    2.9775000000e+05    1.3253786298e-01
    2.9800000000e+05    1.0663011764e-01
    2.9825000000e+05    1.6126616568e-01
    2.9850000000e+05    1.4622277626e-01
    2.9875000000e+05    1.0179229799e-01
    2.9900000000e+05    9.1834722116e-02
    2.9925000000e+05    1.0421343244e-01
    2.9950000000e+05    1.1509623833e-01
    2.9975000000e+05    1.4549504591e-01
    3.0000000000e+05    1.1055978681e-01
    3.0025000000e+05    1.0371864498e-01
    3.0050000000e+05    9.2272111544e-02
    3.0075000000e+05    1.2218336456e-01
    3.0100000000e+05    1.1640346121e-01
    3.0125000000e+05    9.6441190041e-02
    3.0150000000e+05    1.0255719488e-01
    3.0175000000e+05    9.6051256146e-02
    3.0200000000e+05    7.8662005704e-02
    3.0225000000e+05    1.0696638787e-01
    3.0250000000e+05    1.0986217309e-01
    3.0275000000e+05    1.3409103115e-01
    3.0300000000e+05    1.5879547495e-01
    3.0325000000e+05    1.6106484705e-01
    3.0350000000e+05    1.5261960449e-01
    3.0375000000e+05    1.2517639893e-01
    3.0400000000e+05    1.3313653060e-01
    3.0425000000e+05    2.1312888628e-01
    3.0450000000e+05    1.0520769934e-01
    3.0475000000e+05    1.0930873649e-01
    3.0500000000e+05    1.3390617597e-01
    3.0525000000e+05    1.1920255914e-01
    3.0550000000e+05    9.5173456180e-02
    3.0575000000e+05    1.0796533285e-01
    3.0600000000e+05    8.3735411998e-02
    3.0625000000e+05    7.7404889978e-02
    3.0650000000e+05    8.5084118467e-02
    3.0675000000e+05    1.1685564720e-01
    3.0700000000e+05    1.0592635968e-01
    3.0725000000e+05    9.3247822566e-02
    3.0750000000e+05    1.0052889983e-01
    3.0775000000e+05    9.8882906210e-02
    3.0800000000e+05    1.0078302665e-01
    3.0825000000e+05    9.8415523202e-02
    3.0850000000e+05    1.1349562700e-01
    3.0875000000e+05    1.2225070971e-01
    3.0900000000e+05    9.9647345462e-02
    3.0925000000e+05    8.8159603958e-02
    3.0950000000e+05    1.2478071359e-01
    3.0975000000e+05    1.2318337442e-01
    3.1000000000e+05    9.9019281964e-02
    3.1025000000e+05    9.2849529832e-02
    3.1050000000e+05    9.9548687545e-02
    3.1075000000e+05    1.0403656603e-01
    3.1100000000e+05    8.3468786247e-02
    3.1125000000e+05    9.0347451348e-02
    3.1150000000e+05    9.8023292574e-02
    3.1175000000e+05    9.6576840017e-02
    3.1200000000e+05    8.9572809638e-02
    3.1225000000e+05    8.6912384284e-02
    3.1250000000e+05    1.0099291421e-01
    3.1275000000e+05    1.1172217000e-01
    3.1300000000e+05    1.0690195254e-01
    3.1325000000e+05    9.1178164468e-02
    3.1350000000e+05    1.0584540193e-01
    3.1375000000e+05    1.2584723889e-01
    3.1400000000e+05    8.5224851478e-02
    3.1425000000e+05    8.8952993109e-02
    3.1450000000e+05    1.2038351769e-01
    3.1475000000e+05    9.0365982517e-02
    3.1500000000e+05    1.3605288704e-01
    3.1525000000e+05    1.0185156852e-01
    3.1550000000e+05    8.5648226509e-02
    3.1575000000e+05    1.0840386237e-01
    3.1600000000e+05    1.2092705036e-01
    3.1625000000e+05    1.0964620092e-01
    3.1650000000e+05    9.0455859233e-02
    3.1675000000e+05    9.7860689062e-02
    3.1700000000e+05    1.0296687266e-01
    3.1725000000e+05    9.4359196779e-02
    3.1750000000e+05    9.1282202830e-02
    3.1775000000e+05    8.9365865627e-02
    3.1800000000e+05    8.9069034097e-02
    3.1825000000e+05    1.1959536162e-01
    3.1850000000e+05    1.0180217042e-01
    3.1875000000e+05    9.8188995294e-02
    3.1900000000e+05    8.5312875644e-02
    3.1925000000e+05    1.0883297927e-01
    3.1950000000e+05    1.3989093983e-01
    3.1975000000e+05    1.2436606420e-01
    3.2000000000e+05    1.0645822414e-01
    3.2025000000e+05    9.0309537001e-02
    3.2050000000e+05    1.5239286456e-01
    3.2075000000e+05    1.2857932037e-01
    3.2100000000e+05    1.8146474907e-01
    3.2125000000e+05    1.2616417207e-01
    3.2150000000e+05    1.2082896891e-01
    3.2175000000e+05    9.2481968409e-02
    3.2200000000e+05    1.1534190584e-01
    3.2225000000e+05    9.1589722731e-02
    3.2250000000e+05    1.0337294495e-01
    3.2275000000e+05    9.8623796504e-02
    3.2300000000e+05    1.0445627503e-01
    3.2325000000e+05    1.2848935263e-01
    3.2350000000e+05    8.6635804293e-02
    3.2375000000e+05    8.9986724276e-02
    3.2400000000e+05    8.6925389044e-02
    3.2425000000e+05    1.1631090976e-01
    3.2450000000e+05    9.3517966035e-02
    3.2475000000e+05    1.0615929763e-01
    3.2500000000e+05    1.2892616280e-01
    3.2525000000e+05    1.1747709665e-01
    3.2550000000e+05    1.0079888484e-01
    3.2575000000e+05    1.0774814630e-01
    3.2600000000e+05    1.0930440551e-01
    3.2625000000e+05    8.2038944154e-02
    3.2650000000e+05    1.0925074573e-01
    3.2675000000e+05    1.0133900171e-01
    3.2700000000e+05    1.0682531016e-01
    3.2725000000e+05    8.5116232620e-02
    3.2750000000e+05    8.8608275349e-02
    3.2775000000e+05    1.1174267332e-01
    3.2800000000e+05    1.1522217961e-01
    3.2825000000e+05    1.0618520006e-01
    3.2850000000e+05    9.5209794296e-02
    3.2875000000e+05    1.1425296774e-01
    3.2900000000e+05    1.1272467123e-01
    3.2925000000e+05    1.1259044013e-01
    3.2950000000e+05    9.1756512372e-02
    3.2975000000e+05    1.1936853191e-01
    3.3000000000e+05    9.0618832116e-02
    3.3025000000e+05    8.9208813590e-02
    3.3050000000e+05    7.7234954422e-02
    3.3075000000e+05    1.0799801365e-01
    3.3100000000e+05    1.0719423193e-01
    3.3125000000e+05    9.9551355167e-02
    3.3150000000e+05    9.5712905759e-02
    3.3175000000e+05    1.3004597812e-01
    3.3200000000e+05    1.1359022378e-01
    3.3225000000e+05    9.0269389583e-02
    3.3250000000e+05    1.1485882470e-01
    3.3275000000e+05    1.0658843850e-01
    3.3300000000e+05    9.4273570391e-02
    3.3325000000e+05    9.3009296586e-02
    3.3350000000e+05    1.0447408249e-01
    3.3375000000e+05    1.1442361842e-01
    3.3400000000e+05    1.0460957835e-01
    3.3425000000e+05    1.0845395164e-01
    3.3450000000e+05    8.9529025719e-02
    3.3475000000e+05    1.1047482689e-01
    3.3500000000e+05    9.2671832728e-02
    3.3525000000e+05    9.9571546178e-02
    3.3550000000e+05    1.1463197496e-01
    3.3575000000e+05    9.2266615128e-02
    3.3600000000e+05    1.0268323250e-01
    3.3625000000e+05    1.0763220342e-01
    3.3650000000e+05    9.0063286937e-02
    3.3675000000e+05    1.1348081604e-01
    3.3700000000e+05    1.4620889290e-01
    3.3725000000e+05    1.2578990461e-01
    3.3750000000e+05    9.7021267483e-02
    3.3775000000e+05    1.0016005906e-01
    3.3800000000e+05    1.0915230712e-01
    3.3825000000e+05    9.5749271457e-02
    3.3850000000e+05    9.2833792401e-02
    3.3875000000e+05    8.7587886435e-02
    3.3900000000e+05    9.2097465440e-02
    3.3925000000e+05    8.8116542960e-02
    3.3950000000e+05    1.0300475505e-01
    3.3975000000e+05    1.0081903553e-01
    3.4000000000e+05    1.1666136236e-01
    3.4025000000e+05    1.1890549840e-01
    3.4050000000e+05    9.7411551951e-02
    3.4075000000e+05    1.0064120619e-01
    3.4100000000e+05    9.2167502289e-02
    3.4125000000e+05    1.3236377104e-01
    3.4150000000e+05    1.3858387130e-01
    3.4175000000e+05    1.0984858830e-01
    3.4200000000e+05    9.1411817839e-02
    3.4225000000e+05    1.0116226779e-01
    3.4250000000e+05    1.2513034320e-01
    3.4275000000e+05    8.6593462962e-02
    3.4300000000e+05    1.0938915964e-01
    3.4325000000e+05    9.4086321662e-02
    3.4350000000e+05    1.2698804883e-01
    3.4375000000e+05    1.0783595868e-01
    3.4400000000e+05    9.6775790602e-02
    3.4425000000e+05    1.1585478926e-01
    3.4450000000e+05    1.1095537099e-01
    3.4475000000e+05    1.0610657030e-01
    3.4500000000e+05    9.4952635692e-02
    3.4525000000e+05    1.1429580549e-01
    3.4550000000e+05    1.0919840601e-01
    3.4575000000e+05    8.9680402894e-02
    3.4600000000e+05    9.6793153437e-02
    3.4625000000e+05    1.1249910848e-01
    3.4650000000e+05    9.5072024372e-02
    3.4675000000e+05    9.5462183426e-02
    3.4700000000e+05    9.5559304804e-02
    3.4725000000e+05    9.4062845287e-02
    3.4750000000e+05    7.9942260425e-02
    3.4775000000e+05    8.9224594913e-02
    3.4800000000e+05    8.3480579529e-02
    3.4825000000e+05    9.6659565369e-02
    3.4850000000e+05    1.1783692984e-01
    3.4875000000e+05    1.0566019201e-01
    3.4900000000e+05    1.0683432734e-01
    3.4925000000e+05    9.4269293592e-02
    3.4950000000e+05    1.1890795800e-01
    3.4975000000e+05    1.4018364609e-01
    3.5000000000e+05    9.0434018429e-02
    3.5025000000e+05    1.1639048991e-01
    3.5050000000e+05    1.0504445828e-01
    3.5075000000e+05    1.1454920295e-01
    3.5100000000e+05    8.9854470074e-02
    3.5125000000e+05    1.1047859585e-01
    3.5150000000e+05    9.6484015233e-02
    3.5175000000e+05    8.6385503347e-02
    3.5200000000e+05    9.7201797113e-02
    3.5225000000e+05    1.2455360761e-01
    3.5250000000e+05    1.2443771071e-01
    3.5275000000e+05    1.0438918420e-01
    3.5300000000e+05    1.5658720007e-01
    3.5325000000e+05    1.0747751559e-01
    3.5350000000e+05    1.0184467906e-01
    3.5375000000e+05    1.1779968137e-01
    3.5400000000e+05    1.0823081317e-01
    3.5425000000e+05    9.8760820141e-02
    3.5450000000e+05    1.1409709379e-01
    3.5475000000e+05    1.2709350364e-01
    3.5500000000e+05    1.0193215717e-01
    3.5525000000e+05    9.5364596511e-02
    3.5550000000e+05    1.2750385565e-01
    3.5575000000e+05    1.0947429399e-01
    3.5600000000e+05    1.1724921871e-01
    3.5625000000e+05    1.0595742431e-01
    3.5650000000e+05    1.3803222465e-01
    3.5675000000e+05    1.0685575811e-01
    3.5700000000e+05    1.0639338006e-01
    3.5725000000e+05    9.5210663364e-02
    3.5750000000e+05    1.0828188594e-01
    3.5775000000e+05    1.1776350684e-01
    3.5800000000e+05    1.2408632983e-01
    3.5825000000e+05    1.1014019677e-01
    3.5850000000e+05    9.4517597224e-02
    3.5875000000e+05    1.0811281133e-01
    3.5900000000e+05    9.1001847068e-02
    3.5925000000e+05    1.2046892737e-01
    3.5950000000e+05    8.2030823538e-02
    3.5975000000e+05    1.1231343355e-01
    3.6000000000e+05    8.5324629812e-02
    3.6025000000e+05    9.8500617485e-02
    3.6050000000e+05    1.0811392233e-01
    3.6075000000e+05    1.4231409162e-01
    3.6100000000e+05    2.2500299147e-01
    3.6125000000e+05    1.0745866525e-01
    3.6150000000e+05    1.1732791057e-01
    3.6175000000e+05    1.1525539232e-01
    3.6200000000e+05    1.1603797444e-01
    3.6225000000e+05    1.5096143521e-01
    3.6250000000e+05    1.1235749170e-01
    3.6275000000e+05    1.0790191896e-01
    3.6300000000e+05    1.5492386290e-01
    3.6325000000e+05    9.3767089275e-02
    3.6350000000e+05    1.4338529310e-01
    3.6375000000e+05    1.0319892645e-01
    3.6400000000e+05    9.9588571292e-02
    3.6425000000e+05    1.0432550134e-01
    3.6450000000e+05    1.3257408447e-01
    3.6475000000e+05    1.2557595927e-01
    3.6500000000e+05    1.3661483763e-01
    3.6525000000e+05    2.4769949832e-01
    3.6550000000e+05    1.3988821585e-01
    3.6575000000e+05    1.4222875716e-01
    3.6600000000e+05    1.0561163614e-01
    3.6625000000e+05    1.4137200024e-01
    3.6650000000e+05    1.1541347454e-01
    3.6675000000e+05    1.0531083400e-01
    3.6700000000e+05    1.1321498509e-01
    3.6725000000e+05    9.6166965578e-02
    3.6750000000e+05    1.0573661142e-01
    3.6775000000e+05    8.2394136964e-02
    3.6800000000e+05    1.0782753950e-01
    3.6825000000e+05    1.2200008432e-01
    3.6850000000e+05    8.8854915234e-02
    3.6875000000e+05    9.5302387300e-02
    3.6900000000e+05    1.1178704689e-01
    3.6925000000e+05    1.4143992419e-01
    3.6950000001e+05    7.7160645545e-02
    3.6975000001e+05    1.1069269222e-01
    3.7000000001e+05    9.5204032087e-02
    3.7025000001e+05    9.1762271171e-02
    3.7050000001e+05    1.0084831274e-01
    3.7075000001e+05    9.1752748655e-02
    3.7100000001e+05    9.5946991784e-02
    3.7125000001e+05    1.3027148999e-01
    3.7150000001e+05    8.4642498280e-02
    3.7175000001e+05    9.6458619423e-02
    3.7200000001e+05    9.6365900904e-02
    3.7225000001e+05    8.5081856286e-02
    3.7250000001e+05    8.8930272995e-02
    3.7275000001e+05    8.7239448452e-02
    3.7300000001e+05    9.0228435623e-02
    3.7325000001e+05    8.3819587679e-02
    3.7350000001e+05    9.0023509861e-02
    3.7375000001e+05    9.4900829514e-02
    3.7400000001e+05    9.4945952079e-02
    3.7425000001e+05    1.1678658637e-01
    3.7450000001e+05    9.5705660793e-02
    3.7475000001e+05    1.1297625827e-01
    3.7500000001e+05    1.0388201050e-01
    3.7525000001e+05    8.1173952252e-02
    3.7550000001e+05    1.0170000090e-01
    3.7575000001e+05    9.4389307480e-02
    3.7600000001e+05    8.7310733066e-02
    3.7625000001e+05    9.4236480394e-02
    3.7650000001e+05    9.3526567308e-02
    3.7675000001e+05    9.9337654034e-02
    3.7700000001e+05    9.1247573440e-02
    3.7725000001e+05    1.0840119791e-01
    3.7750000001e+05    1.0102269874e-01
    3.7775000001e+05    9.0616139972e-02
    3.7800000001e+05    9.7711314858e-02
    3.7825000001e+05    1.1376366556e-01
    3.7850000001e+05    9.3620937080e-02
    3.7875000001e+05    1.2416441517e-01
    3.7900000001e+05    9.6662883648e-02
    3.7925000001e+05    1.1066759671e-01
    3.7950000001e+05    9.2128420480e-02
    3.7975000001e+05    9.1453032266e-02
    3.8000000001e+05    9.0692425715e-02
    3.8025000001e+05    1.0945817876e-01
    3.8050000001e+05    1.3373496708e-01
    3.8075000001e+05    1.0813958269e-01
    3.8100000001e+05    9.8492933375e-02
    3.8125000001e+05    1.2649513839e-01
    3.8150000001e+05    9.4566885915e-02
    3.8175000001e+05    9.6511229079e-02
    3.8200000001e+05    1.0431113606e-01
    3.8225000001e+05    1.0094354301e-01
    3.8250000001e+05    1.3287210980e-01
    3.8275000001e+05    9.3062555058e-02
    3.8300000001e+05    8.9166444413e-02
    3.8325000001e+05    9.5629573026e-02
    3.8350000001e+05    1.1833707797e-01
    3.8375000001e+05    1.0051412935e-01
    3.8400000001e+05    9.8841749850e-02
    3.8425000001e+05    9.9670200470e-02
    3.8450000001e+05    1.0071805239e-01
    3.8475000001e+05    9.6561105916e-02
    3.8500000001e+05    1.2207817999e-01
    3.8525000001e+05    9.2869438204e-02
    3.8550000001e+05    1.0486187996e-01
    3.8575000001e+05    1.0290370158e-01
    3.8600000001e+05    1.1226590415e-01
    3.8625000001e+05    8.5915551394e-02
    3.8650000001e+05    9.1081104958e-02
    3.8675000001e+05    8.6835883036e-02
    3.8700000001e+05    9.6014132684e-02
    3.8725000001e+05    1.0368358899e-01
    3.8750000001e+05    1.0714621348e-01
    3.8775000001e+05    8.7971666001e-02
    3.8800000001e+05    8.8659273663e-02
    3.8825000001e+05    1.0815864854e-01
    3.8850000001e+05    1.4281065368e-01
    3.8875000001e+05    8.5974488175e-02
    3.8900000001e+05    1.0538420089e-01
    3.8925000001e+05    1.2575719176e-01
    3.8950000001e+05    9.5568290932e-02
    3.8975000001e+05    1.3613580369e-01
    3.9000000001e+05    1.0627826785e-01
    3.9025000001e+05    8.6781984182e-02
    3.9050000001e+05    1.0102034626e-01
    3.9075000001e+05    1.1636683611e-01
    3.9100000001e+05    9.7509194303e-02
    3.9125000001e+05    1.0587127921e-01
    3.9150000001e+05    1.2282208131e-01
    3.9175000001e+05    1.3446461274e-01
    3.9200000001e+05    1.2203384785e-01
    3.9225000001e+05    1.0955133044e-01
    3.9250000001e+05    1.0456077056e-01
    3.9275000001e+05    9.6557227115e-02
    3.9300000001e+05    8.6265785338e-02
    3.9325000001e+05    1.0974978526e-01
    3.9350000001e+05    1.0511769645e-01
    3.9375000001e+05    9.6889273443e-02
    3.9400000001e+05    8.4876068390e-02
    3.9425000001e+05    9.0257010872e-02
    3.9450000001e+05    9.5814203788e-02
    3.9475000001e+05    1.0482502389e-01
    3.9500000001e+05    1.0298707624e-01
    3.9525000001e+05    1.0004157533e-01
    3.9550000001e+05    1.0288384479e-01
    3.9575000001e+05    9.6347221165e-02
    3.9600000001e+05    9.9023560488e-02
    3.9625000001e+05    9.1206024343e-02
    3.9650000001e+05    9.3606261153e-02
    3.9675000001e+05    9.4416439106e-02
    3.9700000001e+05    1.0379538835e-01
    3.9725000001e+05    9.8548461322e-02
    3.9750000001e+05    1.1584840496e-01
    3.9775000001e+05    7.6734939427e-02
    3.9800000001e+05    7.9621561410e-02
    3.9825000001e+05    1.0202446411e-01
    3.9850000001e+05    8.8255537837e-02
    3.9875000001e+05    9.7816687400e-02
    3.9900000001e+05    1.0542025779e-01
    3.9925000001e+05    9.2876864339e-02
    3.9950000001e+05    8.7517895473e-02
    3.9975000001e+05    9.0729144300e-02
    4.0000000001e+05    1.1100999596e-01
    4.0025000001e+05    9.4847256729e-02
    4.0050000001e+05    9.9363370553e-02
    4.0075000001e+05    8.9563079401e-02
    4.0100000001e+05    1.3726260703e-01
    4.0125000001e+05    1.1227344078e-01
    4.0150000001e+05    1.0229130949e-01
    4.0175000001e+05    1.3690095848e-01
    4.0200000001e+05    9.8290100123e-02
    4.0225000001e+05    9.8736098659e-02
    4.0250000001e+05    9.5240952238e-02
    4.0275000001e+05    8.9017137578e-02
    4.0300000001e+05    1.1096604421e-01
    4.0325000001e+05    9.6781650232e-02
    4.0350000001e+05    1.0868173495e-01
    4.0375000001e+05    9.1813320166e-02
    4.0400000001e+05    1.0409509932e-01
    4.0425000001e+05    8.2936798531e-02
    4.0450000001e+05    8.2495479812e-02
    4.0475000001e+05    1.0932141920e-01
    4.0500000001e+05    1.1593615335e-01
    4.0525000001e+05    1.4432778064e-01
    4.0550000001e+05    9.7797070861e-02
    4.0575000001e+05    1.0553442149e-01
    4.0600000001e+05    1.1990989264e-01
    4.0625000001e+05    9.7548457582e-02
    4.0650000001e+05    9.8797874742e-02
    4.0675000001e+05    1.2803312831e-01
    4.0700000001e+05    1.1425436441e-01
    4.0725000001e+05    1.0815537210e-01
    4.0750000001e+05    9.8148454028e-02
    4.0775000001e+05    1.0110138073e-01
    4.0800000001e+05    1.0825686864e-01
    4.0825000001e+05    1.2448852035e-01
    4.0850000001e+05    8.8335156723e-02
    4.0875000001e+05    1.0500860396e-01
    4.0900000001e+05    9.6151429448e-02
    4.0925000001e+05    1.4752447214e-01
    4.0950000001e+05    1.0768910203e-01
    4.0975000001e+05    1.3906886916e-01
    4.1000000001e+05    1.4577261394e-01
    4.1025000001e+05    1.1127063053e-01
    4.1050000001e+05    1.0050789980e-01
    4.1075000001e+05    1.0693036529e-01
    4.1100000001e+05    1.2591902576e-01
    4.1125000001e+05    1.0040460196e-01
    4.1150000001e+05    1.0015221971e-01
    4.1175000001e+05    9.9546012831e-02
    4.1200000001e+05    9.6478205200e-02
    4.1225000001e+05    9.4911609632e-02
    4.1250000001e+05    1.1136564710e-01
    4.1275000001e+05    1.0419385957e-01
    4.1300000001e+05    9.4688140359e-02
    4.1325000001e+05    1.1277483488e-01
    4.1350000001e+05    1.1554317461e-01
    4.1375000001e+05    9.1726958543e-02
    4.1400000001e+05    1.0879072505e-01
    4.1425000001e+05    1.0082336726e-01
    4.1450000001e+05    9.6738110789e-02
    4.1475000001e+05    1.4134147696e-01
    4.1500000001e+05    1.0205693160e-01
    4.1525000001e+05    1.0613099405e-01
    4.1550000001e+05    1.0348094231e-01
    4.1575000001e+05    1.0971940852e-01
    4.1600000001e+05    1.0243694756e-01
    4.1625000001e+05    9.6916213126e-02
    4.1650000001e+05    1.2114348109e-01
    4.1675000001e+05    1.4233457385e-01
    4.1700000001e+05    1.0772077693e-01
    4.1725000001e+05    1.0382649347e-01
    4.1750000001e+05    1.1326423219e-01
    4.1775000001e+05    1.2551120237e-01
    4.1800000001e+05    1.1288941647e-01
    4.1825000001e+05    1.0680588989e-01
    4.1850000001e+05    1.3530735173e-01
    4.1875000001e+05    1.1837346233e-01
    4.1900000001e+05    8.6856543011e-02
    4.1925000001e+05    8.5401267946e-02
    4.1950000001e+05    1.1933147885e-01
    4.1975000001e+05    1.0195687584e-01
    4.2000000001e+05    1.0798440677e-01
    4.2025000001e+05    1.0762373472e-01
    4.2050000001e+05    1.1954235284e-01
    4.2075000001e+05    1.3992428990e-01
    4.2100000001e+05    1.2766520606e-01
    4.2125000001e+05    1.1332530584e-01
    4.2150000001e+05    1.0124199522e-01
    4.2175000001e+05    1.1235649421e-01
    4.2200000001e+05    1.1021267040e-01
    4.2225000001e+05    1.1837550807e-01
    4.2250000001e+05    9.7266881251e-02
    4.2275000001e+05    1.1288587028e-01
    4.2300000001e+05    1.2811739840e-01
    4.2325000001e+05    1.0502760217e-01
    4.2350000001e+05    1.0512175813e-01
    4.2375000001e+05    8.5776345700e-02
    4.2400000001e+05    1.5473444400e-01
    4.2425000001e+05    9.2977959007e-02
    4.2450000001e+05    9.8706285971e-02
    4.2475000001e+05    1.2817967580e-01
    4.2500000001e+05    1.0082034553e-01
    4.2525000001e+05    1.1981872182e-01
    4.2550000001e+05    9.7988768900e-02
    4.2575000001e+05    1.2554433886e-01
    4.2600000001e+05    1.0751809626e-01
    4.2625000001e+05    1.0079695447e-01
    4.2650000001e+05    9.8217645229e-02
    4.2675000001e+05    1.0891773769e-01
    4.2700000001e+05    1.3655456692e-01
    4.2725000001e+05    1.1121798947e-01
    4.2750000001e+05    1.0343886663e-01
    4.2775000001e+05    1.0644644668e-01
    4.2800000001e+05    9.1839981799e-02
    4.2825000001e+05    9.8658932092e-02
    4.2850000001e+05    8.8471970906e-02
    4.2875000001e+05    1.0921639517e-01
    4.2900000001e+05    1.1187148316e-01
    4.2925000001e+05    9.2931649717e-02
    4.2950000001e+05    1.3963880098e-01
    4.2975000001e+05    9.0765764486e-02
    4.3000000001e+05    8.5104438092e-02
    4.3025000001e+05    1.0609164169e-01
    4.3050000001e+05    1.1378997300e-01
    4.3075000001e+05    9.1352579727e-02
    4.3100000001e+05    8.6586523835e-02
    4.3125000001e+05    1.0463179996e-01
    4.3150000001e+05    1.1570563197e-01
    4.3175000001e+05    8.4762583255e-02
    4.3200000001e+05    8.3377684235e-02
    4.3225000001e+05    9.5686376966e-02
    4.3250000001e+05    1.0452726750e-01
    4.3275000001e+05    9.7980954800e-02
    4.3300000001e+05    1.1275279257e-01
    4.3325000001e+05    1.2445645043e-01
    4.3350000001e+05    1.1472147569e-01
    4.3375000001e+05    8.7177452689e-02
    4.3400000001e+05    1.2610326534e-01
    4.3425000001e+05    9.4277083640e-02
    4.3450000001e+05    1.0694131962e-01
    4.3475000001e+05    1.2210709004e-01
    4.3500000001e+05    9.8417940967e-02
    4.3525000001e+05    9.6290412285e-02
    4.3550000001e+05    1.0199733271e-01
    4.3575000001e+05    1.1059717444e-01
    4.3600000001e+05    1.1592927879e-01
    4.3625000001e+05    9.5902352961e-02
    4.3650000001e+05    9.9117582601e-02
    4.3675000001e+05    1.0252316050e-01
    4.3700000001e+05    9.5652374543e-02
    4.3725000001e+05    1.1070132950e-01
    4.3750000001e+05    9.5309720802e-02
    4.3775000001e+05    9.4709252233e-02
    4.3800000001e+05    1.0206824499e-01
    4.3825000001e+05    8.4306122460e-02
    4.3850000001e+05    9.3320123885e-02
    4.3875000001e+05    1.1158315124e-01
    4.3900000001e+05    1.0887865656e-01
    4.3925000001e+05    1.1332319392e-01
    4.3950000001e+05    1.0512630271e-01
    4.3975000001e+05    9.5879425534e-02
    4.4000000001e+05    9.0414452438e-02
    4.4025000001e+05    1.0255289918e-01
    4.4050000001e+05    8.9251366670e-02
    4.4075000001e+05    9.8801986398e-02
    4.4100000001e+05    1.0660392843e-01
    4.4125000001e+05    9.1218886270e-02
    4.4150000001e+05    1.1431911463e-01
    4.4175000001e+05    1.0144642769e-01
    4.4200000001e+05    1.1463647811e-01
    4.4225000001e+05    1.1236188419e-01
    4.4250000001e+05    9.6296682571e-02
    4.4275000001e+05    1.0380751463e-01
    4.4300000001e+05    1.0612470030e-01
    4.4325000001e+05    1.2889583784e-01
    4.4350000001e+05    9.0400585883e-02
    4.4375000001e+05    7.6451103612e-02
    4.4400000001e+05    1.1932810107e-01
    4.4425000001e+05    9.6951088512e-02
    4.4450000001e+05    1.0919485173e-01
    4.4475000001e+05    9.6952384317e-02
    4.4500000001e+05    9.8827846970e-02
    4.4525000001e+05    1.0223091053e-01
    4.4550000001e+05    7.9766833773e-02
    4.4575000001e+05    8.7159126644e-02
    4.4600000001e+05    8.8325662431e-02
    4.4625000001e+05    1.1107658828e-01
    4.4650000001e+05    1.0629201924e-01
    4.4675000001e+05    7.9601112654e-02
    4.4700000001e+05    1.1182935883e-01
    4.4725000001e+05    9.9726191364e-02
    4.4750000001e+05    1.0457060875e-01
    4.4775000001e+05    9.4070138985e-02
    4.4800000001e+05    8.7454604561e-02
    4.4825000001e+05    1.0580802302e-01
    4.4850000001e+05    1.0509996776e-01
    4.4875000001e+05    1.1873113337e-01
    4.4900000001e+05    1.0493713048e-01
    4.4925000001e+05    1.1501064038e-01
    4.4950000001e+05    1.4748333612e-01
    4.4975000001e+05    1.0460492732e-01
    4.5000000001e+05    1.1213275917e-01
    4.5025000001e+05    1.0469722110e-01
    4.5050000001e+05    9.7189543759e-02
    4.5075000001e+05    1.0144497361e-01
    4.5100000001e+05    9.6024660638e-02
    4.5125000001e+05    1.1959068033e-01
    4.5150000001e+05    1.0577038872e-01
    4.5175000001e+05    9.4769913363e-02
    4.5200000001e+05    9.9363848377e-02
    4.5225000001e+05    9.2744493998e-02
    4.5250000001e+05    9.1536165680e-02
    4.5275000001e+05    9.1188745808e-02
    4.5300000001e+05    1.0960045552e-01
    4.5325000001e+05    1.0580921581e-01
    4.5350000001e+05    1.0242185794e-01
    4.5375000001e+05    1.1052629825e-01
    4.5400000001e+05    1.0312065346e-01
    4.5425000001e+05    1.2116310814e-01
    4.5450000001e+05    1.2507276891e-01
    4.5475000001e+05    9.7661718827e-02
    4.5500000001e+05    1.2048507154e-01
    4.5525000001e+05    9.3352038071e-02
    4.5550000001e+05    9.3013756450e-02
    4.5575000001e+05    9.4532751385e-02
    4.5600000001e+05    1.1230551689e-01
    4.5625000001e+05    9.0463973778e-02
    4.5650000001e+05    8.5731125524e-02
    4.5675000001e+05    8.6985978464e-02
    4.5700000001e+05    9.8766991641e-02
    4.5725000001e+05    9.3491921779e-02
    4.5750000001e+05    8.6776787773e-02
    4.5775000001e+05    9.0012965866e-02
    4.5800000001e+05    8.6963648852e-02
    4.5825000001e+05    9.2646876311e-02
    4.5850000001e+05    1.0030949702e-01
    4.5875000001e+05    1.0037220302e-01
    4.5900000001e+05    1.1890258423e-01
    4.5925000001e+05    1.2780614263e-01
    4.5950000001e+05    1.0643830657e-01
    4.5975000001e+05    9.7104170972e-02
    4.6000000001e+05    1.1045020965e-01
    4.6025000001e+05    1.0279481628e-01
    4.6050000001e+05    1.1504022920e-01
    4.6075000001e+05    9.9847885831e-02
    4.6100000001e+05    1.2546442966e-01
    4.6125000001e+05    8.3347824246e-02
    4.6150000001e+05    9.3275261882e-02
    4.6175000001e+05    8.9426907914e-02
    4.6200000001e+05    1.1591917371e-01
    4.6225000001e+05    1.1478729677e-01
    4.6250000001e+05    9.9809720954e-02
    4.6275000001e+05    9.2960456566e-02
    4.6300000001e+05    1.0847597320e-01
    4.6325000001e+05    1.0940840872e-01
    4.6350000001e+05    1.2985297999e-01
    4.6375000001e+05    1.6626998035e-01
    4.6400000001e+05    1.1907134216e-01
    4.6425000001e+05    1.7351511422e-01
    4.6450000001e+05    1.2895890887e-01
    4.6475000001e+05    1.3779707244e-01
    4.6500000001e+05    9.3036505885e-02
    4.6525000001e+05    1.0431616624e-01
    4.6550000001e+05    9.6846072964e-02
    4.6575000001e+05    9.9647333674e-02
    4.6600000001e+05    1.1069320778e-01
    4.6625000001e+05    1.0691356059e-01
    4.6650000001e+05    1.0353767474e-01
    4.6675000001e+05    1.2295666957e-01
    4.6700000001e+05    1.3330635522e-01
    4.6725000001e+05    1.1101169414e-01
    4.6750000001e+05    9.6842741595e-02
    4.6775000001e+05    9.6442159001e-02
    4.6800000001e+05    9.6981244634e-02
    4.6825000001e+05    9.7010841305e-02
    4.6850000001e+05    1.0516026107e-01
    4.6875000001e+05    9.4770162942e-02
    4.6900000001e+05    1.0047738138e-01
    4.6925000001e+05    1.0255349656e-01
    4.6950000001e+05    1.1308522622e-01
    4.6975000001e+05    9.7746049742e-02
    4.7000000001e+05    1.1681865915e-01
    4.7025000001e+05    1.1274562735e-01
    4.7050000001e+05    1.4462119826e-01
    4.7075000001e+05    1.3874276496e-01
    4.7100000001e+05    1.2025036278e-01
    4.7125000001e+05    1.0195279927e-01
    4.7150000001e+05    1.1008928613e-01
    4.7175000001e+05    1.0252357342e-01
    4.7200000001e+05    1.0993331975e-01
    4.7225000001e+05    1.8843369135e-01
    4.7250000001e+05    2.0713232950e-01
    4.7275000001e+05    1.4133702940e-01
    4.7300000001e+05    1.3159180662e-01
    4.7325000001e+05    1.5363424046e-01
    4.7350000001e+05    1.6722194288e-01
    4.7375000001e+05    1.9861704307e-01
    4.7400000001e+05    1.5398030758e-01
    4.7425000001e+05    2.0244534258e-01
    4.7450000001e+05    2.0664218000e-01
    4.7475000001e+05    1.6262225102e-01
    4.7500000001e+05    1.4231488449e-01
    4.7525000001e+05    9.6182412560e-02
    4.7550000001e+05    1.5275864118e-01
    4.7575000001e+05    1.0359944688e-01
    4.7600000001e+05    1.0962541325e-01
    4.7625000001e+05    1.0284726272e-01
    4.7650000001e+05    2.0804357792e-01
    4.7675000001e+05    1.2642434554e-01
    4.7700000001e+05    1.4586236124e-01
    4.7725000001e+05    1.3811964560e-01
    4.7750000001e+05    1.1267289346e-01
    4.7775000001e+05    1.4768173990e-01
    4.7800000001e+05    1.2034305449e-01
    4.7825000001e+05    2.1070061488e-01
    4.7850000001e+05    1.1686378475e-01
    4.7875000001e+05    1.0717089722e-01
    4.7900000001e+05    1.2323766696e-01
    4.7925000001e+05    1.4250331968e-01
    4.7950000001e+05    2.3850891630e-01
    4.7975000001e+05    1.3386388385e-01
    4.8000000001e+05    1.9188415591e-01
    4.8025000001e+05    1.5301763525e-01
    4.8050000001e+05    1.7444203206e-01
    4.8075000001e+05    1.5386809263e-01
    4.8100000001e+05    1.1145393885e-01
    4.8125000001e+05    1.2978458002e-01
    4.8150000001e+05    1.5280248198e-01
    4.8175000001e+05    1.0498534970e-01
    4.8200000001e+05    1.0833760542e-01
    4.8225000001e+05    1.0352180056e-01
    4.8250000001e+05    1.2309954102e-01
    4.8275000001e+05    1.0828804566e-01
    4.8300000001e+05    1.0284700861e-01
    4.8325000001e+05    8.2408444417e-02
    4.8350000001e+05    1.1643743514e-01
    4.8375000001e+05    9.5502139918e-02
    4.8400000001e+05    1.1058808563e-01
    4.8425000001e+05    1.0939722651e-01
    4.8450000001e+05    1.0630198386e-01
    4.8475000001e+05    9.5618688008e-02
    4.8500000001e+05    1.0935536063e-01
    4.8525000001e+05    1.0778410588e-01
    4.8550000001e+05    1.2743159283e-01
    4.8575000001e+05    1.1505936169e-01
    4.8600000001e+05    1.0778318259e-01
    4.8625000001e+05    9.4362105479e-02
    4.8650000001e+05    1.0446613922e-01
    4.8675000001e+05    9.8311178525e-02
    4.8700000001e+05    1.1137560142e-01
    4.8725000001e+05    1.0333837056e-01
    4.8750000001e+05    8.9797534523e-02
    4.8775000001e+05    1.3383489788e-01
    4.8800000001e+05    1.1352140300e-01
    4.8825000001e+05    9.5845834278e-02
    4.8850000001e+05    8.4869284850e-02
    4.8875000001e+05    1.0506747817e-01
    4.8900000001e+05    9.3974671149e-02
    4.8925000001e+05    9.0421364378e-02
    4.8950000001e+05    1.1715081387e-01
    4.8975000001e+05    9.2228034118e-02
    4.9000000001e+05    1.1872178640e-01
    4.9025000001e+05    9.8047246189e-02
    4.9050000001e+05    8.8097904292e-02
    4.9075000001e+05    1.0368661740e-01
    4.9100000001e+05    1.0897412652e-01
    4.9125000001e+05    1.2268515269e-01
    4.9150000001e+05    1.0762986526e-01
    4.9175000001e+05    9.4935771781e-02
    4.9200000001e+05    9.9202078426e-02
    4.9225000001e+05    1.0847670964e-01
    4.9250000001e+05    1.1534833682e-01
    4.9275000001e+05    1.0781894545e-01
    4.9300000001e+05    8.1519801252e-02
    4.9325000001e+05    1.1351519512e-01
    4.9350000001e+05    8.9128313648e-02
    4.9375000001e+05    1.0332916965e-01
    4.9400000001e+05    8.9916463845e-02
    4.9425000001e+05    1.0739681003e-01
    4.9450000001e+05    1.1541781145e-01
    4.9475000001e+05    9.3101841131e-02
    4.9500000001e+05    9.2114884407e-02
    4.9525000001e+05    1.0080581699e-01
    4.9550000001e+05    1.1985510328e-01
    4.9575000001e+05    9.7587323891e-02
    4.9600000001e+05    9.5483249661e-02
    4.9625000001e+05    1.0938605694e-01
    4.9650000001e+05    1.1587785683e-01
    4.9675000001e+05    1.1612519138e-01
    4.9700000001e+05    1.0172971254e-01
    4.9725000001e+05    1.4327866559e-01
    4.9750000001e+05    1.5330577186e-01
    4.9775000001e+05    8.7187028863e-02
    4.9800000001e+05    9.2965474378e-02
    4.9825000001e+05    1.2759393683e-01
    4.9850000001e+05    1.3497152229e-01
    4.9875000001e+05    1.0847155727e-01
    4.9900000001e+05    9.7721854500e-02
    4.9925000001e+05    9.3153858071e-02
    4.9950000001e+05    1.0440633136e-01
    4.9975000001e+05    1.0263438260e-01
    5.0000000001e+05    1.5927019648e-01
