    7.5000000000e+01    5.1565256729e-01
    1.5000000000e+02    3.0241636621e-01
    2.2500000000e+02    2.2848227784e-01
    3.0000000000e+02    2.7883424770e-01
    3.7500000000e+02    2.1872028882e-01
    4.5000000000e+02    2.3783319106e-01
    5.2500000000e+02    2.0252376271e-01
    6.0000000000e+02    2.4114726791e-01
    6.7500000000e+02    1.8331234801e-01
    7.5000000000e+02    1.9900421121e-01
    8.2500000000e+02    2.4652725043e-01
    9.0000000000e+02    1.5752800731e-01
    9.7500000000e+02    3.0131565585e-01
    1.0500000000e+03    2.6119535707e-01
    1.1250000000e+03    3.5246552085e-01
    1.2000000000e+03    3.8546704092e-01
    1.2750000000e+03    5.0967645854e-01
    1.3500000000e+03    4.2819308000e-01
    1.4250000000e+03    4.0880209744e-01
    1.5000000000e+03    4.9378255598e-01
    1.5750000000e+03    4.3956663806e-01
    1.6500000000e+03    3.1208300317e-01
    1.7250000000e+03    2.2403849660e-01
    1.8000000000e+03    1.8613186132e-01
    1.8750000000e+03    2.6869299880e-01
    1.9500000000e+03    2.7279456178e-01
    2.0250000000e+03    2.3685422530e-01
    2.1000000000e+03    2.8520903959e-01
    2.1750000000e+03    2.5968965195e-01
    2.2500000000e+03    3.8241732954e-01
    2.3250000000e+03    3.2025854176e-01
    2.4000000000e+03    2.5420541425e-01
    2.4750000000e+03    2.5236418793e-01
    2.5500000000e+03    2.0250121323e-01
    2.6250000000e+03    3.3108200004e-01
    2.7000000000e+03    2.3431114123e-01
    2.7750000000e+03    3.8671527530e-01
    2.8500000000e+03    3.3410913312e-01
    2.9250000000e+03    3.1197494933e-01
    3.0000000000e+03    4.5697142463e-01
    3.0750000000e+03    3.7506634030e-01
    3.1500000000e+03    3.7293152949e-01
    3.2250000000e+03    7.4533246512e-01
    3.3000000000e+03    2.3781450399e-01
    3.3750000000e+03    2.8933477710e-01
    3.4500000000e+03    2.5490886151e-01
    3.5250000000e+03    2.7221799621e-01
    3.6000000000e+03    2.2393564626e-01
    3.6750000000e+03    2.5007306529e-01
    3.7500000000e+03    2.8667794438e-01
    3.8250000000e+03    2.3568097791e-01
    3.9000000000e+03    6.0500542709e-01
    3.9750000000e+03    4.4827256762e-01
    4.0500000000e+03    2.9462373603e-01
    4.1250000000e+03    1.5944128670e-01
    4.2000000000e+03    1.3844928547e-01
    4.2750000000e+03    1.5233088244e-01
    4.3500000000e+03    1.6439126994e-01
    4.4250000000e+03    1.2338739514e-01
    4.5000000000e+03    9.7662852142e-02
    4.5750000000e+03    1.0811496415e-01
    4.6500000000e+03    1.3561464806e-01
    4.7250000000e+03    1.1863324562e-01
    4.8000000000e+03    1.1906036665e-01
    4.8750000000e+03    1.2385443544e-01
    4.9500000000e+03    1.6407417689e-01
    5.0250000000e+03    1.2041039589e-01
    5.1000000000e+03    1.2572452341e-01
    5.1750000000e+03    1.2679981360e-01
    5.2500000000e+03    1.3368869476e-01
    5.3250000000e+03    1.2113316190e-01
    5.4000000000e+03    1.4483900915e-01
    5.4750000000e+03    1.3838515309e-01
    5.5500000000e+03    1.2922931294e-01
    5.6250000000e+03    1.3978912629e-01
    5.7000000000e+03    1.4699388865e-01
    5.7750000000e+03    1.4517630046e-01
    5.8500000000e+03    1.4595562042e-01
    5.9250000000e+03    1.0863371764e-01
    6.0000000000e+03    1.2671548626e-01
    6.0750000000e+03    1.1869473378e-01
    6.1500000000e+03    9.3691611569e-02
    6.2250000000e+03    1.0526187269e-01
    6.3000000000e+03    1.1518950562e-01
    6.3750000000e+03    1.4012241044e-01
    6.4500000000e+03    1.3141928706e-01
    6.5250000000e+03    1.4734011546e-01
    6.6000000000e+03    1.4095714472e-01
    6.6750000000e+03    1.2353018212e-01
    6.7500000000e+03    1.2954066455e-01
    6.8250000000e+03    1.2811026748e-01
    6.9000000000e+03    1.1590900639e-01
    6.9750000000e+03    1.4912255811e-01
    7.0500000000e+03    1.1909468540e-01
    7.1250000000e+03    2.0246919231e-01
    7.2000000000e+03    1.5349093497e-01
    7.2750000000e+03    1.7860099290e-01
    7.3500000000e+03    1.9265238033e-01
    7.4250000000e+03    1.2775867085e-01
    7.5000000000e+03    1.5194050642e-01
    7.5750000000e+03    1.6556536553e-01
    7.6500000000e+03    1.2865299443e-01
    7.7250000000e+03    1.0963547138e-01
    7.8000000000e+03    1.1294149786e-01
    7.8750000000e+03    1.0035684237e-01
    7.9500000000e+03    9.7387519936e-02
    8.0250000000e+03    1.6070587045e-01
    8.1000000000e+03    1.2680248776e-01
    8.1750000000e+03    1.1234099445e-01
    8.2500000000e+03    1.6340360920e-01
    8.3250000000e+03    1.2128577160e-01
    8.4000000000e+03    1.7301982226e-01
    8.4750000000e+03    1.6938995482e-01
    8.5500000000e+03    1.5113150600e-01
    8.6250000000e+03    1.1111490585e-01
    8.7000000000e+03    1.0110003647e-01
    8.7750000000e+03    1.4344532626e-01
    8.8500000000e+03    1.3639493179e-01
    8.9250000000e+03    9.7006892657e-02
    9.0000000000e+03    1.0351630894e-01
    9.0750000000e+03    1.0670393781e-01
    9.1500000000e+03    1.1554649902e-01
    9.2250000000e+03    9.7957500844e-02
    9.3000000000e+03    1.4425611675e-01
    9.3750000000e+03    1.0674432605e-01
    9.4500000000e+03    1.2210265471e-01
    9.5250000000e+03    1.1690331042e-01
    9.6000000000e+03    1.0700976156e-01
    9.6750000000e+03    1.0688668492e-01
    9.7500000000e+03    9.9040410925e-02
    9.8250000000e+03    9.2977909998e-02
    9.9000000000e+03    1.1195804672e-01
    9.9750000000e+03    1.1228952467e-01
    1.0050000000e+04    1.1416425904e-01
    1.0125000000e+04    1.0576654646e-01
    1.0200000000e+04    1.2292689078e-01
    1.0275000000e+04    1.1463449012e-01
    1.0350000000e+04    1.2393847381e-01
    1.0425000000e+04    1.4112463590e-01
    1.0500000000e+04    1.4830649571e-01
    1.0575000000e+04    1.0306367565e-01
    1.0650000000e+04    1.1749444460e-01
    1.0725000000e+04    1.3207087640e-01
    1.0800000000e+04    1.3225693255e-01
    1.0875000000e+04    1.2714491546e-01
    1.0950000000e+04    1.1439364071e-01
    1.1025000000e+04    9.8255599440e-02
    1.1100000000e+04    1.4391296098e-01
    1.1175000000e+04    1.3076415135e-01
    1.1250000000e+04    1.4911702502e-01
    1.1325000000e+04    1.0593381885e-01
    1.1400000000e+04    1.2511940652e-01
    1.1475000000e+04    1.3138643566e-01
    1.1550000000e+04    1.7201390041e-01
    1.1625000000e+04    1.5494264242e-01
    1.1700000000e+04    1.0549235548e-01
    1.1775000000e+04    1.2826905527e-01
    1.1850000000e+04    1.2926249050e-01
    1.1925000000e+04    1.1012798539e-01
    1.2000000000e+04    1.2200714980e-01
    1.2075000000e+04    1.1515387456e-01
    1.2150000000e+04    1.2546445817e-01
    1.2225000000e+04    1.5144122870e-01
    1.2300000000e+04    1.5084688395e-01
    1.2375000000e+04    1.4421620779e-01
    1.2450000000e+04    1.4107732219e-01
    1.2525000000e+04    1.3417925956e-01
    1.2600000000e+04    1.3540734643e-01
    1.2675000000e+04    1.2133411250e-01
    1.2750000000e+04    1.4724531168e-01
    1.2825000000e+04    1.4367355406e-01
    1.2900000000e+04    1.2026881668e-01
    1.2975000000e+04    1.2973879789e-01
    1.3050000000e+04    1.4156108825e-01
    1.3125000000e+04    1.4131196556e-01
    1.3200000000e+04    8.8897566381e-02
    1.3275000000e+04    1.4212751827e-01
    1.3350000000e+04    1.4116459484e-01
    1.3425000000e+04    1.3725817314e-01
    1.3500000000e+04    1.1155909758e-01
    1.3575000000e+04    1.0674423404e-01
    1.3650000000e+04    1.0155609735e-01
    1.3725000000e+04    1.2059781116e-01
    1.3800000000e+04    1.4362640398e-01
    1.3875000000e+04    1.3993807546e-01
    1.3950000000e+04    1.2749079928e-01
    1.4025000000e+04    1.3702411691e-01
    1.4100000000e+04    1.6461108050e-01
    1.4175000000e+04    1.4841179882e-01
    1.4250000000e+04    1.6179034477e-01
    1.4325000000e+04    1.5273348776e-01
    1.4400000000e+04    1.2756349412e-01
    1.4475000000e+04    1.1426239686e-01
    1.4550000000e+04    1.1634020734e-01
    1.4625000000e+04    1.3621923881e-01
    1.4700000000e+04    1.9668918527e-01
    1.4775000000e+04    1.4976481335e-01
    1.4850000000e+04    1.5564197332e-01
    1.4925000000e+04    1.5006163864e-01
    1.5000000000e+04    1.1637183103e-01
    1.5075000000e+04    1.2315431430e-01
    1.5150000000e+04    1.3614797263e-01
    1.5225000000e+04    1.1779038825e-01
    1.5300000000e+04    1.2402149878e-01
    1.5375000000e+04    9.7762764085e-02
    1.5450000000e+04    1.2080673100e-01
    1.5525000000e+04    1.2416215091e-01
    1.5600000000e+04    1.3131289956e-01
    1.5675000000e+04    1.2913324276e-01
    1.5750000000e+04    1.5536041679e-01
    1.5825000000e+04    1.4116908846e-01
    1.5900000000e+04    1.2811005898e-01
    1.5975000000e+04    1.0407651394e-01
    1.6050000000e+04    1.2889921419e-01
    1.6125000000e+04    1.1366806220e-01
    1.6200000000e+04    1.1157245757e-01
    1.6275000000e+04    1.0817857084e-01
    1.6350000000e+04    1.0088259824e-01
    1.6425000000e+04    1.1233755755e-01
    1.6500000000e+04    1.1833028904e-01
    1.6575000000e+04    1.4414320491e-01
    1.6650000000e+04    1.2700538439e-01
    1.6725000000e+04    1.3484400066e-01
    1.6800000000e+04    1.3170432866e-01
    1.6875000000e+04    1.1798856077e-01
    1.6950000000e+04    1.1254783244e-01
    1.7025000000e+04    1.2355050440e-01
    1.7100000000e+04    1.4667396428e-01
    1.7175000000e+04    1.2095869141e-01
    1.7250000000e+04    9.7954015438e-02
    1.7325000000e+04    1.1107528364e-01
    1.7400000000e+04    1.4232007707e-01
    1.7475000000e+04    1.2788288477e-01
    1.7550000000e+04    1.0749263260e-01
    1.7625000000e+04    1.2268892330e-01
    1.7700000000e+04    1.2954242339e-01
    1.7775000000e+04    1.0611293153e-01
    1.7850000000e+04    1.0572368236e-01
    1.7925000000e+04    1.3788306938e-01
    1.8000000000e+04    1.7629349259e-01
    1.8075000000e+04    1.3823609974e-01
    1.8150000000e+04    1.3970594837e-01
    1.8225000000e+04    1.8264134169e-01
    1.8300000000e+04    1.5266060299e-01
    1.8375000000e+04    1.0431227384e-01
    1.8450000000e+04    1.2935311223e-01
    1.8525000000e+04    1.3254780601e-01
    1.8600000000e+04    8.3662261148e-02
    1.8675000000e+04    9.0076423295e-02
    1.8750000000e+04    1.1345629479e-01
    1.8825000000e+04    1.1464602092e-01
    1.8900000000e+04    1.2523442581e-01
    1.8975000000e+04    1.4726703422e-01
    1.9050000000e+04    1.3980005630e-01
    1.9125000000e+04    1.2117101835e-01
    1.9200000000e+04    1.2161719287e-01
    1.9275000000e+04    1.3177631922e-01
    1.9350000000e+04    1.0476538984e-01
    1.9425000000e+04    1.1967086046e-01
    1.9500000000e+04    2.3961309135e-01
    1.9575000000e+04    1.2260018927e-01
    1.9650000000e+04    1.2446668345e-01
    1.9725000000e+04    1.1642718999e-01
    1.9800000000e+04    1.1070865260e-01
    1.9875000000e+04    1.1649173239e-01
    1.9950000000e+04    1.2275338713e-01
    2.0025000000e+04    1.2722603442e-01
    2.0100000000e+04    1.5539550628e-01
    2.0175000000e+04    1.5388311980e-01
    2.0250000000e+04    1.2763508211e-01
    2.0325000000e+04    1.0812027590e-01
    2.0400000000e+04    1.2586351751e-01
    2.0475000000e+04    1.3280870375e-01
    2.0550000000e+04    1.4902529541e-01
    2.0625000000e+04    1.3810968537e-01
    2.0700000000e+04    1.4153184865e-01
    2.0775000000e+04    1.3156364208e-01
    2.0850000000e+04    1.0888402990e-01
    2.0925000000e+04    1.1324732046e-01
    2.1000000000e+04    9.8338712546e-02
    2.1075000000e+04    1.0284397997e-01
    2.1150000000e+04    1.0718410895e-01
    2.1225000000e+04    1.3467505231e-01
    2.1300000000e+04    9.3757658332e-02
    2.1375000000e+04    1.2033378268e-01
    2.1450000000e+04    1.2758821345e-01
    2.1525000000e+04    1.2695340806e-01
    2.1600000000e+04    1.1183655846e-01
    2.1675000000e+04    1.3670550539e-01
    2.1750000000e+04    1.3319627099e-01
    2.1825000000e+04    1.4044580309e-01
    2.1900000000e+04    1.8530597727e-01
    2.1975000000e+04    1.6077208223e-01
    2.2050000000e+04    1.6604367012e-01
    2.2125000000e+04    1.5048313297e-01
    2.2200000000e+04    1.0904603079e-01
    2.2275000000e+04    1.0607392822e-01
    2.2350000000e+04    1.1364965370e-01
    2.2425000000e+04    9.2585038559e-02
    2.2500000000e+04    1.0976985106e-01
    2.2575000000e+04    1.4510118432e-01
    2.2650000000e+04    1.3659417548e-01
    2.2725000000e+04    1.1251012336e-01
    2.2800000000e+04    9.9061772400e-02
    2.2875000000e+04    2.4393599846e-01
    2.2950000000e+04    3.1585984842e-01
    2.3025000000e+04    1.4474918839e-01
    2.3100000000e+04    1.7097560494e-01
    2.3175000000e+04    1.4841900905e-01
    2.3250000000e+04    1.3483095278e-01
    2.3325000000e+04    1.2190867814e-01
    2.3400000000e+04    1.1149926849e-01
    2.3475000000e+04    1.0312111078e-01
    2.3550000000e+04    8.8981011037e-02
    2.3625000000e+04    8.8636944259e-02
    2.3700000000e+04    1.2157762734e-01
    2.3775000000e+04    1.2102601899e-01
    2.3850000000e+04    9.9973171982e-02
    2.3925000000e+04    1.0683757143e-01
    2.4000000000e+04    1.0441591492e-01
    2.4075000000e+04    1.2231075044e-01
    2.4150000000e+04    1.4339819361e-01
    2.4225000000e+04    1.1697504758e-01
    2.4300000000e+04    1.3567470687e-01
    2.4375000000e+04    1.3279660625e-01
    2.4450000000e+04    2.0852472140e-01
    2.4525000000e+04    2.1122368773e-01
    2.4600000000e+04    1.8828020752e-01
    2.4675000000e+04    1.5538753531e-01
    2.4750000000e+04    1.3398013373e-01
    2.4825000000e+04    1.2138185504e-01
    2.4900000000e+04    1.3352778642e-01
    2.4975000000e+04    1.3602223765e-01
    2.5050000000e+04    1.5507232327e-01
    2.5125000000e+04    1.1565004760e-01
    2.5200000000e+04    1.1789351477e-01
    2.5275000000e+04    1.1208998389e-01
    2.5350000000e+04    1.0193568849e-01
    2.5425000000e+04    1.1815429445e-01
    2.5500000000e+04    1.0748816750e-01
    2.5575000000e+04    1.2125668854e-01
    2.5650000000e+04    1.0884855272e-01
    2.5725000000e+04    1.1919401081e-01
    2.5800000000e+04    1.1658037895e-01
    2.5875000000e+04    1.2837067710e-01
    2.5950000000e+04    1.4234602288e-01
    2.6025000000e+04    1.1851689306e-01
    2.6100000000e+04    1.6292529377e-01
    2.6175000000e+04    1.5246668575e-01
    2.6250000000e+04    1.6123586826e-01
    2.6325000000e+04    1.1960200945e-01
    2.6400000000e+04    1.4502241498e-01
    2.6475000000e+04    1.5344234320e-01
    2.6550000000e+04    1.3143439477e-01
    2.6625000000e+04    1.0827882079e-01
    2.6700000000e+04    1.1006353440e-01
    2.6775000000e+04    1.0962544499e-01
    2.6850000000e+04    1.3560267737e-01
    2.6925000000e+04    1.2260098169e-01
    2.7000000000e+04    1.1921147994e-01
    2.7075000000e+04    1.2076352932e-01
    2.7150000000e+04    1.2836742143e-01
    2.7225000000e+04    1.1808234438e-01
    2.7300000000e+04    1.1642580996e-01
    2.7375000000e+04    1.0507165358e-01
    2.7450000000e+04    9.0966959971e-02
    2.7525000000e+04    1.3552128392e-01
    2.7600000000e+04    1.1721003380e-01
    2.7675000000e+04    1.3529170626e-01
    2.7750000000e+04    1.1344734879e-01
    2.7825000000e+04    1.5688000528e-01
    2.7900000000e+04    1.2544862857e-01
    2.7975000000e+04    1.2895624665e-01
    2.8050000000e+04    1.1300598443e-01
    2.8125000000e+04    1.1830552930e-01
    2.8200000000e+04    9.6440672591e-02
    2.8275000000e+04    9.7074607210e-02
    2.8350000000e+04    1.0499407068e-01
    2.8425000000e+04    9.5303536951e-02
    2.8500000000e+04    1.1440204611e-01
    2.8575000000e+04    1.2272975413e-01
    2.8650000000e+04    1.5596683481e-01
    2.8725000000e+04    1.2732162503e-01
    2.8800000000e+04    1.4517185283e-01
    2.8875000000e+04    1.3848054484e-01
    2.8950000000e+04    1.3810289804e-01
    2.9025000000e+04    1.0802666156e-01
    2.9100000000e+04    1.2229887287e-01
    2.9175000000e+04    1.3641290332e-01
    2.9250000000e+04    1.0685017643e-01
    2.9325000000e+04    9.2260780364e-02
    2.9400000000e+04    1.3021570338e-01
    2.9475000000e+04    9.1415458897e-02
    2.9550000000e+04    1.1254309507e-01
    2.9625000000e+04    1.1600957132e-01
    2.9700000000e+04    1.3601394677e-01
    2.9775000000e+04    1.6035002508e-01
    2.9850000000e+04    1.0928589958e-01
    2.9925000000e+04    1.3471188054e-01
    3.0000000000e+04    1.2417855183e-01
    3.0075000000e+04    1.2387557647e-01
    3.0150000000e+04    1.0506296497e-01
    3.0225000000e+04    9.8819085674e-02
    3.0300000000e+04    1.8772419787e-01
    3.0375000000e+04    1.3736123938e-01
    3.0450000000e+04    1.3783548900e-01
    3.0525000000e+04    1.9946272385e-01
    3.0600000000e+04    1.1874269952e-01
    3.0675000000e+04    1.4631021408e-01
    3.0750000000e+04    1.1721821298e-01
    3.0825000000e+04    1.0665471451e-01
    3.0900000000e+04    1.2930527518e-01
    3.0975000000e+04    1.1489143745e-01
    3.1050000000e+04    1.3099519246e-01
    3.1125000000e+04    1.2306559310e-01
    3.1200000000e+04    9.8637572969e-02
    3.1275000000e+04    1.0744353331e-01
    3.1350000000e+04    1.3970131162e-01
    3.1425000000e+04    1.0163928002e-01
    3.1500000000e+04    9.2140794436e-02
    3.1575000000e+04    8.6373784384e-02
    3.1650000000e+04    9.9182287450e-02
    3.1725000000e+04    1.0815033233e-01
    3.1800000000e+04    1.0831011662e-01
    3.1875000000e+04    9.9727914702e-02
    3.1950000000e+04    1.2745455382e-01
    3.2025000000e+04    1.2847954705e-01
    3.2100000000e+04    1.5064922446e-01
    3.2175000000e+04    1.1893186696e-01
    3.2250000000e+04    1.2788154537e-01
    3.2325000000e+04    2.2327153272e-01
    3.2400000000e+04    1.6259677823e-01
    3.2475000000e+04    1.1661988454e-01
    3.2550000000e+04    1.0419580807e-01
    3.2625000000e+04    9.4457921807e-02
    3.2700000000e+04    1.4042836780e-01
    3.2775000000e+04    1.1156339806e-01
    3.2850000000e+04    9.3999441494e-02
    3.2925000000e+04    1.3004631935e-01
    3.3000000000e+04    9.4047257088e-02
    3.3075000000e+04    1.0151981895e-01
    3.3150000000e+04    1.1469451322e-01
    3.3225000000e+04    1.5515790453e-01
    3.3300000000e+04    1.0774717425e-01
    3.3375000000e+04    1.0699868298e-01
    3.3450000000e+04    1.3297587307e-01
    3.3525000000e+04    1.1931150415e-01
    3.3600000000e+04    1.2411910656e-01
    3.3675000000e+04    1.1173312748e-01
    3.3750000000e+04    1.5047307019e-01
    3.3825000000e+04    1.1072958639e-01
    3.3900000000e+04    1.0679848675e-01
    3.3975000000e+04    1.1652967346e-01
    3.4050000000e+04    1.1511045235e-01
    3.4125000000e+04    1.2055320175e-01
    3.4200000000e+04    9.6347922708e-02
    3.4275000000e+04    1.0300516092e-01
    3.4350000000e+04    1.4739672908e-01
    3.4425000000e+04    1.0479435941e-01
    3.4500000000e+04    9.7719896147e-02
    3.4575000000e+04    1.2494929124e-01
    3.4650000000e+04    1.6837743699e-01
    3.4725000000e+04    1.3557903371e-01
    3.4800000000e+04    1.5797863573e-01
    3.4875000000e+04    1.4403367642e-01
    3.4950000000e+04    9.3384119318e-02
    3.5025000000e+04    1.2358341188e-01
    3.5100000000e+04    1.2698655672e-01
    3.5175000000e+04    1.3856530520e-01
    3.5250000000e+04    8.4320002240e-02
    3.5325000000e+04    8.5801101295e-02
    3.5400000000e+04    1.6841923671e-01
    3.5475000000e+04    9.8679267350e-02
    3.5550000000e+04    1.1444271582e-01
    3.5625000000e+04    1.3098084013e-01
    3.5700000000e+04    1.1957375190e-01
    3.5775000000e+04    9.3070606874e-02
    3.5850000000e+04    1.2078394494e-01
    3.5925000000e+04    1.7559721637e-01
    3.6000000000e+04    2.0841956165e-01
    3.6075000000e+04    1.5798362092e-01
    3.6150000000e+04    1.4339003122e-01
    3.6225000000e+04    1.0458629881e-01
    3.6300000000e+04    1.1352768051e-01
    3.6375000000e+04    9.1077942342e-02
    3.6450000000e+04    8.7664819025e-02
    3.6525000000e+04    1.6390159790e-01
    3.6600000000e+04    8.1666432202e-02
    3.6675000000e+04    9.0113516545e-02
    3.6750000000e+04    8.4102113467e-02
    3.6825000000e+04    1.0053778349e-01
    3.6900000000e+04    1.1506390624e-01
    3.6975000000e+04    9.6199068372e-02
    3.7050000000e+04    9.8333455553e-02
    3.7125000000e+04    1.4274240253e-01
    3.7200000000e+04    1.4306159147e-01
    3.7275000000e+04    1.0366194886e-01
    3.7350000000e+04    1.1003043490e-01
    3.7425000000e+04    1.2450798767e-01
    3.7500000000e+04    1.2914855721e-01
    3.7575000000e+04    1.0323826222e-01
    3.7650000000e+04    9.3175022944e-02
    3.7725000000e+04    1.0781039880e-01
    3.7800000000e+04    1.0112734939e-01
    3.7875000000e+04    9.5282658444e-02
    3.7950000000e+04    1.3279353465e-01
    3.8025000000e+04    1.4790955275e-01
    3.8100000000e+04    1.3825061525e-01
    3.8175000000e+04    1.1341969805e-01
    3.8250000000e+04    1.4903162391e-01
    3.8325000000e+04    1.1328996404e-01
    3.8400000000e+04    1.1198025139e-01
    3.8475000000e+04    1.0157848165e-01
    3.8550000000e+04    1.2577709566e-01
    3.8625000000e+04    1.1059983477e-01
    3.8700000000e+04    1.0131084647e-01
    3.8775000000e+04    1.4676503659e-01
    3.8850000000e+04    1.2717628362e-01
    3.8925000000e+04    1.3944643609e-01
    3.9000000000e+04    8.9643358452e-02
    3.9075000000e+04    1.0032958444e-01
    3.9150000000e+04    2.7925117274e-01
    3.9225000000e+04    1.4292988881e-01
    3.9300000000e+04    1.6091368524e-01
    3.9375000000e+04    1.8350629136e-01
    3.9450000000e+04    1.1948364750e-01
    3.9525000000e+04    1.0264361700e-01
    3.9600000000e+04    1.3949230772e-01
    3.9675000000e+04    1.0839521486e-01
    3.9750000000e+04    1.0757004906e-01
    3.9825000000e+04    1.2899538465e-01
    3.9900000000e+04    1.1106546359e-01
    3.9975000000e+04    1.0541164337e-01
    4.0050000000e+04    8.3874808825e-02
    4.0125000000e+04    1.2549502654e-01
    4.0200000000e+04    1.5694723981e-01
    4.0275000000e+04    1.2255903089e-01
    4.0350000000e+04    1.2900721953e-01
    4.0425000000e+04    1.0132795085e-01
    4.0500000000e+04    1.0703599183e-01
    4.0575000000e+04    1.3616826906e-01
    4.0650000000e+04    1.2519997606e-01
    4.0725000000e+04    9.6454992577e-02
    4.0800000000e+04    1.1305121102e-01
    4.0875000000e+04    1.1540337231e-01
    4.0950000000e+04    1.2448932169e-01
    4.1025000000e+04    1.2800606767e-01
    4.1100000000e+04    1.0338316236e-01
    4.1175000000e+04    1.0843956370e-01
    4.1250000000e+04    1.1414554762e-01
    4.1325000000e+04    1.1533163661e-01
    4.1400000000e+04    1.2243451171e-01
    4.1475000000e+04    1.3132833741e-01
    4.1550000000e+04    1.2735353595e-01
    4.1625000000e+04    1.2373380316e-01
    4.1700000000e+04    9.6328568123e-02
    4.1775000000e+04    9.6378225574e-02
    4.1850000000e+04    1.3445388759e-01
    4.1925000000e+04    1.2777943907e-01
    4.2000000000e+04    1.8293586342e-01
    4.2075000000e+04    9.8528735105e-02
    4.2150000000e+04    9.8972349564e-02
    4.2225000000e+04    1.0177236458e-01
    4.2300000000e+04    1.2138925556e-01
    4.2375000000e+04    1.5290998876e-01
    4.2450000000e+04    9.4950445722e-02
    4.2525000000e+04    1.0997093525e-01
    4.2600000000e+04    1.0963762471e-01
    4.2675000000e+04    1.3188970336e-01
    4.2750000000e+04    1.2126340660e-01
    4.2825000000e+04    9.5139910301e-02
    4.2900000000e+04    1.2174452413e-01
    4.2975000000e+04    1.3940315529e-01
    4.3050000000e+04    1.1264216881e-01
    4.3125000000e+04    1.0926876883e-01
    4.3200000000e+04    1.0208457854e-01
    4.3275000000e+04    1.2012279833e-01
    4.3350000000e+04    1.0396609197e-01
    4.3425000000e+04    1.2477667773e-01
    4.3500000000e+04    1.2854924370e-01
    4.3575000000e+04    1.2967662322e-01
    4.3650000000e+04    1.4046838252e-01
    4.3725000000e+04    9.0565089632e-02
    4.3800000000e+04    1.3932736951e-01
    4.3875000000e+04    1.3344274304e-01
    4.3950000000e+04    1.1837224841e-01
    4.4025000000e+04    1.2370182566e-01
    4.4100000000e+04    9.7625701576e-02
    4.4175000000e+04    1.1809668068e-01
    4.4250000000e+04    1.0934085495e-01
    4.4325000000e+04    1.0087692535e-01
    4.4400000000e+04    1.1061193562e-01
    4.4475000000e+04    1.1544990495e-01
    4.4550000000e+04    1.4570576920e-01
    4.4625000000e+04    1.4518321873e-01
    4.4700000000e+04    1.2847757991e-01
    4.4775000000e+04    1.2738631959e-01
    4.4850000000e+04    1.0450913803e-01
    4.4925000000e+04    1.1849211929e-01
    4.5000000000e+04    1.2010551932e-01
    4.5075000000e+04    1.0635136209e-01
    4.5150000000e+04    1.0164110863e-01
    4.5225000000e+04    8.7887201446e-02
    4.5300000000e+04    1.1993972935e-01
    4.5375000000e+04    1.0665244486e-01
    4.5450000000e+04    1.3255960637e-01
    4.5525000000e+04    1.3595867649e-01
    4.5600000000e+04    1.3260609280e-01
    4.5675000000e+04    1.1744915248e-01
    4.5750000000e+04    1.0572431813e-01
    4.5825000000e+04    1.0654733145e-01
    4.5900000000e+04    1.3368708389e-01
    4.5975000000e+04    1.2464003395e-01
    4.6050000000e+04    8.3055516547e-02
    4.6125000000e+04    1.0819455619e-01
    4.6200000000e+04    1.0672457136e-01
    4.6275000000e+04    1.1335709638e-01
    4.6350000000e+04    1.0833654224e-01
    4.6425000000e+04    1.2967110258e-01
    4.6500000000e+04    1.2456087462e-01
    4.6575000000e+04    1.3642739777e-01
    4.6650000000e+04    1.3485078682e-01
    4.6725000000e+04    1.3492040173e-01
    4.6800000000e+04    1.3392874556e-01
    4.6875000000e+04    1.2283582259e-01
    4.6950000000e+04    9.8814583486e-02
    4.7025000000e+04    1.2575133106e-01
    4.7100000000e+04    9.0396246866e-02
    4.7175000000e+04    1.1048536123e-01
    4.7250000000e+04    1.6284831452e-01
    4.7325000000e+04    8.8756011555e-02
    4.7400000000e+04    9.3872652376e-02
    4.7475000000e+04    9.9971641251e-02
    4.7550000000e+04    1.1249290624e-01
    4.7625000000e+04    1.2194107902e-01
    4.7700000000e+04    1.1284416869e-01
    4.7775000000e+04    1.0369866944e-01
    4.7850000000e+04    1.1470574338e-01
    4.7925000000e+04    1.3777673159e-01
    4.8000000000e+04    1.0352028221e-01
    4.8075000000e+04    1.1956217628e-01
    4.8150000000e+04    1.1796082954e-01
    4.8225000000e+04    1.3827137076e-01
    4.8300000000e+04    1.2893839042e-01
    4.8375000000e+04    8.6470100237e-02
    4.8450000000e+04    1.0072866500e-01
    4.8525000000e+04    8.9756368662e-02
    4.8600000000e+04    1.0331786760e-01
    4.8675000000e+04    1.1549965957e-01
    4.8750000000e+04    1.3011299469e-01
    4.8825000000e+04    1.0887220600e-01
    4.8900000000e+04    1.3010756611e-01
    4.8975000000e+04    1.6547059152e-01
    4.9050000000e+04    1.3969590310e-01
    4.9125000000e+04    1.3854976591e-01
    4.9200000000e+04    1.5486407613e-01
    4.9275000000e+04    1.0889716474e-01
    4.9350000000e+04    1.0653341779e-01
    4.9425000000e+04    9.1924398879e-02
    4.9500000000e+04    1.1771556773e-01
    4.9575000000e+04    1.0670274869e-01
    4.9650000000e+04    1.2607389338e-01
    4.9725000000e+04    1.3359119289e-01
    4.9800000000e+04    1.0480361223e-01
    4.9875000000e+04    1.6653481423e-01
    4.9950000000e+04    1.6792175808e-01
    5.0025000000e+04    1.6060609781e-01
    5.0100000000e+04    1.4872029896e-01
    5.0175000000e+04    1.1799269063e-01
    5.0250000000e+04    1.2254154951e-01
    5.0325000000e+04    1.4995981286e-01
    5.0400000000e+04    1.0703175810e-01
    5.0475000000e+04    1.0059347419e-01
    5.0550000000e+04    1.0783729840e-01
    5.0625000000e+04    1.2428803682e-01
    5.0700000000e+04    1.2972598793e-01
    5.0775000000e+04    1.3702990065e-01
    5.0850000000e+04    1.8390251551e-01
    5.0925000000e+04    1.7582865255e-01
    5.1000000000e+04    1.4261014956e-01
    5.1075000000e+04    1.1378178721e-01
    5.1150000000e+04    1.0882679240e-01
    5.1225000000e+04    8.7174343938e-02
    5.1300000000e+04    8.8545185937e-02
    5.1375000000e+04    9.9126627731e-02
    5.1450000000e+04    1.0102153411e-01
    5.1525000000e+04    1.4283388187e-01
    5.1600000000e+04    1.4001004530e-01
    5.1675000000e+04    1.3449602915e-01
    5.1750000000e+04    1.1805767485e-01
    5.1825000000e+04    1.0999983615e-01
    5.1900000000e+04    1.1061909446e-01
    5.1975000000e+04    1.2278858943e-01
    5.2050000000e+04    1.0318746593e-01
    5.2125000000e+04    9.1369430602e-02
    5.2200000000e+04    9.0131790462e-02
    5.2275000000e+04    9.5706351030e-02
    5.2350000000e+04    1.2088136565e-01
    5.2425000000e+04    1.4264623283e-01
    5.2500000000e+04    8.8660042520e-02
    5.2575000000e+04    1.4397846275e-01
    5.2650000000e+04    1.1708958419e-01
    5.2725000000e+04    1.5246265901e-01
    5.2800000000e+04    2.2892750131e-01
    5.2875000000e+04    1.1790879330e-01
    5.2950000000e+04    1.1150563447e-01
    5.3025000000e+04    1.2206670342e-01
    5.3100000000e+04    1.0968869057e-01
    5.3175000000e+04    9.1317312735e-02
    5.3250000000e+04    8.9986082429e-02
    5.3325000000e+04    9.1340313568e-02
    5.3400000000e+04    1.1846158845e-01
    5.3475000000e+04    1.0329255367e-01
    5.3550000000e+04    1.1825777790e-01
    5.3625000000e+04    1.3501614896e-01
    5.3700000000e+04    1.5881011230e-01
    5.3775000000e+04    1.3676717570e-01
    5.3850000000e+04    1.1470672446e-01
    5.3925000000e+04    1.3649085661e-01
    5.4000000000e+04    1.5484861924e-01
    5.4075000000e+04    9.9299890758e-02
    5.4150000000e+04    1.4966176350e-01
    5.4225000000e+04    8.8330884297e-02
    5.4300000000e+04    1.0504127784e-01
    5.4375000000e+04    1.0989390418e-01
    5.4450000000e+04    1.0704422024e-01
    5.4525000000e+04    1.1331411892e-01
    5.4600000000e+04    1.3322325621e-01
    5.4675000000e+04    1.1685836494e-01
    5.4750000000e+04    1.2096375889e-01
    5.4825000000e+04    1.4505838205e-01
    5.4900000000e+04    1.1442309219e-01
    5.4975000000e+04    1.2400125511e-01
    5.5050000000e+04    1.2529486108e-01
    5.5125000000e+04    1.0796066614e-01
    5.5200000000e+04    1.0615836528e-01
    5.5275000000e+04    1.3079623085e-01
    5.5350000000e+04    1.1196081046e-01
    5.5425000000e+04    1.4948967595e-01
    5.5500000000e+04    1.3078439667e-01
    5.5575000000e+04    1.5728004522e-01
    5.5650000000e+04    1.2650681086e-01
    5.5725000000e+04    1.1578462906e-01
    5.5800000000e+04    1.5354603684e-01
    5.5875000000e+04    1.4545857473e-01
    5.5950000000e+04    1.1374806483e-01
    5.6025000000e+04    1.0349145341e-01
    5.6100000000e+04    1.7157085596e-01
    5.6175000000e+04    1.0826499780e-01
    5.6250000000e+04    1.0532029963e-01
    5.6325000000e+04    9.9814627658e-02
    5.6400000000e+04    9.8693181310e-02
    5.6475000000e+04    1.7309272619e-01
    5.6550000000e+04    1.0882090739e-01
    5.6625000000e+04    1.6683266811e-01
    5.6700000000e+04    1.6187185522e-01
    5.6775000000e+04    1.1817744200e-01
    5.6850000000e+04    2.2101648927e-01
    5.6925000000e+04    1.5375842600e-01
    5.7000000000e+04    1.1056153719e-01
    5.7075000000e+04    8.9362788092e-02
    5.7150000000e+04    9.7233665013e-02
    5.7225000000e+04    1.3039276997e-01
    5.7300000000e+04    1.1868545967e-01
    5.7375000000e+04    1.0990811548e-01
    5.7450000000e+04    1.1168589748e-01
    5.7525000000e+04    8.9795154582e-02
    5.7600000000e+04    1.9030416953e-01
    5.7675000000e+04    1.6550488300e-01
    5.7750000000e+04    1.3362398500e-01
    5.7825000000e+04    1.2399339711e-01
    5.7900000000e+04    1.1671873553e-01
    5.7975000000e+04    1.4820776728e-01
    5.8050000000e+04    9.7061851415e-02
    5.8125000000e+04    1.2348577977e-01
    5.8200000000e+04    1.1512516541e-01
    5.8275000000e+04    1.4303171787e-01
    5.8350000000e+04    1.0291510641e-01
    5.8425000000e+04    1.0501379880e-01
    5.8500000000e+04    1.2293931473e-01
    5.8575000000e+04    1.1765916993e-01
    5.8650000000e+04    1.0096766633e-01
    5.8725000000e+04    1.4415832778e-01
    5.8800000000e+04    1.3900469361e-01
    5.8875000000e+04    1.2536019492e-01
    5.8950000000e+04    1.5676409758e-01
    5.9025000000e+04    1.5587828920e-01
    5.9100000000e+04    1.5080840044e-01
    5.9175000000e+04    1.2908149663e-01
    5.9250000000e+04    1.3853979179e-01
    5.9325000000e+04    1.1026323615e-01
    5.9400000000e+04    1.6026870129e-01
    5.9475000000e+04    1.7068967473e-01
    5.9550000000e+04    1.2217343240e-01
    5.9625000000e+04    1.0424268101e-01
    5.9700000000e+04    1.2483585783e-01
    5.9775000000e+04    9.3421996458e-02
    5.9850000000e+04    1.1697422101e-01
    5.9925000000e+04    1.2159921647e-01
    6.0000000000e+04    1.4452316105e-01
    6.0075000000e+04    1.4755039807e-01
    6.0150000000e+04    1.4776296187e-01
    6.0225000000e+04    1.1570220197e-01
    6.0300000000e+04    1.1555739415e-01
    6.0375000000e+04    1.4217964810e-01
    6.0450000000e+04    1.4808902439e-01
    6.0525000000e+04    1.1522168247e-01
    6.0600000000e+04    1.7290252257e-01
    6.0675000000e+04    1.1586344436e-01
    6.0750000000e+04    1.2251601782e-01
    6.0825000000e+04    1.1116393095e-01
    6.0900000000e+04    1.0050685010e-01
    6.0975000000e+04    1.2570222607e-01
    6.1050000000e+04    1.1362811648e-01
    6.1125000000e+04    1.0198491325e-01
    6.1200000000e+04    1.0829132389e-01
    6.1275000000e+04    1.1276290179e-01
    6.1350000000e+04    1.2099347182e-01
    6.1425000000e+04    1.0644155100e-01
    6.1500000000e+04    1.2643820850e-01
    6.1575000000e+04    1.1319637341e-01
    6.1650000000e+04    1.0376908839e-01
    6.1725000000e+04    1.3993843055e-01
    6.1800000000e+04    1.2612409917e-01
    6.1875000000e+04    1.5775007909e-01
    6.1950000000e+04    1.6682639540e-01
    6.2025000000e+04    1.7521909898e-01
    6.2100000000e+04    1.6421199185e-01
    6.2175000000e+04    1.0713652782e-01
    6.2250000000e+04    1.0343385933e-01
    6.2325000000e+04    1.1806839363e-01
    6.2400000000e+04    1.5477343380e-01
    6.2475000000e+04    1.0699161651e-01
    6.2550000000e+04    1.5084498299e-01
    6.2625000000e+04    9.9796140267e-02
    6.2700000000e+04    1.0548981267e-01
    6.2775000000e+04    8.6665336282e-02
    6.2850000000e+04    1.1546256836e-01
    6.2925000000e+04    1.6536306998e-01
    6.3000000000e+04    1.3108516566e-01
    6.3075000000e+04    1.0479773260e-01
    6.3150000000e+04    1.0409247171e-01
    6.3225000000e+04    1.1309669481e-01
    6.3300000000e+04    1.0946776697e-01
    6.3375000000e+04    1.1717955784e-01
    6.3450000000e+04    1.4889726075e-01
    6.3525000000e+04    1.0809649501e-01
    6.3600000000e+04    9.9267620009e-02
    6.3675000000e+04    1.1567554415e-01
    6.3750000000e+04    1.2767701916e-01
    6.3825000000e+04    1.1629322809e-01
    6.3900000000e+04    1.7233029728e-01
    6.3975000000e+04    1.7384391571e-01
    6.4050000000e+04    1.3659600619e-01
    6.4125000000e+04    1.2085379174e-01
    6.4200000000e+04    1.0498165162e-01
    6.4275000000e+04    1.2983262125e-01
    6.4350000000e+04    1.2834913449e-01
    6.4425000000e+04    8.5000644487e-02
    6.4500000000e+04    1.0093934585e-01
    6.4575000000e+04    1.0201912748e-01
    6.4650000000e+04    1.0409813695e-01
    6.4725000000e+04    1.0929180915e-01
    6.4800000000e+04    1.2258354089e-01
    6.4875000000e+04    1.1680133244e-01
    6.4950000000e+04    1.4968580774e-01
    6.5025000000e+04    1.5068808366e-01
    6.5100000000e+04    1.1962020700e-01
    6.5175000000e+04    1.1133023896e-01
    6.5250000000e+04    1.3840189165e-01
    6.5325000000e+04    8.8104833525e-02
    6.5400000000e+04    1.3229318635e-01
    6.5475000000e+04    1.5656922213e-01
    6.5550000000e+04    1.4247887315e-01
    6.5625000000e+04    1.9242378946e-01
    6.5700000000e+04    1.3270535965e-01
    6.5775000000e+04    1.6007937832e-01
    6.5850000000e+04    1.3722778253e-01
    6.5925000000e+04    1.0667432489e-01
    6.6000000000e+04    9.1081093877e-02
    6.6075000000e+04    1.1983921096e-01
    6.6150000000e+04    9.6822135437e-02
    6.6225000000e+04    1.0309980764e-01
    6.6300000000e+04    1.1773243120e-01
    6.6375000000e+04    8.7856875165e-02
    6.6450000000e+04    9.2402806395e-02
    6.6525000000e+04    1.0022530229e-01
    6.6600000000e+04    9.6209820093e-02
    6.6675000000e+04    1.1433618322e-01
    6.6750000000e+04    1.1526830185e-01
    6.6825000000e+04    1.0318733775e-01
    6.6900000000e+04    9.5432042613e-02
    6.6975000000e+04    1.1191000052e-01
    6.7050000000e+04    1.3423975046e-01
    6.7125000000e+04    1.0729334050e-01
    6.7200000000e+04    1.4030598664e-01
    6.7275000000e+04    1.4547180023e-01
    6.7350000000e+04    9.7255156891e-02
    6.7425000000e+04    9.2535922806e-02
    6.7500000000e+04    9.9498799081e-02
    6.7575000000e+04    1.1089056263e-01
    6.7650000000e+04    1.1256674030e-01
    6.7725000000e+04    1.2617038403e-01
    6.7800000000e+04    1.0707812631e-01
    6.7875000000e+04    1.0371086985e-01
    6.7950000000e+04    9.3790364486e-02
    6.8025000000e+04    1.2432816267e-01
    6.8100000000e+04    1.0889102922e-01
    6.8175000000e+04    1.0557573960e-01
    6.8250000000e+04    1.1184180705e-01
    6.8325000000e+04    1.2922814020e-01
    6.8400000000e+04    1.0779218887e-01
    6.8475000000e+04    9.4921442490e-02
    6.8550000000e+04    1.2636626865e-01
    6.8625000000e+04    1.0552313986e-01
    6.8700000000e+04    1.2984608529e-01
    6.8775000000e+04    9.8656411181e-02
    6.8850000000e+04    9.5126863725e-02
    6.8925000000e+04    1.0430141137e-01
    6.9000000000e+04    1.3930829269e-01
    6.9075000000e+04    1.1254591282e-01
    6.9150000000e+04    1.2217189686e-01
    6.9225000000e+04    1.3153596456e-01
    6.9300000000e+04    1.7064285189e-01
    6.9375000000e+04    1.5033273292e-01
    6.9450000000e+04    1.2647531255e-01
    6.9525000000e+04    1.1437514336e-01
    6.9600000000e+04    1.4424659613e-01
    6.9675000000e+04    1.0833094754e-01
    6.9750000000e+04    1.0146307528e-01
    6.9825000000e+04    1.0985027829e-01
    6.9900000000e+04    1.1817363524e-01
    6.9975000000e+04    1.2822865908e-01
    7.0050000000e+04    1.0732127243e-01
    7.0125000000e+04    1.0436542125e-01
    7.0200000000e+04    1.0504146277e-01
    7.0275000000e+04    1.0324665782e-01
    7.0350000000e+04    1.3041199675e-01
    7.0425000000e+04    1.4779165956e-01
    7.0500000000e+04    1.4935403798e-01
    7.0575000000e+04    1.8912534357e-01
    7.0650000000e+04    1.8654592615e-01
    7.0725000000e+04    1.5590818174e-01
    7.0800000000e+04    1.3116968445e-01
    7.0875000000e+04    9.9126091425e-02
    7.0950000000e+04    9.6500087977e-02
    7.1025000000e+04    1.0995187577e-01
    7.1100000000e+04    9.4401288322e-02
    7.1175000000e+04    1.5077847170e-01
    7.1250000000e+04    9.9499796544e-02
    7.1325000000e+04    1.0112021071e-01
    7.1400000000e+04    1.1928269415e-01
    7.1475000000e+04    1.0723627609e-01
    7.1550000000e+04    1.3086509879e-01
    7.1625000000e+04    1.3394303953e-01
    7.1700000000e+04    1.5576847312e-01
    7.1775000000e+04    1.2762141766e-01
    7.1850000000e+04    1.2321090522e-01
    7.1925000000e+04    1.0719418623e-01
    7.2000000000e+04    8.8556982401e-02
    7.2075000000e+04    1.0167491672e-01
    7.2150000000e+04    1.2778317937e-01
    7.2225000000e+04    9.9197591357e-02
    7.2300000000e+04    8.8275685942e-02
    7.2375000000e+04    9.7832808730e-02
    7.2450000000e+04    8.4230669637e-02
    7.2525000000e+04    1.0873505500e-01
    7.2600000000e+04    1.3252887430e-01
    7.2675000000e+04    1.2431602224e-01
    7.2750000000e+04    1.0757418082e-01
    7.2825000000e+04    1.6273059697e-01
    7.2900000000e+04    1.9176219258e-01
    7.2975000000e+04    1.7771257385e-01
    7.3050000000e+04    1.5321104917e-01
    7.3125000000e+04    9.2263086829e-02
    7.3200000000e+04    9.0556702760e-02
    7.3275000000e+04    1.0292428865e-01
    7.3350000000e+04    1.2650472722e-01
    7.3425000000e+04    9.9536476502e-02
    7.3500000000e+04    1.1549674262e-01
    7.3575000000e+04    9.9147611390e-02
    7.3650000000e+04    1.0747255609e-01
    7.3725000000e+04    1.3808609459e-01
    7.3800000000e+04    1.2696261570e-01
    7.3875000000e+04    1.7954394382e-01
    7.3950000000e+04    9.9818033668e-02
    7.4025000000e+04    1.2141874647e-01
    7.4100000000e+04    1.1139266573e-01
    7.4175000000e+04    1.5531168800e-01
    7.4250000000e+04    1.3970750310e-01
    7.4325000000e+04    1.0359454802e-01
    7.4400000000e+04    1.0277437243e-01
    7.4475000000e+04    1.1525401518e-01
    7.4550000000e+04    1.0068639263e-01
    7.4625000000e+04    1.1063936788e-01
    7.4700000000e+04    9.9869075987e-02
    7.4775000000e+04    1.3156969490e-01
    7.4850000000e+04    1.0184454186e-01
    7.4925000000e+04    1.0012704538e-01
    7.5000000000e+04    9.4794974046e-02
    7.5075000000e+04    1.0405212096e-01
    7.5150000000e+04    1.0867908153e-01
    7.5225000000e+04    1.1501341814e-01
    7.5300000000e+04    1.1352431523e-01
    7.5375000000e+04    1.1751933550e-01
    7.5450000000e+04    1.1757456438e-01
    7.5525000000e+04    1.2091075877e-01
    7.5600000000e+04    1.1196843404e-01
    7.5675000000e+04    1.1892402379e-01
    7.5750000000e+04    1.4789310645e-01
    7.5825000000e+04    9.1142834180e-02
    7.5900000000e+04    1.5590081508e-01
    7.5975000000e+04    1.0696567175e-01
    7.6050000000e+04    1.1353604509e-01
    7.6125000000e+04    1.4998940068e-01
    7.6200000000e+04    1.4136615320e-01
    7.6275000000e+04    1.3462894705e-01
    7.6350000000e+04    1.4654812217e-01
    7.6425000000e+04    1.3751920939e-01
    7.6500000000e+04    1.0875432725e-01
    7.6575000000e+04    1.2193136602e-01
    7.6650000000e+04    1.2387822681e-01
    7.6725000000e+04    1.2283617934e-01
    7.6800000000e+04    1.4471587664e-01
    7.6875000000e+04    1.6883204831e-01
    7.6950000000e+04    1.6302492523e-01
    7.7025000000e+04    1.5856069461e-01
    7.7100000000e+04    1.1721843176e-01
    7.7175000000e+04    1.2343527453e-01
    7.7250000000e+04    1.1761320867e-01
    7.7325000000e+04    1.6600153652e-01
    7.7400000000e+04    1.2218655313e-01
    7.7475000000e+04    1.4179048599e-01
    7.7550000000e+04    1.4590434087e-01
    7.7625000000e+04    1.1817883133e-01
    7.7700000000e+04    1.1008460247e-01
    7.7775000000e+04    1.1158849526e-01
    7.7850000000e+04    1.7865163195e-01
    7.7925000000e+04    1.3103248886e-01
    7.8000000000e+04    1.3895126439e-01
    7.8075000000e+04    9.9582454309e-02
    7.8150000000e+04    1.1187314980e-01
    7.8225000000e+04    1.3667444800e-01
    7.8300000000e+04    1.8052180364e-01
    7.8375000000e+04    1.5161885230e-01
    7.8450000000e+04    1.6461269285e-01
    7.8525000000e+04    2.2370925198e-01
    7.8600000000e+04    1.6367302915e-01
    7.8675000000e+04    1.0378715502e-01
    7.8750000000e+04    1.5411691256e-01
    7.8825000000e+04    1.1224396976e-01
    7.8900000000e+04    1.3347725547e-01
    7.8975000000e+04    1.1679903394e-01
    7.9050000000e+04    1.0140001490e-01
    7.9125000000e+04    1.4206886794e-01
    7.9200000000e+04    1.2165748330e-01
    7.9275000000e+04    1.3485479484e-01
    7.9350000000e+04    1.3199464800e-01
    7.9425000000e+04    1.7458695531e-01
    7.9500000000e+04    1.6377424312e-01
    7.9575000000e+04    1.9372653657e-01
    7.9650000000e+04    1.6023104828e-01
    7.9725000000e+04    1.3974354474e-01
    7.9800000000e+04    1.4389030697e-01
    7.9875000000e+04    1.3024579633e-01
    7.9950000000e+04    1.0199594464e-01
    8.0025000000e+04    9.3160304042e-02
    8.0100000000e+04    1.1864598020e-01
    8.0175000000e+04    1.2382026395e-01
    8.0250000000e+04    1.0694433326e-01
    8.0325000000e+04    1.7015978069e-01
    8.0400000000e+04    1.5728711188e-01
    8.0475000000e+04    1.6653267798e-01
    8.0550000000e+04    1.3467694590e-01
    8.0625000000e+04    1.4385260873e-01
    8.0700000000e+04    1.3249063334e-01
    8.0775000000e+04    1.3873336217e-01
    8.0850000000e+04    1.6528090265e-01
    8.0925000000e+04    1.1778330464e-01
    8.1000000000e+04    1.4045450564e-01
    8.1075000000e+04    1.1550959344e-01
    8.1150000000e+04    9.5650290835e-02
    8.1225000000e+04    1.0000975191e-01
    8.1300000000e+04    1.0305920119e-01
    8.1375000000e+04    1.2050755563e-01
    8.1450000000e+04    1.1160994506e-01
    8.1525000000e+04    1.2311356197e-01
    8.1600000000e+04    1.1863666350e-01
    8.1675000000e+04    1.3484462199e-01
    8.1750000000e+04    1.2026419301e-01
    8.1825000000e+04    1.1853846823e-01
    8.1900000000e+04    1.1316684752e-01
    8.1975000000e+04    1.2329965671e-01
    8.2050000000e+04    1.4782845376e-01
    8.2125000000e+04    1.9644502899e-01
    8.2200000000e+04    1.5147257027e-01
    8.2275000000e+04    1.4584925258e-01
    8.2350000000e+04    1.2867040607e-01
    8.2425000000e+04    1.3623231532e-01
    8.2500000000e+04    1.2093292942e-01
    8.2575000000e+04    1.2973985393e-01
    8.2650000000e+04    1.0055896899e-01
    8.2725000000e+04    1.0999775170e-01
    8.2800000000e+04    1.2126778594e-01
    8.2875000000e+04    1.1423260686e-01
    8.2950000000e+04    1.2005367887e-01
    8.3025000000e+04    1.1141804107e-01
    8.3100000000e+04    9.3675011381e-02
    8.3175000000e+04    1.3275193011e-01
    8.3250000000e+04    9.6124437969e-02
    8.3325000000e+04    1.0681055168e-01
    8.3400000000e+04    1.1185409141e-01
    8.3475000000e+04    1.0938028376e-01
    8.3550000000e+04    1.1012970591e-01
    8.3625000000e+04    1.2611907424e-01
    8.3700000000e+04    1.3560007241e-01
    8.3775000000e+04    1.3624923447e-01
    8.3850000000e+04    1.6067669147e-01
    8.3925000000e+04    1.6063626457e-01
    8.4000000000e+04    1.0077169782e-01
    8.4075000000e+04    1.5197407921e-01
    8.4150000000e+04    1.1028929383e-01
    8.4225000000e+04    1.5397291673e-01
    8.4300000000e+04    1.5291551036e-01
    8.4375000000e+04    1.0412840423e-01
    8.4450000000e+04    1.1788879126e-01
    8.4525000000e+04    1.0164369058e-01
    8.4600000000e+04    1.1213204448e-01
    8.4675000000e+04    1.7514831727e-01
    8.4750000000e+04    1.6951724871e-01
    8.4825000000e+04    1.9213539308e-01
    8.4900000000e+04    1.7685237128e-01
    8.4975000000e+04    1.3921926894e-01
    8.5050000000e+04    1.9772907927e-01
    8.5125000000e+04    1.4206977311e-01
    8.5200000000e+04    1.0808892392e-01
    8.5275000000e+04    1.4630908431e-01
    8.5350000000e+04    1.3135482304e-01
    8.5425000000e+04    1.1222892060e-01
    8.5500000000e+04    1.0573061528e-01
    8.5575000000e+04    1.1087999852e-01
    8.5650000000e+04    1.3591869843e-01
    8.5725000000e+04    1.5259021003e-01
    8.5800000000e+04    1.5322337835e-01
    8.5875000000e+04    1.3083702250e-01
    8.5950000000e+04    1.0186733794e-01
    8.6025000000e+04    1.0792777183e-01
    8.6100000000e+04    1.2158290666e-01
    8.6175000000e+04    1.5008938623e-01
    8.6250000000e+04    1.2988267411e-01
    8.6325000000e+04    1.1954778278e-01
    8.6400000000e+04    1.2552141471e-01
    8.6475000000e+04    1.0088385177e-01
    8.6550000000e+04    1.1204754164e-01
    8.6625000000e+04    1.2543454780e-01
    8.6700000000e+04    1.2422066313e-01
    8.6775000000e+04    1.3099101856e-01
    8.6850000000e+04    1.0451477707e-01
    8.6925000000e+04    1.0815817071e-01
    8.7000000000e+04    1.3243159516e-01
    8.7075000000e+04    1.8231055459e-01
    8.7150000000e+04    1.2162098356e-01
    8.7225000000e+04    1.1219023919e-01
    8.7300000000e+04    1.5626511143e-01
    8.7375000000e+04    1.5422581051e-01
    8.7450000000e+04    1.2663248600e-01
    8.7525000000e+04    9.8867083000e-02
    8.7600000000e+04    9.9494671347e-02
    8.7675000000e+04    8.4725509014e-02
    8.7750000000e+04    1.1434319465e-01
    8.7825000000e+04    1.0644277830e-01
    8.7900000000e+04    1.2792079642e-01
    8.7975000000e+04    1.1804033528e-01
    8.8050000000e+04    1.5383603447e-01
    8.8125000000e+04    1.0996221839e-01
    8.8200000000e+04    9.8039336337e-02
    8.8275000000e+04    1.4887279367e-01
    8.8350000000e+04    1.0283424342e-01
    8.8425000000e+04    9.7105352352e-02
    8.8500000000e+04    1.0197177840e-01
    8.8575000000e+04    1.2387032295e-01
    8.8650000000e+04    1.0958832231e-01
    8.8725000000e+04    1.0574546015e-01
    8.8800000000e+04    1.3449208491e-01
    8.8875000000e+04    1.0370755957e-01
    8.8950000000e+04    1.1019610287e-01
    8.9025000000e+04    9.3581782783e-02
    8.9100000000e+04    1.1204992690e-01
    8.9175000000e+04    8.0035689282e-02
    8.9250000000e+04    9.0567159557e-02
    8.9325000000e+04    1.0074376294e-01
    8.9400000000e+04    8.7412381178e-02
    8.9475000000e+04    9.8139043408e-02
    8.9550000000e+04    8.8561431446e-02
    8.9625000000e+04    1.0722012789e-01
    8.9700000000e+04    1.0684518735e-01
    8.9775000000e+04    1.2865653514e-01
    8.9850000000e+04    1.0009627509e-01
    8.9925000000e+04    8.9294057086e-02
    9.0000000000e+04    1.2489174469e-01
    9.0075000000e+04    1.1724235798e-01
    9.0150000000e+04    1.1746318692e-01
    9.0225000000e+04    1.2196525289e-01
    9.0300000000e+04    1.0306332300e-01
    9.0375000000e+04    1.0093249440e-01
    9.0450000000e+04    1.0628922597e-01
    9.0525000000e+04    1.1439967449e-01
    9.0600000000e+04    1.2663106596e-01
    9.0675000000e+04    1.1107354265e-01
    9.0750000000e+04    9.7634214000e-02
    9.0825000000e+04    1.0307092567e-01
    9.0900000000e+04    1.1945583999e-01
    9.0975000000e+04    9.2411977496e-02
    9.1050000000e+04    9.3478321940e-02
    9.1125000000e+04    8.0821043931e-02
    9.1200000000e+04    9.7027944913e-02
    9.1275000000e+04    9.0059488810e-02
    9.1350000000e+04    8.3415116268e-02
    9.1425000000e+04    1.2931211853e-01
    9.1500000000e+04    9.1319817451e-02
    9.1575000000e+04    9.2422198690e-02
    9.1650000000e+04    9.9091203071e-02
    9.1725000000e+04    9.5286053272e-02
    9.1800000000e+04    9.4650405402e-02
    9.1875000000e+04    1.0668962725e-01
    9.1950000000e+04    1.1350341981e-01
    9.2025000000e+04    1.0679102973e-01
    9.2100000000e+04    1.1312936358e-01
    9.2175000000e+04    1.1445237887e-01
    9.2250000000e+04    1.2299760926e-01
    9.2325000000e+04    1.0324396001e-01
    9.2400000000e+04    8.7265257936e-02
    9.2475000000e+04    9.9542107259e-02
    9.2550000000e+04    1.3901325215e-01
    9.2625000000e+04    1.0235600937e-01
    9.2700000000e+04    1.4113637742e-01
    9.2775000000e+04    1.1738583462e-01
    9.2850000000e+04    1.5751726813e-01
    9.2925000000e+04    1.3796455456e-01
    9.3000000000e+04    1.2014595134e-01
    9.3075000000e+04    1.0817059737e-01
    9.3150000000e+04    9.5834794662e-02
    9.3225000000e+04    1.1068221218e-01
    9.3300000000e+04    9.6193939479e-02
    9.3375000000e+04    1.2925179220e-01
    9.3450000000e+04    1.0513868456e-01
    9.3525000000e+04    1.0859133056e-01
    9.3600000000e+04    1.3125904839e-01
    9.3675000000e+04    1.3308594252e-01
    9.3750000000e+04    1.1846298278e-01
    9.3825000000e+04    1.0867370432e-01
    9.3900000000e+04    1.0561856717e-01
    9.3975000000e+04    1.5644880082e-01
    9.4050000000e+04    1.2298713320e-01
    9.4125000000e+04    1.2465718747e-01
    9.4200000000e+04    1.5955937942e-01
    9.4275000000e+04    1.5193726019e-01
    9.4350000000e+04    1.2696118399e-01
    9.4425000000e+04    1.6677721783e-01
    9.4500000000e+04    1.2972573905e-01
    9.4575000000e+04    1.0497234460e-01
    9.4650000000e+04    1.1271736711e-01
    9.4725000000e+04    1.5193678810e-01
    9.4800000000e+04    1.1877283539e-01
    9.4875000000e+04    1.5430334425e-01
    9.4950000000e+04    9.2840389716e-02
    9.5025000000e+04    8.9937882210e-02
    9.5100000000e+04    1.3826272886e-01
    9.5175000000e+04    1.0894077464e-01
    9.5250000000e+04    1.4978954173e-01
    9.5325000000e+04    1.1994890726e-01
    9.5400000000e+04    1.0071477347e-01
    9.5475000000e+04    1.1964650429e-01
    9.5550000000e+04    1.0187986676e-01
    9.5625000000e+04    1.0112131547e-01
    9.5700000000e+04    1.0403063039e-01
    9.5775000000e+04    9.5499129715e-02
    9.5850000000e+04    1.1019694245e-01
    9.5925000000e+04    1.2955415160e-01
    9.6000000000e+04    1.2149873186e-01
    9.6075000000e+04    1.0441776101e-01
    9.6150000000e+04    1.3142516619e-01
    9.6225000000e+04    1.5769551601e-01
    9.6300000000e+04    1.5788730565e-01
    9.6375000000e+04    1.5637901828e-01
    9.6450000000e+04    1.7263708069e-01
    9.6525000000e+04    1.4122004291e-01
    9.6600000000e+04    1.2648667784e-01
    9.6675000000e+04    1.3108766072e-01
    9.6750000000e+04    1.4744602732e-01
    9.6825000000e+04    1.3843309806e-01
    9.6900000000e+04    1.4531154400e-01
    9.6975000000e+04    1.8924361149e-01
    9.7050000000e+04    1.6987646150e-01
    9.7125000000e+04    1.8182825684e-01
    9.7200000000e+04    1.8164193484e-01
    9.7275000000e+04    1.6871960304e-01
    9.7350000000e+04    1.4879320029e-01
    9.7425000000e+04    1.4430836021e-01
    9.7500000000e+04    1.7757376924e-01
    9.7575000000e+04    1.2078413643e-01
    9.7650000000e+04    1.5802331284e-01
    9.7725000000e+04    1.6201304078e-01
    9.7800000000e+04    1.7426559394e-01
    9.7875000000e+04    1.3852952114e-01
    9.7950000000e+04    1.5854180348e-01
    9.8025000000e+04    1.3284421975e-01
    9.8100000000e+04    1.0800771966e-01
    9.8175000000e+04    1.1650705119e-01
    9.8250000000e+04    1.3212007626e-01
    9.8325000000e+04    1.1287297793e-01
    9.8400000000e+04    1.0508564304e-01
    9.8475000000e+04    1.0757264124e-01
    9.8550000000e+04    1.0277415261e-01
    9.8625000000e+04    1.5692596318e-01
    9.8700000000e+04    1.0116769446e-01
    9.8775000000e+04    8.8923951206e-02
    9.8850000000e+04    9.5384707574e-02
    9.8925000000e+04    1.1533840584e-01
    9.9000000000e+04    1.2890763970e-01
    9.9075000000e+04    1.5363039159e-01
    9.9150000000e+04    1.4282309578e-01
    9.9225000000e+04    1.0383893151e-01
    9.9300000000e+04    1.3217988531e-01
    9.9375000000e+04    1.2599393055e-01
    9.9450000000e+04    1.4416159279e-01
    9.9525000000e+04    1.3847986243e-01
    9.9600000000e+04    1.4270172068e-01
    9.9675000000e+04    1.1641761878e-01
    9.9750000000e+04    1.5627992185e-01
    9.9825000000e+04    1.1844114021e-01
    9.9900000000e+04    1.2230731322e-01
    9.9975000000e+04    1.2903440086e-01
    1.0005000000e+05    1.2761611526e-01
    1.0012500000e+05    1.0852135611e-01
    1.0020000000e+05    9.4255115700e-02
    1.0027500000e+05    1.0845916803e-01
    1.0035000000e+05    1.2184943116e-01
    1.0042500000e+05    1.6508617213e-01
    1.0050000000e+05    1.3892017692e-01
    1.0057500000e+05    1.0695812588e-01
    1.0065000000e+05    1.0693322693e-01
    1.0072500000e+05    1.0815135296e-01
    1.0080000000e+05    9.9625902403e-02
    1.0087500000e+05    1.3031979208e-01
    1.0095000000e+05    9.0759211860e-02
    1.0102500000e+05    1.0609874696e-01
    1.0110000000e+05    1.0347664826e-01
    1.0117500000e+05    7.7333932178e-02
    1.0125000000e+05    1.2963127543e-01
    1.0132500000e+05    9.8800083915e-02
    1.0140000000e+05    1.0107074083e-01
    1.0147500000e+05    1.2093798761e-01
    1.0155000000e+05    1.2251024577e-01
    1.0162500000e+05    1.1896587994e-01
    1.0170000000e+05    1.2107726918e-01
    1.0177500000e+05    1.2318904217e-01
    1.0185000000e+05    1.7596781361e-01
    1.0192500000e+05    9.4489448590e-02
    1.0200000000e+05    1.0730134332e-01
    1.0207500000e+05    1.2432953216e-01
    1.0215000000e+05    1.1641102015e-01
    1.0222500000e+05    1.1940290579e-01
    1.0230000000e+05    1.1414613085e-01
    1.0237500000e+05    1.1606817006e-01
    1.0245000000e+05    1.3880170728e-01
    1.0252500000e+05    1.2926160453e-01
    1.0260000000e+05    1.1614976976e-01
    1.0267500000e+05    1.4922950301e-01
    1.0275000000e+05    1.2608297422e-01
    1.0282500000e+05    1.4666667662e-01
    1.0290000000e+05    1.3700540670e-01
    1.0297500000e+05    1.3506835473e-01
    1.0305000000e+05    1.2424708258e-01
    1.0312500000e+05    1.3452897649e-01
    1.0320000000e+05    1.4612293979e-01
    1.0327500000e+05    1.7785827234e-01
    1.0335000000e+05    1.3770846963e-01
    1.0342500000e+05    1.0043118807e-01
    1.0350000000e+05    1.4054898374e-01
    1.0357500000e+05    1.0818159481e-01
    1.0365000000e+05    1.0230045414e-01
    1.0372500000e+05    9.8779893099e-02
    1.0380000000e+05    7.9007562537e-02
    1.0387500000e+05    1.2069851427e-01
    1.0395000000e+05    1.2944636305e-01
    1.0402500000e+05    1.2122978713e-01
    1.0410000000e+05    1.6180033756e-01
    1.0417500000e+05    1.3886466406e-01
    1.0425000000e+05    1.5693682572e-01
    1.0432500000e+05    1.7805410687e-01
    1.0440000000e+05    1.2712059725e-01
    1.0447500000e+05    1.2358608484e-01
    1.0455000000e+05    9.2019093796e-02
    1.0462500000e+05    1.0772064009e-01
    1.0470000000e+05    1.3646032435e-01
    1.0477500000e+05    1.0880952932e-01
    1.0485000000e+05    1.0789869337e-01
    1.0492500000e+05    9.9855741989e-02
    1.0500000000e+05    1.0608398841e-01
    1.0507500000e+05    9.7083277734e-02
    1.0515000000e+05    1.0153344637e-01
    1.0522500000e+05    9.4597355881e-02
    1.0530000000e+05    1.1093888628e-01
    1.0537500000e+05    1.0752872931e-01
    1.0545000000e+05    1.2206671474e-01
    1.0552500000e+05    1.1735678736e-01
    1.0560000000e+05    1.2846780075e-01
    1.0567500000e+05    1.1819138902e-01
    1.0575000000e+05    1.0574017352e-01
    1.0582500000e+05    9.6452438655e-02
    1.0590000000e+05    1.0965868561e-01
    1.0597500000e+05    8.7842887928e-02
    1.0605000000e+05    1.0044088972e-01
    1.0612500000e+05    1.3123844224e-01
    1.0620000000e+05    1.1387403974e-01
    1.0627500000e+05    1.1303062840e-01
    1.0635000000e+05    1.1255190328e-01
    1.0642500000e+05    1.3174686526e-01
    1.0650000000e+05    1.3414609930e-01
    1.0657500000e+05    1.1589677911e-01
    1.0665000000e+05    1.2374772457e-01
    1.0672500000e+05    1.3249520803e-01
    1.0680000000e+05    1.2000214844e-01
    1.0687500000e+05    1.7360009611e-01
    1.0695000000e+05    1.3550609920e-01
    1.0702500000e+05    1.0887366957e-01
    1.0710000000e+05    1.0617581534e-01
    1.0717500000e+05    9.0781870170e-02
    1.0725000000e+05    1.1487986304e-01
    1.0732500000e+05    8.6982233624e-02
    1.0740000000e+05    1.0022777833e-01
    1.0747500000e+05    1.2779687151e-01
    1.0755000000e+05    1.1961546163e-01
    1.0762500000e+05    1.4361248542e-01
    1.0770000000e+05    1.7059892600e-01
    1.0777500000e+05    1.2475290741e-01
    1.0785000000e+05    1.0520477751e-01
    1.0792500000e+05    1.0864073204e-01
    1.0800000000e+05    1.1287575475e-01
    1.0807500000e+05    1.0098329469e-01
    1.0815000000e+05    9.8643162269e-02
    1.0822500000e+05    9.1389835585e-02
    1.0830000000e+05    8.6102838142e-02
    1.0837500000e+05    9.3923227546e-02
    1.0845000000e+05    1.3618786346e-01
    1.0852500000e+05    1.7632676652e-01
    1.0860000000e+05    1.3431759523e-01
    1.0867500000e+05    1.2947237819e-01
    1.0875000000e+05    1.5990890110e-01
    1.0882500000e+05    9.6083905859e-02
    1.0890000000e+05    9.6650311862e-02
    1.0897500000e+05    1.1180195706e-01
    1.0905000000e+05    9.7583545809e-02
    1.0912500000e+05    1.1552324614e-01
    1.0920000000e+05    8.8126462159e-02
    1.0927500000e+05    1.1732907575e-01
    1.0935000000e+05    1.3192606805e-01
    1.0942500000e+05    1.1181708002e-01
    1.0950000000e+05    1.1975240319e-01
    1.0957500000e+05    1.0737056527e-01
    1.0965000000e+05    1.0429746915e-01
    1.0972500000e+05    1.0881723354e-01
    1.0980000000e+05    1.4434041217e-01
    1.0987500000e+05    1.2354014028e-01
    1.0995000000e+05    1.2419524486e-01
    1.1002500000e+05    1.1130278002e-01
    1.1010000000e+05    1.4474179176e-01
    1.1017500000e+05    1.5175625940e-01
    1.1025000000e+05    1.4825007540e-01
    1.1032500000e+05    1.0921658709e-01
    1.1040000000e+05    8.6887728916e-02
    1.1047500000e+05    1.2219480460e-01
    1.1055000000e+05    9.9116404036e-02
    1.1062500000e+05    1.1156599460e-01
    1.1070000000e+05    1.1124770507e-01
    1.1077500000e+05    1.1480217614e-01
    1.1085000000e+05    1.3785069254e-01
    1.1092500000e+05    1.1800965718e-01
    1.1100000000e+05    1.3932948221e-01
    1.1107500000e+05    8.4783649830e-02
    1.1115000000e+05    9.7213516304e-02
    1.1122500000e+05    9.7958103446e-02
    1.1130000000e+05    8.8083303506e-02
    1.1137500000e+05    1.2439019243e-01
    1.1145000000e+05    1.2115813205e-01
    1.1152500000e+05    1.3854411168e-01
    1.1160000000e+05    1.3783926793e-01
    1.1167500000e+05    1.9685221487e-01
    1.1175000000e+05    1.9111884016e-01
    1.1182500000e+05    1.1374078683e-01
    1.1190000000e+05    1.5689862952e-01
    1.1197500000e+05    1.2368127915e-01
    1.1205000000e+05    9.9576427952e-02
    1.1212500000e+05    9.7316907274e-02
    1.1220000000e+05    8.8442982940e-02
    1.1227500000e+05    1.0095830141e-01
    1.1235000000e+05    1.0272301927e-01
    1.1242500000e+05    1.2197257999e-01
    1.1250000000e+05    1.0719000716e-01
    1.1257500000e+05    8.5063910368e-02
    1.1265000000e+05    1.3178103335e-01
    1.1272500000e+05    1.6805278084e-01
    1.1280000000e+05    1.5563602248e-01
    1.1287500000e+05    1.2892917936e-01
    1.1295000000e+05    1.3939929041e-01
    1.1302500000e+05    1.5046423123e-01
    1.1310000000e+05    1.3612794021e-01
    1.1317500000e+05    1.2449503985e-01
    1.1325000000e+05    1.5464557473e-01
    1.1332500000e+05    1.1531536404e-01
    1.1340000000e+05    9.3502114353e-02
    1.1347500000e+05    9.2520390196e-02
    1.1355000000e+05    1.0593011992e-01
    1.1362500000e+05    1.4804595660e-01
    1.1370000000e+05    1.3217182614e-01
    1.1377500000e+05    1.4278026306e-01
    1.1385000000e+05    1.5833927145e-01
    1.1392500000e+05    1.2080700052e-01
    1.1400000000e+05    1.1645211179e-01
    1.1407500000e+05    1.1484596257e-01
    1.1415000000e+05    9.7475679924e-02
    1.1422500000e+05    8.8319849780e-02
    1.1430000000e+05    9.7897211142e-02
    1.1437500000e+05    1.0268081231e-01
    1.1445000000e+05    1.5848798376e-01
    1.1452500000e+05    1.0644089169e-01
    1.1460000000e+05    1.1352567517e-01
    1.1467500000e+05    1.0142100167e-01
    1.1475000000e+05    1.0855469751e-01
    1.1482500000e+05    1.2780003734e-01
    1.1490000000e+05    1.1100490219e-01
    1.1497500000e+05    1.0870494944e-01
    1.1505000000e+05    1.1360223854e-01
    1.1512500000e+05    1.0765688187e-01
    1.1520000000e+05    1.1044783504e-01
    1.1527500000e+05    9.4991511592e-02
    1.1535000000e+05    8.3827790441e-02
    1.1542500000e+05    1.2443314201e-01
    1.1550000000e+05    9.1680099924e-02
    1.1557500000e+05    1.0410127889e-01
    1.1565000000e+05    9.8564097013e-02
    1.1572500000e+05    1.1869536439e-01
    1.1580000000e+05    1.1568339234e-01
    1.1587500000e+05    1.1372258473e-01
    1.1595000000e+05    1.0381468631e-01
    1.1602500000e+05    1.1369896594e-01
    1.1610000000e+05    1.3360070483e-01
    1.1617500000e+05    1.0783594074e-01
    1.1625000000e+05    9.4607158192e-02
    1.1632500000e+05    1.2009821963e-01
    1.1640000000e+05    1.0345344379e-01
    1.1647500000e+05    9.4616679534e-02
    1.1655000000e+05    1.1117750822e-01
    1.1662500000e+05    1.0741893585e-01
    1.1670000000e+05    1.3170884862e-01
    1.1677500000e+05    1.2221570642e-01
    1.1685000000e+05    1.6716764675e-01
    1.1692500000e+05    1.0265852842e-01
    1.1700000000e+05    1.0034326840e-01
    1.1707500000e+05    1.1997799144e-01
    1.1715000000e+05    1.1340691118e-01
    1.1722500000e+05    1.0619527848e-01
    1.1730000000e+05    1.1357133994e-01
    1.1737500000e+05    1.2456941284e-01
    1.1745000000e+05    1.1586096768e-01
    1.1752500000e+05    1.1068216258e-01
    1.1760000000e+05    8.5416157720e-02
    1.1767500000e+05    9.3672862814e-02
    1.1775000000e+05    1.1898497168e-01
    1.1782500000e+05    1.2731268928e-01
    1.1790000000e+05    9.6386706749e-02
    1.1797500000e+05    1.2071494827e-01
    1.1805000000e+05    1.2132766113e-01
    1.1812500000e+05    1.0268758343e-01
    1.1820000000e+05    1.2979267832e-01
    1.1827500000e+05    1.5879851176e-01
    1.1835000000e+05    1.3104027634e-01
    1.1842500000e+05    8.5475098343e-02
    1.1850000000e+05    9.4923847633e-02
    1.1857500000e+05    1.3692237786e-01
    1.1865000000e+05    1.1026174819e-01
    1.1872500000e+05    1.0349991843e-01
    1.1880000000e+05    1.2581273939e-01
    1.1887500000e+05    9.3306711569e-02
    1.1895000000e+05    1.0885930677e-01
    1.1902500000e+05    1.5636470833e-01
    1.1910000000e+05    1.5345618299e-01
    1.1917500000e+05    1.2724396457e-01
    1.1925000000e+05    1.2741913688e-01
    1.1932500000e+05    1.0658007622e-01
    1.1940000000e+05    1.3743756824e-01
    1.1947500000e+05    1.5953286460e-01
    1.1955000000e+05    1.2537338868e-01
    1.1962500000e+05    1.3530743693e-01
    1.1970000000e+05    1.1784693415e-01
    1.1977500000e+05    9.7919511908e-02
    1.1985000000e+05    1.0073649578e-01
    1.1992500000e+05    9.9255176964e-02
    1.2000000000e+05    1.0136923785e-01
    1.2007500000e+05    9.3183086933e-02
    1.2015000000e+05    1.0795672288e-01
    1.2022500000e+05    1.0202963805e-01
    1.2030000000e+05    1.0309363294e-01
    1.2037500000e+05    1.3653275002e-01
    1.2045000000e+05    1.0292652870e-01
    1.2052500000e+05    1.1489095389e-01
    1.2060000000e+05    1.3934141474e-01
    1.2067500000e+05    1.4659577239e-01
    1.2075000000e+05    1.2317962231e-01
    1.2082500000e+05    9.3712683417e-02
    1.2090000000e+05    9.3547875479e-02
    1.2097500000e+05    9.9212685338e-02
    1.2105000000e+05    1.1509197022e-01
    1.2112500000e+05    1.2252996546e-01
    1.2120000000e+05    1.4858920148e-01
    1.2127500000e+05    1.2436069892e-01
    1.2135000000e+05    1.1130419856e-01
    1.2142500000e+05    1.4683921139e-01
    1.2150000000e+05    1.3913375436e-01
    1.2157500000e+05    1.6109708437e-01
    1.2165000000e+05    1.2229425266e-01
    1.2172500000e+05    1.2038945441e-01
    1.2180000000e+05    1.2577932537e-01
    1.2187500000e+05    1.1165471177e-01
    1.2195000000e+05    9.4552826066e-02
    1.2202500000e+05    1.2233707733e-01
    1.2210000000e+05    1.0145950569e-01
    1.2217500000e+05    8.6487696856e-02
    1.2225000000e+05    1.0167019432e-01
    1.2232500000e+05    1.1358845730e-01
    1.2240000000e+05    1.2269437037e-01
    1.2247500000e+05    1.2624983571e-01
    1.2255000000e+05    1.0889888194e-01
    1.2262500000e+05    1.2567295089e-01
    1.2270000000e+05    1.4112098092e-01
    1.2277500000e+05    1.0284661394e-01
    1.2285000000e+05    1.6647004840e-01
    1.2292500000e+05    1.1938407002e-01
    1.2300000000e+05    1.2549511366e-01
    1.2307500000e+05    1.2184805707e-01
    1.2315000000e+05    1.0515043000e-01
    1.2322500000e+05    9.8777891559e-02
    1.2330000000e+05    1.2263263267e-01
    1.2337500000e+05    1.0745910983e-01
    1.2345000000e+05    1.1411091218e-01
    1.2352500000e+05    1.1981299342e-01
    1.2360000000e+05    1.2813781447e-01
    1.2367500000e+05    1.0105497652e-01
    1.2375000000e+05    1.0423418663e-01
    1.2382500000e+05    1.1768626616e-01
    1.2390000000e+05    1.2571492301e-01
    1.2397500000e+05    1.2169519666e-01
    1.2405000000e+05    1.4967710829e-01
    1.2412500000e+05    1.4532963258e-01
    1.2420000000e+05    1.6172781072e-01
    1.2427500000e+05    1.2732798217e-01
    1.2435000000e+05    1.3187985660e-01
    1.2442500000e+05    1.2498928451e-01
    1.2450000000e+05    1.1980327070e-01
    1.2457500000e+05    1.1150679082e-01
    1.2465000000e+05    1.1857482664e-01
    1.2472500000e+05    1.0725194277e-01
    1.2480000000e+05    1.7543191125e-01
    1.2487500000e+05    9.5788151936e-02
    1.2495000000e+05    1.0913060398e-01
    1.2502500000e+05    1.2384213291e-01
    1.2510000000e+05    1.4289167661e-01
    1.2517500000e+05    1.2542494709e-01
    1.2525000000e+05    1.8241180567e-01
    1.2532500000e+05    9.9508284000e-02
    1.2540000000e+05    1.0555641814e-01
    1.2547500000e+05    1.0768137029e-01
    1.2555000000e+05    9.6438849078e-02
    1.2562500000e+05    9.7050316965e-02
    1.2570000000e+05    1.0856040548e-01
    1.2577500000e+05    8.8279565960e-02
    1.2585000000e+05    9.2371569477e-02
    1.2592500000e+05    1.3799122732e-01
    1.2600000000e+05    1.4721917035e-01
    1.2607500000e+05    1.3748985230e-01
    1.2615000000e+05    1.3032984931e-01
    1.2622500000e+05    1.3560861782e-01
    1.2630000000e+05    1.2703853427e-01
    1.2637500000e+05    1.2681385405e-01
    1.2645000000e+05    1.3309564728e-01
    1.2652500000e+05    1.3767077738e-01
    1.2660000000e+05    1.4275488250e-01
    1.2667500000e+05    1.0244098371e-01
    1.2675000000e+05    1.1475109314e-01
    1.2682500000e+05    1.0932922553e-01
    1.2690000000e+05    9.6569768801e-02
    1.2697500000e+05    1.1611834519e-01
    1.2705000000e+05    1.0137387192e-01
    1.2712500000e+05    1.0189844221e-01
    1.2720000000e+05    1.1205785882e-01
    1.2727500000e+05    1.0363752674e-01
    1.2735000000e+05    9.6564339909e-02
    1.2742500000e+05    9.4947381282e-02
    1.2750000000e+05    1.4798475263e-01
    1.2757500000e+05    1.2686922081e-01
    1.2765000000e+05    9.7458922360e-02
    1.2772500000e+05    1.0137736390e-01
    1.2780000000e+05    1.1738774430e-01
    1.2787500000e+05    1.0268812763e-01
    1.2795000000e+05    9.9864156048e-02
    1.2802500000e+05    1.0644468665e-01
    1.2810000000e+05    9.9639778511e-02
    1.2817500000e+05    1.0398545475e-01
    1.2825000000e+05    1.1486695265e-01
    1.2832500000e+05    1.0197769664e-01
    1.2840000000e+05    1.3850378681e-01
    1.2847500000e+05    1.2904868551e-01
    1.2855000000e+05    1.5576658912e-01
    1.2862500000e+05    1.1675264993e-01
    1.2870000000e+05    1.1809945677e-01
    1.2877500000e+05    1.2157149370e-01
    1.2885000000e+05    1.1656014686e-01
    1.2892500000e+05    1.0104329527e-01
    1.2900000000e+05    1.0412714152e-01
    1.2907500000e+05    1.0022605479e-01
    1.2915000000e+05    9.4257889315e-02
    1.2922500000e+05    9.1001565034e-02
    1.2930000000e+05    9.5573283948e-02
    1.2937500000e+05    1.1814429813e-01
    1.2945000000e+05    1.3036893219e-01
    1.2952500000e+05    9.6174342539e-02
    1.2960000000e+05    1.3197351000e-01
    1.2967500000e+05    1.5741111713e-01
    1.2975000000e+05    1.3682559131e-01
    1.2982500000e+05    1.1189689844e-01
    1.2990000000e+05    8.3331704446e-02
    1.2997500000e+05    8.5988202865e-02
    1.3005000000e+05    8.6854504911e-02
    1.3012500000e+05    9.5802731308e-02
    1.3020000000e+05    8.9670873035e-02
    1.3027500000e+05    9.4394151598e-02
    1.3035000000e+05    1.1149825542e-01
    1.3042500000e+05    1.3103296037e-01
    1.3050000000e+05    1.3997375467e-01
    1.3057500000e+05    1.2754101508e-01
    1.3065000000e+05    9.4738542552e-02
    1.3072500000e+05    1.1687006104e-01
    1.3080000000e+05    1.1914973805e-01
    1.3087500000e+05    1.2513599676e-01
    1.3095000000e+05    1.0326333001e-01
    1.3102500000e+05    1.1138624148e-01
    1.3110000000e+05    1.1516971143e-01
    1.3117500000e+05    1.0732408975e-01
    1.3125000000e+05    1.3525176255e-01
    1.3132500000e+05    1.0194413783e-01
    1.3140000000e+05    1.2616993776e-01
    1.3147500000e+05    1.0931572686e-01
    1.3155000000e+05    1.0042726895e-01
    1.3162500000e+05    1.4104377844e-01
    1.3170000000e+05    8.8897673437e-02
    1.3177500000e+05    1.0375395253e-01
    1.3185000000e+05    1.0634816129e-01
    1.3192500000e+05    1.0632159730e-01
    1.3200000000e+05    1.1401864000e-01
    1.3207500000e+05    1.2519837522e-01
    1.3215000000e+05    1.0921814508e-01
    1.3222500000e+05    1.7463292539e-01
    1.3230000000e+05    1.3804168746e-01
    1.3237500000e+05    1.1042320913e-01
    1.3245000000e+05    1.1137635589e-01
    1.3252500000e+05    1.1359463358e-01
    1.3260000000e+05    1.1943229992e-01
    1.3267500000e+05    1.0087819804e-01
    1.3275000000e+05    1.3119836791e-01
    1.3282500000e+05    1.2934989851e-01
    1.3290000000e+05    1.2276906475e-01
    1.3297500000e+05    1.1139227964e-01
    1.3305000000e+05    1.1000514537e-01
    1.3312500000e+05    1.1204235092e-01
    1.3320000000e+05    1.2711082210e-01
    1.3327500000e+05    1.0497707933e-01
    1.3335000000e+05    9.3733259058e-02
    1.3342500000e+05    8.3039600424e-02
    1.3350000000e+05    1.1625213684e-01
    1.3357500000e+05    9.8067920228e-02
    1.3365000000e+05    9.8767035942e-02
    1.3372500000e+05    9.5518139605e-02
    1.3380000000e+05    9.4158756650e-02
    1.3387500000e+05    1.0240808758e-01
    1.3395000000e+05    1.2692805100e-01
    1.3402500000e+05    1.1763764443e-01
    1.3410000000e+05    1.2481192789e-01
    1.3417500000e+05    1.2889425209e-01
    1.3425000000e+05    1.3957565315e-01
    1.3432500000e+05    1.5385566184e-01
    1.3440000000e+05    1.2775788440e-01
    1.3447500000e+05    1.2795540236e-01
    1.3455000000e+05    1.1487469281e-01
    1.3462500000e+05    1.1333099878e-01
    1.3470000000e+05    1.6537165322e-01
    1.3477500000e+05    1.2063682287e-01
    1.3485000000e+05    1.4682783838e-01
    1.3492500000e+05    1.0098433564e-01
    1.3500000000e+05    1.0890299284e-01
    1.3507500000e+05    9.4139301987e-02
    1.3515000000e+05    1.0740150301e-01
    1.3522500000e+05    9.0156902433e-02
    1.3530000000e+05    1.0389916381e-01
    1.3537500000e+05    9.5829851533e-02
    1.3545000000e+05    1.1558548871e-01
    1.3552500000e+05    9.5749384652e-02
    1.3560000000e+05    9.5800550571e-02
    1.3567500000e+05    1.1107878777e-01
    1.3575000000e+05    1.0775254724e-01
    1.3582500000e+05    1.2855203495e-01
    1.3590000000e+05    9.2217922488e-02
    1.3597500000e+05    1.1643483646e-01
    1.3605000000e+05    1.5758583650e-01
    1.3612500000e+05    1.2432663411e-01
    1.3620000000e+05    1.2072344283e-01
    1.3627500000e+05    1.1620461557e-01
    1.3635000000e+05    1.8175266128e-01
    1.3642500000e+05    9.3097228683e-02
    1.3650000000e+05    1.0097659368e-01
    1.3657500000e+05    1.0013651434e-01
    1.3665000000e+05    9.5843329047e-02
    1.3672500000e+05    1.3274431090e-01
    1.3680000000e+05    1.1318835131e-01
    1.3687500000e+05    1.1192380866e-01
    1.3695000000e+05    1.2066245720e-01
    1.3702500000e+05    1.3409781846e-01
    1.3710000000e+05    1.3444432498e-01
    1.3717500000e+05    1.2622830457e-01
    1.3725000000e+05    9.5368405830e-02
    1.3732500000e+05    9.1158320370e-02
    1.3740000000e+05    9.6423058966e-02
    1.3747500000e+05    1.2182600864e-01
    1.3755000000e+05    1.0826060336e-01
    1.3762500000e+05    1.1400135516e-01
    1.3770000000e+05    9.8675767036e-02
    1.3777500000e+05    1.2524064900e-01
    1.3785000000e+05    1.4257929963e-01
    1.3792500000e+05    1.2356981609e-01
    1.3800000000e+05    1.4012432731e-01
    1.3807500000e+05    1.0960426598e-01
    1.3815000000e+05    1.0469338165e-01
    1.3822500000e+05    1.0949345294e-01
    1.3830000000e+05    9.5805124713e-02
    1.3837500000e+05    1.0541098982e-01
    1.3845000000e+05    8.8097362089e-02
    1.3852500000e+05    8.4960241361e-02
    1.3860000000e+05    9.1812056161e-02
    1.3867500000e+05    1.3308656412e-01
    1.3875000000e+05    1.1988213700e-01
    1.3882500000e+05    1.0766047102e-01
    1.3890000000e+05    1.1293445028e-01
    1.3897500000e+05    1.3971527779e-01
    1.3905000000e+05    1.1646731300e-01
    1.3912500000e+05    1.0701156907e-01
    1.3920000000e+05    1.0824179406e-01
    1.3927500000e+05    1.0733809921e-01
    1.3935000000e+05    1.0010798094e-01
    1.3942500000e+05    8.9934450926e-02
    1.3950000000e+05    8.3435979780e-02
    1.3957500000e+05    9.4236368196e-02
    1.3965000000e+05    1.0014061583e-01
    1.3972500000e+05    9.5661726439e-02
    1.3980000000e+05    1.1417568770e-01
    1.3987500000e+05    1.1488782028e-01
    1.3995000000e+05    1.0325562931e-01
    1.4002500000e+05    1.0045225292e-01
    1.4010000000e+05    1.5201562519e-01
    1.4017500000e+05    1.3762170182e-01
    1.4025000000e+05    1.3010471470e-01
    1.4032500000e+05    1.2284364873e-01
    1.4040000000e+05    9.0612844393e-02
    1.4047500000e+05    9.1896047842e-02
    1.4055000000e+05    1.3013040505e-01
    1.4062500000e+05    1.2679646549e-01
    1.4070000000e+05    9.8454365882e-02
    1.4077500000e+05    1.4043205192e-01
    1.4085000000e+05    8.3222631520e-02
    1.4092500000e+05    1.4987103869e-01
    1.4100000000e+05    1.1256915886e-01
    1.4107500000e+05    1.5537907928e-01
    1.4115000000e+05    1.4928136241e-01
    1.4122500000e+05    1.4389691528e-01
    1.4130000000e+05    1.1980123915e-01
    1.4137500000e+05    1.2290893326e-01
    1.4145000000e+05    1.3438333276e-01
    1.4152500000e+05    9.9898574912e-02
    1.4160000000e+05    1.0367975893e-01
    1.4167500000e+05    1.0445589584e-01
    1.4175000000e+05    1.2189086654e-01
    1.4182500000e+05    1.1636771270e-01
    1.4190000000e+05    1.1690466333e-01
    1.4197500000e+05    1.2635945807e-01
    1.4205000000e+05    1.9298705678e-01
    1.4212500000e+05    1.5208153679e-01
    1.4220000000e+05    1.8781990485e-01
    1.4227500000e+05    1.3481939455e-01
    1.4235000000e+05    1.1876542627e-01
    1.4242500000e+05    1.1813600139e-01
    1.4250000000e+05    1.0862474992e-01
    1.4257500000e+05    1.4071289966e-01
    1.4265000000e+05    1.1905120772e-01
    1.4272500000e+05    1.0766663647e-01
    1.4280000000e+05    1.2143618718e-01
    1.4287500000e+05    1.2783364689e-01
    1.4295000000e+05    1.2205291551e-01
    1.4302500000e+05    1.2776510454e-01
    1.4310000000e+05    1.0428328379e-01
    1.4317500000e+05    1.1178510082e-01
    1.4325000000e+05    1.1993320232e-01
    1.4332500000e+05    1.7153597595e-01
    1.4340000000e+05    1.3533845962e-01
    1.4347500000e+05    1.0679312440e-01
    1.4355000000e+05    9.8566570136e-02
    1.4362500000e+05    9.8096135295e-02
    1.4370000000e+05    1.1878695258e-01
    1.4377500000e+05    1.0508857622e-01
    1.4385000000e+05    9.0873066038e-02
    1.4392500000e+05    9.7398215227e-02
    1.4400000000e+05    1.4697651430e-01
    1.4407500000e+05    1.5322619702e-01
    1.4415000000e+05    1.5094066452e-01
    1.4422500000e+05    1.6826143359e-01
    1.4430000000e+05    1.2744850381e-01
    1.4437500000e+05    1.3539089150e-01
    1.4445000000e+05    1.4502343310e-01
    1.4452500000e+05    1.3376097033e-01
    1.4460000000e+05    1.0445644542e-01
    1.4467500000e+05    1.0540698657e-01
    1.4475000000e+05    1.3461846089e-01
    1.4482500000e+05    1.1484479734e-01
    1.4490000000e+05    8.7438523826e-02
    1.4497500000e+05    1.0237569528e-01
    1.4505000000e+05    1.1207620752e-01
    1.4512500000e+05    9.1285423922e-02
    1.4520000000e+05    1.0780955202e-01
    1.4527500000e+05    1.1625789686e-01
    1.4535000000e+05    1.0712898718e-01
    1.4542500000e+05    1.4261281403e-01
    1.4550000000e+05    1.2315845783e-01
    1.4557500000e+05    1.1212950172e-01
    1.4565000000e+05    1.1575853238e-01
    1.4572500000e+05    1.4392063418e-01
    1.4580000000e+05    1.0537466724e-01
    1.4587500000e+05    9.2190181725e-02
    1.4595000000e+05    9.1762217291e-02
    1.4602500000e+05    1.1571998202e-01
    1.4610000000e+05    1.2775260012e-01
    1.4617500000e+05    1.2059909215e-01
    1.4625000000e+05    1.7109481091e-01
    1.4632500000e+05    2.0351830056e-01
    1.4640000000e+05    1.2896765370e-01
    1.4647500000e+05    1.2803673350e-01
    1.4655000000e+05    1.2685217182e-01
    1.4662500000e+05    1.1345457405e-01
    1.4670000000e+05    1.0016273382e-01
    1.4677500000e+05    1.1808997934e-01
    1.4685000000e+05    1.2954596825e-01
    1.4692500000e+05    1.0815443788e-01
    1.4700000000e+05    1.1409466666e-01
    1.4707500000e+05    1.4873223998e-01
    1.4715000000e+05    1.9885379967e-01
    1.4722500000e+05    1.7476526392e-01
    1.4730000000e+05    1.5962735554e-01
    1.4737500000e+05    1.3054885103e-01
    1.4745000000e+05    1.4734989823e-01
    1.4752500000e+05    1.2933347395e-01
    1.4760000000e+05    8.7742450868e-02
    1.4767500000e+05    1.0424572394e-01
    1.4775000000e+05    1.1351425205e-01
    1.4782500000e+05    1.3131973725e-01
    1.4790000000e+05    8.8254387962e-02
    1.4797500000e+05    8.2242637694e-02
    1.4805000000e+05    1.0746845551e-01
    1.4812500000e+05    1.0609474078e-01
    1.4820000000e+05    1.3154173372e-01
    1.4827500000e+05    1.6339355279e-01
    1.4835000000e+05    1.6021376398e-01
    1.4842500000e+05    2.4275454609e-01
    1.4850000000e+05    1.3898186179e-01
    1.4857500000e+05    1.0344439674e-01
    1.4865000000e+05    9.4884914757e-02
    1.4872500000e+05    8.9970697162e-02
    1.4880000000e+05    9.7697228197e-02
    1.4887500000e+05    8.7585321533e-02
    1.4895000000e+05    9.2362305475e-02
    1.4902500000e+05    9.7541102204e-02
    1.4910000000e+05    1.0151007640e-01
    1.4917500000e+05    1.5460955929e-01
    1.4925000000e+05    1.7480292571e-01
    1.4932500000e+05    1.6718214930e-01
    1.4940000000e+05    1.2834329014e-01
    1.4947500000e+05    1.2950883189e-01
    1.4955000000e+05    1.4347733489e-01
    1.4962500000e+05    1.1625085853e-01
    1.4970000000e+05    1.1732217205e-01
    1.4977500000e+05    9.6383769589e-02
    1.4985000000e+05    9.1405298525e-02
    1.4992500000e+05    1.0823777526e-01
    1.5000000000e+05    9.4776151318e-02
