    1.0000000000e+02    5.0267151331e-01
    2.0000000000e+02    2.0449675002e-01
    3.0000000000e+02    2.1227121180e-01
    4.0000000000e+02    3.2248506484e-01
    5.0000000000e+02    2.0797481267e-01
    6.0000000000e+02    2.6829454356e-01
    7.0000000000e+02    2.0726060700e-01
    8.0000000000e+02    1.6737371259e-01
    9.0000000000e+02    1.3870601366e-01
    1.0000000000e+03    2.1765064442e-01
    1.1000000000e+03    1.5768476625e-01
    1.2000000000e+03    2.3977706428e-01
    1.3000000000e+03    4.1838616943e-01
    1.4000000000e+03    3.5010721322e-01
    1.5000000000e+03    1.9958521803e-01
    1.6000000000e+03    1.5955425897e-01
    1.7000000000e+03    1.8182483681e-01
    1.8000000000e+03    2.2879390727e-01
    1.9000000000e+03    1.6567211414e-01
    2.0000000000e+03    1.7488476014e-01
    2.1000000000e+03    1.7661321494e-01
    2.2000000000e+03    1.6372975809e-01
    2.3000000000e+03    2.0049819045e-01
    2.4000000000e+03    2.0227685660e-01
    2.5000000000e+03    2.5371738719e-01
    2.6000000000e+03    1.7593146903e-01
    2.7000000000e+03    2.3890921160e-01
    2.8000000000e+03    2.6003084716e-01
    2.9000000000e+03    3.3164593194e-01
    3.0000000000e+03    1.7780675386e-01
    3.1000000000e+03    1.9353748038e-01
    3.2000000000e+03    2.0575205867e-01
    3.3000000000e+03    1.8627733965e-01
    3.4000000000e+03    1.8722340527e-01
    3.5000000000e+03    1.8725453784e-01
    3.6000000000e+03    1.4310504675e-01
    3.7000000000e+03    1.3118055365e-01
    3.8000000000e+03    1.6250700449e-01
    3.9000000000e+03    1.4005801922e-01
    4.0000000000e+03    1.4317042430e-01
    4.1000000000e+03    1.9498765145e-01
    4.2000000000e+03    1.2369256564e-01
    4.3000000000e+03    1.4528605935e-01
    4.4000000000e+03    1.1784013233e-01
    4.5000000000e+03    1.4548443412e-01
    4.6000000000e+03    1.2273879585e-01
    4.7000000000e+03    1.0067812360e-01
    4.8000000000e+03    9.4707556157e-02
    4.9000000000e+03    1.5157760644e-01
    5.0000000000e+03    1.6952256960e-01
    5.1000000000e+03    1.8548425283e-01
    5.2000000000e+03    1.3268254340e-01
    5.3000000000e+03    1.2846696936e-01
    5.4000000000e+03    1.1314709014e-01
    5.5000000000e+03    1.3095725472e-01
    5.6000000000e+03    1.1217598132e-01
    5.7000000000e+03    1.2095623664e-01
    5.8000000000e+03    1.2572486667e-01
    5.9000000000e+03    1.1355359616e-01
    6.0000000000e+03    1.1524270471e-01
    6.1000000000e+03    1.1312700433e-01
    6.2000000000e+03    1.3165545109e-01
    6.3000000000e+03    1.4648844183e-01
    6.4000000000e+03    1.4428742632e-01
    6.5000000000e+03    1.4697073173e-01
    6.6000000000e+03    1.3489844988e-01
    6.7000000000e+03    1.6365864386e-01
    6.8000000000e+03    1.3166284162e-01
    6.9000000000e+03    1.3565650395e-01
    7.0000000000e+03    1.2694183730e-01
    7.1000000000e+03    9.2462328710e-02
    7.2000000000e+03    1.2430292502e-01
    7.3000000000e+03    1.3713013267e-01
    7.4000000000e+03    1.2016224794e-01
    7.5000000000e+03    1.2434835245e-01
    7.6000000000e+03    1.2984536618e-01
    7.7000000000e+03    1.6866610342e-01
    7.8000000000e+03    1.5426016733e-01
    7.9000000000e+03    9.0633094343e-02
    8.0000000000e+03    1.2441849304e-01
    8.1000000000e+03    1.3049294116e-01
    8.2000000000e+03    1.5238600871e-01
    8.3000000000e+03    1.0870882126e-01
    8.4000000000e+03    1.2660530427e-01
    8.5000000000e+03    1.0580707823e-01
    8.6000000000e+03    1.3444002202e-01
    8.7000000000e+03    1.1842868866e-01
    8.8000000000e+03    1.4213425855e-01
    8.9000000000e+03    1.2670967323e-01
    9.0000000000e+03    1.1727997359e-01
    9.1000000000e+03    1.1545659437e-01
    9.2000000000e+03    1.1301204952e-01
    9.3000000000e+03    1.4613928003e-01
    9.4000000000e+03    1.2824969122e-01
    9.5000000000e+03    1.2822934068e-01
    9.6000000000e+03    1.3818808852e-01
    9.7000000000e+03    1.2144190671e-01
    9.8000000000e+03    1.6307657970e-01
    9.9000000000e+03    1.4124919372e-01
    1.0000000000e+04    1.3579011165e-01
    1.0100000000e+04    1.4270545731e-01
    1.0200000000e+04    1.5069360342e-01
    1.0300000000e+04    1.1761670764e-01
    1.0400000000e+04    1.3390171924e-01
    1.0500000000e+04    1.1325140114e-01
    1.0600000000e+04    1.1272105259e-01
    1.0700000000e+04    1.2593025820e-01
    1.0800000000e+04    1.5299172225e-01
    1.0900000000e+04    1.2105307416e-01
    1.1000000000e+04    9.3500447038e-02
    1.1100000000e+04    1.1410296655e-01
    1.1200000000e+04    1.2837227613e-01
    1.1300000000e+04    1.0633639729e-01
    1.1400000000e+04    1.2543476517e-01
    1.1500000000e+04    1.0577253161e-01
    1.1600000000e+04    1.1960018429e-01
    1.1700000000e+04    1.4866389554e-01
    1.1800000000e+04    1.3335326168e-01
    1.1900000000e+04    1.3232313099e-01
    1.2000000000e+04    1.4987837954e-01
    1.2100000000e+04    1.2392992148e-01
    1.2200000000e+04    1.0035654875e-01
    1.2300000000e+04    1.3000208816e-01
    1.2400000000e+04    1.1967374300e-01
    1.2500000000e+04    1.0035388127e-01
    1.2600000000e+04    1.0243690730e-01
    1.2700000000e+04    1.2282542446e-01
    1.2800000000e+04    1.2749603401e-01
    1.2900000000e+04    1.2218522044e-01
    1.3000000000e+04    1.3778855230e-01
    1.3100000000e+04    1.4216926962e-01
    1.3200000000e+04    1.3362920809e-01
    1.3300000000e+04    1.7624365398e-01
    1.3400000000e+04    1.3586080034e-01
    1.3500000000e+04    1.6037479324e-01
    1.3600000000e+04    1.4456829815e-01
    1.3700000000e+04    1.2649338251e-01
    1.3800000000e+04    1.0599961453e-01
    1.3900000000e+04    1.2576996593e-01
    1.4000000000e+04    1.3472699561e-01
    1.4100000000e+04    1.0335374910e-01
    1.4200000000e+04    1.1203640867e-01
    1.4300000000e+04    1.0361733729e-01
    1.4400000000e+04    1.2830161241e-01
    1.4500000000e+04    1.4279842975e-01
    1.4600000000e+04    1.3123035823e-01
    1.4700000000e+04    1.0106820471e-01
    1.4800000000e+04    1.2055130933e-01
    1.4900000000e+04    1.4750879508e-01
    1.5000000000e+04    1.5578561620e-01
    1.5100000000e+04    1.4868798543e-01
    1.5200000000e+04    1.8576303449e-01
    1.5300000000e+04    1.1348547100e-01
    1.5400000000e+04    9.2097727820e-02
    1.5500000000e+04    1.0689771258e-01
    1.5600000000e+04    1.1034130551e-01
    1.5700000000e+04    1.3742686598e-01
    1.5800000000e+04    9.5436902314e-02
    1.5900000000e+04    1.1028928872e-01
    1.6000000000e+04    1.2228972925e-01
    1.6100000000e+04    1.1541805537e-01
    1.6200000000e+04    1.3463834832e-01
    1.6300000000e+04    1.2008174129e-01
    1.6400000000e+04    1.2489400058e-01
    1.6500000000e+04    1.4537992724e-01
    1.6600000000e+04    1.5310368311e-01
    1.6700000000e+04    1.1299521937e-01
    1.6800000000e+04    9.2694316682e-02
    1.6900000000e+04    1.0887053860e-01
    1.7000000000e+04    1.1971516892e-01
    1.7100000000e+04    9.3495450468e-02
    1.7200000000e+04    9.5907695118e-02
    1.7300000000e+04    1.2417892343e-01
    1.7400000000e+04    1.1828942261e-01
    1.7500000000e+04    1.1717714727e-01
    1.7600000000e+04    1.1889059422e-01
    1.7700000000e+04    1.4453682317e-01
    1.7800000000e+04    1.1382526650e-01
    1.7900000000e+04    1.4799364568e-01
    1.8000000000e+04    1.1754243842e-01
    1.8100000000e+04    1.4684399412e-01
    1.8200000000e+04    1.4042776122e-01
    1.8300000000e+04    1.1227409206e-01
    1.8400000000e+04    1.0792764951e-01
    1.8500000000e+04    1.5576046001e-01
    1.8600000000e+04    1.1317552073e-01
    1.8700000000e+04    1.8271396712e-01
    1.8800000000e+04    1.4403069820e-01
    1.8900000000e+04    1.1878318310e-01
    1.9000000000e+04    1.2211834587e-01
    1.9100000000e+04    1.0746368853e-01
    1.9200000000e+04    1.1403833847e-01
    1.9300000000e+04    1.1669054229e-01
    1.9400000000e+04    1.1878323912e-01
    1.9500000000e+04    1.2695924367e-01
    1.9600000000e+04    1.3092067382e-01
    1.9700000000e+04    1.2704337039e-01
    1.9800000000e+04    9.6418087786e-02
    1.9900000000e+04    1.1747886868e-01
    2.0000000000e+04    1.3420497982e-01
    2.0100000000e+04    1.1421179803e-01
    2.0200000000e+04    1.4742980036e-01
    2.0300000000e+04    1.5425171332e-01
    2.0400000000e+04    1.3085070760e-01
    2.0500000000e+04    1.0793642922e-01
    2.0600000000e+04    1.1916594799e-01
    2.0700000000e+04    1.3137960469e-01
    2.0800000000e+04    1.0749897966e-01
    2.0900000000e+04    1.2684978240e-01
    2.1000000000e+04    1.0338489905e-01
    2.1100000000e+04    1.3569128520e-01
    2.1200000000e+04    1.2192035875e-01
    2.1300000000e+04    1.5535501141e-01
    2.1400000000e+04    1.0582024601e-01
    2.1500000000e+04    1.3064140305e-01
    2.1600000000e+04    1.3224793771e-01
    2.1700000000e+04    9.8391516559e-02
    2.1800000000e+04    1.4561195971e-01
    2.1900000000e+04    1.3640196342e-01
    2.2000000000e+04    1.3673454455e-01
    2.2100000000e+04    9.7176730234e-02
    2.2200000000e+04    1.1201111811e-01
    2.2300000000e+04    1.2877167410e-01
    2.2400000000e+04    1.2636161337e-01
    2.2500000000e+04    1.1717635270e-01
    2.2600000000e+04    1.4201701439e-01
    2.2700000000e+04    1.6585279900e-01
    2.2800000000e+04    1.4056029061e-01
    2.2900000000e+04    1.3027493183e-01
    2.3000000000e+04    1.1838525903e-01
    2.3100000000e+04    1.1112672180e-01
    2.3200000000e+04    1.2243464727e-01
    2.3300000000e+04    1.3548242733e-01
    2.3400000000e+04    1.1787148654e-01
    2.3500000000e+04    1.2204925817e-01
    2.3600000000e+04    1.3229551386e-01
    2.3700000000e+04    1.0398380679e-01
    2.3800000000e+04    1.1811686812e-01
    2.3900000000e+04    1.8014054248e-01
    2.4000000000e+04    1.4429673877e-01
    2.4100000000e+04    1.2779303627e-01
    2.4200000000e+04    1.3585382680e-01
    2.4300000000e+04    1.5692901344e-01
    2.4400000000e+04    1.5929770371e-01
    2.4500000000e+04    1.5373252218e-01
    2.4600000000e+04    1.3803805889e-01
    2.4700000000e+04    1.3140285767e-01
    2.4800000000e+04    1.6534874843e-01
    2.4900000000e+04    1.4098444047e-01
    2.5000000000e+04    1.4764406309e-01
    2.5100000000e+04    1.1733644423e-01
    2.5200000000e+04    1.3738877080e-01
    2.5300000000e+04    1.1604352149e-01
    2.5400000000e+04    1.3381832662e-01
    2.5500000000e+04    2.0391515360e-01
    2.5600000000e+04    1.2030207573e-01
    2.5700000000e+04    1.1762483622e-01
    2.5800000000e+04    1.3831002312e-01
    2.5900000000e+04    1.6847274229e-01
    2.6000000000e+04    1.3031429033e-01
    2.6100000000e+04    1.1298337611e-01
    2.6200000000e+04    1.0322883234e-01
    2.6300000000e+04    1.0182768358e-01
    2.6400000000e+04    1.1736791902e-01
    2.6500000000e+04    1.1775132122e-01
    2.6600000000e+04    1.4143216413e-01
    2.6700000000e+04    9.4062097302e-02
    2.6800000000e+04    9.8706977364e-02
    2.6900000000e+04    1.1288206603e-01
    2.7000000000e+04    1.1522171939e-01
    2.7100000000e+04    1.2771003336e-01
    2.7200000000e+04    1.2697307471e-01
    2.7300000000e+04    1.5979607391e-01
    2.7400000000e+04    1.2044973500e-01
    2.7500000000e+04    1.0814620886e-01
    2.7600000000e+04    1.2966457118e-01
    2.7700000000e+04    9.9231787169e-02
    2.7800000000e+04    1.0904950800e-01
    2.7900000000e+04    1.0961699632e-01
    2.8000000000e+04    9.8675121976e-02
    2.8100000000e+04    1.1830681998e-01
    2.8200000000e+04    1.1282033677e-01
    2.8300000000e+04    1.8097114224e-01
    2.8400000000e+04    1.2161686482e-01
    2.8500000000e+04    1.0712471000e-01
    2.8600000000e+04    1.0372835985e-01
    2.8700000000e+04    9.8499868835e-02
    2.8800000000e+04    1.0298532267e-01
    2.8900000000e+04    1.0818434531e-01
    2.9000000000e+04    1.3605017734e-01
    2.9100000000e+04    1.1314168744e-01
    2.9200000000e+04    1.2466223096e-01
    2.9300000000e+04    1.6082658966e-01
    2.9400000000e+04    1.8102265989e-01
    2.9500000000e+04    1.4999443934e-01
    2.9600000000e+04    1.2196000490e-01
    2.9700000000e+04    1.2589643482e-01
    2.9800000000e+04    9.9987425423e-02
    2.9900000000e+04    1.4544522062e-01
    3.0000000000e+04    1.9018697451e-01
    3.0100000000e+04    1.0962851806e-01
    3.0200000000e+04    7.9520320351e-02
    3.0300000000e+04    1.0116737127e-01
    3.0400000000e+04    1.1513946846e-01
    3.0500000000e+04    1.3433124115e-01
    3.0600000000e+04    1.4925803436e-01
    3.0700000000e+04    1.2228265088e-01
    3.0800000000e+04    1.4317200326e-01
    3.0900000000e+04    1.5102655150e-01
    3.1000000000e+04    1.2843187756e-01
    3.1100000000e+04    1.2358642244e-01
    3.1200000000e+04    1.0408754067e-01
    3.1300000000e+04    1.1816381088e-01
    3.1400000000e+04    1.0702983363e-01
    3.1500000000e+04    1.6685084097e-01
    3.1600000000e+04    1.3500478654e-01
    3.1700000000e+04    1.3096785460e-01
    3.1800000000e+04    1.3448205989e-01
    3.1900000000e+04    1.1583205561e-01
    3.2000000000e+04    1.2736382586e-01
    3.2100000000e+04    9.6208434403e-02
    3.2200000000e+04    9.7829534081e-02
    3.2300000000e+04    1.1624668862e-01
    3.2400000000e+04    1.2002920137e-01
    3.2500000000e+04    1.3647390639e-01
    3.2600000000e+04    1.1701450716e-01
    3.2700000000e+04    1.1218296312e-01
    3.2800000000e+04    1.2274744513e-01
    3.2900000000e+04    1.2547915301e-01
    3.3000000000e+04    1.5064197626e-01
    3.3100000000e+04    1.3641143216e-01
    3.3200000000e+04    1.1327275619e-01
    3.3300000000e+04    1.2073140260e-01
    3.3400000000e+04    1.1019435309e-01
    3.3500000000e+04    1.0441817921e-01
    3.3600000000e+04    1.2230397549e-01
    3.3700000000e+04    1.1619378313e-01
    3.3800000000e+04    1.0853066850e-01
    3.3900000000e+04    8.9210534356e-02
    3.4000000000e+04    1.0985632359e-01
    3.4100000000e+04    1.1223400107e-01
    3.4200000000e+04    2.0489629627e-01
    3.4300000000e+04    1.5862395637e-01
    3.4400000000e+04    2.4477087312e-01
    3.4500000000e+04    1.5827527431e-01
    3.4600000000e+04    1.2617107412e-01
    3.4700000000e+04    1.0523162966e-01
    3.4800000000e+04    1.1408697592e-01
    3.4900000000e+04    1.1083500186e-01
    3.5000000000e+04    1.1509783188e-01
    3.5100000000e+04    1.1630209591e-01
    3.5200000000e+04    1.3627728091e-01
    3.5300000000e+04    1.5588501473e-01
    3.5400000000e+04    1.3990831412e-01
    3.5500000000e+04    1.2695629255e-01
    3.5600000000e+04    1.3408973239e-01
    3.5700000000e+04    1.1541023926e-01
    3.5800000000e+04    1.2886022066e-01
    3.5900000000e+04    1.4093744178e-01
    3.6000000000e+04    1.2525493342e-01
    3.6100000000e+04    1.0354779683e-01
    3.6200000000e+04    1.2271191230e-01
    3.6300000000e+04    1.1100719332e-01
    3.6400000000e+04    1.2345941298e-01
    3.6500000000e+04    1.1241135515e-01
    3.6600000000e+04    1.1514596630e-01
    3.6700000000e+04    9.9229129983e-02
    3.6800000000e+04    1.1445716618e-01
    3.6900000000e+04    1.2796297223e-01
    3.7000000000e+04    1.2340285893e-01
    3.7100000000e+04    1.0357936472e-01
    3.7200000000e+04    1.0465628856e-01
    3.7300000000e+04    1.0184242206e-01
    3.7400000000e+04    1.2349828951e-01
    3.7500000000e+04    1.3616184253e-01
    3.7600000000e+04    1.2458215386e-01
    3.7700000000e+04    1.1893889161e-01
    3.7800000000e+04    1.1021944785e-01
    3.7900000000e+04    1.4041387546e-01
    3.8000000000e+04    1.4086204136e-01
    3.8100000000e+04    1.2200718747e-01
    3.8200000000e+04    1.1608478027e-01
    3.8300000000e+04    1.2654720421e-01
    3.8400000000e+04    1.0796889734e-01
    3.8500000000e+04    1.1653701317e-01
    3.8600000000e+04    1.3742593943e-01
    3.8700000000e+04    1.2112496747e-01
    3.8800000000e+04    1.1595839094e-01
    3.8900000000e+04    1.1766126251e-01
    3.9000000000e+04    1.2061403885e-01
    3.9100000000e+04    1.1724011328e-01
    3.9200000000e+04    1.3289787662e-01
    3.9300000000e+04    1.2497346091e-01
    3.9400000000e+04    1.3294032406e-01
    3.9500000000e+04    1.1418633460e-01
    3.9600000000e+04    1.0874464879e-01
    3.9700000000e+04    1.2161653534e-01
    3.9800000000e+04    9.9733756070e-02
    3.9900000000e+04    1.1768600334e-01
    4.0000000000e+04    1.0720779892e-01
    4.0100000000e+04    1.2026914989e-01
    4.0200000000e+04    1.2794192496e-01
    4.0300000000e+04    1.2111639401e-01
    4.0400000000e+04    1.0871276097e-01
    4.0500000000e+04    1.1754274654e-01
    4.0600000000e+04    1.1650495821e-01
    4.0700000000e+04    1.2390861812e-01
    4.0800000000e+04    1.0037311664e-01
    4.0900000000e+04    1.0237512963e-01
    4.1000000000e+04    1.0081179789e-01
    4.1100000000e+04    1.1039954029e-01
    4.1200000000e+04    1.1340363156e-01
    4.1300000000e+04    1.0074384435e-01
    4.1400000000e+04    1.1180548725e-01
    4.1500000000e+04    1.0533946066e-01
    4.1600000000e+04    1.5094373469e-01
    4.1700000000e+04    1.1569091483e-01
    4.1800000000e+04    1.0308099948e-01
    4.1900000000e+04    1.1061864719e-01
    4.2000000000e+04    1.2692309758e-01
    4.2100000000e+04    1.0426458161e-01
    4.2200000000e+04    9.8308647642e-02
    4.2300000000e+04    1.1566154923e-01
    4.2400000000e+04    1.3240473517e-01
    4.2500000000e+04    1.1119143670e-01
    4.2600000000e+04    1.0510584559e-01
    4.2700000000e+04    1.0501814507e-01
    4.2800000000e+04    1.1673992849e-01
    4.2900000000e+04    1.1683135876e-01
    4.3000000000e+04    1.4106307811e-01
    4.3100000000e+04    1.1810534023e-01
    4.3200000000e+04    1.0470095531e-01
    4.3300000000e+04    9.7322934494e-02
    4.3400000000e+04    1.2022406652e-01
    4.3500000000e+04    1.0752711505e-01
    4.3600000000e+04    9.9231018391e-02
    4.3700000000e+04    1.1492647964e-01
    4.3800000000e+04    1.2142155643e-01
    4.3900000000e+04    1.2168976531e-01
    4.4000000000e+04    1.4142122091e-01
    4.4100000000e+04    1.4100172981e-01
    4.4200000000e+04    1.0314747948e-01
    4.4300000000e+04    1.3859169990e-01
    4.4400000000e+04    1.3136543030e-01
    4.4500000000e+04    1.2007753870e-01
    4.4600000000e+04    1.1388490671e-01
    4.4700000000e+04    1.1578610012e-01
    4.4800000000e+04    1.0668732600e-01
    4.4900000000e+04    9.9798900595e-02
    4.5000000000e+04    1.2434157728e-01
    4.5100000000e+04    1.3620800296e-01
    4.5200000000e+04    1.1933475130e-01
    4.5300000000e+04    1.5259653932e-01
    4.5400000000e+04    1.3222975843e-01
    4.5500000000e+04    1.1616307432e-01
    4.5600000000e+04    1.2921048216e-01
    4.5700000000e+04    1.1248732640e-01
    4.5800000000e+04    1.0132757407e-01
    4.5900000000e+04    1.1903943179e-01
    4.6000000000e+04    1.0267756543e-01
    4.6100000000e+04    1.1818013961e-01
    4.6200000000e+04    1.1349330340e-01
    4.6300000000e+04    1.0479445078e-01
    4.6400000000e+04    1.2392072285e-01
    4.6500000000e+04    1.4180986684e-01
    4.6600000000e+04    1.3206101696e-01
    4.6700000000e+04    1.0192039704e-01
    4.6800000000e+04    1.1990219413e-01
    4.6900000000e+04    1.0795705658e-01
    4.7000000000e+04    1.1469058561e-01
    4.7100000000e+04    1.1352732509e-01
    4.7200000000e+04    1.0847408606e-01
    4.7300000000e+04    1.1388262890e-01
    4.7400000000e+04    1.1326745736e-01
    4.7500000000e+04    8.9384212078e-02
    4.7600000000e+04    1.0773478878e-01
    4.7700000000e+04    1.0887617691e-01
    4.7800000000e+04    1.0406507565e-01
    4.7900000000e+04    9.8962394330e-02
    4.8000000000e+04    1.3236209280e-01
    4.8100000000e+04    1.2109458819e-01
    4.8200000000e+04    9.6732579880e-02
    4.8300000000e+04    1.0956257152e-01
    4.8400000000e+04    1.2310444886e-01
    4.8500000000e+04    1.3609732370e-01
    4.8600000000e+04    1.3841462146e-01
    4.8700000000e+04    1.2900204466e-01
    4.8800000000e+04    1.3591493815e-01
    4.8900000000e+04    1.2747263996e-01
    4.9000000000e+04    1.2780300788e-01
    4.9100000000e+04    1.4766577772e-01
    4.9200000000e+04    1.1778600198e-01
    4.9300000000e+04    1.1959969534e-01
    4.9400000000e+04    1.2776199024e-01
    4.9500000000e+04    1.1118192354e-01
    4.9600000000e+04    1.0428887639e-01
    4.9700000000e+04    1.3073134701e-01
    4.9800000000e+04    1.1364859413e-01
    4.9900000000e+04    1.1279594488e-01
    5.0000000000e+04    1.1866538120e-01
    5.0100000000e+04    1.1240093452e-01
    5.0200000000e+04    1.3685626082e-01
    5.0300000000e+04    1.8879474676e-01
    5.0400000000e+04    1.0831155952e-01
    5.0500000000e+04    1.3008022473e-01
    5.0600000000e+04    1.1344047364e-01
    5.0700000000e+04    1.0122610808e-01
    5.0800000000e+04    1.2695015210e-01
    5.0900000000e+04    1.0852059432e-01
    5.1000000000e+04    9.0644408934e-02
    5.1100000000e+04    1.0036881854e-01
    5.1200000000e+04    1.0221009822e-01
    5.1300000000e+04    1.1208791529e-01
    5.1400000000e+04    1.2548545324e-01
    5.1500000000e+04    1.7736027141e-01
    5.1600000000e+04    1.5913141376e-01
    5.1700000000e+04    1.4683418894e-01
    5.1800000000e+04    1.2452543542e-01
    5.1900000000e+04    1.1582967873e-01
    5.2000000000e+04    9.3528004581e-02
    5.2100000000e+04    1.2280202519e-01
    5.2200000000e+04    1.3681451419e-01
    5.2300000000e+04    1.5222397089e-01
    5.2400000000e+04    1.3811184537e-01
    5.2500000000e+04    1.6842993829e-01
    5.2600000000e+04    1.4417944538e-01
    5.2700000000e+04    1.1670692075e-01
    5.2800000000e+04    1.1525451943e-01
    5.2900000000e+04    1.1561352459e-01
    5.3000000000e+04    1.0145498105e-01
    5.3100000000e+04    1.2264957562e-01
    5.3200000000e+04    1.0955220015e-01
    5.3300000000e+04    1.3435811610e-01
    5.3400000000e+04    1.4875207159e-01
    5.3500000000e+04    1.3115697627e-01
    5.3600000000e+04    1.1541235550e-01
    5.3700000000e+04    1.4540499617e-01
    5.3800000000e+04    1.7633987176e-01
    5.3900000000e+04    1.3448767829e-01
    5.4000000000e+04    1.2894659837e-01
    5.4100000000e+04    1.1994378752e-01
    5.4200000000e+04    1.7129118334e-01
    5.4300000000e+04    1.1523407585e-01
    5.4400000000e+04    1.2094378385e-01
    5.4500000000e+04    1.4372100248e-01
    5.4600000000e+04    1.2114189229e-01
    5.4700000000e+04    1.3038923723e-01
    5.4800000000e+04    1.1244489347e-01
    5.4900000000e+04    1.1588569753e-01
    5.5000000000e+04    1.2082348224e-01
    5.5100000000e+04    1.0669204053e-01
    5.5200000000e+04    1.1786255120e-01
    5.5300000000e+04    1.5880602078e-01
    5.5400000000e+04    1.1428208107e-01
    5.5500000000e+04    1.1114487868e-01
    5.5600000000e+04    1.1492399972e-01
    5.5700000000e+04    1.2494910170e-01
    5.5800000000e+04    1.1519365135e-01
    5.5900000000e+04    1.1178375598e-01
    5.6000000000e+04    1.3277262077e-01
    5.6100000000e+04    1.0663692890e-01
    5.6200000000e+04    1.5408132200e-01
    5.6300000000e+04    1.1414861977e-01
    5.6400000000e+04    1.3160467656e-01
    5.6500000000e+04    1.2473181978e-01
    5.6600000000e+04    1.3477611224e-01
    5.6700000000e+04    1.1403505900e-01
    5.6800000000e+04    1.2669989935e-01
    5.6900000000e+04    1.5985209807e-01
    5.7000000000e+04    1.6871894545e-01
    5.7100000000e+04    9.3620535484e-02
    5.7200000000e+04    1.2114103934e-01
    5.7300000000e+04    1.1896874768e-01
    5.7400000000e+04    9.9668787489e-02
    5.7500000000e+04    1.3815869769e-01
    5.7600000000e+04    1.4805654383e-01
    5.7700000000e+04    1.4724600398e-01
    5.7800000000e+04    1.6378421793e-01
    5.7900000000e+04    1.6277585037e-01
    5.8000000000e+04    1.1648201034e-01
    5.8100000000e+04    1.3115232133e-01
    5.8200000000e+04    1.2920004607e-01
    5.8300000000e+04    1.5276885519e-01
    5.8400000000e+04    1.5409616792e-01
    5.8500000000e+04    1.4210145424e-01
    5.8600000000e+04    1.2134213955e-01
    5.8700000000e+04    1.4244445696e-01
    5.8800000000e+04    1.9453180470e-01
    5.8900000000e+04    1.8530296149e-01
    5.9000000000e+04    1.5937411205e-01
    5.9100000000e+04    1.6068798625e-01
    5.9200000000e+04    1.4877565650e-01
    5.9300000000e+04    1.0401909307e-01
    5.9400000000e+04    1.2802517210e-01
    5.9500000000e+04    1.4183298033e-01
    5.9600000000e+04    1.2649551475e-01
    5.9700000000e+04    1.5214503369e-01
    5.9800000000e+04    1.0160138464e-01
    5.9900000000e+04    1.0736007476e-01
    6.0000000000e+04    1.3079477261e-01
    6.0100000000e+04    1.1232122426e-01
    6.0200000000e+04    1.0814137348e-01
    6.0300000000e+04    1.1505218826e-01
    6.0400000000e+04    1.0943509697e-01
    6.0500000000e+04    1.2451432676e-01
    6.0600000000e+04    1.6164493147e-01
    6.0700000000e+04    1.1971741987e-01
    6.0800000000e+04    1.4166681961e-01
    6.0900000000e+04    1.0569102013e-01
    6.1000000000e+04    1.3140817746e-01
    6.1100000000e+04    1.3058546817e-01
    6.1200000000e+04    1.3915894191e-01
    6.1300000000e+04    1.1243883241e-01
    6.1400000000e+04    1.1751816993e-01
    6.1500000000e+04    1.4013008001e-01
    6.1600000000e+04    1.2713290459e-01
    6.1700000000e+04    1.1196543746e-01
    6.1800000000e+04    1.5685010996e-01
    6.1900000000e+04    1.3851461959e-01
    6.2000000000e+04    1.7830024013e-01
    6.2100000000e+04    1.2678385089e-01
    6.2200000000e+04    1.0439156158e-01
    6.2300000000e+04    1.0510001961e-01
    6.2400000000e+04    1.1053764615e-01
    6.2500000000e+04    9.2100186863e-02
    6.2600000000e+04    1.0274891149e-01
    6.2700000000e+04    1.5653207116e-01
    6.2800000000e+04    1.2634802488e-01
    6.2900000000e+04    1.4454035202e-01
    6.3000000000e+04    1.6028592646e-01
    6.3100000000e+04    1.2804989111e-01
    6.3200000000e+04    1.6271347797e-01
    6.3300000000e+04    1.2900497056e-01
    6.3400000000e+04    1.0122907955e-01
    6.3500000000e+04    1.2207940786e-01
    6.3600000000e+04    1.3691556460e-01
    6.3700000000e+04    1.4497837106e-01
    6.3800000000e+04    1.1360429249e-01
    6.3900000000e+04    1.2127490502e-01
    6.4000000000e+04    1.1864478266e-01
    6.4100000000e+04    1.1210959155e-01
    6.4200000000e+04    1.1202375691e-01
    6.4300000000e+04    1.1442082456e-01
    6.4400000000e+04    1.0973397841e-01
    6.4500000000e+04    1.1111731691e-01
    6.4600000000e+04    1.1479180088e-01
    6.4700000000e+04    1.2359314053e-01
    6.4800000000e+04    1.1029602032e-01
    6.4900000000e+04    1.0013785968e-01
    6.5000000000e+04    1.0023928402e-01
    6.5100000000e+04    1.0934229266e-01
    6.5200000000e+04    1.0819166473e-01
    6.5300000000e+04    1.1333941014e-01
    6.5400000000e+04    1.3511262616e-01
    6.5500000000e+04    1.1791063184e-01
    6.5600000000e+04    1.1376483164e-01
    6.5700000000e+04    1.4128495210e-01
    6.5800000000e+04    1.1386120905e-01
    6.5900000000e+04    1.2158823676e-01
    6.6000000000e+04    1.1821557777e-01
    6.6100000000e+04    1.1882888893e-01
    6.6200000000e+04    9.6268845213e-02
    6.6300000000e+04    1.1114674186e-01
    6.6400000000e+04    1.1812936313e-01
    6.6500000000e+04    1.1921066865e-01
    6.6600000000e+04    1.1009576196e-01
    6.6700000000e+04    1.0925250320e-01
    6.6800000000e+04    1.1358805145e-01
    6.6900000000e+04    1.0001729256e-01
    6.7000000000e+04    9.3324318703e-02
    6.7100000000e+04    1.0674221226e-01
    6.7200000000e+04    1.2879719273e-01
    6.7300000000e+04    1.0007668969e-01
    6.7400000000e+04    1.1926883394e-01
    6.7500000000e+04    1.5531644616e-01
    6.7600000000e+04    1.5353989023e-01
    6.7700000000e+04    1.1337259453e-01
    6.7800000000e+04    1.2610622901e-01
    6.7900000000e+04    1.0055624170e-01
    6.8000000000e+04    1.2706691635e-01
    6.8100000000e+04    1.0242814941e-01
    6.8200000000e+04    1.1218421797e-01
    6.8300000000e+04    1.3767052170e-01
    6.8400000000e+04    1.0340047029e-01
    6.8500000000e+04    1.0004788478e-01
    6.8600000000e+04    1.0498949145e-01
    6.8700000000e+04    1.2930960655e-01
    6.8800000000e+04    1.4364078947e-01
    6.8900000000e+04    1.3401232910e-01
    6.9000000000e+04    1.1396795114e-01
    6.9100000000e+04    1.0424960321e-01
    6.9200000000e+04    1.2558053351e-01
    6.9300000000e+04    1.0331564913e-01
    6.9400000000e+04    1.0479607427e-01
    6.9500000000e+04    1.0697354068e-01
    6.9600000000e+04    1.3410698711e-01
    6.9700000000e+04    1.4979790873e-01
    6.9800000000e+04    1.3080023459e-01
    6.9900000000e+04    1.2744703216e-01
    7.0000000000e+04    1.2068846706e-01
    7.0100000000e+04    1.0702432293e-01
    7.0200000000e+04    1.1743036496e-01
    7.0300000000e+04    1.0762844614e-01
    7.0400000000e+04    1.0245655616e-01
    7.0500000000e+04    1.0622091629e-01
    7.0600000000e+04    1.0231624989e-01
    7.0700000000e+04    1.1992411717e-01
    7.0800000000e+04    1.2126211489e-01
    7.0900000000e+04    1.1363157357e-01
    7.1000000000e+04    1.3833029647e-01
    7.1100000000e+04    9.5334809558e-02
    7.1200000000e+04    1.2480817579e-01
    7.1300000000e+04    1.2039028180e-01
    7.1400000000e+04    9.8512316284e-02
    7.1500000000e+04    1.0198191035e-01
    7.1600000000e+04    1.0971315871e-01
    7.1700000000e+04    1.0931580430e-01
    7.1800000000e+04    1.2277014750e-01
    7.1900000000e+04    1.0763351044e-01
    7.2000000000e+04    1.2096559990e-01
    7.2100000000e+04    1.1548678607e-01
    7.2200000000e+04    1.0412974987e-01
    7.2300000000e+04    1.1383996529e-01
    7.2400000000e+04    1.1979303109e-01
    7.2500000000e+04    1.2404133246e-01
    7.2600000000e+04    1.2586627974e-01
    7.2700000000e+04    1.1140921758e-01
    7.2800000000e+04    1.3680105515e-01
    7.2900000000e+04    1.2195359317e-01
    7.3000000000e+04    1.2096858498e-01
    7.3100000000e+04    1.0589517566e-01
    7.3200000000e+04    1.3561533101e-01
    7.3300000000e+04    1.2126512237e-01
    7.3400000000e+04    1.1024653469e-01
    7.3500000000e+04    1.3550648730e-01
    7.3600000000e+04    1.1513902525e-01
    7.3700000000e+04    1.0396058073e-01
    7.3800000000e+04    1.1047083443e-01
    7.3900000000e+04    1.0572625312e-01
    7.4000000000e+04    1.1170608107e-01
    7.4100000000e+04    1.2598633635e-01
    7.4200000000e+04    1.2234665865e-01
    7.4300000000e+04    1.6616046615e-01
    7.4400000000e+04    1.4008931617e-01
    7.4500000000e+04    1.3062811252e-01
    7.4600000000e+04    1.2070039649e-01
    7.4700000000e+04    1.0445831856e-01
    7.4800000000e+04    1.0965337420e-01
    7.4900000000e+04    1.2977956367e-01
    7.5000000000e+04    1.1044036573e-01
    7.5100000000e+04    1.1460021674e-01
    7.5200000000e+04    1.0677473249e-01
    7.5300000000e+04    1.0288726509e-01
    7.5400000000e+04    9.0689806830e-02
    7.5500000000e+04    1.0178163397e-01
    7.5600000000e+04    1.2536036449e-01
    7.5700000000e+04    1.1549701769e-01
    7.5800000000e+04    1.1207345643e-01
    7.5900000000e+04    1.0790434883e-01
    7.6000000000e+04    1.3529080124e-01
    7.6100000000e+04    1.0148071433e-01
    7.6200000000e+04    9.4229752871e-02
    7.6300000000e+04    1.0423460606e-01
    7.6400000000e+04    1.1466729610e-01
    7.6500000000e+04    9.9700940469e-02
    7.6600000000e+04    1.2307861585e-01
    7.6700000000e+04    1.5317290829e-01
    7.6800000000e+04    1.2605819541e-01
    7.6900000000e+04    1.0570201679e-01
    7.7000000000e+04    9.3850734058e-02
    7.7100000000e+04    9.7525174381e-02
    7.7200000000e+04    1.0830362765e-01
    7.7300000000e+04    9.8573858789e-02
    7.7400000000e+04    1.2826206166e-01
    7.7500000000e+04    8.7977754605e-02
    7.7600000000e+04    1.0033593439e-01
    7.7700000000e+04    1.0909073830e-01
    7.7800000000e+04    9.5624089264e-02
    7.7900000000e+04    1.1618077230e-01
    7.8000000000e+04    1.2869825493e-01
    7.8100000000e+04    1.2597444381e-01
    7.8200000000e+04    1.2277878306e-01
    7.8300000000e+04    1.1797294156e-01
    7.8400000000e+04    9.2030400108e-02
    7.8500000000e+04    1.1464263896e-01
    7.8600000000e+04    1.2146019524e-01
    7.8700000000e+04    1.1806165467e-01
    7.8800000000e+04    1.0876057145e-01
    7.8900000000e+04    1.3984732842e-01
    7.9000000000e+04    1.1851502254e-01
    7.9100000000e+04    1.3333405923e-01
    7.9200000000e+04    1.5826695594e-01
    7.9300000000e+04    1.4371461184e-01
    7.9400000000e+04    9.7524983033e-02
    7.9500000000e+04    1.0082157547e-01
    7.9600000000e+04    8.4515078916e-02
    7.9700000000e+04    9.5438849081e-02
    7.9800000000e+04    1.3053285647e-01
    7.9900000000e+04    1.0438169032e-01
    8.0000000000e+04    1.0680716189e-01
    8.0100000000e+04    1.5080392934e-01
    8.0200000000e+04    1.3286732763e-01
    8.0300000000e+04    1.4140927940e-01
    8.0400000000e+04    1.1896752561e-01
    8.0500000000e+04    1.0439808278e-01
    8.0600000000e+04    9.9398567115e-02
    8.0700000000e+04    1.2117850640e-01
    8.0800000000e+04    8.9772230243e-02
    8.0900000000e+04    1.0924799996e-01
    8.1000000000e+04    1.2473620319e-01
    8.1100000000e+04    1.3402710211e-01
    8.1200000000e+04    1.5160856188e-01
    8.1300000000e+04    1.7804887530e-01
    8.1400000000e+04    1.4521178056e-01
    8.1500000000e+04    1.2011057285e-01
    8.1600000000e+04    1.2313887537e-01
    8.1700000000e+04    1.3290888366e-01
    8.1800000000e+04    1.2751110971e-01
    8.1900000000e+04    1.0654337575e-01
    8.2000000000e+04    1.1287367152e-01
    8.2100000000e+04    1.0006965798e-01
    8.2200000000e+04    1.2965912751e-01
    8.2300000000e+04    1.3762768254e-01
    8.2400000000e+04    1.3671454047e-01
    8.2500000000e+04    1.4828699372e-01
    8.2600000000e+04    1.6456230344e-01
    8.2700000000e+04    1.1186849451e-01
    8.2800000000e+04    1.1917955658e-01
    8.2900000000e+04    1.0879582678e-01
    8.3000000000e+04    1.1842895495e-01
    8.3100000000e+04    1.1759030305e-01
    8.3200000000e+04    1.1044994735e-01
    8.3300000000e+04    1.1904216393e-01
    8.3400000000e+04    9.7741595320e-02
    8.3500000000e+04    1.6207158125e-01
    8.3600000000e+04    1.5015238504e-01
    8.3700000000e+04    1.1845983308e-01
    8.3800000000e+04    1.2148478390e-01
    8.3900000000e+04    1.0069739983e-01
    8.4000000000e+04    1.0251970394e-01
    8.4100000000e+04    1.1117257581e-01
    8.4200000000e+04    1.1231872304e-01
    8.4300000000e+04    1.2717333696e-01
    8.4400000000e+04    1.5067883132e-01
    8.4500000000e+04    1.5188579036e-01
    8.4600000000e+04    1.3470397090e-01
    8.4700000000e+04    1.0844641230e-01
    8.4800000000e+04    1.1840230652e-01
    8.4900000000e+04    1.1584365216e-01
    8.5000000000e+04    1.2303965200e-01
    8.5100000000e+04    1.1027972101e-01
    8.5200000000e+04    1.6931061991e-01
    8.5300000000e+04    1.1971074972e-01
    8.5400000000e+04    1.2961995148e-01
    8.5500000000e+04    1.1461817523e-01
    8.5600000000e+04    1.0412139723e-01
    8.5700000000e+04    1.0527512590e-01
    8.5800000000e+04    1.1127359209e-01
    8.5900000000e+04    1.4796871405e-01
    8.6000000000e+04    1.1341242061e-01
    8.6100000000e+04    1.2138319627e-01
    8.6200000000e+04    1.3994694685e-01
    8.6300000000e+04    1.4540260954e-01
    8.6400000000e+04    1.3137969208e-01
    8.6500000000e+04    1.2913001171e-01
    8.6600000000e+04    1.0696856699e-01
    8.6700000000e+04    1.0931212199e-01
    8.6800000000e+04    9.3122926638e-02
    8.6900000000e+04    1.1006706816e-01
    8.7000000000e+04    1.0623602459e-01
    8.7100000000e+04    1.2615426192e-01
    8.7200000000e+04    1.5652736667e-01
    8.7300000000e+04    1.3969808513e-01
    8.7400000000e+04    1.5223019087e-01
    8.7500000000e+04    1.2749727825e-01
    8.7600000000e+04    1.2840178306e-01
    8.7700000000e+04    1.2011479536e-01
    8.7800000000e+04    1.1108113299e-01
    8.7900000000e+04    1.2891254100e-01
    8.8000000000e+04    1.0449555620e-01
    8.8100000000e+04    9.6424185537e-02
    8.8200000000e+04    9.2609484613e-02
    8.8300000000e+04    1.0249519615e-01
    8.8400000000e+04    1.2290086092e-01
    8.8500000000e+04    1.1899010366e-01
    8.8600000000e+04    1.0322276092e-01
    8.8700000000e+04    1.1644556793e-01
    8.8800000000e+04    1.4411287600e-01
    8.8900000000e+04    1.4623218141e-01
    8.9000000000e+04    1.4130671775e-01
    8.9100000000e+04    1.0072599994e-01
    8.9200000000e+04    1.1740121138e-01
    8.9300000000e+04    9.0366848244e-02
    8.9400000000e+04    1.3648002433e-01
    8.9500000000e+04    1.1848189928e-01
    8.9600000000e+04    1.0594075642e-01
    8.9700000000e+04    1.3647177080e-01
    8.9800000000e+04    1.0235200647e-01
    8.9900000000e+04    1.1385013586e-01
    9.0000000000e+04    1.1838211628e-01
    9.0100000000e+04    1.5791408254e-01
    9.0200000000e+04    1.0492929090e-01
    9.0300000000e+04    1.5684114870e-01
    9.0400000000e+04    9.8503078577e-02
    9.0500000000e+04    9.2514955225e-02
    9.0600000000e+04    1.0269136834e-01
    9.0700000000e+04    9.6731687379e-02
    9.0800000000e+04    8.7773796388e-02
    9.0900000000e+04    9.9149090819e-02
    9.1000000000e+04    1.0860990513e-01
    9.1100000000e+04    9.7913378049e-02
    9.1200000000e+04    1.2280317419e-01
    9.1300000000e+04    1.1192720108e-01
    9.1400000000e+04    1.1138325689e-01
    9.1500000000e+04    1.0645586909e-01
    9.1600000000e+04    1.1756798412e-01
    9.1700000000e+04    1.1434377312e-01
    9.1800000000e+04    9.5787371997e-02
    9.1900000000e+04    1.0273988159e-01
    9.2000000000e+04    1.4782651613e-01
    9.2100000000e+04    1.7021677514e-01
    9.2200000000e+04    1.2254744715e-01
    9.2300000000e+04    1.0139700559e-01
    9.2400000000e+04    1.1758182474e-01
    9.2500000000e+04    1.3127064075e-01
    9.2600000000e+04    1.3913656496e-01
    9.2700000000e+04    1.1717543446e-01
    9.2800000000e+04    1.2028264599e-01
    9.2900000000e+04    1.3580329292e-01
    9.3000000000e+04    1.1479461682e-01
    9.3100000000e+04    1.1027577249e-01
    9.3200000000e+04    1.1162578744e-01
    9.3300000000e+04    1.2350128705e-01
    9.3400000000e+04    1.1069302144e-01
    9.3500000000e+04    1.2263856539e-01
    9.3600000000e+04    1.0746627449e-01
    9.3700000000e+04    1.5168343293e-01
    9.3800000000e+04    1.3757371798e-01
    9.3900000000e+04    1.3055685386e-01
    9.4000000000e+04    1.1910841076e-01
    9.4100000000e+04    1.2375466796e-01
    9.4200000000e+04    1.1876807180e-01
    9.4300000000e+04    1.2080654019e-01
    9.4400000000e+04    1.1092207214e-01
    9.4500000000e+04    1.1251359701e-01
    9.4600000000e+04    1.0497111643e-01
    9.4700000000e+04    1.2724935423e-01
    9.4800000000e+04    1.1363054062e-01
    9.4900000000e+04    1.1222759638e-01
    9.5000000000e+04    1.0971760090e-01
    9.5100000000e+04    1.0260886441e-01
    9.5200000000e+04    9.4560768621e-02
    9.5300000000e+04    1.1038111273e-01
    9.5400000000e+04    1.0780974931e-01
    9.5500000000e+04    1.0579749892e-01
    9.5600000000e+04    1.0252851341e-01
    9.5700000000e+04    1.3607295145e-01
    9.5800000000e+04    1.3015471532e-01
    9.5900000000e+04    1.1598368004e-01
    9.6000000000e+04    1.2285672206e-01
    9.6100000000e+04    9.7228992421e-02
    9.6200000000e+04    1.1851468482e-01
    9.6300000000e+04    1.4272000321e-01
    9.6400000000e+04    1.1453641729e-01
    9.6500000000e+04    1.1973049222e-01
    9.6600000000e+04    1.1382375700e-01
    9.6700000000e+04    1.2367552043e-01
    9.6800000000e+04    1.0512564783e-01
    9.6900000000e+04    1.0401069831e-01
    9.7000000000e+04    1.4705340230e-01
    9.7100000000e+04    9.8773888808e-02
    9.7200000000e+04    1.3711942669e-01
    9.7300000000e+04    9.0938746306e-02
    9.7400000000e+04    1.1338993586e-01
    9.7500000000e+04    1.4386980737e-01
    9.7600000000e+04    1.1674627058e-01
    9.7700000000e+04    1.1631933559e-01
    9.7800000000e+04    1.3443181996e-01
    9.7900000000e+04    1.3127394912e-01
    9.8000000000e+04    1.2859939146e-01
    9.8100000000e+04    1.3216277726e-01
    9.8200000000e+04    1.1479800722e-01
    9.8300000000e+04    9.8476168869e-02
    9.8400000000e+04    1.1834814630e-01
    9.8500000000e+04    1.3609057694e-01
    9.8600000000e+04    1.1563358539e-01
    9.8700000000e+04    1.4222832313e-01
    9.8800000000e+04    1.8919485788e-01
    9.8900000000e+04    1.5717211567e-01
    9.9000000000e+04    9.7020134979e-02
    9.9100000000e+04    1.5010064038e-01
    9.9200000000e+04    1.1235545024e-01
    9.9300000000e+04    1.6310941004e-01
    9.9400000000e+04    1.1546084185e-01
    9.9500000000e+04    1.4545594974e-01
    9.9600000000e+04    1.0158494543e-01
    9.9700000000e+04    1.2208676584e-01
    9.9800000000e+04    1.2051590286e-01
    9.9900000000e+04    1.0088001784e-01
    1.0000000000e+05    1.1219943655e-01
    1.0010000000e+05    1.2002280864e-01
    1.0020000000e+05    1.2013310586e-01
    1.0030000000e+05    1.4129765592e-01
    1.0040000000e+05    1.4311774982e-01
    1.0050000000e+05    9.4462696948e-02
    1.0060000000e+05    1.1545757872e-01
    1.0070000000e+05    8.6579687207e-02
    1.0080000000e+05    9.6398848636e-02
    1.0090000000e+05    1.3467529764e-01
    1.0100000000e+05    1.3495785428e-01
    1.0110000000e+05    1.8913871126e-01
    1.0120000000e+05    1.9258387482e-01
    1.0130000000e+05    1.2869707008e-01
    1.0140000000e+05    1.0800863088e-01
    1.0150000000e+05    1.0992894797e-01
    1.0160000000e+05    1.2630807979e-01
    1.0170000000e+05    1.0771329840e-01
    1.0180000000e+05    1.2304952570e-01
    1.0190000000e+05    1.2916699742e-01
    1.0200000000e+05    1.0405503156e-01
    1.0210000000e+05    1.1816521426e-01
    1.0220000000e+05    1.1904262263e-01
    1.0230000000e+05    1.1903953851e-01
    1.0240000000e+05    1.1220249203e-01
    1.0250000000e+05    1.1419893367e-01
    1.0260000000e+05    1.3303115891e-01
    1.0270000000e+05    1.2054527081e-01
    1.0280000000e+05    1.0083643099e-01
    1.0290000000e+05    1.1055970356e-01
    1.0300000000e+05    1.1369169847e-01
    1.0310000000e+05    1.3071144266e-01
    1.0320000000e+05    1.1975033965e-01
    1.0330000000e+05    1.9611330429e-01
    1.0340000000e+05    1.5453980800e-01
    1.0350000000e+05    1.9446777338e-01
    1.0360000000e+05    1.5397794502e-01
    1.0370000000e+05    1.1293266589e-01
    1.0380000000e+05    1.4223431233e-01
    1.0390000000e+05    1.7664282703e-01
    1.0400000000e+05    1.7408823888e-01
    1.0410000000e+05    1.2120320206e-01
    1.0420000000e+05    1.1491318763e-01
    1.0430000000e+05    1.1677400239e-01
    1.0440000000e+05    1.3694892605e-01
    1.0450000000e+05    1.2507693889e-01
    1.0460000000e+05    1.2618230659e-01
    1.0470000000e+05    7.8194553950e-02
    1.0480000000e+05    9.8586873067e-02
    1.0490000000e+05    1.4335554597e-01
    1.0500000000e+05    1.1447408928e-01
    1.0510000000e+05    1.1379301760e-01
    1.0520000000e+05    1.4484299588e-01
    1.0530000000e+05    1.4157717038e-01
    1.0540000000e+05    1.6996163573e-01
    1.0550000000e+05    1.1139793290e-01
    1.0560000000e+05    1.5393408948e-01
    1.0570000000e+05    1.5939282661e-01
    1.0580000000e+05    1.5036172919e-01
    1.0590000000e+05    1.4636262432e-01
    1.0600000000e+05    1.1672753051e-01
    1.0610000000e+05    9.7290258493e-02
    1.0620000000e+05    1.5373061901e-01
    1.0630000000e+05    1.3539570492e-01
    1.0640000000e+05    1.9020888244e-01
    1.0650000000e+05    1.6477831369e-01
    1.0660000000e+05    1.1533674668e-01
    1.0670000000e+05    1.2170411812e-01
    1.0680000000e+05    1.2931326757e-01
    1.0690000000e+05    1.3228076703e-01
    1.0700000000e+05    1.0424909774e-01
    1.0710000000e+05    1.2458506629e-01
    1.0720000000e+05    1.0966909313e-01
    1.0730000000e+05    1.1180774593e-01
    1.0740000000e+05    1.5837744730e-01
    1.0750000000e+05    1.4382646736e-01
    1.0760000000e+05    1.9059218317e-01
    1.0770000000e+05    1.0858883625e-01
    1.0780000000e+05    1.2959608167e-01
    1.0790000000e+05    1.1881631474e-01
    1.0800000000e+05    1.2424352197e-01
    1.0810000000e+05    1.2228266629e-01
    1.0820000000e+05    1.1980217571e-01
    1.0830000000e+05    1.3437600044e-01
    1.0840000000e+05    1.5327752471e-01
    1.0850000000e+05    1.1527331588e-01
    1.0860000000e+05    1.0265235510e-01
    1.0870000000e+05    1.3589001389e-01
    1.0880000000e+05    1.0741743213e-01
    1.0890000000e+05    1.3441213442e-01
    1.0900000000e+05    1.1426314841e-01
    1.0910000000e+05    1.3991309752e-01
    1.0920000000e+05    1.4669247565e-01
    1.0930000000e+05    1.2052289687e-01
    1.0940000000e+05    1.3771915574e-01
    1.0950000000e+05    1.3281311828e-01
    1.0960000000e+05    1.2872347558e-01
    1.0970000000e+05    1.4293894780e-01
    1.0980000000e+05    1.2161162639e-01
    1.0990000000e+05    1.5238469413e-01
    1.1000000000e+05    1.2134326093e-01
    1.1010000000e+05    1.2391789957e-01
    1.1020000000e+05    1.2843265394e-01
    1.1030000000e+05    1.2126709568e-01
    1.1040000000e+05    1.1420825157e-01
    1.1050000000e+05    9.6547053611e-02
    1.1060000000e+05    1.2314696308e-01
    1.1070000000e+05    1.0244875201e-01
    1.1080000000e+05    1.0301252552e-01
    1.1090000000e+05    1.0187985260e-01
    1.1100000000e+05    1.0394030997e-01
    1.1110000000e+05    1.2096156337e-01
    1.1120000000e+05    1.2767785932e-01
    1.1130000000e+05    1.3084650694e-01
    1.1140000000e+05    1.0956137428e-01
    1.1150000000e+05    1.2430621047e-01
    1.1160000000e+05    1.2032162345e-01
    1.1170000000e+05    1.0774055573e-01
    1.1180000000e+05    1.3126267666e-01
    1.1190000000e+05    1.1775391995e-01
    1.1200000000e+05    1.0278731221e-01
    1.1210000000e+05    1.2240008340e-01
    1.1220000000e+05    1.2855661127e-01
    1.1230000000e+05    1.0826450754e-01
    1.1240000000e+05    1.4188576214e-01
    1.1250000000e+05    1.2187186438e-01
    1.1260000000e+05    1.4696970883e-01
    1.1270000000e+05    1.0632408425e-01
    1.1280000000e+05    1.1312119679e-01
    1.1290000000e+05    1.0500732018e-01
    1.1300000000e+05    1.0828145937e-01
    1.1310000000e+05    1.0799875509e-01
    1.1320000000e+05    1.1007003908e-01
    1.1330000000e+05    1.3188663728e-01
    1.1340000000e+05    1.1503976491e-01
    1.1350000000e+05    1.4187111029e-01
    1.1360000000e+05    1.2092965247e-01
    1.1370000000e+05    1.3193968068e-01
    1.1380000000e+05    1.0139543140e-01
    1.1390000000e+05    1.2352043036e-01
    1.1400000000e+05    1.0166844002e-01
    1.1410000000e+05    1.0665054923e-01
    1.1420000000e+05    1.1333291970e-01
    1.1430000000e+05    1.1548813122e-01
    1.1440000000e+05    1.2363149140e-01
    1.1450000000e+05    1.0099180050e-01
    1.1460000000e+05    1.2365050184e-01
    1.1470000000e+05    1.1942265540e-01
    1.1480000000e+05    1.3646174426e-01
    1.1490000000e+05    1.0491738619e-01
    1.1500000000e+05    9.6605882590e-02
    1.1510000000e+05    1.0579424584e-01
    1.1520000000e+05    1.5980517395e-01
    1.1530000000e+05    1.7814688534e-01
    1.1540000000e+05    1.2913269628e-01
    1.1550000000e+05    1.4859252236e-01
    1.1560000000e+05    1.2103659175e-01
    1.1570000000e+05    9.9996293615e-02
    1.1580000000e+05    1.1300198856e-01
    1.1590000000e+05    1.3895905584e-01
    1.1600000000e+05    1.0432785977e-01
    1.1610000000e+05    1.0778125262e-01
    1.1620000000e+05    8.5134527360e-02
    1.1630000000e+05    1.0818272311e-01
    1.1640000000e+05    1.0727928864e-01
    1.1650000000e+05    1.2931517331e-01
    1.1660000000e+05    1.3980275240e-01
    1.1670000000e+05    1.2217347720e-01
    1.1680000000e+05    1.1125585700e-01
    1.1690000000e+05    1.0739227028e-01
    1.1700000000e+05    1.0759629603e-01
    1.1710000000e+05    1.2661603868e-01
    1.1720000000e+05    1.2443618119e-01
    1.1730000000e+05    1.1744179341e-01
    1.1740000000e+05    1.6068278220e-01
    1.1750000000e+05    1.4516883627e-01
    1.1760000000e+05    1.0662695634e-01
    1.1770000000e+05    1.2183440467e-01
    1.1780000000e+05    9.3139500666e-02
    1.1790000000e+05    1.2955115464e-01
    1.1800000000e+05    1.2522442450e-01
    1.1810000000e+05    1.0857270500e-01
    1.1820000000e+05    1.4266727537e-01
    1.1830000000e+05    1.0752288379e-01
    1.1840000000e+05    1.1198708496e-01
    1.1850000000e+05    1.0721762484e-01
    1.1860000000e+05    1.1509403723e-01
    1.1870000000e+05    1.0449096869e-01
    1.1880000000e+05    1.3723537556e-01
    1.1890000000e+05    1.2198064617e-01
    1.1900000000e+05    1.1964010398e-01
    1.1910000000e+05    1.6384645751e-01
    1.1920000000e+05    1.5315674178e-01
    1.1930000000e+05    1.1863983852e-01
    1.1940000000e+05    1.1377820446e-01
    1.1950000000e+05    1.2182412954e-01
    1.1960000000e+05    1.0964663972e-01
    1.1970000000e+05    1.3683980442e-01
    1.1980000000e+05    1.2159641372e-01
    1.1990000000e+05    1.1631551722e-01
    1.2000000000e+05    1.5113387989e-01
    1.2010000000e+05    1.6340742078e-01
    1.2020000000e+05    1.2810679504e-01
    1.2030000000e+05    1.0410513563e-01
    1.2040000000e+05    1.8420875590e-01
    1.2050000000e+05    1.1717271667e-01
    1.2060000000e+05    1.2630705934e-01
    1.2070000000e+05    1.3292878441e-01
    1.2080000000e+05    1.0828314297e-01
    1.2090000000e+05    1.1279613828e-01
    1.2100000000e+05    1.3647589263e-01
    1.2110000000e+05    1.2923289127e-01
    1.2120000000e+05    1.1326173578e-01
    1.2130000000e+05    1.0170068469e-01
    1.2140000000e+05    1.4367084180e-01
    1.2150000000e+05    1.1452230961e-01
    1.2160000000e+05    1.1685135142e-01
    1.2170000000e+05    1.2070234039e-01
    1.2180000000e+05    1.0385429346e-01
    1.2190000000e+05    1.0394029713e-01
    1.2200000000e+05    1.1075709770e-01
    1.2210000000e+05    1.2250104704e-01
    1.2220000000e+05    1.3457300287e-01
    1.2230000000e+05    1.0969269767e-01
    1.2240000000e+05    1.1362663917e-01
    1.2250000000e+05    9.9769861662e-02
    1.2260000000e+05    1.3568745069e-01
    1.2270000000e+05    1.1353276640e-01
    1.2280000000e+05    1.2577164494e-01
    1.2290000000e+05    9.6414327337e-02
    1.2300000000e+05    1.1367469596e-01
    1.2310000000e+05    1.4142253482e-01
    1.2320000000e+05    1.4853582521e-01
    1.2330000000e+05    1.3283666300e-01
    1.2340000000e+05    1.4544220395e-01
    1.2350000000e+05    1.0854770766e-01
    1.2360000000e+05    1.2712422970e-01
    1.2370000000e+05    1.2596276086e-01
    1.2380000000e+05    1.4803549249e-01
    1.2390000000e+05    1.1536450684e-01
    1.2400000000e+05    1.1415922011e-01
    1.2410000000e+05    1.3235243124e-01
    1.2420000000e+05    1.2367503381e-01
    1.2430000000e+05    1.4234986900e-01
    1.2440000000e+05    1.6176769557e-01
    1.2450000000e+05    1.2587550355e-01
    1.2460000000e+05    1.3287150500e-01
    1.2470000000e+05    1.3856255942e-01
    1.2480000000e+05    9.0778697806e-02
    1.2490000000e+05    1.0205281523e-01
    1.2500000000e+05    9.5179764682e-02
    1.2510000000e+05    1.6797015248e-01
    1.2520000000e+05    1.0837856147e-01
    1.2530000000e+05    1.1459507049e-01
    1.2540000000e+05    1.3263310173e-01
    1.2550000000e+05    1.4079299671e-01
    1.2560000000e+05    1.6479396280e-01
    1.2570000000e+05    1.1106245460e-01
    1.2580000000e+05    1.1998262086e-01
    1.2590000000e+05    1.4241615881e-01
    1.2600000000e+05    1.4859535537e-01
    1.2610000000e+05    1.3345587530e-01
    1.2620000000e+05    9.5942175883e-02
    1.2630000000e+05    1.2493231018e-01
    1.2640000000e+05    1.2292038818e-01
    1.2650000000e+05    1.1365968403e-01
    1.2660000000e+05    1.1128752856e-01
    1.2670000000e+05    1.3093032465e-01
    1.2680000000e+05    1.0434429626e-01
    1.2690000000e+05    1.1969326527e-01
    1.2700000000e+05    1.3172809727e-01
    1.2710000000e+05    1.3544596224e-01
    1.2720000000e+05    1.2627834095e-01
    1.2730000000e+05    1.4237494403e-01
    1.2740000000e+05    1.5944018549e-01
    1.2750000000e+05    9.3188749226e-02
    1.2760000000e+05    1.0007720612e-01
    1.2770000000e+05    8.7677575836e-02
    1.2780000000e+05    1.0874370192e-01
    1.2790000000e+05    1.1087664819e-01
    1.2800000000e+05    9.9376982321e-02
    1.2810000000e+05    1.3989914586e-01
    1.2820000000e+05    1.2701502550e-01
    1.2830000000e+05    1.1080814870e-01
    1.2840000000e+05    1.5825815254e-01
    1.2850000000e+05    1.4889670270e-01
    1.2860000000e+05    1.3687562379e-01
    1.2870000000e+05    1.2127911336e-01
    1.2880000000e+05    1.4298751426e-01
    1.2890000000e+05    1.3500636621e-01
    1.2900000000e+05    8.8291307074e-02
    1.2910000000e+05    1.1716996577e-01
    1.2920000000e+05    1.1087327050e-01
    1.2930000000e+05    1.5036124616e-01
    1.2940000000e+05    1.4605202987e-01
    1.2950000000e+05    1.6764421194e-01
    1.2960000000e+05    1.3840483358e-01
    1.2970000000e+05    1.1613142230e-01
    1.2980000000e+05    1.1875159234e-01
    1.2990000000e+05    1.1486050843e-01
    1.3000000000e+05    1.0858542769e-01
    1.3010000000e+05    9.9417367752e-02
    1.3020000000e+05    1.1064947755e-01
    1.3030000000e+05    1.1191226499e-01
    1.3040000000e+05    1.1815629535e-01
    1.3050000000e+05    1.3393018046e-01
    1.3060000000e+05    1.1647805290e-01
    1.3070000000e+05    1.3430704377e-01
    1.3080000000e+05    1.2473663413e-01
    1.3090000000e+05    1.6516972730e-01
    1.3100000000e+05    1.3789450525e-01
    1.3110000000e+05    1.3933018326e-01
    1.3120000000e+05    1.0825981853e-01
    1.3130000000e+05    1.4121375678e-01
    1.3140000000e+05    1.2633632403e-01
    1.3150000000e+05    1.0819110608e-01
    1.3160000000e+05    1.1952298497e-01
    1.3170000000e+05    1.3322933191e-01
    1.3180000000e+05    1.5744083096e-01
    1.3190000000e+05    1.4479875542e-01
    1.3200000000e+05    1.5961757402e-01
    1.3210000000e+05    1.3614967312e-01
    1.3220000000e+05    1.2412327767e-01
    1.3230000000e+05    1.3802550852e-01
    1.3240000000e+05    1.2419752088e-01
    1.3250000000e+05    1.1189136247e-01
    1.3260000000e+05    1.2568089461e-01
    1.3270000000e+05    1.1270983036e-01
    1.3280000000e+05    1.4529742150e-01
    1.3290000000e+05    1.2294582619e-01
    1.3300000000e+05    1.2002410890e-01
    1.3310000000e+05    1.1070063647e-01
    1.3320000000e+05    1.0361453738e-01
    1.3330000000e+05    1.1282913838e-01
    1.3340000000e+05    1.0801469384e-01
    1.3350000000e+05    1.0915692206e-01
    1.3360000000e+05    1.0033222892e-01
    1.3370000000e+05    1.1074321207e-01
    1.3380000000e+05    1.1669162992e-01
    1.3390000000e+05    1.0391978860e-01
    1.3400000000e+05    1.2109231403e-01
    1.3410000000e+05    1.2961734052e-01
    1.3420000000e+05    1.0865268485e-01
    1.3430000000e+05    1.2718708165e-01
    1.3440000000e+05    1.0863808299e-01
    1.3450000000e+05    1.2312049929e-01
    1.3460000000e+05    1.0088398104e-01
    1.3470000000e+05    1.1169351955e-01
    1.3480000000e+05    1.1635496601e-01
    1.3490000000e+05    1.2213640304e-01
    1.3500000000e+05    1.1069872056e-01
    1.3510000000e+05    1.2303320673e-01
    1.3520000000e+05    1.1135941921e-01
    1.3530000000e+05    1.2060795230e-01
    1.3540000000e+05    1.3216459607e-01
    1.3550000000e+05    1.3052243240e-01
    1.3560000000e+05    1.3402328581e-01
    1.3570000000e+05    1.3317251326e-01
    1.3580000000e+05    1.2586845475e-01
    1.3590000000e+05    9.9035119135e-02
    1.3600000000e+05    1.1298466364e-01
    1.3610000000e+05    1.3714005100e-01
    1.3620000000e+05    1.2459963453e-01
    1.3630000000e+05    1.1687536905e-01
    1.3640000000e+05    9.2271559391e-02
    1.3650000000e+05    1.0597806237e-01
    1.3660000000e+05    1.1290604177e-01
    1.3670000000e+05    1.0871873229e-01
    1.3680000000e+05    1.3112158755e-01
    1.3690000000e+05    1.1441733909e-01
    1.3700000000e+05    1.1632290882e-01
    1.3710000000e+05    1.1604188441e-01
    1.3720000000e+05    1.1749326908e-01
    1.3730000000e+05    1.3012551773e-01
    1.3740000000e+05    1.3470267221e-01
    1.3750000000e+05    1.3059489277e-01
    1.3760000000e+05    1.3435450186e-01
    1.3770000000e+05    1.1509068074e-01
    1.3780000000e+05    1.0837005955e-01
    1.3790000000e+05    1.1299175069e-01
    1.3800000000e+05    1.2029893438e-01
    1.3810000000e+05    1.2167656649e-01
    1.3820000000e+05    1.0371370277e-01
    1.3830000000e+05    1.5216282025e-01
    1.3840000000e+05    1.0869130038e-01
    1.3850000000e+05    1.1416802529e-01
    1.3860000000e+05    1.0728883312e-01
    1.3870000000e+05    1.1300393896e-01
    1.3880000000e+05    1.3764618546e-01
    1.3890000000e+05    1.3187496080e-01
    1.3900000000e+05    1.3247920211e-01
    1.3910000000e+05    1.0803792988e-01
    1.3920000000e+05    1.7056673062e-01
    1.3930000000e+05    1.1199332756e-01
    1.3940000000e+05    1.2915954341e-01
    1.3950000000e+05    1.2706842496e-01
    1.3960000000e+05    9.9982917161e-02
    1.3970000000e+05    1.1517209987e-01
    1.3980000000e+05    9.6000792954e-02
    1.3990000000e+05    8.2077309908e-02
    1.4000000000e+05    9.9371357728e-02
    1.4010000000e+05    1.0119607222e-01
    1.4020000000e+05    1.1853942567e-01
    1.4030000000e+05    1.5034042136e-01
    1.4040000000e+05    1.1122721338e-01
    1.4050000000e+05    1.5908684671e-01
    1.4060000000e+05    1.1341031906e-01
    1.4070000000e+05    1.0514665962e-01
    1.4080000000e+05    1.0414743139e-01
    1.4090000000e+05    1.2020560728e-01
    1.4100000000e+05    1.0216893733e-01
    1.4110000000e+05    1.0395887253e-01
    1.4120000000e+05    1.0943836567e-01
    1.4130000000e+05    1.1181951269e-01
    1.4140000000e+05    1.1156060234e-01
    1.4150000000e+05    1.0692289316e-01
    1.4160000000e+05    1.1626822263e-01
    1.4170000000e+05    1.1720586463e-01
    1.4180000000e+05    1.1957765247e-01
    1.4190000000e+05    1.3664703484e-01
    1.4200000000e+05    1.1957422753e-01
    1.4210000000e+05    1.2797159096e-01
    1.4220000000e+05    1.2398962992e-01
    1.4230000000e+05    1.6989507874e-01
    1.4240000000e+05    1.1534793143e-01
    1.4250000000e+05    1.0738474524e-01
    1.4260000000e+05    9.7701227724e-02
    1.4270000000e+05    9.8053432949e-02
    1.4280000000e+05    1.3593982047e-01
    1.4290000000e+05    1.1177650398e-01
    1.4300000000e+05    1.2359622158e-01
    1.4310000000e+05    1.0201602858e-01
    1.4320000000e+05    1.0978353160e-01
    1.4330000000e+05    1.4751290159e-01
    1.4340000000e+05    1.0727531894e-01
    1.4350000000e+05    1.0658982904e-01
    1.4360000000e+05    1.3203683525e-01
    1.4370000000e+05    1.1603654887e-01
    1.4380000000e+05    1.4150042437e-01
    1.4390000000e+05    1.2393974720e-01
    1.4400000000e+05    1.3392846099e-01
    1.4410000000e+05    1.3252265300e-01
    1.4420000000e+05    1.4681150756e-01
    1.4430000000e+05    1.3875659019e-01
    1.4440000000e+05    1.2925403131e-01
    1.4450000000e+05    1.1112972849e-01
    1.4460000000e+05    1.0898407049e-01
    1.4470000000e+05    9.2974192175e-02
    1.4480000000e+05    1.3548198514e-01
    1.4490000000e+05    1.2073327162e-01
    1.4500000000e+05    1.2267570741e-01
    1.4510000000e+05    1.0284751839e-01
    1.4520000000e+05    1.0850936002e-01
    1.4530000000e+05    1.1751216433e-01
    1.4540000000e+05    1.1207195040e-01
    1.4550000000e+05    1.1233296776e-01
    1.4560000000e+05    1.5199734016e-01
    1.4570000000e+05    1.3285993898e-01
    1.4580000000e+05    1.3779056512e-01
    1.4590000000e+05    1.2924230032e-01
    1.4600000000e+05    1.4009622556e-01
    1.4610000000e+05    1.2363968782e-01
    1.4620000000e+05    1.2679627566e-01
    1.4630000000e+05    1.1927526328e-01
    1.4640000000e+05    1.0328499523e-01
    1.4650000000e+05    1.0651860489e-01
    1.4660000000e+05    1.5842230161e-01
    1.4670000000e+05    1.4891867047e-01
    1.4680000000e+05    1.6642861161e-01
    1.4690000000e+05    1.2019366884e-01
    1.4700000000e+05    1.0393926053e-01
    1.4710000000e+05    1.0398009431e-01
    1.4720000000e+05    1.1132384440e-01
    1.4730000000e+05    9.0322650268e-02
    1.4740000000e+05    1.1517225710e-01
    1.4750000000e+05    1.0885862216e-01
    1.4760000000e+05    1.2418616231e-01
    1.4770000000e+05    1.1333427147e-01
    1.4780000000e+05    1.2278407681e-01
    1.4790000000e+05    1.2890161572e-01
    1.4800000000e+05    1.0492634100e-01
    1.4810000000e+05    1.2252489055e-01
    1.4820000000e+05    1.0543636336e-01
    1.4830000000e+05    1.0791638642e-01
    1.4840000000e+05    1.1243530543e-01
    1.4850000000e+05    1.0670137334e-01
    1.4860000000e+05    1.2949102960e-01
    1.4870000000e+05    1.4506904098e-01
    1.4880000000e+05    1.4881356004e-01
    1.4890000000e+05    1.2649810778e-01
    1.4900000000e+05    1.2251715131e-01
    1.4910000000e+05    9.1656817977e-02
    1.4920000000e+05    9.2603506305e-02
    1.4930000000e+05    1.1497741639e-01
    1.4940000000e+05    1.1176540680e-01
    1.4950000000e+05    1.0001355966e-01
    1.4960000000e+05    1.1530560684e-01
    1.4970000000e+05    1.0032745603e-01
    1.4980000000e+05    1.2060740452e-01
    1.4990000000e+05    1.1425827501e-01
    1.5000000000e+05    1.1971119793e-01
    1.5010000000e+05    1.1404008339e-01
    1.5020000000e+05    1.0239116843e-01
    1.5030000000e+05    1.2098265972e-01
    1.5040000000e+05    1.0275828574e-01
    1.5050000000e+05    9.8735913522e-02
    1.5060000000e+05    1.0612847859e-01
    1.5070000000e+05    9.5200147224e-02
    1.5080000000e+05    1.0957319587e-01
    1.5090000000e+05    1.3763981087e-01
    1.5100000000e+05    1.2135081479e-01
    1.5110000000e+05    1.1691359514e-01
    1.5120000000e+05    1.2797677598e-01
    1.5130000000e+05    1.2663051536e-01
    1.5140000000e+05    1.0228101482e-01
    1.5150000000e+05    1.0957678255e-01
    1.5160000000e+05    1.3921637293e-01
    1.5170000000e+05    1.1862675269e-01
    1.5180000000e+05    1.0632119367e-01
    1.5190000000e+05    1.3913249762e-01
    1.5200000000e+05    1.2255797130e-01
    1.5210000000e+05    1.5356991431e-01
    1.5220000000e+05    1.7659696865e-01
    1.5230000000e+05    1.1770765111e-01
    1.5240000000e+05    1.1997915897e-01
    1.5250000000e+05    1.0182247008e-01
    1.5260000000e+05    1.0271255089e-01
    1.5270000000e+05    1.1367832071e-01
    1.5280000000e+05    1.1202831266e-01
    1.5290000000e+05    1.4381304221e-01
    1.5300000000e+05    1.0801336342e-01
    1.5310000000e+05    1.2014993642e-01
    1.5320000000e+05    1.0713141870e-01
    1.5330000000e+05    1.2958767153e-01
    1.5340000000e+05    1.2468210832e-01
    1.5350000000e+05    1.0709585808e-01
    1.5360000000e+05    1.3125749307e-01
    1.5370000000e+05    1.0690837887e-01
    1.5380000000e+05    1.1554839214e-01
    1.5390000000e+05    1.0529955152e-01
    1.5400000000e+05    1.2770046638e-01
    1.5410000000e+05    1.0480921456e-01
    1.5420000000e+05    1.2105512763e-01
    1.5430000000e+05    1.3220148271e-01
    1.5440000000e+05    1.4943233826e-01
    1.5450000000e+05    1.1865903809e-01
    1.5460000000e+05    1.2079842745e-01
    1.5470000000e+05    1.2343306688e-01
    1.5480000000e+05    1.2783191258e-01
    1.5490000000e+05    1.2611586705e-01
    1.5500000000e+05    1.1171191770e-01
    1.5510000000e+05    1.1357926357e-01
    1.5520000000e+05    1.1064633507e-01
    1.5530000000e+05    1.2178980241e-01
    1.5540000000e+05    1.0713609295e-01
    1.5550000000e+05    1.2600895203e-01
    1.5560000000e+05    1.0914882266e-01
    1.5570000000e+05    1.8776501985e-01
    1.5580000000e+05    1.3273901167e-01
    1.5590000000e+05    1.1008216313e-01
    1.5600000000e+05    1.1401702546e-01
    1.5610000000e+05    1.4138524335e-01
    1.5620000000e+05    1.0283993756e-01
    1.5630000000e+05    1.1225951608e-01
    1.5640000000e+05    1.1549576827e-01
    1.5650000000e+05    9.3341325303e-02
    1.5660000000e+05    1.2169984573e-01
    1.5670000000e+05    9.7500216885e-02
    1.5680000000e+05    1.1500245364e-01
    1.5690000000e+05    1.0961171535e-01
    1.5700000000e+05    9.6789759908e-02
    1.5710000000e+05    9.1421363512e-02
    1.5720000000e+05    1.1981897637e-01
    1.5730000000e+05    1.1489520235e-01
    1.5740000000e+05    1.0363203363e-01
    1.5750000000e+05    1.0494844627e-01
    1.5760000000e+05    9.9907592581e-02
    1.5770000000e+05    1.0486959734e-01
    1.5780000000e+05    1.2233464716e-01
    1.5790000000e+05    1.2365267883e-01
    1.5800000000e+05    1.2494685877e-01
    1.5810000000e+05    1.1567273154e-01
    1.5820000000e+05    1.2081056595e-01
    1.5830000000e+05    1.1141460778e-01
    1.5840000000e+05    1.0593055551e-01
    1.5850000000e+05    1.0997103985e-01
    1.5860000000e+05    1.0434605690e-01
    1.5870000000e+05    1.0326998911e-01
    1.5880000000e+05    1.2296730146e-01
    1.5890000000e+05    1.0980171722e-01
    1.5900000000e+05    1.1728960602e-01
    1.5910000000e+05    1.1243881069e-01
    1.5920000000e+05    1.1233425845e-01
    1.5930000000e+05    1.7002911490e-01
    1.5940000000e+05    1.2596798652e-01
    1.5950000000e+05    9.0941153549e-02
    1.5960000000e+05    1.0599740628e-01
    1.5970000000e+05    1.1029614446e-01
    1.5980000000e+05    1.2700033447e-01
    1.5990000000e+05    1.1601869445e-01
    1.6000000000e+05    1.2510354509e-01
    1.6010000000e+05    1.3109924669e-01
    1.6020000000e+05    1.2172428855e-01
    1.6030000000e+05    1.1845447829e-01
    1.6040000000e+05    1.1746844165e-01
    1.6050000000e+05    1.2605233718e-01
    1.6060000000e+05    1.2522040095e-01
    1.6070000000e+05    1.0748131350e-01
    1.6080000000e+05    1.2305527008e-01
    1.6090000000e+05    1.0224813303e-01
    1.6100000000e+05    1.0280502931e-01
    1.6110000000e+05    1.0222293513e-01
    1.6120000000e+05    9.9701484723e-02
    1.6130000000e+05    1.0425861371e-01
    1.6140000000e+05    1.2178608270e-01
    1.6150000000e+05    9.1037982310e-02
    1.6160000000e+05    9.7140825996e-02
    1.6170000000e+05    1.0223393340e-01
    1.6180000000e+05    1.1630860393e-01
    1.6190000000e+05    1.3035329070e-01
    1.6200000000e+05    1.0858150422e-01
    1.6210000000e+05    1.4734669523e-01
    1.6220000000e+05    1.3097178934e-01
    1.6230000000e+05    1.0630568698e-01
    1.6240000000e+05    1.1191831375e-01
    1.6250000000e+05    1.1732876521e-01
    1.6260000000e+05    1.2038447114e-01
    1.6270000000e+05    1.2333741745e-01
    1.6280000000e+05    1.0828903552e-01
    1.6290000000e+05    9.1451286399e-02
    1.6300000000e+05    1.1701800017e-01
    1.6310000000e+05    1.3671182408e-01
    1.6320000000e+05    1.1143990474e-01
    1.6330000000e+05    1.1413691728e-01
    1.6340000000e+05    1.1875360715e-01
    1.6350000000e+05    1.3145720093e-01
    1.6360000000e+05    9.7668493719e-02
    1.6370000000e+05    1.0993830727e-01
    1.6380000000e+05    1.1652929157e-01
    1.6390000000e+05    1.0013787291e-01
    1.6400000000e+05    1.1445316178e-01
    1.6410000000e+05    1.1781884195e-01
    1.6420000000e+05    1.2605046705e-01
    1.6430000000e+05    1.4503952780e-01
    1.6440000000e+05    1.2145006175e-01
    1.6450000000e+05    1.2440407390e-01
    1.6460000000e+05    1.5899836631e-01
    1.6470000000e+05    1.2036195438e-01
    1.6480000000e+05    1.0635330717e-01
    1.6490000000e+05    1.1441940284e-01
    1.6500000000e+05    1.2448436846e-01
    1.6510000000e+05    1.0980322879e-01
    1.6520000000e+05    1.1735394700e-01
    1.6530000000e+05    1.3330339797e-01
    1.6540000000e+05    1.2108176435e-01
    1.6550000000e+05    1.6915540240e-01
    1.6560000000e+05    1.1492544941e-01
    1.6570000000e+05    1.2741359767e-01
    1.6580000000e+05    1.1311633871e-01
    1.6590000000e+05    1.3389593052e-01
    1.6600000000e+05    1.3075236190e-01
    1.6610000000e+05    1.2515828259e-01
    1.6620000000e+05    1.1419669203e-01
    1.6630000000e+05    1.1944018050e-01
    1.6640000000e+05    1.3213015133e-01
    1.6650000000e+05    1.3125921210e-01
    1.6660000000e+05    1.0707539218e-01
    1.6670000000e+05    1.0605981064e-01
    1.6680000000e+05    1.2722810525e-01
    1.6690000000e+05    1.3777232435e-01
    1.6700000000e+05    1.3008609146e-01
    1.6710000000e+05    1.3545650851e-01
    1.6720000000e+05    1.3400419829e-01
    1.6730000000e+05    1.2024631345e-01
    1.6740000000e+05    1.0508081909e-01
    1.6750000000e+05    1.1459274514e-01
    1.6760000000e+05    1.3774752754e-01
    1.6770000000e+05    1.2552165017e-01
    1.6780000000e+05    1.2788591994e-01
    1.6790000000e+05    1.2416816256e-01
    1.6800000000e+05    1.1410486844e-01
    1.6810000000e+05    1.2160821213e-01
    1.6820000000e+05    1.1525688214e-01
    1.6830000000e+05    1.1908951945e-01
    1.6840000000e+05    1.2065420221e-01
    1.6850000000e+05    1.1220457224e-01
    1.6860000000e+05    1.2124272523e-01
    1.6870000000e+05    1.1846501486e-01
    1.6880000000e+05    1.0930237877e-01
    1.6890000000e+05    1.0340189569e-01
    1.6900000000e+05    1.0430952075e-01
    1.6910000000e+05    1.0778109171e-01
    1.6920000000e+05    1.0232826828e-01
    1.6930000000e+05    9.8422827930e-02
    1.6940000000e+05    1.0359888240e-01
    1.6950000000e+05    1.2115706112e-01
    1.6960000000e+05    1.2720952773e-01
    1.6970000000e+05    1.2966837261e-01
    1.6980000000e+05    1.0514389333e-01
    1.6990000000e+05    1.0990009845e-01
    1.7000000000e+05    1.1178149342e-01
    1.7010000000e+05    9.2311836455e-02
    1.7020000000e+05    1.1935114461e-01
    1.7030000000e+05    1.1688296582e-01
    1.7040000000e+05    1.1670035420e-01
    1.7050000000e+05    1.0198920822e-01
    1.7060000000e+05    1.3222021153e-01
    1.7070000000e+05    1.2858455355e-01
    1.7080000000e+05    1.0977035293e-01
    1.7090000000e+05    9.9922237627e-02
    1.7100000000e+05    1.0975806623e-01
    1.7110000000e+05    1.4203592421e-01
    1.7120000000e+05    9.9844073244e-02
    1.7130000000e+05    1.1200656309e-01
    1.7140000000e+05    1.0717188155e-01
    1.7150000000e+05    1.2580244236e-01
    1.7160000000e+05    1.2238269968e-01
    1.7170000000e+05    1.1507016698e-01
    1.7180000000e+05    1.1163880383e-01
    1.7190000000e+05    1.2594068068e-01
    1.7200000000e+05    1.2876628515e-01
    1.7210000000e+05    1.3259462575e-01
    1.7220000000e+05    1.2274119004e-01
    1.7230000000e+05    1.2444755709e-01
    1.7240000000e+05    1.3774405680e-01
    1.7250000000e+05    1.1307761249e-01
    1.7260000000e+05    1.0885593938e-01
    1.7270000000e+05    9.9436038740e-02
    1.7280000000e+05    1.2077765099e-01
    1.7290000000e+05    1.1515722553e-01
    1.7300000000e+05    1.3139466744e-01
    1.7310000000e+05    1.3491067463e-01
    1.7320000000e+05    1.2062232315e-01
    1.7330000000e+05    1.0972827024e-01
    1.7340000000e+05    1.1294557710e-01
    1.7350000000e+05    1.1530029119e-01
    1.7360000000e+05    1.0676112782e-01
    1.7370000000e+05    9.2420750974e-02
    1.7380000000e+05    1.1076644824e-01
    1.7390000000e+05    9.6906571437e-02
    1.7400000000e+05    9.5099291364e-02
    1.7410000000e+05    1.1243902078e-01
    1.7420000000e+05    9.5614908672e-02
    1.7430000000e+05    1.0225362248e-01
    1.7440000000e+05    9.5694429565e-02
    1.7450000000e+05    1.1419948323e-01
    1.7460000000e+05    1.2235855030e-01
    1.7470000000e+05    1.1846554267e-01
    1.7480000000e+05    1.1846311891e-01
    1.7490000000e+05    1.0896243887e-01
    1.7500000000e+05    1.0483497973e-01
    1.7510000000e+05    1.3084185089e-01
    1.7520000000e+05    9.7292577997e-02
    1.7530000000e+05    1.2415844098e-01
    1.7540000000e+05    1.0049614484e-01
    1.7550000000e+05    1.1540745552e-01
    1.7560000000e+05    1.1232648127e-01
    1.7570000000e+05    1.1674663075e-01
    1.7580000000e+05    1.1035786666e-01
    1.7590000000e+05    1.0369237986e-01
    1.7600000000e+05    9.5588200246e-02
    1.7610000000e+05    1.3396745728e-01
    1.7620000000e+05    1.4312078493e-01
    1.7630000000e+05    1.3475792497e-01
    1.7640000000e+05    1.3137316722e-01
    1.7650000000e+05    1.0847615511e-01
    1.7660000000e+05    1.0362985170e-01
    1.7670000000e+05    1.0071560554e-01
    1.7680000000e+05    1.0494165248e-01
    1.7690000000e+05    9.7530794366e-02
    1.7700000000e+05    1.0771315042e-01
    1.7710000000e+05    1.0505716012e-01
    1.7720000000e+05    1.0476344550e-01
    1.7730000000e+05    1.0011719312e-01
    1.7740000000e+05    1.2073152942e-01
    1.7750000000e+05    1.0914158563e-01
    1.7760000000e+05    1.2338972392e-01
    1.7770000000e+05    1.3097448277e-01
    1.7780000000e+05    9.5452091084e-02
    1.7790000000e+05    1.0281138721e-01
    1.7800000000e+05    9.9717100603e-02
    1.7810000000e+05    9.4799312943e-02
    1.7820000000e+05    9.5260374270e-02
    1.7830000000e+05    1.1627978705e-01
    1.7840000000e+05    1.1583811061e-01
    1.7850000000e+05    1.0333414722e-01
    1.7860000000e+05    1.0018937826e-01
    1.7870000000e+05    1.3044332984e-01
    1.7880000000e+05    1.2522484135e-01
    1.7890000000e+05    1.3815667864e-01
    1.7900000000e+05    1.1214561217e-01
    1.7910000000e+05    1.3498510891e-01
    1.7920000000e+05    1.0926891076e-01
    1.7930000000e+05    1.4528630347e-01
    1.7940000000e+05    1.6910561004e-01
    1.7950000000e+05    1.3540621693e-01
    1.7960000000e+05    1.3491781104e-01
    1.7970000000e+05    1.1453873979e-01
    1.7980000000e+05    1.0428842912e-01
    1.7990000000e+05    1.3361843707e-01
    1.8000000000e+05    1.2265389245e-01
    1.8010000000e+05    9.9010100263e-02
    1.8020000000e+05    9.7537493779e-02
    1.8030000000e+05    1.0417437002e-01
    1.8040000000e+05    1.1772021442e-01
    1.8050000000e+05    1.1738126014e-01
    1.8060000000e+05    1.1585226537e-01
    1.8070000000e+05    1.0120659703e-01
    1.8080000000e+05    1.4576702946e-01
    1.8090000000e+05    1.1713627420e-01
    1.8100000000e+05    1.3652370006e-01
    1.8110000000e+05    1.3321482670e-01
    1.8120000000e+05    1.5680630053e-01
    1.8130000000e+05    1.2189721135e-01
    1.8140000000e+05    1.2452330813e-01
    1.8150000000e+05    1.0672149083e-01
    1.8160000000e+05    1.3688196059e-01
    1.8170000000e+05    1.3083598403e-01
    1.8180000000e+05    1.2073672154e-01
    1.8190000000e+05    1.1545652018e-01
    1.8200000000e+05    1.0451847402e-01
    1.8210000000e+05    9.8191662885e-02
    1.8220000000e+05    9.2834207363e-02
    1.8230000000e+05    1.0846308797e-01
    1.8240000000e+05    1.0730190883e-01
    1.8250000000e+05    1.2906275796e-01
    1.8260000000e+05    1.0818117242e-01
    1.8270000000e+05    9.2376048539e-02
    1.8280000000e+05    1.1340417770e-01
    1.8290000000e+05    9.8707427353e-02
    1.8300000000e+05    1.0674262142e-01
    1.8310000000e+05    1.4694269208e-01
    1.8320000000e+05    1.4135851746e-01
    1.8330000000e+05    1.0561344099e-01
    1.8340000000e+05    1.4445018839e-01
    1.8350000000e+05    1.1791969519e-01
    1.8360000000e+05    1.2916819887e-01
    1.8370000000e+05    1.1109115346e-01
    1.8380000000e+05    1.0784863327e-01
    1.8390000000e+05    1.0094201755e-01
    1.8400000000e+05    1.1580967185e-01
    1.8410000000e+05    1.0610006446e-01
    1.8420000000e+05    1.0362451841e-01
    1.8430000000e+05    1.0990564416e-01
    1.8440000000e+05    1.7180257045e-01
    1.8450000000e+05    1.2568179619e-01
    1.8460000000e+05    1.0850972600e-01
    1.8470000000e+05    9.5210431759e-02
    1.8480000000e+05    9.9463721797e-02
    1.8490000000e+05    1.0247108575e-01
    1.8500000000e+05    1.0823023638e-01
    1.8510000000e+05    9.3001605979e-02
    1.8520000000e+05    9.6219126461e-02
    1.8530000000e+05    1.1260345092e-01
    1.8540000000e+05    8.8602974286e-02
    1.8550000000e+05    1.2097939646e-01
    1.8560000000e+05    1.1982874859e-01
    1.8570000000e+05    1.4121786633e-01
    1.8580000000e+05    1.4986200422e-01
    1.8590000000e+05    1.4667887633e-01
    1.8600000000e+05    1.2765682334e-01
    1.8610000000e+05    9.9146784159e-02
    1.8620000000e+05    1.0975529353e-01
    1.8630000000e+05    1.1487169144e-01
    1.8640000000e+05    1.1434914222e-01
    1.8650000000e+05    1.1154670658e-01
    1.8660000000e+05    1.2263736163e-01
    1.8670000000e+05    1.5628224903e-01
    1.8680000000e+05    1.0660173889e-01
    1.8690000000e+05    1.1987337496e-01
    1.8700000000e+05    1.6805886953e-01
    1.8710000000e+05    1.6632185574e-01
    1.8720000000e+05    1.2094779558e-01
    1.8730000000e+05    1.2349344271e-01
    1.8740000000e+05    1.2549998542e-01
    1.8750000000e+05    1.1280658141e-01
    1.8760000000e+05    1.0622111386e-01
    1.8770000000e+05    1.0370854246e-01
    1.8780000000e+05    9.5278088123e-02
    1.8790000000e+05    1.1395916421e-01
    1.8800000000e+05    1.1614277540e-01
    1.8810000000e+05    1.1981825998e-01
    1.8820000000e+05    1.0994946084e-01
    1.8830000000e+05    1.2135432559e-01
    1.8840000000e+05    1.2928077431e-01
    1.8850000000e+05    1.1824833048e-01
    1.8860000000e+05    1.0776270869e-01
    1.8870000000e+05    1.0774691197e-01
    1.8880000000e+05    1.2011799346e-01
    1.8890000000e+05    1.1532060341e-01
    1.8900000000e+05    1.0186764147e-01
    1.8910000000e+05    1.2191303013e-01
    1.8920000000e+05    1.0884129317e-01
    1.8930000000e+05    1.3525520039e-01
    1.8940000000e+05    1.0402711989e-01
    1.8950000000e+05    1.1053411865e-01
    1.8960000000e+05    1.1043110401e-01
    1.8970000000e+05    1.0004179124e-01
    1.8980000000e+05    1.1328969211e-01
    1.8990000000e+05    1.1238264119e-01
    1.9000000000e+05    1.0442158567e-01
    1.9010000000e+05    1.1086632273e-01
    1.9020000000e+05    1.1613182879e-01
    1.9030000000e+05    1.2303950688e-01
    1.9040000000e+05    1.1844965495e-01
    1.9050000000e+05    1.4060931397e-01
    1.9060000000e+05    1.4644515660e-01
    1.9070000000e+05    1.2270283767e-01
    1.9080000000e+05    1.2723995925e-01
    1.9090000000e+05    1.0352923746e-01
    1.9100000000e+05    9.7316029697e-02
    1.9110000000e+05    1.1156128539e-01
    1.9120000000e+05    1.4834476626e-01
    1.9130000000e+05    1.2945850909e-01
    1.9140000000e+05    1.2932761112e-01
    1.9150000000e+05    1.7282610865e-01
    1.9160000000e+05    1.3037291199e-01
    1.9170000000e+05    1.1369290278e-01
    1.9180000000e+05    1.2129690378e-01
    1.9190000000e+05    1.3721083949e-01
    1.9200000000e+05    1.4366096967e-01
    1.9210000000e+05    1.5539324032e-01
    1.9220000000e+05    1.3330397458e-01
    1.9230000000e+05    1.3066390011e-01
    1.9240000000e+05    1.2978897588e-01
    1.9250000000e+05    9.4732490830e-02
    1.9260000000e+05    1.2114372040e-01
    1.9270000000e+05    1.5320671286e-01
    1.9280000000e+05    1.6269964262e-01
    1.9290000000e+05    1.5867458706e-01
    1.9300000000e+05    1.6357442533e-01
    1.9310000000e+05    1.7841987907e-01
    1.9320000000e+05    1.1507150285e-01
    1.9330000000e+05    1.0648563475e-01
    1.9340000000e+05    1.1424479747e-01
    1.9350000000e+05    1.3257664836e-01
    1.9360000000e+05    1.2042726748e-01
    1.9370000000e+05    1.2367541364e-01
    1.9380000000e+05    1.4745307728e-01
    1.9390000000e+05    1.5010260536e-01
    1.9400000000e+05    1.2141887131e-01
    1.9410000000e+05    1.4234138612e-01
    1.9420000000e+05    1.3565211734e-01
    1.9430000000e+05    1.3204740430e-01
    1.9440000000e+05    1.3175401554e-01
    1.9450000000e+05    1.1055960276e-01
    1.9460000000e+05    1.0527763806e-01
    1.9470000000e+05    1.0818236341e-01
    1.9480000000e+05    1.2132692173e-01
    1.9490000000e+05    9.1053915649e-02
    1.9500000000e+05    9.8944090428e-02
    1.9510000000e+05    1.1365031022e-01
    1.9520000000e+05    1.1237075577e-01
    1.9530000000e+05    1.1369161966e-01
    1.9540000000e+05    1.3986595127e-01
    1.9550000000e+05    1.2536193744e-01
    1.9560000000e+05    1.1290942223e-01
    1.9570000000e+05    1.1554807503e-01
    1.9580000000e+05    1.3099032012e-01
    1.9590000000e+05    1.1817845666e-01
    1.9600000000e+05    9.7284252979e-02
    1.9610000000e+05    1.0627252527e-01
    1.9620000000e+05    1.9080493082e-01
    1.9630000000e+05    1.2199362737e-01
    1.9640000000e+05    1.1211212033e-01
    1.9650000000e+05    1.2361425280e-01
    1.9660000000e+05    1.1415874428e-01
    1.9670000000e+05    1.1150829258e-01
    1.9680000000e+05    1.1803908962e-01
    1.9690000000e+05    1.0022543269e-01
    1.9700000000e+05    9.8823961369e-02
    1.9710000000e+05    1.0368900601e-01
    1.9720000000e+05    1.1772460585e-01
    1.9730000000e+05    1.0334057517e-01
    1.9740000000e+05    1.3239972974e-01
    1.9750000000e+05    1.0926893632e-01
    1.9760000000e+05    9.6809018164e-02
    1.9770000000e+05    1.1684211967e-01
    1.9780000000e+05    1.3356303601e-01
    1.9790000000e+05    1.1077010324e-01
    1.9800000000e+05    1.0647087821e-01
    1.9810000000e+05    1.1222390426e-01
    1.9820000000e+05    1.4776141645e-01
    1.9830000000e+05    1.2490155130e-01
    1.9840000000e+05    1.1798861206e-01
    1.9850000000e+05    1.7029415564e-01
    1.9860000000e+05    1.8382855552e-01
    1.9870000000e+05    1.7544545302e-01
    1.9880000000e+05    1.5964022286e-01
    1.9890000000e+05    1.4308102897e-01
    1.9900000000e+05    1.6302795979e-01
    1.9910000000e+05    1.8012382291e-01
    1.9920000000e+05    1.8926119964e-01
    1.9930000000e+05    1.5801303849e-01
    1.9940000000e+05    1.3898220923e-01
    1.9950000000e+05    1.5280810697e-01
    1.9960000000e+05    1.2969334731e-01
    1.9970000000e+05    1.4901269864e-01
    1.9980000000e+05    1.2564277494e-01
    1.9990000000e+05    1.3308093359e-01
    2.0000000000e+05    1.2132592192e-01
