    1.0000000000e+02    3.1799292890e-01
    2.0000000000e+02    2.0528315971e-01
    3.0000000000e+02    2.5735638652e-01
    4.0000000000e+02    3.0326107782e-01
    5.0000000000e+02    2.1634891782e-01
    6.0000000000e+02    3.1659301244e-01
    7.0000000000e+02    2.3212250456e-01
    8.0000000000e+02    2.6054599634e-01
    9.0000000000e+02    2.2554097968e-01
    1.0000000000e+03    3.0529158795e-01
    1.1000000000e+03    2.4520589353e-01
    1.2000000000e+03    2.8697742103e-01
    1.3000000000e+03    3.0888823758e-01
    1.4000000000e+03    3.2125441986e-01
    1.5000000000e+03    3.0559420207e-01
    1.6000000000e+03    2.9306427657e-01
    1.7000000000e+03    3.1478018938e-01
    1.8000000000e+03    4.5863370934e-01
    1.9000000000e+03    2.9541472257e-01
    2.0000000000e+03    2.2666620285e-01
    2.1000000000e+03    2.9093360543e-01
    2.2000000000e+03    2.0507845342e-01
    2.3000000000e+03    1.7467816730e-01
    2.4000000000e+03    1.3495441169e-01
    2.5000000000e+03    1.1695205680e-01
    2.6000000000e+03    1.2733106249e-01
    2.7000000000e+03    1.2291245918e-01
    2.8000000000e+03    1.1988225672e-01
    2.9000000000e+03    1.0975439060e-01
    3.0000000000e+03    1.2355755655e-01
    3.1000000000e+03    1.0417953512e-01
    3.2000000000e+03    1.0017682110e-01
    3.3000000000e+03    1.2669102392e-01
    3.4000000000e+03    1.2052016451e-01
    3.5000000000e+03    1.2149323698e-01
    3.6000000000e+03    1.6348303352e-01
    3.7000000000e+03    1.5378721785e-01
    3.8000000000e+03    1.6141850826e-01
    3.9000000000e+03    1.3840981771e-01
    4.0000000000e+03    1.5566746540e-01
    4.1000000000e+03    1.3326731098e-01
    4.2000000000e+03    1.7777479597e-01
    4.3000000000e+03    1.3835195140e-01
    4.4000000000e+03    1.3754184732e-01
    4.5000000000e+03    1.0979072062e-01
    4.6000000000e+03    1.0653841493e-01
    4.7000000000e+03    1.0581119145e-01
    4.8000000000e+03    1.3952560588e-01
    4.9000000000e+03    1.5624758556e-01
    5.0000000000e+03    1.3026984384e-01
    5.1000000000e+03    1.3269889455e-01
    5.2000000000e+03    1.2592577593e-01
    5.3000000000e+03    9.1570188695e-02
    5.4000000000e+03    1.1974744418e-01
    5.5000000000e+03    1.2566435482e-01
    5.6000000000e+03    1.5214803942e-01
    5.7000000000e+03    2.7263526878e-01
    5.8000000000e+03    2.0073160769e-01
    5.9000000000e+03    1.3254236648e-01
    6.0000000000e+03    1.3462239751e-01
    6.1000000000e+03    1.1881935291e-01
    6.2000000000e+03    1.5929007081e-01
    6.3000000000e+03    1.0079968207e-01
    6.4000000000e+03    1.3312981439e-01
    6.5000000000e+03    1.2704690304e-01
    6.6000000000e+03    1.1820423455e-01
    6.7000000000e+03    1.2678176420e-01
    6.8000000000e+03    1.6128013474e-01
    6.9000000000e+03    1.8616096956e-01
    7.0000000000e+03    1.6484789555e-01
    7.1000000000e+03    1.6619737065e-01
    7.2000000000e+03    1.5269623983e-01
    7.3000000000e+03    1.4165861363e-01
    7.4000000000e+03    1.2595248051e-01
    7.5000000000e+03    1.2606712249e-01
    7.6000000000e+03    1.5521680717e-01
    7.7000000000e+03    1.2647430181e-01
    7.8000000000e+03    1.5431565968e-01
    7.9000000000e+03    1.3763387761e-01
    8.0000000000e+03    1.5522301822e-01
    8.1000000000e+03    1.1100733784e-01
    8.2000000000e+03    1.4169429929e-01
    8.3000000000e+03    1.3733968132e-01
    8.4000000000e+03    1.4955786232e-01
    8.5000000000e+03    1.6417686188e-01
    8.6000000000e+03    2.1480450155e-01
    8.7000000000e+03    1.9509901990e-01
    8.8000000000e+03    1.2204887854e-01
    8.9000000000e+03    1.9016405120e-01
    9.0000000000e+03    1.5439621775e-01
    9.1000000000e+03    1.7220384008e-01
    9.2000000000e+03    1.4124047071e-01
    9.3000000000e+03    1.7996949154e-01
    9.4000000000e+03    1.4406058579e-01
    9.5000000000e+03    1.6059225825e-01
    9.6000000000e+03    1.9616821002e-01
    9.7000000000e+03    1.9804855925e-01
    9.8000000000e+03    1.5256279721e-01
    9.9000000000e+03    1.3005975057e-01
    1.0000000000e+04    1.2173639191e-01
    1.0100000000e+04    1.5089162919e-01
    1.0200000000e+04    1.2662238018e-01
    1.0300000000e+04    1.3360854599e-01
    1.0400000000e+04    1.6657046406e-01
    1.0500000000e+04    1.7534734753e-01
    1.0600000000e+04    1.4048871581e-01
    1.0700000000e+04    1.2664572811e-01
    1.0800000000e+04    1.1302750073e-01
    1.0900000000e+04    1.5616380457e-01
    1.1000000000e+04    1.2779426413e-01
    1.1100000000e+04    1.5129373504e-01
    1.1200000000e+04    1.2716622691e-01
    1.1300000000e+04    1.6018048425e-01
    1.1400000000e+04    1.7215562693e-01
    1.1500000000e+04    1.3567023339e-01
    1.1600000000e+04    1.2915146264e-01
    1.1700000000e+04    1.3223381002e-01
    1.1800000000e+04    1.5189279903e-01
    1.1900000000e+04    1.4554104799e-01
    1.2000000000e+04    1.7402399239e-01
    1.2100000000e+04    1.3088817431e-01
    1.2200000000e+04    1.4624741132e-01
    1.2300000000e+04    1.1610750670e-01
    1.2400000000e+04    1.2078836705e-01
    1.2500000000e+04    1.3040534380e-01
    1.2600000000e+04    1.5353854184e-01
    1.2700000000e+04    1.4836356068e-01
    1.2800000000e+04    1.5990702293e-01
    1.2900000000e+04    2.5210153415e-01
    1.3000000000e+04    2.3003310770e-01
    1.3100000000e+04    2.3059266651e-01
    1.3200000000e+04    1.6095082458e-01
    1.3300000000e+04    1.5045096848e-01
    1.3400000000e+04    1.7050563722e-01
    1.3500000000e+04    1.8386373364e-01
    1.3600000000e+04    2.0808901565e-01
    1.3700000000e+04    1.6276465544e-01
    1.3800000000e+04    1.3261650068e-01
    1.3900000000e+04    1.5458084571e-01
    1.4000000000e+04    1.3270671311e-01
    1.4100000000e+04    1.4118041403e-01
    1.4200000000e+04    1.5360001850e-01
    1.4300000000e+04    1.4704164829e-01
    1.4400000000e+04    1.2083207948e-01
    1.4500000000e+04    1.3840243111e-01
    1.4600000000e+04    1.3696410150e-01
    1.4700000000e+04    1.4379178942e-01
    1.4800000000e+04    1.1123952737e-01
    1.4900000000e+04    1.3037788130e-01
    1.5000000000e+04    1.3405518271e-01
    1.5100000000e+04    1.2813345265e-01
    1.5200000000e+04    1.2965217613e-01
    1.5300000000e+04    1.4653766751e-01
    1.5400000000e+04    1.3317474668e-01
    1.5500000000e+04    1.3497242782e-01
    1.5600000000e+04    1.0718914278e-01
    1.5700000000e+04    1.3266961261e-01
    1.5800000000e+04    1.2961949613e-01
    1.5900000000e+04    1.0882356477e-01
    1.6000000000e+04    1.2509382572e-01
    1.6100000000e+04    1.3210488175e-01
    1.6200000000e+04    1.5872303887e-01
    1.6300000000e+04    1.2362093355e-01
    1.6400000000e+04    2.0245470996e-01
    1.6500000000e+04    1.5539448506e-01
    1.6600000000e+04    1.5455029812e-01
    1.6700000000e+04    1.4749402344e-01
    1.6800000000e+04    1.6708761748e-01
    1.6900000000e+04    1.1191804719e-01
    1.7000000000e+04    1.0979205615e-01
    1.7100000000e+04    1.6045570900e-01
    1.7200000000e+04    1.5063080519e-01
    1.7300000000e+04    1.5704999089e-01
    1.7400000000e+04    1.4388649001e-01
    1.7500000000e+04    1.2834362363e-01
    1.7600000000e+04    1.3031339081e-01
    1.7700000000e+04    1.1497605572e-01
    1.7800000000e+04    1.4550668691e-01
    1.7900000000e+04    1.5562776967e-01
    1.8000000000e+04    1.4094666044e-01
    1.8100000000e+04    1.4063170476e-01
    1.8200000000e+04    1.0228339685e-01
    1.8300000000e+04    1.0474425089e-01
    1.8400000000e+04    1.6787250459e-01
    1.8500000000e+04    1.6282578353e-01
    1.8600000000e+04    1.5540851586e-01
    1.8700000000e+04    1.8888355102e-01
    1.8800000000e+04    1.3258892779e-01
    1.8900000000e+04    1.4441578229e-01
    1.9000000000e+04    1.4034743626e-01
    1.9100000000e+04    1.1541211097e-01
    1.9200000000e+04    1.5732945037e-01
    1.9300000000e+04    1.2231397086e-01
    1.9400000000e+04    1.3447299200e-01
    1.9500000000e+04    1.6660077684e-01
    1.9600000000e+04    1.7141131575e-01
    1.9700000000e+04    1.2916957700e-01
    1.9800000000e+04    1.3990219976e-01
    1.9900000000e+04    1.5013791390e-01
    2.0000000000e+04    1.5186338639e-01
    2.0100000000e+04    1.3371674852e-01
    2.0200000000e+04    1.5296652218e-01
    2.0300000000e+04    1.3289038786e-01
    2.0400000000e+04    1.1325691130e-01
    2.0500000000e+04    1.2545381936e-01
    2.0600000000e+04    1.1097349761e-01
    2.0700000000e+04    1.2365956737e-01
    2.0800000000e+04    1.1613705062e-01
    2.0900000000e+04    1.2972542750e-01
    2.1000000000e+04    1.2702671764e-01
    2.1100000000e+04    1.3964927126e-01
    2.1200000000e+04    1.5831262390e-01
    2.1300000000e+04    1.4093492499e-01
    2.1400000000e+04    1.7881097267e-01
    2.1500000000e+04    1.9027886157e-01
    2.1600000000e+04    1.6235186903e-01
    2.1700000000e+04    1.4665364656e-01
    2.1800000000e+04    1.6606681554e-01
    2.1900000000e+04    1.3845161585e-01
    2.2000000000e+04    1.2624186165e-01
    2.2100000000e+04    1.4591226523e-01
    2.2200000000e+04    1.9674937316e-01
    2.2300000000e+04    2.0071865892e-01
    2.2400000000e+04    2.0407676903e-01
    2.2500000000e+04    1.3174018528e-01
    2.2600000000e+04    1.5442821031e-01
    2.2700000000e+04    1.3427488409e-01
    2.2800000000e+04    1.4766174786e-01
    2.2900000000e+04    1.6835596662e-01
    2.3000000000e+04    1.5322075486e-01
    2.3100000000e+04    1.6137426522e-01
    2.3200000000e+04    1.1514487816e-01
    2.3300000000e+04    1.4012520986e-01
    2.3400000000e+04    1.4155157239e-01
    2.3500000000e+04    1.1303582726e-01
    2.3600000000e+04    1.1466578340e-01
    2.3700000000e+04    1.1224878269e-01
    2.3800000000e+04    1.1345798529e-01
    2.3900000000e+04    1.4640815070e-01
    2.4000000000e+04    2.0034545422e-01
    2.4100000000e+04    1.8895105510e-01
    2.4200000000e+04    1.6160114274e-01
    2.4300000000e+04    1.3490826082e-01
    2.4400000000e+04    1.4340792143e-01
    2.4500000000e+04    1.1786251633e-01
    2.4600000000e+04    1.1729761890e-01
    2.4700000000e+04    1.3605903271e-01
    2.4800000000e+04    8.2309565815e-02
    2.4900000000e+04    1.0036693283e-01
    2.5000000000e+04    1.3900299740e-01
    2.5100000000e+04    1.4903091478e-01
    2.5200000000e+04    1.3483242200e-01
    2.5300000000e+04    1.4190012727e-01
    2.5400000000e+04    1.2972705982e-01
    2.5500000000e+04    1.2450656350e-01
    2.5600000000e+04    1.5802415158e-01
    2.5700000000e+04    1.0636900620e-01
    2.5800000000e+04    1.5336542983e-01
    2.5900000000e+04    1.3638450158e-01
    2.6000000000e+04    1.1686424155e-01
    2.6100000000e+04    1.0804506326e-01
    2.6200000000e+04    1.3165528691e-01
    2.6300000000e+04    9.9233821293e-02
    2.6400000000e+04    1.1669948064e-01
    2.6500000000e+04    1.2214522277e-01
    2.6600000000e+04    1.2361253292e-01
    2.6700000000e+04    1.2022143668e-01
    2.6800000000e+04    1.0972327086e-01
    2.6900000000e+04    1.6022536798e-01
    2.7000000000e+04    1.1797953028e-01
    2.7100000000e+04    1.1694976122e-01
    2.7200000000e+04    1.4383618861e-01
    2.7300000000e+04    1.2248068769e-01
    2.7400000000e+04    1.7666352115e-01
    2.7500000000e+04    1.5772724469e-01
    2.7600000000e+04    1.4619519651e-01
    2.7700000000e+04    1.8708800003e-01
    2.7800000000e+04    1.6977874164e-01
    2.7900000000e+04    1.8286668956e-01
    2.8000000000e+04    1.4266824023e-01
    2.8100000000e+04    1.1307466026e-01
    2.8200000000e+04    1.9091018127e-01
    2.8300000000e+04    1.4409689127e-01
    2.8400000000e+04    1.2149484239e-01
    2.8500000000e+04    1.1705292422e-01
    2.8600000000e+04    1.3012081741e-01
    2.8700000000e+04    1.3895387923e-01
    2.8800000000e+04    1.2628017173e-01
    2.8900000000e+04    8.9623584306e-02
    2.9000000000e+04    1.3088242957e-01
    2.9100000000e+04    1.2020735041e-01
    2.9200000000e+04    8.0791160422e-02
    2.9300000000e+04    9.8664518140e-02
    2.9400000000e+04    8.9314367395e-02
    2.9500000000e+04    1.3458985116e-01
    2.9600000000e+04    1.2243945546e-01
    2.9700000000e+04    1.5142332135e-01
    2.9800000000e+04    1.1620378527e-01
    2.9900000000e+04    9.7672593175e-02
    3.0000000000e+04    1.5241666385e-01
    3.0100000000e+04    1.0074695802e-01
    3.0200000000e+04    1.1732941811e-01
    3.0300000000e+04    1.0457532417e-01
    3.0400000000e+04    1.5107884962e-01
    3.0500000000e+04    1.1501772687e-01
    3.0600000000e+04    1.4737939642e-01
    3.0700000000e+04    1.7399693545e-01
    3.0800000000e+04    1.4456686688e-01
    3.0900000000e+04    1.2547676370e-01
    3.1000000000e+04    1.9058976074e-01
    3.1100000000e+04    1.3889904323e-01
    3.1200000000e+04    1.2380468329e-01
    3.1300000000e+04    1.4900250776e-01
    3.1400000000e+04    1.2485676719e-01
    3.1500000000e+04    1.4368966733e-01
    3.1600000000e+04    1.6688539250e-01
    3.1700000000e+04    1.2758262613e-01
    3.1800000000e+04    1.2293995887e-01
    3.1900000000e+04    1.3053279864e-01
    3.2000000000e+04    1.6579019126e-01
    3.2100000000e+04    1.3446573570e-01
    3.2200000000e+04    1.4132104188e-01
    3.2300000000e+04    1.2437622302e-01
    3.2400000000e+04    1.5490752111e-01
    3.2500000000e+04    1.8262845571e-01
    3.2600000000e+04    1.5509253149e-01
    3.2700000000e+04    1.3670993566e-01
    3.2800000000e+04    1.2845605510e-01
    3.2900000000e+04    1.5875377186e-01
    3.3000000000e+04    1.3168356500e-01
    3.3100000000e+04    1.4557440921e-01
    3.3200000000e+04    1.5197379509e-01
    3.3300000000e+04    1.5928401427e-01
    3.3400000000e+04    1.4468888269e-01
    3.3500000000e+04    1.6589942483e-01
    3.3600000000e+04    1.5460580518e-01
    3.3700000000e+04    1.4822498707e-01
    3.3800000000e+04    1.5080162748e-01
    3.3900000000e+04    1.4604482567e-01
    3.4000000000e+04    1.4360696742e-01
    3.4100000000e+04    1.4809974827e-01
    3.4200000000e+04    1.4974057182e-01
    3.4300000000e+04    1.5906256118e-01
    3.4400000000e+04    1.6203131798e-01
    3.4500000000e+04    1.3772704865e-01
    3.4600000000e+04    2.2007717388e-01
    3.4700000000e+04    1.6262804099e-01
    3.4800000000e+04    1.1567352408e-01
    3.4900000000e+04    1.2432044254e-01
    3.5000000000e+04    1.0517762279e-01
    3.5100000000e+04    1.1903901788e-01
    3.5200000000e+04    1.4637067087e-01
    3.5300000000e+04    1.5259099845e-01
    3.5400000000e+04    1.3252767706e-01
    3.5500000000e+04    1.3935865659e-01
    3.5600000000e+04    1.8733947413e-01
    3.5700000000e+04    2.5902073136e-01
    3.5800000000e+04    1.3293953429e-01
    3.5900000000e+04    1.3768477953e-01
    3.6000000000e+04    1.5474561257e-01
    3.6100000000e+04    1.6891346445e-01
    3.6200000000e+04    1.3298530805e-01
    3.6300000000e+04    1.2602125048e-01
    3.6400000000e+04    1.2206081291e-01
    3.6500000000e+04    1.4325599803e-01
    3.6600000000e+04    1.3605704469e-01
    3.6700000000e+04    1.9472781872e-01
    3.6800000000e+04    1.4426793000e-01
    3.6900000000e+04    1.5632436387e-01
    3.7000000000e+04    1.3183816175e-01
    3.7100000000e+04    1.1821728951e-01
    3.7200000000e+04    1.5281775634e-01
    3.7300000000e+04    1.1096335869e-01
    3.7400000000e+04    1.3321042464e-01
    3.7500000000e+04    1.1343087096e-01
    3.7600000000e+04    1.5669827873e-01
    3.7700000000e+04    1.0072644988e-01
    3.7800000000e+04    1.6910834113e-01
    3.7900000000e+04    1.1373535501e-01
    3.8000000000e+04    1.2674210134e-01
    3.8100000000e+04    1.1767428742e-01
    3.8200000000e+04    1.5752030356e-01
    3.8300000000e+04    1.4771220232e-01
    3.8400000000e+04    1.4480636651e-01
    3.8500000000e+04    1.3309917072e-01
    3.8600000000e+04    1.3644681460e-01
    3.8700000000e+04    1.4949284416e-01
    3.8800000000e+04    1.7763902319e-01
    3.8900000000e+04    1.6455908790e-01
    3.9000000000e+04    1.4344442694e-01
    3.9100000000e+04    1.4481258783e-01
    3.9200000000e+04    1.3485130203e-01
    3.9300000000e+04    1.3088904103e-01
    3.9400000000e+04    1.5704729943e-01
    3.9500000000e+04    1.3253174965e-01
    3.9600000000e+04    1.6627836135e-01
    3.9700000000e+04    1.1580501176e-01
    3.9800000000e+04    1.2603176406e-01
    3.9900000000e+04    1.1234663688e-01
    4.0000000000e+04    1.2348126319e-01
    4.0100000000e+04    1.3816821398e-01
    4.0200000000e+04    1.7874435156e-01
    4.0300000000e+04    1.6309613126e-01
    4.0400000000e+04    1.1711640868e-01
    4.0500000000e+04    1.2172900665e-01
    4.0600000000e+04    1.0201356604e-01
    4.0700000000e+04    1.3694638814e-01
    4.0800000000e+04    1.1172763440e-01
    4.0900000000e+04    1.2906397840e-01
    4.1000000000e+04    1.4620150199e-01
    4.1100000000e+04    1.3812853131e-01
    4.1200000000e+04    1.8313384193e-01
    4.1300000000e+04    1.6576200132e-01
    4.1400000000e+04    1.7780763014e-01
    4.1500000000e+04    1.6151103524e-01
    4.1600000000e+04    1.0396497127e-01
    4.1700000000e+04    1.8131730051e-01
    4.1800000000e+04    1.2404516834e-01
    4.1900000000e+04    1.5695921723e-01
    4.2000000000e+04    1.4488273542e-01
    4.2100000000e+04    1.4513466038e-01
    4.2200000000e+04    1.0009598725e-01
    4.2300000000e+04    1.2274937682e-01
    4.2400000000e+04    1.5533863198e-01
    4.2500000000e+04    1.4739058974e-01
    4.2600000000e+04    1.0911982873e-01
    4.2700000000e+04    1.0821882011e-01
    4.2800000000e+04    1.3109319213e-01
    4.2900000000e+04    1.4810350479e-01
    4.3000000000e+04    1.4787003208e-01
    4.3100000000e+04    1.7054383354e-01
    4.3200000000e+04    2.3317389298e-01
    4.3300000000e+04    2.0309646684e-01
    4.3400000000e+04    2.1744154376e-01
    4.3500000000e+04    1.5143585402e-01
    4.3600000000e+04    1.4791954031e-01
    4.3700000000e+04    1.3989686944e-01
    4.3800000000e+04    1.5150303274e-01
    4.3900000000e+04    1.9510607830e-01
    4.4000000000e+04    1.6333834859e-01
    4.4100000000e+04    1.3381517946e-01
    4.4200000000e+04    1.4359147773e-01
    4.4300000000e+04    1.6588948758e-01
    4.4400000000e+04    1.6334486333e-01
    4.4500000000e+04    1.4736248071e-01
    4.4600000000e+04    1.3136177285e-01
    4.4700000000e+04    1.2064418633e-01
    4.4800000000e+04    1.5262933855e-01
    4.4900000000e+04    1.4251803070e-01
    4.5000000000e+04    1.3516048995e-01
    4.5100000000e+04    1.1813041915e-01
    4.5200000000e+04    1.1043240042e-01
    4.5300000000e+04    1.2718962918e-01
    4.5400000000e+04    1.1670057284e-01
    4.5500000000e+04    1.4380771175e-01
    4.5600000000e+04    1.9018034469e-01
    4.5700000000e+04    1.5031042137e-01
    4.5800000000e+04    1.9382032555e-01
    4.5900000000e+04    1.7298668158e-01
    4.6000000000e+04    1.8100035857e-01
    4.6100000000e+04    1.5349298709e-01
    4.6200000000e+04    1.6879829348e-01
    4.6300000000e+04    1.7678035084e-01
    4.6400000000e+04    1.7003747024e-01
    4.6500000000e+04    1.6377367574e-01
    4.6600000000e+04    1.3782664435e-01
    4.6700000000e+04    1.6235003918e-01
    4.6800000000e+04    1.6829618040e-01
    4.6900000000e+04    1.6244070375e-01
    4.7000000000e+04    1.3783760275e-01
    4.7100000000e+04    1.4441370976e-01
    4.7200000000e+04    1.4639613441e-01
    4.7300000000e+04    1.7234714790e-01
    4.7400000000e+04    1.6815423791e-01
    4.7500000000e+04    1.5226151177e-01
    4.7600000000e+04    1.4838149342e-01
    4.7700000000e+04    1.5755158792e-01
    4.7800000000e+04    1.3137113366e-01
    4.7900000000e+04    1.5798581595e-01
    4.8000000000e+04    1.1684469237e-01
    4.8100000000e+04    1.1677967222e-01
    4.8200000000e+04    1.3173121596e-01
    4.8300000000e+04    1.6592217362e-01
    4.8400000000e+04    2.0365293472e-01
    4.8500000000e+04    1.7594865561e-01
    4.8600000000e+04    1.0148462008e-01
    4.8700000000e+04    1.4879789150e-01
    4.8800000000e+04    1.6993598002e-01
    4.8900000000e+04    1.6137223624e-01
    4.9000000000e+04    1.3437703986e-01
    4.9100000000e+04    1.7791985615e-01
    4.9200000000e+04    1.4015661517e-01
    4.9300000000e+04    1.0856845467e-01
    4.9400000000e+04    1.1797000460e-01
    4.9500000000e+04    1.2349630924e-01
    4.9600000000e+04    1.2660775778e-01
    4.9700000000e+04    1.0760752127e-01
    4.9800000000e+04    1.5762325269e-01
    4.9900000000e+04    1.8094835971e-01
    5.0000000000e+04    1.8753889704e-01
    5.0100000000e+04    1.3080107857e-01
    5.0200000000e+04    1.2858745251e-01
    5.0300000000e+04    1.0458377439e-01
    5.0400000000e+04    1.5430732977e-01
    5.0500000000e+04    1.6682042415e-01
    5.0600000000e+04    1.8325704629e-01
    5.0700000000e+04    1.9080502865e-01
    5.0800000000e+04    1.5703711975e-01
    5.0900000000e+04    2.1532884142e-01
    5.1000000000e+04    1.6856025036e-01
    5.1100000000e+04    1.6941773650e-01
    5.1200000000e+04    1.6154429482e-01
    5.1300000000e+04    1.4643134892e-01
    5.1400000000e+04    1.4822318900e-01
    5.1500000000e+04    1.5332857202e-01
    5.1600000000e+04    1.0997125746e-01
    5.1700000000e+04    1.2438333844e-01
    5.1800000000e+04    1.3068078817e-01
    5.1900000000e+04    1.7106074683e-01
    5.2000000000e+04    1.5122449252e-01
    5.2100000000e+04    1.3326371023e-01
    5.2200000000e+04    1.3214562204e-01
    5.2300000000e+04    1.3279387958e-01
    5.2400000000e+04    1.2741801693e-01
    5.2500000000e+04    1.3178512554e-01
    5.2600000000e+04    1.1629006678e-01
    5.2700000000e+04    1.5196687958e-01
    5.2800000000e+04    3.0134070163e-01
    5.2900000000e+04    2.5313867684e-01
    5.3000000000e+04    2.1136255807e-01
    5.3100000000e+04    1.5259561343e-01
    5.3200000000e+04    1.2423646598e-01
    5.3300000000e+04    1.1732945475e-01
    5.3400000000e+04    1.1484131231e-01
    5.3500000000e+04    1.1811292312e-01
    5.3600000000e+04    1.4498277536e-01
    5.3700000000e+04    1.1202960507e-01
    5.3800000000e+04    1.1251924047e-01
    5.3900000000e+04    1.1444381814e-01
    5.4000000000e+04    1.5671104743e-01
    5.4100000000e+04    1.2294687343e-01
    5.4200000000e+04    1.0913031972e-01
    5.4300000000e+04    1.1669849951e-01
    5.4400000000e+04    1.3357795087e-01
    5.4500000000e+04    1.5513615455e-01
    5.4600000000e+04    1.2829972417e-01
    5.4700000000e+04    1.2083388705e-01
    5.4800000000e+04    1.2988993584e-01
    5.4900000000e+04    1.7049295838e-01
    5.5000000000e+04    1.6470900370e-01
    5.5100000000e+04    1.3786141222e-01
    5.5200000000e+04    1.2846923343e-01
    5.5300000000e+04    1.3404309962e-01
    5.5400000000e+04    1.4819929515e-01
    5.5500000000e+04    9.9619650399e-02
    5.5600000000e+04    1.5187110965e-01
    5.5700000000e+04    9.0103071224e-02
    5.5800000000e+04    1.4590603084e-01
    5.5900000000e+04    1.5698451264e-01
    5.6000000000e+04    1.1288065885e-01
    5.6100000000e+04    1.3077487771e-01
    5.6200000000e+04    1.4520014286e-01
    5.6300000000e+04    1.4771653098e-01
    5.6400000000e+04    1.2073205270e-01
    5.6500000000e+04    1.9838040050e-01
    5.6600000000e+04    1.4799604082e-01
    5.6700000000e+04    1.2557336769e-01
    5.6800000000e+04    1.3894774844e-01
    5.6900000000e+04    1.7468667536e-01
    5.7000000000e+04    1.9678639418e-01
    5.7100000000e+04    1.8639666233e-01
    5.7200000000e+04    1.9452265267e-01
    5.7300000000e+04    1.7747800628e-01
    5.7400000000e+04    1.3743537817e-01
    5.7500000000e+04    1.4347594405e-01
    5.7600000000e+04    1.6584845384e-01
    5.7700000000e+04    1.8048074296e-01
    5.7800000000e+04    1.5914232550e-01
    5.7900000000e+04    1.3977460075e-01
    5.8000000000e+04    1.2621939304e-01
    5.8100000000e+04    1.5091661265e-01
    5.8200000000e+04    1.8674849079e-01
    5.8300000000e+04    1.1993505345e-01
    5.8400000000e+04    1.6949050338e-01
    5.8500000000e+04    1.3955193227e-01
    5.8600000000e+04    1.3141291738e-01
    5.8700000000e+04    1.3585771284e-01
    5.8800000000e+04    1.7100785984e-01
    5.8900000000e+04    1.7737806157e-01
    5.9000000000e+04    1.9928991634e-01
    5.9100000000e+04    1.4740292987e-01
    5.9200000000e+04    1.2553882818e-01
    5.9300000000e+04    1.6592961601e-01
    5.9400000000e+04    1.4316227918e-01
    5.9500000000e+04    1.4035453104e-01
    5.9600000000e+04    1.3523795264e-01
    5.9700000000e+04    1.2675699994e-01
    5.9800000000e+04    1.4274757103e-01
    5.9900000000e+04    1.3421983832e-01
    6.0000000000e+04    1.4066546923e-01
    6.0100000000e+04    1.4036497088e-01
    6.0200000000e+04    1.7650248751e-01
    6.0300000000e+04    1.3006104096e-01
    6.0400000000e+04    1.2882735541e-01
    6.0500000000e+04    1.1301409062e-01
    6.0600000000e+04    1.2144763696e-01
    6.0700000000e+04    1.6766852482e-01
    6.0800000000e+04    1.1560337965e-01
    6.0900000000e+04    1.4314946648e-01
    6.1000000000e+04    1.1882770933e-01
    6.1100000000e+04    1.8028080136e-01
    6.1200000000e+04    1.4759990102e-01
    6.1300000000e+04    1.3633099871e-01
    6.1400000000e+04    1.8876144283e-01
    6.1500000000e+04    1.5772009900e-01
    6.1600000000e+04    1.8190020133e-01
    6.1700000000e+04    1.1262424969e-01
    6.1800000000e+04    1.2308914896e-01
    6.1900000000e+04    1.2842752284e-01
    6.2000000000e+04    1.5580416306e-01
    6.2100000000e+04    1.2350031770e-01
    6.2200000000e+04    1.2330048066e-01
    6.2300000000e+04    1.3062127127e-01
    6.2400000000e+04    1.3020484283e-01
    6.2500000000e+04    1.7704731123e-01
    6.2600000000e+04    1.5154582159e-01
    6.2700000000e+04    1.6331000418e-01
    6.2800000000e+04    1.3400953036e-01
    6.2900000000e+04    1.1284225500e-01
    6.3000000000e+04    1.6979586217e-01
    6.3100000000e+04    1.3909949319e-01
    6.3200000000e+04    1.4335830263e-01
    6.3300000000e+04    1.6023725021e-01
    6.3400000000e+04    1.4132162649e-01
    6.3500000000e+04    1.7879668305e-01
    6.3600000000e+04    1.6031860883e-01
    6.3700000000e+04    1.6854175309e-01
    6.3800000000e+04    1.3175998975e-01
    6.3900000000e+04    1.5145304288e-01
    6.4000000000e+04    2.1306994865e-01
    6.4100000000e+04    1.7052774064e-01
    6.4200000000e+04    1.6705231342e-01
    6.4300000000e+04    1.5001679116e-01
    6.4400000000e+04    1.8507085459e-01
    6.4500000000e+04    1.4548043353e-01
    6.4600000000e+04    1.4638643158e-01
    6.4700000000e+04    1.3181547719e-01
    6.4800000000e+04    1.6557478404e-01
    6.4900000000e+04    1.3487601982e-01
    6.5000000000e+04    1.5832057913e-01
    6.5100000000e+04    1.4796272475e-01
    6.5200000000e+04    1.3711171039e-01
    6.5300000000e+04    1.5954011174e-01
    6.5400000000e+04    1.3029665504e-01
    6.5500000000e+04    1.4243205361e-01
    6.5600000000e+04    1.3579707843e-01
    6.5700000000e+04    1.6335793687e-01
    6.5800000000e+04    1.6055970007e-01
    6.5900000000e+04    1.8388033251e-01
    6.6000000000e+04    1.3642518282e-01
    6.6100000000e+04    1.5531671433e-01
    6.6200000000e+04    1.5161675791e-01
    6.6300000000e+04    1.5017236615e-01
    6.6400000000e+04    1.3920762379e-01
    6.6500000000e+04    2.2948342373e-01
    6.6600000000e+04    1.5848731742e-01
    6.6700000000e+04    1.3766940724e-01
    6.6800000000e+04    1.0856776329e-01
    6.6900000000e+04    1.5793121183e-01
    6.7000000000e+04    1.7770532446e-01
    6.7100000000e+04    2.1281634022e-01
    6.7200000000e+04    1.1437932613e-01
    6.7300000000e+04    1.2829634767e-01
    6.7400000000e+04    1.6737034995e-01
    6.7500000000e+04    1.2817427949e-01
    6.7600000000e+04    1.3317604343e-01
    6.7700000000e+04    1.4865042358e-01
    6.7800000000e+04    1.4908726486e-01
    6.7900000000e+04    1.4709117806e-01
    6.8000000000e+04    2.5622400169e-01
    6.8100000000e+04    1.4640293672e-01
    6.8200000000e+04    1.5945164341e-01
    6.8300000000e+04    1.6579186660e-01
    6.8400000000e+04    1.4279808331e-01
    6.8500000000e+04    1.5668286938e-01
    6.8600000000e+04    1.5913516113e-01
    6.8700000000e+04    1.6989361957e-01
    6.8800000000e+04    1.4461672088e-01
    6.8900000000e+04    1.7575159344e-01
    6.9000000000e+04    1.5831327412e-01
    6.9100000000e+04    1.4512991867e-01
    6.9200000000e+04    1.5953232024e-01
    6.9300000000e+04    1.5218351668e-01
    6.9400000000e+04    1.7553127352e-01
    6.9500000000e+04    1.4056528177e-01
    6.9600000000e+04    1.3654732282e-01
    6.9700000000e+04    1.1705728374e-01
    6.9800000000e+04    1.4799458051e-01
    6.9900000000e+04    1.2495063858e-01
    7.0000000000e+04    1.1818289959e-01
    7.0100000000e+04    1.5024634682e-01
    7.0200000000e+04    1.3717586667e-01
    7.0300000000e+04    1.6383036922e-01
    7.0400000000e+04    1.2202171663e-01
    7.0500000000e+04    1.4665309075e-01
    7.0600000000e+04    1.4455548765e-01
    7.0700000000e+04    1.4159854993e-01
    7.0800000000e+04    1.5255216152e-01
    7.0900000000e+04    1.3817331505e-01
    7.1000000000e+04    1.8985564060e-01
    7.1100000000e+04    2.0998639209e-01
    7.1200000000e+04    1.3961339452e-01
    7.1300000000e+04    1.8081191364e-01
    7.1400000000e+04    1.2784156679e-01
    7.1500000000e+04    1.6838316866e-01
    7.1600000000e+04    1.3384840850e-01
    7.1700000000e+04    1.7047684923e-01
    7.1800000000e+04    1.4957244365e-01
    7.1900000000e+04    1.5955502884e-01
    7.2000000000e+04    1.6802211945e-01
    7.2100000000e+04    1.9061939190e-01
    7.2200000000e+04    1.7263693522e-01
    7.2300000000e+04    1.4599146931e-01
    7.2400000000e+04    1.6558723028e-01
    7.2500000000e+04    1.5418274402e-01
    7.2600000000e+04    1.3111351291e-01
    7.2700000000e+04    1.2790220264e-01
    7.2800000000e+04    1.4611582623e-01
    7.2900000000e+04    1.0522578239e-01
    7.3000000000e+04    1.2478832915e-01
    7.3100000000e+04    9.6441592449e-02
    7.3200000000e+04    1.3639498051e-01
    7.3300000000e+04    1.2021980734e-01
    7.3400000000e+04    1.4064564496e-01
    7.3500000000e+04    1.4889880235e-01
    7.3600000000e+04    1.6576238218e-01
    7.3700000000e+04    1.7765342424e-01
    7.3800000000e+04    1.7187731014e-01
    7.3900000000e+04    1.4422805874e-01
    7.4000000000e+04    1.3875488196e-01
    7.4100000000e+04    1.3640391813e-01
    7.4200000000e+04    1.3808703236e-01
    7.4300000000e+04    1.4908375787e-01
    7.4400000000e+04    1.3601631852e-01
    7.4500000000e+04    1.4171757536e-01
    7.4600000000e+04    1.4021469152e-01
    7.4700000000e+04    1.2961761903e-01
    7.4800000000e+04    1.3126531348e-01
    7.4900000000e+04    1.4929920048e-01
    7.5000000000e+04    1.4995810045e-01
    7.5100000000e+04    1.5249626250e-01
    7.5200000000e+04    1.6555445465e-01
    7.5300000000e+04    1.4283061745e-01
    7.5400000000e+04    1.5146265942e-01
    7.5500000000e+04    1.7286370836e-01
    7.5600000000e+04    1.1654875909e-01
    7.5700000000e+04    1.3958203419e-01
    7.5800000000e+04    1.2662677832e-01
    7.5900000000e+04    1.0034968368e-01
    7.6000000000e+04    1.4992959473e-01
    7.6100000000e+04    1.0844533200e-01
    7.6200000000e+04    1.1714670198e-01
    7.6300000000e+04    1.6321519432e-01
    7.6400000000e+04    1.6502108369e-01
    7.6500000000e+04    1.5290385008e-01
    7.6600000000e+04    1.9120531012e-01
    7.6700000000e+04    1.2351842682e-01
    7.6800000000e+04    1.0414889305e-01
    7.6900000000e+04    9.1216349054e-02
    7.7000000000e+04    1.9860289107e-01
    7.7100000000e+04    1.8200841333e-01
    7.7200000000e+04    1.3298696785e-01
    7.7300000000e+04    1.2996769863e-01
    7.7400000000e+04    1.5333914648e-01
    7.7500000000e+04    1.5431961549e-01
    7.7600000000e+04    1.5608966049e-01
    7.7700000000e+04    1.3068060569e-01
    7.7800000000e+04    1.6659252074e-01
    7.7900000000e+04    1.2141005613e-01
    7.8000000000e+04    1.5884884285e-01
    7.8100000000e+04    1.3369910219e-01
    7.8200000000e+04    1.7723580919e-01
    7.8300000000e+04    1.5830904124e-01
    7.8400000000e+04    1.7322945479e-01
    7.8500000000e+04    1.3958756139e-01
    7.8600000000e+04    1.5210755098e-01
    7.8700000000e+04    1.4970939238e-01
    7.8800000000e+04    1.7951846434e-01
    7.8900000000e+04    1.9007137474e-01
    7.9000000000e+04    1.6498741435e-01
    7.9100000000e+04    1.4608182815e-01
    7.9200000000e+04    1.6778595363e-01
    7.9300000000e+04    1.4066140219e-01
    7.9400000000e+04    1.0743214475e-01
    7.9500000000e+04    1.4372991825e-01
    7.9600000000e+04    1.4178856212e-01
    7.9700000000e+04    1.4498271857e-01
    7.9800000000e+04    1.0313953635e-01
    7.9900000000e+04    1.4372536575e-01
    8.0000000000e+04    1.2757226560e-01
    8.0100000000e+04    1.5110704260e-01
    8.0200000000e+04    1.2271763349e-01
    8.0300000000e+04    1.2127431681e-01
    8.0400000000e+04    1.5997837032e-01
    8.0500000000e+04    1.4688992091e-01
    8.0600000000e+04    1.5437442118e-01
    8.0700000000e+04    1.8067781988e-01
    8.0800000000e+04    1.5297166802e-01
    8.0900000000e+04    1.4276067333e-01
    8.1000000000e+04    1.4829183000e-01
    8.1100000000e+04    1.4177231674e-01
    8.1200000000e+04    1.2466695037e-01
    8.1300000000e+04    1.1868214568e-01
    8.1400000000e+04    1.0910141690e-01
    8.1500000000e+04    1.3442774537e-01
    8.1600000000e+04    9.4764121770e-02
    8.1700000000e+04    1.1010800879e-01
    8.1800000000e+04    1.1876681262e-01
    8.1900000000e+04    1.2824394026e-01
    8.2000000000e+04    1.2591089723e-01
    8.2100000000e+04    1.1409725925e-01
    8.2200000000e+04    1.1123519973e-01
    8.2300000000e+04    1.2197993549e-01
    8.2400000000e+04    1.2903092366e-01
    8.2500000000e+04    1.2239007001e-01
    8.2600000000e+04    1.4233773802e-01
    8.2700000000e+04    1.4786652061e-01
    8.2800000000e+04    1.4839177694e-01
    8.2900000000e+04    1.3298048533e-01
    8.3000000000e+04    1.2586152336e-01
    8.3100000000e+04    1.3767304507e-01
    8.3200000000e+04    1.4592407636e-01
    8.3300000000e+04    1.0986721932e-01
    8.3400000000e+04    1.3024054456e-01
    8.3500000000e+04    1.3248422041e-01
    8.3600000000e+04    9.5392259835e-02
    8.3700000000e+04    1.3405074934e-01
    8.3800000000e+04    1.0922853449e-01
    8.3900000000e+04    1.6329782583e-01
    8.4000000000e+04    1.1203516880e-01
    8.4100000000e+04    1.1719042349e-01
    8.4200000000e+04    1.6135740124e-01
    8.4300000000e+04    2.7478259201e-01
    8.4400000000e+04    1.5876688956e-01
    8.4500000000e+04    1.3616802638e-01
    8.4600000000e+04    1.5392263636e-01
    8.4700000000e+04    1.0850389629e-01
    8.4800000000e+04    1.1480160396e-01
    8.4900000000e+04    1.1811127639e-01
    8.5000000000e+04    1.0207450880e-01
    8.5100000000e+04    1.4210740020e-01
    8.5200000000e+04    1.2476809291e-01
    8.5300000000e+04    1.1580946515e-01
    8.5400000000e+04    1.1329387323e-01
    8.5500000000e+04    1.0350157460e-01
    8.5600000000e+04    1.6520669284e-01
    8.5700000000e+04    1.2321290528e-01
    8.5800000000e+04    1.1867177161e-01
    8.5900000000e+04    1.3890663897e-01
    8.6000000000e+04    1.4497739385e-01
    8.6100000000e+04    1.4222298389e-01
    8.6200000000e+04    1.2617021981e-01
    8.6300000000e+04    1.1009930887e-01
    8.6400000000e+04    1.0474342429e-01
    8.6500000000e+04    1.8063849615e-01
    8.6600000000e+04    1.1745741654e-01
    8.6700000000e+04    1.3243990360e-01
    8.6800000000e+04    1.1979225076e-01
    8.6900000000e+04    1.0928831642e-01
    8.7000000000e+04    1.0568051853e-01
    8.7100000000e+04    1.3416359754e-01
    8.7200000000e+04    1.2856238730e-01
    8.7300000000e+04    1.3771155811e-01
    8.7400000000e+04    1.3374702202e-01
    8.7500000000e+04    1.3199107115e-01
    8.7600000000e+04    1.2719195479e-01
    8.7700000000e+04    1.1899411831e-01
    8.7800000000e+04    9.7821665322e-02
    8.7900000000e+04    1.5626439124e-01
    8.8000000000e+04    1.3632355586e-01
    8.8100000000e+04    1.6428350281e-01
    8.8200000000e+04    1.0753300476e-01
    8.8300000000e+04    8.9968748193e-02
    8.8400000000e+04    1.4020885826e-01
    8.8500000000e+04    1.2772021215e-01
    8.8600000000e+04    1.6693636724e-01
    8.8700000000e+04    1.3605030874e-01
    8.8800000000e+04    1.5030446287e-01
    8.8900000000e+04    9.8621450694e-02
    8.9000000000e+04    1.6562040193e-01
    8.9100000000e+04    1.2768676602e-01
    8.9200000000e+04    1.4232609798e-01
    8.9300000000e+04    1.2084172096e-01
    8.9400000000e+04    1.5293130660e-01
    8.9500000000e+04    1.2805772915e-01
    8.9600000000e+04    1.4476491766e-01
    8.9700000000e+04    1.1783989545e-01
    8.9800000000e+04    1.1896446151e-01
    8.9900000000e+04    1.6829448479e-01
    9.0000000000e+04    1.5272206244e-01
    9.0100000000e+04    1.5418630198e-01
    9.0200000000e+04    1.3762009237e-01
    9.0300000000e+04    1.3104867759e-01
    9.0400000000e+04    1.8102890854e-01
    9.0500000000e+04    1.4424766682e-01
    9.0600000000e+04    1.6751723591e-01
    9.0700000000e+04    1.6523046711e-01
    9.0800000000e+04    1.7897565983e-01
    9.0900000000e+04    1.8670690068e-01
    9.1000000000e+04    2.0987790930e-01
    9.1100000000e+04    1.3091915261e-01
    9.1200000000e+04    1.2497973786e-01
    9.1300000000e+04    1.4442240064e-01
    9.1400000000e+04    1.6996168755e-01
    9.1500000000e+04    1.5831765385e-01
    9.1600000000e+04    1.5153279688e-01
    9.1700000000e+04    1.5717789788e-01
    9.1800000000e+04    1.7225524225e-01
    9.1900000000e+04    1.5050443498e-01
    9.2000000000e+04    2.0185451639e-01
    9.2100000000e+04    1.3821865287e-01
    9.2200000000e+04    1.4196138144e-01
    9.2300000000e+04    1.7210601354e-01
    9.2400000000e+04    1.4223118734e-01
    9.2500000000e+04    1.4499750218e-01
    9.2600000000e+04    1.3864236615e-01
    9.2700000000e+04    1.3637134074e-01
    9.2800000000e+04    1.3396108436e-01
    9.2900000000e+04    1.2386006386e-01
    9.3000000000e+04    1.4280049936e-01
    9.3100000000e+04    1.5680787295e-01
    9.3200000000e+04    1.5998887164e-01
    9.3300000000e+04    1.4868557171e-01
    9.3400000000e+04    1.5559952156e-01
    9.3500000000e+04    1.0263037221e-01
    9.3600000000e+04    1.3351459905e-01
    9.3700000000e+04    1.2495191088e-01
    9.3800000000e+04    1.1509608462e-01
    9.3900000000e+04    1.0694842583e-01
    9.4000000000e+04    1.7278203169e-01
    9.4100000000e+04    1.5086832660e-01
    9.4200000000e+04    1.2872070346e-01
    9.4300000000e+04    1.6109588002e-01
    9.4400000000e+04    1.4734816668e-01
    9.4500000000e+04    1.7920014792e-01
    9.4600000000e+04    1.7124872575e-01
    9.4700000000e+04    1.4756015260e-01
    9.4800000000e+04    1.5358417810e-01
    9.4900000000e+04    1.5317593812e-01
    9.5000000000e+04    1.4186201731e-01
    9.5100000000e+04    1.3847588406e-01
    9.5200000000e+04    1.0832927306e-01
    9.5300000000e+04    1.4568874271e-01
    9.5400000000e+04    1.7150496791e-01
    9.5500000000e+04    1.0893158918e-01
    9.5600000000e+04    1.2621138682e-01
    9.5700000000e+04    1.3701256777e-01
    9.5800000000e+04    1.3085827589e-01
    9.5900000000e+04    1.1398829735e-01
    9.6000000000e+04    1.4493850934e-01
    9.6100000000e+04    1.2893387662e-01
    9.6200000000e+04    1.2151677450e-01
    9.6300000000e+04    1.0993174455e-01
    9.6400000000e+04    1.1865475375e-01
    9.6500000000e+04    1.2163987738e-01
    9.6600000000e+04    1.1198577104e-01
    9.6700000000e+04    1.8492305510e-01
    9.6800000000e+04    1.3060005117e-01
    9.6900000000e+04    1.5301396819e-01
    9.7000000000e+04    1.5437910284e-01
    9.7100000000e+04    1.3623632530e-01
    9.7200000000e+04    1.7184509760e-01
    9.7300000000e+04    1.3426208091e-01
    9.7400000000e+04    1.5129497769e-01
    9.7500000000e+04    1.2985184520e-01
    9.7600000000e+04    1.1815069191e-01
    9.7700000000e+04    1.3272459119e-01
    9.7800000000e+04    1.1681649489e-01
    9.7900000000e+04    1.1403893583e-01
    9.8000000000e+04    1.5313930585e-01
    9.8100000000e+04    1.3831433896e-01
    9.8200000000e+04    1.5497637239e-01
    9.8300000000e+04    1.0077850517e-01
    9.8400000000e+04    1.2871814578e-01
    9.8500000000e+04    1.1858708152e-01
    9.8600000000e+04    1.4049305790e-01
    9.8700000000e+04    1.0596838059e-01
    9.8800000000e+04    1.3032610536e-01
    9.8900000000e+04    1.1306057632e-01
    9.9000000000e+04    1.3456030140e-01
    9.9100000000e+04    1.4345855711e-01
    9.9200000000e+04    1.2121430684e-01
    9.9300000000e+04    1.0204186268e-01
    9.9400000000e+04    1.1324492242e-01
    9.9500000000e+04    1.4022791386e-01
    9.9600000000e+04    1.2918029945e-01
    9.9700000000e+04    1.2207789752e-01
    9.9800000000e+04    1.2563754677e-01
    9.9900000000e+04    1.6414407957e-01
    1.0000000000e+05    1.3872962260e-01
    1.0010000000e+05    1.3049016432e-01
    1.0020000000e+05    1.0943294724e-01
    1.0030000000e+05    1.5229004169e-01
    1.0040000000e+05    1.2343347688e-01
    1.0050000000e+05    1.6335999575e-01
    1.0060000000e+05    1.2744175049e-01
    1.0070000000e+05    1.2371921585e-01
    1.0080000000e+05    1.1202667328e-01
    1.0090000000e+05    1.4785087799e-01
    1.0100000000e+05    1.2873334651e-01
    1.0110000000e+05    1.9777570906e-01
    1.0120000000e+05    1.1506750866e-01
    1.0130000000e+05    1.1261677720e-01
    1.0140000000e+05    1.4448653807e-01
    1.0150000000e+05    1.3783667927e-01
    1.0160000000e+05    1.5948880215e-01
    1.0170000000e+05    1.5355058083e-01
    1.0180000000e+05    1.7846869683e-01
    1.0190000000e+05    1.4606121576e-01
    1.0200000000e+05    1.2134921045e-01
    1.0210000000e+05    1.7781992134e-01
    1.0220000000e+05    1.4006243683e-01
    1.0230000000e+05    1.6832136922e-01
    1.0240000000e+05    1.3270500360e-01
    1.0250000000e+05    1.3747370820e-01
    1.0260000000e+05    1.3600432559e-01
    1.0270000000e+05    1.2463576924e-01
    1.0280000000e+05    1.3077181814e-01
    1.0290000000e+05    1.6363994821e-01
    1.0300000000e+05    1.6226641971e-01
    1.0310000000e+05    1.1692647920e-01
    1.0320000000e+05    1.6128909180e-01
    1.0330000000e+05    1.1941085560e-01
    1.0340000000e+05    1.5895721473e-01
    1.0350000000e+05    1.3692432244e-01
    1.0360000000e+05    1.3062596687e-01
    1.0370000000e+05    1.3567880187e-01
    1.0380000000e+05    1.2930768198e-01
    1.0390000000e+05    1.6699590220e-01
    1.0400000000e+05    1.8118887774e-01
    1.0410000000e+05    2.0151193417e-01
    1.0420000000e+05    1.6704811911e-01
    1.0430000000e+05    1.6051624001e-01
    1.0440000000e+05    1.6023682948e-01
    1.0450000000e+05    1.2395521764e-01
    1.0460000000e+05    1.1534941352e-01
    1.0470000000e+05    1.4606942622e-01
    1.0480000000e+05    1.4898382246e-01
    1.0490000000e+05    1.3235153931e-01
    1.0500000000e+05    1.3254628812e-01
    1.0510000000e+05    1.1777779718e-01
    1.0520000000e+05    1.1694089512e-01
    1.0530000000e+05    1.3238652224e-01
    1.0540000000e+05    1.5078810460e-01
    1.0550000000e+05    1.8086477447e-01
    1.0560000000e+05    1.7574202822e-01
    1.0570000000e+05    1.1952001330e-01
    1.0580000000e+05    1.2779790254e-01
    1.0590000000e+05    1.4161041891e-01
    1.0600000000e+05    1.2501400499e-01
    1.0610000000e+05    9.9405525368e-02
    1.0620000000e+05    9.9730082423e-02
    1.0630000000e+05    1.3001127312e-01
    1.0640000000e+05    1.5555490315e-01
    1.0650000000e+05    1.3547265423e-01
    1.0660000000e+05    1.0401840442e-01
    1.0670000000e+05    1.2303764956e-01
    1.0680000000e+05    1.2432995545e-01
    1.0690000000e+05    1.3035294828e-01
    1.0700000000e+05    1.3914968839e-01
    1.0710000000e+05    1.6213798398e-01
    1.0720000000e+05    1.5765116339e-01
    1.0730000000e+05    1.6209701584e-01
    1.0740000000e+05    1.4754732510e-01
    1.0750000000e+05    1.4187213082e-01
    1.0760000000e+05    1.4075815148e-01
    1.0770000000e+05    1.3420135432e-01
    1.0780000000e+05    1.5583004979e-01
    1.0790000000e+05    2.2128772468e-01
    1.0800000000e+05    1.3685921687e-01
    1.0810000000e+05    1.6829206416e-01
    1.0820000000e+05    1.2478517427e-01
    1.0830000000e+05    1.6749126238e-01
    1.0840000000e+05    1.4967290156e-01
    1.0850000000e+05    1.7935121026e-01
    1.0860000000e+05    1.5076430508e-01
    1.0870000000e+05    1.4726688066e-01
    1.0880000000e+05    1.4256968887e-01
    1.0890000000e+05    1.6013234057e-01
    1.0900000000e+05    1.3925636443e-01
    1.0910000000e+05    1.4998863680e-01
    1.0920000000e+05    1.3029077916e-01
    1.0930000000e+05    1.3719991815e-01
    1.0940000000e+05    1.3499387883e-01
    1.0950000000e+05    1.0751211365e-01
    1.0960000000e+05    1.1304900246e-01
    1.0970000000e+05    1.1395215715e-01
    1.0980000000e+05    1.5440044534e-01
    1.0990000000e+05    1.3093626163e-01
    1.1000000000e+05    1.3403855012e-01
    1.1010000000e+05    1.0745696515e-01
    1.1020000000e+05    1.4645495953e-01
    1.1030000000e+05    1.2752357314e-01
    1.1040000000e+05    1.4057658605e-01
    1.1050000000e+05    1.2471627033e-01
    1.1060000000e+05    1.4220787651e-01
    1.1070000000e+05    1.4414789797e-01
    1.1080000000e+05    1.3906904810e-01
    1.1090000000e+05    1.9275962451e-01
    1.1100000000e+05    1.3099393098e-01
    1.1110000000e+05    1.3683378744e-01
    1.1120000000e+05    1.5241441846e-01
    1.1130000000e+05    1.1718960379e-01
    1.1140000000e+05    1.2980510058e-01
    1.1150000000e+05    1.2216124319e-01
    1.1160000000e+05    1.3025128820e-01
    1.1170000000e+05    1.2584628069e-01
    1.1180000000e+05    1.2769818590e-01
    1.1190000000e+05    1.3940720796e-01
    1.1200000000e+05    1.8770266364e-01
    1.1210000000e+05    1.4142510080e-01
    1.1220000000e+05    2.0783138457e-01
    1.1230000000e+05    1.5432150599e-01
    1.1240000000e+05    1.2626512656e-01
    1.1250000000e+05    1.2992374609e-01
    1.1260000000e+05    1.6941258201e-01
    1.1270000000e+05    1.5860468772e-01
    1.1280000000e+05    1.9013317552e-01
    1.1290000000e+05    1.4532164290e-01
    1.1300000000e+05    1.5888579470e-01
    1.1310000000e+05    1.5757331154e-01
    1.1320000000e+05    2.2501244318e-01
    1.1330000000e+05    2.4020750986e-01
    1.1340000000e+05    1.4904104383e-01
    1.1350000000e+05    1.3592671366e-01
    1.1360000000e+05    1.5548797518e-01
    1.1370000000e+05    1.6700966071e-01
    1.1380000000e+05    1.4576878383e-01
    1.1390000000e+05    1.5013540839e-01
    1.1400000000e+05    1.2408330873e-01
    1.1410000000e+05    1.1962494488e-01
    1.1420000000e+05    1.1442338095e-01
    1.1430000000e+05    1.3179432223e-01
    1.1440000000e+05    1.4293220387e-01
    1.1450000000e+05    1.4024570377e-01
    1.1460000000e+05    1.7232238876e-01
    1.1470000000e+05    1.6444311602e-01
    1.1480000000e+05    1.8480311970e-01
    1.1490000000e+05    1.4237271214e-01
    1.1500000000e+05    1.3745757000e-01
    1.1510000000e+05    1.3471706174e-01
    1.1520000000e+05    1.0064976167e-01
    1.1530000000e+05    1.3041310286e-01
    1.1540000000e+05    9.1971410864e-02
    1.1550000000e+05    1.4443128325e-01
    1.1560000000e+05    1.0439426094e-01
    1.1570000000e+05    1.5820762957e-01
    1.1580000000e+05    1.1592759847e-01
    1.1590000000e+05    1.5112150140e-01
    1.1600000000e+05    1.2775974243e-01
    1.1610000000e+05    1.4964191045e-01
    1.1620000000e+05    1.8550439195e-01
    1.1630000000e+05    1.6645078440e-01
    1.1640000000e+05    1.7595408228e-01
    1.1650000000e+05    1.2924771473e-01
    1.1660000000e+05    1.7512508011e-01
    1.1670000000e+05    1.3942252732e-01
    1.1680000000e+05    1.1828096900e-01
    1.1690000000e+05    1.4598331822e-01
    1.1700000000e+05    1.3302880680e-01
    1.1710000000e+05    1.8004008678e-01
    1.1720000000e+05    1.2667085617e-01
    1.1730000000e+05    1.4845116735e-01
    1.1740000000e+05    1.4773498977e-01
    1.1750000000e+05    1.8204811421e-01
    1.1760000000e+05    1.4600289771e-01
    1.1770000000e+05    1.5897057314e-01
    1.1780000000e+05    1.1288550241e-01
    1.1790000000e+05    1.6822785274e-01
    1.1800000000e+05    1.8809500847e-01
    1.1810000000e+05    1.5549453922e-01
    1.1820000000e+05    1.1824130479e-01
    1.1830000000e+05    1.1588272564e-01
    1.1840000000e+05    1.3821502413e-01
    1.1850000000e+05    1.4369376670e-01
    1.1860000000e+05    1.5616356392e-01
    1.1870000000e+05    1.1260405038e-01
    1.1880000000e+05    1.2165122681e-01
    1.1890000000e+05    1.1619311336e-01
    1.1900000000e+05    1.3272879801e-01
    1.1910000000e+05    1.3627796904e-01
    1.1920000000e+05    1.4735529489e-01
    1.1930000000e+05    1.2997045268e-01
    1.1940000000e+05    1.4815275852e-01
    1.1950000000e+05    1.5211037851e-01
    1.1960000000e+05    1.6277858180e-01
    1.1970000000e+05    1.5926440804e-01
    1.1980000000e+05    1.5757699385e-01
    1.1990000000e+05    1.5865128910e-01
    1.2000000000e+05    1.3107008762e-01
    1.2010000000e+05    1.6722624261e-01
    1.2020000000e+05    1.8986951668e-01
    1.2030000000e+05    2.0372103410e-01
    1.2040000000e+05    1.2822043118e-01
    1.2050000000e+05    1.4296938536e-01
    1.2060000000e+05    1.4656890784e-01
    1.2070000000e+05    1.6213647132e-01
    1.2080000000e+05    1.4618492640e-01
    1.2090000000e+05    1.2434049379e-01
    1.2100000000e+05    1.4738601405e-01
    1.2110000000e+05    1.4221359904e-01
    1.2120000000e+05    1.3207781298e-01
    1.2130000000e+05    1.2729685505e-01
    1.2140000000e+05    1.0141586511e-01
    1.2150000000e+05    1.1888656306e-01
    1.2160000000e+05    1.1546449716e-01
    1.2170000000e+05    1.1788334744e-01
    1.2180000000e+05    1.1148075535e-01
    1.2190000000e+05    1.3538277941e-01
    1.2200000000e+05    1.4960133169e-01
    1.2210000000e+05    1.4947493515e-01
    1.2220000000e+05    1.5621976423e-01
    1.2230000000e+05    1.4800630035e-01
    1.2240000000e+05    1.7375024980e-01
    1.2250000000e+05    1.3050782662e-01
    1.2260000000e+05    1.3894074997e-01
    1.2270000000e+05    1.3830703611e-01
    1.2280000000e+05    1.7142631519e-01
    1.2290000000e+05    1.7237254639e-01
    1.2300000000e+05    1.2784976242e-01
    1.2310000000e+05    1.4423232639e-01
    1.2320000000e+05    1.1829222116e-01
    1.2330000000e+05    1.2656885179e-01
    1.2340000000e+05    1.3481000961e-01
    1.2350000000e+05    1.3852429757e-01
    1.2360000000e+05    1.2919066473e-01
    1.2370000000e+05    1.5910153248e-01
    1.2380000000e+05    1.4676936310e-01
    1.2390000000e+05    1.6229487885e-01
    1.2400000000e+05    1.3119023451e-01
    1.2410000000e+05    1.5466546466e-01
    1.2420000000e+05    1.6894864608e-01
    1.2430000000e+05    1.4219466448e-01
    1.2440000000e+05    1.5655965138e-01
    1.2450000000e+05    1.4797059391e-01
    1.2460000000e+05    1.5061391979e-01
    1.2470000000e+05    1.2652003921e-01
    1.2480000000e+05    1.2968472097e-01
    1.2490000000e+05    1.2864523963e-01
    1.2500000000e+05    1.4422434098e-01
    1.2510000000e+05    1.4354248377e-01
    1.2520000000e+05    1.5550447614e-01
    1.2530000000e+05    1.8508624364e-01
    1.2540000000e+05    1.5252566371e-01
    1.2550000000e+05    1.3539895078e-01
    1.2560000000e+05    9.2914891956e-02
    1.2570000000e+05    1.1920719317e-01
    1.2580000000e+05    1.3422513513e-01
    1.2590000000e+05    1.3317825409e-01
    1.2600000000e+05    1.0437544062e-01
    1.2610000000e+05    1.1145574537e-01
    1.2620000000e+05    1.4052551981e-01
    1.2630000000e+05    1.2765548838e-01
    1.2640000000e+05    1.3810385927e-01
    1.2650000000e+05    1.2266933930e-01
    1.2660000000e+05    1.4436504541e-01
    1.2670000000e+05    1.3391991478e-01
    1.2680000000e+05    1.4763108574e-01
    1.2690000000e+05    1.3308006002e-01
    1.2700000000e+05    2.1170940633e-01
    1.2710000000e+05    1.4626758761e-01
    1.2720000000e+05    1.7436299111e-01
    1.2730000000e+05    1.2864167667e-01
    1.2740000000e+05    1.4296862623e-01
    1.2750000000e+05    1.5449660658e-01
    1.2760000000e+05    1.5843438660e-01
    1.2770000000e+05    1.5042048156e-01
    1.2780000000e+05    1.3953960507e-01
    1.2790000000e+05    1.5519430277e-01
    1.2800000000e+05    1.3832527677e-01
    1.2810000000e+05    1.6679184412e-01
    1.2820000000e+05    1.4991260820e-01
    1.2830000000e+05    1.7145253904e-01
    1.2840000000e+05    1.2161906821e-01
    1.2850000000e+05    1.8848496937e-01
    1.2860000000e+05    1.1811096113e-01
    1.2870000000e+05    1.4329574768e-01
    1.2880000000e+05    1.6068032469e-01
    1.2890000000e+05    1.8629112760e-01
    1.2900000000e+05    1.3242679387e-01
    1.2910000000e+05    1.8723464825e-01
    1.2920000000e+05    1.8985280408e-01
    1.2930000000e+05    1.7505617037e-01
    1.2940000000e+05    1.7620248094e-01
    1.2950000000e+05    1.5895049793e-01
    1.2960000000e+05    1.3790928886e-01
    1.2970000000e+05    1.5672218635e-01
    1.2980000000e+05    1.5597226796e-01
    1.2990000000e+05    1.4647370987e-01
    1.3000000000e+05    1.4335084351e-01
    1.3010000000e+05    1.4401142650e-01
    1.3020000000e+05    1.4469575576e-01
    1.3030000000e+05    1.4401825685e-01
    1.3040000000e+05    1.3847352499e-01
    1.3050000000e+05    1.4394216925e-01
    1.3060000000e+05    1.5298364427e-01
    1.3070000000e+05    1.6204593136e-01
    1.3080000000e+05    1.3011550029e-01
    1.3090000000e+05    1.6396889347e-01
    1.3100000000e+05    1.4489966709e-01
    1.3110000000e+05    1.4006621782e-01
    1.3120000000e+05    1.5626665375e-01
    1.3130000000e+05    1.4675946027e-01
    1.3140000000e+05    1.8241097301e-01
    1.3150000000e+05    1.8395937928e-01
    1.3160000000e+05    2.0556199282e-01
    1.3170000000e+05    1.8845820020e-01
    1.3180000000e+05    1.4988797347e-01
    1.3190000000e+05    1.4953257123e-01
    1.3200000000e+05    2.3015662773e-01
    1.3210000000e+05    1.3208186835e-01
    1.3220000000e+05    2.2894759272e-01
    1.3230000000e+05    1.5008891172e-01
    1.3240000000e+05    1.6137679104e-01
    1.3250000000e+05    1.4456636666e-01
    1.3260000000e+05    1.3690696977e-01
    1.3270000000e+05    1.3306196880e-01
    1.3280000000e+05    1.3014812505e-01
    1.3290000000e+05    1.2904764995e-01
    1.3300000000e+05    1.5541589953e-01
    1.3310000000e+05    1.2966011618e-01
    1.3320000000e+05    1.3902436713e-01
    1.3330000000e+05    1.5974154744e-01
    1.3340000000e+05    1.5658356704e-01
    1.3350000000e+05    1.3961922566e-01
    1.3360000000e+05    1.5191513107e-01
    1.3370000000e+05    1.8641896571e-01
    1.3380000000e+05    1.3663380909e-01
    1.3390000000e+05    1.5155575062e-01
    1.3400000000e+05    1.4957267676e-01
    1.3410000000e+05    1.5626911892e-01
    1.3420000000e+05    1.5432370926e-01
    1.3430000000e+05    1.4848024370e-01
    1.3440000000e+05    1.4146204928e-01
    1.3450000000e+05    1.4121765082e-01
    1.3460000000e+05    1.4634088124e-01
    1.3470000000e+05    1.4385882945e-01
    1.3480000000e+05    1.4487523236e-01
    1.3490000000e+05    1.7048544982e-01
    1.3500000000e+05    1.3724793510e-01
    1.3510000000e+05    1.4154777963e-01
    1.3520000000e+05    1.4399527159e-01
    1.3530000000e+05    2.0595305453e-01
    1.3540000000e+05    1.6467596748e-01
    1.3550000000e+05    1.4448844498e-01
    1.3560000000e+05    1.6464313746e-01
    1.3570000000e+05    1.5267884795e-01
    1.3580000000e+05    1.2575850290e-01
    1.3590000000e+05    1.5238583809e-01
    1.3600000000e+05    1.6862958913e-01
    1.3610000000e+05    1.2888720668e-01
    1.3620000000e+05    1.8882805987e-01
    1.3630000000e+05    1.7148283013e-01
    1.3640000000e+05    2.0219820460e-01
    1.3650000000e+05    1.3796508722e-01
    1.3660000000e+05    1.5957820988e-01
    1.3670000000e+05    1.6445176462e-01
    1.3680000000e+05    1.7276116538e-01
    1.3690000000e+05    1.6346931479e-01
    1.3700000000e+05    1.7243137819e-01
    1.3710000000e+05    1.6536812235e-01
    1.3720000000e+05    1.9307319323e-01
    1.3730000000e+05    1.8951263406e-01
    1.3740000000e+05    1.8729368377e-01
    1.3750000000e+05    1.6002412902e-01
    1.3760000000e+05    1.5848861192e-01
    1.3770000000e+05    1.7944130428e-01
    1.3780000000e+05    1.6672287359e-01
    1.3790000000e+05    1.8944841759e-01
    1.3800000000e+05    1.6354740655e-01
    1.3810000000e+05    1.8302449438e-01
    1.3820000000e+05    1.7435835224e-01
    1.3830000000e+05    1.5963561223e-01
    1.3840000000e+05    1.5771580496e-01
    1.3850000000e+05    1.5293461073e-01
    1.3860000000e+05    1.6248334044e-01
    1.3870000000e+05    1.4576912402e-01
    1.3880000000e+05    1.7470492366e-01
    1.3890000000e+05    1.4988483496e-01
    1.3900000000e+05    1.5370902936e-01
    1.3910000000e+05    1.5918091823e-01
    1.3920000000e+05    1.6092990711e-01
    1.3930000000e+05    1.6249009083e-01
    1.3940000000e+05    1.8701538043e-01
    1.3950000000e+05    1.6705447974e-01
    1.3960000000e+05    1.7341284357e-01
    1.3970000000e+05    1.5205029864e-01
    1.3980000000e+05    1.6488399156e-01
    1.3990000000e+05    1.7000866740e-01
    1.4000000000e+05    1.6893640176e-01
    1.4010000000e+05    1.4937393020e-01
    1.4020000000e+05    1.5869157058e-01
    1.4030000000e+05    1.5350770640e-01
    1.4040000000e+05    1.5052580204e-01
    1.4050000000e+05    1.6421797852e-01
    1.4060000000e+05    1.5661637747e-01
    1.4070000000e+05    1.5531608688e-01
    1.4080000000e+05    1.6161961665e-01
    1.4090000000e+05    1.7247945171e-01
    1.4100000000e+05    1.7796974225e-01
    1.4110000000e+05    2.0165691180e-01
    1.4120000000e+05    1.6158540375e-01
    1.4130000000e+05    1.7158481989e-01
    1.4140000000e+05    1.5857623762e-01
    1.4150000000e+05    1.7984263178e-01
    1.4160000000e+05    1.4843579145e-01
    1.4170000000e+05    1.4239205728e-01
    1.4180000000e+05    1.4367274499e-01
    1.4190000000e+05    1.7001306751e-01
    1.4200000000e+05    1.5231201100e-01
    1.4210000000e+05    1.6327056425e-01
    1.4220000000e+05    1.6526630080e-01
    1.4230000000e+05    1.6623897957e-01
    1.4240000000e+05    1.5300623824e-01
    1.4250000000e+05    1.2001752776e-01
    1.4260000000e+05    1.3010187948e-01
    1.4270000000e+05    1.2711814453e-01
    1.4280000000e+05    1.2080848995e-01
    1.4290000000e+05    1.6814768942e-01
    1.4300000000e+05    1.1503100195e-01
    1.4310000000e+05    1.4841297723e-01
    1.4320000000e+05    1.8382925405e-01
    1.4330000000e+05    1.3108328905e-01
    1.4340000000e+05    1.2948803456e-01
    1.4350000000e+05    1.3840157658e-01
    1.4360000000e+05    1.0653169273e-01
    1.4370000000e+05    1.3695119036e-01
    1.4380000000e+05    1.4929212554e-01
    1.4390000000e+05    1.3249509285e-01
    1.4400000000e+05    1.2762104644e-01
    1.4410000000e+05    1.2964695904e-01
    1.4420000000e+05    1.4597782505e-01
    1.4430000000e+05    1.4449542001e-01
    1.4440000000e+05    2.2170214787e-01
    1.4450000000e+05    1.6486163839e-01
    1.4460000000e+05    1.6360929731e-01
    1.4470000000e+05    1.7486239613e-01
    1.4480000000e+05    1.5551433903e-01
    1.4490000000e+05    1.9548166652e-01
    1.4500000000e+05    1.1470197581e-01
    1.4510000000e+05    1.8027370178e-01
    1.4520000000e+05    1.3395323584e-01
    1.4530000000e+05    1.5126621252e-01
    1.4540000000e+05    1.3292083679e-01
    1.4550000000e+05    1.2079285998e-01
    1.4560000000e+05    1.2703381899e-01
    1.4570000000e+05    1.5157750296e-01
    1.4580000000e+05    1.8384893855e-01
    1.4590000000e+05    1.3472484870e-01
    1.4600000000e+05    1.5127104887e-01
    1.4610000000e+05    1.4627381730e-01
    1.4620000000e+05    1.4362625902e-01
    1.4630000000e+05    1.2315344366e-01
    1.4640000000e+05    1.2425070120e-01
    1.4650000000e+05    1.5040960126e-01
    1.4660000000e+05    1.2960331038e-01
    1.4670000000e+05    1.3385514348e-01
    1.4680000000e+05    1.3001480635e-01
    1.4690000000e+05    1.3813279467e-01
    1.4700000000e+05    1.6966089678e-01
    1.4710000000e+05    1.5290305609e-01
    1.4720000000e+05    1.5730364530e-01
    1.4730000000e+05    1.6908767538e-01
    1.4740000000e+05    1.5393038530e-01
    1.4750000000e+05    1.3711291523e-01
    1.4760000000e+05    1.4296512446e-01
    1.4770000000e+05    1.4421662652e-01
    1.4780000000e+05    1.7418369664e-01
    1.4790000000e+05    1.4793612641e-01
    1.4800000000e+05    1.0789405116e-01
    1.4810000000e+05    1.3111346282e-01
    1.4820000000e+05    1.3779694532e-01
    1.4830000000e+05    1.5144250488e-01
    1.4840000000e+05    1.1491074725e-01
    1.4850000000e+05    1.4167115378e-01
    1.4860000000e+05    1.4531050129e-01
    1.4870000000e+05    1.4288258657e-01
    1.4880000000e+05    1.7176244888e-01
    1.4890000000e+05    1.3387120070e-01
    1.4900000000e+05    1.5933157083e-01
    1.4910000000e+05    1.4152379594e-01
    1.4920000000e+05    1.5247222980e-01
    1.4930000000e+05    1.5889892465e-01
    1.4940000000e+05    1.5123644331e-01
    1.4950000000e+05    1.6728976246e-01
    1.4960000000e+05    1.5781461842e-01
    1.4970000000e+05    1.5811067291e-01
    1.4980000000e+05    1.6011895641e-01
    1.4990000000e+05    1.3353477206e-01
    1.5000000000e+05    1.6349640079e-01
    1.5010000000e+05    1.4579678961e-01
    1.5020000000e+05    1.5161659256e-01
    1.5030000000e+05    1.5859723407e-01
    1.5040000000e+05    1.4361584151e-01
    1.5050000000e+05    1.6249772883e-01
    1.5060000000e+05    1.4286448506e-01
    1.5070000000e+05    1.4012648327e-01
    1.5080000000e+05    1.7358204298e-01
    1.5090000000e+05    1.4415214313e-01
    1.5100000000e+05    2.0132210640e-01
    1.5110000000e+05    1.4369899742e-01
    1.5120000000e+05    1.8055789494e-01
    1.5130000000e+05    1.4100478768e-01
    1.5140000000e+05    1.4755488384e-01
    1.5150000000e+05    1.5548039224e-01
    1.5160000000e+05    1.2386946575e-01
    1.5170000000e+05    1.1244675851e-01
    1.5180000000e+05    1.2749957141e-01
    1.5190000000e+05    1.6657656785e-01
    1.5200000000e+05    1.3561103949e-01
    1.5210000000e+05    1.3606029143e-01
    1.5220000000e+05    1.2982922204e-01
    1.5230000000e+05    1.5918860646e-01
    1.5240000000e+05    1.4156294645e-01
    1.5250000000e+05    1.4668968690e-01
    1.5260000000e+05    1.4103116555e-01
    1.5270000000e+05    1.7151090167e-01
    1.5280000000e+05    1.7707410287e-01
    1.5290000000e+05    1.4232716935e-01
    1.5300000000e+05    1.0977025161e-01
    1.5310000000e+05    1.2841818017e-01
    1.5320000000e+05    1.3550302487e-01
    1.5330000000e+05    1.2655455870e-01
    1.5340000000e+05    1.6012789699e-01
    1.5350000000e+05    1.4997764112e-01
    1.5360000000e+05    1.8239745210e-01
    1.5370000000e+05    1.5296236454e-01
    1.5380000000e+05    1.2695753104e-01
    1.5390000000e+05    1.6300695060e-01
    1.5400000000e+05    1.3752556280e-01
    1.5410000000e+05    1.6819663320e-01
    1.5420000000e+05    1.3304822429e-01
    1.5430000000e+05    1.8196282301e-01
    1.5440000000e+05    1.7871923674e-01
    1.5450000000e+05    1.3483888717e-01
    1.5460000000e+05    1.3945536207e-01
    1.5470000000e+05    1.4091479800e-01
    1.5480000000e+05    1.1013004930e-01
    1.5490000000e+05    1.4789099610e-01
    1.5500000000e+05    1.5829205269e-01
    1.5510000000e+05    1.5585026766e-01
    1.5520000000e+05    1.2929013249e-01
    1.5530000000e+05    1.3616808495e-01
    1.5540000000e+05    1.5686253227e-01
    1.5550000000e+05    1.3444512353e-01
    1.5560000000e+05    1.4943575434e-01
    1.5570000000e+05    1.1276858534e-01
    1.5580000000e+05    1.6183073107e-01
    1.5590000000e+05    1.5157248812e-01
    1.5600000000e+05    1.4433392513e-01
    1.5610000000e+05    1.2957096219e-01
    1.5620000000e+05    1.1630581481e-01
    1.5630000000e+05    1.4790865586e-01
    1.5640000000e+05    1.1500714268e-01
    1.5650000000e+05    1.3680111939e-01
    1.5660000000e+05    1.5290601239e-01
    1.5670000000e+05    1.5607345822e-01
    1.5680000000e+05    1.2535832327e-01
    1.5690000000e+05    1.2240419325e-01
    1.5700000000e+05    1.4492235821e-01
    1.5710000000e+05    1.4269246460e-01
    1.5720000000e+05    1.6059551922e-01
    1.5730000000e+05    1.6591075475e-01
    1.5740000000e+05    1.4678158230e-01
    1.5750000000e+05    1.5728114120e-01
    1.5760000000e+05    1.7515820181e-01
    1.5770000000e+05    1.5227506131e-01
    1.5780000000e+05    1.4416323381e-01
    1.5790000000e+05    1.7869009009e-01
    1.5800000000e+05    1.3375226737e-01
    1.5810000000e+05    1.1654345953e-01
    1.5820000000e+05    1.3377516843e-01
    1.5830000000e+05    1.3878182897e-01
    1.5840000000e+05    1.5538184065e-01
    1.5850000000e+05    1.1174259591e-01
    1.5860000000e+05    1.7665268768e-01
    1.5870000000e+05    1.2994495346e-01
    1.5880000000e+05    1.2850742141e-01
    1.5890000000e+05    1.0632904510e-01
    1.5900000000e+05    2.0510222779e-01
    1.5910000000e+05    1.3250039335e-01
    1.5920000000e+05    1.4556442445e-01
    1.5930000000e+05    1.3470730763e-01
    1.5940000000e+05    1.4415978855e-01
    1.5950000000e+05    1.4307786105e-01
    1.5960000000e+05    1.3777746458e-01
    1.5970000000e+05    1.4588429555e-01
    1.5980000000e+05    1.3028844592e-01
    1.5990000000e+05    1.3831767515e-01
    1.6000000000e+05    1.5072161264e-01
    1.6010000000e+05    1.5195868217e-01
    1.6020000000e+05    1.3819563208e-01
    1.6030000000e+05    1.2203885486e-01
    1.6040000000e+05    1.1508475536e-01
    1.6050000000e+05    1.2007053198e-01
    1.6060000000e+05    1.5364555678e-01
    1.6070000000e+05    1.9655688305e-01
    1.6080000000e+05    1.3395275896e-01
    1.6090000000e+05    1.4173508456e-01
    1.6100000000e+05    1.4690253699e-01
    1.6110000000e+05    1.8588905247e-01
    1.6120000000e+05    1.6030412072e-01
    1.6130000000e+05    1.7594412055e-01
    1.6140000000e+05    1.3630912712e-01
    1.6150000000e+05    1.4771639058e-01
    1.6160000000e+05    1.4381654911e-01
    1.6170000000e+05    2.1329810530e-01
    1.6180000000e+05    1.5077672772e-01
    1.6190000000e+05    1.0702598168e-01
    1.6200000000e+05    1.4754999501e-01
    1.6210000000e+05    1.0875336503e-01
    1.6220000000e+05    1.7557730763e-01
    1.6230000000e+05    1.4551502678e-01
    1.6240000000e+05    1.8449017148e-01
    1.6250000000e+05    1.2264518987e-01
    1.6260000000e+05    1.7631699178e-01
    1.6270000000e+05    1.4297086690e-01
    1.6280000000e+05    1.4175703136e-01
    1.6290000000e+05    1.2934758622e-01
    1.6300000000e+05    1.2470215634e-01
    1.6310000000e+05    1.5072119437e-01
    1.6320000000e+05    1.0216528783e-01
    1.6330000000e+05    1.2699217939e-01
    1.6340000000e+05    1.1264902695e-01
    1.6350000000e+05    1.7844548029e-01
    1.6360000000e+05    1.1978862145e-01
    1.6370000000e+05    1.3426570355e-01
    1.6380000000e+05    1.3076254017e-01
    1.6390000000e+05    1.4961345711e-01
    1.6400000000e+05    1.5437429255e-01
    1.6410000000e+05    1.1845084321e-01
    1.6420000000e+05    1.3495601153e-01
    1.6430000000e+05    1.3865990754e-01
    1.6440000000e+05    1.9314932678e-01
    1.6450000000e+05    1.2798465844e-01
    1.6460000000e+05    1.3782558635e-01
    1.6470000000e+05    1.3172784623e-01
    1.6480000000e+05    1.4284768987e-01
    1.6490000000e+05    1.4309759496e-01
    1.6500000000e+05    1.4158963352e-01
    1.6510000000e+05    1.6794331892e-01
    1.6520000000e+05    1.2776381422e-01
    1.6530000000e+05    1.5726624892e-01
    1.6540000000e+05    1.3506410361e-01
    1.6550000000e+05    1.2786054977e-01
    1.6560000000e+05    1.6521319075e-01
    1.6570000000e+05    1.2450282012e-01
    1.6580000000e+05    1.4468399818e-01
    1.6590000000e+05    1.4817850607e-01
    1.6600000000e+05    1.4863704517e-01
    1.6610000000e+05    1.4775894493e-01
    1.6620000000e+05    1.3447722980e-01
    1.6630000000e+05    1.7426347911e-01
    1.6640000000e+05    1.7009469346e-01
    1.6650000000e+05    2.1049866429e-01
    1.6660000000e+05    1.5641503127e-01
    1.6670000000e+05    2.2844944930e-01
    1.6680000000e+05    1.6139130045e-01
    1.6690000000e+05    1.7448231437e-01
    1.6700000000e+05    1.5532361767e-01
    1.6710000000e+05    1.6276242131e-01
    1.6720000000e+05    1.5366451217e-01
    1.6730000000e+05    1.3676901592e-01
    1.6740000000e+05    1.5538468496e-01
    1.6750000000e+05    1.3900673976e-01
    1.6760000000e+05    1.5091454531e-01
    1.6770000000e+05    1.1839518871e-01
    1.6780000000e+05    1.2399145443e-01
    1.6790000000e+05    1.2207251157e-01
    1.6800000000e+05    1.2554416715e-01
    1.6810000000e+05    1.3033266672e-01
    1.6820000000e+05    1.5548285165e-01
    1.6830000000e+05    1.3741936939e-01
    1.6840000000e+05    1.3152714998e-01
    1.6850000000e+05    1.4472403168e-01
    1.6860000000e+05    1.4557568959e-01
    1.6870000000e+05    1.3733778243e-01
    1.6880000000e+05    1.8676420469e-01
    1.6890000000e+05    1.3640614297e-01
    1.6900000000e+05    1.9100526187e-01
    1.6910000000e+05    1.6466562607e-01
    1.6920000000e+05    1.5709202106e-01
    1.6930000000e+05    1.5665602733e-01
    1.6940000000e+05    1.4999992738e-01
    1.6950000000e+05    1.5066442526e-01
    1.6960000000e+05    1.4844600108e-01
    1.6970000000e+05    1.8123310058e-01
    1.6980000000e+05    1.4086297076e-01
    1.6990000000e+05    1.6114179878e-01
    1.7000000000e+05    1.5014591237e-01
    1.7010000000e+05    1.4913710126e-01
    1.7020000000e+05    1.3612543999e-01
    1.7030000000e+05    1.4039813038e-01
    1.7040000000e+05    1.5974436299e-01
    1.7050000000e+05    1.2798132004e-01
    1.7060000000e+05    1.6023660348e-01
    1.7070000000e+05    1.6510327469e-01
    1.7080000000e+05    1.5729401783e-01
    1.7090000000e+05    1.0945686731e-01
    1.7100000000e+05    1.6374332036e-01
    1.7110000000e+05    1.3981287645e-01
    1.7120000000e+05    1.7271982126e-01
    1.7130000000e+05    1.3650319222e-01
    1.7140000000e+05    1.1833245482e-01
    1.7150000000e+05    1.5183092062e-01
    1.7160000000e+05    1.2818158060e-01
    1.7170000000e+05    1.2959038072e-01
    1.7180000000e+05    1.2772464755e-01
    1.7190000000e+05    1.8094077591e-01
    1.7200000000e+05    1.2600583701e-01
    1.7210000000e+05    1.2262161327e-01
    1.7220000000e+05    1.3505165747e-01
    1.7230000000e+05    1.2932070348e-01
    1.7240000000e+05    1.3976757224e-01
    1.7250000000e+05    1.2728813973e-01
    1.7260000000e+05    1.2577983978e-01
    1.7270000000e+05    1.3437233480e-01
    1.7280000000e+05    1.4623996729e-01
    1.7290000000e+05    1.4112119958e-01
    1.7300000000e+05    1.4426667581e-01
    1.7310000000e+05    1.7359305646e-01
    1.7320000000e+05    1.2909795618e-01
    1.7330000000e+05    1.8296031348e-01
    1.7340000000e+05    1.9371665491e-01
    1.7350000000e+05    1.9805631001e-01
    1.7360000000e+05    1.6852256184e-01
    1.7370000000e+05    1.7962016087e-01
    1.7380000000e+05    1.3177137343e-01
    1.7390000000e+05    1.5735421509e-01
    1.7400000000e+05    1.7401269813e-01
    1.7410000000e+05    1.3024633600e-01
    1.7420000000e+05    1.5420996269e-01
    1.7430000000e+05    1.3318864278e-01
    1.7440000000e+05    1.4489591412e-01
    1.7450000000e+05    1.3169544263e-01
    1.7460000000e+05    1.2711730324e-01
    1.7470000000e+05    1.7312024062e-01
    1.7480000000e+05    1.4506558199e-01
    1.7490000000e+05    1.6092494953e-01
    1.7500000000e+05    1.3324359215e-01
    1.7510000000e+05    1.3724759309e-01
    1.7520000000e+05    1.7763175986e-01
    1.7530000000e+05    1.6172217529e-01
    1.7540000000e+05    1.5306713405e-01
    1.7550000000e+05    1.2806391565e-01
    1.7560000000e+05    1.7218815242e-01
    1.7570000000e+05    1.9560953007e-01
    1.7580000000e+05    1.4216189976e-01
    1.7590000000e+05    1.6087786411e-01
    1.7600000000e+05    1.3569232871e-01
    1.7610000000e+05    1.9105765186e-01
    1.7620000000e+05    1.6801488195e-01
    1.7630000000e+05    1.9772678086e-01
    1.7640000000e+05    1.1561802427e-01
    1.7650000000e+05    1.6563375848e-01
    1.7660000000e+05    1.1966125120e-01
    1.7670000000e+05    1.1095098111e-01
    1.7680000000e+05    1.5357957429e-01
    1.7690000000e+05    1.3242377567e-01
    1.7700000000e+05    1.4264564039e-01
    1.7710000000e+05    1.3118287199e-01
    1.7720000000e+05    1.9799663787e-01
    1.7730000000e+05    1.1894697534e-01
    1.7740000000e+05    1.5608980195e-01
    1.7750000000e+05    1.4172640986e-01
    1.7760000000e+05    1.5978247395e-01
    1.7770000000e+05    1.3599408091e-01
    1.7780000000e+05    1.2112031089e-01
    1.7790000000e+05    1.3702140034e-01
    1.7800000000e+05    1.1874034773e-01
    1.7810000000e+05    1.6519717551e-01
    1.7820000000e+05    1.2936212249e-01
    1.7830000000e+05    1.5961644215e-01
    1.7840000000e+05    1.6570095286e-01
    1.7850000000e+05    1.4904844159e-01
    1.7860000000e+05    1.2974414314e-01
    1.7870000000e+05    1.2346278478e-01
    1.7880000000e+05    1.1879128802e-01
    1.7890000000e+05    1.6870812989e-01
    1.7900000000e+05    1.3848188760e-01
    1.7910000000e+05    1.3386380795e-01
    1.7920000000e+05    1.5009230304e-01
    1.7930000000e+05    1.3956551674e-01
    1.7940000000e+05    1.7596590370e-01
    1.7950000000e+05    1.3913688742e-01
    1.7960000000e+05    1.3864155339e-01
    1.7970000000e+05    1.4707608870e-01
    1.7980000000e+05    1.6503288780e-01
    1.7990000000e+05    2.0415578509e-01
    1.8000000000e+05    1.4531911106e-01
    1.8010000000e+05    1.4867502470e-01
    1.8020000000e+05    1.4564735027e-01
    1.8030000000e+05    1.7180184581e-01
    1.8040000000e+05    1.6282457925e-01
    1.8050000000e+05    1.4068467729e-01
    1.8060000000e+05    1.2374455352e-01
    1.8070000000e+05    1.6098162245e-01
    1.8080000000e+05    1.5532743947e-01
    1.8090000000e+05    1.6527242312e-01
    1.8100000000e+05    1.2430875441e-01
    1.8110000000e+05    1.4464877947e-01
    1.8120000000e+05    1.5014188580e-01
    1.8130000000e+05    1.7675489135e-01
    1.8140000000e+05    1.2409382371e-01
    1.8150000000e+05    1.4222960188e-01
    1.8160000000e+05    1.5372812669e-01
    1.8170000000e+05    1.4169952402e-01
    1.8180000000e+05    1.4631477383e-01
    1.8190000000e+05    1.4306376832e-01
    1.8200000000e+05    1.7117819533e-01
    1.8210000000e+05    1.3290928493e-01
    1.8220000000e+05    1.6034265603e-01
    1.8230000000e+05    1.2278755925e-01
    1.8240000000e+05    1.5689682896e-01
    1.8250000000e+05    1.5055237480e-01
    1.8260000000e+05    1.4810192118e-01
    1.8270000000e+05    1.8009885159e-01
    1.8280000000e+05    1.4887819442e-01
    1.8290000000e+05    1.7460719878e-01
    1.8300000000e+05    1.5687410398e-01
    1.8310000000e+05    1.6209511688e-01
    1.8320000000e+05    1.4284390285e-01
    1.8330000000e+05    1.3953600401e-01
    1.8340000000e+05    1.8388695120e-01
    1.8350000000e+05    1.3599521479e-01
    1.8360000000e+05    1.6439703723e-01
    1.8370000000e+05    1.2735442771e-01
    1.8380000000e+05    1.4552173088e-01
    1.8390000000e+05    1.4389560628e-01
    1.8400000000e+05    1.5178077599e-01
    1.8410000000e+05    1.3703654614e-01
    1.8420000000e+05    1.6759762124e-01
    1.8430000000e+05    1.3898254985e-01
    1.8440000000e+05    1.4967310424e-01
    1.8450000000e+05    1.2074576221e-01
    1.8460000000e+05    1.4381143186e-01
    1.8470000000e+05    1.2466898582e-01
    1.8480000000e+05    1.3733554232e-01
    1.8490000000e+05    1.4386870659e-01
    1.8500000000e+05    1.4337663768e-01
    1.8510000000e+05    1.5581500183e-01
    1.8520000000e+05    1.2690673013e-01
    1.8530000000e+05    2.1493563076e-01
    1.8540000000e+05    1.6388817172e-01
    1.8550000000e+05    1.6304354686e-01
    1.8560000000e+05    1.8091624659e-01
    1.8570000000e+05    1.9553188799e-01
    1.8580000000e+05    1.1044330821e-01
    1.8590000000e+05    1.8273163588e-01
    1.8600000000e+05    1.3154439205e-01
    1.8610000000e+05    1.4283563860e-01
    1.8620000000e+05    1.8410426112e-01
    1.8630000000e+05    1.4040019027e-01
    1.8640000000e+05    1.4725532725e-01
    1.8650000000e+05    9.9124517025e-02
    1.8660000000e+05    1.3033364583e-01
    1.8670000000e+05    9.8961989672e-02
    1.8680000000e+05    1.6261895752e-01
    1.8690000000e+05    1.3867284519e-01
    1.8700000000e+05    1.4550311550e-01
    1.8710000000e+05    1.3023615623e-01
    1.8720000000e+05    1.3715819219e-01
    1.8730000000e+05    1.6433248115e-01
    1.8740000000e+05    1.2906961674e-01
    1.8750000000e+05    1.6445929465e-01
    1.8760000000e+05    1.6090857470e-01
    1.8770000000e+05    1.4292843046e-01
    1.8780000000e+05    1.3100570100e-01
    1.8790000000e+05    1.3676503450e-01
    1.8800000000e+05    1.7444580362e-01
    1.8810000000e+05    1.5787746710e-01
    1.8820000000e+05    1.7571386919e-01
    1.8830000000e+05    1.3370052740e-01
    1.8840000000e+05    1.7213510987e-01
    1.8850000000e+05    1.3484349300e-01
    1.8860000000e+05    1.3081476226e-01
    1.8870000000e+05    1.5102510267e-01
    1.8880000000e+05    1.8099437725e-01
    1.8890000000e+05    1.8736247234e-01
    1.8900000000e+05    2.2207569790e-01
    1.8910000000e+05    1.6360869455e-01
    1.8920000000e+05    1.3534871380e-01
    1.8930000000e+05    1.3672087922e-01
    1.8940000000e+05    1.6028004987e-01
    1.8950000000e+05    2.3087875380e-01
    1.8960000000e+05    1.3858696376e-01
    1.8970000000e+05    1.2853787900e-01
    1.8980000000e+05    1.4613984983e-01
    1.8990000000e+05    1.5403742531e-01
    1.9000000000e+05    1.4176222942e-01
    1.9010000000e+05    1.9513292739e-01
    1.9020000000e+05    1.9132708095e-01
    1.9030000000e+05    1.4439959866e-01
    1.9040000000e+05    1.3885159059e-01
    1.9050000000e+05    1.6481584268e-01
    1.9060000000e+05    1.2098932882e-01
    1.9070000000e+05    1.3745852869e-01
    1.9080000000e+05    1.5232125983e-01
    1.9090000000e+05    1.4483469935e-01
    1.9100000000e+05    1.1135461047e-01
    1.9110000000e+05    1.3101593016e-01
    1.9120000000e+05    1.3743346355e-01
    1.9130000000e+05    1.2597427298e-01
    1.9140000000e+05    1.2293143799e-01
    1.9150000000e+05    1.4376016891e-01
    1.9160000000e+05    1.7980153829e-01
    1.9170000000e+05    1.5693709707e-01
    1.9180000000e+05    1.6929393918e-01
    1.9190000000e+05    1.5523654404e-01
    1.9200000000e+05    1.6314114716e-01
    1.9210000000e+05    1.4647993003e-01
    1.9220000000e+05    1.3651430714e-01
    1.9230000000e+05    1.5906261747e-01
    1.9240000000e+05    1.7265367649e-01
    1.9250000000e+05    1.5997900539e-01
    1.9260000000e+05    1.3852648079e-01
    1.9270000000e+05    1.3243241676e-01
    1.9280000000e+05    1.5719192526e-01
    1.9290000000e+05    1.3447718736e-01
    1.9300000000e+05    1.3188946308e-01
    1.9310000000e+05    1.6454445929e-01
    1.9320000000e+05    1.6757121893e-01
    1.9330000000e+05    1.6141134827e-01
    1.9340000000e+05    1.4404025975e-01
    1.9350000000e+05    1.3303795387e-01
    1.9360000000e+05    1.3634224561e-01
    1.9370000000e+05    1.5132371862e-01
    1.9380000000e+05    1.3851940970e-01
    1.9390000000e+05    1.2388616977e-01
    1.9400000000e+05    1.4708669954e-01
    1.9410000000e+05    1.0427891590e-01
    1.9420000000e+05    1.3231976205e-01
    1.9430000000e+05    1.1736830655e-01
    1.9440000000e+05    1.4241783733e-01
    1.9450000000e+05    1.4649411779e-01
    1.9460000000e+05    1.3930581953e-01
    1.9470000000e+05    1.6139111625e-01
    1.9480000000e+05    1.5743148452e-01
    1.9490000000e+05    1.6714044240e-01
    1.9500000000e+05    1.3892275973e-01
    1.9510000000e+05    2.0435881705e-01
    1.9520000000e+05    1.3526948622e-01
    1.9530000000e+05    1.8865746429e-01
    1.9540000000e+05    1.2911876242e-01
    1.9550000000e+05    1.6149662366e-01
    1.9560000000e+05    1.1174415991e-01
    1.9570000000e+05    1.5309677393e-01
    1.9580000000e+05    1.2022709213e-01
    1.9590000000e+05    1.7397864131e-01
    1.9600000000e+05    1.3871070422e-01
    1.9610000000e+05    1.4751523454e-01
    1.9620000000e+05    1.4102043644e-01
    1.9630000000e+05    1.3507905669e-01
    1.9640000000e+05    1.5762638242e-01
    1.9650000000e+05    1.1524486001e-01
    1.9660000000e+05    1.6736830255e-01
    1.9670000000e+05    1.2176040068e-01
    1.9680000000e+05    1.6107461180e-01
    1.9690000000e+05    1.3647396967e-01
    1.9700000000e+05    1.3584419571e-01
    1.9710000000e+05    1.0120320005e-01
    1.9720000000e+05    1.3278586658e-01
    1.9730000000e+05    1.2038752489e-01
    1.9740000000e+05    1.4019978329e-01
    1.9750000000e+05    1.5793343722e-01
    1.9760000000e+05    1.7077917708e-01
    1.9770000000e+05    1.3087811504e-01
    1.9780000000e+05    1.3199213329e-01
    1.9790000000e+05    1.7348500015e-01
    1.9800000000e+05    1.2771479746e-01
    1.9810000000e+05    1.1138602373e-01
    1.9820000000e+05    1.0876851038e-01
    1.9830000000e+05    1.7967585212e-01
    1.9840000000e+05    1.9657157789e-01
    1.9850000000e+05    1.4912259264e-01
    1.9860000000e+05    1.4570048295e-01
    1.9870000000e+05    1.2288462479e-01
    1.9880000000e+05    1.4706710373e-01
    1.9890000000e+05    1.5140348197e-01
    1.9900000000e+05    1.6273251118e-01
    1.9910000000e+05    1.5938879623e-01
    1.9920000000e+05    1.7657457375e-01
    1.9930000000e+05    1.5940931775e-01
    1.9940000000e+05    1.6393957123e-01
    1.9950000000e+05    1.6066386389e-01
    1.9960000000e+05    1.6297835209e-01
    1.9970000000e+05    1.6893775869e-01
    1.9980000000e+05    1.5777051900e-01
    1.9990000000e+05    1.3366985649e-01
    2.0000000000e+05    1.3497908053e-01
