    7.5000000000e+01    2.1118925229e-01
    1.5000000000e+02    1.6003224653e-01
    2.2500000000e+02    2.4735764593e-01
    3.0000000000e+02    2.0139094586e-01
    3.7500000000e+02    2.0327333929e-01
    4.5000000000e+02    2.2491158133e-01
    5.2500000000e+02    3.0112834020e-01
    6.0000000000e+02    2.0940952303e-01
    6.7500000000e+02    2.6655960853e-01
    7.5000000000e+02    2.5813418626e-01
    8.2500000000e+02    2.9260984628e-01
    9.0000000000e+02    2.5544300772e-01
    9.7500000000e+02    4.1430031033e-01
    1.0500000000e+03    2.1418177178e-01
    1.1250000000e+03    2.1434922657e-01
    1.2000000000e+03    1.8322095183e-01
    1.2750000000e+03    1.4186081767e-01
    1.3500000000e+03    1.3310388311e-01
    1.4250000000e+03    1.4898138778e-01
    1.5000000000e+03    1.2670155670e-01
    1.5750000000e+03    1.2658679827e-01
    1.6500000000e+03    1.5209478495e-01
    1.7250000000e+03    1.4673123362e-01
    1.8000000000e+03    2.8324196621e-01
    1.8750000000e+03    1.6394722163e-01
    1.9500000000e+03    1.1624100934e-01
    2.0250000000e+03    1.3694349383e-01
    2.1000000000e+03    1.4183634303e-01
    2.1750000000e+03    8.8770445896e-02
    2.2500000000e+03    1.1242736999e-01
    2.3250000000e+03    1.5342464016e-01
    2.4000000000e+03    1.3385405122e-01
    2.4750000000e+03    9.0565992243e-02
    2.5500000000e+03    1.3653710281e-01
    2.6250000000e+03    1.5583681995e-01
    2.7000000000e+03    1.8793097123e-01
    2.7750000000e+03    1.2923436118e-01
    2.8500000000e+03    1.7736861318e-01
    2.9250000000e+03    1.0520336222e-01
    3.0000000000e+03    9.6706936071e-02
    3.0750000000e+03    1.0582812760e-01
    3.1500000000e+03    9.4214650488e-02
    3.2250000000e+03    1.3265809386e-01
    3.3000000000e+03    1.1203568617e-01
    3.3750000000e+03    1.3072803950e-01
    3.4500000000e+03    1.4697481328e-01
    3.5250000000e+03    1.1394977888e-01
    3.6000000000e+03    1.1269504488e-01
    3.6750000000e+03    1.2658049025e-01
    3.7500000000e+03    1.1900480443e-01
    3.8250000000e+03    1.4458322236e-01
    3.9000000000e+03    1.7694854803e-01
    3.9750000000e+03    1.0560817486e-01
    4.0500000000e+03    1.4100982027e-01
    4.1250000000e+03    1.2747943306e-01
    4.2000000000e+03    1.6356785398e-01
    4.2750000000e+03    1.3419661379e-01
    4.3500000000e+03    1.4547270396e-01
    4.4250000000e+03    1.0061871153e-01
    4.5000000000e+03    1.0114285793e-01
    4.5750000000e+03    1.4604423088e-01
    4.6500000000e+03    1.2919862663e-01
    4.7250000000e+03    1.1165049170e-01
    4.8000000000e+03    1.7223827217e-01
    4.8750000000e+03    1.4050075683e-01
    4.9500000000e+03    1.4316141664e-01
    5.0250000000e+03    1.4870796501e-01
    5.1000000000e+03    1.2819929520e-01
    5.1750000000e+03    1.2295694089e-01
    5.2500000000e+03    1.0524532826e-01
    5.3250000000e+03    1.3684938342e-01
    5.4000000000e+03    8.8455209820e-02
    5.4750000000e+03    8.4563481607e-02
    5.5500000000e+03    1.1417943394e-01
    5.6250000000e+03    1.2470909263e-01
    5.7000000000e+03    1.4640011198e-01
    5.7750000000e+03    1.5283610128e-01
    5.8500000000e+03    1.7050067902e-01
    5.9250000000e+03    1.0924381191e-01
    6.0000000000e+03    1.2074282474e-01
    6.0750000000e+03    1.0365984741e-01
    6.1500000000e+03    1.0221844441e-01
    6.2250000000e+03    1.0062510486e-01
    6.3000000000e+03    1.2121602989e-01
    6.3750000000e+03    1.1663154629e-01
    6.4500000000e+03    1.3479029513e-01
    6.5250000000e+03    1.1925082931e-01
    6.6000000000e+03    1.4005077671e-01
    6.6750000000e+03    1.3260406818e-01
    6.7500000000e+03    1.1382468513e-01
    6.8250000000e+03    1.4072835413e-01
    6.9000000000e+03    1.7422709298e-01
    6.9750000000e+03    2.1161716933e-01
    7.0500000000e+03    1.9231258516e-01
    7.1250000000e+03    1.4030926412e-01
    7.2000000000e+03    1.8391376502e-01
    7.2750000000e+03    1.8670676136e-01
    7.3500000000e+03    1.7814966656e-01
    7.4250000000e+03    1.7705723933e-01
    7.5000000000e+03    3.1265487916e-01
    7.5750000000e+03    2.7626465035e-01
    7.6500000000e+03    3.1271357250e-01
    7.7250000000e+03    2.5590779099e-01
    7.8000000000e+03    2.1290966723e-01
    7.8750000000e+03    1.9370696577e-01
    7.9500000000e+03    2.5550496178e-01
    8.0250000000e+03    2.4420281372e-01
    8.1000000000e+03    2.3982545210e-01
    8.1750000000e+03    2.2682141582e-01
    8.2500000000e+03    1.8674425081e-01
    8.3250000000e+03    1.7619782751e-01
    8.4000000000e+03    1.3789427537e-01
    8.4750000000e+03    9.8970066253e-02
    8.5500000000e+03    1.0466945592e-01
    8.6250000000e+03    1.1688625278e-01
    8.7000000000e+03    8.3486175074e-02
    8.7750000000e+03    1.9053846493e-01
    8.8500000000e+03    9.1228702233e-02
    8.9250000000e+03    9.2771462883e-02
    9.0000000000e+03    1.5043019178e-01
    9.0750000000e+03    9.7957076079e-02
    9.1500000000e+03    1.3531305099e-01
    9.2250000000e+03    1.3816186049e-01
    9.3000000000e+03    1.9142307374e-01
    9.3750000000e+03    1.3661460108e-01
    9.4500000000e+03    1.3197098220e-01
    9.5250000000e+03    1.2194874458e-01
    9.6000000000e+03    1.2891154141e-01
    9.6750000000e+03    1.4461133177e-01
    9.7500000000e+03    1.0113620797e-01
    9.8250000000e+03    1.0352973064e-01
    9.9000000000e+03    1.0711405619e-01
    9.9750000000e+03    1.2473422954e-01
    1.0050000000e+04    1.1270349492e-01
    1.0125000000e+04    1.3605614285e-01
    1.0200000000e+04    1.2023509281e-01
    1.0275000000e+04    1.3369785925e-01
    1.0350000000e+04    1.0852881757e-01
    1.0425000000e+04    1.0093869488e-01
    1.0500000000e+04    1.1223022398e-01
    1.0575000000e+04    1.3250093988e-01
    1.0650000000e+04    1.3152369794e-01
    1.0725000000e+04    1.1985474025e-01
    1.0800000000e+04    1.5384508206e-01
    1.0875000000e+04    1.5243715143e-01
    1.0950000000e+04    1.1763079256e-01
    1.1025000000e+04    1.6715243060e-01
    1.1100000000e+04    1.3599639870e-01
    1.1175000000e+04    1.2254254173e-01
    1.1250000000e+04    1.0420624590e-01
    1.1325000000e+04    1.1580681182e-01
    1.1400000000e+04    1.0891402373e-01
    1.1475000000e+04    9.4480731485e-02
    1.1550000000e+04    1.2285354694e-01
    1.1625000000e+04    1.3577908660e-01
    1.1700000000e+04    1.2806580647e-01
    1.1775000000e+04    1.4719608038e-01
    1.1850000000e+04    1.7371707510e-01
    1.1925000000e+04    1.3386502754e-01
    1.2000000000e+04    1.0066578541e-01
    1.2075000000e+04    1.1006442066e-01
    1.2150000000e+04    1.2795803621e-01
    1.2225000000e+04    1.5117870459e-01
    1.2300000000e+04    1.2733548023e-01
    1.2375000000e+04    1.0174172207e-01
    1.2450000000e+04    1.3770669146e-01
    1.2525000000e+04    1.4807963480e-01
    1.2600000000e+04    1.1754470308e-01
    1.2675000000e+04    9.6119765591e-02
    1.2750000000e+04    1.1975884357e-01
    1.2825000000e+04    1.0092259794e-01
    1.2900000000e+04    1.3996112182e-01
    1.2975000000e+04    1.1456213900e-01
    1.3050000000e+04    1.5822941001e-01
    1.3125000000e+04    1.7738532659e-01
    1.3200000000e+04    1.3401513638e-01
    1.3275000000e+04    2.1498915724e-01
    1.3350000000e+04    1.3698529824e-01
    1.3425000000e+04    1.7978712878e-01
    1.3500000000e+04    1.7802295599e-01
    1.3575000000e+04    1.5621528063e-01
    1.3650000000e+04    1.9186124065e-01
    1.3725000000e+04    1.6000439874e-01
    1.3800000000e+04    1.8966897593e-01
    1.3875000000e+04    1.8810137797e-01
    1.3950000000e+04    1.6318378311e-01
    1.4025000000e+04    1.3275911586e-01
    1.4100000000e+04    1.2509053376e-01
    1.4175000000e+04    9.0360195127e-02
    1.4250000000e+04    1.0858531263e-01
    1.4325000000e+04    1.0745241969e-01
    1.4400000000e+04    1.2246698255e-01
    1.4475000000e+04    1.0399301987e-01
    1.4550000000e+04    1.2928826596e-01
    1.4625000000e+04    1.0506469041e-01
    1.4700000000e+04    1.2851418253e-01
    1.4775000000e+04    1.2740937031e-01
    1.4850000000e+04    1.3845137372e-01
    1.4925000000e+04    1.2663335405e-01
    1.5000000000e+04    1.7226437488e-01
    1.5075000000e+04    1.7514341417e-01
    1.5150000000e+04    2.0894772662e-01
    1.5225000000e+04    1.4521702698e-01
    1.5300000000e+04    1.1527544090e-01
    1.5375000000e+04    1.0314661577e-01
    1.5450000000e+04    1.0372955075e-01
    1.5525000000e+04    1.1665071499e-01
    1.5600000000e+04    1.0793575083e-01
    1.5675000000e+04    1.2110707620e-01
    1.5750000000e+04    8.6946815277e-02
    1.5825000000e+04    1.3914855474e-01
    1.5900000000e+04    9.4975116770e-02
    1.5975000000e+04    1.6628214782e-01
    1.6050000000e+04    1.4906861867e-01
    1.6125000000e+04    1.3479120836e-01
    1.6200000000e+04    1.5153833301e-01
    1.6275000000e+04    2.6589593532e-01
    1.6350000000e+04    2.5184156974e-01
    1.6425000000e+04    1.1821454159e-01
    1.6500000000e+04    2.1954357068e-01
    1.6575000000e+04    1.2600391654e-01
    1.6650000000e+04    9.9475572982e-02
    1.6725000000e+04    1.0728930088e-01
    1.6800000000e+04    1.2279050742e-01
    1.6875000000e+04    1.0059742202e-01
    1.6950000000e+04    1.0582491170e-01
    1.7025000000e+04    1.1557658327e-01
    1.7100000000e+04    1.2704206556e-01
    1.7175000000e+04    1.3560306186e-01
    1.7250000000e+04    1.9474742787e-01
    1.7325000000e+04    1.9792668221e-01
    1.7400000000e+04    1.0090576633e-01
    1.7475000000e+04    1.1519683955e-01
    1.7550000000e+04    1.4006987172e-01
    1.7625000000e+04    1.1344752321e-01
    1.7700000000e+04    1.0680324680e-01
    1.7775000000e+04    1.4437941414e-01
    1.7850000000e+04    1.1739533501e-01
    1.7925000000e+04    1.7404376017e-01
    1.8000000000e+04    1.9588046041e-01
    1.8075000000e+04    2.1026502774e-01
    1.8150000000e+04    2.0360015996e-01
    1.8225000000e+04    1.2664586403e-01
    1.8300000000e+04    1.5835565048e-01
    1.8375000000e+04    1.2616977483e-01
    1.8450000000e+04    1.3875452847e-01
    1.8525000000e+04    1.5563924988e-01
    1.8600000000e+04    2.0921421509e-01
    1.8675000000e+04    2.4827086362e-01
    1.8750000000e+04    2.8452272177e-01
    1.8825000000e+04    2.0235277101e-01
    1.8900000000e+04    1.5962392761e-01
    1.8975000000e+04    1.9324153853e-01
    1.9050000000e+04    2.5283304364e-01
    1.9125000000e+04    2.9410696587e-01
    1.9200000000e+04    3.0043431221e-01
    1.9275000000e+04    3.8825932872e-01
    1.9350000000e+04    2.6529099696e-01
    1.9425000000e+04    1.5964691639e-01
    1.9500000000e+04    1.9626108802e-01
    1.9575000000e+04    1.8850577388e-01
    1.9650000000e+04    2.3801104793e-01
    1.9725000000e+04    1.9300661673e-01
    1.9800000000e+04    2.4206549396e-01
    1.9875000000e+04    1.7000972812e-01
    1.9950000000e+04    1.2219449544e-01
    2.0025000000e+04    1.2316749507e-01
    2.0100000000e+04    1.7603333814e-01
    2.0175000000e+04    1.4734893535e-01
    2.0250000000e+04    2.0327644147e-01
    2.0325000000e+04    2.7722528000e-01
    2.0400000000e+04    1.7292951010e-01
    2.0475000000e+04    1.5129651929e-01
    2.0550000000e+04    1.2075199549e-01
    2.0625000000e+04    1.4993428093e-01
    2.0700000000e+04    1.0184605632e-01
    2.0775000000e+04    1.6062642042e-01
    2.0850000000e+04    1.4950983442e-01
    2.0925000000e+04    1.3756964458e-01
    2.1000000000e+04    1.1692490882e-01
    2.1075000000e+04    1.2562518876e-01
    2.1150000000e+04    1.2930658870e-01
    2.1225000000e+04    1.5089807193e-01
    2.1300000000e+04    1.5862595989e-01
    2.1375000000e+04    1.1903408119e-01
    2.1450000000e+04    1.4976681763e-01
    2.1525000000e+04    1.2119072904e-01
    2.1600000000e+04    1.1322919135e-01
    2.1675000000e+04    1.2351821936e-01
    2.1750000000e+04    1.2937335424e-01
    2.1825000000e+04    2.1931966974e-01
    2.1900000000e+04    1.1202521424e-01
    2.1975000000e+04    1.2198132595e-01
    2.2050000000e+04    1.4012288204e-01
    2.2125000000e+04    1.2040728294e-01
    2.2200000000e+04    1.2303101461e-01
    2.2275000000e+04    9.7383540847e-02
    2.2350000000e+04    1.0256874905e-01
    2.2425000000e+04    1.1183049131e-01
    2.2500000000e+04    1.1812795566e-01
    2.2575000000e+04    1.2643412337e-01
    2.2650000000e+04    1.1833572366e-01
    2.2725000000e+04    1.2533515172e-01
    2.2800000000e+04    1.3588477319e-01
    2.2875000000e+04    1.2106749358e-01
    2.2950000000e+04    1.4258633888e-01
    2.3025000000e+04    1.8973210898e-01
    2.3100000000e+04    1.6323752321e-01
    2.3175000000e+04    1.3468057656e-01
    2.3250000000e+04    1.0069142395e-01
    2.3325000000e+04    1.4110996840e-01
    2.3400000000e+04    1.4614340734e-01
    2.3475000000e+04    1.3216703277e-01
    2.3550000000e+04    1.7485428993e-01
    2.3625000000e+04    1.6114871725e-01
    2.3700000000e+04    1.2849087201e-01
    2.3775000000e+04    1.3436263889e-01
    2.3850000000e+04    1.6355995731e-01
    2.3925000000e+04    1.5865031732e-01
    2.4000000000e+04    1.5527677579e-01
    2.4075000000e+04    1.1153055791e-01
    2.4150000000e+04    1.2023456064e-01
    2.4225000000e+04    1.4269147417e-01
    2.4300000000e+04    1.3508677926e-01
    2.4375000000e+04    1.4835395460e-01
    2.4450000000e+04    1.2182435051e-01
    2.4525000000e+04    1.5378632117e-01
    2.4600000000e+04    1.4776070828e-01
    2.4675000000e+04    1.9666673384e-01
    2.4750000000e+04    1.2214329508e-01
    2.4825000000e+04    1.4573407704e-01
    2.4900000000e+04    1.5399727004e-01
    2.4975000000e+04    1.1472212668e-01
    2.5050000000e+04    1.2717152203e-01
    2.5125000000e+04    1.0482712023e-01
    2.5200000000e+04    1.1005487363e-01
    2.5275000000e+04    1.3075465101e-01
    2.5350000000e+04    1.0168693486e-01
    2.5425000000e+04    1.4541144961e-01
    2.5500000000e+04    1.3058986746e-01
    2.5575000000e+04    1.1610395160e-01
    2.5650000000e+04    9.5962315589e-02
    2.5725000000e+04    1.3458058874e-01
    2.5800000000e+04    1.3732073807e-01
    2.5875000000e+04    1.0979903878e-01
    2.5950000000e+04    1.1505552275e-01
    2.6025000000e+04    1.0436036983e-01
    2.6100000000e+04    9.0492927209e-02
    2.6175000000e+04    1.4767246255e-01
    2.6250000000e+04    1.0788943469e-01
    2.6325000000e+04    1.3743036411e-01
    2.6400000000e+04    1.4743568397e-01
    2.6475000000e+04    1.1843658572e-01
    2.6550000000e+04    1.2345128666e-01
    2.6625000000e+04    1.3838514282e-01
    2.6700000000e+04    1.3322800187e-01
    2.6775000000e+04    1.2149970300e-01
    2.6850000000e+04    1.0666168733e-01
    2.6925000000e+04    1.5021075446e-01
    2.7000000000e+04    1.5880277150e-01
    2.7075000000e+04    1.6620091715e-01
    2.7150000000e+04    2.3012894549e-01
    2.7225000000e+04    1.9561725523e-01
    2.7300000000e+04    1.5750589661e-01
    2.7375000000e+04    1.1259241102e-01
    2.7450000000e+04    1.3044175577e-01
    2.7525000000e+04    1.0942971543e-01
    2.7600000000e+04    1.4189952277e-01
    2.7675000000e+04    1.5323738601e-01
    2.7750000000e+04    1.0261765614e-01
    2.7825000000e+04    1.2633844798e-01
    2.7900000000e+04    9.6119094476e-02
    2.7975000000e+04    1.2386584912e-01
    2.8050000000e+04    1.0744159730e-01
    2.8125000000e+04    8.7809511978e-02
    2.8200000000e+04    9.7324041487e-02
    2.8275000000e+04    1.5923654587e-01
    2.8350000000e+04    1.1468854068e-01
    2.8425000000e+04    2.0423445004e-01
    2.8500000000e+04    1.4552641216e-01
    2.8575000000e+04    1.2457213085e-01
    2.8650000000e+04    1.4671781527e-01
    2.8725000000e+04    1.0596978977e-01
    2.8800000000e+04    1.0123520903e-01
    2.8875000000e+04    1.1456196502e-01
    2.8950000000e+04    1.3274139196e-01
    2.9025000000e+04    1.6693122938e-01
    2.9100000000e+04    1.1678387125e-01
    2.9175000000e+04    1.1649377404e-01
    2.9250000000e+04    1.3047925814e-01
    2.9325000000e+04    1.4261980927e-01
    2.9400000000e+04    1.2402988846e-01
    2.9475000000e+04    1.3512347015e-01
    2.9550000000e+04    1.0262115249e-01
    2.9625000000e+04    1.0672935435e-01
    2.9700000000e+04    1.1297823317e-01
    2.9775000000e+04    9.9971463939e-02
    2.9850000000e+04    9.6861194116e-02
    2.9925000000e+04    1.1490905800e-01
    3.0000000000e+04    1.0529576358e-01
    3.0075000000e+04    1.2295911012e-01
    3.0150000000e+04    1.5940355001e-01
    3.0225000000e+04    2.0539002643e-01
    3.0300000000e+04    1.0336214795e-01
    3.0375000000e+04    1.7660093576e-01
    3.0450000000e+04    2.0428885779e-01
    3.0525000000e+04    1.3913447584e-01
    3.0600000000e+04    1.7657866884e-01
    3.0675000000e+04    1.2577745582e-01
    3.0750000000e+04    1.3605086333e-01
    3.0825000000e+04    1.8967567315e-01
    3.0900000000e+04    1.8837318185e-01
    3.0975000000e+04    1.2934164586e-01
    3.1050000000e+04    1.1883502395e-01
    3.1125000000e+04    1.0565953536e-01
    3.1200000000e+04    8.5964257135e-02
    3.1275000000e+04    1.1067836588e-01
    3.1350000000e+04    9.1053658039e-02
    3.1425000000e+04    1.2957949330e-01
    3.1500000000e+04    1.1198522080e-01
    3.1575000000e+04    1.4116004675e-01
    3.1650000000e+04    1.3777822164e-01
    3.1725000000e+04    1.5885303739e-01
    3.1800000000e+04    1.0438743679e-01
    3.1875000000e+04    1.3111290921e-01
    3.1950000000e+04    1.0775602973e-01
    3.2025000000e+04    9.7982232180e-02
    3.2100000000e+04    1.1767006568e-01
    3.2175000000e+04    9.2632885827e-02
    3.2250000000e+04    1.3468372671e-01
    3.2325000000e+04    1.1536191471e-01
    3.2400000000e+04    1.9372022794e-01
    3.2475000000e+04    2.0012331410e-01
    3.2550000000e+04    2.2572010398e-01
    3.2625000000e+04    2.2921211668e-01
    3.2700000000e+04    1.6363257392e-01
    3.2775000000e+04    1.6262701494e-01
    3.2850000000e+04    1.6964130423e-01
    3.2925000000e+04    1.0529355700e-01
    3.3000000000e+04    1.2324759464e-01
    3.3075000000e+04    1.6146429832e-01
    3.3150000000e+04    1.8041175574e-01
    3.3225000000e+04    1.2415228050e-01
    3.3300000000e+04    1.8627183968e-01
    3.3375000000e+04    1.7097931179e-01
    3.3450000000e+04    1.4271622008e-01
    3.3525000000e+04    1.4655349012e-01
    3.3600000000e+04    1.3658039710e-01
    3.3675000000e+04    1.1131350155e-01
    3.3750000000e+04    9.5213432311e-02
    3.3825000000e+04    1.2527129253e-01
    3.3900000000e+04    8.7198590252e-02
    3.3975000000e+04    1.0785915193e-01
    3.4050000000e+04    9.1032059113e-02
    3.4125000000e+04    8.6043067834e-02
    3.4200000000e+04    1.2579613236e-01
    3.4275000000e+04    1.5451916627e-01
    3.4350000000e+04    1.8324107769e-01
    3.4425000000e+04    2.0618787278e-01
    3.4500000000e+04    1.9894567631e-01
    3.4575000000e+04    1.1783389966e-01
    3.4650000000e+04    1.4298629111e-01
    3.4725000000e+04    1.2510049480e-01
    3.4800000000e+04    1.6900172576e-01
    3.4875000000e+04    1.6068041359e-01
    3.4950000000e+04    1.6860297001e-01
    3.5025000000e+04    2.2121375002e-01
    3.5100000000e+04    1.8385159542e-01
    3.5175000000e+04    1.6733495914e-01
    3.5250000000e+04    1.4739240883e-01
    3.5325000000e+04    1.4704779336e-01
    3.5400000000e+04    2.1752817879e-01
    3.5475000000e+04    1.5226774362e-01
    3.5550000000e+04    1.8241469611e-01
    3.5625000000e+04    1.4602510283e-01
    3.5700000000e+04    2.1390687117e-01
    3.5775000000e+04    2.0957279212e-01
    3.5850000000e+04    1.5164505494e-01
    3.5925000000e+04    1.6159586670e-01
    3.6000000000e+04    1.5086803083e-01
    3.6075000000e+04    1.7166127932e-01
    3.6150000000e+04    2.0461532160e-01
    3.6225000000e+04    1.9731220009e-01
    3.6300000000e+04    1.9319880548e-01
    3.6375000000e+04    1.9347512442e-01
    3.6450000000e+04    1.6984426141e-01
    3.6525000000e+04    2.4677452853e-01
    3.6600000000e+04    1.4795180982e-01
    3.6675000000e+04    1.9643741230e-01
    3.6750000000e+04    1.8915346473e-01
    3.6825000000e+04    1.6755134027e-01
    3.6900000000e+04    1.7901050417e-01
    3.6975000000e+04    1.3749347545e-01
    3.7050000000e+04    1.7641031422e-01
    3.7125000000e+04    1.9927011746e-01
    3.7200000000e+04    1.5845194430e-01
    3.7275000000e+04    1.3926659376e-01
    3.7350000000e+04    1.9275538489e-01
    3.7425000000e+04    3.0078336608e-01
    3.7500000000e+04    2.8015756292e-01
    3.7575000000e+04    2.6828357607e-01
    3.7650000000e+04    3.3455466386e-01
    3.7725000000e+04    2.6035959498e-01
    3.7800000000e+04    2.3688795076e-01
    3.7875000000e+04    2.1840627913e-01
    3.7950000000e+04    3.0566837848e-01
    3.8025000000e+04    3.1423011058e-01
    3.8100000000e+04    2.0673840595e-01
    3.8175000000e+04    1.9404791830e-01
    3.8250000000e+04    3.0090435230e-01
    3.8325000000e+04    2.6659678882e-01
    3.8400000000e+04    2.8277255564e-01
    3.8475000000e+04    1.7645340209e-01
    3.8550000000e+04    3.6283286764e-01
    3.8625000000e+04    2.8019867881e-01
    3.8700000000e+04    2.4325788085e-01
    3.8775000000e+04    2.5476492169e-01
    3.8850000000e+04    2.3684322036e-01
    3.8925000000e+04    2.4010318197e-01
    3.9000000000e+04    1.5780004536e-01
    3.9075000000e+04    1.5711450141e-01
    3.9150000000e+04    2.1917002940e-01
    3.9225000000e+04    2.0039908970e-01
    3.9300000000e+04    1.5223362188e-01
    3.9375000000e+04    1.5978821891e-01
    3.9450000000e+04    1.4046403236e-01
    3.9525000000e+04    1.4092483979e-01
    3.9600000000e+04    1.3743678781e-01
    3.9675000000e+04    1.5102714800e-01
    3.9750000000e+04    1.8895426476e-01
    3.9825000000e+04    1.5052345390e-01
    3.9900000000e+04    1.6883999742e-01
    3.9975000000e+04    1.3111276542e-01
    4.0050000000e+04    1.5540240537e-01
    4.0125000000e+04    1.2367673641e-01
    4.0200000000e+04    1.3814306154e-01
    4.0275000000e+04    1.1643035466e-01
    4.0350000000e+04    1.2009758771e-01
    4.0425000000e+04    1.5010384880e-01
    4.0500000000e+04    1.2857556167e-01
    4.0575000000e+04    1.3514244697e-01
    4.0650000000e+04    2.1050163716e-01
    4.0725000000e+04    1.7054805016e-01
    4.0800000000e+04    2.0135943059e-01
    4.0875000000e+04    1.6393219212e-01
    4.0950000000e+04    1.7950476698e-01
    4.1025000000e+04    1.0927023736e-01
    4.1100000000e+04    1.0747282368e-01
    4.1175000000e+04    8.9617353279e-02
    4.1250000000e+04    1.3234736599e-01
    4.1325000000e+04    1.5117625153e-01
    4.1400000000e+04    1.0049071890e-01
    4.1475000000e+04    1.3648109231e-01
    4.1550000000e+04    1.1449183316e-01
    4.1625000000e+04    1.4093065700e-01
    4.1700000000e+04    1.4030816328e-01
    4.1775000000e+04    1.5481072374e-01
    4.1850000000e+04    1.5003139350e-01
    4.1925000000e+04    1.7808697816e-01
    4.2000000000e+04    1.7482617992e-01
    4.2075000000e+04    1.4144026667e-01
    4.2150000000e+04    1.5942092993e-01
    4.2225000000e+04    1.0820354965e-01
    4.2300000000e+04    1.2025682918e-01
    4.2375000000e+04    1.8846266645e-01
    4.2450000000e+04    1.4735463890e-01
    4.2525000000e+04    1.2847359545e-01
    4.2600000000e+04    1.7789925566e-01
    4.2675000000e+04    1.8228744581e-01
    4.2750000000e+04    1.4227517607e-01
    4.2825000000e+04    1.2213906470e-01
    4.2900000000e+04    1.3025316039e-01
    4.2975000000e+04    1.4737834538e-01
    4.3050000000e+04    1.1424862214e-01
    4.3125000000e+04    1.0951047492e-01
    4.3200000000e+04    1.1486380734e-01
    4.3275000000e+04    1.2624078708e-01
    4.3350000000e+04    1.0293011831e-01
    4.3425000000e+04    1.4754024963e-01
    4.3500000000e+04    1.4450726155e-01
    4.3575000000e+04    1.0027603480e-01
    4.3650000000e+04    1.3200089361e-01
    4.3725000000e+04    1.3565963563e-01
    4.3800000000e+04    1.4503207651e-01
    4.3875000000e+04    1.3294455488e-01
    4.3950000000e+04    1.4203507959e-01
    4.4025000000e+04    1.5769628648e-01
    4.4100000000e+04    1.2125280184e-01
    4.4175000000e+04    1.3098087902e-01
    4.4250000000e+04    1.2346057808e-01
    4.4325000000e+04    9.7854981635e-02
    4.4400000000e+04    1.2486625463e-01
    4.4475000000e+04    1.6385785698e-01
    4.4550000000e+04    1.5546806252e-01
    4.4625000000e+04    1.3030489676e-01
    4.4700000000e+04    1.4759863673e-01
    4.4775000000e+04    1.3677109725e-01
    4.4850000000e+04    1.4142446119e-01
    4.4925000000e+04    1.6585126633e-01
    4.5000000000e+04    1.1714032115e-01
    4.5075000000e+04    1.1639110764e-01
    4.5150000000e+04    1.3613203278e-01
    4.5225000000e+04    2.6538164152e-01
    4.5300000000e+04    1.2029702119e-01
    4.5375000000e+04    1.6175934173e-01
    4.5450000000e+04    1.7022380503e-01
    4.5525000000e+04    1.2582127984e-01
    4.5600000000e+04    1.7444801602e-01
    4.5675000000e+04    1.7378101909e-01
    4.5750000000e+04    1.2870630774e-01
    4.5825000000e+04    1.3112035891e-01
    4.5900000000e+04    1.3664810412e-01
    4.5975000000e+04    1.3340754840e-01
    4.6050000000e+04    1.5504523811e-01
    4.6125000000e+04    3.0559838682e-01
    4.6200000000e+04    1.4935492720e-01
    4.6275000000e+04    1.2758534727e-01
    4.6350000000e+04    1.0940448297e-01
    4.6425000000e+04    1.3396023868e-01
    4.6500000000e+04    1.2041972458e-01
    4.6575000000e+04    1.1677940008e-01
    4.6650000000e+04    9.6688093473e-02
    4.6725000000e+04    9.1474280963e-02
    4.6800000000e+04    1.2067493095e-01
    4.6875000000e+04    1.7369759529e-01
    4.6950000000e+04    1.3511100698e-01
    4.7025000000e+04    1.9187947272e-01
    4.7100000000e+04    1.4650571014e-01
    4.7175000000e+04    1.5272022658e-01
    4.7250000000e+04    1.1971036564e-01
    4.7325000000e+04    1.0501170541e-01
    4.7400000000e+04    1.8827875612e-01
    4.7475000000e+04    1.0968572482e-01
    4.7550000000e+04    9.9847959025e-02
    4.7625000000e+04    1.0378977500e-01
    4.7700000000e+04    1.0914052292e-01
    4.7775000000e+04    1.9807116950e-01
    4.7850000000e+04    1.0993177581e-01
    4.7925000000e+04    1.0761245484e-01
    4.8000000000e+04    1.1586157721e-01
    4.8075000000e+04    1.2019521280e-01
    4.8150000000e+04    1.6986413652e-01
    4.8225000000e+04    1.0058118564e-01
    4.8300000000e+04    1.0136257720e-01
    4.8375000000e+04    1.1289545398e-01
    4.8450000000e+04    1.2464392229e-01
    4.8525000000e+04    1.2314167681e-01
    4.8600000000e+04    1.0176116440e-01
    4.8675000000e+04    1.1555896750e-01
    4.8750000000e+04    1.4642102143e-01
    4.8825000000e+04    1.2024405032e-01
    4.8900000000e+04    1.4657556293e-01
    4.8975000000e+04    1.3574118163e-01
    4.9050000000e+04    1.3100201419e-01
    4.9125000000e+04    1.0749567791e-01
    4.9200000000e+04    8.7043976649e-02
    4.9275000000e+04    9.9288170182e-02
    4.9350000000e+04    8.2588676076e-02
    4.9425000000e+04    1.1779468393e-01
    4.9500000000e+04    1.3784202838e-01
    4.9575000000e+04    1.4501255952e-01
    4.9650000000e+04    1.5820469610e-01
    4.9725000000e+04    1.5927312400e-01
    4.9800000000e+04    1.3726726798e-01
    4.9875000000e+04    1.3988081419e-01
    4.9950000000e+04    1.4126259642e-01
    5.0025000000e+04    1.0455898627e-01
    5.0100000000e+04    1.2571303391e-01
    5.0175000000e+04    1.1388902186e-01
    5.0250000000e+04    8.6885954412e-02
    5.0325000000e+04    1.4029108989e-01
    5.0400000000e+04    1.3224231043e-01
    5.0475000000e+04    1.4539545227e-01
    5.0550000000e+04    1.6268833874e-01
    5.0625000000e+04    1.4659655172e-01
    5.0700000000e+04    1.6962092695e-01
    5.0775000000e+04    1.2382693422e-01
    5.0850000000e+04    1.4662800157e-01
    5.0925000000e+04    1.4506053917e-01
    5.1000000000e+04    1.8310008302e-01
    5.1075000000e+04    2.1050593069e-01
    5.1150000000e+04    1.9477688590e-01
    5.1225000000e+04    1.5438440147e-01
    5.1300000000e+04    1.8431555218e-01
    5.1375000000e+04    2.1551892101e-01
    5.1450000000e+04    1.7036576083e-01
    5.1525000000e+04    2.0942070254e-01
    5.1600000000e+04    9.1225779948e-02
    5.1675000000e+04    1.2287012189e-01
    5.1750000000e+04    9.0967700312e-02
    5.1825000000e+04    1.0934450651e-01
    5.1900000000e+04    1.1770855751e-01
    5.1975000000e+04    1.4362854428e-01
    5.2050000000e+04    1.4841008596e-01
    5.2125000000e+04    1.2507896360e-01
    5.2200000000e+04    1.1878258141e-01
    5.2275000000e+04    2.3187720487e-01
    5.2350000000e+04    1.4033280504e-01
    5.2425000000e+04    1.8301669045e-01
    5.2500000000e+04    1.1803769469e-01
    5.2575000000e+04    1.0782659398e-01
    5.2650000000e+04    9.2356462637e-02
    5.2725000000e+04    1.1772369094e-01
    5.2800000000e+04    1.0261834588e-01
    5.2875000000e+04    1.2784525145e-01
    5.2950000000e+04    1.6770615103e-01
    5.3025000000e+04    1.3743474305e-01
    5.3100000000e+04    1.9096422644e-01
    5.3175000000e+04    1.3395286978e-01
    5.3250000000e+04    1.4677464612e-01
    5.3325000000e+04    2.4095383139e-01
    5.3400000000e+04    1.1535359044e-01
    5.3475000000e+04    1.1021042243e-01
    5.3550000000e+04    1.3759162444e-01
    5.3625000000e+04    1.0491012658e-01
    5.3700000000e+04    1.1573193144e-01
    5.3775000000e+04    9.1399979818e-02
    5.3850000000e+04    1.2842065415e-01
    5.3925000000e+04    9.9604544634e-02
    5.4000000000e+04    1.1150707864e-01
    5.4075000000e+04    1.6649599530e-01
    5.4150000000e+04    1.4451042179e-01
    5.4225000000e+04    1.2989973315e-01
    5.4300000000e+04    1.2622857422e-01
    5.4375000000e+04    1.1692851421e-01
    5.4450000000e+04    1.2722096236e-01
    5.4525000000e+04    9.7068934684e-02
    5.4600000000e+04    8.8166651397e-02
    5.4675000000e+04    1.8573870048e-01
    5.4750000000e+04    1.1510290904e-01
    5.4825000000e+04    1.0178165630e-01
    5.4900000000e+04    1.4155743848e-01
    5.4975000000e+04    1.1562822256e-01
    5.5050000000e+04    1.5755128635e-01
    5.5125000000e+04    1.2430344107e-01
    5.5200000000e+04    1.3154960763e-01
    5.5275000000e+04    1.3511584784e-01
    5.5350000000e+04    2.4058311372e-01
    5.5425000000e+04    1.3905946536e-01
    5.5500000000e+04    1.3877137541e-01
    5.5575000000e+04    1.5290614009e-01
    5.5650000000e+04    1.4665929922e-01
    5.5725000000e+04    1.2608015616e-01
    5.5800000000e+04    7.9062766567e-02
    5.5875000000e+04    1.9253570374e-01
    5.5950000000e+04    7.8991022702e-02
    5.6025000000e+04    1.0031358878e-01
    5.6100000000e+04    1.0631698583e-01
    5.6175000000e+04    1.4890727480e-01
    5.6250000000e+04    1.9424054217e-01
    5.6325000000e+04    1.1525938002e-01
    5.6400000000e+04    1.4102758885e-01
    5.6475000000e+04    1.1280190123e-01
    5.6550000000e+04    1.2323845892e-01
    5.6625000000e+04    1.5152248132e-01
    5.6700000000e+04    1.3106039250e-01
    5.6775000000e+04    1.6281858324e-01
    5.6850000000e+04    1.0476018907e-01
    5.6925000000e+04    8.8019048432e-02
    5.7000000000e+04    1.3017871438e-01
    5.7075000000e+04    1.1803429852e-01
    5.7150000000e+04    1.1283107572e-01
    5.7225000000e+04    1.3884262505e-01
    5.7300000000e+04    1.3185726278e-01
    5.7375000000e+04    1.4395769687e-01
    5.7450000000e+04    1.2686312967e-01
    5.7525000000e+04    1.4741376254e-01
    5.7600000000e+04    1.2813842455e-01
    5.7675000000e+04    1.1513034067e-01
    5.7750000000e+04    1.5483509943e-01
    5.7825000000e+04    1.3453097814e-01
    5.7900000000e+04    1.4197209965e-01
    5.7975000000e+04    1.1561987062e-01
    5.8050000000e+04    1.0191240848e-01
    5.8125000000e+04    1.2335580724e-01
    5.8200000000e+04    9.9639126543e-02
    5.8275000000e+04    1.3714127149e-01
    5.8350000000e+04    1.3042391841e-01
    5.8425000000e+04    1.2698662918e-01
    5.8500000000e+04    2.0614677054e-01
    5.8575000000e+04    9.4642209568e-02
    5.8650000000e+04    9.4404324354e-02
    5.8725000000e+04    1.0478147528e-01
    5.8800000000e+04    1.5045610052e-01
    5.8875000000e+04    1.5656123062e-01
    5.8950000000e+04    1.5144439152e-01
    5.9025000000e+04    1.6064458164e-01
    5.9100000000e+04    1.2998020704e-01
    5.9175000000e+04    1.4353982090e-01
    5.9250000000e+04    1.1296631909e-01
    5.9325000000e+04    8.2084379753e-02
    5.9400000000e+04    1.2748436827e-01
    5.9475000000e+04    1.3393722063e-01
    5.9550000000e+04    1.2011004297e-01
    5.9625000000e+04    1.5527431759e-01
    5.9700000000e+04    1.9691799464e-01
    5.9775000000e+04    1.0190719810e-01
    5.9850000000e+04    1.0248529079e-01
    5.9925000000e+04    1.4144302858e-01
    6.0000000000e+04    1.7723911457e-01
    6.0075000000e+04    1.6155877356e-01
    6.0150000000e+04    1.6573234519e-01
    6.0225000000e+04    1.3522690249e-01
    6.0300000000e+04    1.2302417395e-01
    6.0375000000e+04    1.3665237323e-01
    6.0450000000e+04    1.2418270802e-01
    6.0525000000e+04    1.3570210122e-01
    6.0600000000e+04    1.2297986357e-01
    6.0675000000e+04    1.3038185684e-01
    6.0750000000e+04    2.0063777626e-01
    6.0825000000e+04    1.7684720495e-01
    6.0900000000e+04    1.4881778173e-01
    6.0975000000e+04    1.4569587938e-01
    6.1050000000e+04    1.5144191689e-01
    6.1125000000e+04    1.2275675915e-01
    6.1200000000e+04    1.0286819663e-01
    6.1275000000e+04    1.4445262650e-01
    6.1350000000e+04    1.7143245917e-01
    6.1425000000e+04    1.6760341685e-01
    6.1500000000e+04    1.4109846360e-01
    6.1575000000e+04    1.4283131262e-01
    6.1650000000e+04    1.0472169779e-01
    6.1725000000e+04    1.4530533342e-01
    6.1800000000e+04    1.3330052783e-01
    6.1875000000e+04    1.3678822920e-01
    6.1950000000e+04    1.0260100788e-01
    6.2025000000e+04    1.3909116171e-01
    6.2100000000e+04    2.0859511727e-01
    6.2175000000e+04    2.0519008776e-01
    6.2250000000e+04    1.6838855415e-01
    6.2325000000e+04    1.2063085274e-01
    6.2400000000e+04    1.5033957718e-01
    6.2475000000e+04    1.4142522995e-01
    6.2550000000e+04    9.9551593070e-02
    6.2625000000e+04    1.1157593724e-01
    6.2700000000e+04    1.3807185797e-01
    6.2775000000e+04    1.1141417020e-01
    6.2850000000e+04    1.0563369560e-01
    6.2925000000e+04    1.1209588638e-01
    6.3000000000e+04    1.3056442335e-01
    6.3075000000e+04    1.3442367851e-01
    6.3150000000e+04    8.7173456030e-02
    6.3225000000e+04    9.6629477675e-02
    6.3300000000e+04    8.9622232899e-02
    6.3375000000e+04    1.3994029198e-01
    6.3450000000e+04    1.0270363699e-01
    6.3525000000e+04    1.6410033317e-01
    6.3600000000e+04    1.2326120255e-01
    6.3675000000e+04    1.3704784301e-01
    6.3750000000e+04    1.5741871703e-01
    6.3825000000e+04    1.1600584691e-01
    6.3900000000e+04    8.9514334546e-02
    6.3975000000e+04    1.1260206006e-01
    6.4050000000e+04    1.2609068831e-01
    6.4125000000e+04    1.6001834798e-01
    6.4200000000e+04    1.0149699914e-01
    6.4275000000e+04    1.0079889232e-01
    6.4350000000e+04    1.2514922996e-01
    6.4425000000e+04    8.7808596747e-02
    6.4500000000e+04    1.0764837177e-01
    6.4575000000e+04    1.2696920633e-01
    6.4650000000e+04    1.4182572215e-01
    6.4725000000e+04    1.3109121669e-01
    6.4800000000e+04    2.6427926948e-01
    6.4875000000e+04    1.8603957893e-01
    6.4950000000e+04    1.4432676285e-01
    6.5025000000e+04    1.3483396047e-01
    6.5100000000e+04    1.7726485537e-01
    6.5175000000e+04    1.3037366803e-01
    6.5250000000e+04    1.1021316751e-01
    6.5325000000e+04    1.3156651878e-01
    6.5400000000e+04    2.1419260114e-01
    6.5475000000e+04    1.9584997588e-01
    6.5550000000e+04    1.2090303333e-01
    6.5625000000e+04    1.2317095893e-01
    6.5700000000e+04    1.0452825708e-01
    6.5775000000e+04    8.6144593629e-02
    6.5850000000e+04    9.8318344917e-02
    6.5925000000e+04    1.1100200413e-01
    6.6000000000e+04    1.2261334381e-01
    6.6075000000e+04    1.5878067352e-01
    6.6150000000e+04    2.0289163572e-01
    6.6225000000e+04    1.3429175965e-01
    6.6300000000e+04    1.2847851113e-01
    6.6375000000e+04    1.3021274709e-01
    6.6450000000e+04    1.2703511672e-01
    6.6525000000e+04    1.6005546806e-01
    6.6600000000e+04    1.4769306505e-01
    6.6675000000e+04    1.4030686926e-01
    6.6750000000e+04    1.3699407870e-01
    6.6825000000e+04    8.6362097399e-02
    6.6900000000e+04    9.3887549981e-02
    6.6975000000e+04    1.0280117123e-01
    6.7050000000e+04    1.0752091232e-01
    6.7125000000e+04    1.5649600108e-01
    6.7200000000e+04    1.2845652067e-01
    6.7275000000e+04    1.5134307821e-01
    6.7350000000e+04    1.6270240871e-01
    6.7425000000e+04    1.4050529180e-01
    6.7500000000e+04    1.2652443922e-01
    6.7575000000e+04    1.0634245337e-01
    6.7650000000e+04    9.0066240797e-02
    6.7725000000e+04    9.0710853290e-02
    6.7800000000e+04    1.1838005969e-01
    6.7875000000e+04    1.0086014299e-01
    6.7950000000e+04    1.4512524370e-01
    6.8025000000e+04    1.4361941467e-01
    6.8100000000e+04    1.2627432270e-01
    6.8175000000e+04    1.0846522994e-01
    6.8250000000e+04    1.4429035775e-01
    6.8325000000e+04    1.1119328988e-01
    6.8400000000e+04    1.1868331334e-01
    6.8475000000e+04    9.6647423869e-02
    6.8550000000e+04    1.5916183572e-01
    6.8625000000e+04    1.1176188441e-01
    6.8700000000e+04    1.2357780312e-01
    6.8775000000e+04    1.0289300773e-01
    6.8850000000e+04    1.5697855014e-01
    6.8925000000e+04    1.9360380003e-01
    6.9000000000e+04    1.1825810537e-01
    6.9075000000e+04    1.6754566191e-01
    6.9150000000e+04    1.0613242307e-01
    6.9225000000e+04    1.1933433668e-01
    6.9300000000e+04    1.5801008118e-01
    6.9375000000e+04    1.1415440182e-01
    6.9450000000e+04    1.3250300760e-01
    6.9525000000e+04    1.0335596036e-01
    6.9600000000e+04    1.0855588657e-01
    6.9675000000e+04    1.0557364774e-01
    6.9750000000e+04    9.9029284355e-02
    6.9825000000e+04    1.0682008196e-01
    6.9900000000e+04    1.4446738024e-01
    6.9975000000e+04    1.7862839158e-01
    7.0050000000e+04    1.1454301102e-01
    7.0125000000e+04    1.3073701571e-01
    7.0200000000e+04    1.4257316704e-01
    7.0275000000e+04    1.6128036984e-01
    7.0350000000e+04    1.5395143184e-01
    7.0425000000e+04    1.7507221141e-01
    7.0500000000e+04    1.1190894763e-01
    7.0575000000e+04    1.0199083050e-01
    7.0650000000e+04    9.4107748473e-02
    7.0725000000e+04    1.4629182232e-01
    7.0800000000e+04    2.1537713330e-01
    7.0875000000e+04    1.6507995159e-01
    7.0950000000e+04    1.7668120560e-01
    7.1025000000e+04    2.0084986197e-01
    7.1100000000e+04    2.3524366252e-01
    7.1175000000e+04    1.7995763690e-01
    7.1250000000e+04    1.8005230590e-01
    7.1325000000e+04    2.2817885700e-01
    7.1400000000e+04    2.1815688958e-01
    7.1475000000e+04    1.9333938500e-01
    7.1550000000e+04    2.3139295314e-01
    7.1625000000e+04    2.2001091355e-01
    7.1700000000e+04    3.6567357131e-01
    7.1775000000e+04    2.3082689888e-01
    7.1850000000e+04    2.7556281113e-01
    7.1925000000e+04    1.2255239404e-01
    7.2000000000e+04    1.0587749209e-01
    7.2075000000e+04    1.7814172688e-01
    7.2150000000e+04    1.3101731321e-01
    7.2225000000e+04    1.0640072572e-01
    7.2300000000e+04    1.2963740948e-01
    7.2375000000e+04    1.2832625115e-01
    7.2450000000e+04    1.9934757566e-01
    7.2525000000e+04    1.7222190735e-01
    7.2600000000e+04    2.0281309819e-01
    7.2675000000e+04    1.3454498858e-01
    7.2750000000e+04    1.0024493826e-01
    7.2825000000e+04    1.3404934221e-01
    7.2900000000e+04    1.0760553066e-01
    7.2975000000e+04    9.8073017959e-02
    7.3050000000e+04    1.3778874514e-01
    7.3125000000e+04    1.0088410962e-01
    7.3200000000e+04    1.8251155565e-01
    7.3275000000e+04    2.4557781084e-01
    7.3350000000e+04    1.9261505318e-01
    7.3425000000e+04    1.2970890994e-01
    7.3500000000e+04    1.4176066330e-01
    7.3575000000e+04    1.2353761590e-01
    7.3650000000e+04    8.6471805893e-02
    7.3725000000e+04    1.4951388074e-01
    7.3800000000e+04    1.4790358101e-01
    7.3875000000e+04    1.4066587908e-01
    7.3950000000e+04    2.0676487715e-01
    7.4025000000e+04    2.1679754486e-01
    7.4100000000e+04    3.9109003687e-01
    7.4175000000e+04    2.2417244350e-01
    7.4250000000e+04    1.8458293922e-01
    7.4325000000e+04    1.1650267257e-01
    7.4400000000e+04    1.9080757221e-01
    7.4475000000e+04    1.7147458149e-01
    7.4550000000e+04    1.0816660036e-01
    7.4625000000e+04    1.1942026070e-01
    7.4700000000e+04    1.1804267523e-01
    7.4775000000e+04    1.1971533506e-01
    7.4850000000e+04    9.5465937057e-02
    7.4925000000e+04    1.2407667130e-01
    7.5000000000e+04    1.2782850448e-01
    7.5075000000e+04    1.2727152371e-01
    7.5150000000e+04    1.3480752297e-01
    7.5225000000e+04    1.7623429763e-01
    7.5300000000e+04    1.2626590098e-01
    7.5375000000e+04    2.3381281362e-01
    7.5450000000e+04    1.4493403044e-01
    7.5525000000e+04    2.0686155066e-01
    7.5600000000e+04    1.3931802266e-01
    7.5675000000e+04    1.6917921330e-01
    7.5750000000e+04    1.6813828423e-01
    7.5825000000e+04    1.2963855329e-01
    7.5900000000e+04    1.7096354819e-01
    7.5975000000e+04    1.6482668591e-01
    7.6050000000e+04    2.0269206995e-01
    7.6125000000e+04    1.6511999989e-01
    7.6200000000e+04    1.9066590862e-01
    7.6275000000e+04    1.5370593674e-01
    7.6350000000e+04    2.1383832176e-01
    7.6425000000e+04    1.4607982684e-01
    7.6500000000e+04    1.2863103860e-01
    7.6575000000e+04    1.7008180146e-01
    7.6650000000e+04    1.5449108254e-01
    7.6725000000e+04    1.8291134424e-01
    7.6800000000e+04    1.2579187438e-01
    7.6875000000e+04    1.5897583897e-01
    7.6950000000e+04    1.4287246123e-01
    7.7025000000e+04    1.0617768382e-01
    7.7100000000e+04    1.1782444599e-01
    7.7175000000e+04    1.3590224823e-01
    7.7250000000e+04    1.1231172908e-01
    7.7325000000e+04    1.0294542302e-01
    7.7400000000e+04    1.1114067531e-01
    7.7475000000e+04    1.7231984769e-01
    7.7550000000e+04    1.2074267707e-01
    7.7625000000e+04    1.1247017391e-01
    7.7700000000e+04    1.4750852004e-01
    7.7775000000e+04    1.1141332304e-01
    7.7850000000e+04    1.1451682221e-01
    7.7925000000e+04    1.1446832633e-01
    7.8000000000e+04    1.0939844142e-01
    7.8075000000e+04    1.2581436475e-01
    7.8150000000e+04    1.5263300524e-01
    7.8225000000e+04    1.2267148574e-01
    7.8300000000e+04    1.3156959358e-01
    7.8375000000e+04    1.1782053809e-01
    7.8450000000e+04    1.0395991546e-01
    7.8525000000e+04    1.1419751251e-01
    7.8600000000e+04    1.3563678771e-01
    7.8675000000e+04    1.5516998570e-01
    7.8750000000e+04    1.7131548770e-01
    7.8825000000e+04    1.4756899606e-01
    7.8900000000e+04    1.3551426021e-01
    7.8975000000e+04    1.8219381107e-01
    7.9050000000e+04    1.6430798543e-01
    7.9125000000e+04    1.2374765622e-01
    7.9200000000e+04    1.1664090100e-01
    7.9275000000e+04    1.0207937216e-01
    7.9350000000e+04    1.2789208116e-01
    7.9425000000e+04    8.5403591607e-02
    7.9500000000e+04    1.0820646393e-01
    7.9575000000e+04    1.3184815722e-01
    7.9650000000e+04    1.2634157520e-01
    7.9725000000e+04    1.5335020658e-01
    7.9800000000e+04    1.4458252268e-01
    7.9875000000e+04    2.0130661887e-01
    7.9950000000e+04    1.1133824823e-01
    8.0025000000e+04    1.4426043640e-01
    8.0100000000e+04    1.1172114317e-01
    8.0175000000e+04    1.4110700314e-01
    8.0250000000e+04    1.4462881117e-01
    8.0325000000e+04    1.1579307435e-01
    8.0400000000e+04    1.3559809780e-01
    8.0475000000e+04    1.4182112093e-01
    8.0550000000e+04    1.3015876768e-01
    8.0625000000e+04    1.1936598620e-01
    8.0700000000e+04    9.5635348767e-02
    8.0775000000e+04    1.5503517845e-01
    8.0850000000e+04    1.3213841418e-01
    8.0925000000e+04    1.3182005796e-01
    8.1000000000e+04    1.2848144752e-01
    8.1075000000e+04    9.9215241835e-02
    8.1150000000e+04    1.2719998942e-01
    8.1225000000e+04    1.1696501776e-01
    8.1300000000e+04    1.3465938131e-01
    8.1375000000e+04    1.0614332688e-01
    8.1450000000e+04    9.7367999457e-02
    8.1525000000e+04    1.0847170948e-01
    8.1600000000e+04    1.3273744254e-01
    8.1675000000e+04    1.1294338632e-01
    8.1750000000e+04    9.8264609385e-02
    8.1825000000e+04    1.4602946617e-01
    8.1900000000e+04    1.5446206405e-01
    8.1975000000e+04    1.8549857646e-01
    8.2050000000e+04    2.2468806082e-01
    8.2125000000e+04    2.3961079928e-01
    8.2200000000e+04    2.0268120027e-01
    8.2275000000e+04    2.0217208150e-01
    8.2350000000e+04    2.9985175374e-01
    8.2425000000e+04    2.3397835490e-01
    8.2500000000e+04    1.7753918930e-01
    8.2575000000e+04    1.8467486417e-01
    8.2650000000e+04    1.9486235779e-01
    8.2725000000e+04    1.2742096437e-01
    8.2800000000e+04    1.9296606937e-01
    8.2875000000e+04    1.3302096118e-01
    8.2950000000e+04    1.5472522112e-01
    8.3025000000e+04    1.6081153190e-01
    8.3100000000e+04    1.5962557708e-01
    8.3175000000e+04    1.6036602634e-01
    8.3250000000e+04    1.5966610137e-01
    8.3325000000e+04    1.4376488587e-01
    8.3400000000e+04    1.4203129166e-01
    8.3475000000e+04    1.2942548685e-01
    8.3550000000e+04    1.5459273280e-01
    8.3625000000e+04    1.5162760620e-01
    8.3700000000e+04    1.5176616026e-01
    8.3775000000e+04    2.0074511054e-01
    8.3850000000e+04    2.2481041376e-01
    8.3925000000e+04    1.2030218972e-01
    8.4000000000e+04    1.6880013634e-01
    8.4075000000e+04    1.4572147323e-01
    8.4150000000e+04    1.2023648979e-01
    8.4225000000e+04    1.3312917274e-01
    8.4300000000e+04    1.3820990168e-01
    8.4375000000e+04    1.2061208980e-01
    8.4450000000e+04    1.2446258013e-01
    8.4525000000e+04    1.2813839686e-01
    8.4600000000e+04    1.1497775262e-01
    8.4675000000e+04    9.3591880738e-02
    8.4750000000e+04    1.2371868026e-01
    8.4825000000e+04    1.1864880144e-01
    8.4900000000e+04    1.2206186033e-01
    8.4975000000e+04    1.3911703275e-01
    8.5050000000e+04    1.2640641909e-01
    8.5125000000e+04    1.7970011249e-01
    8.5200000000e+04    1.5364470646e-01
    8.5275000000e+04    1.3322941231e-01
    8.5350000000e+04    1.0526380905e-01
    8.5425000000e+04    1.0225751770e-01
    8.5500000000e+04    1.0999965443e-01
    8.5575000000e+04    1.3364386910e-01
    8.5650000000e+04    1.0360968375e-01
    8.5725000000e+04    1.0617663675e-01
    8.5800000000e+04    1.4738715690e-01
    8.5875000000e+04    1.0187443406e-01
    8.5950000000e+04    1.0801769108e-01
    8.6025000000e+04    2.8899057465e-01
    8.6100000000e+04    1.5853826828e-01
    8.6175000000e+04    1.5994405502e-01
    8.6250000000e+04    1.4981755387e-01
    8.6325000000e+04    2.0830260877e-01
    8.6400000000e+04    1.7245041882e-01
    8.6475000000e+04    1.4488902122e-01
    8.6550000000e+04    1.3432145414e-01
    8.6625000000e+04    1.0819891805e-01
    8.6700000000e+04    1.4876049437e-01
    8.6775000000e+04    2.0890223530e-01
    8.6850000000e+04    1.3214092500e-01
    8.6925000000e+04    1.4984254362e-01
    8.7000000000e+04    1.2840975172e-01
    8.7075000000e+04    1.1208814611e-01
    8.7150000000e+04    1.2659092239e-01
    8.7225000000e+04    1.5941724224e-01
    8.7300000000e+04    1.5090002750e-01
    8.7375000000e+04    2.3386896257e-01
    8.7450000000e+04    1.6825619835e-01
    8.7525000000e+04    1.5611107795e-01
    8.7600000000e+04    1.2048922995e-01
    8.7675000000e+04    1.0063989490e-01
    8.7750000000e+04    8.9582757865e-02
    8.7825000000e+04    1.0377681578e-01
    8.7900000000e+04    8.9577859976e-02
    8.7975000000e+04    1.4316139193e-01
    8.8050000000e+04    1.2004281255e-01
    8.8125000000e+04    1.7101530671e-01
    8.8200000000e+04    1.4153880901e-01
    8.8275000000e+04    1.0750602189e-01
    8.8350000000e+04    1.1109262623e-01
    8.8425000000e+04    9.6410171013e-02
    8.8500000000e+04    1.2921369969e-01
    8.8575000000e+04    9.3931190507e-02
    8.8650000000e+04    1.1930348277e-01
    8.8725000000e+04    1.6056480093e-01
    8.8800000000e+04    1.2358082952e-01
    8.8875000000e+04    1.0046726131e-01
    8.8950000000e+04    1.8778379600e-01
    8.9025000000e+04    1.6247047879e-01
    8.9100000000e+04    1.1077872285e-01
    8.9175000000e+04    9.3331829473e-02
    8.9250000000e+04    1.1190451801e-01
    8.9325000000e+04    1.1460181233e-01
    8.9400000000e+04    7.6575720163e-02
    8.9475000000e+04    1.0036821081e-01
    8.9550000000e+04    1.0351704931e-01
    8.9625000000e+04    8.2051430513e-02
    8.9700000000e+04    1.3169081883e-01
    8.9775000000e+04    1.5750239464e-01
    8.9850000000e+04    1.5041538673e-01
    8.9925000000e+04    1.2045832622e-01
    9.0000000000e+04    9.8816437749e-02
    9.0075000000e+04    9.7397898193e-02
    9.0150000000e+04    9.7887634664e-02
    9.0225000000e+04    1.0180929604e-01
    9.0300000000e+04    9.7643802748e-02
    9.0375000000e+04    1.2538923587e-01
    9.0450000000e+04    1.2748333231e-01
    9.0525000000e+04    1.1665314578e-01
    9.0600000000e+04    1.3184564370e-01
    9.0675000000e+04    1.3693143822e-01
    9.0750000000e+04    1.3818201545e-01
    9.0825000000e+04    1.0733832201e-01
    9.0900000000e+04    1.0903465500e-01
    9.0975000000e+04    1.0987745004e-01
    9.1050000000e+04    8.9402342834e-02
    9.1125000000e+04    1.1513878374e-01
    9.1200000000e+04    1.2071571974e-01
    9.1275000000e+04    1.1494054515e-01
    9.1350000000e+04    1.7561889271e-01
    9.1425000000e+04    1.9708482827e-01
    9.1500000000e+04    2.4285729921e-01
    9.1575000000e+04    1.6533314814e-01
    9.1650000000e+04    1.1836440866e-01
    9.1725000000e+04    1.5026826897e-01
    9.1800000000e+04    1.8782801384e-01
    9.1875000000e+04    1.3513814053e-01
    9.1950000000e+04    1.3508641852e-01
    9.2025000000e+04    1.6090595855e-01
    9.2100000000e+04    2.2164503244e-01
    9.2175000000e+04    2.4944517588e-01
    9.2250000000e+04    1.5072166406e-01
    9.2325000000e+04    1.5304291588e-01
    9.2400000000e+04    1.2933911675e-01
    9.2475000000e+04    1.8728266906e-01
    9.2550000000e+04    2.1072720266e-01
    9.2625000000e+04    1.8991369239e-01
    9.2700000000e+04    2.6046040147e-01
    9.2775000000e+04    2.2541638661e-01
    9.2850000000e+04    1.7796796014e-01
    9.2925000000e+04    2.3290870593e-01
    9.3000000000e+04    2.3519315328e-01
    9.3075000000e+04    1.8744617850e-01
    9.3150000000e+04    9.8017543284e-02
    9.3225000000e+04    1.1796701604e-01
    9.3300000000e+04    8.9967396567e-02
    9.3375000000e+04    1.0531587710e-01
    9.3450000000e+04    9.6338783494e-02
    9.3525000000e+04    9.6827770557e-02
    9.3600000000e+04    7.3266135005e-02
    9.3675000000e+04    1.1270192002e-01
    9.3750000000e+04    9.9092755569e-02
    9.3825000000e+04    1.1020601479e-01
    9.3900000000e+04    1.0119291025e-01
    9.3975000000e+04    1.3654326912e-01
    9.4050000000e+04    1.2957218338e-01
    9.4125000000e+04    1.7900960696e-01
    9.4200000000e+04    1.4749670170e-01
    9.4275000000e+04    1.1311382070e-01
    9.4350000000e+04    9.3039017553e-02
    9.4425000000e+04    1.3311388671e-01
    9.4500000000e+04    8.7575104482e-02
    9.4575000000e+04    1.0102298630e-01
    9.4650000000e+04    8.9406321106e-02
    9.4725000000e+04    1.2570986335e-01
    9.4800000000e+04    9.4742571065e-02
    9.4875000000e+04    1.1361736480e-01
    9.4950000000e+04    9.2301515568e-02
    9.5025000000e+04    9.4730671984e-02
    9.5100000000e+04    1.2380576586e-01
    9.5175000000e+04    1.3667218070e-01
    9.5250000000e+04    1.1159131249e-01
    9.5325000000e+04    1.2834061301e-01
    9.5400000000e+04    1.3431284213e-01
    9.5475000000e+04    1.3609188762e-01
    9.5550000000e+04    1.4076801170e-01
    9.5625000000e+04    1.6231307746e-01
    9.5700000000e+04    1.4479864403e-01
    9.5775000000e+04    1.2623780299e-01
    9.5850000000e+04    9.4024544478e-02
    9.5925000000e+04    1.0396508764e-01
    9.6000000000e+04    9.0124135186e-02
    9.6075000000e+04    9.1818610413e-02
    9.6150000000e+04    8.6271956722e-02
    9.6225000000e+04    1.1850810465e-01
    9.6300000000e+04    1.4590400583e-01
    9.6375000000e+04    1.1319839750e-01
    9.6450000000e+04    9.3593036056e-02
    9.6525000000e+04    1.2268448774e-01
    9.6600000000e+04    1.3111647401e-01
    9.6675000000e+04    1.6268348607e-01
    9.6750000000e+04    1.2334060926e-01
    9.6825000000e+04    1.1332170754e-01
    9.6900000000e+04    1.0475380087e-01
    9.6975000000e+04    1.4731778259e-01
    9.7050000000e+04    1.5693218164e-01
    9.7125000000e+04    1.1799814478e-01
    9.7200000000e+04    1.1233549107e-01
    9.7275000000e+04    1.2346331753e-01
    9.7350000000e+04    1.6638115904e-01
    9.7425000000e+04    1.4732514846e-01
    9.7500000000e+04    1.4782217389e-01
    9.7575000000e+04    1.0708574622e-01
    9.7650000000e+04    1.3975627780e-01
    9.7725000000e+04    9.1365313484e-02
    9.7800000000e+04    1.0808210340e-01
    9.7875000000e+04    9.3776791983e-02
    9.7950000000e+04    1.0839099144e-01
    9.8025000000e+04    1.1730151369e-01
    9.8100000000e+04    1.0354134172e-01
    9.8175000000e+04    2.3028041485e-01
    9.8250000000e+04    2.0388263390e-01
    9.8325000000e+04    1.1162192487e-01
    9.8400000000e+04    1.3352424481e-01
    9.8475000000e+04    1.0687948360e-01
    9.8550000000e+04    1.0052479107e-01
    9.8625000000e+04    1.3707695604e-01
    9.8700000000e+04    1.2021411256e-01
    9.8775000000e+04    1.1092470838e-01
    9.8850000000e+04    1.3019858385e-01
    9.8925000000e+04    1.2545406199e-01
    9.9000000000e+04    1.2190938772e-01
    9.9075000000e+04    1.1941928945e-01
    9.9150000000e+04    1.2689233203e-01
    9.9225000000e+04    1.6102840295e-01
    9.9300000000e+04    9.3310719666e-02
    9.9375000000e+04    1.1323859010e-01
    9.9450000000e+04    1.1458598769e-01
    9.9525000000e+04    1.5977197758e-01
    9.9600000000e+04    1.2779109307e-01
    9.9675000000e+04    1.3800313464e-01
    9.9750000000e+04    1.3674439557e-01
    9.9825000000e+04    1.7978482136e-01
    9.9900000000e+04    1.3140829039e-01
    9.9975000000e+04    1.1169679043e-01
    1.0005000000e+05    1.1859214935e-01
    1.0012500000e+05    1.1480860852e-01
    1.0020000000e+05    1.3020206701e-01
    1.0027500000e+05    1.3111977034e-01
    1.0035000000e+05    1.3121560298e-01
    1.0042500000e+05    1.7135850569e-01
    1.0050000000e+05    1.3165540371e-01
    1.0057500000e+05    9.7494974632e-02
    1.0065000000e+05    1.8693776631e-01
    1.0072500000e+05    1.5488155902e-01
    1.0080000000e+05    1.4289706722e-01
    1.0087500000e+05    7.6381327048e-02
    1.0095000000e+05    8.4221676826e-02
    1.0102500000e+05    9.8253040950e-02
    1.0110000000e+05    9.3984740355e-02
    1.0117500000e+05    1.2739921535e-01
    1.0125000000e+05    1.4412067516e-01
    1.0132500000e+05    1.0608793358e-01
    1.0140000000e+05    1.2509767400e-01
    1.0147500000e+05    1.1565084417e-01
    1.0155000000e+05    1.3575441546e-01
    1.0162500000e+05    1.0675222922e-01
    1.0170000000e+05    1.2056167455e-01
    1.0177500000e+05    1.5627704859e-01
    1.0185000000e+05    9.0261653135e-02
    1.0192500000e+05    9.8220517147e-02
    1.0200000000e+05    1.0426150032e-01
    1.0207500000e+05    1.0944372250e-01
    1.0215000000e+05    1.1132345397e-01
    1.0222500000e+05    1.0200243375e-01
    1.0230000000e+05    9.7873307615e-02
    1.0237500000e+05    1.2725199870e-01
    1.0245000000e+05    9.3163560518e-02
    1.0252500000e+05    1.3167060922e-01
    1.0260000000e+05    1.5055558593e-01
    1.0267500000e+05    1.5033415863e-01
    1.0275000000e+05    1.6235082763e-01
    1.0282500000e+05    1.2343229556e-01
    1.0290000000e+05    1.6081785288e-01
    1.0297500000e+05    2.1468964598e-01
    1.0305000000e+05    1.0632759307e-01
    1.0312500000e+05    9.8084408627e-02
    1.0320000000e+05    1.2232954947e-01
    1.0327500000e+05    1.2445610007e-01
    1.0335000000e+05    1.0374840961e-01
    1.0342500000e+05    1.2391262141e-01
    1.0350000000e+05    1.1849455058e-01
    1.0357500000e+05    9.1045764762e-02
    1.0365000000e+05    1.1676876531e-01
    1.0372500000e+05    1.5680427247e-01
    1.0380000000e+05    1.2676885042e-01
    1.0387500000e+05    1.1722014931e-01
    1.0395000000e+05    1.4530588480e-01
    1.0402500000e+05    1.8110000795e-01
    1.0410000000e+05    1.3887087798e-01
    1.0417500000e+05    1.4671809836e-01
    1.0425000000e+05    1.7389511803e-01
    1.0432500000e+05    1.7216881799e-01
    1.0440000000e+05    2.3812637577e-01
    1.0447500000e+05    1.5188998039e-01
    1.0455000000e+05    1.8223420876e-01
    1.0462500000e+05    1.8493721201e-01
    1.0470000000e+05    1.2137920228e-01
    1.0477500000e+05    1.4501885710e-01
    1.0485000000e+05    9.8726609028e-02
    1.0492500000e+05    1.8145729085e-01
    1.0500000000e+05    9.5799829097e-02
    1.0507500000e+05    1.4930104324e-01
    1.0515000000e+05    8.9016417552e-02
    1.0522500000e+05    9.4785922243e-02
    1.0530000000e+05    1.8128133463e-01
    1.0537500000e+05    1.1662220431e-01
    1.0545000000e+05    1.4475604325e-01
    1.0552500000e+05    1.0376127108e-01
    1.0560000000e+05    1.2354887099e-01
    1.0567500000e+05    1.5393285675e-01
    1.0575000000e+05    1.4505849379e-01
    1.0582500000e+05    2.7302428424e-01
    1.0590000000e+05    2.5834388592e-01
    1.0597500000e+05    1.7817581963e-01
    1.0605000000e+05    2.2805719443e-01
    1.0612500000e+05    1.6206698971e-01
    1.0620000000e+05    1.4360265261e-01
    1.0627500000e+05    9.2991403783e-02
    1.0635000000e+05    1.0561198201e-01
    1.0642500000e+05    1.0363841343e-01
    1.0650000000e+05    9.5665467380e-02
    1.0657500000e+05    1.0688396072e-01
    1.0665000000e+05    9.7529874092e-02
    1.0672500000e+05    9.7968578762e-02
    1.0680000000e+05    1.3195544551e-01
    1.0687500000e+05    9.0285374803e-02
    1.0695000000e+05    1.0226969286e-01
    1.0702500000e+05    1.6289478170e-01
    1.0710000000e+05    1.4403086104e-01
    1.0717500000e+05    1.5367084334e-01
    1.0725000000e+05    1.0512662698e-01
    1.0732500000e+05    1.3737716096e-01
    1.0740000000e+05    1.2115597722e-01
    1.0747500000e+05    1.4056761785e-01
    1.0755000000e+05    9.8610508806e-02
    1.0762500000e+05    8.2548151585e-02
    1.0770000000e+05    9.9320776753e-02
    1.0777500000e+05    1.0907808269e-01
    1.0785000000e+05    1.4346851402e-01
    1.0792500000e+05    9.6757726521e-02
    1.0800000000e+05    1.1725165873e-01
    1.0807500000e+05    1.1758179520e-01
    1.0815000000e+05    1.5701896219e-01
    1.0822500000e+05    1.9105386816e-01
    1.0830000000e+05    1.0929544939e-01
    1.0837500000e+05    1.3546099157e-01
    1.0845000000e+05    1.0562353533e-01
    1.0852500000e+05    1.1926753782e-01
    1.0860000000e+05    1.2418894278e-01
    1.0867500000e+05    1.0559451686e-01
    1.0875000000e+05    1.6650574731e-01
    1.0882500000e+05    1.1521453442e-01
    1.0890000000e+05    1.2370386371e-01
    1.0897500000e+05    1.3297190195e-01
    1.0905000000e+05    1.0621202137e-01
    1.0912500000e+05    1.0426696344e-01
    1.0920000000e+05    1.0584152344e-01
    1.0927500000e+05    2.1127279722e-01
    1.0935000000e+05    1.1443053963e-01
    1.0942500000e+05    7.8515247788e-02
    1.0950000000e+05    1.0021891161e-01
    1.0957500000e+05    9.1421754712e-02
    1.0965000000e+05    9.1744843122e-02
    1.0972500000e+05    1.2557279418e-01
    1.0980000000e+05    1.2289126151e-01
    1.0987500000e+05    1.0150993218e-01
    1.0995000000e+05    1.0691307122e-01
    1.1002500000e+05    1.0794878588e-01
    1.1010000000e+05    1.1663741696e-01
    1.1017500000e+05    1.3943102912e-01
    1.1025000000e+05    1.5464904020e-01
    1.1032500000e+05    2.0889167391e-01
    1.1040000000e+05    1.7046981447e-01
    1.1047500000e+05    1.7309000748e-01
    1.1055000000e+05    1.4236882666e-01
    1.1062500000e+05    1.3764874633e-01
    1.1070000000e+05    2.0066005278e-01
    1.1077500000e+05    1.6831396031e-01
    1.1085000000e+05    1.3493123193e-01
    1.1092500000e+05    1.2029130276e-01
    1.1100000000e+05    1.0899702280e-01
    1.1107500000e+05    8.9209342853e-02
    1.1115000000e+05    1.0052024158e-01
    1.1122500000e+05    1.0745575564e-01
    1.1130000000e+05    1.1115063965e-01
    1.1137500000e+05    9.1466546349e-02
    1.1145000000e+05    1.1821498489e-01
    1.1152500000e+05    1.1809331012e-01
    1.1160000000e+05    1.2805975248e-01
    1.1167500000e+05    1.1531384845e-01
    1.1175000000e+05    1.3988675914e-01
    1.1182500000e+05    1.2174637484e-01
    1.1190000000e+05    1.4430761307e-01
    1.1197500000e+05    1.0775012856e-01
    1.1205000000e+05    1.2411075166e-01
    1.1212500000e+05    1.1819538372e-01
    1.1220000000e+05    1.4112294143e-01
    1.1227500000e+05    1.6874915328e-01
    1.1235000000e+05    1.6181696873e-01
    1.1242500000e+05    9.9880616489e-02
    1.1250000000e+05    1.0678460456e-01
    1.1257500000e+05    1.4760497104e-01
    1.1265000000e+05    8.6044731492e-02
    1.1272500000e+05    1.1344635101e-01
    1.1280000000e+05    9.4128229784e-02
    1.1287500000e+05    9.2634535896e-02
    1.1295000000e+05    1.1003176220e-01
    1.1302500000e+05    1.2850711208e-01
    1.1310000000e+05    1.5584821344e-01
    1.1317500000e+05    1.3252450089e-01
    1.1325000000e+05    1.6021688278e-01
    1.1332500000e+05    1.1519307038e-01
    1.1340000000e+05    1.2402416671e-01
    1.1347500000e+05    1.7841975576e-01
    1.1355000000e+05    1.2813878023e-01
    1.1362500000e+05    1.1789175108e-01
    1.1370000000e+05    1.2129747216e-01
    1.1377500000e+05    1.5106971461e-01
    1.1385000000e+05    1.5780231649e-01
    1.1392500000e+05    1.3092723679e-01
    1.1400000000e+05    1.1850030452e-01
    1.1407500000e+05    1.2023125487e-01
    1.1415000000e+05    9.5578971690e-02
    1.1422500000e+05    1.2088018969e-01
    1.1430000000e+05    1.1062419417e-01
    1.1437500000e+05    8.3968890241e-02
    1.1445000000e+05    9.2717345351e-02
    1.1452500000e+05    9.0761844317e-02
    1.1460000000e+05    9.8698271805e-02
    1.1467500000e+05    7.3741332861e-02
    1.1475000000e+05    1.4050315409e-01
    1.1482500000e+05    1.1010081717e-01
    1.1490000000e+05    1.5453444297e-01
    1.1497500000e+05    1.2837079863e-01
    1.1505000000e+05    1.6796936139e-01
    1.1512500000e+05    2.0630466876e-01
    1.1520000000e+05    1.6897742618e-01
    1.1527500000e+05    1.2252007176e-01
    1.1535000000e+05    9.4558741978e-02
    1.1542500000e+05    1.3543130014e-01
    1.1550000000e+05    8.6549307944e-02
    1.1557500000e+05    9.3366419879e-02
    1.1565000000e+05    1.4826354788e-01
    1.1572500000e+05    1.1185913811e-01
    1.1580000000e+05    1.1743677206e-01
    1.1587500000e+05    1.2569270653e-01
    1.1595000000e+05    1.5534276501e-01
    1.1602500000e+05    1.3365630531e-01
    1.1610000000e+05    1.3744699572e-01
    1.1617500000e+05    1.2221257644e-01
    1.1625000000e+05    1.1386900682e-01
    1.1632500000e+05    1.4420600459e-01
    1.1640000000e+05    1.1820384680e-01
    1.1647500000e+05    9.5386741347e-02
    1.1655000000e+05    9.1240918210e-02
    1.1662500000e+05    9.4621681945e-02
    1.1670000000e+05    1.2867083591e-01
    1.1677500000e+05    8.9174096092e-02
    1.1685000000e+05    9.3915219785e-02
    1.1692500000e+05    1.1536007594e-01
    1.1700000000e+05    1.1479702411e-01
    1.1707500000e+05    1.3709311244e-01
    1.1715000000e+05    1.3832472870e-01
    1.1722500000e+05    1.3037544638e-01
    1.1730000000e+05    8.7590318357e-02
    1.1737500000e+05    1.0140752772e-01
    1.1745000000e+05    9.3089516370e-02
    1.1752500000e+05    9.9945158098e-02
    1.1760000000e+05    1.1954872364e-01
    1.1767500000e+05    1.3700057080e-01
    1.1775000000e+05    1.2998019941e-01
    1.1782500000e+05    1.0607138531e-01
    1.1790000000e+05    1.2722934955e-01
    1.1797500000e+05    1.1019326210e-01
    1.1805000000e+05    1.1804162108e-01
    1.1812500000e+05    1.5215124588e-01
    1.1820000000e+05    1.7180834195e-01
    1.1827500000e+05    1.0293975509e-01
    1.1835000000e+05    9.0738208413e-02
    1.1842500000e+05    9.3770718220e-02
    1.1850000000e+05    1.6789809759e-01
    1.1857500000e+05    8.8274536798e-02
    1.1865000000e+05    1.3182943837e-01
    1.1872500000e+05    1.1420400054e-01
    1.1880000000e+05    1.2070969388e-01
    1.1887500000e+05    1.2183407349e-01
    1.1895000000e+05    8.3998582809e-02
    1.1902500000e+05    1.0639720441e-01
    1.1910000000e+05    1.3278069205e-01
    1.1917500000e+05    1.0305439150e-01
    1.1925000000e+05    1.4892261718e-01
    1.1932500000e+05    8.7738125539e-02
    1.1940000000e+05    1.1089270277e-01
    1.1947500000e+05    1.0819571589e-01
    1.1955000000e+05    1.4220715368e-01
    1.1962500000e+05    1.4866682348e-01
    1.1970000000e+05    1.3761503690e-01
    1.1977500000e+05    1.8049678196e-01
    1.1985000000e+05    1.4766027180e-01
    1.1992500000e+05    1.6102127984e-01
    1.2000000000e+05    1.1082441711e-01
    1.2007500000e+05    1.3476738267e-01
    1.2015000000e+05    1.0405062746e-01
    1.2022500000e+05    8.8646212196e-02
    1.2030000000e+05    1.0400459728e-01
    1.2037500000e+05    8.8658298468e-02
    1.2045000000e+05    8.5930378094e-02
    1.2052500000e+05    1.0787011149e-01
    1.2060000000e+05    1.1636722821e-01
    1.2067500000e+05    1.2780810799e-01
    1.2075000000e+05    1.4875773834e-01
    1.2082500000e+05    1.5356318499e-01
    1.2090000000e+05    1.0043089451e-01
    1.2097500000e+05    1.2249267670e-01
    1.2105000000e+05    1.1216217440e-01
    1.2112500000e+05    1.1103946884e-01
    1.2120000000e+05    1.3052061725e-01
    1.2127500000e+05    1.4914136815e-01
    1.2135000000e+05    1.1931834789e-01
    1.2142500000e+05    1.1087650592e-01
    1.2150000000e+05    1.1841831456e-01
    1.2157500000e+05    1.1425765589e-01
    1.2165000000e+05    1.0799635046e-01
    1.2172500000e+05    1.8080949048e-01
    1.2180000000e+05    1.1437875240e-01
    1.2187500000e+05    1.2207874408e-01
    1.2195000000e+05    1.4860655879e-01
    1.2202500000e+05    1.2426317410e-01
    1.2210000000e+05    1.3198996987e-01
    1.2217500000e+05    1.0788370160e-01
    1.2225000000e+05    1.9163041999e-01
    1.2232500000e+05    1.0487358089e-01
    1.2240000000e+05    1.2106772585e-01
    1.2247500000e+05    9.1672230995e-02
    1.2255000000e+05    1.0899309116e-01
    1.2262500000e+05    1.1791351217e-01
    1.2270000000e+05    7.9245770067e-02
    1.2277500000e+05    1.2277962019e-01
    1.2285000000e+05    1.0692711516e-01
    1.2292500000e+05    1.0412841659e-01
    1.2300000000e+05    1.7002682210e-01
    1.2307500000e+05    1.3723265260e-01
    1.2315000000e+05    1.3931560545e-01
    1.2322500000e+05    1.6404038722e-01
    1.2330000000e+05    1.8058142958e-01
    1.2337500000e+05    1.0060894435e-01
    1.2345000000e+05    8.8272877591e-02
    1.2352500000e+05    9.1389452350e-02
    1.2360000000e+05    9.5113165447e-02
    1.2367500000e+05    1.2885158311e-01
    1.2375000000e+05    9.5184297151e-02
    1.2382500000e+05    8.6645988894e-02
    1.2390000000e+05    8.0067201240e-02
    1.2397500000e+05    8.8826284533e-02
    1.2405000000e+05    7.9758364018e-02
    1.2412500000e+05    9.5818310486e-02
    1.2420000000e+05    1.2003088250e-01
    1.2427500000e+05    1.1994516612e-01
    1.2435000000e+05    1.2260381205e-01
    1.2442500000e+05    2.1833745540e-01
    1.2450000000e+05    1.2755798873e-01
    1.2457500000e+05    1.2185666866e-01
    1.2465000000e+05    9.0665163467e-02
    1.2472500000e+05    1.1358797217e-01
    1.2480000000e+05    1.0649672933e-01
    1.2487500000e+05    1.0714253400e-01
    1.2495000000e+05    9.8880511332e-02
    1.2502500000e+05    1.2777796535e-01
    1.2510000000e+05    9.1116498882e-02
    1.2517500000e+05    8.4666837380e-02
    1.2525000000e+05    1.2130188732e-01
    1.2532500000e+05    9.2399073733e-02
    1.2540000000e+05    1.0065471235e-01
    1.2547500000e+05    1.3042978780e-01
    1.2555000000e+05    1.1203769165e-01
    1.2562500000e+05    1.1749361023e-01
    1.2570000000e+05    1.2418212868e-01
    1.2577500000e+05    1.2477069856e-01
    1.2585000000e+05    1.2488289143e-01
    1.2592500000e+05    1.0535084608e-01
    1.2600000000e+05    9.6924823480e-02
    1.2607500000e+05    1.2006708396e-01
    1.2615000000e+05    1.4983563216e-01
    1.2622500000e+05    1.2439413705e-01
    1.2630000000e+05    1.5549296731e-01
    1.2637500000e+05    2.3325665236e-01
    1.2645000000e+05    1.7324703307e-01
    1.2652500000e+05    1.0685332509e-01
    1.2660000000e+05    9.9720839474e-02
    1.2667500000e+05    1.1052462839e-01
    1.2675000000e+05    1.0427424603e-01
    1.2682500000e+05    1.1948577933e-01
    1.2690000000e+05    1.3186976422e-01
    1.2697500000e+05    1.6827392477e-01
    1.2705000000e+05    1.1444583598e-01
    1.2712500000e+05    1.1607431557e-01
    1.2720000000e+05    1.3201312955e-01
    1.2727500000e+05    1.2534104734e-01
    1.2735000000e+05    1.9422778627e-01
    1.2742500000e+05    1.1097990299e-01
    1.2750000000e+05    1.1429340748e-01
    1.2757500000e+05    1.3320056300e-01
    1.2765000000e+05    9.6258355176e-02
    1.2772500000e+05    1.3699408093e-01
    1.2780000000e+05    1.5227930976e-01
    1.2787500000e+05    1.1866765812e-01
    1.2795000000e+05    1.3249008674e-01
    1.2802500000e+05    1.5640979302e-01
    1.2810000000e+05    1.2650508337e-01
    1.2817500000e+05    1.2075820702e-01
    1.2825000000e+05    1.1775254290e-01
    1.2832500000e+05    1.1854154078e-01
    1.2840000000e+05    1.2039947243e-01
    1.2847500000e+05    1.0150869410e-01
    1.2855000000e+05    1.1513147463e-01
    1.2862500000e+05    1.0750499956e-01
    1.2870000000e+05    1.4421530202e-01
    1.2877500000e+05    1.6407768388e-01
    1.2885000000e+05    1.3152709909e-01
    1.2892500000e+05    1.1770850992e-01
    1.2900000000e+05    1.0152310006e-01
    1.2907500000e+05    1.0662501541e-01
    1.2915000000e+05    9.1885581411e-02
    1.2922500000e+05    1.0844456769e-01
    1.2930000000e+05    1.2261826464e-01
    1.2937500000e+05    1.4267088085e-01
    1.2945000000e+05    1.9390018650e-01
    1.2952500000e+05    1.7665302880e-01
    1.2960000000e+05    1.9935301471e-01
    1.2967500000e+05    1.5867114917e-01
    1.2975000000e+05    1.4168853141e-01
    1.2982500000e+05    1.9661369621e-01
    1.2990000000e+05    1.9555974444e-01
    1.2997500000e+05    1.5473974231e-01
    1.3005000000e+05    2.1884740809e-01
    1.3012500000e+05    2.4153625197e-01
    1.3020000000e+05    1.2089073152e-01
    1.3027500000e+05    1.7722297714e-01
    1.3035000000e+05    1.1726783681e-01
    1.3042500000e+05    9.6019737345e-02
    1.3050000000e+05    1.3293253329e-01
    1.3057500000e+05    1.1277922776e-01
    1.3065000000e+05    9.9997472794e-02
    1.3072500000e+05    1.0541254047e-01
    1.3080000000e+05    1.1069193749e-01
    1.3087500000e+05    1.1366443880e-01
    1.3095000000e+05    1.4371756604e-01
    1.3102500000e+05    1.1953762468e-01
    1.3110000000e+05    1.3253270918e-01
    1.3117500000e+05    1.5326916806e-01
    1.3125000000e+05    1.0909773983e-01
    1.3132500000e+05    1.2729921525e-01
    1.3140000000e+05    1.7928534198e-01
    1.3147500000e+05    1.5279824382e-01
    1.3155000000e+05    1.3835262379e-01
    1.3162500000e+05    1.0459010948e-01
    1.3170000000e+05    1.1617863142e-01
    1.3177500000e+05    1.1611299585e-01
    1.3185000000e+05    1.0670662855e-01
    1.3192500000e+05    8.1608310938e-02
    1.3200000000e+05    9.3676447962e-02
    1.3207500000e+05    1.0120280366e-01
    1.3215000000e+05    1.3356921106e-01
    1.3222500000e+05    1.0485078185e-01
    1.3230000000e+05    1.0728536596e-01
    1.3237500000e+05    1.0629954607e-01
    1.3245000000e+05    1.3174714800e-01
    1.3252500000e+05    1.0011951546e-01
    1.3260000000e+05    1.0952685531e-01
    1.3267500000e+05    1.2488410129e-01
    1.3275000000e+05    1.2807271884e-01
    1.3282500000e+05    1.1111031780e-01
    1.3290000000e+05    9.3753829932e-02
    1.3297500000e+05    1.0632801984e-01
    1.3305000000e+05    1.2132011834e-01
    1.3312500000e+05    1.3650830985e-01
    1.3320000000e+05    1.1313314585e-01
    1.3327500000e+05    1.0217213059e-01
    1.3335000000e+05    1.1685157414e-01
    1.3342500000e+05    1.1865019024e-01
    1.3350000000e+05    1.3142183638e-01
    1.3357500000e+05    1.1258373518e-01
    1.3365000000e+05    1.1906625956e-01
    1.3372500000e+05    1.3554915472e-01
    1.3380000000e+05    1.2323769355e-01
    1.3387500000e+05    1.2590076540e-01
    1.3395000000e+05    1.4439364471e-01
    1.3402500000e+05    9.2991487025e-02
    1.3410000000e+05    1.4918932524e-01
    1.3417500000e+05    1.8080067848e-01
    1.3425000000e+05    1.3561347954e-01
    1.3432500000e+05    2.0584387001e-01
    1.3440000000e+05    1.1010132762e-01
    1.3447500000e+05    1.4751563274e-01
    1.3455000000e+05    2.3667045348e-01
    1.3462500000e+05    1.2513351774e-01
    1.3470000000e+05    1.3577182772e-01
    1.3477500000e+05    1.0518340325e-01
    1.3485000000e+05    1.2771505468e-01
    1.3492500000e+05    8.9280115004e-02
    1.3500000000e+05    1.0520260140e-01
    1.3507500000e+05    1.0521579236e-01
    1.3515000000e+05    1.0366224062e-01
    1.3522500000e+05    1.3787292159e-01
    1.3530000000e+05    1.0831912257e-01
    1.3537500000e+05    1.1085071806e-01
    1.3545000000e+05    1.0078422175e-01
    1.3552500000e+05    1.3922839610e-01
    1.3560000000e+05    1.5498554665e-01
    1.3567500000e+05    1.3226709967e-01
    1.3575000000e+05    1.1577420256e-01
    1.3582500000e+05    1.3475704172e-01
    1.3590000000e+05    1.5245787033e-01
    1.3597500000e+05    7.1772779941e-02
    1.3605000000e+05    8.6061398418e-02
    1.3612500000e+05    9.7007186835e-02
    1.3620000000e+05    1.1683841286e-01
    1.3627500000e+05    1.0676667196e-01
    1.3635000000e+05    1.2278239563e-01
    1.3642500000e+05    1.1653229091e-01
    1.3650000000e+05    1.2558499835e-01
    1.3657500000e+05    9.6204734117e-02
    1.3665000000e+05    1.0400338960e-01
    1.3672500000e+05    1.0446679760e-01
    1.3680000000e+05    1.3889575906e-01
    1.3687500000e+05    1.5542248042e-01
    1.3695000000e+05    9.5199674722e-02
    1.3702500000e+05    1.1837376183e-01
    1.3710000000e+05    1.1986624249e-01
    1.3717500000e+05    9.6376460321e-02
    1.3725000000e+05    9.2482870959e-02
    1.3732500000e+05    1.1837404905e-01
    1.3740000000e+05    1.2801274917e-01
    1.3747500000e+05    1.3339000858e-01
    1.3755000000e+05    1.0132791105e-01
    1.3762500000e+05    1.2521619294e-01
    1.3770000000e+05    1.5172568880e-01
    1.3777500000e+05    1.2877332669e-01
    1.3785000000e+05    9.3890356175e-02
    1.3792500000e+05    1.4443552221e-01
    1.3800000000e+05    9.4033889014e-02
    1.3807500000e+05    1.5049566863e-01
    1.3815000000e+05    1.3291343138e-01
    1.3822500000e+05    9.9442077172e-02
    1.3830000000e+05    8.4911501432e-02
    1.3837500000e+05    1.6672536704e-01
    1.3845000000e+05    2.0041102908e-01
    1.3852500000e+05    1.5657064359e-01
    1.3860000000e+05    1.4635350444e-01
    1.3867500000e+05    2.5116146521e-01
    1.3875000000e+05    1.4025087694e-01
    1.3882500000e+05    1.5335531132e-01
    1.3890000000e+05    1.7621380264e-01
    1.3897500000e+05    1.3054714725e-01
    1.3905000000e+05    1.1138155251e-01
    1.3912500000e+05    1.2315393195e-01
    1.3920000000e+05    1.1810261490e-01
    1.3927500000e+05    1.2795663209e-01
    1.3935000000e+05    1.2279082843e-01
    1.3942500000e+05    1.8699837456e-01
    1.3950000000e+05    1.7086359373e-01
    1.3957500000e+05    2.1289507209e-01
    1.3965000000e+05    1.6629776782e-01
    1.3972500000e+05    1.7473563031e-01
    1.3980000000e+05    9.1888761435e-02
    1.3987500000e+05    1.0740507078e-01
    1.3995000000e+05    1.3228807208e-01
    1.4002500000e+05    9.6493192790e-02
    1.4010000000e+05    1.4188070163e-01
    1.4017500000e+05    8.6660252255e-02
    1.4025000000e+05    1.0205150568e-01
    1.4032500000e+05    1.2022401281e-01
    1.4040000000e+05    1.3168064629e-01
    1.4047500000e+05    1.4606174606e-01
    1.4055000000e+05    1.1355440680e-01
    1.4062500000e+05    9.5969189758e-02
    1.4070000000e+05    1.1317814566e-01
    1.4077500000e+05    1.0726614262e-01
    1.4085000000e+05    1.5820635395e-01
    1.4092500000e+05    1.1055460314e-01
    1.4100000000e+05    1.2147472690e-01
    1.4107500000e+05    1.2090511416e-01
    1.4115000000e+05    1.2356507024e-01
    1.4122500000e+05    1.2699980980e-01
    1.4130000000e+05    1.2608524549e-01
    1.4137500000e+05    1.1265591682e-01
    1.4145000000e+05    1.2245778036e-01
    1.4152500000e+05    1.3146788342e-01
    1.4160000000e+05    1.3273244877e-01
    1.4167500000e+05    1.4125767146e-01
    1.4175000000e+05    1.4755081459e-01
    1.4182500000e+05    1.1746041436e-01
    1.4190000000e+05    1.3178237138e-01
    1.4197500000e+05    1.0616129468e-01
    1.4205000000e+05    8.8336994200e-02
    1.4212500000e+05    9.6777994026e-02
    1.4220000000e+05    1.0740859127e-01
    1.4227500000e+05    9.9352424586e-02
    1.4235000000e+05    9.1461660419e-02
    1.4242500000e+05    1.0662261337e-01
    1.4250000000e+05    1.2501735991e-01
    1.4257500000e+05    1.0378526812e-01
    1.4265000000e+05    1.2995227539e-01
    1.4272500000e+05    1.4717931823e-01
    1.4280000000e+05    1.2767945643e-01
    1.4287500000e+05    2.3837654986e-01
    1.4295000000e+05    1.3144689346e-01
    1.4302500000e+05    1.2463638237e-01
    1.4310000000e+05    9.1531455102e-02
    1.4317500000e+05    9.9258298121e-02
    1.4325000000e+05    9.3307671975e-02
    1.4332500000e+05    9.1134998418e-02
    1.4340000000e+05    1.1571174879e-01
    1.4347500000e+05    1.0169568206e-01
    1.4355000000e+05    1.1775234556e-01
    1.4362500000e+05    1.2914841909e-01
    1.4370000000e+05    1.2512000014e-01
    1.4377500000e+05    1.1476927416e-01
    1.4385000000e+05    1.5246787721e-01
    1.4392500000e+05    1.0029663877e-01
    1.4400000000e+05    9.8201356283e-02
    1.4407500000e+05    1.0560520927e-01
    1.4415000000e+05    1.3483661053e-01
    1.4422500000e+05    1.7142115642e-01
    1.4430000000e+05    1.8771365655e-01
    1.4437500000e+05    1.1445492666e-01
    1.4445000000e+05    1.0895603115e-01
    1.4452500000e+05    1.0847493509e-01
    1.4460000000e+05    8.3935197997e-02
    1.4467500000e+05    7.5950697035e-02
    1.4475000000e+05    7.9385824188e-02
    1.4482500000e+05    9.4371049851e-02
    1.4490000000e+05    1.1880895518e-01
    1.4497500000e+05    8.6929825097e-02
    1.4505000000e+05    8.2762014557e-02
    1.4512500000e+05    1.5001167577e-01
    1.4520000000e+05    1.1869254915e-01
    1.4527500000e+05    1.6308470522e-01
    1.4535000000e+05    1.7591474541e-01
    1.4542500000e+05    1.4623743725e-01
    1.4550000000e+05    1.9275757839e-01
    1.4557500000e+05    1.4187115169e-01
    1.4565000000e+05    1.3557294242e-01
    1.4572500000e+05    9.0697201918e-02
    1.4580000000e+05    9.2989944583e-02
    1.4587500000e+05    1.4677135953e-01
    1.4595000000e+05    9.5888022020e-02
    1.4602500000e+05    9.3235811355e-02
    1.4610000000e+05    1.3076304643e-01
    1.4617500000e+05    8.9771793459e-02
    1.4625000000e+05    1.6151056342e-01
    1.4632500000e+05    1.1714892789e-01
    1.4640000000e+05    1.0169123599e-01
    1.4647500000e+05    1.2727857949e-01
    1.4655000000e+05    1.5065013192e-01
    1.4662500000e+05    1.8670863211e-01
    1.4670000000e+05    1.4772637152e-01
    1.4677500000e+05    1.0313577741e-01
    1.4685000000e+05    1.0035307242e-01
    1.4692500000e+05    8.5927859470e-02
    1.4700000000e+05    1.0138130624e-01
    1.4707500000e+05    9.0876639447e-02
    1.4715000000e+05    9.3674747021e-02
    1.4722500000e+05    1.4834701814e-01
    1.4730000000e+05    9.0990359815e-02
    1.4737500000e+05    1.1121641252e-01
    1.4745000000e+05    9.9992122902e-02
    1.4752500000e+05    1.8099369704e-01
    1.4760000000e+05    1.4665833679e-01
    1.4767500000e+05    2.1767205592e-01
    1.4775000000e+05    1.5144070766e-01
    1.4782500000e+05    1.3383574825e-01
    1.4790000000e+05    1.3640466259e-01
    1.4797500000e+05    1.1315248761e-01
    1.4805000000e+05    1.3642343589e-01
    1.4812500000e+05    8.0515628497e-02
    1.4820000000e+05    1.1235616867e-01
    1.4827500000e+05    8.2976697887e-02
    1.4835000000e+05    9.0140827639e-02
    1.4842500000e+05    9.7272080128e-02
    1.4850000000e+05    1.0140778751e-01
    1.4857500000e+05    1.5128022936e-01
    1.4865000000e+05    1.0261127289e-01
    1.4872500000e+05    1.2280306449e-01
    1.4880000000e+05    1.1595830485e-01
    1.4887500000e+05    1.0058723354e-01
    1.4895000000e+05    1.2364101844e-01
    1.4902500000e+05    8.7723025780e-02
    1.4910000000e+05    9.7821400315e-02
    1.4917500000e+05    1.0076380211e-01
    1.4925000000e+05    1.0446837822e-01
    1.4932500000e+05    1.1537518730e-01
    1.4940000000e+05    1.3371611345e-01
    1.4947500000e+05    2.1412543235e-01
    1.4955000000e+05    1.9113462275e-01
    1.4962500000e+05    1.5258322815e-01
    1.4970000000e+05    1.8141912978e-01
    1.4977500000e+05    1.3005405479e-01
    1.4985000000e+05    1.4031876087e-01
    1.4992500000e+05    1.2142448716e-01
    1.5000000000e+05    1.2697549624e-01
