    2.5000000000e+02    2.3036512459e-01
    5.0000000000e+02    1.5683189135e-01
    7.5000000000e+02    1.4318051691e-01
    1.0000000000e+03    1.4960679673e-01
    1.2500000000e+03    1.4939917967e-01
    1.5000000000e+03    1.2340722145e-01
    1.7500000000e+03    1.2119348522e-01
    2.0000000000e+03    1.8319800493e-01
    2.2500000000e+03    1.0531822074e-01
    2.5000000000e+03    8.4612393136e-02
    2.7500000000e+03    1.2279648122e-01
    3.0000000000e+03    8.8027348306e-02
    3.2500000000e+03    1.2471712549e-01
    3.5000000000e+03    1.2878619238e-01
    3.7500000000e+03    1.2246910546e-01
    4.0000000000e+03    1.0352159969e-01
    4.2500000000e+03    8.6682826578e-02
    4.5000000000e+03    1.4177117690e-01
    4.7500000000e+03    1.6275760848e-01
    5.0000000000e+03    9.3434146344e-02
    5.2500000000e+03    1.1891344126e-01
    5.5000000000e+03    1.0570536555e-01
    5.7500000000e+03    1.0800996852e-01
    6.0000000000e+03    1.0688981808e-01
    6.2500000000e+03    8.7816285611e-02
    6.5000000000e+03    1.0095259035e-01
    6.7500000000e+03    1.0149388104e-01
    7.0000000000e+03    1.1842458695e-01
    7.2500000000e+03    1.1178774292e-01
    7.5000000000e+03    9.3534606325e-02
    7.7500000000e+03    9.1843140522e-02
    8.0000000000e+03    9.1217434871e-02
    8.2500000000e+03    1.0755196033e-01
    8.5000000000e+03    8.4846659552e-02
    8.7500000000e+03    1.5761996591e-01
    9.0000000000e+03    9.8751585740e-02
    9.2500000000e+03    1.3110512457e-01
    9.5000000000e+03    9.7990273520e-02
    9.7500000000e+03    1.2024232955e-01
    1.0000000000e+04    1.2852214693e-01
    1.0250000000e+04    1.0066213294e-01
    1.0500000000e+04    1.0210570857e-01
    1.0750000000e+04    1.1817608926e-01
    1.1000000000e+04    9.2942547273e-02
    1.1250000000e+04    1.0163994174e-01
    1.1500000000e+04    1.0486313523e-01
    1.1750000000e+04    8.3872227249e-02
    1.2000000000e+04    9.1070768448e-02
    1.2250000000e+04    8.7630836657e-02
    1.2500000000e+04    1.2692439616e-01
    1.2750000000e+04    1.1062367525e-01
    1.3000000000e+04    9.3463274696e-02
    1.3250000000e+04    1.0055633149e-01
    1.3500000000e+04    1.2664379938e-01
    1.3750000000e+04    1.0078843401e-01
    1.4000000000e+04    9.1792050725e-02
    1.4250000000e+04    8.5282096288e-02
    1.4500000000e+04    1.8214113613e-01
    1.4750000000e+04    9.6077055860e-02
    1.5000000000e+04    1.1960133979e-01
    1.5250000000e+04    9.4483280836e-02
    1.5500000000e+04    1.0577096875e-01
    1.5750000000e+04    1.0252823225e-01
    1.6000000000e+04    7.7785717391e-02
    1.6250000000e+04    9.1215470180e-02
    1.6500000000e+04    1.1267761993e-01
    1.6750000000e+04    1.1221288724e-01
    1.7000000000e+04    7.8121632581e-02
    1.7250000000e+04    7.7226193183e-02
    1.7500000000e+04    9.9736579899e-02
    1.7750000000e+04    1.1093068732e-01
    1.8000000000e+04    1.0892747677e-01
    1.8250000000e+04    1.1135615870e-01
    1.8500000000e+04    8.8187145994e-02
    1.8750000000e+04    1.2617799739e-01
    1.9000000000e+04    1.0004549451e-01
    1.9250000000e+04    8.2738838881e-02
    1.9500000000e+04    9.5307091513e-02
    1.9750000000e+04    1.1532303586e-01
    2.0000000000e+04    9.8811639364e-02
    2.0250000000e+04    9.8340453670e-02
    2.0500000000e+04    8.5659550919e-02
    2.0750000000e+04    1.0874653396e-01
    2.1000000000e+04    1.5933291989e-01
    2.1250000000e+04    1.2749941066e-01
    2.1500000000e+04    8.2376460725e-02
    2.1750000000e+04    8.8956147012e-02
    2.2000000000e+04    9.1800348978e-02
    2.2250000000e+04    8.9951236354e-02
    2.2500000000e+04    8.3745305698e-02
    2.2750000000e+04    8.0729811480e-02
    2.3000000000e+04    1.0099957704e-01
    2.3250000000e+04    1.0207988600e-01
    2.3500000000e+04    1.0106975006e-01
    2.3750000000e+04    1.3349273345e-01
    2.4000000000e+04    1.0766394072e-01
    2.4250000000e+04    1.0310994420e-01
    2.4500000000e+04    1.2776809542e-01
    2.4750000000e+04    1.0038540961e-01
    2.5000000000e+04    1.0065997985e-01
    2.5250000000e+04    1.3414145162e-01
    2.5500000000e+04    1.2693160874e-01
    2.5750000000e+04    1.3198770123e-01
    2.6000000000e+04    1.0937368205e-01
    2.6250000000e+04    7.9131208125e-02
    2.6500000000e+04    1.0860939874e-01
    2.6750000000e+04    9.6428662051e-02
    2.7000000000e+04    9.7347560971e-02
    2.7250000000e+04    1.2044349344e-01
    2.7500000000e+04    8.7077926567e-02
    2.7750000000e+04    9.1908210933e-02
    2.8000000000e+04    1.2045857782e-01
    2.8250000000e+04    1.1935862185e-01
    2.8500000000e+04    8.8675001487e-02
    2.8750000000e+04    8.7898033737e-02
    2.9000000000e+04    8.4517549698e-02
    2.9250000000e+04    1.1767680378e-01
    2.9500000000e+04    8.3283448277e-02
    2.9750000000e+04    1.0773623227e-01
    3.0000000000e+04    7.6622586529e-02
    3.0250000000e+04    8.6982269811e-02
    3.0500000000e+04    9.2368382206e-02
    3.0750000000e+04    9.7408043388e-02
    3.1000000000e+04    1.4622332583e-01
    3.1250000000e+04    9.6139020778e-02
    3.1500000000e+04    1.8310140392e-01
    3.1750000000e+04    9.2046839798e-02
    3.2000000000e+04    8.3763542301e-02
    3.2250000000e+04    8.5517410556e-02
    3.2500000000e+04    1.1095195698e-01
    3.2750000000e+04    8.5668354494e-02
    3.3000000000e+04    1.2144127762e-01
    3.3250000000e+04    1.0819924585e-01
    3.3500000000e+04    8.4487659779e-02
    3.3750000000e+04    1.0532877177e-01
    3.4000000000e+04    9.0932896145e-02
    3.4250000000e+04    1.0143886680e-01
    3.4500000000e+04    8.8166970496e-02
    3.4750000000e+04    9.0044285809e-02
    3.5000000000e+04    1.0397380630e-01
    3.5250000000e+04    9.9326124837e-02
    3.5500000000e+04    1.3317115905e-01
    3.5750000000e+04    9.0274003576e-02
    3.6000000000e+04    1.1041804363e-01
    3.6250000000e+04    8.5803525656e-02
    3.6500000000e+04    1.1269100112e-01
    3.6750000000e+04    1.7776208091e-01
    3.7000000000e+04    8.7361562347e-02
    3.7250000000e+04    1.2778354804e-01
    3.7500000000e+04    9.1458185038e-02
    3.7750000000e+04    8.4991686261e-02
    3.8000000000e+04    1.1429918307e-01
    3.8250000000e+04    9.2729922390e-02
    3.8500000000e+04    8.7696279070e-02
    3.8750000000e+04    9.8080945917e-02
    3.9000000000e+04    1.0307984282e-01
    3.9250000000e+04    9.7978781658e-02
    3.9500000000e+04    8.3736142173e-02
    3.9750000000e+04    9.5157714587e-02
    4.0000000000e+04    9.4839172255e-02
    4.0250000000e+04    1.2694812448e-01
    4.0500000000e+04    8.8250848153e-02
    4.0750000000e+04    9.4303215289e-02
    4.1000000000e+04    9.2765517825e-02
    4.1250000000e+04    1.0712654005e-01
    4.1500000000e+04    1.0231464710e-01
    4.1750000000e+04    1.3373257915e-01
    4.2000000000e+04    8.3005436958e-02
    4.2250000000e+04    1.4934356386e-01
    4.2500000000e+04    1.2747558232e-01
    4.2750000000e+04    8.6221645517e-02
    4.3000000000e+04    9.8843006781e-02
    4.3250000000e+04    7.0559767583e-02
    4.3500000000e+04    9.3828279751e-02
    4.3750000000e+04    1.0043005960e-01
    4.4000000000e+04    8.7256850929e-02
    4.4250000000e+04    8.9323950270e-02
    4.4500000000e+04    9.6864120044e-02
    4.4750000000e+04    8.8657584888e-02
    4.5000000000e+04    9.9404715675e-02
    4.5250000000e+04    1.1494461226e-01
    4.5500000000e+04    1.9302622224e-01
    4.5750000000e+04    1.0219118580e-01
    4.6000000000e+04    8.0893550425e-02
    4.6250000000e+04    8.0750932618e-02
    4.6500000000e+04    1.2437106754e-01
    4.6750000000e+04    9.7898563963e-02
    4.7000000000e+04    1.0705733413e-01
    4.7250000000e+04    8.1069855359e-02
    4.7500000000e+04    1.4517557865e-01
    4.7750000000e+04    9.6775373140e-02
    4.8000000000e+04    9.3651415399e-02
    4.8250000000e+04    1.2303020999e-01
    4.8500000000e+04    9.2694722452e-02
    4.8750000000e+04    8.5238430332e-02
    4.9000000000e+04    9.5685532398e-02
    4.9250000000e+04    1.0270374935e-01
    4.9500000000e+04    1.4918466513e-01
    4.9750000000e+04    9.1043086300e-02
    5.0000000000e+04    8.2367815624e-02
    5.0250000000e+04    9.8996212888e-02
    5.0500000000e+04    1.0855367018e-01
    5.0750000000e+04    1.2706382774e-01
    5.1000000000e+04    1.5111296868e-01
    5.1250000000e+04    7.8500232397e-02
    5.1500000000e+04    1.1078231089e-01
    5.1750000000e+04    1.2077709276e-01
    5.2000000000e+04    1.0038042448e-01
    5.2250000000e+04    1.1889760115e-01
    5.2500000000e+04    9.3839455927e-02
    5.2750000000e+04    8.9863921076e-02
    5.3000000000e+04    9.5694620297e-02
    5.3250000000e+04    9.6903253462e-02
    5.3500000000e+04    1.6867653448e-01
    5.3750000000e+04    1.1229513925e-01
    5.4000000000e+04    1.3028117561e-01
    5.4250000000e+04    2.4732292724e-01
    5.4500000000e+04    9.0586505314e-02
    5.4750000000e+04    7.5073941071e-02
    5.5000000000e+04    8.9378908985e-02
    5.5250000000e+04    1.1550537948e-01
    5.5500000000e+04    8.8852459517e-02
    5.5750000000e+04    8.2215187231e-02
    5.6000000000e+04    9.7691497338e-02
    5.6250000000e+04    8.8163762959e-02
    5.6500000000e+04    1.4017070169e-01
    5.6750000000e+04    7.6351712424e-02
    5.7000000000e+04    9.7325683539e-02
    5.7250000000e+04    1.0442795696e-01
    5.7500000000e+04    1.0420939145e-01
    5.7750000000e+04    8.1134418757e-02
    5.8000000000e+04    9.5840163663e-02
    5.8250000000e+04    1.5064577460e-01
    5.8500000000e+04    8.9005271528e-02
    5.8750000000e+04    9.6275923932e-02
    5.9000000000e+04    1.1035241077e-01
    5.9250000000e+04    8.8355198041e-02
    5.9500000000e+04    1.2363282287e-01
    5.9750000000e+04    1.0461065200e-01
    6.0000000000e+04    9.1030987634e-02
    6.0250000000e+04    8.4952629605e-02
    6.0500000000e+04    1.1721521533e-01
    6.0750000000e+04    7.6712565698e-02
    6.1000000000e+04    1.2119432635e-01
    6.1250000000e+04    1.0043008605e-01
    6.1500000000e+04    1.0561678073e-01
    6.1750000000e+04    1.3564933548e-01
    6.2000000000e+04    9.5786558463e-02
    6.2250000000e+04    1.1678627366e-01
    6.2500000000e+04    7.7996253304e-02
    6.2750000000e+04    1.0988242815e-01
    6.3000000000e+04    7.8526613848e-02
    6.3250000000e+04    8.8654218862e-02
    6.3500000000e+04    1.0393237896e-01
    6.3750000000e+04    1.2674963299e-01
    6.4000000000e+04    9.1932634001e-02
    6.4250000000e+04    1.3226857277e-01
    6.4500000000e+04    8.7186828342e-02
    6.4750000000e+04    9.0211210691e-02
    6.5000000000e+04    1.2919406208e-01
    6.5250000000e+04    1.2652995981e-01
    6.5500000000e+04    8.5792321050e-02
    6.5750000000e+04    1.1035042795e-01
    6.6000000000e+04    1.0240631418e-01
    6.6250000000e+04    9.6682905528e-02
    6.6500000000e+04    1.6358841847e-01
    6.6750000000e+04    1.2326827196e-01
    6.7000000000e+04    1.0616869221e-01
    6.7250000000e+04    9.0276949610e-02
    6.7500000000e+04    9.3699390423e-02
    6.7750000000e+04    1.0190560438e-01
    6.8000000000e+04    1.6278315233e-01
    6.8250000000e+04    1.0105553721e-01
    6.8500000000e+04    9.7339256399e-02
    6.8750000000e+04    1.4284720305e-01
    6.9000000000e+04    1.0404586059e-01
    6.9250000000e+04    1.0386112489e-01
    6.9500000000e+04    1.2408545811e-01
    6.9750000000e+04    9.3200707607e-02
    7.0000000000e+04    6.9756143564e-02
    7.0250000000e+04    1.0800337584e-01
    7.0500000000e+04    1.0244553445e-01
    7.0750000000e+04    9.1681894697e-02
    7.1000000000e+04    8.0392592065e-02
    7.1250000000e+04    9.2504193579e-02
    7.1500000000e+04    1.0952614521e-01
    7.1750000000e+04    9.3712581520e-02
    7.2000000000e+04    1.0242929549e-01
    7.2250000000e+04    8.7911116205e-02
    7.2500000000e+04    9.4238162234e-02
    7.2750000000e+04    1.0906107064e-01
    7.3000000000e+04    9.6806709228e-02
    7.3250000000e+04    9.6989549874e-02
    7.3500000000e+04    1.4495447977e-01
    7.3750000000e+04    1.0327091275e-01
    7.4000000000e+04    8.3695543442e-02
    7.4250000000e+04    1.0079882470e-01
    7.4500000000e+04    1.0180295966e-01
    7.4750000000e+04    9.4098359646e-02
    7.5000000000e+04    7.9994687540e-02
    7.5250000000e+04    8.7318647109e-02
    7.5500000000e+04    9.5192235374e-02
    7.5750000000e+04    9.5505566751e-02
    7.6000000000e+04    1.4717883858e-01
    7.6250000000e+04    9.8553987625e-02
    7.6500000000e+04    1.0309356766e-01
    7.6750000000e+04    9.5156226896e-02
    7.7000000000e+04    1.0034822178e-01
    7.7250000000e+04    1.0292451243e-01
    7.7500000000e+04    7.5029255227e-02
    7.7750000000e+04    9.2797368969e-02
    7.8000000000e+04    9.6844543295e-02
    7.8250000000e+04    8.6195350022e-02
    7.8500000000e+04    1.2602240386e-01
    7.8750000000e+04    1.1128073855e-01
    7.9000000000e+04    8.3637912116e-02
    7.9250000000e+04    7.6941625448e-02
    7.9500000000e+04    9.6708462978e-02
    7.9750000000e+04    1.0093673450e-01
    8.0000000000e+04    8.5450774886e-02
    8.0250000000e+04    8.6813894140e-02
    8.0500000000e+04    8.9053523826e-02
    8.0750000000e+04    9.2120796196e-02
    8.1000000000e+04    1.0388644433e-01
    8.1250000000e+04    1.1341261224e-01
    8.1500000000e+04    9.5383652735e-02
    8.1750000000e+04    8.4185890299e-02
    8.2000000000e+04    1.2132536113e-01
    8.2250000000e+04    8.5356500950e-02
    8.2500000000e+04    9.1168507529e-02
    8.2750000000e+04    7.3149062570e-02
    8.3000000000e+04    1.1324126797e-01
    8.3250000000e+04    9.9422453098e-02
    8.3500000000e+04    8.8501182602e-02
    8.3750000000e+04    1.0087220005e-01
    8.4000000000e+04    8.7848780033e-02
    8.4250000000e+04    1.2685888242e-01
    8.4500000000e+04    1.1393513950e-01
    8.4750000000e+04    1.0322820951e-01
    8.5000000000e+04    1.2430321586e-01
    8.5250000000e+04    9.2762938798e-02
    8.5500000000e+04    8.5802699627e-02
    8.5750000000e+04    1.3169515875e-01
    8.6000000000e+04    1.4641447479e-01
    8.6250000000e+04    1.4088495310e-01
    8.6500000000e+04    1.0832923003e-01
    8.6750000000e+04    9.6273959048e-02
    8.7000000000e+04    7.6352815091e-02
    8.7250000000e+04    1.0122538880e-01
    8.7500000000e+04    1.4170931508e-01
    8.7750000000e+04    9.1091271415e-02
    8.8000000000e+04    1.1731602192e-01
    8.8250000000e+04    9.0906783496e-02
    8.8500000000e+04    8.9274564011e-02
    8.8750000000e+04    1.0997729116e-01
    8.9000000000e+04    8.8031411965e-02
    8.9250000000e+04    1.2459190773e-01
    8.9500000000e+04    1.1441813529e-01
    8.9750000000e+04    1.1068181576e-01
    9.0000000000e+04    8.0660473776e-02
    9.0250000000e+04    1.1245156159e-01
    9.0500000000e+04    1.8325826010e-01
    9.0750000000e+04    9.2686188984e-02
    9.1000000000e+04    7.5265344399e-02
    9.1250000000e+04    9.7221868320e-02
    9.1500000000e+04    1.1443165247e-01
    9.1750000000e+04    1.0303127656e-01
    9.2000000000e+04    1.6156897763e-01
    9.2250000000e+04    8.9389238916e-02
    9.2500000000e+04    1.3903855935e-01
    9.2750000000e+04    1.0276420539e-01
    9.3000000000e+04    9.1790750100e-02
    9.3250000000e+04    9.4004129348e-02
    9.3500000000e+04    8.5924525094e-02
    9.3750000000e+04    9.6848636090e-02
    9.4000000000e+04    9.6715266806e-02
    9.4250000000e+04    1.0671047134e-01
    9.4500000000e+04    1.3061238037e-01
    9.4750000000e+04    1.0431641494e-01
    9.5000000000e+04    1.8330784576e-01
    9.5250000000e+04    9.4840329027e-02
    9.5500000000e+04    1.3676631902e-01
    9.5750000000e+04    1.1755782329e-01
    9.6000000000e+04    1.0150029684e-01
    9.6250000000e+04    1.0282745019e-01
    9.6500000000e+04    8.4953467469e-02
    9.6750000000e+04    7.2554854408e-02
    9.7000000000e+04    1.0670575867e-01
    9.7250000000e+04    1.1428969255e-01
    9.7500000000e+04    1.0782871952e-01
    9.7750000000e+04    8.6670907495e-02
    9.8000000000e+04    8.7282465546e-02
    9.8250000000e+04    1.4931140369e-01
    9.8500000000e+04    8.4711108605e-02
    9.8750000000e+04    9.2259649177e-02
    9.9000000000e+04    1.0116144427e-01
    9.9250000000e+04    2.0139290375e-01
    9.9500000000e+04    1.3812058014e-01
    9.9750000000e+04    1.0433590220e-01
    1.0000000000e+05    1.1936262752e-01
    1.0025000000e+05    1.9831145936e-01
    1.0050000000e+05    1.1402146200e-01
    1.0075000000e+05    1.2391848762e-01
    1.0100000000e+05    1.3171502402e-01
    1.0125000000e+05    9.6102325564e-02
    1.0150000000e+05    9.2312040614e-02
    1.0175000000e+05    9.7966466575e-02
    1.0200000000e+05    1.0984607697e-01
    1.0225000000e+05    1.0012036451e-01
    1.0250000000e+05    8.8034486155e-02
    1.0275000000e+05    9.0310152490e-02
    1.0300000000e+05    1.0348265122e-01
    1.0325000000e+05    8.1135446952e-02
    1.0350000000e+05    1.0678401987e-01
    1.0375000000e+05    7.7361888775e-02
    1.0400000000e+05    1.1493709607e-01
    1.0425000000e+05    8.7113450125e-02
    1.0450000000e+05    6.9608763639e-02
    1.0475000000e+05    1.1062846265e-01
    1.0500000000e+05    9.7399017963e-02
    1.0525000000e+05    1.0066731727e-01
    1.0550000000e+05    9.8833643688e-02
    1.0575000000e+05    8.0626923939e-02
    1.0600000000e+05    1.1135265406e-01
    1.0625000000e+05    8.7629782914e-02
    1.0650000000e+05    8.1688058127e-02
    1.0675000000e+05    1.5222660531e-01
    1.0700000000e+05    9.9200645166e-02
    1.0725000000e+05    1.1804097938e-01
    1.0750000000e+05    9.1580463206e-02
    1.0775000000e+05    1.0537694451e-01
    1.0800000000e+05    9.3558540863e-02
    1.0825000000e+05    9.3410375221e-02
    1.0850000000e+05    1.4699012207e-01
    1.0875000000e+05    1.0821362686e-01
    1.0900000000e+05    9.4432763420e-02
    1.0925000000e+05    9.4730456157e-02
    1.0950000000e+05    8.4877312072e-02
    1.0975000000e+05    8.4058444398e-02
    1.1000000000e+05    9.0826565627e-02
    1.1025000000e+05    1.0610794077e-01
    1.1050000000e+05    1.0949855180e-01
    1.1075000000e+05    1.0395077117e-01
    1.1100000000e+05    1.0646001139e-01
    1.1125000000e+05    8.2490458847e-02
    1.1150000000e+05    8.2456483306e-02
    1.1175000000e+05    9.4357811506e-02
    1.1200000000e+05    9.3083673151e-02
    1.1225000000e+05    7.7409403199e-02
    1.1250000000e+05    8.8447921936e-02
    1.1275000000e+05    8.2954484627e-02
    1.1300000000e+05    9.6102953084e-02
    1.1325000000e+05    1.0015725283e-01
    1.1350000000e+05    8.7670609319e-02
    1.1375000000e+05    9.3202805104e-02
    1.1400000000e+05    9.7757466945e-02
    1.1425000000e+05    8.7058982935e-02
    1.1450000000e+05    7.8934863685e-02
    1.1475000000e+05    7.5245572414e-02
    1.1500000000e+05    9.2813103611e-02
    1.1525000000e+05    9.9802368922e-02
    1.1550000000e+05    1.0995519665e-01
    1.1575000000e+05    8.9332137134e-02
    1.1600000000e+05    7.9153835568e-02
    1.1625000000e+05    8.9300060761e-02
    1.1650000000e+05    7.7738305171e-02
    1.1675000000e+05    1.3065968763e-01
    1.1700000000e+05    1.1544225811e-01
    1.1725000000e+05    7.5005847118e-02
    1.1750000000e+05    8.7522916361e-02
    1.1775000000e+05    1.0212460824e-01
    1.1800000000e+05    7.7199664241e-02
    1.1825000000e+05    8.6020328824e-02
    1.1850000000e+05    8.2121744775e-02
    1.1875000000e+05    1.2774474231e-01
    1.1900000000e+05    9.6971363502e-02
    1.1925000000e+05    9.8661048153e-02
    1.1950000000e+05    8.0778646311e-02
    1.1975000000e+05    8.2887784382e-02
    1.2000000000e+05    1.0055593250e-01
    1.2025000000e+05    8.5003665605e-02
    1.2050000000e+05    9.1747901615e-02
    1.2075000000e+05    9.7527413909e-02
    1.2100000000e+05    9.2099190226e-02
    1.2125000000e+05    1.2543890472e-01
    1.2150000000e+05    8.1796420686e-02
    1.2175000000e+05    8.0901264156e-02
    1.2200000000e+05    9.5694848329e-02
    1.2225000000e+05    1.1617739770e-01
    1.2250000000e+05    1.0637137052e-01
    1.2275000000e+05    9.5192872626e-02
    1.2300000000e+05    8.7263631454e-02
    1.2325000000e+05    1.0971414848e-01
    1.2350000000e+05    1.5369179972e-01
    1.2375000000e+05    8.4456725354e-02
    1.2400000000e+05    1.5411358951e-01
    1.2425000000e+05    8.4335287772e-02
    1.2450000000e+05    1.1714345310e-01
    1.2475000000e+05    1.3977590431e-01
    1.2500000000e+05    8.7998562953e-02
    1.2525000000e+05    8.5963720265e-02
    1.2550000000e+05    9.9722649784e-02
    1.2575000000e+05    7.9708348005e-02
    1.2600000000e+05    9.5401286875e-02
    1.2625000000e+05    1.1004474682e-01
    1.2650000000e+05    9.8759337023e-02
    1.2675000000e+05    1.0846789424e-01
    1.2700000000e+05    9.7002536959e-02
    1.2725000000e+05    9.6296196119e-02
    1.2750000000e+05    8.1066389910e-02
    1.2775000000e+05    9.3337119427e-02
    1.2800000000e+05    9.9229081669e-02
    1.2825000000e+05    9.7679382966e-02
    1.2850000000e+05    8.0793393706e-02
    1.2875000000e+05    8.3979277942e-02
    1.2900000000e+05    1.0380322895e-01
    1.2925000000e+05    1.0136560456e-01
    1.2950000000e+05    9.6802069952e-02
    1.2975000000e+05    8.6646498552e-02
    1.3000000000e+05    1.1221579228e-01
    1.3025000000e+05    9.0275178573e-02
    1.3050000000e+05    8.2727996033e-02
    1.3075000000e+05    9.6666012567e-02
    1.3100000000e+05    8.7737514448e-02
    1.3125000000e+05    1.0659862696e-01
    1.3150000000e+05    9.1853649170e-02
    1.3175000000e+05    1.0375111109e-01
    1.3200000000e+05    8.9777808295e-02
    1.3225000000e+05    9.0244330499e-02
    1.3250000000e+05    9.2231061133e-02
    1.3275000000e+05    8.4553570581e-02
    1.3300000000e+05    9.6233657384e-02
    1.3325000000e+05    1.2610571581e-01
    1.3350000000e+05    1.5424754367e-01
    1.3375000000e+05    8.2160292603e-02
    1.3400000000e+05    8.6850332426e-02
    1.3425000000e+05    1.3129980388e-01
    1.3450000000e+05    1.7394270972e-01
    1.3475000000e+05    8.0178219009e-02
    1.3500000000e+05    1.7008629529e-01
    1.3525000000e+05    1.0423938827e-01
    1.3550000000e+05    1.1654204406e-01
    1.3575000000e+05    8.9169856614e-02
    1.3600000000e+05    9.5279812947e-02
    1.3625000000e+05    1.5942858206e-01
    1.3650000000e+05    1.1629718504e-01
    1.3675000000e+05    9.8683351055e-02
    1.3700000000e+05    9.0884070787e-02
    1.3725000000e+05    7.3661426638e-02
    1.3750000000e+05    9.8989340835e-02
    1.3775000000e+05    8.9858890329e-02
    1.3800000000e+05    1.0154718094e-01
    1.3825000000e+05    1.0771725535e-01
    1.3850000000e+05    8.7307405342e-02
    1.3875000000e+05    8.9954117680e-02
    1.3900000000e+05    9.5837918571e-02
    1.3925000000e+05    8.4689958216e-02
    1.3950000000e+05    9.9512184350e-02
    1.3975000000e+05    8.6954733159e-02
    1.4000000000e+05    8.1008184202e-02
    1.4025000000e+05    8.0431635881e-02
    1.4050000000e+05    7.1023074065e-02
    1.4075000000e+05    1.0382728857e-01
    1.4100000000e+05    6.6594063082e-02
    1.4125000000e+05    1.0149543477e-01
    1.4150000000e+05    8.2817430293e-02
    1.4175000000e+05    8.1059031502e-02
    1.4200000000e+05    1.0095714065e-01
    1.4225000000e+05    8.2393963296e-02
    1.4250000000e+05    1.0006413590e-01
    1.4275000000e+05    1.0565917897e-01
    1.4300000000e+05    1.0995839987e-01
    1.4325000000e+05    8.3088862136e-02
    1.4350000000e+05    8.4756146340e-02
    1.4375000000e+05    9.9471575214e-02
    1.4400000000e+05    1.1777383477e-01
    1.4425000000e+05    1.0472791612e-01
    1.4450000000e+05    8.5745508753e-02
    1.4475000000e+05    9.4916656602e-02
    1.4500000000e+05    1.0228780746e-01
    1.4525000000e+05    1.0103911256e-01
    1.4550000000e+05    9.4171885968e-02
    1.4575000000e+05    9.6563350390e-02
    1.4600000000e+05    1.1006768159e-01
    1.4625000000e+05    8.4879153698e-02
    1.4650000000e+05    8.9762694328e-02
    1.4675000000e+05    1.4399344523e-01
    1.4700000000e+05    1.0646298235e-01
    1.4725000000e+05    8.2453228835e-02
    1.4750000000e+05    1.3522550694e-01
    1.4775000000e+05    9.6029511463e-02
    1.4800000000e+05    1.6663529131e-01
    1.4825000000e+05    1.1431622401e-01
    1.4850000000e+05    9.0680674852e-02
    1.4875000000e+05    8.6320458663e-02
    1.4900000000e+05    8.7710934809e-02
    1.4925000000e+05    8.6760651633e-02
    1.4950000000e+05    9.0202182424e-02
    1.4975000000e+05    8.1498455604e-02
    1.5000000000e+05    9.5796198823e-02
    1.5025000000e+05    1.2692171237e-01
    1.5050000000e+05    1.4590242310e-01
    1.5075000000e+05    8.7828785104e-02
    1.5100000000e+05    8.1826326810e-02
    1.5125000000e+05    8.8156455782e-02
    1.5150000000e+05    9.8300917510e-02
    1.5175000000e+05    8.6725108238e-02
    1.5200000000e+05    1.0044179416e-01
    1.5225000000e+05    1.3045345367e-01
    1.5250000000e+05    7.9897320786e-02
    1.5275000000e+05    9.4683758242e-02
    1.5300000000e+05    8.4633497363e-02
    1.5325000000e+05    1.1081958042e-01
    1.5350000000e+05    7.8393760952e-02
    1.5375000000e+05    8.6088435624e-02
    1.5400000000e+05    1.0657072622e-01
    1.5425000000e+05    9.2753655585e-02
    1.5450000000e+05    7.9898709824e-02
    1.5475000000e+05    9.5390558728e-02
    1.5500000000e+05    1.2127330864e-01
    1.5525000000e+05    1.0949184005e-01
    1.5550000000e+05    8.9405355043e-02
    1.5575000000e+05    1.3493986654e-01
    1.5600000000e+05    8.4806637375e-02
    1.5625000000e+05    9.4229188602e-02
    1.5650000000e+05    9.1474462075e-02
    1.5675000000e+05    1.0679449234e-01
    1.5700000000e+05    8.3865624937e-02
    1.5725000000e+05    8.9507786214e-02
    1.5750000000e+05    8.4548756539e-02
    1.5775000000e+05    1.2010629200e-01
    1.5800000000e+05    9.1195556334e-02
    1.5825000000e+05    1.0096837610e-01
    1.5850000000e+05    1.1038131371e-01
    1.5875000000e+05    1.0920870145e-01
    1.5900000000e+05    8.1336247880e-02
    1.5925000000e+05    1.0943126674e-01
    1.5950000000e+05    1.2688588417e-01
    1.5975000000e+05    1.1515303662e-01
    1.6000000000e+05    1.0832112142e-01
    1.6025000000e+05    1.0858833487e-01
    1.6050000000e+05    1.3771854223e-01
    1.6075000000e+05    1.6529745138e-01
    1.6100000000e+05    9.9082906288e-02
    1.6125000000e+05    7.7865516709e-02
    1.6150000000e+05    9.9469255294e-02
    1.6175000000e+05    7.3181719150e-02
    1.6200000000e+05    9.1535974169e-02
    1.6225000000e+05    1.2289799922e-01
    1.6250000000e+05    1.0895059435e-01
    1.6275000000e+05    8.5764291748e-02
    1.6300000000e+05    1.1146610592e-01
    1.6325000000e+05    1.4056645050e-01
    1.6350000000e+05    1.6337308309e-01
    1.6375000000e+05    8.6810706784e-02
    1.6400000000e+05    8.3004178055e-02
    1.6425000000e+05    1.1017344507e-01
    1.6450000000e+05    1.0611116934e-01
    1.6475000000e+05    8.2558831699e-02
    1.6500000000e+05    8.4639611182e-02
    1.6525000000e+05    8.5125491486e-02
    1.6550000000e+05    1.0342608607e-01
    1.6575000000e+05    1.0464832770e-01
    1.6600000000e+05    1.1938519409e-01
    1.6625000000e+05    9.8334035646e-02
    1.6650000000e+05    8.8900464778e-02
    1.6675000000e+05    1.1808952890e-01
    1.6700000000e+05    8.9569649822e-02
    1.6725000000e+05    1.0060787668e-01
    1.6750000000e+05    1.0195195507e-01
    1.6775000000e+05    9.8910278409e-02
    1.6800000000e+05    9.1520514425e-02
    1.6825000000e+05    1.0368399591e-01
    1.6850000000e+05    8.8793956183e-02
    1.6875000000e+05    1.3203703467e-01
    1.6900000000e+05    7.8571075749e-02
    1.6925000000e+05    1.2420680616e-01
    1.6950000000e+05    1.0287684606e-01
    1.6975000000e+05    8.6203768751e-02
    1.7000000000e+05    8.9373007208e-02
    1.7025000000e+05    1.0973642530e-01
    1.7050000000e+05    1.0398498566e-01
    1.7075000000e+05    9.3497509783e-02
    1.7100000000e+05    9.7168439087e-02
    1.7125000000e+05    2.2681469652e-01
    1.7150000000e+05    8.3373678058e-02
    1.7175000000e+05    7.5018248085e-02
    1.7200000000e+05    1.0806781359e-01
    1.7225000000e+05    1.0091380464e-01
    1.7250000000e+05    9.3636633834e-02
    1.7275000000e+05    1.0159529731e-01
    1.7300000000e+05    8.4581044806e-02
    1.7325000000e+05    1.0926617834e-01
    1.7350000000e+05    6.9847942986e-02
    1.7375000000e+05    7.4782078562e-02
    1.7400000000e+05    1.0864781037e-01
    1.7425000000e+05    1.1451976168e-01
    1.7450000000e+05    9.6627189250e-02
    1.7475000000e+05    1.3037947102e-01
    1.7500000000e+05    9.7936829142e-02
    1.7525000000e+05    8.0349788703e-02
    1.7550000000e+05    1.3543302474e-01
    1.7575000000e+05    1.5059628200e-01
    1.7600000000e+05    1.4014745126e-01
    1.7625000000e+05    8.2669810435e-02
    1.7650000000e+05    9.7472057346e-02
    1.7675000000e+05    8.9622315054e-02
    1.7700000000e+05    1.0318994496e-01
    1.7725000000e+05    1.0279733665e-01
    1.7750000000e+05    9.3491558408e-02
    1.7775000000e+05    9.4526679370e-02
    1.7800000000e+05    1.0248487198e-01
    1.7825000000e+05    1.0437107210e-01
    1.7850000000e+05    7.1647513619e-02
    1.7875000000e+05    1.1582222064e-01
    1.7900000000e+05    8.6126670459e-02
    1.7925000000e+05    9.0832421743e-02
    1.7950000000e+05    1.0085833976e-01
    1.7975000000e+05    9.7665454919e-02
    1.8000000000e+05    1.0924030924e-01
    1.8025000000e+05    8.5407297140e-02
    1.8050000000e+05    8.5362567391e-02
    1.8075000000e+05    1.0003084351e-01
    1.8100000000e+05    7.7820397187e-02
    1.8125000000e+05    9.6992802792e-02
    1.8150000000e+05    1.1445578325e-01
    1.8175000000e+05    8.8037547485e-02
    1.8200000000e+05    9.0125431312e-02
    1.8225000000e+05    8.8593557630e-02
    1.8250000000e+05    1.0598602576e-01
    1.8275000000e+05    1.2454879153e-01
    1.8300000000e+05    1.0797502389e-01
    1.8325000000e+05    1.0931104544e-01
    1.8350000000e+05    9.0863852588e-02
    1.8375000000e+05    1.0741836097e-01
    1.8400000000e+05    1.1637113591e-01
    1.8425000000e+05    8.3084487911e-02
    1.8450000000e+05    1.0385037673e-01
    1.8475000000e+05    1.0655466012e-01
    1.8500000000e+05    9.7941818623e-02
    1.8525000000e+05    1.2385729855e-01
    1.8550000000e+05    8.0568448008e-02
    1.8575000000e+05    1.0138055006e-01
    1.8600000000e+05    9.4212052001e-02
    1.8625000000e+05    7.6814320375e-02
    1.8650000000e+05    9.2444812063e-02
    1.8675000000e+05    9.8627676548e-02
    1.8700000000e+05    8.4340875401e-02
    1.8725000000e+05    1.2538029135e-01
    1.8750000000e+05    8.4289669175e-02
    1.8775000000e+05    7.7713808045e-02
    1.8800000000e+05    8.9095078198e-02
    1.8825000000e+05    1.0677480870e-01
    1.8850000000e+05    8.4565833412e-02
    1.8875000000e+05    9.1646011824e-02
    1.8900000000e+05    1.0333658585e-01
    1.8925000000e+05    9.3116560251e-02
    1.8950000000e+05    9.3499571486e-02
    1.8975000000e+05    9.6994559656e-02
    1.9000000000e+05    9.2528265421e-02
    1.9025000000e+05    9.7902366025e-02
    1.9050000000e+05    9.3615925273e-02
    1.9075000000e+05    9.4250896237e-02
    1.9100000000e+05    9.2588099094e-02
    1.9125000000e+05    1.1324725770e-01
    1.9150000000e+05    1.0250514401e-01
    1.9175000000e+05    9.5075764797e-02
    1.9200000000e+05    1.3233965532e-01
    1.9225000000e+05    8.4305594746e-02
    1.9250000000e+05    9.2163361680e-02
    1.9275000000e+05    1.5703797045e-01
    1.9300000000e+05    1.2102725149e-01
    1.9325000000e+05    9.6333585047e-02
    1.9350000000e+05    9.3671339786e-02
    1.9375000000e+05    1.5026335013e-01
    1.9400000000e+05    1.9895898037e-01
    1.9425000000e+05    1.0528678783e-01
    1.9450000000e+05    8.9465037377e-02
    1.9475000000e+05    1.0074563545e-01
    1.9500000000e+05    9.7392205340e-02
    1.9525000000e+05    7.9352219393e-02
    1.9550000000e+05    1.0708864697e-01
    1.9575000000e+05    1.6283400396e-01
    1.9600000000e+05    8.6043805950e-02
    1.9625000000e+05    1.0794222595e-01
    1.9650000000e+05    1.9183935493e-01
    1.9675000000e+05    9.7198446663e-02
    1.9700000000e+05    1.1897602455e-01
    1.9725000000e+05    8.3491840326e-02
    1.9750000000e+05    1.0300862308e-01
    1.9775000000e+05    1.0696416953e-01
    1.9800000000e+05    9.1998273259e-02
    1.9825000000e+05    7.9427889215e-02
    1.9850000000e+05    1.0408543603e-01
    1.9875000000e+05    1.1623322270e-01
    1.9900000000e+05    8.7678722471e-02
    1.9925000000e+05    1.1048828612e-01
    1.9950000000e+05    1.1561463844e-01
    1.9975000000e+05    9.1640464722e-02
    2.0000000000e+05    1.0766103073e-01
    2.0025000000e+05    8.3335839419e-02
    2.0050000000e+05    1.0914873519e-01
    2.0075000000e+05    8.1993501644e-02
    2.0100000000e+05    9.4163489372e-02
    2.0125000000e+05    9.0367628557e-02
    2.0150000000e+05    8.8272213747e-02
    2.0175000000e+05    8.2909153430e-02
    2.0200000000e+05    8.9933746023e-02
    2.0225000000e+05    8.6945696581e-02
    2.0250000000e+05    1.0946067402e-01
    2.0275000000e+05    7.6575824846e-02
    2.0300000000e+05    7.7992727507e-02
    2.0325000000e+05    7.5511112918e-02
    2.0350000000e+05    1.2151734699e-01
    2.0375000000e+05    1.2227390084e-01
    2.0400000000e+05    1.2023897232e-01
    2.0425000000e+05    8.5347260738e-02
    2.0450000000e+05    1.0082262427e-01
    2.0475000000e+05    9.0936399882e-02
    2.0500000000e+05    1.2243308097e-01
    2.0525000000e+05    9.2666561872e-02
    2.0550000000e+05    1.0630293537e-01
    2.0575000000e+05    1.6083472484e-01
    2.0600000000e+05    8.9416242277e-02
    2.0625000000e+05    9.8300944383e-02
    2.0650000000e+05    9.9116752601e-02
    2.0675000000e+05    7.9434488407e-02
    2.0700000000e+05    8.4043210183e-02
    2.0725000000e+05    9.8978469615e-02
    2.0750000000e+05    1.2033405253e-01
    2.0775000000e+05    9.7142346241e-02
    2.0800000000e+05    8.0910547466e-02
    2.0825000000e+05    9.2578520949e-02
    2.0850000000e+05    1.0416306323e-01
    2.0875000000e+05    9.3511761980e-02
    2.0900000000e+05    8.6985039682e-02
    2.0925000000e+05    9.2697310549e-02
    2.0950000000e+05    1.6933143129e-01
    2.0975000000e+05    8.7633075033e-02
    2.1000000000e+05    9.1802100744e-02
    2.1025000000e+05    8.3989347566e-02
    2.1050000000e+05    9.3053288423e-02
    2.1075000000e+05    9.3542559199e-02
    2.1100000000e+05    1.1910272212e-01
    2.1125000000e+05    9.0909132435e-02
    2.1150000000e+05    1.0147595026e-01
    2.1175000000e+05    9.6994597247e-02
    2.1200000000e+05    1.0481775463e-01
    2.1225000000e+05    9.4722512458e-02
    2.1250000000e+05    1.2927268459e-01
    2.1275000000e+05    7.2470936921e-02
    2.1300000000e+05    8.5640910372e-02
    2.1325000000e+05    1.0032545412e-01
    2.1350000000e+05    9.3819510507e-02
    2.1375000000e+05    1.1757968268e-01
    2.1400000000e+05    1.0406449769e-01
    2.1425000000e+05    1.2059915410e-01
    2.1450000000e+05    1.0466458402e-01
    2.1475000000e+05    8.8273185924e-02
    2.1500000000e+05    1.0354814024e-01
    2.1525000000e+05    1.0148997488e-01
    2.1550000000e+05    1.2585803528e-01
    2.1575000000e+05    8.5024576340e-02
    2.1600000000e+05    8.8789281331e-02
    2.1625000000e+05    9.5636209816e-02
    2.1650000000e+05    7.8637119995e-02
    2.1675000000e+05    9.6097081966e-02
    2.1700000000e+05    9.7070261953e-02
    2.1725000000e+05    7.8976512563e-02
    2.1750000000e+05    9.5048690790e-02
    2.1775000000e+05    7.7566835521e-02
    2.1800000000e+05    1.7580688983e-01
    2.1825000000e+05    1.9565683076e-01
    2.1850000000e+05    7.2869802737e-02
    2.1875000000e+05    8.2816394760e-02
    2.1900000000e+05    1.1799270502e-01
    2.1925000000e+05    8.8092319649e-02
    2.1950000000e+05    8.9058785736e-02
    2.1975000000e+05    1.0543914324e-01
    2.2000000000e+05    9.4276545308e-02
    2.2025000000e+05    8.4858602000e-02
    2.2050000000e+05    8.5977491560e-02
    2.2075000000e+05    9.3626524461e-02
    2.2100000000e+05    1.0711520406e-01
    2.2125000000e+05    1.1556312602e-01
    2.2150000000e+05    7.6911774668e-02
    2.2175000000e+05    8.7821114868e-02
    2.2200000000e+05    9.3094529864e-02
    2.2225000000e+05    7.9102461142e-02
    2.2250000000e+05    8.1178438876e-02
    2.2275000000e+05    1.0287030818e-01
    2.2300000000e+05    1.0942714951e-01
    2.2325000000e+05    9.5760038611e-02
    2.2350000000e+05    9.2463260453e-02
    2.2375000000e+05    9.3748091623e-02
    2.2400000000e+05    1.1719461736e-01
    2.2425000000e+05    8.9605339097e-02
    2.2450000000e+05    9.4025121944e-02
    2.2475000000e+05    8.1029046774e-02
    2.2500000000e+05    8.5247831929e-02
    2.2525000000e+05    1.0347780162e-01
    2.2550000000e+05    9.0790163107e-02
    2.2575000000e+05    8.6271054289e-02
    2.2600000000e+05    9.0330638899e-02
    2.2625000000e+05    9.6317159306e-02
    2.2650000000e+05    8.7746224343e-02
    2.2675000000e+05    1.0576463498e-01
    2.2700000000e+05    9.4238412639e-02
    2.2725000000e+05    1.0427384188e-01
    2.2750000000e+05    8.7596858778e-02
    2.2775000000e+05    9.8412467749e-02
    2.2800000000e+05    9.0237396220e-02
    2.2825000000e+05    8.0943143272e-02
    2.2850000000e+05    9.4204281590e-02
    2.2875000000e+05    8.4770436921e-02
    2.2900000000e+05    9.5431649478e-02
    2.2925000000e+05    9.2397392347e-02
    2.2950000000e+05    9.1209768670e-02
    2.2975000000e+05    1.2813633115e-01
    2.3000000000e+05    9.6196088211e-02
    2.3025000000e+05    1.1412614516e-01
    2.3050000000e+05    9.8925165341e-02
    2.3075000000e+05    7.8400081293e-02
    2.3100000000e+05    8.7856654087e-02
    2.3125000000e+05    1.0341120981e-01
    2.3150000000e+05    9.5825261785e-02
    2.3175000000e+05    1.1009105185e-01
    2.3200000000e+05    8.1743216937e-02
    2.3225000000e+05    8.4452112599e-02
    2.3250000000e+05    1.1875734033e-01
    2.3275000000e+05    9.5343615128e-02
    2.3300000000e+05    1.5649154643e-01
    2.3325000000e+05    1.3268512262e-01
    2.3350000000e+05    8.9577597603e-02
    2.3375000000e+05    8.1918740692e-02
    2.3400000000e+05    1.4749017693e-01
    2.3425000000e+05    1.0108378701e-01
    2.3450000000e+05    9.4802328849e-02
    2.3475000000e+05    9.8309670314e-02
    2.3500000000e+05    1.2940014527e-01
    2.3525000000e+05    8.3219847888e-02
    2.3550000000e+05    1.1726061395e-01
    2.3575000000e+05    9.4085659587e-02
    2.3600000000e+05    9.7814374751e-02
    2.3625000000e+05    9.5381015387e-02
    2.3650000000e+05    1.1283133627e-01
    2.3675000000e+05    2.4247081856e-01
    2.3700000000e+05    1.1045826442e-01
    2.3725000000e+05    9.9897922013e-02
    2.3750000000e+05    9.1753538785e-02
    2.3775000000e+05    8.1692143756e-02
    2.3800000000e+05    8.9962296648e-02
    2.3825000000e+05    7.7122302048e-02
    2.3850000000e+05    7.8391092955e-02
    2.3875000000e+05    1.0203495101e-01
    2.3900000000e+05    1.0399849315e-01
    2.3925000000e+05    7.7143478124e-02
    2.3950000000e+05    1.1017456110e-01
    2.3975000000e+05    9.2032144342e-02
    2.4000000000e+05    8.7460079838e-02
    2.4025000000e+05    7.6665066028e-02
    2.4050000000e+05    9.1089012242e-02
    2.4075000000e+05    1.1618576871e-01
    2.4100000000e+05    8.1831160386e-02
    2.4125000000e+05    1.1597321287e-01
    2.4150000000e+05    1.0418215067e-01
    2.4175000000e+05    9.4441016676e-02
    2.4200000000e+05    1.2390439115e-01
    2.4225000000e+05    1.0086083979e-01
    2.4250000000e+05    9.4013224971e-02
    2.4275000000e+05    1.0253410766e-01
    2.4300000000e+05    1.1668930393e-01
    2.4325000000e+05    1.0389752413e-01
    2.4350000000e+05    7.9788033102e-02
    2.4375000000e+05    9.6794291266e-02
    2.4400000000e+05    9.4942900972e-02
    2.4425000000e+05    8.5058756721e-02
    2.4450000000e+05    7.6895915391e-02
    2.4475000000e+05    9.7073803187e-02
    2.4500000000e+05    1.0734106442e-01
    2.4525000000e+05    1.0631229969e-01
    2.4550000000e+05    1.2382540315e-01
    2.4575000000e+05    1.1485632506e-01
    2.4600000000e+05    9.7126455524e-02
    2.4625000000e+05    9.9708864400e-02
    2.4650000000e+05    8.3830942856e-02
    2.4675000000e+05    1.0606970904e-01
    2.4700000000e+05    1.0495382965e-01
    2.4725000000e+05    1.1207375498e-01
    2.4750000000e+05    9.3302694982e-02
    2.4775000000e+05    9.2059690006e-02
    2.4800000000e+05    9.9533168513e-02
    2.4825000000e+05    8.1209432407e-02
    2.4850000000e+05    1.1333526854e-01
    2.4875000000e+05    8.9898417976e-02
    2.4900000000e+05    8.7263116249e-02
    2.4925000000e+05    1.0688073263e-01
    2.4950000000e+05    1.2192152776e-01
    2.4975000000e+05    8.3425124763e-02
    2.5000000000e+05    8.8105064449e-02
    2.5025000000e+05    9.0890192743e-02
    2.5050000000e+05    1.0886939625e-01
    2.5075000000e+05    1.1783055748e-01
    2.5100000000e+05    1.1452261267e-01
    2.5125000000e+05    9.5732672712e-02
    2.5150000000e+05    1.0307733595e-01
    2.5175000000e+05    1.2390830054e-01
    2.5200000000e+05    9.3262576415e-02
    2.5225000000e+05    1.2051838805e-01
    2.5250000000e+05    1.0461673923e-01
    2.5275000000e+05    1.1369935264e-01
    2.5300000000e+05    8.2987342993e-02
    2.5325000000e+05    9.0790369860e-02
    2.5350000000e+05    1.0323992899e-01
    2.5375000000e+05    8.3743491304e-02
    2.5400000000e+05    9.4282867709e-02
    2.5425000000e+05    8.0732830086e-02
    2.5450000000e+05    9.3200009741e-02
    2.5475000000e+05    1.1306714193e-01
    2.5500000000e+05    1.4390242740e-01
    2.5525000000e+05    1.3001660725e-01
    2.5550000000e+05    9.5896366610e-02
    2.5575000000e+05    7.8686273989e-02
    2.5600000000e+05    9.2195602836e-02
    2.5625000000e+05    9.3320095807e-02
    2.5650000000e+05    1.0348139380e-01
    2.5675000000e+05    1.0556108416e-01
    2.5700000000e+05    9.3001276360e-02
    2.5725000000e+05    1.0439310771e-01
    2.5750000000e+05    9.0478268550e-02
    2.5775000000e+05    7.7843059186e-02
    2.5800000000e+05    1.1720790227e-01
    2.5825000000e+05    1.0358619192e-01
    2.5850000000e+05    1.1268922419e-01
    2.5875000000e+05    1.5774053734e-01
    2.5900000000e+05    9.1530328773e-02
    2.5925000000e+05    1.2635173382e-01
    2.5950000000e+05    9.2952305928e-02
    2.5975000000e+05    1.6400855344e-01
    2.6000000000e+05    9.5454962323e-02
    2.6025000000e+05    7.9110066002e-02
    2.6050000000e+05    1.0154997619e-01
    2.6075000000e+05    8.5785358663e-02
    2.6100000000e+05    1.0267446697e-01
    2.6125000000e+05    1.0704660645e-01
    2.6150000000e+05    7.8568513593e-02
    2.6175000000e+05    1.0080215815e-01
    2.6200000000e+05    8.4395341259e-02
    2.6225000000e+05    1.0088359209e-01
    2.6250000000e+05    9.9131401091e-02
    2.6275000000e+05    1.1348124297e-01
    2.6300000000e+05    8.4388610132e-02
    2.6325000000e+05    1.6053823347e-01
    2.6350000000e+05    8.2030695655e-02
    2.6375000000e+05    8.6489439130e-02
    2.6400000000e+05    1.1400742725e-01
    2.6425000000e+05    9.3049521113e-02
    2.6450000000e+05    1.1777214873e-01
    2.6475000000e+05    9.0432548052e-02
    2.6500000000e+05    8.2050006967e-02
    2.6525000000e+05    8.8256044106e-02
    2.6550000000e+05    7.2905547092e-02
    2.6575000000e+05    9.2082027990e-02
    2.6600000000e+05    8.6082064727e-02
    2.6625000000e+05    7.9225717598e-02
    2.6650000000e+05    1.0873440831e-01
    2.6675000000e+05    8.7950205074e-02
    2.6700000000e+05    9.3949252603e-02
    2.6725000000e+05    9.7145312554e-02
    2.6750000000e+05    1.0128197327e-01
    2.6775000000e+05    1.0008067030e-01
    2.6800000000e+05    1.2164070176e-01
    2.6825000000e+05    1.2124791625e-01
    2.6850000000e+05    8.5454630849e-02
    2.6875000000e+05    1.3774816674e-01
    2.6900000000e+05    7.7311748361e-02
    2.6925000000e+05    1.0278963904e-01
    2.6950000000e+05    7.7692005712e-02
    2.6975000000e+05    8.5814905880e-02
    2.7000000000e+05    2.6880698666e-01
    2.7025000000e+05    1.3647784723e-01
    2.7050000000e+05    8.2444462186e-02
    2.7075000000e+05    9.8267913918e-02
    2.7100000000e+05    1.0985569211e-01
    2.7125000000e+05    9.7452815763e-02
    2.7150000000e+05    1.0733143488e-01
    2.7175000000e+05    9.7415680341e-02
    2.7200000000e+05    8.7778793328e-02
    2.7225000000e+05    9.1021774264e-02
    2.7250000000e+05    1.0177804894e-01
    2.7275000000e+05    9.1622713290e-02
    2.7300000000e+05    7.5203258104e-02
    2.7325000000e+05    7.8969584005e-02
    2.7350000000e+05    8.2256514520e-02
    2.7375000000e+05    9.6910309672e-02
    2.7400000000e+05    8.0858829570e-02
    2.7425000000e+05    8.7947968974e-02
    2.7450000000e+05    9.9524089380e-02
    2.7475000000e+05    1.0531118201e-01
    2.7500000000e+05    9.5294692626e-02
    2.7525000000e+05    9.5385158174e-02
    2.7550000000e+05    8.4882351171e-02
    2.7575000000e+05    9.4581673317e-02
    2.7600000000e+05    1.3408988217e-01
    2.7625000000e+05    1.5017106177e-01
    2.7650000000e+05    1.3556015558e-01
    2.7675000000e+05    8.0187169956e-02
    2.7700000000e+05    8.9330275545e-02
    2.7725000000e+05    1.0020402117e-01
    2.7750000000e+05    1.1304786281e-01
    2.7775000000e+05    8.7510233062e-02
    2.7800000000e+05    1.0144355491e-01
    2.7825000000e+05    1.0307682332e-01
    2.7850000000e+05    9.2334355738e-02
    2.7875000000e+05    9.7903521288e-02
    2.7900000000e+05    1.4457595857e-01
    2.7925000000e+05    1.0144972314e-01
    2.7950000000e+05    1.3730841409e-01
    2.7975000000e+05    1.0512670164e-01
    2.8000000000e+05    8.8648441378e-02
    2.8025000000e+05    1.5232416597e-01
    2.8050000000e+05    1.1356249447e-01
    2.8075000000e+05    1.9820510762e-01
    2.8100000000e+05    1.3126877851e-01
    2.8125000000e+05    1.0509040635e-01
    2.8150000000e+05    8.5760740823e-02
    2.8175000000e+05    1.1311403868e-01
    2.8200000000e+05    1.3080380474e-01
    2.8225000000e+05    1.1252957924e-01
    2.8250000000e+05    1.2015725880e-01
    2.8275000000e+05    1.2306598681e-01
    2.8300000000e+05    1.0169367699e-01
    2.8325000000e+05    1.0093951525e-01
    2.8350000000e+05    1.1589852803e-01
    2.8375000000e+05    8.6787913178e-02
    2.8400000000e+05    9.7618223234e-02
    2.8425000000e+05    1.1084750338e-01
    2.8450000000e+05    1.3521354806e-01
    2.8475000000e+05    1.3114112091e-01
    2.8500000000e+05    1.6206497525e-01
    2.8525000000e+05    9.8606803325e-02
    2.8550000000e+05    1.0240925261e-01
    2.8575000000e+05    1.0177644827e-01
    2.8600000000e+05    8.9994967142e-02
    2.8625000000e+05    9.5001713009e-02
    2.8650000000e+05    1.0423964573e-01
    2.8675000000e+05    9.8590321941e-02
    2.8700000000e+05    1.0694108779e-01
    2.8725000000e+05    9.5983576770e-02
    2.8750000000e+05    1.1418455908e-01
    2.8775000000e+05    9.1745235695e-02
    2.8800000000e+05    1.1590110869e-01
    2.8825000000e+05    1.2022494241e-01
    2.8850000000e+05    8.9785100244e-02
    2.8875000000e+05    1.0124717635e-01
    2.8900000000e+05    9.4578467684e-02
    2.8925000000e+05    9.0727090199e-02
    2.8950000000e+05    8.8670402622e-02
    2.8975000000e+05    8.5665691101e-02
    2.9000000000e+05    1.0527466285e-01
    2.9025000000e+05    8.5234092358e-02
    2.9050000000e+05    7.4485600849e-02
    2.9075000000e+05    9.7391789626e-02
    2.9100000000e+05    7.8638767829e-02
    2.9125000000e+05    8.5599227070e-02
    2.9150000000e+05    9.1784112427e-02
    2.9175000000e+05    7.8820068987e-02
    2.9200000000e+05    1.0292770667e-01
    2.9225000000e+05    9.6661569641e-02
    2.9250000000e+05    8.2985318392e-02
    2.9275000000e+05    9.5677193151e-02
    2.9300000000e+05    7.8995586407e-02
    2.9325000000e+05    9.8967356839e-02
    2.9350000000e+05    8.9945304034e-02
    2.9375000000e+05    8.4431800356e-02
    2.9400000000e+05    9.1754558617e-02
    2.9425000000e+05    9.0979741910e-02
    2.9450000000e+05    1.0092377624e-01
    2.9475000000e+05    1.2286880343e-01
    2.9500000000e+05    9.9158722525e-02
    2.9525000000e+05    8.0303639100e-02
    2.9550000000e+05    1.1190002653e-01
    2.9575000000e+05    1.0612707867e-01
    2.9600000000e+05    9.1737353375e-02
    2.9625000000e+05    7.9101299006e-02
    2.9650000000e+05    8.2539267119e-02
    2.9675000000e+05    9.1934517429e-02
    2.9700000000e+05    1.1328471747e-01
    2.9725000000e+05    9.1232502241e-02
    2.9750000000e+05    1.1005505268e-01
    2.9775000000e+05    1.0866624791e-01
    2.9800000000e+05    1.0405119607e-01
    2.9825000000e+05    9.2727494426e-02
    2.9850000000e+05    8.8097616133e-02
    2.9875000000e+05    9.0020008127e-02
    2.9900000000e+05    7.9358422940e-02
    2.9925000000e+05    9.7339199807e-02
    2.9950000000e+05    8.3008042828e-02
    2.9975000000e+05    9.2126414651e-02
    3.0000000000e+05    8.7882321847e-02
    3.0025000000e+05    1.1342131802e-01
    3.0050000000e+05    1.0380645166e-01
    3.0075000000e+05    8.7205991206e-02
    3.0100000000e+05    1.7869518773e-01
    3.0125000000e+05    9.4175794198e-02
    3.0150000000e+05    9.5750120411e-02
    3.0175000000e+05    1.3175470505e-01
    3.0200000000e+05    1.4155735703e-01
    3.0225000000e+05    1.6774271232e-01
    3.0250000000e+05    1.2732442923e-01
    3.0275000000e+05    1.0912549987e-01
    3.0300000000e+05    1.3318389972e-01
    3.0325000000e+05    1.2274854299e-01
    3.0350000000e+05    1.4848388851e-01
    3.0375000000e+05    2.1747142348e-01
    3.0400000000e+05    2.3212550285e-01
    3.0425000000e+05    3.2025885309e-01
    3.0450000000e+05    2.1346303657e-01
    3.0475000000e+05    1.1980071333e-01
    3.0500000000e+05    1.3764102728e-01
    3.0525000000e+05    1.3098207416e-01
    3.0550000000e+05    1.4330484385e-01
    3.0575000000e+05    1.4546395203e-01
    3.0600000000e+05    1.4729867101e-01
    3.0625000000e+05    1.3865034166e-01
    3.0650000000e+05    1.3098758930e-01
    3.0675000000e+05    1.0903417868e-01
    3.0700000000e+05    1.0401155630e-01
    3.0725000000e+05    1.0328225660e-01
    3.0750000000e+05    1.0296983029e-01
    3.0775000000e+05    9.5108290634e-02
    3.0800000000e+05    1.2800445993e-01
    3.0825000000e+05    2.0551754986e-01
    3.0850000000e+05    1.9823600711e-01
    3.0875000000e+05    1.3798005765e-01
    3.0900000000e+05    1.7020102156e-01
    3.0925000000e+05    1.2476258349e-01
    3.0950000000e+05    1.1779012629e-01
    3.0975000000e+05    9.5433443545e-02
    3.1000000000e+05    9.6601264544e-02
    3.1025000000e+05    8.1154132411e-02
    3.1050000000e+05    8.8313594591e-02
    3.1075000000e+05    9.3517912554e-02
    3.1100000000e+05    1.0452720810e-01
    3.1125000000e+05    9.7265401542e-02
    3.1150000000e+05    1.2202238934e-01
    3.1175000000e+05    1.4670672072e-01
    3.1200000000e+05    9.7448710603e-02
    3.1225000000e+05    1.1302929805e-01
    3.1250000000e+05    8.8131136188e-02
    3.1275000000e+05    9.9944100037e-02
    3.1300000000e+05    1.0669689680e-01
    3.1325000000e+05    1.1303414135e-01
    3.1350000000e+05    1.0690160271e-01
    3.1375000000e+05    9.9410061106e-02
    3.1400000000e+05    1.0539607402e-01
    3.1425000000e+05    1.7239679228e-01
    3.1450000000e+05    1.1795203278e-01
    3.1475000000e+05    1.1734018549e-01
    3.1500000000e+05    1.0013877588e-01
    3.1525000000e+05    9.7439277235e-02
    3.1550000000e+05    1.1608590289e-01
    3.1575000000e+05    1.2541031866e-01
    3.1600000000e+05    9.6218131259e-02
    3.1625000000e+05    1.2306828965e-01
    3.1650000000e+05    1.2482394123e-01
    3.1675000000e+05    1.0222837193e-01
    3.1700000000e+05    1.0865560674e-01
    3.1725000000e+05    1.1070493696e-01
    3.1750000000e+05    9.9362122447e-02
    3.1775000000e+05    1.0333653476e-01
    3.1800000000e+05    9.6806740888e-02
    3.1825000000e+05    1.7989393798e-01
    3.1850000000e+05    1.1197778612e-01
    3.1875000000e+05    8.9536635763e-02
    3.1900000000e+05    1.0137102931e-01
    3.1925000000e+05    9.0487204533e-02
    3.1950000000e+05    8.6539699569e-02
    3.1975000000e+05    9.2096075035e-02
    3.2000000000e+05    9.5735028678e-02
    3.2025000000e+05    8.3204002703e-02
    3.2050000000e+05    9.6864968959e-02
    3.2075000000e+05    8.5672490915e-02
    3.2100000000e+05    1.1039747090e-01
    3.2125000000e+05    9.4299468910e-02
    3.2150000000e+05    9.0242822679e-02
    3.2175000000e+05    8.4062624308e-02
    3.2200000000e+05    9.7340643817e-02
    3.2225000000e+05    9.3175444149e-02
    3.2250000000e+05    8.8629001332e-02
    3.2275000000e+05    1.2522423767e-01
    3.2300000000e+05    8.7294333884e-02
    3.2325000000e+05    1.3924965468e-01
    3.2350000000e+05    9.2598670024e-02
    3.2375000000e+05    9.0687065528e-02
    3.2400000000e+05    9.6651063131e-02
    3.2425000000e+05    1.0245663380e-01
    3.2450000000e+05    1.1837107567e-01
    3.2475000000e+05    9.1496753288e-02
    3.2500000000e+05    8.0349295699e-02
    3.2525000000e+05    1.3466689599e-01
    3.2550000000e+05    1.4665613805e-01
    3.2575000000e+05    9.6849281980e-02
    3.2600000000e+05    9.1368671032e-02
    3.2625000000e+05    1.0837870073e-01
    3.2650000000e+05    8.4727094009e-02
    3.2675000000e+05    1.0749784324e-01
    3.2700000000e+05    7.7495682046e-02
    3.2725000000e+05    9.9933815576e-02
    3.2750000000e+05    7.9070832099e-02
    3.2775000000e+05    8.0878525278e-02
    3.2800000000e+05    9.7261799073e-02
    3.2825000000e+05    8.2422394236e-02
    3.2850000000e+05    1.1028479154e-01
    3.2875000000e+05    9.6634310091e-02
    3.2900000000e+05    1.0673079918e-01
    3.2925000000e+05    8.8768881011e-02
    3.2950000000e+05    8.3915975009e-02
    3.2975000000e+05    8.9213422837e-02
    3.3000000000e+05    9.9303278616e-02
    3.3025000000e+05    9.7631543169e-02
    3.3050000000e+05    8.7580521076e-02
    3.3075000000e+05    8.7000987809e-02
    3.3100000000e+05    1.0100209622e-01
    3.3125000000e+05    6.7056927374e-02
    3.3150000000e+05    7.9467579714e-02
    3.3175000000e+05    8.9185273144e-02
    3.3200000000e+05    9.3729074702e-02
    3.3225000000e+05    8.6017808406e-02
    3.3250000000e+05    9.7595409877e-02
    3.3275000000e+05    9.9461252027e-02
    3.3300000000e+05    9.4539472236e-02
    3.3325000000e+05    1.2193257915e-01
    3.3350000000e+05    8.8417819268e-02
    3.3375000000e+05    9.7794925531e-02
    3.3400000000e+05    9.8013916697e-02
    3.3425000000e+05    9.3824999383e-02
    3.3450000000e+05    9.5731452455e-02
    3.3475000000e+05    8.0632535615e-02
    3.3500000000e+05    9.0172015305e-02
    3.3525000000e+05    1.0798116338e-01
    3.3550000000e+05    1.0955006516e-01
    3.3575000000e+05    8.7283382862e-02
    3.3600000000e+05    8.9776668102e-02
    3.3625000000e+05    7.9954054707e-02
    3.3650000000e+05    9.9105710102e-02
    3.3675000000e+05    9.4449326364e-02
    3.3700000000e+05    7.9807338929e-02
    3.3725000000e+05    8.5606856012e-02
    3.3750000000e+05    1.4756069960e-01
    3.3775000000e+05    1.4437501653e-01
    3.3800000000e+05    8.9468210873e-02
    3.3825000000e+05    8.2522993251e-02
    3.3850000000e+05    1.0310763843e-01
    3.3875000000e+05    8.6248102635e-02
    3.3900000000e+05    1.1157765856e-01
    3.3925000000e+05    1.0659359605e-01
    3.3950000000e+05    8.8289006407e-02
    3.3975000000e+05    7.5199074681e-02
    3.4000000000e+05    8.0714893203e-02
    3.4025000000e+05    8.2544347101e-02
    3.4050000000e+05    7.6819268452e-02
    3.4075000000e+05    9.7579677539e-02
    3.4100000000e+05    9.1583098475e-02
    3.4125000000e+05    8.9436901807e-02
    3.4150000000e+05    8.1706346749e-02
    3.4175000000e+05    1.0448901719e-01
    3.4200000000e+05    7.5065785451e-02
    3.4225000000e+05    1.0171324517e-01
    3.4250000000e+05    1.1536968564e-01
    3.4275000000e+05    9.3469802092e-02
    3.4300000000e+05    9.5560602003e-02
    3.4325000000e+05    1.2591045605e-01
    3.4350000000e+05    9.6849996098e-02
    3.4375000000e+05    1.0842764659e-01
    3.4400000000e+05    1.0461970338e-01
    3.4425000000e+05    1.2552642889e-01
    3.4450000000e+05    9.7435611641e-02
    3.4475000000e+05    7.6565843926e-02
    3.4500000000e+05    9.5136983935e-02
    3.4525000000e+05    1.0815054160e-01
    3.4550000000e+05    9.1144810243e-02
    3.4575000000e+05    1.1372013864e-01
    3.4600000000e+05    1.0191784665e-01
    3.4625000000e+05    9.9646357424e-02
    3.4650000000e+05    8.7119398402e-02
    3.4675000000e+05    8.7900288994e-02
    3.4700000000e+05    1.1461054478e-01
    3.4725000000e+05    9.9081385480e-02
    3.4750000000e+05    1.1242103608e-01
    3.4775000000e+05    9.3365768810e-02
    3.4800000000e+05    9.2372306696e-02
    3.4825000000e+05    9.4366278786e-02
    3.4850000000e+05    1.2163689676e-01
    3.4875000000e+05    8.5104474838e-02
    3.4900000000e+05    9.4181254195e-02
    3.4925000000e+05    1.1648525893e-01
    3.4950000000e+05    8.2229446090e-02
    3.4975000000e+05    9.6667948153e-02
    3.5000000000e+05    9.3419644516e-02
    3.5025000000e+05    9.4580938547e-02
    3.5050000000e+05    7.6064465217e-02
    3.5075000000e+05    7.8319242832e-02
    3.5100000000e+05    9.4359122887e-02
    3.5125000000e+05    1.0070312876e-01
    3.5150000000e+05    1.0142519762e-01
    3.5175000000e+05    8.2467648105e-02
    3.5200000000e+05    8.3207272584e-02
    3.5225000000e+05    1.1441677087e-01
    3.5250000000e+05    7.5824965279e-02
    3.5275000000e+05    9.7689736474e-02
    3.5300000000e+05    8.5392933030e-02
    3.5325000000e+05    1.3637023911e-01
    3.5350000000e+05    8.0127917955e-02
    3.5375000000e+05    1.0001930308e-01
    3.5400000000e+05    8.6670631082e-02
    3.5425000000e+05    9.7066028793e-02
    3.5450000000e+05    8.4475762782e-02
    3.5475000000e+05    8.5610477820e-02
    3.5500000000e+05    1.2160317535e-01
    3.5525000000e+05    1.0684340938e-01
    3.5550000000e+05    9.4505602590e-02
    3.5575000000e+05    9.5855467957e-02
    3.5600000000e+05    8.1214602950e-02
    3.5625000000e+05    1.1370299972e-01
    3.5650000000e+05    1.1207750757e-01
    3.5675000000e+05    1.2245633182e-01
    3.5700000000e+05    1.0470366738e-01
    3.5725000000e+05    1.1365946159e-01
    3.5750000000e+05    1.0574746574e-01
    3.5775000000e+05    7.4980130303e-02
    3.5800000000e+05    1.2237358297e-01
    3.5825000000e+05    1.1238054697e-01
    3.5850000000e+05    1.1695416391e-01
    3.5875000000e+05    7.6253989388e-02
    3.5900000000e+05    8.0811123243e-02
    3.5925000000e+05    9.4674983141e-02
    3.5950000000e+05    1.1282383749e-01
    3.5975000000e+05    8.8055369135e-02
    3.6000000000e+05    8.7778265518e-02
    3.6025000000e+05    1.2039606125e-01
    3.6050000000e+05    1.1842851335e-01
    3.6075000000e+05    1.2406059986e-01
    3.6100000000e+05    9.1296403549e-02
    3.6125000000e+05    8.6448835803e-02
    3.6150000000e+05    8.5580117671e-02
    3.6175000000e+05    8.6907242216e-02
    3.6200000000e+05    8.3348397592e-02
    3.6225000000e+05    8.6274143508e-02
    3.6250000000e+05    8.3851820313e-02
    3.6275000000e+05    1.0177741261e-01
    3.6300000000e+05    9.8109983592e-02
    3.6325000000e+05    8.7694099998e-02
    3.6350000000e+05    9.8515398496e-02
    3.6375000000e+05    1.1499843259e-01
    3.6400000000e+05    1.0823402209e-01
    3.6425000000e+05    7.3461408638e-02
    3.6450000000e+05    8.9417606347e-02
    3.6475000000e+05    1.0482709122e-01
    3.6500000000e+05    1.0786587309e-01
    3.6525000000e+05    8.2643213021e-02
    3.6550000000e+05    8.5439352618e-02
    3.6575000000e+05    1.0055642281e-01
    3.6600000000e+05    7.9222337829e-02
    3.6625000000e+05    9.2765437857e-02
    3.6650000000e+05    7.6369405980e-02
    3.6675000000e+05    8.3426772678e-02
    3.6700000000e+05    1.0521932531e-01
    3.6725000000e+05    9.3139728261e-02
    3.6750000000e+05    7.2393664043e-02
    3.6775000000e+05    9.2059317095e-02
    3.6800000000e+05    1.1392636493e-01
    3.6825000000e+05    8.4955352546e-02
    3.6850000000e+05    8.3120231313e-02
    3.6875000000e+05    9.5824675906e-02
    3.6900000000e+05    9.3155299848e-02
    3.6925000000e+05    8.5911744413e-02
    3.6950000001e+05    9.1699545965e-02
    3.6975000001e+05    9.3565301929e-02
    3.7000000001e+05    8.1748734184e-02
    3.7025000001e+05    9.5332540744e-02
    3.7050000001e+05    9.3750616632e-02
    3.7075000001e+05    1.3168475221e-01
    3.7100000001e+05    1.4322926536e-01
    3.7125000001e+05    9.9288847720e-02
    3.7150000001e+05    1.1571316373e-01
    3.7175000001e+05    1.1310543999e-01
    3.7200000001e+05    1.3197042252e-01
    3.7225000001e+05    1.1494773047e-01
    3.7250000001e+05    1.4610852775e-01
    3.7275000001e+05    1.2639485664e-01
    3.7300000001e+05    2.5802983559e-01
    3.7325000001e+05    1.2190572184e-01
    3.7350000001e+05    1.3003268347e-01
    3.7375000001e+05    2.1643049768e-01
    3.7400000001e+05    1.5528816388e-01
    3.7425000001e+05    1.2178668687e-01
    3.7450000001e+05    8.7193222827e-02
    3.7475000001e+05    1.0173882979e-01
    3.7500000001e+05    9.0821920538e-02
    3.7525000001e+05    8.7964647237e-02
    3.7550000001e+05    9.9101611671e-02
    3.7575000001e+05    9.2946359897e-02
    3.7600000001e+05    7.8724398478e-02
    3.7625000001e+05    9.7256229791e-02
    3.7650000001e+05    1.0104012509e-01
    3.7675000001e+05    1.4018626853e-01
    3.7700000001e+05    1.9212572877e-01
    3.7725000001e+05    1.4880106376e-01
    3.7750000001e+05    9.7296568780e-02
    3.7775000001e+05    8.1544972523e-02
    3.7800000001e+05    1.3194902407e-01
    3.7825000001e+05    8.2591279569e-02
    3.7850000001e+05    7.8819597094e-02
    3.7875000001e+05    8.2472824719e-02
    3.7900000001e+05    9.5243687450e-02
    3.7925000001e+05    8.8567018991e-02
    3.7950000001e+05    9.2459122531e-02
    3.7975000001e+05    1.0419296701e-01
    3.8000000001e+05    8.9579293461e-02
    3.8025000001e+05    7.8365239012e-02
    3.8050000001e+05    8.6352875817e-02
    3.8075000001e+05    8.9722829571e-02
    3.8100000001e+05    8.6618306212e-02
    3.8125000001e+05    7.6350856771e-02
    3.8150000001e+05    8.6114646048e-02
    3.8175000001e+05    8.7617838233e-02
    3.8200000001e+05    8.4198486716e-02
    3.8225000001e+05    9.3058241013e-02
    3.8250000001e+05    9.0437097499e-02
    3.8275000001e+05    9.0822767529e-02
    3.8300000001e+05    1.0384150112e-01
    3.8325000001e+05    1.0921544135e-01
    3.8350000001e+05    9.3626614916e-02
    3.8375000001e+05    1.0316334564e-01
    3.8400000001e+05    9.4467384680e-02
    3.8425000001e+05    1.3706047595e-01
    3.8450000001e+05    1.0605564174e-01
    3.8475000001e+05    1.4073198479e-01
    3.8500000001e+05    1.4236518604e-01
    3.8525000001e+05    1.1575348723e-01
    3.8550000001e+05    9.6704635128e-02
    3.8575000001e+05    8.3098729001e-02
    3.8600000001e+05    1.1097655825e-01
    3.8625000001e+05    7.9704969702e-02
    3.8650000001e+05    9.1224601949e-02
    3.8675000001e+05    1.0798463849e-01
    3.8700000001e+05    1.2132021288e-01
    3.8725000001e+05    1.0201121048e-01
    3.8750000001e+05    9.2214255625e-02
    3.8775000001e+05    9.0424866416e-02
    3.8800000001e+05    8.8674345429e-02
    3.8825000001e+05    7.1407576091e-02
    3.8850000001e+05    8.8978085343e-02
    3.8875000001e+05    1.0211083254e-01
    3.8900000001e+05    1.0200510697e-01
    3.8925000001e+05    9.6072590227e-02
    3.8950000001e+05    1.1875840059e-01
    3.8975000001e+05    1.5731364676e-01
    3.9000000001e+05    9.9871760208e-02
    3.9025000001e+05    1.1729167470e-01
    3.9050000001e+05    1.3804045462e-01
    3.9075000001e+05    8.9617794128e-02
    3.9100000001e+05    1.3164488220e-01
    3.9125000001e+05    1.5891044538e-01
    3.9150000001e+05    1.6702592009e-01
    3.9175000001e+05    1.0021741943e-01
    3.9200000001e+05    9.3680603575e-02
    3.9225000001e+05    1.1460379839e-01
    3.9250000001e+05    1.0652595528e-01
    3.9275000001e+05    7.6001055092e-02
    3.9300000001e+05    7.8397041540e-02
    3.9325000001e+05    8.5010246048e-02
    3.9350000001e+05    9.5661001972e-02
    3.9375000001e+05    9.9828890159e-02
    3.9400000001e+05    8.7072126380e-02
    3.9425000001e+05    1.3113490416e-01
    3.9450000001e+05    9.4619445780e-02
    3.9475000001e+05    9.1307954637e-02
    3.9500000001e+05    1.0155009860e-01
    3.9525000001e+05    7.8980856026e-02
    3.9550000001e+05    1.0034348210e-01
    3.9575000001e+05    1.1371877810e-01
    3.9600000001e+05    8.2074034682e-02
    3.9625000001e+05    1.0532802135e-01
    3.9650000001e+05    9.4453290352e-02
    3.9675000001e+05    9.5830899357e-02
    3.9700000001e+05    6.9955533767e-02
    3.9725000001e+05    8.6420477648e-02
    3.9750000001e+05    9.4560978695e-02
    3.9775000001e+05    1.1561909584e-01
    3.9800000001e+05    1.4388130610e-01
    3.9825000001e+05    7.8299928114e-02
    3.9850000001e+05    6.7725523996e-02
    3.9875000001e+05    9.8033560861e-02
    3.9900000001e+05    7.8545915081e-02
    3.9925000001e+05    9.2787006943e-02
    3.9950000001e+05    8.1434601753e-02
    3.9975000001e+05    8.1339122693e-02
    4.0000000001e+05    8.8268215333e-02
    4.0025000001e+05    9.4983034053e-02
    4.0050000001e+05    1.0912274189e-01
    4.0075000001e+05    8.9201602963e-02
    4.0100000001e+05    7.6323424241e-02
    4.0125000001e+05    7.9645354315e-02
    4.0150000001e+05    8.3352155687e-02
    4.0175000001e+05    8.4032929034e-02
    4.0200000001e+05    1.1103111173e-01
    4.0225000001e+05    8.3877711417e-02
    4.0250000001e+05    1.0992669840e-01
    4.0275000001e+05    8.9298266729e-02
    4.0300000001e+05    1.0770939634e-01
    4.0325000001e+05    1.1528030942e-01
    4.0350000001e+05    8.9099284478e-02
    4.0375000001e+05    8.0308960482e-02
    4.0400000001e+05    8.0227487165e-02
    4.0425000001e+05    9.1151803428e-02
    4.0450000001e+05    1.0005272638e-01
    4.0475000001e+05    7.5421153984e-02
    4.0500000001e+05    7.5376128074e-02
    4.0525000001e+05    9.0034384272e-02
    4.0550000001e+05    8.1087367771e-02
    4.0575000001e+05    1.0201081845e-01
    4.0600000001e+05    9.2473597228e-02
    4.0625000001e+05    8.4115323426e-02
    4.0650000001e+05    1.1573767436e-01
    4.0675000001e+05    7.9642743054e-02
    4.0700000001e+05    8.2220454904e-02
    4.0725000001e+05    1.1221096680e-01
    4.0750000001e+05    9.6424923311e-02
    4.0775000001e+05    1.4006173596e-01
    4.0800000001e+05    1.1763072587e-01
    4.0825000001e+05    8.6122182282e-02
    4.0850000001e+05    9.0433127095e-02
    4.0875000001e+05    8.8378639749e-02
    4.0900000001e+05    7.5276373039e-02
    4.0925000001e+05    7.9572105370e-02
    4.0950000001e+05    9.8133701739e-02
    4.0975000001e+05    7.5348216757e-02
    4.1000000001e+05    8.9086352060e-02
    4.1025000001e+05    7.3041704109e-02
    4.1050000001e+05    9.1376747393e-02
    4.1075000001e+05    8.8371449221e-02
    4.1100000001e+05    7.4976808027e-02
    4.1125000001e+05    7.1932482468e-02
    4.1150000001e+05    1.0856936007e-01
    4.1175000001e+05    9.3175279843e-02
    4.1200000001e+05    8.7651388767e-02
    4.1225000001e+05    1.6706996585e-01
    4.1250000001e+05    1.0270167081e-01
    4.1275000001e+05    1.1325402201e-01
    4.1300000001e+05    1.1321178083e-01
    4.1325000001e+05    1.1730692774e-01
    4.1350000001e+05    8.3905217644e-02
    4.1375000001e+05    8.5598574760e-02
    4.1400000001e+05    1.0876690031e-01
    4.1425000001e+05    9.4038163385e-02
    4.1450000001e+05    1.0652756407e-01
    4.1475000001e+05    1.0744850146e-01
    4.1500000001e+05    1.4268387138e-01
    4.1525000001e+05    1.4378740525e-01
    4.1550000001e+05    8.8906182389e-02
    4.1575000001e+05    1.0156599577e-01
    4.1600000001e+05    7.5044352575e-02
    4.1625000001e+05    1.1430955643e-01
    4.1650000001e+05    1.0636957375e-01
    4.1675000001e+05    9.6866019898e-02
    4.1700000001e+05    9.5565102119e-02
    4.1725000001e+05    1.0324535313e-01
    4.1750000001e+05    1.1580619163e-01
    4.1775000001e+05    8.6870833674e-02
    4.1800000001e+05    8.8560360870e-02
    4.1825000001e+05    9.0742031883e-02
    4.1850000001e+05    1.0389779100e-01
    4.1875000001e+05    1.0274903039e-01
    4.1900000001e+05    8.7851659507e-02
    4.1925000001e+05    1.1106370256e-01
    4.1950000001e+05    8.7941700348e-02
    4.1975000001e+05    8.1295189980e-02
    4.2000000001e+05    8.0179511569e-02
    4.2025000001e+05    1.1167054876e-01
    4.2050000001e+05    9.6122678098e-02
    4.2075000001e+05    8.8332800703e-02
    4.2100000001e+05    1.0598224757e-01
    4.2125000001e+05    1.2891898502e-01
    4.2150000001e+05    8.8742686897e-02
    4.2175000001e+05    7.8713190714e-02
    4.2200000001e+05    8.5540896231e-02
    4.2225000001e+05    7.9942300631e-02
    4.2250000001e+05    1.1041140878e-01
    4.2275000001e+05    7.3344824587e-02
    4.2300000001e+05    9.1882841791e-02
    4.2325000001e+05    9.2374979218e-02
    4.2350000001e+05    8.3158718574e-02
    4.2375000001e+05    9.7587787144e-02
    4.2400000001e+05    8.1542117355e-02
    4.2425000001e+05    1.1193842254e-01
    4.2450000001e+05    1.4821000018e-01
    4.2475000001e+05    9.6108255778e-02
    4.2500000001e+05    9.4672903702e-02
    4.2525000001e+05    8.9112410843e-02
    4.2550000001e+05    9.3450609492e-02
    4.2575000001e+05    8.7006914343e-02
    4.2600000001e+05    9.3910690058e-02
    4.2625000001e+05    1.1191430450e-01
    4.2650000001e+05    9.6837482513e-02
    4.2675000001e+05    1.3357887425e-01
    4.2700000001e+05    1.1130611620e-01
    4.2725000001e+05    8.2051908639e-02
    4.2750000001e+05    1.7332649194e-01
    4.2775000001e+05    1.3433665605e-01
    4.2800000001e+05    9.9070933536e-02
    4.2825000001e+05    1.2269833729e-01
    4.2850000001e+05    1.0578947760e-01
    4.2875000001e+05    8.6931850242e-02
    4.2900000001e+05    7.8651259894e-02
    4.2925000001e+05    1.1766382419e-01
    4.2950000001e+05    1.1104601481e-01
    4.2975000001e+05    9.8445835351e-02
    4.3000000001e+05    7.5361991563e-02
    4.3025000001e+05    7.9270498659e-02
    4.3050000001e+05    1.0979188143e-01
    4.3075000001e+05    8.5240214042e-02
    4.3100000001e+05    8.2257264045e-02
    4.3125000001e+05    9.8758661978e-02
    4.3150000001e+05    1.0168244038e-01
    4.3175000001e+05    9.5554241519e-02
    4.3200000001e+05    8.7188073552e-02
    4.3225000001e+05    8.6087364656e-02
    4.3250000001e+05    7.7708269880e-02
    4.3275000001e+05    9.4324211433e-02
    4.3300000001e+05    9.4308411768e-02
    4.3325000001e+05    1.2021102898e-01
    4.3350000001e+05    9.9047398264e-02
    4.3375000001e+05    1.1963989130e-01
    4.3400000001e+05    1.2059029887e-01
    4.3425000001e+05    1.1597559707e-01
    4.3450000001e+05    1.0072963470e-01
    4.3475000001e+05    9.0188959200e-02
    4.3500000001e+05    9.0258448937e-02
    4.3525000001e+05    2.0361446694e-01
    4.3550000001e+05    8.8920695909e-02
    4.3575000001e+05    1.0220441011e-01
    4.3600000001e+05    8.8195257626e-02
    4.3625000001e+05    9.8754348984e-02
    4.3650000001e+05    1.4573265603e-01
    4.3675000001e+05    1.0146247622e-01
    4.3700000001e+05    1.2450728988e-01
    4.3725000001e+05    1.0001791395e-01
    4.3750000001e+05    8.5827870596e-02
    4.3775000001e+05    1.0731774973e-01
    4.3800000001e+05    1.5385126080e-01
    4.3825000001e+05    7.6119637437e-02
    4.3850000001e+05    8.4189951734e-02
    4.3875000001e+05    7.4200564768e-02
    4.3900000001e+05    8.7343824732e-02
    4.3925000001e+05    9.5361600227e-02
    4.3950000001e+05    9.6446524321e-02
    4.3975000001e+05    9.6371028881e-02
    4.4000000001e+05    8.9972633082e-02
    4.4025000001e+05    1.2220225217e-01
    4.4050000001e+05    1.0197172560e-01
    4.4075000001e+05    1.0673004545e-01
    4.4100000001e+05    1.1611700258e-01
    4.4125000001e+05    7.7797034767e-02
    4.4150000001e+05    1.1350298434e-01
    4.4175000001e+05    1.0595937173e-01
    4.4200000001e+05    8.1522628951e-02
    4.4225000001e+05    9.6779910037e-02
    4.4250000001e+05    9.2825178378e-02
    4.4275000001e+05    9.0123646215e-02
    4.4300000001e+05    9.8707045883e-02
    4.4325000001e+05    9.5652743133e-02
    4.4350000001e+05    9.7134253677e-02
    4.4375000001e+05    9.9507675590e-02
    4.4400000001e+05    9.6167875674e-02
    4.4425000001e+05    7.9415182112e-02
    4.4450000001e+05    1.0330081806e-01
    4.4475000001e+05    8.9239529315e-02
    4.4500000001e+05    9.1607078767e-02
    4.4525000001e+05    1.0266931821e-01
    4.4550000001e+05    8.5150423803e-02
    4.4575000001e+05    9.8988238183e-02
    4.4600000001e+05    1.0676956093e-01
    4.4625000001e+05    1.1481779942e-01
    4.4650000001e+05    1.0018685472e-01
    4.4675000001e+05    8.4255225668e-02
    4.4700000001e+05    8.6599989693e-02
    4.4725000001e+05    8.6978478673e-02
    4.4750000001e+05    1.3738967738e-01
    4.4775000001e+05    9.2446080752e-02
    4.4800000001e+05    7.1020285689e-02
    4.4825000001e+05    1.4673839758e-01
    4.4850000001e+05    1.1946088800e-01
    4.4875000001e+05    1.0864235292e-01
    4.4900000001e+05    1.3863316795e-01
    4.4925000001e+05    1.7848646849e-01
    4.4950000001e+05    1.2799896111e-01
    4.4975000001e+05    1.2545905594e-01
    4.5000000001e+05    1.1141938956e-01
    4.5025000001e+05    7.9816611731e-02
    4.5050000001e+05    1.0350267231e-01
    4.5075000001e+05    7.8074868132e-02
    4.5100000001e+05    9.2148480344e-02
    4.5125000001e+05    1.0758190967e-01
    4.5150000001e+05    1.0812082771e-01
    4.5175000001e+05    8.4135662308e-02
    4.5200000001e+05    1.2970973583e-01
    4.5225000001e+05    1.1943311337e-01
    4.5250000001e+05    8.8389682220e-02
    4.5275000001e+05    1.5395510303e-01
    4.5300000001e+05    1.0312783000e-01
    4.5325000001e+05    8.7144636071e-02
    4.5350000001e+05    9.9469648014e-02
    4.5375000001e+05    8.7001551847e-02
    4.5400000001e+05    8.3203196956e-02
    4.5425000001e+05    9.2618633696e-02
    4.5450000001e+05    8.8116877232e-02
    4.5475000001e+05    1.0759828156e-01
    4.5500000001e+05    7.8046319542e-02
    4.5525000001e+05    9.1895743541e-02
    4.5550000001e+05    8.0161215434e-02
    4.5575000001e+05    7.6066304085e-02
    4.5600000001e+05    8.4321799841e-02
    4.5625000001e+05    8.8477348309e-02
    4.5650000001e+05    8.8359197285e-02
    4.5675000001e+05    8.1699542133e-02
    4.5700000001e+05    9.8788953043e-02
    4.5725000001e+05    9.2122516419e-02
    4.5750000001e+05    1.0509829975e-01
    4.5775000001e+05    6.6550928290e-02
    4.5800000001e+05    9.2409795686e-02
    4.5825000001e+05    1.2381956447e-01
    4.5850000001e+05    1.1712116427e-01
    4.5875000001e+05    8.8561098102e-02
    4.5900000001e+05    9.8352995552e-02
    4.5925000001e+05    1.2321252786e-01
    4.5950000001e+05    9.6007420508e-02
    4.5975000001e+05    1.0254963518e-01
    4.6000000001e+05    1.4660832147e-01
    4.6025000001e+05    9.7568626911e-02
    4.6050000001e+05    8.9192670157e-02
    4.6075000001e+05    1.1357354133e-01
    4.6100000001e+05    1.1878661412e-01
    4.6125000001e+05    1.0035851030e-01
    4.6150000001e+05    1.0679684762e-01
    4.6175000001e+05    9.3128430102e-02
    4.6200000001e+05    9.5610514422e-02
    4.6225000001e+05    1.1787800230e-01
    4.6250000001e+05    8.7744917456e-02
    4.6275000001e+05    1.0705783836e-01
    4.6300000001e+05    2.2502247711e-01
    4.6325000001e+05    1.1451017798e-01
    4.6350000001e+05    1.6858660323e-01
    4.6375000001e+05    1.7021831768e-01
    4.6400000001e+05    1.0506160553e-01
    4.6425000001e+05    1.2910575714e-01
    4.6450000001e+05    1.1725341771e-01
    4.6475000001e+05    1.3536008418e-01
    4.6500000001e+05    1.7742457196e-01
    4.6525000001e+05    1.3404293747e-01
    4.6550000001e+05    9.9759637477e-02
    4.6575000001e+05    9.4284270890e-02
    4.6600000001e+05    9.2223182975e-02
    4.6625000001e+05    1.1380932397e-01
    4.6650000001e+05    9.0293435543e-02
    4.6675000001e+05    8.2244894090e-02
    4.6700000001e+05    7.9418659420e-02
    4.6725000001e+05    1.4392049336e-01
    4.6750000001e+05    1.1137246396e-01
    4.6775000001e+05    9.0754493530e-02
    4.6800000001e+05    8.5199291419e-02
    4.6825000001e+05    8.6958237259e-02
    4.6850000001e+05    9.4198881538e-02
    4.6875000001e+05    8.9060170904e-02
    4.6900000001e+05    8.2361852725e-02
    4.6925000001e+05    9.9311323634e-02
    4.6950000001e+05    9.7720899248e-02
    4.6975000001e+05    1.1488653968e-01
    4.7000000001e+05    1.2121793782e-01
    4.7025000001e+05    8.0037905925e-02
    4.7050000001e+05    8.5308755764e-02
    4.7075000001e+05    8.0248515161e-02
    4.7100000001e+05    8.4145761147e-02
    4.7125000001e+05    9.6660399961e-02
    4.7150000001e+05    7.7682547174e-02
    4.7175000001e+05    9.5617854484e-02
    4.7200000001e+05    9.9146550657e-02
    4.7225000001e+05    1.0055173779e-01
    4.7250000001e+05    1.0405289082e-01
    4.7275000001e+05    8.4391360955e-02
    4.7300000001e+05    1.1370560485e-01
    4.7325000001e+05    1.1561272773e-01
    4.7350000001e+05    1.0459920451e-01
    4.7375000001e+05    9.6097955296e-02
    4.7400000001e+05    1.0728913937e-01
    4.7425000001e+05    9.0546817713e-02
    4.7450000001e+05    1.0877713265e-01
    4.7475000001e+05    8.4016704737e-02
    4.7500000001e+05    7.1389196388e-02
    4.7525000001e+05    8.0383867317e-02
    4.7550000001e+05    1.2632048188e-01
    4.7575000001e+05    1.0275113820e-01
    4.7600000001e+05    1.0307099580e-01
    4.7625000001e+05    7.9708870775e-02
    4.7650000001e+05    1.4958670324e-01
    4.7675000001e+05    8.1470310354e-02
    4.7700000001e+05    1.1651594481e-01
    4.7725000001e+05    7.5065431003e-02
    4.7750000001e+05    9.3866012281e-02
    4.7775000001e+05    8.3496888340e-02
    4.7800000001e+05    9.3673974204e-02
    4.7825000001e+05    1.3110218119e-01
    4.7850000001e+05    1.2741958393e-01
    4.7875000001e+05    8.6079967192e-02
    4.7900000001e+05    9.9040530962e-02
    4.7925000001e+05    9.4886665005e-02
    4.7950000001e+05    8.3826094192e-02
    4.7975000001e+05    9.5793305366e-02
    4.8000000001e+05    1.0782945690e-01
    4.8025000001e+05    9.8249355004e-02
    4.8050000001e+05    8.9704192807e-02
    4.8075000001e+05    1.1878446070e-01
    4.8100000001e+05    1.1907223924e-01
    4.8125000001e+05    7.4143491779e-02
    4.8150000001e+05    1.0131932321e-01
    4.8175000001e+05    8.5206236135e-02
    4.8200000001e+05    8.9196762733e-02
    4.8225000001e+05    8.7446942934e-02
    4.8250000001e+05    8.2549680661e-02
    4.8275000001e+05    8.0905910841e-02
    4.8300000001e+05    9.6754849625e-02
    4.8325000001e+05    8.4089111077e-02
    4.8350000001e+05    9.7499464339e-02
    4.8375000001e+05    9.3419885426e-02
    4.8400000001e+05    1.1594299821e-01
    4.8425000001e+05    9.1256895408e-02
    4.8450000001e+05    8.1163496362e-02
    4.8475000001e+05    8.6763544917e-02
    4.8500000001e+05    1.0598159359e-01
    4.8525000001e+05    1.0587266576e-01
    4.8550000001e+05    8.2134732075e-02
    4.8575000001e+05    7.8007533375e-02
    4.8600000001e+05    8.6969492897e-02
    4.8625000001e+05    1.0243914868e-01
    4.8650000001e+05    9.2630929442e-02
    4.8675000001e+05    8.8690191259e-02
    4.8700000001e+05    8.5599207546e-02
    4.8725000001e+05    1.0112351513e-01
    4.8750000001e+05    7.2968897736e-02
    4.8775000001e+05    9.7458735719e-02
    4.8800000001e+05    8.8362936451e-02
    4.8825000001e+05    9.6452886487e-02
    4.8850000001e+05    8.1432636719e-02
    4.8875000001e+05    1.0532354719e-01
    4.8900000001e+05    1.3054059980e-01
    4.8925000001e+05    8.9796957540e-02
    4.8950000001e+05    9.5280896531e-02
    4.8975000001e+05    1.1008150528e-01
    4.9000000001e+05    1.0583996017e-01
    4.9025000001e+05    1.5549925586e-01
    4.9050000001e+05    9.2763758813e-02
    4.9075000001e+05    7.3152235752e-02
    4.9100000001e+05    7.0878066865e-02
    4.9125000001e+05    9.6891325614e-02
    4.9150000001e+05    1.1432699491e-01
    4.9175000001e+05    1.0642881641e-01
    4.9200000001e+05    8.5348760170e-02
    4.9225000001e+05    9.1917285805e-02
    4.9250000001e+05    9.2206421604e-02
    4.9275000001e+05    1.0477479099e-01
    4.9300000001e+05    7.6530093273e-02
    4.9325000001e+05    1.2940313098e-01
    4.9350000001e+05    1.0890354268e-01
    4.9375000001e+05    8.9743895746e-02
    4.9400000001e+05    8.5591482840e-02
    4.9425000001e+05    9.3244539683e-02
    4.9450000001e+05    1.0156724428e-01
    4.9475000001e+05    1.0921937970e-01
    4.9500000001e+05    9.1528807706e-02
    4.9525000001e+05    9.1659701843e-02
    4.9550000001e+05    8.9408657139e-02
    4.9575000001e+05    1.3431916289e-01
    4.9600000001e+05    7.9781573698e-02
    4.9625000001e+05    8.1916881261e-02
    4.9650000001e+05    7.6178289062e-02
    4.9675000001e+05    8.3038319149e-02
    4.9700000001e+05    8.8233957966e-02
    4.9725000001e+05    8.5007558459e-02
    4.9750000001e+05    8.2220651875e-02
    4.9775000001e+05    9.3442320715e-02
    4.9800000001e+05    1.1848383835e-01
    4.9825000001e+05    1.2126657957e-01
    4.9850000001e+05    1.1332524693e-01
    4.9875000001e+05    1.0136842348e-01
    4.9900000001e+05    9.1985431712e-02
    4.9925000001e+05    1.0947471151e-01
    4.9950000001e+05    1.1527053466e-01
    4.9975000001e+05    8.9108340372e-02
    5.0000000001e+05    8.3058534641e-02
