    1.0000000000e+01    1.9734343035e-01
    2.0000000000e+01    2.2903892510e-01
    3.0000000000e+01    2.4973760830e-01
    4.0000000000e+01    2.7004214593e-01
    5.0000000000e+01    2.8433918898e-01
    6.0000000000e+01    2.8351920157e-01
    7.0000000000e+01    2.5887335044e-01
    8.0000000000e+01    2.2138526584e-01
    9.0000000000e+01    1.8740119477e-01
    1.0000000000e+02    2.4663710023e-01
    1.1000000000e+02    3.0682236146e-01
    1.2000000000e+02    3.1019688909e-01
    1.3000000000e+02    2.9764603244e-01
    1.4000000000e+02    2.8515778294e-01
    1.5000000000e+02    2.3294523853e-01
    1.6000000000e+02    2.4460577904e-01
    1.7000000000e+02    2.7713165930e-01
    1.8000000000e+02    2.6107206228e-01
    1.9000000000e+02    2.7797756316e-01
    2.0000000000e+02    2.7169775554e-01
    2.1000000000e+02    2.9678161787e-01
    2.2000000000e+02    3.6991506771e-01
    2.3000000000e+02    4.4536184519e-01
    2.4000000000e+02    4.0135455262e-01
    2.5000000000e+02    4.0304574919e-01
    2.6000000000e+02    4.5595303114e-01
    2.7000000000e+02    4.0018417296e-01
    2.8000000000e+02    3.3309019630e-01
    2.9000000000e+02    3.5025496488e-01
    3.0000000000e+02    3.3202049828e-01
    3.1000000000e+02    3.2455208440e-01
    3.2000000000e+02    3.7376924151e-01
    3.3000000000e+02    4.1288028649e-01
    3.4000000000e+02    3.5613212496e-01
    3.5000000000e+02    4.0900420854e-01
    3.6000000000e+02    4.4926628606e-01
    3.7000000000e+02    4.8999133710e-01
    3.8000000000e+02    4.2712531056e-01
    3.9000000000e+02    4.8516825195e-01
    4.0000000000e+02    4.7210148338e-01
    4.1000000000e+02    4.5035583514e-01
    4.2000000000e+02    5.6129595353e-01
    4.3000000000e+02    6.2470567935e-01
    4.4000000000e+02    5.0203826340e-01
    4.5000000000e+02    4.3133233773e-01
    4.6000000000e+02    4.9557900831e-01
    4.7000000000e+02    5.6684191304e-01
    4.8000000000e+02    5.7566406473e-01
    4.9000000000e+02    5.7090111688e-01
    5.0000000000e+02    5.9956340112e-01
    5.1000000000e+02    6.2731035593e-01
    5.2000000000e+02    6.4456919497e-01
    5.3000000000e+02    6.3443674331e-01
    5.4000000000e+02    6.7248111903e-01
    5.5000000000e+02    7.1889114863e-01
    5.6000000000e+02    7.1062286941e-01
    5.7000000000e+02    6.7677616177e-01
    5.8000000000e+02    7.1335243829e-01
    5.9000000000e+02    6.6068252727e-01
    6.0000000000e+02    6.2835098496e-01
    6.1000000000e+02    6.8217372337e-01
    6.2000000000e+02    6.0372891222e-01
    6.3000000000e+02    6.4720693159e-01
    6.4000000000e+02    6.9740033272e-01
    6.5000000000e+02    7.1408143815e-01
    6.6000000000e+02    6.9533366846e-01
    6.7000000000e+02    7.6727146743e-01
    6.8000000000e+02    8.8826647043e-01
    6.9000000000e+02    9.7040438091e-01
    7.0000000000e+02    9.2453511483e-01
    7.1000000000e+02    9.0851761846e-01
    7.2000000000e+02    8.8819927236e-01
    7.3000000000e+02    9.2198619227e-01
    7.4000000000e+02    1.1362440043e+00
    7.5000000000e+02    1.1809640563e+00
    7.6000000000e+02    1.1394372773e+00
    7.7000000000e+02    1.3163844724e+00
    7.8000000000e+02    1.4181768992e+00
    7.9000000000e+02    1.1003670202e+00
    8.0000000000e+02    9.8341770320e-01
    8.1000000000e+02    1.2606933505e+00
    8.2000000000e+02    1.4308357971e+00
    8.3000000000e+02    1.2248532493e+00
    8.4000000000e+02    1.2658032153e+00
    8.5000000000e+02    1.4470430279e+00
    8.6000000000e+02    1.4079709873e+00
    8.7000000000e+02    1.3837065862e+00
    8.8000000000e+02    1.3469738779e+00
    8.9000000000e+02    1.2128314107e+00
    9.0000000000e+02    1.0612093937e+00
    9.1000000000e+02    9.9458955952e-01
    9.2000000000e+02    1.1402850560e+00
    9.3000000000e+02    1.2505606566e+00
    9.4000000000e+02    1.0771111779e+00
    9.5000000000e+02    1.0509534760e+00
    9.6000000000e+02    1.2630737477e+00
    9.7000000000e+02    1.1754554520e+00
    9.8000000000e+02    1.1884688876e+00
    9.9000000000e+02    1.2500225139e+00
    1.0000000000e+03    1.3552206862e+00
    1.0100000000e+03    1.4589928233e+00
    1.0200000000e+03    1.5226881281e+00
    1.0300000000e+03    1.6702326640e+00
    1.0400000000e+03    1.8510232844e+00
    1.0500000000e+03    1.9603269611e+00
    1.0600000000e+03    1.9516891973e+00
    1.0700000000e+03    1.8098833851e+00
    1.0800000000e+03    1.6197374788e+00
    1.0900000000e+03    1.4801533932e+00
    1.1000000000e+03    1.3190626328e+00
    1.1100000000e+03    1.2231383025e+00
    1.1200000000e+03    1.2088834263e+00
    1.1300000000e+03    1.2061758537e+00
    1.1400000000e+03    1.3132696476e+00
    1.1500000000e+03    1.4609551764e+00
    1.1600000000e+03    1.4779257047e+00
    1.1700000000e+03    1.4898700251e+00
    1.1800000000e+03    1.6001586765e+00
    1.1900000000e+03    1.7103138955e+00
    1.2000000000e+03    1.9739339805e+00
    1.2100000000e+03    2.2780876783e+00
    1.2200000000e+03    2.4933238776e+00
    1.2300000000e+03    2.7767172195e+00
    1.2400000000e+03    2.9584830867e+00
    1.2500000000e+03    2.5502462244e+00
    1.2600000000e+03    2.3769112341e+00
    1.2700000000e+03    1.7789957598e+00
    1.2800000000e+03    1.6107923941e+00
    1.2900000000e+03    1.7069074654e+00
    1.3000000000e+03    1.4191301727e+00
    1.3100000000e+03    1.2466613883e+00
    1.3200000000e+03    1.2114531348e+00
    1.3300000000e+03    1.3109740656e+00
    1.3400000000e+03    1.3050347029e+00
    1.3500000000e+03    1.1790561676e+00
    1.3600000000e+03    1.1901749509e+00
    1.3700000000e+03    1.2541693650e+00
    1.3800000000e+03    1.3048479326e+00
    1.3900000000e+03    1.2035864134e+00
    1.4000000000e+03    1.0937596559e+00
    1.4100000000e+03    1.0499752986e+00
    1.4200000000e+03    1.0708873893e+00
    1.4300000000e+03    1.0916928417e+00
    1.4400000000e+03    1.1619445913e+00
    1.4500000000e+03    1.2487350884e+00
    1.4600000000e+03    1.5494460486e+00
    1.4700000000e+03    1.9746388107e+00
    1.4800000000e+03    2.4526462639e+00
    1.4900000000e+03    2.9358113651e+00
    1.5000000000e+03    3.4136590950e+00
    1.5100000000e+03    3.7880930942e+00
    1.5200000000e+03    3.8523164265e+00
    1.5300000000e+03    3.6060028200e+00
    1.5400000000e+03    3.3576039467e+00
    1.5500000000e+03    3.1738962490e+00
    1.5600000000e+03    2.8926430341e+00
    1.5700000000e+03    2.5787289532e+00
    1.5800000000e+03    2.3352704070e+00
    1.5900000000e+03    2.1764950270e+00
    1.6000000000e+03    2.1033396991e+00
    1.6100000000e+03    2.0766440576e+00
    1.6200000000e+03    1.9492150154e+00
    1.6300000000e+03    1.9334230985e+00
    1.6400000000e+03    2.0648348515e+00
    1.6500000000e+03    2.0841945714e+00
    1.6600000000e+03    2.1621961724e+00
    1.6700000000e+03    2.2565106291e+00
    1.6800000000e+03    2.3182613149e+00
    1.6900000000e+03    2.3375825435e+00
    1.7000000000e+03    2.2762434999e+00
    1.7100000000e+03    2.1940258917e+00
    1.7200000000e+03    2.1175153446e+00
    1.7300000000e+03    2.0244140918e+00
    1.7400000000e+03    1.8925658877e+00
    1.7500000000e+03    1.7227116854e+00
    1.7600000000e+03    1.6232973888e+00
    1.7700000000e+03    1.5898316641e+00
    1.7800000000e+03    1.6230727111e+00
    1.7900000000e+03    1.6721792461e+00
    1.8000000000e+03    1.7376343946e+00
    1.8100000000e+03    1.9694763622e+00
    1.8200000000e+03    2.1733007759e+00
    1.8300000000e+03    2.1581197823e+00
    1.8400000000e+03    2.0797413941e+00
    1.8500000000e+03    2.1066037913e+00
    1.8600000000e+03    2.2425895418e+00
    1.8700000000e+03    2.3491642592e+00
    1.8800000000e+03    2.3515263536e+00
    1.8900000000e+03    2.3855108538e+00
    1.9000000000e+03    2.4678815013e+00
    1.9100000000e+03    2.4887054030e+00
    1.9200000000e+03    2.2515071882e+00
    1.9300000000e+03    1.9989703929e+00
    1.9400000000e+03    1.9630746366e+00
    1.9500000000e+03    2.0917112198e+00
    1.9600000000e+03    2.2456777017e+00
    1.9700000000e+03    2.0195647779e+00
    1.9800000000e+03    1.5561223874e+00
    1.9900000000e+03    1.4226199000e+00
    2.0000000000e+03    1.5169768775e+00
    2.0100000000e+03    1.6442777946e+00
    2.0200000000e+03    1.7740959210e+00
    2.0300000000e+03    1.9969901045e+00
    2.0400000000e+03    2.4743985236e+00
    2.0500000000e+03    3.1263323584e+00
    2.0600000000e+03    3.4084609243e+00
    2.0700000000e+03    3.5263463639e+00
    2.0800000000e+03    4.1455010532e+00
    2.0900000000e+03    5.4442792666e+00
    2.1000000000e+03    6.4565608538e+00
    2.1100000000e+03    6.8019363473e+00
    2.1200000000e+03    7.1875995870e+00
    2.1300000000e+03    7.8215972005e+00
    2.1400000000e+03    7.6846764262e+00
    2.1500000000e+03    6.5908574405e+00
    2.1600000000e+03    5.6287380725e+00
    2.1700000000e+03    5.2156068176e+00
    2.1800000000e+03    5.1062409037e+00
    2.1900000000e+03    5.0296512721e+00
    2.2000000000e+03    4.6379855398e+00
    2.2100000000e+03    3.7653917607e+00
    2.2200000000e+03    3.3537213582e+00
    2.2300000000e+03    3.9612758455e+00
    2.2400000000e+03    5.3901541461e+00
    2.2500000000e+03    6.6573317693e+00
    2.2600000000e+03    7.0062992318e+00
    2.2700000000e+03    6.5540757460e+00
    2.2800000000e+03    5.7020376530e+00
    2.2900000000e+03    5.1830647292e+00
    2.3000000000e+03    5.2587872225e+00
    2.3100000000e+03    6.1262947601e+00
    2.3200000000e+03    7.4248583156e+00
    2.3300000000e+03    7.4425406204e+00
    2.3400000000e+03    7.1257282413e+00
    2.3500000000e+03    7.5702891658e+00
    2.3600000000e+03    7.5312487446e+00
    2.3700000000e+03    6.6794062924e+00
    2.3800000000e+03    6.6327587563e+00
    2.3900000000e+03    7.9833413714e+00
    2.4000000000e+03    9.6663769626e+00
    2.4100000000e+03    9.0820462331e+00
    2.4200000000e+03    6.9140863146e+00
    2.4300000000e+03    6.7035943027e+00
    2.4400000000e+03    8.1248363439e+00
    2.4500000000e+03    9.7927978895e+00
    2.4600000000e+03    1.0626928846e+01
    2.4700000000e+03    1.0471077936e+01
    2.4800000000e+03    9.6454964490e+00
    2.4900000000e+03    8.3859899921e+00
    2.5000000000e+03    7.8162563338e+00
    2.5100000000e+03    7.7073120944e+00
    2.5200000000e+03    8.3704868447e+00
    2.5300000000e+03    9.9976134168e+00
    2.5400000000e+03    1.1004476887e+01
    2.5500000000e+03    1.1071208302e+01
    2.5600000000e+03    9.7161192391e+00
    2.5700000000e+03    7.9922119863e+00
    2.5800000000e+03    7.7786682827e+00
    2.5900000000e+03    9.4796157862e+00
    2.6000000000e+03    1.1206239132e+01
    2.6100000000e+03    1.1656775181e+01
    2.6200000000e+03    1.1607167850e+01
    2.6300000000e+03    8.8040998120e+00
    2.6400000000e+03    5.8419425180e+00
    2.6500000000e+03    5.4535556501e+00
    2.6600000000e+03    7.4068988165e+00
    2.6700000000e+03    9.9021424802e+00
    2.6800000000e+03    1.0283350020e+01
    2.6900000000e+03    1.0093952867e+01
    2.7000000000e+03    9.4427261928e+00
    2.7100000000e+03    8.2325838886e+00
    2.7200000000e+03    7.9298370919e+00
    2.7300000000e+03    9.5590324455e+00
    2.7400000000e+03    1.1228400651e+01
    2.7500000000e+03    1.0281191718e+01
    2.7600000000e+03    8.9184022884e+00
    2.7700000000e+03    9.0248693554e+00
    2.7800000000e+03    1.0195478098e+01
    2.7900000000e+03    1.0352178806e+01
    2.8000000000e+03    9.1531690812e+00
    2.8100000000e+03    8.4726756971e+00
    2.8200000000e+03    8.8496295570e+00
    2.8300000000e+03    9.5747769086e+00
    2.8400000000e+03    9.9661048694e+00
    2.8500000000e+03    9.9212472648e+00
    2.8600000000e+03    8.3589574477e+00
    2.8700000000e+03    6.1642462878e+00
    2.8800000000e+03    5.3383123977e+00
    2.8900000000e+03    6.4690638874e+00
    2.9000000000e+03    8.2236998751e+00
    2.9100000000e+03    9.1925213629e+00
    2.9200000000e+03    8.8624520452e+00
    2.9300000000e+03    7.4390028369e+00
    2.9400000000e+03    5.7453203498e+00
    2.9500000000e+03    5.0964774232e+00
    2.9600000000e+03    5.5046740752e+00
    2.9700000000e+03    6.4977358427e+00
    2.9800000000e+03    7.8237142654e+00
    2.9900000000e+03    8.3300888301e+00
    3.0000000000e+03    7.5149112604e+00
    3.0100000000e+03    6.2235644074e+00
    3.0200000000e+03    5.4053205421e+00
    3.0300000000e+03    5.4689006139e+00
    3.0400000000e+03    6.9563752895e+00
    3.0500000000e+03    8.7384707040e+00
    3.0600000000e+03    9.3582422049e+00
    3.0700000000e+03    8.3428712684e+00
    3.0800000000e+03    6.5564429526e+00
    3.0900000000e+03    5.2257344934e+00
    3.1000000000e+03    5.0865995975e+00
    3.1100000000e+03    5.5819499389e+00
    3.1200000000e+03    6.2180749105e+00
    3.1300000000e+03    6.3066678471e+00
    3.1400000000e+03    5.3721711478e+00
    3.1500000000e+03    4.0498570070e+00
    3.1600000000e+03    3.2028222982e+00
    3.1700000000e+03    3.0014924259e+00
    3.1800000000e+03    3.6174389547e+00
    3.1900000000e+03    4.2662486044e+00
    3.2000000000e+03    4.7613188199e+00
    3.2100000000e+03    5.1566750769e+00
    3.2200000000e+03    5.0004146087e+00
    3.2300000000e+03    4.5535426216e+00
    3.2400000000e+03    4.3288446871e+00
    3.2500000000e+03    4.1717845424e+00
    3.2600000000e+03    5.2274114458e+00
    3.2700000000e+03    6.0067402953e+00
    3.2800000000e+03    5.5121276622e+00
    3.2900000000e+03    4.9839502518e+00
    3.3000000000e+03    4.3908151870e+00
    3.3100000000e+03    3.8967311791e+00
    3.3200000000e+03    4.2481637687e+00
    3.3300000000e+03    4.3472206271e+00
    3.3400000000e+03    4.2909799262e+00
    3.3500000000e+03    3.9191113016e+00
    3.3600000000e+03    2.7354379805e+00
    3.3700000000e+03    2.5254390497e+00
    3.3800000000e+03    2.3404186263e+00
    3.3900000000e+03    2.3781002963e+00
    3.4000000000e+03    2.2325193901e+00
    3.4100000000e+03    1.9216172757e+00
    3.4200000000e+03    1.8473289848e+00
    3.4300000000e+03    1.7918787509e+00
    3.4400000000e+03    2.8739338540e+00
    3.4500000000e+03    3.2686847307e+00
    3.4600000000e+03    2.5256994038e+00
    3.4700000000e+03    2.4499196716e+00
    3.4800000000e+03    3.2454727727e+00
    3.4900000000e+03    4.6549265287e+00
    3.5000000000e+03    4.6301098154e+00
    3.5100000000e+03    3.5985056097e+00
    3.5200000000e+03    3.1202409151e+00
    3.5300000000e+03    3.9995919967e+00
    3.5400000000e+03    5.0159026775e+00
    3.5500000000e+03    4.4458834974e+00
    3.5600000000e+03    2.9319728134e+00
    3.5700000000e+03    2.4522105497e+00
    3.5800000000e+03    3.1099861375e+00
    3.5900000000e+03    3.2202442732e+00
    3.6000000000e+03    2.2187377195e+00
    3.6100000000e+03    1.8693740793e+00
    3.6200000000e+03    1.9442405270e+00
    3.6300000000e+03    2.1979549697e+00
    3.6400000000e+03    1.9244635691e+00
    3.6500000000e+03    1.7044582940e+00
    3.6600000000e+03    1.6650081501e+00
    3.6700000000e+03    1.8792485186e+00
    3.6800000000e+03    2.3351195450e+00
    3.6900000000e+03    2.2307600064e+00
    3.7000000000e+03    2.2242465809e+00
    3.7100000000e+03    2.3912914546e+00
    3.7200000000e+03    2.7072096564e+00
    3.7300000000e+03    2.2889162218e+00
    3.7400000000e+03    1.5016642908e+00
    3.7500000000e+03    1.8781220979e+00
    3.7600000000e+03    2.8878276106e+00
    3.7700000000e+03    3.2439729048e+00
    3.7800000000e+03    2.4459931033e+00
    3.7900000000e+03    2.0428355058e+00
    3.8000000000e+03    2.1834859499e+00
    3.8100000000e+03    3.0906449033e+00
    3.8200000000e+03    3.8776794173e+00
    3.8300000000e+03    3.7220654094e+00
    3.8400000000e+03    2.8031332197e+00
    3.8500000000e+03    2.2937643449e+00
    3.8600000000e+03    2.4014025913e+00
    3.8700000000e+03    3.6365525098e+00
    3.8800000000e+03    4.8057389689e+00
    3.8900000000e+03    4.9461814714e+00
    3.9000000000e+03    4.2291392856e+00
    3.9100000000e+03    3.5202420291e+00
    3.9200000000e+03    3.4713660411e+00
    3.9300000000e+03    4.3991921123e+00
    3.9400000000e+03    5.6042713673e+00
    3.9500000000e+03    6.5347844565e+00
    3.9600000000e+03    7.5789485996e+00
    3.9700000000e+03    8.7554686975e+00
    3.9800000000e+03    9.3571188007e+00
    3.9900000000e+03    9.3010414574e+00
    4.0000000000e+03    8.9437376865e+00
    4.0100000000e+03    8.3693938742e+00
    4.0200000000e+03    7.8697280106e+00
    4.0300000000e+03    7.8080716559e+00
    4.0400000000e+03    7.8144347073e+00
    4.0500000000e+03    7.5127471074e+00
    4.0600000000e+03    6.8675462718e+00
    4.0700000000e+03    5.7528932001e+00
    4.0800000000e+03    4.6644592971e+00
    4.0900000000e+03    4.2130132787e+00
    4.1000000000e+03    4.4898853000e+00
    4.1100000000e+03    5.1705325404e+00
    4.1200000000e+03    5.3123358395e+00
    4.1300000000e+03    4.6609075953e+00
    4.1400000000e+03    3.8335178184e+00
    4.1500000000e+03    3.4218066179e+00
    4.1600000000e+03    3.9105882915e+00
    4.1700000000e+03    4.5649894064e+00
    4.1800000000e+03    4.1846990251e+00
    4.1900000000e+03    3.3374096057e+00
    4.2000000000e+03    2.7602818878e+00
    4.2100000000e+03    2.6219865527e+00
    4.2200000000e+03    3.3498337324e+00
    4.2300000000e+03    3.4421338722e+00
    4.2400000000e+03    2.4979513892e+00
    4.2500000000e+03    2.2385552941e+00
    4.2600000000e+03    2.1744393448e+00
    4.2700000000e+03    2.1252289914e+00
    4.2800000000e+03    2.9116309986e+00
    4.2900000000e+03    2.4760626262e+00
    4.3000000000e+03    1.8131018477e+00
    4.3100000000e+03    1.6324010505e+00
    4.3200000000e+03    2.1960555094e+00
    4.3300000000e+03    3.0242843872e+00
    4.3400000000e+03    2.8966177183e+00
    4.3500000000e+03    2.3759744423e+00
    4.3600000000e+03    2.0147688258e+00
    4.3700000000e+03    1.9689428940e+00
    4.3800000000e+03    2.3813668100e+00
    4.3900000000e+03    2.0298773420e+00
    4.4000000000e+03    1.6736852253e+00
    4.4100000000e+03    1.6103381083e+00
    4.4200000000e+03    1.5517267788e+00
    4.4300000000e+03    1.4782005689e+00
    4.4400000000e+03    1.3457318204e+00
    4.4500000000e+03    1.2492356154e+00
    4.4600000000e+03    1.4915288703e+00
    4.4700000000e+03    1.2459015481e+00
    4.4800000000e+03    1.4186658989e+00
    4.4900000000e+03    1.4706740458e+00
    4.5000000000e+03    1.3675804437e+00
    4.5100000000e+03    1.5658220990e+00
    4.5200000000e+03    1.7897270527e+00
    4.5300000000e+03    2.3994886445e+00
    4.5400000000e+03    2.6800971596e+00
    4.5500000000e+03    2.4335361011e+00
    4.5600000000e+03    2.5663374589e+00
    4.5700000000e+03    3.0049870253e+00
    4.5800000000e+03    3.5911608233e+00
    4.5900000000e+03    3.5393481117e+00
    4.6000000000e+03    2.8573765064e+00
    4.6100000000e+03    2.4775900819e+00
    4.6200000000e+03    2.6439070072e+00
    4.6300000000e+03    2.9812571732e+00
    4.6400000000e+03    2.9337182131e+00
    4.6500000000e+03    2.1975354055e+00
    4.6600000000e+03    2.1505485153e+00
    4.6700000000e+03    2.0531001511e+00
    4.6800000000e+03    1.6751881926e+00
    4.6900000000e+03    1.9228799501e+00
    4.7000000000e+03    1.5753875786e+00
    4.7100000000e+03    1.4331718849e+00
    4.7200000000e+03    1.9230378507e+00
    4.7300000000e+03    2.8515405890e+00
    4.7400000000e+03    3.2694919845e+00
    4.7500000000e+03    2.9671547593e+00
    4.7600000000e+03    2.8669111775e+00
    4.7700000000e+03    2.7102036697e+00
    4.7800000000e+03    2.7233504526e+00
    4.7900000000e+03    3.2968607660e+00
    4.8000000000e+03    3.0275899602e+00
    4.8100000000e+03    2.0521409672e+00
    4.8200000000e+03    1.7622561555e+00
    4.8300000000e+03    1.6886390266e+00
    4.8400000000e+03    1.5814576549e+00
    4.8500000000e+03    1.7864726082e+00
    4.8600000000e+03    1.7362332440e+00
    4.8700000000e+03    1.8985012185e+00
    4.8800000000e+03    2.0743418618e+00
    4.8900000000e+03    1.7640367828e+00
    4.9000000000e+03    1.7206975148e+00
    4.9100000000e+03    1.6888043561e+00
    4.9200000000e+03    1.6538763411e+00
    4.9300000000e+03    1.6181697014e+00
    4.9400000000e+03    1.5940860142e+00
    4.9500000000e+03    1.5863249185e+00
    4.9600000000e+03    2.5326219907e+00
    4.9700000000e+03    2.9052860731e+00
    4.9800000000e+03    2.4065314385e+00
    4.9900000000e+03    1.5315884930e+00
    5.0000000000e+03    1.5236764314e+00
    5.0100000000e+03    2.6598071998e+00
    5.0200000000e+03    3.3177818299e+00
    5.0300000000e+03    2.5863212590e+00
    5.0400000000e+03    1.9016164542e+00
    5.0500000000e+03    2.5164357690e+00
    5.0600000000e+03    3.1080695373e+00
    5.0700000000e+03    3.1772678582e+00
    5.0800000000e+03    2.3770637300e+00
    5.0900000000e+03    2.2203187416e+00
    5.1000000000e+03    2.6581949834e+00
    5.1100000000e+03    2.6386861869e+00
    5.1200000000e+03    2.3124249444e+00
    5.1300000000e+03    1.6042734083e+00
    5.1400000000e+03    1.3279329361e+00
    5.1500000000e+03    1.7015156877e+00
    5.1600000000e+03    1.9166545189e+00
    5.1700000000e+03    2.4396432533e+00
    5.1800000000e+03    2.3220679835e+00
    5.1900000000e+03    2.0053697060e+00
    5.2000000000e+03    2.6157260735e+00
    5.2100000000e+03    3.6179207912e+00
    5.2200000000e+03    4.1460518377e+00
    5.2300000000e+03    3.6892636111e+00
    5.2400000000e+03    3.5709620169e+00
    5.2500000000e+03    4.1121499872e+00
    5.2600000000e+03    4.5544945465e+00
    5.2700000000e+03    4.2854989893e+00
    5.2800000000e+03    3.6195688410e+00
    5.2900000000e+03    3.5344071287e+00
    5.3000000000e+03    3.8270632266e+00
    5.3100000000e+03    4.2581212775e+00
    5.3200000000e+03    4.1183817108e+00
    5.3300000000e+03    3.3877626750e+00
    5.3400000000e+03    3.0187116043e+00
    5.3500000000e+03    2.8785790837e+00
    5.3600000000e+03    3.3813226069e+00
    5.3700000000e+03    3.7656460908e+00
    5.3800000000e+03    3.5013568658e+00
    5.3900000000e+03    3.1425158410e+00
    5.4000000000e+03    3.0045645460e+00
    5.4100000000e+03    3.6788302015e+00
    5.4200000000e+03    3.6194483541e+00
    5.4300000000e+03    2.9046744221e+00
    5.4400000000e+03    2.1065148941e+00
    5.4500000000e+03    2.1512141100e+00
    5.4600000000e+03    2.5192960873e+00
    5.4700000000e+03    2.3726185065e+00
    5.4800000000e+03    1.8202028406e+00
    5.4900000000e+03    1.5742083206e+00
    5.5000000000e+03    1.7613217215e+00
    5.5100000000e+03    1.8650960373e+00
    5.5200000000e+03    1.9298325510e+00
    5.5300000000e+03    1.3535229058e+00
    5.5400000000e+03    1.3315187312e+00
    5.5500000000e+03    1.8332955837e+00
    5.5600000000e+03    2.4525355084e+00
    5.5700000000e+03    3.5061297698e+00
    5.5800000000e+03    3.6534874883e+00
    5.5900000000e+03    3.4054467324e+00
    5.6000000000e+03    3.2455795781e+00
    5.6100000000e+03    3.7589855337e+00
    5.6200000000e+03    4.2103232623e+00
    5.6300000000e+03    3.4153036569e+00
    5.6400000000e+03    2.4121562332e+00
    5.6500000000e+03    1.8130100059e+00
    5.6600000000e+03    2.4005113433e+00
    5.6700000000e+03    2.3278437451e+00
    5.6800000000e+03    1.9349853883e+00
    5.6900000000e+03    1.6452512536e+00
    5.7000000000e+03    1.9288016808e+00
    5.7100000000e+03    2.4222688823e+00
    5.7200000000e+03    2.3766156070e+00
    5.7300000000e+03    2.1172654478e+00
    5.7400000000e+03    2.2104207860e+00
    5.7500000000e+03    2.3905602892e+00
    5.7600000000e+03    2.6159574501e+00
    5.7700000000e+03    2.7868404746e+00
    5.7800000000e+03    2.5524278103e+00
    5.7900000000e+03    2.4208326955e+00
    5.8000000000e+03    2.9140642425e+00
    5.8100000000e+03    3.6769858497e+00
    5.8200000000e+03    3.5427355252e+00
    5.8300000000e+03    2.8639435654e+00
    5.8400000000e+03    2.7153013677e+00
    5.8500000000e+03    3.1927803163e+00
    5.8600000000e+03    3.5007291641e+00
    5.8700000000e+03    3.2111659715e+00
    5.8800000000e+03    2.6286083739e+00
    5.8900000000e+03    2.2394176249e+00
    5.9000000000e+03    2.4474497924e+00
    5.9100000000e+03    3.1059842219e+00
    5.9200000000e+03    3.6379553533e+00
    5.9300000000e+03    3.6076292058e+00
    5.9400000000e+03    3.1148092261e+00
    5.9500000000e+03    2.6722976685e+00
    5.9600000000e+03    3.1396932223e+00
    5.9700000000e+03    3.8470550420e+00
    5.9800000000e+03    4.5291102686e+00
    5.9900000000e+03    5.0420917202e+00
    6.0000000000e+03    5.0757307570e+00
    6.0100000000e+03    5.3176376082e+00
    6.0200000000e+03    5.9190302903e+00
    6.0300000000e+03    6.5198272934e+00
    6.0400000000e+03    7.1726806213e+00
    6.0500000000e+03    7.1464322024e+00
    6.0600000000e+03    6.1832860191e+00
    6.0700000000e+03    5.3024464130e+00
    6.0800000000e+03    5.2273868928e+00
    6.0900000000e+03    5.9968508080e+00
    6.1000000000e+03    7.3347390394e+00
    6.1100000000e+03    8.0415015078e+00
    6.1200000000e+03    7.3461879637e+00
    6.1300000000e+03    6.0349810777e+00
    6.1400000000e+03    5.0005017119e+00
    6.1500000000e+03    4.7246234403e+00
    6.1600000000e+03    5.3132650072e+00
    6.1700000000e+03    5.5596442514e+00
    6.1800000000e+03    5.1192555276e+00
    6.1900000000e+03    4.3897135716e+00
    6.2000000000e+03    3.8995526982e+00
    6.2100000000e+03    4.2942483853e+00
    6.2200000000e+03    4.8493199286e+00
    6.2300000000e+03    5.0083968373e+00
    6.2400000000e+03    4.2464324210e+00
    6.2500000000e+03    3.1270295087e+00
    6.2600000000e+03    3.1693836051e+00
    6.2700000000e+03    3.5210185091e+00
    6.2800000000e+03    3.9069852257e+00
    6.2900000000e+03    3.5850168421e+00
    6.3000000000e+03    3.1618963423e+00
    6.3100000000e+03    3.4009645622e+00
    6.3200000000e+03    3.6906639423e+00
    6.3300000000e+03    4.0530818192e+00
    6.3400000000e+03    3.8337774862e+00
    6.3500000000e+03    3.3685042549e+00
    6.3600000000e+03    3.5729496630e+00
    6.3700000000e+03    3.5981865686e+00
    6.3800000000e+03    3.9165637552e+00
    6.3900000000e+03    3.9213573069e+00
    6.4000000000e+03    3.4902352123e+00
    6.4100000000e+03    3.3271281703e+00
    6.4200000000e+03    3.5824354598e+00
    6.4300000000e+03    4.2873846258e+00
    6.4400000000e+03    4.5266960486e+00
    6.4500000000e+03    4.1809983178e+00
    6.4600000000e+03    3.6159915834e+00
    6.4700000000e+03    3.4965506610e+00
    6.4800000000e+03    3.7512278574e+00
    6.4900000000e+03    4.1628728658e+00
    6.5000000000e+03    4.5973765056e+00
    6.5100000000e+03    4.3470951383e+00
    6.5200000000e+03    3.7840706289e+00
    6.5300000000e+03    3.6130229636e+00
    6.5400000000e+03    3.9690603396e+00
    6.5500000000e+03    4.7453289227e+00
    6.5600000000e+03    4.7212711174e+00
    6.5700000000e+03    3.8944547420e+00
    6.5800000000e+03    3.2469837753e+00
    6.5900000000e+03    3.4794424437e+00
    6.6000000000e+03    4.4527045554e+00
    6.6100000000e+03    4.7876732473e+00
    6.6200000000e+03    4.1929041511e+00
    6.6300000000e+03    3.1215225401e+00
    6.6400000000e+03    2.3864382095e+00
    6.6500000000e+03    2.7829000861e+00
    6.6600000000e+03    3.4614432976e+00
    6.6700000000e+03    3.5109645928e+00
    6.6800000000e+03    2.6464365757e+00
    6.6900000000e+03    1.9079726324e+00
    6.7000000000e+03    2.1262971357e+00
    6.7100000000e+03    3.1644381067e+00
    6.7200000000e+03    3.9352238005e+00
    6.7300000000e+03    3.2638326202e+00
    6.7400000000e+03    2.5978763047e+00
    6.7500000000e+03    2.7738146799e+00
    6.7600000000e+03    3.9625903768e+00
    6.7700000000e+03    5.0751648539e+00
    6.7800000000e+03    4.3552994038e+00
    6.7900000000e+03    3.3673106627e+00
    6.8000000000e+03    3.2037385249e+00
    6.8100000000e+03    4.3160570699e+00
    6.8200000000e+03    4.6046683028e+00
    6.8300000000e+03    3.5636227350e+00
    6.8400000000e+03    2.3024156393e+00
    6.8500000000e+03    1.7758294777e+00
    6.8600000000e+03    2.5836750798e+00
    6.8700000000e+03    3.1175688232e+00
    6.8800000000e+03    2.7640226280e+00
    6.8900000000e+03    1.7541401682e+00
    6.9000000000e+03    1.3613198978e+00
    6.9100000000e+03    1.3947630484e+00
    6.9200000000e+03    2.0193042823e+00
    6.9300000000e+03    2.3457573800e+00
    6.9400000000e+03    1.7479389876e+00
    6.9500000000e+03    1.4926605693e+00
    6.9600000000e+03    1.7201250213e+00
    6.9700000000e+03    2.6157789257e+00
    6.9800000000e+03    3.0363434844e+00
    6.9900000000e+03    2.2860715234e+00
    7.0000000000e+03    1.6743474631e+00
    7.0100000000e+03    1.8870995146e+00
    7.0200000000e+03    2.7114866674e+00
    7.0300000000e+03    3.0666267694e+00
    7.0400000000e+03    2.3366745982e+00
    7.0500000000e+03    1.5603241739e+00
    7.0600000000e+03    1.6549715401e+00
    7.0700000000e+03    2.6010643239e+00
    7.0800000000e+03    3.0614811511e+00
    7.0900000000e+03    2.4065946260e+00
    7.1000000000e+03    1.8248221656e+00
    7.1100000000e+03    1.8052847100e+00
    7.1200000000e+03    2.6719152403e+00
    7.1300000000e+03    3.5332193229e+00
    7.1400000000e+03    3.4932339026e+00
    7.1500000000e+03    2.7665238000e+00
    7.1600000000e+03    2.4470574519e+00
    7.1700000000e+03    3.1847406907e+00
    7.1800000000e+03    3.6526888435e+00
    7.1900000000e+03    3.4203484337e+00
    7.2000000000e+03    2.5807033930e+00
    7.2100000000e+03    2.2106843473e+00
    7.2200000000e+03    2.7242170053e+00
    7.2300000000e+03    2.9072569651e+00
    7.2400000000e+03    2.8436206593e+00
    7.2500000000e+03    2.1432214986e+00
    7.2600000000e+03    1.5661442795e+00
    7.2700000000e+03    2.0938339030e+00
    7.2800000000e+03    2.2465958791e+00
    7.2900000000e+03    2.5726714715e+00
    7.3000000000e+03    2.7424970060e+00
    7.3100000000e+03    2.4736715074e+00
    7.3200000000e+03    2.7484957431e+00
    7.3300000000e+03    3.0411463448e+00
    7.3400000000e+03    3.5232231052e+00
    7.3500000000e+03    3.9272304107e+00
    7.3600000000e+03    3.7730330383e+00
    7.3700000000e+03    3.6719111179e+00
    7.3800000000e+03    3.6524763019e+00
    7.3900000000e+03    4.1296608141e+00
    7.4000000000e+03    4.6882410526e+00
    7.4100000000e+03    4.6241005058e+00
    7.4200000000e+03    4.2118703192e+00
    7.4300000000e+03    3.6762871926e+00
    7.4400000000e+03    3.6574736673e+00
    7.4500000000e+03    3.9241730372e+00
    7.4600000000e+03    3.7163006005e+00
    7.4700000000e+03    3.1133966661e+00
    7.4800000000e+03    2.3303268145e+00
    7.4900000000e+03    2.1909923354e+00
    7.5000000000e+03    2.7463686760e+00
    7.5100000000e+03    2.9486784580e+00
    7.5200000000e+03    2.5132959187e+00
    7.5300000000e+03    1.7376579496e+00
    7.5400000000e+03    1.6501922155e+00
    7.5500000000e+03    2.2233706732e+00
    7.5600000000e+03    2.3249892865e+00
    7.5700000000e+03    1.4986592106e+00
    7.5800000000e+03    1.2878912149e+00
    7.5900000000e+03    1.6815572255e+00
    7.6000000000e+03    2.6436904256e+00
    7.6100000000e+03    2.4271648373e+00
    7.6200000000e+03    1.8408805298e+00
    7.6300000000e+03    2.2042653545e+00
    7.6400000000e+03    2.9789981957e+00
    7.6500000000e+03    3.3791575328e+00
    7.6600000000e+03    2.7376568092e+00
    7.6700000000e+03    2.2097626092e+00
    7.6800000000e+03    2.6698017628e+00
    7.6900000000e+03    3.6251877377e+00
    7.7000000000e+03    3.5537409252e+00
    7.7100000000e+03    2.5624854626e+00
    7.7200000000e+03    2.3196312094e+00
    7.7300000000e+03    3.0324135866e+00
    7.7400000000e+03    3.3069772934e+00
    7.7500000000e+03    2.2663600046e+00
    7.7600000000e+03    1.5470227303e+00
    7.7700000000e+03    1.9308188995e+00
    7.7800000000e+03    2.6641939718e+00
    7.7900000000e+03    2.4381884497e+00
    7.8000000000e+03    1.7414165341e+00
    7.8100000000e+03    1.4144060397e+00
    7.8200000000e+03    1.7671012952e+00
    7.8300000000e+03    2.3347462151e+00
    7.8400000000e+03    1.8904236635e+00
    7.8500000000e+03    1.3731835383e+00
    7.8600000000e+03    1.5475947583e+00
    7.8700000000e+03    2.5707860814e+00
    7.8800000000e+03    2.7733447465e+00
    7.8900000000e+03    2.1489236665e+00
    7.9000000000e+03    1.9576442554e+00
    7.9100000000e+03    2.7358483693e+00
    7.9200000000e+03    3.3339854736e+00
    7.9300000000e+03    3.0376482671e+00
    7.9400000000e+03    2.3934357149e+00
    7.9500000000e+03    2.3072301952e+00
    7.9600000000e+03    2.7634885602e+00
    7.9700000000e+03    2.9411789574e+00
    7.9800000000e+03    2.5939235531e+00
    7.9900000000e+03    2.0292024936e+00
    8.0000000000e+03    2.1125038120e+00
    8.0100000000e+03    2.7341562548e+00
    8.0200000000e+03    2.9642982338e+00
    8.0300000000e+03    2.3306054148e+00
    8.0400000000e+03    1.9117362699e+00
    8.0500000000e+03    2.0881191407e+00
    8.0600000000e+03    2.0849110895e+00
    8.0700000000e+03    2.1914558958e+00
    8.0800000000e+03    2.3485397564e+00
    8.0900000000e+03    2.3559747468e+00
    8.1000000000e+03    2.5562789634e+00
    8.1100000000e+03    2.7233217833e+00
    8.1200000000e+03    2.6700818443e+00
    8.1300000000e+03    2.4208453332e+00
    8.1400000000e+03    1.9761437233e+00
    8.1500000000e+03    2.0058958367e+00
    8.1600000000e+03    1.9297679872e+00
    8.1700000000e+03    1.7956076119e+00
    8.1800000000e+03    1.9580046534e+00
    8.1900000000e+03    2.3123707007e+00
    8.2000000000e+03    2.4136121682e+00
    8.2100000000e+03    1.8731444356e+00
    8.2200000000e+03    1.7611444110e+00
    8.2300000000e+03    1.7793115090e+00
    8.2400000000e+03    2.0541012078e+00
    8.2500000000e+03    1.9320773873e+00
    8.2600000000e+03    1.6966974401e+00
    8.2700000000e+03    1.7066808424e+00
    8.2800000000e+03    2.0586722604e+00
    8.2900000000e+03    2.2980921671e+00
    8.3000000000e+03    1.7977925691e+00
    8.3100000000e+03    1.4721013066e+00
    8.3200000000e+03    1.5680856168e+00
    8.3300000000e+03    1.6840691882e+00
    8.3400000000e+03    1.8842588543e+00
    8.3500000000e+03    1.8057435051e+00
    8.3600000000e+03    1.7002116173e+00
    8.3700000000e+03    1.8565290996e+00
    8.3800000000e+03    1.7703632010e+00
    8.3900000000e+03    1.6562169936e+00
    8.4000000000e+03    1.7340163430e+00
    8.4100000000e+03    2.0697249817e+00
    8.4200000000e+03    2.2527749210e+00
    8.4300000000e+03    2.1669436442e+00
    8.4400000000e+03    1.9902235799e+00
    8.4500000000e+03    1.9699442116e+00
    8.4600000000e+03    2.1668709289e+00
    8.4700000000e+03    2.1719884425e+00
    8.4800000000e+03    2.1788427095e+00
    8.4900000000e+03    2.1874343580e+00
    8.5000000000e+03    2.0583604236e+00
    8.5100000000e+03    1.9911084387e+00
    8.5200000000e+03    2.1379006819e+00
    8.5300000000e+03    2.1658879894e+00
    8.5400000000e+03    2.3033665395e+00
    8.5500000000e+03    2.4082844563e+00
    8.5600000000e+03    2.4332011176e+00
    8.5700000000e+03    2.3140131946e+00
    8.5800000000e+03    2.1541761589e+00
    8.5900000000e+03    2.0120376062e+00
    8.6000000000e+03    2.1383527738e+00
    8.6100000000e+03    2.2439351419e+00
    8.6200000000e+03    2.4748131109e+00
    8.6300000000e+03    2.7531344436e+00
    8.6400000000e+03    3.1515192051e+00
    8.6500000000e+03    3.2910775836e+00
    8.6600000000e+03    3.2921853773e+00
    8.6700000000e+03    3.2847201767e+00
    8.6800000000e+03    3.1648302368e+00
    8.6900000000e+03    2.8673330837e+00
    8.7000000000e+03    2.5936701862e+00
    8.7100000000e+03    2.6980698092e+00
    8.7200000000e+03    2.4463918929e+00
    8.7300000000e+03    2.0272735452e+00
    8.7400000000e+03    1.8616752552e+00
    8.7500000000e+03    2.0806163114e+00
    8.7600000000e+03    1.8853197827e+00
    8.7700000000e+03    1.5148423217e+00
    8.7800000000e+03    1.4607317495e+00
    8.7900000000e+03    1.7732590282e+00
    8.8000000000e+03    1.8359271890e+00
    8.8100000000e+03    1.6671006576e+00
    8.8200000000e+03    1.9004243615e+00
    8.8300000000e+03    2.1399126890e+00
    8.8400000000e+03    2.3351100733e+00
    8.8500000000e+03    2.6872368726e+00
    8.8600000000e+03    3.3469785671e+00
    8.8700000000e+03    3.5347548269e+00
    8.8800000000e+03    3.4047174338e+00
    8.8900000000e+03    3.5026637148e+00
    8.9000000000e+03    3.6100685681e+00
    8.9100000000e+03    3.4258545194e+00
    8.9200000000e+03    3.0470265627e+00
    8.9300000000e+03    2.7864227109e+00
    8.9400000000e+03    2.5553424577e+00
    8.9500000000e+03    2.3085210123e+00
    8.9600000000e+03    1.9206844572e+00
    8.9700000000e+03    1.6767639353e+00
    8.9800000000e+03    1.4125801938e+00
    8.9900000000e+03    1.2280605236e+00
    9.0000000000e+03    1.3344228631e+00
    9.0100000000e+03    1.6446653183e+00
    9.0200000000e+03    1.5359024962e+00
    9.0300000000e+03    1.6741906384e+00
    9.0400000000e+03    1.9807651818e+00
    9.0500000000e+03    2.0735655347e+00
    9.0600000000e+03    1.8594069384e+00
    9.0700000000e+03    1.4841429468e+00
    9.0800000000e+03    1.9146996643e+00
    9.0900000000e+03    2.1126563030e+00
    9.1000000000e+03    1.8309854924e+00
    9.1100000000e+03    1.7925974772e+00
    9.1200000000e+03    2.3403228313e+00
    9.1300000000e+03    2.8381949303e+00
    9.1400000000e+03    2.8432267070e+00
    9.1500000000e+03    2.4106452696e+00
    9.1600000000e+03    2.0135643399e+00
    9.1700000000e+03    2.0222183619e+00
    9.1800000000e+03    2.2247851930e+00
    9.1900000000e+03    2.2587962652e+00
    9.2000000000e+03    1.8176093615e+00
    9.2100000000e+03    1.4514659902e+00
    9.2200000000e+03    1.4540710784e+00
    9.2300000000e+03    1.7032823064e+00
    9.2400000000e+03    1.9942304468e+00
    9.2500000000e+03    1.7585925906e+00
    9.2600000000e+03    1.5926963576e+00
    9.2700000000e+03    1.8828126087e+00
    9.2800000000e+03    2.2585995996e+00
    9.2900000000e+03    2.2111281475e+00
    9.3000000000e+03    1.8937235294e+00
    9.3100000000e+03    1.8068835148e+00
    9.3200000000e+03    1.7092631960e+00
    9.3300000000e+03    1.6919018588e+00
    9.3400000000e+03    1.6706894187e+00
    9.3500000000e+03    1.6144334120e+00
    9.3600000000e+03    1.5627167907e+00
    9.3700000000e+03    1.6605561822e+00
    9.3800000000e+03    2.0345417708e+00
    9.3900000000e+03    2.3004770644e+00
    9.4000000000e+03    2.3518443399e+00
    9.4100000000e+03    2.2487557380e+00
    9.4200000000e+03    2.1045376749e+00
    9.4300000000e+03    2.2361064487e+00
    9.4400000000e+03    2.2416871413e+00
    9.4500000000e+03    1.9786824872e+00
    9.4600000000e+03    1.6707658744e+00
    9.4700000000e+03    1.6665460779e+00
    9.4800000000e+03    1.9778419117e+00
    9.4900000000e+03    1.8799221964e+00
    9.5000000000e+03    1.6288366553e+00
    9.5100000000e+03    1.5059831622e+00
    9.5200000000e+03    1.6646209730e+00
    9.5300000000e+03    1.6735015530e+00
    9.5400000000e+03    1.2864995432e+00
    9.5500000000e+03    1.1010999699e+00
    9.5600000000e+03    1.0981951133e+00
    9.5700000000e+03    1.1945335176e+00
    9.5800000000e+03    1.2612503944e+00
    9.5900000000e+03    1.2121912311e+00
    9.6000000000e+03    1.6023484348e+00
    9.6100000000e+03    1.9557856415e+00
    9.6200000000e+03    2.1878550935e+00
    9.6300000000e+03    2.2051982455e+00
    9.6400000000e+03    2.3165724967e+00
    9.6500000000e+03    2.6295150822e+00
    9.6600000000e+03    2.8844486752e+00
    9.6700000000e+03    2.9420678825e+00
    9.6800000000e+03    2.5784167169e+00
    9.6900000000e+03    2.0621906405e+00
    9.7000000000e+03    1.9886952792e+00
    9.7100000000e+03    2.1679463422e+00
    9.7200000000e+03    2.1406036514e+00
    9.7300000000e+03    1.6902370519e+00
    9.7400000000e+03    1.5541438694e+00
    9.7500000000e+03    1.4027968353e+00
    9.7600000000e+03    1.4849241918e+00
    9.7700000000e+03    1.6439702953e+00
    9.7800000000e+03    1.5383966701e+00
    9.7900000000e+03    1.7112842753e+00
    9.8000000000e+03    1.9198299620e+00
    9.8100000000e+03    2.0529956114e+00
    9.8200000000e+03    2.0857476877e+00
    9.8300000000e+03    2.1286281284e+00
    9.8400000000e+03    2.2003046548e+00
    9.8500000000e+03    2.0497324299e+00
    9.8600000000e+03    1.6662738345e+00
    9.8700000000e+03    1.6422192992e+00
    9.8800000000e+03    1.6263147947e+00
    9.8900000000e+03    1.6581857025e+00
    9.9000000000e+03    1.9261690734e+00
    9.9100000000e+03    2.2658303337e+00
    9.9200000000e+03    2.2077284333e+00
    9.9300000000e+03    2.1102763974e+00
    9.9400000000e+03    2.1628087045e+00
    9.9500000000e+03    2.2927905076e+00
    9.9600000000e+03    2.5990470297e+00
    9.9700000000e+03    2.6289898999e+00
    9.9800000000e+03    2.4567366153e+00
    9.9900000000e+03    2.5327359729e+00
    1.0000000000e+04    2.3756325749e+00
    1.0010000000e+04    2.0203711486e+00
    1.0020000000e+04    1.9853285950e+00
    1.0030000000e+04    1.8816776494e+00
    1.0040000000e+04    1.8176174130e+00
    1.0050000000e+04    1.6875602150e+00
    1.0060000000e+04    1.8117252358e+00
    1.0070000000e+04    1.8459967194e+00
    1.0080000000e+04    1.8443305760e+00
    1.0090000000e+04    1.6720355811e+00
    1.0100000000e+04    2.0485968804e+00
    1.0110000000e+04    2.3400665414e+00
    1.0120000000e+04    2.0658397191e+00
    1.0130000000e+04    1.8838585033e+00
    1.0140000000e+04    1.7179282929e+00
    1.0150000000e+04    1.8054590540e+00
    1.0160000000e+04    2.0800913142e+00
    1.0170000000e+04    2.0820544002e+00
    1.0180000000e+04    2.0615564085e+00
    1.0190000000e+04    2.2451987373e+00
    1.0200000000e+04    2.2762513857e+00
    1.0210000000e+04    2.1548394205e+00
    1.0220000000e+04    2.2599030684e+00
    1.0230000000e+04    2.0385920535e+00
    1.0240000000e+04    1.9988045239e+00
    1.0250000000e+04    1.6620037263e+00
    1.0260000000e+04    1.3392104090e+00
    1.0270000000e+04    1.3563226252e+00
    1.0280000000e+04    1.3134170615e+00
    1.0290000000e+04    1.6490648049e+00
    1.0300000000e+04    1.3681178011e+00
    1.0310000000e+04    1.1347755991e+00
    1.0320000000e+04    1.1133465564e+00
    1.0330000000e+04    1.1121544370e+00
    1.0340000000e+04    1.1018896854e+00
    1.0350000000e+04    1.2430912134e+00
    1.0360000000e+04    1.1694560020e+00
    1.0370000000e+04    1.2265937033e+00
    1.0380000000e+04    1.2660951986e+00
    1.0390000000e+04    1.2488915204e+00
    1.0400000000e+04    1.2987168605e+00
    1.0410000000e+04    1.1960381386e+00
    1.0420000000e+04    1.2261691243e+00
    1.0430000000e+04    1.3142639436e+00
    1.0440000000e+04    1.4170939858e+00
    1.0450000000e+04    1.5717050647e+00
    1.0460000000e+04    1.5142399746e+00
    1.0470000000e+04    1.9981679986e+00
    1.0480000000e+04    2.2562959396e+00
    1.0490000000e+04    2.4345342864e+00
    1.0500000000e+04    2.3418078868e+00
    1.0510000000e+04    2.2684733124e+00
    1.0520000000e+04    2.3677193239e+00
    1.0530000000e+04    2.1457560289e+00
    1.0540000000e+04    1.9337192011e+00
    1.0550000000e+04    1.7635358070e+00
    1.0560000000e+04    1.9159456543e+00
    1.0570000000e+04    1.9395304526e+00
    1.0580000000e+04    1.2608232800e+00
    1.0590000000e+04    1.0926296971e+00
    1.0600000000e+04    1.5071183485e+00
    1.0610000000e+04    2.0523297569e+00
    1.0620000000e+04    2.0993441884e+00
    1.0630000000e+04    1.7113177836e+00
    1.0640000000e+04    2.1147412324e+00
    1.0650000000e+04    1.8752029316e+00
    1.0660000000e+04    1.5743517383e+00
    1.0670000000e+04    1.3982759642e+00
    1.0680000000e+04    1.2572771851e+00
    1.0690000000e+04    1.5177858906e+00
    1.0700000000e+04    1.2715231227e+00
    1.0710000000e+04    1.3615320332e+00
    1.0720000000e+04    1.8070156354e+00
    1.0730000000e+04    2.1379281956e+00
    1.0740000000e+04    2.2638237192e+00
    1.0750000000e+04    2.1130574472e+00
    1.0760000000e+04    2.5015231745e+00
    1.0770000000e+04    3.0107814774e+00
    1.0780000000e+04    3.1762550133e+00
    1.0790000000e+04    2.9955727838e+00
    1.0800000000e+04    2.5382482305e+00
    1.0810000000e+04    2.5913700299e+00
    1.0820000000e+04    2.7431607697e+00
    1.0830000000e+04    2.4702407591e+00
    1.0840000000e+04    2.2579211248e+00
    1.0850000000e+04    1.7790948045e+00
    1.0860000000e+04    2.1517759589e+00
    1.0870000000e+04    2.3911203449e+00
    1.0880000000e+04    2.4295411804e+00
    1.0890000000e+04    2.5834675150e+00
    1.0900000000e+04    2.6562100036e+00
    1.0910000000e+04    2.5328874046e+00
    1.0920000000e+04    2.3491070186e+00
    1.0930000000e+04    2.1830311649e+00
    1.0940000000e+04    1.9669975570e+00
    1.0950000000e+04    2.2052849100e+00
    1.0960000000e+04    2.3726624402e+00
    1.0970000000e+04    1.8796886874e+00
    1.0980000000e+04    1.6052712524e+00
    1.0990000000e+04    1.8866284717e+00
    1.1000000000e+04    2.6018413535e+00
    1.1010000000e+04    3.4100284054e+00
    1.1020000000e+04    3.6660690170e+00
    1.1030000000e+04    3.7314122835e+00
    1.1040000000e+04    3.9316694282e+00
    1.1050000000e+04    4.1197041259e+00
    1.1060000000e+04    4.6031889789e+00
    1.1070000000e+04    5.0221550084e+00
    1.1080000000e+04    4.8293787873e+00
    1.1090000000e+04    4.4845556294e+00
    1.1100000000e+04    4.3787743857e+00
    1.1110000000e+04    4.6764313298e+00
    1.1120000000e+04    5.3668317233e+00
    1.1130000000e+04    5.7309087205e+00
    1.1140000000e+04    5.4682513912e+00
    1.1150000000e+04    5.0129139942e+00
    1.1160000000e+04    4.6093074894e+00
    1.1170000000e+04    4.7137959636e+00
    1.1180000000e+04    5.2943169616e+00
    1.1190000000e+04    5.6744631325e+00
    1.1200000000e+04    5.6294921655e+00
    1.1210000000e+04    5.2158209406e+00
    1.1220000000e+04    4.5647066794e+00
    1.1230000000e+04    4.2591954423e+00
    1.1240000000e+04    4.5905855203e+00
    1.1250000000e+04    5.0033319795e+00
    1.1260000000e+04    5.1778075841e+00
    1.1270000000e+04    5.0118411469e+00
    1.1280000000e+04    4.5667088411e+00
    1.1290000000e+04    4.3143822288e+00
    1.1300000000e+04    4.4205597447e+00
    1.1310000000e+04    4.4766651849e+00
    1.1320000000e+04    4.4486787569e+00
    1.1330000000e+04    4.3354051164e+00
    1.1340000000e+04    4.0526440288e+00
    1.1350000000e+04    3.6972614992e+00
    1.1360000000e+04    3.2538523415e+00
    1.1370000000e+04    2.7332416577e+00
    1.1380000000e+04    2.3855062415e+00
    1.1390000000e+04    2.3545792579e+00
    1.1400000000e+04    2.4299827500e+00
    1.1410000000e+04    2.3044915915e+00
    1.1420000000e+04    2.0178514184e+00
    1.1430000000e+04    1.8785171208e+00
    1.1440000000e+04    2.0651730159e+00
    1.1450000000e+04    2.5202751382e+00
    1.1460000000e+04    2.9025448953e+00
    1.1470000000e+04    2.9786206425e+00
    1.1480000000e+04    2.5830098406e+00
    1.1490000000e+04    2.2268233802e+00
    1.1500000000e+04    2.5111837080e+00
    1.1510000000e+04    2.7474929656e+00
    1.1520000000e+04    2.7283692427e+00
    1.1530000000e+04    3.4094736510e+00
    1.1540000000e+04    3.7252155879e+00
    1.1550000000e+04    3.2806720308e+00
    1.1560000000e+04    2.6526077316e+00
    1.1570000000e+04    2.0498347670e+00
    1.1580000000e+04    1.5150746881e+00
    1.1590000000e+04    1.4021868205e+00
    1.1600000000e+04    1.4095456354e+00
    1.1610000000e+04    1.4197718852e+00
    1.1620000000e+04    1.4394161203e+00
    1.1630000000e+04    1.4257156980e+00
    1.1640000000e+04    1.3516976317e+00
    1.1650000000e+04    1.2812087965e+00
    1.1660000000e+04    1.6440167347e+00
    1.1670000000e+04    1.9028091472e+00
    1.1680000000e+04    1.6974347796e+00
    1.1690000000e+04    1.4775292267e+00
    1.1700000000e+04    1.6829812421e+00
    1.1710000000e+04    2.1621027246e+00
    1.1720000000e+04    2.2569390656e+00
    1.1730000000e+04    1.9235628067e+00
    1.1740000000e+04    2.4197154970e+00
    1.1750000000e+04    2.4059980219e+00
    1.1760000000e+04    1.9805006837e+00
    1.1770000000e+04    1.6101119298e+00
    1.1780000000e+04    1.4359586222e+00
    1.1790000000e+04    1.3234225915e+00
    1.1800000000e+04    1.2485335682e+00
    1.1810000000e+04    1.1767613807e+00
    1.1820000000e+04    1.3826375715e+00
    1.1830000000e+04    1.6166922492e+00
    1.1840000000e+04    1.8325802027e+00
    1.1850000000e+04    2.0052221452e+00
    1.1860000000e+04    2.0580764476e+00
    1.1870000000e+04    1.9504919720e+00
    1.1880000000e+04    1.7337237551e+00
    1.1890000000e+04    1.5183141421e+00
    1.1900000000e+04    1.3019415336e+00
    1.1910000000e+04    1.3667890392e+00
    1.1920000000e+04    1.4586254300e+00
    1.1930000000e+04    1.5115160842e+00
    1.1940000000e+04    1.6050982115e+00
    1.1950000000e+04    2.1356780691e+00
    1.1960000000e+04    2.6535232711e+00
    1.1970000000e+04    3.3431244271e+00
    1.1980000000e+04    3.9642209297e+00
    1.1990000000e+04    4.0444274759e+00
    1.2000000000e+04    3.5866122819e+00
    1.2010000000e+04    3.0896971333e+00
    1.2020000000e+04    2.9199436088e+00
    1.2030000000e+04    2.8029989180e+00
    1.2040000000e+04    2.8328618037e+00
    1.2050000000e+04    2.8788626760e+00
    1.2060000000e+04    2.5226230464e+00
    1.2070000000e+04    2.1549515830e+00
    1.2080000000e+04    2.2432346068e+00
    1.2090000000e+04    2.8345543520e+00
    1.2100000000e+04    3.2129729068e+00
    1.2110000000e+04    2.7050123663e+00
    1.2120000000e+04    1.6763793862e+00
    1.2130000000e+04    1.4044963875e+00
    1.2140000000e+04    1.7382160087e+00
    1.2150000000e+04    1.6130544630e+00
    1.2160000000e+04    2.3259370231e+00
    1.2170000000e+04    2.8367944971e+00
    1.2180000000e+04    2.9472622853e+00
    1.2190000000e+04    2.6894234112e+00
    1.2200000000e+04    2.3639186988e+00
    1.2210000000e+04    2.3227861409e+00
    1.2220000000e+04    2.2237947650e+00
    1.2230000000e+04    1.8157975558e+00
    1.2240000000e+04    1.5781943139e+00
    1.2250000000e+04    1.4770563475e+00
    1.2260000000e+04    1.4744976409e+00
    1.2270000000e+04    1.5329036606e+00
    1.2280000000e+04    1.5472649844e+00
    1.2290000000e+04    1.5327382428e+00
    1.2300000000e+04    1.5792180532e+00
    1.2310000000e+04    1.4983735722e+00
    1.2320000000e+04    1.5742141853e+00
    1.2330000000e+04    1.7465424015e+00
    1.2340000000e+04    1.6287465307e+00
    1.2350000000e+04    1.5130016724e+00
    1.2360000000e+04    1.5484303472e+00
    1.2370000000e+04    1.5489824527e+00
    1.2380000000e+04    1.5637013504e+00
    1.2390000000e+04    1.7722296359e+00
    1.2400000000e+04    1.7248527342e+00
    1.2410000000e+04    1.3771628068e+00
    1.2420000000e+04    1.3927912166e+00
    1.2430000000e+04    1.4201200044e+00
    1.2440000000e+04    1.5054817987e+00
    1.2450000000e+04    1.5938105195e+00
    1.2460000000e+04    1.5425094248e+00
    1.2470000000e+04    1.6071443244e+00
    1.2480000000e+04    1.5533203029e+00
    1.2490000000e+04    1.4893302192e+00
    1.2500000000e+04    1.4706150917e+00
    1.2510000000e+04    1.3968976844e+00
    1.2520000000e+04    1.4810560925e+00
    1.2530000000e+04    1.3998079562e+00
    1.2540000000e+04    1.5960573551e+00
    1.2550000000e+04    1.9417141205e+00
    1.2560000000e+04    2.2197116408e+00
    1.2570000000e+04    1.9037356445e+00
    1.2580000000e+04    1.8414172886e+00
    1.2590000000e+04    2.1440137296e+00
    1.2600000000e+04    2.3413915902e+00
    1.2610000000e+04    2.2317168646e+00
    1.2620000000e+04    2.1937952783e+00
    1.2630000000e+04    2.1418704332e+00
    1.2640000000e+04    1.7759808760e+00
    1.2650000000e+04    1.6954563846e+00
    1.2660000000e+04    1.8209869450e+00
    1.2670000000e+04    1.7120631044e+00
    1.2680000000e+04    1.6260481795e+00
    1.2690000000e+04    1.6283482489e+00
    1.2700000000e+04    1.5184184394e+00
    1.2710000000e+04    1.5622540044e+00
    1.2720000000e+04    1.5347038211e+00
    1.2730000000e+04    1.5970946652e+00
    1.2740000000e+04    1.9599207400e+00
    1.2750000000e+04    2.2154001905e+00
    1.2760000000e+04    2.2730917869e+00
    1.2770000000e+04    2.2632551898e+00
    1.2780000000e+04    2.7353385452e+00
    1.2790000000e+04    3.2533511475e+00
    1.2800000000e+04    3.2251779326e+00
    1.2810000000e+04    2.8672275372e+00
    1.2820000000e+04    2.9263931430e+00
    1.2830000000e+04    3.4922254294e+00
    1.2840000000e+04    3.3504374728e+00
    1.2850000000e+04    2.5585181602e+00
    1.2860000000e+04    2.0073778847e+00
    1.2870000000e+04    2.0876430937e+00
    1.2880000000e+04    2.2423774690e+00
    1.2890000000e+04    1.8066614856e+00
    1.2900000000e+04    1.6754145409e+00
    1.2910000000e+04    1.6196560771e+00
    1.2920000000e+04    1.5650785003e+00
    1.2930000000e+04    1.5557001902e+00
    1.2940000000e+04    1.5835410872e+00
    1.2950000000e+04    1.5526700709e+00
    1.2960000000e+04    1.4922748730e+00
    1.2970000000e+04    1.7441906391e+00
    1.2980000000e+04    1.6815279815e+00
    1.2990000000e+04    1.6023258634e+00
    1.3000000000e+04    1.5653569032e+00
    1.3010000000e+04    1.9961405545e+00
    1.3020000000e+04    2.2005856041e+00
    1.3030000000e+04    1.8334181013e+00
    1.3040000000e+04    1.5432791741e+00
    1.3050000000e+04    1.6779626636e+00
    1.3060000000e+04    1.8803484298e+00
    1.3070000000e+04    1.6783177656e+00
    1.3080000000e+04    1.5465181231e+00
    1.3090000000e+04    1.5878740312e+00
    1.3100000000e+04    1.6464214695e+00
    1.3110000000e+04    1.7431286373e+00
    1.3120000000e+04    1.8383582008e+00
    1.3130000000e+04    1.8856028182e+00
    1.3140000000e+04    1.8879435861e+00
    1.3150000000e+04    1.8818982358e+00
    1.3160000000e+04    1.9006891059e+00
    1.3170000000e+04    1.9436769248e+00
    1.3180000000e+04    1.9854673700e+00
    1.3190000000e+04    2.0056528719e+00
    1.3200000000e+04    2.2782344604e+00
    1.3210000000e+04    2.6338248096e+00
    1.3220000000e+04    2.9241913186e+00
    1.3230000000e+04    3.2528772321e+00
    1.3240000000e+04    3.3800419438e+00
    1.3250000000e+04    3.2295255357e+00
    1.3260000000e+04    2.9430831214e+00
    1.3270000000e+04    2.7580092596e+00
    1.3280000000e+04    2.6654508365e+00
    1.3290000000e+04    2.5153554193e+00
    1.3300000000e+04    2.3432007227e+00
    1.3310000000e+04    2.2981649811e+00
    1.3320000000e+04    2.2808211858e+00
    1.3330000000e+04    2.3054651471e+00
    1.3340000000e+04    2.3346458995e+00
    1.3350000000e+04    2.3484566388e+00
    1.3360000000e+04    2.3352745044e+00
    1.3370000000e+04    2.5378127451e+00
    1.3380000000e+04    2.5198632881e+00
    1.3390000000e+04    2.3308781277e+00
    1.3400000000e+04    2.1390913668e+00
    1.3410000000e+04    2.2385201060e+00
    1.3420000000e+04    2.3824678044e+00
    1.3430000000e+04    2.2984944758e+00
    1.3440000000e+04    2.0023670553e+00
    1.3450000000e+04    1.8176920917e+00
    1.3460000000e+04    1.8941294766e+00
    1.3470000000e+04    1.9519022531e+00
    1.3480000000e+04    1.9629916519e+00
    1.3490000000e+04    2.1342533358e+00
    1.3500000000e+04    2.1966234094e+00
    1.3510000000e+04    2.1509562603e+00
    1.3520000000e+04    2.1131184701e+00
    1.3530000000e+04    2.1465259205e+00
    1.3540000000e+04    2.3131144169e+00
    1.3550000000e+04    2.4326221143e+00
    1.3560000000e+04    2.4661334542e+00
    1.3570000000e+04    2.3772760130e+00
    1.3580000000e+04    2.1836507573e+00
    1.3590000000e+04    1.9688249976e+00
    1.3600000000e+04    1.7990350373e+00
    1.3610000000e+04    1.7114937130e+00
    1.3620000000e+04    1.6843792199e+00
    1.3630000000e+04    1.8269367557e+00
    1.3640000000e+04    1.8107133542e+00
    1.3650000000e+04    1.6612604923e+00
    1.3660000000e+04    1.6659940132e+00
    1.3670000000e+04    1.7239652569e+00
    1.3680000000e+04    1.7123734816e+00
    1.3690000000e+04    1.6478743617e+00
    1.3700000000e+04    1.6922715366e+00
    1.3710000000e+04    1.7078258424e+00
    1.3720000000e+04    1.6772959241e+00
    1.3730000000e+04    1.6252622473e+00
    1.3740000000e+04    1.9357989389e+00
    1.3750000000e+04    1.9893630965e+00
    1.3760000000e+04    2.0929962386e+00
    1.3770000000e+04    2.5240009468e+00
    1.3780000000e+04    2.7437939543e+00
    1.3790000000e+04    2.3205057442e+00
    1.3800000000e+04    1.8961998923e+00
    1.3810000000e+04    1.9783394988e+00
    1.3820000000e+04    2.0861207676e+00
    1.3830000000e+04    1.6689504920e+00
    1.3840000000e+04    1.3054970395e+00
    1.3850000000e+04    1.3417931958e+00
    1.3860000000e+04    1.3929297222e+00
    1.3870000000e+04    1.4357167790e+00
    1.3880000000e+04    1.4656467443e+00
    1.3890000000e+04    1.5475892932e+00
    1.3900000000e+04    1.7762968486e+00
    1.3910000000e+04    1.8350733210e+00
    1.3920000000e+04    2.0159812773e+00
    1.3930000000e+04    2.2155772082e+00
    1.3940000000e+04    2.4481218683e+00
    1.3950000000e+04    2.5981621574e+00
    1.3960000000e+04    2.5082940450e+00
    1.3970000000e+04    2.2530177470e+00
    1.3980000000e+04    1.9964072912e+00
    1.3990000000e+04    2.1918126638e+00
    1.4000000000e+04    2.2773396388e+00
    1.4010000000e+04    2.0029078286e+00
    1.4020000000e+04    1.8678541204e+00
    1.4030000000e+04    2.0870667826e+00
    1.4040000000e+04    2.2795397674e+00
    1.4050000000e+04    2.1042913143e+00
    1.4060000000e+04    1.6994511305e+00
    1.4070000000e+04    1.4906073525e+00
    1.4080000000e+04    1.6552517822e+00
    1.4090000000e+04    1.7273145451e+00
    1.4100000000e+04    1.5273312534e+00
    1.4110000000e+04    1.7122195388e+00
    1.4120000000e+04    1.9336219757e+00
    1.4130000000e+04    2.1614006573e+00
    1.4140000000e+04    2.2833354300e+00
    1.4150000000e+04    2.2419599990e+00
    1.4160000000e+04    2.1230496344e+00
    1.4170000000e+04    2.1778167330e+00
    1.4180000000e+04    2.3229252965e+00
    1.4190000000e+04    2.0668223879e+00
    1.4200000000e+04    1.8244933286e+00
    1.4210000000e+04    1.8846387061e+00
    1.4220000000e+04    2.1249662031e+00
    1.4230000000e+04    2.1129027851e+00
    1.4240000000e+04    2.0017972654e+00
    1.4250000000e+04    2.0340868298e+00
    1.4260000000e+04    2.0028759903e+00
    1.4270000000e+04    2.2906971837e+00
    1.4280000000e+04    2.1518996210e+00
    1.4290000000e+04    1.8293845704e+00
    1.4300000000e+04    1.8829050634e+00
    1.4310000000e+04    2.2113974736e+00
    1.4320000000e+04    2.9140518191e+00
    1.4330000000e+04    3.3238320584e+00
    1.4340000000e+04    2.9705095622e+00
    1.4350000000e+04    2.5555668542e+00
    1.4360000000e+04    2.4995316555e+00
    1.4370000000e+04    2.5595308244e+00
    1.4380000000e+04    2.5401753625e+00
    1.4390000000e+04    2.4498382249e+00
    1.4400000000e+04    2.4414984881e+00
    1.4410000000e+04    2.6854538982e+00
    1.4420000000e+04    2.9334202129e+00
    1.4430000000e+04    2.7661704238e+00
    1.4440000000e+04    2.2928723395e+00
    1.4450000000e+04    2.2502046464e+00
    1.4460000000e+04    2.2689513160e+00
    1.4470000000e+04    2.1176834256e+00
    1.4480000000e+04    2.1278293284e+00
    1.4490000000e+04    2.4411280956e+00
    1.4500000000e+04    2.9354471712e+00
    1.4510000000e+04    2.9080574705e+00
    1.4520000000e+04    2.1761317617e+00
    1.4530000000e+04    1.7552272990e+00
    1.4540000000e+04    1.7471751327e+00
    1.4550000000e+04    1.8246549935e+00
    1.4560000000e+04    1.8477314368e+00
    1.4570000000e+04    1.8217282901e+00
    1.4580000000e+04    1.8059242385e+00
    1.4590000000e+04    1.9570217078e+00
    1.4600000000e+04    2.2815706673e+00
    1.4610000000e+04    2.3593778977e+00
    1.4620000000e+04    2.2180416179e+00
    1.4630000000e+04    1.9914239971e+00
    1.4640000000e+04    1.9632827743e+00
    1.4650000000e+04    2.2424165011e+00
    1.4660000000e+04    2.6423615690e+00
    1.4670000000e+04    2.8226498213e+00
    1.4680000000e+04    2.5953770377e+00
    1.4690000000e+04    2.2541555153e+00
    1.4700000000e+04    2.0966445389e+00
    1.4710000000e+04    2.0471581344e+00
    1.4720000000e+04    2.0470222609e+00
    1.4730000000e+04    2.0376047528e+00
    1.4740000000e+04    2.1283376368e+00
    1.4750000000e+04    2.3335071663e+00
    1.4760000000e+04    2.3125387543e+00
    1.4770000000e+04    2.0431008012e+00
    1.4780000000e+04    2.0191085276e+00
    1.4790000000e+04    1.9729473069e+00
    1.4800000000e+04    1.9200374090e+00
    1.4810000000e+04    1.8444713900e+00
    1.4820000000e+04    1.7379969372e+00
    1.4830000000e+04    1.6675676822e+00
    1.4840000000e+04    1.6399311159e+00
    1.4850000000e+04    1.6091109237e+00
    1.4860000000e+04    1.5567187144e+00
    1.4870000000e+04    1.4979082983e+00
    1.4880000000e+04    1.4570147353e+00
    1.4890000000e+04    1.4475909115e+00
    1.4900000000e+04    1.4655209596e+00
    1.4910000000e+04    1.4895630318e+00
    1.4920000000e+04    1.4890984713e+00
    1.4930000000e+04    1.4640952904e+00
    1.4940000000e+04    1.4346952200e+00
    1.4950000000e+04    1.4356134133e+00
    1.4960000000e+04    1.4961658775e+00
    1.4970000000e+04    1.5817684209e+00
    1.4980000000e+04    1.6324874665e+00
    1.4990000000e+04    1.6331414978e+00
    1.5000000000e+04    1.6026100497e+00
    1.5010000000e+04    1.5862176490e+00
    1.5020000000e+04    1.6093562207e+00
    1.5030000000e+04    1.9408879955e+00
    1.5040000000e+04    1.9736453898e+00
    1.5050000000e+04    1.6616302137e+00
    1.5060000000e+04    1.4934078668e+00
    1.5070000000e+04    1.5196170558e+00
    1.5080000000e+04    1.7773856133e+00
    1.5090000000e+04    1.6627580597e+00
    1.5100000000e+04    1.5677089683e+00
    1.5110000000e+04    1.5525383762e+00
    1.5120000000e+04    1.5179715784e+00
    1.5130000000e+04    1.5280708314e+00
    1.5140000000e+04    1.7109856071e+00
    1.5150000000e+04    1.8508362919e+00
    1.5160000000e+04    1.7815590566e+00
    1.5170000000e+04    1.4571480099e+00
    1.5180000000e+04    1.3627781776e+00
    1.5190000000e+04    1.3633420463e+00
    1.5200000000e+04    1.3471988597e+00
    1.5210000000e+04    1.3531146463e+00
    1.5220000000e+04    1.3815063065e+00
    1.5230000000e+04    1.4321967700e+00
    1.5240000000e+04    1.4306480164e+00
    1.5250000000e+04    1.3818437543e+00
    1.5260000000e+04    1.3735223377e+00
    1.5270000000e+04    1.4073307472e+00
    1.5280000000e+04    1.4569288311e+00
    1.5290000000e+04    1.4673310150e+00
    1.5300000000e+04    1.4403863389e+00
    1.5310000000e+04    1.4107509825e+00
    1.5320000000e+04    1.4796655966e+00
    1.5330000000e+04    1.5958930287e+00
    1.5340000000e+04    1.7102624405e+00
    1.5350000000e+04    1.6742323072e+00
    1.5360000000e+04    1.5704995489e+00
    1.5370000000e+04    1.6313595272e+00
    1.5380000000e+04    1.7594840265e+00
    1.5390000000e+04    1.5477509589e+00
    1.5400000000e+04    1.6145753641e+00
    1.5410000000e+04    2.0603054154e+00
    1.5420000000e+04    2.4919677406e+00
    1.5430000000e+04    2.0003937984e+00
    1.5440000000e+04    1.6028198586e+00
    1.5450000000e+04    1.5080679160e+00
    1.5460000000e+04    2.0423772233e+00
    1.5470000000e+04    2.2890670544e+00
    1.5480000000e+04    1.9487157981e+00
    1.5490000000e+04    1.7021537224e+00
    1.5500000000e+04    1.6929504801e+00
    1.5510000000e+04    1.9542578496e+00
    1.5520000000e+04    2.2699526292e+00
    1.5530000000e+04    2.2992393833e+00
    1.5540000000e+04    2.3608852829e+00
    1.5550000000e+04    2.1724991518e+00
    1.5560000000e+04    1.7898233901e+00
    1.5570000000e+04    1.7096000346e+00
    1.5580000000e+04    1.5047362311e+00
    1.5590000000e+04    1.5908853740e+00
    1.5600000000e+04    1.6507530144e+00
    1.5610000000e+04    1.6769612981e+00
    1.5620000000e+04    1.8708707348e+00
    1.5630000000e+04    2.1976728628e+00
    1.5640000000e+04    1.9056705400e+00
    1.5650000000e+04    1.6864431027e+00
    1.5660000000e+04    2.1630004282e+00
    1.5670000000e+04    2.5814497676e+00
    1.5680000000e+04    2.4527111592e+00
    1.5690000000e+04    1.9135551971e+00
    1.5700000000e+04    1.5623822667e+00
    1.5710000000e+04    2.0135894677e+00
    1.5720000000e+04    2.4993901609e+00
    1.5730000000e+04    2.4935543773e+00
    1.5740000000e+04    2.0358656665e+00
    1.5750000000e+04    1.4339968679e+00
    1.5760000000e+04    1.5125156766e+00
    1.5770000000e+04    1.6110118509e+00
    1.5780000000e+04    1.7929059124e+00
    1.5790000000e+04    2.0432819141e+00
    1.5800000000e+04    2.1000267367e+00
    1.5810000000e+04    2.0331465956e+00
    1.5820000000e+04    1.7762122619e+00
    1.5830000000e+04    1.7044597674e+00
    1.5840000000e+04    1.9704825471e+00
    1.5850000000e+04    2.1384039286e+00
    1.5860000000e+04    1.8917540265e+00
    1.5870000000e+04    1.7460145633e+00
    1.5880000000e+04    1.6176351863e+00
    1.5890000000e+04    1.5285420410e+00
    1.5900000000e+04    1.6299543657e+00
    1.5910000000e+04    1.6681929089e+00
    1.5920000000e+04    1.5381961403e+00
    1.5930000000e+04    1.6107458744e+00
    1.5940000000e+04    1.6896837770e+00
    1.5950000000e+04    1.5092632472e+00
    1.5960000000e+04    1.5041183326e+00
    1.5970000000e+04    1.4775093349e+00
    1.5980000000e+04    1.4505571956e+00
    1.5990000000e+04    1.4413992270e+00
    1.6000000000e+04    1.4724031241e+00
    1.6010000000e+04    1.5152493258e+00
    1.6020000000e+04    1.5304688607e+00
    1.6030000000e+04    1.6436804462e+00
    1.6040000000e+04    1.5659615963e+00
    1.6050000000e+04    1.4625300679e+00
    1.6060000000e+04    1.4283487466e+00
    1.6070000000e+04    1.5302241023e+00
    1.6080000000e+04    1.6040798703e+00
    1.6090000000e+04    1.5253302540e+00
    1.6100000000e+04    1.4762112326e+00
    1.6110000000e+04    1.4790017413e+00
    1.6120000000e+04    1.4351108239e+00
    1.6130000000e+04    1.3276841206e+00
    1.6140000000e+04    1.3341603303e+00
    1.6150000000e+04    1.6310047921e+00
    1.6160000000e+04    2.1951146341e+00
    1.6170000000e+04    2.0147995988e+00
    1.6180000000e+04    1.4252666858e+00
    1.6190000000e+04    1.6202691497e+00
    1.6200000000e+04    1.5620277563e+00
    1.6210000000e+04    1.5815579678e+00
    1.6220000000e+04    1.3449411150e+00
    1.6230000000e+04    1.5864295112e+00
    1.6240000000e+04    1.7345630173e+00
    1.6250000000e+04    1.5736645433e+00
    1.6260000000e+04    1.8754466731e+00
    1.6270000000e+04    2.4395452657e+00
    1.6280000000e+04    2.7743609166e+00
    1.6290000000e+04    2.6733809490e+00
    1.6300000000e+04    2.8782870286e+00
    1.6310000000e+04    3.1576290919e+00
    1.6320000000e+04    3.1644428835e+00
    1.6330000000e+04    2.9365471932e+00
    1.6340000000e+04    2.7290294117e+00
    1.6350000000e+04    2.6895021101e+00
    1.6360000000e+04    2.7414479234e+00
    1.6370000000e+04    2.9050819407e+00
    1.6380000000e+04    3.1490915277e+00
    1.6390000000e+04    3.2822776276e+00
    1.6400000000e+04    3.8277913070e+00
    1.6410000000e+04    3.9771216609e+00
    1.6420000000e+04    4.0375108060e+00
    1.6430000000e+04    3.9741739543e+00
    1.6440000000e+04    3.4868964546e+00
    1.6450000000e+04    3.4180451623e+00
    1.6460000000e+04    2.9666484518e+00
    1.6470000000e+04    2.5852146231e+00
    1.6480000000e+04    2.3485576244e+00
    1.6490000000e+04    2.2382945674e+00
    1.6500000000e+04    2.4302108424e+00
    1.6510000000e+04    2.7236186644e+00
    1.6520000000e+04    2.9103008045e+00
    1.6530000000e+04    3.0669090006e+00
    1.6540000000e+04    3.1868299096e+00
    1.6550000000e+04    2.9702925960e+00
    1.6560000000e+04    2.7955591369e+00
    1.6570000000e+04    2.6577253308e+00
    1.6580000000e+04    2.4679410956e+00
    1.6590000000e+04    2.4051203376e+00
    1.6600000000e+04    2.3090770803e+00
    1.6610000000e+04    2.2657214726e+00
    1.6620000000e+04    2.3975173620e+00
    1.6630000000e+04    2.1706095548e+00
    1.6640000000e+04    1.5924527299e+00
    1.6650000000e+04    1.4215871482e+00
    1.6660000000e+04    1.3310839243e+00
    1.6670000000e+04    1.2940345214e+00
    1.6680000000e+04    1.3323931546e+00
    1.6690000000e+04    1.4758448225e+00
    1.6700000000e+04    1.5781630631e+00
    1.6710000000e+04    1.9476541010e+00
    1.6720000000e+04    2.2811836904e+00
    1.6730000000e+04    2.5092490432e+00
    1.6740000000e+04    2.7300076804e+00
    1.6750000000e+04    2.5863656332e+00
    1.6760000000e+04    2.0102076693e+00
    1.6770000000e+04    1.5088685801e+00
    1.6780000000e+04    1.5483327058e+00
    1.6790000000e+04    1.6105261235e+00
    1.6800000000e+04    1.7299873074e+00
    1.6810000000e+04    1.8753016111e+00
    1.6820000000e+04    1.8387028690e+00
    1.6830000000e+04    1.7225009681e+00
    1.6840000000e+04    2.0064157770e+00
    1.6850000000e+04    2.5374029833e+00
    1.6860000000e+04    2.9534855580e+00
    1.6870000000e+04    2.9725690006e+00
    1.6880000000e+04    2.7917672731e+00
    1.6890000000e+04    2.5236329235e+00
    1.6900000000e+04    2.3435356579e+00
    1.6910000000e+04    2.2111125697e+00
    1.6920000000e+04    1.9619854054e+00
    1.6930000000e+04    1.9793498746e+00
    1.6940000000e+04    2.1245934483e+00
    1.6950000000e+04    2.2117720716e+00
    1.6960000000e+04    1.9915587413e+00
    1.6970000000e+04    1.8573599454e+00
    1.6980000000e+04    2.1635557915e+00
    1.6990000000e+04    3.0587890796e+00
    1.7000000000e+04    3.1950054007e+00
    1.7010000000e+04    2.8503623276e+00
    1.7020000000e+04    3.0824286959e+00
    1.7030000000e+04    3.5117741260e+00
    1.7040000000e+04    3.6140988055e+00
    1.7050000000e+04    3.3603805770e+00
    1.7060000000e+04    3.4721840327e+00
    1.7070000000e+04    4.2089075457e+00
    1.7080000000e+04    4.9332750449e+00
    1.7090000000e+04    4.8714497649e+00
    1.7100000000e+04    3.8211672649e+00
    1.7110000000e+04    2.7441491944e+00
    1.7120000000e+04    2.3935030537e+00
    1.7130000000e+04    2.2694379113e+00
    1.7140000000e+04    2.0097755565e+00
    1.7150000000e+04    1.8435173009e+00
    1.7160000000e+04    1.8657094251e+00
    1.7170000000e+04    1.7374446056e+00
    1.7180000000e+04    1.5141934579e+00
    1.7190000000e+04    1.5759593451e+00
    1.7200000000e+04    2.0166130639e+00
    1.7210000000e+04    2.7010592440e+00
    1.7220000000e+04    3.2378340593e+00
    1.7230000000e+04    3.2230637922e+00
    1.7240000000e+04    2.6503616163e+00
    1.7250000000e+04    2.1660606258e+00
    1.7260000000e+04    1.5608643784e+00
    1.7270000000e+04    1.6759712606e+00
    1.7280000000e+04    1.6396171609e+00
    1.7290000000e+04    1.6556487575e+00
    1.7300000000e+04    1.6792523556e+00
    1.7310000000e+04    2.2971633555e+00
    1.7320000000e+04    2.2335814853e+00
    1.7330000000e+04    1.6680645158e+00
    1.7340000000e+04    1.8798931563e+00
    1.7350000000e+04    2.4065257784e+00
    1.7360000000e+04    2.4810981659e+00
    1.7370000000e+04    2.1664112652e+00
    1.7380000000e+04    1.9440810260e+00
    1.7390000000e+04    1.9304704831e+00
    1.7400000000e+04    2.0163036416e+00
    1.7410000000e+04    2.1236618756e+00
    1.7420000000e+04    2.1559305780e+00
    1.7430000000e+04    2.2727328108e+00
    1.7440000000e+04    2.3374096240e+00
    1.7450000000e+04    2.1746061913e+00
    1.7460000000e+04    2.2107134821e+00
    1.7470000000e+04    2.2969549798e+00
    1.7480000000e+04    2.4344410473e+00
    1.7490000000e+04    2.5874909746e+00
    1.7500000000e+04    2.4403447598e+00
    1.7510000000e+04    1.9460568982e+00
    1.7520000000e+04    1.6822608715e+00
    1.7530000000e+04    1.7844355588e+00
    1.7540000000e+04    1.7707289866e+00
    1.7550000000e+04    2.1283347488e+00
    1.7560000000e+04    2.5195156926e+00
    1.7570000000e+04    2.6171877396e+00
    1.7580000000e+04    2.3520739585e+00
    1.7590000000e+04    1.6335110735e+00
    1.7600000000e+04    1.3280971357e+00
    1.7610000000e+04    1.3346248971e+00
    1.7620000000e+04    1.3216567252e+00
    1.7630000000e+04    1.5009766394e+00
    1.7640000000e+04    1.5074537084e+00
    1.7650000000e+04    1.6185335206e+00
    1.7660000000e+04    1.9380582533e+00
    1.7670000000e+04    2.3094990170e+00
    1.7680000000e+04    2.3227069745e+00
    1.7690000000e+04    2.2231429215e+00
    1.7700000000e+04    2.2605510479e+00
    1.7710000000e+04    2.0861453304e+00
    1.7720000000e+04    1.9573124368e+00
    1.7730000000e+04    2.1286722346e+00
    1.7740000000e+04    2.0895575744e+00
    1.7750000000e+04    1.4525375256e+00
    1.7760000000e+04    1.1717541025e+00
    1.7770000000e+04    1.6944626718e+00
    1.7780000000e+04    2.0739750554e+00
    1.7790000000e+04    1.7514764914e+00
    1.7800000000e+04    1.1780889212e+00
    1.7810000000e+04    1.4014130245e+00
    1.7820000000e+04    1.5931606092e+00
    1.7830000000e+04    1.8180201158e+00
    1.7840000000e+04    1.5930019386e+00
    1.7850000000e+04    1.6855261944e+00
    1.7860000000e+04    1.8870040529e+00
    1.7870000000e+04    1.4947988247e+00
    1.7880000000e+04    1.3356047511e+00
    1.7890000000e+04    1.3655919517e+00
    1.7900000000e+04    1.6570797575e+00
    1.7910000000e+04    1.3644575633e+00
    1.7920000000e+04    1.5341506616e+00
    1.7930000000e+04    1.7031324050e+00
    1.7940000000e+04    1.4622531152e+00
    1.7950000000e+04    1.6542334687e+00
    1.7960000000e+04    2.2052862673e+00
    1.7970000000e+04    2.3812977683e+00
    1.7980000000e+04    1.9008435638e+00
    1.7990000000e+04    1.6970416122e+00
    1.8000000000e+04    1.9745767948e+00
    1.8010000000e+04    1.9671620418e+00
    1.8020000000e+04    1.9030730511e+00
    1.8030000000e+04    1.8809072966e+00
    1.8040000000e+04    2.0253995130e+00
    1.8050000000e+04    1.8844421562e+00
    1.8060000000e+04    2.0721053245e+00
    1.8070000000e+04    2.3027229276e+00
    1.8080000000e+04    2.1239727961e+00
    1.8090000000e+04    1.9342411153e+00
    1.8100000000e+04    1.7228815556e+00
    1.8110000000e+04    1.8728590964e+00
    1.8120000000e+04    1.5024076650e+00
    1.8130000000e+04    1.3148960753e+00
    1.8140000000e+04    1.3878885555e+00
    1.8150000000e+04    1.4875625588e+00
    1.8160000000e+04    1.3634973275e+00
    1.8170000000e+04    1.2960158703e+00
    1.8180000000e+04    1.8162334577e+00
    1.8190000000e+04    1.3598795745e+00
    1.8200000000e+04    1.3459515175e+00
    1.8210000000e+04    1.3425649068e+00
    1.8220000000e+04    1.8355481102e+00
    1.8230000000e+04    1.3733867361e+00
    1.8240000000e+04    1.4883273172e+00
    1.8250000000e+04    1.5497002800e+00
    1.8260000000e+04    1.4662377516e+00
    1.8270000000e+04    1.4288688473e+00
    1.8280000000e+04    1.6400403281e+00
    1.8290000000e+04    2.4862074813e+00
    1.8300000000e+04    2.9131446221e+00
    1.8310000000e+04    2.9304177436e+00
    1.8320000000e+04    3.0902340168e+00
    1.8330000000e+04    3.0402937224e+00
    1.8340000000e+04    2.6767736307e+00
    1.8350000000e+04    2.5056520541e+00
    1.8360000000e+04    2.7216830459e+00
    1.8370000000e+04    3.2105467685e+00
    1.8380000000e+04    3.5691406872e+00
    1.8390000000e+04    3.5386507645e+00
    1.8400000000e+04    3.2217380446e+00
    1.8410000000e+04    2.8784185407e+00
    1.8420000000e+04    2.7450821178e+00
    1.8430000000e+04    2.5572544264e+00
    1.8440000000e+04    2.7073381318e+00
    1.8450000000e+04    2.9835902502e+00
    1.8460000000e+04    3.0025822955e+00
    1.8470000000e+04    2.8473893223e+00
    1.8480000000e+04    2.6983075537e+00
    1.8490000000e+04    2.6012479056e+00
    1.8500000000e+04    2.5923601080e+00
    1.8510000000e+04    2.6140228024e+00
    1.8520000000e+04    2.7393781168e+00
    1.8530000000e+04    2.9615946548e+00
    1.8540000000e+04    2.9256304564e+00
    1.8550000000e+04    2.7504228048e+00
    1.8560000000e+04    2.3914109048e+00
    1.8570000000e+04    2.1523443324e+00
    1.8580000000e+04    2.1589524855e+00
    1.8590000000e+04    2.4794283035e+00
    1.8600000000e+04    2.7419826750e+00
    1.8610000000e+04    2.5582339279e+00
    1.8620000000e+04    2.4639362875e+00
    1.8630000000e+04    2.5665534789e+00
    1.8640000000e+04    2.8521425457e+00
    1.8650000000e+04    3.1462945452e+00
    1.8660000000e+04    3.0119825577e+00
    1.8670000000e+04    2.6517330194e+00
    1.8680000000e+04    2.7963812484e+00
    1.8690000000e+04    3.1776375119e+00
    1.8700000000e+04    3.4172085067e+00
    1.8710000000e+04    3.4721253140e+00
    1.8720000000e+04    3.3741028497e+00
    1.8730000000e+04    3.2517392572e+00
    1.8740000000e+04    3.4009643489e+00
    1.8750000000e+04    3.3037297294e+00
    1.8760000000e+04    3.4041688717e+00
    1.8770000000e+04    3.7716417026e+00
    1.8780000000e+04    4.1422160100e+00
    1.8790000000e+04    4.2056534347e+00
    1.8800000000e+04    4.2289205040e+00
    1.8810000000e+04    4.0973173897e+00
    1.8820000000e+04    3.8423192271e+00
    1.8830000000e+04    3.3924528259e+00
    1.8840000000e+04    3.0744725404e+00
    1.8850000000e+04    2.9449691924e+00
    1.8860000000e+04    2.7441305029e+00
    1.8870000000e+04    2.5845691450e+00
    1.8880000000e+04    2.8567709575e+00
    1.8890000000e+04    2.6849172082e+00
    1.8900000000e+04    3.1724533394e+00
    1.8910000000e+04    3.8183493746e+00
    1.8920000000e+04    3.9399532392e+00
    1.8930000000e+04    3.6549407892e+00
    1.8940000000e+04    3.6991240285e+00
    1.8950000000e+04    3.9874203117e+00
    1.8960000000e+04    4.1037169832e+00
    1.8970000000e+04    3.8076695292e+00
    1.8980000000e+04    3.6419893594e+00
    1.8990000000e+04    3.7556848233e+00
    1.9000000000e+04    3.7491984557e+00
    1.9010000000e+04    3.6530271430e+00
    1.9020000000e+04    3.4219869044e+00
    1.9030000000e+04    3.7328005205e+00
    1.9040000000e+04    3.9941273756e+00
    1.9050000000e+04    3.9270291368e+00
    1.9060000000e+04    3.8881006968e+00
    1.9070000000e+04    4.0041741639e+00
    1.9080000000e+04    3.8468238057e+00
    1.9090000000e+04    3.8822921625e+00
    1.9100000000e+04    3.5788700530e+00
    1.9110000000e+04    3.5184804526e+00
    1.9120000000e+04    3.5583713798e+00
    1.9130000000e+04    3.2998433415e+00
    1.9140000000e+04    3.3665170114e+00
    1.9150000000e+04    3.2630174093e+00
    1.9160000000e+04    3.1544921393e+00
    1.9170000000e+04    3.2711660541e+00
    1.9180000000e+04    3.3264637134e+00
    1.9190000000e+04    3.6548506796e+00
    1.9200000000e+04    4.1347570164e+00
    1.9210000000e+04    4.2312287692e+00
    1.9220000000e+04    4.0250382893e+00
    1.9230000000e+04    3.7957847725e+00
    1.9240000000e+04    3.8692909249e+00
    1.9250000000e+04    3.9440627871e+00
    1.9260000000e+04    3.4959574936e+00
    1.9270000000e+04    2.8827817569e+00
    1.9280000000e+04    2.6085680215e+00
    1.9290000000e+04    2.7622022957e+00
    1.9300000000e+04    2.9423180936e+00
    1.9310000000e+04    3.0518767382e+00
    1.9320000000e+04    3.0715414010e+00
    1.9330000000e+04    3.0490808751e+00
    1.9340000000e+04    3.0610805208e+00
    1.9350000000e+04    2.9526181869e+00
    1.9360000000e+04    3.0233079511e+00
    1.9370000000e+04    3.5343830594e+00
    1.9380000000e+04    2.9084421796e+00
    1.9390000000e+04    1.8814656996e+00
    1.9400000000e+04    2.1257922924e+00
    1.9410000000e+04    2.5002261920e+00
    1.9420000000e+04    2.8930487053e+00
    1.9430000000e+04    3.8594712151e+00
    1.9440000000e+04    4.0757368955e+00
    1.9450000000e+04    3.3559903841e+00
    1.9460000000e+04    2.7245535908e+00
    1.9470000000e+04    2.5753190572e+00
    1.9480000000e+04    2.4669347200e+00
    1.9490000000e+04    2.4496990918e+00
    1.9500000000e+04    2.4352947148e+00
    1.9510000000e+04    2.5067341314e+00
    1.9520000000e+04    2.7087504846e+00
    1.9530000000e+04    2.9379134896e+00
    1.9540000000e+04    3.1955122449e+00
    1.9550000000e+04    3.6583968098e+00
    1.9560000000e+04    3.9367823086e+00
    1.9570000000e+04    4.4875613587e+00
    1.9580000000e+04    5.0848623293e+00
    1.9590000000e+04    5.8906344734e+00
    1.9600000000e+04    6.3523405534e+00
    1.9610000000e+04    6.0989362292e+00
    1.9620000000e+04    5.8912556162e+00
    1.9630000000e+04    8.0062157851e+00
    1.9640000000e+04    9.3921150346e+00
    1.9650000000e+04    9.2040992960e+00
    1.9660000000e+04    9.1370854623e+00
    1.9670000000e+04    9.5622128043e+00
    1.9680000000e+04    1.0254625364e+01
    1.9690000000e+04    1.1135140102e+01
    1.9700000000e+04    1.2988944500e+01
    1.9710000000e+04    1.2518475390e+01
    1.9720000000e+04    1.3855244029e+01
    1.9730000000e+04    1.3174005505e+01
    1.9740000000e+04    1.2477966767e+01
    1.9750000000e+04    1.2961593349e+01
    1.9760000000e+04    1.2948728394e+01
    1.9770000000e+04    1.2188323440e+01
    1.9780000000e+04    9.5761369011e+00
    1.9790000000e+04    9.9893061270e+00
    1.9800000000e+04    1.3307288285e+01
    1.9810000000e+04    1.0296221000e+01
    1.9820000000e+04    1.1912736801e+01
    1.9830000000e+04    9.9684922944e+00
    1.9840000000e+04    1.2746935967e+01
    1.9850000000e+04    1.6609560337e+01
    1.9860000000e+04    1.7955721945e+01
    1.9870000000e+04    1.2200232062e+01
    1.9880000000e+04    1.4680628573e+01
    1.9890000000e+04    1.3955168125e+01
    1.9900000000e+04    1.2596380232e+01
    1.9910000000e+04    1.4842612011e+01
    1.9920000000e+04    1.7893951087e+01
    1.9930000000e+04    1.2480085956e+01
    1.9940000000e+04    1.3707279252e+01
    1.9950000000e+04    1.1073679832e+01
    1.9960000000e+04    8.9475852257e+00
    1.9970000000e+04    1.4529326561e+01
    1.9980000000e+04    9.9339249821e+00
    1.9990000000e+04    9.0357583459e+00
    2.0000000000e+04    1.6112979510e+01
