    1.0000000000e+02    2.4286287147e-01
    2.0000000000e+02    2.9617459036e-01
    3.0000000000e+02    7.5661478248e-01
    4.0000000000e+02    5.5077276267e-01
    5.0000000000e+02    2.9664516604e-01
    6.0000000000e+02    3.0930148998e-01
    7.0000000000e+02    2.8833347830e-01
    8.0000000000e+02    3.2614776041e-01
    9.0000000000e+02    2.4461679230e-01
    1.0000000000e+03    2.6539607305e-01
    1.1000000000e+03    3.2941774641e-01
    1.2000000000e+03    1.8701480930e-01
    1.3000000000e+03    1.5310198895e-01
    1.4000000000e+03    1.9138459045e-01
    1.5000000000e+03    1.9305269527e-01
    1.6000000000e+03    1.7404489691e-01
    1.7000000000e+03    1.7532469132e-01
    1.8000000000e+03    1.5970404134e-01
    1.9000000000e+03    2.4628291580e-01
    2.0000000000e+03    1.6195067580e-01
    2.1000000000e+03    1.8919483949e-01
    2.2000000000e+03    2.0936522526e-01
    2.3000000000e+03    1.7752518568e-01
    2.4000000000e+03    1.4261583622e-01
    2.5000000000e+03    1.9818345911e-01
    2.6000000000e+03    1.8003821055e-01
    2.7000000000e+03    1.4306559871e-01
    2.8000000000e+03    1.2072862189e-01
    2.9000000000e+03    1.7320811872e-01
    3.0000000000e+03    1.8964406933e-01
    3.1000000000e+03    1.8582456146e-01
    3.2000000000e+03    1.5871172184e-01
    3.3000000000e+03    1.6477965693e-01
    3.4000000000e+03    1.7014649961e-01
    3.5000000000e+03    1.4700508153e-01
    3.6000000000e+03    1.3230479377e-01
    3.7000000000e+03    1.2699357303e-01
    3.8000000000e+03    1.4252358816e-01
    3.9000000000e+03    1.5036617338e-01
    4.0000000000e+03    1.7988385721e-01
    4.1000000000e+03    1.4983479628e-01
    4.2000000000e+03    1.5406389058e-01
    4.3000000000e+03    1.4977935386e-01
    4.4000000000e+03    2.1807708735e-01
    4.5000000000e+03    1.5536239279e-01
    4.6000000000e+03    1.7115351243e-01
    4.7000000000e+03    1.0836080841e-01
    4.8000000000e+03    1.5344451914e-01
    4.9000000000e+03    1.2988751390e-01
    5.0000000000e+03    1.4025399609e-01
    5.1000000000e+03    1.5607109322e-01
    5.2000000000e+03    1.8274403453e-01
    5.3000000000e+03    1.4029111307e-01
    5.4000000000e+03    1.2983052216e-01
    5.5000000000e+03    1.8760207838e-01
    5.6000000000e+03    1.5748417556e-01
    5.7000000000e+03    1.4307531405e-01
    5.8000000000e+03    2.3382073101e-01
    5.9000000000e+03    1.5441403114e-01
    6.0000000000e+03    1.9144399056e-01
    6.1000000000e+03    1.6522113686e-01
    6.2000000000e+03    1.4647842295e-01
    6.3000000000e+03    1.8035297421e-01
    6.4000000000e+03    1.3349625463e-01
    6.5000000000e+03    1.4414328315e-01
    6.6000000000e+03    2.1205216774e-01
    6.7000000000e+03    1.7812081589e-01
    6.8000000000e+03    1.3089771833e-01
    6.9000000000e+03    1.3278307598e-01
    7.0000000000e+03    1.4993797359e-01
    7.1000000000e+03    1.6731783945e-01
    7.2000000000e+03    1.7307936948e-01
    7.3000000000e+03    1.5999512393e-01
    7.4000000000e+03    1.2838789439e-01
    7.5000000000e+03    1.5630102650e-01
    7.6000000000e+03    1.5569462066e-01
    7.7000000000e+03    1.4861006692e-01
    7.8000000000e+03    1.3863367245e-01
    7.9000000000e+03    1.3831516854e-01
    8.0000000000e+03    1.3012674023e-01
    8.1000000000e+03    1.2190328907e-01
    8.2000000000e+03    1.7201581669e-01
    8.3000000000e+03    1.5507904671e-01
    8.4000000000e+03    1.5396205051e-01
    8.5000000000e+03    1.8387562770e-01
    8.6000000000e+03    1.8594999688e-01
    8.7000000000e+03    1.5627826049e-01
    8.8000000000e+03    1.7552281556e-01
    8.9000000000e+03    1.4437537758e-01
    9.0000000000e+03    1.3598757762e-01
    9.1000000000e+03    1.2504943734e-01
    9.2000000000e+03    1.4781741119e-01
    9.3000000000e+03    1.1470127227e-01
    9.4000000000e+03    1.2611255795e-01
    9.5000000000e+03    1.0998397927e-01
    9.6000000000e+03    1.3401456688e-01
    9.7000000000e+03    1.5455522571e-01
    9.8000000000e+03    1.7519642054e-01
    9.9000000000e+03    2.0399975464e-01
    1.0000000000e+04    1.7388596388e-01
    1.0100000000e+04    1.1166262065e-01
    1.0200000000e+04    1.6472035942e-01
    1.0300000000e+04    1.1663152623e-01
    1.0400000000e+04    1.3812929392e-01
    1.0500000000e+04    1.3126275400e-01
    1.0600000000e+04    1.4785685089e-01
    1.0700000000e+04    1.5928575485e-01
    1.0800000000e+04    1.3543741329e-01
    1.0900000000e+04    1.8765809454e-01
    1.1000000000e+04    1.4734967135e-01
    1.1100000000e+04    1.5450818852e-01
    1.1200000000e+04    1.8888274585e-01
    1.1300000000e+04    1.7611518935e-01
    1.1400000000e+04    1.6407311841e-01
    1.1500000000e+04    1.6687819041e-01
    1.1600000000e+04    1.5325420948e-01
    1.1700000000e+04    1.3939300124e-01
    1.1800000000e+04    1.4395017936e-01
    1.1900000000e+04    1.6068783340e-01
    1.2000000000e+04    1.6351347749e-01
    1.2100000000e+04    1.7851049532e-01
    1.2200000000e+04    1.4761580067e-01
    1.2300000000e+04    1.1416465252e-01
    1.2400000000e+04    1.2918482128e-01
    1.2500000000e+04    1.5453095814e-01
    1.2600000000e+04    1.3475588315e-01
    1.2700000000e+04    1.3393349349e-01
    1.2800000000e+04    1.6357070625e-01
    1.2900000000e+04    1.8861324777e-01
    1.3000000000e+04    1.9480730621e-01
    1.3100000000e+04    1.5682813562e-01
    1.3200000000e+04    2.0475734441e-01
    1.3300000000e+04    1.5510875741e-01
    1.3400000000e+04    1.5202895614e-01
    1.3500000000e+04    1.6639587498e-01
    1.3600000000e+04    1.2948327026e-01
    1.3700000000e+04    1.6550501972e-01
    1.3800000000e+04    1.4314512444e-01
    1.3900000000e+04    1.6777891171e-01
    1.4000000000e+04    2.1421351281e-01
    1.4100000000e+04    1.4681891206e-01
    1.4200000000e+04    2.0674419023e-01
    1.4300000000e+04    1.6345127772e-01
    1.4400000000e+04    1.6758957215e-01
    1.4500000000e+04    1.4853835843e-01
    1.4600000000e+04    1.8262850536e-01
    1.4700000000e+04    1.4599875815e-01
    1.4800000000e+04    1.4735313559e-01
    1.4900000000e+04    1.3729702359e-01
    1.5000000000e+04    1.7918920723e-01
    1.5100000000e+04    1.7495650121e-01
    1.5200000000e+04    1.6678509702e-01
    1.5300000000e+04    1.5394528496e-01
    1.5400000000e+04    1.4009586321e-01
    1.5500000000e+04    1.9968530179e-01
    1.5600000000e+04    1.7547706194e-01
    1.5700000000e+04    2.0717991326e-01
    1.5800000000e+04    1.5802924695e-01
    1.5900000000e+04    1.6965286330e-01
    1.6000000000e+04    1.5222321071e-01
    1.6100000000e+04    1.5677032291e-01
    1.6200000000e+04    2.0366960069e-01
    1.6300000000e+04    1.5386378716e-01
    1.6400000000e+04    1.8042737462e-01
    1.6500000000e+04    1.7015242274e-01
    1.6600000000e+04    1.6245513918e-01
    1.6700000000e+04    1.5289542297e-01
    1.6800000000e+04    1.5779167125e-01
    1.6900000000e+04    1.8219572811e-01
    1.7000000000e+04    1.6034845975e-01
    1.7100000000e+04    1.7431606148e-01
    1.7200000000e+04    1.2788669972e-01
    1.7300000000e+04    1.3787849661e-01
    1.7400000000e+04    1.2206521450e-01
    1.7500000000e+04    1.5115858003e-01
    1.7600000000e+04    2.0767292016e-01
    1.7700000000e+04    1.8465785914e-01
    1.7800000000e+04    1.5258772610e-01
    1.7900000000e+04    1.9232471908e-01
    1.8000000000e+04    1.7802971360e-01
    1.8100000000e+04    1.8022238049e-01
    1.8200000000e+04    2.0174725407e-01
    1.8300000000e+04    1.8188527526e-01
    1.8400000000e+04    1.6129839741e-01
    1.8500000000e+04    1.8580264530e-01
    1.8600000000e+04    1.2889448262e-01
    1.8700000000e+04    1.3618814555e-01
    1.8800000000e+04    1.3792615312e-01
    1.8900000000e+04    1.2314728204e-01
    1.9000000000e+04    1.5913111363e-01
    1.9100000000e+04    1.6983225366e-01
    1.9200000000e+04    1.2323182274e-01
    1.9300000000e+04    1.6164244069e-01
    1.9400000000e+04    1.5631063642e-01
    1.9500000000e+04    2.6643817007e-01
    1.9600000000e+04    1.6888477918e-01
    1.9700000000e+04    1.7059027013e-01
    1.9800000000e+04    1.3706856076e-01
    1.9900000000e+04    1.9419918340e-01
    2.0000000000e+04    1.3736671309e-01
    2.0100000000e+04    1.4314239617e-01
    2.0200000000e+04    1.4648542838e-01
    2.0300000000e+04    2.0511236327e-01
    2.0400000000e+04    2.0192956462e-01
    2.0500000000e+04    1.3272796921e-01
    2.0600000000e+04    1.6978945205e-01
    2.0700000000e+04    1.3930577323e-01
    2.0800000000e+04    1.1606386149e-01
    2.0900000000e+04    1.3014367462e-01
    2.1000000000e+04    1.3761732063e-01
    2.1100000000e+04    1.4104025503e-01
    2.1200000000e+04    1.5262053804e-01
    2.1300000000e+04    1.3928000535e-01
    2.1400000000e+04    2.0507603434e-01
    2.1500000000e+04    1.7762529679e-01
    2.1600000000e+04    1.7335546950e-01
    2.1700000000e+04    1.9072880962e-01
    2.1800000000e+04    1.7964845771e-01
    2.1900000000e+04    1.6428909101e-01
    2.2000000000e+04    1.5477841951e-01
    2.2100000000e+04    1.1934353851e-01
    2.2200000000e+04    1.4180309438e-01
    2.2300000000e+04    1.5824053584e-01
    2.2400000000e+04    1.4956019372e-01
    2.2500000000e+04    1.3450512679e-01
    2.2600000000e+04    1.5341608707e-01
    2.2700000000e+04    1.3952866304e-01
    2.2800000000e+04    1.7441881072e-01
    2.2900000000e+04    1.4621341131e-01
    2.3000000000e+04    2.0378709467e-01
    2.3100000000e+04    1.6926338613e-01
    2.3200000000e+04    1.4536232915e-01
    2.3300000000e+04    1.5495291497e-01
    2.3400000000e+04    1.5674599917e-01
    2.3500000000e+04    1.4609487087e-01
    2.3600000000e+04    1.3996559525e-01
    2.3700000000e+04    1.1850200598e-01
    2.3800000000e+04    1.3070682744e-01
    2.3900000000e+04    1.4677266487e-01
    2.4000000000e+04    1.2770058961e-01
    2.4100000000e+04    1.4550236773e-01
    2.4200000000e+04    1.5058695079e-01
    2.4300000000e+04    1.5467515260e-01
    2.4400000000e+04    1.4099325399e-01
    2.4500000000e+04    2.0343868206e-01
    2.4600000000e+04    1.8549497717e-01
    2.4700000000e+04    3.1766680336e-01
    2.4800000000e+04    1.7280879572e-01
    2.4900000000e+04    1.9980819298e-01
    2.5000000000e+04    1.6995715558e-01
    2.5100000000e+04    1.2609283223e-01
    2.5200000000e+04    1.3832788834e-01
    2.5300000000e+04    1.3645623826e-01
    2.5400000000e+04    1.4651661855e-01
    2.5500000000e+04    2.2197818360e-01
    2.5600000000e+04    1.4993506589e-01
    2.5700000000e+04    1.4822230280e-01
    2.5800000000e+04    1.7072700883e-01
    2.5900000000e+04    1.4854293732e-01
    2.6000000000e+04    1.7179629860e-01
    2.6100000000e+04    1.2468789447e-01
    2.6200000000e+04    1.3427135333e-01
    2.6300000000e+04    1.4591451207e-01
    2.6400000000e+04    1.2709995897e-01
    2.6500000000e+04    1.5290865265e-01
    2.6600000000e+04    1.4297552668e-01
    2.6700000000e+04    1.4921801093e-01
    2.6800000000e+04    1.4195128800e-01
    2.6900000000e+04    1.6265905574e-01
    2.7000000000e+04    1.8985635657e-01
    2.7100000000e+04    1.4316450364e-01
    2.7200000000e+04    1.8185175202e-01
    2.7300000000e+04    1.6612455885e-01
    2.7400000000e+04    1.5894912267e-01
    2.7500000000e+04    1.6346097954e-01
    2.7600000000e+04    1.3406861881e-01
    2.7700000000e+04    1.3806798935e-01
    2.7800000000e+04    1.3926775643e-01
    2.7900000000e+04    1.4920742680e-01
    2.8000000000e+04    1.2694855484e-01
    2.8100000000e+04    1.5067250333e-01
    2.8200000000e+04    1.6317953985e-01
    2.8300000000e+04    1.9049321529e-01
    2.8400000000e+04    1.8057634659e-01
    2.8500000000e+04    1.7215968070e-01
    2.8600000000e+04    1.4004560214e-01
    2.8700000000e+04    1.9550961996e-01
    2.8800000000e+04    1.7446431041e-01
    2.8900000000e+04    1.5438563097e-01
    2.9000000000e+04    1.6049595632e-01
    2.9100000000e+04    1.2793871695e-01
    2.9200000000e+04    1.7676388375e-01
    2.9300000000e+04    1.5182281629e-01
    2.9400000000e+04    1.5105667971e-01
    2.9500000000e+04    1.3844293274e-01
    2.9600000000e+04    1.7857630692e-01
    2.9700000000e+04    1.7413263211e-01
    2.9800000000e+04    1.4710200094e-01
    2.9900000000e+04    1.7680808862e-01
    3.0000000000e+04    1.7489376664e-01
    3.0100000000e+04    1.5079533322e-01
    3.0200000000e+04    1.2671753951e-01
    3.0300000000e+04    1.5570868475e-01
    3.0400000000e+04    1.4233920137e-01
    3.0500000000e+04    1.3240785685e-01
    3.0600000000e+04    1.4414871423e-01
    3.0700000000e+04    1.7301103308e-01
    3.0800000000e+04    1.5301489854e-01
    3.0900000000e+04    2.1515275722e-01
    3.1000000000e+04    1.6771531688e-01
    3.1100000000e+04    1.8460930436e-01
    3.1200000000e+04    1.7018815041e-01
    3.1300000000e+04    1.6303296610e-01
    3.1400000000e+04    1.6142428867e-01
    3.1500000000e+04    1.5490235538e-01
    3.1600000000e+04    1.7966649380e-01
    3.1700000000e+04    1.4517085486e-01
    3.1800000000e+04    1.6372074464e-01
    3.1900000000e+04    1.7925657494e-01
    3.2000000000e+04    1.5129385892e-01
    3.2100000000e+04    1.5775878719e-01
    3.2200000000e+04    1.6273008432e-01
    3.2300000000e+04    1.4343862354e-01
    3.2400000000e+04    1.4635671407e-01
    3.2500000000e+04    1.3805378747e-01
    3.2600000000e+04    2.0207308187e-01
    3.2700000000e+04    1.5897365033e-01
    3.2800000000e+04    1.3895147829e-01
    3.2900000000e+04    1.4631575912e-01
    3.3000000000e+04    1.3045576509e-01
    3.3100000000e+04    1.3785244642e-01
    3.3200000000e+04    1.2634640836e-01
    3.3300000000e+04    1.3637574370e-01
    3.3400000000e+04    1.3927848729e-01
    3.3500000000e+04    1.5605390501e-01
    3.3600000000e+04    1.5410604601e-01
    3.3700000000e+04    1.2455095308e-01
    3.3800000000e+04    1.5366689824e-01
    3.3900000000e+04    1.5734979347e-01
    3.4000000000e+04    1.5581253556e-01
    3.4100000000e+04    1.9421297786e-01
    3.4200000000e+04    1.3463990394e-01
    3.4300000000e+04    1.3992057275e-01
    3.4400000000e+04    1.4021536505e-01
    3.4500000000e+04    1.7344430715e-01
    3.4600000000e+04    1.6678608496e-01
    3.4700000000e+04    1.3867653968e-01
    3.4800000000e+04    1.3388937446e-01
    3.4900000000e+04    1.2577946490e-01
    3.5000000000e+04    1.5292869503e-01
    3.5100000000e+04    1.3499197392e-01
    3.5200000000e+04    1.3183722290e-01
    3.5300000000e+04    1.6125817739e-01
    3.5400000000e+04    1.2901953949e-01
    3.5500000000e+04    1.4158662324e-01
    3.5600000000e+04    1.4262631474e-01
    3.5700000000e+04    1.3113274810e-01
    3.5800000000e+04    1.3459715836e-01
    3.5900000000e+04    1.6066588446e-01
    3.6000000000e+04    1.5788212989e-01
    3.6100000000e+04    1.4616747097e-01
    3.6200000000e+04    1.6012240546e-01
    3.6300000000e+04    1.5973545614e-01
    3.6400000000e+04    1.6861482011e-01
    3.6500000000e+04    1.5486083472e-01
    3.6600000000e+04    1.4963874720e-01
    3.6700000000e+04    1.6055301820e-01
    3.6800000000e+04    1.7758137269e-01
    3.6900000000e+04    1.6922052872e-01
    3.7000000000e+04    1.4614288878e-01
    3.7100000000e+04    1.4290850280e-01
    3.7200000000e+04    1.3750965678e-01
    3.7300000000e+04    1.4069384337e-01
    3.7400000000e+04    1.6267083108e-01
    3.7500000000e+04    1.5254795350e-01
    3.7600000000e+04    1.4861095742e-01
    3.7700000000e+04    1.4135228515e-01
    3.7800000000e+04    1.7703249077e-01
    3.7900000000e+04    1.6091597587e-01
    3.8000000000e+04    1.5349686355e-01
    3.8100000000e+04    1.4974836935e-01
    3.8200000000e+04    1.2568017912e-01
    3.8300000000e+04    1.1946093078e-01
    3.8400000000e+04    1.5473531101e-01
    3.8500000000e+04    1.7175229345e-01
    3.8600000000e+04    1.7780829788e-01
    3.8700000000e+04    2.1608316013e-01
    3.8800000000e+04    2.0085922320e-01
    3.8900000000e+04    1.4547477275e-01
    3.9000000000e+04    2.0800316991e-01
    3.9100000000e+04    1.5962209024e-01
    3.9200000000e+04    1.5023903844e-01
    3.9300000000e+04    1.4873960294e-01
    3.9400000000e+04    1.5557870252e-01
    3.9500000000e+04    1.5343073396e-01
    3.9600000000e+04    1.4699890577e-01
    3.9700000000e+04    1.2091072467e-01
    3.9800000000e+04    1.3460296019e-01
    3.9900000000e+04    1.3889976403e-01
    4.0000000000e+04    1.9189124639e-01
    4.0100000000e+04    1.6516906903e-01
    4.0200000000e+04    1.5588333980e-01
    4.0300000000e+04    1.6033548615e-01
    4.0400000000e+04    1.4090140785e-01
    4.0500000000e+04    1.5029975731e-01
    4.0600000000e+04    1.4740617725e-01
    4.0700000000e+04    1.6482563646e-01
    4.0800000000e+04    1.6245538209e-01
    4.0900000000e+04    1.3561008278e-01
    4.1000000000e+04    1.6990843085e-01
    4.1100000000e+04    1.6696567121e-01
    4.1200000000e+04    1.2732981569e-01
    4.1300000000e+04    1.4512952166e-01
    4.1400000000e+04    1.7826943967e-01
    4.1500000000e+04    1.6994867010e-01
    4.1600000000e+04    1.1472389220e-01
    4.1700000000e+04    1.5307620982e-01
    4.1800000000e+04    1.2705007661e-01
    4.1900000000e+04    2.0682738842e-01
    4.2000000000e+04    1.2824588231e-01
    4.2100000000e+04    1.7646790339e-01
    4.2200000000e+04    1.9859701386e-01
    4.2300000000e+04    2.6066578704e-01
    4.2400000000e+04    1.6932796195e-01
    4.2500000000e+04    1.5540330606e-01
    4.2600000000e+04    1.4036229801e-01
    4.2700000000e+04    1.2796731483e-01
    4.2800000000e+04    1.3538755325e-01
    4.2900000000e+04    1.6210725933e-01
    4.3000000000e+04    1.7529740042e-01
    4.3100000000e+04    1.8912128738e-01
    4.3200000000e+04    1.4929561094e-01
    4.3300000000e+04    1.3350614066e-01
    4.3400000000e+04    1.4249865802e-01
    4.3500000000e+04    1.3289285003e-01
    4.3600000000e+04    1.7385116898e-01
    4.3700000000e+04    1.3407274101e-01
    4.3800000000e+04    1.1825001849e-01
    4.3900000000e+04    1.2757193204e-01
    4.4000000000e+04    1.2594099768e-01
    4.4100000000e+04    2.1216625453e-01
    4.4200000000e+04    2.0281563621e-01
    4.4300000000e+04    1.7631334855e-01
    4.4400000000e+04    1.6758801585e-01
    4.4500000000e+04    1.8805072862e-01
    4.4600000000e+04    1.7881812484e-01
    4.4700000000e+04    1.7971539648e-01
    4.4800000000e+04    2.0489935904e-01
    4.4900000000e+04    1.4838703136e-01
    4.5000000000e+04    1.8339224820e-01
    4.5100000000e+04    1.6033913385e-01
    4.5200000000e+04    2.7510710993e-01
    4.5300000000e+04    1.2549194676e-01
    4.5400000000e+04    1.1544150080e-01
    4.5500000000e+04    1.2260260740e-01
    4.5600000000e+04    1.2432739979e-01
    4.5700000000e+04    1.2318383913e-01
    4.5800000000e+04    1.6163760367e-01
    4.5900000000e+04    1.3394651489e-01
    4.6000000000e+04    1.1856196362e-01
    4.6100000000e+04    1.1446719975e-01
    4.6200000000e+04    1.5786005355e-01
    4.6300000000e+04    1.4734206695e-01
    4.6400000000e+04    1.8874518731e-01
    4.6500000000e+04    1.6787877255e-01
    4.6600000000e+04    1.6316551002e-01
    4.6700000000e+04    1.4056527814e-01
    4.6800000000e+04    1.2207915980e-01
    4.6900000000e+04    1.3319473225e-01
    4.7000000000e+04    1.1127922671e-01
    4.7100000000e+04    1.6197056792e-01
    4.7200000000e+04    1.8030742572e-01
    4.7300000000e+04    1.3986260025e-01
    4.7400000000e+04    1.4921803024e-01
    4.7500000000e+04    1.3816432203e-01
    4.7600000000e+04    1.7811257168e-01
    4.7700000000e+04    1.3621385445e-01
    4.7800000000e+04    1.3638959445e-01
    4.7900000000e+04    1.1269281744e-01
    4.8000000000e+04    1.9489423965e-01
    4.8100000000e+04    2.0930800843e-01
    4.8200000000e+04    1.7826776239e-01
    4.8300000000e+04    1.6851636446e-01
    4.8400000000e+04    1.4784254661e-01
    4.8500000000e+04    1.7487046242e-01
    4.8600000000e+04    1.2240968699e-01
    4.8700000000e+04    1.1768081627e-01
    4.8800000000e+04    1.1696801156e-01
    4.8900000000e+04    1.1590067817e-01
    4.9000000000e+04    1.5090860742e-01
    4.9100000000e+04    1.1837307147e-01
    4.9200000000e+04    1.0979605575e-01
    4.9300000000e+04    1.4754795424e-01
    4.9400000000e+04    1.5352978665e-01
    4.9500000000e+04    1.2515852496e-01
    4.9600000000e+04    1.3746211821e-01
    4.9700000000e+04    1.1405235926e-01
    4.9800000000e+04    1.8848616579e-01
    4.9900000000e+04    1.7348356923e-01
    5.0000000000e+04    1.3328626336e-01
    5.0100000000e+04    1.3094606395e-01
    5.0200000000e+04    1.1866647689e-01
    5.0300000000e+04    1.4489632014e-01
    5.0400000000e+04    1.2727187413e-01
    5.0500000000e+04    1.2121066356e-01
    5.0600000000e+04    1.4406405312e-01
    5.0700000000e+04    1.5022515600e-01
    5.0800000000e+04    1.9879963547e-01
    5.0900000000e+04    1.3358035062e-01
    5.1000000000e+04    1.7303924250e-01
    5.1100000000e+04    2.0796461619e-01
    5.1200000000e+04    2.8264962459e-01
    5.1300000000e+04    1.8549801019e-01
    5.1400000000e+04    1.4199862748e-01
    5.1500000000e+04    1.1855106489e-01
    5.1600000000e+04    1.4270698812e-01
    5.1700000000e+04    1.3941368878e-01
    5.1800000000e+04    1.2815966267e-01
    5.1900000000e+04    1.1369336476e-01
    5.2000000000e+04    1.1796396372e-01
    5.2100000000e+04    1.3415374950e-01
    5.2200000000e+04    1.5983276268e-01
    5.2300000000e+04    1.3733735173e-01
    5.2400000000e+04    1.2694919283e-01
    5.2500000000e+04    1.4248313396e-01
    5.2600000000e+04    1.2296231328e-01
    5.2700000000e+04    1.6287093311e-01
    5.2800000000e+04    1.3877596572e-01
    5.2900000000e+04    2.1300852391e-01
    5.3000000000e+04    1.8423434168e-01
    5.3100000000e+04    2.3452339720e-01
    5.3200000000e+04    1.9580220359e-01
    5.3300000000e+04    1.1728454643e-01
    5.3400000000e+04    1.0495347554e-01
    5.3500000000e+04    1.2041925282e-01
    5.3600000000e+04    1.2703406946e-01
    5.3700000000e+04    1.3950474824e-01
    5.3800000000e+04    1.7652304056e-01
    5.3900000000e+04    1.3101381779e-01
    5.4000000000e+04    1.5068737226e-01
    5.4100000000e+04    1.2756183770e-01
    5.4200000000e+04    1.1353226350e-01
    5.4300000000e+04    1.3256800942e-01
    5.4400000000e+04    1.3827300543e-01
    5.4500000000e+04    2.0611692987e-01
    5.4600000000e+04    1.4806131747e-01
    5.4700000000e+04    1.7450391780e-01
    5.4800000000e+04    1.1849948855e-01
    5.4900000000e+04    1.4848403648e-01
    5.5000000000e+04    1.3088524208e-01
    5.5100000000e+04    1.4567326107e-01
    5.5200000000e+04    1.0273681057e-01
    5.5300000000e+04    1.4972780939e-01
    5.5400000000e+04    1.3085073498e-01
    5.5500000000e+04    1.4465590724e-01
    5.5600000000e+04    1.4953563151e-01
    5.5700000000e+04    1.0954795680e-01
    5.5800000000e+04    1.8627433308e-01
    5.5900000000e+04    1.5100821055e-01
    5.6000000000e+04    1.4085992718e-01
    5.6100000000e+04    1.1831847230e-01
    5.6200000000e+04    1.7463144323e-01
    5.6300000000e+04    2.2515283248e-01
    5.6400000000e+04    1.5322429085e-01
    5.6500000000e+04    1.3351946979e-01
    5.6600000000e+04    1.3223495623e-01
    5.6700000000e+04    1.2210756373e-01
    5.6800000000e+04    1.2194736876e-01
    5.6900000000e+04    1.2095596531e-01
    5.7000000000e+04    1.5479351815e-01
    5.7100000000e+04    1.1648871507e-01
    5.7200000000e+04    1.4127877075e-01
    5.7300000000e+04    1.2532466690e-01
    5.7400000000e+04    1.4124930681e-01
    5.7500000000e+04    1.4718337097e-01
    5.7600000000e+04    1.6333389550e-01
    5.7700000000e+04    1.4474127015e-01
    5.7800000000e+04    2.1142029536e-01
    5.7900000000e+04    1.6183268382e-01
    5.8000000000e+04    1.5365446539e-01
    5.8100000000e+04    1.2557114621e-01
    5.8200000000e+04    1.3698034838e-01
    5.8300000000e+04    1.3380378740e-01
    5.8400000000e+04    1.3349314604e-01
    5.8500000000e+04    1.0616427566e-01
    5.8600000000e+04    1.4395211763e-01
    5.8700000000e+04    1.8785108535e-01
    5.8800000000e+04    2.3260420786e-01
    5.8900000000e+04    1.4833132354e-01
    5.9000000000e+04    1.5743981346e-01
    5.9100000000e+04    2.1623466707e-01
    5.9200000000e+04    1.6523398936e-01
    5.9300000000e+04    1.5356619639e-01
    5.9400000000e+04    1.2330259204e-01
    5.9500000000e+04    1.4707219464e-01
    5.9600000000e+04    1.3225249048e-01
    5.9700000000e+04    1.2040754714e-01
    5.9800000000e+04    1.5064191679e-01
    5.9900000000e+04    1.5827102939e-01
    6.0000000000e+04    1.9995574714e-01
    6.0100000000e+04    1.4908005034e-01
    6.0200000000e+04    1.6303898574e-01
    6.0300000000e+04    1.5347414560e-01
    6.0400000000e+04    1.2878547828e-01
    6.0500000000e+04    1.5953339351e-01
    6.0600000000e+04    1.5398053898e-01
    6.0700000000e+04    1.4655965944e-01
    6.0800000000e+04    9.8005786924e-02
    6.0900000000e+04    1.3257374884e-01
    6.1000000000e+04    1.2284426615e-01
    6.1100000000e+04    1.4247439840e-01
    6.1200000000e+04    1.8898461897e-01
    6.1300000000e+04    1.3017477777e-01
    6.1400000000e+04    1.2349865929e-01
    6.1500000000e+04    1.1564476470e-01
    6.1600000000e+04    1.2717250753e-01
    6.1700000000e+04    1.3933509880e-01
    6.1800000000e+04    1.5074642284e-01
    6.1900000000e+04    1.0584561124e-01
    6.2000000000e+04    1.1390689984e-01
    6.2100000000e+04    1.0689686753e-01
    6.2200000000e+04    1.9158208396e-01
    6.2300000000e+04    1.9490657434e-01
    6.2400000000e+04    1.8003119743e-01
    6.2500000000e+04    1.8589659002e-01
    6.2600000000e+04    1.3801642333e-01
    6.2700000000e+04    1.0141660671e-01
    6.2800000000e+04    1.3123111007e-01
    6.2900000000e+04    1.4459359004e-01
    6.3000000000e+04    1.4656947812e-01
    6.3100000000e+04    1.2819347487e-01
    6.3200000000e+04    1.1703076990e-01
    6.3300000000e+04    1.0875387341e-01
    6.3400000000e+04    1.0685036091e-01
    6.3500000000e+04    1.3286483824e-01
    6.3600000000e+04    1.4754039683e-01
    6.3700000000e+04    1.9512801513e-01
    6.3800000000e+04    1.6171430129e-01
    6.3900000000e+04    1.0626127022e-01
    6.4000000000e+04    1.1750611034e-01
    6.4100000000e+04    1.2982274084e-01
    6.4200000000e+04    1.4022276856e-01
    6.4300000000e+04    1.3672143955e-01
    6.4400000000e+04    1.1562415323e-01
    6.4500000000e+04    1.3426781959e-01
    6.4600000000e+04    1.8447856599e-01
    6.4700000000e+04    1.5525752684e-01
    6.4800000000e+04    1.6461407118e-01
    6.4900000000e+04    1.5334939479e-01
    6.5000000000e+04    1.3689529083e-01
    6.5100000000e+04    1.1618567585e-01
    6.5200000000e+04    1.5171830565e-01
    6.5300000000e+04    1.1901061644e-01
    6.5400000000e+04    1.3559839072e-01
    6.5500000000e+04    1.5220645207e-01
    6.5600000000e+04    1.4743159180e-01
    6.5700000000e+04    1.1303243876e-01
    6.5800000000e+04    1.3262056137e-01
    6.5900000000e+04    1.4024305615e-01
    6.6000000000e+04    1.2163713659e-01
    6.6100000000e+04    1.9605401079e-01
    6.6200000000e+04    1.0976261558e-01
    6.6300000000e+04    1.1674066497e-01
    6.6400000000e+04    1.6597568431e-01
    6.6500000000e+04    1.1956600516e-01
    6.6600000000e+04    1.2575107754e-01
    6.6700000000e+04    1.2125291297e-01
    6.6800000000e+04    1.3701162815e-01
    6.6900000000e+04    1.3104748004e-01
    6.7000000000e+04    1.5528950006e-01
    6.7100000000e+04    1.8261110126e-01
    6.7200000000e+04    1.5016134272e-01
    6.7300000000e+04    1.4082893028e-01
    6.7400000000e+04    1.4090360858e-01
    6.7500000000e+04    1.6045516988e-01
    6.7600000000e+04    1.2110200960e-01
    6.7700000000e+04    1.3029361713e-01
    6.7800000000e+04    1.3496862735e-01
    6.7900000000e+04    1.3763942044e-01
    6.8000000000e+04    1.2216825608e-01
    6.8100000000e+04    1.6533267459e-01
    6.8200000000e+04    1.2998631133e-01
    6.8300000000e+04    1.2445039460e-01
    6.8400000000e+04    1.3011573796e-01
    6.8500000000e+04    1.2352326627e-01
    6.8600000000e+04    1.0734653211e-01
    6.8700000000e+04    1.1973349406e-01
    6.8800000000e+04    1.4150412765e-01
    6.8900000000e+04    1.2610629292e-01
    6.9000000000e+04    1.2652171713e-01
    6.9100000000e+04    1.9231659711e-01
    6.9200000000e+04    1.9988345106e-01
    6.9300000000e+04    2.0598164761e-01
    6.9400000000e+04    1.5232877356e-01
    6.9500000000e+04    1.4925912503e-01
    6.9600000000e+04    1.5921267373e-01
    6.9700000000e+04    1.0827181340e-01
    6.9800000000e+04    1.1431104219e-01
    6.9900000000e+04    1.2756292066e-01
    7.0000000000e+04    1.4211992563e-01
    7.0100000000e+04    1.2446723207e-01
    7.0200000000e+04    1.2931911546e-01
    7.0300000000e+04    1.1660169289e-01
    7.0400000000e+04    1.4679027162e-01
    7.0500000000e+04    1.4548522118e-01
    7.0600000000e+04    1.7208786856e-01
    7.0700000000e+04    1.6013451130e-01
    7.0800000000e+04    1.2638629190e-01
    7.0900000000e+04    1.4644662626e-01
    7.1000000000e+04    1.3109465542e-01
    7.1100000000e+04    1.2029485287e-01
    7.1200000000e+04    1.6459040890e-01
    7.1300000000e+04    1.6379619354e-01
    7.1400000000e+04    1.2403322810e-01
    7.1500000000e+04    1.3302500641e-01
    7.1600000000e+04    1.6314132031e-01
    7.1700000000e+04    1.1714966319e-01
    7.1800000000e+04    1.0867975494e-01
    7.1900000000e+04    1.7368953114e-01
    7.2000000000e+04    1.0501085570e-01
    7.2100000000e+04    1.3949564661e-01
    7.2200000000e+04    1.2676888699e-01
    7.2300000000e+04    1.2071452427e-01
    7.2400000000e+04    1.2027382499e-01
    7.2500000000e+04    1.6963661251e-01
    7.2600000000e+04    1.3016402624e-01
    7.2700000000e+04    1.8869052763e-01
    7.2800000000e+04    1.9939514268e-01
    7.2900000000e+04    1.1300626043e-01
    7.3000000000e+04    1.0788495904e-01
    7.3100000000e+04    1.0991360355e-01
    7.3200000000e+04    1.4253919119e-01
    7.3300000000e+04    2.1541638067e-01
    7.3400000000e+04    1.4256853874e-01
    7.3500000000e+04    1.5181095950e-01
    7.3600000000e+04    1.6213218853e-01
    7.3700000000e+04    1.9108485591e-01
    7.3800000000e+04    2.0148049628e-01
    7.3900000000e+04    1.9101574449e-01
    7.4000000000e+04    1.4157918533e-01
    7.4100000000e+04    1.2118519980e-01
    7.4200000000e+04    1.1189740877e-01
    7.4300000000e+04    1.3458145070e-01
    7.4400000000e+04    1.9422048710e-01
    7.4500000000e+04    1.6826157804e-01
    7.4600000000e+04    1.4761232262e-01
    7.4700000000e+04    1.4097715352e-01
    7.4800000000e+04    1.5242911112e-01
    7.4900000000e+04    1.1972924189e-01
    7.5000000000e+04    1.0482135520e-01
    7.5100000000e+04    1.2549394563e-01
    7.5200000000e+04    1.2455717635e-01
    7.5300000000e+04    2.1048567162e-01
    7.5400000000e+04    1.4224410460e-01
    7.5500000000e+04    1.5326957226e-01
    7.5600000000e+04    1.3411085560e-01
    7.5700000000e+04    1.4721812142e-01
    7.5800000000e+04    1.4571345373e-01
    7.5900000000e+04    1.2582234809e-01
    7.6000000000e+04    1.3252727618e-01
    7.6100000000e+04    1.4594897392e-01
    7.6200000000e+04    1.0914206560e-01
    7.6300000000e+04    1.8480052434e-01
    7.6400000000e+04    1.0780778469e-01
    7.6500000000e+04    1.2844935107e-01
    7.6600000000e+04    1.4156820433e-01
    7.6700000000e+04    2.4208085955e-01
    7.6800000000e+04    1.4104095482e-01
    7.6900000000e+04    1.0618733648e-01
    7.7000000000e+04    1.0953792249e-01
    7.7100000000e+04    1.5043528416e-01
    7.7200000000e+04    1.3393075293e-01
    7.7300000000e+04    1.4443220949e-01
    7.7400000000e+04    1.0919864376e-01
    7.7500000000e+04    1.3870362799e-01
    7.7600000000e+04    1.9571263072e-01
    7.7700000000e+04    1.7595548152e-01
    7.7800000000e+04    1.5156323699e-01
    7.7900000000e+04    1.2064037946e-01
    7.8000000000e+04    1.4220994163e-01
    7.8100000000e+04    1.4365587438e-01
    7.8200000000e+04    1.2990023246e-01
    7.8300000000e+04    1.2236106358e-01
    7.8400000000e+04    1.1250699032e-01
    7.8500000000e+04    1.2505045611e-01
    7.8600000000e+04    1.4995905476e-01
    7.8700000000e+04    1.4334112399e-01
    7.8800000000e+04    1.7735007345e-01
    7.8900000000e+04    1.7241518148e-01
    7.9000000000e+04    2.6315688970e-01
    7.9100000000e+04    3.1389210694e-01
    7.9200000000e+04    1.6017973693e-01
    7.9300000000e+04    1.2747504849e-01
    7.9400000000e+04    1.2442403236e-01
    7.9500000000e+04    1.8674289352e-01
    7.9600000000e+04    1.1311202394e-01
    7.9700000000e+04    1.1720248266e-01
    7.9800000000e+04    1.2095503307e-01
    7.9900000000e+04    2.0939593563e-01
    8.0000000000e+04    2.1675070814e-01
    8.0100000000e+04    2.4831280724e-01
    8.0200000000e+04    1.8709384778e-01
    8.0300000000e+04    1.2780624455e-01
    8.0400000000e+04    1.4803884456e-01
    8.0500000000e+04    1.3232135898e-01
    8.0600000000e+04    1.3015064847e-01
    8.0700000000e+04    1.1651943908e-01
    8.0800000000e+04    1.3153611475e-01
    8.0900000000e+04    1.1992358699e-01
    8.1000000000e+04    1.1081900352e-01
    8.1100000000e+04    1.2204641562e-01
    8.1200000000e+04    1.2999404700e-01
    8.1300000000e+04    1.7870056583e-01
    8.1400000000e+04    2.4368801625e-01
    8.1500000000e+04    1.5392066101e-01
    8.1600000000e+04    1.4246083048e-01
    8.1700000000e+04    2.5430748829e-01
    8.1800000000e+04    1.4112204930e-01
    8.1900000000e+04    1.3859491252e-01
    8.2000000000e+04    1.3439693982e-01
    8.2100000000e+04    2.5752432906e-01
    8.2200000000e+04    1.4009673728e-01
    8.2300000000e+04    1.3165133226e-01
    8.2400000000e+04    1.1777072485e-01
    8.2500000000e+04    1.9841372277e-01
    8.2600000000e+04    1.5182435937e-01
    8.2700000000e+04    1.2640625393e-01
    8.2800000000e+04    1.2828154314e-01
    8.2900000000e+04    1.1961770779e-01
    8.3000000000e+04    1.9896412823e-01
    8.3100000000e+04    1.8640874918e-01
    8.3200000000e+04    1.6814037935e-01
    8.3300000000e+04    1.2567566124e-01
    8.3400000000e+04    1.5783504235e-01
    8.3500000000e+04    1.7776369368e-01
    8.3600000000e+04    1.4197090410e-01
    8.3700000000e+04    1.2079962383e-01
    8.3800000000e+04    1.2447824456e-01
    8.3900000000e+04    1.6190230962e-01
    8.4000000000e+04    1.4656744939e-01
    8.4100000000e+04    1.2117842942e-01
    8.4200000000e+04    1.5185105152e-01
    8.4300000000e+04    1.2670814886e-01
    8.4400000000e+04    1.7712472771e-01
    8.4500000000e+04    1.4204501772e-01
    8.4600000000e+04    1.6844109559e-01
    8.4700000000e+04    9.7049813897e-02
    8.4800000000e+04    1.4247843500e-01
    8.4900000000e+04    1.1995951566e-01
    8.5000000000e+04    1.2093655892e-01
    8.5100000000e+04    1.0631352994e-01
    8.5200000000e+04    1.2699101214e-01
    8.5300000000e+04    1.3392776891e-01
    8.5400000000e+04    1.8229233034e-01
    8.5500000000e+04    1.4479814444e-01
    8.5600000000e+04    1.1247513936e-01
    8.5700000000e+04    1.7753226494e-01
    8.5800000000e+04    1.3339328464e-01
    8.5900000000e+04    1.3512463984e-01
    8.6000000000e+04    1.0780510662e-01
    8.6100000000e+04    1.1743298681e-01
    8.6200000000e+04    1.1890406615e-01
    8.6300000000e+04    1.5211247835e-01
    8.6400000000e+04    1.5240405092e-01
    8.6500000000e+04    1.3745997825e-01
    8.6600000000e+04    1.2148145250e-01
    8.6700000000e+04    1.2995604539e-01
    8.6800000000e+04    1.1775987186e-01
    8.6900000000e+04    1.2265916875e-01
    8.7000000000e+04    1.0613060413e-01
    8.7100000000e+04    1.5338649849e-01
    8.7200000000e+04    1.3790440910e-01
    8.7300000000e+04    1.2756848831e-01
    8.7400000000e+04    1.2138850423e-01
    8.7500000000e+04    1.1914290600e-01
    8.7600000000e+04    1.5322712942e-01
    8.7700000000e+04    1.3241970483e-01
    8.7800000000e+04    1.4602810460e-01
    8.7900000000e+04    1.2185014217e-01
    8.8000000000e+04    1.0709584324e-01
    8.8100000000e+04    1.0116319952e-01
    8.8200000000e+04    1.1372022751e-01
    8.8300000000e+04    1.1512747635e-01
    8.8400000000e+04    1.0941304992e-01
    8.8500000000e+04    1.2178788477e-01
    8.8600000000e+04    1.2082092061e-01
    8.8700000000e+04    1.1928416623e-01
    8.8800000000e+04    1.3285650044e-01
    8.8900000000e+04    1.3572071883e-01
    8.9000000000e+04    1.3740183188e-01
    8.9100000000e+04    1.4291820606e-01
    8.9200000000e+04    1.4313034684e-01
    8.9300000000e+04    1.3578844928e-01
    8.9400000000e+04    1.3740431430e-01
    8.9500000000e+04    1.5658137229e-01
    8.9600000000e+04    1.4216187788e-01
    8.9700000000e+04    1.2883931251e-01
    8.9800000000e+04    2.2027332192e-01
    8.9900000000e+04    1.4190352355e-01
    9.0000000000e+04    1.2314766305e-01
    9.0100000000e+04    1.2284483419e-01
    9.0200000000e+04    1.4347811945e-01
    9.0300000000e+04    1.3281132212e-01
    9.0400000000e+04    1.2654690223e-01
    9.0500000000e+04    1.3294218351e-01
    9.0600000000e+04    1.3845880868e-01
    9.0700000000e+04    1.4150241315e-01
    9.0800000000e+04    1.9874712777e-01
    9.0900000000e+04    1.4600561021e-01
    9.1000000000e+04    1.3275722416e-01
    9.1100000000e+04    1.3344199049e-01
    9.1200000000e+04    1.9367371450e-01
    9.1300000000e+04    1.7906205728e-01
    9.1400000000e+04    1.4420906606e-01
    9.1500000000e+04    1.0135024609e-01
    9.1600000000e+04    1.2614383042e-01
    9.1700000000e+04    1.1366264025e-01
    9.1800000000e+04    1.3947110547e-01
    9.1900000000e+04    1.0798451027e-01
    9.2000000000e+04    1.1410152403e-01
    9.2100000000e+04    1.2881861734e-01
    9.2200000000e+04    1.3128319823e-01
    9.2300000000e+04    1.4112876804e-01
    9.2400000000e+04    1.3055286628e-01
    9.2500000000e+04    1.1254301697e-01
    9.2600000000e+04    1.5625406540e-01
    9.2700000000e+04    1.7534746997e-01
    9.2800000000e+04    1.2831226502e-01
    9.2900000000e+04    1.3476528336e-01
    9.3000000000e+04    1.3146136286e-01
    9.3100000000e+04    1.5296319194e-01
    9.3200000000e+04    1.3060247053e-01
    9.3300000000e+04    1.2842174178e-01
    9.3400000000e+04    1.0466348048e-01
    9.3500000000e+04    1.2321473134e-01
    9.3600000000e+04    1.1299246481e-01
    9.3700000000e+04    1.7735799545e-01
    9.3800000000e+04    1.2136868542e-01
    9.3900000000e+04    1.2227976055e-01
    9.4000000000e+04    1.1893330972e-01
    9.4100000000e+04    1.5097392043e-01
    9.4200000000e+04    1.3026121677e-01
    9.4300000000e+04    1.2620225873e-01
    9.4400000000e+04    1.0069565725e-01
    9.4500000000e+04    1.4317347106e-01
    9.4600000000e+04    1.7034798017e-01
    9.4700000000e+04    1.2378502546e-01
    9.4800000000e+04    1.1402158630e-01
    9.4900000000e+04    1.2123287327e-01
    9.5000000000e+04    1.4762626640e-01
    9.5100000000e+04    1.2085943955e-01
    9.5200000000e+04    1.4041741446e-01
    9.5300000000e+04    1.2100002582e-01
    9.5400000000e+04    1.4568559777e-01
    9.5500000000e+04    1.4863765791e-01
    9.5600000000e+04    1.3673207514e-01
    9.5700000000e+04    9.8297049139e-02
    9.5800000000e+04    1.1801192287e-01
    9.5900000000e+04    1.3199082538e-01
    9.6000000000e+04    1.5394170924e-01
    9.6100000000e+04    1.0725472620e-01
    9.6200000000e+04    1.3462612647e-01
    9.6300000000e+04    1.5458766351e-01
    9.6400000000e+04    1.3071273742e-01
    9.6500000000e+04    1.2177855561e-01
    9.6600000000e+04    1.1373553041e-01
    9.6700000000e+04    1.4909897816e-01
    9.6800000000e+04    1.3875621063e-01
    9.6900000000e+04    1.7709975527e-01
    9.7000000000e+04    1.4923406801e-01
    9.7100000000e+04    1.3352735156e-01
    9.7200000000e+04    1.3534863375e-01
    9.7300000000e+04    1.2987179288e-01
    9.7400000000e+04    1.3228465895e-01
    9.7500000000e+04    1.1354616454e-01
    9.7600000000e+04    1.2899431181e-01
    9.7700000000e+04    1.0446843273e-01
    9.7800000000e+04    1.4161485489e-01
    9.7900000000e+04    1.6864749444e-01
    9.8000000000e+04    1.3284257917e-01
    9.8100000000e+04    1.2751245457e-01
    9.8200000000e+04    1.6057074569e-01
    9.8300000000e+04    1.5581704477e-01
    9.8400000000e+04    1.4636945312e-01
    9.8500000000e+04    1.3754118621e-01
    9.8600000000e+04    1.4127861583e-01
    9.8700000000e+04    1.3048311881e-01
    9.8800000000e+04    1.2408976665e-01
    9.8900000000e+04    1.3374649023e-01
    9.9000000000e+04    1.6718929007e-01
    9.9100000000e+04    1.4887351919e-01
    9.9200000000e+04    1.9190476357e-01
    9.9300000000e+04    1.5220018248e-01
    9.9400000000e+04    1.3114055123e-01
    9.9500000000e+04    1.1345591180e-01
    9.9600000000e+04    1.4130542070e-01
    9.9700000000e+04    1.4000471523e-01
    9.9800000000e+04    1.1055951852e-01
    9.9900000000e+04    1.2040618743e-01
    1.0000000000e+05    1.2698295705e-01
    1.0010000000e+05    1.1727005471e-01
    1.0020000000e+05    1.3968655543e-01
    1.0030000000e+05    1.4568762308e-01
    1.0040000000e+05    1.7986650327e-01
    1.0050000000e+05    1.4540934944e-01
    1.0060000000e+05    2.2113158027e-01
    1.0070000000e+05    1.5253053798e-01
    1.0080000000e+05    1.3243617228e-01
    1.0090000000e+05    1.1732653194e-01
    1.0100000000e+05    1.2029064877e-01
    1.0110000000e+05    1.6887533356e-01
    1.0120000000e+05    1.1982322960e-01
    1.0130000000e+05    1.1294367144e-01
    1.0140000000e+05    1.2253905164e-01
    1.0150000000e+05    1.5164485227e-01
    1.0160000000e+05    1.6442366281e-01
    1.0170000000e+05    2.0930641235e-01
    1.0180000000e+05    2.1761072893e-01
    1.0190000000e+05    1.9935419331e-01
    1.0200000000e+05    1.9662034097e-01
    1.0210000000e+05    1.1434210194e-01
    1.0220000000e+05    1.3137037983e-01
    1.0230000000e+05    1.1698259171e-01
    1.0240000000e+05    1.4550999207e-01
    1.0250000000e+05    1.4223748013e-01
    1.0260000000e+05    1.1740345015e-01
    1.0270000000e+05    1.5226637454e-01
    1.0280000000e+05    1.5558208811e-01
    1.0290000000e+05    1.1230350116e-01
    1.0300000000e+05    2.2407495763e-01
    1.0310000000e+05    1.0761099550e-01
    1.0320000000e+05    1.0729892546e-01
    1.0330000000e+05    1.2573509850e-01
    1.0340000000e+05    1.7237379710e-01
    1.0350000000e+05    1.5442081393e-01
    1.0360000000e+05    1.8043350829e-01
    1.0370000000e+05    1.5842321088e-01
    1.0380000000e+05    1.8959215520e-01
    1.0390000000e+05    1.6553643666e-01
    1.0400000000e+05    1.2023083024e-01
    1.0410000000e+05    1.0683026864e-01
    1.0420000000e+05    1.4258028523e-01
    1.0430000000e+05    1.2027670457e-01
    1.0440000000e+05    1.4303754656e-01
    1.0450000000e+05    1.4192223650e-01
    1.0460000000e+05    1.1432186906e-01
    1.0470000000e+05    1.3905827371e-01
    1.0480000000e+05    1.9158804396e-01
    1.0490000000e+05    1.2768612002e-01
    1.0500000000e+05    1.5611377082e-01
    1.0510000000e+05    1.5994056933e-01
    1.0520000000e+05    2.2758365773e-01
    1.0530000000e+05    2.3551713427e-01
    1.0540000000e+05    1.1315744307e-01
    1.0550000000e+05    1.2043159186e-01
    1.0560000000e+05    1.4206613435e-01
    1.0570000000e+05    1.0934645824e-01
    1.0580000000e+05    1.0881468790e-01
    1.0590000000e+05    1.0998598692e-01
    1.0600000000e+05    1.0643720537e-01
    1.0610000000e+05    1.2855735392e-01
    1.0620000000e+05    1.0478876238e-01
    1.0630000000e+05    1.3599015064e-01
    1.0640000000e+05    1.8951584031e-01
    1.0650000000e+05    1.4663245567e-01
    1.0660000000e+05    1.3133980720e-01
    1.0670000000e+05    1.3427273349e-01
    1.0680000000e+05    1.9872107236e-01
    1.0690000000e+05    1.3725163043e-01
    1.0700000000e+05    1.5230217680e-01
    1.0710000000e+05    1.3082226224e-01
    1.0720000000e+05    1.3387966494e-01
    1.0730000000e+05    1.3273876550e-01
    1.0740000000e+05    1.3894085444e-01
    1.0750000000e+05    1.3182092570e-01
    1.0760000000e+05    1.1777628595e-01
    1.0770000000e+05    1.4717144427e-01
    1.0780000000e+05    1.7563169828e-01
    1.0790000000e+05    1.1455964880e-01
    1.0800000000e+05    1.7106877382e-01
    1.0810000000e+05    1.6651664909e-01
    1.0820000000e+05    1.8553668476e-01
    1.0830000000e+05    1.4125483541e-01
    1.0840000000e+05    1.4393166056e-01
    1.0850000000e+05    1.5425178638e-01
    1.0860000000e+05    1.3078572103e-01
    1.0870000000e+05    1.2792953578e-01
    1.0880000000e+05    1.5268059259e-01
    1.0890000000e+05    1.3720039110e-01
    1.0900000000e+05    1.8004372280e-01
    1.0910000000e+05    1.6145521711e-01
    1.0920000000e+05    1.5660721158e-01
    1.0930000000e+05    2.0250037827e-01
    1.0940000000e+05    2.1252982170e-01
    1.0950000000e+05    1.2579504755e-01
    1.0960000000e+05    1.1162072716e-01
    1.0970000000e+05    1.2074044972e-01
    1.0980000000e+05    1.1032673417e-01
    1.0990000000e+05    1.2488826605e-01
    1.1000000000e+05    1.4008222199e-01
    1.1010000000e+05    1.1351078407e-01
    1.1020000000e+05    1.3550619987e-01
    1.1030000000e+05    1.8704179674e-01
    1.1040000000e+05    1.4853521866e-01
    1.1050000000e+05    1.5715076319e-01
    1.1060000000e+05    1.3570550878e-01
    1.1070000000e+05    1.3967652035e-01
    1.1080000000e+05    1.1324272204e-01
    1.1090000000e+05    1.1797008158e-01
    1.1100000000e+05    1.3147325076e-01
    1.1110000000e+05    1.5442202512e-01
    1.1120000000e+05    2.7708281604e-01
    1.1130000000e+05    2.2386465035e-01
    1.1140000000e+05    1.8486253860e-01
    1.1150000000e+05    1.0980463513e-01
    1.1160000000e+05    1.5998396531e-01
    1.1170000000e+05    1.1531500864e-01
    1.1180000000e+05    1.4038578063e-01
    1.1190000000e+05    1.3460829372e-01
    1.1200000000e+05    1.1373771333e-01
    1.1210000000e+05    1.0119430546e-01
    1.1220000000e+05    1.8847723290e-01
    1.1230000000e+05    1.6844297247e-01
    1.1240000000e+05    1.6671729927e-01
    1.1250000000e+05    1.6530398702e-01
    1.1260000000e+05    2.5609801992e-01
    1.1270000000e+05    1.3005251752e-01
    1.1280000000e+05    1.2705830651e-01
    1.1290000000e+05    1.3415357210e-01
    1.1300000000e+05    1.1708728535e-01
    1.1310000000e+05    1.3383855666e-01
    1.1320000000e+05    1.3933161819e-01
    1.1330000000e+05    1.5975006571e-01
    1.1340000000e+05    1.4565309642e-01
    1.1350000000e+05    1.4519597212e-01
    1.1360000000e+05    2.3402759199e-01
    1.1370000000e+05    1.1686958835e-01
    1.1380000000e+05    1.3483302292e-01
    1.1390000000e+05    1.2275622884e-01
    1.1400000000e+05    1.6434374483e-01
    1.1410000000e+05    1.1657385352e-01
    1.1420000000e+05    1.3183221165e-01
    1.1430000000e+05    1.6000485283e-01
    1.1440000000e+05    1.4049643640e-01
    1.1450000000e+05    1.5490241485e-01
    1.1460000000e+05    1.7883771179e-01
    1.1470000000e+05    1.2024429195e-01
    1.1480000000e+05    1.1801632804e-01
    1.1490000000e+05    1.2439785284e-01
    1.1500000000e+05    1.2318231487e-01
    1.1510000000e+05    1.3558376991e-01
    1.1520000000e+05    1.2452275866e-01
    1.1530000000e+05    1.6030613241e-01
    1.1540000000e+05    1.2787108569e-01
    1.1550000000e+05    1.2466091476e-01
    1.1560000000e+05    1.2518497337e-01
    1.1570000000e+05    2.0158434892e-01
    1.1580000000e+05    1.1847366840e-01
    1.1590000000e+05    1.6818552982e-01
    1.1600000000e+05    1.8932908844e-01
    1.1610000000e+05    1.4726249447e-01
    1.1620000000e+05    1.5740046241e-01
    1.1630000000e+05    1.3892687269e-01
    1.1640000000e+05    1.9312206875e-01
    1.1650000000e+05    1.3777759072e-01
    1.1660000000e+05    1.0803954748e-01
    1.1670000000e+05    1.1583386333e-01
    1.1680000000e+05    1.5104523114e-01
    1.1690000000e+05    1.8833198392e-01
    1.1700000000e+05    1.4112735297e-01
    1.1710000000e+05    1.7145951987e-01
    1.1720000000e+05    1.7819536457e-01
    1.1730000000e+05    1.8515226835e-01
    1.1740000000e+05    1.0666918466e-01
    1.1750000000e+05    1.2641174785e-01
    1.1760000000e+05    1.3911602350e-01
    1.1770000000e+05    1.1942857486e-01
    1.1780000000e+05    1.5044342968e-01
    1.1790000000e+05    1.1200583069e-01
    1.1800000000e+05    1.3842596334e-01
    1.1810000000e+05    1.3307821735e-01
    1.1820000000e+05    1.3336876520e-01
    1.1830000000e+05    1.2379254130e-01
    1.1840000000e+05    1.3379223161e-01
    1.1850000000e+05    1.5167847967e-01
    1.1860000000e+05    1.2534426449e-01
    1.1870000000e+05    1.3657655153e-01
    1.1880000000e+05    1.7388523370e-01
    1.1890000000e+05    1.4031593641e-01
    1.1900000000e+05    1.4416133074e-01
    1.1910000000e+05    1.3046139899e-01
    1.1920000000e+05    1.6102312599e-01
    1.1930000000e+05    1.4362368311e-01
    1.1940000000e+05    1.2437142649e-01
    1.1950000000e+05    1.4815452498e-01
    1.1960000000e+05    1.3905665751e-01
    1.1970000000e+05    1.6207678977e-01
    1.1980000000e+05    1.4691141034e-01
    1.1990000000e+05    1.8591178807e-01
    1.2000000000e+05    1.1739518699e-01
    1.2010000000e+05    1.2200683106e-01
    1.2020000000e+05    1.2135129650e-01
    1.2030000000e+05    1.4529430445e-01
    1.2040000000e+05    1.5030807551e-01
    1.2050000000e+05    1.3857654492e-01
    1.2060000000e+05    2.1494535024e-01
    1.2070000000e+05    1.6894016675e-01
    1.2080000000e+05    1.5098227955e-01
    1.2090000000e+05    1.8040307160e-01
    1.2100000000e+05    1.7726670267e-01
    1.2110000000e+05    1.9690913090e-01
    1.2120000000e+05    1.4271287655e-01
    1.2130000000e+05    1.3828102731e-01
    1.2140000000e+05    1.9604246070e-01
    1.2150000000e+05    1.7526757948e-01
    1.2160000000e+05    1.6860836276e-01
    1.2170000000e+05    1.3591060092e-01
    1.2180000000e+05    1.5650344884e-01
    1.2190000000e+05    1.4192873314e-01
    1.2200000000e+05    2.0913901690e-01
    1.2210000000e+05    1.9881705866e-01
    1.2220000000e+05    2.0364682755e-01
    1.2230000000e+05    1.3897926545e-01
    1.2240000000e+05    1.4458106292e-01
    1.2250000000e+05    1.5723246875e-01
    1.2260000000e+05    1.9323084234e-01
    1.2270000000e+05    1.8349956207e-01
    1.2280000000e+05    1.9005587808e-01
    1.2290000000e+05    1.4258907033e-01
    1.2300000000e+05    1.2988759464e-01
    1.2310000000e+05    1.3738332941e-01
    1.2320000000e+05    2.0141889352e-01
    1.2330000000e+05    1.0756699428e-01
    1.2340000000e+05    1.2649431243e-01
    1.2350000000e+05    1.2622293607e-01
    1.2360000000e+05    1.6538204128e-01
    1.2370000000e+05    1.1735603514e-01
    1.2380000000e+05    1.3358713711e-01
    1.2390000000e+05    1.4922337702e-01
    1.2400000000e+05    1.5722929611e-01
    1.2410000000e+05    1.4222060534e-01
    1.2420000000e+05    1.4996572806e-01
    1.2430000000e+05    1.0426875472e-01
    1.2440000000e+05    1.0101758286e-01
    1.2450000000e+05    1.1808121566e-01
    1.2460000000e+05    1.4738799934e-01
    1.2470000000e+05    1.2813664048e-01
    1.2480000000e+05    1.2022484857e-01
    1.2490000000e+05    1.5291784598e-01
    1.2500000000e+05    1.5683372743e-01
    1.2510000000e+05    1.1606973128e-01
    1.2520000000e+05    1.2836635335e-01
    1.2530000000e+05    1.2195181380e-01
    1.2540000000e+05    1.3247494058e-01
    1.2550000000e+05    1.1329046132e-01
    1.2560000000e+05    1.4303117901e-01
    1.2570000000e+05    1.4750831547e-01
    1.2580000000e+05    1.2459874929e-01
    1.2590000000e+05    1.3828582707e-01
    1.2600000000e+05    1.4305078784e-01
    1.2610000000e+05    1.2699350336e-01
    1.2620000000e+05    1.1770580733e-01
    1.2630000000e+05    2.1561371176e-01
    1.2640000000e+05    1.7784213109e-01
    1.2650000000e+05    1.8611697222e-01
    1.2660000000e+05    1.3781423316e-01
    1.2670000000e+05    1.4297297339e-01
    1.2680000000e+05    1.3363691415e-01
    1.2690000000e+05    1.4133258108e-01
    1.2700000000e+05    1.4467155723e-01
    1.2710000000e+05    1.4468130865e-01
    1.2720000000e+05    1.4734426797e-01
    1.2730000000e+05    1.6758115530e-01
    1.2740000000e+05    1.2186805953e-01
    1.2750000000e+05    1.4497029660e-01
    1.2760000000e+05    1.5777247365e-01
    1.2770000000e+05    1.4776347052e-01
    1.2780000000e+05    1.3862482342e-01
    1.2790000000e+05    1.6168424603e-01
    1.2800000000e+05    1.5123538507e-01
    1.2810000000e+05    1.9140446394e-01
    1.2820000000e+05    1.5365099307e-01
    1.2830000000e+05    1.4737390516e-01
    1.2840000000e+05    1.7527511292e-01
    1.2850000000e+05    1.3382013460e-01
    1.2860000000e+05    1.2679640911e-01
    1.2870000000e+05    1.4184492653e-01
    1.2880000000e+05    1.5580126376e-01
    1.2890000000e+05    2.1616459355e-01
    1.2900000000e+05    2.2109381158e-01
    1.2910000000e+05    1.3316442613e-01
    1.2920000000e+05    1.4137230279e-01
    1.2930000000e+05    1.9242282212e-01
    1.2940000000e+05    1.1685296064e-01
    1.2950000000e+05    1.0174470578e-01
    1.2960000000e+05    1.1392098966e-01
    1.2970000000e+05    1.3427904494e-01
    1.2980000000e+05    1.0081295672e-01
    1.2990000000e+05    1.4138335121e-01
    1.3000000000e+05    1.4114416180e-01
    1.3010000000e+05    1.2390375753e-01
    1.3020000000e+05    1.3270549556e-01
    1.3030000000e+05    1.7004917826e-01
    1.3040000000e+05    1.8455184218e-01
    1.3050000000e+05    1.2140210584e-01
    1.3060000000e+05    1.2985445883e-01
    1.3070000000e+05    1.2520517854e-01
    1.3080000000e+05    2.2363327739e-01
    1.3090000000e+05    1.3176213259e-01
    1.3100000000e+05    1.2869296791e-01
    1.3110000000e+05    1.3220721739e-01
    1.3120000000e+05    1.2763828342e-01
    1.3130000000e+05    1.5562706814e-01
    1.3140000000e+05    1.2155787743e-01
    1.3150000000e+05    1.2082657788e-01
    1.3160000000e+05    2.2961043116e-01
    1.3170000000e+05    2.2927188195e-01
    1.3180000000e+05    2.5507625995e-01
    1.3190000000e+05    1.5875911776e-01
    1.3200000000e+05    1.6255594885e-01
    1.3210000000e+05    1.4629902932e-01
    1.3220000000e+05    1.1169797027e-01
    1.3230000000e+05    1.2337916838e-01
    1.3240000000e+05    1.4023046488e-01
    1.3250000000e+05    1.2181664414e-01
    1.3260000000e+05    1.6145850108e-01
    1.3270000000e+05    1.5473394687e-01
    1.3280000000e+05    1.6159897235e-01
    1.3290000000e+05    1.3102560152e-01
    1.3300000000e+05    1.6371701656e-01
    1.3310000000e+05    1.5240503076e-01
    1.3320000000e+05    1.3832754075e-01
    1.3330000000e+05    1.2868420894e-01
    1.3340000000e+05    1.6483860868e-01
    1.3350000000e+05    1.0684830106e-01
    1.3360000000e+05    1.3873229895e-01
    1.3370000000e+05    1.1196059774e-01
    1.3380000000e+05    1.0591870419e-01
    1.3390000000e+05    1.2764795806e-01
    1.3400000000e+05    2.3382424250e-01
    1.3410000000e+05    1.2946159210e-01
    1.3420000000e+05    1.2731761970e-01
    1.3430000000e+05    1.3477849582e-01
    1.3440000000e+05    1.6429256338e-01
    1.3450000000e+05    1.7617431737e-01
    1.3460000000e+05    1.4618876886e-01
    1.3470000000e+05    1.3654660238e-01
    1.3480000000e+05    1.4845711964e-01
    1.3490000000e+05    1.8308793427e-01
    1.3500000000e+05    2.2617704679e-01
    1.3510000000e+05    1.2212650710e-01
    1.3520000000e+05    1.4824943717e-01
    1.3530000000e+05    1.3243344672e-01
    1.3540000000e+05    1.5840684147e-01
    1.3550000000e+05    1.6600642118e-01
    1.3560000000e+05    1.1961908239e-01
    1.3570000000e+05    1.2530891410e-01
    1.3580000000e+05    1.1566877148e-01
    1.3590000000e+05    1.4542584758e-01
    1.3600000000e+05    1.1803295694e-01
    1.3610000000e+05    1.2378599956e-01
    1.3620000000e+05    1.1880902199e-01
    1.3630000000e+05    1.1190253781e-01
    1.3640000000e+05    1.2349138795e-01
    1.3650000000e+05    1.4592873024e-01
    1.3660000000e+05    1.1200756026e-01
    1.3670000000e+05    9.6090601519e-02
    1.3680000000e+05    1.7417828638e-01
    1.3690000000e+05    1.6540600779e-01
    1.3700000000e+05    1.1761142108e-01
    1.3710000000e+05    1.1450707924e-01
    1.3720000000e+05    1.9453821104e-01
    1.3730000000e+05    1.1211653730e-01
    1.3740000000e+05    1.3323036111e-01
    1.3750000000e+05    1.5130256016e-01
    1.3760000000e+05    1.3352504852e-01
    1.3770000000e+05    1.2834449401e-01
    1.3780000000e+05    1.1366993230e-01
    1.3790000000e+05    2.0045733922e-01
    1.3800000000e+05    1.4535684101e-01
    1.3810000000e+05    1.3118777603e-01
    1.3820000000e+05    1.5565522101e-01
    1.3830000000e+05    1.0350078864e-01
    1.3840000000e+05    1.6292818207e-01
    1.3850000000e+05    1.4519448237e-01
    1.3860000000e+05    1.5905539197e-01
    1.3870000000e+05    1.2054984882e-01
    1.3880000000e+05    1.4347381033e-01
    1.3890000000e+05    2.1728285994e-01
    1.3900000000e+05    1.4536353439e-01
    1.3910000000e+05    1.2906184609e-01
    1.3920000000e+05    1.2283254211e-01
    1.3930000000e+05    1.5506560882e-01
    1.3940000000e+05    1.4434517188e-01
    1.3950000000e+05    1.3798559694e-01
    1.3960000000e+05    1.2325048249e-01
    1.3970000000e+05    1.3027244741e-01
    1.3980000000e+05    1.2925070206e-01
    1.3990000000e+05    1.1412646210e-01
    1.4000000000e+05    1.1004320758e-01
    1.4010000000e+05    1.0605283405e-01
    1.4020000000e+05    1.3146248680e-01
    1.4030000000e+05    1.5082070285e-01
    1.4040000000e+05    1.3896460908e-01
    1.4050000000e+05    1.8568508955e-01
    1.4060000000e+05    1.6558117348e-01
    1.4070000000e+05    2.4408944901e-01
    1.4080000000e+05    1.9149775674e-01
    1.4090000000e+05    1.2735163518e-01
    1.4100000000e+05    1.1368885239e-01
    1.4110000000e+05    1.3021490206e-01
    1.4120000000e+05    1.3496957702e-01
    1.4130000000e+05    1.4852458736e-01
    1.4140000000e+05    1.2171489376e-01
    1.4150000000e+05    1.1601397805e-01
    1.4160000000e+05    1.2543345627e-01
    1.4170000000e+05    1.7645231758e-01
    1.4180000000e+05    1.4781842387e-01
    1.4190000000e+05    1.4438429158e-01
    1.4200000000e+05    1.8749549916e-01
    1.4210000000e+05    2.0934940254e-01
    1.4220000000e+05    1.3223325514e-01
    1.4230000000e+05    1.6626336832e-01
    1.4240000000e+05    1.2553565268e-01
    1.4250000000e+05    1.3618663611e-01
    1.4260000000e+05    1.1279765285e-01
    1.4270000000e+05    1.6515359778e-01
    1.4280000000e+05    1.1794013317e-01
    1.4290000000e+05    1.2856784943e-01
    1.4300000000e+05    1.2593806921e-01
    1.4310000000e+05    1.2785929907e-01
    1.4320000000e+05    1.4148999704e-01
    1.4330000000e+05    1.4334114213e-01
    1.4340000000e+05    1.4477856856e-01
    1.4350000000e+05    1.5143310292e-01
    1.4360000000e+05    1.2770800759e-01
    1.4370000000e+05    1.3796589537e-01
    1.4380000000e+05    1.4846889971e-01
    1.4390000000e+05    1.3043878437e-01
    1.4400000000e+05    1.3822258647e-01
    1.4410000000e+05    1.5267676299e-01
    1.4420000000e+05    2.1592886489e-01
    1.4430000000e+05    1.6589573479e-01
    1.4440000000e+05    1.3931017650e-01
    1.4450000000e+05    1.4740828020e-01
    1.4460000000e+05    1.4471939051e-01
    1.4470000000e+05    1.3692762123e-01
    1.4480000000e+05    1.3940860148e-01
    1.4490000000e+05    1.5131239036e-01
    1.4500000000e+05    1.3298930905e-01
    1.4510000000e+05    1.4074586142e-01
    1.4520000000e+05    1.6127100110e-01
    1.4530000000e+05    1.4947591188e-01
    1.4540000000e+05    1.1875159284e-01
    1.4550000000e+05    2.0498450460e-01
    1.4560000000e+05    1.7559969290e-01
    1.4570000000e+05    1.8180254236e-01
    1.4580000000e+05    1.3889610719e-01
    1.4590000000e+05    1.2637509260e-01
    1.4600000000e+05    1.1383305676e-01
    1.4610000000e+05    1.4128388681e-01
    1.4620000000e+05    1.6431521521e-01
    1.4630000000e+05    1.3804996272e-01
    1.4640000000e+05    1.3634796694e-01
    1.4650000000e+05    1.5108951425e-01
    1.4660000000e+05    1.4472426396e-01
    1.4670000000e+05    1.2977715608e-01
    1.4680000000e+05    1.4672997798e-01
    1.4690000000e+05    1.4744353456e-01
    1.4700000000e+05    1.6663610281e-01
    1.4710000000e+05    2.4763995134e-01
    1.4720000000e+05    2.9685455427e-01
    1.4730000000e+05    2.6595987296e-01
    1.4740000000e+05    1.5249123677e-01
    1.4750000000e+05    2.1209819162e-01
    1.4760000000e+05    1.6806906651e-01
    1.4770000000e+05    1.1946979542e-01
    1.4780000000e+05    1.3921637136e-01
    1.4790000000e+05    1.2531690181e-01
    1.4800000000e+05    2.0031874113e-01
    1.4810000000e+05    1.2594896316e-01
    1.4820000000e+05    1.4159139630e-01
    1.4830000000e+05    1.5937913246e-01
    1.4840000000e+05    2.6320535662e-01
    1.4850000000e+05    1.5171266584e-01
    1.4860000000e+05    1.3973013466e-01
    1.4870000000e+05    1.8670693488e-01
    1.4880000000e+05    2.8666837605e-01
    1.4890000000e+05    1.6238693397e-01
    1.4900000000e+05    1.4224873999e-01
    1.4910000000e+05    1.8183927508e-01
    1.4920000000e+05    2.5004232512e-01
    1.4930000000e+05    1.7412969469e-01
    1.4940000000e+05    1.2640563032e-01
    1.4950000000e+05    1.5520545625e-01
    1.4960000000e+05    1.2818936618e-01
    1.4970000000e+05    1.2447873581e-01
    1.4980000000e+05    1.7521722010e-01
    1.4990000000e+05    1.6210574706e-01
    1.5000000000e+05    2.1306805621e-01
    1.5010000000e+05    1.5391066397e-01
    1.5020000000e+05    2.7857062442e-01
    1.5030000000e+05    1.6282595405e-01
    1.5040000000e+05    1.5215185114e-01
    1.5050000000e+05    1.3926771831e-01
    1.5060000000e+05    1.2667837044e-01
    1.5070000000e+05    1.3761157163e-01
    1.5080000000e+05    1.0334036162e-01
    1.5090000000e+05    1.2726034278e-01
    1.5100000000e+05    1.1948209586e-01
    1.5110000000e+05    1.3269905266e-01
    1.5120000000e+05    1.2975345978e-01
    1.5130000000e+05    1.2862317772e-01
    1.5140000000e+05    1.4612998512e-01
    1.5150000000e+05    2.1075459874e-01
    1.5160000000e+05    1.4902611548e-01
    1.5170000000e+05    1.6923934963e-01
    1.5180000000e+05    1.4995054885e-01
    1.5190000000e+05    1.6435258857e-01
    1.5200000000e+05    1.4327159766e-01
    1.5210000000e+05    1.4908330638e-01
    1.5220000000e+05    1.1601320775e-01
    1.5230000000e+05    1.1633978115e-01
    1.5240000000e+05    1.6159051982e-01
    1.5250000000e+05    1.4266144448e-01
    1.5260000000e+05    1.1755760247e-01
    1.5270000000e+05    1.1547359761e-01
    1.5280000000e+05    1.4980578630e-01
    1.5290000000e+05    1.7986887998e-01
    1.5300000000e+05    1.5306468327e-01
    1.5310000000e+05    1.4609878530e-01
    1.5320000000e+05    1.8827228398e-01
    1.5330000000e+05    2.5589168508e-01
    1.5340000000e+05    1.5646019051e-01
    1.5350000000e+05    1.2319331815e-01
    1.5360000000e+05    1.2596513538e-01
    1.5370000000e+05    1.2918126199e-01
    1.5380000000e+05    1.4676585617e-01
    1.5390000000e+05    1.1100194769e-01
    1.5400000000e+05    1.2291061260e-01
    1.5410000000e+05    1.4267999049e-01
    1.5420000000e+05    1.1863188843e-01
    1.5430000000e+05    1.5607187857e-01
    1.5440000000e+05    1.3736114516e-01
    1.5450000000e+05    1.6154014603e-01
    1.5460000000e+05    2.1989427958e-01
    1.5470000000e+05    2.2342633011e-01
    1.5480000000e+05    2.3562566568e-01
    1.5490000000e+05    1.5495551683e-01
    1.5500000000e+05    1.3872534238e-01
    1.5510000000e+05    1.4288602387e-01
    1.5520000000e+05    1.6632313442e-01
    1.5530000000e+05    2.3860581193e-01
    1.5540000000e+05    1.9101625879e-01
    1.5550000000e+05    2.4166031396e-01
    1.5560000000e+05    2.2832340901e-01
    1.5570000000e+05    1.7644346256e-01
    1.5580000000e+05    1.1693147264e-01
    1.5590000000e+05    1.5869171292e-01
    1.5600000000e+05    1.8613516929e-01
    1.5610000000e+05    2.1436660016e-01
    1.5620000000e+05    1.4783861156e-01
    1.5630000000e+05    1.8672490266e-01
    1.5640000000e+05    1.8130593073e-01
    1.5650000000e+05    1.2448076278e-01
    1.5660000000e+05    1.5761711399e-01
    1.5670000000e+05    1.1655647951e-01
    1.5680000000e+05    1.6253160971e-01
    1.5690000000e+05    1.8638799957e-01
    1.5700000000e+05    1.4023468442e-01
    1.5710000000e+05    1.8225085784e-01
    1.5720000000e+05    1.6128291345e-01
    1.5730000000e+05    1.3626390883e-01
    1.5740000000e+05    1.2828270788e-01
    1.5750000000e+05    1.1308084870e-01
    1.5760000000e+05    1.4793551675e-01
    1.5770000000e+05    1.2116662991e-01
    1.5780000000e+05    1.3788336508e-01
    1.5790000000e+05    1.7889703579e-01
    1.5800000000e+05    1.9215668570e-01
    1.5810000000e+05    2.2274467169e-01
    1.5820000000e+05    2.0083632505e-01
    1.5830000000e+05    1.3571487034e-01
    1.5840000000e+05    1.5543882535e-01
    1.5850000000e+05    2.0542209691e-01
    1.5860000000e+05    1.7600045296e-01
    1.5870000000e+05    1.5756014438e-01
    1.5880000000e+05    1.3343834509e-01
    1.5890000000e+05    1.5569482430e-01
    1.5900000000e+05    1.5638559187e-01
    1.5910000000e+05    1.6177892493e-01
    1.5920000000e+05    1.9957957787e-01
    1.5930000000e+05    1.5723940299e-01
    1.5940000000e+05    1.6691894181e-01
    1.5950000000e+05    1.5674717510e-01
    1.5960000000e+05    3.2917807540e-01
    1.5970000000e+05    1.8983666214e-01
    1.5980000000e+05    2.2214281550e-01
    1.5990000000e+05    2.1145765756e-01
    1.6000000000e+05    1.3642947434e-01
    1.6010000000e+05    1.4586317851e-01
    1.6020000000e+05    1.5142948777e-01
    1.6030000000e+05    2.4515494081e-01
    1.6040000000e+05    1.8256256115e-01
    1.6050000000e+05    1.6048967499e-01
    1.6060000000e+05    1.3376115361e-01
    1.6070000000e+05    2.0562108580e-01
    1.6080000000e+05    1.3524742332e-01
    1.6090000000e+05    1.4584239955e-01
    1.6100000000e+05    1.5203359955e-01
    1.6110000000e+05    1.7679875427e-01
    1.6120000000e+05    2.2352410671e-01
    1.6130000000e+05    2.5348678192e-01
    1.6140000000e+05    1.4335215085e-01
    1.6150000000e+05    1.5320159198e-01
    1.6160000000e+05    1.2233064078e-01
    1.6170000000e+05    2.0003249951e-01
    1.6180000000e+05    2.0378046239e-01
    1.6190000000e+05    1.8197669393e-01
    1.6200000000e+05    2.2444121718e-01
    1.6210000000e+05    2.6056596916e-01
    1.6220000000e+05    2.5454118650e-01
    1.6230000000e+05    1.4545525163e-01
    1.6240000000e+05    1.5757381291e-01
    1.6250000000e+05    2.6084625358e-01
    1.6260000000e+05    1.8247048156e-01
    1.6270000000e+05    1.4674546116e-01
    1.6280000000e+05    1.7757051680e-01
    1.6290000000e+05    2.6475245265e-01
    1.6300000000e+05    1.9009134065e-01
    1.6310000000e+05    1.4374902793e-01
    1.6320000000e+05    1.5986735298e-01
    1.6330000000e+05    2.2037812104e-01
    1.6340000000e+05    1.5313390287e-01
    1.6350000000e+05    1.4472966214e-01
    1.6360000000e+05    1.6251170057e-01
    1.6370000000e+05    2.2880119453e-01
    1.6380000000e+05    2.7139300525e-01
    1.6390000000e+05    1.7709337501e-01
    1.6400000000e+05    1.3127895004e-01
    1.6410000000e+05    1.4278942914e-01
    1.6420000000e+05    1.8239952160e-01
    1.6430000000e+05    1.8501858190e-01
    1.6440000000e+05    1.2060625401e-01
    1.6450000000e+05    2.0433545569e-01
    1.6460000000e+05    1.8173085793e-01
    1.6470000000e+05    1.8222379725e-01
    1.6480000000e+05    1.7115787388e-01
    1.6490000000e+05    1.8100008957e-01
    1.6500000000e+05    2.4874214523e-01
    1.6510000000e+05    1.7307305342e-01
    1.6520000000e+05    1.4925184183e-01
    1.6530000000e+05    1.4493485603e-01
    1.6540000000e+05    1.7075390366e-01
    1.6550000000e+05    2.0526735508e-01
    1.6560000000e+05    2.0144950262e-01
    1.6570000000e+05    1.4708829609e-01
    1.6580000000e+05    1.6187795766e-01
    1.6590000000e+05    2.7886817699e-01
    1.6600000000e+05    2.2724754827e-01
    1.6610000000e+05    2.6434971829e-01
    1.6620000000e+05    2.0166541818e-01
    1.6630000000e+05    2.7669359203e-01
    1.6640000000e+05    3.4925322493e-01
    1.6650000000e+05    2.0525481187e-01
    1.6660000000e+05    2.4665620530e-01
    1.6670000000e+05    1.4521913392e-01
    1.6680000000e+05    1.4098442467e-01
    1.6690000000e+05    1.3334356885e-01
    1.6700000000e+05    1.1998689052e-01
    1.6710000000e+05    1.5388584246e-01
    1.6720000000e+05    1.3193672001e-01
    1.6730000000e+05    1.2032772191e-01
    1.6740000000e+05    1.3573380060e-01
    1.6750000000e+05    2.4514307026e-01
    1.6760000000e+05    2.1485866044e-01
    1.6770000000e+05    1.3291871061e-01
    1.6780000000e+05    1.2848458167e-01
    1.6790000000e+05    1.1597516495e-01
    1.6800000000e+05    1.2679135108e-01
    1.6810000000e+05    1.3905990354e-01
    1.6820000000e+05    1.2592793814e-01
    1.6830000000e+05    1.2770894254e-01
    1.6840000000e+05    2.1238159681e-01
    1.6850000000e+05    1.8532699724e-01
    1.6860000000e+05    1.7572128852e-01
    1.6870000000e+05    1.2527018653e-01
    1.6880000000e+05    1.5343937240e-01
    1.6890000000e+05    1.3050028542e-01
    1.6900000000e+05    1.1973011313e-01
    1.6910000000e+05    9.6951040500e-02
    1.6920000000e+05    1.2630703892e-01
    1.6930000000e+05    1.2149070056e-01
    1.6940000000e+05    1.3630519808e-01
    1.6950000000e+05    1.4456800813e-01
    1.6960000000e+05    1.2377202568e-01
    1.6970000000e+05    1.5151444638e-01
    1.6980000000e+05    2.0799776179e-01
    1.6990000000e+05    1.7897573805e-01
    1.7000000000e+05    1.1718090787e-01
    1.7010000000e+05    1.2875212332e-01
    1.7020000000e+05    1.5177521578e-01
    1.7030000000e+05    1.4795995521e-01
    1.7040000000e+05    1.3461289283e-01
    1.7050000000e+05    1.1176551141e-01
    1.7060000000e+05    1.1715623683e-01
    1.7070000000e+05    1.4957275891e-01
    1.7080000000e+05    1.6804131245e-01
    1.7090000000e+05    1.6473764855e-01
    1.7100000000e+05    1.4827885695e-01
    1.7110000000e+05    1.7634655741e-01
    1.7120000000e+05    2.4443868939e-01
    1.7130000000e+05    1.4480665988e-01
    1.7140000000e+05    1.0588680016e-01
    1.7150000000e+05    1.0067762217e-01
    1.7160000000e+05    1.0643644860e-01
    1.7170000000e+05    1.1868640471e-01
    1.7180000000e+05    1.5495920978e-01
    1.7190000000e+05    9.8600479196e-02
    1.7200000000e+05    1.1094079707e-01
    1.7210000000e+05    1.5882057724e-01
    1.7220000000e+05    2.1938894105e-01
    1.7230000000e+05    1.3903208993e-01
    1.7240000000e+05    1.3854751819e-01
    1.7250000000e+05    1.0805151803e-01
    1.7260000000e+05    1.1627741727e-01
    1.7270000000e+05    1.1798003894e-01
    1.7280000000e+05    1.2119488964e-01
    1.7290000000e+05    1.2640145206e-01
    1.7300000000e+05    1.7801923585e-01
    1.7310000000e+05    1.8994487608e-01
    1.7320000000e+05    1.3314470018e-01
    1.7330000000e+05    1.2842974981e-01
    1.7340000000e+05    1.1207595520e-01
    1.7350000000e+05    1.7359845149e-01
    1.7360000000e+05    2.1485256688e-01
    1.7370000000e+05    1.4961555851e-01
    1.7380000000e+05    1.3314861444e-01
    1.7390000000e+05    1.5113983286e-01
    1.7400000000e+05    1.8546402187e-01
    1.7410000000e+05    1.3585489423e-01
    1.7420000000e+05    1.2641165744e-01
    1.7430000000e+05    1.1984739708e-01
    1.7440000000e+05    1.2622963298e-01
    1.7450000000e+05    1.3955726791e-01
    1.7460000000e+05    1.1671070822e-01
    1.7470000000e+05    1.2911160992e-01
    1.7480000000e+05    1.1707027929e-01
    1.7490000000e+05    1.5071505783e-01
    1.7500000000e+05    1.4860952030e-01
    1.7510000000e+05    1.3450489986e-01
    1.7520000000e+05    1.7694753920e-01
    1.7530000000e+05    1.6350778080e-01
    1.7540000000e+05    1.5445086676e-01
    1.7550000000e+05    1.3312878871e-01
    1.7560000000e+05    1.2100004440e-01
    1.7570000000e+05    1.4020578748e-01
    1.7580000000e+05    1.3881734534e-01
    1.7590000000e+05    1.1779670822e-01
    1.7600000000e+05    1.3663903025e-01
    1.7610000000e+05    1.3594315033e-01
    1.7620000000e+05    1.3863071398e-01
    1.7630000000e+05    1.0467298428e-01
    1.7640000000e+05    1.3673568018e-01
    1.7650000000e+05    1.3332282513e-01
    1.7660000000e+05    1.2248043323e-01
    1.7670000000e+05    1.3947299631e-01
    1.7680000000e+05    1.3078873549e-01
    1.7690000000e+05    1.4163720736e-01
    1.7700000000e+05    1.1707573499e-01
    1.7710000000e+05    1.9839618803e-01
    1.7720000000e+05    1.4532953438e-01
    1.7730000000e+05    1.4110865357e-01
    1.7740000000e+05    1.5961558878e-01
    1.7750000000e+05    1.4465010667e-01
    1.7760000000e+05    1.1926933270e-01
    1.7770000000e+05    1.2724860179e-01
    1.7780000000e+05    1.0686153478e-01
    1.7790000000e+05    1.1158612852e-01
    1.7800000000e+05    1.3478992744e-01
    1.7810000000e+05    1.2416151230e-01
    1.7820000000e+05    1.1269238353e-01
    1.7830000000e+05    1.1155686662e-01
    1.7840000000e+05    1.4245232608e-01
    1.7850000000e+05    1.7799810527e-01
    1.7860000000e+05    1.5987740522e-01
    1.7870000000e+05    1.3959642125e-01
    1.7880000000e+05    1.0648765237e-01
    1.7890000000e+05    1.1316965394e-01
    1.7900000000e+05    1.3114053726e-01
    1.7910000000e+05    1.1962957540e-01
    1.7920000000e+05    1.1640912372e-01
    1.7930000000e+05    1.4939630222e-01
    1.7940000000e+05    1.4518330215e-01
    1.7950000000e+05    1.1359121519e-01
    1.7960000000e+05    1.2901516443e-01
    1.7970000000e+05    1.6762654388e-01
    1.7980000000e+05    1.0519482650e-01
    1.7990000000e+05    1.3661821212e-01
    1.8000000000e+05    1.2502502136e-01
    1.8010000000e+05    1.7323602342e-01
    1.8020000000e+05    1.6654641232e-01
    1.8030000000e+05    1.6323031195e-01
    1.8040000000e+05    1.2927334591e-01
    1.8050000000e+05    1.2994604386e-01
    1.8060000000e+05    1.3432672704e-01
    1.8070000000e+05    1.5942145555e-01
    1.8080000000e+05    1.3377929853e-01
    1.8090000000e+05    1.2436179957e-01
    1.8100000000e+05    1.1551162831e-01
    1.8110000000e+05    1.1248145745e-01
    1.8120000000e+05    1.9777164830e-01
    1.8130000000e+05    1.3834774455e-01
    1.8140000000e+05    1.4282153476e-01
    1.8150000000e+05    1.7037449594e-01
    1.8160000000e+05    1.5705690142e-01
    1.8170000000e+05    1.2396434998e-01
    1.8180000000e+05    1.0152809539e-01
    1.8190000000e+05    1.1214951964e-01
    1.8200000000e+05    1.1913854728e-01
    1.8210000000e+05    1.8550867719e-01
    1.8220000000e+05    1.7615886725e-01
    1.8230000000e+05    1.6658680270e-01
    1.8240000000e+05    1.2982629755e-01
    1.8250000000e+05    1.5105246540e-01
    1.8260000000e+05    1.2497441966e-01
    1.8270000000e+05    1.3912827190e-01
    1.8280000000e+05    1.2207388486e-01
    1.8290000000e+05    1.1124719829e-01
    1.8300000000e+05    1.2737888192e-01
    1.8310000000e+05    1.2711657956e-01
    1.8320000000e+05    1.1838427682e-01
    1.8330000000e+05    1.2310727138e-01
    1.8340000000e+05    1.6452807221e-01
    1.8350000000e+05    2.0081103468e-01
    1.8360000000e+05    1.3347741592e-01
    1.8370000000e+05    1.3373014375e-01
    1.8380000000e+05    1.6089235122e-01
    1.8390000000e+05    1.1968957206e-01
    1.8400000000e+05    1.0585307494e-01
    1.8410000000e+05    1.1480916230e-01
    1.8420000000e+05    1.4598801464e-01
    1.8430000000e+05    1.3609208579e-01
    1.8440000000e+05    1.4708215050e-01
    1.8450000000e+05    1.1595120665e-01
    1.8460000000e+05    1.1705407787e-01
    1.8470000000e+05    1.2355184584e-01
    1.8480000000e+05    1.7290891127e-01
    1.8490000000e+05    1.1903812580e-01
    1.8500000000e+05    1.3983129295e-01
    1.8510000000e+05    1.1597876592e-01
    1.8520000000e+05    1.3741032279e-01
    1.8530000000e+05    1.7750138938e-01
    1.8540000000e+05    1.0511091031e-01
    1.8550000000e+05    1.0915383664e-01
    1.8560000000e+05    1.1851337121e-01
    1.8570000000e+05    1.4467825542e-01
    1.8580000000e+05    1.6170328838e-01
    1.8590000000e+05    1.6063222688e-01
    1.8600000000e+05    1.1847475125e-01
    1.8610000000e+05    1.5307977293e-01
    1.8620000000e+05    1.5367987997e-01
    1.8630000000e+05    1.3849383126e-01
    1.8640000000e+05    1.3190726532e-01
    1.8650000000e+05    1.2805680205e-01
    1.8660000000e+05    1.2710462948e-01
    1.8670000000e+05    1.7350086094e-01
    1.8680000000e+05    1.1950604930e-01
    1.8690000000e+05    1.4920740546e-01
    1.8700000000e+05    1.4299111103e-01
    1.8710000000e+05    1.4605473118e-01
    1.8720000000e+05    1.5191031602e-01
    1.8730000000e+05    1.2088555305e-01
    1.8740000000e+05    1.2623113296e-01
    1.8750000000e+05    1.2314639812e-01
    1.8760000000e+05    1.3386907256e-01
    1.8770000000e+05    1.1627985534e-01
    1.8780000000e+05    1.2886154741e-01
    1.8790000000e+05    1.1767942455e-01
    1.8800000000e+05    1.4403488659e-01
    1.8810000000e+05    1.5428087685e-01
    1.8820000000e+05    1.9825840897e-01
    1.8830000000e+05    1.8916244346e-01
    1.8840000000e+05    2.4018031817e-01
    1.8850000000e+05    1.7698775369e-01
    1.8860000000e+05    1.5635030130e-01
    1.8870000000e+05    1.4554405050e-01
    1.8880000000e+05    1.4434016899e-01
    1.8890000000e+05    1.2358037691e-01
    1.8900000000e+05    1.3071183728e-01
    1.8910000000e+05    1.3181427113e-01
    1.8920000000e+05    1.1357951928e-01
    1.8930000000e+05    1.0907663490e-01
    1.8940000000e+05    1.3207262819e-01
    1.8950000000e+05    1.3286217332e-01
    1.8960000000e+05    1.4610311035e-01
    1.8970000000e+05    1.6943507182e-01
    1.8980000000e+05    1.4800901216e-01
    1.8990000000e+05    2.0492252660e-01
    1.9000000000e+05    1.2317730084e-01
    1.9010000000e+05    1.2836309682e-01
    1.9020000000e+05    1.2850107875e-01
    1.9030000000e+05    1.7160712763e-01
    1.9040000000e+05    1.4200159673e-01
    1.9050000000e+05    1.3303651641e-01
    1.9060000000e+05    1.2581110491e-01
    1.9070000000e+05    1.2467626544e-01
    1.9080000000e+05    2.1831672587e-01
    1.9090000000e+05    1.2951878298e-01
    1.9100000000e+05    2.0234785412e-01
    1.9110000000e+05    1.4643014714e-01
    1.9120000000e+05    1.9156843701e-01
    1.9130000000e+05    1.7937895206e-01
    1.9140000000e+05    1.1890009718e-01
    1.9150000000e+05    1.2917618437e-01
    1.9160000000e+05    1.0350149378e-01
    1.9170000000e+05    1.4889782788e-01
    1.9180000000e+05    1.6500694803e-01
    1.9190000000e+05    1.1413742428e-01
    1.9200000000e+05    1.1590106944e-01
    1.9210000000e+05    1.4569018118e-01
    1.9220000000e+05    1.7654364980e-01
    1.9230000000e+05    2.3862379841e-01
    1.9240000000e+05    1.7773554037e-01
    1.9250000000e+05    1.3733898568e-01
    1.9260000000e+05    9.9684603909e-02
    1.9270000000e+05    2.2664237465e-01
    1.9280000000e+05    1.5881879422e-01
    1.9290000000e+05    1.2745428731e-01
    1.9300000000e+05    1.3490200245e-01
    1.9310000000e+05    1.3229558579e-01
    1.9320000000e+05    1.5864709631e-01
    1.9330000000e+05    1.5600468663e-01
    1.9340000000e+05    1.2285063633e-01
    1.9350000000e+05    1.5123234898e-01
    1.9360000000e+05    1.3245307689e-01
    1.9370000000e+05    1.5670213228e-01
    1.9380000000e+05    1.0707899612e-01
    1.9390000000e+05    1.3392874035e-01
    1.9400000000e+05    1.2277249409e-01
    1.9410000000e+05    1.8807937249e-01
    1.9420000000e+05    1.3925119673e-01
    1.9430000000e+05    1.0684610719e-01
    1.9440000000e+05    1.5325702173e-01
    1.9450000000e+05    1.5053503024e-01
    1.9460000000e+05    1.4053469059e-01
    1.9470000000e+05    1.2470801072e-01
    1.9480000000e+05    1.1319254422e-01
    1.9490000000e+05    1.2842655937e-01
    1.9500000000e+05    1.3948476592e-01
    1.9510000000e+05    1.6906929907e-01
    1.9520000000e+05    2.0864859826e-01
    1.9530000000e+05    1.2791464044e-01
    1.9540000000e+05    1.5442864551e-01
    1.9550000000e+05    1.6695955551e-01
    1.9560000000e+05    1.1338945392e-01
    1.9570000000e+05    1.5010268366e-01
    1.9580000000e+05    1.4638434321e-01
    1.9590000000e+05    1.3551175450e-01
    1.9600000000e+05    1.2074996233e-01
    1.9610000000e+05    1.2684658158e-01
    1.9620000000e+05    1.2401157450e-01
    1.9630000000e+05    1.7203530465e-01
    1.9640000000e+05    2.0030746593e-01
    1.9650000000e+05    1.4038368504e-01
    1.9660000000e+05    1.7807008124e-01
    1.9670000000e+05    1.6196765538e-01
    1.9680000000e+05    1.9221685058e-01
    1.9690000000e+05    1.0808249695e-01
    1.9700000000e+05    1.4728015169e-01
    1.9710000000e+05    1.2160769730e-01
    1.9720000000e+05    1.4239862434e-01
    1.9730000000e+05    1.4359466468e-01
    1.9740000000e+05    1.1429507157e-01
    1.9750000000e+05    1.8647282305e-01
    1.9760000000e+05    1.9039937575e-01
    1.9770000000e+05    1.6143338300e-01
    1.9780000000e+05    1.5833287065e-01
    1.9790000000e+05    1.5359470755e-01
    1.9800000000e+05    1.7994903215e-01
    1.9810000000e+05    1.4379315317e-01
    1.9820000000e+05    1.5353158465e-01
    1.9830000000e+05    1.2407205121e-01
    1.9840000000e+05    1.4778096361e-01
    1.9850000000e+05    1.3811979070e-01
    1.9860000000e+05    1.4880799819e-01
    1.9870000000e+05    1.0305927678e-01
    1.9880000000e+05    1.3103904974e-01
    1.9890000000e+05    1.5154666759e-01
    1.9900000000e+05    2.1595027876e-01
    1.9910000000e+05    1.9082328974e-01
    1.9920000000e+05    1.1591628180e-01
    1.9930000000e+05    1.4895293958e-01
    1.9940000000e+05    1.3019447701e-01
    1.9950000000e+05    1.3307947260e-01
    1.9960000000e+05    1.3615114007e-01
    1.9970000000e+05    1.2590489994e-01
    1.9980000000e+05    1.2382929668e-01
    1.9990000000e+05    1.1547497660e-01
    2.0000000000e+05    1.4924539931e-01
