    2.5000000000e+02    3.6193924451e-01
    5.0000000000e+02    2.9619213162e-01
    7.5000000000e+02    2.8418476731e-01
    1.0000000000e+03    2.2000793170e-01
    1.2500000000e+03    3.1676553980e-01
    1.5000000000e+03    1.7529019595e-01
    1.7500000000e+03    1.7034874299e-01
    2.0000000000e+03    2.4172860948e-01
    2.2500000000e+03    1.3690417405e-01
    2.5000000000e+03    1.5791393395e-01
    2.7500000000e+03    3.0559621415e-01
    3.0000000000e+03    1.7196357233e-01
    3.2500000000e+03    2.1108620687e-01
    3.5000000000e+03    1.6305908946e-01
    3.7500000000e+03    1.1102181773e-01
    4.0000000000e+03    1.3187739125e-01
    4.2500000000e+03    1.1966689250e-01
    4.5000000000e+03    1.6465491476e-01
    4.7500000000e+03    1.5007261341e-01
    5.0000000000e+03    1.4869640728e-01
    5.2500000000e+03    1.6492408959e-01
    5.5000000000e+03    1.4026611694e-01
    5.7500000000e+03    1.7054423169e-01
    6.0000000000e+03    1.6251598721e-01
    6.2500000000e+03    1.5297073478e-01
    6.5000000000e+03    1.7985637295e-01
    6.7500000000e+03    1.6227500911e-01
    7.0000000000e+03    1.2012862646e-01
    7.2500000000e+03    1.3501701417e-01
    7.5000000000e+03    1.5947478283e-01
    7.7500000000e+03    1.3896570030e-01
    8.0000000000e+03    1.4650012756e-01
    8.2500000000e+03    1.6639321513e-01
    8.5000000000e+03    1.3308008028e-01
    8.7500000000e+03    1.5468167676e-01
    9.0000000000e+03    1.3671264253e-01
    9.2500000000e+03    1.5226857890e-01
    9.5000000000e+03    1.5503549893e-01
    9.7500000000e+03    1.1759268318e-01
    1.0000000000e+04    1.3495850569e-01
    1.0250000000e+04    1.5538757382e-01
    1.0500000000e+04    1.3959014147e-01
    1.0750000000e+04    1.4781700155e-01
    1.1000000000e+04    1.2577578922e-01
    1.1250000000e+04    1.7325456611e-01
    1.1500000000e+04    1.3099577355e-01
    1.1750000000e+04    1.3134052739e-01
    1.2000000000e+04    1.4294602359e-01
    1.2250000000e+04    1.1908295385e-01
    1.2500000000e+04    1.6979319948e-01
    1.2750000000e+04    1.0664845555e-01
    1.3000000000e+04    1.0366159297e-01
    1.3250000000e+04    1.3638508756e-01
    1.3500000000e+04    1.5454696070e-01
    1.3750000000e+04    1.4068721005e-01
    1.4000000000e+04    1.2431697295e-01
    1.4250000000e+04    1.1858076613e-01
    1.4500000000e+04    1.4452114471e-01
    1.4750000000e+04    1.6096960279e-01
    1.5000000000e+04    1.1514025702e-01
    1.5250000000e+04    1.5870607332e-01
    1.5500000000e+04    1.2397043897e-01
    1.5750000000e+04    1.3865753961e-01
    1.6000000000e+04    1.2291645012e-01
    1.6250000000e+04    1.7959907968e-01
    1.6500000000e+04    1.1262645097e-01
    1.6750000000e+04    1.7618505574e-01
    1.7000000000e+04    1.2163736920e-01
    1.7250000000e+04    1.0727643231e-01
    1.7500000000e+04    9.7297495415e-02
    1.7750000000e+04    1.3746125558e-01
    1.8000000000e+04    1.1383915457e-01
    1.8250000000e+04    1.0901197950e-01
    1.8500000000e+04    1.1148874088e-01
    1.8750000000e+04    1.3748758957e-01
    1.9000000000e+04    1.1907812778e-01
    1.9250000000e+04    1.0457939156e-01
    1.9500000000e+04    1.0761583942e-01
    1.9750000000e+04    1.1129312031e-01
    2.0000000000e+04    1.4500282948e-01
    2.0250000000e+04    1.3464372052e-01
    2.0500000000e+04    1.3564243863e-01
    2.0750000000e+04    1.2835079952e-01
    2.1000000000e+04    1.3470674991e-01
    2.1250000000e+04    1.2053427607e-01
    2.1500000000e+04    9.3131094748e-02
    2.1750000000e+04    1.4535738143e-01
    2.2000000000e+04    1.4661828932e-01
    2.2250000000e+04    1.2646657087e-01
    2.2500000000e+04    1.1228985937e-01
    2.2750000000e+04    1.2290794804e-01
    2.3000000000e+04    1.1193556150e-01
    2.3250000000e+04    1.4509422998e-01
    2.3500000000e+04    1.2277186049e-01
    2.3750000000e+04    1.2581080490e-01
    2.4000000000e+04    1.4216701746e-01
    2.4250000000e+04    1.0674723427e-01
    2.4500000000e+04    1.2294713315e-01
    2.4750000000e+04    1.4396674581e-01
    2.5000000000e+04    1.2520099354e-01
    2.5250000000e+04    1.2613458504e-01
    2.5500000000e+04    1.4397937369e-01
    2.5750000000e+04    1.1401213413e-01
    2.6000000000e+04    1.2722850656e-01
    2.6250000000e+04    1.1366191999e-01
    2.6500000000e+04    1.0816822759e-01
    2.6750000000e+04    1.2886926115e-01
    2.7000000000e+04    1.2270444652e-01
    2.7250000000e+04    1.5656424530e-01
    2.7500000000e+04    1.3432719463e-01
    2.7750000000e+04    1.3264960618e-01
    2.8000000000e+04    1.3210030448e-01
    2.8250000000e+04    1.0426561856e-01
    2.8500000000e+04    1.3872396973e-01
    2.8750000000e+04    1.5485605428e-01
    2.9000000000e+04    1.2577601178e-01
    2.9250000000e+04    1.2691325047e-01
    2.9500000000e+04    1.6702024326e-01
    2.9750000000e+04    1.2403376916e-01
    3.0000000000e+04    1.5253322152e-01
    3.0250000000e+04    1.2255649685e-01
    3.0500000000e+04    1.3539088236e-01
    3.0750000000e+04    1.2543312474e-01
    3.1000000000e+04    1.1161944609e-01
    3.1250000000e+04    1.3507615753e-01
    3.1500000000e+04    1.7258808995e-01
    3.1750000000e+04    1.2131579881e-01
    3.2000000000e+04    1.2832263446e-01
    3.2250000000e+04    1.3528507065e-01
    3.2500000000e+04    1.3749080188e-01
    3.2750000000e+04    1.7562142760e-01
    3.3000000000e+04    1.4001027028e-01
    3.3250000000e+04    1.3483231960e-01
    3.3500000000e+04    1.1398835770e-01
    3.3750000000e+04    1.1012197008e-01
    3.4000000000e+04    1.0562375014e-01
    3.4250000000e+04    1.2739674365e-01
    3.4500000000e+04    1.3318950040e-01
    3.4750000000e+04    1.3413031084e-01
    3.5000000000e+04    1.2506756394e-01
    3.5250000000e+04    1.5809682281e-01
    3.5500000000e+04    1.2781719492e-01
    3.5750000000e+04    1.2982785091e-01
    3.6000000000e+04    1.3773633920e-01
    3.6250000000e+04    1.3288022402e-01
    3.6500000000e+04    1.2931367781e-01
    3.6750000000e+04    1.4891699728e-01
    3.7000000000e+04    1.2075521487e-01
    3.7250000000e+04    1.5324250257e-01
    3.7500000000e+04    1.2321851810e-01
    3.7750000000e+04    1.1004596210e-01
    3.8000000000e+04    1.0627111139e-01
    3.8250000000e+04    1.7227707939e-01
    3.8500000000e+04    1.2463870757e-01
    3.8750000000e+04    1.0491606874e-01
    3.9000000000e+04    1.3112905457e-01
    3.9250000000e+04    1.5006972146e-01
    3.9500000000e+04    1.2282460849e-01
    3.9750000000e+04    1.1036819327e-01
    4.0000000000e+04    1.3165630503e-01
    4.0250000000e+04    1.5999559278e-01
    4.0500000000e+04    1.2037844305e-01
    4.0750000000e+04    1.4743146260e-01
    4.1000000000e+04    1.0692803282e-01
    4.1250000000e+04    1.0807900615e-01
    4.1500000000e+04    1.2989479737e-01
    4.1750000000e+04    1.3362018874e-01
    4.2000000000e+04    1.1990024326e-01
    4.2250000000e+04    1.3218436598e-01
    4.2500000000e+04    1.1946452764e-01
    4.2750000000e+04    1.6147856115e-01
    4.3000000000e+04    1.0591278521e-01
    4.3250000000e+04    1.1449852808e-01
    4.3500000000e+04    1.1421508677e-01
    4.3750000000e+04    1.2418512523e-01
    4.4000000000e+04    1.2488306800e-01
    4.4250000000e+04    1.4596969302e-01
    4.4500000000e+04    9.6318684832e-02
    4.4750000000e+04    9.6612439263e-02
    4.5000000000e+04    1.2077632025e-01
    4.5250000000e+04    1.2215454473e-01
    4.5500000000e+04    1.0580955560e-01
    4.5750000000e+04    1.1489451163e-01
    4.6000000000e+04    1.0684922029e-01
    4.6250000000e+04    1.0012878054e-01
    4.6500000000e+04    1.2201589228e-01
    4.6750000000e+04    1.4428172021e-01
    4.7000000000e+04    1.2141032273e-01
    4.7250000000e+04    1.1860893882e-01
    4.7500000000e+04    1.2595592596e-01
    4.7750000000e+04    1.2491949473e-01
    4.8000000000e+04    1.3360929897e-01
    4.8250000000e+04    1.0782888701e-01
    4.8500000000e+04    1.1785634966e-01
    4.8750000000e+04    1.4381855179e-01
    4.9000000000e+04    1.9531818502e-01
    4.9250000000e+04    1.2001615661e-01
    4.9500000000e+04    1.4962991348e-01
    4.9750000000e+04    1.4266999151e-01
    5.0000000000e+04    1.4644690613e-01
    5.0250000000e+04    1.5568386582e-01
    5.0500000000e+04    1.3798499174e-01
    5.0750000000e+04    1.3483119534e-01
    5.1000000000e+04    1.1531610546e-01
    5.1250000000e+04    1.3943282819e-01
    5.1500000000e+04    1.6356951274e-01
    5.1750000000e+04    1.1319854759e-01
    5.2000000000e+04    1.2015170294e-01
    5.2250000000e+04    1.4717986974e-01
    5.2500000000e+04    1.1189023018e-01
    5.2750000000e+04    1.4682765653e-01
    5.3000000000e+04    1.3992766258e-01
    5.3250000000e+04    1.1095321120e-01
    5.3500000000e+04    1.3768218288e-01
    5.3750000000e+04    1.3034935313e-01
    5.4000000000e+04    1.4600942155e-01
    5.4250000000e+04    1.2514709535e-01
    5.4500000000e+04    1.5809862041e-01
    5.4750000000e+04    1.7879101756e-01
    5.5000000000e+04    1.4564424807e-01
    5.5250000000e+04    1.5404620043e-01
    5.5500000000e+04    1.5162369195e-01
    5.5750000000e+04    1.5436192209e-01
    5.6000000000e+04    1.5219884376e-01
    5.6250000000e+04    1.3767722830e-01
    5.6500000000e+04    1.1698369687e-01
    5.6750000000e+04    1.2279889563e-01
    5.7000000000e+04    1.1505072904e-01
    5.7250000000e+04    1.4589346578e-01
    5.7500000000e+04    1.7024103288e-01
    5.7750000000e+04    1.5929065007e-01
    5.8000000000e+04    1.3532459274e-01
    5.8250000000e+04    1.8335925903e-01
    5.8500000000e+04    1.4644584135e-01
    5.8750000000e+04    1.4577518005e-01
    5.9000000000e+04    1.3614837902e-01
    5.9250000000e+04    1.6967334997e-01
    5.9500000000e+04    1.0604685157e-01
    5.9750000000e+04    1.7000097154e-01
    6.0000000000e+04    1.2810361684e-01
    6.0250000000e+04    1.4706462621e-01
    6.0500000000e+04    1.1386187313e-01
    6.0750000000e+04    1.4099609324e-01
    6.1000000000e+04    1.2454978781e-01
    6.1250000000e+04    1.2080593149e-01
    6.1500000000e+04    1.3914580773e-01
    6.1750000000e+04    1.3429719968e-01
    6.2000000000e+04    1.4241717149e-01
    6.2250000000e+04    1.3594815714e-01
    6.2500000000e+04    1.5474408552e-01
    6.2750000000e+04    1.3417994886e-01
    6.3000000000e+04    1.2540232603e-01
    6.3250000000e+04    1.2075434738e-01
    6.3500000000e+04    1.2564993753e-01
    6.3750000000e+04    1.2450495751e-01
    6.4000000000e+04    1.2066202698e-01
    6.4250000000e+04    1.4173341374e-01
    6.4500000000e+04    1.3111641236e-01
    6.4750000000e+04    1.2259518839e-01
    6.5000000000e+04    1.0963978135e-01
    6.5250000000e+04    1.2317894443e-01
    6.5500000000e+04    1.2219085180e-01
    6.5750000000e+04    1.4996663382e-01
    6.6000000000e+04    1.5726829721e-01
    6.6250000000e+04    1.1533665845e-01
    6.6500000000e+04    1.2177175043e-01
    6.6750000000e+04    1.4769942850e-01
    6.7000000000e+04    1.3010345816e-01
    6.7250000000e+04    1.3010800365e-01
    6.7500000000e+04    1.2703475982e-01
    6.7750000000e+04    1.2506528986e-01
    6.8000000000e+04    1.3141941863e-01
    6.8250000000e+04    1.2821898439e-01
    6.8500000000e+04    1.3275693270e-01
    6.8750000000e+04    1.4513950016e-01
    6.9000000000e+04    1.5886725194e-01
    6.9250000000e+04    1.2783617855e-01
    6.9500000000e+04    1.6628008068e-01
    6.9750000000e+04    1.3723241599e-01
    7.0000000000e+04    1.2431536826e-01
    7.0250000000e+04    1.0775340320e-01
    7.0500000000e+04    1.0979516344e-01
    7.0750000000e+04    1.2657355665e-01
    7.1000000000e+04    1.4986163566e-01
    7.1250000000e+04    1.0908948887e-01
    7.1500000000e+04    1.5371205456e-01
    7.1750000000e+04    1.1711971772e-01
    7.2000000000e+04    1.2410967985e-01
    7.2250000000e+04    1.3661331425e-01
    7.2500000000e+04    1.3137630952e-01
    7.2750000000e+04    1.4410500174e-01
    7.3000000000e+04    1.5142568961e-01
    7.3250000000e+04    1.1976950352e-01
    7.3500000000e+04    1.5439933832e-01
    7.3750000000e+04    1.2505199477e-01
    7.4000000000e+04    1.1947882570e-01
    7.4250000000e+04    1.3517367982e-01
    7.4500000000e+04    1.5338295109e-01
    7.4750000000e+04    1.3142750185e-01
    7.5000000000e+04    1.3046922023e-01
    7.5250000000e+04    1.3058039403e-01
    7.5500000000e+04    1.4742582746e-01
    7.5750000000e+04    1.3706410439e-01
    7.6000000000e+04    1.1199252891e-01
    7.6250000000e+04    1.2389516871e-01
    7.6500000000e+04    1.2827580273e-01
    7.6750000000e+04    1.2514376356e-01
    7.7000000000e+04    1.4732453807e-01
    7.7250000000e+04    1.5818989101e-01
    7.7500000000e+04    1.1967074417e-01
    7.7750000000e+04    1.1387241982e-01
    7.8000000000e+04    1.2122389263e-01
    7.8250000000e+04    1.1598981514e-01
    7.8500000000e+04    1.0943835786e-01
    7.8750000000e+04    1.3702884678e-01
    7.9000000000e+04    1.4762459501e-01
    7.9250000000e+04    1.2623252798e-01
    7.9500000000e+04    1.0876799388e-01
    7.9750000000e+04    1.1071763073e-01
    8.0000000000e+04    1.1978222353e-01
    8.0250000000e+04    1.3700823500e-01
    8.0500000000e+04    1.3496010388e-01
    8.0750000000e+04    1.0999751963e-01
    8.1000000000e+04    1.1064961578e-01
    8.1250000000e+04    1.4252980587e-01
    8.1500000000e+04    1.2592821242e-01
    8.1750000000e+04    1.0810968509e-01
    8.2000000000e+04    1.1259835350e-01
    8.2250000000e+04    1.4947574020e-01
    8.2500000000e+04    1.1824915846e-01
    8.2750000000e+04    1.0460819062e-01
    8.3000000000e+04    1.4144339268e-01
    8.3250000000e+04    1.2298778980e-01
    8.3500000000e+04    1.3216514438e-01
    8.3750000000e+04    1.2537673657e-01
    8.4000000000e+04    1.0516538973e-01
    8.4250000000e+04    1.3446151635e-01
    8.4500000000e+04    1.0283597046e-01
    8.4750000000e+04    1.3239181602e-01
    8.5000000000e+04    1.1964355516e-01
    8.5250000000e+04    1.6912106333e-01
    8.5500000000e+04    1.2750082103e-01
    8.5750000000e+04    1.3401239362e-01
    8.6000000000e+04    1.2839299447e-01
    8.6250000000e+04    1.1622176517e-01
    8.6500000000e+04    1.2691448043e-01
    8.6750000000e+04    1.1640419239e-01
    8.7000000000e+04    1.0846626050e-01
    8.7250000000e+04    1.3010985168e-01
    8.7500000000e+04    1.5194860351e-01
    8.7750000000e+04    1.0659698121e-01
    8.8000000000e+04    1.2950590620e-01
    8.8250000000e+04    1.5196781975e-01
    8.8500000000e+04    1.2877825072e-01
    8.8750000000e+04    1.4053634020e-01
    8.9000000000e+04    1.0056150586e-01
    8.9250000000e+04    1.3881721963e-01
    8.9500000000e+04    1.5185810308e-01
    8.9750000000e+04    1.1284239599e-01
    9.0000000000e+04    1.2033856487e-01
    9.0250000000e+04    1.4046489872e-01
    9.0500000000e+04    1.2736406528e-01
    9.0750000000e+04    1.3601887549e-01
    9.1000000000e+04    1.7205238517e-01
    9.1250000000e+04    1.3423230374e-01
    9.1500000000e+04    1.4100823391e-01
    9.1750000000e+04    1.5900014411e-01
    9.2000000000e+04    1.0527476212e-01
    9.2250000000e+04    1.0746524167e-01
    9.2500000000e+04    1.3455226275e-01
    9.2750000000e+04    1.3084033290e-01
    9.3000000000e+04    1.4896880456e-01
    9.3250000000e+04    1.1753609758e-01
    9.3500000000e+04    1.0727688266e-01
    9.3750000000e+04    1.4667740077e-01
    9.4000000000e+04    1.3020558903e-01
    9.4250000000e+04    1.4822153930e-01
    9.4500000000e+04    1.3729797400e-01
    9.4750000000e+04    1.4968250226e-01
    9.5000000000e+04    1.5164176824e-01
    9.5250000000e+04    1.2723088685e-01
    9.5500000000e+04    1.2437682388e-01
    9.5750000000e+04    1.3166153689e-01
    9.6000000000e+04    1.1617941397e-01
    9.6250000000e+04    1.5021637708e-01
    9.6500000000e+04    1.3826825578e-01
    9.6750000000e+04    1.4163961456e-01
    9.7000000000e+04    1.0511397266e-01
    9.7250000000e+04    1.1177682303e-01
    9.7500000000e+04    1.2283387929e-01
    9.7750000000e+04    1.3442560181e-01
    9.8000000000e+04    1.1797878021e-01
    9.8250000000e+04    1.2160067541e-01
    9.8500000000e+04    1.1536151677e-01
    9.8750000000e+04    1.5037430410e-01
    9.9000000000e+04    1.2493244801e-01
    9.9250000000e+04    1.4705130500e-01
    9.9500000000e+04    1.2731309885e-01
    9.9750000000e+04    1.0881029817e-01
    1.0000000000e+05    1.2690517035e-01
    1.0025000000e+05    1.4386958869e-01
    1.0050000000e+05    1.2131143396e-01
    1.0075000000e+05    1.2419429438e-01
    1.0100000000e+05    1.4811769396e-01
    1.0125000000e+05    1.2025740862e-01
    1.0150000000e+05    1.2317896730e-01
    1.0175000000e+05    1.2720081263e-01
    1.0200000000e+05    1.4088525365e-01
    1.0225000000e+05    1.7748555441e-01
    1.0250000000e+05    1.2421730996e-01
    1.0275000000e+05    1.2375757000e-01
    1.0300000000e+05    1.6111797707e-01
    1.0325000000e+05    1.2699427498e-01
    1.0350000000e+05    1.3605698752e-01
    1.0375000000e+05    1.1378732358e-01
    1.0400000000e+05    1.1327930961e-01
    1.0425000000e+05    1.0946928929e-01
    1.0450000000e+05    1.2149459424e-01
    1.0475000000e+05    1.1021123660e-01
    1.0500000000e+05    1.0256414895e-01
    1.0525000000e+05    1.4850891728e-01
    1.0550000000e+05    1.1206118683e-01
    1.0575000000e+05    1.1968708198e-01
    1.0600000000e+05    1.1104980181e-01
    1.0625000000e+05    1.2289442998e-01
    1.0650000000e+05    1.1458223387e-01
    1.0675000000e+05    1.4669875835e-01
    1.0700000000e+05    1.0560110514e-01
    1.0725000000e+05    1.1023949391e-01
    1.0750000000e+05    1.0473144005e-01
    1.0775000000e+05    1.4945522410e-01
    1.0800000000e+05    1.2279498617e-01
    1.0825000000e+05    1.2450080258e-01
    1.0850000000e+05    1.1181655989e-01
    1.0875000000e+05    1.1717728610e-01
    1.0900000000e+05    1.2183228795e-01
    1.0925000000e+05    1.2179550243e-01
    1.0950000000e+05    1.1247142415e-01
    1.0975000000e+05    1.5122629392e-01
    1.1000000000e+05    1.3137307599e-01
    1.1025000000e+05    1.3665989602e-01
    1.1050000000e+05    1.4180765562e-01
    1.1075000000e+05    9.7375133783e-02
    1.1100000000e+05    1.3996169901e-01
    1.1125000000e+05    1.2140959264e-01
    1.1150000000e+05    1.3109017058e-01
    1.1175000000e+05    1.3086630337e-01
    1.1200000000e+05    1.2549877173e-01
    1.1225000000e+05    1.0740939843e-01
    1.1250000000e+05    1.2273824719e-01
    1.1275000000e+05    1.1218400148e-01
    1.1300000000e+05    1.1874298755e-01
    1.1325000000e+05    1.1187384738e-01
    1.1350000000e+05    1.4806911665e-01
    1.1375000000e+05    1.3674280652e-01
    1.1400000000e+05    1.4409364765e-01
    1.1425000000e+05    1.3244721856e-01
    1.1450000000e+05    1.4005355790e-01
    1.1475000000e+05    1.4491618258e-01
    1.1500000000e+05    1.2508059575e-01
    1.1525000000e+05    1.7128214181e-01
    1.1550000000e+05    1.7339153172e-01
    1.1575000000e+05    1.6193256581e-01
    1.1600000000e+05    1.9216167061e-01
    1.1625000000e+05    2.0592500147e-01
    1.1650000000e+05    1.8580008634e-01
    1.1675000000e+05    1.5191610873e-01
    1.1700000000e+05    1.5083421668e-01
    1.1725000000e+05    1.3364999820e-01
    1.1750000000e+05    1.5548349386e-01
    1.1775000000e+05    1.1979816198e-01
    1.1800000000e+05    1.5548047308e-01
    1.1825000000e+05    1.0695600417e-01
    1.1850000000e+05    1.2123497779e-01
    1.1875000000e+05    1.3112354341e-01
    1.1900000000e+05    1.3320620273e-01
    1.1925000000e+05    1.3389966229e-01
    1.1950000000e+05    1.5033487914e-01
    1.1975000000e+05    1.2723413432e-01
    1.2000000000e+05    1.2652604141e-01
    1.2025000000e+05    1.3933796235e-01
    1.2050000000e+05    1.2148624006e-01
    1.2075000000e+05    1.5530853042e-01
    1.2100000000e+05    1.2660524668e-01
    1.2125000000e+05    1.1552460498e-01
    1.2150000000e+05    1.9261544540e-01
    1.2175000000e+05    1.9024046820e-01
    1.2200000000e+05    1.1305137891e-01
    1.2225000000e+05    1.7106773018e-01
    1.2250000000e+05    1.3054202082e-01
    1.2275000000e+05    1.4114016481e-01
    1.2300000000e+05    1.3059079335e-01
    1.2325000000e+05    1.2646162049e-01
    1.2350000000e+05    1.2375935943e-01
    1.2375000000e+05    1.1179162684e-01
    1.2400000000e+05    1.4576361100e-01
    1.2425000000e+05    1.2700090168e-01
    1.2450000000e+05    1.2601496049e-01
    1.2475000000e+05    1.2610468001e-01
    1.2500000000e+05    1.1366677590e-01
    1.2525000000e+05    1.1477091253e-01
    1.2550000000e+05    1.0600721115e-01
    1.2575000000e+05    1.5284572857e-01
    1.2600000000e+05    1.4499281686e-01
    1.2625000000e+05    1.1910031324e-01
    1.2650000000e+05    1.0941266039e-01
    1.2675000000e+05    1.2733935846e-01
    1.2700000000e+05    1.3512399409e-01
    1.2725000000e+05    1.2069628785e-01
    1.2750000000e+05    1.1652634503e-01
    1.2775000000e+05    1.1511055461e-01
    1.2800000000e+05    1.2146927867e-01
    1.2825000000e+05    1.2053143787e-01
    1.2850000000e+05    1.2646833251e-01
    1.2875000000e+05    1.3244245543e-01
    1.2900000000e+05    1.0761371060e-01
    1.2925000000e+05    1.1597161594e-01
    1.2950000000e+05    1.2463049091e-01
    1.2975000000e+05    9.6574592226e-02
    1.3000000000e+05    1.1073879909e-01
    1.3025000000e+05    1.2362005531e-01
    1.3050000000e+05    1.4044034505e-01
    1.3075000000e+05    1.2298722499e-01
    1.3100000000e+05    1.0934362539e-01
    1.3125000000e+05    1.2730605105e-01
    1.3150000000e+05    1.1265200097e-01
    1.3175000000e+05    1.0721051365e-01
    1.3200000000e+05    1.1797394795e-01
    1.3225000000e+05    1.3805427220e-01
    1.3250000000e+05    1.1900050541e-01
    1.3275000000e+05    1.0388333905e-01
    1.3300000000e+05    1.0061619587e-01
    1.3325000000e+05    1.3126752652e-01
    1.3350000000e+05    1.0920896991e-01
    1.3375000000e+05    1.6860332807e-01
    1.3400000000e+05    1.4113201279e-01
    1.3425000000e+05    1.3343615620e-01
    1.3450000000e+05    1.1529238875e-01
    1.3475000000e+05    1.6579324250e-01
    1.3500000000e+05    1.1259460282e-01
    1.3525000000e+05    1.1625024260e-01
    1.3550000000e+05    1.3955613411e-01
    1.3575000000e+05    1.4459259324e-01
    1.3600000000e+05    1.5061561351e-01
    1.3625000000e+05    1.2212389133e-01
    1.3650000000e+05    1.0858170264e-01
    1.3675000000e+05    1.1507930927e-01
    1.3700000000e+05    1.1355674463e-01
    1.3725000000e+05    1.1797512361e-01
    1.3750000000e+05    1.0739306098e-01
    1.3775000000e+05    1.0592357116e-01
    1.3800000000e+05    1.0975042550e-01
    1.3825000000e+05    1.3393027296e-01
    1.3850000000e+05    1.1920925881e-01
    1.3875000000e+05    9.5236458488e-02
    1.3900000000e+05    1.2234998497e-01
    1.3925000000e+05    1.3442830329e-01
    1.3950000000e+05    1.1811644362e-01
    1.3975000000e+05    1.0987656827e-01
    1.4000000000e+05    1.2741063562e-01
    1.4025000000e+05    1.2418821768e-01
    1.4050000000e+05    1.0855506716e-01
    1.4075000000e+05    1.1637744950e-01
    1.4100000000e+05    1.0934118049e-01
    1.4125000000e+05    1.1999984325e-01
    1.4150000000e+05    1.3985682811e-01
    1.4175000000e+05    1.0989126787e-01
    1.4200000000e+05    1.2310770787e-01
    1.4225000000e+05    1.2804303411e-01
    1.4250000000e+05    1.3724513065e-01
    1.4275000000e+05    1.1411049706e-01
    1.4300000000e+05    1.0793282476e-01
    1.4325000000e+05    1.3293412821e-01
    1.4350000000e+05    1.2309229040e-01
    1.4375000000e+05    1.1135375897e-01
    1.4400000000e+05    1.0165715178e-01
    1.4425000000e+05    1.1589371766e-01
    1.4450000000e+05    2.0778866893e-01
    1.4475000000e+05    1.1364277371e-01
    1.4500000000e+05    1.2535568102e-01
    1.4525000000e+05    1.0849256613e-01
    1.4550000000e+05    1.4080957290e-01
    1.4575000000e+05    1.2051895595e-01
    1.4600000000e+05    1.1779999483e-01
    1.4625000000e+05    1.2860545000e-01
    1.4650000000e+05    1.1765583204e-01
    1.4675000000e+05    1.1588916707e-01
    1.4700000000e+05    1.2290623825e-01
    1.4725000000e+05    1.2356804747e-01
    1.4750000000e+05    1.1623425899e-01
    1.4775000000e+05    1.3547125628e-01
    1.4800000000e+05    1.2936934021e-01
    1.4825000000e+05    1.1003609716e-01
    1.4850000000e+05    1.2163599112e-01
    1.4875000000e+05    1.4339554673e-01
    1.4900000000e+05    1.1141294891e-01
    1.4925000000e+05    1.2546900022e-01
    1.4950000000e+05    1.3411818456e-01
    1.4975000000e+05    1.0386052224e-01
    1.5000000000e+05    9.9917561491e-02
    1.5025000000e+05    1.0953211025e-01
    1.5050000000e+05    1.2820209941e-01
    1.5075000000e+05    1.1018331419e-01
    1.5100000000e+05    1.0561795154e-01
    1.5125000000e+05    1.5141602160e-01
    1.5150000000e+05    1.1658354362e-01
    1.5175000000e+05    1.3337269453e-01
    1.5200000000e+05    1.3948601369e-01
    1.5225000000e+05    1.2051686559e-01
    1.5250000000e+05    1.1234439656e-01
    1.5275000000e+05    1.2599482252e-01
    1.5300000000e+05    1.2800826780e-01
    1.5325000000e+05    1.3110383993e-01
    1.5350000000e+05    1.4196270141e-01
    1.5375000000e+05    1.0731901693e-01
    1.5400000000e+05    1.2441322309e-01
    1.5425000000e+05    1.1532593911e-01
    1.5450000000e+05    1.1246442021e-01
    1.5475000000e+05    1.2943642067e-01
    1.5500000000e+05    1.1840267460e-01
    1.5525000000e+05    1.0413748971e-01
    1.5550000000e+05    1.3319634507e-01
    1.5575000000e+05    1.0981219526e-01
    1.5600000000e+05    1.2690599760e-01
    1.5625000000e+05    1.5315796322e-01
    1.5650000000e+05    1.0992665446e-01
    1.5675000000e+05    1.2411101084e-01
    1.5700000000e+05    1.4882183131e-01
    1.5725000000e+05    1.2278803502e-01
    1.5750000000e+05    1.0120712177e-01
    1.5775000000e+05    1.0996539407e-01
    1.5800000000e+05    1.0423036037e-01
    1.5825000000e+05    1.1697096651e-01
    1.5850000000e+05    1.3366966504e-01
    1.5875000000e+05    1.1407959737e-01
    1.5900000000e+05    1.1285094515e-01
    1.5925000000e+05    1.0001289015e-01
    1.5950000000e+05    1.8522821602e-01
    1.5975000000e+05    1.3903976412e-01
    1.6000000000e+05    9.6651272719e-02
    1.6025000000e+05    1.0534470005e-01
    1.6050000000e+05    1.2666104369e-01
    1.6075000000e+05    1.3012591189e-01
    1.6100000000e+05    1.3010945590e-01
    1.6125000000e+05    1.1968612530e-01
    1.6150000000e+05    1.1679893397e-01
    1.6175000000e+05    1.2376053250e-01
    1.6200000000e+05    1.2444380388e-01
    1.6225000000e+05    1.2208134610e-01
    1.6250000000e+05    1.2043174350e-01
    1.6275000000e+05    1.2968786432e-01
    1.6300000000e+05    1.1811635929e-01
    1.6325000000e+05    1.1336836179e-01
    1.6350000000e+05    1.2522068378e-01
    1.6375000000e+05    1.0625890265e-01
    1.6400000000e+05    1.4649705705e-01
    1.6425000000e+05    1.2498929561e-01
    1.6450000000e+05    1.0717532859e-01
    1.6475000000e+05    1.0574239682e-01
    1.6500000000e+05    1.1591402187e-01
    1.6525000000e+05    9.7889309405e-02
    1.6550000000e+05    1.2936421455e-01
    1.6575000000e+05    1.1009362313e-01
    1.6600000000e+05    1.6154087968e-01
    1.6625000000e+05    1.7224202352e-01
    1.6650000000e+05    1.4446178290e-01
    1.6675000000e+05    1.5342499479e-01
    1.6700000000e+05    1.1834422016e-01
    1.6725000000e+05    1.1783988509e-01
    1.6750000000e+05    1.3809773557e-01
    1.6775000000e+05    1.3731980846e-01
    1.6800000000e+05    1.2053598374e-01
    1.6825000000e+05    1.0568441190e-01
    1.6850000000e+05    1.1640376050e-01
    1.6875000000e+05    1.4951044774e-01
    1.6900000000e+05    1.2677385420e-01
    1.6925000000e+05    1.3148833684e-01
    1.6950000000e+05    1.1064420983e-01
    1.6975000000e+05    1.3923866984e-01
    1.7000000000e+05    1.6919848358e-01
    1.7025000000e+05    1.7080884030e-01
    1.7050000000e+05    1.1978509742e-01
    1.7075000000e+05    1.2761536475e-01
    1.7100000000e+05    1.2773294448e-01
    1.7125000000e+05    1.2519018094e-01
    1.7150000000e+05    1.1174038552e-01
    1.7175000000e+05    1.2225466954e-01
    1.7200000000e+05    1.4304607315e-01
    1.7225000000e+05    1.2885202345e-01
    1.7250000000e+05    1.1795713329e-01
    1.7275000000e+05    1.3803276292e-01
    1.7300000000e+05    1.1777175977e-01
    1.7325000000e+05    1.3795901671e-01
    1.7350000000e+05    1.0805232834e-01
    1.7375000000e+05    1.1481141117e-01
    1.7400000000e+05    1.1129449828e-01
    1.7425000000e+05    1.3211782496e-01
    1.7450000000e+05    1.3904587509e-01
    1.7475000000e+05    1.3523889055e-01
    1.7500000000e+05    1.1531059420e-01
    1.7525000000e+05    9.8831302702e-02
    1.7550000000e+05    9.5339130495e-02
    1.7575000000e+05    1.1704635122e-01
    1.7600000000e+05    1.2804386698e-01
    1.7625000000e+05    1.5737960573e-01
    1.7650000000e+05    1.2678925746e-01
    1.7675000000e+05    1.4797588163e-01
    1.7700000000e+05    1.5923951706e-01
    1.7725000000e+05    1.2556981688e-01
    1.7750000000e+05    1.1231084554e-01
    1.7775000000e+05    1.1973356477e-01
    1.7800000000e+05    1.5414593470e-01
    1.7825000000e+05    1.1554849388e-01
    1.7850000000e+05    1.2506556199e-01
    1.7875000000e+05    1.2196700254e-01
    1.7900000000e+05    1.2696226446e-01
    1.7925000000e+05    1.1122958751e-01
    1.7950000000e+05    1.3127074496e-01
    1.7975000000e+05    1.0554854844e-01
    1.8000000000e+05    1.2359325670e-01
    1.8025000000e+05    1.2683307782e-01
    1.8050000000e+05    1.0789631538e-01
    1.8075000000e+05    1.1131336976e-01
    1.8100000000e+05    1.1905801222e-01
    1.8125000000e+05    1.3589622779e-01
    1.8150000000e+05    1.3369151755e-01
    1.8175000000e+05    1.8851923868e-01
    1.8200000000e+05    1.2684708717e-01
    1.8225000000e+05    1.1999936791e-01
    1.8250000000e+05    1.2681425691e-01
    1.8275000000e+05    1.2947119232e-01
    1.8300000000e+05    1.5752203384e-01
    1.8325000000e+05    1.3101696545e-01
    1.8350000000e+05    1.0624489829e-01
    1.8375000000e+05    1.1434457636e-01
    1.8400000000e+05    1.1627938413e-01
    1.8425000000e+05    1.1717598429e-01
    1.8450000000e+05    1.1555719578e-01
    1.8475000000e+05    1.1504232720e-01
    1.8500000000e+05    1.2012356581e-01
    1.8525000000e+05    1.0168277167e-01
    1.8550000000e+05    1.2186741938e-01
    1.8575000000e+05    1.1350710810e-01
    1.8600000000e+05    1.2314858070e-01
    1.8625000000e+05    1.1087149396e-01
    1.8650000000e+05    1.3923746923e-01
    1.8675000000e+05    1.0943989681e-01
    1.8700000000e+05    9.1747875450e-02
    1.8725000000e+05    1.4032618339e-01
    1.8750000000e+05    1.0428577376e-01
    1.8775000000e+05    1.0444566829e-01
    1.8800000000e+05    1.1711087717e-01
    1.8825000000e+05    1.1138491489e-01
    1.8850000000e+05    1.2715191210e-01
    1.8875000000e+05    1.0798295659e-01
    1.8900000000e+05    1.1643342867e-01
    1.8925000000e+05    1.1639240926e-01
    1.8950000000e+05    1.1660051480e-01
    1.8975000000e+05    1.1114182239e-01
    1.9000000000e+05    1.5604114145e-01
    1.9025000000e+05    1.1471153060e-01
    1.9050000000e+05    1.3438381199e-01
    1.9075000000e+05    1.2304882572e-01
    1.9100000000e+05    1.3079240785e-01
    1.9125000000e+05    1.1595017359e-01
    1.9150000000e+05    1.0812470829e-01
    1.9175000000e+05    1.2682454296e-01
    1.9200000000e+05    1.2597484617e-01
    1.9225000000e+05    1.3473682978e-01
    1.9250000000e+05    1.4861584752e-01
    1.9275000000e+05    1.3007225252e-01
    1.9300000000e+05    1.2723439055e-01
    1.9325000000e+05    1.0146571101e-01
    1.9350000000e+05    1.2628103633e-01
    1.9375000000e+05    1.0889829484e-01
    1.9400000000e+05    1.4890940368e-01
    1.9425000000e+05    1.0755539171e-01
    1.9450000000e+05    1.2473527646e-01
    1.9475000000e+05    1.2363729043e-01
    1.9500000000e+05    1.1965717020e-01
    1.9525000000e+05    1.0515656609e-01
    1.9550000000e+05    1.1799740962e-01
    1.9575000000e+05    1.1457603605e-01
    1.9600000000e+05    1.1258890791e-01
    1.9625000000e+05    1.1432675594e-01
    1.9650000000e+05    1.1223131483e-01
    1.9675000000e+05    1.0015856186e-01
    1.9700000000e+05    1.0162873485e-01
    1.9725000000e+05    9.8212145358e-02
    1.9750000000e+05    1.2788074907e-01
    1.9775000000e+05    1.3663396685e-01
    1.9800000000e+05    1.2857230982e-01
    1.9825000000e+05    1.3245166808e-01
    1.9850000000e+05    1.5203497829e-01
    1.9875000000e+05    1.0053544036e-01
    1.9900000000e+05    1.2092261152e-01
    1.9925000000e+05    1.2062945849e-01
    1.9950000000e+05    1.1780115449e-01
    1.9975000000e+05    1.3130108291e-01
    2.0000000000e+05    1.2292071230e-01
    2.0025000000e+05    1.1463044774e-01
    2.0050000000e+05    1.3236078694e-01
    2.0075000000e+05    1.1899310711e-01
    2.0100000000e+05    1.1955216741e-01
    2.0125000000e+05    1.2572166708e-01
    2.0150000000e+05    1.1773391048e-01
    2.0175000000e+05    1.2387977788e-01
    2.0200000000e+05    1.2301710339e-01
    2.0225000000e+05    1.0373160450e-01
    2.0250000000e+05    9.3879025689e-02
    2.0275000000e+05    1.1223332085e-01
    2.0300000000e+05    1.2614197748e-01
    2.0325000000e+05    1.2203072083e-01
    2.0350000000e+05    1.1778776827e-01
    2.0375000000e+05    1.2196006363e-01
    2.0400000000e+05    1.0804427536e-01
    2.0425000000e+05    1.0311721316e-01
    2.0450000000e+05    1.1007910223e-01
    2.0475000000e+05    1.4195150613e-01
    2.0500000000e+05    1.0899363162e-01
    2.0525000000e+05    1.0678435617e-01
    2.0550000000e+05    1.1913251311e-01
    2.0575000000e+05    1.4320923279e-01
    2.0600000000e+05    1.4351298757e-01
    2.0625000000e+05    1.2868800744e-01
    2.0650000000e+05    1.2530082786e-01
    2.0675000000e+05    1.4927733621e-01
    2.0700000000e+05    1.0649007838e-01
    2.0725000000e+05    1.0183198103e-01
    2.0750000000e+05    1.2558521835e-01
    2.0775000000e+05    1.4159180261e-01
    2.0800000000e+05    1.3639312792e-01
    2.0825000000e+05    1.1154805460e-01
    2.0850000000e+05    1.2263475146e-01
    2.0875000000e+05    1.2653831388e-01
    2.0900000000e+05    1.2873097747e-01
    2.0925000000e+05    1.5414815897e-01
    2.0950000000e+05    1.1313593711e-01
    2.0975000000e+05    1.2589197139e-01
    2.1000000000e+05    1.4398490546e-01
    2.1025000000e+05    1.3019796752e-01
    2.1050000000e+05    1.0750685215e-01
    2.1075000000e+05    9.5671528689e-02
    2.1100000000e+05    1.7426066168e-01
    2.1125000000e+05    1.4353916472e-01
    2.1150000000e+05    1.3974421337e-01
    2.1175000000e+05    1.3199673525e-01
    2.1200000000e+05    1.4992439954e-01
    2.1225000000e+05    1.0843424768e-01
    2.1250000000e+05    1.4415987951e-01
    2.1275000000e+05    1.5231034712e-01
    2.1300000000e+05    1.3309928258e-01
    2.1325000000e+05    1.5200004503e-01
    2.1350000000e+05    1.3374480856e-01
    2.1375000000e+05    1.0811348378e-01
    2.1400000000e+05    1.1181626149e-01
    2.1425000000e+05    1.2142359784e-01
    2.1450000000e+05    1.7531738876e-01
    2.1475000000e+05    1.3896425028e-01
    2.1500000000e+05    1.5381623477e-01
    2.1525000000e+05    1.8119279194e-01
    2.1550000000e+05    1.4600686045e-01
    2.1575000000e+05    1.5567317679e-01
    2.1600000000e+05    9.8189449578e-02
    2.1625000000e+05    1.7001791147e-01
    2.1650000000e+05    1.6358501561e-01
    2.1675000000e+05    1.2486355330e-01
    2.1700000000e+05    1.4230331815e-01
    2.1725000000e+05    1.2798289692e-01
    2.1750000000e+05    1.1083440642e-01
    2.1775000000e+05    1.1299824002e-01
    2.1800000000e+05    1.3431121776e-01
    2.1825000000e+05    1.1434895687e-01
    2.1850000000e+05    1.3881925523e-01
    2.1875000000e+05    1.3691193835e-01
    2.1900000000e+05    1.3667763414e-01
    2.1925000000e+05    1.2753583561e-01
    2.1950000000e+05    1.3889056891e-01
    2.1975000000e+05    1.1332477584e-01
    2.2000000000e+05    1.1490400696e-01
    2.2025000000e+05    1.2968134014e-01
    2.2050000000e+05    1.2850979586e-01
    2.2075000000e+05    1.2271219777e-01
    2.2100000000e+05    1.1310773902e-01
    2.2125000000e+05    1.2763189999e-01
    2.2150000000e+05    1.2348224027e-01
    2.2175000000e+05    1.2201482017e-01
    2.2200000000e+05    1.3491079022e-01
    2.2225000000e+05    1.2384123765e-01
    2.2250000000e+05    1.3124292016e-01
    2.2275000000e+05    1.5955747806e-01
    2.2300000000e+05    1.5118985903e-01
    2.2325000000e+05    1.4787905654e-01
    2.2350000000e+05    1.2744024076e-01
    2.2375000000e+05    1.1507105788e-01
    2.2400000000e+05    1.0717485454e-01
    2.2425000000e+05    1.1739197703e-01
    2.2450000000e+05    1.0921952343e-01
    2.2475000000e+05    1.1807316533e-01
    2.2500000000e+05    1.3704432941e-01
    2.2525000000e+05    1.2472678824e-01
    2.2550000000e+05    1.3691605403e-01
    2.2575000000e+05    1.1212415029e-01
    2.2600000000e+05    1.0644943558e-01
    2.2625000000e+05    1.4519423397e-01
    2.2650000000e+05    1.1953644212e-01
    2.2675000000e+05    1.1692944579e-01
    2.2700000000e+05    1.1650123237e-01
    2.2725000000e+05    1.0074027186e-01
    2.2750000000e+05    1.0514366542e-01
    2.2775000000e+05    1.4712152229e-01
    2.2800000000e+05    1.5460444528e-01
    2.2825000000e+05    1.6436151640e-01
    2.2850000000e+05    1.1248526605e-01
    2.2875000000e+05    1.2131792662e-01
    2.2900000000e+05    1.2740932873e-01
    2.2925000000e+05    1.4591784581e-01
    2.2950000000e+05    1.2263896829e-01
    2.2975000000e+05    1.1570612552e-01
    2.3000000000e+05    1.1671876401e-01
    2.3025000000e+05    1.2533791626e-01
    2.3050000000e+05    1.1890776170e-01
    2.3075000000e+05    1.1918037395e-01
    2.3100000000e+05    1.1283288101e-01
    2.3125000000e+05    1.4220661132e-01
    2.3150000000e+05    1.4461962236e-01
    2.3175000000e+05    1.3709234107e-01
    2.3200000000e+05    1.3489925947e-01
    2.3225000000e+05    1.1697498094e-01
    2.3250000000e+05    2.3077152184e-01
    2.3275000000e+05    1.5135161577e-01
    2.3300000000e+05    1.2077379330e-01
    2.3325000000e+05    1.4060755594e-01
    2.3350000000e+05    1.5526110537e-01
    2.3375000000e+05    1.2120968823e-01
    2.3400000000e+05    1.5677075796e-01
    2.3425000000e+05    1.3371817272e-01
    2.3450000000e+05    1.3768015763e-01
    2.3475000000e+05    1.2302491985e-01
    2.3500000000e+05    1.2268076691e-01
    2.3525000000e+05    1.6150649351e-01
    2.3550000000e+05    1.4346455440e-01
    2.3575000000e+05    1.1447455415e-01
    2.3600000000e+05    1.1786878563e-01
    2.3625000000e+05    1.3754013961e-01
    2.3650000000e+05    1.3134091391e-01
    2.3675000000e+05    1.2597047347e-01
    2.3700000000e+05    1.2361955106e-01
    2.3725000000e+05    1.2761542770e-01
    2.3750000000e+05    1.5105056744e-01
    2.3775000000e+05    1.1556326984e-01
    2.3800000000e+05    1.3700918314e-01
    2.3825000000e+05    1.4626502681e-01
    2.3850000000e+05    1.1475578758e-01
    2.3875000000e+05    1.2865562840e-01
    2.3900000000e+05    1.4913270026e-01
    2.3925000000e+05    1.4462458410e-01
    2.3950000000e+05    1.0888487011e-01
    2.3975000000e+05    1.5225198316e-01
    2.4000000000e+05    1.2286521927e-01
    2.4025000000e+05    1.2761168472e-01
    2.4050000000e+05    1.3142348324e-01
    2.4075000000e+05    1.6254439076e-01
    2.4100000000e+05    1.1545341744e-01
    2.4125000000e+05    1.4054421588e-01
    2.4150000000e+05    1.2291812028e-01
    2.4175000000e+05    1.3662317784e-01
    2.4200000000e+05    1.2113691895e-01
    2.4225000000e+05    1.4184366448e-01
    2.4250000000e+05    9.7908129705e-02
    2.4275000000e+05    1.2341714184e-01
    2.4300000000e+05    1.1574691923e-01
    2.4325000000e+05    1.1353272351e-01
    2.4350000000e+05    1.1331898647e-01
    2.4375000000e+05    1.1352520706e-01
    2.4400000000e+05    1.3361497089e-01
    2.4425000000e+05    1.0876392145e-01
    2.4450000000e+05    1.1682364961e-01
    2.4475000000e+05    1.0781452716e-01
    2.4500000000e+05    1.7303221584e-01
    2.4525000000e+05    1.0253257111e-01
    2.4550000000e+05    1.3392913568e-01
    2.4575000000e+05    1.2563848875e-01
    2.4600000000e+05    1.0486388644e-01
    2.4625000000e+05    1.1868645074e-01
    2.4650000000e+05    1.1826804623e-01
    2.4675000000e+05    1.2764263267e-01
    2.4700000000e+05    9.5182294870e-02
    2.4725000000e+05    1.1904233187e-01
    2.4750000000e+05    1.0953192936e-01
    2.4775000000e+05    1.1861706535e-01
    2.4800000000e+05    1.1844346077e-01
    2.4825000000e+05    1.1807735698e-01
    2.4850000000e+05    1.1630364084e-01
    2.4875000000e+05    1.2503910229e-01
    2.4900000000e+05    1.0766531253e-01
    2.4925000000e+05    1.1930089780e-01
    2.4950000000e+05    1.0689236920e-01
    2.4975000000e+05    1.1715905333e-01
    2.5000000000e+05    1.2045147832e-01
    2.5025000000e+05    1.0987489230e-01
    2.5050000000e+05    1.0186016508e-01
    2.5075000000e+05    1.5129649268e-01
    2.5100000000e+05    1.4142525827e-01
    2.5125000000e+05    1.4287138652e-01
    2.5150000000e+05    1.1753356582e-01
    2.5175000000e+05    1.4830114943e-01
    2.5200000000e+05    1.3639618972e-01
    2.5225000000e+05    1.4868672414e-01
    2.5250000000e+05    1.3032357997e-01
    2.5275000000e+05    1.2262057407e-01
    2.5300000000e+05    1.1751677832e-01
    2.5325000000e+05    1.2221117343e-01
    2.5350000000e+05    1.2957037905e-01
    2.5375000000e+05    1.0855746202e-01
    2.5400000000e+05    1.4009322964e-01
    2.5425000000e+05    1.4153159003e-01
    2.5450000000e+05    1.1626464563e-01
    2.5475000000e+05    1.1840965329e-01
    2.5500000000e+05    1.4602964084e-01
    2.5525000000e+05    1.2401255099e-01
    2.5550000000e+05    1.0821673699e-01
    2.5575000000e+05    1.2956220154e-01
    2.5600000000e+05    1.0911174383e-01
    2.5625000000e+05    1.0442430568e-01
    2.5650000000e+05    1.5058098263e-01
    2.5675000000e+05    1.1461594502e-01
    2.5700000000e+05    1.4585361794e-01
    2.5725000000e+05    1.5432419300e-01
    2.5750000000e+05    1.0116486748e-01
    2.5775000000e+05    1.0984325334e-01
    2.5800000000e+05    1.0773715568e-01
    2.5825000000e+05    1.2023772682e-01
    2.5850000000e+05    1.3326552655e-01
    2.5875000000e+05    1.4794607910e-01
    2.5900000000e+05    1.3887364717e-01
    2.5925000000e+05    1.1968236118e-01
    2.5950000000e+05    1.5453695627e-01
    2.5975000000e+05    1.4592385570e-01
    2.6000000000e+05    1.0457065133e-01
    2.6025000000e+05    1.6862238530e-01
    2.6050000000e+05    1.5894961292e-01
    2.6075000000e+05    1.1073892731e-01
    2.6100000000e+05    1.3028139393e-01
    2.6125000000e+05    1.1535996313e-01
    2.6150000000e+05    1.3482038014e-01
    2.6175000000e+05    1.1591134586e-01
    2.6200000000e+05    1.2530015309e-01
    2.6225000000e+05    9.6943636279e-02
    2.6250000000e+05    1.3997563642e-01
    2.6275000000e+05    1.3603110125e-01
    2.6300000000e+05    1.5315933133e-01
    2.6325000000e+05    1.2966557611e-01
    2.6350000000e+05    1.0511161895e-01
    2.6375000000e+05    1.2532194587e-01
    2.6400000000e+05    1.4093650640e-01
    2.6425000000e+05    1.3217885454e-01
    2.6450000000e+05    1.5474824514e-01
    2.6475000000e+05    1.5758969634e-01
    2.6500000000e+05    1.1735902402e-01
    2.6525000000e+05    1.3263518878e-01
    2.6550000000e+05    9.9155030770e-02
    2.6575000000e+05    1.4331232680e-01
    2.6600000000e+05    1.0719151825e-01
    2.6625000000e+05    1.1603694380e-01
    2.6650000000e+05    1.1403696701e-01
    2.6675000000e+05    1.3116993217e-01
    2.6700000000e+05    1.2473303906e-01
    2.6725000000e+05    9.9666614991e-02
    2.6750000000e+05    1.6609646000e-01
    2.6775000000e+05    1.2789928741e-01
    2.6800000000e+05    1.0745557716e-01
    2.6825000000e+05    1.2210962744e-01
    2.6850000000e+05    1.2520487908e-01
    2.6875000000e+05    1.0221464085e-01
    2.6900000000e+05    9.1875637817e-02
    2.6925000000e+05    1.2167876560e-01
    2.6950000000e+05    1.1039194735e-01
    2.6975000000e+05    1.4640886073e-01
    2.7000000000e+05    1.3635670714e-01
    2.7025000000e+05    1.2851205731e-01
    2.7050000000e+05    1.1569082900e-01
    2.7075000000e+05    1.0901825468e-01
    2.7100000000e+05    1.1743400524e-01
    2.7125000000e+05    1.0980295529e-01
    2.7150000000e+05    1.3800986507e-01
    2.7175000000e+05    1.1449818696e-01
    2.7200000000e+05    1.5023910385e-01
    2.7225000000e+05    1.3928808764e-01
    2.7250000000e+05    1.3015738234e-01
    2.7275000000e+05    1.5038929478e-01
    2.7300000000e+05    1.3306888397e-01
    2.7325000000e+05    1.3380987152e-01
    2.7350000000e+05    1.2088270227e-01
    2.7375000000e+05    1.5971617798e-01
    2.7400000000e+05    1.3877289434e-01
    2.7425000000e+05    1.2742303744e-01
    2.7450000000e+05    1.4177093143e-01
    2.7475000000e+05    1.2012771999e-01
    2.7500000000e+05    1.2059840146e-01
    2.7525000000e+05    1.1716336255e-01
    2.7550000000e+05    1.0440889696e-01
    2.7575000000e+05    1.4966902174e-01
    2.7600000000e+05    1.2410655320e-01
    2.7625000000e+05    1.0822314138e-01
    2.7650000000e+05    1.4496359598e-01
    2.7675000000e+05    1.2410614571e-01
    2.7700000000e+05    1.2591604403e-01
    2.7725000000e+05    1.2943115231e-01
    2.7750000000e+05    1.3607382168e-01
    2.7775000000e+05    1.3759530212e-01
    2.7800000000e+05    1.2528959643e-01
    2.7825000000e+05    1.1612945106e-01
    2.7850000000e+05    1.1750221907e-01
    2.7875000000e+05    1.1122404988e-01
    2.7900000000e+05    1.6661687744e-01
    2.7925000000e+05    1.4084836626e-01
    2.7950000000e+05    1.2115119756e-01
    2.7975000000e+05    1.2433643155e-01
    2.8000000000e+05    1.4146884043e-01
    2.8025000000e+05    1.1509344122e-01
    2.8050000000e+05    1.3194243643e-01
    2.8075000000e+05    1.4953250012e-01
    2.8100000000e+05    1.3067791173e-01
    2.8125000000e+05    1.1044679277e-01
    2.8150000000e+05    1.1768017357e-01
    2.8175000000e+05    1.3029978826e-01
    2.8200000000e+05    1.1760131573e-01
    2.8225000000e+05    1.3200469538e-01
    2.8250000000e+05    1.1369273828e-01
    2.8275000000e+05    1.2132119443e-01
    2.8300000000e+05    1.3301311316e-01
    2.8325000000e+05    1.3110900199e-01
    2.8350000000e+05    1.3697731699e-01
    2.8375000000e+05    1.4895730447e-01
    2.8400000000e+05    1.4136567637e-01
    2.8425000000e+05    1.1708944543e-01
    2.8450000000e+05    1.1012864980e-01
    2.8475000000e+05    1.3555209117e-01
    2.8500000000e+05    1.4791000742e-01
    2.8525000000e+05    1.9332931634e-01
    2.8550000000e+05    1.4517456074e-01
    2.8575000000e+05    1.0802575034e-01
    2.8600000000e+05    1.2297250177e-01
    2.8625000000e+05    1.4572937462e-01
    2.8650000000e+05    1.1389138733e-01
    2.8675000000e+05    1.1225343867e-01
    2.8700000000e+05    1.1043176835e-01
    2.8725000000e+05    1.2587759348e-01
    2.8750000000e+05    1.1287618267e-01
    2.8775000000e+05    1.0592888165e-01
    2.8800000000e+05    1.2315132335e-01
    2.8825000000e+05    1.3248299901e-01
    2.8850000000e+05    1.3295071878e-01
    2.8875000000e+05    1.3505164253e-01
    2.8900000000e+05    1.3747838156e-01
    2.8925000000e+05    1.1749571421e-01
    2.8950000000e+05    1.3031471126e-01
    2.8975000000e+05    1.0697475075e-01
    2.9000000000e+05    1.2319624985e-01
    2.9025000000e+05    1.2491590722e-01
    2.9050000000e+05    1.2324422476e-01
    2.9075000000e+05    1.2530936181e-01
    2.9100000000e+05    1.5187886120e-01
    2.9125000000e+05    1.0693813505e-01
    2.9150000000e+05    1.2663373964e-01
    2.9175000000e+05    1.4089844452e-01
    2.9200000000e+05    1.4688254754e-01
    2.9225000000e+05    1.4519723498e-01
    2.9250000000e+05    1.2753913161e-01
    2.9275000000e+05    1.1708686505e-01
    2.9300000000e+05    1.4702757143e-01
    2.9325000000e+05    1.6249821511e-01
    2.9350000000e+05    1.4719337979e-01
    2.9375000000e+05    1.2666286823e-01
    2.9400000000e+05    1.0705225665e-01
    2.9425000000e+05    1.0986815294e-01
    2.9450000000e+05    1.2027047829e-01
    2.9475000000e+05    1.5426100506e-01
    2.9500000000e+05    1.1791722966e-01
    2.9525000000e+05    1.5604058919e-01
    2.9550000000e+05    1.2559158656e-01
    2.9575000000e+05    1.2291837428e-01
    2.9600000000e+05    1.1364629166e-01
    2.9625000000e+05    1.3614220653e-01
    2.9650000000e+05    1.0504491943e-01
    2.9675000000e+05    1.2937517823e-01
    2.9700000000e+05    1.0389368656e-01
    2.9725000000e+05    1.4412160316e-01
    2.9750000000e+05    1.2121158532e-01
    2.9775000000e+05    1.1830949245e-01
    2.9800000000e+05    1.5547047127e-01
    2.9825000000e+05    1.2653689575e-01
    2.9850000000e+05    1.3394291226e-01
    2.9875000000e+05    1.2923386984e-01
    2.9900000000e+05    1.1507559736e-01
    2.9925000000e+05    1.2392721609e-01
    2.9950000000e+05    1.0342039776e-01
    2.9975000000e+05    1.2130290635e-01
    3.0000000000e+05    1.2700483304e-01
    3.0025000000e+05    1.2814091559e-01
    3.0050000000e+05    1.0349483342e-01
    3.0075000000e+05    1.0850464077e-01
    3.0100000000e+05    1.3238582677e-01
    3.0125000000e+05    1.1691779473e-01
    3.0150000000e+05    1.3506228549e-01
    3.0175000000e+05    1.1978107056e-01
    3.0200000000e+05    1.1591412420e-01
    3.0225000000e+05    1.0997273939e-01
    3.0250000000e+05    1.0668093544e-01
    3.0275000000e+05    1.4390604867e-01
    3.0300000000e+05    1.3695066440e-01
    3.0325000000e+05    1.1255527603e-01
    3.0350000000e+05    1.6693078088e-01
    3.0375000000e+05    1.1413309083e-01
    3.0400000000e+05    1.3443266936e-01
    3.0425000000e+05    1.1218698145e-01
    3.0450000000e+05    1.3728209839e-01
    3.0475000000e+05    1.4328088624e-01
    3.0500000000e+05    1.2339555280e-01
    3.0525000000e+05    1.1994530286e-01
    3.0550000000e+05    1.1450169514e-01
    3.0575000000e+05    1.2656414868e-01
    3.0600000000e+05    9.4834303834e-02
    3.0625000000e+05    1.2046254957e-01
    3.0650000000e+05    1.9780422762e-01
    3.0675000000e+05    1.3976727344e-01
    3.0700000000e+05    1.2601867975e-01
    3.0725000000e+05    1.1543170704e-01
    3.0750000000e+05    1.1384752774e-01
    3.0775000000e+05    1.2135652482e-01
    3.0800000000e+05    1.0514086498e-01
    3.0825000000e+05    1.1851106425e-01
    3.0850000000e+05    1.3457833319e-01
    3.0875000000e+05    1.1857621103e-01
    3.0900000000e+05    1.2867645888e-01
    3.0925000000e+05    1.3085929789e-01
    3.0950000000e+05    1.4544529765e-01
    3.0975000000e+05    1.3210166863e-01
    3.1000000000e+05    1.1154798816e-01
    3.1025000000e+05    1.4232067458e-01
    3.1050000000e+05    1.4202640395e-01
    3.1075000000e+05    1.3941004807e-01
    3.1100000000e+05    1.5885559199e-01
    3.1125000000e+05    1.1241925258e-01
    3.1150000000e+05    1.2227067767e-01
    3.1175000000e+05    1.2288370533e-01
    3.1200000000e+05    1.2410397561e-01
    3.1225000000e+05    1.0423918245e-01
    3.1250000000e+05    1.1154602789e-01
    3.1275000000e+05    1.2581473159e-01
    3.1300000000e+05    1.2024132622e-01
    3.1325000000e+05    1.3901899618e-01
    3.1350000000e+05    1.1103153519e-01
    3.1375000000e+05    1.1538275034e-01
    3.1400000000e+05    1.2752589862e-01
    3.1425000000e+05    1.2605373148e-01
    3.1450000000e+05    1.2731643825e-01
    3.1475000000e+05    1.1509696176e-01
    3.1500000000e+05    1.1944145074e-01
    3.1525000000e+05    1.2460170662e-01
    3.1550000000e+05    1.3241028473e-01
    3.1575000000e+05    1.1986450060e-01
    3.1600000000e+05    1.3575777090e-01
    3.1625000000e+05    1.2227032317e-01
    3.1650000000e+05    1.2675507831e-01
    3.1675000000e+05    1.3262001920e-01
    3.1700000000e+05    1.1455099482e-01
    3.1725000000e+05    1.2982463261e-01
    3.1750000000e+05    1.4447460792e-01
    3.1775000000e+05    1.2480553141e-01
    3.1800000000e+05    1.3459203299e-01
    3.1825000000e+05    1.1803113620e-01
    3.1850000000e+05    1.1007681805e-01
    3.1875000000e+05    1.4900308157e-01
    3.1900000000e+05    1.3672091077e-01
    3.1925000000e+05    1.1367132980e-01
    3.1950000000e+05    1.1831151719e-01
    3.1975000000e+05    1.2711132473e-01
    3.2000000000e+05    1.6026555361e-01
    3.2025000000e+05    1.1643270737e-01
    3.2050000000e+05    1.2880728242e-01
    3.2075000000e+05    1.0646971531e-01
    3.2100000000e+05    1.6488963170e-01
    3.2125000000e+05    1.0851506972e-01
    3.2150000000e+05    1.1943087494e-01
    3.2175000000e+05    1.0632874037e-01
    3.2200000000e+05    1.2198035885e-01
    3.2225000000e+05    1.2433285478e-01
    3.2250000000e+05    1.3154198530e-01
    3.2275000000e+05    1.6523922391e-01
    3.2300000000e+05    1.3157990843e-01
    3.2325000000e+05    1.5273195500e-01
    3.2350000000e+05    1.4721704058e-01
    3.2375000000e+05    2.4364888856e-01
    3.2400000000e+05    1.7190986340e-01
    3.2425000000e+05    1.4828011299e-01
    3.2450000000e+05    1.1255441920e-01
    3.2475000000e+05    1.3102276012e-01
    3.2500000000e+05    1.1829510955e-01
    3.2525000000e+05    1.3735056202e-01
    3.2550000000e+05    1.5782973729e-01
    3.2575000000e+05    1.2733041704e-01
    3.2600000000e+05    1.3210207944e-01
    3.2625000000e+05    1.5651504620e-01
    3.2650000000e+05    1.2826490175e-01
    3.2675000000e+05    1.2091112828e-01
    3.2700000000e+05    1.1840592812e-01
    3.2725000000e+05    1.6911177830e-01
    3.2750000000e+05    1.5840674876e-01
    3.2775000000e+05    1.3388610061e-01
    3.2800000000e+05    1.3924594821e-01
    3.2825000000e+05    1.3747279180e-01
    3.2850000000e+05    1.6897134475e-01
    3.2875000000e+05    1.4795913626e-01
    3.2900000000e+05    1.5588209303e-01
    3.2925000000e+05    1.4073161243e-01
    3.2950000000e+05    1.3046981161e-01
    3.2975000000e+05    2.0992243381e-01
    3.3000000000e+05    1.2702153489e-01
    3.3025000000e+05    1.3030691320e-01
    3.3050000000e+05    1.2704166685e-01
    3.3075000000e+05    1.1341407376e-01
    3.3100000000e+05    1.3496100953e-01
    3.3125000000e+05    1.1308954537e-01
    3.3150000000e+05    1.2390320209e-01
    3.3175000000e+05    1.2246526454e-01
    3.3200000000e+05    1.1759201500e-01
    3.3225000000e+05    1.1108322961e-01
    3.3250000000e+05    1.1555899528e-01
    3.3275000000e+05    1.3089014439e-01
    3.3300000000e+05    1.2664972284e-01
    3.3325000000e+05    1.1303622640e-01
    3.3350000000e+05    1.0613351976e-01
    3.3375000000e+05    1.0210009384e-01
    3.3400000000e+05    1.4356819781e-01
    3.3425000000e+05    1.2553698959e-01
    3.3450000000e+05    1.4017407731e-01
    3.3475000000e+05    1.3930423922e-01
    3.3500000000e+05    1.0762956452e-01
    3.3525000000e+05    1.1710571888e-01
    3.3550000000e+05    1.2681115204e-01
    3.3575000000e+05    1.1069322770e-01
    3.3600000000e+05    1.0591140152e-01
    3.3625000000e+05    1.2354712472e-01
    3.3650000000e+05    1.0727812666e-01
    3.3675000000e+05    1.0392112359e-01
    3.3700000000e+05    1.0491004011e-01
    3.3725000000e+05    1.1635793055e-01
    3.3750000000e+05    1.2474906486e-01
    3.3775000000e+05    1.1418093441e-01
    3.3800000000e+05    1.4411483543e-01
    3.3825000000e+05    1.2214876042e-01
    3.3850000000e+05    1.2812043269e-01
    3.3875000000e+05    1.0403246480e-01
    3.3900000000e+05    1.0442379397e-01
    3.3925000000e+05    1.1245456005e-01
    3.3950000000e+05    1.3709074276e-01
    3.3975000000e+05    1.1357959767e-01
    3.4000000000e+05    1.4438202769e-01
    3.4025000000e+05    1.1656067238e-01
    3.4050000000e+05    1.1755064509e-01
    3.4075000000e+05    1.1312587375e-01
    3.4100000000e+05    1.2633427173e-01
    3.4125000000e+05    1.1427358712e-01
    3.4150000000e+05    1.1750744487e-01
    3.4175000000e+05    1.1778917043e-01
    3.4200000000e+05    1.1466158041e-01
    3.4225000000e+05    1.1900366753e-01
    3.4250000000e+05    1.2718091976e-01
    3.4275000000e+05    1.2996055928e-01
    3.4300000000e+05    1.4094034363e-01
    3.4325000000e+05    1.2268653140e-01
    3.4350000000e+05    1.3133968452e-01
    3.4375000000e+05    1.1801804735e-01
    3.4400000000e+05    1.0336023792e-01
    3.4425000000e+05    1.0233966377e-01
    3.4450000000e+05    1.3069403779e-01
    3.4475000000e+05    1.1421799985e-01
    3.4500000000e+05    1.3782955963e-01
    3.4525000000e+05    1.1828857569e-01
    3.4550000000e+05    1.1604389677e-01
    3.4575000000e+05    1.1674210071e-01
    3.4600000000e+05    1.0184781917e-01
    3.4625000000e+05    1.1453135882e-01
    3.4650000000e+05    1.1045227230e-01
    3.4675000000e+05    9.7667595333e-02
    3.4700000000e+05    1.3140335147e-01
    3.4725000000e+05    1.1937114562e-01
    3.4750000000e+05    1.0312961054e-01
    3.4775000000e+05    1.0339098730e-01
    3.4800000000e+05    1.0629759794e-01
    3.4825000000e+05    1.2123531131e-01
    3.4850000000e+05    1.1366383108e-01
    3.4875000000e+05    1.2837236043e-01
    3.4900000000e+05    1.2073442211e-01
    3.4925000000e+05    1.2266432770e-01
    3.4950000000e+05    1.0494432041e-01
    3.4975000000e+05    1.1175084381e-01
    3.5000000000e+05    9.6262734655e-02
    3.5025000000e+05    1.3553315700e-01
    3.5050000000e+05    1.3225756851e-01
    3.5075000000e+05    1.2350794437e-01
    3.5100000000e+05    1.2666049821e-01
    3.5125000000e+05    1.0576586546e-01
    3.5150000000e+05    1.0782996656e-01
    3.5175000000e+05    1.1966769414e-01
    3.5200000000e+05    1.0371807086e-01
    3.5225000000e+05    9.7943000803e-02
    3.5250000000e+05    1.4173372481e-01
    3.5275000000e+05    1.2640386447e-01
    3.5300000000e+05    1.4101099506e-01
    3.5325000000e+05    1.2679665251e-01
    3.5350000000e+05    1.4331671458e-01
    3.5375000000e+05    1.2146112286e-01
    3.5400000000e+05    1.8160201196e-01
    3.5425000000e+05    1.1489152291e-01
    3.5450000000e+05    1.2306184253e-01
    3.5475000000e+05    1.0219826434e-01
    3.5500000000e+05    1.1020790667e-01
    3.5525000000e+05    1.2722371572e-01
    3.5550000000e+05    1.1833694745e-01
    3.5575000000e+05    1.1028673141e-01
    3.5600000000e+05    1.2124237608e-01
    3.5625000000e+05    1.1413384832e-01
    3.5650000000e+05    1.0693044698e-01
    3.5675000000e+05    1.3175654649e-01
    3.5700000000e+05    1.2233171648e-01
    3.5725000000e+05    1.1814465693e-01
    3.5750000000e+05    1.3547028116e-01
    3.5775000000e+05    1.2060840413e-01
    3.5800000000e+05    1.0905969778e-01
    3.5825000000e+05    1.0842649647e-01
    3.5850000000e+05    1.0777917049e-01
    3.5875000000e+05    1.1774498548e-01
    3.5900000000e+05    1.1821274489e-01
    3.5925000000e+05    1.1275637566e-01
    3.5950000000e+05    1.4078827892e-01
    3.5975000000e+05    1.2144225303e-01
    3.6000000000e+05    1.0412630834e-01
    3.6025000000e+05    1.2728533441e-01
    3.6050000000e+05    1.2293763951e-01
    3.6075000000e+05    1.0545951939e-01
    3.6100000000e+05    1.2797460637e-01
    3.6125000000e+05    1.2178717389e-01
    3.6150000000e+05    1.4651865047e-01
    3.6175000000e+05    1.2478514145e-01
    3.6200000000e+05    1.3224000731e-01
    3.6225000000e+05    1.1228420185e-01
    3.6250000000e+05    1.1572363722e-01
    3.6275000000e+05    1.1494673737e-01
    3.6300000000e+05    1.3453917031e-01
    3.6325000000e+05    1.2995895821e-01
    3.6350000000e+05    1.2448230349e-01
    3.6375000000e+05    1.2820340768e-01
    3.6400000000e+05    1.2618258392e-01
    3.6425000000e+05    1.1680742178e-01
    3.6450000000e+05    1.0847295585e-01
    3.6475000000e+05    1.0705745327e-01
    3.6500000000e+05    1.5393778118e-01
    3.6525000000e+05    1.5924974614e-01
    3.6550000000e+05    1.2234860308e-01
    3.6575000000e+05    1.2641802085e-01
    3.6600000000e+05    1.2416706588e-01
    3.6625000000e+05    1.2834439342e-01
    3.6650000000e+05    1.0392251033e-01
    3.6675000000e+05    1.5176030914e-01
    3.6700000000e+05    9.9391234564e-02
    3.6725000000e+05    1.3170498110e-01
    3.6750000000e+05    1.1289087864e-01
    3.6775000000e+05    1.3051967493e-01
    3.6800000000e+05    1.2514024522e-01
    3.6825000000e+05    1.0558809748e-01
    3.6850000000e+05    1.2906126437e-01
    3.6875000000e+05    1.1993992954e-01
    3.6900000000e+05    1.1055916505e-01
    3.6925000000e+05    1.0260565525e-01
    3.6950000001e+05    1.1747863018e-01
    3.6975000001e+05    1.2986866945e-01
    3.7000000001e+05    1.1336357320e-01
    3.7025000001e+05    1.4083628444e-01
    3.7050000001e+05    1.3945675751e-01
    3.7075000001e+05    1.2087268949e-01
    3.7100000001e+05    1.2019324542e-01
    3.7125000001e+05    1.5000479888e-01
    3.7150000001e+05    1.0544106494e-01
    3.7175000001e+05    1.2794810455e-01
    3.7200000001e+05    1.7021726337e-01
    3.7225000001e+05    1.3012017395e-01
    3.7250000001e+05    1.1556304812e-01
    3.7275000001e+05    1.1453287685e-01
    3.7300000001e+05    1.3998715571e-01
    3.7325000001e+05    1.2059946859e-01
    3.7350000001e+05    1.1675421708e-01
    3.7375000001e+05    1.2073235946e-01
    3.7400000001e+05    1.1519427900e-01
    3.7425000001e+05    1.0872298340e-01
    3.7450000001e+05    1.2210608826e-01
    3.7475000001e+05    1.0850039893e-01
    3.7500000001e+05    1.3698019842e-01
    3.7525000001e+05    1.4774803444e-01
    3.7550000001e+05    1.1190125110e-01
    3.7575000001e+05    1.5659078181e-01
    3.7600000001e+05    1.5538561507e-01
    3.7625000001e+05    1.1525592205e-01
    3.7650000001e+05    1.1650820455e-01
    3.7675000001e+05    1.4114149450e-01
    3.7700000001e+05    1.1754110841e-01
    3.7725000001e+05    1.0642500225e-01
    3.7750000001e+05    1.2346658134e-01
    3.7775000001e+05    1.2942891592e-01
    3.7800000001e+05    1.1362793479e-01
    3.7825000001e+05    1.2608281194e-01
    3.7850000001e+05    1.1121562835e-01
    3.7875000001e+05    1.1275661658e-01
    3.7900000001e+05    1.6010362889e-01
    3.7925000001e+05    1.1356845559e-01
    3.7950000001e+05    1.1500933699e-01
    3.7975000001e+05    1.3138881458e-01
    3.8000000001e+05    1.2191862765e-01
    3.8025000001e+05    1.2600353864e-01
    3.8050000001e+05    1.5164953126e-01
    3.8075000001e+05    1.3188226433e-01
    3.8100000001e+05    1.5058932098e-01
    3.8125000001e+05    1.2808273031e-01
    3.8150000001e+05    1.2858488030e-01
    3.8175000001e+05    1.2477163681e-01
    3.8200000001e+05    1.0652187266e-01
    3.8225000001e+05    1.2167519042e-01
    3.8250000001e+05    1.4151056912e-01
    3.8275000001e+05    1.4119275506e-01
    3.8300000001e+05    1.5916092565e-01
    3.8325000001e+05    1.4192329858e-01
    3.8350000001e+05    1.1669480254e-01
    3.8375000001e+05    1.2156995740e-01
    3.8400000001e+05    1.1093433261e-01
    3.8425000001e+05    1.1494844328e-01
    3.8450000001e+05    1.0543947461e-01
    3.8475000001e+05    1.2946484093e-01
    3.8500000001e+05    1.1968776474e-01
    3.8525000001e+05    1.1929674561e-01
    3.8550000001e+05    1.1324833645e-01
    3.8575000001e+05    1.3486772617e-01
    3.8600000001e+05    1.1796309549e-01
    3.8625000001e+05    1.2090895754e-01
    3.8650000001e+05    9.5494611157e-02
    3.8675000001e+05    1.2036972962e-01
    3.8700000001e+05    1.3279693815e-01
    3.8725000001e+05    1.4104098121e-01
    3.8750000001e+05    1.5771557455e-01
    3.8775000001e+05    1.4296561814e-01
    3.8800000001e+05    1.0351666459e-01
    3.8825000001e+05    1.3059495640e-01
    3.8850000001e+05    1.2022766843e-01
    3.8875000001e+05    1.2395372722e-01
    3.8900000001e+05    1.0497777264e-01
    3.8925000001e+05    1.3180280702e-01
    3.8950000001e+05    1.3606777807e-01
    3.8975000001e+05    1.2900069442e-01
    3.9000000001e+05    1.3659609474e-01
    3.9025000001e+05    1.4508512973e-01
    3.9050000001e+05    1.1156441004e-01
    3.9075000001e+05    1.2897732239e-01
    3.9100000001e+05    1.5602294150e-01
    3.9125000001e+05    1.2318225828e-01
    3.9150000001e+05    1.1325822272e-01
    3.9175000001e+05    1.1582159349e-01
    3.9200000001e+05    1.2171866192e-01
    3.9225000001e+05    1.2456595568e-01
    3.9250000001e+05    1.3735414085e-01
    3.9275000001e+05    1.4953662347e-01
    3.9300000001e+05    1.1265486721e-01
    3.9325000001e+05    1.2531820270e-01
    3.9350000001e+05    1.1470767222e-01
    3.9375000001e+05    1.2746495641e-01
    3.9400000001e+05    1.4786962841e-01
    3.9425000001e+05    1.2325812325e-01
    3.9450000001e+05    1.0742173085e-01
    3.9475000001e+05    1.0146825007e-01
    3.9500000001e+05    1.2585341777e-01
    3.9525000001e+05    1.2021509103e-01
    3.9550000001e+05    1.7030853091e-01
    3.9575000001e+05    1.2735026200e-01
    3.9600000001e+05    1.3648017254e-01
    3.9625000001e+05    1.4661935416e-01
    3.9650000001e+05    1.0871715884e-01
    3.9675000001e+05    1.2333393252e-01
    3.9700000001e+05    1.4175520034e-01
    3.9725000001e+05    1.1202199534e-01
    3.9750000001e+05    1.0220217266e-01
    3.9775000001e+05    1.0116510157e-01
    3.9800000001e+05    1.2887409536e-01
    3.9825000001e+05    1.1554698614e-01
    3.9850000001e+05    1.1814422109e-01
    3.9875000001e+05    1.2037150283e-01
    3.9900000001e+05    1.0492342863e-01
    3.9925000001e+05    1.6713868600e-01
    3.9950000001e+05    1.0576327328e-01
    3.9975000001e+05    1.2243466039e-01
    4.0000000001e+05    1.3554391278e-01
    4.0025000001e+05    1.2999341653e-01
    4.0050000001e+05    1.8781544457e-01
    4.0075000001e+05    1.3236297683e-01
    4.0100000001e+05    1.2820446166e-01
    4.0125000001e+05    1.2574774121e-01
    4.0150000001e+05    1.1487411427e-01
    4.0175000001e+05    1.5187184352e-01
    4.0200000001e+05    1.0143752759e-01
    4.0225000001e+05    1.1648636177e-01
    4.0250000001e+05    1.1809396683e-01
    4.0275000001e+05    1.2399575139e-01
    4.0300000001e+05    1.4096816606e-01
    4.0325000001e+05    1.3456015902e-01
    4.0350000001e+05    1.1715184158e-01
    4.0375000001e+05    1.2004985073e-01
    4.0400000001e+05    1.2566737780e-01
    4.0425000001e+05    1.0789225398e-01
    4.0450000001e+05    1.0656005502e-01
    4.0475000001e+05    1.2194810584e-01
    4.0500000001e+05    1.1013716509e-01
    4.0525000001e+05    1.5051957322e-01
    4.0550000001e+05    1.3653610733e-01
    4.0575000001e+05    1.4730154392e-01
    4.0600000001e+05    1.3177367899e-01
    4.0625000001e+05    1.3973890896e-01
    4.0650000001e+05    1.4233652157e-01
    4.0675000001e+05    1.2349994762e-01
    4.0700000001e+05    1.3788196055e-01
    4.0725000001e+05    1.1833575266e-01
    4.0750000001e+05    1.3695982231e-01
    4.0775000001e+05    1.0228053234e-01
    4.0800000001e+05    1.1531461082e-01
    4.0825000001e+05    1.3264118887e-01
    4.0850000001e+05    1.2092895503e-01
    4.0875000001e+05    1.2898109975e-01
    4.0900000001e+05    1.0367386847e-01
    4.0925000001e+05    1.0967323984e-01
    4.0950000001e+05    1.1710144368e-01
    4.0975000001e+05    1.0838069965e-01
    4.1000000001e+05    1.4625441593e-01
    4.1025000001e+05    1.5328062206e-01
    4.1050000001e+05    1.3083408217e-01
    4.1075000001e+05    1.3444623182e-01
    4.1100000001e+05    1.2552068554e-01
    4.1125000001e+05    1.2023693378e-01
    4.1150000001e+05    1.4249327146e-01
    4.1175000001e+05    1.0467531881e-01
    4.1200000001e+05    1.3511924811e-01
    4.1225000001e+05    1.3340271348e-01
    4.1250000001e+05    1.4698933357e-01
    4.1275000001e+05    1.5674408152e-01
    4.1300000001e+05    1.5255941913e-01
    4.1325000001e+05    1.6374682900e-01
    4.1350000001e+05    1.4312369848e-01
    4.1375000001e+05    1.2734206009e-01
    4.1400000001e+05    1.7444081326e-01
    4.1425000001e+05    1.2391618790e-01
    4.1450000001e+05    1.4139438695e-01
    4.1475000001e+05    1.2628043767e-01
    4.1500000001e+05    1.4706435235e-01
    4.1525000001e+05    1.1995277736e-01
    4.1550000001e+05    1.1692739508e-01
    4.1575000001e+05    1.4298831160e-01
    4.1600000001e+05    1.3899923987e-01
    4.1625000001e+05    9.9447727855e-02
    4.1650000001e+05    1.0816061192e-01
    4.1675000001e+05    1.2340706117e-01
    4.1700000001e+05    1.1373389679e-01
    4.1725000001e+05    1.0095795778e-01
    4.1750000001e+05    1.1529491459e-01
    4.1775000001e+05    1.0897158767e-01
    4.1800000001e+05    1.4123690600e-01
    4.1825000001e+05    1.1749963116e-01
    4.1850000001e+05    1.2355187738e-01
    4.1875000001e+05    1.4003366061e-01
    4.1900000001e+05    1.2169968341e-01
    4.1925000001e+05    1.2615390784e-01
    4.1950000001e+05    1.0371905892e-01
    4.1975000001e+05    1.1824012764e-01
    4.2000000001e+05    9.9948641098e-02
    4.2025000001e+05    1.1684598464e-01
    4.2050000001e+05    1.2751664014e-01
    4.2075000001e+05    1.4307478026e-01
    4.2100000001e+05    1.2609576706e-01
    4.2125000001e+05    1.2531649093e-01
    4.2150000001e+05    1.1805964429e-01
    4.2175000001e+05    9.8033922686e-02
    4.2200000001e+05    1.6693749349e-01
    4.2225000001e+05    1.2975281922e-01
    4.2250000001e+05    1.2324348572e-01
    4.2275000001e+05    1.4103498565e-01
    4.2300000001e+05    1.3234117037e-01
    4.2325000001e+05    1.2706918195e-01
    4.2350000001e+05    1.4875423379e-01
    4.2375000001e+05    1.3171957715e-01
    4.2400000001e+05    1.2116362165e-01
    4.2425000001e+05    1.1814319121e-01
    4.2450000001e+05    1.2332521731e-01
    4.2475000001e+05    1.3620827601e-01
    4.2500000001e+05    1.2978745775e-01
    4.2525000001e+05    1.1723971998e-01
    4.2550000001e+05    1.0980144182e-01
    4.2575000001e+05    1.2612506647e-01
    4.2600000001e+05    1.3172903821e-01
    4.2625000001e+05    1.2728530618e-01
    4.2650000001e+05    1.1370061265e-01
    4.2675000001e+05    1.1420358730e-01
    4.2700000001e+05    1.3223804639e-01
    4.2725000001e+05    1.4153803455e-01
    4.2750000001e+05    1.2712764057e-01
    4.2775000001e+05    1.2274792710e-01
    4.2800000001e+05    1.1551346543e-01
    4.2825000001e+05    1.0071510667e-01
    4.2850000001e+05    1.1665986457e-01
    4.2875000001e+05    1.4492903434e-01
    4.2900000001e+05    1.3739207418e-01
    4.2925000001e+05    1.2487849427e-01
    4.2950000001e+05    1.0616358169e-01
    4.2975000001e+05    1.5305692719e-01
    4.3000000001e+05    1.1261708699e-01
    4.3025000001e+05    1.1002647477e-01
    4.3050000001e+05    1.0235723418e-01
    4.3075000001e+05    1.0387802822e-01
    4.3100000001e+05    1.1060320574e-01
    4.3125000001e+05    1.5185615335e-01
    4.3150000001e+05    1.2555290256e-01
    4.3175000001e+05    1.2852763536e-01
    4.3200000001e+05    1.2039358718e-01
    4.3225000001e+05    1.4373273518e-01
    4.3250000001e+05    1.4857369898e-01
    4.3275000001e+05    1.3211902520e-01
    4.3300000001e+05    1.3890733441e-01
    4.3325000001e+05    1.3552875157e-01
    4.3350000001e+05    1.4108057453e-01
    4.3375000001e+05    1.5288292973e-01
    4.3400000001e+05    1.8258798418e-01
    4.3425000001e+05    1.5548098071e-01
    4.3450000001e+05    1.0952975154e-01
    4.3475000001e+05    1.2897329638e-01
    4.3500000001e+05    1.2138193921e-01
    4.3525000001e+05    1.1994830155e-01
    4.3550000001e+05    1.3289926026e-01
    4.3575000001e+05    1.1009359220e-01
    4.3600000001e+05    1.0268119171e-01
    4.3625000001e+05    1.2448690623e-01
    4.3650000001e+05    1.1331739809e-01
    4.3675000001e+05    1.4906580980e-01
    4.3700000001e+05    1.3870331713e-01
    4.3725000001e+05    1.4312323715e-01
    4.3750000001e+05    1.1541787475e-01
    4.3775000001e+05    1.5812068531e-01
    4.3800000001e+05    1.8423482398e-01
    4.3825000001e+05    1.6902998572e-01
    4.3850000001e+05    2.0199087875e-01
    4.3875000001e+05    1.1955823954e-01
    4.3900000001e+05    1.3413077738e-01
    4.3925000001e+05    1.3162268007e-01
    4.3950000001e+05    1.0196457318e-01
    4.3975000001e+05    1.3431748822e-01
    4.4000000001e+05    1.1396791743e-01
    4.4025000001e+05    1.1202295414e-01
    4.4050000001e+05    1.2050153596e-01
    4.4075000001e+05    1.3066022302e-01
    4.4100000001e+05    1.1553158991e-01
    4.4125000001e+05    1.1809125362e-01
    4.4150000001e+05    1.0745519790e-01
    4.4175000001e+05    1.4572684066e-01
    4.4200000001e+05    1.1182084634e-01
    4.4225000001e+05    1.1326954309e-01
    4.4250000001e+05    1.6065789938e-01
    4.4275000001e+05    1.1081027896e-01
    4.4300000001e+05    1.4470532162e-01
    4.4325000001e+05    1.1311741661e-01
    4.4350000001e+05    1.3762023328e-01
    4.4375000001e+05    1.1506896062e-01
    4.4400000001e+05    1.2899316374e-01
    4.4425000001e+05    1.0228906195e-01
    4.4450000001e+05    1.3217623154e-01
    4.4475000001e+05    1.2675118636e-01
    4.4500000001e+05    1.3002174335e-01
    4.4525000001e+05    1.5255364818e-01
    4.4550000001e+05    1.2985586468e-01
    4.4575000001e+05    1.2536948222e-01
    4.4600000001e+05    1.2142412929e-01
    4.4625000001e+05    1.0967914571e-01
    4.4650000001e+05    9.8225177389e-02
    4.4675000001e+05    1.1092359766e-01
    4.4700000001e+05    1.1912913791e-01
    4.4725000001e+05    1.2872933612e-01
    4.4750000001e+05    1.2699431461e-01
    4.4775000001e+05    9.4221221914e-02
    4.4800000001e+05    1.0001434240e-01
    4.4825000001e+05    1.1824947133e-01
    4.4850000001e+05    1.0779983615e-01
    4.4875000001e+05    1.3181223777e-01
    4.4900000001e+05    1.3143915003e-01
    4.4925000001e+05    1.0458409092e-01
    4.4950000001e+05    1.0840607283e-01
    4.4975000001e+05    1.1557392624e-01
    4.5000000001e+05    1.0317438741e-01
    4.5025000001e+05    1.5677967501e-01
    4.5050000001e+05    1.1273934688e-01
    4.5075000001e+05    1.1643424203e-01
    4.5100000001e+05    1.3134023696e-01
    4.5125000001e+05    1.2993682498e-01
    4.5150000001e+05    1.0716630664e-01
    4.5175000001e+05    1.1226153613e-01
    4.5200000001e+05    1.2690920505e-01
    4.5225000001e+05    1.4491561658e-01
    4.5250000001e+05    1.5997119626e-01
    4.5275000001e+05    1.0065325146e-01
    4.5300000001e+05    1.3338272211e-01
    4.5325000001e+05    1.2776547520e-01
    4.5350000001e+05    1.1293921686e-01
    4.5375000001e+05    1.2466135444e-01
    4.5400000001e+05    1.2493749331e-01
    4.5425000001e+05    1.0068574651e-01
    4.5450000001e+05    1.1292185083e-01
    4.5475000001e+05    1.1498746297e-01
    4.5500000001e+05    1.1878817362e-01
    4.5525000001e+05    1.1879782662e-01
    4.5550000001e+05    1.0853730747e-01
    4.5575000001e+05    1.2391940934e-01
    4.5600000001e+05    1.4089729118e-01
    4.5625000001e+05    1.3542427955e-01
    4.5650000001e+05    1.4766071711e-01
    4.5675000001e+05    1.2359847901e-01
    4.5700000001e+05    1.0062968696e-01
    4.5725000001e+05    1.1257764233e-01
    4.5750000001e+05    1.3152964015e-01
    4.5775000001e+05    1.3228338815e-01
    4.5800000001e+05    1.5394495086e-01
    4.5825000001e+05    1.2503452361e-01
    4.5850000001e+05    1.1239870695e-01
    4.5875000001e+05    1.2225843302e-01
    4.5900000001e+05    1.3801834194e-01
    4.5925000001e+05    1.2052216940e-01
    4.5950000001e+05    1.3945734534e-01
    4.5975000001e+05    1.5902455644e-01
    4.6000000001e+05    1.3061512497e-01
    4.6025000001e+05    1.1252422930e-01
    4.6050000001e+05    1.4230459920e-01
    4.6075000001e+05    1.3023899080e-01
    4.6100000001e+05    1.6072642685e-01
    4.6125000001e+05    1.5019481803e-01
    4.6150000001e+05    1.1388108095e-01
    4.6175000001e+05    1.0086320210e-01
    4.6200000001e+05    1.1947921628e-01
    4.6225000001e+05    1.1845741810e-01
    4.6250000001e+05    1.1016343829e-01
    4.6275000001e+05    1.0811232950e-01
    4.6300000001e+05    1.3088932919e-01
    4.6325000001e+05    1.1934807716e-01
    4.6350000001e+05    1.2230722829e-01
    4.6375000001e+05    1.1519784586e-01
    4.6400000001e+05    1.2129264967e-01
    4.6425000001e+05    1.2656507353e-01
    4.6450000001e+05    1.2790162684e-01
    4.6475000001e+05    1.2330024783e-01
    4.6500000001e+05    1.1196060937e-01
    4.6525000001e+05    1.1771696601e-01
    4.6550000001e+05    1.2230644451e-01
    4.6575000001e+05    1.0694503371e-01
    4.6600000001e+05    1.0808094877e-01
    4.6625000001e+05    1.4924324900e-01
    4.6650000001e+05    1.3880274439e-01
    4.6675000001e+05    1.3957541644e-01
    4.6700000001e+05    1.4150336723e-01
    4.6725000001e+05    1.2156442459e-01
    4.6750000001e+05    1.3994207390e-01
    4.6775000001e+05    1.3029374061e-01
    4.6800000001e+05    1.2215987076e-01
    4.6825000001e+05    1.1249140978e-01
    4.6850000001e+05    1.2401451047e-01
    4.6875000001e+05    1.4266427099e-01
    4.6900000001e+05    1.3652502774e-01
    4.6925000001e+05    1.2266711977e-01
    4.6950000001e+05    1.1327728502e-01
    4.6975000001e+05    1.3348567918e-01
    4.7000000001e+05    1.6305760047e-01
    4.7025000001e+05    1.1341295434e-01
    4.7050000001e+05    1.0909608775e-01
    4.7075000001e+05    1.0888780693e-01
    4.7100000001e+05    1.5033111871e-01
    4.7125000001e+05    1.1257454381e-01
    4.7150000001e+05    1.2317749991e-01
    4.7175000001e+05    1.2198138761e-01
    4.7200000001e+05    1.2286779115e-01
    4.7225000001e+05    1.2832560186e-01
    4.7250000001e+05    1.4703353639e-01
    4.7275000001e+05    1.3621922234e-01
    4.7300000001e+05    1.1833956290e-01
    4.7325000001e+05    1.1470982732e-01
    4.7350000001e+05    1.2294812629e-01
    4.7375000001e+05    1.0847138382e-01
    4.7400000001e+05    1.2464370358e-01
    4.7425000001e+05    1.4248089661e-01
    4.7450000001e+05    1.4127734794e-01
    4.7475000001e+05    1.2468699769e-01
    4.7500000001e+05    1.1418415908e-01
    4.7525000001e+05    1.0497005753e-01
    4.7550000001e+05    1.3554995805e-01
    4.7575000001e+05    1.2799253426e-01
    4.7600000001e+05    1.4661726379e-01
    4.7625000001e+05    1.1949879865e-01
    4.7650000001e+05    1.2259392874e-01
    4.7675000001e+05    1.2378598209e-01
    4.7700000001e+05    1.5123182923e-01
    4.7725000001e+05    1.5631828824e-01
    4.7750000001e+05    1.5377707313e-01
    4.7775000001e+05    1.2874401036e-01
    4.7800000001e+05    1.2884237590e-01
    4.7825000001e+05    1.4298407281e-01
    4.7850000001e+05    1.9262069041e-01
    4.7875000001e+05    1.6110047720e-01
    4.7900000001e+05    1.9683589635e-01
    4.7925000001e+05    1.5980690631e-01
    4.7950000001e+05    1.4416105919e-01
    4.7975000001e+05    1.7311783758e-01
    4.8000000001e+05    1.3187824285e-01
    4.8025000001e+05    1.5736679342e-01
    4.8050000001e+05    1.4152055485e-01
    4.8075000001e+05    1.3479683839e-01
    4.8100000001e+05    1.3192028029e-01
    4.8125000001e+05    1.2133381142e-01
    4.8150000001e+05    1.0513999564e-01
    4.8175000001e+05    1.3870335755e-01
    4.8200000001e+05    1.5105402855e-01
    4.8225000001e+05    1.2426815839e-01
    4.8250000001e+05    1.2321988206e-01
    4.8275000001e+05    1.4183928987e-01
    4.8300000001e+05    1.2889266412e-01
    4.8325000001e+05    1.3250927221e-01
    4.8350000001e+05    1.2920967521e-01
    4.8375000001e+05    1.1222779654e-01
    4.8400000001e+05    1.4724587802e-01
    4.8425000001e+05    1.2162612119e-01
    4.8450000001e+05    1.1776692754e-01
    4.8475000001e+05    1.3657511681e-01
    4.8500000001e+05    1.2170982688e-01
    4.8525000001e+05    1.1004521883e-01
    4.8550000001e+05    1.4238832970e-01
    4.8575000001e+05    1.1953634299e-01
    4.8600000001e+05    1.0691190069e-01
    4.8625000001e+05    1.3137828652e-01
    4.8650000001e+05    1.2653269708e-01
    4.8675000001e+05    1.2714464142e-01
    4.8700000001e+05    1.3209452920e-01
    4.8725000001e+05    1.2362551616e-01
    4.8750000001e+05    1.1540715687e-01
    4.8775000001e+05    1.2469617243e-01
    4.8800000001e+05    1.2080618031e-01
    4.8825000001e+05    1.4372518075e-01
    4.8850000001e+05    1.1212841276e-01
    4.8875000001e+05    9.5544118813e-02
    4.8900000001e+05    1.3092471119e-01
    4.8925000001e+05    1.2100316994e-01
    4.8950000001e+05    1.3688027208e-01
    4.8975000001e+05    1.2727055302e-01
    4.9000000001e+05    1.2047736515e-01
    4.9025000001e+05    1.2078554361e-01
    4.9050000001e+05    1.3449038226e-01
    4.9075000001e+05    1.5527555472e-01
    4.9100000001e+05    1.0630825573e-01
    4.9125000001e+05    1.2724784506e-01
    4.9150000001e+05    1.1677692001e-01
    4.9175000001e+05    1.3080900274e-01
    4.9200000001e+05    1.1180187140e-01
    4.9225000001e+05    1.2666410865e-01
    4.9250000001e+05    1.2055836196e-01
    4.9275000001e+05    1.1977444240e-01
    4.9300000001e+05    1.1541209669e-01
    4.9325000001e+05    1.2874248668e-01
    4.9350000001e+05    1.2582882798e-01
    4.9375000001e+05    1.3089294353e-01
    4.9400000001e+05    1.1566538507e-01
    4.9425000001e+05    1.2605889659e-01
    4.9450000001e+05    1.4362239299e-01
    4.9475000001e+05    1.1808140523e-01
    4.9500000001e+05    1.2456352567e-01
    4.9525000001e+05    1.0131646856e-01
    4.9550000001e+05    9.8349133413e-02
    4.9575000001e+05    1.1285291252e-01
    4.9600000001e+05    1.0882309425e-01
    4.9625000001e+05    1.1272274128e-01
    4.9650000001e+05    1.2950393371e-01
    4.9675000001e+05    1.2285639350e-01
    4.9700000001e+05    1.0198269646e-01
    4.9725000001e+05    1.0329911753e-01
    4.9750000001e+05    1.1580076429e-01
    4.9775000001e+05    1.2023966639e-01
    4.9800000001e+05    1.1137605390e-01
    4.9825000001e+05    1.2226209480e-01
    4.9850000001e+05    1.0052797181e-01
    4.9875000001e+05    1.1977140257e-01
    4.9900000001e+05    1.1076203348e-01
    4.9925000001e+05    1.2999621547e-01
    4.9950000001e+05    1.2602971558e-01
    4.9975000001e+05    1.1009525946e-01
    5.0000000001e+05    1.1478003158e-01
