    1.0000000000e+02    2.0465345738e-01
    2.0000000000e+02    1.9465524164e-01
    3.0000000000e+02    1.2880179679e-01
    4.0000000000e+02    1.3852551984e-01
    5.0000000000e+02    9.2399235740e-02
    6.0000000000e+02    1.5718995282e-01
    7.0000000000e+02    1.8440914419e-01
    8.0000000000e+02    1.7337784873e-01
    9.0000000000e+02    2.1409236248e-01
    1.0000000000e+03    1.3133635181e-01
    1.1000000000e+03    1.8930714228e-01
    1.2000000000e+03    1.6045289444e-01
    1.3000000000e+03    1.7554756508e-01
    1.4000000000e+03    1.3693602992e-01
    1.5000000000e+03    1.3279521025e-01
    1.6000000000e+03    1.3505524278e-01
    1.7000000000e+03    2.6783618839e-01
    1.8000000000e+03    1.9238781691e-01
    1.9000000000e+03    1.6270161174e-01
    2.0000000000e+03    1.4746039470e-01
    2.1000000000e+03    1.4461478919e-01
    2.2000000000e+03    1.6319824732e-01
    2.3000000000e+03    1.2644203178e-01
    2.4000000000e+03    1.3722706924e-01
    2.5000000000e+03    1.6044016401e-01
    2.6000000000e+03    1.6978274584e-01
    2.7000000000e+03    1.6550289822e-01
    2.8000000000e+03    1.3581953218e-01
    2.9000000000e+03    1.5786260538e-01
    3.0000000000e+03    1.6626221485e-01
    3.1000000000e+03    1.4808027446e-01
    3.2000000000e+03    1.6510521898e-01
    3.3000000000e+03    1.4908988405e-01
    3.4000000000e+03    1.5167995000e-01
    3.5000000000e+03    1.3630583152e-01
    3.6000000000e+03    1.5007524944e-01
    3.7000000000e+03    1.2973587633e-01
    3.8000000000e+03    1.3101526863e-01
    3.9000000000e+03    1.3411167285e-01
    4.0000000000e+03    1.5122846236e-01
    4.1000000000e+03    1.4350079658e-01
    4.2000000000e+03    1.2775302297e-01
    4.3000000000e+03    1.2786154042e-01
    4.4000000000e+03    1.2837212383e-01
    4.5000000000e+03    1.1377181529e-01
    4.6000000000e+03    1.7839546670e-01
    4.7000000000e+03    1.4518772118e-01
    4.8000000000e+03    1.2730326937e-01
    4.9000000000e+03    1.2668123164e-01
    5.0000000000e+03    1.4867444718e-01
    5.1000000000e+03    1.4556458370e-01
    5.2000000000e+03    1.2378835979e-01
    5.3000000000e+03    1.4629931772e-01
    5.4000000000e+03    1.3410754387e-01
    5.5000000000e+03    1.6038221384e-01
    5.6000000000e+03    1.4018400737e-01
    5.7000000000e+03    1.3282776904e-01
    5.8000000000e+03    1.2172853533e-01
    5.9000000000e+03    1.3853415423e-01
    6.0000000000e+03    1.3068505093e-01
    6.1000000000e+03    1.1820740803e-01
    6.2000000000e+03    1.3688615491e-01
    6.3000000000e+03    1.2796506787e-01
    6.4000000000e+03    1.4542064122e-01
    6.5000000000e+03    1.3059167498e-01
    6.6000000000e+03    1.4631597223e-01
    6.7000000000e+03    1.4422551431e-01
    6.8000000000e+03    1.8032979834e-01
    6.9000000000e+03    2.0936159923e-01
    7.0000000000e+03    1.8904535261e-01
    7.1000000000e+03    1.6062759146e-01
    7.2000000000e+03    2.0362550578e-01
    7.3000000000e+03    1.4418283933e-01
    7.4000000000e+03    1.3568538130e-01
    7.5000000000e+03    1.6576436907e-01
    7.6000000000e+03    1.8203329221e-01
    7.7000000000e+03    1.2498942350e-01
    7.8000000000e+03    1.3610866020e-01
    7.9000000000e+03    1.5175510835e-01
    8.0000000000e+03    1.3504167542e-01
    8.1000000000e+03    1.5610881822e-01
    8.2000000000e+03    1.2487523709e-01
    8.3000000000e+03    1.5325712747e-01
    8.4000000000e+03    1.2070082722e-01
    8.5000000000e+03    1.1811741857e-01
    8.6000000000e+03    1.5528725327e-01
    8.7000000000e+03    1.2770493883e-01
    8.8000000000e+03    1.3670701570e-01
    8.9000000000e+03    1.4501536242e-01
    9.0000000000e+03    1.4197863805e-01
    9.1000000000e+03    1.0863072045e-01
    9.2000000000e+03    1.1844560495e-01
    9.3000000000e+03    1.4418936173e-01
    9.4000000000e+03    1.1995622563e-01
    9.5000000000e+03    1.2103264973e-01
    9.6000000000e+03    1.2053361152e-01
    9.7000000000e+03    1.3050508173e-01
    9.8000000000e+03    1.3606504014e-01
    9.9000000000e+03    1.2834822993e-01
    1.0000000000e+04    1.1690834284e-01
    1.0100000000e+04    1.4808450075e-01
    1.0200000000e+04    1.7194591696e-01
    1.0300000000e+04    1.1263931261e-01
    1.0400000000e+04    1.2754863071e-01
    1.0500000000e+04    1.2610468126e-01
    1.0600000000e+04    1.4321008392e-01
    1.0700000000e+04    1.4018925110e-01
    1.0800000000e+04    1.4665889658e-01
    1.0900000000e+04    1.2077693135e-01
    1.1000000000e+04    1.2251894847e-01
    1.1100000000e+04    1.5051388620e-01
    1.1200000000e+04    1.4539289088e-01
    1.1300000000e+04    1.1191308440e-01
    1.1400000000e+04    1.4827231929e-01
    1.1500000000e+04    1.4478511944e-01
    1.1600000000e+04    1.1379404672e-01
    1.1700000000e+04    1.3232576448e-01
    1.1800000000e+04    1.1441223123e-01
    1.1900000000e+04    1.3866507193e-01
    1.2000000000e+04    1.4848788102e-01
    1.2100000000e+04    1.5413545091e-01
    1.2200000000e+04    1.7091755954e-01
    1.2300000000e+04    1.4746596914e-01
    1.2400000000e+04    1.2440501029e-01
    1.2500000000e+04    1.2482794102e-01
    1.2600000000e+04    1.2859728514e-01
    1.2700000000e+04    1.5471280663e-01
    1.2800000000e+04    1.2856086076e-01
    1.2900000000e+04    1.3494822020e-01
    1.3000000000e+04    1.1977827207e-01
    1.3100000000e+04    1.2591663023e-01
    1.3200000000e+04    1.2281641395e-01
    1.3300000000e+04    1.3604719257e-01
    1.3400000000e+04    1.5985853190e-01
    1.3500000000e+04    1.8065844513e-01
    1.3600000000e+04    1.5450271666e-01
    1.3700000000e+04    1.5087050916e-01
    1.3800000000e+04    1.4290374805e-01
    1.3900000000e+04    1.3317526390e-01
    1.4000000000e+04    1.0844211494e-01
    1.4100000000e+04    1.5039408794e-01
    1.4200000000e+04    1.4971327733e-01
    1.4300000000e+04    1.4297866622e-01
    1.4400000000e+04    1.3356692390e-01
    1.4500000000e+04    1.3443593606e-01
    1.4600000000e+04    1.2749801886e-01
    1.4700000000e+04    1.2961215028e-01
    1.4800000000e+04    1.3904257919e-01
    1.4900000000e+04    1.0404052429e-01
    1.5000000000e+04    1.7077967395e-01
    1.5100000000e+04    1.2331100029e-01
    1.5200000000e+04    1.2191296628e-01
    1.5300000000e+04    1.6427285275e-01
    1.5400000000e+04    1.2654161144e-01
    1.5500000000e+04    1.7270493738e-01
    1.5600000000e+04    1.3939149245e-01
    1.5700000000e+04    1.6075203890e-01
    1.5800000000e+04    1.3603989563e-01
    1.5900000000e+04    1.6428357517e-01
    1.6000000000e+04    1.2874200485e-01
    1.6100000000e+04    1.2621876617e-01
    1.6200000000e+04    1.2300476101e-01
    1.6300000000e+04    1.3477169920e-01
    1.6400000000e+04    1.1437302998e-01
    1.6500000000e+04    1.1805903335e-01
    1.6600000000e+04    1.3139943940e-01
    1.6700000000e+04    1.1293426210e-01
    1.6800000000e+04    1.3701932949e-01
    1.6900000000e+04    1.2845467658e-01
    1.7000000000e+04    1.8296336871e-01
    1.7100000000e+04    1.3955915036e-01
    1.7200000000e+04    1.2931165723e-01
    1.7300000000e+04    1.0380722402e-01
    1.7400000000e+04    1.3372622141e-01
    1.7500000000e+04    1.3664052311e-01
    1.7600000000e+04    1.5051150018e-01
    1.7700000000e+04    1.4383336627e-01
    1.7800000000e+04    1.5945182999e-01
    1.7900000000e+04    1.6388113820e-01
    1.8000000000e+04    1.0976038270e-01
    1.8100000000e+04    1.2147527651e-01
    1.8200000000e+04    1.4544930669e-01
    1.8300000000e+04    1.5868981971e-01
    1.8400000000e+04    1.4372424519e-01
    1.8500000000e+04    1.4708559460e-01
    1.8600000000e+04    1.3707723323e-01
    1.8700000000e+04    1.3834645755e-01
    1.8800000000e+04    1.2116335101e-01
    1.8900000000e+04    1.3428229975e-01
    1.9000000000e+04    1.6100873419e-01
    1.9100000000e+04    1.9814334894e-01
    1.9200000000e+04    1.3233750924e-01
    1.9300000000e+04    1.6014059677e-01
    1.9400000000e+04    1.8008520006e-01
    1.9500000000e+04    1.5957536337e-01
    1.9600000000e+04    1.4474836401e-01
    1.9700000000e+04    1.4365438828e-01
    1.9800000000e+04    1.2299328978e-01
    1.9900000000e+04    1.1731462264e-01
    2.0000000000e+04    1.4311999250e-01
    2.0100000000e+04    1.0908871345e-01
    2.0200000000e+04    1.3576302173e-01
    2.0300000000e+04    1.4782588702e-01
    2.0400000000e+04    1.6805761870e-01
    2.0500000000e+04    1.5176002916e-01
    2.0600000000e+04    1.3358878326e-01
    2.0700000000e+04    1.2840540570e-01
    2.0800000000e+04    1.1516191563e-01
    2.0900000000e+04    1.1938526637e-01
    2.1000000000e+04    1.2281612933e-01
    2.1100000000e+04    1.3910640351e-01
    2.1200000000e+04    1.3695619901e-01
    2.1300000000e+04    1.4012572397e-01
    2.1400000000e+04    1.5641205244e-01
    2.1500000000e+04    1.8535200754e-01
    2.1600000000e+04    1.4563908857e-01
    2.1700000000e+04    9.8074480371e-02
    2.1800000000e+04    1.1612908811e-01
    2.1900000000e+04    1.5330024740e-01
    2.2000000000e+04    1.4611072900e-01
    2.2100000000e+04    1.5875234341e-01
    2.2200000000e+04    1.6011788516e-01
    2.2300000000e+04    1.5284700155e-01
    2.2400000000e+04    1.7031804599e-01
    2.2500000000e+04    1.5903055988e-01
    2.2600000000e+04    2.2791761908e-01
    2.2700000000e+04    1.7507529465e-01
    2.2800000000e+04    2.1871328683e-01
    2.2900000000e+04    1.5770075908e-01
    2.3000000000e+04    1.4102456555e-01
    2.3100000000e+04    1.6099058747e-01
    2.3200000000e+04    2.9791053625e-01
    2.3300000000e+04    1.4376662761e-01
    2.3400000000e+04    1.4370211480e-01
    2.3500000000e+04    1.6095246552e-01
    2.3600000000e+04    1.5819987899e-01
    2.3700000000e+04    1.6836815457e-01
    2.3800000000e+04    1.7534399258e-01
    2.3900000000e+04    1.8047996861e-01
    2.4000000000e+04    1.6798803775e-01
    2.4100000000e+04    1.7261898746e-01
    2.4200000000e+04    1.5877861528e-01
    2.4300000000e+04    2.0768231578e-01
    2.4400000000e+04    1.2601232985e-01
    2.4500000000e+04    1.4851504085e-01
    2.4600000000e+04    1.2738264638e-01
    2.4700000000e+04    1.6861207372e-01
    2.4800000000e+04    1.8502730159e-01
    2.4900000000e+04    1.9044611845e-01
    2.5000000000e+04    1.5555423463e-01
    2.5100000000e+04    1.8070191614e-01
    2.5200000000e+04    1.4923282129e-01
    2.5300000000e+04    1.4241524493e-01
    2.5400000000e+04    1.4853352805e-01
    2.5500000000e+04    2.1461564789e-01
    2.5600000000e+04    1.2464722044e-01
    2.5700000000e+04    2.0322488893e-01
    2.5800000000e+04    1.6878599768e-01
    2.5900000000e+04    1.8127137053e-01
    2.6000000000e+04    2.5465273452e-01
    2.6100000000e+04    1.7457559337e-01
    2.6200000000e+04    2.4893563433e-01
    2.6300000000e+04    2.2303125402e-01
    2.6400000000e+04    1.6093637579e-01
    2.6500000000e+04    1.3867914871e-01
    2.6600000000e+04    1.7183059738e-01
    2.6700000000e+04    1.3746016866e-01
    2.6800000000e+04    1.3562520186e-01
    2.6900000000e+04    1.4051144176e-01
    2.7000000000e+04    1.4235773651e-01
    2.7100000000e+04    2.1027634335e-01
    2.7200000000e+04    1.7618846441e-01
    2.7300000000e+04    2.8412184076e-01
    2.7400000000e+04    1.4413118982e-01
    2.7500000000e+04    1.7819131590e-01
    2.7600000000e+04    1.9330219998e-01
    2.7700000000e+04    2.1457925321e-01
    2.7800000000e+04    2.1009793849e-01
    2.7900000000e+04    2.4129274049e-01
    2.8000000000e+04    1.8084822493e-01
    2.8100000000e+04    1.8128744969e-01
    2.8200000000e+04    2.0169372214e-01
    2.8300000000e+04    1.7743340756e-01
    2.8400000000e+04    1.9393688439e-01
    2.8500000000e+04    1.8332595557e-01
    2.8600000000e+04    1.4030936150e-01
    2.8700000000e+04    1.3673761251e-01
    2.8800000000e+04    1.2864222386e-01
    2.8900000000e+04    2.0384148987e-01
    2.9000000000e+04    1.7923557468e-01
    2.9100000000e+04    1.8000421900e-01
    2.9200000000e+04    1.7821826222e-01
    2.9300000000e+04    1.4705887819e-01
    2.9400000000e+04    1.6792391292e-01
    2.9500000000e+04    1.7795046331e-01
    2.9600000000e+04    1.1105707334e-01
    2.9700000000e+04    1.4410673185e-01
    2.9800000000e+04    1.5280260836e-01
    2.9900000000e+04    1.3881160490e-01
    3.0000000000e+04    1.8875053526e-01
    3.0100000000e+04    1.9408648298e-01
    3.0200000000e+04    2.3930697338e-01
    3.0300000000e+04    1.4199793913e-01
    3.0400000000e+04    1.5275659527e-01
    3.0500000000e+04    1.4386713479e-01
    3.0600000000e+04    1.6018334313e-01
    3.0700000000e+04    1.3696972971e-01
    3.0800000000e+04    1.4205647222e-01
    3.0900000000e+04    1.6868290577e-01
    3.1000000000e+04    1.4118692855e-01
    3.1100000000e+04    1.4584611593e-01
    3.1200000000e+04    1.9819047818e-01
    3.1300000000e+04    1.7916966420e-01
    3.1400000000e+04    2.5963718849e-01
    3.1500000000e+04    2.2196725346e-01
    3.1600000000e+04    2.1230604644e-01
    3.1700000000e+04    2.2824308651e-01
    3.1800000000e+04    1.9665387166e-01
    3.1900000000e+04    1.9566509980e-01
    3.2000000000e+04    2.2191423651e-01
    3.2100000000e+04    1.9326262573e-01
    3.2200000000e+04    1.6361121491e-01
    3.2300000000e+04    1.6008942189e-01
    3.2400000000e+04    1.1719520851e-01
    3.2500000000e+04    1.7410516115e-01
    3.2600000000e+04    1.6025864956e-01
    3.2700000000e+04    2.6824270880e-01
    3.2800000000e+04    1.7143259974e-01
    3.2900000000e+04    1.8621458453e-01
    3.3000000000e+04    2.0767455097e-01
    3.3100000000e+04    1.5541711284e-01
    3.3200000000e+04    1.7545216206e-01
    3.3300000000e+04    1.8458166633e-01
    3.3400000000e+04    1.5015625626e-01
    3.3500000000e+04    1.8021332234e-01
    3.3600000000e+04    1.4873843769e-01
    3.3700000000e+04    1.9593284860e-01
    3.3800000000e+04    1.6622542042e-01
    3.3900000000e+04    1.4247252779e-01
    3.4000000000e+04    2.1388156137e-01
    3.4100000000e+04    2.1741373667e-01
    3.4200000000e+04    1.7093183170e-01
    3.4300000000e+04    1.7108934634e-01
    3.4400000000e+04    2.0798425167e-01
    3.4500000000e+04    1.9132261279e-01
    3.4600000000e+04    1.8648722821e-01
    3.4700000000e+04    1.6330834790e-01
    3.4800000000e+04    2.0707787529e-01
    3.4900000000e+04    1.6324150627e-01
    3.5000000000e+04    1.4741854133e-01
    3.5100000000e+04    2.2053467699e-01
    3.5200000000e+04    1.6826236258e-01
    3.5300000000e+04    1.8395471501e-01
    3.5400000000e+04    1.4396666076e-01
    3.5500000000e+04    1.4469488111e-01
    3.5600000000e+04    1.3865467873e-01
    3.5700000000e+04    1.5364145908e-01
    3.5800000000e+04    1.3260664867e-01
    3.5900000000e+04    1.7095037914e-01
    3.6000000000e+04    1.4383995562e-01
    3.6100000000e+04    1.5318883030e-01
    3.6200000000e+04    2.0067126480e-01
    3.6300000000e+04    2.0178571270e-01
    3.6400000000e+04    2.3478839059e-01
    3.6500000000e+04    1.7506994431e-01
    3.6600000000e+04    1.4077733612e-01
    3.6700000000e+04    1.3562814484e-01
    3.6800000000e+04    1.0674375748e-01
    3.6900000000e+04    1.5417038565e-01
    3.7000000000e+04    1.2144290622e-01
    3.7100000000e+04    1.9196265165e-01
    3.7200000000e+04    1.2466466422e-01
    3.7300000000e+04    1.6097645481e-01
    3.7400000000e+04    1.7008221180e-01
    3.7500000000e+04    1.4704209561e-01
    3.7600000000e+04    2.1148425558e-01
    3.7700000000e+04    1.8044293877e-01
    3.7800000000e+04    2.1756879166e-01
    3.7900000000e+04    1.9927772307e-01
    3.8000000000e+04    1.8808081975e-01
    3.8100000000e+04    1.4465621625e-01
    3.8200000000e+04    1.6177287229e-01
    3.8300000000e+04    1.5065215029e-01
    3.8400000000e+04    1.5402122867e-01
    3.8500000000e+04    1.5640167923e-01
    3.8600000000e+04    1.6409514916e-01
    3.8700000000e+04    1.6240809939e-01
    3.8800000000e+04    1.7237546817e-01
    3.8900000000e+04    1.6806892702e-01
    3.9000000000e+04    1.7712965737e-01
    3.9100000000e+04    1.7195445906e-01
    3.9200000000e+04    1.5245381883e-01
    3.9300000000e+04    1.7528507453e-01
    3.9400000000e+04    1.7815602418e-01
    3.9500000000e+04    1.4392322325e-01
    3.9600000000e+04    1.7878059503e-01
    3.9700000000e+04    1.5512728807e-01
    3.9800000000e+04    1.3939309935e-01
    3.9900000000e+04    1.3029567464e-01
    4.0000000000e+04    1.6390672409e-01
    4.0100000000e+04    1.1330288173e-01
    4.0200000000e+04    2.5755992014e-01
    4.0300000000e+04    1.3910494746e-01
    4.0400000000e+04    1.7905663197e-01
    4.0500000000e+04    2.0403522909e-01
    4.0600000000e+04    1.3709529026e-01
    4.0700000000e+04    1.9860299343e-01
    4.0800000000e+04    1.7944499304e-01
    4.0900000000e+04    1.8855890021e-01
    4.1000000000e+04    1.5511762444e-01
    4.1100000000e+04    1.2581508120e-01
    4.1200000000e+04    1.7694501300e-01
    4.1300000000e+04    1.6571225642e-01
    4.1400000000e+04    2.0717479926e-01
    4.1500000000e+04    2.1515379812e-01
    4.1600000000e+04    2.1272641458e-01
    4.1700000000e+04    1.6366419514e-01
    4.1800000000e+04    1.7921314899e-01
    4.1900000000e+04    1.3447372788e-01
    4.2000000000e+04    1.3240910739e-01
    4.2100000000e+04    1.8742992771e-01
    4.2200000000e+04    1.4820671722e-01
    4.2300000000e+04    2.2465011840e-01
    4.2400000000e+04    1.3002776254e-01
    4.2500000000e+04    1.3697066102e-01
    4.2600000000e+04    2.4460276359e-01
    4.2700000000e+04    1.2810329250e-01
    4.2800000000e+04    1.5006507957e-01
    4.2900000000e+04    1.6041844688e-01
    4.3000000000e+04    1.7179727751e-01
    4.3100000000e+04    1.6559727534e-01
    4.3200000000e+04    1.4925349322e-01
    4.3300000000e+04    1.7516073735e-01
    4.3400000000e+04    1.8046269651e-01
    4.3500000000e+04    2.3738841993e-01
    4.3600000000e+04    1.8233686508e-01
    4.3700000000e+04    2.2678324941e-01
    4.3800000000e+04    2.0312126300e-01
    4.3900000000e+04    2.2911729878e-01
    4.4000000000e+04    2.6952350386e-01
    4.4100000000e+04    2.4921701524e-01
    4.4200000000e+04    1.7211212166e-01
    4.4300000000e+04    1.6696842806e-01
    4.4400000000e+04    1.4998720839e-01
    4.4500000000e+04    1.5843819175e-01
    4.4600000000e+04    1.4076625701e-01
    4.4700000000e+04    1.6369841555e-01
    4.4800000000e+04    1.3780312256e-01
    4.4900000000e+04    1.6821558794e-01
    4.5000000000e+04    1.9664197315e-01
    4.5100000000e+04    1.3423450646e-01
    4.5200000000e+04    1.2057181823e-01
    4.5300000000e+04    1.9919337133e-01
    4.5400000000e+04    1.7937786265e-01
    4.5500000000e+04    1.2319607059e-01
    4.5600000000e+04    1.6013601617e-01
    4.5700000000e+04    2.1957262417e-01
    4.5800000000e+04    1.6077736596e-01
    4.5900000000e+04    1.6250388031e-01
    4.6000000000e+04    1.9700643019e-01
    4.6100000000e+04    1.3123191069e-01
    4.6200000000e+04    1.1757374711e-01
    4.6300000000e+04    2.2457247142e-01
    4.6400000000e+04    1.5152880365e-01
    4.6500000000e+04    1.7982294261e-01
    4.6600000000e+04    1.8760866298e-01
    4.6700000000e+04    1.8271482846e-01
    4.6800000000e+04    1.8252348718e-01
    4.6900000000e+04    1.5841263482e-01
    4.7000000000e+04    1.8904132792e-01
    4.7100000000e+04    1.8380358271e-01
    4.7200000000e+04    1.5316663076e-01
    4.7300000000e+04    1.4549619808e-01
    4.7400000000e+04    1.3368179102e-01
    4.7500000000e+04    1.7867864519e-01
    4.7600000000e+04    2.1290355074e-01
    4.7700000000e+04    2.2313176333e-01
    4.7800000000e+04    2.0916606704e-01
    4.7900000000e+04    1.7952561456e-01
    4.8000000000e+04    1.8462361759e-01
    4.8100000000e+04    1.6839860858e-01
    4.8200000000e+04    1.5360851901e-01
    4.8300000000e+04    1.3515748393e-01
    4.8400000000e+04    1.5834894533e-01
    4.8500000000e+04    1.8474497743e-01
    4.8600000000e+04    1.9452941744e-01
    4.8700000000e+04    1.5932225818e-01
    4.8800000000e+04    2.2702136742e-01
    4.8900000000e+04    2.6187892411e-01
    4.9000000000e+04    2.7202860501e-01
    4.9100000000e+04    2.7127943548e-01
    4.9200000000e+04    2.0531866096e-01
    4.9300000000e+04    1.8633500501e-01
    4.9400000000e+04    2.8276395179e-01
    4.9500000000e+04    2.1117166516e-01
    4.9600000000e+04    2.1520266305e-01
    4.9700000000e+04    2.3230667109e-01
    4.9800000000e+04    1.9518547768e-01
    4.9900000000e+04    1.7217351044e-01
    5.0000000000e+04    1.7049603877e-01
    5.0100000000e+04    2.0838726669e-01
    5.0200000000e+04    1.9606784490e-01
    5.0300000000e+04    2.0183764562e-01
    5.0400000000e+04    2.0563610832e-01
    5.0500000000e+04    2.1231292638e-01
    5.0600000000e+04    1.8101259845e-01
    5.0700000000e+04    2.0561742960e-01
    5.0800000000e+04    1.7840809295e-01
    5.0900000000e+04    2.0983178140e-01
    5.1000000000e+04    2.0308240816e-01
    5.1100000000e+04    2.1044780545e-01
    5.1200000000e+04    2.0505874359e-01
    5.1300000000e+04    1.9781575433e-01
    5.1400000000e+04    2.2498798792e-01
    5.1500000000e+04    1.9684123013e-01
    5.1600000000e+04    1.5953660425e-01
    5.1700000000e+04    1.9745561619e-01
    5.1800000000e+04    2.0196013494e-01
    5.1900000000e+04    1.7721018800e-01
    5.2000000000e+04    2.1147649320e-01
    5.2100000000e+04    2.0628386197e-01
    5.2200000000e+04    2.4003465709e-01
    5.2300000000e+04    2.1669819843e-01
    5.2400000000e+04    1.8195417985e-01
    5.2500000000e+04    2.5809897371e-01
    5.2600000000e+04    2.1144571065e-01
    5.2700000000e+04    1.5527051548e-01
    5.2800000000e+04    2.0367615127e-01
    5.2900000000e+04    1.8193066690e-01
    5.3000000000e+04    2.5894095298e-01
    5.3100000000e+04    2.3758302933e-01
    5.3200000000e+04    2.0593983839e-01
    5.3300000000e+04    1.6439495080e-01
    5.3400000000e+04    1.6115561520e-01
    5.3500000000e+04    1.7913958580e-01
    5.3600000000e+04    1.4625538096e-01
    5.3700000000e+04    1.8052281551e-01
    5.3800000000e+04    1.7340329030e-01
    5.3900000000e+04    1.3389247084e-01
    5.4000000000e+04    1.8299639787e-01
    5.4100000000e+04    1.3694347081e-01
    5.4200000000e+04    1.6002227791e-01
    5.4300000000e+04    2.3266016189e-01
    5.4400000000e+04    1.9420090806e-01
    5.4500000000e+04    2.2207019586e-01
    5.4600000000e+04    1.8746630213e-01
    5.4700000000e+04    2.1020742423e-01
    5.4800000000e+04    1.6333412221e-01
    5.4900000000e+04    1.4956590093e-01
    5.5000000000e+04    2.0123466615e-01
    5.5100000000e+04    1.4989181153e-01
    5.5200000000e+04    1.8196317045e-01
    5.5300000000e+04    1.5341400835e-01
    5.5400000000e+04    1.6800969096e-01
    5.5500000000e+04    1.4345790928e-01
    5.5600000000e+04    1.4181861089e-01
    5.5700000000e+04    1.5205670913e-01
    5.5800000000e+04    1.2693723957e-01
    5.5900000000e+04    1.2974987450e-01
    5.6000000000e+04    1.1287790763e-01
    5.6100000000e+04    2.3886140084e-01
    5.6200000000e+04    1.5775198449e-01
    5.6300000000e+04    2.5583510726e-01
    5.6400000000e+04    1.6653429771e-01
    5.6500000000e+04    1.7808956624e-01
    5.6600000000e+04    1.4406022007e-01
    5.6700000000e+04    1.7242539032e-01
    5.6800000000e+04    1.4712893010e-01
    5.6900000000e+04    1.4509589699e-01
    5.7000000000e+04    1.3707249637e-01
    5.7100000000e+04    1.3955111142e-01
    5.7200000000e+04    1.6714218672e-01
    5.7300000000e+04    1.9164735460e-01
    5.7400000000e+04    1.8879454006e-01
    5.7500000000e+04    2.4120308216e-01
    5.7600000000e+04    2.0050073808e-01
    5.7700000000e+04    2.0984475780e-01
    5.7800000000e+04    2.2229268429e-01
    5.7900000000e+04    2.6751131190e-01
    5.8000000000e+04    2.6613131885e-01
    5.8100000000e+04    2.4048483320e-01
    5.8200000000e+04    1.6282708348e-01
    5.8300000000e+04    1.4572835979e-01
    5.8400000000e+04    1.6182807033e-01
    5.8500000000e+04    1.4672354953e-01
    5.8600000000e+04    2.2272639029e-01
    5.8700000000e+04    2.5215728058e-01
    5.8800000000e+04    2.0139915961e-01
    5.8900000000e+04    2.3670010150e-01
    5.9000000000e+04    2.2830013307e-01
    5.9100000000e+04    1.5076592543e-01
    5.9200000000e+04    1.5414448192e-01
    5.9300000000e+04    1.9590240984e-01
    5.9400000000e+04    1.7291595299e-01
    5.9500000000e+04    1.9029219021e-01
    5.9600000000e+04    1.9025913417e-01
    5.9700000000e+04    1.7240989223e-01
    5.9800000000e+04    2.4886506214e-01
    5.9900000000e+04    1.8530619528e-01
    6.0000000000e+04    1.8881615118e-01
    6.0100000000e+04    2.3637177348e-01
    6.0200000000e+04    1.6930735793e-01
    6.0300000000e+04    1.6990795938e-01
    6.0400000000e+04    1.7918304270e-01
    6.0500000000e+04    1.3383323558e-01
    6.0600000000e+04    1.5195081038e-01
    6.0700000000e+04    2.2017082910e-01
    6.0800000000e+04    2.1755249958e-01
    6.0900000000e+04    2.8946918038e-01
    6.1000000000e+04    2.1779959253e-01
    6.1100000000e+04    2.4116440363e-01
    6.1200000000e+04    2.1472288772e-01
    6.1300000000e+04    1.7103960051e-01
    6.1400000000e+04    1.7089996925e-01
    6.1500000000e+04    1.3874561432e-01
    6.1600000000e+04    1.5747490750e-01
    6.1700000000e+04    1.4685162485e-01
    6.1800000000e+04    2.2505132562e-01
    6.1900000000e+04    2.3827975414e-01
    6.2000000000e+04    2.4894987267e-01
    6.2100000000e+04    1.9403583262e-01
    6.2200000000e+04    2.5010913611e-01
    6.2300000000e+04    1.8892438221e-01
    6.2400000000e+04    2.0460147878e-01
    6.2500000000e+04    2.9459402960e-01
    6.2600000000e+04    2.0723968417e-01
    6.2700000000e+04    2.2512525025e-01
    6.2800000000e+04    2.4626087225e-01
    6.2900000000e+04    2.3331705751e-01
    6.3000000000e+04    2.2821361245e-01
    6.3100000000e+04    2.2599847009e-01
    6.3200000000e+04    2.2184716853e-01
    6.3300000000e+04    2.1940732631e-01
    6.3400000000e+04    2.0367668336e-01
    6.3500000000e+04    2.1851201395e-01
    6.3600000000e+04    2.1675950380e-01
    6.3700000000e+04    2.2385976298e-01
    6.3800000000e+04    2.0345653808e-01
    6.3900000000e+04    2.2494931975e-01
    6.4000000000e+04    2.2338673065e-01
    6.4100000000e+04    2.1939116609e-01
    6.4200000000e+04    2.1065556547e-01
    6.4300000000e+04    2.3028361773e-01
    6.4400000000e+04    1.8738801358e-01
    6.4500000000e+04    2.2367749435e-01
    6.4600000000e+04    2.2099809507e-01
    6.4700000000e+04    2.1448207436e-01
    6.4800000000e+04    2.0503448022e-01
    6.4900000000e+04    2.3187364702e-01
    6.5000000000e+04    2.6480115993e-01
    6.5100000000e+04    2.0789805175e-01
    6.5200000000e+04    2.3736917283e-01
    6.5300000000e+04    2.4658921524e-01
    6.5400000000e+04    2.6194504179e-01
    6.5500000000e+04    1.5811676334e-01
    6.5600000000e+04    2.0944765858e-01
    6.5700000000e+04    1.9638829452e-01
    6.5800000000e+04    1.7480816883e-01
    6.5900000000e+04    1.9787199107e-01
    6.6000000000e+04    2.0515353480e-01
    6.6100000000e+04    2.3135326602e-01
    6.6200000000e+04    2.2878261507e-01
    6.6300000000e+04    2.1070479581e-01
    6.6400000000e+04    1.9202735012e-01
    6.6500000000e+04    2.2513765797e-01
    6.6600000000e+04    2.2141622651e-01
    6.6700000000e+04    1.4145897918e-01
    6.6800000000e+04    2.9930612075e-01
    6.6900000000e+04    2.2293902464e-01
    6.7000000000e+04    1.9372143672e-01
    6.7100000000e+04    2.0011566383e-01
    6.7200000000e+04    1.6706914706e-01
    6.7300000000e+04    1.9707881869e-01
    6.7400000000e+04    2.1938660320e-01
    6.7500000000e+04    2.2168635571e-01
    6.7600000000e+04    1.6291156075e-01
    6.7700000000e+04    1.5506411279e-01
    6.7800000000e+04    2.3330425704e-01
    6.7900000000e+04    1.8720272359e-01
    6.8000000000e+04    1.6566065009e-01
    6.8100000000e+04    2.0823256501e-01
    6.8200000000e+04    1.7658231871e-01
    6.8300000000e+04    1.6559358688e-01
    6.8400000000e+04    2.0565510073e-01
    6.8500000000e+04    2.3929991186e-01
    6.8600000000e+04    1.5184447549e-01
    6.8700000000e+04    1.7292020642e-01
    6.8800000000e+04    1.8250272659e-01
    6.8900000000e+04    1.5659402048e-01
    6.9000000000e+04    1.8561786580e-01
    6.9100000000e+04    2.0765396905e-01
    6.9200000000e+04    1.8712411935e-01
    6.9300000000e+04    2.3373563630e-01
    6.9400000000e+04    2.1902591937e-01
    6.9500000000e+04    2.2005082128e-01
    6.9600000000e+04    2.3937155609e-01
    6.9700000000e+04    2.4744089077e-01
    6.9800000000e+04    2.3050136020e-01
    6.9900000000e+04    2.1177813461e-01
    7.0000000000e+04    2.1289550412e-01
    7.0100000000e+04    2.2931388219e-01
    7.0200000000e+04    2.0437562597e-01
    7.0300000000e+04    2.1611588393e-01
    7.0400000000e+04    2.0629109090e-01
    7.0500000000e+04    1.9283206895e-01
    7.0600000000e+04    2.3096860164e-01
    7.0700000000e+04    1.8190820479e-01
    7.0800000000e+04    1.9808050436e-01
    7.0900000000e+04    1.7648223288e-01
    7.1000000000e+04    2.3816743114e-01
    7.1100000000e+04    1.9047526021e-01
    7.1200000000e+04    1.9244637401e-01
    7.1300000000e+04    2.1718164141e-01
    7.1400000000e+04    2.0774127880e-01
    7.1500000000e+04    1.7798976506e-01
    7.1600000000e+04    1.8905269127e-01
    7.1700000000e+04    2.3977352243e-01
    7.1800000000e+04    1.7132158181e-01
    7.1900000000e+04    1.7055097315e-01
    7.2000000000e+04    2.3733096731e-01
    7.2100000000e+04    1.6074985602e-01
    7.2200000000e+04    1.7297812855e-01
    7.2300000000e+04    1.7590509010e-01
    7.2400000000e+04    1.7839214694e-01
    7.2500000000e+04    2.2318848891e-01
    7.2600000000e+04    2.1035465217e-01
    7.2700000000e+04    1.5948594237e-01
    7.2800000000e+04    1.6732504391e-01
    7.2900000000e+04    2.1788665452e-01
    7.3000000000e+04    1.8029802486e-01
    7.3100000000e+04    1.4328719809e-01
    7.3200000000e+04    2.0695809817e-01
    7.3300000000e+04    2.0542996212e-01
    7.3400000000e+04    2.0262220685e-01
    7.3500000000e+04    2.1629612022e-01
    7.3600000000e+04    1.9824507563e-01
    7.3700000000e+04    2.1791263357e-01
    7.3800000000e+04    2.1838177693e-01
    7.3900000000e+04    1.6142597477e-01
    7.4000000000e+04    1.7771799909e-01
    7.4100000000e+04    1.8614754934e-01
    7.4200000000e+04    1.6930996855e-01
    7.4300000000e+04    1.8568791117e-01
    7.4400000000e+04    1.6401976858e-01
    7.4500000000e+04    1.8871115514e-01
    7.4600000000e+04    2.0674174819e-01
    7.4700000000e+04    2.1258406862e-01
    7.4800000000e+04    1.6836195850e-01
    7.4900000000e+04    2.1077354874e-01
    7.5000000000e+04    2.0282275182e-01
    7.5100000000e+04    1.9578346392e-01
    7.5200000000e+04    1.7882847587e-01
    7.5300000000e+04    2.1322947960e-01
    7.5400000000e+04    1.8981243192e-01
    7.5500000000e+04    2.0109375476e-01
    7.5600000000e+04    1.8185944202e-01
    7.5700000000e+04    1.9409294252e-01
    7.5800000000e+04    2.0046931242e-01
    7.5900000000e+04    2.2952166354e-01
    7.6000000000e+04    1.9992580152e-01
    7.6100000000e+04    1.7635077982e-01
    7.6200000000e+04    2.1482790887e-01
    7.6300000000e+04    2.4053111215e-01
    7.6400000000e+04    1.9372289575e-01
    7.6500000000e+04    2.1077112002e-01
    7.6600000000e+04    1.7820816331e-01
    7.6700000000e+04    1.6180721811e-01
    7.6800000000e+04    1.7101469666e-01
    7.6900000000e+04    2.1939032529e-01
    7.7000000000e+04    1.6523180078e-01
    7.7100000000e+04    1.9311581309e-01
    7.7200000000e+04    2.5044180369e-01
    7.7300000000e+04    2.4872541115e-01
    7.7400000000e+04    2.0989623048e-01
    7.7500000000e+04    2.5399599448e-01
    7.7600000000e+04    2.1163688598e-01
    7.7700000000e+04    1.8025985687e-01
    7.7800000000e+04    1.5958215339e-01
    7.7900000000e+04    1.7176775249e-01
    7.8000000000e+04    1.9470987332e-01
    7.8100000000e+04    2.0462821275e-01
    7.8200000000e+04    2.3262307025e-01
    7.8300000000e+04    1.8487140286e-01
    7.8400000000e+04    1.4960979649e-01
    7.8500000000e+04    1.7835416218e-01
    7.8600000000e+04    1.9226684756e-01
    7.8700000000e+04    1.7911299326e-01
    7.8800000000e+04    2.2444110714e-01
    7.8900000000e+04    1.5005484138e-01
    7.9000000000e+04    3.8331676131e-01
    7.9100000000e+04    1.8161658826e-01
    7.9200000000e+04    1.2216679197e-01
    7.9300000000e+04    2.1303287890e-01
    7.9400000000e+04    1.1896452932e-01
    7.9500000000e+04    1.3228033013e-01
    7.9600000000e+04    1.3526239936e-01
    7.9700000000e+04    1.6908836727e-01
    7.9800000000e+04    1.7121795383e-01
    7.9900000000e+04    1.4389126299e-01
    8.0000000000e+04    1.1137609524e-01
    8.0100000000e+04    1.2795911959e-01
    8.0200000000e+04    1.9317880750e-01
    8.0300000000e+04    1.4150409624e-01
    8.0400000000e+04    1.4272501619e-01
    8.0500000000e+04    1.4416653421e-01
    8.0600000000e+04    1.6690940552e-01
    8.0700000000e+04    1.6867275236e-01
    8.0800000000e+04    2.3212249152e-01
    8.0900000000e+04    1.7949999321e-01
    8.1000000000e+04    1.4379615968e-01
    8.1100000000e+04    1.3381676760e-01
    8.1200000000e+04    1.4368879045e-01
    8.1300000000e+04    1.6274244315e-01
    8.1400000000e+04    2.1497120831e-01
    8.1500000000e+04    1.7065008158e-01
    8.1600000000e+04    1.5222536665e-01
    8.1700000000e+04    3.3698362027e-01
    8.1800000000e+04    3.7762140476e-01
    8.1900000000e+04    3.1174854053e-01
    8.2000000000e+04    1.5207771707e-01
    8.2100000000e+04    1.2990530399e-01
    8.2200000000e+04    1.6222892558e-01
    8.2300000000e+04    2.1246169396e-01
    8.2400000000e+04    1.9273269861e-01
    8.2500000000e+04    1.8901448961e-01
    8.2600000000e+04    1.6439989578e-01
    8.2700000000e+04    1.5066530589e-01
    8.2800000000e+04    2.0090760745e-01
    8.2900000000e+04    1.3677978378e-01
    8.3000000000e+04    1.5194305139e-01
    8.3100000000e+04    1.6873780769e-01
    8.3200000000e+04    3.3091038857e-01
    8.3300000000e+04    3.1266369722e-01
    8.3400000000e+04    2.2563793359e-01
    8.3500000000e+04    1.7570883005e-01
    8.3600000000e+04    3.0817700701e-01
    8.3700000000e+04    1.5963195241e-01
    8.3800000000e+04    1.2833224356e-01
    8.3900000000e+04    1.0852836911e-01
    8.4000000000e+04    1.9922652449e-01
    8.4100000000e+04    1.7633021937e-01
    8.4200000000e+04    1.6846284932e-01
    8.4300000000e+04    1.7092625574e-01
    8.4400000000e+04    1.7781474873e-01
    8.4500000000e+04    2.5241550729e-01
    8.4600000000e+04    1.5134530162e-01
    8.4700000000e+04    1.8178123759e-01
    8.4800000000e+04    1.8602441697e-01
    8.4900000000e+04    1.7321859946e-01
    8.5000000000e+04    1.9672252445e-01
    8.5100000000e+04    1.3613322896e-01
    8.5200000000e+04    1.6783301745e-01
    8.5300000000e+04    1.8875784095e-01
    8.5400000000e+04    2.3044681711e-01
    8.5500000000e+04    2.5326045637e-01
    8.5600000000e+04    2.0235151707e-01
    8.5700000000e+04    1.4559756594e-01
    8.5800000000e+04    2.1676366333e-01
    8.5900000000e+04    3.0015569614e-01
    8.6000000000e+04    2.0726400887e-01
    8.6100000000e+04    1.7646436303e-01
    8.6200000000e+04    2.7009434825e-01
    8.6300000000e+04    3.0541194515e-01
    8.6400000000e+04    2.7031234125e-01
    8.6500000000e+04    2.3220650585e-01
    8.6600000000e+04    2.0154152001e-01
    8.6700000000e+04    2.4662991821e-01
    8.6800000000e+04    1.7768139165e-01
    8.6900000000e+04    1.5699806629e-01
    8.7000000000e+04    1.8877431549e-01
    8.7100000000e+04    2.0249367874e-01
    8.7200000000e+04    2.0806215748e-01
    8.7300000000e+04    1.8263558468e-01
    8.7400000000e+04    1.6952255424e-01
    8.7500000000e+04    2.3012871020e-01
    8.7600000000e+04    1.5117905554e-01
    8.7700000000e+04    2.2219826381e-01
    8.7800000000e+04    1.9201513602e-01
    8.7900000000e+04    1.5779146421e-01
    8.8000000000e+04    2.0020658467e-01
    8.8100000000e+04    3.1452248764e-01
    8.8200000000e+04    2.1086475790e-01
    8.8300000000e+04    2.0857752161e-01
    8.8400000000e+04    2.6645807668e-01
    8.8500000000e+04    2.1555653464e-01
    8.8600000000e+04    2.6144414358e-01
    8.8700000000e+04    2.1647850201e-01
    8.8800000000e+04    1.9648259233e-01
    8.8900000000e+04    2.3719143513e-01
    8.9000000000e+04    2.3472056659e-01
    8.9100000000e+04    2.1964209257e-01
    8.9200000000e+04    1.8568368992e-01
    8.9300000000e+04    2.2492096189e-01
    8.9400000000e+04    1.5957808823e-01
    8.9500000000e+04    1.6899729946e-01
    8.9600000000e+04    2.5488216996e-01
    8.9700000000e+04    1.8444953909e-01
    8.9800000000e+04    1.8178583624e-01
    8.9900000000e+04    1.7201154657e-01
    9.0000000000e+04    1.8215752649e-01
    9.0100000000e+04    2.2362990569e-01
    9.0200000000e+04    2.5638205433e-01
    9.0300000000e+04    2.7621119469e-01
    9.0400000000e+04    2.1409532474e-01
    9.0500000000e+04    1.8251888120e-01
    9.0600000000e+04    2.0688295400e-01
    9.0700000000e+04    1.7606971605e-01
    9.0800000000e+04    1.7189181206e-01
    9.0900000000e+04    1.7896319261e-01
    9.1000000000e+04    2.0463952864e-01
    9.1100000000e+04    2.4096661849e-01
    9.1200000000e+04    2.2305790479e-01
    9.1300000000e+04    2.5181142497e-01
    9.1400000000e+04    2.4136352009e-01
    9.1500000000e+04    2.1457707719e-01
    9.1600000000e+04    2.1488495468e-01
    9.1700000000e+04    2.0444331034e-01
    9.1800000000e+04    2.1850451195e-01
    9.1900000000e+04    2.0155332501e-01
    9.2000000000e+04    1.7002988207e-01
    9.2100000000e+04    2.3802563409e-01
    9.2200000000e+04    2.2663460561e-01
    9.2300000000e+04    2.1531177995e-01
    9.2400000000e+04    1.5696969362e-01
    9.2500000000e+04    1.7948295332e-01
    9.2600000000e+04    1.3866935216e-01
    9.2700000000e+04    2.0771962395e-01
    9.2800000000e+04    1.9059453314e-01
    9.2900000000e+04    1.6582986107e-01
    9.3000000000e+04    1.5913367598e-01
    9.3100000000e+04    2.1850958406e-01
    9.3200000000e+04    2.4731739541e-01
    9.3300000000e+04    2.1611571876e-01
    9.3400000000e+04    1.7023762657e-01
    9.3500000000e+04    2.1033720001e-01
    9.3600000000e+04    2.0810359455e-01
    9.3700000000e+04    1.9949581338e-01
    9.3800000000e+04    2.0512038165e-01
    9.3900000000e+04    1.8346746827e-01
    9.4000000000e+04    1.8305808397e-01
    9.4100000000e+04    2.0454218608e-01
    9.4200000000e+04    2.2562871840e-01
    9.4300000000e+04    2.3380326737e-01
    9.4400000000e+04    2.2324435913e-01
    9.4500000000e+04    1.8141825964e-01
    9.4600000000e+04    2.1036719027e-01
    9.4700000000e+04    1.8664784747e-01
    9.4800000000e+04    1.5201480541e-01
    9.4900000000e+04    1.8756241086e-01
    9.5000000000e+04    1.2410027082e-01
    9.5100000000e+04    1.8109256378e-01
    9.5200000000e+04    2.0392043864e-01
    9.5300000000e+04    2.1037297879e-01
    9.5400000000e+04    2.0957907785e-01
    9.5500000000e+04    2.1428891914e-01
    9.5600000000e+04    1.8681551533e-01
    9.5700000000e+04    2.3248576513e-01
    9.5800000000e+04    2.6061867592e-01
    9.5900000000e+04    1.6407647076e-01
    9.6000000000e+04    1.6323915339e-01
    9.6100000000e+04    2.7631787596e-01
    9.6200000000e+04    2.2137754926e-01
    9.6300000000e+04    2.0881256634e-01
    9.6400000000e+04    2.5430848732e-01
    9.6500000000e+04    2.6239554142e-01
    9.6600000000e+04    2.6697131488e-01
    9.6700000000e+04    2.3686554542e-01
    9.6800000000e+04    2.6905052822e-01
    9.6900000000e+04    2.2993577249e-01
    9.7000000000e+04    1.7998803463e-01
    9.7100000000e+04    1.6905891240e-01
    9.7200000000e+04    2.3577823521e-01
    9.7300000000e+04    2.1219666787e-01
    9.7400000000e+04    2.4821042827e-01
    9.7500000000e+04    1.8808972042e-01
    9.7600000000e+04    2.0905809964e-01
    9.7700000000e+04    2.0737565469e-01
    9.7800000000e+04    2.1052244083e-01
    9.7900000000e+04    2.2722236238e-01
    9.8000000000e+04    1.8694572243e-01
    9.8100000000e+04    2.3985208097e-01
    9.8200000000e+04    2.4715055552e-01
    9.8300000000e+04    2.2453719951e-01
    9.8400000000e+04    1.7584242213e-01
    9.8500000000e+04    1.9353407035e-01
    9.8600000000e+04    1.8157150986e-01
    9.8700000000e+04    2.1035407508e-01
    9.8800000000e+04    1.7582760144e-01
    9.8900000000e+04    1.9195912698e-01
    9.9000000000e+04    1.8283983561e-01
    9.9100000000e+04    2.3605232034e-01
    9.9200000000e+04    2.0550489614e-01
    9.9300000000e+04    2.1918816229e-01
    9.9400000000e+04    1.8823345021e-01
    9.9500000000e+04    1.9708573642e-01
    9.9600000000e+04    1.5963907483e-01
    9.9700000000e+04    1.7060488649e-01
    9.9800000000e+04    1.8354424872e-01
    9.9900000000e+04    2.1949178044e-01
    1.0000000000e+05    1.8853644327e-01
    1.0010000000e+05    1.3583690039e-01
    1.0020000000e+05    1.8142590060e-01
    1.0030000000e+05    1.9054405476e-01
    1.0040000000e+05    1.4439181060e-01
    1.0050000000e+05    1.5336200133e-01
    1.0060000000e+05    1.7551579293e-01
    1.0070000000e+05    2.1770014498e-01
    1.0080000000e+05    2.3205567208e-01
    1.0090000000e+05    2.2655534524e-01
    1.0100000000e+05    1.9546767430e-01
    1.0110000000e+05    1.7254067254e-01
    1.0120000000e+05    1.6358504122e-01
    1.0130000000e+05    1.8900496911e-01
    1.0140000000e+05    1.8725341873e-01
    1.0150000000e+05    2.1228333136e-01
    1.0160000000e+05    1.8226286751e-01
    1.0170000000e+05    2.0815394181e-01
    1.0180000000e+05    2.0035502880e-01
    1.0190000000e+05    1.8664671597e-01
    1.0200000000e+05    3.2591258338e-01
    1.0210000000e+05    2.3269126897e-01
    1.0220000000e+05    1.7356528571e-01
    1.0230000000e+05    2.3481854671e-01
    1.0240000000e+05    2.0000294976e-01
    1.0250000000e+05    2.7662572480e-01
    1.0260000000e+05    2.2625289749e-01
    1.0270000000e+05    2.2440192703e-01
    1.0280000000e+05    2.7505843207e-01
    1.0290000000e+05    2.1213232345e-01
    1.0300000000e+05    2.6259052034e-01
    1.0310000000e+05    2.4609889276e-01
    1.0320000000e+05    2.4690448045e-01
    1.0330000000e+05    3.0470215218e-01
    1.0340000000e+05    2.0822072107e-01
    1.0350000000e+05    1.5813918018e-01
    1.0360000000e+05    2.4520588925e-01
    1.0370000000e+05    2.2084165719e-01
    1.0380000000e+05    1.9402058980e-01
    1.0390000000e+05    2.1765092291e-01
    1.0400000000e+05    2.3371232929e-01
    1.0410000000e+05    2.7478395612e-01
    1.0420000000e+05    2.8662112350e-01
    1.0430000000e+05    2.1653638984e-01
    1.0440000000e+05    3.1397248972e-01
    1.0450000000e+05    1.6770016561e-01
    1.0460000000e+05    1.6999212764e-01
    1.0470000000e+05    1.7463342171e-01
    1.0480000000e+05    1.7279523107e-01
    1.0490000000e+05    1.4049958057e-01
    1.0500000000e+05    1.5051380155e-01
    1.0510000000e+05    1.7362014020e-01
    1.0520000000e+05    1.8955378003e-01
    1.0530000000e+05    2.5546235502e-01
    1.0540000000e+05    2.5337257452e-01
    1.0550000000e+05    1.9736572575e-01
    1.0560000000e+05    2.1561503214e-01
    1.0570000000e+05    2.1251705391e-01
    1.0580000000e+05    2.8476397034e-01
    1.0590000000e+05    1.5752454099e-01
    1.0600000000e+05    1.6427599734e-01
    1.0610000000e+05    2.2558829229e-01
    1.0620000000e+05    2.9427401042e-01
    1.0630000000e+05    2.0362994215e-01
    1.0640000000e+05    2.3870714437e-01
    1.0650000000e+05    1.8162889067e-01
    1.0660000000e+05    2.2445924490e-01
    1.0670000000e+05    1.7851770774e-01
    1.0680000000e+05    2.4582877795e-01
    1.0690000000e+05    2.1445008325e-01
    1.0700000000e+05    2.1330346678e-01
    1.0710000000e+05    2.0922307507e-01
    1.0720000000e+05    2.0683491002e-01
    1.0730000000e+05    1.8515753433e-01
    1.0740000000e+05    2.0340518011e-01
    1.0750000000e+05    1.8392119973e-01
    1.0760000000e+05    1.9846206057e-01
    1.0770000000e+05    1.7507311624e-01
    1.0780000000e+05    2.1527107996e-01
    1.0790000000e+05    2.7145121932e-01
    1.0800000000e+05    2.1840521045e-01
    1.0810000000e+05    2.4195484899e-01
    1.0820000000e+05    2.5659150814e-01
    1.0830000000e+05    1.9814261991e-01
    1.0840000000e+05    2.1687218167e-01
    1.0850000000e+05    2.2181641703e-01
    1.0860000000e+05    2.3039909915e-01
    1.0870000000e+05    2.5012711840e-01
    1.0880000000e+05    2.4517709171e-01
    1.0890000000e+05    2.4023944967e-01
    1.0900000000e+05    2.1372366616e-01
    1.0910000000e+05    2.1230234035e-01
    1.0920000000e+05    2.3636607256e-01
    1.0930000000e+05    2.5217538461e-01
    1.0940000000e+05    2.8734762769e-01
    1.0950000000e+05    2.7852269417e-01
    1.0960000000e+05    2.5348801872e-01
    1.0970000000e+05    2.5213755109e-01
    1.0980000000e+05    1.8721601349e-01
    1.0990000000e+05    2.0356591081e-01
    1.1000000000e+05    2.1543480522e-01
    1.1010000000e+05    2.1501401651e-01
    1.1020000000e+05    2.9813439471e-01
    1.1030000000e+05    2.2771339708e-01
    1.1040000000e+05    2.9277360832e-01
    1.1050000000e+05    2.4150345004e-01
    1.1060000000e+05    3.1537944712e-01
    1.1070000000e+05    2.5083089979e-01
    1.1080000000e+05    2.1376017002e-01
    1.1090000000e+05    2.3734407930e-01
    1.1100000000e+05    1.9217329102e-01
    1.1110000000e+05    1.7576097997e-01
    1.1120000000e+05    2.1016025212e-01
    1.1130000000e+05    1.9433997798e-01
    1.1140000000e+05    2.3274744121e-01
    1.1150000000e+05    2.1844231906e-01
    1.1160000000e+05    2.7358664786e-01
    1.1170000000e+05    1.8183990977e-01
    1.1180000000e+05    1.8390021438e-01
    1.1190000000e+05    1.6768568362e-01
    1.1200000000e+05    1.7702362544e-01
    1.1210000000e+05    1.8484547812e-01
    1.1220000000e+05    1.9248183371e-01
    1.1230000000e+05    2.0310327551e-01
    1.1240000000e+05    1.9379443817e-01
    1.1250000000e+05    1.9340646460e-01
    1.1260000000e+05    1.8693866199e-01
    1.1270000000e+05    1.7221929915e-01
    1.1280000000e+05    2.4850449636e-01
    1.1290000000e+05    2.3614938250e-01
    1.1300000000e+05    2.4852002873e-01
    1.1310000000e+05    2.2069752784e-01
    1.1320000000e+05    1.6809162231e-01
    1.1330000000e+05    2.1411706333e-01
    1.1340000000e+05    2.2287151870e-01
    1.1350000000e+05    1.9644148090e-01
    1.1360000000e+05    1.5533195352e-01
    1.1370000000e+05    1.6527944948e-01
    1.1380000000e+05    2.0894714533e-01
    1.1390000000e+05    2.0336138388e-01
    1.1400000000e+05    2.1139651636e-01
    1.1410000000e+05    1.9521309960e-01
    1.1420000000e+05    1.8295345319e-01
    1.1430000000e+05    2.5603983400e-01
    1.1440000000e+05    1.9171243152e-01
    1.1450000000e+05    2.0074943736e-01
    1.1460000000e+05    1.6974768394e-01
    1.1470000000e+05    1.8797567399e-01
    1.1480000000e+05    1.9605582812e-01
    1.1490000000e+05    1.9488594532e-01
    1.1500000000e+05    1.8155278813e-01
    1.1510000000e+05    2.5343390452e-01
    1.1520000000e+05    2.2285513776e-01
    1.1530000000e+05    2.0902326041e-01
    1.1540000000e+05    2.2633679109e-01
    1.1550000000e+05    2.2908653332e-01
    1.1560000000e+05    1.9106817771e-01
    1.1570000000e+05    2.1093657493e-01
    1.1580000000e+05    2.6994116229e-01
    1.1590000000e+05    2.0026440279e-01
    1.1600000000e+05    2.1763445164e-01
    1.1610000000e+05    2.2571119321e-01
    1.1620000000e+05    2.5309652020e-01
    1.1630000000e+05    2.6904520261e-01
    1.1640000000e+05    1.9507609942e-01
    1.1650000000e+05    2.7795945824e-01
    1.1660000000e+05    2.3041396451e-01
    1.1670000000e+05    2.2232881536e-01
    1.1680000000e+05    2.1712319287e-01
    1.1690000000e+05    2.1740596002e-01
    1.1700000000e+05    2.2140587908e-01
    1.1710000000e+05    1.9985907490e-01
    1.1720000000e+05    2.2524988509e-01
    1.1730000000e+05    2.5214393542e-01
    1.1740000000e+05    1.9161989209e-01
    1.1750000000e+05    2.1389438300e-01
    1.1760000000e+05    2.5127287114e-01
    1.1770000000e+05    2.0009071009e-01
    1.1780000000e+05    2.1353884435e-01
    1.1790000000e+05    2.3526501852e-01
    1.1800000000e+05    4.3619707262e-01
    1.1810000000e+05    2.0350704431e-01
    1.1820000000e+05    2.1583585572e-01
    1.1830000000e+05    2.6334204128e-01
    1.1840000000e+05    2.1907758081e-01
    1.1850000000e+05    2.0571681435e-01
    1.1860000000e+05    2.1753513984e-01
    1.1870000000e+05    1.6563304778e-01
    1.1880000000e+05    2.2283217499e-01
    1.1890000000e+05    1.6047292356e-01
    1.1900000000e+05    1.6692261117e-01
    1.1910000000e+05    1.9465922589e-01
    1.1920000000e+05    1.8697131225e-01
    1.1930000000e+05    2.4576734244e-01
    1.1940000000e+05    2.0331822880e-01
    1.1950000000e+05    2.0637344097e-01
    1.1960000000e+05    2.1514290550e-01
    1.1970000000e+05    2.3232626795e-01
    1.1980000000e+05    2.3479712670e-01
    1.1990000000e+05    1.9711525665e-01
    1.2000000000e+05    1.9578620558e-01
    1.2010000000e+05    2.0542231897e-01
    1.2020000000e+05    2.4930626796e-01
    1.2030000000e+05    1.7553294639e-01
    1.2040000000e+05    1.8896832442e-01
    1.2050000000e+05    2.1643118846e-01
    1.2060000000e+05    2.0403987893e-01
    1.2070000000e+05    1.8907423695e-01
    1.2080000000e+05    2.6785326831e-01
    1.2090000000e+05    2.1853471258e-01
    1.2100000000e+05    2.3555996266e-01
    1.2110000000e+05    2.2362310312e-01
    1.2120000000e+05    1.9070429526e-01
    1.2130000000e+05    1.8881423822e-01
    1.2140000000e+05    2.5056235420e-01
    1.2150000000e+05    2.0624678370e-01
    1.2160000000e+05    1.8697642593e-01
    1.2170000000e+05    2.3393371200e-01
    1.2180000000e+05    2.3195084489e-01
    1.2190000000e+05    1.8191948900e-01
    1.2200000000e+05    1.7093599890e-01
    1.2210000000e+05    1.4996910533e-01
    1.2220000000e+05    1.9550442546e-01
    1.2230000000e+05    1.5245487399e-01
    1.2240000000e+05    1.3397231656e-01
    1.2250000000e+05    1.9819566697e-01
    1.2260000000e+05    1.9371295215e-01
    1.2270000000e+05    1.8893052091e-01
    1.2280000000e+05    1.9295468312e-01
    1.2290000000e+05    2.3918859993e-01
    1.2300000000e+05    2.5487980030e-01
    1.2310000000e+05    2.2788922205e-01
    1.2320000000e+05    2.3488813519e-01
    1.2330000000e+05    1.9795047106e-01
    1.2340000000e+05    1.6347259386e-01
    1.2350000000e+05    1.8828034626e-01
    1.2360000000e+05    2.4285109892e-01
    1.2370000000e+05    2.5457263599e-01
    1.2380000000e+05    2.2189245792e-01
    1.2390000000e+05    1.9104548479e-01
    1.2400000000e+05    1.6003400177e-01
    1.2410000000e+05    1.4704936966e-01
    1.2420000000e+05    1.5747336030e-01
    1.2430000000e+05    1.6496614238e-01
    1.2440000000e+05    1.7711279632e-01
    1.2450000000e+05    1.9434652550e-01
    1.2460000000e+05    1.7003049070e-01
    1.2470000000e+05    1.5783002085e-01
    1.2480000000e+05    1.8799747962e-01
    1.2490000000e+05    2.2284161541e-01
    1.2500000000e+05    1.8866133502e-01
    1.2510000000e+05    1.7962609187e-01
    1.2520000000e+05    1.7854478243e-01
    1.2530000000e+05    1.9263736089e-01
    1.2540000000e+05    1.8364354172e-01
    1.2550000000e+05    1.6483746018e-01
    1.2560000000e+05    1.7415173491e-01
    1.2570000000e+05    1.7516683296e-01
    1.2580000000e+05    2.2301582061e-01
    1.2590000000e+05    1.6770446689e-01
    1.2600000000e+05    1.4582096484e-01
    1.2610000000e+05    1.6292476487e-01
    1.2620000000e+05    1.5860306700e-01
    1.2630000000e+05    2.1081395568e-01
    1.2640000000e+05    2.2546237496e-01
    1.2650000000e+05    2.2152346507e-01
    1.2660000000e+05    1.9849130501e-01
    1.2670000000e+05    2.0248464909e-01
    1.2680000000e+05    1.7728628837e-01
    1.2690000000e+05    2.1358893162e-01
    1.2700000000e+05    1.7095848883e-01
    1.2710000000e+05    1.4603283486e-01
    1.2720000000e+05    1.9475129853e-01
    1.2730000000e+05    1.5428739223e-01
    1.2740000000e+05    2.1933719303e-01
    1.2750000000e+05    1.9018773370e-01
    1.2760000000e+05    2.1555598189e-01
    1.2770000000e+05    1.9442063517e-01
    1.2780000000e+05    1.7511848864e-01
    1.2790000000e+05    2.3661677094e-01
    1.2800000000e+05    1.9196102460e-01
    1.2810000000e+05    1.8666374695e-01
    1.2820000000e+05    2.0212324589e-01
    1.2830000000e+05    2.3055962452e-01
    1.2840000000e+05    2.4900807000e-01
    1.2850000000e+05    2.2076672385e-01
    1.2860000000e+05    2.1902316418e-01
    1.2870000000e+05    2.2929205606e-01
    1.2880000000e+05    2.0037603131e-01
    1.2890000000e+05    2.0051520575e-01
    1.2900000000e+05    1.9683508647e-01
    1.2910000000e+05    2.1967433849e-01
    1.2920000000e+05    1.9424732270e-01
    1.2930000000e+05    1.7407156765e-01
    1.2940000000e+05    2.1262250808e-01
    1.2950000000e+05    2.5811013694e-01
    1.2960000000e+05    1.6981615118e-01
    1.2970000000e+05    1.9299554270e-01
    1.2980000000e+05    1.9138320817e-01
    1.2990000000e+05    1.8569056153e-01
    1.3000000000e+05    1.9065892937e-01
    1.3010000000e+05    2.2480357320e-01
    1.3020000000e+05    1.8627749990e-01
    1.3030000000e+05    1.5980535219e-01
    1.3040000000e+05    1.8670073079e-01
    1.3050000000e+05    1.7408572428e-01
    1.3060000000e+05    1.7645280120e-01
    1.3070000000e+05    1.7604559026e-01
    1.3080000000e+05    1.5524981719e-01
    1.3090000000e+05    2.2320132373e-01
    1.3100000000e+05    2.4510738437e-01
    1.3110000000e+05    2.0863717377e-01
    1.3120000000e+05    1.8067747998e-01
    1.3130000000e+05    1.8499764182e-01
    1.3140000000e+05    1.7698809137e-01
    1.3150000000e+05    1.6178894413e-01
    1.3160000000e+05    1.3527783603e-01
    1.3170000000e+05    1.1540020679e-01
    1.3180000000e+05    2.1670132104e-01
    1.3190000000e+05    1.3832649205e-01
    1.3200000000e+05    1.8558839031e-01
    1.3210000000e+05    1.3324317878e-01
    1.3220000000e+05    1.4155107174e-01
    1.3230000000e+05    1.6809680229e-01
    1.3240000000e+05    1.6716414300e-01
    1.3250000000e+05    1.5497444663e-01
    1.3260000000e+05    1.6845149346e-01
    1.3270000000e+05    1.5522220395e-01
    1.3280000000e+05    1.3368502688e-01
    1.3290000000e+05    1.7854229745e-01
    1.3300000000e+05    1.2343278426e-01
    1.3310000000e+05    1.5477672155e-01
    1.3320000000e+05    1.9739718362e-01
    1.3330000000e+05    1.6025757609e-01
    1.3340000000e+05    1.9547368241e-01
    1.3350000000e+05    1.6115673495e-01
    1.3360000000e+05    1.5065676820e-01
    1.3370000000e+05    1.4952338613e-01
    1.3380000000e+05    1.4121907478e-01
    1.3390000000e+05    1.5205016410e-01
    1.3400000000e+05    1.2966899830e-01
    1.3410000000e+05    1.6651032065e-01
    1.3420000000e+05    1.5736358593e-01
    1.3430000000e+05    2.2585310323e-01
    1.3440000000e+05    1.8041223739e-01
    1.3450000000e+05    1.9415129575e-01
    1.3460000000e+05    1.8527076791e-01
    1.3470000000e+05    1.3635477511e-01
    1.3480000000e+05    1.1074595359e-01
    1.3490000000e+05    1.3786297824e-01
    1.3500000000e+05    1.2401222384e-01
    1.3510000000e+05    1.5890074776e-01
    1.3520000000e+05    1.2736106073e-01
    1.3530000000e+05    1.5953408046e-01
    1.3540000000e+05    1.4590519478e-01
    1.3550000000e+05    1.3661638656e-01
    1.3560000000e+05    1.5499316323e-01
    1.3570000000e+05    2.0413260714e-01
    1.3580000000e+05    1.9652587512e-01
    1.3590000000e+05    1.8660581202e-01
    1.3600000000e+05    1.5391126599e-01
    1.3610000000e+05    1.6057539887e-01
    1.3620000000e+05    1.5472451425e-01
    1.3630000000e+05    1.3615790361e-01
    1.3640000000e+05    1.6391446492e-01
    1.3650000000e+05    1.5228385863e-01
    1.3660000000e+05    1.8164528236e-01
    1.3670000000e+05    1.4629032869e-01
    1.3680000000e+05    1.8365620808e-01
    1.3690000000e+05    2.5198746761e-01
    1.3700000000e+05    2.1706631969e-01
    1.3710000000e+05    1.6056599747e-01
    1.3720000000e+05    1.8517395970e-01
    1.3730000000e+05    1.9152713102e-01
    1.3740000000e+05    1.6380568760e-01
    1.3750000000e+05    1.7461152131e-01
    1.3760000000e+05    1.4427816098e-01
    1.3770000000e+05    1.2849472635e-01
    1.3780000000e+05    1.7377271271e-01
    1.3790000000e+05    2.3643873585e-01
    1.3800000000e+05    2.2672241659e-01
    1.3810000000e+05    1.8470730355e-01
    1.3820000000e+05    2.1685158499e-01
    1.3830000000e+05    1.8743667571e-01
    1.3840000000e+05    1.2956129557e-01
    1.3850000000e+05    1.7484695833e-01
    1.3860000000e+05    1.3997531172e-01
    1.3870000000e+05    1.8282133317e-01
    1.3880000000e+05    1.2110334834e-01
    1.3890000000e+05    2.0898252235e-01
    1.3900000000e+05    1.6784803567e-01
    1.3910000000e+05    1.8083027871e-01
    1.3920000000e+05    1.8097375602e-01
    1.3930000000e+05    1.6866240158e-01
    1.3940000000e+05    1.2277855643e-01
    1.3950000000e+05    1.5170240120e-01
    1.3960000000e+05    1.2381518480e-01
    1.3970000000e+05    1.4941317569e-01
    1.3980000000e+05    1.1172996835e-01
    1.3990000000e+05    1.8258816375e-01
    1.4000000000e+05    1.4886892267e-01
    1.4010000000e+05    1.4313215585e-01
    1.4020000000e+05    1.4725909467e-01
    1.4030000000e+05    1.4632523351e-01
    1.4040000000e+05    1.1205808045e-01
    1.4050000000e+05    1.1250383307e-01
    1.4060000000e+05    1.4406373656e-01
    1.4070000000e+05    1.3099588662e-01
    1.4080000000e+05    1.7096354270e-01
    1.4090000000e+05    1.2962860588e-01
    1.4100000000e+05    2.1197780897e-01
    1.4110000000e+05    1.5310218729e-01
    1.4120000000e+05    1.4640587645e-01
    1.4130000000e+05    1.3913136960e-01
    1.4140000000e+05    1.5027750483e-01
    1.4150000000e+05    1.2674876822e-01
    1.4160000000e+05    1.5473262906e-01
    1.4170000000e+05    1.3418397713e-01
    1.4180000000e+05    1.4750575770e-01
    1.4190000000e+05    1.8415817108e-01
    1.4200000000e+05    1.5479591014e-01
    1.4210000000e+05    2.0655580038e-01
    1.4220000000e+05    1.5345000332e-01
    1.4230000000e+05    1.5090308654e-01
    1.4240000000e+05    1.5919521583e-01
    1.4250000000e+05    1.8981077961e-01
    1.4260000000e+05    1.5294414631e-01
    1.4270000000e+05    1.5326632815e-01
    1.4280000000e+05    1.6927887182e-01
    1.4290000000e+05    1.3223035605e-01
    1.4300000000e+05    1.6049094558e-01
    1.4310000000e+05    1.7841202165e-01
    1.4320000000e+05    1.7921523938e-01
    1.4330000000e+05    1.6149950167e-01
    1.4340000000e+05    1.6174868089e-01
    1.4350000000e+05    1.6933448237e-01
    1.4360000000e+05    1.8021296479e-01
    1.4370000000e+05    1.8304402355e-01
    1.4380000000e+05    1.4862110004e-01
    1.4390000000e+05    1.3556709403e-01
    1.4400000000e+05    1.5021331136e-01
    1.4410000000e+05    1.2457257441e-01
    1.4420000000e+05    1.4556938484e-01
    1.4430000000e+05    1.4116834450e-01
    1.4440000000e+05    2.1865054632e-01
    1.4450000000e+05    1.8345642411e-01
    1.4460000000e+05    1.8482166519e-01
    1.4470000000e+05    1.3767644064e-01
    1.4480000000e+05    1.4337371661e-01
    1.4490000000e+05    1.4089850026e-01
    1.4500000000e+05    1.7513729901e-01
    1.4510000000e+05    1.9145919678e-01
    1.4520000000e+05    2.3707823612e-01
    1.4530000000e+05    2.5107947300e-01
    1.4540000000e+05    1.9139309305e-01
    1.4550000000e+05    2.0516546836e-01
    1.4560000000e+05    1.6377931947e-01
    1.4570000000e+05    1.5999793190e-01
    1.4580000000e+05    1.7605140109e-01
    1.4590000000e+05    1.7962383018e-01
    1.4600000000e+05    2.2482136945e-01
    1.4610000000e+05    1.7751363240e-01
    1.4620000000e+05    1.9530951824e-01
    1.4630000000e+05    1.9434327497e-01
    1.4640000000e+05    2.0529649272e-01
    1.4650000000e+05    1.8106683242e-01
    1.4660000000e+05    1.3332534951e-01
    1.4670000000e+05    2.1651212451e-01
    1.4680000000e+05    2.0783392981e-01
    1.4690000000e+05    1.7636410217e-01
    1.4700000000e+05    1.4318290341e-01
    1.4710000000e+05    1.4953201586e-01
    1.4720000000e+05    1.8010996870e-01
    1.4730000000e+05    1.7318773274e-01
    1.4740000000e+05    2.3597660192e-01
    1.4750000000e+05    1.6982697659e-01
    1.4760000000e+05    2.3105255027e-01
    1.4770000000e+05    1.5921481842e-01
    1.4780000000e+05    2.2133321528e-01
    1.4790000000e+05    1.9761645188e-01
    1.4800000000e+05    1.6779197679e-01
    1.4810000000e+05    1.3663634394e-01
    1.4820000000e+05    1.6277996064e-01
    1.4830000000e+05    6.2599048532e-01
    1.4840000000e+05    1.4702840189e+00
    1.4850000000e+05    1.7468097874e+00
    1.4860000000e+05    8.9964529593e-01
    1.4870000000e+05    1.6092858146e+00
    1.4880000000e+05    1.3274679956e+00
    1.4890000000e+05    1.7508637094e+00
    1.4900000000e+05    1.2663001761e+00
    1.4910000000e+05    1.7312828947e+00
    1.4920000000e+05    1.2903950561e+00
    1.4930000000e+05    1.5808571183e+00
    1.4940000000e+05    1.0852016860e+00
    1.4950000000e+05    1.3920851726e+00
    1.4960000000e+05    1.6356343440e+00
    1.4970000000e+05    1.7134414059e+00
    1.4980000000e+05    1.5211919742e+00
    1.4990000000e+05    1.4058229911e+00
    1.5000000000e+05    1.2356830935e+00
    1.5010000000e+05    1.3424198684e+00
    1.5020000000e+05    1.6205546837e+00
    1.5030000000e+05    1.3331058617e+00
    1.5040000000e+05    1.7252775853e+00
    1.5050000000e+05    1.9708749883e+00
    1.5060000000e+05    1.7480524186e+00
    1.5070000000e+05    1.4138389791e+00
    1.5080000000e+05    1.3822690981e+00
    1.5090000000e+05    1.2563066637e+00
    1.5100000000e+05    1.1834749009e+00
    1.5110000000e+05    1.2557095836e+00
    1.5120000000e+05    1.3949319560e+00
    1.5130000000e+05    1.2287794201e+00
    1.5140000000e+05    1.3659695676e+00
    1.5150000000e+05    1.3130981266e+00
    1.5160000000e+05    1.4538160821e+00
    1.5170000000e+05    1.4006732832e+00
    1.5180000000e+05    1.4233868812e+00
    1.5190000000e+05    1.3063462373e+00
    1.5200000000e+05    1.4626987645e+00
    1.5210000000e+05    1.6303542483e+00
    1.5220000000e+05    1.4540820141e+00
    1.5230000000e+05    1.5171011682e+00
    1.5240000000e+05    1.3732911280e+00
    1.5250000000e+05    1.5320042297e+00
    1.5260000000e+05    1.2713114334e+00
    1.5270000000e+05    1.5406127722e+00
    1.5280000000e+05    1.2896380928e+00
    1.5290000000e+05    1.3357683016e+00
    1.5300000000e+05    1.2414845582e+00
    1.5310000000e+05    1.2085718122e+00
    1.5320000000e+05    1.4117157421e+00
    1.5330000000e+05    1.4451729940e+00
    1.5340000000e+05    1.6115337965e+00
    1.5350000000e+05    1.6610681388e+00
    1.5360000000e+05    1.0606498305e+00
    1.5370000000e+05    1.8121745808e+00
    1.5380000000e+05    1.7493647179e+00
    1.5390000000e+05    1.3251727888e+00
    1.5400000000e+05    1.4336836278e+00
    1.5410000000e+05    1.6286827048e+00
    1.5420000000e+05    1.0599716409e+00
    1.5430000000e+05    1.3951857205e+00
    1.5440000000e+05    1.2187560127e+00
    1.5450000000e+05    1.4163208300e+00
    1.5460000000e+05    1.6340328694e+00
    1.5470000000e+05    1.5245640212e+00
    1.5480000000e+05    1.6297576751e+00
    1.5490000000e+05    1.4209297883e+00
    1.5500000000e+05    1.4494298520e+00
    1.5510000000e+05    1.4774301168e+00
    1.5520000000e+05    1.3599579835e+00
    1.5530000000e+05    1.3840607149e+00
    1.5540000000e+05    1.5858932750e+00
    1.5550000000e+05    1.5833851088e+00
    1.5560000000e+05    1.3637872957e+00
    1.5570000000e+05    1.7700395161e+00
    1.5580000000e+05    1.6399028111e+00
    1.5590000000e+05    1.4006958329e+00
    1.5600000000e+05    1.2834269903e+00
    1.5610000000e+05    1.2379728382e+00
    1.5620000000e+05    1.3965123732e+00
    1.5630000000e+05    1.2870705149e+00
    1.5640000000e+05    1.6669899754e+00
    1.5650000000e+05    1.2864562003e+00
    1.5660000000e+05    1.4072073237e+00
    1.5670000000e+05    1.3268156466e+00
    1.5680000000e+05    1.4426936944e+00
    1.5690000000e+05    1.8705381042e+00
    1.5700000000e+05    1.3929834147e+00
    1.5710000000e+05    1.6615884808e+00
    1.5720000000e+05    1.8568308198e+00
    1.5730000000e+05    1.5997640312e+00
    1.5740000000e+05    2.2328201302e+00
    1.5750000000e+05    1.6193192150e+00
    1.5760000000e+05    1.2372141597e+00
    1.5770000000e+05    1.1606061009e+00
    1.5780000000e+05    1.3650753030e+00
    1.5790000000e+05    1.4685548892e+00
    1.5800000000e+05    1.5487142134e+00
    1.5810000000e+05    1.6703224501e+00
    1.5820000000e+05    1.4704137006e+00
    1.5830000000e+05    1.5057791856e+00
    1.5840000000e+05    1.6660112848e+00
    1.5850000000e+05    1.2739895319e+00
    1.5860000000e+05    1.5925734271e+00
    1.5870000000e+05    1.5770545895e+00
    1.5880000000e+05    1.5815991257e+00
    1.5890000000e+05    1.4978016066e+00
    1.5900000000e+05    1.3843388034e+00
    1.5910000000e+05    1.5557279241e+00
    1.5920000000e+05    1.6466572061e+00
    1.5930000000e+05    1.6323180209e+00
    1.5940000000e+05    1.2114696110e+00
    1.5950000000e+05    1.3862302469e+00
    1.5960000000e+05    1.3624491232e+00
    1.5970000000e+05    1.5105743053e+00
    1.5980000000e+05    1.4260326911e+00
    1.5990000000e+05    1.6308800383e+00
    1.6000000000e+05    1.4038931554e+00
    1.6010000000e+05    1.3707675840e+00
    1.6020000000e+05    1.1344520007e+00
    1.6030000000e+05    1.3720830508e+00
    1.6040000000e+05    1.5952402940e+00
    1.6050000000e+05    1.2287020600e+00
    1.6060000000e+05    1.3514798660e+00
    1.6070000000e+05    1.2293783044e+00
    1.6080000000e+05    1.3514838309e+00
    1.6090000000e+05    1.4879634750e+00
    1.6100000000e+05    1.6051621362e+00
    1.6110000000e+05    1.7125635412e+00
    1.6120000000e+05    1.5056671985e+00
    1.6130000000e+05    1.4103632601e+00
    1.6140000000e+05    1.3246537261e+00
    1.6150000000e+05    1.4115305729e+00
    1.6160000000e+05    1.5452182452e+00
    1.6170000000e+05    1.3976403168e+00
    1.6180000000e+05    1.4601630876e+00
    1.6190000000e+05    1.6332936276e+00
    1.6200000000e+05    1.5722592322e+00
    1.6210000000e+05    1.7218382032e+00
    1.6220000000e+05    1.3408442154e+00
    1.6230000000e+05    1.3777538045e+00
    1.6240000000e+05    1.7505218281e+00
    1.6250000000e+05    1.3033827349e+00
    1.6260000000e+05    1.4527418463e+00
    1.6270000000e+05    1.4719720116e+00
    1.6280000000e+05    1.4427688678e+00
    1.6290000000e+05    1.7857092020e+00
    1.6300000000e+05    1.3218782707e+00
    1.6310000000e+05    1.4173685597e+00
    1.6320000000e+05    1.2173769630e+00
    1.6330000000e+05    1.4476230480e+00
    1.6340000000e+05    1.4328143477e+00
    1.6350000000e+05    1.4851597956e+00
    1.6360000000e+05    1.2963895073e+00
    1.6370000000e+05    1.6117216362e+00
    1.6380000000e+05    1.5167424222e+00
    1.6390000000e+05    1.4601787631e+00
    1.6400000000e+05    1.1738944592e+00
    1.6410000000e+05    1.7783702138e+00
    1.6420000000e+05    1.5006699863e+00
    1.6430000000e+05    1.8005226982e+00
    1.6440000000e+05    1.3720632872e+00
    1.6450000000e+05    1.2500925678e+00
    1.6460000000e+05    1.2620490199e+00
    1.6470000000e+05    1.1416649054e+00
    1.6480000000e+05    1.5692800166e+00
    1.6490000000e+05    1.5521925377e+00
    1.6500000000e+05    1.6393941585e+00
    1.6510000000e+05    1.5513360411e+00
    1.6520000000e+05    1.8530728672e+00
    1.6530000000e+05    1.4170575105e+00
    1.6540000000e+05    1.3579688731e+00
    1.6550000000e+05    1.4462099056e+00
    1.6560000000e+05    1.1808136649e+00
    1.6570000000e+05    1.4788218060e+00
    1.6580000000e+05    1.6294876963e+00
    1.6590000000e+05    1.6077337661e+00
    1.6600000000e+05    1.5463140744e+00
    1.6610000000e+05    1.1867094126e+00
    1.6620000000e+05    1.2987835076e+00
    1.6630000000e+05    1.3803611356e+00
    1.6640000000e+05    1.2498347320e+00
    1.6650000000e+05    1.2586566309e+00
    1.6660000000e+05    1.5515473734e+00
    1.6670000000e+05    1.6579728570e+00
    1.6680000000e+05    1.7251147353e+00
    1.6690000000e+05    1.6020859471e+00
    1.6700000000e+05    1.5241345523e+00
    1.6710000000e+05    1.3385027338e+00
    1.6720000000e+05    1.4460390000e+00
    1.6730000000e+05    1.3760589767e+00
    1.6740000000e+05    1.2522357743e+00
    1.6750000000e+05    1.7033565275e+00
    1.6760000000e+05    1.3656823186e+00
    1.6770000000e+05    1.5735855319e+00
    1.6780000000e+05    1.9404428511e+00
    1.6790000000e+05    1.6739425270e+00
    1.6800000000e+05    1.3336853557e+00
    1.6810000000e+05    1.6027298497e+00
    1.6820000000e+05    1.3505624797e+00
    1.6830000000e+05    1.6868372886e+00
    1.6840000000e+05    1.5861738192e+00
    1.6850000000e+05    1.4492966933e+00
    1.6860000000e+05    1.2085718105e+00
    1.6870000000e+05    1.3757608735e+00
    1.6880000000e+05    1.3808227650e+00
    1.6890000000e+05    1.4402685450e+00
    1.6900000000e+05    1.4534317193e+00
    1.6910000000e+05    1.8168921633e+00
    1.6920000000e+05    1.5177590417e+00
    1.6930000000e+05    1.5661253048e+00
    1.6940000000e+05    1.4528760857e+00
    1.6950000000e+05    1.5841409440e+00
    1.6960000000e+05    1.4714011771e+00
    1.6970000000e+05    1.7865061677e+00
    1.6980000000e+05    1.2732891580e+00
    1.6990000000e+05    1.3172362047e+00
    1.7000000000e+05    1.3741072940e+00
    1.7010000000e+05    1.5825737935e+00
    1.7020000000e+05    1.5848598236e+00
    1.7030000000e+05    1.6730946657e+00
    1.7040000000e+05    1.4991702352e+00
    1.7050000000e+05    1.5746162990e+00
    1.7060000000e+05    1.4649623429e+00
    1.7070000000e+05    1.6784191832e+00
    1.7080000000e+05    1.4894650580e+00
    1.7090000000e+05    1.3851049275e+00
    1.7100000000e+05    1.2688812930e+00
    1.7110000000e+05    1.2985285506e+00
    1.7120000000e+05    1.2649765033e+00
    1.7130000000e+05    1.5950729720e+00
    1.7140000000e+05    1.4992642448e+00
    1.7150000000e+05    1.4138307953e+00
    1.7160000000e+05    1.6874429671e+00
    1.7170000000e+05    1.4168355208e+00
    1.7180000000e+05    1.2411273911e+00
    1.7190000000e+05    1.4597113569e+00
    1.7200000000e+05    1.6510652342e+00
    1.7210000000e+05    1.4337489151e+00
    1.7220000000e+05    1.4102844996e+00
    1.7230000000e+05    1.4333076413e+00
    1.7240000000e+05    1.3090019458e+00
    1.7250000000e+05    1.4781256987e+00
    1.7260000000e+05    1.5892828270e+00
    1.7270000000e+05    1.3714197645e+00
    1.7280000000e+05    1.5232790896e+00
    1.7290000000e+05    1.6820069534e+00
    1.7300000000e+05    1.4443907811e+00
    1.7310000000e+05    1.3350516657e+00
    1.7320000000e+05    1.1524988044e+00
    1.7330000000e+05    1.4238006635e+00
    1.7340000000e+05    1.4283602020e+00
    1.7350000000e+05    1.5402421345e+00
    1.7360000000e+05    1.4759649745e+00
    1.7370000000e+05    1.6062037693e+00
    1.7380000000e+05    1.1218105107e+00
    1.7390000000e+05    1.3366850967e+00
    1.7400000000e+05    1.5619044482e+00
    1.7410000000e+05    1.3403621098e+00
    1.7420000000e+05    1.6935658221e+00
    1.7430000000e+05    1.6075261087e+00
    1.7440000000e+05    1.3478166818e+00
    1.7450000000e+05    1.3053846803e+00
    1.7460000000e+05    1.6926472054e+00
    1.7470000000e+05    1.4799952840e+00
    1.7480000000e+05    1.3448810280e+00
    1.7490000000e+05    1.3466348574e+00
    1.7500000000e+05    1.5294662887e+00
    1.7510000000e+05    1.1632833835e+00
    1.7520000000e+05    1.4879273604e+00
    1.7530000000e+05    1.4853320870e+00
    1.7540000000e+05    1.7640702496e+00
    1.7550000000e+05    1.2906983779e+00
    1.7560000000e+05    1.3420349212e+00
    1.7570000000e+05    1.3744554420e+00
    1.7580000000e+05    1.9047845537e+00
    1.7590000000e+05    1.2561866058e+00
    1.7600000000e+05    1.3565570191e+00
    1.7610000000e+05    1.5287512203e+00
    1.7620000000e+05    1.5648766657e+00
    1.7630000000e+05    1.7368607130e+00
    1.7640000000e+05    1.5731282191e+00
    1.7650000000e+05    1.2556039158e+00
    1.7660000000e+05    1.3630799469e+00
    1.7670000000e+05    1.3589977749e+00
    1.7680000000e+05    1.5564300660e+00
    1.7690000000e+05    1.7122087984e+00
    1.7700000000e+05    1.7420758757e+00
    1.7710000000e+05    1.3514675479e+00
    1.7720000000e+05    1.6846460112e+00
    1.7730000000e+05    1.6103671865e+00
    1.7740000000e+05    1.4074430254e+00
    1.7750000000e+05    1.4447206096e+00
    1.7760000000e+05    1.5624523599e+00
    1.7770000000e+05    1.1909556207e+00
    1.7780000000e+05    1.6292686256e+00
    1.7790000000e+05    1.2568115775e+00
    1.7800000000e+05    1.4455803622e+00
    1.7810000000e+05    1.6861809223e+00
    1.7820000000e+05    1.4901044044e+00
    1.7830000000e+05    1.2559826832e+00
    1.7840000000e+05    1.7869053095e+00
    1.7850000000e+05    1.6514793594e+00
    1.7860000000e+05    1.3849908591e+00
    1.7870000000e+05    1.1474594276e+00
    1.7880000000e+05    1.3610514047e+00
    1.7890000000e+05    1.4994006234e+00
    1.7900000000e+05    1.3047687767e+00
    1.7910000000e+05    1.5313795844e+00
    1.7920000000e+05    1.2849786904e+00
    1.7930000000e+05    1.2755772278e+00
    1.7940000000e+05    1.2817691763e+00
    1.7950000000e+05    1.3195606446e+00
    1.7960000000e+05    1.4109157064e+00
    1.7970000000e+05    1.4004569438e+00
    1.7980000000e+05    1.6177567585e+00
    1.7990000000e+05    1.5437980058e+00
    1.8000000000e+05    1.4397567061e+00
    1.8010000000e+05    1.1833738231e+00
    1.8020000000e+05    1.4136320896e+00
    1.8030000000e+05    1.3286915047e+00
    1.8040000000e+05    1.6080955230e+00
    1.8050000000e+05    1.2752942878e+00
    1.8060000000e+05    1.6588990486e+00
    1.8070000000e+05    1.5307032044e+00
    1.8080000000e+05    1.3275969454e+00
    1.8090000000e+05    1.8388886898e+00
    1.8100000000e+05    1.5921294359e+00
    1.8110000000e+05    1.0003594838e+00
    1.8120000000e+05    1.2772402163e+00
    1.8130000000e+05    1.2195505470e+00
    1.8140000000e+05    1.7211334344e+00
    1.8150000000e+05    1.3505919455e+00
    1.8160000000e+05    1.3454792381e+00
    1.8170000000e+05    1.3161331949e+00
    1.8180000000e+05    1.2718284347e+00
    1.8190000000e+05    1.5961565566e+00
    1.8200000000e+05    1.5156542662e+00
    1.8210000000e+05    1.4237861599e+00
    1.8220000000e+05    1.4715358687e+00
    1.8230000000e+05    1.3663715576e+00
    1.8240000000e+05    1.3546823114e+00
    1.8250000000e+05    1.4247360609e+00
    1.8260000000e+05    1.1769776002e+00
    1.8270000000e+05    1.4280341372e+00
    1.8280000000e+05    1.3983745100e+00
    1.8290000000e+05    1.6697487315e+00
    1.8300000000e+05    1.7386997002e+00
    1.8310000000e+05    1.3280418486e+00
    1.8320000000e+05    1.4937961795e+00
    1.8330000000e+05    1.4818718673e+00
    1.8340000000e+05    1.5819540072e+00
    1.8350000000e+05    1.4370165448e+00
    1.8360000000e+05    1.2651624008e+00
    1.8370000000e+05    1.7484988250e+00
    1.8380000000e+05    1.6697248590e+00
    1.8390000000e+05    1.3935342597e+00
    1.8400000000e+05    1.5473810208e+00
    1.8410000000e+05    1.1984529053e+00
    1.8420000000e+05    1.5342621818e+00
    1.8430000000e+05    1.4372863908e+00
    1.8440000000e+05    1.1548948221e+00
    1.8450000000e+05    1.3674441062e+00
    1.8460000000e+05    1.4508074134e+00
    1.8470000000e+05    9.9818127757e-01
    1.8480000000e+05    1.2848630168e+00
    1.8490000000e+05    1.3688422250e+00
    1.8500000000e+05    1.3845315602e+00
    1.8510000000e+05    1.5262136373e+00
    1.8520000000e+05    1.5922498507e+00
    1.8530000000e+05    1.4072692680e+00
    1.8540000000e+05    1.3956243455e+00
    1.8550000000e+05    1.7590192423e+00
    1.8560000000e+05    1.5754031039e+00
    1.8570000000e+05    1.6460387648e+00
    1.8580000000e+05    1.2364750724e+00
    1.8590000000e+05    1.4753421524e+00
    1.8600000000e+05    1.4524572305e+00
    1.8610000000e+05    1.3521436317e+00
    1.8620000000e+05    1.3688108084e+00
    1.8630000000e+05    1.6630522340e+00
    1.8640000000e+05    1.7141936823e+00
    1.8650000000e+05    1.6651380675e+00
    1.8660000000e+05    1.6684129977e+00
    1.8670000000e+05    1.5371011164e+00
    1.8680000000e+05    1.3543428675e+00
    1.8690000000e+05    1.5395535320e+00
    1.8700000000e+05    1.3788054699e+00
    1.8710000000e+05    1.5231006901e+00
    1.8720000000e+05    1.1966744186e+00
    1.8730000000e+05    1.4486806965e+00
    1.8740000000e+05    1.7957563939e+00
    1.8750000000e+05    1.8404333588e+00
    1.8760000000e+05    1.4350611988e+00
    1.8770000000e+05    1.3862886911e+00
    1.8780000000e+05    1.2649543382e+00
    1.8790000000e+05    1.5209948535e+00
    1.8800000000e+05    1.5962676803e+00
    1.8810000000e+05    1.4295719805e+00
    1.8820000000e+05    1.0576234761e+00
    1.8830000000e+05    1.5318430628e+00
    1.8840000000e+05    1.5050856732e+00
    1.8850000000e+05    1.4940391187e+00
    1.8860000000e+05    1.3856812009e+00
    1.8870000000e+05    1.5814524740e+00
    1.8880000000e+05    1.5975202702e+00
    1.8890000000e+05    1.5454966455e+00
    1.8900000000e+05    1.4264727958e+00
    1.8910000000e+05    1.2824929300e+00
    1.8920000000e+05    1.8797768936e+00
    1.8930000000e+05    1.8202591071e+00
    1.8940000000e+05    1.7305575499e+00
    1.8950000000e+05    1.4201612085e+00
    1.8960000000e+05    1.8272024299e+00
    1.8970000000e+05    2.0267527578e+00
    1.8980000000e+05    1.5689918758e+00
    1.8990000000e+05    1.7625237648e+00
    1.9000000000e+05    2.0234564057e+00
    1.9010000000e+05    1.6745567328e+00
    1.9020000000e+05    1.5530552699e+00
    1.9030000000e+05    1.7019583020e+00
    1.9040000000e+05    1.4068440970e+00
    1.9050000000e+05    1.7192394047e+00
    1.9060000000e+05    1.6131281148e+00
    1.9070000000e+05    1.6693197644e+00
    1.9080000000e+05    1.6596578616e+00
    1.9090000000e+05    1.8297037817e+00
    1.9100000000e+05    1.8097309287e+00
    1.9110000000e+05    1.8956769483e+00
    1.9120000000e+05    1.5397083692e+00
    1.9130000000e+05    1.7432968605e+00
    1.9140000000e+05    1.5218304193e+00
    1.9150000000e+05    1.5383092780e+00
    1.9160000000e+05    1.5352048786e+00
    1.9170000000e+05    1.6204653093e+00
    1.9180000000e+05    1.5762781969e+00
    1.9190000000e+05    1.5888526659e+00
    1.9200000000e+05    1.3723180657e+00
    1.9210000000e+05    1.7899353902e+00
    1.9220000000e+05    1.5085838157e+00
    1.9230000000e+05    1.5037252210e+00
    1.9240000000e+05    1.5398506740e+00
    1.9250000000e+05    1.6950508738e+00
    1.9260000000e+05    1.7495872401e+00
    1.9270000000e+05    2.0353303122e+00
    1.9280000000e+05    2.1954622372e+00
    1.9290000000e+05    1.5363831425e+00
    1.9300000000e+05    1.7172554995e+00
    1.9310000000e+05    1.6321520703e+00
    1.9320000000e+05    1.9580810278e+00
    1.9330000000e+05    1.8092237507e+00
    1.9340000000e+05    1.6817727564e+00
    1.9350000000e+05    1.8404828724e+00
    1.9360000000e+05    1.5563915884e+00
    1.9370000000e+05    1.4284655352e+00
    1.9380000000e+05    1.3513944861e+00
    1.9390000000e+05    1.7172690063e+00
    1.9400000000e+05    1.5423373630e+00
    1.9410000000e+05    1.6825193845e+00
    1.9420000000e+05    1.6702780542e+00
    1.9430000000e+05    1.6330777769e+00
    1.9440000000e+05    1.6824707662e+00
    1.9450000000e+05    1.5747673938e+00
    1.9460000000e+05    1.6239236084e+00
    1.9470000000e+05    1.2549878910e+00
    1.9480000000e+05    1.4049950322e+00
    1.9490000000e+05    1.5970515772e+00
    1.9500000000e+05    1.5875572238e+00
    1.9510000000e+05    1.6244791180e+00
    1.9520000000e+05    1.5315368053e+00
    1.9530000000e+05    1.4550155345e+00
    1.9540000000e+05    1.5665542217e+00
    1.9550000000e+05    1.8366703553e+00
    1.9560000000e+05    1.6847869404e+00
    1.9570000000e+05    1.5251242247e+00
    1.9580000000e+05    1.3384771957e+00
    1.9590000000e+05    1.5135307460e+00
    1.9600000000e+05    1.3272548793e+00
    1.9610000000e+05    1.5252783506e+00
    1.9620000000e+05    1.5587891010e+00
    1.9630000000e+05    1.5334848000e+00
    1.9640000000e+05    1.7329968011e+00
    1.9650000000e+05    1.6654707526e+00
    1.9660000000e+05    1.8184803900e+00
    1.9670000000e+05    1.9222652477e+00
    1.9680000000e+05    1.5524518243e+00
    1.9690000000e+05    1.5493685716e+00
    1.9700000000e+05    1.3724049255e+00
    1.9710000000e+05    1.5398968523e+00
    1.9720000000e+05    1.3876762957e+00
    1.9730000000e+05    1.6901064365e+00
    1.9740000000e+05    1.4554320155e+00
    1.9750000000e+05    1.4969891369e+00
    1.9760000000e+05    1.2807098862e+00
    1.9770000000e+05    1.4477488006e+00
    1.9780000000e+05    1.4404580151e+00
    1.9790000000e+05    1.4579989039e+00
    1.9800000000e+05    1.2544767994e+00
    1.9810000000e+05    1.5893726657e+00
    1.9820000000e+05    1.6079842803e+00
    1.9830000000e+05    1.7859962648e+00
    1.9840000000e+05    1.7038971873e+00
    1.9850000000e+05    1.8241961463e+00
    1.9860000000e+05    1.7728821589e+00
    1.9870000000e+05    1.5976217223e+00
    1.9880000000e+05    1.5481433645e+00
    1.9890000000e+05    1.4146707209e+00
    1.9900000000e+05    1.5606369552e+00
    1.9910000000e+05    1.3575363475e+00
    1.9920000000e+05    1.3737806011e+00
    1.9930000000e+05    1.6442037610e+00
    1.9940000000e+05    1.6312735672e+00
    1.9950000000e+05    1.3638593573e+00
    1.9960000000e+05    1.4633391100e+00
    1.9970000000e+05    1.5063657548e+00
    1.9980000000e+05    1.4983252177e+00
    1.9990000000e+05    1.4730970610e+00
    2.0000000000e+05    1.5637198350e+00
