    1.0000000000e+02    1.8881380125e-01
    2.0000000000e+02    1.2962505315e-01
    3.0000000000e+02    1.2304295163e-01
    4.0000000000e+02    2.7174824035e-01
    5.0000000000e+02    1.2014361181e-01
    6.0000000000e+02    2.6244715877e-01
    7.0000000000e+02    1.0570665268e-01
    8.0000000000e+02    1.3114708586e-01
    9.0000000000e+02    1.6409990072e-01
    1.0000000000e+03    1.4155246051e-01
    1.1000000000e+03    2.0755290226e-01
    1.2000000000e+03    1.3147436075e-01
    1.3000000000e+03    1.1396794935e-01
    1.4000000000e+03    1.4254806455e-01
    1.5000000000e+03    2.7093848444e-01
    1.6000000000e+03    2.1914917906e-01
    1.7000000000e+03    1.3879445492e-01
    1.8000000000e+03    1.1970076576e-01
    1.9000000000e+03    1.0614833439e-01
    2.0000000000e+03    1.3727000240e-01
    2.1000000000e+03    1.2492703088e-01
    2.2000000000e+03    1.2217477334e-01
    2.3000000000e+03    1.2385296752e-01
    2.4000000000e+03    1.7900626104e-01
    2.5000000000e+03    1.0605909227e-01
    2.6000000000e+03    1.1691966683e-01
    2.7000000000e+03    1.0935945047e-01
    2.8000000000e+03    1.0675234437e-01
    2.9000000000e+03    9.6722564633e-02
    3.0000000000e+03    1.0295709581e-01
    3.1000000000e+03    1.0657700472e-01
    3.2000000000e+03    9.5361373483e-02
    3.3000000000e+03    1.0418675167e-01
    3.4000000000e+03    1.2057819615e-01
    3.5000000000e+03    2.0383170898e-01
    3.6000000000e+03    1.2650445301e-01
    3.7000000000e+03    1.6804114093e-01
    3.8000000000e+03    1.1158021888e-01
    3.9000000000e+03    1.5873190149e-01
    4.0000000000e+03    1.3955318396e-01
    4.1000000000e+03    1.1091840550e-01
    4.2000000000e+03    1.3279338620e-01
    4.3000000000e+03    1.1049526027e-01
    4.4000000000e+03    1.1987337033e-01
    4.5000000000e+03    1.2477336576e-01
    4.6000000000e+03    1.1082942851e-01
    4.7000000000e+03    1.3771713577e-01
    4.8000000000e+03    1.1394797400e-01
    4.9000000000e+03    1.4747996098e-01
    5.0000000000e+03    1.1106990907e-01
    5.1000000000e+03    1.0861544844e-01
    5.2000000000e+03    1.5859369381e-01
    5.3000000000e+03    1.0518216010e-01
    5.4000000000e+03    1.1732449434e-01
    5.5000000000e+03    1.4556540827e-01
    5.6000000000e+03    1.1342768504e-01
    5.7000000000e+03    1.1035730354e-01
    5.8000000000e+03    1.6151439410e-01
    5.9000000000e+03    1.1300171459e-01
    6.0000000000e+03    1.4805785198e-01
    6.1000000000e+03    1.2290519779e-01
    6.2000000000e+03    1.5237557271e-01
    6.3000000000e+03    1.1920892399e-01
    6.4000000000e+03    1.0858069291e-01
    6.5000000000e+03    1.2884306393e-01
    6.6000000000e+03    1.6728868110e-01
    6.7000000000e+03    1.4726548348e-01
    6.8000000000e+03    1.8714738207e-01
    6.9000000000e+03    1.7566647700e-01
    7.0000000000e+03    1.5300103115e-01
    7.1000000000e+03    8.9478449127e-02
    7.2000000000e+03    1.6527886128e-01
    7.3000000000e+03    1.3292368908e-01
    7.4000000000e+03    1.3319096917e-01
    7.5000000000e+03    9.7819475552e-02
    7.6000000000e+03    1.3804901789e-01
    7.7000000000e+03    1.1102050497e-01
    7.8000000000e+03    1.3340707194e-01
    7.9000000000e+03    1.3365400021e-01
    8.0000000000e+03    1.2617806204e-01
    8.1000000000e+03    1.1415800636e-01
    8.2000000000e+03    1.2207839143e-01
    8.3000000000e+03    1.1938608468e-01
    8.4000000000e+03    1.3224435542e-01
    8.5000000000e+03    1.2970849511e-01
    8.6000000000e+03    1.2134778575e-01
    8.7000000000e+03    1.3867034439e-01
    8.8000000000e+03    1.1449456841e-01
    8.9000000000e+03    9.9512143119e-02
    9.0000000000e+03    1.0972249233e-01
    9.1000000000e+03    1.2961842365e-01
    9.2000000000e+03    1.1145170566e-01
    9.3000000000e+03    1.1711483697e-01
    9.4000000000e+03    9.1618971729e-02
    9.5000000000e+03    1.2952344900e-01
    9.6000000000e+03    1.2542974731e-01
    9.7000000000e+03    9.9021894539e-02
    9.8000000000e+03    9.1780923784e-02
    9.9000000000e+03    1.1757249597e-01
    1.0000000000e+04    1.0559322379e-01
    1.0100000000e+04    1.2505731172e-01
    1.0200000000e+04    1.0756658529e-01
    1.0300000000e+04    1.2051792979e-01
    1.0400000000e+04    1.1042914547e-01
    1.0500000000e+04    1.4228356410e-01
    1.0600000000e+04    1.3038221705e-01
    1.0700000000e+04    1.4216516002e-01
    1.0800000000e+04    1.5594210327e-01
    1.0900000000e+04    1.3755755441e-01
    1.1000000000e+04    1.5420143826e-01
    1.1100000000e+04    1.3160267550e-01
    1.1200000000e+04    1.3986381154e-01
    1.1300000000e+04    1.1562796362e-01
    1.1400000000e+04    1.3253741205e-01
    1.1500000000e+04    9.7352896421e-02
    1.1600000000e+04    1.2828644216e-01
    1.1700000000e+04    1.0510400361e-01
    1.1800000000e+04    1.4319279226e-01
    1.1900000000e+04    9.7545554325e-02
    1.2000000000e+04    1.4262220460e-01
    1.2100000000e+04    1.3248551496e-01
    1.2200000000e+04    1.4200543134e-01
    1.2300000000e+04    1.2203788115e-01
    1.2400000000e+04    1.8505606423e-01
    1.2500000000e+04    1.3254760843e-01
    1.2600000000e+04    1.9287273404e-01
    1.2700000000e+04    1.7714557740e-01
    1.2800000000e+04    1.5183585788e-01
    1.2900000000e+04    1.1768724934e-01
    1.3000000000e+04    1.5588416114e-01
    1.3100000000e+04    1.0293260080e-01
    1.3200000000e+04    1.5313048325e-01
    1.3300000000e+04    1.2890863026e-01
    1.3400000000e+04    1.2828760147e-01
    1.3500000000e+04    1.3282461606e-01
    1.3600000000e+04    1.3558567339e-01
    1.3700000000e+04    1.1796946201e-01
    1.3800000000e+04    2.1949282180e-01
    1.3900000000e+04    1.1994512995e-01
    1.4000000000e+04    1.6825331372e-01
    1.4100000000e+04    1.0767218566e-01
    1.4200000000e+04    1.4402821041e-01
    1.4300000000e+04    1.1096099078e-01
    1.4400000000e+04    1.4918298428e-01
    1.4500000000e+04    1.5466679372e-01
    1.4600000000e+04    1.4115693482e-01
    1.4700000000e+04    1.2320557860e-01
    1.4800000000e+04    1.2743457657e-01
    1.4900000000e+04    1.5281556925e-01
    1.5000000000e+04    1.2424393841e-01
    1.5100000000e+04    1.3789357162e-01
    1.5200000000e+04    1.1614523190e-01
    1.5300000000e+04    1.2684677579e-01
    1.5400000000e+04    1.5164180408e-01
    1.5500000000e+04    2.0658852984e-01
    1.5600000000e+04    1.2726125386e-01
    1.5700000000e+04    1.1724081095e-01
    1.5800000000e+04    1.4417302829e-01
    1.5900000000e+04    1.6296554125e-01
    1.6000000000e+04    1.0734005858e-01
    1.6100000000e+04    1.4673108954e-01
    1.6200000000e+04    1.3329782041e-01
    1.6300000000e+04    1.4455594802e-01
    1.6400000000e+04    1.3369014489e-01
    1.6500000000e+04    1.4600929643e-01
    1.6600000000e+04    1.2031382706e-01
    1.6700000000e+04    1.6618444353e-01
    1.6800000000e+04    9.3964750816e-02
    1.6900000000e+04    1.4924667621e-01
    1.7000000000e+04    1.1615007932e-01
    1.7100000000e+04    1.2663932477e-01
    1.7200000000e+04    1.0405150785e-01
    1.7300000000e+04    1.3789000179e-01
    1.7400000000e+04    1.3568889503e-01
    1.7500000000e+04    1.1241873850e-01
    1.7600000000e+04    1.1603838209e-01
    1.7700000000e+04    1.1463539763e-01
    1.7800000000e+04    1.3242769168e-01
    1.7900000000e+04    1.1962013525e-01
    1.8000000000e+04    1.1148712777e-01
    1.8100000000e+04    1.4121914417e-01
    1.8200000000e+04    1.0933716022e-01
    1.8300000000e+04    1.1579986163e-01
    1.8400000000e+04    1.3328622775e-01
    1.8500000000e+04    1.5837687164e-01
    1.8600000000e+04    1.9454015263e-01
    1.8700000000e+04    1.5619926517e-01
    1.8800000000e+04    9.7122199153e-02
    1.8900000000e+04    1.7086693987e-01
    1.9000000000e+04    1.3193385233e-01
    1.9100000000e+04    1.2060493585e-01
    1.9200000000e+04    8.9880912570e-02
    1.9300000000e+04    1.2962835153e-01
    1.9400000000e+04    1.0313615622e-01
    1.9500000000e+04    8.9903166986e-02
    1.9600000000e+04    1.0164099923e-01
    1.9700000000e+04    1.4012788365e-01
    1.9800000000e+04    1.3327252532e-01
    1.9900000000e+04    1.2804862085e-01
    2.0000000000e+04    1.4047193286e-01
    2.0100000000e+04    1.1169478031e-01
    2.0200000000e+04    1.2750802923e-01
    2.0300000000e+04    1.4633639352e-01
    2.0400000000e+04    1.2463305178e-01
    2.0500000000e+04    9.1800149312e-02
    2.0600000000e+04    1.0380712449e-01
    2.0700000000e+04    1.0033452412e-01
    2.0800000000e+04    1.3938299603e-01
    2.0900000000e+04    1.3587225383e-01
    2.1000000000e+04    1.4516870567e-01
    2.1100000000e+04    9.9528684012e-02
    2.1200000000e+04    1.0444802257e-01
    2.1300000000e+04    1.0569265106e-01
    2.1400000000e+04    1.3318894786e-01
    2.1500000000e+04    1.2825770804e-01
    2.1600000000e+04    1.1520754585e-01
    2.1700000000e+04    8.9111570309e-02
    2.1800000000e+04    1.0440429270e-01
    2.1900000000e+04    1.1420328907e-01
    2.2000000000e+04    1.1809386260e-01
    2.2100000000e+04    9.4069431769e-02
    2.2200000000e+04    9.1371077866e-02
    2.2300000000e+04    1.0279413728e-01
    2.2400000000e+04    1.2227964394e-01
    2.2500000000e+04    1.4386258594e-01
    2.2600000000e+04    1.4728684497e-01
    2.2700000000e+04    1.2734611357e-01
    2.2800000000e+04    1.2541901973e-01
    2.2900000000e+04    9.6856405018e-02
    2.3000000000e+04    1.2389290707e-01
    2.3100000000e+04    9.7110146754e-02
    2.3200000000e+04    1.1581087747e-01
    2.3300000000e+04    1.6360193477e-01
    2.3400000000e+04    1.6223564504e-01
    2.3500000000e+04    1.1090737676e-01
    2.3600000000e+04    9.6071903438e-02
    2.3700000000e+04    1.1294407512e-01
    2.3800000000e+04    1.3534595948e-01
    2.3900000000e+04    1.1728680538e-01
    2.4000000000e+04    1.1102272419e-01
    2.4100000000e+04    1.4811573703e-01
    2.4200000000e+04    1.0044009295e-01
    2.4300000000e+04    1.1742482830e-01
    2.4400000000e+04    1.3042200940e-01
    2.4500000000e+04    1.9458202708e-01
    2.4600000000e+04    1.2162930462e-01
    2.4700000000e+04    1.5969606590e-01
    2.4800000000e+04    1.5173337483e-01
    2.4900000000e+04    1.6287079744e-01
    2.5000000000e+04    1.2198948524e-01
    2.5100000000e+04    1.5772218391e-01
    2.5200000000e+04    1.9287139570e-01
    2.5300000000e+04    1.2989289018e-01
    2.5400000000e+04    1.2321251086e-01
    2.5500000000e+04    1.2168396936e-01
    2.5600000000e+04    1.3478090357e-01
    2.5700000000e+04    1.4604882456e-01
    2.5800000000e+04    1.1940516918e-01
    2.5900000000e+04    1.5878232872e-01
    2.6000000000e+04    1.4809959709e-01
    2.6100000000e+04    1.4271736386e-01
    2.6200000000e+04    1.0514636058e-01
    2.6300000000e+04    1.2592130601e-01
    2.6400000000e+04    1.2820285973e-01
    2.6500000000e+04    9.4792136731e-02
    2.6600000000e+04    1.3610816799e-01
    2.6700000000e+04    1.1099843479e-01
    2.6800000000e+04    1.9946063151e-01
    2.6900000000e+04    1.1878681213e-01
    2.7000000000e+04    1.4079161335e-01
    2.7100000000e+04    1.6177872483e-01
    2.7200000000e+04    1.2792737813e-01
    2.7300000000e+04    1.5827676482e-01
    2.7400000000e+04    2.7619153136e-01
    2.7500000000e+04    1.1534661745e-01
    2.7600000000e+04    1.2146724632e-01
    2.7700000000e+04    1.2188973580e-01
    2.7800000000e+04    1.4518507329e-01
    2.7900000000e+04    9.8037637083e-02
    2.8000000000e+04    1.3171304158e-01
    2.8100000000e+04    1.1169280099e-01
    2.8200000000e+04    1.3559810642e-01
    2.8300000000e+04    1.6488075183e-01
    2.8400000000e+04    1.1247674844e-01
    2.8500000000e+04    1.6062943278e-01
    2.8600000000e+04    1.2162228770e-01
    2.8700000000e+04    1.6588301937e-01
    2.8800000000e+04    1.9804447198e-01
    2.8900000000e+04    1.8870741288e-01
    2.9000000000e+04    1.2595534601e-01
    2.9100000000e+04    1.2779331578e-01
    2.9200000000e+04    1.2931555462e-01
    2.9300000000e+04    1.5333559751e-01
    2.9400000000e+04    1.1425215289e-01
    2.9500000000e+04    1.1579624856e-01
    2.9600000000e+04    1.3698294532e-01
    2.9700000000e+04    1.2705638804e-01
    2.9800000000e+04    9.8901735012e-02
    2.9900000000e+04    1.1032044781e-01
    3.0000000000e+04    1.6171175735e-01
    3.0100000000e+04    1.1398087665e-01
    3.0200000000e+04    1.0303942949e-01
    3.0300000000e+04    1.2469466353e-01
    3.0400000000e+04    1.2533022840e-01
    3.0500000000e+04    2.0790403668e-01
    3.0600000000e+04    9.5871410086e-02
    3.0700000000e+04    1.9520057516e-01
    3.0800000000e+04    1.2197386017e-01
    3.0900000000e+04    1.2580297039e-01
    3.1000000000e+04    2.0588911215e-01
    3.1100000000e+04    1.7322408729e-01
    3.1200000000e+04    1.1239493232e-01
    3.1300000000e+04    1.3816432638e-01
    3.1400000000e+04    1.6673951619e-01
    3.1500000000e+04    1.1501061002e-01
    3.1600000000e+04    1.1414923051e-01
    3.1700000000e+04    1.5752474417e-01
    3.1800000000e+04    1.2252122812e-01
    3.1900000000e+04    1.3611885878e-01
    3.2000000000e+04    1.7390696115e-01
    3.2100000000e+04    1.2764652567e-01
    3.2200000000e+04    2.8986365017e-01
    3.2300000000e+04    1.1803392831e-01
    3.2400000000e+04    1.0034685991e-01
    3.2500000000e+04    9.3366282618e-02
    3.2600000000e+04    1.3296607672e-01
    3.2700000000e+04    1.2612213710e-01
    3.2800000000e+04    1.5135486926e-01
    3.2900000000e+04    1.0841444805e-01
    3.3000000000e+04    1.0367556836e-01
    3.3100000000e+04    1.0191767432e-01
    3.3200000000e+04    1.0647338601e-01
    3.3300000000e+04    1.2504991565e-01
    3.3400000000e+04    1.3653522464e-01
    3.3500000000e+04    1.3520100029e-01
    3.3600000000e+04    1.0134230025e-01
    3.3700000000e+04    1.2663807810e-01
    3.3800000000e+04    1.6515957267e-01
    3.3900000000e+04    1.0573607992e-01
    3.4000000000e+04    2.3755160960e-01
    3.4100000000e+04    9.1356621149e-02
    3.4200000000e+04    9.8434752240e-02
    3.4300000000e+04    1.0162743441e-01
    3.4400000000e+04    1.1318669776e-01
    3.4500000000e+04    1.0474750338e-01
    3.4600000000e+04    1.2754681723e-01
    3.4700000000e+04    1.0758086986e-01
    3.4800000000e+04    1.1722124138e-01
    3.4900000000e+04    1.2497882023e-01
    3.5000000000e+04    1.1710062156e-01
    3.5100000000e+04    1.2872715842e-01
    3.5200000000e+04    1.7795609122e-01
    3.5300000000e+04    9.8305677869e-02
    3.5400000000e+04    1.5367210399e-01
    3.5500000000e+04    1.4066984843e-01
    3.5600000000e+04    1.2456634222e-01
    3.5700000000e+04    1.1896392759e-01
    3.5800000000e+04    1.0236912371e-01
    3.5900000000e+04    1.0694619573e-01
    3.6000000000e+04    1.0040139267e-01
    3.6100000000e+04    1.1814037421e-01
    3.6200000000e+04    1.4516702780e-01
    3.6300000000e+04    1.5264420318e-01
    3.6400000000e+04    1.6674071173e-01
    3.6500000000e+04    1.4175797959e-01
    3.6600000000e+04    1.3983186237e-01
    3.6700000000e+04    8.4809565187e-02
    3.6800000000e+04    9.5340298110e-02
    3.6900000000e+04    1.1907021158e-01
    3.7000000000e+04    9.2515366546e-02
    3.7100000000e+04    9.7036474966e-02
    3.7200000000e+04    9.1251868726e-02
    3.7300000000e+04    1.4336912692e-01
    3.7400000000e+04    1.1513835516e-01
    3.7500000000e+04    1.2566291457e-01
    3.7600000000e+04    1.3186345236e-01
    3.7700000000e+04    1.5445344502e-01
    3.7800000000e+04    1.2560369385e-01
    3.7900000000e+04    9.4576028922e-02
    3.8000000000e+04    1.0967774579e-01
    3.8100000000e+04    8.3590309715e-02
    3.8200000000e+04    9.3794264950e-02
    3.8300000000e+04    9.1752594189e-02
    3.8400000000e+04    1.1470519314e-01
    3.8500000000e+04    1.0705801238e-01
    3.8600000000e+04    1.0326394449e-01
    3.8700000000e+04    9.8009691932e-02
    3.8800000000e+04    1.6772796639e-01
    3.8900000000e+04    1.2506637214e-01
    3.9000000000e+04    1.7878683790e-01
    3.9100000000e+04    1.0320695089e-01
    3.9200000000e+04    1.0383178118e-01
    3.9300000000e+04    1.2979216510e-01
    3.9400000000e+04    1.6867102820e-01
    3.9500000000e+04    1.3850404996e-01
    3.9600000000e+04    1.0139954291e-01
    3.9700000000e+04    8.1939298734e-02
    3.9800000000e+04    1.1023314605e-01
    3.9900000000e+04    1.3975397460e-01
    4.0000000000e+04    1.2909307853e-01
    4.0100000000e+04    9.7516593780e-02
    4.0200000000e+04    1.3140196758e-01
    4.0300000000e+04    1.1903572914e-01
    4.0400000000e+04    1.2421203050e-01
    4.0500000000e+04    1.1160089090e-01
    4.0600000000e+04    1.0355207037e-01
    4.0700000000e+04    7.6515718665e-02
    4.0800000000e+04    1.0707575553e-01
    4.0900000000e+04    9.1349432236e-02
    4.1000000000e+04    1.2347153114e-01
    4.1100000000e+04    8.9756020375e-02
    4.1200000000e+04    1.1870348837e-01
    4.1300000000e+04    1.5072667875e-01
    4.1400000000e+04    1.3609676243e-01
    4.1500000000e+04    1.3337448481e-01
    4.1600000000e+04    1.3510933242e-01
    4.1700000000e+04    1.0246689636e-01
    4.1800000000e+04    9.2657906897e-02
    4.1900000000e+04    1.1759741154e-01
    4.2000000000e+04    9.8881760653e-02
    4.2100000000e+04    1.1369530910e-01
    4.2200000000e+04    1.1696892966e-01
    4.2300000000e+04    1.0860400567e-01
    4.2400000000e+04    1.4887287072e-01
    4.2500000000e+04    1.6797749243e-01
    4.2600000000e+04    1.6915759678e-01
    4.2700000000e+04    1.4998841977e-01
    4.2800000000e+04    1.6862308919e-01
    4.2900000000e+04    1.0060199873e-01
    4.3000000000e+04    9.6910633160e-02
    4.3100000000e+04    9.0598291340e-02
    4.3200000000e+04    9.4929259662e-02
    4.3300000000e+04    1.0495010570e-01
    4.3400000000e+04    9.7659306188e-02
    4.3500000000e+04    1.1126664478e-01
    4.3600000000e+04    1.2201842820e-01
    4.3700000000e+04    1.3054068062e-01
    4.3800000000e+04    1.8925364184e-01
    4.3900000000e+04    1.4204516458e-01
    4.4000000000e+04    1.2473338417e-01
    4.4100000000e+04    1.0755468925e-01
    4.4200000000e+04    1.0745022168e-01
    4.4300000000e+04    1.1224275080e-01
    4.4400000000e+04    1.3503333201e-01
    4.4500000000e+04    1.2418939327e-01
    4.4600000000e+04    1.2626496621e-01
    4.4700000000e+04    1.2097228653e-01
    4.4800000000e+04    1.5128237854e-01
    4.4900000000e+04    1.1317844120e-01
    4.5000000000e+04    1.2526301831e-01
    4.5100000000e+04    1.1009936957e-01
    4.5200000000e+04    9.6347826054e-02
    4.5300000000e+04    1.0495747492e-01
    4.5400000000e+04    1.3326582482e-01
    4.5500000000e+04    1.1660647868e-01
    4.5600000000e+04    1.3142487065e-01
    4.5700000000e+04    1.3242341515e-01
    4.5800000000e+04    1.1467292632e-01
    4.5900000000e+04    9.6397078362e-02
    4.6000000000e+04    9.6979886148e-02
    4.6100000000e+04    1.5929337347e-01
    4.6200000000e+04    1.0402875633e-01
    4.6300000000e+04    9.7730968933e-02
    4.6400000000e+04    1.5364956416e-01
    4.6500000000e+04    1.4102913559e-01
    4.6600000000e+04    1.2160605752e-01
    4.6700000000e+04    1.2659222414e-01
    4.6800000000e+04    1.4133310436e-01
    4.6900000000e+04    1.9899074557e-01
    4.7000000000e+04    1.3806805140e-01
    4.7100000000e+04    1.0674469758e-01
    4.7200000000e+04    1.3732274393e-01
    4.7300000000e+04    1.2094774767e-01
    4.7400000000e+04    9.6478523376e-02
    4.7500000000e+04    1.3732088826e-01
    4.7600000000e+04    9.8809950023e-02
    4.7700000000e+04    1.3552412057e-01
    4.7800000000e+04    1.0903270655e-01
    4.7900000000e+04    8.0880807270e-02
    4.8000000000e+04    1.1647028713e-01
    4.8100000000e+04    1.4449719882e-01
    4.8200000000e+04    1.2699633986e-01
    4.8300000000e+04    1.5281686281e-01
    4.8400000000e+04    1.4619301504e-01
    4.8500000000e+04    1.4307145950e-01
    4.8600000000e+04    1.0967504968e-01
    4.8700000000e+04    1.9664936826e-01
    4.8800000000e+04    1.2685568358e-01
    4.8900000000e+04    1.2798884072e-01
    4.9000000000e+04    1.0987283844e-01
    4.9100000000e+04    1.3215818510e-01
    4.9200000000e+04    1.2467269690e-01
    4.9300000000e+04    1.0736121679e-01
    4.9400000000e+04    1.0747413196e-01
    4.9500000000e+04    1.0236279825e-01
    4.9600000000e+04    1.0492818374e-01
    4.9700000000e+04    1.4382546296e-01
    4.9800000000e+04    1.0226230168e-01
    4.9900000000e+04    9.9848858398e-02
    5.0000000000e+04    8.4445509489e-02
    5.0100000000e+04    1.0866171159e-01
    5.0200000000e+04    9.6149615720e-02
    5.0300000000e+04    1.0586809561e-01
    5.0400000000e+04    1.2982052305e-01
    5.0500000000e+04    1.2811592343e-01
    5.0600000000e+04    1.2023806994e-01
    5.0700000000e+04    1.2988299735e-01
    5.0800000000e+04    1.0679123896e-01
    5.0900000000e+04    1.1726390348e-01
    5.1000000000e+04    1.0223753211e-01
    5.1100000000e+04    1.1115604225e-01
    5.1200000000e+04    9.7188937648e-02
    5.1300000000e+04    1.0462107763e-01
    5.1400000000e+04    1.0259551107e-01
    5.1500000000e+04    1.0489091741e-01
    5.1600000000e+04    1.2178400796e-01
    5.1700000000e+04    1.2090507256e-01
    5.1800000000e+04    9.9167691285e-02
    5.1900000000e+04    1.1267491747e-01
    5.2000000000e+04    1.1307800502e-01
    5.2100000000e+04    1.0964351765e-01
    5.2200000000e+04    1.3231010315e-01
    5.2300000000e+04    1.3566766279e-01
    5.2400000000e+04    1.3155901854e-01
    5.2500000000e+04    1.6239429150e-01
    5.2600000000e+04    1.1059046246e-01
    5.2700000000e+04    1.2394452149e-01
    5.2800000000e+04    1.0267156974e-01
    5.2900000000e+04    1.2147387384e-01
    5.3000000000e+04    1.2360111526e-01
    5.3100000000e+04    1.3223493804e-01
    5.3200000000e+04    1.3046667459e-01
    5.3300000000e+04    1.1391599025e-01
    5.3400000000e+04    9.8040364454e-02
    5.3500000000e+04    1.0103927382e-01
    5.3600000000e+04    1.0893653042e-01
    5.3700000000e+04    1.5140413428e-01
    5.3800000000e+04    1.7427535732e-01
    5.3900000000e+04    1.1431050484e-01
    5.4000000000e+04    9.9611150060e-02
    5.4100000000e+04    1.1893399963e-01
    5.4200000000e+04    1.2441040909e-01
    5.4300000000e+04    1.3016955620e-01
    5.4400000000e+04    1.1932388808e-01
    5.4500000000e+04    1.4100524885e-01
    5.4600000000e+04    1.0483173958e-01
    5.4700000000e+04    1.7181491403e-01
    5.4800000000e+04    1.7250018159e-01
    5.4900000000e+04    1.3194687075e-01
    5.5000000000e+04    1.0844947575e-01
    5.5100000000e+04    1.2391975931e-01
    5.5200000000e+04    1.3341022937e-01
    5.5300000000e+04    1.2328191904e-01
    5.5400000000e+04    1.2125954336e-01
    5.5500000000e+04    1.2089981178e-01
    5.5600000000e+04    1.2124837793e-01
    5.5700000000e+04    1.0227876472e-01
    5.5800000000e+04    1.1687336612e-01
    5.5900000000e+04    1.1291339127e-01
    5.6000000000e+04    1.1074678538e-01
    5.6100000000e+04    1.2455621287e-01
    5.6200000000e+04    1.3866898077e-01
    5.6300000000e+04    1.3674258897e-01
    5.6400000000e+04    1.0404012208e-01
    5.6500000000e+04    1.3858723511e-01
    5.6600000000e+04    1.0065509833e-01
    5.6700000000e+04    1.2860895804e-01
    5.6800000000e+04    1.1262353915e-01
    5.6900000000e+04    1.2174821744e-01
    5.7000000000e+04    1.1221303863e-01
    5.7100000000e+04    9.7679493074e-02
    5.7200000000e+04    1.3878989977e-01
    5.7300000000e+04    1.3986915405e-01
    5.7400000000e+04    1.1847458575e-01
    5.7500000000e+04    1.0619388696e-01
    5.7600000000e+04    1.0184493952e-01
    5.7700000000e+04    1.8456138790e-01
    5.7800000000e+04    1.2258899251e-01
    5.7900000000e+04    1.3398025750e-01
    5.8000000000e+04    1.0239916233e-01
    5.8100000000e+04    1.1509648333e-01
    5.8200000000e+04    1.1951831375e-01
    5.8300000000e+04    1.1634428688e-01
    5.8400000000e+04    8.4757213939e-02
    5.8500000000e+04    1.4095477103e-01
    5.8600000000e+04    9.6749076097e-02
    5.8700000000e+04    1.1414322620e-01
    5.8800000000e+04    1.1380923112e-01
    5.8900000000e+04    1.0540510868e-01
    5.9000000000e+04    1.1394906194e-01
    5.9100000000e+04    1.0250249574e-01
    5.9200000000e+04    1.0644763321e-01
    5.9300000000e+04    1.4491335076e-01
    5.9400000000e+04    1.1958845781e-01
    5.9500000000e+04    1.2332552122e-01
    5.9600000000e+04    1.1035914859e-01
    5.9700000000e+04    1.1244095829e-01
    5.9800000000e+04    1.2872317510e-01
    5.9900000000e+04    1.0731179119e-01
    6.0000000000e+04    1.9254343070e-01
    6.0100000000e+04    1.2012202139e-01
    6.0200000000e+04    1.4300094846e-01
    6.0300000000e+04    9.9985464748e-02
    6.0400000000e+04    1.2999401715e-01
    6.0500000000e+04    1.6865246819e-01
    6.0600000000e+04    1.2301973098e-01
    6.0700000000e+04    1.5538139714e-01
    6.0800000000e+04    1.6551924508e-01
    6.0900000000e+04    1.4432775680e-01
    6.1000000000e+04    1.1062309911e-01
    6.1100000000e+04    1.2300415085e-01
    6.1200000000e+04    1.2988510898e-01
    6.1300000000e+04    1.0354492796e-01
    6.1400000000e+04    1.2534117273e-01
    6.1500000000e+04    1.2921125061e-01
    6.1600000000e+04    1.1224400393e-01
    6.1700000000e+04    9.5048967860e-02
    6.1800000000e+04    1.1020818644e-01
    6.1900000000e+04    1.1371874005e-01
    6.2000000000e+04    1.0988732569e-01
    6.2100000000e+04    1.1277052178e-01
    6.2200000000e+04    1.3726755704e-01
    6.2300000000e+04    1.0424227994e-01
    6.2400000000e+04    1.2612112759e-01
    6.2500000000e+04    1.3263982695e-01
    6.2600000000e+04    1.3366325435e-01
    6.2700000000e+04    1.4793906012e-01
    6.2800000000e+04    1.0755614814e-01
    6.2900000000e+04    1.1400349272e-01
    6.3000000000e+04    1.1743864660e-01
    6.3100000000e+04    9.0294912297e-02
    6.3200000000e+04    1.0671863117e-01
    6.3300000000e+04    1.0709334381e-01
    6.3400000000e+04    1.1001510934e-01
    6.3500000000e+04    9.4600397871e-02
    6.3600000000e+04    1.2671886104e-01
    6.3700000000e+04    1.1603094966e-01
    6.3800000000e+04    1.0465411395e-01
    6.3900000000e+04    1.1913272522e-01
    6.4000000000e+04    1.1197839979e-01
    6.4100000000e+04    1.3663006497e-01
    6.4200000000e+04    1.1537227667e-01
    6.4300000000e+04    1.1100211537e-01
    6.4400000000e+04    1.0982644028e-01
    6.4500000000e+04    1.0898028590e-01
    6.4600000000e+04    1.1793325695e-01
    6.4700000000e+04    1.2790106969e-01
    6.4800000000e+04    1.5817248120e-01
    6.4900000000e+04    1.3898253216e-01
    6.5000000000e+04    1.2720844767e-01
    6.5100000000e+04    1.3759099675e-01
    6.5200000000e+04    1.2545574128e-01
    6.5300000000e+04    1.3246566394e-01
    6.5400000000e+04    1.0883620366e-01
    6.5500000000e+04    1.4419292006e-01
    6.5600000000e+04    2.1682000262e-01
    6.5700000000e+04    1.6067907994e-01
    6.5800000000e+04    1.1199674883e-01
    6.5900000000e+04    1.3411443304e-01
    6.6000000000e+04    1.1529574466e-01
    6.6100000000e+04    9.5481852124e-02
    6.6200000000e+04    1.1299620831e-01
    6.6300000000e+04    1.1744251596e-01
    6.6400000000e+04    1.1108954055e-01
    6.6500000000e+04    1.2498236296e-01
    6.6600000000e+04    2.4934641336e-01
    6.6700000000e+04    1.2502473795e-01
    6.6800000000e+04    1.3474702218e-01
    6.6900000000e+04    1.0959296477e-01
    6.7000000000e+04    1.0999285989e-01
    6.7100000000e+04    1.2160796449e-01
    6.7200000000e+04    1.1931268838e-01
    6.7300000000e+04    1.3586024611e-01
    6.7400000000e+04    1.2182961333e-01
    6.7500000000e+04    1.1828774451e-01
    6.7600000000e+04    1.0559269081e-01
    6.7700000000e+04    1.1790934724e-01
    6.7800000000e+04    1.1817911445e-01
    6.7900000000e+04    1.3486832305e-01
    6.8000000000e+04    1.0131184985e-01
    6.8100000000e+04    1.2140699807e-01
    6.8200000000e+04    9.2829930157e-02
    6.8300000000e+04    9.2696137858e-02
    6.8400000000e+04    9.6525277469e-02
    6.8500000000e+04    1.3834385282e-01
    6.8600000000e+04    9.9888864191e-02
    6.8700000000e+04    1.2130203508e-01
    6.8800000000e+04    8.9101450359e-02
    6.8900000000e+04    1.0208997224e-01
    6.9000000000e+04    1.2538497982e-01
    6.9100000000e+04    1.2193542431e-01
    6.9200000000e+04    9.6266808766e-02
    6.9300000000e+04    1.0812438855e-01
    6.9400000000e+04    1.1137386342e-01
    6.9500000000e+04    1.1314120048e-01
    6.9600000000e+04    2.8039175580e-01
    6.9700000000e+04    1.7848407439e-01
    6.9800000000e+04    1.3007668061e-01
    6.9900000000e+04    9.6678773754e-02
    7.0000000000e+04    1.2099910028e-01
    7.0100000000e+04    1.2071223795e-01
    7.0200000000e+04    1.0592517296e-01
    7.0300000000e+04    9.1940015949e-02
    7.0400000000e+04    1.1571226981e-01
    7.0500000000e+04    1.3854042010e-01
    7.0600000000e+04    1.3673486105e-01
    7.0700000000e+04    1.1519757581e-01
    7.0800000000e+04    1.2086012563e-01
    7.0900000000e+04    1.3129654660e-01
    7.1000000000e+04    1.0268556614e-01
    7.1100000000e+04    1.0822953839e-01
    7.1200000000e+04    1.1453460306e-01
    7.1300000000e+04    1.1747869179e-01
    7.1400000000e+04    9.6856149556e-02
    7.1500000000e+04    1.4760068434e-01
    7.1600000000e+04    1.3113442197e-01
    7.1700000000e+04    1.2129514889e-01
    7.1800000000e+04    1.0279279990e-01
    7.1900000000e+04    9.6694489743e-02
    7.2000000000e+04    1.1204029512e-01
    7.2100000000e+04    1.0086249396e-01
    7.2200000000e+04    1.2005450996e-01
    7.2300000000e+04    1.0833625622e-01
    7.2400000000e+04    1.3500834015e-01
    7.2500000000e+04    1.0526258735e-01
    7.2600000000e+04    8.8392631876e-02
    7.2700000000e+04    1.4694500980e-01
    7.2800000000e+04    1.1517262669e-01
    7.2900000000e+04    1.2786103298e-01
    7.3000000000e+04    1.3474965884e-01
    7.3100000000e+04    1.2277601053e-01
    7.3200000000e+04    1.7424583857e-01
    7.3300000000e+04    1.1312950101e-01
    7.3400000000e+04    1.2109411618e-01
    7.3500000000e+04    1.0110641152e-01
    7.3600000000e+04    1.2536062317e-01
    7.3700000000e+04    1.1154895251e-01
    7.3800000000e+04    1.3228896800e-01
    7.3900000000e+04    1.4004819516e-01
    7.4000000000e+04    1.1173496557e-01
    7.4100000000e+04    1.1467465099e-01
    7.4200000000e+04    1.2416260467e-01
    7.4300000000e+04    1.0624845213e-01
    7.4400000000e+04    1.2530956551e-01
    7.4500000000e+04    9.8700933446e-02
    7.4600000000e+04    1.0952099714e-01
    7.4700000000e+04    1.0210200763e-01
    7.4800000000e+04    1.2605512977e-01
    7.4900000000e+04    1.1486581018e-01
    7.5000000000e+04    1.1705096986e-01
    7.5100000000e+04    1.1696271464e-01
    7.5200000000e+04    1.2036160249e-01
    7.5300000000e+04    1.1740238276e-01
    7.5400000000e+04    1.3481171092e-01
    7.5500000000e+04    9.7134070571e-02
    7.5600000000e+04    1.0078474247e-01
    7.5700000000e+04    1.1087721100e-01
    7.5800000000e+04    1.2341693500e-01
    7.5900000000e+04    1.3333325227e-01
    7.6000000000e+04    1.4771237683e-01
    7.6100000000e+04    1.0898099520e-01
    7.6200000000e+04    1.0784869999e-01
    7.6300000000e+04    1.0894623034e-01
    7.6400000000e+04    1.0024110404e-01
    7.6500000000e+04    1.2141023546e-01
    7.6600000000e+04    7.7637654345e-02
    7.6700000000e+04    1.1483181786e-01
    7.6800000000e+04    1.1477751705e-01
    7.6900000000e+04    1.2101195079e-01
    7.7000000000e+04    1.1014632036e-01
    7.7100000000e+04    1.2893587462e-01
    7.7200000000e+04    1.0272939154e-01
    7.7300000000e+04    1.0281625654e-01
    7.7400000000e+04    1.2316242334e-01
    7.7500000000e+04    1.5660670828e-01
    7.7600000000e+04    1.2957333340e-01
    7.7700000000e+04    1.1357728140e-01
    7.7800000000e+04    1.1882021262e-01
    7.7900000000e+04    1.1783759647e-01
    7.8000000000e+04    1.0387492567e-01
    7.8100000000e+04    1.1338614369e-01
    7.8200000000e+04    1.2511530039e-01
    7.8300000000e+04    1.0976261998e-01
    7.8400000000e+04    8.8284524338e-02
    7.8500000000e+04    1.5754089668e-01
    7.8600000000e+04    1.0625060822e-01
    7.8700000000e+04    1.2095155516e-01
    7.8800000000e+04    1.0849706384e-01
    7.8900000000e+04    1.1317701598e-01
    7.9000000000e+04    8.8522660314e-02
    7.9100000000e+04    1.2679116234e-01
    7.9200000000e+04    9.7305180190e-02
    7.9300000000e+04    8.7760618082e-02
    7.9400000000e+04    9.8317342784e-02
    7.9500000000e+04    9.8419362772e-02
    7.9600000000e+04    9.8398035112e-02
    7.9700000000e+04    1.0085687441e-01
    7.9800000000e+04    1.3030726253e-01
    7.9900000000e+04    1.1570091748e-01
    8.0000000000e+04    1.1795365776e-01
    8.0100000000e+04    1.0806468888e-01
    8.0200000000e+04    1.2403218050e-01
    8.0300000000e+04    1.0004900220e-01
    8.0400000000e+04    9.3556060267e-02
    8.0500000000e+04    1.1341073623e-01
    8.0600000000e+04    1.1337870681e-01
    8.0700000000e+04    1.0809807564e-01
    8.0800000000e+04    1.0934050772e-01
    8.0900000000e+04    1.1975129738e-01
    8.1000000000e+04    1.2310158192e-01
    8.1100000000e+04    1.1574755452e-01
    8.1200000000e+04    1.0290727799e-01
    8.1300000000e+04    1.4820115976e-01
    8.1400000000e+04    1.2088025903e-01
    8.1500000000e+04    1.1964737617e-01
    8.1600000000e+04    1.3180822423e-01
    8.1700000000e+04    1.2875147137e-01
    8.1800000000e+04    1.2114804942e-01
    8.1900000000e+04    1.1217516502e-01
    8.2000000000e+04    1.4933562137e-01
    8.2100000000e+04    1.4350829870e-01
    8.2200000000e+04    1.8182026087e-01
    8.2300000000e+04    1.4033044232e-01
    8.2400000000e+04    1.6041630618e-01
    8.2500000000e+04    1.7238997884e-01
    8.2600000000e+04    6.3656210294e-01
    8.2700000000e+04    4.0400902050e-01
    8.2800000000e+04    1.3209199613e+00
    8.2900000000e+04    1.7977854991e+00
    8.3000000000e+04    1.6032446249e+00
    8.3100000000e+04    1.6714858235e+00
    8.3200000000e+04    1.4642743211e+00
    8.3300000000e+04    1.4979090252e+00
    8.3400000000e+04    1.3521958804e+00
    8.3500000000e+04    1.7096029880e+00
    8.3600000000e+04    1.5412690337e+00
    8.3700000000e+04    1.6208074295e+00
    8.3800000000e+04    1.4234815314e+00
    8.3900000000e+04    1.1697267031e+00
    8.4000000000e+04    1.7052244211e+00
    8.4100000000e+04    1.3373669903e+00
    8.4200000000e+04    1.3271262928e+00
    8.4300000000e+04    1.6372823050e+00
    8.4400000000e+04    1.5258908610e+00
    8.4500000000e+04    1.3515163228e+00
    8.4600000000e+04    1.2590400987e+00
    8.4700000000e+04    1.0895636255e+00
    8.4800000000e+04    1.4080365009e+00
    8.4900000000e+04    1.5167416135e+00
    8.5000000000e+04    1.2577233693e+00
    8.5100000000e+04    1.3501816976e+00
    8.5200000000e+04    1.3770368860e+00
    8.5300000000e+04    1.2422702930e+00
    8.5400000000e+04    1.1583793152e+00
    8.5500000000e+04    1.5211175277e+00
    8.5600000000e+04    1.6014688271e+00
    8.5700000000e+04    1.6465234999e+00
    8.5800000000e+04    1.7415725738e+00
    8.5900000000e+04    1.6898643866e+00
    8.6000000000e+04    1.7731904818e+00
    8.6100000000e+04    1.4682700911e+00
    8.6200000000e+04    1.3666915559e+00
    8.6300000000e+04    1.5079750799e+00
    8.6400000000e+04    1.7145546843e+00
    8.6500000000e+04    1.6559153348e+00
    8.6600000000e+04    1.5154644762e+00
    8.6700000000e+04    1.4988749245e+00
    8.6800000000e+04    1.3827371329e+00
    8.6900000000e+04    1.7943121258e+00
    8.7000000000e+04    1.2490550063e+00
    8.7100000000e+04    1.5340553078e+00
    8.7200000000e+04    1.5445895343e+00
    8.7300000000e+04    1.5110719122e+00
    8.7400000000e+04    1.5838690753e+00
    8.7500000000e+04    1.6885838808e+00
    8.7600000000e+04    1.3745135086e+00
    8.7700000000e+04    1.6745425124e+00
    8.7800000000e+04    1.6283877648e+00
    8.7900000000e+04    1.6510331111e+00
    8.8000000000e+04    1.6602380512e+00
    8.8100000000e+04    1.5699583891e+00
    8.8200000000e+04    1.7276872610e+00
    8.8300000000e+04    1.4890728333e+00
    8.8400000000e+04    1.8087649335e+00
    8.8500000000e+04    1.8419764697e+00
    8.8600000000e+04    1.9543229011e+00
    8.8700000000e+04    1.8716912855e+00
    8.8800000000e+04    2.1179217338e+00
    8.8900000000e+04    1.8764807752e+00
    8.9000000000e+04    1.5039500914e+00
    8.9100000000e+04    1.8206531438e+00
    8.9200000000e+04    1.5928077422e+00
    8.9300000000e+04    1.8676428742e+00
    8.9400000000e+04    1.6493528686e+00
    8.9500000000e+04    1.7268513693e+00
    8.9600000000e+04    1.7586194438e+00
    8.9700000000e+04    1.7668775302e+00
    8.9800000000e+04    1.7885426414e+00
    8.9900000000e+04    1.2881963101e+00
    9.0000000000e+04    1.4808140865e+00
    9.0100000000e+04    1.4799883904e+00
    9.0200000000e+04    1.8038635594e+00
    9.0300000000e+04    1.4729758462e+00
    9.0400000000e+04    1.5729212928e+00
    9.0500000000e+04    1.9104350591e+00
    9.0600000000e+04    1.7994947190e+00
    9.0700000000e+04    1.7008686940e+00
    9.0800000000e+04    1.6841574766e+00
    9.0900000000e+04    1.5159492149e+00
    9.1000000000e+04    1.3910437677e+00
    9.1100000000e+04    1.3786744493e+00
    9.1200000000e+04    1.4090815026e+00
    9.1300000000e+04    1.4594794739e+00
    9.1400000000e+04    1.8638246111e+00
    9.1500000000e+04    1.8793166846e+00
    9.1600000000e+04    1.8709711736e+00
    9.1700000000e+04    1.4110131222e+00
    9.1800000000e+04    1.7000935282e+00
    9.1900000000e+04    1.7022725507e+00
    9.2000000000e+04    1.6533828612e+00
    9.2100000000e+04    1.6267844251e+00
    9.2200000000e+04    1.7081646151e+00
    9.2300000000e+04    1.5146796106e+00
    9.2400000000e+04    1.6746814217e+00
    9.2500000000e+04    1.6012249274e+00
    9.2600000000e+04    1.3478326669e+00
    9.2700000000e+04    1.4007907432e+00
    9.2800000000e+04    1.3171363931e+00
    9.2900000000e+04    1.3262873902e+00
    9.3000000000e+04    1.5397476161e+00
    9.3100000000e+04    1.6120649386e+00
    9.3200000000e+04    1.4733573224e+00
    9.3300000000e+04    1.6313632686e+00
    9.3400000000e+04    1.3642421357e+00
    9.3500000000e+04    1.4649657551e+00
    9.3600000000e+04    1.4508662114e+00
    9.3700000000e+04    1.5815913505e+00
    9.3800000000e+04    1.3402645739e+00
    9.3900000000e+04    1.2832434864e+00
    9.4000000000e+04    1.1849167607e+00
    9.4100000000e+04    1.5693951423e+00
    9.4200000000e+04    1.4139206586e+00
    9.4300000000e+04    1.3064050701e+00
    9.4400000000e+04    1.3946836934e+00
    9.4500000000e+04    1.4655860651e+00
    9.4600000000e+04    1.6799532972e+00
    9.4700000000e+04    1.5325078857e+00
    9.4800000000e+04    1.4566547144e+00
    9.4900000000e+04    1.6581159204e+00
    9.5000000000e+04    1.8094154608e+00
    9.5100000000e+04    1.3525172823e+00
    9.5200000000e+04    1.8050454059e+00
    9.5300000000e+04    2.1526171480e+00
    9.5400000000e+04    1.7869569996e+00
    9.5500000000e+04    1.6114002645e+00
    9.5600000000e+04    1.5861012728e+00
    9.5700000000e+04    2.0209490611e+00
    9.5800000000e+04    1.7047248739e+00
    9.5900000000e+04    1.6915154892e+00
    9.6000000000e+04    1.7849175880e+00
    9.6100000000e+04    2.1213310655e+00
    9.6200000000e+04    1.4241615632e+00
    9.6300000000e+04    1.1754780766e+00
    9.6400000000e+04    1.8012600665e+00
    9.6500000000e+04    1.7175367778e+00
    9.6600000000e+04    1.3156643365e+00
    9.6700000000e+04    1.6943532504e+00
    9.6800000000e+04    1.8333060163e+00
    9.6900000000e+04    1.5824460794e+00
    9.7000000000e+04    1.6875123309e+00
    9.7100000000e+04    1.7195167073e+00
    9.7200000000e+04    1.6791568122e+00
    9.7300000000e+04    1.9714000816e+00
    9.7400000000e+04    1.2653062255e+00
    9.7500000000e+04    1.4689389145e+00
    9.7600000000e+04    2.0414608109e+00
    9.7700000000e+04    2.0298538210e+00
    9.7800000000e+04    1.5025502595e+00
    9.7900000000e+04    1.8734657787e+00
    9.8000000000e+04    1.9912372279e+00
    9.8100000000e+04    1.7440389927e+00
    9.8200000000e+04    1.4608221121e+00
    9.8300000000e+04    1.9265764528e+00
    9.8400000000e+04    1.3646162911e+00
    9.8500000000e+04    1.8829017430e+00
    9.8600000000e+04    1.6163198490e+00
    9.8700000000e+04    1.2571312158e+00
    9.8800000000e+04    1.6388433964e+00
    9.8900000000e+04    2.2071969729e+00
    9.9000000000e+04    1.6984392206e+00
    9.9100000000e+04    1.9378155226e+00
    9.9200000000e+04    1.9922333897e+00
    9.9300000000e+04    1.6334927374e+00
    9.9400000000e+04    1.5637213070e+00
    9.9500000000e+04    1.8254652670e+00
    9.9600000000e+04    1.4225205040e+00
    9.9700000000e+04    2.0093106698e+00
    9.9800000000e+04    1.7700739740e+00
    9.9900000000e+04    1.4066063995e+00
    1.0000000000e+05    1.9205554647e+00
    1.0010000000e+05    1.8716558734e+00
    1.0020000000e+05    1.8642306097e+00
    1.0030000000e+05    1.7550199352e+00
    1.0040000000e+05    1.7100110355e+00
    1.0050000000e+05    1.3613073364e+00
    1.0060000000e+05    1.7238094896e+00
    1.0070000000e+05    1.3428913937e+00
    1.0080000000e+05    1.2511213752e+00
    1.0090000000e+05    1.4906476779e+00
    1.0100000000e+05    1.1222317993e+00
    1.0110000000e+05    1.3865906923e+00
    1.0120000000e+05    1.3484324965e+00
    1.0130000000e+05    1.3802253915e+00
    1.0140000000e+05    1.3067819121e+00
    1.0150000000e+05    1.4809456412e+00
    1.0160000000e+05    1.2205016486e+00
    1.0170000000e+05    1.6525882143e+00
    1.0180000000e+05    1.5721269383e+00
    1.0190000000e+05    1.6001838695e+00
    1.0200000000e+05    1.5189434639e+00
    1.0210000000e+05    1.5704703056e+00
    1.0220000000e+05    1.3469379394e+00
    1.0230000000e+05    1.3862522597e+00
    1.0240000000e+05    1.4178063311e+00
    1.0250000000e+05    1.6539111257e+00
    1.0260000000e+05    1.2455635993e+00
    1.0270000000e+05    1.4476100863e+00
    1.0280000000e+05    1.5913611560e+00
    1.0290000000e+05    1.5115629756e+00
    1.0300000000e+05    1.7270283525e+00
    1.0310000000e+05    1.5372282310e+00
    1.0320000000e+05    1.6529875038e+00
    1.0330000000e+05    1.5063483148e+00
    1.0340000000e+05    1.1507165896e+00
    1.0350000000e+05    1.1838136280e+00
    1.0360000000e+05    1.4955549613e+00
    1.0370000000e+05    1.3709241371e+00
    1.0380000000e+05    1.5575609148e+00
    1.0390000000e+05    1.5076846235e+00
    1.0400000000e+05    1.3300417136e+00
    1.0410000000e+05    1.4162237060e+00
    1.0420000000e+05    1.2770255945e+00
    1.0430000000e+05    1.3656850859e+00
    1.0440000000e+05    1.4411633821e+00
    1.0450000000e+05    1.2186959154e+00
    1.0460000000e+05    1.5512162142e+00
    1.0470000000e+05    1.4345467317e+00
    1.0480000000e+05    1.3646273959e+00
    1.0490000000e+05    1.2733250247e+00
    1.0500000000e+05    1.1583781582e+00
    1.0510000000e+05    1.4278514180e+00
    1.0520000000e+05    1.4894176720e+00
    1.0530000000e+05    1.4925991501e+00
    1.0540000000e+05    1.4858244327e+00
    1.0550000000e+05    1.6060642474e+00
    1.0560000000e+05    1.5509198875e+00
    1.0570000000e+05    1.4241419127e+00
    1.0580000000e+05    1.4730062209e+00
    1.0590000000e+05    1.4757959070e+00
    1.0600000000e+05    1.4768109819e+00
    1.0610000000e+05    1.5276973452e+00
    1.0620000000e+05    1.4100445601e+00
    1.0630000000e+05    1.5517890448e+00
    1.0640000000e+05    1.3606288190e+00
    1.0650000000e+05    1.6800345440e+00
    1.0660000000e+05    1.4491190561e+00
    1.0670000000e+05    1.5049992536e+00
    1.0680000000e+05    1.3902488548e+00
    1.0690000000e+05    1.4282320764e+00
    1.0700000000e+05    1.4749090476e+00
    1.0710000000e+05    1.4313998113e+00
    1.0720000000e+05    1.5853698573e+00
    1.0730000000e+05    1.5085861710e+00
    1.0740000000e+05    1.3920358422e+00
    1.0750000000e+05    1.6891869107e+00
    1.0760000000e+05    1.3495914365e+00
    1.0770000000e+05    1.3164269861e+00
    1.0780000000e+05    1.5082159870e+00
    1.0790000000e+05    1.4799519830e+00
    1.0800000000e+05    1.3341445981e+00
    1.0810000000e+05    1.2942307537e+00
    1.0820000000e+05    1.6693396510e+00
    1.0830000000e+05    1.6865872475e+00
    1.0840000000e+05    1.4312680930e+00
    1.0850000000e+05    1.4091751610e+00
    1.0860000000e+05    1.0210538765e+00
    1.0870000000e+05    1.3129906908e+00
    1.0880000000e+05    1.3385115897e+00
    1.0890000000e+05    1.6133771304e+00
    1.0900000000e+05    1.4279500723e+00
    1.0910000000e+05    1.5293819718e+00
    1.0920000000e+05    1.5995394807e+00
    1.0930000000e+05    1.2205610777e+00
    1.0940000000e+05    1.7847181190e+00
    1.0950000000e+05    1.4578552536e+00
    1.0960000000e+05    1.5074903551e+00
    1.0970000000e+05    1.2973890960e+00
    1.0980000000e+05    1.6408781007e+00
    1.0990000000e+05    1.3304928688e+00
    1.1000000000e+05    1.4406274171e+00
    1.1010000000e+05    1.5263964932e+00
    1.1020000000e+05    1.5722737554e+00
    1.1030000000e+05    1.7302736416e+00
    1.1040000000e+05    1.5817348771e+00
    1.1050000000e+05    1.6326995848e+00
    1.1060000000e+05    1.8476701014e+00
    1.1070000000e+05    1.2284916743e+00
    1.1080000000e+05    1.4999494605e+00
    1.1090000000e+05    1.6694317967e+00
    1.1100000000e+05    1.5095957130e+00
    1.1110000000e+05    1.0601916186e+00
    1.1120000000e+05    1.2489559215e+00
    1.1130000000e+05    1.3526908402e+00
    1.1140000000e+05    1.5003938108e+00
    1.1150000000e+05    1.3130196973e+00
    1.1160000000e+05    1.2843983793e+00
    1.1170000000e+05    1.2050838749e+00
    1.1180000000e+05    1.6714380047e+00
    1.1190000000e+05    1.3991359030e+00
    1.1200000000e+05    1.5314535464e+00
    1.1210000000e+05    1.4191350629e+00
    1.1220000000e+05    1.4603115623e+00
    1.1230000000e+05    1.5946464952e+00
    1.1240000000e+05    1.7718393415e+00
    1.1250000000e+05    1.6514679430e+00
    1.1260000000e+05    1.7545584793e+00
    1.1270000000e+05    1.8116527990e+00
    1.1280000000e+05    1.8545455619e+00
    1.1290000000e+05    1.5067424350e+00
    1.1300000000e+05    1.4758222071e+00
    1.1310000000e+05    1.5502264152e+00
    1.1320000000e+05    1.6014629634e+00
    1.1330000000e+05    1.3586498867e+00
    1.1340000000e+05    1.5840592451e+00
    1.1350000000e+05    1.4485493163e+00
    1.1360000000e+05    1.5114389065e+00
    1.1370000000e+05    1.5555143390e+00
    1.1380000000e+05    1.8136727225e+00
    1.1390000000e+05    1.7013023143e+00
    1.1400000000e+05    1.4345149904e+00
    1.1410000000e+05    1.4159080717e+00
    1.1420000000e+05    1.4703694091e+00
    1.1430000000e+05    1.5136045584e+00
    1.1440000000e+05    1.5918660763e+00
    1.1450000000e+05    1.3346900483e+00
    1.1460000000e+05    1.5215253723e+00
    1.1470000000e+05    1.5392023495e+00
    1.1480000000e+05    1.3963483334e+00
    1.1490000000e+05    1.3634103253e+00
    1.1500000000e+05    1.3584074436e+00
    1.1510000000e+05    1.3081226962e+00
    1.1520000000e+05    1.3925218210e+00
    1.1530000000e+05    1.6743587818e+00
    1.1540000000e+05    1.4086755900e+00
    1.1550000000e+05    1.3761738615e+00
    1.1560000000e+05    1.4423304666e+00
    1.1570000000e+05    1.0793131512e+00
    1.1580000000e+05    1.4992178371e+00
    1.1590000000e+05    1.3993648787e+00
    1.1600000000e+05    1.4804250492e+00
    1.1610000000e+05    1.4943355568e+00
    1.1620000000e+05    1.6166136326e+00
    1.1630000000e+05    1.5511829804e+00
    1.1640000000e+05    1.5359309912e+00
    1.1650000000e+05    1.3041567341e+00
    1.1660000000e+05    1.4896446540e+00
    1.1670000000e+05    1.5823307920e+00
    1.1680000000e+05    1.7352267848e+00
    1.1690000000e+05    1.5276795805e+00
    1.1700000000e+05    1.3920575575e+00
    1.1710000000e+05    1.2797305313e+00
    1.1720000000e+05    1.7691911311e+00
    1.1730000000e+05    1.5012118999e+00
    1.1740000000e+05    1.4191264237e+00
    1.1750000000e+05    1.6985360067e+00
    1.1760000000e+05    1.3664899900e+00
    1.1770000000e+05    1.2285234812e+00
    1.1780000000e+05    1.4113867589e+00
    1.1790000000e+05    1.3846252378e+00
    1.1800000000e+05    1.4112651722e+00
    1.1810000000e+05    1.3253154717e+00
    1.1820000000e+05    1.4065257249e+00
    1.1830000000e+05    1.6705188886e+00
    1.1840000000e+05    1.7064443609e+00
    1.1850000000e+05    1.3436227569e+00
    1.1860000000e+05    1.3150748524e+00
    1.1870000000e+05    1.8675945474e+00
    1.1880000000e+05    1.7108431356e+00
    1.1890000000e+05    1.6013731372e+00
    1.1900000000e+05    1.5673224228e+00
    1.1910000000e+05    1.5357740908e+00
    1.1920000000e+05    1.4941906840e+00
    1.1930000000e+05    1.4951497165e+00
    1.1940000000e+05    1.4893834075e+00
    1.1950000000e+05    1.2980649643e+00
    1.1960000000e+05    1.3873670180e+00
    1.1970000000e+05    1.5675201360e+00
    1.1980000000e+05    1.4238815296e+00
    1.1990000000e+05    1.4286274599e+00
    1.2000000000e+05    1.6423811206e+00
    1.2010000000e+05    1.5154300533e+00
    1.2020000000e+05    1.5257268895e+00
    1.2030000000e+05    1.5811339473e+00
    1.2040000000e+05    1.5123314087e+00
    1.2050000000e+05    1.7916158225e+00
    1.2060000000e+05    1.3864245215e+00
    1.2070000000e+05    1.4687514360e+00
    1.2080000000e+05    1.5273816478e+00
    1.2090000000e+05    1.3888945076e+00
    1.2100000000e+05    1.3948667149e+00
    1.2110000000e+05    1.5448717462e+00
    1.2120000000e+05    1.6681530307e+00
    1.2130000000e+05    1.4189118620e+00
    1.2140000000e+05    1.4396602910e+00
    1.2150000000e+05    1.6957667947e+00
    1.2160000000e+05    1.3474508333e+00
    1.2170000000e+05    1.2368762019e+00
    1.2180000000e+05    1.4672201565e+00
    1.2190000000e+05    1.5986437620e+00
    1.2200000000e+05    1.4016802106e+00
    1.2210000000e+05    1.6605314644e+00
    1.2220000000e+05    1.5758137617e+00
    1.2230000000e+05    1.6669583799e+00
    1.2240000000e+05    1.3178689140e+00
    1.2250000000e+05    1.8901910985e+00
    1.2260000000e+05    1.2961108574e+00
    1.2270000000e+05    1.3353237995e+00
    1.2280000000e+05    1.4625341138e+00
    1.2290000000e+05    1.1104482246e+00
    1.2300000000e+05    1.5865408647e+00
    1.2310000000e+05    1.4313312255e+00
    1.2320000000e+05    1.3960462439e+00
    1.2330000000e+05    1.6344088974e+00
    1.2340000000e+05    1.4495738843e+00
    1.2350000000e+05    1.4575735459e+00
    1.2360000000e+05    1.2697164428e+00
    1.2370000000e+05    1.3510935915e+00
    1.2380000000e+05    1.6043459998e+00
    1.2390000000e+05    1.3659005162e+00
    1.2400000000e+05    1.7616240939e+00
    1.2410000000e+05    1.4442930214e+00
    1.2420000000e+05    1.5547635647e+00
    1.2430000000e+05    1.6547933717e+00
    1.2440000000e+05    1.6310301053e+00
    1.2450000000e+05    1.4365146180e+00
    1.2460000000e+05    1.4654208038e+00
    1.2470000000e+05    1.6104488777e+00
    1.2480000000e+05    1.5798443143e+00
    1.2490000000e+05    1.3224817505e+00
    1.2500000000e+05    1.2089236341e+00
    1.2510000000e+05    1.3016004994e+00
    1.2520000000e+05    1.6283389365e+00
    1.2530000000e+05    1.5886014317e+00
    1.2540000000e+05    1.7537963238e+00
    1.2550000000e+05    1.7509749195e+00
    1.2560000000e+05    1.7275064095e+00
    1.2570000000e+05    1.4963187510e+00
    1.2580000000e+05    1.4022994007e+00
    1.2590000000e+05    1.4015589144e+00
    1.2600000000e+05    1.7436726468e+00
    1.2610000000e+05    1.3422140463e+00
    1.2620000000e+05    1.5772479360e+00
    1.2630000000e+05    1.5543192994e+00
    1.2640000000e+05    1.7131483184e+00
    1.2650000000e+05    1.6497183521e+00
    1.2660000000e+05    1.2839333808e+00
    1.2670000000e+05    1.5082619229e+00
    1.2680000000e+05    1.4769573613e+00
    1.2690000000e+05    1.4992603592e+00
    1.2700000000e+05    1.3478101453e+00
    1.2710000000e+05    1.2600591434e+00
    1.2720000000e+05    1.4603417161e+00
    1.2730000000e+05    1.6225956540e+00
    1.2740000000e+05    1.5718520791e+00
    1.2750000000e+05    1.4420980774e+00
    1.2760000000e+05    1.6387126287e+00
    1.2770000000e+05    1.5554290049e+00
    1.2780000000e+05    1.6813931539e+00
    1.2790000000e+05    1.2988307476e+00
    1.2800000000e+05    1.5212698436e+00
    1.2810000000e+05    1.3677927368e+00
    1.2820000000e+05    1.5101563946e+00
    1.2830000000e+05    1.3059520062e+00
    1.2840000000e+05    1.1598938215e+00
    1.2850000000e+05    1.3721054440e+00
    1.2860000000e+05    1.4542921760e+00
    1.2870000000e+05    1.3211294366e+00
    1.2880000000e+05    1.4724065165e+00
    1.2890000000e+05    1.5154555894e+00
    1.2900000000e+05    1.7757115242e+00
    1.2910000000e+05    1.2417298425e+00
    1.2920000000e+05    1.7233080457e+00
    1.2930000000e+05    1.7001037170e+00
    1.2940000000e+05    1.5045556842e+00
    1.2950000000e+05    1.1913003837e+00
    1.2960000000e+05    1.5052277305e+00
    1.2970000000e+05    1.6035073535e+00
    1.2980000000e+05    1.4553308179e+00
    1.2990000000e+05    1.8210492340e+00
    1.3000000000e+05    1.4835817017e+00
    1.3010000000e+05    1.4050677585e+00
    1.3020000000e+05    1.2813689825e+00
    1.3030000000e+05    1.6065694399e+00
    1.3040000000e+05    1.5106217666e+00
    1.3050000000e+05    1.6042444729e+00
    1.3060000000e+05    1.4387625278e+00
    1.3070000000e+05    1.3256408814e+00
    1.3080000000e+05    1.4365139455e+00
    1.3090000000e+05    1.2878249184e+00
    1.3100000000e+05    1.6666573333e+00
    1.3110000000e+05    1.5273641643e+00
    1.3120000000e+05    1.5732494934e+00
    1.3130000000e+05    1.4221803876e+00
    1.3140000000e+05    1.5881389860e+00
    1.3150000000e+05    1.4157933768e+00
    1.3160000000e+05    1.4886630331e+00
    1.3170000000e+05    1.4567941902e+00
    1.3180000000e+05    1.5462495542e+00
    1.3190000000e+05    1.2093378151e+00
    1.3200000000e+05    1.3975771197e+00
    1.3210000000e+05    1.2453001360e+00
    1.3220000000e+05    1.2407930590e+00
    1.3230000000e+05    1.3929136961e+00
    1.3240000000e+05    1.4678078889e+00
    1.3250000000e+05    1.1649462674e+00
    1.3260000000e+05    1.5433144697e+00
    1.3270000000e+05    1.6862412548e+00
    1.3280000000e+05    1.2558762936e+00
    1.3290000000e+05    1.5927194129e+00
    1.3300000000e+05    1.4163872684e+00
    1.3310000000e+05    1.4412740326e+00
    1.3320000000e+05    1.2781497596e+00
    1.3330000000e+05    1.6546489329e+00
    1.3340000000e+05    1.3940509010e+00
    1.3350000000e+05    1.5520540365e+00
    1.3360000000e+05    1.7682009184e+00
    1.3370000000e+05    1.4752158248e+00
    1.3380000000e+05    1.5674846780e+00
    1.3390000000e+05    1.3252587853e+00
    1.3400000000e+05    1.4439127142e+00
    1.3410000000e+05    1.4438679333e+00
    1.3420000000e+05    1.3831520305e+00
    1.3430000000e+05    1.7708503248e+00
    1.3440000000e+05    1.2725732769e+00
    1.3450000000e+05    1.5486586921e+00
    1.3460000000e+05    1.5873934676e+00
    1.3470000000e+05    1.4167044842e+00
    1.3480000000e+05    1.5925364451e+00
    1.3490000000e+05    1.3628081705e+00
    1.3500000000e+05    1.2861882725e+00
    1.3510000000e+05    1.2381594489e+00
    1.3520000000e+05    1.5156066139e+00
    1.3530000000e+05    1.4581933398e+00
    1.3540000000e+05    1.3688447745e+00
    1.3550000000e+05    1.6101422178e+00
    1.3560000000e+05    1.5721822036e+00
    1.3570000000e+05    1.7577980061e+00
    1.3580000000e+05    1.5411961992e+00
    1.3590000000e+05    1.6637199341e+00
    1.3600000000e+05    1.4550514717e+00
    1.3610000000e+05    1.3869082219e+00
    1.3620000000e+05    1.5343947719e+00
    1.3630000000e+05    1.4775919637e+00
    1.3640000000e+05    1.6897965068e+00
    1.3650000000e+05    1.8089126817e+00
    1.3660000000e+05    1.5389245830e+00
    1.3670000000e+05    1.1876024122e+00
    1.3680000000e+05    1.7541218451e+00
    1.3690000000e+05    1.4668945206e+00
    1.3700000000e+05    1.4498715668e+00
    1.3710000000e+05    1.2353552112e+00
    1.3720000000e+05    1.4043687301e+00
    1.3730000000e+05    1.8331223650e+00
    1.3740000000e+05    1.5894860912e+00
    1.3750000000e+05    1.7407993473e+00
    1.3760000000e+05    1.4673622722e+00
    1.3770000000e+05    1.8043529446e+00
    1.3780000000e+05    1.8491705627e+00
    1.3790000000e+05    1.7204899193e+00
    1.3800000000e+05    1.3765466804e+00
    1.3810000000e+05    1.5703608660e+00
    1.3820000000e+05    1.5339749875e+00
    1.3830000000e+05    1.5044424049e+00
    1.3840000000e+05    1.5554194483e+00
    1.3850000000e+05    1.6549205213e+00
    1.3860000000e+05    1.4121539824e+00
    1.3870000000e+05    1.4534013473e+00
    1.3880000000e+05    1.2769210995e+00
    1.3890000000e+05    1.4476041188e+00
    1.3900000000e+05    1.7185174712e+00
    1.3910000000e+05    1.6084397503e+00
    1.3920000000e+05    1.4616714222e+00
    1.3930000000e+05    1.4182384916e+00
    1.3940000000e+05    1.5057377412e+00
    1.3950000000e+05    1.4355594677e+00
    1.3960000000e+05    1.3001841775e+00
    1.3970000000e+05    1.4310326550e+00
    1.3980000000e+05    1.5972253462e+00
    1.3990000000e+05    1.4507522275e+00
    1.4000000000e+05    1.1369356788e+00
    1.4010000000e+05    1.3928669645e+00
    1.4020000000e+05    1.3213939358e+00
    1.4030000000e+05    1.4885025781e+00
    1.4040000000e+05    1.4120121824e+00
    1.4050000000e+05    1.4139907326e+00
    1.4060000000e+05    1.6396838612e+00
    1.4070000000e+05    1.8254190528e+00
    1.4080000000e+05    1.5315748075e+00
    1.4090000000e+05    1.5226530978e+00
    1.4100000000e+05    1.7862008460e+00
    1.4110000000e+05    1.4341218080e+00
    1.4120000000e+05    1.7099570819e+00
    1.4130000000e+05    1.5416402664e+00
    1.4140000000e+05    1.3744295537e+00
    1.4150000000e+05    1.4173707822e+00
    1.4160000000e+05    1.3945600472e+00
    1.4170000000e+05    1.4445045127e+00
    1.4180000000e+05    1.2543554792e+00
    1.4190000000e+05    1.6483530563e+00
    1.4200000000e+05    1.2857090174e+00
    1.4210000000e+05    1.6042114944e+00
    1.4220000000e+05    1.4141454899e+00
    1.4230000000e+05    1.2533802904e+00
    1.4240000000e+05    1.2272610662e+00
    1.4250000000e+05    1.2363540632e+00
    1.4260000000e+05    1.3211788963e+00
    1.4270000000e+05    1.7900743980e+00
    1.4280000000e+05    1.4187149095e+00
    1.4290000000e+05    1.4831871216e+00
    1.4300000000e+05    1.6308633969e+00
    1.4310000000e+05    1.4694198940e+00
    1.4320000000e+05    1.6223020641e+00
    1.4330000000e+05    1.4496000203e+00
    1.4340000000e+05    1.6645717091e+00
    1.4350000000e+05    1.6628573946e+00
    1.4360000000e+05    1.6146499162e+00
    1.4370000000e+05    1.4166789859e+00
    1.4380000000e+05    1.4584870723e+00
    1.4390000000e+05    1.5738746426e+00
    1.4400000000e+05    1.6901997799e+00
    1.4410000000e+05    1.7257207770e+00
    1.4420000000e+05    1.6625380383e+00
    1.4430000000e+05    1.3107726032e+00
    1.4440000000e+05    2.0780680956e+00
    1.4450000000e+05    1.3400134142e+00
    1.4460000000e+05    1.4877269185e+00
    1.4470000000e+05    1.3802094395e+00
    1.4480000000e+05    1.6423995284e+00
    1.4490000000e+05    1.6682047528e+00
    1.4500000000e+05    1.3861735495e+00
    1.4510000000e+05    1.3785920888e+00
    1.4520000000e+05    1.6646432753e+00
    1.4530000000e+05    1.3688202115e+00
    1.4540000000e+05    1.5537844855e+00
    1.4550000000e+05    1.4136258624e+00
    1.4560000000e+05    1.8010512311e+00
    1.4570000000e+05    1.4602455922e+00
    1.4580000000e+05    1.3984473418e+00
    1.4590000000e+05    1.5163120908e+00
    1.4600000000e+05    1.2090625599e+00
    1.4610000000e+05    1.3313071160e+00
    1.4620000000e+05    1.6609368803e+00
    1.4630000000e+05    1.6304297746e+00
    1.4640000000e+05    1.6066424481e+00
    1.4650000000e+05    1.6598468936e+00
    1.4660000000e+05    1.5853359403e+00
    1.4670000000e+05    1.5023326476e+00
    1.4680000000e+05    1.7186323986e+00
    1.4690000000e+05    1.4003808848e+00
    1.4700000000e+05    1.4863073850e+00
    1.4710000000e+05    1.5049282215e+00
    1.4720000000e+05    1.5753177260e+00
    1.4730000000e+05    1.4030178290e+00
    1.4740000000e+05    1.3497728370e+00
    1.4750000000e+05    1.4617055388e+00
    1.4760000000e+05    1.5221529059e+00
    1.4770000000e+05    1.3289705899e+00
    1.4780000000e+05    1.5680371629e+00
    1.4790000000e+05    1.5677242194e+00
    1.4800000000e+05    1.6716052669e+00
    1.4810000000e+05    1.8091001346e+00
    1.4820000000e+05    1.5229612280e+00
    1.4830000000e+05    1.2686852802e+00
    1.4840000000e+05    1.4627087087e+00
    1.4850000000e+05    1.6817822808e+00
    1.4860000000e+05    1.7812952494e+00
    1.4870000000e+05    1.2191893701e+00
    1.4880000000e+05    1.9854718278e+00
    1.4890000000e+05    1.8552472697e+00
    1.4900000000e+05    1.5865916707e+00
    1.4910000000e+05    1.5450989564e+00
    1.4920000000e+05    1.6712709325e+00
    1.4930000000e+05    1.5409231599e+00
    1.4940000000e+05    1.4521328127e+00
    1.4950000000e+05    1.5165577147e+00
    1.4960000000e+05    1.4445945965e+00
    1.4970000000e+05    1.5551690916e+00
    1.4980000000e+05    1.3273228053e+00
    1.4990000000e+05    1.3491561989e+00
    1.5000000000e+05    1.5492989600e+00
    1.5010000000e+05    1.2958722203e+00
    1.5020000000e+05    1.3989957415e+00
    1.5030000000e+05    1.3166443034e+00
    1.5040000000e+05    1.4713434317e+00
    1.5050000000e+05    1.4854769899e+00
    1.5060000000e+05    1.7467101733e+00
    1.5070000000e+05    1.5992479317e+00
    1.5080000000e+05    1.5992289329e+00
    1.5090000000e+05    2.0606195898e+00
    1.5100000000e+05    1.6891435107e+00
    1.5110000000e+05    1.9957795912e+00
    1.5120000000e+05    1.9250815348e+00
    1.5130000000e+05    1.5964412286e+00
    1.5140000000e+05    1.9285105818e+00
    1.5150000000e+05    1.1141364338e+00
    1.5160000000e+05    1.5909891816e+00
    1.5170000000e+05    1.4490220010e+00
    1.5180000000e+05    1.3927121621e+00
    1.5190000000e+05    1.4062997469e+00
    1.5200000000e+05    1.3876765562e+00
    1.5210000000e+05    1.5756157315e+00
    1.5220000000e+05    1.2999011425e+00
    1.5230000000e+05    1.3572972493e+00
    1.5240000000e+05    1.3723126150e+00
    1.5250000000e+05    1.3795772197e+00
    1.5260000000e+05    1.4818280742e+00
    1.5270000000e+05    1.5562578370e+00
    1.5280000000e+05    1.6811531664e+00
    1.5290000000e+05    1.3732504290e+00
    1.5300000000e+05    2.0119707955e+00
    1.5310000000e+05    1.7592314665e+00
    1.5320000000e+05    1.6949992504e+00
    1.5330000000e+05    1.4649201558e+00
    1.5340000000e+05    1.5015235258e+00
    1.5350000000e+05    1.4760840183e+00
    1.5360000000e+05    1.3093883343e+00
    1.5370000000e+05    1.1489984635e+00
    1.5380000000e+05    1.3860746057e+00
    1.5390000000e+05    1.3868399154e+00
    1.5400000000e+05    1.7606416842e+00
    1.5410000000e+05    1.6359937115e+00
    1.5420000000e+05    1.7458561729e+00
    1.5430000000e+05    1.5257627227e+00
    1.5440000000e+05    1.5417701137e+00
    1.5450000000e+05    1.3673597388e+00
    1.5460000000e+05    1.5238196933e+00
    1.5470000000e+05    1.6228376710e+00
    1.5480000000e+05    1.5203252565e+00
    1.5490000000e+05    1.7105902254e+00
    1.5500000000e+05    1.5352793544e+00
    1.5510000000e+05    1.0108828862e+00
    1.5520000000e+05    1.4687186775e+00
    1.5530000000e+05    1.3763718668e+00
    1.5540000000e+05    1.1931571801e+00
    1.5550000000e+05    1.2906848878e+00
    1.5560000000e+05    1.5817287167e+00
    1.5570000000e+05    1.5828930803e+00
    1.5580000000e+05    1.8344032732e+00
    1.5590000000e+05    2.0435783471e+00
    1.5600000000e+05    1.5987265190e+00
    1.5610000000e+05    1.5099778909e+00
    1.5620000000e+05    1.7665600830e+00
    1.5630000000e+05    1.3117765123e+00
    1.5640000000e+05    1.4991062630e+00
    1.5650000000e+05    1.3383332157e+00
    1.5660000000e+05    1.8020043273e+00
    1.5670000000e+05    1.2803729578e+00
    1.5680000000e+05    1.6364601081e+00
    1.5690000000e+05    1.2671131929e+00
    1.5700000000e+05    1.8811578351e+00
    1.5710000000e+05    1.3762802275e+00
    1.5720000000e+05    1.4920449901e+00
    1.5730000000e+05    1.7959983144e+00
    1.5740000000e+05    1.5368395486e+00
    1.5750000000e+05    1.5051797358e+00
    1.5760000000e+05    1.3460922585e+00
    1.5770000000e+05    1.6511689168e+00
    1.5780000000e+05    1.5238118734e+00
    1.5790000000e+05    1.3584200092e+00
    1.5800000000e+05    1.5724311874e+00
    1.5810000000e+05    1.1189966447e+00
    1.5820000000e+05    1.2081702156e+00
    1.5830000000e+05    1.4470802795e+00
    1.5840000000e+05    1.9112502797e+00
    1.5850000000e+05    1.3519583478e+00
    1.5860000000e+05    1.5770581196e+00
    1.5870000000e+05    1.4992276015e+00
    1.5880000000e+05    1.5957018398e+00
    1.5890000000e+05    1.3602699625e+00
    1.5900000000e+05    1.6698211007e+00
    1.5910000000e+05    1.3833762367e+00
    1.5920000000e+05    1.5241350318e+00
    1.5930000000e+05    1.3237627160e+00
    1.5940000000e+05    1.3357439372e+00
    1.5950000000e+05    1.1958074343e+00
    1.5960000000e+05    1.5170294853e+00
    1.5970000000e+05    1.5862986367e+00
    1.5980000000e+05    1.8546247212e+00
    1.5990000000e+05    1.5691172082e+00
    1.6000000000e+05    1.4936539397e+00
    1.6010000000e+05    2.1092769113e+00
    1.6020000000e+05    1.6065038495e+00
    1.6030000000e+05    1.8823160101e+00
    1.6040000000e+05    1.2398666737e+00
    1.6050000000e+05    1.4740001180e+00
    1.6060000000e+05    1.5837602449e+00
    1.6070000000e+05    1.4567402034e+00
    1.6080000000e+05    1.7467359298e+00
    1.6090000000e+05    1.6863095454e+00
    1.6100000000e+05    1.3965799609e+00
    1.6110000000e+05    1.5896045656e+00
    1.6120000000e+05    1.7559249085e+00
    1.6130000000e+05    1.3559798696e+00
    1.6140000000e+05    1.2601364720e+00
    1.6150000000e+05    1.6083735269e+00
    1.6160000000e+05    1.6652161834e+00
    1.6170000000e+05    1.6229973667e+00
    1.6180000000e+05    1.7597047572e+00
    1.6190000000e+05    1.4331647117e+00
    1.6200000000e+05    1.5800795477e+00
    1.6210000000e+05    1.6706164965e+00
    1.6220000000e+05    1.4471562081e+00
    1.6230000000e+05    1.5688528128e+00
    1.6240000000e+05    1.3319858395e+00
    1.6250000000e+05    1.0237462183e+00
    1.6260000000e+05    1.0417690784e+00
    1.6270000000e+05    1.1651227851e+00
    1.6280000000e+05    1.3103324416e+00
    1.6290000000e+05    1.7819965847e+00
    1.6300000000e+05    1.6289336997e+00
    1.6310000000e+05    1.6418747238e+00
    1.6320000000e+05    1.8491705652e+00
    1.6330000000e+05    2.0802170705e+00
    1.6340000000e+05    1.4620294266e+00
    1.6350000000e+05    1.7898794947e+00
    1.6360000000e+05    1.6495914126e+00
    1.6370000000e+05    1.6328749339e+00
    1.6380000000e+05    1.6080977546e+00
    1.6390000000e+05    1.3861344229e+00
    1.6400000000e+05    1.1053387999e+00
    1.6410000000e+05    1.4570918456e+00
    1.6420000000e+05    1.6587394894e+00
    1.6430000000e+05    1.6608207248e+00
    1.6440000000e+05    1.1940159533e+00
    1.6450000000e+05    1.8583161579e+00
    1.6460000000e+05    1.8589914668e+00
    1.6470000000e+05    1.6178603382e+00
    1.6480000000e+05    1.4890893290e+00
    1.6490000000e+05    1.6667518741e+00
    1.6500000000e+05    1.2394126912e+00
    1.6510000000e+05    1.1580783157e+00
    1.6520000000e+05    1.4841312453e+00
    1.6530000000e+05    1.4104050637e+00
    1.6540000000e+05    1.1349082359e+00
    1.6550000000e+05    1.5858909144e+00
    1.6560000000e+05    1.5402137459e+00
    1.6570000000e+05    1.4941649771e+00
    1.6580000000e+05    1.6289543149e+00
    1.6590000000e+05    1.6303859775e+00
    1.6600000000e+05    1.8794125959e+00
    1.6610000000e+05    1.8663624194e+00
    1.6620000000e+05    2.0343656462e+00
    1.6630000000e+05    1.7272646392e+00
    1.6640000000e+05    1.3974516900e+00
    1.6650000000e+05    1.5616102053e+00
    1.6660000000e+05    1.4013942287e+00
    1.6670000000e+05    1.4900301936e+00
    1.6680000000e+05    1.4015555565e+00
    1.6690000000e+05    1.4955914593e+00
    1.6700000000e+05    1.4536560878e+00
    1.6710000000e+05    1.6704702859e+00
    1.6720000000e+05    1.4105458583e+00
    1.6730000000e+05    1.8147672588e+00
    1.6740000000e+05    1.6982650344e+00
    1.6750000000e+05    1.8038291617e+00
    1.6760000000e+05    1.2904092149e+00
    1.6770000000e+05    2.1012201181e+00
    1.6780000000e+05    1.6053475116e+00
    1.6790000000e+05    1.4135072486e+00
    1.6800000000e+05    1.1910966649e+00
    1.6810000000e+05    1.4695325277e+00
    1.6820000000e+05    1.4939986922e+00
    1.6830000000e+05    1.3505139623e+00
    1.6840000000e+05    1.3414746652e+00
    1.6850000000e+05    1.8762918039e+00
    1.6860000000e+05    1.7326599623e+00
    1.6870000000e+05    1.5959589720e+00
    1.6880000000e+05    2.0616638164e+00
    1.6890000000e+05    1.6864677901e+00
    1.6900000000e+05    1.7498180390e+00
    1.6910000000e+05    1.6946473119e+00
    1.6920000000e+05    1.7450885252e+00
    1.6930000000e+05    1.7899677510e+00
    1.6940000000e+05    1.2883074888e+00
    1.6950000000e+05    1.4894457463e+00
    1.6960000000e+05    1.2806222437e+00
    1.6970000000e+05    1.4642410935e+00
    1.6980000000e+05    1.0543922598e+00
    1.6990000000e+05    1.3056608796e+00
    1.7000000000e+05    1.2719320870e+00
    1.7010000000e+05    1.5023694812e+00
    1.7020000000e+05    1.4152513214e+00
    1.7030000000e+05    1.5549036439e+00
    1.7040000000e+05    1.6891707563e+00
    1.7050000000e+05    1.5288448364e+00
    1.7060000000e+05    1.8460924883e+00
    1.7070000000e+05    1.7297660565e+00
    1.7080000000e+05    1.9687307280e+00
    1.7090000000e+05    1.4278942701e+00
    1.7100000000e+05    1.7452682215e+00
    1.7110000000e+05    1.3849638109e+00
    1.7120000000e+05    1.5104137280e+00
    1.7130000000e+05    1.6243293465e+00
    1.7140000000e+05    1.3640192497e+00
    1.7150000000e+05    1.1029597941e+00
    1.7160000000e+05    1.3949536558e+00
    1.7170000000e+05    1.7347562007e+00
    1.7180000000e+05    1.5260857762e+00
    1.7190000000e+05    1.5104407455e+00
    1.7200000000e+05    1.7215744800e+00
    1.7210000000e+05    1.2466397997e+00
    1.7220000000e+05    1.6887622612e+00
    1.7230000000e+05    1.1573328269e+00
    1.7240000000e+05    1.3490176104e+00
    1.7250000000e+05    1.2731035823e+00
    1.7260000000e+05    1.2540423634e+00
    1.7270000000e+05    1.2161200900e+00
    1.7280000000e+05    1.4883894735e+00
    1.7290000000e+05    1.0475915455e+00
    1.7300000000e+05    1.3637154822e+00
    1.7310000000e+05    1.5321832002e+00
    1.7320000000e+05    1.3381573910e+00
    1.7330000000e+05    1.2678317793e+00
    1.7340000000e+05    1.1850539898e+00
    1.7350000000e+05    1.3310554605e+00
    1.7360000000e+05    1.4505620451e+00
    1.7370000000e+05    1.3544167720e+00
    1.7380000000e+05    1.4768443561e+00
    1.7390000000e+05    1.5477474872e+00
    1.7400000000e+05    1.2127351168e+00
    1.7410000000e+05    1.2555290011e+00
    1.7420000000e+05    1.8521562131e+00
    1.7430000000e+05    1.6483538312e+00
    1.7440000000e+05    1.6011429501e+00
    1.7450000000e+05    2.1330936616e+00
    1.7460000000e+05    1.7192028017e+00
    1.7470000000e+05    1.5247885647e+00
    1.7480000000e+05    1.9580110648e+00
    1.7490000000e+05    1.6498384671e+00
    1.7500000000e+05    1.6562905287e+00
    1.7510000000e+05    1.4308903660e+00
    1.7520000000e+05    1.5223299182e+00
    1.7530000000e+05    1.2143252441e+00
    1.7540000000e+05    1.1601592587e+00
    1.7550000000e+05    1.3528774660e+00
    1.7560000000e+05    9.2367160525e-01
    1.7570000000e+05    1.0737343913e+00
    1.7580000000e+05    1.2001182376e+00
    1.7590000000e+05    1.3707977458e+00
    1.7600000000e+05    1.6345904244e+00
    1.7610000000e+05    1.2358770131e+00
    1.7620000000e+05    1.5352083958e+00
    1.7630000000e+05    1.5899671555e+00
    1.7640000000e+05    1.5483488575e+00
    1.7650000000e+05    1.3637269683e+00
    1.7660000000e+05    1.8013502942e+00
    1.7670000000e+05    1.5400173888e+00
    1.7680000000e+05    1.9002007144e+00
    1.7690000000e+05    1.6224918823e+00
    1.7700000000e+05    1.7614685772e+00
    1.7710000000e+05    1.9952795094e+00
    1.7720000000e+05    2.0290109377e+00
    1.7730000000e+05    2.2317765851e+00
    1.7740000000e+05    1.8168657588e+00
    1.7750000000e+05    1.8316697196e+00
    1.7760000000e+05    1.8592248800e+00
    1.7770000000e+05    1.5209909199e+00
    1.7780000000e+05    1.8276770318e+00
    1.7790000000e+05    1.8998327261e+00
    1.7800000000e+05    1.9910544057e+00
    1.7810000000e+05    1.4725412106e+00
    1.7820000000e+05    1.8944578744e+00
    1.7830000000e+05    1.5456817336e+00
    1.7840000000e+05    2.0142649092e+00
    1.7850000000e+05    1.6702915011e+00
    1.7860000000e+05    1.5249637308e+00
    1.7870000000e+05    1.6566812610e+00
    1.7880000000e+05    1.6834889967e+00
    1.7890000000e+05    1.5299562692e+00
    1.7900000000e+05    1.6410468754e+00
    1.7910000000e+05    1.5463663211e+00
    1.7920000000e+05    1.5661898181e+00
    1.7930000000e+05    1.4130206701e+00
    1.7940000000e+05    1.7461153631e+00
    1.7950000000e+05    1.4288590422e+00
    1.7960000000e+05    1.5889356437e+00
    1.7970000000e+05    1.3951290909e+00
    1.7980000000e+05    2.0048396990e+00
    1.7990000000e+05    1.6949185575e+00
    1.8000000000e+05    1.3429387253e+00
    1.8010000000e+05    1.4996305950e+00
    1.8020000000e+05    1.3685120084e+00
    1.8030000000e+05    1.6074542115e+00
    1.8040000000e+05    1.1707752890e+00
    1.8050000000e+05    1.6402617820e+00
    1.8060000000e+05    1.3648537983e+00
    1.8070000000e+05    1.5041066724e+00
    1.8080000000e+05    1.7244050845e+00
    1.8090000000e+05    1.6915266276e+00
    1.8100000000e+05    1.5229937049e+00
    1.8110000000e+05    1.7629369259e+00
    1.8120000000e+05    1.5521324992e+00
    1.8130000000e+05    1.6683831172e+00
    1.8140000000e+05    1.3897154440e+00
    1.8150000000e+05    1.6657412912e+00
    1.8160000000e+05    1.3939767868e+00
    1.8170000000e+05    1.8769230875e+00
    1.8180000000e+05    1.4426289193e+00
    1.8190000000e+05    1.7346652903e+00
    1.8200000000e+05    1.3318257041e+00
    1.8210000000e+05    1.7558832984e+00
    1.8220000000e+05    1.8360255696e+00
    1.8230000000e+05    1.4628141309e+00
    1.8240000000e+05    1.5176355655e+00
    1.8250000000e+05    1.2653727662e+00
    1.8260000000e+05    1.5570119028e+00
    1.8270000000e+05    1.3778883100e+00
    1.8280000000e+05    1.4700540555e+00
    1.8290000000e+05    1.4693633664e+00
    1.8300000000e+05    1.5335807557e+00
    1.8310000000e+05    1.6290828698e+00
    1.8320000000e+05    1.3769084525e+00
    1.8330000000e+05    1.7456715250e+00
    1.8340000000e+05    1.3759250737e+00
    1.8350000000e+05    1.4899736067e+00
    1.8360000000e+05    1.2702777585e+00
    1.8370000000e+05    1.4169873751e+00
    1.8380000000e+05    1.4294309999e+00
    1.8390000000e+05    1.4103381860e+00
    1.8400000000e+05    1.4807788803e+00
    1.8410000000e+05    1.3067561330e+00
    1.8420000000e+05    1.7999228992e+00
    1.8430000000e+05    1.6274490138e+00
    1.8440000000e+05    1.4387099277e+00
    1.8450000000e+05    2.2170118721e+00
    1.8460000000e+05    1.3073246906e+00
    1.8470000000e+05    1.8914227375e+00
    1.8480000000e+05    1.8127393872e+00
    1.8490000000e+05    1.7478267629e+00
    1.8500000000e+05    1.4852746995e+00
    1.8510000000e+05    1.9999926622e+00
    1.8520000000e+05    1.5997745318e+00
    1.8530000000e+05    1.9275220818e+00
    1.8540000000e+05    1.6230506338e+00
    1.8550000000e+05    1.4134193776e+00
    1.8560000000e+05    1.0136508703e+00
    1.8570000000e+05    1.4215525868e+00
    1.8580000000e+05    1.5772701346e+00
    1.8590000000e+05    1.2734904020e+00
    1.8600000000e+05    1.5006086275e+00
    1.8610000000e+05    1.5988666767e+00
    1.8620000000e+05    1.5235714579e+00
    1.8630000000e+05    1.5172752701e+00
    1.8640000000e+05    1.3947712943e+00
    1.8650000000e+05    1.5879371993e+00
    1.8660000000e+05    1.4857779586e+00
    1.8670000000e+05    1.2299112386e+00
    1.8680000000e+05    1.5914696875e+00
    1.8690000000e+05    1.4477642745e+00
    1.8700000000e+05    2.0397654912e+00
    1.8710000000e+05    1.5226312497e+00
    1.8720000000e+05    1.9859249039e+00
    1.8730000000e+05    1.7520909663e+00
    1.8740000000e+05    1.7274990755e+00
    1.8750000000e+05    1.7549612440e+00
    1.8760000000e+05    1.8715032282e+00
    1.8770000000e+05    1.8340099135e+00
    1.8780000000e+05    1.8254714754e+00
    1.8790000000e+05    2.0507053784e+00
    1.8800000000e+05    1.4985206595e+00
    1.8810000000e+05    1.5649506527e+00
    1.8820000000e+05    1.5666414773e+00
    1.8830000000e+05    1.7571659125e+00
    1.8840000000e+05    1.4822233491e+00
    1.8850000000e+05    1.5175234215e+00
    1.8860000000e+05    1.3360499134e+00
    1.8870000000e+05    1.3378447656e+00
    1.8880000000e+05    1.4739095373e+00
    1.8890000000e+05    1.2892320133e+00
    1.8900000000e+05    1.4651144319e+00
    1.8910000000e+05    1.3632795743e+00
    1.8920000000e+05    1.3666861719e+00
    1.8930000000e+05    1.3656160853e+00
    1.8940000000e+05    1.2842024456e+00
    1.8950000000e+05    1.4279720585e+00
    1.8960000000e+05    1.5221816977e+00
    1.8970000000e+05    1.4662651553e+00
    1.8980000000e+05    1.5550309048e+00
    1.8990000000e+05    1.5190901778e+00
    1.9000000000e+05    1.1209130357e+00
    1.9010000000e+05    1.5717214262e+00
    1.9020000000e+05    1.2783188097e+00
    1.9030000000e+05    1.3957244280e+00
    1.9040000000e+05    1.5620876802e+00
    1.9050000000e+05    1.5091774669e+00
    1.9060000000e+05    1.6344422565e+00
    1.9070000000e+05    1.3081657956e+00
    1.9080000000e+05    1.3306537225e+00
    1.9090000000e+05    1.4363232102e+00
    1.9100000000e+05    1.5970128630e+00
    1.9110000000e+05    1.3192939835e+00
    1.9120000000e+05    1.6764512452e+00
    1.9130000000e+05    1.3473794177e+00
    1.9140000000e+05    1.5253220011e+00
    1.9150000000e+05    1.4792075016e+00
    1.9160000000e+05    1.7605259747e+00
    1.9170000000e+05    1.7917442335e+00
    1.9180000000e+05    1.2296741623e+00
    1.9190000000e+05    1.7385279845e+00
    1.9200000000e+05    1.4232330785e+00
    1.9210000000e+05    1.6631056820e+00
    1.9220000000e+05    1.5771774541e+00
    1.9230000000e+05    1.6418609174e+00
    1.9240000000e+05    1.4393106398e+00
    1.9250000000e+05    1.5611101103e+00
    1.9260000000e+05    1.4013314402e+00
    1.9270000000e+05    1.5196847593e+00
    1.9280000000e+05    1.3000855098e+00
    1.9290000000e+05    1.3357105589e+00
    1.9300000000e+05    1.5143121987e+00
    1.9310000000e+05    1.2575538056e+00
    1.9320000000e+05    1.5690478704e+00
    1.9330000000e+05    1.5306751807e+00
    1.9340000000e+05    1.3218353937e+00
    1.9350000000e+05    1.1843457298e+00
    1.9360000000e+05    1.3321669393e+00
    1.9370000000e+05    1.1778288540e+00
    1.9380000000e+05    1.2737699829e+00
    1.9390000000e+05    1.5587932308e+00
    1.9400000000e+05    1.5348896323e+00
    1.9410000000e+05    1.3494514223e+00
    1.9420000000e+05    1.5607650121e+00
    1.9430000000e+05    1.4769665789e+00
    1.9440000000e+05    1.4993637448e+00
    1.9450000000e+05    1.2302242095e+00
    1.9460000000e+05    1.1671698114e+00
    1.9470000000e+05    1.4749075755e+00
    1.9480000000e+05    1.3197036318e+00
    1.9490000000e+05    1.5971196718e+00
    1.9500000000e+05    1.4149225372e+00
    1.9510000000e+05    1.3368978083e+00
    1.9520000000e+05    1.3156887491e+00
    1.9530000000e+05    1.4624664831e+00
    1.9540000000e+05    1.4422692923e+00
    1.9550000000e+05    1.4903719260e+00
    1.9560000000e+05    1.2444201633e+00
    1.9570000000e+05    1.3419679903e+00
    1.9580000000e+05    1.8088813271e+00
    1.9590000000e+05    1.6557864324e+00
    1.9600000000e+05    1.7239845784e+00
    1.9610000000e+05    1.2849279998e+00
    1.9620000000e+05    1.5194849618e+00
    1.9630000000e+05    1.5934765853e+00
    1.9640000000e+05    1.4060487680e+00
    1.9650000000e+05    1.4335390978e+00
    1.9660000000e+05    1.3151332470e+00
    1.9670000000e+05    1.5863872614e+00
    1.9680000000e+05    1.4529898232e+00
    1.9690000000e+05    1.3030414991e+00
    1.9700000000e+05    1.7952413853e+00
    1.9710000000e+05    1.3484973067e+00
    1.9720000000e+05    1.3442071669e+00
    1.9730000000e+05    1.5831807469e+00
    1.9740000000e+05    1.3214287433e+00
    1.9750000000e+05    1.4639242733e+00
    1.9760000000e+05    1.3151424433e+00
    1.9770000000e+05    1.5682674730e+00
    1.9780000000e+05    1.3767744712e+00
    1.9790000000e+05    1.3488042391e+00
    1.9800000000e+05    1.7858314839e+00
    1.9810000000e+05    1.5715891447e+00
    1.9820000000e+05    1.6266569570e+00
    1.9830000000e+05    1.5735933935e+00
    1.9840000000e+05    1.6258062409e+00
    1.9850000000e+05    1.5103482947e+00
    1.9860000000e+05    1.5831924678e+00
    1.9870000000e+05    1.7890168382e+00
    1.9880000000e+05    1.6914065553e+00
    1.9890000000e+05    1.5922446535e+00
    1.9900000000e+05    1.7151487807e+00
    1.9910000000e+05    1.7354743035e+00
    1.9920000000e+05    1.5113899501e+00
    1.9930000000e+05    1.7438027080e+00
    1.9940000000e+05    2.0969605300e+00
    1.9950000000e+05    1.7028388742e+00
    1.9960000000e+05    1.5891056071e+00
    1.9970000000e+05    1.5239795170e+00
    1.9980000000e+05    1.4013061868e+00
    1.9990000000e+05    1.6384393386e+00
    2.0000000000e+05    1.6688033017e+00
