    1.0000000000e+02    1.0329001021e-01
    2.0000000000e+02    1.6462946323e-01
    3.0000000000e+02    1.5092780218e-01
    4.0000000000e+02    1.2933593855e-01
    5.0000000000e+02    1.0454062771e-01
    6.0000000000e+02    1.8787641957e-01
    7.0000000000e+02    1.3028202915e-01
    8.0000000000e+02    1.1049571875e-01
    9.0000000000e+02    1.4704161521e-01
    1.0000000000e+03    9.0248085566e-02
    1.1000000000e+03    1.3097183149e-01
    1.2000000000e+03    3.5045819082e-01
    1.3000000000e+03    2.1579611452e-01
    1.4000000000e+03    1.4236354000e-01
    1.5000000000e+03    1.4391914792e-01
    1.6000000000e+03    1.0441302463e-01
    1.7000000000e+03    1.2606590347e-01
    1.8000000000e+03    1.5026986899e-01
    1.9000000000e+03    1.2201413084e-01
    2.0000000000e+03    1.6499351351e-01
    2.1000000000e+03    1.4843039220e-01
    2.2000000000e+03    1.4184329916e-01
    2.3000000000e+03    1.5496873249e-01
    2.4000000000e+03    1.4898519938e-01
    2.5000000000e+03    1.7232783022e-01
    2.6000000000e+03    1.7670713698e-01
    2.7000000000e+03    1.4728558521e-01
    2.8000000000e+03    1.3605163533e-01
    2.9000000000e+03    1.4138233277e-01
    3.0000000000e+03    1.3743165882e-01
    3.1000000000e+03    1.3356468623e-01
    3.2000000000e+03    9.8100180488e-02
    3.3000000000e+03    1.9059559183e-01
    3.4000000000e+03    1.3388069561e-01
    3.5000000000e+03    1.1249639532e-01
    3.6000000000e+03    1.1859904404e-01
    3.7000000000e+03    1.2232786301e-01
    3.8000000000e+03    1.3972679744e-01
    3.9000000000e+03    1.0493936274e-01
    4.0000000000e+03    9.3916865720e-02
    4.1000000000e+03    9.2958654437e-02
    4.2000000000e+03    1.1422936468e-01
    4.3000000000e+03    1.3772476253e-01
    4.4000000000e+03    1.1106092183e-01
    4.5000000000e+03    1.1121887492e-01
    4.6000000000e+03    1.3723452352e-01
    4.7000000000e+03    1.3464528836e-01
    4.8000000000e+03    1.2095186984e-01
    4.9000000000e+03    1.0894009735e-01
    5.0000000000e+03    1.1151089198e-01
    5.1000000000e+03    1.1733209258e-01
    5.2000000000e+03    1.1522634457e-01
    5.3000000000e+03    9.6180039227e-02
    5.4000000000e+03    1.3528224021e-01
    5.5000000000e+03    1.0468399731e-01
    5.6000000000e+03    1.2460752662e-01
    5.7000000000e+03    1.9710293562e-01
    5.8000000000e+03    1.1489515429e-01
    5.9000000000e+03    1.4472040399e-01
    6.0000000000e+03    1.1554700165e-01
    6.1000000000e+03    8.8293584014e-02
    6.2000000000e+03    1.2473903227e-01
    6.3000000000e+03    1.5052300961e-01
    6.4000000000e+03    1.5236346686e-01
    6.5000000000e+03    1.2016613425e-01
    6.6000000000e+03    1.1075060318e-01
    6.7000000000e+03    1.9231769949e-01
    6.8000000000e+03    1.5867689390e-01
    6.9000000000e+03    1.0632889875e-01
    7.0000000000e+03    1.1439168316e-01
    7.1000000000e+03    1.1422832492e-01
    7.2000000000e+03    1.2662553340e-01
    7.3000000000e+03    1.0775661770e-01
    7.4000000000e+03    1.1696948661e-01
    7.5000000000e+03    1.0799996010e-01
    7.6000000000e+03    1.2471940611e-01
    7.7000000000e+03    1.2303790093e-01
    7.8000000000e+03    1.2355108300e-01
    7.9000000000e+03    1.5118469582e-01
    8.0000000000e+03    2.1070220413e-01
    8.1000000000e+03    1.2237480978e-01
    8.2000000000e+03    1.3674591969e-01
    8.3000000000e+03    1.3462374892e-01
    8.4000000000e+03    1.5798474796e-01
    8.5000000000e+03    1.0387031975e-01
    8.6000000000e+03    1.2094924559e-01
    8.7000000000e+03    1.0033655303e-01
    8.8000000000e+03    1.1512764967e-01
    8.9000000000e+03    1.0836262976e-01
    9.0000000000e+03    1.2064880590e-01
    9.1000000000e+03    2.1418867515e-01
    9.2000000000e+03    2.2981540629e-01
    9.3000000000e+03    1.9525408746e-01
    9.4000000000e+03    1.1924437630e-01
    9.5000000000e+03    1.1982583897e-01
    9.6000000000e+03    8.5350597335e-02
    9.7000000000e+03    1.1140078216e-01
    9.8000000000e+03    1.5520718736e-01
    9.9000000000e+03    1.7701409234e-01
    1.0000000000e+04    1.6985421490e-01
    1.0100000000e+04    1.0707053700e-01
    1.0200000000e+04    9.7535557118e-02
    1.0300000000e+04    1.4461269830e-01
    1.0400000000e+04    1.0166231872e-01
    1.0500000000e+04    1.3383893524e-01
    1.0600000000e+04    1.0471413962e-01
    1.0700000000e+04    1.2044033424e-01
    1.0800000000e+04    1.2325678947e-01
    1.0900000000e+04    1.6270064186e-01
    1.1000000000e+04    1.2494459400e-01
    1.1100000000e+04    1.0728115249e-01
    1.1200000000e+04    1.3248975643e-01
    1.1300000000e+04    9.6257555897e-02
    1.1400000000e+04    1.2705690005e-01
    1.1500000000e+04    1.3063933798e-01
    1.1600000000e+04    2.4191723540e-01
    1.1700000000e+04    2.0304435834e-01
    1.1800000000e+04    1.2944705971e-01
    1.1900000000e+04    1.1423084395e-01
    1.2000000000e+04    1.0100215343e-01
    1.2100000000e+04    1.2399223824e-01
    1.2200000000e+04    2.6347000504e-01
    1.2300000000e+04    2.2606445955e-01
    1.2400000000e+04    1.2944775321e-01
    1.2500000000e+04    1.1223907352e-01
    1.2600000000e+04    1.4387760090e-01
    1.2700000000e+04    1.2250172047e-01
    1.2800000000e+04    1.1795264057e-01
    1.2900000000e+04    1.2358314432e-01
    1.3000000000e+04    1.1445498591e-01
    1.3100000000e+04    1.2589979273e-01
    1.3200000000e+04    1.1677079799e-01
    1.3300000000e+04    1.3414652479e-01
    1.3400000000e+04    1.1785729940e-01
    1.3500000000e+04    1.2678890817e-01
    1.3600000000e+04    1.5713252571e-01
    1.3700000000e+04    1.7632782446e-01
    1.3800000000e+04    1.4698236351e-01
    1.3900000000e+04    2.1083809871e-01
    1.4000000000e+04    1.5018167207e-01
    1.4100000000e+04    1.2603116433e-01
    1.4200000000e+04    1.2224356618e-01
    1.4300000000e+04    1.2196463302e-01
    1.4400000000e+04    1.2189752144e-01
    1.4500000000e+04    1.8582422506e-01
    1.4600000000e+04    1.2468601883e-01
    1.4700000000e+04    1.3274815772e-01
    1.4800000000e+04    1.3537838168e-01
    1.4900000000e+04    1.5028122264e-01
    1.5000000000e+04    1.7357562991e-01
    1.5100000000e+04    1.5914170514e-01
    1.5200000000e+04    1.0576595570e-01
    1.5300000000e+04    1.0852249315e-01
    1.5400000000e+04    1.1028802914e-01
    1.5500000000e+04    1.1301956162e-01
    1.5600000000e+04    1.1204506134e-01
    1.5700000000e+04    1.1186998044e-01
    1.5800000000e+04    1.0531244966e-01
    1.5900000000e+04    1.8608816738e-01
    1.6000000000e+04    1.1937023323e-01
    1.6100000000e+04    1.0267148640e-01
    1.6200000000e+04    1.0156705688e-01
    1.6300000000e+04    1.1618167682e-01
    1.6400000000e+04    1.0089474079e-01
    1.6500000000e+04    1.1377488448e-01
    1.6600000000e+04    1.0407045228e-01
    1.6700000000e+04    1.0338304498e-01
    1.6800000000e+04    1.2240438440e-01
    1.6900000000e+04    9.5369222735e-02
    1.7000000000e+04    1.2477221392e-01
    1.7100000000e+04    1.2612955320e-01
    1.7200000000e+04    1.0977958219e-01
    1.7300000000e+04    1.3941452571e-01
    1.7400000000e+04    1.4439856107e-01
    1.7500000000e+04    1.0513972790e-01
    1.7600000000e+04    1.1603527500e-01
    1.7700000000e+04    1.1107510599e-01
    1.7800000000e+04    1.2499591340e-01
    1.7900000000e+04    1.2692388687e-01
    1.8000000000e+04    1.3062062711e-01
    1.8100000000e+04    1.2383442138e-01
    1.8200000000e+04    1.3117445929e-01
    1.8300000000e+04    1.1615196544e-01
    1.8400000000e+04    1.5984403155e-01
    1.8500000000e+04    1.2451832083e-01
    1.8600000000e+04    1.0517429075e-01
    1.8700000000e+04    1.4517080253e-01
    1.8800000000e+04    1.0696590968e-01
    1.8900000000e+04    1.5387594989e-01
    1.9000000000e+04    1.3160594938e-01
    1.9100000000e+04    1.2971793342e-01
    1.9200000000e+04    1.1985977349e-01
    1.9300000000e+04    1.3094395800e-01
    1.9400000000e+04    1.1116405285e-01
    1.9500000000e+04    9.9359840853e-02
    1.9600000000e+04    9.4976720045e-02
    1.9700000000e+04    1.0602483842e-01
    1.9800000000e+04    1.0355492329e-01
    1.9900000000e+04    1.1915359538e-01
    2.0000000000e+04    1.2225815885e-01
    2.0100000000e+04    9.7983999362e-02
    2.0200000000e+04    1.1808999869e-01
    2.0300000000e+04    1.1218330193e-01
    2.0400000000e+04    1.1870656448e-01
    2.0500000000e+04    1.2556738439e-01
    2.0600000000e+04    1.0002680569e-01
    2.0700000000e+04    1.2186353179e-01
    2.0800000000e+04    1.1311748892e-01
    2.0900000000e+04    1.3333351514e-01
    2.1000000000e+04    1.1577094750e-01
    2.1100000000e+04    1.2827765689e-01
    2.1200000000e+04    1.1750111204e-01
    2.1300000000e+04    1.1036098429e-01
    2.1400000000e+04    1.4291205970e-01
    2.1500000000e+04    1.5689735152e-01
    2.1600000000e+04    1.4435554729e-01
    2.1700000000e+04    1.2034993531e-01
    2.1800000000e+04    1.3793207725e-01
    2.1900000000e+04    1.0645923447e-01
    2.2000000000e+04    1.0371094830e-01
    2.2100000000e+04    1.4771263270e-01
    2.2200000000e+04    1.0780022051e-01
    2.2300000000e+04    1.6141747224e-01
    2.2400000000e+04    1.5501542567e-01
    2.2500000000e+04    1.2477141064e-01
    2.2600000000e+04    1.4842205112e-01
    2.2700000000e+04    1.2170611808e-01
    2.2800000000e+04    1.5678245101e-01
    2.2900000000e+04    1.3585480094e-01
    2.3000000000e+04    1.2163576248e-01
    2.3100000000e+04    1.5589715090e-01
    2.3200000000e+04    1.1879687118e-01
    2.3300000000e+04    1.3244111297e-01
    2.3400000000e+04    1.5068324671e-01
    2.3500000000e+04    1.2261486476e-01
    2.3600000000e+04    1.5414077482e-01
    2.3700000000e+04    1.8320548753e-01
    2.3800000000e+04    1.1508546621e-01
    2.3900000000e+04    1.0564794087e-01
    2.4000000000e+04    1.1389958219e-01
    2.4100000000e+04    1.1650893872e-01
    2.4200000000e+04    1.4349212566e-01
    2.4300000000e+04    1.2436306216e-01
    2.4400000000e+04    1.3574015166e-01
    2.4500000000e+04    1.4790882139e-01
    2.4600000000e+04    1.1616242770e-01
    2.4700000000e+04    1.3390492888e-01
    2.4800000000e+04    1.0333938494e-01
    2.4900000000e+04    1.2578172536e-01
    2.5000000000e+04    1.2101133188e-01
    2.5100000000e+04    1.4928013192e-01
    2.5200000000e+04    2.3795844403e-01
    2.5300000000e+04    2.1734765906e-01
    2.5400000000e+04    1.9089771409e-01
    2.5500000000e+04    9.3889427232e-02
    2.5600000000e+04    1.0338809325e-01
    2.5700000000e+04    9.8839602628e-02
    2.5800000000e+04    9.8835140975e-02
    2.5900000000e+04    1.2080754745e-01
    2.6000000000e+04    1.1853854798e-01
    2.6100000000e+04    1.1368162332e-01
    2.6200000000e+04    1.1250849824e-01
    2.6300000000e+04    1.9733705857e-01
    2.6400000000e+04    1.1930112169e-01
    2.6500000000e+04    1.4274752747e-01
    2.6600000000e+04    1.3266471901e-01
    2.6700000000e+04    1.3319843025e-01
    2.6800000000e+04    1.0195133295e-01
    2.6900000000e+04    1.0831457342e-01
    2.7000000000e+04    1.0880418473e-01
    2.7100000000e+04    1.0335816305e-01
    2.7200000000e+04    9.6607755799e-02
    2.7300000000e+04    1.3528822826e-01
    2.7400000000e+04    1.5048942906e-01
    2.7500000000e+04    1.2623545431e-01
    2.7600000000e+04    1.1476113948e-01
    2.7700000000e+04    1.2683437926e-01
    2.7800000000e+04    1.0069500796e-01
    2.7900000000e+04    1.5580530559e-01
    2.8000000000e+04    1.3769992897e-01
    2.8100000000e+04    1.4717463470e-01
    2.8200000000e+04    1.2538870266e-01
    2.8300000000e+04    1.2863227446e-01
    2.8400000000e+04    1.1430495633e-01
    2.8500000000e+04    1.1398228216e-01
    2.8600000000e+04    1.1869314568e-01
    2.8700000000e+04    1.1070146433e-01
    2.8800000000e+04    1.3971204533e-01
    2.8900000000e+04    1.2304791426e-01
    2.9000000000e+04    1.3535616252e-01
    2.9100000000e+04    1.3217875183e-01
    2.9200000000e+04    1.4379107155e-01
    2.9300000000e+04    2.0359958990e-01
    2.9400000000e+04    1.4468632231e-01
    2.9500000000e+04    9.6086538321e-02
    2.9600000000e+04    1.2072529663e-01
    2.9700000000e+04    1.0669024027e-01
    2.9800000000e+04    1.0545405659e-01
    2.9900000000e+04    1.2258641390e-01
    3.0000000000e+04    1.0407580585e-01
    3.0100000000e+04    1.0854497632e-01
    3.0200000000e+04    1.1599684545e-01
    3.0300000000e+04    1.3461838359e-01
    3.0400000000e+04    1.3258747748e-01
    3.0500000000e+04    1.2211528973e-01
    3.0600000000e+04    1.1338311445e-01
    3.0700000000e+04    1.3302567563e-01
    3.0800000000e+04    1.8278597191e-01
    3.0900000000e+04    1.1192988171e-01
    3.1000000000e+04    1.2708306994e-01
    3.1100000000e+04    2.2174277179e-01
    3.1200000000e+04    1.6083359597e-01
    3.1300000000e+04    1.2694216604e-01
    3.1400000000e+04    1.4251405322e-01
    3.1500000000e+04    1.3480731514e-01
    3.1600000000e+04    1.1929410728e-01
    3.1700000000e+04    1.0334093894e-01
    3.1800000000e+04    1.2823539065e-01
    3.1900000000e+04    1.2205661502e-01
    3.2000000000e+04    1.1485495959e-01
    3.2100000000e+04    9.2898373980e-02
    3.2200000000e+04    1.2946490502e-01
    3.2300000000e+04    1.4372446125e-01
    3.2400000000e+04    1.0181543556e-01
    3.2500000000e+04    1.2349097121e-01
    3.2600000000e+04    1.1233063150e-01
    3.2700000000e+04    1.2833533846e-01
    3.2800000000e+04    1.2270693918e-01
    3.2900000000e+04    1.6795744970e-01
    3.3000000000e+04    1.0512627881e-01
    3.3100000000e+04    1.2026653204e-01
    3.3200000000e+04    1.3273873334e-01
    3.3300000000e+04    1.0860592795e-01
    3.3400000000e+04    1.1399691718e-01
    3.3500000000e+04    1.1858370279e-01
    3.3600000000e+04    1.0016498411e-01
    3.3700000000e+04    1.4661752839e-01
    3.3800000000e+04    1.0615765251e-01
    3.3900000000e+04    1.2924914501e-01
    3.4000000000e+04    9.9610598316e-02
    3.4100000000e+04    1.1150893262e-01
    3.4200000000e+04    1.5026205532e-01
    3.4300000000e+04    1.5341343940e-01
    3.4400000000e+04    1.7270443410e-01
    3.4500000000e+04    1.2164613241e-01
    3.4600000000e+04    1.3010511448e-01
    3.4700000000e+04    9.5910967145e-02
    3.4800000000e+04    1.2008282986e-01
    3.4900000000e+04    1.2055159589e-01
    3.5000000000e+04    1.2362838417e-01
    3.5100000000e+04    1.1432949858e-01
    3.5200000000e+04    1.1600430933e-01
    3.5300000000e+04    1.3792791360e-01
    3.5400000000e+04    1.6146066341e-01
    3.5500000000e+04    1.1622320636e-01
    3.5600000000e+04    1.0127098124e-01
    3.5700000000e+04    1.0901289185e-01
    3.5800000000e+04    1.3335913275e-01
    3.5900000000e+04    1.5414662438e-01
    3.6000000000e+04    9.6522096460e-02
    3.6100000000e+04    1.3081347713e-01
    3.6200000000e+04    1.3353215030e-01
    3.6300000000e+04    1.1338211743e-01
    3.6400000000e+04    1.0109405881e-01
    3.6500000000e+04    1.0539423053e-01
    3.6600000000e+04    1.2238382687e-01
    3.6700000000e+04    1.8475304895e-01
    3.6800000000e+04    1.9347248581e-01
    3.6900000000e+04    1.8237841975e-01
    3.7000000000e+04    1.6257117888e-01
    3.7100000000e+04    1.1859132814e-01
    3.7200000000e+04    1.2853809487e-01
    3.7300000000e+04    1.0661429370e-01
    3.7400000000e+04    1.1703220187e-01
    3.7500000000e+04    1.6690942081e-01
    3.7600000000e+04    1.3730498978e-01
    3.7700000000e+04    1.4507090231e-01
    3.7800000000e+04    1.4418017279e-01
    3.7900000000e+04    9.4442499479e-02
    3.8000000000e+04    9.8933888018e-02
    3.8100000000e+04    1.9096983459e-01
    3.8200000000e+04    1.8342691402e-01
    3.8300000000e+04    1.2373608913e-01
    3.8400000000e+04    1.0779901527e-01
    3.8500000000e+04    1.2848433355e-01
    3.8600000000e+04    1.0527967257e-01
    3.8700000000e+04    1.6061478484e-01
    3.8800000000e+04    1.5713068451e-01
    3.8900000000e+04    1.5982201643e-01
    3.9000000000e+04    1.1761200442e-01
    3.9100000000e+04    1.1111616914e-01
    3.9200000000e+04    1.3787296762e-01
    3.9300000000e+04    9.7550937395e-02
    3.9400000000e+04    9.9914622720e-02
    3.9500000000e+04    1.0914339785e-01
    3.9600000000e+04    1.1480099803e-01
    3.9700000000e+04    1.6016317007e-01
    3.9800000000e+04    1.2833996994e-01
    3.9900000000e+04    1.4279253741e-01
    4.0000000000e+04    1.8225670453e-01
    4.0100000000e+04    1.1698431446e-01
    4.0200000000e+04    1.3366942217e-01
    4.0300000000e+04    1.2172263315e-01
    4.0400000000e+04    1.3401315106e-01
    4.0500000000e+04    1.2076857208e-01
    4.0600000000e+04    1.2679826978e-01
    4.0700000000e+04    1.1475984620e-01
    4.0800000000e+04    9.3366107229e-02
    4.0900000000e+04    1.3011433153e-01
    4.1000000000e+04    1.2040740754e-01
    4.1100000000e+04    1.5493080865e-01
    4.1200000000e+04    1.2202884708e-01
    4.1300000000e+04    1.4320660704e-01
    4.1400000000e+04    1.3391535143e-01
    4.1500000000e+04    1.4503980091e-01
    4.1600000000e+04    1.2256332499e-01
    4.1700000000e+04    9.3565170196e-02
    4.1800000000e+04    1.3949059340e-01
    4.1900000000e+04    1.0300070047e-01
    4.2000000000e+04    1.1095895200e-01
    4.2100000000e+04    1.3014951383e-01
    4.2200000000e+04    1.1608690275e-01
    4.2300000000e+04    9.6602554437e-02
    4.2400000000e+04    1.2143118294e-01
    4.2500000000e+04    1.3892896073e-01
    4.2600000000e+04    1.1756606116e-01
    4.2700000000e+04    1.2777467736e-01
    4.2800000000e+04    1.1805371256e-01
    4.2900000000e+04    1.2965596266e-01
    4.3000000000e+04    1.1774118450e-01
    4.3100000000e+04    1.3015117277e-01
    4.3200000000e+04    1.3072486551e-01
    4.3300000000e+04    1.3052791857e-01
    4.3400000000e+04    1.3659806283e-01
    4.3500000000e+04    1.0302283734e-01
    4.3600000000e+04    1.1570555648e-01
    4.3700000000e+04    1.0040096480e-01
    4.3800000000e+04    1.0287679928e-01
    4.3900000000e+04    1.0530492869e-01
    4.4000000000e+04    1.2530365264e-01
    4.4100000000e+04    1.1434072047e-01
    4.4200000000e+04    9.9008488173e-02
    4.4300000000e+04    1.5740166646e-01
    4.4400000000e+04    1.4346501328e-01
    4.4500000000e+04    1.2830760739e-01
    4.4600000000e+04    1.0521673689e-01
    4.4700000000e+04    1.1344531246e-01
    4.4800000000e+04    9.2894533130e-02
    4.4900000000e+04    9.4426418632e-02
    4.5000000000e+04    1.0915734760e-01
    4.5100000000e+04    1.1399328320e-01
    4.5200000000e+04    1.6473841498e-01
    4.5300000000e+04    1.3462919733e-01
    4.5400000000e+04    1.0003117400e-01
    4.5500000000e+04    9.4377131981e-02
    4.5600000000e+04    1.0385876640e-01
    4.5700000000e+04    1.5175079682e-01
    4.5800000000e+04    1.1603092330e-01
    4.5900000000e+04    1.1078157578e-01
    4.6000000000e+04    1.0844218703e-01
    4.6100000000e+04    1.4896000365e-01
    4.6200000000e+04    1.2676650107e-01
    4.6300000000e+04    1.0912206977e-01
    4.6400000000e+04    1.2100871192e-01
    4.6500000000e+04    1.6097711211e-01
    4.6600000000e+04    1.5269183112e-01
    4.6700000000e+04    1.1099883240e-01
    4.6800000000e+04    1.4501108703e-01
    4.6900000000e+04    1.2796390081e-01
    4.7000000000e+04    9.3799116292e-02
    4.7100000000e+04    1.3390601728e-01
    4.7200000000e+04    1.0424502352e-01
    4.7300000000e+04    1.0073618275e-01
    4.7400000000e+04    1.0481815899e-01
    4.7500000000e+04    1.0955783825e-01
    4.7600000000e+04    1.2768862177e-01
    4.7700000000e+04    1.2569030542e-01
    4.7800000000e+04    1.5472626020e-01
    4.7900000000e+04    1.2358817758e-01
    4.8000000000e+04    1.3498228492e-01
    4.8100000000e+04    1.1397066557e-01
    4.8200000000e+04    1.3711531210e-01
    4.8300000000e+04    1.4125946453e-01
    4.8400000000e+04    1.0219100070e-01
    4.8500000000e+04    1.1841985248e-01
    4.8600000000e+04    9.3120654368e-02
    4.8700000000e+04    1.1332724516e-01
    4.8800000000e+04    1.1660104089e-01
    4.8900000000e+04    1.3373497280e-01
    4.9000000000e+04    1.1153372364e-01
    4.9100000000e+04    1.3137360523e-01
    4.9200000000e+04    1.6917880558e-01
    4.9300000000e+04    1.3250515048e-01
    4.9400000000e+04    1.5579368788e-01
    4.9500000000e+04    1.3944362430e-01
    4.9600000000e+04    1.4083676616e-01
    4.9700000000e+04    1.2495193068e-01
    4.9800000000e+04    1.2158243654e-01
    4.9900000000e+04    1.1293384565e-01
    5.0000000000e+04    1.0166937602e-01
    5.0100000000e+04    1.5693706121e-01
    5.0200000000e+04    1.5157235109e-01
    5.0300000000e+04    8.9730916941e-02
    5.0400000000e+04    1.1698306738e-01
    5.0500000000e+04    1.0216297749e-01
    5.0600000000e+04    1.4187569913e-01
    5.0700000000e+04    9.7658051539e-02
    5.0800000000e+04    1.4844502633e-01
    5.0900000000e+04    1.0071305011e-01
    5.1000000000e+04    1.2622780803e-01
    5.1100000000e+04    1.0991508202e-01
    5.1200000000e+04    1.6350180130e-01
    5.1300000000e+04    1.3620474215e-01
    5.1400000000e+04    1.2939755740e-01
    5.1500000000e+04    1.2037025607e-01
    5.1600000000e+04    1.1587623638e-01
    5.1700000000e+04    1.5321224956e-01
    5.1800000000e+04    1.0015943403e-01
    5.1900000000e+04    1.4093518809e-01
    5.2000000000e+04    1.1851846384e-01
    5.2100000000e+04    1.0672481532e-01
    5.2200000000e+04    1.1395666752e-01
    5.2300000000e+04    1.3032974007e-01
    5.2400000000e+04    1.1817622804e-01
    5.2500000000e+04    1.2176954468e-01
    5.2600000000e+04    1.7951404335e-01
    5.2700000000e+04    1.3469023565e-01
    5.2800000000e+04    1.0508581131e-01
    5.2900000000e+04    1.0831147297e-01
    5.3000000000e+04    1.3835753016e-01
    5.3100000000e+04    1.1298558254e-01
    5.3200000000e+04    1.1274604341e-01
    5.3300000000e+04    1.1811053198e-01
    5.3400000000e+04    2.0311702541e-01
    5.3500000000e+04    1.5562683015e-01
    5.3600000000e+04    1.5269745519e-01
    5.3700000000e+04    1.4849101218e-01
    5.3800000000e+04    1.0664305545e-01
    5.3900000000e+04    9.8795779198e-02
    5.4000000000e+04    1.3839522567e-01
    5.4100000000e+04    1.4411698409e-01
    5.4200000000e+04    2.1677760239e-01
    5.4300000000e+04    1.1819456655e-01
    5.4400000000e+04    1.2367811397e-01
    5.4500000000e+04    1.2573632784e-01
    5.4600000000e+04    1.4539316172e-01
    5.4700000000e+04    1.0612205303e-01
    5.4800000000e+04    1.1875162838e-01
    5.4900000000e+04    1.0394817002e-01
    5.5000000000e+04    1.3230876965e-01
    5.5100000000e+04    1.0598887954e-01
    5.5200000000e+04    1.2337545404e-01
    5.5300000000e+04    1.1244349098e-01
    5.5400000000e+04    1.2647072814e-01
    5.5500000000e+04    1.0613664823e-01
    5.5600000000e+04    1.0451839923e-01
    5.5700000000e+04    1.0237098698e-01
    5.5800000000e+04    1.2022185750e-01
    5.5900000000e+04    1.1443954169e-01
    5.6000000000e+04    1.0008183672e-01
    5.6100000000e+04    1.1320420168e-01
    5.6200000000e+04    1.1194096937e-01
    5.6300000000e+04    8.8052151887e-02
    5.6400000000e+04    1.4018388169e-01
    5.6500000000e+04    1.1443045755e-01
    5.6600000000e+04    1.1211826133e-01
    5.6700000000e+04    1.3700896763e-01
    5.6800000000e+04    1.4362628848e-01
    5.6900000000e+04    1.4334824851e-01
    5.7000000000e+04    1.6557434487e-01
    5.7100000000e+04    1.4707459027e-01
    5.7200000000e+04    1.5288817719e-01
    5.7300000000e+04    1.1744969753e-01
    5.7400000000e+04    1.0171509416e-01
    5.7500000000e+04    9.7310042531e-02
    5.7600000000e+04    1.0124529390e-01
    5.7700000000e+04    1.0303996645e-01
    5.7800000000e+04    1.4083444893e-01
    5.7900000000e+04    1.0910701676e-01
    5.8000000000e+04    1.1926537894e-01
    5.8100000000e+04    1.0261660111e-01
    5.8200000000e+04    1.0033639503e-01
    5.8300000000e+04    1.1841085667e-01
    5.8400000000e+04    1.0369941487e-01
    5.8500000000e+04    1.3711429632e-01
    5.8600000000e+04    1.0593573369e-01
    5.8700000000e+04    1.0996367310e-01
    5.8800000000e+04    1.1135875654e-01
    5.8900000000e+04    1.0373606003e-01
    5.9000000000e+04    1.1712950931e-01
    5.9100000000e+04    1.3156244114e-01
    5.9200000000e+04    1.6712902821e-01
    5.9300000000e+04    1.2756142433e-01
    5.9400000000e+04    1.3000530743e-01
    5.9500000000e+04    1.3103430515e-01
    5.9600000000e+04    1.3604665066e-01
    5.9700000000e+04    1.2540257393e-01
    5.9800000000e+04    1.2983192722e-01
    5.9900000000e+04    1.4784414040e-01
    6.0000000000e+04    1.3168133405e-01
    6.0100000000e+04    1.2552762207e-01
    6.0200000000e+04    1.1565380702e-01
    6.0300000000e+04    1.4456347517e-01
    6.0400000000e+04    1.3025849906e-01
    6.0500000000e+04    1.4270878674e-01
    6.0600000000e+04    1.3218269482e-01
    6.0700000000e+04    1.1023410029e-01
    6.0800000000e+04    1.1421489508e-01
    6.0900000000e+04    1.6003608420e-01
    6.1000000000e+04    1.3960566586e-01
    6.1100000000e+04    1.2467892728e-01
    6.1200000000e+04    1.3480015064e-01
    6.1300000000e+04    1.3653587742e-01
    6.1400000000e+04    1.3781373258e-01
    6.1500000000e+04    1.1722431004e-01
    6.1600000000e+04    1.8742551174e-01
    6.1700000000e+04    1.2891099878e-01
    6.1800000000e+04    1.2391162240e-01
    6.1900000000e+04    9.6395444450e-02
    6.2000000000e+04    1.1144875328e-01
    6.2100000000e+04    1.0947050737e-01
    6.2200000000e+04    1.1495795874e-01
    6.2300000000e+04    9.7330843574e-02
    6.2400000000e+04    9.9680598468e-02
    6.2500000000e+04    9.2916176650e-02
    6.2600000000e+04    1.1710565239e-01
    6.2700000000e+04    1.1071204858e-01
    6.2800000000e+04    1.4070514404e-01
    6.2900000000e+04    1.4831006832e-01
    6.3000000000e+04    1.3796075265e-01
    6.3100000000e+04    1.3741625947e-01
    6.3200000000e+04    1.3462526270e-01
    6.3300000000e+04    1.1437471165e-01
    6.3400000000e+04    1.2216689403e-01
    6.3500000000e+04    1.1156686922e-01
    6.3600000000e+04    1.2029909096e-01
    6.3700000000e+04    1.4417848162e-01
    6.3800000000e+04    1.1388895354e-01
    6.3900000000e+04    1.2019820583e-01
    6.4000000000e+04    9.8703043976e-02
    6.4100000000e+04    1.4202651333e-01
    6.4200000000e+04    9.7639971647e-02
    6.4300000000e+04    9.1445806287e-02
    6.4400000000e+04    1.5959062985e-01
    6.4500000000e+04    1.0625691469e-01
    6.4600000000e+04    1.3117824469e-01
    6.4700000000e+04    1.2267047915e-01
    6.4800000000e+04    1.3165535782e-01
    6.4900000000e+04    1.1026203851e-01
    6.5000000000e+04    9.8308625466e-02
    6.5100000000e+04    1.5537991267e-01
    6.5200000000e+04    1.2750108881e-01
    6.5300000000e+04    1.2649563735e-01
    6.5400000000e+04    1.4214440074e-01
    6.5500000000e+04    1.5785640628e-01
    6.5600000000e+04    1.7070123010e-01
    6.5700000000e+04    1.4746220184e-01
    6.5800000000e+04    1.2972447238e-01
    6.5900000000e+04    1.4035391518e-01
    6.6000000000e+04    1.3625338570e-01
    6.6100000000e+04    9.9719053434e-02
    6.6200000000e+04    9.9049267036e-02
    6.6300000000e+04    9.1933026207e-02
    6.6400000000e+04    1.0406378874e-01
    6.6500000000e+04    1.0150685949e-01
    6.6600000000e+04    1.4256924553e-01
    6.6700000000e+04    1.2022565066e-01
    6.6800000000e+04    9.9466805364e-02
    6.6900000000e+04    1.7175674638e-01
    6.7000000000e+04    1.8504820595e-01
    6.7100000000e+04    1.4304208240e-01
    6.7200000000e+04    1.3392750516e-01
    6.7300000000e+04    1.2625955777e-01
    6.7400000000e+04    1.3753236083e-01
    6.7500000000e+04    1.0111478898e-01
    6.7600000000e+04    1.2873046155e-01
    6.7700000000e+04    1.1339634971e-01
    6.7800000000e+04    1.4220113741e-01
    6.7900000000e+04    1.2656081700e-01
    6.8000000000e+04    1.0689065959e-01
    6.8100000000e+04    1.1015645046e-01
    6.8200000000e+04    2.2535019315e-01
    6.8300000000e+04    2.0174389822e-01
    6.8400000000e+04    1.4394138588e-01
    6.8500000000e+04    1.3827392717e-01
    6.8600000000e+04    1.1248076951e-01
    6.8700000000e+04    9.7312021850e-02
    6.8800000000e+04    1.2103254756e-01
    6.8900000000e+04    1.4383625705e-01
    6.9000000000e+04    1.3071738375e-01
    6.9100000000e+04    1.2565674883e-01
    6.9200000000e+04    1.0292245211e-01
    6.9300000000e+04    1.1446904410e-01
    6.9400000000e+04    1.2118117175e-01
    6.9500000000e+04    1.4944557762e-01
    6.9600000000e+04    1.1292772156e-01
    6.9700000000e+04    1.0743205699e-01
    6.9800000000e+04    1.0296279297e-01
    6.9900000000e+04    1.3443842593e-01
    7.0000000000e+04    1.6855569749e-01
    7.0100000000e+04    1.2973234715e-01
    7.0200000000e+04    1.3380904299e-01
    7.0300000000e+04    1.3306519735e-01
    7.0400000000e+04    1.2228317105e-01
    7.0500000000e+04    1.1785929367e-01
    7.0600000000e+04    1.2764395918e-01
    7.0700000000e+04    1.2878134243e-01
    7.0800000000e+04    1.4202143656e-01
    7.0900000000e+04    1.6080743899e-01
    7.1000000000e+04    1.1945225606e-01
    7.1100000000e+04    1.3569009376e-01
    7.1200000000e+04    1.2067243785e-01
    7.1300000000e+04    1.0943005568e-01
    7.1400000000e+04    1.2379594464e-01
    7.1500000000e+04    1.3311304322e-01
    7.1600000000e+04    1.2383188367e-01
    7.1700000000e+04    1.1854548450e-01
    7.1800000000e+04    1.1479996208e-01
    7.1900000000e+04    1.3450316521e-01
    7.2000000000e+04    1.1205926365e-01
    7.2100000000e+04    1.0998016820e-01
    7.2200000000e+04    9.4962877716e-02
    7.2300000000e+04    1.3500562894e-01
    7.2400000000e+04    1.3532581095e-01
    7.2500000000e+04    1.1396454851e-01
    7.2600000000e+04    1.0019318330e-01
    7.2700000000e+04    1.1857532830e-01
    7.2800000000e+04    1.0586021818e-01
    7.2900000000e+04    1.0823081581e-01
    7.3000000000e+04    1.1417619721e-01
    7.3100000000e+04    9.9257685447e-02
    7.3200000000e+04    1.1240569306e-01
    7.3300000000e+04    1.2194287397e-01
    7.3400000000e+04    9.8407477925e-02
    7.3500000000e+04    1.1468665054e-01
    7.3600000000e+04    1.0916855982e-01
    7.3700000000e+04    1.1921831033e-01
    7.3800000000e+04    1.1077721580e-01
    7.3900000000e+04    1.4072312819e-01
    7.4000000000e+04    1.2634472697e-01
    7.4100000000e+04    1.3483938446e-01
    7.4200000000e+04    1.0157401462e-01
    7.4300000000e+04    1.1627059643e-01
    7.4400000000e+04    1.2417229702e-01
    7.4500000000e+04    1.3034729328e-01
    7.4600000000e+04    1.1427645660e-01
    7.4700000000e+04    1.4504163026e-01
    7.4800000000e+04    1.4927610874e-01
    7.4900000000e+04    1.6992233187e-01
    7.5000000000e+04    1.6850430857e-01
    7.5100000000e+04    1.0838556765e-01
    7.5200000000e+04    1.2210125057e-01
    7.5300000000e+04    1.3376554576e-01
    7.5400000000e+04    1.2200184231e-01
    7.5500000000e+04    1.2766840208e-01
    7.5600000000e+04    1.3843808311e-01
    7.5700000000e+04    1.4957473252e-01
    7.5800000000e+04    1.1454763878e-01
    7.5900000000e+04    1.3996347923e-01
    7.6000000000e+04    1.4926822472e-01
    7.6100000000e+04    1.4771097878e-01
    7.6200000000e+04    1.3770024085e-01
    7.6300000000e+04    9.4716154613e-02
    7.6400000000e+04    1.0888415046e-01
    7.6500000000e+04    1.3169160116e-01
    7.6600000000e+04    1.2949396095e-01
    7.6700000000e+04    1.2062966583e-01
    7.6800000000e+04    1.2952145871e-01
    7.6900000000e+04    1.3172456880e-01
    7.7000000000e+04    1.0407562612e-01
    7.7100000000e+04    1.0188367698e-01
    7.7200000000e+04    9.7259145360e-02
    7.7300000000e+04    1.0608171207e-01
    7.7400000000e+04    1.4198857256e-01
    7.7500000000e+04    1.1538825240e-01
    7.7600000000e+04    1.2957457879e-01
    7.7700000000e+04    1.5572508099e-01
    7.7800000000e+04    1.6193522338e-01
    7.7900000000e+04    9.5529601776e-02
    7.8000000000e+04    1.2732133213e-01
    7.8100000000e+04    1.2741585331e-01
    7.8200000000e+04    1.0880425254e-01
    7.8300000000e+04    1.0670709504e-01
    7.8400000000e+04    1.2813049859e-01
    7.8500000000e+04    1.1586108646e-01
    7.8600000000e+04    1.2612453793e-01
    7.8700000000e+04    1.0797693896e-01
    7.8800000000e+04    1.2010516659e-01
    7.8900000000e+04    1.3785672507e-01
    7.9000000000e+04    1.3522704748e-01
    7.9100000000e+04    1.3785460584e-01
    7.9200000000e+04    1.2071877160e-01
    7.9300000000e+04    1.5031151854e-01
    7.9400000000e+04    1.1111019877e-01
    7.9500000000e+04    1.1886263644e-01
    7.9600000000e+04    1.6081726064e-01
    7.9700000000e+04    1.2658572550e-01
    7.9800000000e+04    1.1162636817e-01
    7.9900000000e+04    1.1243545645e-01
    8.0000000000e+04    1.1609651862e-01
    8.0100000000e+04    1.3552000813e-01
    8.0200000000e+04    1.4596818350e-01
    8.0300000000e+04    1.5372021471e-01
    8.0400000000e+04    1.3130727077e-01
    8.0500000000e+04    1.1558996116e-01
    8.0600000000e+04    1.4866791937e-01
    8.0700000000e+04    1.2194056362e-01
    8.0800000000e+04    1.0451095669e-01
    8.0900000000e+04    1.5107331975e-01
    8.1000000000e+04    1.0796595051e-01
    8.1100000000e+04    1.2312990180e-01
    8.1200000000e+04    1.0319020104e-01
    8.1300000000e+04    1.2781639267e-01
    8.1400000000e+04    1.0542137909e-01
    8.1500000000e+04    1.2536074637e-01
    8.1600000000e+04    1.6032397290e-01
    8.1700000000e+04    1.1671889595e-01
    8.1800000000e+04    1.2548348793e-01
    8.1900000000e+04    1.0975117304e-01
    8.2000000000e+04    9.8562887805e-02
    8.2100000000e+04    1.1003002895e-01
    8.2200000000e+04    1.1566536519e-01
    8.2300000000e+04    1.0952773503e-01
    8.2400000000e+04    1.1341780108e-01
    8.2500000000e+04    1.0000796821e-01
    8.2600000000e+04    1.0410267824e-01
    8.2700000000e+04    1.1316277417e-01
    8.2800000000e+04    1.2076782098e-01
    8.2900000000e+04    1.1844521895e-01
    8.3000000000e+04    1.3233565349e-01
    8.3100000000e+04    9.5470520389e-02
    8.3200000000e+04    1.0096995276e-01
    8.3300000000e+04    1.2854903996e-01
    8.3400000000e+04    1.2141204075e-01
    8.3500000000e+04    1.0554503912e-01
    8.3600000000e+04    1.2340325102e-01
    8.3700000000e+04    1.3667819940e-01
    8.3800000000e+04    1.4297708798e-01
    8.3900000000e+04    1.2082025062e-01
    8.4000000000e+04    1.3026231278e-01
    8.4100000000e+04    1.4100091944e-01
    8.4200000000e+04    1.1299906208e-01
    8.4300000000e+04    1.0958589447e-01
    8.4400000000e+04    1.1158945048e-01
    8.4500000000e+04    1.2397575498e-01
    8.4600000000e+04    1.0147168096e-01
    8.4700000000e+04    9.8598016288e-02
    8.4800000000e+04    1.1683264102e-01
    8.4900000000e+04    1.1226389072e-01
    8.5000000000e+04    1.9284143011e-01
    8.5100000000e+04    1.5053553641e-01
    8.5200000000e+04    1.3472070642e-01
    8.5300000000e+04    1.5099990122e-01
    8.5400000000e+04    1.2992689477e-01
    8.5500000000e+04    1.2690060537e-01
    8.5600000000e+04    1.1303699617e-01
    8.5700000000e+04    1.4293760811e-01
    8.5800000000e+04    1.1251013924e-01
    8.5900000000e+04    1.3874268552e-01
    8.6000000000e+04    1.3307622544e-01
    8.6100000000e+04    1.2027923328e-01
    8.6200000000e+04    1.0604914469e-01
    8.6300000000e+04    1.0471666686e-01
    8.6400000000e+04    1.1859772541e-01
    8.6500000000e+04    1.0660109979e-01
    8.6600000000e+04    1.2067656319e-01
    8.6700000000e+04    1.1742494158e-01
    8.6800000000e+04    1.0994222650e-01
    8.6900000000e+04    1.1551809491e-01
    8.7000000000e+04    9.3988321325e-02
    8.7100000000e+04    1.1400307207e-01
    8.7200000000e+04    1.2118448212e-01
    8.7300000000e+04    1.1944046981e-01
    8.7400000000e+04    1.2659558068e-01
    8.7500000000e+04    1.0809693545e-01
    8.7600000000e+04    1.0256545322e-01
    8.7700000000e+04    1.1483813802e-01
    8.7800000000e+04    1.0169164998e-01
    8.7900000000e+04    1.1003994288e-01
    8.8000000000e+04    1.2423197874e-01
    8.8100000000e+04    1.6963642028e-01
    8.8200000000e+04    1.2070779991e-01
    8.8300000000e+04    1.1570817596e-01
    8.8400000000e+04    1.3643114140e-01
    8.8500000000e+04    8.6227601165e-02
    8.8600000000e+04    1.0554414108e-01
    8.8700000000e+04    1.0182083438e-01
    8.8800000000e+04    1.1314017539e-01
    8.8900000000e+04    1.1794425461e-01
    8.9000000000e+04    1.1736453881e-01
    8.9100000000e+04    1.2942928872e-01
    8.9200000000e+04    1.0482792147e-01
    8.9300000000e+04    1.2357815195e-01
    8.9400000000e+04    1.2503412188e-01
    8.9500000000e+04    2.2382141522e-01
    8.9600000000e+04    1.4035169556e-01
    8.9700000000e+04    1.3525963001e-01
    8.9800000000e+04    1.0897381091e-01
    8.9900000000e+04    1.3571622455e-01
    9.0000000000e+04    1.2096873274e-01
    9.0100000000e+04    1.0158855722e-01
    9.0200000000e+04    1.5313009221e-01
    9.0300000000e+04    1.4924921818e-01
    9.0400000000e+04    1.7125988432e-01
    9.0500000000e+04    1.3104946127e-01
    9.0600000000e+04    1.0984226397e-01
    9.0700000000e+04    1.2922057049e-01
    9.0800000000e+04    1.2983292461e-01
    9.0900000000e+04    1.3469998655e-01
    9.1000000000e+04    1.3209581201e-01
    9.1100000000e+04    1.0799233606e-01
    9.1200000000e+04    1.1882900459e-01
    9.1300000000e+04    1.2380487757e-01
    9.1400000000e+04    1.1794823008e-01
    9.1500000000e+04    1.1178423069e-01
    9.1600000000e+04    1.3190161262e-01
    9.1700000000e+04    1.2799263171e-01
    9.1800000000e+04    1.4616942850e-01
    9.1900000000e+04    1.3455462785e-01
    9.2000000000e+04    1.2263649846e-01
    9.2100000000e+04    1.2952077625e-01
    9.2200000000e+04    1.0615091844e-01
    9.2300000000e+04    1.2358342605e-01
    9.2400000000e+04    1.1735552380e-01
    9.2500000000e+04    1.2334953927e-01
    9.2600000000e+04    1.2006809265e-01
    9.2700000000e+04    1.3047383786e-01
    9.2800000000e+04    1.1666138468e-01
    9.2900000000e+04    1.1920127612e-01
    9.3000000000e+04    1.2185410181e-01
    9.3100000000e+04    1.3467059642e-01
    9.3200000000e+04    9.6487514030e-02
    9.3300000000e+04    1.2712766828e-01
    9.3400000000e+04    1.5563165792e-01
    9.3500000000e+04    9.1859677096e-02
    9.3600000000e+04    1.1324088237e-01
    9.3700000000e+04    1.0402083481e-01
    9.3800000000e+04    1.1859836112e-01
    9.3900000000e+04    1.1199028568e-01
    9.4000000000e+04    1.4516785881e-01
    9.4100000000e+04    1.1822228402e-01
    9.4200000000e+04    1.2807494858e-01
    9.4300000000e+04    1.4358571620e-01
    9.4400000000e+04    1.1327656572e-01
    9.4500000000e+04    1.2797754172e-01
    9.4600000000e+04    1.1453718100e-01
    9.4700000000e+04    1.6056619536e-01
    9.4800000000e+04    1.1162288681e-01
    9.4900000000e+04    1.3811923558e-01
    9.5000000000e+04    1.1520763750e-01
    9.5100000000e+04    1.5132394497e-01
    9.5200000000e+04    1.5370371822e-01
    9.5300000000e+04    1.2775214210e-01
    9.5400000000e+04    1.4245099171e-01
    9.5500000000e+04    1.2346425394e-01
    9.5600000000e+04    1.5568650670e-01
    9.5700000000e+04    1.1091429455e-01
    9.5800000000e+04    1.2797724207e-01
    9.5900000000e+04    1.2615880656e-01
    9.6000000000e+04    1.0516567463e-01
    9.6100000000e+04    1.4908464004e-01
    9.6200000000e+04    1.0507902374e-01
    9.6300000000e+04    1.7015963152e-01
    9.6400000000e+04    1.0997347508e-01
    9.6500000000e+04    1.3280566829e-01
    9.6600000000e+04    1.4981190759e-01
    9.6700000000e+04    1.5331755895e-01
    9.6800000000e+04    1.3755711126e-01
    9.6900000000e+04    1.2630203248e-01
    9.7000000000e+04    1.7130334634e-01
    9.7100000000e+04    1.1346968610e-01
    9.7200000000e+04    1.0619894497e-01
    9.7300000000e+04    1.1061595448e-01
    9.7400000000e+04    1.0637686061e-01
    9.7500000000e+04    1.4525048247e-01
    9.7600000000e+04    1.2135125147e-01
    9.7700000000e+04    1.2761932430e-01
    9.7800000000e+04    9.9520719601e-02
    9.7900000000e+04    1.4738788837e-01
    9.8000000000e+04    1.9366986437e-01
    9.8100000000e+04    1.0298793216e-01
    9.8200000000e+04    1.0787994142e-01
    9.8300000000e+04    1.3827493623e-01
    9.8400000000e+04    1.1034330746e-01
    9.8500000000e+04    1.1146409475e-01
    9.8600000000e+04    1.1625429490e-01
    9.8700000000e+04    1.3596564958e-01
    9.8800000000e+04    1.4396619049e-01
    9.8900000000e+04    1.0460657022e-01
    9.9000000000e+04    1.1634808663e-01
    9.9100000000e+04    1.1540735113e-01
    9.9200000000e+04    1.0218140689e-01
    9.9300000000e+04    1.3793353131e-01
    9.9400000000e+04    1.1164641076e-01
    9.9500000000e+04    1.2103528020e-01
    9.9600000000e+04    1.2675641661e-01
    9.9700000000e+04    1.3128048692e-01
    9.9800000000e+04    1.0418161203e-01
    9.9900000000e+04    9.7117919258e-02
    1.0000000000e+05    1.2047967758e-01
    1.0010000000e+05    1.5699289744e-01
    1.0020000000e+05    1.5159701137e-01
    1.0030000000e+05    1.2275332745e-01
    1.0040000000e+05    1.1332564235e-01
    1.0050000000e+05    1.0759800648e-01
    1.0060000000e+05    1.1771814857e-01
    1.0070000000e+05    1.7320875745e-01
    1.0080000000e+05    1.1131551963e-01
    1.0090000000e+05    1.1289683099e-01
    1.0100000000e+05    1.2600615669e-01
    1.0110000000e+05    1.7205918351e-01
    1.0120000000e+05    1.0751567937e-01
    1.0130000000e+05    1.6450565969e-01
    1.0140000000e+05    1.0927132052e-01
    1.0150000000e+05    1.1043277027e-01
    1.0160000000e+05    1.2465430281e-01
    1.0170000000e+05    1.0617791541e-01
    1.0180000000e+05    1.1222037186e-01
    1.0190000000e+05    1.1943567999e-01
    1.0200000000e+05    1.0578200288e-01
    1.0210000000e+05    1.3599160064e-01
    1.0220000000e+05    1.3085910796e-01
    1.0230000000e+05    1.2263989429e-01
    1.0240000000e+05    1.1235163267e-01
    1.0250000000e+05    2.3501490875e-01
    1.0260000000e+05    1.4384125770e-01
    1.0270000000e+05    1.3126636581e-01
    1.0280000000e+05    1.4288930838e-01
    1.0290000000e+05    1.9685364954e-01
    1.0300000000e+05    1.4433225479e-01
    1.0310000000e+05    1.1445500954e-01
    1.0320000000e+05    1.3743380672e-01
    1.0330000000e+05    1.1827139071e-01
    1.0340000000e+05    1.2352479683e-01
    1.0350000000e+05    1.4463415042e-01
    1.0360000000e+05    1.3570789624e-01
    1.0370000000e+05    1.4713049291e-01
    1.0380000000e+05    1.4781941081e-01
    1.0390000000e+05    1.1108906598e-01
    1.0400000000e+05    1.2956799830e-01
    1.0410000000e+05    1.0164170097e-01
    1.0420000000e+05    1.0189300934e-01
    1.0430000000e+05    1.6120257722e-01
    1.0440000000e+05    1.6470918286e-01
    1.0450000000e+05    1.1563269085e-01
    1.0460000000e+05    1.1254495258e-01
    1.0470000000e+05    1.4171775854e-01
    1.0480000000e+05    1.0179386710e-01
    1.0490000000e+05    1.3618330233e-01
    1.0500000000e+05    1.1422705152e-01
    1.0510000000e+05    1.0693220722e-01
    1.0520000000e+05    1.0907161386e-01
    1.0530000000e+05    1.3098079390e-01
    1.0540000000e+05    1.5256930721e-01
    1.0550000000e+05    1.4703109688e-01
    1.0560000000e+05    1.3880292139e-01
    1.0570000000e+05    1.2285061973e-01
    1.0580000000e+05    1.2732926848e-01
    1.0590000000e+05    1.1028372641e-01
    1.0600000000e+05    1.2856065390e-01
    1.0610000000e+05    1.2647404295e-01
    1.0620000000e+05    1.0802965760e-01
    1.0630000000e+05    1.5046923287e-01
    1.0640000000e+05    1.5057247345e-01
    1.0650000000e+05    1.2749614579e-01
    1.0660000000e+05    1.0941563223e-01
    1.0670000000e+05    1.0808891908e-01
    1.0680000000e+05    1.3069978632e-01
    1.0690000000e+05    1.0707644040e-01
    1.0700000000e+05    1.1546472073e-01
    1.0710000000e+05    1.1786517024e-01
    1.0720000000e+05    1.0536069483e-01
    1.0730000000e+05    1.0535128914e-01
    1.0740000000e+05    1.0224924867e-01
    1.0750000000e+05    9.6637981284e-02
    1.0760000000e+05    1.2035843200e-01
    1.0770000000e+05    1.2349031539e-01
    1.0780000000e+05    1.1148720316e-01
    1.0790000000e+05    1.2152240319e-01
    1.0800000000e+05    9.5986706309e-02
    1.0810000000e+05    1.2338194365e-01
    1.0820000000e+05    1.2376395112e-01
    1.0830000000e+05    1.1820789949e-01
    1.0840000000e+05    1.1459228182e-01
    1.0850000000e+05    1.0524922540e-01
    1.0860000000e+05    1.1780684573e-01
    1.0870000000e+05    1.2330281304e-01
    1.0880000000e+05    9.9708944057e-02
    1.0890000000e+05    1.0412741970e-01
    1.0900000000e+05    1.1149758724e-01
    1.0910000000e+05    1.0227841115e-01
    1.0920000000e+05    1.1365227756e-01
    1.0930000000e+05    1.1718019239e-01
    1.0940000000e+05    1.4460887406e-01
    1.0950000000e+05    1.0934376023e-01
    1.0960000000e+05    1.0791976222e-01
    1.0970000000e+05    1.5311178303e-01
    1.0980000000e+05    1.2632062803e-01
    1.0990000000e+05    9.5422659972e-02
    1.1000000000e+05    1.1953130914e-01
    1.1010000000e+05    1.1502656639e-01
    1.1020000000e+05    1.0566308699e-01
    1.1030000000e+05    1.0779957532e-01
    1.1040000000e+05    1.1651733297e-01
    1.1050000000e+05    1.0746953864e-01
    1.1060000000e+05    1.1937183479e-01
    1.1070000000e+05    1.4792307423e-01
    1.1080000000e+05    1.3183644740e-01
    1.1090000000e+05    1.2603083951e-01
    1.1100000000e+05    1.2893348597e-01
    1.1110000000e+05    1.1495243917e-01
    1.1120000000e+05    1.1445898153e-01
    1.1130000000e+05    1.5313040319e-01
    1.1140000000e+05    1.5624597632e-01
    1.1150000000e+05    1.1606598363e-01
    1.1160000000e+05    1.6041621936e-01
    1.1170000000e+05    1.3382868224e-01
    1.1180000000e+05    1.1971300233e-01
    1.1190000000e+05    1.3105676361e-01
    1.1200000000e+05    9.7372427801e-02
    1.1210000000e+05    1.2262422157e-01
    1.1220000000e+05    1.0787408729e-01
    1.1230000000e+05    1.1029469559e-01
    1.1240000000e+05    9.6295134104e-02
    1.1250000000e+05    1.3601797515e-01
    1.1260000000e+05    1.1193939971e-01
    1.1270000000e+05    1.5292712727e-01
    1.1280000000e+05    1.7090485754e-01
    1.1290000000e+05    1.4829913122e-01
    1.1300000000e+05    1.9568295048e-01
    1.1310000000e+05    2.3090070163e-01
    1.1320000000e+05    1.3468718106e-01
    1.1330000000e+05    1.2532025308e-01
    1.1340000000e+05    9.8482891615e-02
    1.1350000000e+05    1.2848498612e-01
    1.1360000000e+05    1.4762271226e-01
    1.1370000000e+05    1.8758276554e-01
    1.1380000000e+05    1.1568348339e-01
    1.1390000000e+05    1.2223184412e-01
    1.1400000000e+05    1.4032859412e-01
    1.1410000000e+05    1.3009118631e-01
    1.1420000000e+05    1.0722903278e-01
    1.1430000000e+05    1.1832764580e-01
    1.1440000000e+05    2.7312070145e-01
    1.1450000000e+05    1.1403992785e-01
    1.1460000000e+05    1.0808111217e-01
    1.1470000000e+05    1.2801569195e-01
    1.1480000000e+05    1.3507532836e-01
    1.1490000000e+05    1.0857130526e-01
    1.1500000000e+05    9.7913083707e-02
    1.1510000000e+05    1.2336045768e-01
    1.1520000000e+05    1.3089806368e-01
    1.1530000000e+05    1.0934861169e-01
    1.1540000000e+05    1.2956192095e-01
    1.1550000000e+05    1.0415911214e-01
    1.1560000000e+05    1.4499505184e-01
    1.1570000000e+05    1.3108190004e-01
    1.1580000000e+05    1.3203807372e-01
    1.1590000000e+05    1.0880577399e-01
    1.1600000000e+05    1.0361446231e-01
    1.1610000000e+05    1.2858406175e-01
    1.1620000000e+05    9.5196205013e-02
    1.1630000000e+05    1.1584105639e-01
    1.1640000000e+05    1.1711428082e-01
    1.1650000000e+05    1.2962859921e-01
    1.1660000000e+05    1.3537110906e-01
    1.1670000000e+05    1.0661116940e-01
    1.1680000000e+05    1.2197159230e-01
    1.1690000000e+05    8.7659128112e-02
    1.1700000000e+05    1.0459172432e-01
    1.1710000000e+05    1.0992106593e-01
    1.1720000000e+05    1.2970623319e-01
    1.1730000000e+05    1.2657383690e-01
    1.1740000000e+05    1.1203575204e-01
    1.1750000000e+05    1.2068707010e-01
    1.1760000000e+05    1.0680587094e-01
    1.1770000000e+05    1.1736970837e-01
    1.1780000000e+05    1.2386261739e-01
    1.1790000000e+05    1.0509639482e-01
    1.1800000000e+05    1.2500847453e-01
    1.1810000000e+05    1.1628624048e-01
    1.1820000000e+05    1.0832903240e-01
    1.1830000000e+05    1.0785946935e-01
    1.1840000000e+05    1.3648944189e-01
    1.1850000000e+05    1.0728280471e-01
    1.1860000000e+05    1.2390451869e-01
    1.1870000000e+05    1.0874934747e-01
    1.1880000000e+05    1.1887682774e-01
    1.1890000000e+05    1.3378764828e-01
    1.1900000000e+05    1.1205617071e-01
    1.1910000000e+05    1.2200931981e-01
    1.1920000000e+05    1.1168747946e-01
    1.1930000000e+05    1.1201152514e-01
    1.1940000000e+05    1.2411622011e-01
    1.1950000000e+05    9.7532172026e-02
    1.1960000000e+05    1.0757462580e-01
    1.1970000000e+05    1.0160069040e-01
    1.1980000000e+05    1.2145786682e-01
    1.1990000000e+05    1.1406862221e-01
    1.2000000000e+05    9.6211617672e-02
    1.2010000000e+05    1.1240349059e-01
    1.2020000000e+05    9.5739466770e-02
    1.2030000000e+05    1.3446310860e-01
    1.2040000000e+05    1.1703483468e-01
    1.2050000000e+05    1.1299509879e-01
    1.2060000000e+05    1.1122278646e-01
    1.2070000000e+05    1.0582048392e-01
    1.2080000000e+05    1.0599640469e-01
    1.2090000000e+05    1.0849281606e-01
    1.2100000000e+05    1.0230609887e-01
    1.2110000000e+05    1.2438689536e-01
    1.2120000000e+05    1.0724369445e-01
    1.2130000000e+05    1.0785076582e-01
    1.2140000000e+05    1.2540166189e-01
    1.2150000000e+05    1.3506731120e-01
    1.2160000000e+05    1.3154817181e-01
    1.2170000000e+05    1.2098330242e-01
    1.2180000000e+05    1.1563884926e-01
    1.2190000000e+05    1.2192051215e-01
    1.2200000000e+05    9.5962374714e-02
    1.2210000000e+05    9.9619631116e-02
    1.2220000000e+05    9.8692044070e-02
    1.2230000000e+05    1.1084743921e-01
    1.2240000000e+05    1.0644517008e-01
    1.2250000000e+05    1.3545561077e-01
    1.2260000000e+05    9.8673762987e-02
    1.2270000000e+05    1.2670240803e-01
    1.2280000000e+05    1.6341571410e-01
    1.2290000000e+05    1.2078831598e-01
    1.2300000000e+05    1.2976842038e-01
    1.2310000000e+05    1.1346046413e-01
    1.2320000000e+05    1.4008613599e-01
    1.2330000000e+05    1.3610122500e-01
    1.2340000000e+05    1.5594144672e-01
    1.2350000000e+05    1.3042103855e-01
    1.2360000000e+05    1.0208863531e-01
    1.2370000000e+05    9.8202481277e-02
    1.2380000000e+05    1.2356860831e-01
    1.2390000000e+05    1.3353135325e-01
    1.2400000000e+05    1.4002405879e-01
    1.2410000000e+05    1.1685498053e-01
    1.2420000000e+05    1.3155954912e-01
    1.2430000000e+05    1.2364304611e-01
    1.2440000000e+05    1.0701265169e-01
    1.2450000000e+05    1.0918580230e-01
    1.2460000000e+05    1.0690788620e-01
    1.2470000000e+05    1.1409173246e-01
    1.2480000000e+05    1.1527899578e-01
    1.2490000000e+05    1.1783100807e-01
    1.2500000000e+05    1.2711729827e-01
    1.2510000000e+05    1.3808144107e-01
    1.2520000000e+05    1.5652373195e-01
    1.2530000000e+05    1.1340303498e-01
    1.2540000000e+05    8.8995502795e-02
    1.2550000000e+05    1.2817638721e-01
    1.2560000000e+05    1.3144136053e-01
    1.2570000000e+05    1.1643600157e-01
    1.2580000000e+05    1.0178599018e-01
    1.2590000000e+05    9.7416550640e-02
    1.2600000000e+05    9.4477968617e-02
    1.2610000000e+05    9.3995308481e-02
    1.2620000000e+05    9.4419779059e-02
    1.2630000000e+05    1.3241249456e-01
    1.2640000000e+05    1.2911970998e-01
    1.2650000000e+05    1.5621231355e-01
    1.2660000000e+05    1.3888705532e-01
    1.2670000000e+05    1.1603077577e-01
    1.2680000000e+05    1.4123168732e-01
    1.2690000000e+05    1.3835984071e-01
    1.2700000000e+05    1.2079295006e-01
    1.2710000000e+05    2.0811097347e-01
    1.2720000000e+05    1.1806335702e-01
    1.2730000000e+05    1.2776078116e-01
    1.2740000000e+05    1.2724362582e-01
    1.2750000000e+05    1.0491998557e-01
    1.2760000000e+05    1.2961262840e-01
    1.2770000000e+05    9.8147019806e-02
    1.2780000000e+05    1.3719635021e-01
    1.2790000000e+05    1.1217812745e-01
    1.2800000000e+05    1.1198822009e-01
    1.2810000000e+05    1.0449038956e-01
    1.2820000000e+05    9.9735540002e-02
    1.2830000000e+05    1.4192547598e-01
    1.2840000000e+05    1.4417086038e-01
    1.2850000000e+05    1.2715905309e-01
    1.2860000000e+05    1.6547993645e-01
    1.2870000000e+05    1.4253897652e-01
    1.2880000000e+05    1.6097421600e-01
    1.2890000000e+05    1.4776882129e-01
    1.2900000000e+05    1.7628328508e-01
    1.2910000000e+05    1.5486585277e-01
    1.2920000000e+05    1.2299656415e-01
    1.2930000000e+05    2.0130122547e-01
    1.2940000000e+05    1.0077453986e-01
    1.2950000000e+05    1.0137210388e-01
    1.2960000000e+05    9.5786945159e-02
    1.2970000000e+05    9.6497519691e-02
    1.2980000000e+05    9.0295132429e-02
    1.2990000000e+05    1.0989648086e-01
    1.3000000000e+05    1.0411147377e-01
    1.3010000000e+05    9.4998976310e-02
    1.3020000000e+05    1.7571530723e-01
    1.3030000000e+05    1.0534469672e-01
    1.3040000000e+05    1.0611401079e-01
    1.3050000000e+05    1.4410553439e-01
    1.3060000000e+05    1.3145760354e-01
    1.3070000000e+05    1.1549790786e-01
    1.3080000000e+05    1.0857663800e-01
    1.3090000000e+05    1.6025090269e-01
    1.3100000000e+05    1.3465571203e-01
    1.3110000000e+05    1.3265743675e-01
    1.3120000000e+05    1.5544731428e-01
    1.3130000000e+05    9.9336779098e-02
    1.3140000000e+05    8.5163186881e-02
    1.3150000000e+05    9.2583927359e-02
    1.3160000000e+05    1.3144659460e-01
    1.3170000000e+05    1.0113811070e-01
    1.3180000000e+05    1.1795602926e-01
    1.3190000000e+05    1.2334712017e-01
    1.3200000000e+05    1.9524799398e-01
    1.3210000000e+05    1.5319835946e-01
    1.3220000000e+05    1.5805782022e-01
    1.3230000000e+05    1.5755091633e-01
    1.3240000000e+05    1.6282809928e-01
    1.3250000000e+05    1.3251735783e-01
    1.3260000000e+05    1.1895005931e-01
    1.3270000000e+05    1.3726588508e-01
    1.3280000000e+05    1.4199189725e-01
    1.3290000000e+05    1.1102257304e-01
    1.3300000000e+05    1.1107445812e-01
    1.3310000000e+05    1.6577129162e-01
    1.3320000000e+05    1.7549169806e-01
    1.3330000000e+05    1.1172754844e-01
    1.3340000000e+05    1.1753049746e-01
    1.3350000000e+05    1.2730611353e-01
    1.3360000000e+05    1.3528996400e-01
    1.3370000000e+05    1.4448775671e-01
    1.3380000000e+05    1.1043060418e-01
    1.3390000000e+05    1.2106045258e-01
    1.3400000000e+05    1.1650120247e-01
    1.3410000000e+05    1.2783014140e-01
    1.3420000000e+05    1.5871614210e-01
    1.3430000000e+05    1.5475374913e-01
    1.3440000000e+05    1.0758943656e-01
    1.3450000000e+05    1.0007677744e-01
    1.3460000000e+05    1.1643854289e-01
    1.3470000000e+05    1.1876409987e-01
    1.3480000000e+05    1.0516770831e-01
    1.3490000000e+05    1.2023783769e-01
    1.3500000000e+05    1.2859728855e-01
    1.3510000000e+05    1.2825716348e-01
    1.3520000000e+05    1.1878538868e-01
    1.3530000000e+05    9.7973982374e-02
    1.3540000000e+05    1.2093083724e-01
    1.3550000000e+05    1.5191531617e-01
    1.3560000000e+05    2.2773569715e-01
    1.3570000000e+05    1.4624744397e-01
    1.3580000000e+05    1.0302317857e-01
    1.3590000000e+05    1.1868985478e-01
    1.3600000000e+05    1.4442828013e-01
    1.3610000000e+05    1.1718955994e-01
    1.3620000000e+05    1.2351820261e-01
    1.3630000000e+05    1.5368736264e-01
    1.3640000000e+05    1.4870312647e-01
    1.3650000000e+05    1.4752634820e-01
    1.3660000000e+05    1.2367909842e-01
    1.3670000000e+05    1.2138630151e-01
    1.3680000000e+05    1.2270656616e-01
    1.3690000000e+05    1.5023691924e-01
    1.3700000000e+05    1.3917001449e-01
    1.3710000000e+05    1.1573702636e-01
    1.3720000000e+05    1.4348779639e-01
    1.3730000000e+05    1.3957341284e-01
    1.3740000000e+05    1.3284102670e-01
    1.3750000000e+05    1.4528673094e-01
    1.3760000000e+05    9.6780444288e-02
    1.3770000000e+05    1.2843017657e-01
    1.3780000000e+05    1.3366061623e-01
    1.3790000000e+05    1.2320451413e-01
    1.3800000000e+05    1.4874557128e-01
    1.3810000000e+05    1.3167361638e-01
    1.3820000000e+05    1.5109213723e-01
    1.3830000000e+05    1.5890715774e-01
    1.3840000000e+05    1.0795175287e-01
    1.3850000000e+05    1.4521401985e-01
    1.3860000000e+05    1.2730669841e-01
    1.3870000000e+05    1.2433703709e-01
    1.3880000000e+05    1.0520068736e-01
    1.3890000000e+05    9.6273435702e-02
    1.3900000000e+05    1.2260717823e-01
    1.3910000000e+05    1.1437127978e-01
    1.3920000000e+05    1.7626604875e-01
    1.3930000000e+05    1.0712777900e-01
    1.3940000000e+05    1.0837226186e-01
    1.3950000000e+05    1.2195704366e-01
    1.3960000000e+05    1.0994368076e-01
    1.3970000000e+05    1.2462074836e-01
    1.3980000000e+05    1.0979815750e-01
    1.3990000000e+05    1.4263718162e-01
    1.4000000000e+05    1.1116755444e-01
    1.4010000000e+05    1.2426544779e-01
    1.4020000000e+05    1.2561180957e-01
    1.4030000000e+05    1.1539327114e-01
    1.4040000000e+05    1.4322655772e-01
    1.4050000000e+05    1.4619539877e-01
    1.4060000000e+05    1.2994594619e-01
    1.4070000000e+05    1.0373562302e-01
    1.4080000000e+05    1.1373732986e-01
    1.4090000000e+05    1.0895107796e-01
    1.4100000000e+05    1.4719837243e-01
    1.4110000000e+05    1.0864603627e-01
    1.4120000000e+05    1.0200570257e-01
    1.4130000000e+05    1.5210190631e-01
    1.4140000000e+05    1.3709878192e-01
    1.4150000000e+05    1.6328034263e-01
    1.4160000000e+05    1.0845993147e-01
    1.4170000000e+05    1.2036762521e-01
    1.4180000000e+05    1.0017406331e-01
    1.4190000000e+05    1.2023540412e-01
    1.4200000000e+05    1.1657627345e-01
    1.4210000000e+05    1.3880239235e-01
    1.4220000000e+05    9.6895613771e-02
    1.4230000000e+05    1.4713383206e-01
    1.4240000000e+05    1.2696334910e-01
    1.4250000000e+05    1.7427628913e-01
    1.4260000000e+05    1.1960649378e-01
    1.4270000000e+05    1.5157046315e-01
    1.4280000000e+05    1.0853065230e-01
    1.4290000000e+05    1.1267665398e-01
    1.4300000000e+05    1.1204279622e-01
    1.4310000000e+05    9.9477368276e-02
    1.4320000000e+05    1.0593683726e-01
    1.4330000000e+05    1.0451460838e-01
    1.4340000000e+05    1.1321624775e-01
    1.4350000000e+05    1.0502311962e-01
    1.4360000000e+05    9.1787257503e-02
    1.4370000000e+05    1.0846490271e-01
    1.4380000000e+05    1.1790825603e-01
    1.4390000000e+05    1.2429059747e-01
    1.4400000000e+05    1.3256505894e-01
    1.4410000000e+05    1.1489637262e-01
    1.4420000000e+05    1.0189760094e-01
    1.4430000000e+05    1.1667446440e-01
    1.4440000000e+05    9.0458487474e-02
    1.4450000000e+05    1.1480619926e-01
    1.4460000000e+05    1.0159300079e-01
    1.4470000000e+05    1.3158540741e-01
    1.4480000000e+05    1.2603520319e-01
    1.4490000000e+05    1.3122682271e-01
    1.4500000000e+05    1.3404739395e-01
    1.4510000000e+05    1.3541817221e-01
    1.4520000000e+05    1.2983509285e-01
    1.4530000000e+05    1.3529115178e-01
    1.4540000000e+05    1.0615703344e-01
    1.4550000000e+05    1.4246671234e-01
    1.4560000000e+05    1.3065203196e-01
    1.4570000000e+05    1.3006627482e-01
    1.4580000000e+05    1.3040655745e-01
    1.4590000000e+05    1.0958004380e-01
    1.4600000000e+05    1.1058523156e-01
    1.4610000000e+05    1.4739032069e-01
    1.4620000000e+05    1.3583461090e-01
    1.4630000000e+05    1.4302150301e-01
    1.4640000000e+05    1.3255959667e-01
    1.4650000000e+05    1.2634827910e-01
    1.4660000000e+05    1.1337678071e-01
    1.4670000000e+05    1.1234154594e-01
    1.4680000000e+05    1.4283280462e-01
    1.4690000000e+05    1.1665138803e-01
    1.4700000000e+05    1.1376389498e-01
    1.4710000000e+05    1.0940718270e-01
    1.4720000000e+05    1.1690449950e-01
    1.4730000000e+05    1.3664477503e-01
    1.4740000000e+05    1.2064280351e-01
    1.4750000000e+05    1.2204727130e-01
    1.4760000000e+05    1.3738542737e-01
    1.4770000000e+05    1.2984895895e-01
    1.4780000000e+05    1.1626658165e-01
    1.4790000000e+05    1.3121457847e-01
    1.4800000000e+05    1.1675515082e-01
    1.4810000000e+05    1.1115379121e-01
    1.4820000000e+05    1.0881402486e-01
    1.4830000000e+05    1.2732114431e-01
    1.4840000000e+05    1.2826495358e-01
    1.4850000000e+05    1.3174410616e-01
    1.4860000000e+05    1.0504894194e-01
    1.4870000000e+05    1.3189011783e-01
    1.4880000000e+05    1.1689417833e-01
    1.4890000000e+05    9.8130580155e-02
    1.4900000000e+05    1.1154812999e-01
    1.4910000000e+05    1.3014419751e-01
    1.4920000000e+05    1.0753739389e-01
    1.4930000000e+05    1.4367974058e-01
    1.4940000000e+05    1.6298600464e-01
    1.4950000000e+05    1.0027503239e-01
    1.4960000000e+05    1.2252581749e-01
    1.4970000000e+05    1.3561832086e-01
    1.4980000000e+05    1.2413257834e-01
    1.4990000000e+05    1.2213872526e-01
    1.5000000000e+05    2.0379485908e-01
    1.5010000000e+05    1.5797891552e-01
    1.5020000000e+05    1.1698874721e-01
    1.5030000000e+05    1.4093496503e-01
    1.5040000000e+05    1.2384625736e-01
    1.5050000000e+05    1.2022706420e-01
    1.5060000000e+05    1.9329134549e-01
    1.5070000000e+05    1.2453199642e-01
    1.5080000000e+05    1.1639646239e-01
    1.5090000000e+05    1.0472984153e-01
    1.5100000000e+05    9.7687500501e-02
    1.5110000000e+05    1.3236178466e-01
    1.5120000000e+05    1.1119384017e-01
    1.5130000000e+05    1.6547625274e-01
    1.5140000000e+05    1.4791009237e-01
    1.5150000000e+05    1.3450468733e-01
    1.5160000000e+05    1.3847024041e-01
    1.5170000000e+05    1.0750924900e-01
    1.5180000000e+05    1.1517628016e-01
    1.5190000000e+05    1.1917851150e-01
    1.5200000000e+05    1.3785842428e-01
    1.5210000000e+05    1.9681584198e-01
    1.5220000000e+05    1.3286160959e-01
    1.5230000000e+05    1.2151117334e-01
    1.5240000000e+05    1.1647558368e-01
    1.5250000000e+05    9.9466141068e-02
    1.5260000000e+05    1.0452781148e-01
    1.5270000000e+05    1.1577603920e-01
    1.5280000000e+05    1.0785678191e-01
    1.5290000000e+05    1.3689220994e-01
    1.5300000000e+05    1.4102306936e-01
    1.5310000000e+05    1.2202725213e-01
    1.5320000000e+05    1.1367118216e-01
    1.5330000000e+05    1.3082992727e-01
    1.5340000000e+05    1.4835336090e-01
    1.5350000000e+05    1.7307775510e-01
    1.5360000000e+05    1.1973331646e-01
    1.5370000000e+05    1.0872874269e-01
    1.5380000000e+05    1.2021485247e-01
    1.5390000000e+05    1.3249289444e-01
    1.5400000000e+05    1.2318794846e-01
    1.5410000000e+05    1.2993332481e-01
    1.5420000000e+05    1.2390511896e-01
    1.5430000000e+05    1.3653749963e-01
    1.5440000000e+05    1.3288759360e-01
    1.5450000000e+05    1.2449788644e-01
    1.5460000000e+05    1.4724107678e-01
    1.5470000000e+05    1.0078652365e-01
    1.5480000000e+05    1.0427792666e-01
    1.5490000000e+05    1.1113343025e-01
    1.5500000000e+05    1.0127863404e-01
    1.5510000000e+05    1.0806973354e-01
    1.5520000000e+05    1.0461605400e-01
    1.5530000000e+05    1.0643369754e-01
    1.5540000000e+05    1.2300548161e-01
    1.5550000000e+05    1.2185107995e-01
    1.5560000000e+05    1.1448097033e-01
    1.5570000000e+05    1.1832069768e-01
    1.5580000000e+05    1.2958842914e-01
    1.5590000000e+05    1.1814529349e-01
    1.5600000000e+05    1.4060089052e-01
    1.5610000000e+05    1.3977003433e-01
    1.5620000000e+05    1.0788606548e-01
    1.5630000000e+05    1.1514250759e-01
    1.5640000000e+05    1.0341371494e-01
    1.5650000000e+05    9.6971913318e-02
    1.5660000000e+05    1.2558510880e-01
    1.5670000000e+05    1.5260290911e-01
    1.5680000000e+05    1.3932460064e-01
    1.5690000000e+05    1.5116456358e-01
    1.5700000000e+05    1.4034878311e-01
    1.5710000000e+05    1.2246938646e-01
    1.5720000000e+05    1.0875954900e-01
    1.5730000000e+05    1.1761888342e-01
    1.5740000000e+05    1.1809219627e-01
    1.5750000000e+05    1.1605191478e-01
    1.5760000000e+05    1.0005158852e-01
    1.5770000000e+05    1.0909506132e-01
    1.5780000000e+05    1.4993934322e-01
    1.5790000000e+05    1.5319362899e-01
    1.5800000000e+05    1.4475383270e-01
    1.5810000000e+05    1.2448873032e-01
    1.5820000000e+05    1.3628356866e-01
    1.5830000000e+05    1.2756761084e-01
    1.5840000000e+05    1.0397144249e-01
    1.5850000000e+05    8.9328186155e-02
    1.5860000000e+05    1.1961396765e-01
    1.5870000000e+05    1.2551236304e-01
    1.5880000000e+05    1.2919344059e-01
    1.5890000000e+05    1.1122201971e-01
    1.5900000000e+05    1.1049310742e-01
    1.5910000000e+05    1.3360353901e-01
    1.5920000000e+05    1.4102143317e-01
    1.5930000000e+05    1.2727632866e-01
    1.5940000000e+05    1.3228835252e-01
    1.5950000000e+05    1.2704469926e-01
    1.5960000000e+05    1.3461250716e-01
    1.5970000000e+05    1.7601395660e-01
    1.5980000000e+05    2.1449334145e-01
    1.5990000000e+05    1.4610169021e-01
    1.6000000000e+05    1.2070603148e-01
    1.6010000000e+05    1.0141236087e-01
    1.6020000000e+05    1.1388966464e-01
    1.6030000000e+05    1.0751179593e-01
    1.6040000000e+05    1.1170754260e-01
    1.6050000000e+05    1.3577274471e-01
    1.6060000000e+05    1.3029332914e-01
    1.6070000000e+05    1.6911609782e-01
    1.6080000000e+05    1.1648043847e-01
    1.6090000000e+05    1.0908705248e-01
    1.6100000000e+05    1.1028292628e-01
    1.6110000000e+05    1.0844583654e-01
    1.6120000000e+05    1.0155904326e-01
    1.6130000000e+05    1.4504691614e-01
    1.6140000000e+05    1.5217644644e-01
    1.6150000000e+05    1.3101406199e-01
    1.6160000000e+05    1.4964419956e-01
    1.6170000000e+05    1.3188883629e-01
    1.6180000000e+05    2.0142102085e-01
    1.6190000000e+05    1.6172528514e-01
    1.6200000000e+05    1.6346676977e-01
    1.6210000000e+05    1.0806798684e-01
    1.6220000000e+05    1.3080687323e-01
    1.6230000000e+05    1.4402850761e-01
    1.6240000000e+05    8.5832682135e-02
    1.6250000000e+05    1.1391547183e-01
    1.6260000000e+05    1.5516737138e-01
    1.6270000000e+05    1.2545393254e-01
    1.6280000000e+05    1.2951570565e-01
    1.6290000000e+05    1.0484601269e-01
    1.6300000000e+05    1.1861044690e-01
    1.6310000000e+05    1.2313371790e-01
    1.6320000000e+05    1.1976149981e-01
    1.6330000000e+05    1.1203109607e-01
    1.6340000000e+05    1.2205100018e-01
    1.6350000000e+05    1.1452276020e-01
    1.6360000000e+05    1.1104787796e-01
    1.6370000000e+05    1.2548702484e-01
    1.6380000000e+05    1.2897979891e-01
    1.6390000000e+05    1.3888881585e-01
    1.6400000000e+05    1.2291021318e-01
    1.6410000000e+05    1.1068010652e-01
    1.6420000000e+05    8.5217668473e-02
    1.6430000000e+05    1.6454381147e-01
    1.6440000000e+05    1.2975636343e-01
    1.6450000000e+05    1.0110047125e-01
    1.6460000000e+05    1.2503801765e-01
    1.6470000000e+05    1.5006847770e-01
    1.6480000000e+05    1.6379825492e-01
    1.6490000000e+05    1.1802737470e-01
    1.6500000000e+05    1.0738977999e-01
    1.6510000000e+05    9.5114526874e-02
    1.6520000000e+05    1.1988524363e-01
    1.6530000000e+05    1.2784167547e-01
    1.6540000000e+05    1.6242651894e-01
    1.6550000000e+05    1.2986601448e-01
    1.6560000000e+05    1.0053525942e-01
    1.6570000000e+05    1.1000962178e-01
    1.6580000000e+05    1.3962336790e-01
    1.6590000000e+05    1.1649998712e-01
    1.6600000000e+05    1.4949142937e-01
    1.6610000000e+05    1.3687582999e-01
    1.6620000000e+05    1.2647775018e-01
    1.6630000000e+05    1.0085753507e-01
    1.6640000000e+05    9.7849083939e-02
    1.6650000000e+05    1.2339991404e-01
    1.6660000000e+05    1.3176080066e-01
    1.6670000000e+05    1.3778993832e-01
    1.6680000000e+05    1.5718879674e-01
    1.6690000000e+05    1.6922061109e-01
    1.6700000000e+05    1.7265128627e-01
    1.6710000000e+05    1.1036811707e-01
    1.6720000000e+05    1.1967174123e-01
    1.6730000000e+05    1.4962356060e-01
    1.6740000000e+05    1.1699284359e-01
    1.6750000000e+05    1.2156616839e-01
    1.6760000000e+05    1.3968985016e-01
    1.6770000000e+05    1.4320901419e-01
    1.6780000000e+05    1.0963702150e-01
    1.6790000000e+05    1.3317735524e-01
    1.6800000000e+05    1.3086702925e-01
    1.6810000000e+05    1.1114706498e-01
    1.6820000000e+05    1.1327149797e-01
    1.6830000000e+05    1.0512578861e-01
    1.6840000000e+05    1.2205769833e-01
    1.6850000000e+05    1.2891231678e-01
    1.6860000000e+05    1.0626087259e-01
    1.6870000000e+05    1.2348776446e-01
    1.6880000000e+05    1.0118108902e-01
    1.6890000000e+05    1.0621114248e-01
    1.6900000000e+05    1.6202548650e-01
    1.6910000000e+05    1.6256437553e-01
    1.6920000000e+05    1.2471369988e-01
    1.6930000000e+05    1.2785743339e-01
    1.6940000000e+05    1.2050471892e-01
    1.6950000000e+05    1.4229519305e-01
    1.6960000000e+05    1.6136374519e-01
    1.6970000000e+05    1.3744397352e-01
    1.6980000000e+05    1.5432168468e-01
    1.6990000000e+05    1.4259365177e-01
    1.7000000000e+05    2.0117579177e-01
    1.7010000000e+05    1.0588682473e-01
    1.7020000000e+05    1.5219425125e-01
    1.7030000000e+05    9.1187458920e-02
    1.7040000000e+05    1.0920536669e-01
    1.7050000000e+05    1.2335241956e-01
    1.7060000000e+05    1.3113090393e-01
    1.7070000000e+05    1.3392929185e-01
    1.7080000000e+05    1.5889518263e-01
    1.7090000000e+05    1.2590751338e-01
    1.7100000000e+05    1.2841342260e-01
    1.7110000000e+05    1.5447897706e-01
    1.7120000000e+05    1.5885840761e-01
    1.7130000000e+05    2.0686859833e-01
    1.7140000000e+05    1.3654697620e-01
    1.7150000000e+05    1.0626412762e-01
    1.7160000000e+05    1.1211703015e-01
    1.7170000000e+05    1.2573193148e-01
    1.7180000000e+05    1.1028145053e-01
    1.7190000000e+05    1.0405030977e-01
    1.7200000000e+05    1.0361129638e-01
    1.7210000000e+05    1.4356616847e-01
    1.7220000000e+05    2.0465205541e-01
    1.7230000000e+05    1.3483335502e-01
    1.7240000000e+05    2.0151276253e-01
    1.7250000000e+05    1.3935214710e-01
    1.7260000000e+05    1.3316798733e-01
    1.7270000000e+05    1.0684031412e-01
    1.7280000000e+05    1.3685340156e-01
    1.7290000000e+05    1.4235391348e-01
    1.7300000000e+05    1.3759028562e-01
    1.7310000000e+05    1.0132564504e-01
    1.7320000000e+05    2.1850909367e-01
    1.7330000000e+05    1.6966533522e-01
    1.7340000000e+05    1.0705507619e-01
    1.7350000000e+05    1.2702963569e-01
    1.7360000000e+05    1.2364472301e-01
    1.7370000000e+05    1.2981108615e-01
    1.7380000000e+05    1.1550804474e-01
    1.7390000000e+05    1.4081402206e-01
    1.7400000000e+05    1.1849459225e-01
    1.7410000000e+05    9.8976623712e-02
    1.7420000000e+05    1.3814118753e-01
    1.7430000000e+05    1.0741331654e-01
    1.7440000000e+05    1.2370275476e-01
    1.7450000000e+05    9.4217951713e-02
    1.7460000000e+05    1.1500379760e-01
    1.7470000000e+05    1.5731349025e-01
    1.7480000000e+05    1.1081145309e-01
    1.7490000000e+05    1.2967528365e-01
    1.7500000000e+05    9.8961762007e-02
    1.7510000000e+05    1.3262835197e-01
    1.7520000000e+05    1.1563068181e-01
    1.7530000000e+05    1.1703100655e-01
    1.7540000000e+05    1.2860153311e-01
    1.7550000000e+05    1.2354865299e-01
    1.7560000000e+05    1.0674582860e-01
    1.7570000000e+05    1.2400109906e-01
    1.7580000000e+05    1.2666327344e-01
    1.7590000000e+05    1.0946327170e-01
    1.7600000000e+05    1.3191553283e-01
    1.7610000000e+05    1.1112020726e-01
    1.7620000000e+05    1.0402612842e-01
    1.7630000000e+05    1.1977804360e-01
    1.7640000000e+05    1.2999662073e-01
    1.7650000000e+05    1.1614200118e-01
    1.7660000000e+05    1.1376484057e-01
    1.7670000000e+05    1.1018818675e-01
    1.7680000000e+05    1.5556060030e-01
    1.7690000000e+05    1.1195470524e-01
    1.7700000000e+05    1.3348200695e-01
    1.7710000000e+05    1.0720446221e-01
    1.7720000000e+05    1.0722770702e-01
    1.7730000000e+05    1.0390546567e-01
    1.7740000000e+05    1.0396305659e-01
    1.7750000000e+05    1.0615617383e-01
    1.7760000000e+05    9.8653350618e-02
    1.7770000000e+05    1.1753349522e-01
    1.7780000000e+05    1.0417731434e-01
    1.7790000000e+05    1.1274537214e-01
    1.7800000000e+05    1.1686914399e-01
    1.7810000000e+05    1.3825027581e-01
    1.7820000000e+05    1.1424833530e-01
    1.7830000000e+05    1.2904852603e-01
    1.7840000000e+05    1.0830657233e-01
    1.7850000000e+05    1.1068076373e-01
    1.7860000000e+05    1.2835434577e-01
    1.7870000000e+05    1.2573899678e-01
    1.7880000000e+05    9.9022575194e-02
    1.7890000000e+05    1.1090513708e-01
    1.7900000000e+05    1.1020688252e-01
    1.7910000000e+05    1.2011378798e-01
    1.7920000000e+05    1.4950586408e-01
    1.7930000000e+05    1.2442403959e-01
    1.7940000000e+05    1.2866303097e-01
    1.7950000000e+05    1.4621658382e-01
    1.7960000000e+05    1.6073678279e-01
    1.7970000000e+05    1.1641044820e-01
    1.7980000000e+05    1.1435004485e-01
    1.7990000000e+05    1.1295253871e-01
    1.8000000000e+05    9.9628035987e-02
    1.8010000000e+05    1.2751395815e-01
    1.8020000000e+05    1.1911019291e-01
    1.8030000000e+05    1.2267143081e-01
    1.8040000000e+05    9.9971061644e-02
    1.8050000000e+05    1.1722658506e-01
    1.8060000000e+05    1.1485604923e-01
    1.8070000000e+05    1.3209979201e-01
    1.8080000000e+05    1.2437819602e-01
    1.8090000000e+05    1.3952220603e-01
    1.8100000000e+05    1.2675292912e-01
    1.8110000000e+05    1.0202009708e-01
    1.8120000000e+05    1.2147273975e-01
    1.8130000000e+05    1.4381706886e-01
    1.8140000000e+05    1.0382427824e-01
    1.8150000000e+05    1.5222142581e-01
    1.8160000000e+05    1.5354601098e-01
    1.8170000000e+05    1.1845742661e-01
    1.8180000000e+05    1.0850877291e-01
    1.8190000000e+05    1.1363323018e-01
    1.8200000000e+05    1.3919253070e-01
    1.8210000000e+05    1.1178950315e-01
    1.8220000000e+05    1.1978655479e-01
    1.8230000000e+05    1.1200226744e-01
    1.8240000000e+05    1.1861283731e-01
    1.8250000000e+05    1.1216478988e-01
    1.8260000000e+05    1.3457223974e-01
    1.8270000000e+05    1.2157860525e-01
    1.8280000000e+05    1.3218008408e-01
    1.8290000000e+05    1.1169131370e-01
    1.8300000000e+05    1.3364359492e-01
    1.8310000000e+05    1.0952394524e-01
    1.8320000000e+05    1.1076070720e-01
    1.8330000000e+05    1.1817274839e-01
    1.8340000000e+05    1.0328999848e-01
    1.8350000000e+05    1.1532666827e-01
    1.8360000000e+05    1.1527227779e-01
    1.8370000000e+05    1.1662037722e-01
    1.8380000000e+05    1.3228151245e-01
    1.8390000000e+05    1.1007785565e-01
    1.8400000000e+05    1.0111036855e-01
    1.8410000000e+05    1.2130801656e-01
    1.8420000000e+05    1.3761216559e-01
    1.8430000000e+05    1.3836364988e-01
    1.8440000000e+05    1.3843106279e-01
    1.8450000000e+05    1.3943988537e-01
    1.8460000000e+05    1.5449602070e-01
    1.8470000000e+05    1.0814655772e-01
    1.8480000000e+05    1.1022133888e-01
    1.8490000000e+05    1.6040254415e-01
    1.8500000000e+05    2.3919876910e-01
    1.8510000000e+05    1.0579175808e-01
    1.8520000000e+05    9.6779396818e-02
    1.8530000000e+05    1.0328890850e-01
    1.8540000000e+05    1.1098021722e-01
    1.8550000000e+05    1.1096640423e-01
    1.8560000000e+05    1.1507318277e-01
    1.8570000000e+05    1.3013540585e-01
    1.8580000000e+05    1.2223463703e-01
    1.8590000000e+05    1.0241932891e-01
    1.8600000000e+05    1.1144301633e-01
    1.8610000000e+05    1.5233834458e-01
    1.8620000000e+05    1.1780846871e-01
    1.8630000000e+05    1.1134000823e-01
    1.8640000000e+05    1.0408567751e-01
    1.8650000000e+05    1.1116642020e-01
    1.8660000000e+05    1.2186264041e-01
    1.8670000000e+05    1.0570062192e-01
    1.8680000000e+05    1.1570285727e-01
    1.8690000000e+05    1.2574101293e-01
    1.8700000000e+05    1.2141229549e-01
    1.8710000000e+05    1.7489979767e-01
    1.8720000000e+05    1.1686438929e-01
    1.8730000000e+05    1.4076976687e-01
    1.8740000000e+05    1.1701877475e-01
    1.8750000000e+05    1.1730316188e-01
    1.8760000000e+05    1.4385909499e-01
    1.8770000000e+05    1.1844053519e-01
    1.8780000000e+05    1.5083802158e-01
    1.8790000000e+05    1.4753265095e-01
    1.8800000000e+05    1.0273293159e-01
    1.8810000000e+05    1.2042008970e-01
    1.8820000000e+05    1.0334081486e-01
    1.8830000000e+05    1.2450097335e-01
    1.8840000000e+05    1.2461426261e-01
    1.8850000000e+05    1.1017595865e-01
    1.8860000000e+05    9.6916891994e-02
    1.8870000000e+05    1.0853261032e-01
    1.8880000000e+05    1.0532163507e-01
    1.8890000000e+05    9.5372980560e-02
    1.8900000000e+05    1.2124233914e-01
    1.8910000000e+05    1.2217470707e-01
    1.8920000000e+05    9.4169809722e-02
    1.8930000000e+05    9.2767259117e-02
    1.8940000000e+05    1.3449397096e-01
    1.8950000000e+05    1.1383633516e-01
    1.8960000000e+05    1.0033381501e-01
    1.8970000000e+05    1.0882722347e-01
    1.8980000000e+05    1.2877796817e-01
    1.8990000000e+05    1.0801583871e-01
    1.9000000000e+05    1.2083852706e-01
    1.9010000000e+05    1.1891034034e-01
    1.9020000000e+05    1.4016363643e-01
    1.9030000000e+05    1.1618163225e-01
    1.9040000000e+05    1.2694899771e-01
    1.9050000000e+05    1.2240017135e-01
    1.9060000000e+05    1.2469122546e-01
    1.9070000000e+05    1.0298965012e-01
    1.9080000000e+05    1.2976596187e-01
    1.9090000000e+05    1.0794774172e-01
    1.9100000000e+05    1.4219456478e-01
    1.9110000000e+05    1.6980829472e-01
    1.9120000000e+05    1.4702968073e-01
    1.9130000000e+05    1.2832448799e-01
    1.9140000000e+05    9.7344795174e-02
    1.9150000000e+05    1.0509504922e-01
    1.9160000000e+05    1.2474324617e-01
    1.9170000000e+05    1.2415959592e-01
    1.9180000000e+05    1.0045265465e-01
    1.9190000000e+05    1.3046993700e-01
    1.9200000000e+05    1.1749458232e-01
    1.9210000000e+05    1.1051046607e-01
    1.9220000000e+05    1.2210013783e-01
    1.9230000000e+05    9.9940639292e-02
    1.9240000000e+05    9.5560313068e-02
    1.9250000000e+05    1.0774601713e-01
    1.9260000000e+05    1.2085900624e-01
    1.9270000000e+05    1.2892771701e-01
    1.9280000000e+05    1.1863909910e-01
    1.9290000000e+05    1.3185293663e-01
    1.9300000000e+05    1.0902842599e-01
    1.9310000000e+05    1.3077487219e-01
    1.9320000000e+05    1.0088013219e-01
    1.9330000000e+05    1.4395638670e-01
    1.9340000000e+05    1.1825355342e-01
    1.9350000000e+05    1.1374973397e-01
    1.9360000000e+05    1.4502572694e-01
    1.9370000000e+05    1.0787363729e-01
    1.9380000000e+05    1.2217718641e-01
    1.9390000000e+05    1.4549737931e-01
    1.9400000000e+05    1.3113767980e-01
    1.9410000000e+05    1.2219497244e-01
    1.9420000000e+05    1.1991033757e-01
    1.9430000000e+05    1.2959628641e-01
    1.9440000000e+05    1.3300654635e-01
    1.9450000000e+05    1.2513482675e-01
    1.9460000000e+05    9.8756401587e-02
    1.9470000000e+05    1.1861084676e-01
    1.9480000000e+05    1.2311022359e-01
    1.9490000000e+05    1.2209180886e-01
    1.9500000000e+05    1.3302518920e-01
    1.9510000000e+05    1.2388089552e-01
    1.9520000000e+05    1.3057898502e-01
    1.9530000000e+05    1.3164131582e-01
    1.9540000000e+05    1.1034958221e-01
    1.9550000000e+05    1.3551055733e-01
    1.9560000000e+05    1.4969164709e-01
    1.9570000000e+05    1.2519670748e-01
    1.9580000000e+05    1.2251236075e-01
    1.9590000000e+05    1.2591492696e-01
    1.9600000000e+05    1.2015842889e-01
    1.9610000000e+05    1.1015146279e-01
    1.9620000000e+05    1.1078798105e-01
    1.9630000000e+05    1.2692188061e-01
    1.9640000000e+05    1.2415869040e-01
    1.9650000000e+05    1.0480031969e-01
    1.9660000000e+05    1.0915835247e-01
    1.9670000000e+05    1.2272970318e-01
    1.9680000000e+05    1.3923592399e-01
    1.9690000000e+05    1.4381611595e-01
    1.9700000000e+05    1.1909405653e-01
    1.9710000000e+05    1.3745038430e-01
    1.9720000000e+05    1.5184767513e-01
    1.9730000000e+05    1.5923847978e-01
    1.9740000000e+05    1.3519073768e-01
    1.9750000000e+05    1.1064497883e-01
    1.9760000000e+05    1.0688408150e-01
    1.9770000000e+05    1.4578402632e-01
    1.9780000000e+05    1.1637484576e-01
    1.9790000000e+05    1.3201253826e-01
    1.9800000000e+05    1.3980679993e-01
    1.9810000000e+05    1.4683411885e-01
    1.9820000000e+05    1.5799339959e-01
    1.9830000000e+05    1.4559986745e-01
    1.9840000000e+05    1.1862161323e-01
    1.9850000000e+05    1.4308935715e-01
    1.9860000000e+05    1.2647408960e-01
    1.9870000000e+05    1.2568746597e-01
    1.9880000000e+05    1.2541684069e-01
    1.9890000000e+05    1.2434317430e-01
    1.9900000000e+05    2.0716665544e-01
    1.9910000000e+05    1.5940910385e-01
    1.9920000000e+05    1.2988939332e-01
    1.9930000000e+05    1.2828005248e-01
    1.9940000000e+05    1.0768427511e-01
    1.9950000000e+05    1.1179839048e-01
    1.9960000000e+05    1.0260323016e-01
    1.9970000000e+05    1.1956167172e-01
    1.9980000000e+05    1.1244655223e-01
    1.9990000000e+05    1.5549047391e-01
    2.0000000000e+05    1.1201187781e-01
