    1.0000000000e+02    1.0226159059e-01
    2.0000000000e+02    1.3555092300e-01
    3.0000000000e+02    1.4047345740e-01
    4.0000000000e+02    1.3609127027e-01
    5.0000000000e+02    1.2204748256e-01
    6.0000000000e+02    1.1292214549e-01
    7.0000000000e+02    9.2712259916e-02
    8.0000000000e+02    1.3138893847e-01
    9.0000000000e+02    1.0977113418e-01
    1.0000000000e+03    1.4226398650e-01
    1.1000000000e+03    1.9033271972e-01
    1.2000000000e+03    1.6460966794e-01
    1.3000000000e+03    1.3450700798e-01
    1.4000000000e+03    1.0627234002e-01
    1.5000000000e+03    1.2326672797e-01
    1.6000000000e+03    1.0559495057e-01
    1.7000000000e+03    1.1128037471e-01
    1.8000000000e+03    1.1517965990e-01
    1.9000000000e+03    1.1735112514e-01
    2.0000000000e+03    1.3901670691e-01
    2.1000000000e+03    1.2501280685e-01
    2.2000000000e+03    1.5701297274e-01
    2.3000000000e+03    1.4157325972e-01
    2.4000000000e+03    1.2561217756e-01
    2.5000000000e+03    1.0870668467e-01
    2.6000000000e+03    1.0634496815e-01
    2.7000000000e+03    1.0123173441e-01
    2.8000000000e+03    1.1420693146e-01
    2.9000000000e+03    1.2088648787e-01
    3.0000000000e+03    1.4286390241e-01
    3.1000000000e+03    1.5854083594e-01
    3.2000000000e+03    1.3499506831e-01
    3.3000000000e+03    1.3508364770e-01
    3.4000000000e+03    1.1074167667e-01
    3.5000000000e+03    1.2711869969e-01
    3.6000000000e+03    1.4892539530e-01
    3.7000000000e+03    1.5319079259e-01
    3.8000000000e+03    1.2034923711e-01
    3.9000000000e+03    1.3824788042e-01
    4.0000000000e+03    1.2661960052e-01
    4.1000000000e+03    1.3559217988e-01
    4.2000000000e+03    1.1342620237e-01
    4.3000000000e+03    1.6014746614e-01
    4.4000000000e+03    1.1935191008e-01
    4.5000000000e+03    1.5010395501e-01
    4.6000000000e+03    9.4544717036e-02
    4.7000000000e+03    1.1715438821e-01
    4.8000000000e+03    1.1808924869e-01
    4.9000000000e+03    2.2893290098e-01
    5.0000000000e+03    1.4816227169e-01
    5.1000000000e+03    1.2146882474e-01
    5.2000000000e+03    1.2598746396e-01
    5.3000000000e+03    1.2885540105e-01
    5.4000000000e+03    1.3478799057e-01
    5.5000000000e+03    1.4579128835e-01
    5.6000000000e+03    1.2382857997e-01
    5.7000000000e+03    1.1293894560e-01
    5.8000000000e+03    1.2296945366e-01
    5.9000000000e+03    1.0779264313e-01
    6.0000000000e+03    1.6857013487e-01
    6.1000000000e+03    2.1960679009e-01
    6.2000000000e+03    1.3986703502e-01
    6.3000000000e+03    1.1098634194e-01
    6.4000000000e+03    1.0398557409e-01
    6.5000000000e+03    1.2373735638e-01
    6.6000000000e+03    1.1222784714e-01
    6.7000000000e+03    1.1938807339e-01
    6.8000000000e+03    9.5493038090e-02
    6.9000000000e+03    8.9837119243e-02
    7.0000000000e+03    1.2470756505e-01
    7.1000000000e+03    1.0676503211e-01
    7.2000000000e+03    1.2593501081e-01
    7.3000000000e+03    1.0013330625e-01
    7.4000000000e+03    1.1916703242e-01
    7.5000000000e+03    1.1121625803e-01
    7.6000000000e+03    9.5390215647e-02
    7.7000000000e+03    8.6020416202e-02
    7.8000000000e+03    9.1174458162e-02
    7.9000000000e+03    1.2279087417e-01
    8.0000000000e+03    1.4013834360e-01
    8.1000000000e+03    1.5510498559e-01
    8.2000000000e+03    1.4064709109e-01
    8.3000000000e+03    1.2997102892e-01
    8.4000000000e+03    1.1773857495e-01
    8.5000000000e+03    1.1432013380e-01
    8.6000000000e+03    2.1460620720e-01
    8.7000000000e+03    1.1678655778e-01
    8.8000000000e+03    9.8340813879e-02
    8.9000000000e+03    1.0837651009e-01
    9.0000000000e+03    9.8083011696e-02
    9.1000000000e+03    1.1867197785e-01
    9.2000000000e+03    1.8848811543e-01
    9.3000000000e+03    1.3703085984e-01
    9.4000000000e+03    1.2290349304e-01
    9.5000000000e+03    1.9355408391e-01
    9.6000000000e+03    1.2745550170e-01
    9.7000000000e+03    1.0260391124e-01
    9.8000000000e+03    1.1034083182e-01
    9.9000000000e+03    1.3899147309e-01
    1.0000000000e+04    1.0617487383e-01
    1.0100000000e+04    1.3940770370e-01
    1.0200000000e+04    1.2556770397e-01
    1.0300000000e+04    9.8012199796e-02
    1.0400000000e+04    1.5978174418e-01
    1.0500000000e+04    1.4165712554e-01
    1.0600000000e+04    1.0921793306e-01
    1.0700000000e+04    1.4709503586e-01
    1.0800000000e+04    1.0744482531e-01
    1.0900000000e+04    1.4272806041e-01
    1.1000000000e+04    1.1667829602e-01
    1.1100000000e+04    1.6054765705e-01
    1.1200000000e+04    1.3270423185e-01
    1.1300000000e+04    1.0677015521e-01
    1.1400000000e+04    1.2310062083e-01
    1.1500000000e+04    1.3135773410e-01
    1.1600000000e+04    9.5894826369e-02
    1.1700000000e+04    1.1552010014e-01
    1.1800000000e+04    1.0930063376e-01
    1.1900000000e+04    1.4036629203e-01
    1.2000000000e+04    1.1739162907e-01
    1.2100000000e+04    1.4841204512e-01
    1.2200000000e+04    1.3155596138e-01
    1.2300000000e+04    1.2656466255e-01
    1.2400000000e+04    1.2740153904e-01
    1.2500000000e+04    8.9321054126e-02
    1.2600000000e+04    1.2938179473e-01
    1.2700000000e+04    1.8194644728e-01
    1.2800000000e+04    1.1534185969e-01
    1.2900000000e+04    9.1214298844e-02
    1.3000000000e+04    9.1007514033e-02
    1.3100000000e+04    1.1592680083e-01
    1.3200000000e+04    1.1935314872e-01
    1.3300000000e+04    1.1398846910e-01
    1.3400000000e+04    1.5808206961e-01
    1.3500000000e+04    1.3831344382e-01
    1.3600000000e+04    1.2395806136e-01
    1.3700000000e+04    9.7232169655e-02
    1.3800000000e+04    1.2868038523e-01
    1.3900000000e+04    1.1993069782e-01
    1.4000000000e+04    9.3786988052e-02
    1.4100000000e+04    1.6953666284e-01
    1.4200000000e+04    1.1243581717e-01
    1.4300000000e+04    9.8047850993e-02
    1.4400000000e+04    1.3388061521e-01
    1.4500000000e+04    9.7002765113e-02
    1.4600000000e+04    1.1581736704e-01
    1.4700000000e+04    9.6195550744e-02
    1.4800000000e+04    1.1828413212e-01
    1.4900000000e+04    1.0642382134e-01
    1.5000000000e+04    9.8443720200e-02
    1.5100000000e+04    1.0616996708e-01
    1.5200000000e+04    1.1239365721e-01
    1.5300000000e+04    2.9384736502e-01
    1.5400000000e+04    1.5098105798e-01
    1.5500000000e+04    1.2411562938e-01
    1.5600000000e+04    1.0004812687e-01
    1.5700000000e+04    1.0666278574e-01
    1.5800000000e+04    1.0314093025e-01
    1.5900000000e+04    1.1817031857e-01
    1.6000000000e+04    1.2745182730e-01
    1.6100000000e+04    1.3174855965e-01
    1.6200000000e+04    1.2109210644e-01
    1.6300000000e+04    1.0958374165e-01
    1.6400000000e+04    9.0720507818e-02
    1.6500000000e+04    1.1392280519e-01
    1.6600000000e+04    9.6027981182e-02
    1.6700000000e+04    1.2122863345e-01
    1.6800000000e+04    9.9192513419e-02
    1.6900000000e+04    9.8585484472e-02
    1.7000000000e+04    1.1817179171e-01
    1.7100000000e+04    9.7798804276e-02
    1.7200000000e+04    1.0748833861e-01
    1.7300000000e+04    1.3273821335e-01
    1.7400000000e+04    1.3689100780e-01
    1.7500000000e+04    1.3066028546e-01
    1.7600000000e+04    1.5234219962e-01
    1.7700000000e+04    1.2758874847e-01
    1.7800000000e+04    1.2292700078e-01
    1.7900000000e+04    1.2501882907e-01
    1.8000000000e+04    1.0249952948e-01
    1.8100000000e+04    9.9249554475e-02
    1.8200000000e+04    9.1580269666e-02
    1.8300000000e+04    1.2604079118e-01
    1.8400000000e+04    1.2141454434e-01
    1.8500000000e+04    1.1197823984e-01
    1.8600000000e+04    9.9989822721e-02
    1.8700000000e+04    1.1342529535e-01
    1.8800000000e+04    1.0003143990e-01
    1.8900000000e+04    1.2530278878e-01
    1.9000000000e+04    1.2277594662e-01
    1.9100000000e+04    1.4102825401e-01
    1.9200000000e+04    1.1445918524e-01
    1.9300000000e+04    1.4082831438e-01
    1.9400000000e+04    1.3104166209e-01
    1.9500000000e+04    1.1490327414e-01
    1.9600000000e+04    1.0374451989e-01
    1.9700000000e+04    1.0572467785e-01
    1.9800000000e+04    1.0067063807e-01
    1.9900000000e+04    9.3194630276e-02
    2.0000000000e+04    9.6279174245e-02
    2.0100000000e+04    1.0977971325e-01
    2.0200000000e+04    9.5860827004e-02
    2.0300000000e+04    1.2061950775e-01
    2.0400000000e+04    1.2673405971e-01
    2.0500000000e+04    1.0921549045e-01
    2.0600000000e+04    1.1438052274e-01
    2.0700000000e+04    1.1731035110e-01
    2.0800000000e+04    1.4368420751e-01
    2.0900000000e+04    1.3744767020e-01
    2.1000000000e+04    1.0889228718e-01
    2.1100000000e+04    1.1363567847e-01
    2.1200000000e+04    1.2183685747e-01
    2.1300000000e+04    1.3165529331e-01
    2.1400000000e+04    1.4220954581e-01
    2.1500000000e+04    1.0418140891e-01
    2.1600000000e+04    1.3595280862e-01
    2.1700000000e+04    1.0607070845e-01
    2.1800000000e+04    1.2080402740e-01
    2.1900000000e+04    1.0653919092e-01
    2.2000000000e+04    1.1230927373e-01
    2.2100000000e+04    1.0716970347e-01
    2.2200000000e+04    1.4393116084e-01
    2.2300000000e+04    1.1170471190e-01
    2.2400000000e+04    9.0048419577e-02
    2.2500000000e+04    1.2584967774e-01
    2.2600000000e+04    1.1748248222e-01
    2.2700000000e+04    1.2408260906e-01
    2.2800000000e+04    1.2765277100e-01
    2.2900000000e+04    1.1666913996e-01
    2.3000000000e+04    1.3596484593e-01
    2.3100000000e+04    1.1286486549e-01
    2.3200000000e+04    9.0694875582e-02
    2.3300000000e+04    1.0468543720e-01
    2.3400000000e+04    1.0371076519e-01
    2.3500000000e+04    1.1064207934e-01
    2.3600000000e+04    9.0923043856e-02
    2.3700000000e+04    1.1171478485e-01
    2.3800000000e+04    1.0301506532e-01
    2.3900000000e+04    1.4893870559e-01
    2.4000000000e+04    1.4106333044e-01
    2.4100000000e+04    1.1663023441e-01
    2.4200000000e+04    1.0227561181e-01
    2.4300000000e+04    1.1889390444e-01
    2.4400000000e+04    9.1427999914e-02
    2.4500000000e+04    1.1212731728e-01
    2.4600000000e+04    1.1130966593e-01
    2.4700000000e+04    1.0068190409e-01
    2.4800000000e+04    9.9332173797e-02
    2.4900000000e+04    1.4086741722e-01
    2.5000000000e+04    1.2686784448e-01
    2.5100000000e+04    1.5767100671e-01
    2.5200000000e+04    1.3699954910e-01
    2.5300000000e+04    1.2769904614e-01
    2.5400000000e+04    1.0564135332e-01
    2.5500000000e+04    1.1478730504e-01
    2.5600000000e+04    1.0939422132e-01
    2.5700000000e+04    1.2972052460e-01
    2.5800000000e+04    9.4676768079e-02
    2.5900000000e+04    1.2562858867e-01
    2.6000000000e+04    1.1837829565e-01
    2.6100000000e+04    1.0465244919e-01
    2.6200000000e+04    1.1896758713e-01
    2.6300000000e+04    1.4808895774e-01
    2.6400000000e+04    8.6858507597e-02
    2.6500000000e+04    1.7921587188e-01
    2.6600000000e+04    1.0631909050e-01
    2.6700000000e+04    1.0993338100e-01
    2.6800000000e+04    1.1468976025e-01
    2.6900000000e+04    1.0639747683e-01
    2.7000000000e+04    8.7599120054e-02
    2.7100000000e+04    9.5649532887e-02
    2.7200000000e+04    1.1640435810e-01
    2.7300000000e+04    9.9698683208e-02
    2.7400000000e+04    1.0135007049e-01
    2.7500000000e+04    1.1313592106e-01
    2.7600000000e+04    1.0484797354e-01
    2.7700000000e+04    1.1161699080e-01
    2.7800000000e+04    1.0076463739e-01
    2.7900000000e+04    1.2950741928e-01
    2.8000000000e+04    1.1404212557e-01
    2.8100000000e+04    1.1195855310e-01
    2.8200000000e+04    1.1949285794e-01
    2.8300000000e+04    1.2062563074e-01
    2.8400000000e+04    1.0798071717e-01
    2.8500000000e+04    1.4024245991e-01
    2.8600000000e+04    1.0918646315e-01
    2.8700000000e+04    1.2204640207e-01
    2.8800000000e+04    1.6475773750e-01
    2.8900000000e+04    1.0886236674e-01
    2.9000000000e+04    8.9346890768e-02
    2.9100000000e+04    8.6385867607e-02
    2.9200000000e+04    1.1914512779e-01
    2.9300000000e+04    1.0758121427e-01
    2.9400000000e+04    1.5441415879e-01
    2.9500000000e+04    1.1489113678e-01
    2.9600000000e+04    1.0549631255e-01
    2.9700000000e+04    1.0456822372e-01
    2.9800000000e+04    1.0937879484e-01
    2.9900000000e+04    1.1017214012e-01
    3.0000000000e+04    1.2240605405e-01
    3.0100000000e+04    9.4130920244e-02
    3.0200000000e+04    1.1125405850e-01
    3.0300000000e+04    1.0977855978e-01
    3.0400000000e+04    1.0951090812e-01
    3.0500000000e+04    1.5998883460e-01
    3.0600000000e+04    1.3787112155e-01
    3.0700000000e+04    1.2772485210e-01
    3.0800000000e+04    1.0690678039e-01
    3.0900000000e+04    1.3109831724e-01
    3.1000000000e+04    1.3950989415e-01
    3.1100000000e+04    1.0688080276e-01
    3.1200000000e+04    9.9876971467e-02
    3.1300000000e+04    1.1435616956e-01
    3.1400000000e+04    1.0233448255e-01
    3.1500000000e+04    1.0683232933e-01
    3.1600000000e+04    1.1299080821e-01
    3.1700000000e+04    1.2661261252e-01
    3.1800000000e+04    1.6800970794e-01
    3.1900000000e+04    1.1941809653e-01
    3.2000000000e+04    1.4355323602e-01
    3.2100000000e+04    1.1851705042e-01
    3.2200000000e+04    1.2538811213e-01
    3.2300000000e+04    1.0484024653e-01
    3.2400000000e+04    1.0970579229e-01
    3.2500000000e+04    1.0813695814e-01
    3.2600000000e+04    1.0806802437e-01
    3.2700000000e+04    1.1381369118e-01
    3.2800000000e+04    1.1834773248e-01
    3.2900000000e+04    1.5217054360e-01
    3.3000000000e+04    1.1732218545e-01
    3.3100000000e+04    1.3628648430e-01
    3.3200000000e+04    1.1490912692e-01
    3.3300000000e+04    1.1984546908e-01
    3.3400000000e+04    1.0730177198e-01
    3.3500000000e+04    9.1071524980e-02
    3.3600000000e+04    1.0035652570e-01
    3.3700000000e+04    1.1928116286e-01
    3.3800000000e+04    1.1536512562e-01
    3.3900000000e+04    1.0916949685e-01
    3.4000000000e+04    1.0863450702e-01
    3.4100000000e+04    9.0404864330e-02
    3.4200000000e+04    1.1820334151e-01
    3.4300000000e+04    1.4749756946e-01
    3.4400000000e+04    1.0595464967e-01
    3.4500000000e+04    1.1082660566e-01
    3.4600000000e+04    1.2152284381e-01
    3.4700000000e+04    1.1418282244e-01
    3.4800000000e+04    9.7130898821e-02
    3.4900000000e+04    1.2580479560e-01
    3.5000000000e+04    1.2404782227e-01
    3.5100000000e+04    1.1277678488e-01
    3.5200000000e+04    1.2130950846e-01
    3.5300000000e+04    1.1885009161e-01
    3.5400000000e+04    1.2672900818e-01
    3.5500000000e+04    1.0583796495e-01
    3.5600000000e+04    9.1639041951e-02
    3.5700000000e+04    9.6431375700e-02
    3.5800000000e+04    1.0338628732e-01
    3.5900000000e+04    9.4452657796e-02
    3.6000000000e+04    1.1166523289e-01
    3.6100000000e+04    1.0595701946e-01
    3.6200000000e+04    1.2270036533e-01
    3.6300000000e+04    1.0172817490e-01
    3.6400000000e+04    1.1037406158e-01
    3.6500000000e+04    1.2825736521e-01
    3.6600000000e+04    1.2623771222e-01
    3.6700000000e+04    1.2050803739e-01
    3.6800000000e+04    1.1029634361e-01
    3.6900000000e+04    1.1262273663e-01
    3.7000000000e+04    1.0255849651e-01
    3.7100000000e+04    1.1951460023e-01
    3.7200000000e+04    1.7390460249e-01
    3.7300000000e+04    1.0433521687e-01
    3.7400000000e+04    1.2803296555e-01
    3.7500000000e+04    1.1302476482e-01
    3.7600000000e+04    1.0487230431e-01
    3.7700000000e+04    1.0762202416e-01
    3.7800000000e+04    1.2183641633e-01
    3.7900000000e+04    1.0582042276e-01
    3.8000000000e+04    1.4287512835e-01
    3.8100000000e+04    1.0941842055e-01
    3.8200000000e+04    1.5084287062e-01
    3.8300000000e+04    1.3982182970e-01
    3.8400000000e+04    1.2252386128e-01
    3.8500000000e+04    1.2558743638e-01
    3.8600000000e+04    1.1586435824e-01
    3.8700000000e+04    1.1216950922e-01
    3.8800000000e+04    1.0379321409e-01
    3.8900000000e+04    1.2889220140e-01
    3.9000000000e+04    1.4821131055e-01
    3.9100000000e+04    1.5890848493e-01
    3.9200000000e+04    1.2347573258e-01
    3.9300000000e+04    1.2252360341e-01
    3.9400000000e+04    1.0581218383e-01
    3.9500000000e+04    9.9751258610e-02
    3.9600000000e+04    9.7458417770e-02
    3.9700000000e+04    1.2481081947e-01
    3.9800000000e+04    1.5243423421e-01
    3.9900000000e+04    1.1993014581e-01
    4.0000000000e+04    1.3095690336e-01
    4.0100000000e+04    1.2265536921e-01
    4.0200000000e+04    1.4042463230e-01
    4.0300000000e+04    1.4675645138e-01
    4.0400000000e+04    1.0504589516e-01
    4.0500000000e+04    1.2299872886e-01
    4.0600000000e+04    1.3768817888e-01
    4.0700000000e+04    1.6042531972e-01
    4.0800000000e+04    1.1129398799e-01
    4.0900000000e+04    1.0772586199e-01
    4.1000000000e+04    1.0143051295e-01
    4.1100000000e+04    1.1288347471e-01
    4.1200000000e+04    1.0470784931e-01
    4.1300000000e+04    1.1410317108e-01
    4.1400000000e+04    9.6260400151e-02
    4.1500000000e+04    1.1914753097e-01
    4.1600000000e+04    9.8274484164e-02
    4.1700000000e+04    9.7418466800e-02
    4.1800000000e+04    1.2837670072e-01
    4.1900000000e+04    1.3012165162e-01
    4.2000000000e+04    1.1714285921e-01
    4.2100000000e+04    1.3224006740e-01
    4.2200000000e+04    1.2066618710e-01
    4.2300000000e+04    1.0556098761e-01
    4.2400000000e+04    1.0090957894e-01
    4.2500000000e+04    1.1842052364e-01
    4.2600000000e+04    1.3035730377e-01
    4.2700000000e+04    1.0425697807e-01
    4.2800000000e+04    1.1345779864e-01
    4.2900000000e+04    1.2585505524e-01
    4.3000000000e+04    1.0874805719e-01
    4.3100000000e+04    1.4695716694e-01
    4.3200000000e+04    1.0852832640e-01
    4.3300000000e+04    1.0492947066e-01
    4.3400000000e+04    1.1565001815e-01
    4.3500000000e+04    1.2072450083e-01
    4.3600000000e+04    1.3348627740e-01
    4.3700000000e+04    1.1596944246e-01
    4.3800000000e+04    1.3262283822e-01
    4.3900000000e+04    1.2481995221e-01
    4.4000000000e+04    1.2860836180e-01
    4.4100000000e+04    1.5407066812e-01
    4.4200000000e+04    9.2585510532e-02
    4.4300000000e+04    1.2860748869e-01
    4.4400000000e+04    1.0664294767e-01
    4.4500000000e+04    1.3432780283e-01
    4.4600000000e+04    1.0041076528e-01
    4.4700000000e+04    1.3337558624e-01
    4.4800000000e+04    1.1369670293e-01
    4.4900000000e+04    1.2157355524e-01
    4.5000000000e+04    1.1876674130e-01
    4.5100000000e+04    1.2087595160e-01
    4.5200000000e+04    1.3332576081e-01
    4.5300000000e+04    1.1283021180e-01
    4.5400000000e+04    1.0842353169e-01
    4.5500000000e+04    1.3300882832e-01
    4.5600000000e+04    1.1527953795e-01
    4.5700000000e+04    1.0869811923e-01
    4.5800000000e+04    1.3032325121e-01
    4.5900000000e+04    1.1216071881e-01
    4.6000000000e+04    1.1280255093e-01
    4.6100000000e+04    1.0107788964e-01
    4.6200000000e+04    1.2064718818e-01
    4.6300000000e+04    1.1408434191e-01
    4.6400000000e+04    1.1128320945e-01
    4.6500000000e+04    1.0934980019e-01
    4.6600000000e+04    1.8752743936e-01
    4.6700000000e+04    1.3436211112e-01
    4.6800000000e+04    1.5232535839e-01
    4.6900000000e+04    1.0878645312e-01
    4.7000000000e+04    1.0709480116e-01
    4.7100000000e+04    1.1561261677e-01
    4.7200000000e+04    1.2586279397e-01
    4.7300000000e+04    1.3116147545e-01
    4.7400000000e+04    1.0244285481e-01
    4.7500000000e+04    9.7230896481e-02
    4.7600000000e+04    1.1964660190e-01
    4.7700000000e+04    1.1008390488e-01
    4.7800000000e+04    1.1009915744e-01
    4.7900000000e+04    1.1738993718e-01
    4.8000000000e+04    1.0470390194e-01
    4.8100000000e+04    1.0853500389e-01
    4.8200000000e+04    1.0154174320e-01
    4.8300000000e+04    1.1100278025e-01
    4.8400000000e+04    1.0054735442e-01
    4.8500000000e+04    1.0850449419e-01
    4.8600000000e+04    1.5012693659e-01
    4.8700000000e+04    1.1958223264e-01
    4.8800000000e+04    1.4465154477e-01
    4.8900000000e+04    1.0999091015e-01
    4.9000000000e+04    9.6917740416e-02
    4.9100000000e+04    1.0651547075e-01
    4.9200000000e+04    1.2415080548e-01
    4.9300000000e+04    1.0799639793e-01
    4.9400000000e+04    1.1182085497e-01
    4.9500000000e+04    1.0999042982e-01
    4.9600000000e+04    1.0922259714e-01
    4.9700000000e+04    1.1417324654e-01
    4.9800000000e+04    1.3111942226e-01
    4.9900000000e+04    1.3953657805e-01
    5.0000000000e+04    9.6792798984e-02
    5.0100000000e+04    1.6775642974e-01
    5.0200000000e+04    1.2700757902e-01
    5.0300000000e+04    1.2004732769e-01
    5.0400000000e+04    1.0072401188e-01
    5.0500000000e+04    1.4059800302e-01
    5.0600000000e+04    1.3550819993e-01
    5.0700000000e+04    1.1788769741e-01
    5.0800000000e+04    9.9397551616e-02
    5.0900000000e+04    1.1378532972e-01
    5.1000000000e+04    1.0445249887e-01
    5.1100000000e+04    1.0900493322e-01
    5.1200000000e+04    1.1373953296e-01
    5.1300000000e+04    1.2728383719e-01
    5.1400000000e+04    1.2486723253e-01
    5.1500000000e+04    1.1588239837e-01
    5.1600000000e+04    1.6033627215e-01
    5.1700000000e+04    1.6030020364e-01
    5.1800000000e+04    1.0385823175e-01
    5.1900000000e+04    1.1694655372e-01
    5.2000000000e+04    1.0937268940e-01
    5.2100000000e+04    1.1064417348e-01
    5.2200000000e+04    1.2349189893e-01
    5.2300000000e+04    1.2599134552e-01
    5.2400000000e+04    1.1251897645e-01
    5.2500000000e+04    1.4482134441e-01
    5.2600000000e+04    1.1280976001e-01
    5.2700000000e+04    1.1851154236e-01
    5.2800000000e+04    1.3711514911e-01
    5.2900000000e+04    1.1269396782e-01
    5.3000000000e+04    1.2124403556e-01
    5.3100000000e+04    1.1618808270e-01
    5.3200000000e+04    1.1864818687e-01
    5.3300000000e+04    1.0653898085e-01
    5.3400000000e+04    9.7229878626e-02
    5.3500000000e+04    1.1581016294e-01
    5.3600000000e+04    9.4304802057e-02
    5.3700000000e+04    1.1789993791e-01
    5.3800000000e+04    1.3547342512e-01
    5.3900000000e+04    1.0170652650e-01
    5.4000000000e+04    1.2130435486e-01
    5.4100000000e+04    1.3867857751e-01
    5.4200000000e+04    1.1858178662e-01
    5.4300000000e+04    1.1663118207e-01
    5.4400000000e+04    1.0402274016e-01
    5.4500000000e+04    1.3411762856e-01
    5.4600000000e+04    1.4439563156e-01
    5.4700000000e+04    9.8572227872e-02
    5.4800000000e+04    1.0992421537e-01
    5.4900000000e+04    1.1036651335e-01
    5.5000000000e+04    1.3556180923e-01
    5.5100000000e+04    1.1199565693e-01
    5.5200000000e+04    1.2863825476e-01
    5.5300000000e+04    1.2482738208e-01
    5.5400000000e+04    1.1628405538e-01
    5.5500000000e+04    1.2268419148e-01
    5.5600000000e+04    1.3690273389e-01
    5.5700000000e+04    1.3489265393e-01
    5.5800000000e+04    1.0640775147e-01
    5.5900000000e+04    1.0426872904e-01
    5.6000000000e+04    1.0628242518e-01
    5.6100000000e+04    1.0551416120e-01
    5.6200000000e+04    1.2018425620e-01
    5.6300000000e+04    1.2752128617e-01
    5.6400000000e+04    1.0454610422e-01
    5.6500000000e+04    9.3542564653e-02
    5.6600000000e+04    1.0294626622e-01
    5.6700000000e+04    1.1374789091e-01
    5.6800000000e+04    1.1715932547e-01
    5.6900000000e+04    1.1470778239e-01
    5.7000000000e+04    1.3163703924e-01
    5.7100000000e+04    1.3618912887e-01
    5.7200000000e+04    1.1293994809e-01
    5.7300000000e+04    1.1863909278e-01
    5.7400000000e+04    9.4563213940e-02
    5.7500000000e+04    1.0120402626e-01
    5.7600000000e+04    1.1132972607e-01
    5.7700000000e+04    1.0242855646e-01
    5.7800000000e+04    1.3952300737e-01
    5.7900000000e+04    1.2591120082e-01
    5.8000000000e+04    1.4251300052e-01
    5.8100000000e+04    1.3832919648e-01
    5.8200000000e+04    1.5045314326e-01
    5.8300000000e+04    1.2749036114e-01
    5.8400000000e+04    1.0500761921e-01
    5.8500000000e+04    1.1991220464e-01
    5.8600000000e+04    1.2678664763e-01
    5.8700000000e+04    9.2434022106e-02
    5.8800000000e+04    1.1057478601e-01
    5.8900000000e+04    1.0299059748e-01
    5.9000000000e+04    1.3101097970e-01
    5.9100000000e+04    1.1884979136e-01
    5.9200000000e+04    1.1603360451e-01
    5.9300000000e+04    1.1885489295e-01
    5.9400000000e+04    1.1430618172e-01
    5.9500000000e+04    1.3044254859e-01
    5.9600000000e+04    1.0134876588e-01
    5.9700000000e+04    1.2134388559e-01
    5.9800000000e+04    1.0288333270e-01
    5.9900000000e+04    1.0786104725e-01
    6.0000000000e+04    1.4187926380e-01
    6.0100000000e+04    1.2462086143e-01
    6.0200000000e+04    9.8395471343e-02
    6.0300000000e+04    1.1901220530e-01
    6.0400000000e+04    1.2654363116e-01
    6.0500000000e+04    1.5037478464e-01
    6.0600000000e+04    1.0977875865e-01
    6.0700000000e+04    1.1789449133e-01
    6.0800000000e+04    1.4177574712e-01
    6.0900000000e+04    1.0461847993e-01
    6.1000000000e+04    1.1630646869e-01
    6.1100000000e+04    1.3637588882e-01
    6.1200000000e+04    1.4116717334e-01
    6.1300000000e+04    1.0190170839e-01
    6.1400000000e+04    1.2306062968e-01
    6.1500000000e+04    1.0667742554e-01
    6.1600000000e+04    9.3202486245e-02
    6.1700000000e+04    1.0319506176e-01
    6.1800000000e+04    1.3168125104e-01
    6.1900000000e+04    1.3614988521e-01
    6.2000000000e+04    1.2340687504e-01
    6.2100000000e+04    1.2369684384e-01
    6.2200000000e+04    1.3149024211e-01
    6.2300000000e+04    2.2094196393e-01
    6.2400000000e+04    1.2065487000e-01
    6.2500000000e+04    1.0858322213e-01
    6.2600000000e+04    9.9375469053e-02
    6.2700000000e+04    1.1297308315e-01
    6.2800000000e+04    1.0950967403e-01
    6.2900000000e+04    1.0291830471e-01
    6.3000000000e+04    1.0624245642e-01
    6.3100000000e+04    1.1859240188e-01
    6.3200000000e+04    1.1917008359e-01
    6.3300000000e+04    1.6276177419e-01
    6.3400000000e+04    1.3139426442e-01
    6.3500000000e+04    1.1292784170e-01
    6.3600000000e+04    1.2300599271e-01
    6.3700000000e+04    1.3632625588e-01
    6.3800000000e+04    1.2467673339e-01
    6.3900000000e+04    1.2033307638e-01
    6.4000000000e+04    9.7673027805e-02
    6.4100000000e+04    9.2269422675e-02
    6.4200000000e+04    1.2768757473e-01
    6.4300000000e+04    1.6365068447e-01
    6.4400000000e+04    1.2499058202e-01
    6.4500000000e+04    9.5876127328e-02
    6.4600000000e+04    1.3081815849e-01
    6.4700000000e+04    1.2327435873e-01
    6.4800000000e+04    1.4248636399e-01
    6.4900000000e+04    1.0462758035e-01
    6.5000000000e+04    1.2521546013e-01
    6.5100000000e+04    1.3664573620e-01
    6.5200000000e+04    1.2054826767e-01
    6.5300000000e+04    1.1927835760e-01
    6.5400000000e+04    1.4388918964e-01
    6.5500000000e+04    1.2843405822e-01
    6.5600000000e+04    9.4576224581e-02
    6.5700000000e+04    9.7026169739e-02
    6.5800000000e+04    1.2361772632e-01
    6.5900000000e+04    1.0563048414e-01
    6.6000000000e+04    1.2909663892e-01
    6.6100000000e+04    1.2431343634e-01
    6.6200000000e+04    1.5070126261e-01
    6.6300000000e+04    1.3136023083e-01
    6.6400000000e+04    1.0365505073e-01
    6.6500000000e+04    1.1917563527e-01
    6.6600000000e+04    1.2129233122e-01
    6.6700000000e+04    1.2786690227e-01
    6.6800000000e+04    1.0772890123e-01
    6.6900000000e+04    1.1431504076e-01
    6.7000000000e+04    1.0230101254e-01
    6.7100000000e+04    1.4510888201e-01
    6.7200000000e+04    9.5272808474e-02
    6.7300000000e+04    1.0101087328e-01
    6.7400000000e+04    1.0017970509e-01
    6.7500000000e+04    1.0904003767e-01
    6.7600000000e+04    1.2185843445e-01
    6.7700000000e+04    1.0924005207e-01
    6.7800000000e+04    1.1138004991e-01
    6.7900000000e+04    1.0656459781e-01
    6.8000000000e+04    1.2140804665e-01
    6.8100000000e+04    1.4785615654e-01
    6.8200000000e+04    1.2176103766e-01
    6.8300000000e+04    1.1083743721e-01
    6.8400000000e+04    1.1194980710e-01
    6.8500000000e+04    1.2470470242e-01
    6.8600000000e+04    1.0362337679e-01
    6.8700000000e+04    8.5984120497e-02
    6.8800000000e+04    9.6492657104e-02
    6.8900000000e+04    8.4974969332e-02
    6.9000000000e+04    1.1863144154e-01
    6.9100000000e+04    1.0259747202e-01
    6.9200000000e+04    1.4883579536e-01
    6.9300000000e+04    1.1970495144e-01
    6.9400000000e+04    1.0637649840e-01
    6.9500000000e+04    1.0908241089e-01
    6.9600000000e+04    1.1120010160e-01
    6.9700000000e+04    9.9269602770e-02
    6.9800000000e+04    1.2458230883e-01
    6.9900000000e+04    1.0685137610e-01
    7.0000000000e+04    1.2089549194e-01
    7.0100000000e+04    1.1966920161e-01
    7.0200000000e+04    1.1671890698e-01
    7.0300000000e+04    1.5560690933e-01
    7.0400000000e+04    1.0012692379e-01
    7.0500000000e+04    9.3661327717e-02
    7.0600000000e+04    1.0653953911e-01
    7.0700000000e+04    1.0030336331e-01
    7.0800000000e+04    1.3910154133e-01
    7.0900000000e+04    1.2775375357e-01
    7.1000000000e+04    1.3285464342e-01
    7.1100000000e+04    1.1356757318e-01
    7.1200000000e+04    1.0845991491e-01
    7.1300000000e+04    1.0631839721e-01
    7.1400000000e+04    1.2827032996e-01
    7.1500000000e+04    1.2494433506e-01
    7.1600000000e+04    1.0729261824e-01
    7.1700000000e+04    1.2344621313e-01
    7.1800000000e+04    1.1717354735e-01
    7.1900000000e+04    1.1676552163e-01
    7.2000000000e+04    1.1014379125e-01
    7.2100000000e+04    1.1089499756e-01
    7.2200000000e+04    1.2358151419e-01
    7.2300000000e+04    1.1989756731e-01
    7.2400000000e+04    1.2559104083e-01
    7.2500000000e+04    9.4617219298e-02
    7.2600000000e+04    1.1834664601e-01
    7.2700000000e+04    9.6168049651e-02
    7.2800000000e+04    1.0325789070e-01
    7.2900000000e+04    8.7915690785e-02
    7.3000000000e+04    9.4324889826e-02
    7.3100000000e+04    1.0777794712e-01
    7.3200000000e+04    1.0560735585e-01
    7.3300000000e+04    8.6234121684e-02
    7.3400000000e+04    9.9525459969e-02
    7.3500000000e+04    1.2793910307e-01
    7.3600000000e+04    1.0038985030e-01
    7.3700000000e+04    1.2033924012e-01
    7.3800000000e+04    1.0404361789e-01
    7.3900000000e+04    1.1700084559e-01
    7.4000000000e+04    1.6086298864e-01
    7.4100000000e+04    1.0128852618e-01
    7.4200000000e+04    1.5135304306e-01
    7.4300000000e+04    1.3619283419e-01
    7.4400000000e+04    1.1477898768e-01
    7.4500000000e+04    1.1821382154e-01
    7.4600000000e+04    1.2992617113e-01
    7.4700000000e+04    1.2595807567e-01
    7.4800000000e+04    1.1039602208e-01
    7.4900000000e+04    1.2104213706e-01
    7.5000000000e+04    1.1882064427e-01
    7.5100000000e+04    1.2142622910e-01
    7.5200000000e+04    1.4495924460e-01
    7.5300000000e+04    1.0776044800e-01
    7.5400000000e+04    1.2745004503e-01
    7.5500000000e+04    1.5301156378e-01
    7.5600000000e+04    1.3771171132e-01
    7.5700000000e+04    1.1546276267e-01
    7.5800000000e+04    1.1087205683e-01
    7.5900000000e+04    1.3036811697e-01
    7.6000000000e+04    1.3314052008e-01
    7.6100000000e+04    1.0397123855e-01
    7.6200000000e+04    1.9604821180e-01
    7.6300000000e+04    1.3481184339e-01
    7.6400000000e+04    1.2231597317e-01
    7.6500000000e+04    1.2826643625e-01
    7.6600000000e+04    1.0072418018e-01
    7.6700000000e+04    1.1352263454e-01
    7.6800000000e+04    1.2116412609e-01
    7.6900000000e+04    1.2997369476e-01
    7.7000000000e+04    9.9786226717e-02
    7.7100000000e+04    1.1154030162e-01
    7.7200000000e+04    1.2143130851e-01
    7.7300000000e+04    1.1719538054e-01
    7.7400000000e+04    1.0122889476e-01
    7.7500000000e+04    1.4372770619e-01
    7.7600000000e+04    1.4856675964e-01
    7.7700000000e+04    1.1988811478e-01
    7.7800000000e+04    1.1576034827e-01
    7.7900000000e+04    1.4470075619e-01
    7.8000000000e+04    1.0884099541e-01
    7.8100000000e+04    1.3497655004e-01
    7.8200000000e+04    1.4647964176e-01
    7.8300000000e+04    1.1766532639e-01
    7.8400000000e+04    1.3775835216e-01
    7.8500000000e+04    1.2704811764e-01
    7.8600000000e+04    2.0866516014e-01
    7.8700000000e+04    1.1740053823e-01
    7.8800000000e+04    1.1861905891e-01
    7.8900000000e+04    1.5297369267e-01
    7.9000000000e+04    1.4823522757e-01
    7.9100000000e+04    1.2525613016e-01
    7.9200000000e+04    1.2401467320e-01
    7.9300000000e+04    1.1322090405e-01
    7.9400000000e+04    1.1970084303e-01
    7.9500000000e+04    1.0260113245e-01
    7.9600000000e+04    1.4837792366e-01
    7.9700000000e+04    1.5882081419e-01
    7.9800000000e+04    1.0974234333e-01
    7.9900000000e+04    1.0930050088e-01
    8.0000000000e+04    9.5662127083e-02
    8.0100000000e+04    1.0144853900e-01
    8.0200000000e+04    8.7366162335e-02
    8.0300000000e+04    9.9552661969e-02
    8.0400000000e+04    9.2639320279e-02
    8.0500000000e+04    1.1557738475e-01
    8.0600000000e+04    9.1887763302e-02
    8.0700000000e+04    1.4228181064e-01
    8.0800000000e+04    9.9302023913e-02
    8.0900000000e+04    1.1113435907e-01
    8.1000000000e+04    1.5430688329e-01
    8.1100000000e+04    1.2336811466e-01
    8.1200000000e+04    1.1230523591e-01
    8.1300000000e+04    1.1114756221e-01
    8.1400000000e+04    1.0174218764e-01
    8.1500000000e+04    9.4538058361e-02
    8.1600000000e+04    8.6064308128e-02
    8.1700000000e+04    1.0030139239e-01
    8.1800000000e+04    1.1285648997e-01
    8.1900000000e+04    1.0671679118e-01
    8.2000000000e+04    1.1127309054e-01
    8.2100000000e+04    1.0390576616e-01
    8.2200000000e+04    1.2074567844e-01
    8.2300000000e+04    1.0947099660e-01
    8.2400000000e+04    1.1457689196e-01
    8.2500000000e+04    1.0216419378e-01
    8.2600000000e+04    1.1294856469e-01
    8.2700000000e+04    9.2916750541e-02
    8.2800000000e+04    1.1108836354e-01
    8.2900000000e+04    1.0015656454e-01
    8.3000000000e+04    9.0512506969e-02
    8.3100000000e+04    1.2212971429e-01
    8.3200000000e+04    1.2178075525e-01
    8.3300000000e+04    1.3291078146e-01
    8.3400000000e+04    1.1556259719e-01
    8.3500000000e+04    9.5897011144e-02
    8.3600000000e+04    1.1804574020e-01
    8.3700000000e+04    1.1870695641e-01
    8.3800000000e+04    1.0244393233e-01
    8.3900000000e+04    1.0475353188e-01
    8.4000000000e+04    1.1549685924e-01
    8.4100000000e+04    1.0384775806e-01
    8.4200000000e+04    1.0651738128e-01
    8.4300000000e+04    1.3555976197e-01
    8.4400000000e+04    1.0626421584e-01
    8.4500000000e+04    1.1686045848e-01
    8.4600000000e+04    1.3089802983e-01
    8.4700000000e+04    1.2715047141e-01
    8.4800000000e+04    1.3149465705e-01
    8.4900000000e+04    1.0901117876e-01
    8.5000000000e+04    1.2356047379e-01
    8.5100000000e+04    1.2584480529e-01
    8.5200000000e+04    1.0926620154e-01
    8.5300000000e+04    9.8283629242e-02
    8.5400000000e+04    1.0589470560e-01
    8.5500000000e+04    1.1722619973e-01
    8.5600000000e+04    1.2048906868e-01
    8.5700000000e+04    1.0478829024e-01
    8.5800000000e+04    9.3011785047e-02
    8.5900000000e+04    1.0519886738e-01
    8.6000000000e+04    1.0865367988e-01
    8.6100000000e+04    1.0035268475e-01
    8.6200000000e+04    1.0819190811e-01
    8.6300000000e+04    1.0167847452e-01
    8.6400000000e+04    9.8574861165e-02
    8.6500000000e+04    1.0264771447e-01
    8.6600000000e+04    1.1137209850e-01
    8.6700000000e+04    1.0710942071e-01
    8.6800000000e+04    1.3926481401e-01
    8.6900000000e+04    1.4185713178e-01
    8.7000000000e+04    1.1963213465e-01
    8.7100000000e+04    1.1387779187e-01
    8.7200000000e+04    1.2883338450e-01
    8.7300000000e+04    1.3659073627e-01
    8.7400000000e+04    1.4400929112e-01
    8.7500000000e+04    1.1711203482e-01
    8.7600000000e+04    1.3955258226e-01
    8.7700000000e+04    1.2763800701e-01
    8.7800000000e+04    2.1579342946e-01
    8.7900000000e+04    1.3270399437e-01
    8.8000000000e+04    1.1886369260e-01
    8.8100000000e+04    1.1515919815e-01
    8.8200000000e+04    1.0198112607e-01
    8.8300000000e+04    9.6223100810e-02
    8.8400000000e+04    1.3202275004e-01
    8.8500000000e+04    1.0964958195e-01
    8.8600000000e+04    1.0456423334e-01
    8.8700000000e+04    1.0954738214e-01
    8.8800000000e+04    1.1052369254e-01
    8.8900000000e+04    1.3267320840e-01
    8.9000000000e+04    1.4185005641e-01
    8.9100000000e+04    1.3861628517e-01
    8.9200000000e+04    1.0897669186e-01
    8.9300000000e+04    1.2151441079e-01
    8.9400000000e+04    1.3807083878e-01
    8.9500000000e+04    1.5458655602e-01
    8.9600000000e+04    1.1543746675e-01
    8.9700000000e+04    1.1508863953e-01
    8.9800000000e+04    1.0819077821e-01
    8.9900000000e+04    1.2708444544e-01
    9.0000000000e+04    1.2036459942e-01
    9.0100000000e+04    1.3512665538e-01
    9.0200000000e+04    1.1398655081e-01
    9.0300000000e+04    1.2313623186e-01
    9.0400000000e+04    9.4945582019e-02
    9.0500000000e+04    1.0163615318e-01
    9.0600000000e+04    1.0864915227e-01
    9.0700000000e+04    1.3150911180e-01
    9.0800000000e+04    1.6874936049e-01
    9.0900000000e+04    1.0716934024e-01
    9.1000000000e+04    1.0497038029e-01
    9.1100000000e+04    1.1444919833e-01
    9.1200000000e+04    1.1561765683e-01
    9.1300000000e+04    1.1653353344e-01
    9.1400000000e+04    1.3157997836e-01
    9.1500000000e+04    1.5238255766e-01
    9.1600000000e+04    1.6244567780e-01
    9.1700000000e+04    1.6670330831e-01
    9.1800000000e+04    1.5544633924e-01
    9.1900000000e+04    1.6009556597e-01
    9.2000000000e+04    1.4722835312e-01
    9.2100000000e+04    1.4023057471e-01
    9.2200000000e+04    1.5593939013e-01
    9.2300000000e+04    1.1606454547e-01
    9.2400000000e+04    1.4710271951e-01
    9.2500000000e+04    1.3785359591e-01
    9.2600000000e+04    1.0877832140e-01
    9.2700000000e+04    1.3504677207e-01
    9.2800000000e+04    1.4133883071e-01
    9.2900000000e+04    1.0857334034e-01
    9.3000000000e+04    1.4605445579e-01
    9.3100000000e+04    1.4022209059e-01
    9.3200000000e+04    1.2874740730e-01
    9.3300000000e+04    1.1353488841e-01
    9.3400000000e+04    1.1970249328e-01
    9.3500000000e+04    1.2126810611e-01
    9.3600000000e+04    1.3358246975e-01
    9.3700000000e+04    1.4306506010e-01
    9.3800000000e+04    1.3353539548e-01
    9.3900000000e+04    1.1913049584e-01
    9.4000000000e+04    1.3417841838e-01
    9.4100000000e+04    1.2299269429e-01
    9.4200000000e+04    1.2522134389e-01
    9.4300000000e+04    1.3451661951e-01
    9.4400000000e+04    1.3909995959e-01
    9.4500000000e+04    1.4897984386e-01
    9.4600000000e+04    1.2284338769e-01
    9.4700000000e+04    1.5096369047e-01
    9.4800000000e+04    1.1989781672e-01
    9.4900000000e+04    1.1448258201e-01
    9.5000000000e+04    1.0761547340e-01
    9.5100000000e+04    1.1171856721e-01
    9.5200000000e+04    1.1159565033e-01
    9.5300000000e+04    1.1765900170e-01
    9.5400000000e+04    1.1204216408e-01
    9.5500000000e+04    1.1061638693e-01
    9.5600000000e+04    1.0683130561e-01
    9.5700000000e+04    1.1767223655e-01
    9.5800000000e+04    9.9645549138e-02
    9.5900000000e+04    1.2908657701e-01
    9.6000000000e+04    9.5629550341e-02
    9.6100000000e+04    1.1921153571e-01
    9.6200000000e+04    1.0327658246e-01
    9.6300000000e+04    1.1079241021e-01
    9.6400000000e+04    9.5396511940e-02
    9.6500000000e+04    1.0093935752e-01
    9.6600000000e+04    1.1936577544e-01
    9.6700000000e+04    1.4369753132e-01
    9.6800000000e+04    1.7176845168e-01
    9.6900000000e+04    9.2655796404e-02
    9.7000000000e+04    1.0024963401e-01
    9.7100000000e+04    1.0518554682e-01
    9.7200000000e+04    9.0743316533e-02
    9.7300000000e+04    1.0305729605e-01
    9.7400000000e+04    1.1185772431e-01
    9.7500000000e+04    1.2828613946e-01
    9.7600000000e+04    1.1362445671e-01
    9.7700000000e+04    1.0908293504e-01
    9.7800000000e+04    1.0605737725e-01
    9.7900000000e+04    1.0238540304e-01
    9.8000000000e+04    1.1338149773e-01
    9.8100000000e+04    1.0461211626e-01
    9.8200000000e+04    1.0719110700e-01
    9.8300000000e+04    1.1705841487e-01
    9.8400000000e+04    1.0100063702e-01
    9.8500000000e+04    1.4463894846e-01
    9.8600000000e+04    1.2117195765e-01
    9.8700000000e+04    1.2875854850e-01
    9.8800000000e+04    1.0520893252e-01
    9.8900000000e+04    9.8889561256e-02
    9.9000000000e+04    1.1092948343e-01
    9.9100000000e+04    9.2599914361e-02
    9.9200000000e+04    1.0642949076e-01
    9.9300000000e+04    1.1947826422e-01
    9.9400000000e+04    1.1893897342e-01
    9.9500000000e+04    9.5929704930e-02
    9.9600000000e+04    1.2479841859e-01
    9.9700000000e+04    9.9479804055e-02
    9.9800000000e+04    9.8274552980e-02
    9.9900000000e+04    1.1609469273e-01
    1.0000000000e+05    1.0365974288e-01
    1.0010000000e+05    1.1525129874e-01
    1.0020000000e+05    1.2482435975e-01
    1.0030000000e+05    1.5007182428e-01
    1.0040000000e+05    9.8802736972e-02
    1.0050000000e+05    8.3878639137e-02
    1.0060000000e+05    1.0470065566e-01
    1.0070000000e+05    1.3023165576e-01
    1.0080000000e+05    1.1374439247e-01
    1.0090000000e+05    1.0731223430e-01
    1.0100000000e+05    1.0647762792e-01
    1.0110000000e+05    1.0803853291e-01
    1.0120000000e+05    1.0384790335e-01
    1.0130000000e+05    8.6409531878e-02
    1.0140000000e+05    1.0470550423e-01
    1.0150000000e+05    9.6480766821e-02
    1.0160000000e+05    1.3799037187e-01
    1.0170000000e+05    1.4511709021e-01
    1.0180000000e+05    1.0189622087e-01
    1.0190000000e+05    9.2488401816e-02
    1.0200000000e+05    1.1430914723e-01
    1.0210000000e+05    1.1076720343e-01
    1.0220000000e+05    1.0928156511e-01
    1.0230000000e+05    8.9168030581e-02
    1.0240000000e+05    1.0570690986e-01
    1.0250000000e+05    1.2035729470e-01
    1.0260000000e+05    1.3592575795e-01
    1.0270000000e+05    1.2043613389e-01
    1.0280000000e+05    1.3613226892e-01
    1.0290000000e+05    1.0686442231e-01
    1.0300000000e+05    1.3043048765e-01
    1.0310000000e+05    9.9847071566e-02
    1.0320000000e+05    1.0185397595e-01
    1.0330000000e+05    9.3823092204e-02
    1.0340000000e+05    8.9019645917e-02
    1.0350000000e+05    9.7690962039e-02
    1.0360000000e+05    1.0845778735e-01
    1.0370000000e+05    1.4546145327e-01
    1.0380000000e+05    1.1555237724e-01
    1.0390000000e+05    1.1393188922e-01
    1.0400000000e+05    1.0407988586e-01
    1.0410000000e+05    1.1702071208e-01
    1.0420000000e+05    8.6702501738e-02
    1.0430000000e+05    9.8584071452e-02
    1.0440000000e+05    1.0024905317e-01
    1.0450000000e+05    1.0275266857e-01
    1.0460000000e+05    9.3034252365e-02
    1.0470000000e+05    1.0005615786e-01
    1.0480000000e+05    1.1325798634e-01
    1.0490000000e+05    9.6213059219e-02
    1.0500000000e+05    1.3930609629e-01
    1.0510000000e+05    1.3147231654e-01
    1.0520000000e+05    1.0168544060e-01
    1.0530000000e+05    1.3233636923e-01
    1.0540000000e+05    1.3384951574e-01
    1.0550000000e+05    1.0373262615e-01
    1.0560000000e+05    9.7200464536e-02
    1.0570000000e+05    1.0330654310e-01
    1.0580000000e+05    1.0648089192e-01
    1.0590000000e+05    1.0390112168e-01
    1.0600000000e+05    8.8912554001e-02
    1.0610000000e+05    9.5464200832e-02
    1.0620000000e+05    9.6216061677e-02
    1.0630000000e+05    1.9804177793e-01
    1.0640000000e+05    2.4398205942e-01
    1.0650000000e+05    1.6368804535e-01
    1.0660000000e+05    1.1917293093e-01
    1.0670000000e+05    1.1006615108e-01
    1.0680000000e+05    1.3036269300e-01
    1.0690000000e+05    1.1956924601e-01
    1.0700000000e+05    9.3035796375e-02
    1.0710000000e+05    1.0147696761e-01
    1.0720000000e+05    1.3726045890e-01
    1.0730000000e+05    1.6396226738e-01
    1.0740000000e+05    1.1106520567e-01
    1.0750000000e+05    1.2239957709e-01
    1.0760000000e+05    1.2022999187e-01
    1.0770000000e+05    1.5371652875e-01
    1.0780000000e+05    1.2716347621e-01
    1.0790000000e+05    1.5350360671e-01
    1.0800000000e+05    9.7676112177e-02
    1.0810000000e+05    1.0927036166e-01
    1.0820000000e+05    1.0885136876e-01
    1.0830000000e+05    1.2069185204e-01
    1.0840000000e+05    1.1946832942e-01
    1.0850000000e+05    1.1200153775e-01
    1.0860000000e+05    1.3067781296e-01
    1.0870000000e+05    1.0830458962e-01
    1.0880000000e+05    1.1084142029e-01
    1.0890000000e+05    1.1638767502e-01
    1.0900000000e+05    1.2641186737e-01
    1.0910000000e+05    1.2668806335e-01
    1.0920000000e+05    1.1911747966e-01
    1.0930000000e+05    1.0921352492e-01
    1.0940000000e+05    1.2765857075e-01
    1.0950000000e+05    1.3547417657e-01
    1.0960000000e+05    1.3407146162e-01
    1.0970000000e+05    1.1665892295e-01
    1.0980000000e+05    1.5536907324e-01
    1.0990000000e+05    1.6828031034e-01
    1.1000000000e+05    1.2857829574e-01
    1.1010000000e+05    1.4039402390e-01
    1.1020000000e+05    1.3025370646e-01
    1.1030000000e+05    1.8306737853e-01
    1.1040000000e+05    1.5006060787e-01
    1.1050000000e+05    1.2114411565e-01
    1.1060000000e+05    1.7817481745e-01
    1.1070000000e+05    1.8326392644e-01
    1.1080000000e+05    1.3662113367e-01
    1.1090000000e+05    1.2015047288e-01
    1.1100000000e+05    1.0007088256e-01
    1.1110000000e+05    1.1778368856e-01
    1.1120000000e+05    1.2605541882e-01
    1.1130000000e+05    1.0983776990e-01
    1.1140000000e+05    1.1394086425e-01
    1.1150000000e+05    1.0569474998e-01
    1.1160000000e+05    1.3098639471e-01
    1.1170000000e+05    1.3339254062e-01
    1.1180000000e+05    1.7831433385e-01
    1.1190000000e+05    1.1747784501e-01
    1.1200000000e+05    1.6834490884e-01
    1.1210000000e+05    9.3912408491e-02
    1.1220000000e+05    1.2099984537e-01
    1.1230000000e+05    9.2996454458e-02
    1.1240000000e+05    1.1075026160e-01
    1.1250000000e+05    9.9673828774e-02
    1.1260000000e+05    1.1574293509e-01
    1.1270000000e+05    1.2415904643e-01
    1.1280000000e+05    1.3616686782e-01
    1.1290000000e+05    1.0939828367e-01
    1.1300000000e+05    1.2267364098e-01
    1.1310000000e+05    1.1955926959e-01
    1.1320000000e+05    1.1470538511e-01
    1.1330000000e+05    1.4232960168e-01
    1.1340000000e+05    1.2363263933e-01
    1.1350000000e+05    1.0864793115e-01
    1.1360000000e+05    1.1850754349e-01
    1.1370000000e+05    1.4541752881e-01
    1.1380000000e+05    1.1849197877e-01
    1.1390000000e+05    1.1824813750e-01
    1.1400000000e+05    1.3137293792e-01
    1.1410000000e+05    1.3280671220e-01
    1.1420000000e+05    1.4974502801e-01
    1.1430000000e+05    1.4328365098e-01
    1.1440000000e+05    1.0417714764e-01
    1.1450000000e+05    1.0292891374e-01
    1.1460000000e+05    1.2572943345e-01
    1.1470000000e+05    9.8497892523e-02
    1.1480000000e+05    1.2645580071e-01
    1.1490000000e+05    1.1103215394e-01
    1.1500000000e+05    1.3269106102e-01
    1.1510000000e+05    1.1679100734e-01
    1.1520000000e+05    1.1156862529e-01
    1.1530000000e+05    1.1558598041e-01
    1.1540000000e+05    1.3253586651e-01
    1.1550000000e+05    1.0255532586e-01
    1.1560000000e+05    1.3176933735e-01
    1.1570000000e+05    1.0723406633e-01
    1.1580000000e+05    1.2062317107e-01
    1.1590000000e+05    1.3092147014e-01
    1.1600000000e+05    1.1324366277e-01
    1.1610000000e+05    1.0972195213e-01
    1.1620000000e+05    1.6278940331e-01
    1.1630000000e+05    1.1478224339e-01
    1.1640000000e+05    1.2973215519e-01
    1.1650000000e+05    1.1102098524e-01
    1.1660000000e+05    1.2080540865e-01
    1.1670000000e+05    1.3378598646e-01
    1.1680000000e+05    1.3117379744e-01
    1.1690000000e+05    1.3149207597e-01
    1.1700000000e+05    1.8792919997e-01
    1.1710000000e+05    1.8388741393e-01
    1.1720000000e+05    1.2349516453e-01
    1.1730000000e+05    1.3060585578e-01
    1.1740000000e+05    1.4015080577e-01
    1.1750000000e+05    1.0800282420e-01
    1.1760000000e+05    1.3280379760e-01
    1.1770000000e+05    1.3065530086e-01
    1.1780000000e+05    1.0357406052e-01
    1.1790000000e+05    1.2623889801e-01
    1.1800000000e+05    1.1778487382e-01
    1.1810000000e+05    1.0122550499e-01
    1.1820000000e+05    1.1154250426e-01
    1.1830000000e+05    1.1697412061e-01
    1.1840000000e+05    1.0203117665e-01
    1.1850000000e+05    1.0091024408e-01
    1.1860000000e+05    1.1625262202e-01
    1.1870000000e+05    1.2797582799e-01
    1.1880000000e+05    1.0496227856e-01
    1.1890000000e+05    1.1916906592e-01
    1.1900000000e+05    1.4117569092e-01
    1.1910000000e+05    1.2167740221e-01
    1.1920000000e+05    1.2059638842e-01
    1.1930000000e+05    1.0245085920e-01
    1.1940000000e+05    1.1283718864e-01
    1.1950000000e+05    1.0374931466e-01
    1.1960000000e+05    1.4478629913e-01
    1.1970000000e+05    1.0812606091e-01
    1.1980000000e+05    1.0132031753e-01
    1.1990000000e+05    1.1666070560e-01
    1.2000000000e+05    1.1862634863e-01
    1.2010000000e+05    1.0606746855e-01
    1.2020000000e+05    1.0546387378e-01
    1.2030000000e+05    9.7394379547e-02
    1.2040000000e+05    1.0519578077e-01
    1.2050000000e+05    1.2328874097e-01
    1.2060000000e+05    1.2389202629e-01
    1.2070000000e+05    1.7207105751e-01
    1.2080000000e+05    9.7885720498e-02
    1.2090000000e+05    1.0275743190e-01
    1.2100000000e+05    1.1281810990e-01
    1.2110000000e+05    1.0297855208e-01
    1.2120000000e+05    1.0922351243e-01
    1.2130000000e+05    8.5854851043e-02
    1.2140000000e+05    9.0659887804e-02
    1.2150000000e+05    8.8964000623e-02
    1.2160000000e+05    8.5505477501e-02
    1.2170000000e+05    1.0106929128e-01
    1.2180000000e+05    9.5899449899e-02
    1.2190000000e+05    9.2426260738e-02
    1.2200000000e+05    1.1112514644e-01
    1.2210000000e+05    1.0993896951e-01
    1.2220000000e+05    1.0723328502e-01
    1.2230000000e+05    1.2123962461e-01
    1.2240000000e+05    1.0770718627e-01
    1.2250000000e+05    1.3059457071e-01
    1.2260000000e+05    1.5232320889e-01
    1.2270000000e+05    1.1626765819e-01
    1.2280000000e+05    1.2027996827e-01
    1.2290000000e+05    9.8017966261e-02
    1.2300000000e+05    9.3879900262e-02
    1.2310000000e+05    8.6567695143e-02
    1.2320000000e+05    1.0145423077e-01
    1.2330000000e+05    1.0591721545e-01
    1.2340000000e+05    1.1647097099e-01
    1.2350000000e+05    9.4507076859e-02
    1.2360000000e+05    9.7129602047e-02
    1.2370000000e+05    1.0897547330e-01
    1.2380000000e+05    1.1580907583e-01
    1.2390000000e+05    1.0937981121e-01
    1.2400000000e+05    1.2237981014e-01
    1.2410000000e+05    1.1446420248e-01
    1.2420000000e+05    1.0238054629e-01
    1.2430000000e+05    1.0653475149e-01
    1.2440000000e+05    9.2230879094e-02
    1.2450000000e+05    1.2277505549e-01
    1.2460000000e+05    1.0714003653e-01
    1.2470000000e+05    1.1348377838e-01
    1.2480000000e+05    1.1654837241e-01
    1.2490000000e+05    1.3048392901e-01
    1.2500000000e+05    1.2486852284e-01
    1.2510000000e+05    1.1283651229e-01
    1.2520000000e+05    1.1115497194e-01
    1.2530000000e+05    1.1454650775e-01
    1.2540000000e+05    9.3798738547e-02
    1.2550000000e+05    1.0086812511e-01
    1.2560000000e+05    1.0292568458e-01
    1.2570000000e+05    1.2507564210e-01
    1.2580000000e+05    1.3227725409e-01
    1.2590000000e+05    1.2660690148e-01
    1.2600000000e+05    1.1538737472e-01
    1.2610000000e+05    9.6162661232e-02
    1.2620000000e+05    1.0097150179e-01
    1.2630000000e+05    1.1987834882e-01
    1.2640000000e+05    1.1490961191e-01
    1.2650000000e+05    1.0326063001e-01
    1.2660000000e+05    1.0297884126e-01
    1.2670000000e+05    1.4786743532e-01
    1.2680000000e+05    1.3136488483e-01
    1.2690000000e+05    9.8092106685e-02
    1.2700000000e+05    1.3256238672e-01
    1.2710000000e+05    1.2226408239e-01
    1.2720000000e+05    1.0795513612e-01
    1.2730000000e+05    1.0992908220e-01
    1.2740000000e+05    1.0948630423e-01
    1.2750000000e+05    1.0100354935e-01
    1.2760000000e+05    1.2150180997e-01
    1.2770000000e+05    1.1433536289e-01
    1.2780000000e+05    1.3239675301e-01
    1.2790000000e+05    1.4603859672e-01
    1.2800000000e+05    1.3837318895e-01
    1.2810000000e+05    1.0115155925e-01
    1.2820000000e+05    1.1734710943e-01
    1.2830000000e+05    1.1552267341e-01
    1.2840000000e+05    1.1717162155e-01
    1.2850000000e+05    1.0469604931e-01
    1.2860000000e+05    1.0757116291e-01
    1.2870000000e+05    1.1151735171e-01
    1.2880000000e+05    1.1703285738e-01
    1.2890000000e+05    1.0705222130e-01
    1.2900000000e+05    1.1119710510e-01
    1.2910000000e+05    9.7188127105e-02
    1.2920000000e+05    1.1157887289e-01
    1.2930000000e+05    1.2344473570e-01
    1.2940000000e+05    1.0207342506e-01
    1.2950000000e+05    1.1492109892e-01
    1.2960000000e+05    1.2332133313e-01
    1.2970000000e+05    9.5179102212e-02
    1.2980000000e+05    1.0657130688e-01
    1.2990000000e+05    1.0424138894e-01
    1.3000000000e+05    1.0938156073e-01
    1.3010000000e+05    9.9084870183e-02
    1.3020000000e+05    8.8898386451e-02
    1.3030000000e+05    1.2088785243e-01
    1.3040000000e+05    1.1589558399e-01
    1.3050000000e+05    1.0185710366e-01
    1.3060000000e+05    1.2213956483e-01
    1.3070000000e+05    9.3048569312e-02
    1.3080000000e+05    1.2041621253e-01
    1.3090000000e+05    1.2308173296e-01
    1.3100000000e+05    1.5192486021e-01
    1.3110000000e+05    9.4822719926e-02
    1.3120000000e+05    1.0942865201e-01
    1.3130000000e+05    1.1096969783e-01
    1.3140000000e+05    1.1331220225e-01
    1.3150000000e+05    1.0973034326e-01
    1.3160000000e+05    1.2330020659e-01
    1.3170000000e+05    1.0065460887e-01
    1.3180000000e+05    9.8449774349e-02
    1.3190000000e+05    9.8954976169e-02
    1.3200000000e+05    1.1455961338e-01
    1.3210000000e+05    1.2348163686e-01
    1.3220000000e+05    1.1997023870e-01
    1.3230000000e+05    1.6199212874e-01
    1.3240000000e+05    1.3159056026e-01
    1.3250000000e+05    1.2417184303e-01
    1.3260000000e+05    1.1043111963e-01
    1.3270000000e+05    1.0248556823e-01
    1.3280000000e+05    1.1829453895e-01
    1.3290000000e+05    1.3157777483e-01
    1.3300000000e+05    1.3502485729e-01
    1.3310000000e+05    1.3238275607e-01
    1.3320000000e+05    1.0903182284e-01
    1.3330000000e+05    9.7755227319e-02
    1.3340000000e+05    1.2123581529e-01
    1.3350000000e+05    1.1473389178e-01
    1.3360000000e+05    9.9146256246e-02
    1.3370000000e+05    1.0851722411e-01
    1.3380000000e+05    1.0862945112e-01
    1.3390000000e+05    1.2645836010e-01
    1.3400000000e+05    1.2947627235e-01
    1.3410000000e+05    1.1343885620e-01
    1.3420000000e+05    1.1711836538e-01
    1.3430000000e+05    9.6124978012e-02
    1.3440000000e+05    1.1751716168e-01
    1.3450000000e+05    9.7510739539e-02
    1.3460000000e+05    1.1739738073e-01
    1.3470000000e+05    1.1682290448e-01
    1.3480000000e+05    1.0297524208e-01
    1.3490000000e+05    9.4634974921e-02
    1.3500000000e+05    9.7185542122e-02
    1.3510000000e+05    1.1119317983e-01
    1.3520000000e+05    1.0207651177e-01
    1.3530000000e+05    9.2269382968e-02
    1.3540000000e+05    1.0339791026e-01
    1.3550000000e+05    1.2190362999e-01
    1.3560000000e+05    1.1293304765e-01
    1.3570000000e+05    9.5990137464e-02
    1.3580000000e+05    1.3063761198e-01
    1.3590000000e+05    1.3838490537e-01
    1.3600000000e+05    1.2758323476e-01
    1.3610000000e+05    9.9954133757e-02
    1.3620000000e+05    1.3042471139e-01
    1.3630000000e+05    1.2493369586e-01
    1.3640000000e+05    1.3267105964e-01
    1.3650000000e+05    1.3682302936e-01
    1.3660000000e+05    1.1797668524e-01
    1.3670000000e+05    1.2059684275e-01
    1.3680000000e+05    1.3744280218e-01
    1.3690000000e+05    1.3347654361e-01
    1.3700000000e+05    1.1692798485e-01
    1.3710000000e+05    1.1359003415e-01
    1.3720000000e+05    1.1960231430e-01
    1.3730000000e+05    1.1437773180e-01
    1.3740000000e+05    1.4509438717e-01
    1.3750000000e+05    1.2283560775e-01
    1.3760000000e+05    1.1548318991e-01
    1.3770000000e+05    1.4727577198e-01
    1.3780000000e+05    1.3271161384e-01
    1.3790000000e+05    1.2087964007e-01
    1.3800000000e+05    1.1161957194e-01
    1.3810000000e+05    1.0458902904e-01
    1.3820000000e+05    1.1238426965e-01
    1.3830000000e+05    1.1086575368e-01
    1.3840000000e+05    1.1394903045e-01
    1.3850000000e+05    1.5293593032e-01
    1.3860000000e+05    1.0768705980e-01
    1.3870000000e+05    1.0665335883e-01
    1.3880000000e+05    1.0667572441e-01
    1.3890000000e+05    1.1709601874e-01
    1.3900000000e+05    1.0921584267e-01
    1.3910000000e+05    1.0614194718e-01
    1.3920000000e+05    1.1049096337e-01
    1.3930000000e+05    1.1051415174e-01
    1.3940000000e+05    1.2014197382e-01
    1.3950000000e+05    1.2438778691e-01
    1.3960000000e+05    1.5089526037e-01
    1.3970000000e+05    1.5006323422e-01
    1.3980000000e+05    1.1187874117e-01
    1.3990000000e+05    1.1725459870e-01
    1.4000000000e+05    1.7983254564e-01
    1.4010000000e+05    1.2816016197e-01
    1.4020000000e+05    1.0139016504e-01
    1.4030000000e+05    1.2656821099e-01
    1.4040000000e+05    1.0372693215e-01
    1.4050000000e+05    1.0752607554e-01
    1.4060000000e+05    1.2857741148e-01
    1.4070000000e+05    1.0157050757e-01
    1.4080000000e+05    1.1556316975e-01
    1.4090000000e+05    1.5011198967e-01
    1.4100000000e+05    1.2995126782e-01
    1.4110000000e+05    1.2021296570e-01
    1.4120000000e+05    1.3623470322e-01
    1.4130000000e+05    1.4163658430e-01
    1.4140000000e+05    1.3407384919e-01
    1.4150000000e+05    1.0218599954e-01
    1.4160000000e+05    1.2812472867e-01
    1.4170000000e+05    1.0022757060e-01
    1.4180000000e+05    1.1740964120e-01
    1.4190000000e+05    1.1840595908e-01
    1.4200000000e+05    9.6528872263e-02
    1.4210000000e+05    1.2282589272e-01
    1.4220000000e+05    1.1730291721e-01
    1.4230000000e+05    1.0594114334e-01
    1.4240000000e+05    1.4722696462e-01
    1.4250000000e+05    1.6823919885e-01
    1.4260000000e+05    1.4143592269e-01
    1.4270000000e+05    1.2828669380e-01
    1.4280000000e+05    1.2362529126e-01
    1.4290000000e+05    1.0102932820e-01
    1.4300000000e+05    1.0636457016e-01
    1.4310000000e+05    9.7446277807e-02
    1.4320000000e+05    1.2266132420e-01
    1.4330000000e+05    1.0528157611e-01
    1.4340000000e+05    1.1136984309e-01
    1.4350000000e+05    1.1528832729e-01
    1.4360000000e+05    1.1434043821e-01
    1.4370000000e+05    9.8952059911e-02
    1.4380000000e+05    1.2304214583e-01
    1.4390000000e+05    1.1046866200e-01
    1.4400000000e+05    9.7368006573e-02
    1.4410000000e+05    9.3518305538e-02
    1.4420000000e+05    9.6044204572e-02
    1.4430000000e+05    9.9271536724e-02
    1.4440000000e+05    1.2577662171e-01
    1.4450000000e+05    1.1493436124e-01
    1.4460000000e+05    9.4294210966e-02
    1.4470000000e+05    1.2121067196e-01
    1.4480000000e+05    1.0079682945e-01
    1.4490000000e+05    1.1094124881e-01
    1.4500000000e+05    1.2955777511e-01
    1.4510000000e+05    1.0828533986e-01
    1.4520000000e+05    1.2498524517e-01
    1.4530000000e+05    1.3067579073e-01
    1.4540000000e+05    1.1074861126e-01
    1.4550000000e+05    1.2658823416e-01
    1.4560000000e+05    1.2049439352e-01
    1.4570000000e+05    8.4180050666e-02
    1.4580000000e+05    1.0001656145e-01
    1.4590000000e+05    1.0790695704e-01
    1.4600000000e+05    1.2943405932e-01
    1.4610000000e+05    1.5490045614e-01
    1.4620000000e+05    1.2328348102e-01
    1.4630000000e+05    1.0001374632e-01
    1.4640000000e+05    1.1443338347e-01
    1.4650000000e+05    1.0068860590e-01
    1.4660000000e+05    1.0645561784e-01
    1.4670000000e+05    9.6782082150e-02
    1.4680000000e+05    1.0683965038e-01
    1.4690000000e+05    1.2990594750e-01
    1.4700000000e+05    1.3831827166e-01
    1.4710000000e+05    1.2408438575e-01
    1.4720000000e+05    1.2771020240e-01
    1.4730000000e+05    1.0759860236e-01
    1.4740000000e+05    9.2681267978e-02
    1.4750000000e+05    1.0192342616e-01
    1.4760000000e+05    1.1760366972e-01
    1.4770000000e+05    1.2960808777e-01
    1.4780000000e+05    1.2288784897e-01
    1.4790000000e+05    1.2629509562e-01
    1.4800000000e+05    1.0863064263e-01
    1.4810000000e+05    1.1326057236e-01
    1.4820000000e+05    1.1803867429e-01
    1.4830000000e+05    1.0310034509e-01
    1.4840000000e+05    1.3279900242e-01
    1.4850000000e+05    1.1109004917e-01
    1.4860000000e+05    9.7805928362e-02
    1.4870000000e+05    1.1491125050e-01
    1.4880000000e+05    1.1269595925e-01
    1.4890000000e+05    1.1448136178e-01
    1.4900000000e+05    1.5519435938e-01
    1.4910000000e+05    1.3470634932e-01
    1.4920000000e+05    1.4680776831e-01
    1.4930000000e+05    1.3764267529e-01
    1.4940000000e+05    1.3426336441e-01
    1.4950000000e+05    9.8561340186e-02
    1.4960000000e+05    1.1541730117e-01
    1.4970000000e+05    1.5978526245e-01
    1.4980000000e+05    1.3430133138e-01
    1.4990000000e+05    1.4842704243e-01
    1.5000000000e+05    1.3667798102e-01
    1.5010000000e+05    9.7864481872e-02
    1.5020000000e+05    1.0415877845e-01
    1.5030000000e+05    1.8710625664e-01
    1.5040000000e+05    1.2449309827e-01
    1.5050000000e+05    1.3444984199e-01
    1.5060000000e+05    1.0562721329e-01
    1.5070000000e+05    1.4517176370e-01
    1.5080000000e+05    1.0523789375e-01
    1.5090000000e+05    1.6611543260e-01
    1.5100000000e+05    9.8038536386e-02
    1.5110000000e+05    1.0339980060e-01
    1.5120000000e+05    1.0720361921e-01
    1.5130000000e+05    1.2354612852e-01
    1.5140000000e+05    1.5864584161e-01
    1.5150000000e+05    1.1685996458e-01
    1.5160000000e+05    1.2701932719e-01
    1.5170000000e+05    1.2532158319e-01
    1.5180000000e+05    1.2038891820e-01
    1.5190000000e+05    1.1106174033e-01
    1.5200000000e+05    1.3072370006e-01
    1.5210000000e+05    1.0760929767e-01
    1.5220000000e+05    1.1616901262e-01
    1.5230000000e+05    1.3534902355e-01
    1.5240000000e+05    1.1851013982e-01
    1.5250000000e+05    1.3702339139e-01
    1.5260000000e+05    1.0963950637e-01
    1.5270000000e+05    1.0306155577e-01
    1.5280000000e+05    1.2523390277e-01
    1.5290000000e+05    1.1580046839e-01
    1.5300000000e+05    1.2040196532e-01
    1.5310000000e+05    1.1508034163e-01
    1.5320000000e+05    1.0161903987e-01
    1.5330000000e+05    1.3042169969e-01
    1.5340000000e+05    1.0012186773e-01
    1.5350000000e+05    1.0062530230e-01
    1.5360000000e+05    1.1917344703e-01
    1.5370000000e+05    1.6075808579e-01
    1.5380000000e+05    1.3607183722e-01
    1.5390000000e+05    1.1676761228e-01
    1.5400000000e+05    1.1056997684e-01
    1.5410000000e+05    1.1416090550e-01
    1.5420000000e+05    1.0654431991e-01
    1.5430000000e+05    1.0580194083e-01
    1.5440000000e+05    9.2380066400e-02
    1.5450000000e+05    1.2546071542e-01
    1.5460000000e+05    1.0310526569e-01
    1.5470000000e+05    1.0325985368e-01
    1.5480000000e+05    1.2035283276e-01
    1.5490000000e+05    1.5861974627e-01
    1.5500000000e+05    1.0100996502e-01
    1.5510000000e+05    1.3350795420e-01
    1.5520000000e+05    9.9399278716e-02
    1.5530000000e+05    8.2937029045e-02
    1.5540000000e+05    1.2858137992e-01
    1.5550000000e+05    1.5802362883e-01
    1.5560000000e+05    1.4715496198e-01
    1.5570000000e+05    1.1527454252e-01
    1.5580000000e+05    1.1756199823e-01
    1.5590000000e+05    9.6762069364e-02
    1.5600000000e+05    1.0525241236e-01
    1.5610000000e+05    1.2539272381e-01
    1.5620000000e+05    1.1938507866e-01
    1.5630000000e+05    1.0784508836e-01
    1.5640000000e+05    1.2614343815e-01
    1.5650000000e+05    1.1735008915e-01
    1.5660000000e+05    1.3789855738e-01
    1.5670000000e+05    1.5761160958e-01
    1.5680000000e+05    1.3321978901e-01
    1.5690000000e+05    1.0266707984e-01
    1.5700000000e+05    1.4310042872e-01
    1.5710000000e+05    1.4594915141e-01
    1.5720000000e+05    1.6848783980e-01
    1.5730000000e+05    1.3685744386e-01
    1.5740000000e+05    1.2092396690e-01
    1.5750000000e+05    1.3040972037e-01
    1.5760000000e+05    1.5608264776e-01
    1.5770000000e+05    1.0994425647e-01
    1.5780000000e+05    1.2275368034e-01
    1.5790000000e+05    1.3272334229e-01
    1.5800000000e+05    9.6324891352e-02
    1.5810000000e+05    8.9159572219e-02
    1.5820000000e+05    1.2103634658e-01
    1.5830000000e+05    1.0550451673e-01
    1.5840000000e+05    1.1874107564e-01
    1.5850000000e+05    1.0859477127e-01
    1.5860000000e+05    1.1382432734e-01
    1.5870000000e+05    1.9469989416e-01
    1.5880000000e+05    1.2223052511e-01
    1.5890000000e+05    1.2450302393e-01
    1.5900000000e+05    1.1210979667e-01
    1.5910000000e+05    1.3311507997e-01
    1.5920000000e+05    1.2541956601e-01
    1.5930000000e+05    1.2385028868e-01
    1.5940000000e+05    1.1518100929e-01
    1.5950000000e+05    9.4489738794e-02
    1.5960000000e+05    1.0343849692e-01
    1.5970000000e+05    1.1048888896e-01
    1.5980000000e+05    1.0917407653e-01
    1.5990000000e+05    1.1503824462e-01
    1.6000000000e+05    1.1808019784e-01
    1.6010000000e+05    1.1543392712e-01
    1.6020000000e+05    1.3431936939e-01
    1.6030000000e+05    1.1221965567e-01
    1.6040000000e+05    1.2459774763e-01
    1.6050000000e+05    1.2032990850e-01
    1.6060000000e+05    1.0334534153e-01
    1.6070000000e+05    9.9399312906e-02
    1.6080000000e+05    1.0158345850e-01
    1.6090000000e+05    9.8303002584e-02
    1.6100000000e+05    1.0684945548e-01
    1.6110000000e+05    1.0573329662e-01
    1.6120000000e+05    1.1518658380e-01
    1.6130000000e+05    1.1342418555e-01
    1.6140000000e+05    1.1698027422e-01
    1.6150000000e+05    1.1356501623e-01
    1.6160000000e+05    1.0364350266e-01
    1.6170000000e+05    1.0918117997e-01
    1.6180000000e+05    9.5308033454e-02
    1.6190000000e+05    1.0873108224e-01
    1.6200000000e+05    1.0897597259e-01
    1.6210000000e+05    9.9112482475e-02
    1.6220000000e+05    1.1916288435e-01
    1.6230000000e+05    1.8951034503e-01
    1.6240000000e+05    1.1961463928e-01
    1.6250000000e+05    1.1289371267e-01
    1.6260000000e+05    1.0106926930e-01
    1.6270000000e+05    9.4063058470e-02
    1.6280000000e+05    1.2738942312e-01
    1.6290000000e+05    1.1116340204e-01
    1.6300000000e+05    8.3916223736e-02
    1.6310000000e+05    1.0884181756e-01
    1.6320000000e+05    9.8168469229e-02
    1.6330000000e+05    8.8351966939e-02
    1.6340000000e+05    8.7023629462e-02
    1.6350000000e+05    1.2390559193e-01
    1.6360000000e+05    1.7180724964e-01
    1.6370000000e+05    1.4723012029e-01
    1.6380000000e+05    1.1534027171e-01
    1.6390000000e+05    1.1553205751e-01
    1.6400000000e+05    1.2239064390e-01
    1.6410000000e+05    1.4839913006e-01
    1.6420000000e+05    1.5925597899e-01
    1.6430000000e+05    9.5211279015e-02
    1.6440000000e+05    1.0866430990e-01
    1.6450000000e+05    9.9591134163e-02
    1.6460000000e+05    1.1033285496e-01
    1.6470000000e+05    1.1487537212e-01
    1.6480000000e+05    1.2605786626e-01
    1.6490000000e+05    1.3631124479e-01
    1.6500000000e+05    1.2563996234e-01
    1.6510000000e+05    1.1830320462e-01
    1.6520000000e+05    1.2660092296e-01
    1.6530000000e+05    1.3761954816e-01
    1.6540000000e+05    1.2377100778e-01
    1.6550000000e+05    1.1443287028e-01
    1.6560000000e+05    1.0692307770e-01
    1.6570000000e+05    1.1633300363e-01
    1.6580000000e+05    8.8455152898e-02
    1.6590000000e+05    8.4674205325e-02
    1.6600000000e+05    1.1441579588e-01
    1.6610000000e+05    1.1719953759e-01
    1.6620000000e+05    1.4931524639e-01
    1.6630000000e+05    1.0337901956e-01
    1.6640000000e+05    9.9780973008e-02
    1.6650000000e+05    1.0275210612e-01
    1.6660000000e+05    9.9598212000e-02
    1.6670000000e+05    1.1416340704e-01
    1.6680000000e+05    9.7996656239e-02
    1.6690000000e+05    1.1042348317e-01
    1.6700000000e+05    1.3733333074e-01
    1.6710000000e+05    1.1108158482e-01
    1.6720000000e+05    9.4832382776e-02
    1.6730000000e+05    1.1801537698e-01
    1.6740000000e+05    1.0227901096e-01
    1.6750000000e+05    1.2105343250e-01
    1.6760000000e+05    1.1899390164e-01
    1.6770000000e+05    1.4455363670e-01
    1.6780000000e+05    1.2402738356e-01
    1.6790000000e+05    1.1433810472e-01
    1.6800000000e+05    1.1058232839e-01
    1.6810000000e+05    1.3402476985e-01
    1.6820000000e+05    1.0112005004e-01
    1.6830000000e+05    1.1393354239e-01
    1.6840000000e+05    9.4710988849e-02
    1.6850000000e+05    1.1761593015e-01
    1.6860000000e+05    1.1123923898e-01
    1.6870000000e+05    1.1071597760e-01
    1.6880000000e+05    1.2340295097e-01
    1.6890000000e+05    1.1138698007e-01
    1.6900000000e+05    1.3558471701e-01
    1.6910000000e+05    1.3989737968e-01
    1.6920000000e+05    9.3015831367e-02
    1.6930000000e+05    1.1055009840e-01
    1.6940000000e+05    9.5249788591e-02
    1.6950000000e+05    1.0893049440e-01
    1.6960000000e+05    1.1689062686e-01
    1.6970000000e+05    1.1909752177e-01
    1.6980000000e+05    1.2971485579e-01
    1.6990000000e+05    1.0515268538e-01
    1.7000000000e+05    9.0192015166e-02
    1.7010000000e+05    1.0273025335e-01
    1.7020000000e+05    1.1697613442e-01
    1.7030000000e+05    1.1567891192e-01
    1.7040000000e+05    1.0911041412e-01
    1.7050000000e+05    9.0176445295e-02
    1.7060000000e+05    1.0833804926e-01
    1.7070000000e+05    1.1785217886e-01
    1.7080000000e+05    1.0676394364e-01
    1.7090000000e+05    1.4211366757e-01
    1.7100000000e+05    1.2975230106e-01
    1.7110000000e+05    1.0001595172e-01
    1.7120000000e+05    1.0540596284e-01
    1.7130000000e+05    1.2201534916e-01
    1.7140000000e+05    1.0228417085e-01
    1.7150000000e+05    9.7589442798e-02
    1.7160000000e+05    1.3127380701e-01
    1.7170000000e+05    1.0435856215e-01
    1.7180000000e+05    1.0026846090e-01
    1.7190000000e+05    1.0165917282e-01
    1.7200000000e+05    9.5123019790e-02
    1.7210000000e+05    1.3269204137e-01
    1.7220000000e+05    1.2475027241e-01
    1.7230000000e+05    1.3094624679e-01
    1.7240000000e+05    1.0538144124e-01
    1.7250000000e+05    1.3131685987e-01
    1.7260000000e+05    1.0976582098e-01
    1.7270000000e+05    1.1502463163e-01
    1.7280000000e+05    9.8951515906e-02
    1.7290000000e+05    1.1893084393e-01
    1.7300000000e+05    1.1636591585e-01
    1.7310000000e+05    9.9222877126e-02
    1.7320000000e+05    8.8937720547e-02
    1.7330000000e+05    1.1590320025e-01
    1.7340000000e+05    1.0401946250e-01
    1.7350000000e+05    1.5333681312e-01
    1.7360000000e+05    1.1467517569e-01
    1.7370000000e+05    1.1102870767e-01
    1.7380000000e+05    1.4806933876e-01
    1.7390000000e+05    1.3828698964e-01
    1.7400000000e+05    1.0646238410e-01
    1.7410000000e+05    1.3016252041e-01
    1.7420000000e+05    1.0308138017e-01
    1.7430000000e+05    1.8014272441e-01
    1.7440000000e+05    1.3156596584e-01
    1.7450000000e+05    9.9560462206e-02
    1.7460000000e+05    1.0637196687e-01
    1.7470000000e+05    1.1636503688e-01
    1.7480000000e+05    1.2850477018e-01
    1.7490000000e+05    1.1816981473e-01
    1.7500000000e+05    1.2469947382e-01
    1.7510000000e+05    1.3207338671e-01
    1.7520000000e+05    1.0752956283e-01
    1.7530000000e+05    1.3091793803e-01
    1.7540000000e+05    1.3215119741e-01
    1.7550000000e+05    1.1740214306e-01
    1.7560000000e+05    9.8419293329e-02
    1.7570000000e+05    1.1119265668e-01
    1.7580000000e+05    1.2134328082e-01
    1.7590000000e+05    1.1427728447e-01
    1.7600000000e+05    1.2143750416e-01
    1.7610000000e+05    1.1111524339e-01
    1.7620000000e+05    1.2217636296e-01
    1.7630000000e+05    1.3154570191e-01
    1.7640000000e+05    1.1875953010e-01
    1.7650000000e+05    1.1040014216e-01
    1.7660000000e+05    1.3361416027e-01
    1.7670000000e+05    1.3084553425e-01
    1.7680000000e+05    1.0515120265e-01
    1.7690000000e+05    1.2577312794e-01
    1.7700000000e+05    1.2747872202e-01
    1.7710000000e+05    1.1547768380e-01
    1.7720000000e+05    1.0197597211e-01
    1.7730000000e+05    1.1134877210e-01
    1.7740000000e+05    1.4909154111e-01
    1.7750000000e+05    1.4901297571e-01
    1.7760000000e+05    1.0960976623e-01
    1.7770000000e+05    1.0953389936e-01
    1.7780000000e+05    1.0134608921e-01
    1.7790000000e+05    1.0126645298e-01
    1.7800000000e+05    1.2450083056e-01
    1.7810000000e+05    9.9928161883e-02
    1.7820000000e+05    1.1350058242e-01
    1.7830000000e+05    9.3985910508e-02
    1.7840000000e+05    1.0003282830e-01
    1.7850000000e+05    1.1732682131e-01
    1.7860000000e+05    1.3494920985e-01
    1.7870000000e+05    1.3481822818e-01
    1.7880000000e+05    1.1606280045e-01
    1.7890000000e+05    1.1518518472e-01
    1.7900000000e+05    1.1357446819e-01
    1.7910000000e+05    9.7511703374e-02
    1.7920000000e+05    1.0611025219e-01
    1.7930000000e+05    1.0908568126e-01
    1.7940000000e+05    1.1171457558e-01
    1.7950000000e+05    1.0508538265e-01
    1.7960000000e+05    9.7452876277e-02
    1.7970000000e+05    1.2670886725e-01
    1.7980000000e+05    1.1764540993e-01
    1.7990000000e+05    9.7259605574e-02
    1.8000000000e+05    1.0582152953e-01
    1.8010000000e+05    1.2529556416e-01
    1.8020000000e+05    1.1280875664e-01
    1.8030000000e+05    1.4086976202e-01
    1.8040000000e+05    1.1423923473e-01
    1.8050000000e+05    1.0427770843e-01
    1.8060000000e+05    9.3834374404e-02
    1.8070000000e+05    1.3928684494e-01
    1.8080000000e+05    1.3000917193e-01
    1.8090000000e+05    9.2139249413e-02
    1.8100000000e+05    9.3241266450e-02
    1.8110000000e+05    1.0362738313e-01
    1.8120000000e+05    9.0779229035e-02
    1.8130000000e+05    8.9746634388e-02
    1.8140000000e+05    1.1463767834e-01
    1.8150000000e+05    1.3246771898e-01
    1.8160000000e+05    1.3835774375e-01
    1.8170000000e+05    1.2951374812e-01
    1.8180000000e+05    1.1457889603e-01
    1.8190000000e+05    1.2633260656e-01
    1.8200000000e+05    1.0710141810e-01
    1.8210000000e+05    1.1035403015e-01
    1.8220000000e+05    1.1947306589e-01
    1.8230000000e+05    1.2389919144e-01
    1.8240000000e+05    1.1020757149e-01
    1.8250000000e+05    1.1686611840e-01
    1.8260000000e+05    9.6860556774e-02
    1.8270000000e+05    9.8994265810e-02
    1.8280000000e+05    1.0469807134e-01
    1.8290000000e+05    1.1910600691e-01
    1.8300000000e+05    1.1192221135e-01
    1.8310000000e+05    1.2807898421e-01
    1.8320000000e+05    1.3997386737e-01
    1.8330000000e+05    1.0735088218e-01
    1.8340000000e+05    1.3374058513e-01
    1.8350000000e+05    1.3358135679e-01
    1.8360000000e+05    1.0311811507e-01
    1.8370000000e+05    1.1641302896e-01
    1.8380000000e+05    9.6554447273e-02
    1.8390000000e+05    1.1178183806e-01
    1.8400000000e+05    1.1565487668e-01
    1.8410000000e+05    1.2429322633e-01
    1.8420000000e+05    1.0476756827e-01
    1.8430000000e+05    1.0247676344e-01
    1.8440000000e+05    1.0816958317e-01
    1.8450000000e+05    1.1636797098e-01
    1.8460000000e+05    1.0386338100e-01
    1.8470000000e+05    1.4428443842e-01
    1.8480000000e+05    9.6283723578e-02
    1.8490000000e+05    1.1539902900e-01
    1.8500000000e+05    1.2352264249e-01
    1.8510000000e+05    1.0552762763e-01
    1.8520000000e+05    1.0390087384e-01
    1.8530000000e+05    9.8048642625e-02
    1.8540000000e+05    1.0440953166e-01
    1.8550000000e+05    1.0773976011e-01
    1.8560000000e+05    1.3113512287e-01
    1.8570000000e+05    1.1160846922e-01
    1.8580000000e+05    1.1681110208e-01
    1.8590000000e+05    1.0758501838e-01
    1.8600000000e+05    1.0499889445e-01
    1.8610000000e+05    1.1666796082e-01
    1.8620000000e+05    1.1740719511e-01
    1.8630000000e+05    1.0983860765e-01
    1.8640000000e+05    9.7540189685e-02
    1.8650000000e+05    1.1769594368e-01
    1.8660000000e+05    1.2756761778e-01
    1.8670000000e+05    1.1214846733e-01
    1.8680000000e+05    1.0466817277e-01
    1.8690000000e+05    1.1372505175e-01
    1.8700000000e+05    1.1013175770e-01
    1.8710000000e+05    1.4126553574e-01
    1.8720000000e+05    1.1496290885e-01
    1.8730000000e+05    1.4031573401e-01
    1.8740000000e+05    1.2703738279e-01
    1.8750000000e+05    9.7943968127e-02
    1.8760000000e+05    1.0261533469e-01
    1.8770000000e+05    1.3112785966e-01
    1.8780000000e+05    1.4340321357e-01
    1.8790000000e+05    1.0116591356e-01
    1.8800000000e+05    1.4034632878e-01
    1.8810000000e+05    1.1384953237e-01
    1.8820000000e+05    1.0942882373e-01
    1.8830000000e+05    1.2447772767e-01
    1.8840000000e+05    1.2173049775e-01
    1.8850000000e+05    8.6267939217e-02
    1.8860000000e+05    1.3167203473e-01
    1.8870000000e+05    1.1738242494e-01
    1.8880000000e+05    1.2402673346e-01
    1.8890000000e+05    1.8137517622e-01
    1.8900000000e+05    1.7227911221e-01
    1.8910000000e+05    1.4007536673e-01
    1.8920000000e+05    1.1254164926e-01
    1.8930000000e+05    9.2901480630e-02
    1.8940000000e+05    1.1358163655e-01
    1.8950000000e+05    1.3760784804e-01
    1.8960000000e+05    1.4828369287e-01
    1.8970000000e+05    1.7415788993e-01
    1.8980000000e+05    1.3549147720e-01
    1.8990000000e+05    9.9206548548e-02
    1.9000000000e+05    1.0857869721e-01
    1.9010000000e+05    1.0424897261e-01
    1.9020000000e+05    1.0870942025e-01
    1.9030000000e+05    1.1507313769e-01
    1.9040000000e+05    1.1833934512e-01
    1.9050000000e+05    1.0802877437e-01
    1.9060000000e+05    9.5689792018e-02
    1.9070000000e+05    1.2046527265e-01
    1.9080000000e+05    9.7695105326e-02
    1.9090000000e+05    1.1063158384e-01
    1.9100000000e+05    1.1080022783e-01
    1.9110000000e+05    1.3973810950e-01
    1.9120000000e+05    1.0275695971e-01
    1.9130000000e+05    1.1902414826e-01
    1.9140000000e+05    1.0348654868e-01
    1.9150000000e+05    1.1638941104e-01
    1.9160000000e+05    1.1466934525e-01
    1.9170000000e+05    1.0883680461e-01
    1.9180000000e+05    1.1220765275e-01
    1.9190000000e+05    1.0040175920e-01
    1.9200000000e+05    1.1112612281e-01
    1.9210000000e+05    9.3558821056e-02
    1.9220000000e+05    1.1349776282e-01
    1.9230000000e+05    1.3946273226e-01
    1.9240000000e+05    1.0696776032e-01
    1.9250000000e+05    9.9512756881e-02
    1.9260000000e+05    1.3184154662e-01
    1.9270000000e+05    1.1083531627e-01
    1.9280000000e+05    1.1797430902e-01
    1.9290000000e+05    1.1389037906e-01
    1.9300000000e+05    1.2108398115e-01
    1.9310000000e+05    1.2799599274e-01
    1.9320000000e+05    1.4545140874e-01
    1.9330000000e+05    1.0099638751e-01
    1.9340000000e+05    1.3500345358e-01
    1.9350000000e+05    1.1802510053e-01
    1.9360000000e+05    1.1555811702e-01
    1.9370000000e+05    9.9288745286e-02
    1.9380000000e+05    1.5145530651e-01
    1.9390000000e+05    2.0286963031e-01
    1.9400000000e+05    1.4812082074e-01
    1.9410000000e+05    1.4463140278e-01
    1.9420000000e+05    1.2681460316e-01
    1.9430000000e+05    1.2591287878e-01
    1.9440000000e+05    1.0403240376e-01
    1.9450000000e+05    1.2204674000e-01
    1.9460000000e+05    1.5537663791e-01
    1.9470000000e+05    1.5314106667e-01
    1.9480000000e+05    1.0619542173e-01
    1.9490000000e+05    1.1523593970e-01
    1.9500000000e+05    1.0549638363e-01
    1.9510000000e+05    1.4391726262e-01
    1.9520000000e+05    1.3739232127e-01
    1.9530000000e+05    1.1578994277e-01
    1.9540000000e+05    1.2163632995e-01
    1.9550000000e+05    1.0582499296e-01
    1.9560000000e+05    1.2216828127e-01
    1.9570000000e+05    1.3160788194e-01
    1.9580000000e+05    1.2010775625e-01
    1.9590000000e+05    1.2136228055e-01
    1.9600000000e+05    1.1051804390e-01
    1.9610000000e+05    1.2329199791e-01
    1.9620000000e+05    1.1501400675e-01
    1.9630000000e+05    1.2801932028e-01
    1.9640000000e+05    1.0903781633e-01
    1.9650000000e+05    1.1935239056e-01
    1.9660000000e+05    1.1995819054e-01
    1.9670000000e+05    1.1348182639e-01
    1.9680000000e+05    1.2836501767e-01
    1.9690000000e+05    1.2881834560e-01
    1.9700000000e+05    1.0232464386e-01
    1.9710000000e+05    1.0501532319e-01
    1.9720000000e+05    1.1942282364e-01
    1.9730000000e+05    1.2655418018e-01
    1.9740000000e+05    1.0332933566e-01
    1.9750000000e+05    1.2046450221e-01
    1.9760000000e+05    1.2510365885e-01
    1.9770000000e+05    1.3320700814e-01
    1.9780000000e+05    1.1127171646e-01
    1.9790000000e+05    1.3370061599e-01
    1.9800000000e+05    1.5249296003e-01
    1.9810000000e+05    1.6484366787e-01
    1.9820000000e+05    1.5613561891e-01
    1.9830000000e+05    1.8990937668e-01
    1.9840000000e+05    1.4343245979e-01
    1.9850000000e+05    1.4099837186e-01
    1.9860000000e+05    1.3386968380e-01
    1.9870000000e+05    1.4331991016e-01
    1.9880000000e+05    1.6828265086e-01
    1.9890000000e+05    1.5727759577e-01
    1.9900000000e+05    1.3117671263e-01
    1.9910000000e+05    1.3502439440e-01
    1.9920000000e+05    1.2461867420e-01
    1.9930000000e+05    1.3050589317e-01
    1.9940000000e+05    1.1017442531e-01
    1.9950000000e+05    1.5482824903e-01
    1.9960000000e+05    1.3055561805e-01
    1.9970000000e+05    1.7022638997e-01
    1.9980000000e+05    1.4530718541e-01
    1.9990000000e+05    1.3923527473e-01
    2.0000000000e+05    1.2689348892e-01
