    1.0000000000e+02    2.1972947401e-01
    2.0000000000e+02    1.1434099333e-01
    3.0000000000e+02    1.8242079556e-01
    4.0000000000e+02    1.5693707947e-01
    5.0000000000e+02    1.1661448534e-01
    6.0000000000e+02    1.3485343993e-01
    7.0000000000e+02    1.1260814495e-01
    8.0000000000e+02    1.1416471482e-01
    9.0000000000e+02    1.6440136155e-01
    1.0000000000e+03    1.8154030544e-01
    1.1000000000e+03    1.9372479809e-01
    1.2000000000e+03    1.4032677806e-01
    1.3000000000e+03    1.5372179936e-01
    1.4000000000e+03    1.3372903241e-01
    1.5000000000e+03    1.2308077138e-01
    1.6000000000e+03    1.6947685497e-01
    1.7000000000e+03    1.3705770804e-01
    1.8000000000e+03    1.2404185048e-01
    1.9000000000e+03    1.1604933107e-01
    2.0000000000e+03    1.4837180024e-01
    2.1000000000e+03    1.9829011886e-01
    2.2000000000e+03    1.3243845621e-01
    2.3000000000e+03    1.0409011427e-01
    2.4000000000e+03    2.1827247157e-01
    2.5000000000e+03    1.3566258269e-01
    2.6000000000e+03    1.9266122441e-01
    2.7000000000e+03    1.2928533760e-01
    2.8000000000e+03    1.5132891596e-01
    2.9000000000e+03    1.4273709085e-01
    3.0000000000e+03    2.0593498564e-01
    3.1000000000e+03    2.6699053874e-01
    3.2000000000e+03    2.0505139236e-01
    3.3000000000e+03    2.0859621529e-01
    3.4000000000e+03    2.1700236430e-01
    3.5000000000e+03    2.1696009605e-01
    3.6000000000e+03    1.4866468187e-01
    3.7000000000e+03    1.0673258887e-01
    3.8000000000e+03    1.2521018914e-01
    3.9000000000e+03    1.1487319231e-01
    4.0000000000e+03    1.0887517679e-01
    4.1000000000e+03    1.4984530961e-01
    4.2000000000e+03    1.6844203293e-01
    4.3000000000e+03    1.7128456291e-01
    4.4000000000e+03    1.3842630598e-01
    4.5000000000e+03    1.3944200022e-01
    4.6000000000e+03    1.6878803236e-01
    4.7000000000e+03    1.6820082801e-01
    4.8000000000e+03    1.6499320543e-01
    4.9000000000e+03    1.5325289216e-01
    5.0000000000e+03    1.6007081415e-01
    5.1000000000e+03    2.0269438877e-01
    5.2000000000e+03    1.2791782561e-01
    5.3000000000e+03    1.4202202848e-01
    5.4000000000e+03    2.5774427469e-01
    5.5000000000e+03    1.3567532715e-01
    5.6000000000e+03    1.1502333642e-01
    5.7000000000e+03    1.3463477619e-01
    5.8000000000e+03    1.2842521759e-01
    5.9000000000e+03    1.2682141688e-01
    6.0000000000e+03    1.5207974081e-01
    6.1000000000e+03    1.4990227528e-01
    6.2000000000e+03    1.3021470364e-01
    6.3000000000e+03    1.2608692749e-01
    6.4000000000e+03    1.6274466927e-01
    6.5000000000e+03    1.2568532794e-01
    6.6000000000e+03    1.0668328078e-01
    6.7000000000e+03    1.4788882739e-01
    6.8000000000e+03    1.2965371334e-01
    6.9000000000e+03    1.5031988700e-01
    7.0000000000e+03    1.4937212692e-01
    7.1000000000e+03    1.1818594530e-01
    7.2000000000e+03    1.7047239486e-01
    7.3000000000e+03    1.1858608089e-01
    7.4000000000e+03    1.1363786133e-01
    7.5000000000e+03    1.2981426694e-01
    7.6000000000e+03    1.5198570670e-01
    7.7000000000e+03    1.5972964589e-01
    7.8000000000e+03    1.7217145615e-01
    7.9000000000e+03    1.4708514229e-01
    8.0000000000e+03    1.9546209640e-01
    8.1000000000e+03    1.4763122941e-01
    8.2000000000e+03    1.0216852284e-01
    8.3000000000e+03    1.1010012355e-01
    8.4000000000e+03    1.3165503540e-01
    8.5000000000e+03    1.1479117176e-01
    8.6000000000e+03    1.4294998726e-01
    8.7000000000e+03    1.4492126728e-01
    8.8000000000e+03    1.4024255957e-01
    8.9000000000e+03    1.4629993575e-01
    9.0000000000e+03    1.3298124076e-01
    9.1000000000e+03    1.3861023624e-01
    9.2000000000e+03    2.1996567837e-01
    9.3000000000e+03    1.5369013926e-01
    9.4000000000e+03    1.5824349572e-01
    9.5000000000e+03    1.2269562899e-01
    9.6000000000e+03    1.3777555559e-01
    9.7000000000e+03    1.5373275816e-01
    9.8000000000e+03    1.4751274031e-01
    9.9000000000e+03    2.1866401385e-01
    1.0000000000e+04    2.8842488207e-01
    1.0100000000e+04    2.2260979509e-01
    1.0200000000e+04    2.9407352101e-01
    1.0300000000e+04    2.9016097947e-01
    1.0400000000e+04    3.1754814815e-01
    1.0500000000e+04    2.6678076037e-01
    1.0600000000e+04    2.4777592538e-01
    1.0700000000e+04    2.3793343988e-01
    1.0800000000e+04    3.2098733672e-01
    1.0900000000e+04    3.7028963399e-01
    1.1000000000e+04    2.4562443258e-01
    1.1100000000e+04    2.3932321527e-01
    1.1200000000e+04    2.8748167643e-01
    1.1300000000e+04    3.8128678481e-01
    1.1400000000e+04    2.7000162472e-01
    1.1500000000e+04    2.2676298886e-01
    1.1600000000e+04    3.4040596598e-01
    1.1700000000e+04    2.1824471989e-01
    1.1800000000e+04    2.9077091618e-01
    1.1900000000e+04    2.0874325272e-01
    1.2000000000e+04    3.0519227539e-01
    1.2100000000e+04    2.1621738638e-01
    1.2200000000e+04    1.2850826520e-01
    1.2300000000e+04    2.4605587660e-01
    1.2400000000e+04    2.2143548413e-01
    1.2500000000e+04    1.5823143770e-01
    1.2600000000e+04    1.3203704899e-01
    1.2700000000e+04    1.1787553897e-01
    1.2800000000e+04    1.1288850169e-01
    1.2900000000e+04    1.3273156853e-01
    1.3000000000e+04    1.3247297188e-01
    1.3100000000e+04    1.1708496574e-01
    1.3200000000e+04    1.0049919559e-01
    1.3300000000e+04    1.1335744796e-01
    1.3400000000e+04    1.4348611557e-01
    1.3500000000e+04    1.4384560447e-01
    1.3600000000e+04    1.5177123805e-01
    1.3700000000e+04    1.4430524999e-01
    1.3800000000e+04    1.2669844033e-01
    1.3900000000e+04    1.2518019836e-01
    1.4000000000e+04    1.5214641722e-01
    1.4100000000e+04    1.5128453729e-01
    1.4200000000e+04    1.2690784876e-01
    1.4300000000e+04    1.2228689358e-01
    1.4400000000e+04    1.4203503658e-01
    1.4500000000e+04    1.4349863181e-01
    1.4600000000e+04    1.1002329596e-01
    1.4700000000e+04    1.2178529314e-01
    1.4800000000e+04    2.2841481546e-01
    1.4900000000e+04    1.9586598873e-01
    1.5000000000e+04    1.4827254688e-01
    1.5100000000e+04    2.0056565409e-01
    1.5200000000e+04    1.6248685712e-01
    1.5300000000e+04    1.5305701547e-01
    1.5400000000e+04    1.6692301883e-01
    1.5500000000e+04    1.6814425033e-01
    1.5600000000e+04    1.0404741360e-01
    1.5700000000e+04    1.2376908702e-01
    1.5800000000e+04    1.0434122690e-01
    1.5900000000e+04    1.0498266468e-01
    1.6000000000e+04    1.5198303718e-01
    1.6100000000e+04    1.2576996341e-01
    1.6200000000e+04    1.2364425716e-01
    1.6300000000e+04    1.3161158557e-01
    1.6400000000e+04    1.6787792868e-01
    1.6500000000e+04    1.7758236656e-01
    1.6600000000e+04    1.5503269371e-01
    1.6700000000e+04    1.5855485970e-01
    1.6800000000e+04    1.0903177420e-01
    1.6900000000e+04    1.5073813545e-01
    1.7000000000e+04    2.3062503249e-01
    1.7100000000e+04    1.2357400517e-01
    1.7200000000e+04    1.6296882849e-01
    1.7300000000e+04    1.6541174795e-01
    1.7400000000e+04    1.4843789506e-01
    1.7500000000e+04    2.5947900140e-01
    1.7600000000e+04    2.1347200046e-01
    1.7700000000e+04    1.8640923751e-01
    1.7800000000e+04    1.7641013430e-01
    1.7900000000e+04    1.8447282507e-01
    1.8000000000e+04    1.8380551674e-01
    1.8100000000e+04    1.6398002597e-01
    1.8200000000e+04    1.3996592721e-01
    1.8300000000e+04    1.6733431626e-01
    1.8400000000e+04    1.6885361348e-01
    1.8500000000e+04    1.7703397740e-01
    1.8600000000e+04    1.4629574947e-01
    1.8700000000e+04    1.5347234786e-01
    1.8800000000e+04    1.2365710850e-01
    1.8900000000e+04    1.4413127860e-01
    1.9000000000e+04    1.8251008000e-01
    1.9100000000e+04    1.2810969891e-01
    1.9200000000e+04    1.3074813524e-01
    1.9300000000e+04    1.2038632489e-01
    1.9400000000e+04    1.2628052894e-01
    1.9500000000e+04    1.3567892690e-01
    1.9600000000e+04    1.2695271736e-01
    1.9700000000e+04    1.4933559459e-01
    1.9800000000e+04    1.3809266884e-01
    1.9900000000e+04    1.4433046337e-01
    2.0000000000e+04    1.7146324359e-01
    2.0100000000e+04    1.2233931024e-01
    2.0200000000e+04    1.3414523977e-01
    2.0300000000e+04    2.2990224029e-01
    2.0400000000e+04    3.2575741314e-01
    2.0500000000e+04    5.0787669096e-01
    2.0600000000e+04    3.8592265747e-01
    2.0700000000e+04    3.5532586790e-01
    2.0800000000e+04    4.2825723174e-01
    2.0900000000e+04    4.2694743924e-01
    2.1000000000e+04    3.2865924249e-01
    2.1100000000e+04    5.0494658829e-01
    2.1200000000e+04    3.5657493141e-01
    2.1300000000e+04    4.2014796038e-01
    2.1400000000e+04    3.3792027165e-01
    2.1500000000e+04    3.8580139464e-01
    2.1600000000e+04    3.6098915901e-01
    2.1700000000e+04    3.5499094022e-01
    2.1800000000e+04    3.3943472687e-01
    2.1900000000e+04    3.9805029234e-01
    2.2000000000e+04    4.6310579902e-01
    2.2100000000e+04    3.4466724197e-01
    2.2200000000e+04    3.9239414374e-01
    2.2300000000e+04    4.7786368344e-01
    2.2400000000e+04    3.7663355212e-01
    2.2500000000e+04    3.9476145602e-01
    2.2600000000e+04    4.1707334750e-01
    2.2700000000e+04    3.4489685640e-01
    2.2800000000e+04    4.0860614011e-01
    2.2900000000e+04    3.1190199486e-01
    2.3000000000e+04    2.6647581925e-01
    2.3100000000e+04    4.3046379372e-01
    2.3200000000e+04    3.1680031209e-01
    2.3300000000e+04    3.9650707778e-01
    2.3400000000e+04    3.9862329490e-01
    2.3500000000e+04    4.1412451305e-01
    2.3600000000e+04    4.0244238652e-01
    2.3700000000e+04    3.2207870780e-01
    2.3800000000e+04    1.5488853742e-01
    2.3900000000e+04    1.3160084672e-01
    2.4000000000e+04    1.7468313276e-01
    2.4100000000e+04    1.6760531546e-01
    2.4200000000e+04    1.4780030458e-01
    2.4300000000e+04    1.3225585648e-01
    2.4400000000e+04    1.5982810951e-01
    2.4500000000e+04    1.5588353018e-01
    2.4600000000e+04    2.0983410572e-01
    2.4700000000e+04    1.4700016391e-01
    2.4800000000e+04    1.5351941011e-01
    2.4900000000e+04    1.3826437215e-01
    2.5000000000e+04    1.3403786745e-01
    2.5100000000e+04    1.4617704036e-01
    2.5200000000e+04    1.2678459461e-01
    2.5300000000e+04    1.3415531675e-01
    2.5400000000e+04    1.6237802811e-01
    2.5500000000e+04    1.7180054068e-01
    2.5600000000e+04    1.3850811183e-01
    2.5700000000e+04    1.7246489243e-01
    2.5800000000e+04    1.2923084379e-01
    2.5900000000e+04    1.3985440449e-01
    2.6000000000e+04    1.3154845368e-01
    2.6100000000e+04    1.2027575608e-01
    2.6200000000e+04    1.3024625093e-01
    2.6300000000e+04    1.5925176395e-01
    2.6400000000e+04    1.6656724631e-01
    2.6500000000e+04    1.2534149476e-01
    2.6600000000e+04    1.4752594971e-01
    2.6700000000e+04    1.3961351434e-01
    2.6800000000e+04    1.6887238693e-01
    2.6900000000e+04    1.5411001463e-01
    2.7000000000e+04    1.3741631495e-01
    2.7100000000e+04    1.2706684326e-01
    2.7200000000e+04    1.2895563818e-01
    2.7300000000e+04    1.3202570678e-01
    2.7400000000e+04    1.0403490973e-01
    2.7500000000e+04    1.2088132939e-01
    2.7600000000e+04    1.3455258305e-01
    2.7700000000e+04    1.3100822004e-01
    2.7800000000e+04    1.3942474657e-01
    2.7900000000e+04    1.3265480548e-01
    2.8000000000e+04    1.7343952322e-01
    2.8100000000e+04    1.3987318626e-01
    2.8200000000e+04    1.3210403850e-01
    2.8300000000e+04    1.9179094807e-01
    2.8400000000e+04    1.1853122843e-01
    2.8500000000e+04    1.3345431879e-01
    2.8600000000e+04    1.2449735190e-01
    2.8700000000e+04    1.1080902588e-01
    2.8800000000e+04    1.4200412577e-01
    2.8900000000e+04    1.1703502144e-01
    2.9000000000e+04    1.0916371244e-01
    2.9100000000e+04    1.3586421952e-01
    2.9200000000e+04    1.3222666949e-01
    2.9300000000e+04    1.1925525329e-01
    2.9400000000e+04    1.4833986246e-01
    2.9500000000e+04    1.3076107559e-01
    2.9600000000e+04    1.3589241401e-01
    2.9700000000e+04    1.6705303646e-01
    2.9800000000e+04    1.5177934841e-01
    2.9900000000e+04    1.2585811999e-01
    3.0000000000e+04    1.4180800196e-01
    3.0100000000e+04    1.4476344579e-01
    3.0200000000e+04    1.6554566152e-01
    3.0300000000e+04    1.1646012402e-01
    3.0400000000e+04    1.1253168323e-01
    3.0500000000e+04    1.3113193416e-01
    3.0600000000e+04    1.4255730661e-01
    3.0700000000e+04    1.6623657222e-01
    3.0800000000e+04    1.5199450520e-01
    3.0900000000e+04    1.5763656690e-01
    3.1000000000e+04    1.9137890670e-01
    3.1100000000e+04    1.5217254453e-01
    3.1200000000e+04    1.4965113863e-01
    3.1300000000e+04    1.4678643440e-01
    3.1400000000e+04    1.6611933270e-01
    3.1500000000e+04    1.4362904794e-01
    3.1600000000e+04    1.2016542037e-01
    3.1700000000e+04    1.1306058647e-01
    3.1800000000e+04    1.3785772707e-01
    3.1900000000e+04    1.4184018806e-01
    3.2000000000e+04    1.3475948681e-01
    3.2100000000e+04    1.1638047221e-01
    3.2200000000e+04    1.4808476787e-01
    3.2300000000e+04    1.0824015110e-01
    3.2400000000e+04    1.1924981082e-01
    3.2500000000e+04    1.3264205106e-01
    3.2600000000e+04    1.5154351174e-01
    3.2700000000e+04    2.3427810114e-01
    3.2800000000e+04    1.6392856021e-01
    3.2900000000e+04    1.7943256824e-01
    3.3000000000e+04    1.8100584143e-01
    3.3100000000e+04    1.4136473088e-01
    3.3200000000e+04    1.5134973979e-01
    3.3300000000e+04    1.7109173944e-01
    3.3400000000e+04    1.6936915216e-01
    3.3500000000e+04    1.6354933474e-01
    3.3600000000e+04    1.4596510404e-01
    3.3700000000e+04    2.5576405748e-01
    3.3800000000e+04    3.7366697679e-01
    3.3900000000e+04    2.7100561857e-01
    3.4000000000e+04    4.7372885798e-01
    3.4100000000e+04    2.6798866254e-01
    3.4200000000e+04    3.2977017551e-01
    3.4300000000e+04    3.6073537555e-01
    3.4400000000e+04    3.6316430637e-01
    3.4500000000e+04    3.5053243588e-01
    3.4600000000e+04    3.7361924532e-01
    3.4700000000e+04    3.1390769425e-01
    3.4800000000e+04    3.3662415735e-01
    3.4900000000e+04    3.4679921643e-01
    3.5000000000e+04    2.9366640072e-01
    3.5100000000e+04    3.1706841591e-01
    3.5200000000e+04    4.7610733697e-01
    3.5300000000e+04    3.2752761906e-01
    3.5400000000e+04    3.8397456119e-01
    3.5500000000e+04    3.6279583757e-01
    3.5600000000e+04    3.7704011832e-01
    3.5700000000e+04    3.4076877998e-01
    3.5800000000e+04    3.3023539560e-01
    3.5900000000e+04    3.4164123913e-01
    3.6000000000e+04    3.7499277590e-01
    3.6100000000e+04    4.4109486965e-01
    3.6200000000e+04    4.5174982858e-01
    3.6300000000e+04    4.0731779670e-01
    3.6400000000e+04    3.4702666364e-01
    3.6500000000e+04    3.5242260660e-01
    3.6600000000e+04    4.1338732287e-01
    3.6700000000e+04    4.2473417489e-01
    3.6800000000e+04    3.4634862250e-01
    3.6900000000e+04    4.2792084084e-01
    3.7000000000e+04    3.4951543844e-01
    3.7100000000e+04    3.2503674288e-01
    3.7200000000e+04    3.5553444904e-01
    3.7300000000e+04    3.5049069556e-01
    3.7400000000e+04    3.8061988492e-01
    3.7500000000e+04    4.0488345623e-01
    3.7600000000e+04    4.2798482785e-01
    3.7700000000e+04    3.7396519162e-01
    3.7800000000e+04    3.5804075731e-01
    3.7900000000e+04    3.3381455241e-01
    3.8000000000e+04    3.2225134051e-01
    3.8100000000e+04    3.2026838113e-01
    3.8200000000e+04    3.3160958987e-01
    3.8300000000e+04    3.1877545089e-01
    3.8400000000e+04    3.5881984755e-01
    3.8500000000e+04    3.6541629360e-01
    3.8600000000e+04    3.3012900650e-01
    3.8700000000e+04    4.0714081148e-01
    3.8800000000e+04    3.6800452736e-01
    3.8900000000e+04    3.6485269050e-01
    3.9000000000e+04    3.5033654472e-01
    3.9100000000e+04    3.3211988531e-01
    3.9200000000e+04    3.7817697500e-01
    3.9300000000e+04    3.3900518751e-01
    3.9400000000e+04    3.8059593523e-01
    3.9500000000e+04    3.9231843497e-01
    3.9600000000e+04    3.7588750610e-01
    3.9700000000e+04    1.3347863535e-01
    3.9800000000e+04    1.5516638960e-01
    3.9900000000e+04    1.2509177244e-01
    4.0000000000e+04    2.0096391211e-01
    4.0100000000e+04    1.2767007047e-01
    4.0200000000e+04    1.5011262543e-01
    4.0300000000e+04    1.0797738465e-01
    4.0400000000e+04    1.2025133167e-01
    4.0500000000e+04    1.2888445886e-01
    4.0600000000e+04    1.4106021525e-01
    4.0700000000e+04    1.2982799032e-01
    4.0800000000e+04    1.4023235148e-01
    4.0900000000e+04    1.5312229004e-01
    4.1000000000e+04    1.7478410647e-01
    4.1100000000e+04    1.6691464933e-01
    4.1200000000e+04    1.6619996623e-01
    4.1300000000e+04    1.7283756946e-01
    4.1400000000e+04    1.6925530884e-01
    4.1500000000e+04    1.5699881745e-01
    4.1600000000e+04    1.7423000606e-01
    4.1700000000e+04    2.1966736982e-01
    4.1800000000e+04    1.8136866361e-01
    4.1900000000e+04    2.9606383966e-01
    4.2000000000e+04    3.2643717874e-01
    4.2100000000e+04    3.8256844524e-01
    4.2200000000e+04    4.1481589477e-01
    4.2300000000e+04    3.8204152979e-01
    4.2400000000e+04    3.2396133703e-01
    4.2500000000e+04    4.0454060406e-01
    4.2600000000e+04    3.2129107197e-01
    4.2700000000e+04    2.7409139079e-01
    4.2800000000e+04    2.9920318278e-01
    4.2900000000e+04    4.2571286278e-01
    4.3000000000e+04    3.0310665959e-01
    4.3100000000e+04    3.1376895233e-01
    4.3200000000e+04    2.9029164653e-01
    4.3300000000e+04    2.7937887804e-01
    4.3400000000e+04    3.9570122392e-01
    4.3500000000e+04    3.6238425557e-01
    4.3600000000e+04    3.3959321041e-01
    4.3700000000e+04    3.7284700940e-01
    4.3800000000e+04    4.2392724959e-01
    4.3900000000e+04    5.9964148604e-01
    4.4000000000e+04    4.3993611166e-01
    4.4100000000e+04    3.2816044627e-01
    4.4200000000e+04    2.7869313464e-01
    4.4300000000e+04    3.1912824353e-01
    4.4400000000e+04    3.5209919370e-01
    4.4500000000e+04    3.7861671397e-01
    4.4600000000e+04    4.1116237314e-01
    4.4700000000e+04    3.4819572632e-01
    4.4800000000e+04    4.1344178471e-01
    4.4900000000e+04    3.9663821818e-01
    4.5000000000e+04    4.5263140580e-01
    4.5100000000e+04    4.4397660792e-01
    4.5200000000e+04    3.8007509558e-01
    4.5300000000e+04    3.7604180624e-01
    4.5400000000e+04    3.9581476375e-01
    4.5500000000e+04    4.8401337210e-01
    4.5600000000e+04    4.1217932941e-01
    4.5700000000e+04    4.1653422050e-01
    4.5800000000e+04    4.4176220499e-01
    4.5900000000e+04    4.0589477111e-01
    4.6000000000e+04    3.6234493349e-01
    4.6100000000e+04    3.7713648223e-01
    4.6200000000e+04    3.7985273601e-01
    4.6300000000e+04    3.3360667816e-01
    4.6400000000e+04    4.0200569701e-01
    4.6500000000e+04    3.9432906057e-01
    4.6600000000e+04    3.8236305588e-01
    4.6700000000e+04    3.9570615558e-01
    4.6800000000e+04    3.8893901247e-01
    4.6900000000e+04    3.7920983994e-01
    4.7000000000e+04    3.6450238073e-01
    4.7100000000e+04    3.0122631901e-01
    4.7200000000e+04    4.9793530144e-01
    4.7300000000e+04    4.5586088119e-01
    4.7400000000e+04    4.4315766009e-01
    4.7500000000e+04    3.5797667410e-01
    4.7600000000e+04    4.0283282018e-01
    4.7700000000e+04    3.8048713418e-01
    4.7800000000e+04    4.2254741982e-01
    4.7900000000e+04    3.4642811556e-01
    4.8000000000e+04    3.9391530572e-01
    4.8100000000e+04    3.1679697637e-01
    4.8200000000e+04    3.7078280797e-01
    4.8300000000e+04    4.0548001109e-01
    4.8400000000e+04    3.3839962948e-01
    4.8500000000e+04    3.8904788683e-01
    4.8600000000e+04    3.6303045013e-01
    4.8700000000e+04    3.4666160916e-01
    4.8800000000e+04    2.9632834182e-01
    4.8900000000e+04    3.4249993480e-01
    4.9000000000e+04    3.0161898113e-01
    4.9100000000e+04    3.7588110912e-01
    4.9200000000e+04    4.6527488251e-01
    4.9300000000e+04    4.1895169126e-01
    4.9400000000e+04    2.1882612402e-01
    4.9500000000e+04    2.9625053493e-01
    4.9600000000e+04    1.3269535313e-01
    4.9700000000e+04    1.4373208531e-01
    4.9800000000e+04    1.8595556804e-01
    4.9900000000e+04    1.6178901865e-01
    5.0000000000e+04    1.2283320487e-01
    5.0100000000e+04    1.5614266894e-01
    5.0200000000e+04    1.7394486316e-01
    5.0300000000e+04    1.4695224903e-01
    5.0400000000e+04    1.5707423833e-01
    5.0500000000e+04    1.5273176756e-01
    5.0600000000e+04    1.2580613642e-01
    5.0700000000e+04    3.8673763087e-01
    5.0800000000e+04    2.0140223700e-01
    5.0900000000e+04    1.3586830780e-01
    5.1000000000e+04    1.5151616196e-01
    5.1100000000e+04    1.6382893122e-01
    5.1200000000e+04    1.3436164667e-01
    5.1300000000e+04    1.3594570609e-01
    5.1400000000e+04    1.5325777256e-01
    5.1500000000e+04    1.0203212294e-01
    5.1600000000e+04    1.5613261877e-01
    5.1700000000e+04    1.4118213003e-01
    5.1800000000e+04    1.2791650818e-01
    5.1900000000e+04    1.4209654571e-01
    5.2000000000e+04    1.8059121260e-01
    5.2100000000e+04    1.4384431188e-01
    5.2200000000e+04    1.4486704906e-01
    5.2300000000e+04    1.4607476887e-01
    5.2400000000e+04    1.7980622350e-01
    5.2500000000e+04    1.5691986159e-01
    5.2600000000e+04    1.3515185283e-01
    5.2700000000e+04    1.1693347848e-01
    5.2800000000e+04    1.4864395496e-01
    5.2900000000e+04    1.2949569418e-01
    5.3000000000e+04    1.4458034876e-01
    5.3100000000e+04    1.4404424279e-01
    5.3200000000e+04    1.2538198342e-01
    5.3300000000e+04    1.5982725747e-01
    5.3400000000e+04    1.3780678932e-01
    5.3500000000e+04    1.3112638775e-01
    5.3600000000e+04    1.5219491827e-01
    5.3700000000e+04    1.2806108396e-01
    5.3800000000e+04    1.6068253014e-01
    5.3900000000e+04    1.5860615656e-01
    5.4000000000e+04    1.1413217919e-01
    5.4100000000e+04    1.3650669778e-01
    5.4200000000e+04    1.2924403266e-01
    5.4300000000e+04    1.2306783617e-01
    5.4400000000e+04    1.1757176262e-01
    5.4500000000e+04    1.3259130658e-01
    5.4600000000e+04    1.1812935967e-01
    5.4700000000e+04    1.2778293304e-01
    5.4800000000e+04    1.1285010459e-01
    5.4900000000e+04    1.4127569056e-01
    5.5000000000e+04    1.2024570022e-01
    5.5100000000e+04    1.4645929538e-01
    5.5200000000e+04    1.3397048892e-01
    5.5300000000e+04    1.1934771722e-01
    5.5400000000e+04    1.5507712632e-01
    5.5500000000e+04    1.4025662229e-01
    5.5600000000e+04    1.2421043802e-01
    5.5700000000e+04    2.1463115315e-01
    5.5800000000e+04    1.5199014633e-01
    5.5900000000e+04    1.4253224205e-01
    5.6000000000e+04    1.2703866172e-01
    5.6100000000e+04    1.2095997023e-01
    5.6200000000e+04    1.1702617736e-01
    5.6300000000e+04    1.2595934879e-01
    5.6400000000e+04    1.5829239756e-01
    5.6500000000e+04    1.5673081707e-01
    5.6600000000e+04    1.5205140220e-01
    5.6700000000e+04    1.4938853100e-01
    5.6800000000e+04    1.3481219833e-01
    5.6900000000e+04    1.3334730809e-01
    5.7000000000e+04    1.2240620165e-01
    5.7100000000e+04    1.1447649966e-01
    5.7200000000e+04    1.2259482541e-01
    5.7300000000e+04    1.2237372297e-01
    5.7400000000e+04    1.4469193584e-01
    5.7500000000e+04    1.2942512529e-01
    5.7600000000e+04    1.1298601033e-01
    5.7700000000e+04    1.5040735678e-01
    5.7800000000e+04    1.3654816214e-01
    5.7900000000e+04    1.3746849172e-01
    5.8000000000e+04    1.4078159711e-01
    5.8100000000e+04    1.6012726655e-01
    5.8200000000e+04    1.2519038843e-01
    5.8300000000e+04    1.2591981175e-01
    5.8400000000e+04    1.1827005938e-01
    5.8500000000e+04    1.1663193963e-01
    5.8600000000e+04    1.1854469675e-01
    5.8700000000e+04    1.3617495262e-01
    5.8800000000e+04    1.3693078181e-01
    5.8900000000e+04    1.3943617516e-01
    5.9000000000e+04    2.0348829615e-01
    5.9100000000e+04    1.5499116860e-01
    5.9200000000e+04    1.3648047756e-01
    5.9300000000e+04    1.3662389271e-01
    5.9400000000e+04    1.2547432604e-01
    5.9500000000e+04    1.1325095596e-01
    5.9600000000e+04    1.2328289737e-01
    5.9700000000e+04    1.3362192683e-01
    5.9800000000e+04    1.2582792565e-01
    5.9900000000e+04    1.4691532996e-01
    6.0000000000e+04    1.2305390148e-01
    6.0100000000e+04    1.1933497030e-01
    6.0200000000e+04    1.2888665551e-01
    6.0300000000e+04    1.1907300676e-01
    6.0400000000e+04    1.3711309497e-01
    6.0500000000e+04    1.5263885382e-01
    6.0600000000e+04    1.4645105696e-01
    6.0700000000e+04    1.7318830480e-01
    6.0800000000e+04    1.5309582951e-01
    6.0900000000e+04    1.4106221429e-01
    6.1000000000e+04    1.1993600240e-01
    6.1100000000e+04    1.4989950858e-01
    6.1200000000e+04    1.4415845302e-01
    6.1300000000e+04    1.4214132122e-01
    6.1400000000e+04    2.3315061676e-01
    6.1500000000e+04    1.3034114923e-01
    6.1600000000e+04    1.3161780303e-01
    6.1700000000e+04    1.2946806173e-01
    6.1800000000e+04    1.1982521948e-01
    6.1900000000e+04    1.2632672173e-01
    6.2000000000e+04    1.3444912649e-01
    6.2100000000e+04    1.2653380772e-01
    6.2200000000e+04    1.0507467708e-01
    6.2300000000e+04    1.2135816938e-01
    6.2400000000e+04    1.6736833645e-01
    6.2500000000e+04    1.6160434813e-01
    6.2600000000e+04    1.5061074714e-01
    6.2700000000e+04    2.6701574202e-01
    6.2800000000e+04    1.4826210987e-01
    6.2900000000e+04    1.2120635146e-01
    6.3000000000e+04    1.5722170380e-01
    6.3100000000e+04    1.3909608321e-01
    6.3200000000e+04    1.8859012445e-01
    6.3300000000e+04    1.4356190981e-01
    6.3400000000e+04    1.5458163121e-01
    6.3500000000e+04    1.9652180588e-01
    6.3600000000e+04    2.5021424912e-01
    6.3700000000e+04    1.5619416261e-01
    6.3800000000e+04    1.5806711897e-01
    6.3900000000e+04    1.4257710211e-01
    6.4000000000e+04    1.4458102583e-01
    6.4100000000e+04    1.3276039032e-01
    6.4200000000e+04    1.1775709736e-01
    6.4300000000e+04    1.2895384577e-01
    6.4400000000e+04    1.4721937293e-01
    6.4500000000e+04    1.6668849291e-01
    6.4600000000e+04    1.3086337155e-01
    6.4700000000e+04    1.6852816401e-01
    6.4800000000e+04    1.4669635618e-01
    6.4900000000e+04    1.8780805314e-01
    6.5000000000e+04    1.5045498207e-01
    6.5100000000e+04    1.2823687277e-01
    6.5200000000e+04    1.5177653789e-01
    6.5300000000e+04    1.5259626462e-01
    6.5400000000e+04    1.3938713278e-01
    6.5500000000e+04    1.5694544045e-01
    6.5600000000e+04    1.5766248627e-01
    6.5700000000e+04    1.5465743054e-01
    6.5800000000e+04    1.2929212132e-01
    6.5900000000e+04    1.8200740844e-01
    6.6000000000e+04    1.2783304879e-01
    6.6100000000e+04    1.5406264843e-01
    6.6200000000e+04    1.3926786106e-01
    6.6300000000e+04    1.5349680237e-01
    6.6400000000e+04    1.2208715332e-01
    6.6500000000e+04    1.3697180400e-01
    6.6600000000e+04    1.5058070462e-01
    6.6700000000e+04    1.1206232384e-01
    6.6800000000e+04    1.2345272082e-01
    6.6900000000e+04    1.3118099207e-01
    6.7000000000e+04    1.1533883252e-01
    6.7100000000e+04    1.4064029783e-01
    6.7200000000e+04    1.7163649938e-01
    6.7300000000e+04    1.4079932852e-01
    6.7400000000e+04    1.6984547151e-01
    6.7500000000e+04    1.5669830653e-01
    6.7600000000e+04    1.7440499864e-01
    6.7700000000e+04    1.6565192924e-01
    6.7800000000e+04    1.9518972340e-01
    6.7900000000e+04    1.4996018387e-01
    6.8000000000e+04    1.4310469621e-01
    6.8100000000e+04    1.5899156802e-01
    6.8200000000e+04    1.3343383685e-01
    6.8300000000e+04    1.5271112784e-01
    6.8400000000e+04    1.5438131984e-01
    6.8500000000e+04    1.4813923782e-01
    6.8600000000e+04    1.2640146203e-01
    6.8700000000e+04    1.3446556124e-01
    6.8800000000e+04    1.2382311559e-01
    6.8900000000e+04    1.4817852865e-01
    6.9000000000e+04    1.9461755125e-01
    6.9100000000e+04    1.1707521140e-01
    6.9200000000e+04    1.7077686233e-01
    6.9300000000e+04    1.5280675393e-01
    6.9400000000e+04    1.2346404571e-01
    6.9500000000e+04    1.6469408157e-01
    6.9600000000e+04    1.4054473091e-01
    6.9700000000e+04    1.5891843973e-01
    6.9800000000e+04    1.5909005944e-01
    6.9900000000e+04    1.4244203779e-01
    7.0000000000e+04    1.3831349477e-01
    7.0100000000e+04    1.5587189098e-01
    7.0200000000e+04    1.3896384315e-01
    7.0300000000e+04    1.6545526535e-01
    7.0400000000e+04    1.2178996781e-01
    7.0500000000e+04    1.3143847350e-01
    7.0600000000e+04    1.4886566915e-01
    7.0700000000e+04    1.1584839428e-01
    7.0800000000e+04    1.5156653142e-01
    7.0900000000e+04    1.3106194315e-01
    7.1000000000e+04    1.8057574758e-01
    7.1100000000e+04    1.4218163668e-01
    7.1200000000e+04    1.1751590353e-01
    7.1300000000e+04    1.3539311534e-01
    7.1400000000e+04    1.3476764763e-01
    7.1500000000e+04    1.2605390395e-01
    7.1600000000e+04    1.3940195381e-01
    7.1700000000e+04    1.3125300126e-01
    7.1800000000e+04    1.3447660086e-01
    7.1900000000e+04    1.1932420966e-01
    7.2000000000e+04    1.3558389575e-01
    7.2100000000e+04    1.1106290115e-01
    7.2200000000e+04    1.2521892406e-01
    7.2300000000e+04    1.3281815533e-01
    7.2400000000e+04    1.2564751482e-01
    7.2500000000e+04    1.1957615838e-01
    7.2600000000e+04    1.2901790645e-01
    7.2700000000e+04    1.7164322754e-01
    7.2800000000e+04    1.2283320878e-01
    7.2900000000e+04    1.6894236408e-01
    7.3000000000e+04    1.3956090662e-01
    7.3100000000e+04    1.2881189233e-01
    7.3200000000e+04    1.5854112620e-01
    7.3300000000e+04    1.2860110374e-01
    7.3400000000e+04    1.4509132426e-01
    7.3500000000e+04    1.5291524880e-01
    7.3600000000e+04    1.5657535972e-01
    7.3700000000e+04    1.2737320057e-01
    7.3800000000e+04    1.5063575295e-01
    7.3900000000e+04    1.3744190521e-01
    7.4000000000e+04    1.7962781467e-01
    7.4100000000e+04    1.2676736178e-01
    7.4200000000e+04    1.5287326178e-01
    7.4300000000e+04    1.8852876837e-01
    7.4400000000e+04    1.2301763859e-01
    7.4500000000e+04    1.6451063987e-01
    7.4600000000e+04    1.9145311851e-01
    7.4700000000e+04    1.1425830001e-01
    7.4800000000e+04    1.1456387041e-01
    7.4900000000e+04    1.4582033574e-01
    7.5000000000e+04    2.9379186415e-01
    7.5100000000e+04    1.7277083751e-01
    7.5200000000e+04    1.3941586265e-01
    7.5300000000e+04    1.5047577235e-01
    7.5400000000e+04    1.6511912249e-01
    7.5500000000e+04    1.6435123099e-01
    7.5600000000e+04    1.3730053662e-01
    7.5700000000e+04    1.2433806845e-01
    7.5800000000e+04    1.7316424386e-01
    7.5900000000e+04    1.6819297846e-01
    7.6000000000e+04    1.5986638735e-01
    7.6100000000e+04    1.1964761701e-01
    7.6200000000e+04    1.9031038310e-01
    7.6300000000e+04    1.3989261063e-01
    7.6400000000e+04    1.1439452013e-01
    7.6500000000e+04    1.5467698917e-01
    7.6600000000e+04    1.2595630322e-01
    7.6700000000e+04    1.6679169983e-01
    7.6800000000e+04    1.3593310264e-01
    7.6900000000e+04    1.7365305907e-01
    7.7000000000e+04    1.3268917215e-01
    7.7100000000e+04    1.2996776824e-01
    7.7200000000e+04    1.8890600104e-01
    7.7300000000e+04    1.4403880125e-01
    7.7400000000e+04    1.2365597613e-01
    7.7500000000e+04    1.3980336656e-01
    7.7600000000e+04    1.3759499226e-01
    7.7700000000e+04    1.6560777074e-01
    7.7800000000e+04    1.2875916603e-01
    7.7900000000e+04    1.3626811350e-01
    7.8000000000e+04    1.5365158349e-01
    7.8100000000e+04    1.4212697964e-01
    7.8200000000e+04    1.5843383583e-01
    7.8300000000e+04    1.3787763423e-01
    7.8400000000e+04    1.6918538849e-01
    7.8500000000e+04    1.5552231339e-01
    7.8600000000e+04    1.9322449546e-01
    7.8700000000e+04    1.3608434591e-01
    7.8800000000e+04    1.7413913822e-01
    7.8900000000e+04    1.5567400479e-01
    7.9000000000e+04    1.2240376511e-01
    7.9100000000e+04    1.5565521587e-01
    7.9200000000e+04    1.3047450317e-01
    7.9300000000e+04    1.9307647241e-01
    7.9400000000e+04    1.5666020142e-01
    7.9500000000e+04    1.6311004063e-01
    7.9600000000e+04    1.3769553370e-01
    7.9700000000e+04    1.1464589134e-01
    7.9800000000e+04    1.4433395854e-01
    7.9900000000e+04    1.3082266829e-01
    8.0000000000e+04    1.5398692294e-01
    8.0100000000e+04    1.3887933269e-01
    8.0200000000e+04    1.5607222747e-01
    8.0300000000e+04    2.5164156285e-01
    8.0400000000e+04    2.8356659448e-01
    8.0500000000e+04    1.6301537150e-01
    8.0600000000e+04    1.2577897856e-01
    8.0700000000e+04    1.2678989893e-01
    8.0800000000e+04    1.0491039214e-01
    8.0900000000e+04    1.2576420065e-01
    8.1000000000e+04    1.1882749456e-01
    8.1100000000e+04    1.4467353596e-01
    8.1200000000e+04    1.1686167689e-01
    8.1300000000e+04    1.1466982145e-01
    8.1400000000e+04    1.2379748419e-01
    8.1500000000e+04    1.4412921325e-01
    8.1600000000e+04    1.3599417453e-01
    8.1700000000e+04    1.5012478011e-01
    8.1800000000e+04    1.6124700781e-01
    8.1900000000e+04    1.4885043600e-01
    8.2000000000e+04    1.5738113486e-01
    8.2100000000e+04    1.1954266699e-01
    8.2200000000e+04    1.4328728883e-01
    8.2300000000e+04    1.1371390925e-01
    8.2400000000e+04    1.2096062747e-01
    8.2500000000e+04    1.1221612087e-01
    8.2600000000e+04    1.1244032874e-01
    8.2700000000e+04    1.2718179270e-01
    8.2800000000e+04    1.3326240309e-01
    8.2900000000e+04    1.2933017932e-01
    8.3000000000e+04    1.4349570122e-01
    8.3100000000e+04    9.8178375067e-02
    8.3200000000e+04    1.2694579492e-01
    8.3300000000e+04    1.1204282066e-01
    8.3400000000e+04    1.0696459054e-01
    8.3500000000e+04    1.3365393425e-01
    8.3600000000e+04    1.0916047085e-01
    8.3700000000e+04    1.1354579837e-01
    8.3800000000e+04    1.2272387426e-01
    8.3900000000e+04    1.5147643816e-01
    8.4000000000e+04    1.1425979575e-01
    8.4100000000e+04    1.2140181506e-01
    8.4200000000e+04    2.0661422223e-01
    8.4300000000e+04    2.1128891806e-01
    8.4400000000e+04    1.0717832745e-01
    8.4500000000e+04    1.2017463428e-01
    8.4600000000e+04    1.1749001641e-01
    8.4700000000e+04    1.3847301786e-01
    8.4800000000e+04    1.3206521956e-01
    8.4900000000e+04    1.1956032819e-01
    8.5000000000e+04    1.2312309663e-01
    8.5100000000e+04    1.2206517480e-01
    8.5200000000e+04    1.3287308758e-01
    8.5300000000e+04    1.4123098224e-01
    8.5400000000e+04    1.6994481747e-01
    8.5500000000e+04    1.5147667966e-01
    8.5600000000e+04    1.5634425407e-01
    8.5700000000e+04    1.7433448937e-01
    8.5800000000e+04    1.4479980921e-01
    8.5900000000e+04    1.4376506820e-01
    8.6000000000e+04    1.5202938898e-01
    8.6100000000e+04    1.9025954105e-01
    8.6200000000e+04    1.0877199991e-01
    8.6300000000e+04    1.2662542283e-01
    8.6400000000e+04    1.3066358076e-01
    8.6500000000e+04    1.1555249262e-01
    8.6600000000e+04    2.3757931857e-01
    8.6700000000e+04    1.0254415886e-01
    8.6800000000e+04    1.1462938781e-01
    8.6900000000e+04    1.0890756593e-01
    8.7000000000e+04    1.2578107832e-01
    8.7100000000e+04    1.3002288209e-01
    8.7200000000e+04    1.3957224350e-01
    8.7300000000e+04    1.1653785067e-01
    8.7400000000e+04    1.2228213092e-01
    8.7500000000e+04    1.3226720914e-01
    8.7600000000e+04    1.5200308886e-01
    8.7700000000e+04    1.3437987568e-01
    8.7800000000e+04    1.3242593014e-01
    8.7900000000e+04    1.5272659139e-01
    8.8000000000e+04    1.6695653540e-01
    8.8100000000e+04    1.2458369611e-01
    8.8200000000e+04    1.7733207990e-01
    8.8300000000e+04    1.3673031881e-01
    8.8400000000e+04    1.4033739715e-01
    8.8500000000e+04    1.5047612654e-01
    8.8600000000e+04    1.4245291995e-01
    8.8700000000e+04    1.3354313684e-01
    8.8800000000e+04    1.2880897071e-01
    8.8900000000e+04    1.7563548963e-01
    8.9000000000e+04    1.4219082395e-01
    8.9100000000e+04    1.2292195080e-01
    8.9200000000e+04    1.2551427302e-01
    8.9300000000e+04    1.5763033677e-01
    8.9400000000e+04    1.3953999472e-01
    8.9500000000e+04    1.2403292794e-01
    8.9600000000e+04    1.5203851638e-01
    8.9700000000e+04    1.2299191638e-01
    8.9800000000e+04    1.2747776384e-01
    8.9900000000e+04    1.2267460381e-01
    9.0000000000e+04    1.5184337574e-01
    9.0100000000e+04    1.5069065988e-01
    9.0200000000e+04    1.4862839918e-01
    9.0300000000e+04    1.2071815613e-01
    9.0400000000e+04    1.1915408705e-01
    9.0500000000e+04    1.3442635707e-01
    9.0600000000e+04    1.4582789111e-01
    9.0700000000e+04    1.2022586086e-01
    9.0800000000e+04    1.4084933696e-01
    9.0900000000e+04    1.8948689207e-01
    9.1000000000e+04    1.6574129024e-01
    9.1100000000e+04    1.2759751396e-01
    9.1200000000e+04    1.6021252496e-01
    9.1300000000e+04    1.7678450747e-01
    9.1400000000e+04    2.1871255496e-01
    9.1500000000e+04    1.7999076659e-01
    9.1600000000e+04    2.0010199075e-01
    9.1700000000e+04    1.2483035944e-01
    9.1800000000e+04    1.4322292951e-01
    9.1900000000e+04    1.4170702305e-01
    9.2000000000e+04    1.5423961592e-01
    9.2100000000e+04    1.3988090251e-01
    9.2200000000e+04    1.1009358415e-01
    9.2300000000e+04    1.1254060540e-01
    9.2400000000e+04    1.3494581908e-01
    9.2500000000e+04    1.3276264295e-01
    9.2600000000e+04    1.3572980777e-01
    9.2700000000e+04    1.6900787456e-01
    9.2800000000e+04    1.2843564862e-01
    9.2900000000e+04    1.5439458085e-01
    9.3000000000e+04    1.2761410982e-01
    9.3100000000e+04    1.4517736119e-01
    9.3200000000e+04    1.6847620071e-01
    9.3300000000e+04    1.8704958223e-01
    9.3400000000e+04    1.4138609071e-01
    9.3500000000e+04    1.4568527434e-01
    9.3600000000e+04    1.2894681879e-01
    9.3700000000e+04    1.1962200483e-01
    9.3800000000e+04    1.7353592852e-01
    9.3900000000e+04    1.6993069145e-01
    9.4000000000e+04    1.4162704245e-01
    9.4100000000e+04    1.6595175040e-01
    9.4200000000e+04    1.3661696457e-01
    9.4300000000e+04    1.2308924577e-01
    9.4400000000e+04    1.2973165171e-01
    9.4500000000e+04    1.2446781340e-01
    9.4600000000e+04    1.1996846696e-01
    9.4700000000e+04    1.2374854289e-01
    9.4800000000e+04    1.1852957983e-01
    9.4900000000e+04    1.3174800668e-01
    9.5000000000e+04    1.4886376102e-01
    9.5100000000e+04    1.3980590047e-01
    9.5200000000e+04    1.6967528361e-01
    9.5300000000e+04    1.2148458235e-01
    9.5400000000e+04    1.2662971623e-01
    9.5500000000e+04    1.4223066980e-01
    9.5600000000e+04    2.0719291863e-01
    9.5700000000e+04    1.3772037648e-01
    9.5800000000e+04    1.0846863793e-01
    9.5900000000e+04    1.3862781066e-01
    9.6000000000e+04    1.5130904837e-01
    9.6100000000e+04    1.4547813443e-01
    9.6200000000e+04    1.8630614606e-01
    9.6300000000e+04    1.5425066919e-01
    9.6400000000e+04    1.5237861048e-01
    9.6500000000e+04    1.2901782108e-01
    9.6600000000e+04    1.5544705570e-01
    9.6700000000e+04    1.2331593897e-01
    9.6800000000e+04    1.1809785809e-01
    9.6900000000e+04    1.2738364953e-01
    9.7000000000e+04    1.4843698532e-01
    9.7100000000e+04    1.2715239239e-01
    9.7200000000e+04    1.9870657752e-01
    9.7300000000e+04    1.4918498526e-01
    9.7400000000e+04    1.4142410987e-01
    9.7500000000e+04    1.5856153232e-01
    9.7600000000e+04    2.4318402416e-01
    9.7700000000e+04    1.6527658448e-01
    9.7800000000e+04    1.4804642457e-01
    9.7900000000e+04    1.7940297111e-01
    9.8000000000e+04    1.7049624193e-01
    9.8100000000e+04    1.1609366776e-01
    9.8200000000e+04    1.5430309112e-01
    9.8300000000e+04    1.1793728083e-01
    9.8400000000e+04    1.3651588918e-01
    9.8500000000e+04    1.7602392367e-01
    9.8600000000e+04    2.4482211675e-01
    9.8700000000e+04    1.3258741927e-01
    9.8800000000e+04    1.8809902784e-01
    9.8900000000e+04    1.0977720494e-01
    9.9000000000e+04    1.7210144827e-01
    9.9100000000e+04    1.4135600292e-01
    9.9200000000e+04    1.3009073977e-01
    9.9300000000e+04    1.2741155285e-01
    9.9400000000e+04    1.2340794283e-01
    9.9500000000e+04    1.1049938262e-01
    9.9600000000e+04    1.1424916443e-01
    9.9700000000e+04    1.1139045175e-01
    9.9800000000e+04    1.0601464827e-01
    9.9900000000e+04    1.2755142057e-01
    1.0000000000e+05    1.1972452512e-01
    1.0010000000e+05    1.3623778073e-01
    1.0020000000e+05    1.3124436486e-01
    1.0030000000e+05    1.4332883613e-01
    1.0040000000e+05    1.4592760146e-01
    1.0050000000e+05    1.4805664836e-01
    1.0060000000e+05    1.2584690542e-01
    1.0070000000e+05    1.1298885623e-01
    1.0080000000e+05    9.9536114163e-02
    1.0090000000e+05    1.1391042517e-01
    1.0100000000e+05    1.1405646363e-01
    1.0110000000e+05    1.0683276042e-01
    1.0120000000e+05    1.3280856673e-01
    1.0130000000e+05    1.2039991083e-01
    1.0140000000e+05    9.8889747539e-02
    1.0150000000e+05    1.2126323358e-01
    1.0160000000e+05    1.1005447621e-01
    1.0170000000e+05    1.0154899781e-01
    1.0180000000e+05    1.0309102375e-01
    1.0190000000e+05    1.2093104095e-01
    1.0200000000e+05    1.1881147327e-01
    1.0210000000e+05    1.4621180039e-01
    1.0220000000e+05    1.5471508024e-01
    1.0230000000e+05    2.0054729242e-01
    1.0240000000e+05    1.3436248336e-01
    1.0250000000e+05    1.2866828894e-01
    1.0260000000e+05    1.3637091245e-01
    1.0270000000e+05    1.2156653419e-01
    1.0280000000e+05    1.2726226919e-01
    1.0290000000e+05    1.3274953565e-01
    1.0300000000e+05    1.3174732253e-01
    1.0310000000e+05    1.0535398908e-01
    1.0320000000e+05    1.6315115997e-01
    1.0330000000e+05    1.3163402008e-01
    1.0340000000e+05    1.7139279618e-01
    1.0350000000e+05    1.1205157059e-01
    1.0360000000e+05    1.3621334558e-01
    1.0370000000e+05    1.1475603074e-01
    1.0380000000e+05    1.0898693453e-01
    1.0390000000e+05    1.1190615236e-01
    1.0400000000e+05    1.5594634841e-01
    1.0410000000e+05    1.5349814276e-01
    1.0420000000e+05    1.4671457368e-01
    1.0430000000e+05    1.4541327914e-01
    1.0440000000e+05    1.8897972281e-01
    1.0450000000e+05    1.6877416438e-01
    1.0460000000e+05    1.6652751651e-01
    1.0470000000e+05    1.5212684487e-01
    1.0480000000e+05    1.3900792477e-01
    1.0490000000e+05    1.5504973027e-01
    1.0500000000e+05    1.2572255226e-01
    1.0510000000e+05    1.2517333296e-01
    1.0520000000e+05    1.1315443078e-01
    1.0530000000e+05    1.1610281083e-01
    1.0540000000e+05    1.2688946668e-01
    1.0550000000e+05    1.2995407144e-01
    1.0560000000e+05    1.4031010964e-01
    1.0570000000e+05    1.4351510157e-01
    1.0580000000e+05    1.7158002982e-01
    1.0590000000e+05    1.1808612353e-01
    1.0600000000e+05    1.2242563557e-01
    1.0610000000e+05    1.2347176012e-01
    1.0620000000e+05    1.2179101196e-01
    1.0630000000e+05    1.6249446674e-01
    1.0640000000e+05    1.3085604400e-01
    1.0650000000e+05    1.4650910902e-01
    1.0660000000e+05    1.3339380047e-01
    1.0670000000e+05    1.6470150462e-01
    1.0680000000e+05    1.2115584793e-01
    1.0690000000e+05    1.3585342454e-01
    1.0700000000e+05    1.4385550880e-01
    1.0710000000e+05    1.1032281376e-01
    1.0720000000e+05    1.1685292993e-01
    1.0730000000e+05    2.0937558490e-01
    1.0740000000e+05    1.5980032377e-01
    1.0750000000e+05    1.4708890798e-01
    1.0760000000e+05    1.5641335208e-01
    1.0770000000e+05    1.1711970479e-01
    1.0780000000e+05    1.2877722448e-01
    1.0790000000e+05    1.0983232102e-01
    1.0800000000e+05    1.2457286128e-01
    1.0810000000e+05    1.2458551663e-01
    1.0820000000e+05    1.8197747425e-01
    1.0830000000e+05    1.4607591241e-01
    1.0840000000e+05    1.4200334659e-01
    1.0850000000e+05    1.8191029109e-01
    1.0860000000e+05    1.1047999411e-01
    1.0870000000e+05    1.4801989148e-01
    1.0880000000e+05    9.7947721065e-02
    1.0890000000e+05    9.5626029607e-02
    1.0900000000e+05    1.3306971900e-01
    1.0910000000e+05    1.5248046199e-01
    1.0920000000e+05    1.2288567872e-01
    1.0930000000e+05    1.1063677195e-01
    1.0940000000e+05    1.4500854034e-01
    1.0950000000e+05    1.2955291847e-01
    1.0960000000e+05    1.3121657467e-01
    1.0970000000e+05    1.1126426458e-01
    1.0980000000e+05    1.1423468368e-01
    1.0990000000e+05    1.6886827154e-01
    1.1000000000e+05    1.3187870337e-01
    1.1010000000e+05    1.5818553225e-01
    1.1020000000e+05    1.3033808113e-01
    1.1030000000e+05    2.1789160333e-01
    1.1040000000e+05    1.5853173993e-01
    1.1050000000e+05    1.1289528241e-01
    1.1060000000e+05    1.1609575915e-01
    1.1070000000e+05    1.0585432029e-01
    1.1080000000e+05    1.0150135597e-01
    1.1090000000e+05    1.1232236872e-01
    1.1100000000e+05    1.4134647933e-01
    1.1110000000e+05    1.3405623094e-01
    1.1120000000e+05    1.5202455586e-01
    1.1130000000e+05    1.2416729843e-01
    1.1140000000e+05    1.1311592033e-01
    1.1150000000e+05    1.0491645144e-01
    1.1160000000e+05    1.2909049549e-01
    1.1170000000e+05    1.0323855314e-01
    1.1180000000e+05    1.1601930814e-01
    1.1190000000e+05    1.2129280873e-01
    1.1200000000e+05    1.2083718230e-01
    1.1210000000e+05    1.3681628304e-01
    1.1220000000e+05    1.6324457067e-01
    1.1230000000e+05    1.0305762298e-01
    1.1240000000e+05    1.1333965630e-01
    1.1250000000e+05    1.0981763124e-01
    1.1260000000e+05    1.3872358477e-01
    1.1270000000e+05    1.3644009324e-01
    1.1280000000e+05    1.5454892715e-01
    1.1290000000e+05    1.3738167442e-01
    1.1300000000e+05    1.4078256412e-01
    1.1310000000e+05    1.2048219169e-01
    1.1320000000e+05    1.5048266912e-01
    1.1330000000e+05    1.3860068083e-01
    1.1340000000e+05    1.3403991812e-01
    1.1350000000e+05    1.1713117883e-01
    1.1360000000e+05    1.1029768739e-01
    1.1370000000e+05    1.1992787858e-01
    1.1380000000e+05    1.2440535406e-01
    1.1390000000e+05    1.3389882153e-01
    1.1400000000e+05    1.3728159047e-01
    1.1410000000e+05    1.2704906865e-01
    1.1420000000e+05    1.2538209813e-01
    1.1430000000e+05    1.2407855015e-01
    1.1440000000e+05    1.2504056899e-01
    1.1450000000e+05    1.2555246588e-01
    1.1460000000e+05    1.1974197353e-01
    1.1470000000e+05    1.0563375881e-01
    1.1480000000e+05    1.1638640720e-01
    1.1490000000e+05    1.5995463910e-01
    1.1500000000e+05    1.1021998746e-01
    1.1510000000e+05    1.1332892935e-01
    1.1520000000e+05    1.1836807109e-01
    1.1530000000e+05    1.1717687736e-01
    1.1540000000e+05    1.2948534474e-01
    1.1550000000e+05    1.4656323487e-01
    1.1560000000e+05    1.3057836090e-01
    1.1570000000e+05    1.1835483320e-01
    1.1580000000e+05    1.1381285991e-01
    1.1590000000e+05    1.1780604426e-01
    1.1600000000e+05    1.1150491924e-01
    1.1610000000e+05    1.2543319129e-01
    1.1620000000e+05    1.1655266264e-01
    1.1630000000e+05    1.1203087935e-01
    1.1640000000e+05    1.3355084794e-01
    1.1650000000e+05    1.4576871334e-01
    1.1660000000e+05    1.4348349736e-01
    1.1670000000e+05    1.2263324275e-01
    1.1680000000e+05    1.0270720488e-01
    1.1690000000e+05    1.3559743066e-01
    1.1700000000e+05    1.5004851751e-01
    1.1710000000e+05    1.2339058358e-01
    1.1720000000e+05    1.1761561368e-01
    1.1730000000e+05    1.0357323045e-01
    1.1740000000e+05    1.3431158164e-01
    1.1750000000e+05    1.2502040141e-01
    1.1760000000e+05    1.1373330354e-01
    1.1770000000e+05    1.1549700015e-01
    1.1780000000e+05    1.2224193192e-01
    1.1790000000e+05    1.7031863488e-01
    1.1800000000e+05    1.3911042223e-01
    1.1810000000e+05    1.7338623480e-01
    1.1820000000e+05    1.3351876095e-01
    1.1830000000e+05    1.4092496892e-01
    1.1840000000e+05    1.5503678165e-01
    1.1850000000e+05    1.1762758336e-01
    1.1860000000e+05    1.2024036872e-01
    1.1870000000e+05    1.0888238869e-01
    1.1880000000e+05    1.6375900946e-01
    1.1890000000e+05    1.2632059318e-01
    1.1900000000e+05    1.2926343374e-01
    1.1910000000e+05    1.3763064262e-01
    1.1920000000e+05    1.2088813564e-01
    1.1930000000e+05    1.1281146350e-01
    1.1940000000e+05    1.4974800954e-01
    1.1950000000e+05    1.5059147615e-01
    1.1960000000e+05    1.6703189015e-01
    1.1970000000e+05    1.6787464557e-01
    1.1980000000e+05    2.6470633639e-01
    1.1990000000e+05    1.7617867424e-01
    1.2000000000e+05    1.2938344778e-01
    1.2010000000e+05    1.4677375616e-01
    1.2020000000e+05    1.5036300636e-01
    1.2030000000e+05    2.2164546760e-01
    1.2040000000e+05    1.4062739971e-01
    1.2050000000e+05    1.3902519716e-01
    1.2060000000e+05    1.6558344897e-01
    1.2070000000e+05    1.3265817058e-01
    1.2080000000e+05    1.1892393368e-01
    1.2090000000e+05    1.4224295113e-01
    1.2100000000e+05    1.3974533004e-01
    1.2110000000e+05    2.3997151569e-01
    1.2120000000e+05    1.6989403991e-01
    1.2130000000e+05    1.4717534841e-01
    1.2140000000e+05    1.6105578201e-01
    1.2150000000e+05    1.4632946430e-01
    1.2160000000e+05    1.5052634074e-01
    1.2170000000e+05    1.0463557859e-01
    1.2180000000e+05    1.6584608044e-01
    1.2190000000e+05    1.5701393807e-01
    1.2200000000e+05    1.6115403671e-01
    1.2210000000e+05    1.4146050114e-01
    1.2220000000e+05    1.3047846248e-01
    1.2230000000e+05    1.4736864947e-01
    1.2240000000e+05    1.0548635361e-01
    1.2250000000e+05    1.5098272068e-01
    1.2260000000e+05    1.4420979357e-01
    1.2270000000e+05    1.3431266380e-01
    1.2280000000e+05    1.2911212688e-01
    1.2290000000e+05    1.6304909918e-01
    1.2300000000e+05    1.9931445055e-01
    1.2310000000e+05    1.6236050931e-01
    1.2320000000e+05    1.3133845569e-01
    1.2330000000e+05    1.0270064662e-01
    1.2340000000e+05    1.2025959876e-01
    1.2350000000e+05    1.1277749407e-01
    1.2360000000e+05    1.5797661626e-01
    1.2370000000e+05    1.0949210981e-01
    1.2380000000e+05    1.1691756321e-01
    1.2390000000e+05    1.2113946480e-01
    1.2400000000e+05    1.6862163140e-01
    1.2410000000e+05    1.2931980403e-01
    1.2420000000e+05    1.3886938361e-01
    1.2430000000e+05    1.4075849902e-01
    1.2440000000e+05    1.8510534794e-01
    1.2450000000e+05    1.6320708073e-01
    1.2460000000e+05    1.4048051610e-01
    1.2470000000e+05    1.9585443782e-01
    1.2480000000e+05    1.2133108021e-01
    1.2490000000e+05    1.4652462643e-01
    1.2500000000e+05    1.2851991393e-01
    1.2510000000e+05    1.9170117831e-01
    1.2520000000e+05    1.5849848399e-01
    1.2530000000e+05    1.8015073183e-01
    1.2540000000e+05    1.5426942230e-01
    1.2550000000e+05    1.3954824691e-01
    1.2560000000e+05    1.2578499389e-01
    1.2570000000e+05    1.2072439307e-01
    1.2580000000e+05    1.4974838466e-01
    1.2590000000e+05    1.4271976103e-01
    1.2600000000e+05    1.5316169616e-01
    1.2610000000e+05    1.3263200429e-01
    1.2620000000e+05    1.4890160373e-01
    1.2630000000e+05    1.3046923752e-01
    1.2640000000e+05    1.6558374977e-01
    1.2650000000e+05    1.4061985946e-01
    1.2660000000e+05    1.0367102256e-01
    1.2670000000e+05    1.0477202655e-01
    1.2680000000e+05    1.5756044904e-01
    1.2690000000e+05    1.5051103116e-01
    1.2700000000e+05    1.4146417778e-01
    1.2710000000e+05    1.3601991656e-01
    1.2720000000e+05    1.4339943247e-01
    1.2730000000e+05    1.3842519435e-01
    1.2740000000e+05    1.2398186408e-01
    1.2750000000e+05    1.2490212358e-01
    1.2760000000e+05    1.5202198064e-01
    1.2770000000e+05    1.5448356083e-01
    1.2780000000e+05    1.5466726702e-01
    1.2790000000e+05    1.4591538061e-01
    1.2800000000e+05    1.3416644787e-01
    1.2810000000e+05    1.5696908207e-01
    1.2820000000e+05    1.2350370744e-01
    1.2830000000e+05    1.3942018310e-01
    1.2840000000e+05    1.1619492179e-01
    1.2850000000e+05    1.7610065487e-01
    1.2860000000e+05    1.6157726780e-01
    1.2870000000e+05    1.2313585000e-01
    1.2880000000e+05    1.6326424458e-01
    1.2890000000e+05    1.4062439535e-01
    1.2900000000e+05    1.7340163294e-01
    1.2910000000e+05    1.3975680325e-01
    1.2920000000e+05    1.5090648463e-01
    1.2930000000e+05    1.3093515346e-01
    1.2940000000e+05    1.6277431136e-01
    1.2950000000e+05    1.8220055528e-01
    1.2960000000e+05    1.4307659905e-01
    1.2970000000e+05    1.2711307751e-01
    1.2980000000e+05    1.3281556681e-01
    1.2990000000e+05    1.2664583585e-01
    1.3000000000e+05    1.0592868240e-01
    1.3010000000e+05    1.1773921578e-01
    1.3020000000e+05    1.4930365896e-01
    1.3030000000e+05    1.2579858801e-01
    1.3040000000e+05    1.1369831368e-01
    1.3050000000e+05    1.1838320512e-01
    1.3060000000e+05    1.1600227319e-01
    1.3070000000e+05    1.3013667845e-01
    1.3080000000e+05    1.3672042611e-01
    1.3090000000e+05    1.3721932448e-01
    1.3100000000e+05    1.7521149534e-01
    1.3110000000e+05    1.5686274681e-01
    1.3120000000e+05    1.4857742420e-01
    1.3130000000e+05    1.3382773364e-01
    1.3140000000e+05    1.5960021055e-01
    1.3150000000e+05    1.6826481558e-01
    1.3160000000e+05    1.5375068366e-01
    1.3170000000e+05    1.2600372230e-01
    1.3180000000e+05    1.4188478434e-01
    1.3190000000e+05    1.5829471154e-01
    1.3200000000e+05    1.1668055560e-01
    1.3210000000e+05    1.1053040914e-01
    1.3220000000e+05    1.3095545292e-01
    1.3230000000e+05    1.1159037734e-01
    1.3240000000e+05    9.7447169946e-02
    1.3250000000e+05    1.4215097788e-01
    1.3260000000e+05    1.3241241998e-01
    1.3270000000e+05    1.3224773513e-01
    1.3280000000e+05    1.3867255497e-01
    1.3290000000e+05    1.0657915143e-01
    1.3300000000e+05    1.2974688995e-01
    1.3310000000e+05    1.6995962280e-01
    1.3320000000e+05    1.5180494292e-01
    1.3330000000e+05    1.5833767166e-01
    1.3340000000e+05    1.5281555767e-01
    1.3350000000e+05    1.6625778422e-01
    1.3360000000e+05    1.4570688495e-01
    1.3370000000e+05    1.1844157686e-01
    1.3380000000e+05    1.2837379725e-01
    1.3390000000e+05    1.2079065134e-01
    1.3400000000e+05    1.2885478009e-01
    1.3410000000e+05    1.3123135279e-01
    1.3420000000e+05    1.1266557154e-01
    1.3430000000e+05    1.1899810635e-01
    1.3440000000e+05    1.4511441767e-01
    1.3450000000e+05    1.3226231345e-01
    1.3460000000e+05    1.2456143438e-01
    1.3470000000e+05    1.0786289362e-01
    1.3480000000e+05    1.3735055435e-01
    1.3490000000e+05    1.4849579824e-01
    1.3500000000e+05    1.1775792684e-01
    1.3510000000e+05    1.2463017962e-01
    1.3520000000e+05    1.3624825297e-01
    1.3530000000e+05    1.2652240116e-01
    1.3540000000e+05    1.5426830224e-01
    1.3550000000e+05    1.6376154646e-01
    1.3560000000e+05    1.3386847056e-01
    1.3570000000e+05    1.4131929847e-01
    1.3580000000e+05    1.2696545420e-01
    1.3590000000e+05    1.3207583036e-01
    1.3600000000e+05    1.2849364432e-01
    1.3610000000e+05    1.1401176241e-01
    1.3620000000e+05    1.6486004729e-01
    1.3630000000e+05    1.1661718430e-01
    1.3640000000e+05    1.2675652695e-01
    1.3650000000e+05    1.1822827770e-01
    1.3660000000e+05    1.2863085088e-01
    1.3670000000e+05    1.3074343050e-01
    1.3680000000e+05    1.1617306948e-01
    1.3690000000e+05    1.3446037811e-01
    1.3700000000e+05    1.3762257541e-01
    1.3710000000e+05    1.3041232651e-01
    1.3720000000e+05    1.3773033800e-01
    1.3730000000e+05    1.4921749271e-01
    1.3740000000e+05    1.5429124395e-01
    1.3750000000e+05    1.2103543492e-01
    1.3760000000e+05    1.1629784629e-01
    1.3770000000e+05    1.3034264198e-01
    1.3780000000e+05    1.1188618211e-01
    1.3790000000e+05    1.3716955307e-01
    1.3800000000e+05    1.3165375262e-01
    1.3810000000e+05    1.2950626583e-01
    1.3820000000e+05    1.1108866540e-01
    1.3830000000e+05    1.3799173365e-01
    1.3840000000e+05    1.5078858775e-01
    1.3850000000e+05    1.4536099328e-01
    1.3860000000e+05    1.1522477416e-01
    1.3870000000e+05    1.1688344926e-01
    1.3880000000e+05    1.1989587722e-01
    1.3890000000e+05    1.2119719184e-01
    1.3900000000e+05    1.1354073525e-01
    1.3910000000e+05    1.0926745693e-01
    1.3920000000e+05    1.5828559300e-01
    1.3930000000e+05    1.2585265296e-01
    1.3940000000e+05    1.2144011401e-01
    1.3950000000e+05    1.0149836598e-01
    1.3960000000e+05    1.8381465654e-01
    1.3970000000e+05    1.6693300477e-01
    1.3980000000e+05    1.2088776241e-01
    1.3990000000e+05    1.0650723219e-01
    1.4000000000e+05    1.2156665422e-01
    1.4010000000e+05    1.1431593068e-01
    1.4020000000e+05    1.5636301566e-01
    1.4030000000e+05    1.0678918218e-01
    1.4040000000e+05    1.5968907733e-01
    1.4050000000e+05    1.5448345910e-01
    1.4060000000e+05    1.1036835558e-01
    1.4070000000e+05    1.2164960054e-01
    1.4080000000e+05    1.1877150865e-01
    1.4090000000e+05    1.2111614674e-01
    1.4100000000e+05    1.3144390283e-01
    1.4110000000e+05    1.1277220996e-01
    1.4120000000e+05    1.3224463625e-01
    1.4130000000e+05    1.2413186907e-01
    1.4140000000e+05    1.2652075241e-01
    1.4150000000e+05    1.1517218686e-01
    1.4160000000e+05    1.5554563183e-01
    1.4170000000e+05    1.1134250006e-01
    1.4180000000e+05    1.1145111905e-01
    1.4190000000e+05    1.1163030343e-01
    1.4200000000e+05    1.3342226940e-01
    1.4210000000e+05    1.0777687139e-01
    1.4220000000e+05    1.1384756806e-01
    1.4230000000e+05    1.2715461437e-01
    1.4240000000e+05    1.2408555731e-01
    1.4250000000e+05    1.2487556791e-01
    1.4260000000e+05    1.1773640206e-01
    1.4270000000e+05    1.0156077249e-01
    1.4280000000e+05    1.2504463530e-01
    1.4290000000e+05    1.0918700873e-01
    1.4300000000e+05    1.4479905089e-01
    1.4310000000e+05    1.2210061153e-01
    1.4320000000e+05    1.2107006310e-01
    1.4330000000e+05    1.1046479376e-01
    1.4340000000e+05    1.2924684270e-01
    1.4350000000e+05    1.6594957158e-01
    1.4360000000e+05    1.2181919346e-01
    1.4370000000e+05    1.0886070642e-01
    1.4380000000e+05    1.2229299896e-01
    1.4390000000e+05    1.1676706257e-01
    1.4400000000e+05    1.1411953191e-01
    1.4410000000e+05    1.2046466435e-01
    1.4420000000e+05    1.0396217339e-01
    1.4430000000e+05    1.0918258204e-01
    1.4440000000e+05    1.3214429463e-01
    1.4450000000e+05    1.2576691349e-01
    1.4460000000e+05    1.1858504620e-01
    1.4470000000e+05    1.8546978776e-01
    1.4480000000e+05    1.1603299619e-01
    1.4490000000e+05    1.3431188905e-01
    1.4500000000e+05    1.4381966547e-01
    1.4510000000e+05    1.3231357259e-01
    1.4520000000e+05    1.3544268276e-01
    1.4530000000e+05    1.4275842855e-01
    1.4540000000e+05    1.3357986003e-01
    1.4550000000e+05    1.2663965685e-01
    1.4560000000e+05    1.1204730644e-01
    1.4570000000e+05    1.1856856600e-01
    1.4580000000e+05    1.4334156515e-01
    1.4590000000e+05    1.1717380251e-01
    1.4600000000e+05    1.0972157992e-01
    1.4610000000e+05    1.1313638248e-01
    1.4620000000e+05    1.1177178297e-01
    1.4630000000e+05    1.2094254806e-01
    1.4640000000e+05    1.3456499402e-01
    1.4650000000e+05    1.2734988295e-01
    1.4660000000e+05    1.4065378856e-01
    1.4670000000e+05    1.4946566411e-01
    1.4680000000e+05    1.1662884513e-01
    1.4690000000e+05    1.4421534941e-01
    1.4700000000e+05    1.4914846651e-01
    1.4710000000e+05    1.3416732915e-01
    1.4720000000e+05    1.5225802884e-01
    1.4730000000e+05    1.4738934318e-01
    1.4740000000e+05    1.3086633426e-01
    1.4750000000e+05    1.7621782803e-01
    1.4760000000e+05    1.2370321379e-01
    1.4770000000e+05    1.4199440726e-01
    1.4780000000e+05    7.9085928301e-01
    1.4790000000e+05    1.4477090779e-01
    1.4800000000e+05    1.7349627776e-01
    1.4810000000e+05    1.4967348921e-01
    1.4820000000e+05    1.5739587484e-01
    1.4830000000e+05    1.3609283100e-01
    1.4840000000e+05    1.3919605228e-01
    1.4850000000e+05    1.3767771108e-01
    1.4860000000e+05    1.4111105320e-01
    1.4870000000e+05    1.9283238026e-01
    1.4880000000e+05    1.5197051727e-01
    1.4890000000e+05    1.3528681153e-01
    1.4900000000e+05    1.5609807819e-01
    1.4910000000e+05    1.6420771469e-01
    1.4920000000e+05    1.4427929744e-01
    1.4930000000e+05    1.3728035763e-01
    1.4940000000e+05    1.1945876804e-01
    1.4950000000e+05    1.1599184588e-01
    1.4960000000e+05    1.3520925497e-01
    1.4970000000e+05    1.4723932872e-01
    1.4980000000e+05    1.2406057702e-01
    1.4990000000e+05    1.2873371211e-01
    1.5000000000e+05    1.2302883142e-01
    1.5010000000e+05    1.4072536381e-01
    1.5020000000e+05    1.1772359615e-01
    1.5030000000e+05    1.6306429607e-01
    1.5040000000e+05    1.4390165839e-01
    1.5050000000e+05    1.1224898823e-01
    1.5060000000e+05    1.4782179293e-01
    1.5070000000e+05    1.3653924924e-01
    1.5080000000e+05    1.1270834707e-01
    1.5090000000e+05    1.1799555796e-01
    1.5100000000e+05    1.0224958512e-01
    1.5110000000e+05    1.1903747717e-01
    1.5120000000e+05    1.2218608990e-01
    1.5130000000e+05    1.6181889284e-01
    1.5140000000e+05    1.6489162982e-01
    1.5150000000e+05    1.4776830347e-01
    1.5160000000e+05    1.1942907288e-01
    1.5170000000e+05    1.1679056899e-01
    1.5180000000e+05    1.3916523521e-01
    1.5190000000e+05    1.2273841056e-01
    1.5200000000e+05    1.6702624397e-01
    1.5210000000e+05    1.2845513393e-01
    1.5220000000e+05    1.2922393344e-01
    1.5230000000e+05    1.5656661242e-01
    1.5240000000e+05    1.1655525272e-01
    1.5250000000e+05    1.1675267892e-01
    1.5260000000e+05    1.1522044087e-01
    1.5270000000e+05    1.6089357418e-01
    1.5280000000e+05    1.2626286144e-01
    1.5290000000e+05    1.2061392301e-01
    1.5300000000e+05    1.5725663712e-01
    1.5310000000e+05    1.1536582670e-01
    1.5320000000e+05    1.4209758486e-01
    1.5330000000e+05    1.1617125530e-01
    1.5340000000e+05    1.2016533228e-01
    1.5350000000e+05    1.3968540408e-01
    1.5360000000e+05    1.4658243915e-01
    1.5370000000e+05    1.1453688033e-01
    1.5380000000e+05    1.0276210636e-01
    1.5390000000e+05    1.2387824735e-01
    1.5400000000e+05    1.4475620133e-01
    1.5410000000e+05    1.3313012534e-01
    1.5420000000e+05    1.4052565731e-01
    1.5430000000e+05    1.7979887944e-01
    1.5440000000e+05    1.3125761390e-01
    1.5450000000e+05    1.8089142986e-01
    1.5460000000e+05    1.7021745071e-01
    1.5470000000e+05    1.0250994304e-01
    1.5480000000e+05    1.2476129302e-01
    1.5490000000e+05    1.1221032052e-01
    1.5500000000e+05    1.4573463548e-01
    1.5510000000e+05    1.1569635547e-01
    1.5520000000e+05    1.1421897254e-01
    1.5530000000e+05    1.1735837599e-01
    1.5540000000e+05    1.1258397566e-01
    1.5550000000e+05    1.0959724894e-01
    1.5560000000e+05    1.4780860917e-01
    1.5570000000e+05    1.8484375021e-01
    1.5580000000e+05    1.2791154834e-01
    1.5590000000e+05    1.2950562484e-01
    1.5600000000e+05    1.0649110206e-01
    1.5610000000e+05    1.4468200162e-01
    1.5620000000e+05    1.2588914293e-01
    1.5630000000e+05    1.2880539065e-01
    1.5640000000e+05    1.6878179351e-01
    1.5650000000e+05    1.7073060494e-01
    1.5660000000e+05    1.5434558427e-01
    1.5670000000e+05    1.5810653922e-01
    1.5680000000e+05    1.0347847184e-01
    1.5690000000e+05    1.3666738056e-01
    1.5700000000e+05    2.0884590505e-01
    1.5710000000e+05    1.4556761328e-01
    1.5720000000e+05    1.3994470398e-01
    1.5730000000e+05    1.3232019281e-01
    1.5740000000e+05    1.6683890675e-01
    1.5750000000e+05    1.4539250558e-01
    1.5760000000e+05    1.2983634451e-01
    1.5770000000e+05    1.1189760314e-01
    1.5780000000e+05    1.7385094609e-01
    1.5790000000e+05    1.1696902546e-01
    1.5800000000e+05    1.5129160495e-01
    1.5810000000e+05    1.5260233107e-01
    1.5820000000e+05    1.1693492738e-01
    1.5830000000e+05    1.6894014253e-01
    1.5840000000e+05    1.4857550582e-01
    1.5850000000e+05    1.9388424521e-01
    1.5860000000e+05    1.2285757176e-01
    1.5870000000e+05    1.8249970436e-01
    1.5880000000e+05    1.2238482483e-01
    1.5890000000e+05    1.1688457115e-01
    1.5900000000e+05    1.7881912165e-01
    1.5910000000e+05    2.1255974501e-01
    1.5920000000e+05    1.4764885713e-01
    1.5930000000e+05    1.6937625012e-01
    1.5940000000e+05    1.4150692867e-01
    1.5950000000e+05    1.4608173900e-01
    1.5960000000e+05    1.4975370629e-01
    1.5970000000e+05    1.7169558532e-01
    1.5980000000e+05    2.0782216896e-01
    1.5990000000e+05    1.4671232681e-01
    1.6000000000e+05    1.2832838872e-01
    1.6010000000e+05    1.5075268021e-01
    1.6020000000e+05    1.5525586382e-01
    1.6030000000e+05    1.6570234870e-01
    1.6040000000e+05    1.5279134882e-01
    1.6050000000e+05    1.6475211921e-01
    1.6060000000e+05    1.5246865790e-01
    1.6070000000e+05    2.3381741335e-01
    1.6080000000e+05    1.9316622305e-01
    1.6090000000e+05    1.3837835786e-01
    1.6100000000e+05    1.4358022843e-01
    1.6110000000e+05    1.2928678376e-01
    1.6120000000e+05    1.2895514050e-01
    1.6130000000e+05    1.3987165783e-01
    1.6140000000e+05    1.3312683608e-01
    1.6150000000e+05    1.4920319578e-01
    1.6160000000e+05    1.3618392556e-01
    1.6170000000e+05    1.4320041190e-01
    1.6180000000e+05    1.3615033818e-01
    1.6190000000e+05    1.2454417392e-01
    1.6200000000e+05    9.9363950584e-02
    1.6210000000e+05    1.0813421901e-01
    1.6220000000e+05    1.2124274356e-01
    1.6230000000e+05    1.5271750880e-01
    1.6240000000e+05    1.3085353682e-01
    1.6250000000e+05    1.5277019952e-01
    1.6260000000e+05    2.4856249578e-01
    1.6270000000e+05    1.6175402106e-01
    1.6280000000e+05    1.2551827423e-01
    1.6290000000e+05    1.2349323660e-01
    1.6300000000e+05    1.3003489384e-01
    1.6310000000e+05    1.1509294237e-01
    1.6320000000e+05    1.3816290776e-01
    1.6330000000e+05    1.2471800934e-01
    1.6340000000e+05    1.2003674333e-01
    1.6350000000e+05    1.0575190507e-01
    1.6360000000e+05    1.1058620530e-01
    1.6370000000e+05    1.1521816018e-01
    1.6380000000e+05    1.2061937276e-01
    1.6390000000e+05    1.4382049267e-01
    1.6400000000e+05    1.7102434809e-01
    1.6410000000e+05    1.4502236993e-01
    1.6420000000e+05    1.3573837967e-01
    1.6430000000e+05    1.4299847740e-01
    1.6440000000e+05    2.5661279418e-01
    1.6450000000e+05    1.4748400273e-01
    1.6460000000e+05    1.4763386457e-01
    1.6470000000e+05    1.4300521298e-01
    1.6480000000e+05    1.5210596062e-01
    1.6490000000e+05    1.2857916722e-01
    1.6500000000e+05    1.1750140223e-01
    1.6510000000e+05    1.2788359372e-01
    1.6520000000e+05    1.5968356247e-01
    1.6530000000e+05    1.6947204359e-01
    1.6540000000e+05    1.4114433541e-01
    1.6550000000e+05    1.0600408619e-01
    1.6560000000e+05    1.2097930117e-01
    1.6570000000e+05    1.5004850536e-01
    1.6580000000e+05    1.1455160750e-01
    1.6590000000e+05    1.2888607331e-01
    1.6600000000e+05    2.3100022133e-01
    1.6610000000e+05    1.2107038866e-01
    1.6620000000e+05    1.5918259111e-01
    1.6630000000e+05    1.3525225533e-01
    1.6640000000e+05    1.4615648360e-01
    1.6650000000e+05    1.1010434651e-01
    1.6660000000e+05    1.0604145264e-01
    1.6670000000e+05    1.5989704331e-01
    1.6680000000e+05    1.5709815957e-01
    1.6690000000e+05    1.4728212400e-01
    1.6700000000e+05    2.1994614101e-01
    1.6710000000e+05    1.7604109197e-01
    1.6720000000e+05    1.7395282973e-01
    1.6730000000e+05    1.0856422352e-01
    1.6740000000e+05    1.4628959687e-01
    1.6750000000e+05    1.3195376485e-01
    1.6760000000e+05    1.3250483451e-01
    1.6770000000e+05    1.0847879876e-01
    1.6780000000e+05    1.1419798261e-01
    1.6790000000e+05    1.1502639221e-01
    1.6800000000e+05    1.1016828821e-01
    1.6810000000e+05    1.5777876350e-01
    1.6820000000e+05    1.5690967168e-01
    1.6830000000e+05    2.7826983153e-01
    1.6840000000e+05    1.2719311648e-01
    1.6850000000e+05    1.3218743086e-01
    1.6860000000e+05    1.2165520937e-01
    1.6870000000e+05    1.4962164737e-01
    1.6880000000e+05    1.0031543397e-01
    1.6890000000e+05    1.1972658279e-01
    1.6900000000e+05    1.2958346587e-01
    1.6910000000e+05    1.1421705083e-01
    1.6920000000e+05    1.5921933247e-01
    1.6930000000e+05    1.1162721610e-01
    1.6940000000e+05    1.2686267813e-01
    1.6950000000e+05    1.3889491930e-01
    1.6960000000e+05    1.5855291601e-01
    1.6970000000e+05    1.4818818370e-01
    1.6980000000e+05    1.3741327422e-01
    1.6990000000e+05    1.6547199697e-01
    1.7000000000e+05    1.5475306984e-01
    1.7010000000e+05    1.2996115937e-01
    1.7020000000e+05    1.3212341671e-01
    1.7030000000e+05    1.3391803743e-01
    1.7040000000e+05    1.3603912892e-01
    1.7050000000e+05    1.4473678140e-01
    1.7060000000e+05    1.6436910319e-01
    1.7070000000e+05    1.7601261374e-01
    1.7080000000e+05    1.2287761778e-01
    1.7090000000e+05    1.6825607408e-01
    1.7100000000e+05    1.3799774134e-01
    1.7110000000e+05    1.3436933801e-01
    1.7120000000e+05    1.6958493736e-01
    1.7130000000e+05    1.8078564310e-01
    1.7140000000e+05    1.1727635652e-01
    1.7150000000e+05    1.4619329499e-01
    1.7160000000e+05    1.2822656051e-01
    1.7170000000e+05    1.3135474920e-01
    1.7180000000e+05    1.2259167866e-01
    1.7190000000e+05    1.3355181356e-01
    1.7200000000e+05    1.1712662821e-01
    1.7210000000e+05    1.6619497901e-01
    1.7220000000e+05    1.6756409678e-01
    1.7230000000e+05    1.2712741971e-01
    1.7240000000e+05    1.3724175044e-01
    1.7250000000e+05    1.1346349952e-01
    1.7260000000e+05    1.3053122183e-01
    1.7270000000e+05    1.2501969338e-01
    1.7280000000e+05    1.7984116620e-01
    1.7290000000e+05    1.3476995306e-01
    1.7300000000e+05    1.3723755795e-01
    1.7310000000e+05    1.1384263540e-01
    1.7320000000e+05    1.4851551068e-01
    1.7330000000e+05    1.3964296782e-01
    1.7340000000e+05    1.6925020741e-01
    1.7350000000e+05    1.8337313762e-01
    1.7360000000e+05    1.2205521149e-01
    1.7370000000e+05    1.0953647165e-01
    1.7380000000e+05    1.1147623560e-01
    1.7390000000e+05    2.0359237462e-01
    1.7400000000e+05    1.4811206814e-01
    1.7410000000e+05    1.2097361351e-01
    1.7420000000e+05    1.2110445414e-01
    1.7430000000e+05    1.5286070377e-01
    1.7440000000e+05    1.8503906707e-01
    1.7450000000e+05    1.2732304429e-01
    1.7460000000e+05    1.1425351727e-01
    1.7470000000e+05    1.0716397406e-01
    1.7480000000e+05    9.7906443206e-02
    1.7490000000e+05    1.2344649529e-01
    1.7500000000e+05    1.4918137072e-01
    1.7510000000e+05    1.2487449410e-01
    1.7520000000e+05    1.1802127174e-01
    1.7530000000e+05    1.4756473807e-01
    1.7540000000e+05    1.5181943616e-01
    1.7550000000e+05    1.5895924215e-01
    1.7560000000e+05    1.4585527375e-01
    1.7570000000e+05    1.5413959765e-01
    1.7580000000e+05    1.5279785009e-01
    1.7590000000e+05    1.7251142925e-01
    1.7600000000e+05    1.9903737972e-01
    1.7610000000e+05    1.7968214042e-01
    1.7620000000e+05    1.7613366336e-01
    1.7630000000e+05    1.4181054696e-01
    1.7640000000e+05    1.5635142301e-01
    1.7650000000e+05    1.9585402185e-01
    1.7660000000e+05    1.3540790393e-01
    1.7670000000e+05    1.3094813846e-01
    1.7680000000e+05    1.4845669627e-01
    1.7690000000e+05    1.7871857996e-01
    1.7700000000e+05    1.3857572529e-01
    1.7710000000e+05    1.1748306545e-01
    1.7720000000e+05    1.3837334931e-01
    1.7730000000e+05    1.2240771008e-01
    1.7740000000e+05    1.1529071289e-01
    1.7750000000e+05    1.4241380923e-01
    1.7760000000e+05    1.2053768175e-01
    1.7770000000e+05    1.7680872976e-01
    1.7780000000e+05    1.5588532781e-01
    1.7790000000e+05    1.8443463915e-01
    1.7800000000e+05    1.5754766150e-01
    1.7810000000e+05    1.2371369502e-01
    1.7820000000e+05    1.6640675478e-01
    1.7830000000e+05    1.1259910887e-01
    1.7840000000e+05    1.4491858987e-01
    1.7850000000e+05    1.2763477463e-01
    1.7860000000e+05    1.6461482958e-01
    1.7870000000e+05    1.6628994228e-01
    1.7880000000e+05    1.3716776928e-01
    1.7890000000e+05    1.2340425091e-01
    1.7900000000e+05    1.3340954414e-01
    1.7910000000e+05    1.2086613139e-01
    1.7920000000e+05    1.1482136423e-01
    1.7930000000e+05    1.1712879928e-01
    1.7940000000e+05    1.2269010231e-01
    1.7950000000e+05    1.4152021087e-01
    1.7960000000e+05    1.8148760107e-01
    1.7970000000e+05    1.5757694590e-01
    1.7980000000e+05    1.5182490245e-01
    1.7990000000e+05    1.4945260766e-01
    1.8000000000e+05    1.5214294528e-01
    1.8010000000e+05    1.4199880648e-01
    1.8020000000e+05    1.3404936874e-01
    1.8030000000e+05    1.2196067716e-01
    1.8040000000e+05    1.3113877700e-01
    1.8050000000e+05    1.1992556030e-01
    1.8060000000e+05    1.1054203437e-01
    1.8070000000e+05    1.5798792957e-01
    1.8080000000e+05    1.6648050428e-01
    1.8090000000e+05    1.2142972082e-01
    1.8100000000e+05    1.1673253401e-01
    1.8110000000e+05    1.5622539311e-01
    1.8120000000e+05    1.0999234385e-01
    1.8130000000e+05    1.5042425426e-01
    1.8140000000e+05    1.2995489454e-01
    1.8150000000e+05    1.3225182574e-01
    1.8160000000e+05    1.1624792589e-01
    1.8170000000e+05    1.1637563810e-01
    1.8180000000e+05    1.2981707201e-01
    1.8190000000e+05    1.2688426406e-01
    1.8200000000e+05    1.2289662405e-01
    1.8210000000e+05    1.7651018378e-01
    1.8220000000e+05    1.5068610412e-01
    1.8230000000e+05    1.3471209545e-01
    1.8240000000e+05    1.5164541949e-01
    1.8250000000e+05    1.1598846640e-01
    1.8260000000e+05    1.5252758645e-01
    1.8270000000e+05    1.7725753045e-01
    1.8280000000e+05    1.9853754928e-01
    1.8290000000e+05    2.4555356136e-01
    1.8300000000e+05    2.0957588211e-01
    1.8310000000e+05    1.5306309787e-01
    1.8320000000e+05    1.0798244952e-01
    1.8330000000e+05    1.2907371230e-01
    1.8340000000e+05    1.3120856778e-01
    1.8350000000e+05    1.4213817636e-01
    1.8360000000e+05    1.3194819370e-01
    1.8370000000e+05    1.3093128378e-01
    1.8380000000e+05    1.4894489904e-01
    1.8390000000e+05    1.8435315292e-01
    1.8400000000e+05    1.8250509204e-01
    1.8410000000e+05    1.9678126599e-01
    1.8420000000e+05    1.3661242737e-01
    1.8430000000e+05    1.4477191369e-01
    1.8440000000e+05    1.4584702614e-01
    1.8450000000e+05    1.1924959763e-01
    1.8460000000e+05    1.3964084063e-01
    1.8470000000e+05    1.5141392163e-01
    1.8480000000e+05    1.6785593267e-01
    1.8490000000e+05    1.1072234907e-01
    1.8500000000e+05    1.3097652207e-01
    1.8510000000e+05    1.1976082668e-01
    1.8520000000e+05    1.5007972561e-01
    1.8530000000e+05    1.5391768422e-01
    1.8540000000e+05    1.3347343177e-01
    1.8550000000e+05    1.4248026037e-01
    1.8560000000e+05    1.3464007995e-01
    1.8570000000e+05    1.2048835056e-01
    1.8580000000e+05    1.1065616053e-01
    1.8590000000e+05    1.2744070204e-01
    1.8600000000e+05    1.3876940930e-01
    1.8610000000e+05    1.4885965931e-01
    1.8620000000e+05    1.4389956006e-01
    1.8630000000e+05    2.1230476117e-01
    1.8640000000e+05    1.5036072583e-01
    1.8650000000e+05    1.3044788652e-01
    1.8660000000e+05    1.5024572546e-01
    1.8670000000e+05    1.4007813066e-01
    1.8680000000e+05    1.4818895051e-01
    1.8690000000e+05    1.3758618906e-01
    1.8700000000e+05    1.2830956180e-01
    1.8710000000e+05    1.2775499721e-01
    1.8720000000e+05    1.5679443692e-01
    1.8730000000e+05    1.4993374932e-01
    1.8740000000e+05    1.3310505957e-01
    1.8750000000e+05    1.1508669722e-01
    1.8760000000e+05    1.1848542173e-01
    1.8770000000e+05    1.3011885479e-01
    1.8780000000e+05    1.0909414299e-01
    1.8790000000e+05    1.1713004677e-01
    1.8800000000e+05    1.1714821895e-01
    1.8810000000e+05    1.4327501347e-01
    1.8820000000e+05    1.1787283038e-01
    1.8830000000e+05    1.1641598039e-01
    1.8840000000e+05    1.2443754246e-01
    1.8850000000e+05    1.7240539356e-01
    1.8860000000e+05    1.4813349027e-01
    1.8870000000e+05    1.5433371318e-01
    1.8880000000e+05    1.2128994347e-01
    1.8890000000e+05    1.1045656317e-01
    1.8900000000e+05    1.1269406102e-01
    1.8910000000e+05    1.1315343152e-01
    1.8920000000e+05    1.5169319659e-01
    1.8930000000e+05    1.3789186764e-01
    1.8940000000e+05    1.1993679812e-01
    1.8950000000e+05    1.4609406486e-01
    1.8960000000e+05    1.4850955766e-01
    1.8970000000e+05    1.2446886501e-01
    1.8980000000e+05    1.1882792531e-01
    1.8990000000e+05    1.1774922859e-01
    1.9000000000e+05    1.1544559457e-01
    1.9010000000e+05    1.1278116298e-01
    1.9020000000e+05    1.2769264501e-01
    1.9030000000e+05    1.7194045516e-01
    1.9040000000e+05    1.1132998757e-01
    1.9050000000e+05    1.0936566227e-01
    1.9060000000e+05    1.2802006042e-01
    1.9070000000e+05    1.0544550898e-01
    1.9080000000e+05    1.3563565829e-01
    1.9090000000e+05    1.1999227398e-01
    1.9100000000e+05    1.2631079378e-01
    1.9110000000e+05    1.1085566228e-01
    1.9120000000e+05    1.1190465599e-01
    1.9130000000e+05    1.1997402119e-01
    1.9140000000e+05    1.0607055223e-01
    1.9150000000e+05    1.5268118480e-01
    1.9160000000e+05    2.2633610021e-01
    1.9170000000e+05    1.6547445080e-01
    1.9180000000e+05    1.2761545572e-01
    1.9190000000e+05    1.3244352934e-01
    1.9200000000e+05    2.2091428798e-01
    1.9210000000e+05    1.1490250907e-01
    1.9220000000e+05    1.1525110564e-01
    1.9230000000e+05    1.5137013627e-01
    1.9240000000e+05    1.1863571840e-01
    1.9250000000e+05    1.3263334232e-01
    1.9260000000e+05    1.6616232960e-01
    1.9270000000e+05    1.8299652854e-01
    1.9280000000e+05    2.1278486958e-01
    1.9290000000e+05    1.2398789288e-01
    1.9300000000e+05    1.2107674761e-01
    1.9310000000e+05    1.0669949429e-01
    1.9320000000e+05    1.4127720070e-01
    1.9330000000e+05    1.3926417853e-01
    1.9340000000e+05    1.2287857706e-01
    1.9350000000e+05    1.2572305937e-01
    1.9360000000e+05    1.0608484911e-01
    1.9370000000e+05    1.2310508350e-01
    1.9380000000e+05    1.2886027292e-01
    1.9390000000e+05    1.3306423083e-01
    1.9400000000e+05    1.7687651545e-01
    1.9410000000e+05    1.2411883532e-01
    1.9420000000e+05    1.2841873837e-01
    1.9430000000e+05    1.1117906042e-01
    1.9440000000e+05    1.1794348087e-01
    1.9450000000e+05    1.0446177549e-01
    1.9460000000e+05    1.0932946053e-01
    1.9470000000e+05    1.6814043237e-01
    1.9480000000e+05    1.4265657989e-01
    1.9490000000e+05    1.2541277351e-01
    1.9500000000e+05    1.8850315714e-01
    1.9510000000e+05    1.3985471820e-01
    1.9520000000e+05    1.5312251741e-01
    1.9530000000e+05    1.3975987273e-01
    1.9540000000e+05    1.3812798075e-01
    1.9550000000e+05    1.5187704379e-01
    1.9560000000e+05    1.4768902488e-01
    1.9570000000e+05    1.7227501201e-01
    1.9580000000e+05    1.6792705433e-01
    1.9590000000e+05    1.1355566839e-01
    1.9600000000e+05    1.5612253869e-01
    1.9610000000e+05    1.5052092915e-01
    1.9620000000e+05    1.6459977967e-01
    1.9630000000e+05    1.3522778976e-01
    1.9640000000e+05    1.7256964442e-01
    1.9650000000e+05    1.1681830597e-01
    1.9660000000e+05    1.3431789639e-01
    1.9670000000e+05    1.2368170735e-01
    1.9680000000e+05    1.3768196043e-01
    1.9690000000e+05    1.1527487459e-01
    1.9700000000e+05    1.5408685903e-01
    1.9710000000e+05    1.3827128347e-01
    1.9720000000e+05    1.6459551602e-01
    1.9730000000e+05    1.3926985875e-01
    1.9740000000e+05    1.0989134346e-01
    1.9750000000e+05    1.4106131513e-01
    1.9760000000e+05    1.3609044146e-01
    1.9770000000e+05    1.8997296017e-01
    1.9780000000e+05    2.0909333610e-01
    1.9790000000e+05    2.0700389383e-01
    1.9800000000e+05    1.1314437747e-01
    1.9810000000e+05    1.7014447950e-01
    1.9820000000e+05    1.6897402805e-01
    1.9830000000e+05    1.4432524511e-01
    1.9840000000e+05    1.3830083125e-01
    1.9850000000e+05    1.1346604316e-01
    1.9860000000e+05    1.4303076755e-01
    1.9870000000e+05    1.2426542779e-01
    1.9880000000e+05    1.9860014779e-01
    1.9890000000e+05    1.8473653745e-01
    1.9900000000e+05    1.2742558910e-01
    1.9910000000e+05    1.6792329815e-01
    1.9920000000e+05    1.2835783428e-01
    1.9930000000e+05    1.4763561772e-01
    1.9940000000e+05    1.5193874356e-01
    1.9950000000e+05    1.1794213627e-01
    1.9960000000e+05    2.4370271870e-01
    1.9970000000e+05    1.0830428179e-01
    1.9980000000e+05    1.0915258965e-01
    1.9990000000e+05    1.1050899298e-01
    2.0000000000e+05    1.2765202556e-01
