    1.0000000000e+02    1.4593911597e-01
    2.0000000000e+02    1.0453011935e-01
    3.0000000000e+02    1.3102610637e-01
    4.0000000000e+02    1.1373289451e-01
    5.0000000000e+02    1.5578971974e-01
    6.0000000000e+02    1.4418769069e-01
    7.0000000000e+02    1.1771144719e-01
    8.0000000000e+02    9.5783877974e-02
    9.0000000000e+02    9.6717413447e-02
    1.0000000000e+03    1.1274628688e-01
    1.1000000000e+03    1.1107440638e-01
    1.2000000000e+03    9.0950641186e-02
    1.3000000000e+03    1.1942118469e-01
    1.4000000000e+03    3.6151999941e-01
    1.5000000000e+03    1.3422056193e-01
    1.6000000000e+03    1.4225385530e-01
    1.7000000000e+03    1.0482101911e-01
    1.8000000000e+03    1.8827919017e-01
    1.9000000000e+03    1.1245962392e-01
    2.0000000000e+03    1.0574688885e-01
    2.1000000000e+03    1.0356448131e-01
    2.2000000000e+03    9.4149076549e-02
    2.3000000000e+03    1.1170832360e-01
    2.4000000000e+03    1.3975231157e-01
    2.5000000000e+03    1.1135048022e-01
    2.6000000000e+03    8.3540314958e-02
    2.7000000000e+03    9.6092225862e-02
    2.8000000000e+03    1.0702966382e-01
    2.9000000000e+03    1.3248380796e-01
    3.0000000000e+03    1.1451223707e-01
    3.1000000000e+03    1.4897904974e-01
    3.2000000000e+03    1.2040270016e-01
    3.3000000000e+03    8.6865806299e-02
    3.4000000000e+03    1.3471013688e-01
    3.5000000000e+03    1.0065487638e-01
    3.6000000000e+03    1.1080897681e-01
    3.7000000000e+03    9.8313434028e-02
    3.8000000000e+03    9.1140011257e-02
    3.9000000000e+03    8.7033371781e-02
    4.0000000000e+03    1.1309174052e-01
    4.1000000000e+03    1.1824979141e-01
    4.2000000000e+03    1.4412673304e-01
    4.3000000000e+03    1.0398313092e-01
    4.4000000000e+03    9.2376954338e-02
    4.5000000000e+03    9.2819816123e-02
    4.6000000000e+03    1.1346995647e-01
    4.7000000000e+03    1.2208133182e-01
    4.8000000000e+03    1.0685465063e-01
    4.9000000000e+03    1.2244731104e-01
    5.0000000000e+03    1.1553608271e-01
    5.1000000000e+03    1.0286217952e-01
    5.2000000000e+03    9.0725373121e-02
    5.3000000000e+03    1.2265877569e-01
    5.4000000000e+03    9.6656133803e-02
    5.5000000000e+03    1.0233427071e-01
    5.6000000000e+03    1.1923066875e-01
    5.7000000000e+03    1.2904254690e-01
    5.8000000000e+03    1.0795430856e-01
    5.9000000000e+03    9.3611827247e-02
    6.0000000000e+03    8.8891931785e-02
    6.1000000000e+03    8.3873929311e-02
    6.2000000000e+03    1.0106443939e-01
    6.3000000000e+03    9.3212703347e-02
    6.4000000000e+03    1.1208105791e-01
    6.5000000000e+03    1.4795653568e-01
    6.6000000000e+03    1.4885898974e-01
    6.7000000000e+03    1.2792764515e-01
    6.8000000000e+03    1.4351799669e-01
    6.9000000000e+03    1.5539983412e-01
    7.0000000000e+03    1.2887550372e-01
    7.1000000000e+03    1.1405064739e-01
    7.2000000000e+03    1.1758093146e-01
    7.3000000000e+03    1.1004460815e-01
    7.4000000000e+03    1.2222010434e-01
    7.5000000000e+03    9.3059296797e-02
    7.6000000000e+03    1.1352328286e-01
    7.7000000000e+03    1.0093458178e-01
    7.8000000000e+03    9.8554116601e-02
    7.9000000000e+03    1.2033481898e-01
    8.0000000000e+03    1.1023502721e-01
    8.1000000000e+03    1.2318594943e-01
    8.2000000000e+03    1.1555816625e-01
    8.3000000000e+03    1.1083015304e-01
    8.4000000000e+03    1.3199542043e-01
    8.5000000000e+03    1.0720658038e-01
    8.6000000000e+03    1.1492073183e-01
    8.7000000000e+03    1.2384031673e-01
    8.8000000000e+03    1.5607744906e-01
    8.9000000000e+03    1.7669625082e-01
    9.0000000000e+03    9.7108776903e-02
    9.1000000000e+03    1.1082788761e-01
    9.2000000000e+03    1.0424330897e-01
    9.3000000000e+03    1.2355687083e-01
    9.4000000000e+03    1.3363965201e-01
    9.5000000000e+03    1.4249709538e-01
    9.6000000000e+03    9.5028694881e-02
    9.7000000000e+03    9.7664667513e-02
    9.8000000000e+03    9.6685985234e-02
    9.9000000000e+03    9.4181179887e-02
    1.0000000000e+04    1.4049745263e-01
    1.0100000000e+04    1.2629145587e-01
    1.0200000000e+04    1.0009161265e-01
    1.0300000000e+04    1.0971347386e-01
    1.0400000000e+04    9.3920870435e-02
    1.0500000000e+04    1.0636896913e-01
    1.0600000000e+04    1.1434482290e-01
    1.0700000000e+04    1.1832503132e-01
    1.0800000000e+04    1.1157291558e-01
    1.0900000000e+04    1.3592584714e-01
    1.1000000000e+04    1.0797704695e-01
    1.1100000000e+04    1.1101291145e-01
    1.1200000000e+04    1.3172990461e-01
    1.1300000000e+04    1.3408518780e-01
    1.1400000000e+04    1.2978053088e-01
    1.1500000000e+04    9.9000247717e-02
    1.1600000000e+04    1.0270117134e-01
    1.1700000000e+04    9.7253462097e-02
    1.1800000000e+04    1.1157762201e-01
    1.1900000000e+04    9.7831284250e-02
    1.2000000000e+04    1.1390326243e-01
    1.2100000000e+04    1.2383357081e-01
    1.2200000000e+04    1.0322679349e-01
    1.2300000000e+04    1.0384704112e-01
    1.2400000000e+04    9.0043566032e-02
    1.2500000000e+04    1.0409492781e-01
    1.2600000000e+04    1.1042173074e-01
    1.2700000000e+04    1.3292580699e-01
    1.2800000000e+04    9.4239909416e-02
    1.2900000000e+04    9.7302685613e-02
    1.3000000000e+04    1.0677682935e-01
    1.3100000000e+04    1.0364390682e-01
    1.3200000000e+04    1.1802493024e-01
    1.3300000000e+04    9.4139369553e-02
    1.3400000000e+04    9.1544376361e-02
    1.3500000000e+04    1.2497781275e-01
    1.3600000000e+04    1.0409539153e-01
    1.3700000000e+04    8.3002071855e-02
    1.3800000000e+04    1.3251592464e-01
    1.3900000000e+04    1.2043921205e-01
    1.4000000000e+04    9.2283048346e-02
    1.4100000000e+04    1.0155838828e-01
    1.4200000000e+04    8.4514611531e-02
    1.4300000000e+04    1.5546405479e-01
    1.4400000000e+04    1.4560218071e-01
    1.4500000000e+04    1.2561442819e-01
    1.4600000000e+04    9.1987879451e-02
    1.4700000000e+04    9.7219183854e-02
    1.4800000000e+04    8.2727717420e-02
    1.4900000000e+04    1.1563916332e-01
    1.5000000000e+04    1.3225501336e-01
    1.5100000000e+04    1.1203398657e-01
    1.5200000000e+04    1.0368480612e-01
    1.5300000000e+04    1.0350132525e-01
    1.5400000000e+04    1.3876155044e-01
    1.5500000000e+04    1.0340527960e-01
    1.5600000000e+04    1.1980763765e-01
    1.5700000000e+04    1.4630862306e-01
    1.5800000000e+04    1.3460650527e-01
    1.5900000000e+04    1.1457551096e-01
    1.6000000000e+04    1.1115051883e-01
    1.6100000000e+04    9.7475659567e-02
    1.6200000000e+04    1.4608410440e-01
    1.6300000000e+04    1.3966229362e-01
    1.6400000000e+04    1.2025586536e-01
    1.6500000000e+04    9.1590397752e-02
    1.6600000000e+04    9.8222297247e-02
    1.6700000000e+04    1.0910356958e-01
    1.6800000000e+04    1.2500831651e-01
    1.6900000000e+04    1.2018430925e-01
    1.7000000000e+04    9.8580544839e-02
    1.7100000000e+04    9.8511774085e-02
    1.7200000000e+04    1.0444836104e-01
    1.7300000000e+04    8.4803760040e-02
    1.7400000000e+04    8.7691167632e-02
    1.7500000000e+04    9.2156262741e-02
    1.7600000000e+04    9.5593589049e-02
    1.7700000000e+04    1.1888398248e-01
    1.7800000000e+04    1.0111371015e-01
    1.7900000000e+04    1.1410734516e-01
    1.8000000000e+04    1.0526527049e-01
    1.8100000000e+04    1.1422035392e-01
    1.8200000000e+04    1.1101747304e-01
    1.8300000000e+04    1.0299612609e-01
    1.8400000000e+04    1.0299089847e-01
    1.8500000000e+04    1.0116435059e-01
    1.8600000000e+04    1.0995692281e-01
    1.8700000000e+04    1.0959650668e-01
    1.8800000000e+04    1.2573197553e-01
    1.8900000000e+04    1.0370005194e-01
    1.9000000000e+04    1.1013295994e-01
    1.9100000000e+04    9.3774609073e-02
    1.9200000000e+04    1.0894372343e-01
    1.9300000000e+04    8.6544368460e-02
    1.9400000000e+04    8.8521433590e-02
    1.9500000000e+04    1.1982700855e-01
    1.9600000000e+04    1.0940711349e-01
    1.9700000000e+04    1.1196254885e-01
    1.9800000000e+04    1.0208180384e-01
    1.9900000000e+04    1.4628236864e-01
    2.0000000000e+04    1.1723549229e-01
    2.0100000000e+04    1.3335638098e-01
    2.0200000000e+04    1.0798249776e-01
    2.0300000000e+04    1.2009798274e-01
    2.0400000000e+04    1.1490564266e-01
    2.0500000000e+04    1.2935162808e-01
    2.0600000000e+04    1.1033399663e-01
    2.0700000000e+04    1.0216866547e-01
    2.0800000000e+04    1.1305525355e-01
    2.0900000000e+04    1.0408634633e-01
    2.1000000000e+04    1.1100793474e-01
    2.1100000000e+04    1.2478928627e-01
    2.1200000000e+04    1.1954947829e-01
    2.1300000000e+04    1.2542356617e-01
    2.1400000000e+04    1.4062793931e-01
    2.1500000000e+04    1.2761185544e-01
    2.1600000000e+04    1.2149693153e-01
    2.1700000000e+04    1.1068201991e-01
    2.1800000000e+04    1.0064586485e-01
    2.1900000000e+04    1.1924427749e-01
    2.2000000000e+04    9.8020762755e-02
    2.2100000000e+04    1.1055336340e-01
    2.2200000000e+04    1.0919541191e-01
    2.2300000000e+04    9.6763222908e-02
    2.2400000000e+04    1.1968121947e-01
    2.2500000000e+04    1.0508590821e-01
    2.2600000000e+04    1.2000897484e-01
    2.2700000000e+04    1.2989792271e-01
    2.2800000000e+04    1.3040940926e-01
    2.2900000000e+04    1.4132692491e-01
    2.3000000000e+04    1.2950913288e-01
    2.3100000000e+04    1.3706228311e-01
    2.3200000000e+04    1.1106576877e-01
    2.3300000000e+04    9.6870757021e-02
    2.3400000000e+04    9.7003068138e-02
    2.3500000000e+04    1.0086301151e-01
    2.3600000000e+04    1.0381469093e-01
    2.3700000000e+04    9.4469140851e-02
    2.3800000000e+04    1.0370731780e-01
    2.3900000000e+04    1.1014497022e-01
    2.4000000000e+04    1.5960253748e-01
    2.4100000000e+04    1.3955738317e-01
    2.4200000000e+04    1.3534484865e-01
    2.4300000000e+04    9.4198057458e-02
    2.4400000000e+04    1.1848429245e-01
    2.4500000000e+04    1.0108523220e-01
    2.4600000000e+04    8.6126487193e-02
    2.4700000000e+04    8.8124058702e-02
    2.4800000000e+04    1.0217090202e-01
    2.4900000000e+04    1.2337875599e-01
    2.5000000000e+04    1.3061883417e-01
    2.5100000000e+04    9.5612446522e-02
    2.5200000000e+04    9.0790306622e-02
    2.5300000000e+04    1.0388401632e-01
    2.5400000000e+04    1.1341669232e-01
    2.5500000000e+04    1.0375677513e-01
    2.5600000000e+04    1.1082827066e-01
    2.5700000000e+04    1.0649320229e-01
    2.5800000000e+04    1.0468645053e-01
    2.5900000000e+04    1.0487234185e-01
    2.6000000000e+04    1.3026946951e-01
    2.6100000000e+04    1.0083354428e-01
    2.6200000000e+04    1.2761522398e-01
    2.6300000000e+04    9.6773825223e-02
    2.6400000000e+04    1.3229199066e-01
    2.6500000000e+04    1.1035034171e-01
    2.6600000000e+04    1.1110808723e-01
    2.6700000000e+04    1.1094946898e-01
    2.6800000000e+04    1.1668585337e-01
    2.6900000000e+04    1.2724225967e-01
    2.7000000000e+04    1.1699250813e-01
    2.7100000000e+04    1.1663612844e-01
    2.7200000000e+04    1.0334023098e-01
    2.7300000000e+04    1.2170286364e-01
    2.7400000000e+04    8.9576848340e-02
    2.7500000000e+04    1.0348529718e-01
    2.7600000000e+04    9.3088303668e-02
    2.7700000000e+04    1.0013882060e-01
    2.7800000000e+04    1.3211781301e-01
    2.7900000000e+04    1.1735738582e-01
    2.8000000000e+04    9.9531048186e-02
    2.8100000000e+04    1.0184615454e-01
    2.8200000000e+04    9.7859816761e-02
    2.8300000000e+04    1.2707852721e-01
    2.8400000000e+04    1.6517415575e-01
    2.8500000000e+04    1.1142333036e-01
    2.8600000000e+04    1.2335431409e-01
    2.8700000000e+04    1.3707376578e-01
    2.8800000000e+04    9.8127779171e-02
    2.8900000000e+04    1.1545018061e-01
    2.9000000000e+04    8.8927557338e-02
    2.9100000000e+04    8.6562508417e-02
    2.9200000000e+04    8.2171209489e-02
    2.9300000000e+04    9.9277412190e-02
    2.9400000000e+04    1.1216207193e-01
    2.9500000000e+04    1.0328071666e-01
    2.9600000000e+04    1.1758154066e-01
    2.9700000000e+04    1.1359922137e-01
    2.9800000000e+04    1.0339889403e-01
    2.9900000000e+04    1.2416706783e-01
    3.0000000000e+04    1.5037937151e-01
    3.0100000000e+04    1.1789481081e-01
    3.0200000000e+04    1.0091330885e-01
    3.0300000000e+04    1.1429109562e-01
    3.0400000000e+04    1.1356721209e-01
    3.0500000000e+04    8.9327086069e-02
    3.0600000000e+04    8.7273321196e-02
    3.0700000000e+04    8.5226255806e-02
    3.0800000000e+04    1.1941011773e-01
    3.0900000000e+04    1.0547271599e-01
    3.1000000000e+04    1.0215023932e-01
    3.1100000000e+04    1.0258331340e-01
    3.1200000000e+04    1.0578401158e-01
    3.1300000000e+04    1.0460412776e-01
    3.1400000000e+04    1.0487196257e-01
    3.1500000000e+04    1.0407208779e-01
    3.1600000000e+04    1.0532196492e-01
    3.1700000000e+04    9.1391687197e-02
    3.1800000000e+04    9.4914900429e-02
    3.1900000000e+04    7.3658120394e-02
    3.2000000000e+04    1.1255281935e-01
    3.2100000000e+04    8.2748829255e-02
    3.2200000000e+04    8.9927123571e-02
    3.2300000000e+04    1.0037429940e-01
    3.2400000000e+04    1.0225993617e-01
    3.2500000000e+04    1.2815663139e-01
    3.2600000000e+04    9.9063103374e-02
    3.2700000000e+04    1.2854656227e-01
    3.2800000000e+04    1.1520872321e-01
    3.2900000000e+04    1.4083446440e-01
    3.3000000000e+04    1.0674310789e-01
    3.3100000000e+04    1.3645213892e-01
    3.3200000000e+04    1.0496984488e-01
    3.3300000000e+04    1.0718319148e-01
    3.3400000000e+04    1.1989363880e-01
    3.3500000000e+04    1.0883164293e-01
    3.3600000000e+04    1.0911008724e-01
    3.3700000000e+04    1.0045238316e-01
    3.3800000000e+04    1.0637444373e-01
    3.3900000000e+04    1.0506921547e-01
    3.4000000000e+04    1.0128096526e-01
    3.4100000000e+04    1.0380103773e-01
    3.4200000000e+04    8.2582065732e-02
    3.4300000000e+04    1.1607465316e-01
    3.4400000000e+04    1.2284600441e-01
    3.4500000000e+04    1.1086918029e-01
    3.4600000000e+04    1.2480543655e-01
    3.4700000000e+04    1.1736853951e-01
    3.4800000000e+04    1.2406032683e-01
    3.4900000000e+04    1.3223112153e-01
    3.5000000000e+04    1.2550965693e-01
    3.5100000000e+04    1.0424562969e-01
    3.5200000000e+04    1.0461286879e-01
    3.5300000000e+04    9.1542336087e-02
    3.5400000000e+04    1.0830261289e-01
    3.5500000000e+04    1.0739351966e-01
    3.5600000000e+04    9.4609855698e-02
    3.5700000000e+04    1.1080582968e-01
    3.5800000000e+04    8.4465285387e-02
    3.5900000000e+04    1.6246792601e-01
    3.6000000000e+04    1.0319271966e-01
    3.6100000000e+04    1.3902968376e-01
    3.6200000000e+04    1.0536557448e-01
    3.6300000000e+04    1.1131650703e-01
    3.6400000000e+04    1.2196770487e-01
    3.6500000000e+04    1.2115225728e-01
    3.6600000000e+04    1.2882185733e-01
    3.6700000000e+04    2.0866697788e-01
    3.6800000000e+04    1.2327221458e-01
    3.6900000000e+04    1.2483344927e-01
    3.7000000000e+04    1.2940563659e-01
    3.7100000000e+04    1.4059333488e-01
    3.7200000000e+04    1.5498303658e-01
    3.7300000000e+04    1.2549416190e-01
    3.7400000000e+04    1.2746264102e-01
    3.7500000000e+04    1.4295456273e-01
    3.7600000000e+04    1.3768353744e-01
    3.7700000000e+04    1.1337689578e-01
    3.7800000000e+04    1.1603361520e-01
    3.7900000000e+04    1.0219154371e-01
    3.8000000000e+04    1.3938937244e-01
    3.8100000000e+04    1.1868853584e-01
    3.8200000000e+04    1.2628485936e-01
    3.8300000000e+04    1.1635236741e-01
    3.8400000000e+04    1.0117378159e-01
    3.8500000000e+04    1.0217631230e-01
    3.8600000000e+04    1.0964316032e-01
    3.8700000000e+04    1.4986791320e-01
    3.8800000000e+04    8.4043714224e-02
    3.8900000000e+04    1.1108205441e-01
    3.9000000000e+04    1.0061289483e-01
    3.9100000000e+04    1.0070090307e-01
    3.9200000000e+04    1.0998797249e-01
    3.9300000000e+04    1.2595232913e-01
    3.9400000000e+04    1.0084915553e-01
    3.9500000000e+04    1.4022970428e-01
    3.9600000000e+04    1.3130183000e-01
    3.9700000000e+04    1.4354165558e-01
    3.9800000000e+04    9.9264481766e-02
    3.9900000000e+04    1.2972773677e-01
    4.0000000000e+04    9.6738493647e-02
    4.0100000000e+04    1.0346066212e-01
    4.0200000000e+04    1.1520490236e-01
    4.0300000000e+04    1.2804825029e-01
    4.0400000000e+04    1.0455382636e-01
    4.0500000000e+04    1.2089842460e-01
    4.0600000000e+04    1.1842147491e-01
    4.0700000000e+04    1.5448391023e-01
    4.0800000000e+04    1.7175580261e-01
    4.0900000000e+04    1.2635147400e-01
    4.1000000000e+04    1.3847516219e-01
    4.1100000000e+04    1.0359868554e-01
    4.1200000000e+04    1.1232636755e-01
    4.1300000000e+04    1.3608012591e-01
    4.1400000000e+04    9.4374142601e-02
    4.1500000000e+04    1.0989730904e-01
    4.1600000000e+04    1.1575789069e-01
    4.1700000000e+04    1.0779662434e-01
    4.1800000000e+04    1.0915052771e-01
    4.1900000000e+04    1.1226818967e-01
    4.2000000000e+04    1.0720937335e-01
    4.2100000000e+04    7.9718037814e-02
    4.2200000000e+04    7.7522440447e-02
    4.2300000000e+04    8.9163370435e-02
    4.2400000000e+04    1.2838016726e-01
    4.2500000000e+04    1.7676912109e-01
    4.2600000000e+04    1.5443947127e-01
    4.2700000000e+04    1.7008546254e-01
    4.2800000000e+04    1.5069389217e-01
    4.2900000000e+04    1.8000332280e-01
    4.3000000000e+04    1.4458077828e-01
    4.3100000000e+04    1.5830406278e-01
    4.3200000000e+04    1.1767646228e-01
    4.3300000000e+04    8.9777473953e-02
    4.3400000000e+04    9.5780580300e-02
    4.3500000000e+04    1.2981696969e-01
    4.3600000000e+04    9.1818526184e-02
    4.3700000000e+04    1.1237191486e-01
    4.3800000000e+04    1.0581606715e-01
    4.3900000000e+04    1.2319373418e-01
    4.4000000000e+04    1.2213936308e-01
    4.4100000000e+04    1.1017725620e-01
    4.4200000000e+04    1.2400450890e-01
    4.4300000000e+04    1.4723484658e-01
    4.4400000000e+04    1.3998098021e-01
    4.4500000000e+04    1.3652635820e-01
    4.4600000000e+04    1.3578353985e-01
    4.4700000000e+04    1.1539610622e-01
    4.4800000000e+04    1.0978632460e-01
    4.4900000000e+04    1.2699735399e-01
    4.5000000000e+04    9.6073003429e-02
    4.5100000000e+04    1.0675249429e-01
    4.5200000000e+04    1.1311082015e-01
    4.5300000000e+04    4.0362719098e-01
    4.5400000000e+04    1.3113215716e-01
    4.5500000000e+04    1.4003920177e-01
    4.5600000000e+04    1.3972713872e-01
    4.5700000000e+04    1.4424470359e-01
    4.5800000000e+04    1.3765350349e-01
    4.5900000000e+04    1.0823279016e-01
    4.6000000000e+04    1.1641084581e-01
    4.6100000000e+04    9.5052616943e-02
    4.6200000000e+04    8.0600202891e-02
    4.6300000000e+04    1.1305966855e-01
    4.6400000000e+04    1.1820591213e-01
    4.6500000000e+04    1.2693388594e-01
    4.6600000000e+04    1.2851694350e-01
    4.6700000000e+04    1.3000102532e-01
    4.6800000000e+04    1.5177315943e-01
    4.6900000000e+04    1.1734862248e-01
    4.7000000000e+04    1.0506763739e-01
    4.7100000000e+04    1.2463906017e-01
    4.7200000000e+04    1.0281181791e-01
    4.7300000000e+04    1.1303623000e-01
    4.7400000000e+04    1.1757238024e-01
    4.7500000000e+04    1.1502158570e-01
    4.7600000000e+04    1.4671738915e-01
    4.7700000000e+04    1.5570071722e-01
    4.7800000000e+04    1.0739071893e-01
    4.7900000000e+04    1.2329045894e-01
    4.8000000000e+04    1.6326391219e-01
    4.8100000000e+04    1.2538957199e-01
    4.8200000000e+04    1.0145460324e-01
    4.8300000000e+04    1.0615652886e-01
    4.8400000000e+04    1.3169823537e-01
    4.8500000000e+04    1.2895991443e-01
    4.8600000000e+04    2.7601237113e-01
    4.8700000000e+04    2.1250230972e-01
    4.8800000000e+04    1.2959169276e-01
    4.8900000000e+04    1.1060090618e-01
    4.9000000000e+04    9.7707547699e-02
    4.9100000000e+04    1.1101522974e-01
    4.9200000000e+04    1.0978686408e-01
    4.9300000000e+04    9.5079587607e-02
    4.9400000000e+04    1.5590348368e-01
    4.9500000000e+04    1.7324896601e-01
    4.9600000000e+04    1.3399283880e-01
    4.9700000000e+04    9.9682697631e-02
    4.9800000000e+04    1.1314793772e-01
    4.9900000000e+04    1.0149109566e-01
    5.0000000000e+04    1.0081075329e-01
    5.0100000000e+04    1.3410431200e-01
    5.0200000000e+04    3.0248954286e-01
    5.0300000000e+04    1.8512785742e-01
    5.0400000000e+04    1.4562248270e-01
    5.0500000000e+04    1.1541997617e-01
    5.0600000000e+04    8.9960147498e-02
    5.0700000000e+04    1.0988505002e-01
    5.0800000000e+04    1.1296128586e-01
    5.0900000000e+04    1.0277667443e-01
    5.1000000000e+04    1.4424042842e-01
    5.1100000000e+04    1.3466745311e-01
    5.1200000000e+04    1.3749568519e-01
    5.1300000000e+04    1.2843857771e-01
    5.1400000000e+04    1.1359958086e-01
    5.1500000000e+04    1.4138462527e-01
    5.1600000000e+04    2.0445334052e-01
    5.1700000000e+04    9.7685025901e-02
    5.1800000000e+04    9.8887322663e-02
    5.1900000000e+04    1.1529830712e-01
    5.2000000000e+04    1.3820616829e-01
    5.2100000000e+04    1.1095167676e-01
    5.2200000000e+04    1.0073595452e-01
    5.2300000000e+04    1.1396987166e-01
    5.2400000000e+04    1.0154084137e-01
    5.2500000000e+04    1.1574475196e-01
    5.2600000000e+04    1.2125878632e-01
    5.2700000000e+04    1.5242698996e-01
    5.2800000000e+04    1.5266729292e-01
    5.2900000000e+04    1.3283182914e-01
    5.3000000000e+04    1.7523303282e-01
    5.3100000000e+04    1.0066810830e-01
    5.3200000000e+04    1.4242420673e-01
    5.3300000000e+04    1.1030591913e-01
    5.3400000000e+04    1.1995379600e-01
    5.3500000000e+04    1.2302225796e-01
    5.3600000000e+04    1.0468730912e-01
    5.3700000000e+04    1.1511626268e-01
    5.3800000000e+04    1.4201350678e-01
    5.3900000000e+04    1.1414414903e-01
    5.4000000000e+04    1.4408672143e-01
    5.4100000000e+04    1.1015271859e-01
    5.4200000000e+04    1.3494170110e-01
    5.4300000000e+04    1.1328260187e-01
    5.4400000000e+04    1.0547243643e-01
    5.4500000000e+04    9.3146199276e-02
    5.4600000000e+04    9.3734543792e-02
    5.4700000000e+04    8.9919593424e-02
    5.4800000000e+04    1.2420378033e-01
    5.4900000000e+04    1.2324067937e-01
    5.5000000000e+04    1.3057230302e-01
    5.5100000000e+04    1.3136593987e-01
    5.5200000000e+04    1.0860863528e-01
    5.5300000000e+04    1.2184113452e-01
    5.5400000000e+04    1.6561677739e-01
    5.5500000000e+04    1.1897704798e-01
    5.5600000000e+04    1.3032736637e-01
    5.5700000000e+04    1.2293644350e-01
    5.5800000000e+04    9.2675949882e-02
    5.5900000000e+04    1.6251538864e-01
    5.6000000000e+04    9.4477339117e-02
    5.6100000000e+04    9.2422820444e-02
    5.6200000000e+04    1.0907219874e-01
    5.6300000000e+04    1.6290835281e-01
    5.6400000000e+04    1.2690380367e-01
    5.6500000000e+04    1.2234799056e-01
    5.6600000000e+04    1.0159106125e-01
    5.6700000000e+04    1.1909186212e-01
    5.6800000000e+04    1.4415086125e-01
    5.6900000000e+04    1.3637258205e-01
    5.7000000000e+04    1.0929633121e-01
    5.7100000000e+04    8.6076549439e-02
    5.7200000000e+04    1.0197393043e-01
    5.7300000000e+04    1.3840896935e-01
    5.7400000000e+04    1.7535236946e-01
    5.7500000000e+04    1.1068178105e-01
    5.7600000000e+04    1.5507571690e-01
    5.7700000000e+04    1.4059124454e-01
    5.7800000000e+04    1.2227002076e-01
    5.7900000000e+04    1.0689418960e-01
    5.8000000000e+04    9.6801820158e-02
    5.8100000000e+04    1.0571893175e-01
    5.8200000000e+04    1.0501513679e-01
    5.8300000000e+04    1.0999644291e-01
    5.8400000000e+04    8.7830157892e-02
    5.8500000000e+04    1.2046909531e-01
    5.8600000000e+04    1.2278653769e-01
    5.8700000000e+04    1.2315954102e-01
    5.8800000000e+04    1.0629821603e-01
    5.8900000000e+04    1.3690716276e-01
    5.9000000000e+04    1.1558608790e-01
    5.9100000000e+04    1.0656627205e-01
    5.9200000000e+04    1.3187599342e-01
    5.9300000000e+04    1.3629633422e-01
    5.9400000000e+04    1.5010346568e-01
    5.9500000000e+04    1.3388515701e-01
    5.9600000000e+04    1.1828604097e-01
    5.9700000000e+04    1.1277207033e-01
    5.9800000000e+04    1.4450699661e-01
    5.9900000000e+04    1.0960667812e-01
    6.0000000000e+04    9.7222655101e-02
    6.0100000000e+04    1.1410025454e-01
    6.0200000000e+04    1.0199983527e-01
    6.0300000000e+04    1.1462427200e-01
    6.0400000000e+04    9.0412026546e-02
    6.0500000000e+04    9.3729664521e-02
    6.0600000000e+04    9.6221517152e-02
    6.0700000000e+04    1.0756470729e-01
    6.0800000000e+04    9.7550616288e-02
    6.0900000000e+04    1.0601369179e-01
    6.1000000000e+04    1.9195077383e-01
    6.1100000000e+04    1.2918616741e-01
    6.1200000000e+04    1.0925730257e-01
    6.1300000000e+04    1.3045220848e-01
    6.1400000000e+04    1.2672386124e-01
    6.1500000000e+04    1.0923205829e-01
    6.1600000000e+04    1.0795156016e-01
    6.1700000000e+04    9.7919425045e-02
    6.1800000000e+04    9.7182143045e-02
    6.1900000000e+04    1.0476916006e-01
    6.2000000000e+04    1.3101419592e-01
    6.2100000000e+04    1.3690833016e-01
    6.2200000000e+04    1.0839693997e-01
    6.2300000000e+04    1.1153168530e-01
    6.2400000000e+04    1.2825058588e-01
    6.2500000000e+04    1.2720880019e-01
    6.2600000000e+04    1.1975145054e-01
    6.2700000000e+04    9.8735644175e-02
    6.2800000000e+04    1.1145226005e-01
    6.2900000000e+04    1.2425571345e-01
    6.3000000000e+04    1.5736804703e-01
    6.3100000000e+04    1.1031030793e-01
    6.3200000000e+04    1.2851790522e-01
    6.3300000000e+04    1.1887051247e-01
    6.3400000000e+04    1.1122368494e-01
    6.3500000000e+04    1.3126973754e-01
    6.3600000000e+04    1.0822346356e-01
    6.3700000000e+04    1.1540787215e-01
    6.3800000000e+04    1.3179599307e-01
    6.3900000000e+04    1.1925535556e-01
    6.4000000000e+04    9.6771173209e-02
    6.4100000000e+04    1.0796913581e-01
    6.4200000000e+04    1.2545536467e-01
    6.4300000000e+04    1.0350609937e-01
    6.4400000000e+04    9.3001834458e-02
    6.4500000000e+04    1.0824202270e-01
    6.4600000000e+04    1.7760407075e-01
    6.4700000000e+04    1.4686565839e-01
    6.4800000000e+04    1.2407834812e-01
    6.4900000000e+04    1.1100653791e-01
    6.5000000000e+04    8.5243502444e-02
    6.5100000000e+04    1.1269076520e-01
    6.5200000000e+04    1.3878900922e-01
    6.5300000000e+04    1.3209552251e-01
    6.5400000000e+04    1.3964667137e-01
    6.5500000000e+04    1.3404312287e-01
    6.5600000000e+04    1.1223067310e-01
    6.5700000000e+04    9.8769708981e-02
    6.5800000000e+04    1.0144002036e-01
    6.5900000000e+04    1.0013271349e-01
    6.6000000000e+04    9.3611398422e-02
    6.6100000000e+04    1.4510991897e-01
    6.6200000000e+04    1.3620392253e-01
    6.6300000000e+04    1.3546609850e-01
    6.6400000000e+04    1.0274628103e-01
    6.6500000000e+04    1.3326745759e-01
    6.6600000000e+04    1.5047094467e-01
    6.6700000000e+04    1.4878426198e-01
    6.6800000000e+04    9.0958611980e-02
    6.6900000000e+04    1.3024569369e-01
    6.7000000000e+04    1.1039921827e-01
    6.7100000000e+04    8.5473633453e-02
    6.7200000000e+04    9.7551864301e-02
    6.7300000000e+04    8.5059908166e-02
    6.7400000000e+04    1.2375762771e-01
    6.7500000000e+04    1.4188890020e-01
    6.7600000000e+04    1.3607093025e-01
    6.7700000000e+04    1.1192154055e-01
    6.7800000000e+04    1.2793763052e-01
    6.7900000000e+04    1.1369647673e-01
    6.8000000000e+04    1.0429707242e-01
    6.8100000000e+04    9.2264038696e-02
    6.8200000000e+04    1.0315499180e-01
    6.8300000000e+04    9.4244441643e-02
    6.8400000000e+04    1.1056625933e-01
    6.8500000000e+04    1.3439877237e-01
    6.8600000000e+04    1.4020738518e-01
    6.8700000000e+04    1.5200145011e-01
    6.8800000000e+04    1.6952398408e-01
    6.8900000000e+04    1.5121058286e-01
    6.9000000000e+04    1.4120426743e-01
    6.9100000000e+04    1.0357444582e-01
    6.9200000000e+04    9.3410809833e-02
    6.9300000000e+04    1.1059998061e-01
    6.9400000000e+04    1.0395864503e-01
    6.9500000000e+04    9.8063065578e-02
    6.9600000000e+04    1.2507496336e-01
    6.9700000000e+04    1.7738274528e-01
    6.9800000000e+04    1.3378942550e-01
    6.9900000000e+04    1.5596446883e-01
    7.0000000000e+04    1.1740538479e-01
    7.0100000000e+04    1.4717307958e-01
    7.0200000000e+04    1.3920424151e-01
    7.0300000000e+04    1.2101315038e-01
    7.0400000000e+04    1.0426770942e-01
    7.0500000000e+04    1.4720666317e-01
    7.0600000000e+04    1.6543301682e-01
    7.0700000000e+04    1.4650884688e-01
    7.0800000000e+04    1.4902698856e-01
    7.0900000000e+04    1.2775676840e-01
    7.1000000000e+04    1.4094274147e-01
    7.1100000000e+04    1.2953557909e-01
    7.1200000000e+04    1.0435946648e-01
    7.1300000000e+04    1.3055996256e-01
    7.1400000000e+04    1.3001332214e-01
    7.1500000000e+04    1.5426856666e-01
    7.1600000000e+04    1.2542444873e-01
    7.1700000000e+04    1.2045860934e-01
    7.1800000000e+04    1.5708758805e-01
    7.1900000000e+04    1.1203242606e-01
    7.2000000000e+04    7.8106991490e-02
    7.2100000000e+04    1.0931083687e-01
    7.2200000000e+04    1.2063327536e-01
    7.2300000000e+04    1.1147967390e-01
    7.2400000000e+04    1.0336386789e-01
    7.2500000000e+04    1.1085708535e-01
    7.2600000000e+04    1.1622944348e-01
    7.2700000000e+04    1.0950247704e-01
    7.2800000000e+04    9.4408299560e-02
    7.2900000000e+04    1.0738438999e-01
    7.3000000000e+04    1.2240147633e-01
    7.3100000000e+04    1.0760104244e-01
    7.3200000000e+04    9.4598971688e-02
    7.3300000000e+04    9.9646197969e-02
    7.3400000000e+04    1.1492125410e-01
    7.3500000000e+04    1.9241255799e-01
    7.3600000000e+04    1.5440672767e-01
    7.3700000000e+04    1.3551897948e-01
    7.3800000000e+04    1.2162625762e-01
    7.3900000000e+04    1.4866169157e-01
    7.4000000000e+04    1.4598604313e-01
    7.4100000000e+04    1.4657890325e-01
    7.4200000000e+04    9.6393711473e-02
    7.4300000000e+04    1.0767555845e-01
    7.4400000000e+04    1.2817897257e-01
    7.4500000000e+04    9.1157352644e-02
    7.4600000000e+04    9.7739561031e-02
    7.4700000000e+04    9.5757663580e-02
    7.4800000000e+04    1.0870879629e-01
    7.4900000000e+04    1.1947078291e-01
    7.5000000000e+04    1.0896826492e-01
    7.5100000000e+04    1.6608894937e-01
    7.5200000000e+04    1.4524406569e-01
    7.5300000000e+04    9.9895458946e-02
    7.5400000000e+04    1.1954607696e-01
    7.5500000000e+04    9.4709441059e-02
    7.5600000000e+04    9.6027833372e-02
    7.5700000000e+04    9.6166038008e-02
    7.5800000000e+04    1.0111846302e-01
    7.5900000000e+04    1.0381321738e-01
    7.6000000000e+04    1.5243735941e-01
    7.6100000000e+04    1.0738265440e-01
    7.6200000000e+04    1.0619334152e-01
    7.6300000000e+04    1.0057244152e-01
    7.6400000000e+04    1.2461884112e-01
    7.6500000000e+04    1.0661818492e-01
    7.6600000000e+04    1.0042585881e-01
    7.6700000000e+04    1.0149148565e-01
    7.6800000000e+04    1.1041924938e-01
    7.6900000000e+04    1.5705932989e-01
    7.7000000000e+04    1.3608246142e-01
    7.7100000000e+04    1.2101931662e-01
    7.7200000000e+04    9.6294037027e-02
    7.7300000000e+04    1.1683203619e-01
    7.7400000000e+04    7.8701211539e-02
    7.7500000000e+04    1.0163952035e-01
    7.7600000000e+04    1.0579841741e-01
    7.7700000000e+04    8.4609112277e-02
    7.7800000000e+04    8.3518141192e-02
    7.7900000000e+04    1.0003370255e-01
    7.8000000000e+04    1.7481751123e-01
    7.8100000000e+04    1.5978136015e-01
    7.8200000000e+04    1.0143882677e-01
    7.8300000000e+04    1.0279503694e-01
    7.8400000000e+04    1.7263504018e-01
    7.8500000000e+04    1.3518460962e-01
    7.8600000000e+04    1.0519339981e-01
    7.8700000000e+04    1.5490407898e-01
    7.8800000000e+04    1.0764340379e-01
    7.8900000000e+04    1.2132588191e-01
    7.9000000000e+04    1.0206017605e-01
    7.9100000000e+04    9.8214408217e-02
    7.9200000000e+04    1.3701240921e-01
    7.9300000000e+04    1.0200501868e-01
    7.9400000000e+04    1.7064273619e-01
    7.9500000000e+04    1.6142500172e-01
    7.9600000000e+04    1.3193694782e-01
    7.9700000000e+04    1.1383934426e-01
    7.9800000000e+04    9.2470590284e-02
    7.9900000000e+04    9.4152404538e-02
    8.0000000000e+04    1.0070548423e-01
    8.0100000000e+04    8.5397607949e-02
    8.0200000000e+04    9.6500398114e-02
    8.0300000000e+04    1.3997732648e-01
    8.0400000000e+04    1.3009770225e-01
    8.0500000000e+04    1.0663507371e-01
    8.0600000000e+04    1.1912255208e-01
    8.0700000000e+04    1.1418180546e-01
    8.0800000000e+04    1.1173235976e-01
    8.0900000000e+04    1.2695904096e-01
    8.1000000000e+04    1.3585509156e-01
    8.1100000000e+04    1.2809699760e-01
    8.1200000000e+04    9.5496590509e-02
    8.1300000000e+04    8.2160624779e-02
    8.1400000000e+04    9.0922174158e-02
    8.1500000000e+04    7.9639206699e-02
    8.1600000000e+04    9.2278732070e-02
    8.1700000000e+04    1.1755491728e-01
    8.1800000000e+04    1.2186849640e-01
    8.1900000000e+04    1.3439864938e-01
    8.2000000000e+04    1.0359664742e-01
    8.2100000000e+04    1.2326325882e-01
    8.2200000000e+04    1.0518252555e-01
    8.2300000000e+04    1.3355841366e-01
    8.2400000000e+04    1.2663145319e-01
    8.2500000000e+04    1.3121013005e-01
    8.2600000000e+04    1.9346225972e-01
    8.2700000000e+04    1.7673217374e-01
    8.2800000000e+04    1.8833337319e-01
    8.2900000000e+04    1.9155178203e-01
    8.3000000000e+04    2.1314319555e-01
    8.3100000000e+04    2.3978969266e-01
    8.3200000000e+04    2.1083293947e-01
    8.3300000000e+04    2.4841724424e-01
    8.3400000000e+04    1.2577708380e-01
    8.3500000000e+04    1.4637703771e-01
    8.3600000000e+04    2.0536125085e-01
    8.3700000000e+04    1.6317209023e-01
    8.3800000000e+04    2.5182449959e-01
    8.3900000000e+04    2.1200416302e-01
    8.4000000000e+04    2.1299647611e-01
    8.4100000000e+04    1.8433922284e-01
    8.4200000000e+04    2.0198486439e-01
    8.4300000000e+04    2.1664912142e-01
    8.4400000000e+04    1.9311655269e-01
    8.4500000000e+04    1.8607740099e-01
    8.4600000000e+04    2.2793414955e-01
    8.4700000000e+04    2.0956626828e-01
    8.4800000000e+04    2.5650322035e-01
    8.4900000000e+04    2.0644323019e-01
    8.5000000000e+04    1.9871152317e-01
    8.5100000000e+04    1.4927393600e-01
    8.5200000000e+04    1.5846831750e-01
    8.5300000000e+04    1.3272906212e-01
    8.5400000000e+04    1.6819955500e-01
    8.5500000000e+04    1.5258236370e-01
    8.5600000000e+04    1.7255812803e-01
    8.5700000000e+04    2.2017945569e-01
    8.5800000000e+04    1.9781963039e-01
    8.5900000000e+04    1.7594669189e-01
    8.6000000000e+04    1.4173606514e-01
    8.6100000000e+04    2.0096288761e-01
    8.6200000000e+04    2.3243258236e-01
    8.6300000000e+04    1.7664709456e-01
    8.6400000000e+04    2.0581329820e-01
    8.6500000000e+04    1.9395631371e-01
    8.6600000000e+04    1.6603060537e-01
    8.6700000000e+04    1.6509974672e-01
    8.6800000000e+04    1.6404500743e-01
    8.6900000000e+04    1.9206628115e-01
    8.7000000000e+04    2.3021554504e-01
    8.7100000000e+04    2.0507414705e-01
    8.7200000000e+04    1.7667535091e-01
    8.7300000000e+04    1.5443884202e-01
    8.7400000000e+04    1.8357615623e-01
    8.7500000000e+04    1.9403462981e-01
    8.7600000000e+04    2.2947312898e-01
    8.7700000000e+04    1.9249050290e-01
    8.7800000000e+04    1.9405977315e-01
    8.7900000000e+04    2.7045687638e-01
    8.8000000000e+04    1.5171694666e-01
    8.8100000000e+04    1.2109194095e-01
    8.8200000000e+04    1.5596494545e-01
    8.8300000000e+04    1.4550722700e-01
    8.8400000000e+04    1.4837598446e-01
    8.8500000000e+04    2.0258552711e-01
    8.8600000000e+04    1.6844240840e-01
    8.8700000000e+04    1.4952833501e-01
    8.8800000000e+04    1.6328625020e-01
    8.8900000000e+04    1.6956418938e-01
    8.9000000000e+04    1.7425867212e-01
    8.9100000000e+04    1.4627853605e-01
    8.9200000000e+04    2.1915521648e-01
    8.9300000000e+04    1.6002764107e-01
    8.9400000000e+04    1.0193682634e-01
    8.9500000000e+04    1.3638644317e-01
    8.9600000000e+04    1.7421805310e-01
    8.9700000000e+04    1.6686100437e-01
    8.9800000000e+04    1.6138460135e-01
    8.9900000000e+04    1.3389860445e-01
    9.0000000000e+04    1.3699759124e-01
    9.0100000000e+04    1.8008357506e-01
    9.0200000000e+04    2.1364824135e-01
    9.0300000000e+04    2.2380860706e-01
    9.0400000000e+04    2.3858737426e-01
    9.0500000000e+04    1.9928112275e-01
    9.0600000000e+04    2.7735865844e-01
    9.0700000000e+04    1.8768989991e-01
    9.0800000000e+04    2.2932067237e-01
    9.0900000000e+04    4.5306320761e-01
    9.1000000000e+04    1.8697567950e-01
    9.1100000000e+04    1.8366537397e-01
    9.1200000000e+04    2.1184304184e-01
    9.1300000000e+04    1.7523963676e-01
    9.1400000000e+04    2.3048712066e-01
    9.1500000000e+04    3.0101051444e-01
    9.1600000000e+04    1.5965571407e-01
    9.1700000000e+04    1.7542879277e-01
    9.1800000000e+04    1.5733091810e-01
    9.1900000000e+04    2.2294298435e-01
    9.2000000000e+04    1.3341613145e-01
    9.2100000000e+04    1.5715400110e-01
    9.2200000000e+04    2.5554529490e-01
    9.2300000000e+04    1.3457965846e-01
    9.2400000000e+04    1.4569965721e-01
    9.2500000000e+04    1.6549095404e-01
    9.2600000000e+04    2.0068720049e-01
    9.2700000000e+04    1.8369875994e-01
    9.2800000000e+04    1.7879981015e-01
    9.2900000000e+04    1.5785251514e-01
    9.3000000000e+04    1.5958011541e-01
    9.3100000000e+04    1.8963781613e-01
    9.3200000000e+04    2.1864529612e-01
    9.3300000000e+04    2.0179925251e-01
    9.3400000000e+04    4.0498079914e-01
    9.3500000000e+04    1.5665693541e-01
    9.3600000000e+04    1.8071898136e-01
    9.3700000000e+04    1.7587387662e-01
    9.3800000000e+04    1.9828996657e-01
    9.3900000000e+04    1.9712584709e-01
    9.4000000000e+04    4.3837493082e-01
    9.4100000000e+04    2.1134722899e-01
    9.4200000000e+04    1.7300466744e-01
    9.4300000000e+04    1.6053746173e-01
    9.4400000000e+04    1.6151482123e-01
    9.4500000000e+04    1.6308331687e-01
    9.4600000000e+04    1.7768712336e-01
    9.4700000000e+04    2.2153633414e-01
    9.4800000000e+04    2.3419432389e-01
    9.4900000000e+04    1.5222589448e-01
    9.5000000000e+04    1.9787638401e-01
    9.5100000000e+04    1.2845859019e-01
    9.5200000000e+04    2.0850071559e-01
    9.5300000000e+04    2.0387398496e-01
    9.5400000000e+04    1.8447070814e-01
    9.5500000000e+04    1.8398578900e-01
    9.5600000000e+04    3.5179987295e-01
    9.5700000000e+04    1.8471042600e-01
    9.5800000000e+04    2.8374526202e-01
    9.5900000000e+04    3.3355623373e-01
    9.6000000000e+04    2.0621443184e-01
    9.6100000000e+04    2.7038724540e-01
    9.6200000000e+04    2.2128919580e-01
    9.6300000000e+04    2.0516230177e-01
    9.6400000000e+04    2.1844172529e-01
    9.6500000000e+04    1.5619713930e-01
    9.6600000000e+04    2.2314099572e-01
    9.6700000000e+04    2.6085551562e-01
    9.6800000000e+04    2.0620050953e-01
    9.6900000000e+04    1.8954969960e-01
    9.7000000000e+04    1.4059874576e-01
    9.7100000000e+04    1.6239592222e-01
    9.7200000000e+04    1.2024805906e-01
    9.7300000000e+04    1.5505641487e-01
    9.7400000000e+04    2.3911904981e-01
    9.7500000000e+04    2.1690536619e-01
    9.7600000000e+04    2.2252257033e-01
    9.7700000000e+04    1.5356333644e-01
    9.7800000000e+04    1.9686389749e-01
    9.7900000000e+04    1.5696593210e-01
    9.8000000000e+04    1.5902078917e-01
    9.8100000000e+04    1.7251299896e-01
    9.8200000000e+04    1.6664270209e-01
    9.8300000000e+04    1.6444141529e-01
    9.8400000000e+04    1.5255819590e-01
    9.8500000000e+04    1.6352721395e-01
    9.8600000000e+04    1.0582186481e-01
    9.8700000000e+04    1.7328627582e-01
    9.8800000000e+04    1.3903699038e-01
    9.8900000000e+04    1.7811686733e-01
    9.9000000000e+04    1.9650137177e-01
    9.9100000000e+04    2.0634632048e-01
    9.9200000000e+04    1.2446936865e-01
    9.9300000000e+04    1.6582018367e-01
    9.9400000000e+04    1.4460998883e-01
    9.9500000000e+04    1.2309256736e-01
    9.9600000000e+04    1.5056272728e-01
    9.9700000000e+04    1.9760994836e-01
    9.9800000000e+04    1.1376973847e-01
    9.9900000000e+04    1.7612689976e-01
    1.0000000000e+05    1.5684499255e-01
    1.0010000000e+05    1.9605675865e-01
    1.0020000000e+05    3.4379861527e-01
    1.0030000000e+05    2.7965764261e-01
    1.0040000000e+05    1.7017423989e-01
    1.0050000000e+05    2.2163136649e-01
    1.0060000000e+05    2.5527918143e-01
    1.0070000000e+05    1.5537195484e-01
    1.0080000000e+05    1.4690796533e-01
    1.0090000000e+05    1.1327972174e-01
    1.0100000000e+05    1.1854286636e-01
    1.0110000000e+05    1.3242763576e-01
    1.0120000000e+05    1.2745941739e-01
    1.0130000000e+05    1.3366484793e-01
    1.0140000000e+05    1.4358293152e-01
    1.0150000000e+05    1.6950399810e-01
    1.0160000000e+05    1.9669304953e-01
    1.0170000000e+05    3.1500027853e-01
    1.0180000000e+05    1.8532702015e-01
    1.0190000000e+05    1.7339868263e-01
    1.0200000000e+05    2.0619903022e-01
    1.0210000000e+05    2.0876407344e-01
    1.0220000000e+05    1.7187192931e-01
    1.0230000000e+05    1.9625906249e-01
    1.0240000000e+05    1.4888676191e-01
    1.0250000000e+05    1.2752672423e-01
    1.0260000000e+05    1.4964816811e-01
    1.0270000000e+05    1.5255606894e-01
    1.0280000000e+05    1.9311153955e-01
    1.0290000000e+05    1.9117714267e-01
    1.0300000000e+05    1.8665998583e-01
    1.0310000000e+05    1.8619404318e-01
    1.0320000000e+05    1.6811090463e-01
    1.0330000000e+05    1.3833580192e-01
    1.0340000000e+05    1.8732477799e-01
    1.0350000000e+05    1.2993934960e-01
    1.0360000000e+05    1.6563582576e-01
    1.0370000000e+05    1.8466324381e-01
    1.0380000000e+05    1.9989072143e-01
    1.0390000000e+05    2.3847546674e-01
    1.0400000000e+05    2.0268117667e-01
    1.0410000000e+05    1.8463665002e-01
    1.0420000000e+05    1.7243226436e-01
    1.0430000000e+05    1.7475568446e-01
    1.0440000000e+05    1.7457653872e-01
    1.0450000000e+05    1.3190774726e-01
    1.0460000000e+05    1.5569084314e-01
    1.0470000000e+05    1.8487001030e-01
    1.0480000000e+05    1.7379893772e-01
    1.0490000000e+05    1.7687333729e-01
    1.0500000000e+05    1.5255352019e-01
    1.0510000000e+05    1.7450905825e-01
    1.0520000000e+05    1.5372355097e-01
    1.0530000000e+05    1.2586869547e-01
    1.0540000000e+05    1.5757830243e-01
    1.0550000000e+05    2.0208710782e-01
    1.0560000000e+05    2.0084940983e-01
    1.0570000000e+05    2.2166055248e-01
    1.0580000000e+05    1.8749879470e-01
    1.0590000000e+05    1.4919640350e-01
    1.0600000000e+05    1.6864352682e-01
    1.0610000000e+05    2.0690212554e-01
    1.0620000000e+05    1.6413841911e-01
    1.0630000000e+05    2.5508770165e-01
    1.0640000000e+05    2.2471086222e-01
    1.0650000000e+05    2.0593974217e-01
    1.0660000000e+05    2.0172015222e-01
    1.0670000000e+05    2.3507094145e-01
    1.0680000000e+05    1.8941833921e-01
    1.0690000000e+05    2.0833551615e-01
    1.0700000000e+05    1.9211880817e-01
    1.0710000000e+05    1.9060990527e-01
    1.0720000000e+05    2.6449438281e-01
    1.0730000000e+05    2.6481373325e-01
    1.0740000000e+05    1.9144933993e-01
    1.0750000000e+05    1.8748395985e-01
    1.0760000000e+05    1.8308832152e-01
    1.0770000000e+05    1.9402278508e-01
    1.0780000000e+05    2.1484017983e-01
    1.0790000000e+05    1.6637963419e-01
    1.0800000000e+05    1.5921822181e-01
    1.0810000000e+05    1.6762130573e-01
    1.0820000000e+05    2.1175581660e-01
    1.0830000000e+05    1.6128175466e-01
    1.0840000000e+05    2.2971181841e-01
    1.0850000000e+05    1.9625343276e-01
    1.0860000000e+05    2.5217840485e-01
    1.0870000000e+05    1.8722867282e-01
    1.0880000000e+05    1.8191033994e-01
    1.0890000000e+05    2.3916126028e-01
    1.0900000000e+05    2.2679745076e-01
    1.0910000000e+05    2.1043096927e-01
    1.0920000000e+05    1.9962313758e-01
    1.0930000000e+05    1.7853832848e-01
    1.0940000000e+05    2.1765495398e-01
    1.0950000000e+05    1.9298653467e-01
    1.0960000000e+05    1.6995922679e-01
    1.0970000000e+05    2.1535030123e-01
    1.0980000000e+05    1.8988520391e-01
    1.0990000000e+05    1.3188257265e-01
    1.1000000000e+05    1.8686048275e-01
    1.1010000000e+05    1.9200604738e-01
    1.1020000000e+05    1.2891407560e-01
    1.1030000000e+05    1.5429369685e-01
    1.1040000000e+05    1.4693401648e-01
    1.1050000000e+05    1.8588209915e-01
    1.1060000000e+05    1.2759447563e-01
    1.1070000000e+05    1.6055138810e-01
    1.1080000000e+05    2.1471457250e-01
    1.1090000000e+05    1.3863940343e-01
    1.1100000000e+05    1.4276087532e-01
    1.1110000000e+05    1.8010852104e-01
    1.1120000000e+05    1.9665344234e-01
    1.1130000000e+05    1.7607204717e-01
    1.1140000000e+05    1.9651627259e-01
    1.1150000000e+05    2.0411109221e-01
    1.1160000000e+05    1.6957303424e-01
    1.1170000000e+05    1.5856720360e-01
    1.1180000000e+05    1.5187077208e-01
    1.1190000000e+05    2.2318057824e-01
    1.1200000000e+05    1.6803317723e-01
    1.1210000000e+05    1.7689907008e-01
    1.1220000000e+05    1.7606894867e-01
    1.1230000000e+05    1.8871837344e-01
    1.1240000000e+05    2.8069521687e-01
    1.1250000000e+05    2.5334763833e-01
    1.1260000000e+05    1.9912769660e-01
    1.1270000000e+05    1.9478948741e-01
    1.1280000000e+05    1.9168489501e-01
    1.1290000000e+05    2.1203102147e-01
    1.1300000000e+05    2.3850137906e-01
    1.1310000000e+05    1.6161464491e-01
    1.1320000000e+05    1.5325916192e-01
    1.1330000000e+05    1.2629945231e-01
    1.1340000000e+05    1.5736375863e-01
    1.1350000000e+05    1.4502293161e-01
    1.1360000000e+05    1.5837283622e-01
    1.1370000000e+05    1.3572562493e-01
    1.1380000000e+05    1.2033719159e-01
    1.1390000000e+05    1.3050638416e-01
    1.1400000000e+05    1.5916907006e-01
    1.1410000000e+05    1.6499348256e-01
    1.1420000000e+05    1.5389062138e-01
    1.1430000000e+05    1.3183968333e-01
    1.1440000000e+05    1.2757973626e-01
    1.1450000000e+05    1.5681704573e-01
    1.1460000000e+05    1.3376100208e-01
    1.1470000000e+05    1.7035904599e-01
    1.1480000000e+05    1.4084465341e-01
    1.1490000000e+05    2.2708083229e-01
    1.1500000000e+05    1.9071214143e-01
    1.1510000000e+05    2.8695692602e-01
    1.1520000000e+05    3.0032778409e-01
    1.1530000000e+05    1.9495194804e-01
    1.1540000000e+05    2.4062641031e-01
    1.1550000000e+05    1.7929831957e-01
    1.1560000000e+05    1.5978224028e-01
    1.1570000000e+05    1.2158117445e-01
    1.1580000000e+05    1.7956406707e-01
    1.1590000000e+05    1.3960181838e-01
    1.1600000000e+05    1.7458588686e-01
    1.1610000000e+05    1.8295201281e-01
    1.1620000000e+05    1.8010791130e-01
    1.1630000000e+05    2.3615351031e-01
    1.1640000000e+05    1.6618463213e-01
    1.1650000000e+05    3.0092821139e-01
    1.1660000000e+05    1.9868229164e-01
    1.1670000000e+05    1.9653679332e-01
    1.1680000000e+05    1.7318882177e-01
    1.1690000000e+05    1.9155701565e-01
    1.1700000000e+05    1.5321755660e-01
    1.1710000000e+05    1.5427922266e-01
    1.1720000000e+05    1.2906826807e-01
    1.1730000000e+05    1.4994605638e-01
    1.1740000000e+05    1.3598575276e-01
    1.1750000000e+05    1.3394958592e-01
    1.1760000000e+05    1.8624654393e-01
    1.1770000000e+05    1.5854621809e-01
    1.1780000000e+05    1.4413122200e-01
    1.1790000000e+05    1.8682608156e-01
    1.1800000000e+05    1.2356686272e-01
    1.1810000000e+05    1.7880681246e-01
    1.1820000000e+05    1.7518541361e-01
    1.1830000000e+05    2.4337936636e-01
    1.1840000000e+05    3.8981999414e-01
    1.1850000000e+05    2.1557835865e-01
    1.1860000000e+05    2.0087680386e-01
    1.1870000000e+05    1.7025232035e-01
    1.1880000000e+05    2.0058922660e-01
    1.1890000000e+05    1.3848416752e-01
    1.1900000000e+05    1.6241804759e-01
    1.1910000000e+05    1.9849516424e-01
    1.1920000000e+05    1.5643403510e-01
    1.1930000000e+05    1.7544141922e-01
    1.1940000000e+05    1.8452744985e-01
    1.1950000000e+05    1.5549208961e-01
    1.1960000000e+05    2.1780488662e-01
    1.1970000000e+05    2.0694024606e-01
    1.1980000000e+05    1.7233687339e-01
    1.1990000000e+05    1.9701773497e-01
    1.2000000000e+05    1.4216815071e-01
    1.2010000000e+05    2.1004033952e-01
    1.2020000000e+05    1.7779689058e-01
    1.2030000000e+05    1.5524928460e-01
    1.2040000000e+05    1.6083333910e-01
    1.2050000000e+05    1.1840706856e-01
    1.2060000000e+05    1.7674294377e-01
    1.2070000000e+05    1.4605548369e-01
    1.2080000000e+05    1.6207541770e-01
    1.2090000000e+05    1.2805646931e-01
    1.2100000000e+05    1.8232872820e-01
    1.2110000000e+05    2.1637180650e-01
    1.2120000000e+05    1.8696020885e-01
    1.2130000000e+05    1.7490671059e-01
    1.2140000000e+05    2.2330674023e-01
    1.2150000000e+05    1.8534779935e-01
    1.2160000000e+05    1.6159957562e-01
    1.2170000000e+05    1.4625076015e-01
    1.2180000000e+05    1.6202150099e-01
    1.2190000000e+05    1.6146699832e-01
    1.2200000000e+05    1.3651835621e-01
    1.2210000000e+05    1.5675187949e-01
    1.2220000000e+05    1.4372102447e-01
    1.2230000000e+05    1.5250666622e-01
    1.2240000000e+05    1.5111431501e-01
    1.2250000000e+05    1.7732886057e-01
    1.2260000000e+05    2.3095482026e-01
    1.2270000000e+05    1.8601581464e-01
    1.2280000000e+05    2.0964685923e-01
    1.2290000000e+05    2.8710521688e-01
    1.2300000000e+05    2.4614981774e-01
    1.2310000000e+05    2.5690893923e-01
    1.2320000000e+05    1.7853317524e-01
    1.2330000000e+05    2.1192441613e-01
    1.2340000000e+05    1.8656269509e-01
    1.2350000000e+05    1.4652690825e-01
    1.2360000000e+05    1.4638583309e-01
    1.2370000000e+05    1.3956190676e-01
    1.2380000000e+05    1.1141725680e-01
    1.2390000000e+05    1.2813892685e-01
    1.2400000000e+05    1.3707208300e-01
    1.2410000000e+05    1.7060192114e-01
    1.2420000000e+05    1.8829560483e-01
    1.2430000000e+05    1.6846209691e-01
    1.2440000000e+05    2.3363855004e-01
    1.2450000000e+05    1.8291893859e-01
    1.2460000000e+05    1.9107127687e-01
    1.2470000000e+05    3.0171698767e-01
    1.2480000000e+05    2.2635577826e-01
    1.2490000000e+05    1.9969805216e-01
    1.2500000000e+05    1.2653509408e-01
    1.2510000000e+05    1.5617546955e-01
    1.2520000000e+05    1.5207700095e-01
    1.2530000000e+05    1.3750408988e-01
    1.2540000000e+05    1.3845515219e-01
    1.2550000000e+05    1.4231032710e-01
    1.2560000000e+05    1.2631666915e-01
    1.2570000000e+05    2.0365603701e-01
    1.2580000000e+05    1.5980497626e-01
    1.2590000000e+05    2.0190518689e-01
    1.2600000000e+05    1.9078284538e-01
    1.2610000000e+05    1.8908311321e-01
    1.2620000000e+05    2.2837650118e-01
    1.2630000000e+05    1.3191715645e-01
    1.2640000000e+05    1.9139685854e-01
    1.2650000000e+05    1.0552470127e-01
    1.2660000000e+05    1.3219507004e-01
    1.2670000000e+05    1.0092365936e-01
    1.2680000000e+05    1.0125597244e-01
    1.2690000000e+05    1.2897476823e-01
    1.2700000000e+05    1.3805228365e-01
    1.2710000000e+05    1.6737641345e-01
    1.2720000000e+05    1.6000190331e-01
    1.2730000000e+05    1.6742179404e-01
    1.2740000000e+05    1.5681019019e-01
    1.2750000000e+05    1.8089461790e-01
    1.2760000000e+05    1.5570627356e-01
    1.2770000000e+05    1.5950896943e-01
    1.2780000000e+05    2.3252476110e-01
    1.2790000000e+05    2.0328537429e-01
    1.2800000000e+05    2.1984126355e-01
    1.2810000000e+05    2.0209445684e-01
    1.2820000000e+05    1.3405386852e-01
    1.2830000000e+05    1.3226193153e-01
    1.2840000000e+05    1.3550170685e-01
    1.2850000000e+05    1.1095724121e-01
    1.2860000000e+05    1.2460700524e-01
    1.2870000000e+05    1.3897704915e-01
    1.2880000000e+05    1.3634929381e-01
    1.2890000000e+05    1.2549294171e-01
    1.2900000000e+05    1.3728154412e-01
    1.2910000000e+05    1.4095606262e-01
    1.2920000000e+05    1.7714782481e-01
    1.2930000000e+05    2.2878684614e-01
    1.2940000000e+05    2.0032789581e-01
    1.2950000000e+05    2.2255786906e-01
    1.2960000000e+05    1.9747854507e-01
    1.2970000000e+05    1.6746197356e-01
    1.2980000000e+05    2.4677594073e-01
    1.2990000000e+05    2.2267405893e-01
    1.3000000000e+05    2.0263583500e-01
    1.3010000000e+05    1.7444138898e-01
    1.3020000000e+05    1.6443034912e-01
    1.3030000000e+05    2.0886762395e-01
    1.3040000000e+05    1.5425033141e-01
    1.3050000000e+05    1.1196424937e-01
    1.3060000000e+05    1.3286972587e-01
    1.3070000000e+05    1.2645721876e-01
    1.3080000000e+05    1.7128616284e-01
    1.3090000000e+05    1.8022538179e-01
    1.3100000000e+05    1.7882657075e-01
    1.3110000000e+05    1.6054863602e-01
    1.3120000000e+05    1.5634704047e-01
    1.3130000000e+05    1.5916522540e-01
    1.3140000000e+05    1.2991489693e-01
    1.3150000000e+05    1.3966118039e-01
    1.3160000000e+05    1.5375243199e-01
    1.3170000000e+05    1.3917855521e-01
    1.3180000000e+05    1.4973514277e-01
    1.3190000000e+05    1.4671154060e-01
    1.3200000000e+05    1.7680571279e-01
    1.3210000000e+05    1.3294448333e-01
    1.3220000000e+05    1.2314338194e-01
    1.3230000000e+05    1.7916830132e-01
    1.3240000000e+05    1.4748202541e-01
    1.3250000000e+05    1.3379544541e-01
    1.3260000000e+05    1.4324987852e-01
    1.3270000000e+05    1.2868416745e-01
    1.3280000000e+05    1.1653628728e-01
    1.3290000000e+05    1.5204100820e-01
    1.3300000000e+05    1.4984506456e-01
    1.3310000000e+05    1.1280278687e-01
    1.3320000000e+05    1.4310445647e-01
    1.3330000000e+05    1.6348316737e-01
    1.3340000000e+05    1.5910214612e-01
    1.3350000000e+05    1.8897277620e-01
    1.3360000000e+05    1.6883524767e-01
    1.3370000000e+05    1.7819315336e-01
    1.3380000000e+05    1.4237396614e-01
    1.3390000000e+05    1.9892802338e-01
    1.3400000000e+05    2.3591749452e-01
    1.3410000000e+05    2.3101428458e-01
    1.3420000000e+05    3.2782298742e-01
    1.3430000000e+05    1.9348161278e-01
    1.3440000000e+05    1.3232040139e-01
    1.3450000000e+05    1.5050006456e-01
    1.3460000000e+05    1.6664800801e-01
    1.3470000000e+05    1.3785217597e-01
    1.3480000000e+05    1.5757890616e-01
    1.3490000000e+05    1.4314176928e-01
    1.3500000000e+05    1.8072215566e-01
    1.3510000000e+05    2.0951133895e-01
    1.3520000000e+05    2.1835807218e-01
    1.3530000000e+05    1.7536668275e-01
    1.3540000000e+05    3.9455235895e-01
    1.3550000000e+05    1.9225658646e-01
    1.3560000000e+05    1.7226874333e-01
    1.3570000000e+05    1.7044157271e-01
    1.3580000000e+05    2.1969522416e-01
    1.3590000000e+05    1.3488571818e-01
    1.3600000000e+05    1.4140543895e-01
    1.3610000000e+05    1.3561284795e-01
    1.3620000000e+05    1.8073978488e-01
    1.3630000000e+05    1.6847016610e-01
    1.3640000000e+05    1.9009557588e-01
    1.3650000000e+05    1.1586732733e-01
    1.3660000000e+05    1.6502952876e-01
    1.3670000000e+05    1.2303233905e-01
    1.3680000000e+05    1.6166452461e-01
    1.3690000000e+05    1.4658916886e-01
    1.3700000000e+05    1.8756611860e-01
    1.3710000000e+05    1.8366579463e-01
    1.3720000000e+05    1.7515510049e-01
    1.3730000000e+05    1.7687875546e-01
    1.3740000000e+05    1.6523139694e-01
    1.3750000000e+05    1.7993245397e-01
    1.3760000000e+05    1.5335425155e-01
    1.3770000000e+05    2.8741384502e-01
    1.3780000000e+05    1.9862759998e-01
    1.3790000000e+05    2.1377141241e-01
    1.3800000000e+05    1.4241255667e-01
    1.3810000000e+05    1.6483429705e-01
    1.3820000000e+05    1.2772894788e-01
    1.3830000000e+05    1.3703501535e-01
    1.3840000000e+05    1.6975902517e-01
    1.3850000000e+05    1.5038366712e-01
    1.3860000000e+05    1.6391602587e-01
    1.3870000000e+05    2.0292223427e-01
    1.3880000000e+05    1.5907889098e-01
    1.3890000000e+05    1.7396193609e-01
    1.3900000000e+05    1.7451299742e-01
    1.3910000000e+05    1.4069011344e-01
    1.3920000000e+05    1.6339377621e-01
    1.3930000000e+05    1.9460761212e-01
    1.3940000000e+05    1.5823910151e-01
    1.3950000000e+05    2.4717124579e-01
    1.3960000000e+05    3.9764530074e-01
    1.3970000000e+05    1.8543246470e-01
    1.3980000000e+05    2.2199409318e-01
    1.3990000000e+05    2.0035938850e-01
    1.4000000000e+05    1.6839846726e-01
    1.4010000000e+05    1.7750365035e-01
    1.4020000000e+05    1.6767404960e-01
    1.4030000000e+05    1.4282486771e-01
    1.4040000000e+05    2.0431289933e-01
    1.4050000000e+05    2.6708482314e-01
    1.4060000000e+05    1.8303146562e-01
    1.4070000000e+05    1.6156684478e-01
    1.4080000000e+05    2.5085873824e-01
    1.4090000000e+05    2.4482925227e-01
    1.4100000000e+05    1.8111400247e-01
    1.4110000000e+05    1.7330464508e-01
    1.4120000000e+05    2.2901471476e-01
    1.4130000000e+05    1.4524085403e-01
    1.4140000000e+05    1.1038825504e-01
    1.4150000000e+05    1.4434212315e-01
    1.4160000000e+05    1.4634165675e-01
    1.4170000000e+05    1.6398191873e-01
    1.4180000000e+05    1.3116749173e-01
    1.4190000000e+05    1.9854658363e-01
    1.4200000000e+05    1.6994479024e-01
    1.4210000000e+05    2.3991066525e-01
    1.4220000000e+05    3.2123708291e-01
    1.4230000000e+05    4.0724307695e-01
    1.4240000000e+05    1.9319280194e-01
    1.4250000000e+05    2.4373785820e-01
    1.4260000000e+05    1.9594300558e-01
    1.4270000000e+05    1.9067653623e-01
    1.4280000000e+05    1.6837068271e-01
    1.4290000000e+05    1.7852144023e-01
    1.4300000000e+05    1.6328018683e-01
    1.4310000000e+05    1.4611752133e-01
    1.4320000000e+05    1.5109405132e-01
    1.4330000000e+05    1.3407331044e-01
    1.4340000000e+05    1.9131431048e-01
    1.4350000000e+05    2.7078373643e-01
    1.4360000000e+05    2.5005998561e-01
    1.4370000000e+05    1.9971532925e-01
    1.4380000000e+05    1.5430673191e-01
    1.4390000000e+05    1.4299138016e-01
    1.4400000000e+05    1.3261245751e-01
    1.4410000000e+05    2.3708029768e-01
    1.4420000000e+05    1.8932238972e-01
    1.4430000000e+05    1.6643006419e-01
    1.4440000000e+05    1.3444299226e-01
    1.4450000000e+05    1.7133479526e-01
    1.4460000000e+05    1.4263273823e-01
    1.4470000000e+05    1.3202790415e-01
    1.4480000000e+05    1.5381745256e-01
    1.4490000000e+05    1.6578996530e-01
    1.4500000000e+05    6.6633867883e-01
    1.4510000000e+05    2.0999777868e-01
    1.4520000000e+05    1.8601824040e-01
    1.4530000000e+05    2.0202979192e-01
    1.4540000000e+05    1.1342942964e-01
    1.4550000000e+05    1.3689269582e-01
    1.4560000000e+05    1.2952062139e-01
    1.4570000000e+05    1.3963355656e-01
    1.4580000000e+05    3.1042575242e-01
    1.4590000000e+05    1.4918053109e-01
    1.4600000000e+05    2.4574774065e-01
    1.4610000000e+05    1.4730345171e-01
    1.4620000000e+05    9.1753496304e-02
    1.4630000000e+05    1.1848537740e-01
    1.4640000000e+05    9.6665490608e-02
    1.4650000000e+05    1.8506716573e-01
    1.4660000000e+05    1.0141294961e-01
    1.4670000000e+05    1.2977892359e-01
    1.4680000000e+05    1.8278849367e-01
    1.4690000000e+05    2.3243770182e-01
    1.4700000000e+05    1.9471360074e-01
    1.4710000000e+05    1.3583194625e-01
    1.4720000000e+05    1.0084635352e-01
    1.4730000000e+05    1.0900824193e-01
    1.4740000000e+05    1.3446424378e-01
    1.4750000000e+05    1.6552772936e-01
    1.4760000000e+05    1.2676906881e-01
    1.4770000000e+05    1.4302096945e-01
    1.4780000000e+05    1.5400371491e-01
    1.4790000000e+05    1.4389879964e-01
    1.4800000000e+05    1.4066802962e-01
    1.4810000000e+05    1.0189100050e-01
    1.4820000000e+05    1.3189541960e-01
    1.4830000000e+05    1.6442200224e-01
    1.4840000000e+05    1.6581943572e-01
    1.4850000000e+05    1.8402026860e-01
    1.4860000000e+05    1.4368187157e-01
    1.4870000000e+05    1.6842700952e-01
    1.4880000000e+05    2.0396995574e-01
    1.4890000000e+05    1.1247266097e-01
    1.4900000000e+05    1.4451736214e-01
    1.4910000000e+05    1.3899255305e-01
    1.4920000000e+05    1.2956082435e-01
    1.4930000000e+05    1.4389711585e-01
    1.4940000000e+05    1.5260187397e-01
    1.4950000000e+05    1.8046787441e-01
    1.4960000000e+05    1.3629145631e-01
    1.4970000000e+05    1.6212418967e-01
    1.4980000000e+05    1.3435099877e-01
    1.4990000000e+05    1.7596330288e-01
    1.5000000000e+05    1.6349041545e-01
    1.5010000000e+05    1.2719943425e-01
    1.5020000000e+05    1.6294874938e-01
    1.5030000000e+05    2.2874879416e-01
    1.5040000000e+05    1.7539671240e-01
    1.5050000000e+05    1.4268973754e-01
    1.5060000000e+05    1.8398798599e-01
    1.5070000000e+05    1.9110454422e-01
    1.5080000000e+05    1.7688030899e-01
    1.5090000000e+05    1.7144613320e-01
    1.5100000000e+05    1.3242798118e-01
    1.5110000000e+05    1.6576931484e-01
    1.5120000000e+05    2.2526938624e-01
    1.5130000000e+05    1.6547413953e-01
    1.5140000000e+05    2.0343840235e-01
    1.5150000000e+05    1.8389692215e-01
    1.5160000000e+05    1.5284739779e-01
    1.5170000000e+05    1.5985097315e-01
    1.5180000000e+05    1.7258402862e-01
    1.5190000000e+05    1.8354273359e-01
    1.5200000000e+05    1.7866727708e-01
    1.5210000000e+05    1.8525290317e-01
    1.5220000000e+05    1.9125132604e-01
    1.5230000000e+05    2.1500431252e-01
    1.5240000000e+05    1.9053821275e-01
    1.5250000000e+05    1.6780744212e-01
    1.5260000000e+05    1.6861459533e-01
    1.5270000000e+05    1.7314996965e-01
    1.5280000000e+05    1.5291259899e-01
    1.5290000000e+05    1.9476162945e-01
    1.5300000000e+05    2.2488430997e-01
    1.5310000000e+05    2.0746582929e-01
    1.5320000000e+05    1.3319398152e-01
    1.5330000000e+05    1.6731959251e-01
    1.5340000000e+05    2.0495918969e-01
    1.5350000000e+05    1.7890482525e-01
    1.5360000000e+05    1.4420155093e-01
    1.5370000000e+05    1.8427341964e-01
    1.5380000000e+05    2.0643154820e-01
    1.5390000000e+05    2.2347793526e-01
    1.5400000000e+05    2.1817600720e-01
    1.5410000000e+05    2.1240222898e-01
    1.5420000000e+05    1.5068943547e-01
    1.5430000000e+05    1.3712217760e-01
    1.5440000000e+05    1.6719050584e-01
    1.5450000000e+05    1.5566916069e-01
    1.5460000000e+05    1.7821082319e-01
    1.5470000000e+05    1.9011603550e-01
    1.5480000000e+05    1.7211317394e-01
    1.5490000000e+05    1.3996224050e-01
    1.5500000000e+05    1.5282739978e-01
    1.5510000000e+05    1.2020380003e-01
    1.5520000000e+05    1.6234123783e-01
    1.5530000000e+05    1.6085961238e-01
    1.5540000000e+05    1.4467159979e-01
    1.5550000000e+05    1.1584758179e-01
    1.5560000000e+05    1.1303384919e-01
    1.5570000000e+05    1.4033169693e-01
    1.5580000000e+05    1.2797166098e-01
    1.5590000000e+05    1.0697883223e-01
    1.5600000000e+05    1.3383007943e-01
    1.5610000000e+05    1.3579384009e-01
    1.5620000000e+05    1.3103462203e-01
    1.5630000000e+05    1.5643511615e-01
    1.5640000000e+05    1.4646068827e-01
    1.5650000000e+05    1.5188397938e-01
    1.5660000000e+05    1.1651761804e-01
    1.5670000000e+05    1.2068852459e-01
    1.5680000000e+05    1.0553814677e-01
    1.5690000000e+05    9.3502027819e-02
    1.5700000000e+05    8.3240639602e-02
    1.5710000000e+05    1.8638639320e-01
    1.5720000000e+05    1.8627810076e-01
    1.5730000000e+05    2.1767928458e-01
    1.5740000000e+05    2.0668966646e-01
    1.5750000000e+05    2.2263967260e-01
    1.5760000000e+05    1.9211570460e-01
    1.5770000000e+05    1.7527119284e-01
    1.5780000000e+05    1.4762240030e-01
    1.5790000000e+05    1.2978018364e-01
    1.5800000000e+05    9.7615102398e-02
    1.5810000000e+05    1.0390212299e-01
    1.5820000000e+05    1.7861118513e-01
    1.5830000000e+05    8.5808296577e-02
    1.5840000000e+05    1.3386654542e-01
    1.5850000000e+05    8.6596393141e-02
    1.5860000000e+05    9.3073935938e-02
    1.5870000000e+05    1.6145980194e-01
    1.5880000000e+05    1.2824735941e-01
    1.5890000000e+05    1.0091929569e-01
    1.5900000000e+05    9.0678759169e-02
    1.5910000000e+05    1.4464465769e-01
    1.5920000000e+05    1.8834551385e-01
    1.5930000000e+05    1.3910161040e-01
    1.5940000000e+05    1.1319731689e-01
    1.5950000000e+05    1.3490156139e-01
    1.5960000000e+05    1.2266668878e-01
    1.5970000000e+05    1.3981100509e-01
    1.5980000000e+05    1.6532173495e-01
    1.5990000000e+05    1.4878278409e-01
    1.6000000000e+05    1.3827645686e-01
    1.6010000000e+05    1.4713445286e-01
    1.6020000000e+05    1.1532475966e-01
    1.6030000000e+05    4.7068371411e-01
    1.6040000000e+05    2.3842232634e-01
    1.6050000000e+05    9.7926274542e-01
    1.6060000000e+05    2.1833117842e+00
    1.6070000000e+05    1.3331886413e+00
    1.6080000000e+05    1.5463080816e+00
    1.6090000000e+05    1.9609733840e+00
    1.6100000000e+05    1.5177204786e+00
    1.6110000000e+05    1.4619170351e+00
    1.6120000000e+05    1.7957000687e+00
    1.6130000000e+05    1.5456811422e+00
    1.6140000000e+05    1.4145327323e+00
    1.6150000000e+05    1.4067905135e+00
    1.6160000000e+05    1.5957579443e+00
    1.6170000000e+05    1.5211532579e+00
    1.6180000000e+05    1.0498728825e+00
    1.6190000000e+05    1.4381001269e+00
    1.6200000000e+05    1.7858512127e+00
    1.6210000000e+05    1.5840365812e+00
    1.6220000000e+05    1.9859272943e+00
    1.6230000000e+05    1.6994825541e+00
    1.6240000000e+05    1.2687782754e+00
    1.6250000000e+05    1.5523639992e+00
    1.6260000000e+05    1.4031066821e+00
    1.6270000000e+05    1.5579575453e+00
    1.6280000000e+05    1.4294453087e+00
    1.6290000000e+05    1.5595034304e+00
    1.6300000000e+05    1.3739408769e+00
    1.6310000000e+05    1.2283683115e+00
    1.6320000000e+05    1.2746436325e+00
    1.6330000000e+05    1.4358097635e+00
    1.6340000000e+05    1.5540014768e+00
    1.6350000000e+05    1.0864137402e+00
    1.6360000000e+05    1.7060081683e+00
    1.6370000000e+05    1.1140873075e+00
    1.6380000000e+05    1.5721536865e+00
    1.6390000000e+05    1.5173885229e+00
    1.6400000000e+05    1.6351147129e+00
    1.6410000000e+05    1.3383549367e+00
    1.6420000000e+05    1.4877720428e+00
    1.6430000000e+05    1.6267923740e+00
    1.6440000000e+05    1.6829410079e+00
    1.6450000000e+05    1.5792088917e+00
    1.6460000000e+05    1.7993928771e+00
    1.6470000000e+05    1.8705756430e+00
    1.6480000000e+05    1.2775895900e+00
    1.6490000000e+05    1.3738107170e+00
    1.6500000000e+05    1.4279237284e+00
    1.6510000000e+05    1.1579683432e+00
    1.6520000000e+05    1.3785050469e+00
    1.6530000000e+05    1.6914663565e+00
    1.6540000000e+05    1.4159941353e+00
    1.6550000000e+05    1.3705065010e+00
    1.6560000000e+05    1.0231257923e+00
    1.6570000000e+05    1.3848680858e+00
    1.6580000000e+05    1.4624611993e+00
    1.6590000000e+05    1.2871936858e+00
    1.6600000000e+05    1.8069278921e+00
    1.6610000000e+05    1.5230407322e+00
    1.6620000000e+05    1.7028447596e+00
    1.6630000000e+05    9.8688141179e-01
    1.6640000000e+05    1.4950785954e+00
    1.6650000000e+05    1.4890368652e+00
    1.6660000000e+05    1.8649548289e+00
    1.6670000000e+05    1.5753124515e+00
    1.6680000000e+05    1.4442102323e+00
    1.6690000000e+05    1.5374965249e+00
    1.6700000000e+05    1.5453664334e+00
    1.6710000000e+05    1.6153821631e+00
    1.6720000000e+05    1.4956629552e+00
    1.6730000000e+05    1.5056148746e+00
    1.6740000000e+05    1.3851976909e+00
    1.6750000000e+05    1.4238959224e+00
    1.6760000000e+05    1.4299731137e+00
    1.6770000000e+05    1.2719814279e+00
    1.6780000000e+05    1.2391016523e+00
    1.6790000000e+05    1.3903271692e+00
    1.6800000000e+05    1.1972774396e+00
    1.6810000000e+05    1.3560442926e+00
    1.6820000000e+05    1.7404304432e+00
    1.6830000000e+05    1.5091792098e+00
    1.6840000000e+05    1.7402983009e+00
    1.6850000000e+05    1.5893902892e+00
    1.6860000000e+05    1.5596516985e+00
    1.6870000000e+05    1.6588471962e+00
    1.6880000000e+05    1.9003591740e+00
    1.6890000000e+05    1.9229182584e+00
    1.6900000000e+05    1.9946465102e+00
    1.6910000000e+05    1.6831763176e+00
    1.6920000000e+05    1.8477105740e+00
    1.6930000000e+05    1.6972025533e+00
    1.6940000000e+05    1.6768649637e+00
    1.6950000000e+05    1.6968429966e+00
    1.6960000000e+05    1.7191060468e+00
    1.6970000000e+05    1.3835357413e+00
    1.6980000000e+05    1.3045855372e+00
    1.6990000000e+05    1.1258479887e+00
    1.7000000000e+05    1.2832867713e+00
    1.7010000000e+05    1.6710818488e+00
    1.7020000000e+05    1.3654043140e+00
    1.7030000000e+05    1.8711057282e+00
    1.7040000000e+05    1.9692299450e+00
    1.7050000000e+05    1.9649814051e+00
    1.7060000000e+05    1.6276647220e+00
    1.7070000000e+05    1.8609330681e+00
    1.7080000000e+05    1.4024128869e+00
    1.7090000000e+05    1.5457237193e+00
    1.7100000000e+05    1.3557248590e+00
    1.7110000000e+05    1.2641782735e+00
    1.7120000000e+05    1.2941358788e+00
    1.7130000000e+05    1.5288007181e+00
    1.7140000000e+05    1.1582485803e+00
    1.7150000000e+05    1.4173725634e+00
    1.7160000000e+05    1.4884586688e+00
    1.7170000000e+05    1.3809498383e+00
    1.7180000000e+05    1.6971606298e+00
    1.7190000000e+05    1.4674992942e+00
    1.7200000000e+05    1.4630979343e+00
    1.7210000000e+05    1.6875109690e+00
    1.7220000000e+05    1.4873211336e+00
    1.7230000000e+05    1.8638238557e+00
    1.7240000000e+05    1.6537953323e+00
    1.7250000000e+05    1.8708026883e+00
    1.7260000000e+05    1.9976373898e+00
    1.7270000000e+05    1.7050343146e+00
    1.7280000000e+05    1.7296955802e+00
    1.7290000000e+05    1.2797887735e+00
    1.7300000000e+05    1.6177660559e+00
    1.7310000000e+05    1.2673783891e+00
    1.7320000000e+05    1.4303101826e+00
    1.7330000000e+05    1.4405329228e+00
    1.7340000000e+05    1.6119220756e+00
    1.7350000000e+05    1.4870923294e+00
    1.7360000000e+05    1.3692746205e+00
    1.7370000000e+05    1.7253187050e+00
    1.7380000000e+05    1.4976779621e+00
    1.7390000000e+05    1.0337632921e+00
    1.7400000000e+05    1.7503210520e+00
    1.7410000000e+05    1.5643156981e+00
    1.7420000000e+05    1.5759167705e+00
    1.7430000000e+05    1.5904683131e+00
    1.7440000000e+05    1.6289962257e+00
    1.7450000000e+05    1.5867159285e+00
    1.7460000000e+05    1.4774501148e+00
    1.7470000000e+05    1.4723811906e+00
    1.7480000000e+05    1.6069483244e+00
    1.7490000000e+05    1.5095710485e+00
    1.7500000000e+05    1.3464564022e+00
    1.7510000000e+05    1.7833079234e+00
    1.7520000000e+05    1.5158187108e+00
    1.7530000000e+05    1.2074428241e+00
    1.7540000000e+05    1.3678314759e+00
    1.7550000000e+05    1.7646772228e+00
    1.7560000000e+05    1.4266022201e+00
    1.7570000000e+05    1.5991638350e+00
    1.7580000000e+05    1.3909693382e+00
    1.7590000000e+05    1.3824601692e+00
    1.7600000000e+05    1.6351766238e+00
    1.7610000000e+05    1.8650758178e+00
    1.7620000000e+05    1.9965856159e+00
    1.7630000000e+05    1.8536676016e+00
    1.7640000000e+05    1.5710984201e+00
    1.7650000000e+05    1.5759872273e+00
    1.7660000000e+05    1.2679816353e+00
    1.7670000000e+05    1.2479001085e+00
    1.7680000000e+05    1.2093327942e+00
    1.7690000000e+05    1.1843310257e+00
    1.7700000000e+05    1.3261077602e+00
    1.7710000000e+05    1.0863921161e+00
    1.7720000000e+05    1.7156283401e+00
    1.7730000000e+05    1.2039299243e+00
    1.7740000000e+05    1.3256811467e+00
    1.7750000000e+05    1.6103903421e+00
    1.7760000000e+05    1.6252146909e+00
    1.7770000000e+05    1.2366432419e+00
    1.7780000000e+05    1.7426769273e+00
    1.7790000000e+05    1.6432894821e+00
    1.7800000000e+05    1.6140090454e+00
    1.7810000000e+05    1.5184098070e+00
    1.7820000000e+05    1.5279283032e+00
    1.7830000000e+05    1.2132943709e+00
    1.7840000000e+05    1.7773453790e+00
    1.7850000000e+05    1.7559999207e+00
    1.7860000000e+05    1.7777231757e+00
    1.7870000000e+05    1.6782264969e+00
    1.7880000000e+05    1.6722880803e+00
    1.7890000000e+05    1.4357523791e+00
    1.7900000000e+05    1.6308524025e+00
    1.7910000000e+05    1.4803635693e+00
    1.7920000000e+05    1.5725626348e+00
    1.7930000000e+05    1.5792935977e+00
    1.7940000000e+05    1.6348153810e+00
    1.7950000000e+05    1.5568575226e+00
    1.7960000000e+05    1.3235575500e+00
    1.7970000000e+05    1.2081507136e+00
    1.7980000000e+05    1.4713047125e+00
    1.7990000000e+05    1.6518787143e+00
    1.8000000000e+05    1.2760290247e+00
    1.8010000000e+05    1.6706184418e+00
    1.8020000000e+05    1.4724282671e+00
    1.8030000000e+05    1.1905209317e+00
    1.8040000000e+05    1.4550166787e+00
    1.8050000000e+05    1.5740361374e+00
    1.8060000000e+05    1.3663011280e+00
    1.8070000000e+05    1.2234742437e+00
    1.8080000000e+05    1.5729968408e+00
    1.8090000000e+05    1.3384913616e+00
    1.8100000000e+05    1.4799279884e+00
    1.8110000000e+05    1.3722533768e+00
    1.8120000000e+05    1.2653178467e+00
    1.8130000000e+05    1.3060447768e+00
    1.8140000000e+05    1.5259199319e+00
    1.8150000000e+05    1.5765223544e+00
    1.8160000000e+05    1.6090325523e+00
    1.8170000000e+05    1.4447294812e+00
    1.8180000000e+05    1.3557611743e+00
    1.8190000000e+05    1.3966364373e+00
    1.8200000000e+05    1.4756643089e+00
    1.8210000000e+05    1.4098020242e+00
    1.8220000000e+05    1.3626554057e+00
    1.8230000000e+05    1.3366981581e+00
    1.8240000000e+05    1.2667269100e+00
    1.8250000000e+05    1.3022331153e+00
    1.8260000000e+05    1.4524499958e+00
    1.8270000000e+05    9.2478501744e-01
    1.8280000000e+05    1.5946440297e+00
    1.8290000000e+05    1.4303481661e+00
    1.8300000000e+05    1.1817713838e+00
    1.8310000000e+05    1.2555154271e+00
    1.8320000000e+05    1.5900008442e+00
    1.8330000000e+05    1.5919545557e+00
    1.8340000000e+05    1.4780517828e+00
    1.8350000000e+05    1.4952035518e+00
    1.8360000000e+05    1.4335493347e+00
    1.8370000000e+05    1.6376359903e+00
    1.8380000000e+05    1.5578751867e+00
    1.8390000000e+05    1.3360268042e+00
    1.8400000000e+05    1.3434720114e+00
    1.8410000000e+05    1.2106441531e+00
    1.8420000000e+05    1.2469385055e+00
    1.8430000000e+05    1.3393886942e+00
    1.8440000000e+05    1.5592319855e+00
    1.8450000000e+05    1.0856782512e+00
    1.8460000000e+05    1.4567755753e+00
    1.8470000000e+05    1.3975869869e+00
    1.8480000000e+05    1.5359036974e+00
    1.8490000000e+05    1.2599761044e+00
    1.8500000000e+05    1.3582029394e+00
    1.8510000000e+05    1.5574945730e+00
    1.8520000000e+05    1.1589032684e+00
    1.8530000000e+05    1.5891544558e+00
    1.8540000000e+05    1.3711866938e+00
    1.8550000000e+05    1.3798163713e+00
    1.8560000000e+05    1.5877749529e+00
    1.8570000000e+05    1.6345840929e+00
    1.8580000000e+05    1.4862385840e+00
    1.8590000000e+05    1.5959312046e+00
    1.8600000000e+05    1.2934128444e+00
    1.8610000000e+05    1.5578265498e+00
    1.8620000000e+05    1.1931435139e+00
    1.8630000000e+05    1.5644240316e+00
    1.8640000000e+05    1.3435947036e+00
    1.8650000000e+05    1.9097163558e+00
    1.8660000000e+05    1.5348162819e+00
    1.8670000000e+05    1.5482447264e+00
    1.8680000000e+05    1.4558936871e+00
    1.8690000000e+05    1.5336885070e+00
    1.8700000000e+05    1.4523404591e+00
    1.8710000000e+05    1.4388873184e+00
    1.8720000000e+05    1.3650465207e+00
    1.8730000000e+05    1.3624135381e+00
    1.8740000000e+05    1.6024243210e+00
    1.8750000000e+05    1.1956008730e+00
    1.8760000000e+05    1.6722567641e+00
    1.8770000000e+05    1.3898304586e+00
    1.8780000000e+05    1.3189626638e+00
    1.8790000000e+05    1.1792083987e+00
    1.8800000000e+05    1.4403949476e+00
    1.8810000000e+05    1.5887679458e+00
    1.8820000000e+05    1.3940694876e+00
    1.8830000000e+05    1.4949231688e+00
    1.8840000000e+05    1.4589807124e+00
    1.8850000000e+05    1.6084313527e+00
    1.8860000000e+05    1.5357699570e+00
    1.8870000000e+05    1.5145362692e+00
    1.8880000000e+05    1.5513509617e+00
    1.8890000000e+05    1.3475119459e+00
    1.8900000000e+05    1.6663902452e+00
    1.8910000000e+05    1.3589446320e+00
    1.8920000000e+05    1.7045342516e+00
    1.8930000000e+05    1.1399781965e+00
    1.8940000000e+05    1.5294900776e+00
    1.8950000000e+05    1.3486907021e+00
    1.8960000000e+05    1.4418300829e+00
    1.8970000000e+05    1.5498101011e+00
    1.8980000000e+05    1.5238592274e+00
    1.8990000000e+05    1.5995069694e+00
    1.9000000000e+05    1.4910905709e+00
    1.9010000000e+05    1.5415371386e+00
    1.9020000000e+05    1.4168868065e+00
    1.9030000000e+05    1.7607730659e+00
    1.9040000000e+05    1.6846618488e+00
    1.9050000000e+05    1.9728105668e+00
    1.9060000000e+05    1.5531359068e+00
    1.9070000000e+05    1.2523819214e+00
    1.9080000000e+05    1.1318263678e+00
    1.9090000000e+05    1.0514860795e+00
    1.9100000000e+05    1.9220294709e+00
    1.9110000000e+05    1.5543392616e+00
    1.9120000000e+05    1.5572004046e+00
    1.9130000000e+05    1.8513393052e+00
    1.9140000000e+05    1.2847280377e+00
    1.9150000000e+05    1.5226360666e+00
    1.9160000000e+05    1.3653627732e+00
    1.9170000000e+05    1.3411705798e+00
    1.9180000000e+05    1.7066969377e+00
    1.9190000000e+05    1.5571228839e+00
    1.9200000000e+05    1.3655296879e+00
    1.9210000000e+05    1.4475421229e+00
    1.9220000000e+05    1.2222081176e+00
    1.9230000000e+05    9.6499255693e-01
    1.9240000000e+05    1.1378406138e+00
    1.9250000000e+05    1.7768099742e+00
    1.9260000000e+05    1.0621686646e+00
    1.9270000000e+05    1.1797854755e+00
    1.9280000000e+05    1.0925223595e+00
    1.9290000000e+05    1.5173994808e+00
    1.9300000000e+05    1.1991163076e+00
    1.9310000000e+05    1.7021571831e+00
    1.9320000000e+05    1.6994955659e+00
    1.9330000000e+05    1.2648233447e+00
    1.9340000000e+05    1.4025681608e+00
    1.9350000000e+05    1.3555254094e+00
    1.9360000000e+05    1.6968913053e+00
    1.9370000000e+05    1.3968654153e+00
    1.9380000000e+05    1.3021268555e+00
    1.9390000000e+05    1.6066072450e+00
    1.9400000000e+05    1.4040575990e+00
    1.9410000000e+05    1.8058982553e+00
    1.9420000000e+05    1.6883094548e+00
    1.9430000000e+05    1.5069447010e+00
    1.9440000000e+05    1.4232098043e+00
    1.9450000000e+05    1.4226102701e+00
    1.9460000000e+05    1.8020679636e+00
    1.9470000000e+05    1.3612051516e+00
    1.9480000000e+05    1.3914469638e+00
    1.9490000000e+05    1.5121877596e+00
    1.9500000000e+05    1.5224385596e+00
    1.9510000000e+05    1.6154538293e+00
    1.9520000000e+05    1.5906849411e+00
    1.9530000000e+05    1.7847797430e+00
    1.9540000000e+05    1.5245320501e+00
    1.9550000000e+05    2.1385554257e+00
    1.9560000000e+05    1.5955498951e+00
    1.9570000000e+05    1.5466107527e+00
    1.9580000000e+05    1.6279357988e+00
    1.9590000000e+05    1.4504276308e+00
    1.9600000000e+05    1.3204007373e+00
    1.9610000000e+05    1.5864519382e+00
    1.9620000000e+05    1.4913487502e+00
    1.9630000000e+05    1.4851053665e+00
    1.9640000000e+05    1.8158818748e+00
    1.9650000000e+05    1.8520552929e+00
    1.9660000000e+05    1.5994207771e+00
    1.9670000000e+05    1.8697232540e+00
    1.9680000000e+05    1.4545739628e+00
    1.9690000000e+05    1.3726940339e+00
    1.9700000000e+05    1.4053073530e+00
    1.9710000000e+05    1.1525515553e+00
    1.9720000000e+05    1.5077390021e+00
    1.9730000000e+05    1.6839475609e+00
    1.9740000000e+05    1.0654169208e+00
    1.9750000000e+05    1.3980242960e+00
    1.9760000000e+05    1.3755638395e+00
    1.9770000000e+05    1.4297336623e+00
    1.9780000000e+05    1.4228844263e+00
    1.9790000000e+05    1.3059806052e+00
    1.9800000000e+05    1.3024983686e+00
    1.9810000000e+05    1.3724542102e+00
    1.9820000000e+05    1.3839196935e+00
    1.9830000000e+05    1.0719035067e+00
    1.9840000000e+05    1.5232317410e+00
    1.9850000000e+05    1.3470932054e+00
    1.9860000000e+05    1.0745098049e+00
    1.9870000000e+05    1.3241230790e+00
    1.9880000000e+05    1.5029094747e+00
    1.9890000000e+05    1.3875766467e+00
    1.9900000000e+05    1.3472733585e+00
    1.9910000000e+05    1.6800574716e+00
    1.9920000000e+05    1.5584261907e+00
    1.9930000000e+05    1.6866213324e+00
    1.9940000000e+05    1.5110691063e+00
    1.9950000000e+05    1.5118616823e+00
    1.9960000000e+05    1.5751142933e+00
    1.9970000000e+05    1.2102245700e+00
    1.9980000000e+05    1.2394362799e+00
    1.9990000000e+05    1.3907041456e+00
    2.0000000000e+05    1.3207754340e+00
