    5.0000000000e+01    1.2726246517e-01
    1.0000000000e+02    1.4864190033e-01
    1.5000000000e+02    1.6336019772e-01
    2.0000000000e+02    1.9061902257e-01
    2.5000000000e+02    1.7601081000e-01
    3.0000000000e+02    1.5962290709e-01
    3.5000000000e+02    1.1646804799e-01
    4.0000000000e+02    1.5531106657e-01
    4.5000000000e+02    1.5534449474e-01
    5.0000000000e+02    1.7100683946e-01
    5.5000000000e+02    1.8065751418e-01
    6.0000000000e+02    1.2660811876e-01
    6.5000000000e+02    1.1818226382e-01
    7.0000000000e+02    1.0592816025e-01
    7.5000000000e+02    1.5170174434e-01
    8.0000000000e+02    1.0444556412e-01
    8.5000000000e+02    9.8040423704e-02
    9.0000000000e+02    1.3195791906e-01
    9.5000000000e+02    1.6894210831e-01
    1.0000000000e+03    1.4493409545e-01
    1.0500000000e+03    1.4109435497e-01
    1.1000000000e+03    1.3864524969e-01
    1.1500000000e+03    1.5916009591e-01
    1.2000000000e+03    1.1813799332e-01
    1.2500000000e+03    1.6726437885e-01
    1.3000000000e+03    1.5820542934e-01
    1.3500000000e+03    1.2629643346e-01
    1.4000000000e+03    1.1843117196e-01
    1.4500000000e+03    1.5927981674e-01
    1.5000000000e+03    1.5009098654e-01
    1.5500000000e+03    1.1983922545e-01
    1.6000000000e+03    2.6356545126e-01
    1.6500000000e+03    1.8675019660e-01
    1.7000000000e+03    1.6158716275e-01
    1.7500000000e+03    1.4123193940e-01
    1.8000000000e+03    1.6232107241e-01
    1.8500000000e+03    1.5971469116e-01
    1.9000000000e+03    1.7090744189e-01
    1.9500000000e+03    1.3980754108e-01
    2.0000000000e+03    1.5189018182e-01
    2.0500000000e+03    1.7520065071e-01
    2.1000000000e+03    1.4404263333e-01
    2.1500000000e+03    1.6266590207e-01
    2.2000000000e+03    1.7840503216e-01
    2.2500000000e+03    1.8378598459e-01
    2.3000000000e+03    1.8443391541e-01
    2.3500000000e+03    1.5904962813e-01
    2.4000000000e+03    1.2762635909e-01
    2.4500000000e+03    1.1539283801e-01
    2.5000000000e+03    2.0772437752e-01
    2.5500000000e+03    1.5838791770e-01
    2.6000000000e+03    1.3895842285e-01
    2.6500000000e+03    1.6639712727e-01
    2.7000000000e+03    1.9103961262e-01
    2.7500000000e+03    1.6570066280e-01
    2.8000000000e+03    1.1959513364e-01
    2.8500000000e+03    1.2582783269e-01
    2.9000000000e+03    1.2227945531e-01
    2.9500000000e+03    1.1117870455e-01
    3.0000000000e+03    1.9587074753e-01
    3.0500000000e+03    1.6438002522e-01
    3.1000000000e+03    1.9261651329e-01
    3.1500000000e+03    1.6554501361e-01
    3.2000000000e+03    2.0595619970e-01
    3.2500000000e+03    1.8594871013e-01
    3.3000000000e+03    1.3035440332e-01
    3.3500000000e+03    1.2156979122e-01
    3.4000000000e+03    1.4330501072e-01
    3.4500000000e+03    1.7732388566e-01
    3.5000000000e+03    1.5361784935e-01
    3.5500000000e+03    1.5941792874e-01
    3.6000000000e+03    1.5515886154e-01
    3.6500000000e+03    1.8849973868e-01
    3.7000000000e+03    1.6996794873e-01
    3.7500000000e+03    1.4213683719e-01
    3.8000000000e+03    1.8882632837e-01
    3.8500000000e+03    1.9454936122e-01
    3.9000000000e+03    3.2572793316e-01
    3.9500000000e+03    1.6694008306e-01
    4.0000000000e+03    2.2585049088e-01
    4.0500000000e+03    1.6134489295e-01
    4.1000000000e+03    1.4529741461e-01
    4.1500000000e+03    1.5116740779e-01
    4.2000000000e+03    1.5898881767e-01
    4.2500000000e+03    1.4108138173e-01
    4.3000000000e+03    1.6256989159e-01
    4.3500000000e+03    2.2554529427e-01
    4.4000000000e+03    1.4411575064e-01
    4.4500000000e+03    1.8580554968e-01
    4.5000000000e+03    1.8893545057e-01
    4.5500000000e+03    1.5300634630e-01
    4.6000000000e+03    1.5496517456e-01
    4.6500000000e+03    1.7538700346e-01
    4.7000000000e+03    1.8744379275e-01
    4.7500000000e+03    1.5691906684e-01
    4.8000000000e+03    1.4111621624e-01
    4.8500000000e+03    1.4386264303e-01
    4.9000000000e+03    1.4530615266e-01
    4.9500000000e+03    1.7226145759e-01
    5.0000000000e+03    1.3174127752e-01
    5.0500000000e+03    1.2311138564e-01
    5.1000000000e+03    1.1854224671e-01
    5.1500000000e+03    1.5077985831e-01
    5.2000000000e+03    1.2067353105e-01
    5.2500000000e+03    1.1701882622e-01
    5.3000000000e+03    1.5645988240e-01
    5.3500000000e+03    1.4412449584e-01
    5.4000000000e+03    1.2254351616e-01
    5.4500000000e+03    1.2876475899e-01
    5.5000000000e+03    1.1786667931e-01
    5.5500000000e+03    1.2651320209e-01
    5.6000000000e+03    1.1544950035e-01
    5.6500000000e+03    1.1783722020e-01
    5.7000000000e+03    1.4260168910e-01
    5.7500000000e+03    1.4888359774e-01
    5.8000000000e+03    2.4255849434e-01
    5.8500000000e+03    1.9001333060e-01
    5.9000000000e+03    1.6431335894e-01
    5.9500000000e+03    1.7913183170e-01
    6.0000000000e+03    1.6630387028e-01
    6.0500000000e+03    1.7512980548e-01
    6.1000000000e+03    1.5710693987e-01
    6.1500000000e+03    1.8237845346e-01
    6.2000000000e+03    1.8616570394e-01
    6.2500000000e+03    1.7890956336e-01
    6.3000000000e+03    1.6095135813e-01
    6.3500000000e+03    1.3040756899e-01
    6.4000000000e+03    1.6570941169e-01
    6.4500000000e+03    1.5510494731e-01
    6.5000000000e+03    1.8973412415e-01
    6.5500000000e+03    1.7048900554e-01
    6.6000000000e+03    1.8700479887e-01
    6.6500000000e+03    1.8326082835e-01
    6.7000000000e+03    1.8475808545e-01
    6.7500000000e+03    1.8823987931e-01
    6.8000000000e+03    2.0313858691e-01
    6.8500000000e+03    1.6705716587e-01
    6.9000000000e+03    1.6177583650e-01
    6.9500000000e+03    1.4025517282e-01
    7.0000000000e+03    2.2677195325e-01
    7.0500000000e+03    1.7868568773e-01
    7.1000000000e+03    1.5788152037e-01
    7.1500000000e+03    1.6884684763e-01
    7.2000000000e+03    1.5187767109e-01
    7.2500000000e+03    1.5366764176e-01
    7.3000000000e+03    1.5997534270e-01
    7.3500000000e+03    1.7732187389e-01
    7.4000000000e+03    1.7421792975e-01
    7.4500000000e+03    1.2079623400e-01
    7.5000000000e+03    1.2143869430e-01
    7.5500000000e+03    1.6021029283e-01
    7.6000000000e+03    1.7781268903e-01
    7.6500000000e+03    1.4004094146e-01
    7.7000000000e+03    1.6590990567e-01
    7.7500000000e+03    1.4861456059e-01
    7.8000000000e+03    1.4477893392e-01
    7.8500000000e+03    1.5208567282e-01
    7.9000000000e+03    1.7105832412e-01
    7.9500000000e+03    1.7073438237e-01
    8.0000000000e+03    1.5489277304e-01
    8.0500000000e+03    1.7022541241e-01
    8.1000000000e+03    1.6948784983e-01
    8.1500000000e+03    1.5870103077e-01
    8.2000000000e+03    1.5239986949e-01
    8.2500000000e+03    1.3796496440e-01
    8.3000000000e+03    1.3268185627e-01
    8.3500000000e+03    1.4636162306e-01
    8.4000000000e+03    1.5065962508e-01
    8.4500000000e+03    1.6210649900e-01
    8.5000000000e+03    1.4515195867e-01
    8.5500000000e+03    1.2838738035e-01
    8.6000000000e+03    1.7288634736e-01
    8.6500000000e+03    1.8663676402e-01
    8.7000000000e+03    1.6217322770e-01
    8.7500000000e+03    1.6445046090e-01
    8.8000000000e+03    1.9452569794e-01
    8.8500000000e+03    1.5284046810e-01
    8.9000000000e+03    1.6232915912e-01
    8.9500000000e+03    1.2909303123e-01
    9.0000000000e+03    1.3934439794e-01
    9.0500000000e+03    1.2848817092e-01
    9.1000000000e+03    1.5289610818e-01
    9.1500000000e+03    1.1881367887e-01
    9.2000000000e+03    1.4677693919e-01
    9.2500000000e+03    1.5096577930e-01
    9.3000000000e+03    1.6184177044e-01
    9.3500000000e+03    1.5957795344e-01
    9.4000000000e+03    1.3938706346e-01
    9.4500000000e+03    1.2094604944e-01
    9.5000000000e+03    1.6631401530e-01
    9.5500000000e+03    1.3581120552e-01
    9.6000000000e+03    1.3179426632e-01
    9.6500000000e+03    1.5932276955e-01
    9.7000000000e+03    1.4251228374e-01
    9.7500000000e+03    1.5866999719e-01
    9.8000000000e+03    1.3621382386e-01
    9.8500000000e+03    1.4806631498e-01
    9.9000000000e+03    1.4120225878e-01
    9.9500000000e+03    1.5035954566e-01
    1.0000000000e+04    1.3138844516e-01
    1.0050000000e+04    1.2670292126e-01
    1.0100000000e+04    1.8359791067e-01
    1.0150000000e+04    1.4453858199e-01
    1.0200000000e+04    1.5265444506e-01
    1.0250000000e+04    1.7610814503e-01
    1.0300000000e+04    1.4927194028e-01
    1.0350000000e+04    1.4627447625e-01
    1.0400000000e+04    1.0662762108e-01
    1.0450000000e+04    1.4395594556e-01
    1.0500000000e+04    1.3301274679e-01
    1.0550000000e+04    1.4941073307e-01
    1.0600000000e+04    1.6907428485e-01
    1.0650000000e+04    1.5696049050e-01
    1.0700000000e+04    1.3551700885e-01
    1.0750000000e+04    1.3088522287e-01
    1.0800000000e+04    1.3646875816e-01
    1.0850000000e+04    1.6156631762e-01
    1.0900000000e+04    1.3116850431e-01
    1.0950000000e+04    1.4389734554e-01
    1.1000000000e+04    1.2957045156e-01
    1.1050000000e+04    1.5066181635e-01
    1.1100000000e+04    1.3329213709e-01
    1.1150000000e+04    1.2280401664e-01
    1.1200000000e+04    1.5230582039e-01
    1.1250000000e+04    1.2167304397e-01
    1.1300000000e+04    1.4445725129e-01
    1.1350000000e+04    1.2287184064e-01
    1.1400000000e+04    1.2505718083e-01
    1.1450000000e+04    1.1433892543e-01
    1.1500000000e+04    1.3739201255e-01
    1.1550000000e+04    1.8696569234e-01
    1.1600000000e+04    1.7036684938e-01
    1.1650000000e+04    1.5627555539e-01
    1.1700000000e+04    1.3633027195e-01
    1.1750000000e+04    1.3924581788e-01
    1.1800000000e+04    1.7574690608e-01
    1.1850000000e+04    1.7382777719e-01
    1.1900000000e+04    2.1164289864e-01
    1.1950000000e+04    1.6375069892e-01
    1.2000000000e+04    1.4969345276e-01
    1.2050000000e+04    1.9427634689e-01
    1.2100000000e+04    1.4836254409e-01
    1.2150000000e+04    1.2870864374e-01
    1.2200000000e+04    1.5346986257e-01
    1.2250000000e+04    1.1230604413e-01
    1.2300000000e+04    1.0127479548e-01
    1.2350000000e+04    1.2981469865e-01
    1.2400000000e+04    1.2555348276e-01
    1.2450000000e+04    1.4160688390e-01
    1.2500000000e+04    1.3685629539e-01
    1.2550000000e+04    1.3109359180e-01
    1.2600000000e+04    1.4991803439e-01
    1.2650000000e+04    1.6331520971e-01
    1.2700000000e+04    1.1871488343e-01
    1.2750000000e+04    1.0512830403e-01
    1.2800000000e+04    1.3321748518e-01
    1.2850000000e+04    1.1815239327e-01
    1.2900000000e+04    1.4518471225e-01
    1.2950000000e+04    1.2766600578e-01
    1.3000000000e+04    1.2304267760e-01
    1.3050000000e+04    1.4977949208e-01
    1.3100000000e+04    1.7694169664e-01
    1.3150000000e+04    1.4438928468e-01
    1.3200000000e+04    1.2781036185e-01
    1.3250000000e+04    1.1652297176e-01
    1.3300000000e+04    1.6599760983e-01
    1.3350000000e+04    1.5923262138e-01
    1.3400000000e+04    1.7384374762e-01
    1.3450000000e+04    1.7361020317e-01
    1.3500000000e+04    1.6276831827e-01
    1.3550000000e+04    1.4677480598e-01
    1.3600000000e+04    1.9155277425e-01
    1.3650000000e+04    1.5741313060e-01
    1.3700000000e+04    1.2598102506e-01
    1.3750000000e+04    1.6806116948e-01
    1.3800000000e+04    1.6442398461e-01
    1.3850000000e+04    1.2357979555e-01
    1.3900000000e+04    1.1601827513e-01
    1.3950000000e+04    1.4901479039e-01
    1.4000000000e+04    1.3993437866e-01
    1.4050000000e+04    1.2143455405e-01
    1.4100000000e+04    1.3122176461e-01
    1.4150000000e+04    1.2938408754e-01
    1.4200000000e+04    1.1180498750e-01
    1.4250000000e+04    1.2730777998e-01
    1.4300000000e+04    1.6362718443e-01
    1.4350000000e+04    1.5282772581e-01
    1.4400000000e+04    1.4383635132e-01
    1.4450000000e+04    1.5388496738e-01
    1.4500000000e+04    1.6506829163e-01
    1.4550000000e+04    1.3910745192e-01
    1.4600000000e+04    1.7875627389e-01
    1.4650000000e+04    1.5769465662e-01
    1.4700000000e+04    1.8439952307e-01
    1.4750000000e+04    1.6504749124e-01
    1.4800000000e+04    1.3432844523e-01
    1.4850000000e+04    1.2436387284e-01
    1.4900000000e+04    1.4244715303e-01
    1.4950000000e+04    1.4063961520e-01
    1.5000000000e+04    1.5144781846e-01
    1.5050000000e+04    1.5365731083e-01
    1.5100000000e+04    1.3077274988e-01
    1.5150000000e+04    1.3993994485e-01
    1.5200000000e+04    1.2842922163e-01
    1.5250000000e+04    1.3488385397e-01
    1.5300000000e+04    1.8661423355e-01
    1.5350000000e+04    1.4340658270e-01
    1.5400000000e+04    1.6728146136e-01
    1.5450000000e+04    1.5106108557e-01
    1.5500000000e+04    1.2140810890e-01
    1.5550000000e+04    1.7406878253e-01
    1.5600000000e+04    1.5678861576e-01
    1.5650000000e+04    1.8366576457e-01
    1.5700000000e+04    1.7409300836e-01
    1.5750000000e+04    1.4833179770e-01
    1.5800000000e+04    1.4655218429e-01
    1.5850000000e+04    1.2117487062e-01
    1.5900000000e+04    1.4200529220e-01
    1.5950000000e+04    1.5441702856e-01
    1.6000000000e+04    1.3702494556e-01
    1.6050000000e+04    1.5983768956e-01
    1.6100000000e+04    1.4510239149e-01
    1.6150000000e+04    1.4965994680e-01
    1.6200000000e+04    1.6329384687e-01
    1.6250000000e+04    1.6620706417e-01
    1.6300000000e+04    1.2723917876e-01
    1.6350000000e+04    1.6043946137e-01
    1.6400000000e+04    1.5605578854e-01
    1.6450000000e+04    1.6519267327e-01
    1.6500000000e+04    1.6829210876e-01
    1.6550000000e+04    1.6453955482e-01
    1.6600000000e+04    1.6302629098e-01
    1.6650000000e+04    1.5255166490e-01
    1.6700000000e+04    1.3924777654e-01
    1.6750000000e+04    1.8531771092e-01
    1.6800000000e+04    1.7566087375e-01
    1.6850000000e+04    1.6378256734e-01
    1.6900000000e+04    1.4705212213e-01
    1.6950000000e+04    1.5983030841e-01
    1.7000000000e+04    1.5388343664e-01
    1.7050000000e+04    1.8290216544e-01
    1.7100000000e+04    1.6908468978e-01
    1.7150000000e+04    1.3259439892e-01
    1.7200000000e+04    1.6861270060e-01
    1.7250000000e+04    1.6611539906e-01
    1.7300000000e+04    1.6103513235e-01
    1.7350000000e+04    1.1911516783e-01
    1.7400000000e+04    1.4007475493e-01
    1.7450000000e+04    1.5355049337e-01
    1.7500000000e+04    1.4854287589e-01
    1.7550000000e+04    1.6107240372e-01
    1.7600000000e+04    1.3107207345e-01
    1.7650000000e+04    1.4030496092e-01
    1.7700000000e+04    1.6332751650e-01
    1.7750000000e+04    1.5198224163e-01
    1.7800000000e+04    1.3230161847e-01
    1.7850000000e+04    1.5149485469e-01
    1.7900000000e+04    1.5046052238e-01
    1.7950000000e+04    1.3858231108e-01
    1.8000000000e+04    1.3246208978e-01
    1.8050000000e+04    1.6978589286e-01
    1.8100000000e+04    1.6387751263e-01
    1.8150000000e+04    1.6234398576e-01
    1.8200000000e+04    1.3504899246e-01
    1.8250000000e+04    1.3673882032e-01
    1.8300000000e+04    1.4345681551e-01
    1.8350000000e+04    1.3719485310e-01
    1.8400000000e+04    1.7761150208e-01
    1.8450000000e+04    1.6031029843e-01
    1.8500000000e+04    1.2950827146e-01
    1.8550000000e+04    1.2193791041e-01
    1.8600000000e+04    1.2841500133e-01
    1.8650000000e+04    1.3147225850e-01
    1.8700000000e+04    1.5587567056e-01
    1.8750000000e+04    1.6124321717e-01
    1.8800000000e+04    1.4995809827e-01
    1.8850000000e+04    1.7466399990e-01
    1.8900000000e+04    1.7558421718e-01
    1.8950000000e+04    1.4735630372e-01
    1.9000000000e+04    1.4399937621e-01
    1.9050000000e+04    1.4201966709e-01
    1.9100000000e+04    1.3129954976e-01
    1.9150000000e+04    1.2265711018e-01
    1.9200000000e+04    1.4848725269e-01
    1.9250000000e+04    1.3674994654e-01
    1.9300000000e+04    1.6034804578e-01
    1.9350000000e+04    1.6221074486e-01
    1.9400000000e+04    1.6628602264e-01
    1.9450000000e+04    1.5841426827e-01
    1.9500000000e+04    1.5561771575e-01
    1.9550000000e+04    1.6141862633e-01
    1.9600000000e+04    1.3990290948e-01
    1.9650000000e+04    1.3812320649e-01
    1.9700000000e+04    1.5040474237e-01
    1.9750000000e+04    1.8253098746e-01
    1.9800000000e+04    1.5027422621e-01
    1.9850000000e+04    1.3604125421e-01
    1.9900000000e+04    1.4825950696e-01
    1.9950000000e+04    1.2786018916e-01
    2.0000000000e+04    1.1886904361e-01
    2.0050000000e+04    1.1863659554e-01
    2.0100000000e+04    1.4633863420e-01
    2.0150000000e+04    1.4403813419e-01
    2.0200000000e+04    1.5124232702e-01
    2.0250000000e+04    1.4407987050e-01
    2.0300000000e+04    1.5016117047e-01
    2.0350000000e+04    1.3470148468e-01
    2.0400000000e+04    1.1772788644e-01
    2.0450000000e+04    1.5441500845e-01
    2.0500000000e+04    1.3270939950e-01
    2.0550000000e+04    1.3420680775e-01
    2.0600000000e+04    1.4462593280e-01
    2.0650000000e+04    1.0817616951e-01
    2.0700000000e+04    1.1373854876e-01
    2.0750000000e+04    1.1822198787e-01
    2.0800000000e+04    1.1521311555e-01
    2.0850000000e+04    1.5778720893e-01
    2.0900000000e+04    1.4043255542e-01
    2.0950000000e+04    2.2161921320e-01
    2.1000000000e+04    1.8202909234e-01
    2.1050000000e+04    1.4823422392e-01
    2.1100000000e+04    1.2979956631e-01
    2.1150000000e+04    1.3205291678e-01
    2.1200000000e+04    1.3797363339e-01
    2.1250000000e+04    1.4056278095e-01
    2.1300000000e+04    1.2583574649e-01
    2.1350000000e+04    1.4765555931e-01
    2.1400000000e+04    1.5330937402e-01
    2.1450000000e+04    1.3942596361e-01
    2.1500000000e+04    1.2579450354e-01
    2.1550000000e+04    1.5353432288e-01
    2.1600000000e+04    1.7851300485e-01
    2.1650000000e+04    1.8073773597e-01
    2.1700000000e+04    1.7678855695e-01
    2.1750000000e+04    1.6006563464e-01
    2.1800000000e+04    1.5166507028e-01
    2.1850000000e+04    1.5878410434e-01
    2.1900000000e+04    1.4285706168e-01
    2.1950000000e+04    1.8302581786e-01
    2.2000000000e+04    1.6787916071e-01
    2.2050000000e+04    1.7520054303e-01
    2.2100000000e+04    1.5714294286e-01
    2.2150000000e+04    1.4761318999e-01
    2.2200000000e+04    1.3574656367e-01
    2.2250000000e+04    1.3620005085e-01
    2.2300000000e+04    1.0654535293e-01
    2.2350000000e+04    1.3989952388e-01
    2.2400000000e+04    1.4268715234e-01
    2.2450000000e+04    1.2781228020e-01
    2.2500000000e+04    1.1462444655e-01
    2.2550000000e+04    1.3671455608e-01
    2.2600000000e+04    1.2051783229e-01
    2.2650000000e+04    1.3795818292e-01
    2.2700000000e+04    1.3626098350e-01
    2.2750000000e+04    1.4572607199e-01
    2.2800000000e+04    1.6959607339e-01
    2.2850000000e+04    1.7789804038e-01
    2.2900000000e+04    1.8155108326e-01
    2.2950000000e+04    1.5545499263e-01
    2.3000000000e+04    1.2105057181e-01
    2.3050000000e+04    1.5241020862e-01
    2.3100000000e+04    1.3828907930e-01
    2.3150000000e+04    1.3781580076e-01
    2.3200000000e+04    1.4824475289e-01
    2.3250000000e+04    1.2457089728e-01
    2.3300000000e+04    1.2962239583e-01
    2.3350000000e+04    1.4339013307e-01
    2.3400000000e+04    1.5206004418e-01
    2.3450000000e+04    1.2220577801e-01
    2.3500000000e+04    1.8529810354e-01
    2.3550000000e+04    1.7016038174e-01
    2.3600000000e+04    1.4532029708e-01
    2.3650000000e+04    1.1453610665e-01
    2.3700000000e+04    1.1555492210e-01
    2.3750000000e+04    1.1908188789e-01
    2.3800000000e+04    1.1466221991e-01
    2.3850000000e+04    1.2824974797e-01
    2.3900000000e+04    1.1457634088e-01
    2.3950000000e+04    1.7160937076e-01
    2.4000000000e+04    1.9598275652e-01
    2.4050000000e+04    1.9505230323e-01
    2.4100000000e+04    1.4500624316e-01
    2.4150000000e+04    1.2469418846e-01
    2.4200000000e+04    1.3614374199e-01
    2.4250000000e+04    1.4652483261e-01
    2.4300000000e+04    1.6390879794e-01
    2.4350000000e+04    1.5517649760e-01
    2.4400000000e+04    1.7782991644e-01
    2.4450000000e+04    1.8665212484e-01
    2.4500000000e+04    1.6222214577e-01
    2.4550000000e+04    1.3384247716e-01
    2.4600000000e+04    1.2082422271e-01
    2.4650000000e+04    1.1642286910e-01
    2.4700000000e+04    1.6645942696e-01
    2.4750000000e+04    2.0406117293e-01
    2.4800000000e+04    1.9753204663e-01
    2.4850000000e+04    1.8028431465e-01
    2.4900000000e+04    1.4487091509e-01
    2.4950000000e+04    1.0934608161e-01
    2.5000000000e+04    1.2471765125e-01
    2.5050000000e+04    1.1268498909e-01
    2.5100000000e+04    1.2368536959e-01
    2.5150000000e+04    1.4675121651e-01
    2.5200000000e+04    1.2940316214e-01
    2.5250000000e+04    1.3012791144e-01
    2.5300000000e+04    1.1229175386e-01
    2.5350000000e+04    1.4424527813e-01
    2.5400000000e+04    1.3621994429e-01
    2.5450000000e+04    1.7375660439e-01
    2.5500000000e+04    1.4773092402e-01
    2.5550000000e+04    1.2995925407e-01
    2.5600000000e+04    1.3748373595e-01
    2.5650000000e+04    1.2099969880e-01
    2.5700000000e+04    1.4706691374e-01
    2.5750000000e+04    1.2087933364e-01
    2.5800000000e+04    1.2384142013e-01
    2.5850000000e+04    1.5442677350e-01
    2.5900000000e+04    1.5441414169e-01
    2.5950000000e+04    1.7397494389e-01
    2.6000000000e+04    1.5561861692e-01
    2.6050000000e+04    1.4036106849e-01
    2.6100000000e+04    1.7026622532e-01
    2.6150000000e+04    1.3232575849e-01
    2.6200000000e+04    1.2983650458e-01
    2.6250000000e+04    1.4556187184e-01
    2.6300000000e+04    1.7272255887e-01
    2.6350000000e+04    1.4117007762e-01
    2.6400000000e+04    1.4719124398e-01
    2.6450000000e+04    1.4678435295e-01
    2.6500000000e+04    2.1485544365e-01
    2.6550000000e+04    1.5590786172e-01
    2.6600000000e+04    1.8587988411e-01
    2.6650000000e+04    1.6118023777e-01
    2.6700000000e+04    1.5346923383e-01
    2.6750000000e+04    1.3033905132e-01
    2.6800000000e+04    1.4314752031e-01
    2.6850000000e+04    1.9519724633e-01
    2.6900000000e+04    1.6746738048e-01
    2.6950000000e+04    1.5393561038e-01
    2.7000000000e+04    1.7633833474e-01
    2.7050000000e+04    1.5493108517e-01
    2.7100000000e+04    1.2024748427e-01
    2.7150000000e+04    1.4867780630e-01
    2.7200000000e+04    1.6452508764e-01
    2.7250000000e+04    1.3722172200e-01
    2.7300000000e+04    1.1106406740e-01
    2.7350000000e+04    1.3293027415e-01
    2.7400000000e+04    1.4572603410e-01
    2.7450000000e+04    1.4167530806e-01
    2.7500000000e+04    1.6670140287e-01
    2.7550000000e+04    1.7405352738e-01
    2.7600000000e+04    2.3993922934e-01
    2.7650000000e+04    1.4060891710e-01
    2.7700000000e+04    1.4291376025e-01
    2.7750000000e+04    1.2161398100e-01
    2.7800000000e+04    1.2841809339e-01
    2.7850000000e+04    1.6655254933e-01
    2.7900000000e+04    1.5617854999e-01
    2.7950000000e+04    1.8084693247e-01
    2.8000000000e+04    1.5478232621e-01
    2.8050000000e+04    1.3147370370e-01
    2.8100000000e+04    1.4944488873e-01
    2.8150000000e+04    1.6260472220e-01
    2.8200000000e+04    1.2781617427e-01
    2.8250000000e+04    1.5303642859e-01
    2.8300000000e+04    1.7865433128e-01
    2.8350000000e+04    1.9073653708e-01
    2.8400000000e+04    1.4843579319e-01
    2.8450000000e+04    1.4124616062e-01
    2.8500000000e+04    1.6659345574e-01
    2.8550000000e+04    1.4891354788e-01
    2.8600000000e+04    1.3582725273e-01
    2.8650000000e+04    1.2933161846e-01
    2.8700000000e+04    1.4732970599e-01
    2.8750000000e+04    1.5587396529e-01
    2.8800000000e+04    1.6535915025e-01
    2.8850000000e+04    1.5464837351e-01
    2.8900000000e+04    1.5527433720e-01
    2.8950000000e+04    1.2797746305e-01
    2.9000000000e+04    1.4453259159e-01
    2.9050000000e+04    1.4802996767e-01
    2.9100000000e+04    1.9498466261e-01
    2.9150000000e+04    2.5099573727e-01
    2.9200000000e+04    2.1985245411e-01
    2.9250000000e+04    2.1384562542e-01
    2.9300000000e+04    1.8087564079e-01
    2.9350000000e+04    1.5665679338e-01
    2.9400000000e+04    1.2057087518e-01
    2.9450000000e+04    1.1911856152e-01
    2.9500000000e+04    1.6497038414e-01
    2.9550000000e+04    1.1684633923e-01
    2.9600000000e+04    1.3300227868e-01
    2.9650000000e+04    1.2862824005e-01
    2.9700000000e+04    1.4898160479e-01
    2.9750000000e+04    1.3548327682e-01
    2.9800000000e+04    1.0773050914e-01
    2.9850000000e+04    1.3699946049e-01
    2.9900000000e+04    2.0902119155e-01
    2.9950000000e+04    1.4947455642e-01
    3.0000000000e+04    1.2103441058e-01
    3.0050000000e+04    1.2663765956e-01
    3.0100000000e+04    1.5763284830e-01
    3.0150000000e+04    2.2979765018e-01
    3.0200000000e+04    1.1959881631e-01
    3.0250000000e+04    1.6843022484e-01
    3.0300000000e+04    1.5014866863e-01
    3.0350000000e+04    1.4260713418e-01
    3.0400000000e+04    1.6065272045e-01
    3.0450000000e+04    1.2160103050e-01
    3.0500000000e+04    2.2571665260e-01
    3.0550000000e+04    1.4311044572e-01
    3.0600000000e+04    1.4051700465e-01
    3.0650000000e+04    1.4541581245e-01
    3.0700000000e+04    1.6795428020e-01
    3.0750000000e+04    1.4162448383e-01
    3.0800000000e+04    1.5190434168e-01
    3.0850000000e+04    1.9102021704e-01
    3.0900000000e+04    1.7703527854e-01
    3.0950000000e+04    1.6469361139e-01
    3.1000000000e+04    1.7686817145e-01
    3.1050000000e+04    2.0878319732e-01
    3.1100000000e+04    1.5832046611e-01
    3.1150000000e+04    1.4800967879e-01
    3.1200000000e+04    1.3759413006e-01
    3.1250000000e+04    1.4114297432e-01
    3.1300000000e+04    1.3082048635e-01
    3.1350000000e+04    1.4564887831e-01
    3.1400000000e+04    1.7105687858e-01
    3.1450000000e+04    1.4882199710e-01
    3.1500000000e+04    1.5248038478e-01
    3.1550000000e+04    1.5267058750e-01
    3.1600000000e+04    1.2907549983e-01
    3.1650000000e+04    1.3925309204e-01
    3.1700000000e+04    1.5524071557e-01
    3.1750000000e+04    1.6125479888e-01
    3.1800000000e+04    1.4735957624e-01
    3.1850000000e+04    1.5672655507e-01
    3.1900000000e+04    1.6833822749e-01
    3.1950000000e+04    1.4544192527e-01
    3.2000000000e+04    1.5501164744e-01
    3.2050000000e+04    1.8003327056e-01
    3.2100000000e+04    1.8020805280e-01
    3.2150000000e+04    1.7348034731e-01
    3.2200000000e+04    1.5004551493e-01
    3.2250000000e+04    1.4586164382e-01
    3.2300000000e+04    1.2505124570e-01
    3.2350000000e+04    1.3816428457e-01
    3.2400000000e+04    1.5840578699e-01
    3.2450000000e+04    1.4585560111e-01
    3.2500000000e+04    1.3502681805e-01
    3.2550000000e+04    1.4831200974e-01
    3.2600000000e+04    1.7632130924e-01
    3.2650000000e+04    1.4230038103e-01
    3.2700000000e+04    1.5388325998e-01
    3.2750000000e+04    1.7012941709e-01
    3.2800000000e+04    1.6476049525e-01
    3.2850000000e+04    1.3840646556e-01
    3.2900000000e+04    1.2447957979e-01
    3.2950000000e+04    1.4755146529e-01
    3.3000000000e+04    1.5014337126e-01
    3.3050000000e+04    1.7211529337e-01
    3.3100000000e+04    1.7580753400e-01
    3.3150000000e+04    1.5737438378e-01
    3.3200000000e+04    1.3262191622e-01
    3.3250000000e+04    1.4287358713e-01
    3.3300000000e+04    1.6405853493e-01
    3.3350000000e+04    1.3046051335e-01
    3.3400000000e+04    1.1081437094e-01
    3.3450000000e+04    1.2846299235e-01
    3.3500000000e+04    1.0720608392e-01
    3.3550000000e+04    1.1899189046e-01
    3.3600000000e+04    1.2362432269e-01
    3.3650000000e+04    1.2592748073e-01
    3.3700000000e+04    1.1689276459e-01
    3.3750000000e+04    1.4579027185e-01
    3.3800000000e+04    1.3626330475e-01
    3.3850000000e+04    1.1311798225e-01
    3.3900000000e+04    1.2403731856e-01
    3.3950000000e+04    1.0064407246e-01
    3.4000000000e+04    9.4042040917e-02
    3.4050000000e+04    1.0716037331e-01
    3.4100000000e+04    1.1397633967e-01
    3.4150000000e+04    1.0934018533e-01
    3.4200000000e+04    1.1815406170e-01
    3.4250000000e+04    1.2734434247e-01
    3.4300000000e+04    1.4145814636e-01
    3.4350000000e+04    1.3029409504e-01
    3.4400000000e+04    1.0820704520e-01
    3.4450000000e+04    1.3016412137e-01
    3.4500000000e+04    1.0797604688e-01
    3.4550000000e+04    1.3978884784e-01
    3.4600000000e+04    1.1090736128e-01
    3.4650000000e+04    1.1705414010e-01
    3.4700000000e+04    1.0027677384e-01
    3.4750000000e+04    1.3242220693e-01
    3.4800000000e+04    1.3596926933e-01
    3.4850000000e+04    1.2447869493e-01
    3.4900000000e+04    2.0237052595e-01
    3.4950000000e+04    1.8435249492e-01
    3.5000000000e+04    1.5443048077e-01
    3.5050000000e+04    1.2906147401e-01
    3.5100000000e+04    1.2622684553e-01
    3.5150000000e+04    1.4219503747e-01
    3.5200000000e+04    1.1968002084e-01
    3.5250000000e+04    1.1338422971e-01
    3.5300000000e+04    1.5689674423e-01
    3.5350000000e+04    1.7550134251e-01
    3.5400000000e+04    1.6154037650e-01
    3.5450000000e+04    1.3167524476e-01
    3.5500000000e+04    1.4787175689e-01
    3.5550000000e+04    1.6619777485e-01
    3.5600000000e+04    1.6162560854e-01
    3.5650000000e+04    2.1234504051e-01
    3.5700000000e+04    1.7682551446e-01
    3.5750000000e+04    1.2790460480e-01
    3.5800000000e+04    1.4849411057e-01
    3.5850000000e+04    1.6757429133e-01
    3.5900000000e+04    1.9158800545e-01
    3.5950000000e+04    1.6909480352e-01
    3.6000000000e+04    1.5251168224e-01
    3.6050000000e+04    1.5799958781e-01
    3.6100000000e+04    1.8860038911e-01
    3.6150000000e+04    1.6210315089e-01
    3.6200000000e+04    1.3754405010e-01
    3.6250000000e+04    1.5098762319e-01
    3.6300000000e+04    1.4582228149e-01
    3.6350000000e+04    1.3692240141e-01
    3.6400000000e+04    1.4378272909e-01
    3.6450000000e+04    1.2367213552e-01
    3.6500000000e+04    1.3274814849e-01
    3.6550000000e+04    1.3976348737e-01
    3.6600000000e+04    1.4289160671e-01
    3.6650000000e+04    1.5264699856e-01
    3.6700000000e+04    1.6529665344e-01
    3.6750000000e+04    1.7121347695e-01
    3.6800000000e+04    3.2679950261e-01
    3.6850000000e+04    1.7064280528e-01
    3.6900000000e+04    1.7378521206e-01
    3.6950000000e+04    1.5307943278e-01
    3.7000000000e+04    1.3792734592e-01
    3.7050000000e+04    1.5877622078e-01
    3.7100000000e+04    1.3352564515e-01
    3.7150000000e+04    1.6320597960e-01
    3.7200000000e+04    1.3136153368e-01
    3.7250000000e+04    1.1226709530e-01
    3.7300000000e+04    1.3512925175e-01
    3.7350000000e+04    1.2054636749e-01
    3.7400000000e+04    1.8022093394e-01
    3.7450000000e+04    1.4790416464e-01
    3.7500000000e+04    1.6045391088e-01
    3.7550000000e+04    2.2889279743e-01
    3.7600000000e+04    2.0751822692e-01
    3.7650000000e+04    1.0334040090e-01
    3.7700000000e+04    1.3371647635e-01
    3.7750000000e+04    1.2808141294e-01
    3.7800000000e+04    1.4781409975e-01
    3.7850000000e+04    1.4027233746e-01
    3.7900000000e+04    1.2264031925e-01
    3.7950000000e+04    1.2109465081e-01
    3.8000000000e+04    1.4554650093e-01
    3.8050000000e+04    1.3275731268e-01
    3.8100000000e+04    1.2246924857e-01
    3.8150000000e+04    1.0486178251e-01
    3.8200000000e+04    1.3497956706e-01
    3.8250000000e+04    1.2015617878e-01
    3.8300000000e+04    9.5997289131e-02
    3.8350000000e+04    1.0644157601e-01
    3.8400000000e+04    1.3323922627e-01
    3.8450000000e+04    1.1238694534e-01
    3.8500000000e+04    1.2159538295e-01
    3.8550000000e+04    1.2691011002e-01
    3.8600000000e+04    1.5905882688e-01
    3.8650000000e+04    1.6757471987e-01
    3.8700000000e+04    2.2492547780e-01
    3.8750000000e+04    2.3196153992e-01
    3.8800000000e+04    1.9469802408e-01
    3.8850000000e+04    1.5410257632e-01
    3.8900000000e+04    1.3506069890e-01
    3.8950000000e+04    1.4548231677e-01
    3.9000000000e+04    1.0441555419e-01
    3.9050000000e+04    9.4399342477e-02
    3.9100000000e+04    1.3791352596e-01
    3.9150000000e+04    1.4403609918e-01
    3.9200000000e+04    1.4266870520e-01
    3.9250000000e+04    1.5771852338e-01
    3.9300000000e+04    1.3628765760e-01
    3.9350000000e+04    2.1104453127e-01
    3.9400000000e+04    1.5663845435e-01
    3.9450000000e+04    1.5027528652e-01
    3.9500000000e+04    1.6721631417e-01
    3.9550000000e+04    2.3200819241e-01
    3.9600000000e+04    3.1378736857e-01
    3.9650000000e+04    2.8336400220e-01
    3.9700000000e+04    1.5585598706e-01
    3.9750000000e+04    1.7079550220e-01
    3.9800000000e+04    1.2636641305e-01
    3.9850000000e+04    1.1560937875e-01
    3.9900000000e+04    1.3197009170e-01
    3.9950000000e+04    1.5290075598e-01
    4.0000000000e+04    1.5979208566e-01
    4.0050000000e+04    1.5149572038e-01
    4.0100000000e+04    1.3841728801e-01
    4.0150000000e+04    1.6310650093e-01
    4.0200000000e+04    1.1852958637e-01
    4.0250000000e+04    1.3919359897e-01
    4.0300000000e+04    1.3949114557e-01
    4.0350000000e+04    1.5000414835e-01
    4.0400000000e+04    1.2714564752e-01
    4.0450000000e+04    1.4300706225e-01
    4.0500000000e+04    1.1456453114e-01
    4.0550000000e+04    1.3667554154e-01
    4.0600000000e+04    1.4841629079e-01
    4.0650000000e+04    1.1791605172e-01
    4.0700000000e+04    1.2861964220e-01
    4.0750000000e+04    1.2930066472e-01
    4.0800000000e+04    1.0769889358e-01
    4.0850000000e+04    9.9907208428e-02
    4.0900000000e+04    1.0465151767e-01
    4.0950000000e+04    1.2157814114e-01
    4.1000000000e+04    1.2615716478e-01
    4.1050000000e+04    1.2949743980e-01
    4.1100000000e+04    1.1633537829e-01
    4.1150000000e+04    1.1500209810e-01
    4.1200000000e+04    1.2711893267e-01
    4.1250000000e+04    1.3387436555e-01
    4.1300000000e+04    1.4262479324e-01
    4.1350000000e+04    1.6761497354e-01
    4.1400000000e+04    1.5539660644e-01
    4.1450000000e+04    1.2127492600e-01
    4.1500000000e+04    1.4071463129e-01
    4.1550000000e+04    1.7421379347e-01
    4.1600000000e+04    1.7474301041e-01
    4.1650000000e+04    1.3874254946e-01
    4.1700000000e+04    1.1859319091e-01
    4.1750000000e+04    1.6983190116e-01
    4.1800000000e+04    1.2467590921e-01
    4.1850000000e+04    1.2178064977e-01
    4.1900000000e+04    1.0303685956e-01
    4.1950000000e+04    9.4093785320e-02
    4.2000000000e+04    1.0259329109e-01
    4.2050000000e+04    1.3944118364e-01
    4.2100000000e+04    1.4080579423e-01
    4.2150000000e+04    1.2465730209e-01
    4.2200000000e+04    1.0427774530e-01
    4.2250000000e+04    1.1789855200e-01
    4.2300000000e+04    1.3285021094e-01
    4.2350000000e+04    1.3288451493e-01
    4.2400000000e+04    1.2936002008e-01
    4.2450000000e+04    1.0838489810e-01
    4.2500000000e+04    1.1442715094e-01
    4.2550000000e+04    1.2375483081e-01
    4.2600000000e+04    1.1388111368e-01
    4.2650000000e+04    1.4106838466e-01
    4.2700000000e+04    1.4661115527e-01
    4.2750000000e+04    1.6254714382e-01
    4.2800000000e+04    9.7189113816e-02
    4.2850000000e+04    1.1279821023e-01
    4.2900000000e+04    1.1613996592e-01
    4.2950000000e+04    1.6437924356e-01
    4.3000000000e+04    1.7583290888e-01
    4.3050000000e+04    1.4833375387e-01
    4.3100000000e+04    1.4742786680e-01
    4.3150000000e+04    1.6861521467e-01
    4.3200000000e+04    1.6657282841e-01
    4.3250000000e+04    1.2012800098e-01
    4.3300000000e+04    1.4022172529e-01
    4.3350000000e+04    1.5104855690e-01
    4.3400000000e+04    1.7234847852e-01
    4.3450000000e+04    2.0408430423e-01
    4.3500000000e+04    1.7969827477e-01
    4.3550000000e+04    1.8726320490e-01
    4.3600000000e+04    1.7033287706e-01
    4.3650000000e+04    1.4224609057e-01
    4.3700000000e+04    9.2823898700e-02
    4.3750000000e+04    1.4211912011e-01
    4.3800000000e+04    9.7436114088e-02
    4.3850000000e+04    1.2923216363e-01
    4.3900000000e+04    1.7751434996e-01
    4.3950000000e+04    1.5026729634e-01
    4.4000000000e+04    1.3996256933e-01
    4.4050000000e+04    1.7630345051e-01
    4.4100000000e+04    1.2815118325e-01
    4.4150000000e+04    1.1560214870e-01
    4.4200000000e+04    1.9118165018e-01
    4.4250000000e+04    2.1228859264e-01
    4.4300000000e+04    1.9989424289e-01
    4.4350000000e+04    1.4627014986e-01
    4.4400000000e+04    1.5523521959e-01
    4.4450000000e+04    1.1034747006e-01
    4.4500000000e+04    1.0890398701e-01
    4.4550000000e+04    1.2079396591e-01
    4.4600000000e+04    1.5694974646e-01
    4.4650000000e+04    1.3064622800e-01
    4.4700000000e+04    1.1723150658e-01
    4.4750000000e+04    1.6645080137e-01
    4.4800000000e+04    1.4756158803e-01
    4.4850000000e+04    1.1912061110e-01
    4.4900000000e+04    1.6433905558e-01
    4.4950000000e+04    1.4745831135e-01
    4.5000000000e+04    1.4685088060e-01
    4.5050000000e+04    1.8110444523e-01
    4.5100000000e+04    1.8506292440e-01
    4.5150000000e+04    1.9049260891e-01
    4.5200000000e+04    1.8215993919e-01
    4.5250000000e+04    1.7262102218e-01
    4.5300000000e+04    1.6722112107e-01
    4.5350000000e+04    1.8094876343e-01
    4.5400000000e+04    1.7365220524e-01
    4.5450000000e+04    1.4963047416e-01
    4.5500000000e+04    1.4334890382e-01
    4.5550000000e+04    1.4115369063e-01
    4.5600000000e+04    1.9328566724e-01
    4.5650000000e+04    1.1940553530e-01
    4.5700000000e+04    1.7372824551e-01
    4.5750000000e+04    1.6276861280e-01
    4.5800000000e+04    9.9153254250e-02
    4.5850000000e+04    1.6155976985e-01
    4.5900000000e+04    1.6100224874e-01
    4.5950000000e+04    1.4849290756e-01
    4.6000000000e+04    1.5355895250e-01
    4.6050000000e+04    1.6716595741e-01
    4.6100000000e+04    1.9060182347e-01
    4.6150000000e+04    1.8282997186e-01
    4.6200000000e+04    1.5423800189e-01
    4.6250000000e+04    1.9664052408e-01
    4.6300000000e+04    1.9058637124e-01
    4.6350000000e+04    2.1660300929e-01
    4.6400000000e+04    1.8957144325e-01
    4.6450000000e+04    2.1848000671e-01
    4.6500000000e+04    1.6232190059e-01
    4.6550000000e+04    1.9405526003e-01
    4.6600000000e+04    1.9502570580e-01
    4.6650000000e+04    3.0812716472e-01
    4.6700000000e+04    1.5746684623e-01
    4.6750000000e+04    1.1156857837e-01
    4.6800000000e+04    1.3919879672e-01
    4.6850000000e+04    1.5224911539e-01
    4.6900000000e+04    1.1102908053e-01
    4.6950000000e+04    9.9090249366e-02
    4.7000000000e+04    1.1462290001e-01
    4.7050000000e+04    1.2021486595e-01
    4.7100000000e+04    1.3833153613e-01
    4.7150000000e+04    1.4273425669e-01
    4.7200000000e+04    1.4880005595e-01
    4.7250000000e+04    1.6840178286e-01
    4.7300000000e+04    1.7767983969e-01
    4.7350000000e+04    1.7523282083e-01
    4.7400000000e+04    1.2614120581e-01
    4.7450000000e+04    1.2321211125e-01
    4.7500000000e+04    1.2216589991e-01
    4.7550000000e+04    1.3482797214e-01
    4.7600000000e+04    1.1283982297e-01
    4.7650000000e+04    1.1109373803e-01
    4.7700000000e+04    1.5201410172e-01
    4.7750000000e+04    1.5146163080e-01
    4.7800000000e+04    1.6614732662e-01
    4.7850000000e+04    1.8006214000e-01
    4.7900000000e+04    2.0880764616e-01
    4.7950000000e+04    2.1605466528e-01
    4.8000000000e+04    2.8542982528e-01
    4.8050000000e+04    1.9916273150e-01
    4.8100000000e+04    1.7030727634e-01
    4.8150000000e+04    1.8364535273e-01
    4.8200000000e+04    1.5965425885e-01
    4.8250000000e+04    1.3522841493e-01
    4.8300000000e+04    1.1488520606e-01
    4.8350000000e+04    1.2477413788e-01
    4.8400000000e+04    1.4154176122e-01
    4.8450000000e+04    1.4788307352e-01
    4.8500000000e+04    1.0383058025e-01
    4.8550000000e+04    9.2194939031e-02
    4.8600000000e+04    1.2052673299e-01
    4.8650000000e+04    1.7299711388e-01
    4.8700000000e+04    2.0290732360e-01
    4.8750000000e+04    2.0050181122e-01
    4.8800000000e+04    1.6813831211e-01
    4.8850000000e+04    1.8210121407e-01
    4.8900000000e+04    1.3525827459e-01
    4.8950000000e+04    1.4573097182e-01
    4.9000000000e+04    1.2523561856e-01
    4.9050000000e+04    1.8086722757e-01
    4.9100000000e+04    1.6547801722e-01
    4.9150000000e+04    1.2669363823e-01
    4.9200000000e+04    1.3589915423e-01
    4.9250000000e+04    1.1865531019e-01
    4.9300000000e+04    1.2630133059e-01
    4.9350000000e+04    1.6690631625e-01
    4.9400000000e+04    1.7521365609e-01
    4.9450000000e+04    1.8054244499e-01
    4.9500000000e+04    1.6642829345e-01
    4.9550000000e+04    1.8904676786e-01
    4.9600000000e+04    1.6382113015e-01
    4.9650000000e+04    1.6667070731e-01
    4.9700000000e+04    1.8369250491e-01
    4.9750000000e+04    1.9420077724e-01
    4.9800000000e+04    1.3327509807e-01
    4.9850000000e+04    1.4937170022e-01
    4.9900000000e+04    1.6693289290e-01
    4.9950000000e+04    1.6882561678e-01
    5.0000000000e+04    1.4868504715e-01
    5.0050000000e+04    1.2704460605e-01
    5.0100000000e+04    1.3911841114e-01
    5.0150000000e+04    1.2732117951e-01
    5.0200000000e+04    1.4366819141e-01
    5.0250000000e+04    1.4728033739e-01
    5.0300000000e+04    1.5327007892e-01
    5.0350000000e+04    1.2233582620e-01
    5.0400000000e+04    1.1323869595e-01
    5.0450000000e+04    1.0430397953e-01
    5.0500000000e+04    1.7837305401e-01
    5.0550000000e+04    1.1791644103e-01
    5.0600000000e+04    1.2193181123e-01
    5.0650000000e+04    1.3183349189e-01
    5.0700000000e+04    2.7798387182e-01
    5.0750000000e+04    1.4990295566e-01
    5.0800000000e+04    1.0361838271e-01
    5.0850000000e+04    1.1916422602e-01
    5.0900000000e+04    1.1729694355e-01
    5.0950000000e+04    1.2063756919e-01
    5.1000000000e+04    1.3353355724e-01
    5.1050000000e+04    1.1512272677e-01
    5.1100000000e+04    1.7581679293e-01
    5.1150000000e+04    1.5215789049e-01
    5.1200000000e+04    1.2388959932e-01
    5.1250000000e+04    1.3246727031e-01
    5.1300000000e+04    1.4912363939e-01
    5.1350000000e+04    1.5257223608e-01
    5.1400000000e+04    1.2503351634e-01
    5.1450000000e+04    1.1177319823e-01
    5.1500000000e+04    1.4151008236e-01
    5.1550000000e+04    1.5467182590e-01
    5.1600000000e+04    1.5045342342e-01
    5.1650000000e+04    1.2394287332e-01
    5.1700000000e+04    1.4081614534e-01
    5.1750000000e+04    1.6032029829e-01
    5.1800000000e+04    1.4135687543e-01
    5.1850000000e+04    1.3341117574e-01
    5.1900000000e+04    1.5706178160e-01
    5.1950000000e+04    1.5897787354e-01
    5.2000000000e+04    1.2068397371e-01
    5.2050000000e+04    1.0969548219e-01
    5.2100000000e+04    1.4749587690e-01
    5.2150000000e+04    1.6705604611e-01
    5.2200000000e+04    1.6428325464e-01
    5.2250000000e+04    1.6676652844e-01
    5.2300000000e+04    1.3194861329e-01
    5.2350000000e+04    1.3225373862e-01
    5.2400000000e+04    1.7438414449e-01
    5.2450000000e+04    1.2537647150e-01
    5.2500000000e+04    1.5676220414e-01
    5.2550000000e+04    1.2657981600e-01
    5.2600000000e+04    1.1646112708e-01
    5.2650000000e+04    1.3331000497e-01
    5.2700000000e+04    1.5492408961e-01
    5.2750000000e+04    1.4633367158e-01
    5.2800000000e+04    1.7406891093e-01
    5.2850000000e+04    1.1797650570e-01
    5.2900000000e+04    1.1723629193e-01
    5.2950000000e+04    1.2043872717e-01
    5.3000000000e+04    1.3905969851e-01
    5.3050000000e+04    1.5552572107e-01
    5.3100000000e+04    1.5288490520e-01
    5.3150000000e+04    1.3162730081e-01
    5.3200000000e+04    1.6164842072e-01
    5.3250000000e+04    1.7085315425e-01
    5.3300000000e+04    1.6480741693e-01
    5.3350000000e+04    1.6785506461e-01
    5.3400000000e+04    1.5132451280e-01
    5.3450000000e+04    1.4455475691e-01
    5.3500000000e+04    1.4228995316e-01
    5.3550000000e+04    1.2377241451e-01
    5.3600000000e+04    1.0003870610e-01
    5.3650000000e+04    1.1641846113e-01
    5.3700000000e+04    1.1090828169e-01
    5.3750000000e+04    1.2931498074e-01
    5.3800000000e+04    1.2644247133e-01
    5.3850000000e+04    1.2170345928e-01
    5.3900000000e+04    1.6928714271e-01
    5.3950000000e+04    1.5576406764e-01
    5.4000000000e+04    1.2601368419e-01
    5.4050000000e+04    1.4399925180e-01
    5.4100000000e+04    1.8730820468e-01
    5.4150000000e+04    1.2713924591e-01
    5.4200000000e+04    1.6189530139e-01
    5.4250000000e+04    1.5511342029e-01
    5.4300000000e+04    1.6605981034e-01
    5.4350000000e+04    1.8943861882e-01
    5.4400000000e+04    1.6867337059e-01
    5.4450000000e+04    1.7888030156e-01
    5.4500000000e+04    2.0117745119e-01
    5.4550000000e+04    1.8447429054e-01
    5.4600000000e+04    1.7158267674e-01
    5.4650000000e+04    1.2087253568e-01
    5.4700000000e+04    1.4948767185e-01
    5.4750000000e+04    2.0219387886e-01
    5.4800000000e+04    1.8817648493e-01
    5.4850000000e+04    1.9324165958e-01
    5.4900000000e+04    1.6208615631e-01
    5.4950000000e+04    1.5951971663e-01
    5.5000000000e+04    1.7467283019e-01
    5.5050000000e+04    1.4024318139e-01
    5.5100000000e+04    1.3219133403e-01
    5.5150000000e+04    1.7998114224e-01
    5.5200000000e+04    1.6330790502e-01
    5.5250000000e+04    1.3364381085e-01
    5.5300000000e+04    1.2293335512e-01
    5.5350000000e+04    1.3169170459e-01
    5.5400000000e+04    1.2420690962e-01
    5.5450000000e+04    1.2906178601e-01
    5.5500000000e+04    1.5564445217e-01
    5.5550000000e+04    1.7617234992e-01
    5.5600000000e+04    1.2453689973e-01
    5.5650000000e+04    1.1242794140e-01
    5.5700000000e+04    1.4729899532e-01
    5.5750000000e+04    1.6626687154e-01
    5.5800000000e+04    1.3871616822e-01
    5.5850000000e+04    9.7232760985e-02
    5.5900000000e+04    1.6750896911e-01
    5.5950000000e+04    1.5538546644e-01
    5.6000000000e+04    1.4367364777e-01
    5.6050000000e+04    1.6334640198e-01
    5.6100000000e+04    1.4614318173e-01
    5.6150000000e+04    1.1075984400e-01
    5.6200000000e+04    1.2415027056e-01
    5.6250000000e+04    1.5436368822e-01
    5.6300000000e+04    1.6591747303e-01
    5.6350000000e+04    1.7674481704e-01
    5.6400000000e+04    1.4109339834e-01
    5.6450000000e+04    1.8975051750e-01
    5.6500000000e+04    2.1484871605e-01
    5.6550000000e+04    1.8739142054e-01
    5.6600000000e+04    1.6257513698e-01
    5.6650000000e+04    1.3569227807e-01
    5.6700000000e+04    1.3713492715e-01
    5.6750000000e+04    1.4926485230e-01
    5.6800000000e+04    1.6039623762e-01
    5.6850000000e+04    1.1770836600e-01
    5.6900000000e+04    1.3140767841e-01
    5.6950000000e+04    1.1576883080e-01
    5.7000000000e+04    1.1920806509e-01
    5.7050000000e+04    1.6580218134e-01
    5.7100000000e+04    1.3778069889e-01
    5.7150000000e+04    1.0573260946e-01
    5.7200000000e+04    1.3556014441e-01
    5.7250000000e+04    1.3835330372e-01
    5.7300000000e+04    1.3133765193e-01
    5.7350000000e+04    1.6864263149e-01
    5.7400000000e+04    1.9568714886e-01
    5.7450000000e+04    4.8523758924e-01
    5.7500000000e+04    3.4136906407e-01
    5.7550000000e+04    3.0660078720e-01
    5.7600000000e+04    2.5032962557e-01
    5.7650000000e+04    1.8822276652e-01
    5.7700000000e+04    1.6831140450e-01
    5.7750000000e+04    1.7143929339e-01
    5.7800000000e+04    2.0502086222e-01
    5.7850000000e+04    1.6361513145e-01
    5.7900000000e+04    2.4021562495e-01
    5.7950000000e+04    2.0588157697e-01
    5.8000000000e+04    3.1072365976e-01
    5.8050000000e+04    2.0799559826e-01
    5.8100000000e+04    1.6803468059e-01
    5.8150000000e+04    1.5539586060e-01
    5.8200000000e+04    1.6476327523e-01
    5.8250000000e+04    1.5599358523e-01
    5.8300000000e+04    1.6601530613e-01
    5.8350000000e+04    1.9952179140e-01
    5.8400000000e+04    1.8351009098e-01
    5.8450000000e+04    2.2593368692e-01
    5.8500000000e+04    2.0476707425e-01
    5.8550000000e+04    2.3856336094e-01
    5.8600000000e+04    2.2532296487e-01
    5.8650000000e+04    1.4509247273e-01
    5.8700000000e+04    1.3751241061e-01
    5.8750000000e+04    1.1845643429e-01
    5.8800000000e+04    1.9424404131e-01
    5.8850000000e+04    1.2730238762e-01
    5.8900000000e+04    9.2834096286e-02
    5.8950000000e+04    1.1519795819e-01
    5.9000000000e+04    1.1381077741e-01
    5.9050000000e+04    1.2191480592e-01
    5.9100000000e+04    1.2695727639e-01
    5.9150000000e+04    1.3458648882e-01
    5.9200000000e+04    1.1648613576e-01
    5.9250000000e+04    1.1513531601e-01
    5.9300000000e+04    1.5239787863e-01
    5.9350000000e+04    1.5169271228e-01
    5.9400000000e+04    1.6434638580e-01
    5.9450000000e+04    1.5089883783e-01
    5.9500000000e+04    1.3296945173e-01
    5.9550000000e+04    1.2553046363e-01
    5.9600000000e+04    1.4967777818e-01
    5.9650000000e+04    1.8257920378e-01
    5.9700000000e+04    1.9838180752e-01
    5.9750000000e+04    1.9985058714e-01
    5.9800000000e+04    2.0237981855e-01
    5.9850000000e+04    1.7859493707e-01
    5.9900000000e+04    1.3329537234e-01
    5.9950000000e+04    1.3732905645e-01
    6.0000000000e+04    1.5353769672e-01
    6.0050000000e+04    1.4541546501e-01
    6.0100000000e+04    2.0681845922e-01
    6.0150000000e+04    1.9478407080e-01
    6.0200000000e+04    1.3662032224e-01
    6.0250000000e+04    1.3116719260e-01
    6.0300000000e+04    1.4320971432e-01
    6.0350000000e+04    1.3135773109e-01
    6.0400000000e+04    1.4134731905e-01
    6.0450000000e+04    1.2033691890e-01
    6.0500000000e+04    1.2642694008e-01
    6.0550000000e+04    1.4039467356e-01
    6.0600000000e+04    1.2024556825e-01
    6.0650000000e+04    1.2270246784e-01
    6.0700000000e+04    1.0319005935e-01
    6.0750000000e+04    1.1107907312e-01
    6.0800000000e+04    1.2429197445e-01
    6.0850000000e+04    1.0424968370e-01
    6.0900000000e+04    1.4638088750e-01
    6.0950000000e+04    1.8376051325e-01
    6.1000000000e+04    1.8301718438e-01
    6.1050000000e+04    1.9873951665e-01
    6.1100000000e+04    1.8089582030e-01
    6.1150000000e+04    1.6421961579e-01
    6.1200000000e+04    1.5367150489e-01
    6.1250000000e+04    1.3046868154e-01
    6.1300000000e+04    1.1399958667e-01
    6.1350000000e+04    1.4387171149e-01
    6.1400000000e+04    1.7356411963e-01
    6.1450000000e+04    1.7491259221e-01
    6.1500000000e+04    1.1724580430e-01
    6.1550000000e+04    1.0386828180e-01
    6.1600000000e+04    1.1596327005e-01
    6.1650000000e+04    1.2061670686e-01
    6.1700000000e+04    9.4397510409e-02
    6.1750000000e+04    1.0775933368e-01
    6.1800000000e+04    1.5608339714e-01
    6.1850000000e+04    1.7289092971e-01
    6.1900000000e+04    1.4664640284e-01
    6.1950000000e+04    1.3240461122e-01
    6.2000000000e+04    1.6771660922e-01
    6.2050000000e+04    1.6702028508e-01
    6.2100000000e+04    1.3554982360e-01
    6.2150000000e+04    1.3120506296e-01
    6.2200000000e+04    1.3767527003e-01
    6.2250000000e+04    1.3772082988e-01
    6.2300000000e+04    1.0666340355e-01
    6.2350000000e+04    1.1638782092e-01
    6.2400000000e+04    1.0622328811e-01
    6.2450000000e+04    1.2303544049e-01
    6.2500000000e+04    1.5465651379e-01
    6.2550000000e+04    1.4771778055e-01
    6.2600000000e+04    1.8148912263e-01
    6.2650000000e+04    1.2658509140e-01
    6.2700000000e+04    1.2999634221e-01
    6.2750000000e+04    1.2723444139e-01
    6.2800000000e+04    1.4628400015e-01
    6.2850000000e+04    1.7830133313e-01
    6.2900000000e+04    1.3636530900e-01
    6.2950000000e+04    1.6962120071e-01
    6.3000000000e+04    1.8181179024e-01
    6.3050000000e+04    1.5605798881e-01
    6.3100000000e+04    1.5492536357e-01
    6.3150000000e+04    1.1551993507e-01
    6.3200000000e+04    1.2764680071e-01
    6.3250000000e+04    1.5781450940e-01
    6.3300000000e+04    1.6343996156e-01
    6.3350000000e+04    1.5976334307e-01
    6.3400000000e+04    1.6501130594e-01
    6.3450000000e+04    1.5287094325e-01
    6.3500000000e+04    1.9535676373e-01
    6.3550000000e+04    1.9278618429e-01
    6.3600000000e+04    1.6678909553e-01
    6.3650000000e+04    1.3059814876e-01
    6.3700000000e+04    1.4260643963e-01
    6.3750000000e+04    1.3131278055e-01
    6.3800000000e+04    1.9767000648e-01
    6.3850000000e+04    1.6793804343e-01
    6.3900000000e+04    1.4185752174e-01
    6.3950000000e+04    1.4446557822e-01
    6.4000000000e+04    1.4963214546e-01
    6.4050000000e+04    1.1522110928e-01
    6.4100000000e+04    1.2679480462e-01
    6.4150000000e+04    1.6190293511e-01
    6.4200000000e+04    1.5649262473e-01
    6.4250000000e+04    1.5290639288e-01
    6.4300000000e+04    1.2681352449e-01
    6.4350000000e+04    1.1247621198e-01
    6.4400000000e+04    9.0016144161e-02
    6.4450000000e+04    1.2298265186e-01
    6.4500000000e+04    1.8191906981e-01
    6.4550000000e+04    1.3489514774e-01
    6.4600000000e+04    2.0429523404e-01
    6.4650000000e+04    2.0148031446e-01
    6.4700000000e+04    1.9863323078e-01
    6.4750000000e+04    1.2541521761e-01
    6.4800000000e+04    1.5764011165e-01
    6.4850000000e+04    1.7301973223e-01
    6.4900000000e+04    2.9047513532e-01
    6.4950000000e+04    1.8657332194e-01
    6.5000000000e+04    1.9070527556e-01
    6.5050000000e+04    1.6873437613e-01
    6.5100000000e+04    1.6108901730e-01
    6.5150000000e+04    2.0713324210e-01
    6.5200000000e+04    1.1868362504e-01
    6.5250000000e+04    1.2294615308e-01
    6.5300000000e+04    1.3682565070e-01
    6.5350000000e+04    1.5949156253e-01
    6.5400000000e+04    1.6004490152e-01
    6.5450000000e+04    1.3904458518e-01
    6.5500000000e+04    1.2707187510e-01
    6.5550000000e+04    1.9174220480e-01
    6.5600000000e+04    1.7460609499e-01
    6.5650000000e+04    1.4591468532e-01
    6.5700000000e+04    1.4173369371e-01
    6.5750000000e+04    1.7399064912e-01
    6.5800000000e+04    1.3326511637e-01
    6.5850000000e+04    1.5851739551e-01
    6.5900000000e+04    1.7721747554e-01
    6.5950000000e+04    1.5800994733e-01
    6.6000000000e+04    1.6415765389e-01
    6.6050000000e+04    2.0412473609e-01
    6.6100000000e+04    2.0282487599e-01
    6.6150000000e+04    1.7007138170e-01
    6.6200000000e+04    1.7023474178e-01
    6.6250000000e+04    1.7809515187e-01
    6.6300000000e+04    1.5417900493e-01
    6.6350000000e+04    1.1862970720e-01
    6.6400000000e+04    1.2950230391e-01
    6.6450000000e+04    1.5618426495e-01
    6.6500000000e+04    1.4675138825e-01
    6.6550000000e+04    1.7412010674e-01
    6.6600000000e+04    1.7845195530e-01
    6.6650000000e+04    1.9771659121e-01
    6.6700000000e+04    1.8609852624e-01
    6.6750000000e+04    1.7613755386e-01
    6.6800000000e+04    1.8307333317e-01
    6.6850000000e+04    1.3096268804e-01
    6.6900000000e+04    1.5946354958e-01
    6.6950000000e+04    1.2424434644e-01
    6.7000000000e+04    1.4024271689e-01
    6.7050000000e+04    1.3877850919e-01
    6.7100000000e+04    1.5194653577e-01
    6.7150000000e+04    1.9519352269e-01
    6.7200000000e+04    1.8705654961e-01
    6.7250000000e+04    1.5222885494e-01
    6.7300000000e+04    1.4381222219e-01
    6.7350000000e+04    1.3591974289e-01
    6.7400000000e+04    1.2627808974e-01
    6.7450000000e+04    1.3924303734e-01
    6.7500000000e+04    1.1997526637e-01
    6.7550000000e+04    1.4785208512e-01
    6.7600000000e+04    1.6858002752e-01
    6.7650000000e+04    1.3824678691e-01
    6.7700000000e+04    1.4292030916e-01
    6.7750000000e+04    1.3465803234e-01
    6.7800000000e+04    1.4911064307e-01
    6.7850000000e+04    1.6246718840e-01
    6.7900000000e+04    1.2760167501e-01
    6.7950000000e+04    1.3890627310e-01
    6.8000000000e+04    1.7970826644e-01
    6.8050000000e+04    1.4487286811e-01
    6.8100000000e+04    1.5296669061e-01
    6.8150000000e+04    1.5138950601e-01
    6.8200000000e+04    1.5807873716e-01
    6.8250000000e+04    1.7043923140e-01
    6.8300000000e+04    1.4901170309e-01
    6.8350000000e+04    1.9429052899e-01
    6.8400000000e+04    1.8457118714e-01
    6.8450000000e+04    1.9369349723e-01
    6.8500000000e+04    1.5553207491e-01
    6.8550000000e+04    1.4463821262e-01
    6.8600000000e+04    1.2503031308e-01
    6.8650000000e+04    1.3386799110e-01
    6.8700000000e+04    1.1332709243e-01
    6.8750000000e+04    1.3058439203e-01
    6.8800000000e+04    1.2030647034e-01
    6.8850000000e+04    1.3911530447e-01
    6.8900000000e+04    1.5219121653e-01
    6.8950000000e+04    1.5582324640e-01
    6.9000000000e+04    1.6257378567e-01
    6.9050000000e+04    1.6033863535e-01
    6.9100000000e+04    1.5730572730e-01
    6.9150000000e+04    1.8080445439e-01
    6.9200000000e+04    1.4492297361e-01
    6.9250000000e+04    1.2821663597e-01
    6.9300000000e+04    1.5017399038e-01
    6.9350000000e+04    1.4808313979e-01
    6.9400000000e+04    1.6428816005e-01
    6.9450000000e+04    1.6795767593e-01
    6.9500000000e+04    1.1795444639e-01
    6.9550000000e+04    1.4785930493e-01
    6.9600000000e+04    1.9113740034e-01
    6.9650000000e+04    1.3583113723e-01
    6.9700000000e+04    1.8779045682e-01
    6.9750000000e+04    1.5028552290e-01
    6.9800000000e+04    1.3767259994e-01
    6.9850000000e+04    1.6366224140e-01
    6.9900000000e+04    1.5494718248e-01
    6.9950000000e+04    2.2188439170e-01
    7.0000000000e+04    1.3025847328e-01
    7.0050000000e+04    1.0988040831e-01
    7.0100000000e+04    1.1690958012e-01
    7.0150000000e+04    1.3084616851e-01
    7.0200000000e+04    1.2699233252e-01
    7.0250000000e+04    1.1641092862e-01
    7.0300000000e+04    1.2694686128e-01
    7.0350000000e+04    1.1389516969e-01
    7.0400000000e+04    1.2466693053e-01
    7.0450000000e+04    1.2390910944e-01
    7.0500000000e+04    1.5656673239e-01
    7.0550000000e+04    1.5788495224e-01
    7.0600000000e+04    1.6116082706e-01
    7.0650000000e+04    1.8011718425e-01
    7.0700000000e+04    1.8491113266e-01
    7.0750000000e+04    2.3017788469e-01
    7.0800000000e+04    3.0894383904e-01
    7.0850000000e+04    1.8407404956e-01
    7.0900000000e+04    1.8198038607e-01
    7.0950000000e+04    1.4110282876e-01
    7.1000000000e+04    1.3833457224e-01
    7.1050000000e+04    1.3160525488e-01
    7.1100000000e+04    1.0771051773e-01
    7.1150000000e+04    1.2933802187e-01
    7.1200000000e+04    1.3823040987e-01
    7.1250000000e+04    1.6609204336e-01
    7.1300000000e+04    1.5255517458e-01
    7.1350000000e+04    1.2482701105e-01
    7.1400000000e+04    1.3179830807e-01
    7.1450000000e+04    1.2809376757e-01
    7.1500000000e+04    1.2622972978e-01
    7.1550000000e+04    1.1008869957e-01
    7.1600000000e+04    1.2130104892e-01
    7.1650000000e+04    1.7821348588e-01
    7.1700000000e+04    1.5660881628e-01
    7.1750000000e+04    2.1635994481e-01
    7.1800000000e+04    2.0671667518e-01
    7.1850000000e+04    1.8855829589e-01
    7.1900000000e+04    1.6960911641e-01
    7.1950000000e+04    1.6768953726e-01
    7.2000000000e+04    1.3108952069e-01
    7.2050000000e+04    1.3401273651e-01
    7.2100000000e+04    1.6329429312e-01
    7.2150000000e+04    2.5785021225e-01
    7.2200000000e+04    1.8429772880e-01
    7.2250000000e+04    2.4897793601e-01
    7.2300000000e+04    1.2724085195e-01
    7.2350000000e+04    2.1796530740e-01
    7.2400000000e+04    1.4182577088e-01
    7.2450000000e+04    1.1930199165e-01
    7.2500000000e+04    1.4311686380e-01
    7.2550000000e+04    1.7527896329e-01
    7.2600000000e+04    1.8870613780e-01
    7.2650000000e+04    1.5952837233e-01
    7.2700000000e+04    1.5409359634e-01
    7.2750000000e+04    1.4823207367e-01
    7.2800000000e+04    2.0793826180e-01
    7.2850000000e+04    1.7123855804e-01
    7.2900000000e+04    1.5678898678e-01
    7.2950000000e+04    1.9173355280e-01
    7.3000000000e+04    1.6757414025e-01
    7.3050000000e+04    1.2777536596e-01
    7.3100000000e+04    1.4571649868e-01
    7.3150000000e+04    1.4764077001e-01
    7.3200000000e+04    1.4850663344e-01
    7.3250000000e+04    1.6012187268e-01
    7.3300000000e+04    1.8870394689e-01
    7.3350000000e+04    2.0215876115e-01
    7.3400000000e+04    1.4853937586e-01
    7.3450000000e+04    1.4107708849e-01
    7.3500000000e+04    1.1439697767e-01
    7.3550000000e+04    1.3326384640e-01
    7.3600000000e+04    1.3811248000e-01
    7.3650000000e+04    1.3323638681e-01
    7.3700000000e+04    2.7737093664e-01
    7.3750000000e+04    1.5735282428e-01
    7.3800000000e+04    1.5583875403e-01
    7.3850000000e+04    1.7198222230e-01
    7.3900000000e+04    2.0050361770e-01
    7.3950000000e+04    1.4643015389e-01
    7.4000000000e+04    1.1464560763e-01
    7.4050000000e+04    1.4994793878e-01
    7.4100000000e+04    1.8480936374e-01
    7.4150000000e+04    1.5352656778e-01
    7.4200000000e+04    1.5596548281e-01
    7.4250000000e+04    1.5206189816e-01
    7.4300000000e+04    1.5479498985e-01
    7.4350000000e+04    1.2375362442e-01
    7.4400000000e+04    1.3246418356e-01
    7.4450000000e+04    2.2626120792e-01
    7.4500000000e+04    2.6639064491e-01
    7.4550000000e+04    2.2447082893e-01
    7.4600000000e+04    1.8570621423e-01
    7.4650000000e+04    1.5556511451e-01
    7.4700000000e+04    1.1767040874e-01
    7.4750000000e+04    1.3400673906e-01
    7.4800000000e+04    1.2796432725e-01
    7.4850000000e+04    1.8081881704e-01
    7.4900000000e+04    1.9159810550e-01
    7.4950000000e+04    1.5200358554e-01
    7.5000000000e+04    1.6583780274e-01
    7.5050000000e+04    1.5097143595e-01
    7.5100000000e+04    1.3741488338e-01
    7.5150000000e+04    1.4104741688e-01
    7.5200000000e+04    1.3916998231e-01
    7.5250000000e+04    1.2598285477e-01
    7.5300000000e+04    1.7506630663e-01
    7.5350000000e+04    1.6880772096e-01
    7.5400000000e+04    1.3074495884e-01
    7.5450000000e+04    1.3156995897e-01
    7.5500000000e+04    2.5780128380e-01
    7.5550000000e+04    1.6943510802e-01
    7.5600000000e+04    1.3810155919e-01
    7.5650000000e+04    9.0347160382e-02
    7.5700000000e+04    1.2595042409e-01
    7.5750000000e+04    1.7691189182e-01
    7.5800000000e+04    1.6983305482e-01
    7.5850000000e+04    1.4938879427e-01
    7.5900000000e+04    1.5176243234e-01
    7.5950000000e+04    1.5701603129e-01
    7.6000000000e+04    1.9034608208e-01
    7.6050000000e+04    1.7815759551e-01
    7.6100000000e+04    1.7465288129e-01
    7.6150000000e+04    1.4341559348e-01
    7.6200000000e+04    1.4069923504e-01
    7.6250000000e+04    1.7799210237e-01
    7.6300000000e+04    1.3897555800e-01
    7.6350000000e+04    1.3477740547e-01
    7.6400000000e+04    1.3707401222e-01
    7.6450000000e+04    1.3547935083e-01
    7.6500000000e+04    9.7627736288e-02
    7.6550000000e+04    1.5243272323e-01
    7.6600000000e+04    1.6197569897e-01
    7.6650000000e+04    1.6968432135e-01
    7.6700000000e+04    2.6390225720e-01
    7.6750000000e+04    1.3811783570e-01
    7.6800000000e+04    1.6057772354e-01
    7.6850000000e+04    1.2174511420e-01
    7.6900000000e+04    1.7478314469e-01
    7.6950000000e+04    1.8183464220e-01
    7.7000000000e+04    1.3347376349e-01
    7.7050000000e+04    1.6076721681e-01
    7.7100000000e+04    1.3916829754e-01
    7.7150000000e+04    1.5195018309e-01
    7.7200000000e+04    1.4088339384e-01
    7.7250000000e+04    1.6863148791e-01
    7.7300000000e+04    2.1203730632e-01
    7.7350000000e+04    2.1296984352e-01
    7.7400000000e+04    1.2940625318e-01
    7.7450000000e+04    1.3158740758e-01
    7.7500000000e+04    1.3899825174e-01
    7.7550000000e+04    1.7646672253e-01
    7.7600000000e+04    1.2186827800e-01
    7.7650000000e+04    1.2055912314e-01
    7.7700000000e+04    1.5791551829e-01
    7.7750000000e+04    1.8078035312e-01
    7.7800000000e+04    2.1476933630e-01
    7.7850000000e+04    2.1942191322e-01
    7.7900000000e+04    2.1809160205e-01
    7.7950000000e+04    5.2972778737e-01
    7.8000000000e+04    2.4319484010e-01
    7.8050000000e+04    2.3684497485e-01
    7.8100000000e+04    1.4412438803e-01
    7.8150000000e+04    1.1315215354e-01
    7.8200000000e+04    1.6874899271e-01
    7.8250000000e+04    1.7933030318e-01
    7.8300000000e+04    1.5526203011e-01
    7.8350000000e+04    1.5765208717e-01
    7.8400000000e+04    2.1164484030e-01
    7.8450000000e+04    1.8865615635e-01
    7.8500000000e+04    2.3988533250e-01
    7.8550000000e+04    2.4092161842e-01
    7.8600000000e+04    2.2524479799e-01
    7.8650000000e+04    1.6407969166e-01
    7.8700000000e+04    1.4134973052e-01
    7.8750000000e+04    1.7448550175e-01
    7.8800000000e+04    1.6486760855e-01
    7.8850000000e+04    1.4321338620e-01
    7.8900000000e+04    1.5697948224e-01
    7.8950000000e+04    1.6938975480e-01
    7.9000000000e+04    2.6848942969e-01
    7.9050000000e+04    3.3149833893e-01
    7.9100000000e+04    2.1591871031e-01
    7.9150000000e+04    1.3137256529e-01
    7.9200000000e+04    1.3177752499e-01
    7.9250000000e+04    1.1095697788e-01
    7.9300000000e+04    1.2755404054e-01
    7.9350000000e+04    1.4027577673e-01
    7.9400000000e+04    1.2399534228e-01
    7.9450000000e+04    1.3401813738e-01
    7.9500000000e+04    1.3700344747e-01
    7.9550000000e+04    1.5402107376e-01
    7.9600000000e+04    1.6173603876e-01
    7.9650000000e+04    1.3205005232e-01
    7.9700000000e+04    1.7035964210e-01
    7.9750000000e+04    1.5579489486e-01
    7.9800000000e+04    1.5224847913e-01
    7.9850000000e+04    1.5691903271e-01
    7.9900000000e+04    1.4083448089e-01
    7.9950000000e+04    1.4630944363e-01
    8.0000000000e+04    1.6498725405e-01
    8.0050000000e+04    1.8188717018e-01
    8.0100000000e+04    1.9821268095e-01
    8.0150000000e+04    3.5364198466e-01
    8.0200000000e+04    2.2201190284e-01
    8.0250000000e+04    1.9011921047e-01
    8.0300000000e+04    2.4004781139e-01
    8.0350000000e+04    1.8623800901e-01
    8.0400000000e+04    1.6487086333e-01
    8.0450000000e+04    1.5935184771e-01
    8.0500000000e+04    1.6561551050e-01
    8.0550000000e+04    1.8725335420e-01
    8.0600000000e+04    2.2989580892e-01
    8.0650000000e+04    1.8920357408e-01
    8.0700000000e+04    1.8651492294e-01
    8.0750000000e+04    1.8050182703e-01
    8.0800000000e+04    1.6770128787e-01
    8.0850000000e+04    1.8298459233e-01
    8.0900000000e+04    2.0091849918e-01
    8.0950000000e+04    1.7597126887e-01
    8.1000000000e+04    1.8453078594e-01
    8.1050000000e+04    2.0849895621e-01
    8.1100000000e+04    2.2203090853e-01
    8.1150000000e+04    1.8422379685e-01
    8.1200000000e+04    2.7854392313e-01
    8.1250000000e+04    1.8958283756e-01
    8.1300000000e+04    1.4910323440e-01
    8.1350000000e+04    2.1426046168e-01
    8.1400000000e+04    2.5030128089e-01
    8.1450000000e+04    2.1089336419e-01
    8.1500000000e+04    1.7027839412e-01
    8.1550000000e+04    1.8080797532e-01
    8.1600000000e+04    1.5563334135e-01
    8.1650000000e+04    1.5298861341e-01
    8.1700000000e+04    2.0144260203e-01
    8.1750000000e+04    1.5232952154e-01
    8.1800000000e+04    1.7633381178e-01
    8.1850000000e+04    1.4412373268e-01
    8.1900000000e+04    1.3464407227e-01
    8.1950000000e+04    1.7867529739e-01
    8.2000000000e+04    1.8412261035e-01
    8.2050000000e+04    1.7350853327e-01
    8.2100000000e+04    1.2007584670e-01
    8.2150000000e+04    1.6172123174e-01
    8.2200000000e+04    1.7103573380e-01
    8.2250000000e+04    2.9048107030e-01
    8.2300000000e+04    2.6766321548e-01
    8.2350000000e+04    1.7689924445e-01
    8.2400000000e+04    1.8352384178e-01
    8.2450000000e+04    1.6287819238e-01
    8.2500000000e+04    1.1276271978e-01
    8.2550000000e+04    9.2128531101e-02
    8.2600000000e+04    1.1339270265e-01
    8.2650000000e+04    1.2038659494e-01
    8.2700000000e+04    1.4405417338e-01
    8.2750000000e+04    1.3111161971e-01
    8.2800000000e+04    1.6689910074e-01
    8.2850000000e+04    1.7241761313e-01
    8.2900000000e+04    1.3740086625e-01
    8.2950000000e+04    1.4621654888e-01
    8.3000000000e+04    1.5619579609e-01
    8.3050000000e+04    1.2481887416e-01
    8.3100000000e+04    1.7996371036e-01
    8.3150000000e+04    2.1387600273e-01
    8.3200000000e+04    2.1854412326e-01
    8.3250000000e+04    1.5933124233e-01
    8.3300000000e+04    1.6987250791e-01
    8.3350000000e+04    1.5818303223e-01
    8.3400000000e+04    1.4599348766e-01
    8.3450000000e+04    1.0926998822e-01
    8.3500000000e+04    1.0178162496e-01
    8.3550000000e+04    1.5244308736e-01
    8.3600000000e+04    1.0776066956e-01
    8.3650000000e+04    1.5519064211e-01
    8.3700000000e+04    1.6896726659e-01
    8.3750000000e+04    2.1259061164e-01
    8.3800000000e+04    2.6990284973e-01
    8.3850000000e+04    1.6569969625e-01
    8.3900000000e+04    1.7960273776e-01
    8.3950000000e+04    1.0112034706e-01
    8.4000000000e+04    1.0825474458e-01
    8.4050000000e+04    1.0395941016e-01
    8.4100000000e+04    1.1861643926e-01
    8.4150000000e+04    1.2351344050e-01
    8.4200000000e+04    1.3075373749e-01
    8.4250000000e+04    1.5408189962e-01
    8.4300000000e+04    1.6758267173e-01
    8.4350000000e+04    1.9044888718e-01
    8.4400000000e+04    2.6277799620e-01
    8.4450000000e+04    2.4808943124e-01
    8.4500000000e+04    2.0535284015e-01
    8.4550000000e+04    1.5784813494e-01
    8.4600000000e+04    1.7553067068e-01
    8.4650000000e+04    1.7438391121e-01
    8.4700000000e+04    1.9313119100e-01
    8.4750000000e+04    1.5593715146e-01
    8.4800000000e+04    1.5086159338e-01
    8.4850000000e+04    2.2015469161e-01
    8.4900000000e+04    2.3497534709e-01
    8.4950000000e+04    2.3819592461e-01
    8.5000000000e+04    1.6207095987e-01
    8.5050000000e+04    1.4992309122e-01
    8.5100000000e+04    1.4953915131e-01
    8.5150000000e+04    1.5912415344e-01
    8.5200000000e+04    2.7853345199e-01
    8.5250000000e+04    2.2649109659e-01
    8.5300000000e+04    2.2564998913e-01
    8.5350000000e+04    1.6227876455e-01
    8.5400000000e+04    1.5335244995e-01
    8.5450000000e+04    1.2210930683e-01
    8.5500000000e+04    1.5811622381e-01
    8.5550000000e+04    1.5792113107e-01
    8.5600000000e+04    1.4391360696e-01
    8.5650000000e+04    1.7024583942e-01
    8.5700000000e+04    1.8066535481e-01
    8.5750000000e+04    1.6454437841e-01
    8.5800000000e+04    1.2343568569e-01
    8.5850000000e+04    1.5283861345e-01
    8.5900000000e+04    1.3454995231e-01
    8.5950000000e+04    1.5320475066e-01
    8.6000000000e+04    1.5931397848e-01
    8.6050000000e+04    1.7489742070e-01
    8.6100000000e+04    1.5972209896e-01
    8.6150000000e+04    1.6829330022e-01
    8.6200000000e+04    2.6608806943e-01
    8.6250000000e+04    2.2208134103e-01
    8.6300000000e+04    1.3166089440e-01
    8.6350000000e+04    1.3712499706e-01
    8.6400000000e+04    1.4907882853e-01
    8.6450000000e+04    1.4372510553e-01
    8.6500000000e+04    1.4074428243e-01
    8.6550000000e+04    1.4396020555e-01
    8.6600000000e+04    1.2836890254e-01
    8.6650000000e+04    1.5555152847e-01
    8.6700000000e+04    1.6059061525e-01
    8.6750000000e+04    1.8714644649e-01
    8.6800000000e+04    1.8662487176e-01
    8.6850000000e+04    1.8309716000e-01
    8.6900000000e+04    1.7132053530e-01
    8.6950000000e+04    2.0185432250e-01
    8.7000000000e+04    4.5655697204e-01
    8.7050000000e+04    1.5846151925e-01
    8.7100000000e+04    2.0961592592e-01
    8.7150000000e+04    1.3080316522e-01
    8.7200000000e+04    1.2848364363e-01
    8.7250000000e+04    1.7111449869e-01
    8.7300000000e+04    1.4769089271e-01
    8.7350000000e+04    1.5838560900e-01
    8.7400000000e+04    1.3560046098e-01
    8.7450000000e+04    1.5803465403e-01
    8.7500000000e+04    1.4800072630e-01
    8.7550000000e+04    1.8757042664e-01
    8.7600000000e+04    1.4986229594e-01
    8.7650000000e+04    1.5873231410e-01
    8.7700000000e+04    1.7250827871e-01
    8.7750000000e+04    1.6881926882e-01
    8.7800000000e+04    1.5220351461e-01
    8.7850000000e+04    1.3840048976e-01
    8.7900000000e+04    1.2838703953e-01
    8.7950000000e+04    1.2525886186e-01
    8.8000000000e+04    1.7816135997e-01
    8.8050000000e+04    1.2920808610e-01
    8.8100000000e+04    1.4028354308e-01
    8.8150000000e+04    1.4976610826e-01
    8.8200000000e+04    1.6763178111e-01
    8.8250000000e+04    2.0049158485e-01
    8.8300000000e+04    1.6229860817e-01
    8.8350000000e+04    1.4866744449e-01
    8.8400000000e+04    1.4524053158e-01
    8.8450000000e+04    1.8617163427e-01
    8.8500000000e+04    1.4295389830e-01
    8.8550000000e+04    3.0513195975e-01
    8.8600000000e+04    2.5350545023e-01
    8.8650000000e+04    2.1864416635e-01
    8.8700000000e+04    1.5174151114e-01
    8.8750000000e+04    1.4934907821e-01
    8.8800000000e+04    2.1024380453e-01
    8.8850000000e+04    1.9343100890e-01
    8.8900000000e+04    1.5707259821e-01
    8.8950000000e+04    1.6557062590e-01
    8.9000000000e+04    1.9683709928e-01
    8.9050000000e+04    1.3633639636e-01
    8.9100000000e+04    1.6458318342e-01
    8.9150000000e+04    1.4392200161e-01
    8.9200000000e+04    1.4285644368e-01
    8.9250000000e+04    1.5651572158e-01
    8.9300000000e+04    1.4237028365e-01
    8.9350000000e+04    1.5537994977e-01
    8.9400000000e+04    1.9682828283e-01
    8.9450000000e+04    1.6646371308e-01
    8.9500000000e+04    1.4510462323e-01
    8.9550000000e+04    1.4125691242e-01
    8.9600000000e+04    1.1438515004e-01
    8.9650000000e+04    1.5217288128e-01
    8.9700000000e+04    1.5117428670e-01
    8.9750000000e+04    1.6326167469e-01
    8.9800000000e+04    1.8753311327e-01
    8.9850000000e+04    1.6226234021e-01
    8.9900000000e+04    1.3366008142e-01
    8.9950000000e+04    1.1039798631e-01
    9.0000000000e+04    1.4815330646e-01
    9.0050000000e+04    1.6244213982e-01
    9.0100000000e+04    1.7103648018e-01
    9.0150000000e+04    1.8177240891e-01
    9.0200000000e+04    2.1641051949e-01
    9.0250000000e+04    1.4255878590e-01
    9.0300000000e+04    1.3904320128e-01
    9.0350000000e+04    1.7640971786e-01
    9.0400000000e+04    2.0178160583e-01
    9.0450000000e+04    2.1688223769e-01
    9.0500000000e+04    1.8873290765e-01
    9.0550000000e+04    1.6655127984e-01
    9.0600000000e+04    1.2018096128e-01
    9.0650000000e+04    1.1363279809e-01
    9.0700000000e+04    1.3967806777e-01
    9.0750000000e+04    3.1479848889e-01
    9.0800000000e+04    2.9671602012e-01
    9.0850000000e+04    1.9051210582e-01
    9.0900000000e+04    2.1502267101e-01
    9.0950000000e+04    2.5807595040e-01
    9.1000000000e+04    1.6880489061e-01
    9.1050000000e+04    1.7214448850e-01
    9.1100000000e+04    1.8664839460e-01
    9.1150000000e+04    1.8493847461e-01
    9.1200000000e+04    2.0520299060e-01
    9.1250000000e+04    1.9600878032e-01
    9.1300000000e+04    1.7678516306e-01
    9.1350000000e+04    1.7812582077e-01
    9.1400000000e+04    1.9682624989e-01
    9.1450000000e+04    1.5869818183e-01
    9.1500000000e+04    1.7913073091e-01
    9.1550000000e+04    1.6012235879e-01
    9.1600000000e+04    1.5401658192e-01
    9.1650000000e+04    1.2668928141e-01
    9.1700000000e+04    1.3165546343e-01
    9.1750000000e+04    1.7125087117e-01
    9.1800000000e+04    2.8268727294e-01
    9.1850000000e+04    1.7420388043e-01
    9.1900000000e+04    1.7523674648e-01
    9.1950000000e+04    2.2310250472e-01
    9.2000000000e+04    3.0676006745e-01
    9.2050000000e+04    2.6280773309e-01
    9.2100000000e+04    1.6110058548e-01
    9.2150000000e+04    1.2127246611e-01
    9.2200000000e+04    1.2615407585e-01
    9.2250000000e+04    1.5540972385e-01
    9.2300000000e+04    1.4248655659e-01
    9.2350000000e+04    1.1333469525e-01
    9.2400000000e+04    1.3053298195e-01
    9.2450000000e+04    1.5357797490e-01
    9.2500000000e+04    2.1095295766e-01
    9.2550000000e+04    2.0414654232e-01
    9.2600000000e+04    1.5871166538e-01
    9.2650000000e+04    1.5397334917e-01
    9.2700000000e+04    1.3899234764e-01
    9.2750000000e+04    1.4335697363e-01
    9.2800000000e+04    1.5131684775e-01
    9.2850000000e+04    1.6416155029e-01
    9.2900000000e+04    2.0034290571e-01
    9.2950000000e+04    1.9212744241e-01
    9.3000000000e+04    2.2271488833e-01
    9.3050000000e+04    4.4196586539e-01
    9.3100000000e+04    1.9714715740e-01
    9.3150000000e+04    3.1820895475e-01
    9.3200000000e+04    4.6538417338e-01
    9.3250000000e+04    3.5408553091e-01
    9.3300000000e+04    2.2389530423e-01
    9.3350000000e+04    1.6184332947e-01
    9.3400000000e+04    1.8484579306e-01
    9.3450000000e+04    2.1172797001e-01
    9.3500000000e+04    1.7501395801e-01
    9.3550000000e+04    1.7321180139e-01
    9.3600000000e+04    1.9932857144e-01
    9.3650000000e+04    2.0408281195e-01
    9.3700000000e+04    1.7070507316e-01
    9.3750000000e+04    2.6355497165e-01
    9.3800000000e+04    2.8631733206e-01
    9.3850000000e+04    2.8667262702e-01
    9.3900000000e+04    1.6803468068e-01
    9.3950000000e+04    1.6578702699e-01
    9.4000000000e+04    1.8981240084e-01
    9.4050000000e+04    1.4261183395e-01
    9.4100000000e+04    1.3189640343e-01
    9.4150000000e+04    1.2982388770e-01
    9.4200000000e+04    1.3533676425e-01
    9.4250000000e+04    1.8191160409e-01
    9.4300000000e+04    1.5441883762e-01
    9.4350000000e+04    1.6515436567e-01
    9.4400000000e+04    1.3198567216e-01
    9.4450000000e+04    1.5910330043e-01
    9.4500000000e+04    1.4370149272e-01
    9.4550000000e+04    2.3690840105e-01
    9.4600000000e+04    2.2707993805e-01
    9.4650000000e+04    2.7806597530e-01
    9.4700000000e+04    1.6476363643e-01
    9.4750000000e+04    1.7006291420e-01
    9.4800000000e+04    1.9602572776e-01
    9.4850000000e+04    1.6066462679e-01
    9.4900000000e+04    1.2463233970e-01
    9.4950000000e+04    1.7793859522e-01
    9.5000000000e+04    1.4352066114e-01
    9.5050000000e+04    1.1877831602e-01
    9.5100000000e+04    1.5245115781e-01
    9.5150000000e+04    1.6701166708e-01
    9.5200000000e+04    1.8066180848e-01
    9.5250000000e+04    1.5845345704e-01
    9.5300000000e+04    1.7389712795e-01
    9.5350000000e+04    1.8135036481e-01
    9.5400000000e+04    1.7348390436e-01
    9.5450000000e+04    1.7197827039e-01
    9.5500000000e+04    1.8029790807e-01
    9.5550000000e+04    1.7450210234e-01
    9.5600000000e+04    2.3882600897e-01
    9.5650000000e+04    1.4100873849e-01
    9.5700000000e+04    1.3652269719e-01
    9.5750000000e+04    1.3566655935e-01
    9.5800000000e+04    1.1545694446e-01
    9.5850000000e+04    1.7005939824e-01
    9.5900000000e+04    1.6458853163e-01
    9.5950000000e+04    1.8224039200e-01
    9.6000000000e+04    1.5340581166e-01
    9.6050000000e+04    1.5573452419e-01
    9.6100000000e+04    1.4460925666e-01
    9.6150000000e+04    1.2341059058e-01
    9.6200000000e+04    1.2751519000e-01
    9.6250000000e+04    1.3584669490e-01
    9.6300000000e+04    1.4215497576e-01
    9.6350000000e+04    1.3997741633e-01
    9.6400000000e+04    1.7020660930e-01
    9.6450000000e+04    2.2709900669e-01
    9.6500000000e+04    3.0616656154e-01
    9.6550000000e+04    1.7775967827e-01
    9.6600000000e+04    1.3436268485e-01
    9.6650000000e+04    1.0324310681e-01
    9.6700000000e+04    1.1883520162e-01
    9.6750000000e+04    1.3045794214e-01
    9.6800000000e+04    1.4245974785e-01
    9.6850000000e+04    1.8654980267e-01
    9.6900000000e+04    1.6162217615e-01
    9.6950000000e+04    1.2527087432e-01
    9.7000000000e+04    1.3556794209e-01
    9.7050000000e+04    1.4312470471e-01
    9.7100000000e+04    1.2747871580e-01
    9.7150000000e+04    1.8545136375e-01
    9.7200000000e+04    2.3647411745e-01
    9.7250000000e+04    5.0446861829e-01
    9.7300000000e+04    1.6397519493e-01
    9.7350000000e+04    1.7362409454e-01
    9.7400000000e+04    1.7804899037e-01
    9.7450000000e+04    2.1586887522e-01
    9.7500000000e+04    1.6056234303e-01
    9.7550000000e+04    1.4239925711e-01
    9.7600000000e+04    1.3808184042e-01
    9.7650000000e+04    1.1348819778e-01
    9.7700000000e+04    1.3458264854e-01
    9.7750000000e+04    1.5075092205e-01
    9.7800000000e+04    1.3461978731e-01
    9.7850000000e+04    1.3598211489e-01
    9.7900000000e+04    1.4162773822e-01
    9.7950000000e+04    1.2867255504e-01
    9.8000000000e+04    1.0197933565e-01
    9.8050000000e+04    1.4084568734e-01
    9.8100000000e+04    1.5726441810e-01
    9.8150000000e+04    1.5166296177e-01
    9.8200000000e+04    1.5364120159e-01
    9.8250000000e+04    1.4199650647e-01
    9.8300000000e+04    1.9409804812e-01
    9.8350000000e+04    1.7374119103e-01
    9.8400000000e+04    1.5566718723e-01
    9.8450000000e+04    1.7863664795e-01
    9.8500000000e+04    1.6772431103e-01
    9.8550000000e+04    1.5890619212e-01
    9.8600000000e+04    1.6234456429e-01
    9.8650000000e+04    1.8711384322e-01
    9.8700000000e+04    1.6099855237e-01
    9.8750000000e+04    1.7970714717e-01
    9.8800000000e+04    1.8071235061e-01
    9.8850000000e+04    1.3875956060e-01
    9.8900000000e+04    1.2142233274e-01
    9.8950000000e+04    1.7247852767e-01
    9.9000000000e+04    1.7500425269e-01
    9.9050000000e+04    1.4825299548e-01
    9.9100000000e+04    1.2356200486e-01
    9.9150000000e+04    1.4280909316e-01
    9.9200000000e+04    4.4897625670e-01
    9.9250000000e+04    3.7650184559e-01
    9.9300000000e+04    2.1023401083e-01
    9.9350000000e+04    1.6736451140e-01
    9.9400000000e+04    1.7206193620e-01
    9.9450000000e+04    1.5972744470e-01
    9.9500000000e+04    1.0431943880e-01
    9.9550000000e+04    1.4229478513e-01
    9.9600000000e+04    1.5911969260e-01
    9.9650000000e+04    1.5096289146e-01
    9.9700000000e+04    1.3658902933e-01
    9.9750000000e+04    1.9071520802e-01
    9.9800000000e+04    2.2690263258e-01
    9.9850000000e+04    2.1576796143e-01
    9.9900000000e+04    1.6143629213e-01
    9.9950000000e+04    1.4727600777e-01
    1.0000000000e+05    1.3304319553e-01
