    2.5000000000e+02    1.4513093055e-01
    5.0000000000e+02    5.8957653659e-02
    7.5000000000e+02    7.4539483445e-02
    1.0000000000e+03    7.6339591678e-02
    1.2500000000e+03    1.8059007771e-01
    1.5000000000e+03    7.8213674893e-02
    1.7500000000e+03    8.8572688788e-02
    2.0000000000e+03    1.4341839624e-01
    2.2500000000e+03    8.7844321268e-02
    2.5000000000e+03    1.0300562728e-01
    2.7500000000e+03    1.1962677244e-01
    3.0000000000e+03    9.9146763513e-02
    3.2500000000e+03    1.0917495441e-01
    3.5000000000e+03    1.2170144317e-01
    3.7500000000e+03    1.0731808777e-01
    4.0000000000e+03    1.5560313469e-01
    4.2500000000e+03    6.8199184821e-02
    4.5000000000e+03    9.0187611161e-02
    4.7500000000e+03    2.2522768824e-01
    5.0000000000e+03    9.1283782805e-02
    5.2500000000e+03    1.1024520408e-01
    5.5000000000e+03    1.7073555844e-01
    5.7500000000e+03    1.1186314578e-01
    6.0000000000e+03    7.3433979706e-02
    6.2500000000e+03    8.8758491278e-02
    6.5000000000e+03    7.4821512080e-02
    6.7500000000e+03    1.4241136932e-01
    7.0000000000e+03    1.0861758176e-01
    7.2500000000e+03    7.3787426687e-02
    7.5000000000e+03    9.6460907846e-02
    7.7500000000e+03    2.0471182008e-01
    8.0000000000e+03    1.0560578015e-01
    8.2500000000e+03    1.6436242473e-01
    8.5000000000e+03    1.1172157942e-01
    8.7500000000e+03    1.1132132483e-01
    9.0000000000e+03    1.0517614495e-01
    9.2500000000e+03    1.3381826885e-01
    9.5000000000e+03    1.7474349927e-01
    9.7500000000e+03    1.3099250689e-01
    1.0000000000e+04    1.2720406270e-01
    1.0250000000e+04    1.4366006730e-01
    1.0500000000e+04    1.1034816851e-01
    1.0750000000e+04    9.4424510792e-02
    1.1000000000e+04    1.5809085447e-01
    1.1250000000e+04    7.1655344748e-02
    1.1500000000e+04    6.5829887331e-02
    1.1750000000e+04    1.0645024829e-01
    1.2000000000e+04    6.1926824377e-02
    1.2250000000e+04    1.3937601162e-01
    1.2500000000e+04    1.3022810341e-01
    1.2750000000e+04    1.1281323685e-01
    1.3000000000e+04    1.2976766250e-01
    1.3250000000e+04    9.8180541731e-02
    1.3500000000e+04    1.1997836082e-01
    1.3750000000e+04    6.8730140216e-02
    1.4000000000e+04    1.0109549060e-01
    1.4250000000e+04    1.5635631860e-01
    1.4500000000e+04    9.2441589375e-02
    1.4750000000e+04    1.0399579243e-01
    1.5000000000e+04    8.1181014829e-02
    1.5250000000e+04    5.6842292400e-02
    1.5500000000e+04    5.9618324867e-02
    1.5750000000e+04    6.6080933823e-02
    1.6000000000e+04    1.1018190877e-01
    1.6250000000e+04    1.2596322390e-01
    1.6500000000e+04    7.5951144313e-02
    1.6750000000e+04    9.4342407177e-02
    1.7000000000e+04    1.2659929801e-01
    1.7250000000e+04    1.3146809643e-01
    1.7500000000e+04    7.3887061423e-02
    1.7750000000e+04    7.3722673365e-02
    1.8000000000e+04    1.4364431293e-01
    1.8250000000e+04    1.5311160889e-01
    1.8500000000e+04    1.2904702597e-01
    1.8750000000e+04    1.3117253525e-01
    1.9000000000e+04    7.9547215088e-02
    1.9250000000e+04    1.1304470317e-01
    1.9500000000e+04    1.0055533777e-01
    1.9750000000e+04    7.1101940615e-02
    2.0000000000e+04    9.8989761441e-02
    2.0250000000e+04    1.1162147778e-01
    2.0500000000e+04    1.0354706064e-01
    2.0750000000e+04    7.1761920725e-02
    2.1000000000e+04    8.4339544102e-02
    2.1250000000e+04    1.1333242047e-01
    2.1500000000e+04    1.1041922540e-01
    2.1750000000e+04    1.3076445405e-01
    2.2000000000e+04    1.1089503342e-01
    2.2250000000e+04    1.0144002806e-01
    2.2500000000e+04    1.6899985095e-01
    2.2750000000e+04    9.9128741754e-02
    2.3000000000e+04    9.2982961525e-02
    2.3250000000e+04    7.5971901565e-02
    2.3500000000e+04    9.0874841364e-02
    2.3750000000e+04    1.4397176249e-01
    2.4000000000e+04    9.1824543375e-02
    2.4250000000e+04    1.0779361704e-01
    2.4500000000e+04    1.2981233826e-01
    2.4750000000e+04    1.5104670095e-01
    2.5000000000e+04    1.7221181171e-01
    2.5250000000e+04    7.6147969597e-02
    2.5500000000e+04    8.6963972974e-02
    2.5750000000e+04    1.5483647512e-01
    2.6000000000e+04    1.8064159250e-01
    2.6250000000e+04    8.2961811526e-02
    2.6500000000e+04    1.1223667608e-01
    2.6750000000e+04    1.4068248630e-01
    2.7000000000e+04    1.3377028174e-01
    2.7250000000e+04    1.6571228740e-01
    2.7500000000e+04    1.5257788086e-01
    2.7750000000e+04    1.1249475126e-01
    2.8000000000e+04    1.7644200388e-01
    2.8250000000e+04    8.5581033927e-02
    2.8500000000e+04    1.2538071422e-01
    2.8750000000e+04    1.1887718914e-01
    2.9000000000e+04    1.4589449041e-01
    2.9250000000e+04    1.1717390522e-01
    2.9500000000e+04    1.4051472787e-01
    2.9750000000e+04    9.2847418805e-02
    3.0000000000e+04    8.9172612351e-02
    3.0250000000e+04    1.4539630000e-01
    3.0500000000e+04    6.1359730272e-02
    3.0750000000e+04    8.7033422448e-02
    3.1000000000e+04    7.3935825093e-02
    3.1250000000e+04    6.7451884487e-02
    3.1500000000e+04    1.9214254177e-01
    3.1750000000e+04    9.1295475027e-02
    3.2000000000e+04    1.0590970969e-01
    3.2250000000e+04    1.8578218039e-01
    3.2500000000e+04    7.6702329263e-02
    3.2750000000e+04    7.3660403192e-02
    3.3000000000e+04    6.9739285086e-02
    3.3250000000e+04    7.9801143409e-02
    3.3500000000e+04    1.5865994164e-01
    3.3750000000e+04    1.1561523429e-01
    3.4000000000e+04    1.1545832807e-01
    3.4250000000e+04    1.3283366691e-01
    3.4500000000e+04    8.3835072505e-02
    3.4750000000e+04    8.9938743983e-02
    3.5000000000e+04    1.0215439901e-01
    3.5250000000e+04    1.0584837903e-01
    3.5500000000e+04    1.1549285478e-01
    3.5750000000e+04    1.0907448776e-01
    3.6000000000e+04    1.2766530775e-01
    3.6250000000e+04    8.0966470186e-02
    3.6500000000e+04    1.0444887050e-01
    3.6750000000e+04    1.3563394261e-01
    3.7000000000e+04    1.0565671110e-01
    3.7250000000e+04    7.5795663543e-02
    3.7500000000e+04    9.2699353879e-02
    3.7750000000e+04    1.0057696896e-01
    3.8000000000e+04    8.1086562974e-02
    3.8250000000e+04    1.3527333746e-01
    3.8500000000e+04    9.9230502231e-02
    3.8750000000e+04    1.1939970539e-01
    3.9000000000e+04    1.0058381196e-01
    3.9250000000e+04    8.7220725076e-02
    3.9500000000e+04    1.1508182933e-01
    3.9750000000e+04    9.5226429991e-02
    4.0000000000e+04    1.0176120634e-01
    4.0250000000e+04    1.5324659596e-01
    4.0500000000e+04    1.0850589090e-01
    4.0750000000e+04    1.5582131533e-01
    4.1000000000e+04    1.2849638497e-01
    4.1250000000e+04    8.0723096876e-02
    4.1500000000e+04    1.7389096017e-01
    4.1750000000e+04    9.7923030906e-02
    4.2000000000e+04    1.0474889263e-01
    4.2250000000e+04    1.7389383779e-01
    4.2500000000e+04    7.8876076734e-02
    4.2750000000e+04    1.1608095230e-01
    4.3000000000e+04    8.3905640896e-02
    4.3250000000e+04    5.9685756316e-02
    4.3500000000e+04    9.1366920030e-02
    4.3750000000e+04    1.8365538550e-01
    4.4000000000e+04    1.1893951885e-01
    4.4250000000e+04    1.2393971961e-01
    4.4500000000e+04    1.7354800474e-01
    4.4750000000e+04    9.6564951968e-02
    4.5000000000e+04    1.0818569478e-01
    4.5250000000e+04    8.3148715295e-02
    4.5500000000e+04    1.9903973675e-01
    4.5750000000e+04    9.2481865749e-02
    4.6000000000e+04    8.0808790811e-02
    4.6250000000e+04    1.1443964436e-01
    4.6500000000e+04    8.8598381094e-02
    4.6750000000e+04    8.5132499412e-02
    4.7000000000e+04    1.9300342345e-01
    4.7250000000e+04    8.1523387626e-02
    4.7500000000e+04    1.2733169995e-01
    4.7750000000e+04    9.9237177279e-02
    4.8000000000e+04    1.3514443447e-01
    4.8250000000e+04    7.4861619961e-02
    4.8500000000e+04    9.0011816441e-02
    4.8750000000e+04    1.7064358781e-01
    4.9000000000e+04    9.8570353397e-02
    4.9250000000e+04    9.0701503749e-02
    4.9500000000e+04    8.7170092341e-02
    4.9750000000e+04    2.3698373619e-01
    5.0000000000e+04    9.9395380203e-02
    5.0250000000e+04    1.0675802635e-01
    5.0500000000e+04    1.0036790366e-01
    5.0750000000e+04    9.1685244070e-02
    5.1000000000e+04    8.7524635877e-02
    5.1250000000e+04    8.9532118873e-02
    5.1500000000e+04    1.4677483773e-01
    5.1750000000e+04    1.0534093743e-01
    5.2000000000e+04    6.5778019761e-02
    5.2250000000e+04    1.2193866645e-01
    5.2500000000e+04    1.4839106044e-01
    5.2750000000e+04    1.0403928805e-01
    5.3000000000e+04    8.3570870381e-02
    5.3250000000e+04    9.2722920732e-02
    5.3500000000e+04    1.1471549584e-01
    5.3750000000e+04    7.6477964164e-02
    5.4000000000e+04    1.2203071747e-01
    5.4250000000e+04    1.1706096525e-01
    5.4500000000e+04    1.0354250025e-01
    5.4750000000e+04    1.3842302810e-01
    5.5000000000e+04    5.7542592050e-02
    5.5250000000e+04    9.3001688366e-02
    5.5500000000e+04    8.4966931049e-02
    5.5750000000e+04    1.3691761867e-01
    5.6000000000e+04    1.1657064906e-01
    5.6250000000e+04    1.1253409912e-01
    5.6500000000e+04    9.4447148130e-02
    5.6750000000e+04    7.0246929208e-02
    5.7000000000e+04    1.5365835841e-01
    5.7250000000e+04    1.2848548045e-01
    5.7500000000e+04    9.0612587155e-02
    5.7750000000e+04    1.4675301646e-01
    5.8000000000e+04    1.0105882171e-01
    5.8250000000e+04    6.1981277007e-02
    5.8500000000e+04    1.2209817783e-01
    5.8750000000e+04    6.7722320893e-02
    5.9000000000e+04    7.9450984711e-02
    5.9250000000e+04    1.6058802746e-01
    5.9500000000e+04    7.4899703764e-02
    5.9750000000e+04    8.0603057596e-02
    6.0000000000e+04    1.9185291750e-01
    6.0250000000e+04    1.0020961218e-01
    6.0500000000e+04    7.8121737269e-02
    6.0750000000e+04    2.4488969943e-01
    6.1000000000e+04    2.4611162330e-01
    6.1250000000e+04    1.0493608016e-01
    6.1500000000e+04    8.8678822393e-02
    6.1750000000e+04    1.4224955628e-01
    6.2000000000e+04    1.0210328037e-01
    6.2250000000e+04    9.3555521624e-02
    6.2500000000e+04    1.0142817596e-01
    6.2750000000e+04    8.7070335128e-02
    6.3000000000e+04    1.7199846730e-01
    6.3250000000e+04    6.8906227825e-02
    6.3500000000e+04    1.5690349772e-01
    6.3750000000e+04    8.2985451384e-02
    6.4000000000e+04    9.7670471232e-02
    6.4250000000e+04    8.1292117835e-02
    6.4500000000e+04    1.0085220581e-01
    6.4750000000e+04    1.4094410056e-01
    6.5000000000e+04    1.2294673586e-01
    6.5250000000e+04    1.4379060910e-01
    6.5500000000e+04    7.9764821218e-02
    6.5750000000e+04    8.7627305092e-02
    6.6000000000e+04    1.4114128375e-01
    6.6250000000e+04    8.0113799066e-02
    6.6500000000e+04    1.3331443005e-01
    6.6750000000e+04    1.5661655822e-01
    6.7000000000e+04    9.0097122826e-02
    6.7250000000e+04    1.2608481331e-01
    6.7500000000e+04    9.7874706581e-02
    6.7750000000e+04    9.1935516965e-02
    6.8000000000e+04    1.6196951035e-01
    6.8250000000e+04    8.0910686188e-02
    6.8500000000e+04    1.5845677545e-01
    6.8750000000e+04    9.4210015575e-02
    6.9000000000e+04    7.2911378307e-02
    6.9250000000e+04    1.6270522432e-01
    6.9500000000e+04    1.1757673706e-01
    6.9750000000e+04    1.3309102909e-01
    7.0000000000e+04    9.2245873271e-02
    7.0250000000e+04    1.0855628998e-01
    7.0500000000e+04    1.1437640253e-01
    7.0750000000e+04    1.1186014544e-01
    7.1000000000e+04    1.4073923964e-01
    7.1250000000e+04    7.0850420476e-02
    7.1500000000e+04    1.1558201984e-01
    7.1750000000e+04    1.8910445988e-01
    7.2000000000e+04    1.0715704087e-01
    7.2250000000e+04    6.3520771793e-02
    7.2500000000e+04    1.6381286946e-01
    7.2750000000e+04    1.6901099535e-01
    7.3000000000e+04    9.5633366008e-02
    7.3250000000e+04    1.1235684930e-01
    7.3500000000e+04    1.6480372781e-01
    7.3750000000e+04    1.1095478861e-01
    7.4000000000e+04    1.2135665840e-01
    7.4250000000e+04    1.4813888409e-01
    7.4500000000e+04    1.5214434236e-01
    7.4750000000e+04    9.2556446952e-02
    7.5000000000e+04    8.3514301665e-02
    7.5250000000e+04    1.0618489628e-01
    7.5500000000e+04    1.1694721587e-01
    7.5750000000e+04    8.7993376921e-02
    7.6000000000e+04    8.9635122544e-02
    7.6250000000e+04    1.0078720927e-01
    7.6500000000e+04    1.0494693430e-01
    7.6750000000e+04    9.0562861543e-02
    7.7000000000e+04    9.0219359156e-02
    7.7250000000e+04    7.3242301042e-02
    7.7500000000e+04    1.2519245081e-01
    7.7750000000e+04    1.0219600273e-01
    7.8000000000e+04    8.6085890534e-02
    7.8250000000e+04    1.2045948509e-01
    7.8500000000e+04    8.0279387175e-02
    7.8750000000e+04    1.0568332049e-01
    7.9000000000e+04    1.4740953355e-01
    7.9250000000e+04    1.0273333154e-01
    7.9500000000e+04    9.0902467701e-02
    7.9750000000e+04    1.1152677129e-01
    8.0000000000e+04    1.7916139456e-01
    8.0250000000e+04    1.4077533896e-01
    8.0500000000e+04    9.0662335271e-02
    8.0750000000e+04    1.2184830209e-01
    8.1000000000e+04    9.7728983290e-02
    8.1250000000e+04    8.9898471701e-02
    8.1500000000e+04    9.2151048711e-02
    8.1750000000e+04    8.9720115365e-02
    8.2000000000e+04    8.9869042413e-02
    8.2250000000e+04    1.0529711844e-01
    8.2500000000e+04    1.9801932826e-01
    8.2750000000e+04    1.0327403872e-01
    8.3000000000e+04    1.0294635115e-01
    8.3250000000e+04    1.0894431695e-01
    8.3500000000e+04    1.0944433545e-01
    8.3750000000e+04    1.1059496981e-01
    8.4000000000e+04    1.5863851084e-01
    8.4250000000e+04    1.1747545620e-01
    8.4500000000e+04    8.8371067293e-02
    8.4750000000e+04    9.0030290587e-02
    8.5000000000e+04    1.0469969695e-01
    8.5250000000e+04    9.0093620639e-02
    8.5500000000e+04    1.2054074274e-01
    8.5750000000e+04    1.2441386301e-01
    8.6000000000e+04    1.3318522259e-01
    8.6250000000e+04    8.7281321871e-02
    8.6500000000e+04    1.3691683959e-01
    8.6750000000e+04    1.2466145667e-01
    8.7000000000e+04    1.1006846857e-01
    8.7250000000e+04    1.0865195161e-01
    8.7500000000e+04    1.1123749596e-01
    8.7750000000e+04    1.4609265759e-01
    8.8000000000e+04    7.8633695005e-02
    8.8250000000e+04    1.2979921484e-01
    8.8500000000e+04    9.1571884482e-02
    8.8750000000e+04    6.7131310150e-02
    8.9000000000e+04    1.0839275655e-01
    8.9250000000e+04    9.1717466496e-02
    8.9500000000e+04    1.1932823993e-01
    8.9750000000e+04    1.2462325467e-01
    9.0000000000e+04    9.2910118016e-02
    9.0250000000e+04    2.0679829251e-01
    9.0500000000e+04    1.1517631647e-01
    9.0750000000e+04    1.0597519924e-01
    9.1000000000e+04    1.6195155969e-01
    9.1250000000e+04    1.3813059820e-01
    9.1500000000e+04    1.1666150366e-01
    9.1750000000e+04    7.6691132691e-02
    9.2000000000e+04    9.5001783220e-02
    9.2250000000e+04    7.5203941411e-02
    9.2500000000e+04    1.0201865761e-01
    9.2750000000e+04    1.4831389582e-01
    9.3000000000e+04    9.7741257213e-02
    9.3250000000e+04    1.6025834513e-01
    9.3500000000e+04    1.2508766115e-01
    9.3750000000e+04    1.6609817727e-01
    9.4000000000e+04    1.4742913111e-01
    9.4250000000e+04    1.1215153299e-01
    9.4500000000e+04    1.2829497035e-01
    9.4750000000e+04    1.1664393457e-01
    9.5000000000e+04    8.5192224238e-02
    9.5250000000e+04    1.5245134532e-01
    9.5500000000e+04    8.6530319916e-02
    9.5750000000e+04    1.2408073742e-01
    9.6000000000e+04    1.0532549096e-01
    9.6250000000e+04    9.7577506775e-02
    9.6500000000e+04    1.2129730661e-01
    9.6750000000e+04    6.2715806873e-02
    9.7000000000e+04    8.7109746300e-02
    9.7250000000e+04    9.5571444088e-02
    9.7500000000e+04    1.1853720498e-01
    9.7750000000e+04    1.0588194274e-01
    9.8000000000e+04    9.5163735369e-02
    9.8250000000e+04    1.4893799326e-01
    9.8500000000e+04    1.0762523311e-01
    9.8750000000e+04    9.3923022629e-02
    9.9000000000e+04    1.3053528798e-01
    9.9250000000e+04    1.0253489040e-01
    9.9500000000e+04    1.0479311263e-01
    9.9750000000e+04    8.7577229881e-02
    1.0000000000e+05    1.2769419968e-01
    1.0025000000e+05    1.3485894030e-01
    1.0050000000e+05    8.3256294605e-02
    1.0075000000e+05    9.3428390434e-02
    1.0100000000e+05    1.8368248414e-01
    1.0125000000e+05    1.0617878317e-01
    1.0150000000e+05    7.4300194859e-02
    1.0175000000e+05    1.1109119201e-01
    1.0200000000e+05    1.5025023650e-01
    1.0225000000e+05    9.6852683613e-02
    1.0250000000e+05    9.5501644503e-02
    1.0275000000e+05    1.5619796714e-01
    1.0300000000e+05    1.3329925964e-01
    1.0325000000e+05    9.9852215778e-02
    1.0350000000e+05    1.4910941489e-01
    1.0375000000e+05    9.5281732553e-02
    1.0400000000e+05    1.1729938964e-01
    1.0425000000e+05    8.7116507559e-02
    1.0450000000e+05    5.5247181122e-02
    1.0475000000e+05    1.4303794267e-01
    1.0500000000e+05    1.8144799489e-01
    1.0525000000e+05    8.9176438341e-02
    1.0550000000e+05    1.6526524463e-01
    1.0575000000e+05    1.1894745708e-01
    1.0600000000e+05    8.6207677384e-02
    1.0625000000e+05    9.2716458577e-02
    1.0650000000e+05    8.3887686485e-02
    1.0675000000e+05    1.8010979361e-01
    1.0700000000e+05    6.9527517678e-02
    1.0725000000e+05    6.9797525094e-02
    1.0750000000e+05    1.1379067859e-01
    1.0775000000e+05    1.6827187773e-01
    1.0800000000e+05    1.7182196769e-01
    1.0825000000e+05    8.4969177417e-02
    1.0850000000e+05    1.8917557551e-01
    1.0875000000e+05    1.2072420334e-01
    1.0900000000e+05    1.0587309172e-01
    1.0925000000e+05    7.8544903499e-02
    1.0950000000e+05    1.4111166489e-01
    1.0975000000e+05    9.5080130050e-02
    1.1000000000e+05    1.3483295308e-01
    1.1025000000e+05    9.4061474181e-02
    1.1050000000e+05    2.4481078176e-01
    1.1075000000e+05    1.5869979437e-01
    1.1100000000e+05    1.0458975025e-01
    1.1125000000e+05    2.0949119701e-01
    1.1150000000e+05    1.6165696864e-01
    1.1175000000e+05    9.5218882490e-02
    1.1200000000e+05    1.4813027159e-01
    1.1225000000e+05    9.1321146651e-02
    1.1250000000e+05    1.0392601846e-01
    1.1275000000e+05    9.6144597088e-02
    1.1300000000e+05    1.1152653614e-01
    1.1325000000e+05    9.8990816750e-02
    1.1350000000e+05    1.2981304227e-01
    1.1375000000e+05    8.5011107271e-02
    1.1400000000e+05    1.3220848888e-01
    1.1425000000e+05    3.5374464541e-01
    1.1450000000e+05    8.5200707767e-02
    1.1475000000e+05    1.0987618862e-01
    1.1500000000e+05    1.9727270601e-01
    1.1525000000e+05    1.1285918128e-01
    1.1550000000e+05    6.8956178501e-02
    1.1575000000e+05    1.9423678166e-01
    1.1600000000e+05    6.9622061935e-02
    1.1625000000e+05    1.1484631578e-01
    1.1650000000e+05    1.5083281436e-01
    1.1675000000e+05    9.1554305272e-02
    1.1700000000e+05    1.0925060462e-01
    1.1725000000e+05    8.1664175948e-02
    1.1750000000e+05    1.3516803785e-01
    1.1775000000e+05    1.1959035580e-01
    1.1800000000e+05    1.1961475139e-01
    1.1825000000e+05    1.4501022731e-01
    1.1850000000e+05    1.3520945342e-01
    1.1875000000e+05    1.4639529748e-01
    1.1900000000e+05    1.1519667165e-01
    1.1925000000e+05    1.6157231555e-01
    1.1950000000e+05    6.8388069452e-02
    1.1975000000e+05    9.2680388581e-02
    1.2000000000e+05    1.4998399045e-01
    1.2025000000e+05    9.5056339651e-02
    1.2050000000e+05    1.1067277824e-01
    1.2075000000e+05    1.5647073097e-01
    1.2100000000e+05    6.8804835535e-02
    1.2125000000e+05    9.4320996858e-02
    1.2150000000e+05    1.8169262163e-01
    1.2175000000e+05    1.0433086892e-01
    1.2200000000e+05    1.1051280351e-01
    1.2225000000e+05    8.3638033546e-02
    1.2250000000e+05    9.6803594809e-02
    1.2275000000e+05    7.2718385366e-02
    1.2300000000e+05    7.3144462426e-02
    1.2325000000e+05    8.5291595663e-02
    1.2350000000e+05    1.2359858972e-01
    1.2375000000e+05    1.1094567309e-01
    1.2400000000e+05    9.9400958439e-02
    1.2425000000e+05    9.3465038534e-02
    1.2450000000e+05    9.4926108886e-02
    1.2475000000e+05    9.0323893282e-02
    1.2500000000e+05    1.4979386840e-01
    1.2525000000e+05    1.1085129706e-01
    1.2550000000e+05    9.4498273413e-02
    1.2575000000e+05    1.5777192234e-01
    1.2600000000e+05    9.8169532244e-02
    1.2625000000e+05    9.0221714783e-02
    1.2650000000e+05    7.9523303427e-02
    1.2675000000e+05    1.0359238040e-01
    1.2700000000e+05    8.9350678961e-02
    1.2725000000e+05    7.4472997406e-02
    1.2750000000e+05    7.8982951478e-02
    1.2775000000e+05    6.4722567752e-02
    1.2800000000e+05    1.0489926289e-01
    1.2825000000e+05    1.1793794034e-01
    1.2850000000e+05    1.1406770862e-01
    1.2875000000e+05    7.9071890372e-02
    1.2900000000e+05    7.4782746219e-02
    1.2925000000e+05    5.5043733814e-02
    1.2950000000e+05    7.4531527078e-02
    1.2975000000e+05    1.0631885678e-01
    1.3000000000e+05    1.2838224377e-01
    1.3025000000e+05    8.9246946394e-02
    1.3050000000e+05    9.6016805304e-02
    1.3075000000e+05    9.6839135286e-02
    1.3100000000e+05    7.1591643358e-02
    1.3125000000e+05    1.1773406648e-01
    1.3150000000e+05    9.7899024253e-02
    1.3175000000e+05    1.4647636081e-01
    1.3200000000e+05    1.1619907551e-01
    1.3225000000e+05    9.5407713403e-02
    1.3250000000e+05    1.1698508337e-01
    1.3275000000e+05    1.1827066415e-01
    1.3300000000e+05    1.5289002566e-01
    1.3325000000e+05    1.0551976909e-01
    1.3350000000e+05    1.0112743005e-01
    1.3375000000e+05    9.7649537154e-02
    1.3400000000e+05    1.4086248500e-01
    1.3425000000e+05    1.0202313317e-01
    1.3450000000e+05    1.2617967159e-01
    1.3475000000e+05    1.0337987575e-01
    1.3500000000e+05    9.3303236606e-02
    1.3525000000e+05    1.0819143179e-01
    1.3550000000e+05    1.5422360351e-01
    1.3575000000e+05    9.5034040919e-02
    1.3600000000e+05    7.0248888332e-02
    1.3625000000e+05    8.5019364264e-02
    1.3650000000e+05    1.3960589509e-01
    1.3675000000e+05    1.0946325731e-01
    1.3700000000e+05    9.5440274661e-02
    1.3725000000e+05    1.0974130167e-01
    1.3750000000e+05    8.6087786141e-02
    1.3775000000e+05    9.2654607736e-02
    1.3800000000e+05    9.1064369801e-02
    1.3825000000e+05    1.0144616252e-01
    1.3850000000e+05    1.4100071750e-01
    1.3875000000e+05    1.6581426913e-01
    1.3900000000e+05    8.3901876668e-02
    1.3925000000e+05    1.4208406613e-01
    1.3950000000e+05    1.0892140510e-01
    1.3975000000e+05    1.2855412645e-01
    1.4000000000e+05    9.3896859252e-02
    1.4025000000e+05    1.1982413533e-01
    1.4050000000e+05    1.1787123440e-01
    1.4075000000e+05    8.3595915422e-02
    1.4100000000e+05    8.9463028645e-02
    1.4125000000e+05    1.1289426755e-01
    1.4150000000e+05    9.4732455856e-02
    1.4175000000e+05    1.0532811159e-01
    1.4200000000e+05    1.2556064806e-01
    1.4225000000e+05    1.0913189986e-01
    1.4250000000e+05    1.1583117402e-01
    1.4275000000e+05    8.8869929668e-02
    1.4300000000e+05    1.1339744521e-01
    1.4325000000e+05    1.1407098925e-01
    1.4350000000e+05    1.2903982638e-01
    1.4375000000e+05    1.5158675326e-01
    1.4400000000e+05    1.2242138203e-01
    1.4425000000e+05    7.9566167668e-02
    1.4450000000e+05    1.5476989714e-01
    1.4475000000e+05    9.2066502330e-02
    1.4500000000e+05    1.5503942205e-01
    1.4525000000e+05    1.2826383027e-01
    1.4550000000e+05    1.0911418333e-01
    1.4575000000e+05    1.6648319481e-01
    1.4600000000e+05    1.4563340823e-01
    1.4625000000e+05    1.1975960893e-01
    1.4650000000e+05    1.2847016026e-01
    1.4675000000e+05    1.1731616658e-01
    1.4700000000e+05    9.2430172524e-02
    1.4725000000e+05    1.1223751241e-01
    1.4750000000e+05    1.4368997402e-01
    1.4775000000e+05    7.4435682504e-02
    1.4800000000e+05    1.5245805152e-01
    1.4825000000e+05    1.0438676551e-01
    1.4850000000e+05    1.0275682198e-01
    1.4875000000e+05    8.9268387570e-02
    1.4900000000e+05    1.7022238589e-01
    1.4925000000e+05    1.0216002532e-01
    1.4950000000e+05    1.3114290315e-01
    1.4975000000e+05    9.1286828038e-02
    1.5000000000e+05    1.2006088809e-01
    1.5025000000e+05    7.6448418244e-02
    1.5050000000e+05    1.1531811455e-01
    1.5075000000e+05    2.6689876168e-01
    1.5100000000e+05    1.0052813362e-01
    1.5125000000e+05    1.0724066533e-01
    1.5150000000e+05    1.0808113304e-01
    1.5175000000e+05    1.1164211350e-01
    1.5200000000e+05    8.8027500605e-02
    1.5225000000e+05    1.4655324241e-01
    1.5250000000e+05    1.3537923094e-01
    1.5275000000e+05    1.4903080035e-01
    1.5300000000e+05    7.5649907860e-02
    1.5325000000e+05    9.0493118797e-02
    1.5350000000e+05    1.4109865206e-01
    1.5375000000e+05    1.2001906384e-01
    1.5400000000e+05    1.5253472444e-01
    1.5425000000e+05    1.0678804617e-01
    1.5450000000e+05    1.1783940298e-01
    1.5475000000e+05    1.0940944796e-01
    1.5500000000e+05    7.1978726261e-02
    1.5525000000e+05    1.5301546134e-01
    1.5550000000e+05    1.2346660731e-01
    1.5575000000e+05    9.8245491449e-02
    1.5600000000e+05    7.0736132933e-02
    1.5625000000e+05    1.0403555870e-01
    1.5650000000e+05    1.1770643381e-01
    1.5675000000e+05    1.1007959487e-01
    1.5700000000e+05    9.7477029388e-02
    1.5725000000e+05    9.1977433171e-02
    1.5750000000e+05    8.6521702600e-02
    1.5775000000e+05    1.2037984917e-01
    1.5800000000e+05    8.9026131899e-02
    1.5825000000e+05    2.0906012857e-01
    1.5850000000e+05    9.5383313896e-02
    1.5875000000e+05    8.7893033535e-02
    1.5900000000e+05    1.2442976145e-01
    1.5925000000e+05    1.2166274323e-01
    1.5950000000e+05    6.9726363084e-02
    1.5975000000e+05    8.9343023012e-02
    1.6000000000e+05    1.1648500863e-01
    1.6025000000e+05    8.0316303860e-02
    1.6050000000e+05    1.1300518136e-01
    1.6075000000e+05    1.9352560464e-01
    1.6100000000e+05    1.5206727384e-01
    1.6125000000e+05    1.3109610614e-01
    1.6150000000e+05    1.0538995322e-01
    1.6175000000e+05    8.9643593195e-02
    1.6200000000e+05    1.1855324779e-01
    1.6225000000e+05    8.5705011223e-02
    1.6250000000e+05    1.2978657710e-01
    1.6275000000e+05    1.7494310007e-01
    1.6300000000e+05    9.6567867510e-02
    1.6325000000e+05    1.4255177152e-01
    1.6350000000e+05    1.3637236625e-01
    1.6375000000e+05    1.4674145512e-01
    1.6400000000e+05    1.4295806547e-01
    1.6425000000e+05    8.7803745652e-02
    1.6450000000e+05    8.1470284542e-02
    1.6475000000e+05    9.6077956175e-02
    1.6500000000e+05    1.1401480263e-01
    1.6525000000e+05    7.3773753039e-02
    1.6550000000e+05    5.6324694726e-02
    1.6575000000e+05    1.2609298676e-01
    1.6600000000e+05    1.5503952930e-01
    1.6625000000e+05    1.3713188786e-01
    1.6650000000e+05    8.6584393539e-02
    1.6675000000e+05    1.6503840966e-01
    1.6700000000e+05    9.6121968388e-02
    1.6725000000e+05    1.1215073869e-01
    1.6750000000e+05    7.4398357210e-02
    1.6775000000e+05    1.3910913682e-01
    1.6800000000e+05    8.9286201304e-02
    1.6825000000e+05    1.1627797090e-01
    1.6850000000e+05    1.3177241284e-01
    1.6875000000e+05    1.2090027467e-01
    1.6900000000e+05    1.0075233263e-01
    1.6925000000e+05    9.8921521673e-02
    1.6950000000e+05    8.8432764587e-02
    1.6975000000e+05    1.0733787190e-01
    1.7000000000e+05    9.5921399176e-02
    1.7025000000e+05    8.9334163430e-02
    1.7050000000e+05    8.3232576194e-02
    1.7075000000e+05    1.0252887046e-01
    1.7100000000e+05    1.7085523464e-01
    1.7125000000e+05    1.1275047675e-01
    1.7150000000e+05    8.0193407396e-02
    1.7175000000e+05    1.6245025969e-01
    1.7200000000e+05    1.0788030933e-01
    1.7225000000e+05    1.2631931921e-01
    1.7250000000e+05    9.5286665900e-02
    1.7275000000e+05    1.4615503651e-01
    1.7300000000e+05    7.1318495551e-02
    1.7325000000e+05    7.3807755617e-02
    1.7350000000e+05    1.2187794108e-01
    1.7375000000e+05    9.7236610264e-02
    1.7400000000e+05    9.0689155829e-02
    1.7425000000e+05    1.4185798335e-01
    1.7450000000e+05    1.3369867580e-01
    1.7475000000e+05    9.1096689149e-02
    1.7500000000e+05    1.6937322935e-01
    1.7525000000e+05    8.3961832220e-02
    1.7550000000e+05    9.8746710996e-02
    1.7575000000e+05    2.0712206587e-01
    1.7600000000e+05    9.5167201955e-02
    1.7625000000e+05    1.4535040745e-01
    1.7650000000e+05    1.8163863793e-01
    1.7675000000e+05    7.4557958413e-02
    1.7700000000e+05    1.1239937322e-01
    1.7725000000e+05    6.8749101442e-02
    1.7750000000e+05    1.0538007883e-01
    1.7775000000e+05    1.4394173221e-01
    1.7800000000e+05    1.3279721481e-01
    1.7825000000e+05    1.0538943152e-01
    1.7850000000e+05    1.1608816873e-01
    1.7875000000e+05    1.5034382956e-01
    1.7900000000e+05    1.4159918265e-01
    1.7925000000e+05    1.8691472416e-01
    1.7950000000e+05    1.1379816108e-01
    1.7975000000e+05    1.1061439381e-01
    1.8000000000e+05    1.0922135012e-01
    1.8025000000e+05    9.8088053325e-02
    1.8050000000e+05    1.9315567489e-01
    1.8075000000e+05    8.7461828142e-02
    1.8100000000e+05    1.0764045455e-01
    1.8125000000e+05    8.7765536753e-02
    1.8150000000e+05    1.1589907250e-01
    1.8175000000e+05    1.5903334695e-01
    1.8200000000e+05    9.8957819300e-02
    1.8225000000e+05    6.7298657855e-02
    1.8250000000e+05    4.9500851143e-02
    1.8275000000e+05    1.3919471295e-01
    1.8300000000e+05    8.8578433695e-02
    1.8325000000e+05    7.9840762594e-02
    1.8350000000e+05    8.1100780319e-02
    1.8375000000e+05    1.2697502862e-01
    1.8400000000e+05    7.4382382214e-02
    1.8425000000e+05    1.4528519622e-01
    1.8450000000e+05    1.1732742711e-01
    1.8475000000e+05    7.7587358013e-02
    1.8500000000e+05    1.0627885377e-01
    1.8525000000e+05    9.4493789823e-02
    1.8550000000e+05    1.2901498476e-01
    1.8575000000e+05    5.6488308507e-02
    1.8600000000e+05    8.8153195658e-02
    1.8625000000e+05    1.0471393695e-01
    1.8650000000e+05    1.5309169543e-01
    1.8675000000e+05    1.2649090008e-01
    1.8700000000e+05    9.0150975341e-02
    1.8725000000e+05    1.7714354394e-01
    1.8750000000e+05    9.6172894381e-02
    1.8775000000e+05    1.1136924678e-01
    1.8800000000e+05    9.9245527551e-02
    1.8825000000e+05    9.6875050280e-02
    1.8850000000e+05    1.0546904975e-01
    1.8875000000e+05    9.7844232016e-02
    1.8900000000e+05    1.0970697636e-01
    1.8925000000e+05    1.3528179881e-01
    1.8950000000e+05    6.5204396720e-02
    1.8975000000e+05    1.7058330125e-01
    1.9000000000e+05    1.4735042808e-01
    1.9025000000e+05    9.2003402730e-02
    1.9050000000e+05    1.1794036392e-01
    1.9075000000e+05    1.1478802123e-01
    1.9100000000e+05    7.3357700054e-02
    1.9125000000e+05    1.2804550712e-01
    1.9150000000e+05    1.1857424161e-01
    1.9175000000e+05    1.1854002229e-01
    1.9200000000e+05    9.2691843659e-02
    1.9225000000e+05    1.2928176486e-01
    1.9250000000e+05    9.7506585228e-02
    1.9275000000e+05    9.9836252820e-02
    1.9300000000e+05    8.9305667317e-02
    1.9325000000e+05    2.0680257708e-01
    1.9350000000e+05    1.2241856523e-01
    1.9375000000e+05    1.1267220745e-01
    1.9400000000e+05    1.7257576407e-01
    1.9425000000e+05    8.9717721509e-02
    1.9450000000e+05    9.8577710036e-02
    1.9475000000e+05    8.9154072535e-02
    1.9500000000e+05    9.7288900803e-02
    1.9525000000e+05    1.9547834516e-01
    1.9550000000e+05    9.2790599992e-02
    1.9575000000e+05    1.4112602047e-01
    1.9600000000e+05    9.6978308549e-02
    1.9625000000e+05    1.3250137749e-01
    1.9650000000e+05    9.6870362218e-02
    1.9675000000e+05    7.4616023638e-02
    1.9700000000e+05    1.3682404409e-01
    1.9725000000e+05    7.1467152504e-02
    1.9750000000e+05    8.7425862054e-02
    1.9775000000e+05    6.4084126473e-02
    1.9800000000e+05    6.6884323420e-02
    1.9825000000e+05    9.2125359176e-02
    1.9850000000e+05    5.1071554040e-02
    1.9875000000e+05    1.3827989197e-01
    1.9900000000e+05    1.3058106291e-01
    1.9925000000e+05    6.5523486071e-02
    1.9950000000e+05    1.6414148349e-01
    1.9975000000e+05    1.0726993986e-01
    2.0000000000e+05    5.9822600601e-02
    2.0025000000e+05    1.3659287998e-01
    2.0050000000e+05    8.4758181367e-02
    2.0075000000e+05    8.4493593330e-02
    2.0100000000e+05    1.4171974560e-01
    2.0125000000e+05    9.3504716061e-02
    2.0150000000e+05    7.2158745811e-02
    2.0175000000e+05    9.3969623815e-02
    2.0200000000e+05    1.3615132709e-01
    2.0225000000e+05    8.7930779531e-02
    2.0250000000e+05    7.3386361265e-02
    2.0275000000e+05    1.3346804655e-01
    2.0300000000e+05    1.9962209337e-01
    2.0325000000e+05    1.0958607845e-01
    2.0350000000e+05    1.4058223314e-01
    2.0375000000e+05    1.0920146517e-01
    2.0400000000e+05    5.4672662587e-02
    2.0425000000e+05    1.4914030783e-01
    2.0450000000e+05    1.1650651769e-01
    2.0475000000e+05    8.7933881279e-02
    2.0500000000e+05    1.4414265515e-01
    2.0525000000e+05    9.4826636616e-02
    2.0550000000e+05    8.8470667411e-02
    2.0575000000e+05    1.4138064365e-01
    2.0600000000e+05    1.8126717262e-01
    2.0625000000e+05    6.9924424681e-02
    2.0650000000e+05    1.8327779631e-01
    2.0675000000e+05    1.5726930439e-01
    2.0700000000e+05    8.7636009597e-02
    2.0725000000e+05    1.5157218371e-01
    2.0750000000e+05    1.9130877953e-01
    2.0775000000e+05    9.7668776520e-02
    2.0800000000e+05    1.7997639780e-01
    2.0825000000e+05    1.7646606592e-01
    2.0850000000e+05    1.4220447469e-01
    2.0875000000e+05    2.0420668113e-01
    2.0900000000e+05    9.2449064493e-02
    2.0925000000e+05    1.2501016637e-01
    2.0950000000e+05    8.8020147962e-02
    2.0975000000e+05    8.2158539507e-02
    2.1000000000e+05    9.1152806683e-02
    2.1025000000e+05    1.0962983032e-01
    2.1050000000e+05    8.8088084786e-02
    2.1075000000e+05    1.0682744961e-01
    2.1100000000e+05    1.7253025977e-01
    2.1125000000e+05    1.0085295388e-01
    2.1150000000e+05    9.7244321734e-02
    2.1175000000e+05    1.6391415249e-01
    2.1200000000e+05    1.2019430367e-01
    2.1225000000e+05    6.8487208906e-02
    2.1250000000e+05    1.5397934319e-01
    2.1275000000e+05    1.9330073317e-01
    2.1300000000e+05    7.1814271979e-02
    2.1325000000e+05    1.9189322310e-01
    2.1350000000e+05    6.5448850316e-02
    2.1375000000e+05    1.2003277870e-01
    2.1400000000e+05    1.1251064697e-01
    2.1425000000e+05    7.7882252217e-02
    2.1450000000e+05    6.7996694584e-02
    2.1475000000e+05    8.7863995323e-02
    2.1500000000e+05    7.9020868027e-02
    2.1525000000e+05    1.2227178282e-01
    2.1550000000e+05    6.3269461339e-02
    2.1575000000e+05    1.6001582692e-01
    2.1600000000e+05    1.4691673079e-01
    2.1625000000e+05    1.2241205108e-01
    2.1650000000e+05    1.9052580829e-01
    2.1675000000e+05    1.1129970408e-01
    2.1700000000e+05    2.3600723862e-01
    2.1725000000e+05    1.2069237578e-01
    2.1750000000e+05    1.3421883046e-01
    2.1775000000e+05    1.2446023818e-01
    2.1800000000e+05    7.9852259238e-02
    2.1825000000e+05    9.7926806729e-02
    2.1850000000e+05    1.2135348606e-01
    2.1875000000e+05    9.6251549476e-02
    2.1900000000e+05    1.0231090748e-01
    2.1925000000e+05    9.8636800914e-02
    2.1950000000e+05    1.0616656257e-01
    2.1975000000e+05    1.1512615994e-01
    2.2000000000e+05    1.1370760477e-01
    2.2025000000e+05    1.2905112239e-01
    2.2050000000e+05    8.7638811048e-02
    2.2075000000e+05    2.4255909191e-01
    2.2100000000e+05    8.3615058425e-02
    2.2125000000e+05    9.1198729713e-02
    2.2150000000e+05    1.0799996874e-01
    2.2175000000e+05    1.5136063694e-01
    2.2200000000e+05    1.2723553581e-01
    2.2225000000e+05    7.2459000524e-02
    2.2250000000e+05    1.3578068170e-01
    2.2275000000e+05    8.7703993526e-02
    2.2300000000e+05    7.1443360451e-02
    2.2325000000e+05    1.6025032450e-01
    2.2350000000e+05    8.8847115851e-02
    2.2375000000e+05    7.6117997153e-02
    2.2400000000e+05    1.0498184890e-01
    2.2425000000e+05    1.6868448586e-01
    2.2450000000e+05    6.9318492890e-02
    2.2475000000e+05    1.4107521766e-01
    2.2500000000e+05    7.8659697005e-02
    2.2525000000e+05    8.1523191730e-02
    2.2550000000e+05    1.7888611882e-01
    2.2575000000e+05    1.0398896128e-01
    2.2600000000e+05    7.1336998528e-02
    2.2625000000e+05    1.6608749944e-01
    2.2650000000e+05    7.5654131083e-02
    2.2675000000e+05    9.9692362925e-02
    2.2700000000e+05    2.4444639405e-01
    2.2725000000e+05    8.9564794203e-02
    2.2750000000e+05    1.5543099031e-01
    2.2775000000e+05    2.3185182440e-01
    2.2800000000e+05    7.7311276173e-02
    2.2825000000e+05    9.6261477520e-02
    2.2850000000e+05    1.3720798232e-01
    2.2875000000e+05    9.5953171270e-02
    2.2900000000e+05    1.0299407752e-01
    2.2925000000e+05    1.4066367819e-01
    2.2950000000e+05    1.0800654253e-01
    2.2975000000e+05    1.0987826236e-01
    2.3000000000e+05    8.8662470220e-02
    2.3025000000e+05    1.0506969225e-01
    2.3050000000e+05    7.8586583004e-02
    2.3075000000e+05    1.3017736003e-01
    2.3100000000e+05    1.8189310881e-01
    2.3125000000e+05    1.0945360123e-01
    2.3150000000e+05    2.1575461759e-01
    2.3175000000e+05    1.0275497597e-01
    2.3200000000e+05    1.1022510825e-01
    2.3225000000e+05    1.2333984580e-01
    2.3250000000e+05    1.2896856356e-01
    2.3275000000e+05    1.2644915048e-01
    2.3300000000e+05    1.1437952763e-01
    2.3325000000e+05    1.2699723054e-01
    2.3350000000e+05    1.7557110582e-01
    2.3375000000e+05    8.2927306793e-02
    2.3400000000e+05    1.3560073652e-01
    2.3425000000e+05    1.4765343623e-01
    2.3450000000e+05    1.0609120083e-01
    2.3475000000e+05    1.2747579724e-01
    2.3500000000e+05    9.8204935700e-02
    2.3525000000e+05    5.5736306462e-02
    2.3550000000e+05    1.3044710961e-01
    2.3575000000e+05    9.8714304686e-02
    2.3600000000e+05    1.3921762796e-01
    2.3625000000e+05    8.8703192211e-02
    2.3650000000e+05    9.9407843114e-02
    2.3675000000e+05    1.8740335756e-01
    2.3700000000e+05    7.8812176609e-02
    2.3725000000e+05    8.6385071489e-02
    2.3750000000e+05    6.6016185260e-02
    2.3775000000e+05    9.6917667491e-02
    2.3800000000e+05    1.8609815455e-01
    2.3825000000e+05    1.1358666355e-01
    2.3850000000e+05    8.2412369126e-02
    2.3875000000e+05    8.2876683286e-02
    2.3900000000e+05    1.2158464392e-01
    2.3925000000e+05    1.3606122087e-01
    2.3950000000e+05    9.1571519206e-02
    2.3975000000e+05    9.4299675726e-02
    2.4000000000e+05    1.3706842231e-01
    2.4025000000e+05    1.4856157288e-01
    2.4050000000e+05    1.0681359200e-01
    2.4075000000e+05    8.8456225980e-02
    2.4100000000e+05    1.0433347710e-01
    2.4125000000e+05    1.2057912101e-01
    2.4150000000e+05    8.3271308365e-02
    2.4175000000e+05    9.1506675731e-02
    2.4200000000e+05    6.4251940009e-02
    2.4225000000e+05    1.1574631933e-01
    2.4250000000e+05    1.4091200408e-01
    2.4275000000e+05    1.0676102338e-01
    2.4300000000e+05    1.0317659229e-01
    2.4325000000e+05    1.0876819301e-01
    2.4350000000e+05    9.7231514138e-02
    2.4375000000e+05    7.4282871690e-02
    2.4400000000e+05    1.1779442020e-01
    2.4425000000e+05    1.1184262812e-01
    2.4450000000e+05    7.6524217212e-02
    2.4475000000e+05    1.4935542319e-01
    2.4500000000e+05    1.0126115657e-01
    2.4525000000e+05    1.4505054590e-01
    2.4550000000e+05    8.8497620270e-02
    2.4575000000e+05    1.7164960219e-01
    2.4600000000e+05    1.4674391398e-01
    2.4625000000e+05    1.1695739635e-01
    2.4650000000e+05    1.8690644931e-01
    2.4675000000e+05    9.8000367864e-02
    2.4700000000e+05    1.0930296911e-01
    2.4725000000e+05    9.1164797038e-02
    2.4750000000e+05    2.1717036572e-01
    2.4775000000e+05    7.5637884536e-02
    2.4800000000e+05    8.1384853354e-02
    2.4825000000e+05    1.6318247294e-01
    2.4850000000e+05    6.4804359460e-02
    2.4875000000e+05    1.0908072843e-01
    2.4900000000e+05    1.2368923254e-01
    2.4925000000e+05    1.6712952253e-01
    2.4950000000e+05    1.2691759835e-01
    2.4975000000e+05    6.0847436798e-02
    2.5000000000e+05    1.4997865770e-01
    2.5025000000e+05    9.6010912429e-02
    2.5050000000e+05    9.4338932346e-02
    2.5075000000e+05    1.4591010109e-01
    2.5100000000e+05    7.4942900216e-02
    2.5125000000e+05    9.9871034693e-02
    2.5150000000e+05    1.8124515228e-01
    2.5175000000e+05    7.2968985730e-02
    2.5200000000e+05    8.4947831187e-02
    2.5225000000e+05    1.5960451545e-01
    2.5250000000e+05    1.7199944378e-01
    2.5275000000e+05    9.0578305736e-02
    2.5300000000e+05    1.9824166837e-01
    2.5325000000e+05    6.5754456610e-02
    2.5350000000e+05    1.4456189428e-01
    2.5375000000e+05    1.4242994235e-01
    2.5400000000e+05    1.2326158326e-01
    2.5425000000e+05    1.5021020936e-01
    2.5450000000e+05    8.4569101092e-02
    2.5475000000e+05    1.0353794148e-01
    2.5500000000e+05    5.5730701175e-02
    2.5525000000e+05    9.6588906615e-02
    2.5550000000e+05    9.8435389348e-02
    2.5575000000e+05    1.0535111668e-01
    2.5600000000e+05    1.1925244165e-01
    2.5625000000e+05    1.0247500332e-01
    2.5650000000e+05    1.3804306557e-01
    2.5675000000e+05    9.9321061026e-02
    2.5700000000e+05    1.0912400307e-01
    2.5725000000e+05    1.1747650162e-01
    2.5750000000e+05    1.1969061323e-01
    2.5775000000e+05    1.3903395873e-01
    2.5800000000e+05    9.6798223659e-02
    2.5825000000e+05    1.0378089805e-01
    2.5850000000e+05    7.5837966810e-02
    2.5875000000e+05    1.4709785391e-01
    2.5900000000e+05    1.0780574519e-01
    2.5925000000e+05    9.5284589968e-02
    2.5950000000e+05    1.3885409582e-01
    2.5975000000e+05    1.1129916577e-01
    2.6000000000e+05    1.0357168555e-01
    2.6025000000e+05    8.6320349099e-02
    2.6050000000e+05    1.3498285330e-01
    2.6075000000e+05    1.8140120719e-01
    2.6100000000e+05    1.1783543216e-01
    2.6125000000e+05    9.7435570895e-02
    2.6150000000e+05    9.8268585512e-02
    2.6175000000e+05    1.2634977831e-01
    2.6200000000e+05    1.4688873389e-01
    2.6225000000e+05    1.1940992038e-01
    2.6250000000e+05    1.4170936403e-01
    2.6275000000e+05    7.5451368274e-02
    2.6300000000e+05    9.5242074826e-02
    2.6325000000e+05    1.5284818631e-01
    2.6350000000e+05    9.2154484896e-02
    2.6375000000e+05    1.0996400346e-01
    2.6400000000e+05    7.6184189604e-02
    2.6425000000e+05    1.3010542311e-01
    2.6450000000e+05    7.0266141430e-02
    2.6475000000e+05    1.1680631804e-01
    2.6500000000e+05    1.0265835077e-01
    2.6525000000e+05    1.0109427425e-01
    2.6550000000e+05    1.0048047783e-01
    2.6575000000e+05    1.1363087900e-01
    2.6600000000e+05    8.9036290933e-02
    2.6625000000e+05    7.8607956338e-02
    2.6650000000e+05    7.9218677047e-02
    2.6675000000e+05    7.7038754531e-02
    2.6700000000e+05    1.2624563651e-01
    2.6725000000e+05    1.3115702179e-01
    2.6750000000e+05    1.5692158085e-01
    2.6775000000e+05    9.3770724673e-02
    2.6800000000e+05    1.1700730513e-01
    2.6825000000e+05    1.4236811763e-01
    2.6850000000e+05    9.8978691968e-02
    2.6875000000e+05    1.0321651430e-01
    2.6900000000e+05    1.7367897212e-01
    2.6925000000e+05    8.5325782455e-02
    2.6950000000e+05    1.1742812339e-01
    2.6975000000e+05    1.7557693235e-01
    2.7000000000e+05    8.9249970880e-02
    2.7025000000e+05    1.4577692252e-01
    2.7050000000e+05    1.3443661022e-01
    2.7075000000e+05    1.2124819974e-01
    2.7100000000e+05    1.1624765363e-01
    2.7125000000e+05    1.3102645440e-01
    2.7150000000e+05    1.2182296294e-01
    2.7175000000e+05    1.5583124903e-01
    2.7200000000e+05    8.0490864641e-02
    2.7225000000e+05    9.7130687882e-02
    2.7250000000e+05    9.4758812702e-02
    2.7275000000e+05    1.2759453929e-01
    2.7300000000e+05    1.2461656660e-01
    2.7325000000e+05    9.2136116631e-02
    2.7350000000e+05    1.2911389185e-01
    2.7375000000e+05    6.7814928169e-02
    2.7400000000e+05    1.0464738021e-01
    2.7425000000e+05    8.8713705969e-02
    2.7450000000e+05    1.2077117156e-01
    2.7475000000e+05    1.1502535781e-01
    2.7500000000e+05    1.2021055167e-01
    2.7525000000e+05    8.9580195516e-02
    2.7550000000e+05    8.5070002136e-02
    2.7575000000e+05    1.0813319246e-01
    2.7600000000e+05    9.9664061770e-02
    2.7625000000e+05    1.2234362046e-01
    2.7650000000e+05    9.4905940359e-02
    2.7675000000e+05    1.4071962463e-01
    2.7700000000e+05    1.0032932881e-01
    2.7725000000e+05    8.8910423799e-02
    2.7750000000e+05    1.2143103868e-01
    2.7775000000e+05    8.9163324264e-02
    2.7800000000e+05    1.2730828621e-01
    2.7825000000e+05    1.0515080094e-01
    2.7850000000e+05    1.3275940646e-01
    2.7875000000e+05    9.8769092681e-02
    2.7900000000e+05    1.1628930754e-01
    2.7925000000e+05    1.6084237788e-01
    2.7950000000e+05    1.4875814317e-01
    2.7975000000e+05    1.3426602818e-01
    2.8000000000e+05    9.5827185574e-02
    2.8025000000e+05    1.0139713220e-01
    2.8050000000e+05    1.2821996861e-01
    2.8075000000e+05    1.2502430695e-01
    2.8100000000e+05    1.0842584909e-01
    2.8125000000e+05    1.1131006153e-01
    2.8150000000e+05    1.5038489413e-01
    2.8175000000e+05    1.7443548410e-01
    2.8200000000e+05    1.1260861775e-01
    2.8225000000e+05    6.4912890295e-02
    2.8250000000e+05    1.2562835345e-01
    2.8275000000e+05    1.0665147791e-01
    2.8300000000e+05    1.6154650559e-01
    2.8325000000e+05    1.6999715563e-01
    2.8350000000e+05    1.2062506386e-01
    2.8375000000e+05    1.3114476627e-01
    2.8400000000e+05    1.2646272671e-01
    2.8425000000e+05    1.5860466418e-01
    2.8450000000e+05    1.1962960956e-01
    2.8475000000e+05    1.0234087755e-01
    2.8500000000e+05    7.6857400340e-02
    2.8525000000e+05    1.1842100311e-01
    2.8550000000e+05    1.2517412980e-01
    2.8575000000e+05    1.0139515975e-01
    2.8600000000e+05    1.1242553150e-01
    2.8625000000e+05    9.4186001384e-02
    2.8650000000e+05    8.9683772373e-02
    2.8675000000e+05    1.0967447932e-01
    2.8700000000e+05    7.5465483626e-02
    2.8725000000e+05    8.1178253722e-02
    2.8750000000e+05    9.4919888696e-02
    2.8775000000e+05    8.6707072350e-02
    2.8800000000e+05    1.2402746657e-01
    2.8825000000e+05    1.8719330430e-01
    2.8850000000e+05    7.2532432680e-02
    2.8875000000e+05    1.1166618244e-01
    2.8900000000e+05    1.3927671114e-01
    2.8925000000e+05    7.4957988496e-02
    2.8950000000e+05    7.1960743752e-02
    2.8975000000e+05    9.5931100660e-02
    2.9000000000e+05    7.2132718614e-02
    2.9025000000e+05    9.0301859824e-02
    2.9050000000e+05    1.5458987495e-01
    2.9075000000e+05    9.7703264921e-02
    2.9100000000e+05    8.7417825311e-02
    2.9125000000e+05    7.9056459384e-02
    2.9150000000e+05    7.5982061450e-02
    2.9175000000e+05    2.0768304630e-01
    2.9200000000e+05    9.7382607641e-02
    2.9225000000e+05    8.7265857161e-02
    2.9250000000e+05    1.0451877710e-01
    2.9275000000e+05    1.8103800625e-01
    2.9300000000e+05    1.0550909956e-01
    2.9325000000e+05    1.3377520207e-01
    2.9350000000e+05    1.4212264998e-01
    2.9375000000e+05    1.4263603814e-01
    2.9400000000e+05    1.5201318546e-01
    2.9425000000e+05    9.7405109106e-02
    2.9450000000e+05    1.2430539230e-01
    2.9475000000e+05    1.1739088124e-01
    2.9500000000e+05    9.9947942241e-02
    2.9525000000e+05    8.4683124178e-02
    2.9550000000e+05    9.0754475353e-02
    2.9575000000e+05    1.2468408770e-01
    2.9600000000e+05    2.3246677704e-01
    2.9625000000e+05    1.0157343324e-01
    2.9650000000e+05    1.0163945730e-01
    2.9675000000e+05    1.5538087376e-01
    2.9700000000e+05    1.6054559012e-01
    2.9725000000e+05    1.1204308420e-01
    2.9750000000e+05    8.6555729915e-02
    2.9775000000e+05    7.5477700439e-02
    2.9800000000e+05    1.0289942664e-01
    2.9825000000e+05    1.2807974840e-01
    2.9850000000e+05    7.4234590792e-02
    2.9875000000e+05    9.1298943922e-02
    2.9900000000e+05    7.1074392622e-02
    2.9925000000e+05    1.1944942404e-01
    2.9950000000e+05    1.1518291780e-01
    2.9975000000e+05    8.2388726239e-02
    3.0000000000e+05    9.5354862797e-02
    3.0025000000e+05    1.5728075050e-01
    3.0050000000e+05    1.0712670901e-01
    3.0075000000e+05    1.0821837642e-01
    3.0100000000e+05    8.7007892403e-02
    3.0125000000e+05    1.4268175104e-01
    3.0150000000e+05    7.9318682694e-02
    3.0175000000e+05    1.0707229921e-01
    3.0200000000e+05    8.2544786967e-02
    3.0225000000e+05    9.4445032344e-02
    3.0250000000e+05    1.0433428505e-01
    3.0275000000e+05    6.2186991112e-02
    3.0300000000e+05    2.0344496540e-01
    3.0325000000e+05    1.0723556343e-01
    3.0350000000e+05    1.0019977600e-01
    3.0375000000e+05    8.8217411336e-02
    3.0400000000e+05    1.1153738513e-01
    3.0425000000e+05    8.7213584680e-02
    3.0450000000e+05    1.1422146666e-01
    3.0475000000e+05    8.0639418070e-02
    3.0500000000e+05    1.0004484007e-01
    3.0525000000e+05    1.0254722501e-01
    3.0550000000e+05    1.2141428044e-01
    3.0575000000e+05    1.0566677003e-01
    3.0600000000e+05    9.4928332456e-02
    3.0625000000e+05    7.0076858751e-02
    3.0650000000e+05    5.6762570178e-02
    3.0675000000e+05    9.1290125806e-02
    3.0700000000e+05    1.4004829794e-01
    3.0725000000e+05    8.7354076340e-02
    3.0750000000e+05    1.7150396957e-01
    3.0775000000e+05    1.1564315302e-01
    3.0800000000e+05    1.0980303013e-01
    3.0825000000e+05    1.0007710009e-01
    3.0850000000e+05    7.3750375048e-02
    3.0875000000e+05    7.7503411009e-02
    3.0900000000e+05    1.9919080904e-01
    3.0925000000e+05    7.3552452197e-02
    3.0950000000e+05    9.9856533955e-02
    3.0975000000e+05    1.2163086260e-01
    3.1000000000e+05    8.0865936791e-02
    3.1025000000e+05    9.2367192570e-02
    3.1050000000e+05    1.0206713281e-01
    3.1075000000e+05    7.5035375138e-02
    3.1100000000e+05    1.1151717852e-01
    3.1125000000e+05    1.0810780652e-01
    3.1150000000e+05    1.4745236006e-01
    3.1175000000e+05    8.8706625398e-02
    3.1200000000e+05    1.0067153930e-01
    3.1225000000e+05    5.9361405452e-02
    3.1250000000e+05    1.1391073719e-01
    3.1275000000e+05    2.1796143450e-01
    3.1300000000e+05    1.0138769699e-01
    3.1325000000e+05    9.6796552548e-02
    3.1350000000e+05    1.5084698984e-01
    3.1375000000e+05    7.0274331072e-02
    3.1400000000e+05    7.5343041479e-02
    3.1425000000e+05    2.2399158647e-01
    3.1450000000e+05    1.5617757378e-01
    3.1475000000e+05    1.3135407534e-01
    3.1500000000e+05    1.7623783043e-01
    3.1525000000e+05    1.2153717891e-01
    3.1550000000e+05    1.1474108834e-01
    3.1575000000e+05    1.5366718532e-01
    3.1600000000e+05    1.1171163040e-01
    3.1625000000e+05    8.1843791945e-02
    3.1650000000e+05    1.5388550234e-01
    3.1675000000e+05    1.0123133278e-01
    3.1700000000e+05    9.2890011378e-02
    3.1725000000e+05    1.5555457138e-01
    3.1750000000e+05    1.2463713014e-01
    3.1775000000e+05    9.5875857857e-02
    3.1800000000e+05    1.5437732123e-01
    3.1825000000e+05    1.5583830465e-01
    3.1850000000e+05    9.3316145152e-02
    3.1875000000e+05    1.9610960501e-01
    3.1900000000e+05    9.4090134667e-02
    3.1925000000e+05    9.7324619171e-02
    3.1950000000e+05    1.8097994905e-01
    3.1975000000e+05    9.8851840812e-02
    3.2000000000e+05    1.0590805880e-01
    3.2025000000e+05    1.8607238981e-01
    3.2050000000e+05    9.6955208469e-02
    3.2075000000e+05    5.6205461928e-02
    3.2100000000e+05    1.3947706872e-01
    3.2125000000e+05    7.5216572041e-02
    3.2150000000e+05    6.0860767708e-02
    3.2175000000e+05    1.1204451882e-01
    3.2200000000e+05    1.9369273773e-01
    3.2225000000e+05    1.9428896252e-01
    3.2250000000e+05    1.0975611917e-01
    3.2275000000e+05    8.9694230559e-02
    3.2300000000e+05    1.1816787844e-01
    3.2325000000e+05    1.3936456447e-01
    3.2350000000e+05    1.2468134547e-01
    3.2375000000e+05    1.0285715006e-01
    3.2400000000e+05    1.6135402993e-01
    3.2425000000e+05    7.2680481501e-02
    3.2450000000e+05    8.2923564199e-02
    3.2475000000e+05    9.3913872929e-02
    3.2500000000e+05    7.5781266261e-02
    3.2525000000e+05    7.7572894503e-02
    3.2550000000e+05    1.8360797846e-01
    3.2575000000e+05    1.0950984835e-01
    3.2600000000e+05    7.2983514204e-02
    3.2625000000e+05    7.5398017308e-02
    3.2650000000e+05    6.6615186228e-02
    3.2675000000e+05    6.8598455805e-02
    3.2700000000e+05    9.5827371556e-02
    3.2725000000e+05    1.0096491996e-01
    3.2750000000e+05    9.7621140484e-02
    3.2775000000e+05    1.5348526722e-01
    3.2800000000e+05    9.4163547638e-02
    3.2825000000e+05    9.3450800386e-02
    3.2850000000e+05    1.3175917524e-01
    3.2875000000e+05    8.8643221845e-02
    3.2900000000e+05    1.0340363586e-01
    3.2925000000e+05    1.5684687015e-01
    3.2950000000e+05    1.1007362566e-01
    3.2975000000e+05    1.5697624587e-01
    3.3000000000e+05    1.1537253902e-01
    3.3025000000e+05    1.3041862905e-01
    3.3050000000e+05    8.6552080273e-02
    3.3075000000e+05    1.0882883603e-01
    3.3100000000e+05    8.7558353595e-02
    3.3125000000e+05    2.5885697728e-01
    3.3150000000e+05    7.7320794191e-02
    3.3175000000e+05    6.7091813725e-02
    3.3200000000e+05    7.7870103920e-02
    3.3225000000e+05    1.4610014555e-01
    3.3250000000e+05    9.5018704758e-02
    3.3275000000e+05    6.6623516505e-02
    3.3300000000e+05    1.0853570377e-01
    3.3325000000e+05    9.8362378671e-02
    3.3350000000e+05    9.3736735837e-02
    3.3375000000e+05    9.5928306259e-02
    3.3400000000e+05    1.3045842082e-01
    3.3425000000e+05    9.3102772552e-02
    3.3450000000e+05    2.0045652187e-01
    3.3475000000e+05    1.2417396692e-01
    3.3500000000e+05    1.0242429744e-01
    3.3525000000e+05    1.7000648541e-01
    3.3550000000e+05    9.3630049625e-02
    3.3575000000e+05    8.9643767551e-02
    3.3600000000e+05    8.3931171213e-02
    3.3625000000e+05    1.1246719147e-01
    3.3650000000e+05    1.2245815004e-01
    3.3675000000e+05    8.8767388608e-02
    3.3700000000e+05    8.8583781629e-02
    3.3725000000e+05    1.0048055675e-01
    3.3750000000e+05    7.7065937567e-02
    3.3775000000e+05    8.7698340714e-02
    3.3800000000e+05    1.0845403548e-01
    3.3825000000e+05    1.0872938564e-01
    3.3850000000e+05    9.7148300773e-02
    3.3875000000e+05    1.1985708665e-01
    3.3900000000e+05    1.5502651295e-01
    3.3925000000e+05    1.2014627128e-01
    3.3950000000e+05    1.2124018539e-01
    3.3975000000e+05    8.9732753997e-02
    3.4000000000e+05    1.3299125969e-01
    3.4025000000e+05    1.2949801493e-01
    3.4050000000e+05    8.8856056727e-02
    3.4075000000e+05    1.1766211589e-01
    3.4100000000e+05    1.1389927276e-01
    3.4125000000e+05    1.6067318044e-01
    3.4150000000e+05    1.4694478576e-01
    3.4175000000e+05    1.3475775065e-01
    3.4200000000e+05    1.2186545332e-01
    3.4225000000e+05    9.0744222555e-02
    3.4250000000e+05    1.1992585651e-01
    3.4275000000e+05    1.1150603003e-01
    3.4300000000e+05    1.1316545975e-01
    3.4325000000e+05    6.9926124690e-02
    3.4350000000e+05    1.0476444814e-01
    3.4375000000e+05    7.6384846523e-02
    3.4400000000e+05    9.2923054383e-02
    3.4425000000e+05    1.0865071326e-01
    3.4450000000e+05    9.7295780053e-02
    3.4475000000e+05    8.5624215118e-02
    3.4500000000e+05    1.3083512842e-01
    3.4525000000e+05    9.8477492165e-02
    3.4550000000e+05    1.0673748919e-01
    3.4575000000e+05    1.0583833389e-01
    3.4600000000e+05    1.0507240116e-01
    3.4625000000e+05    1.2011432078e-01
    3.4650000000e+05    9.3957627039e-02
    3.4675000000e+05    1.5956518317e-01
    3.4700000000e+05    9.2802356675e-02
    3.4725000000e+05    9.9460513926e-02
    3.4750000000e+05    7.9093469757e-02
    3.4775000000e+05    1.2203241979e-01
    3.4800000000e+05    1.1340609482e-01
    3.4825000000e+05    1.1589162462e-01
    3.4850000000e+05    1.2959987054e-01
    3.4875000000e+05    7.5610282446e-02
    3.4900000000e+05    1.1350018920e-01
    3.4925000000e+05    1.3273794917e-01
    3.4950000000e+05    1.3826739292e-01
    3.4975000000e+05    6.9399766223e-02
    3.5000000000e+05    1.1744917249e-01
    3.5025000000e+05    8.2509803827e-02
    3.5050000000e+05    7.9726107782e-02
    3.5075000000e+05    2.5796001932e-01
    3.5100000000e+05    1.1676285808e-01
    3.5125000000e+05    1.2943708344e-01
    3.5150000000e+05    1.2922412616e-01
    3.5175000000e+05    1.0084913383e-01
    3.5200000000e+05    9.4938213306e-02
    3.5225000000e+05    1.1294892437e-01
    3.5250000000e+05    1.1751777962e-01
    3.5275000000e+05    9.2512412506e-02
    3.5300000000e+05    8.7109813335e-02
    3.5325000000e+05    1.2950764984e-01
    3.5350000000e+05    9.6918885480e-02
    3.5375000000e+05    1.3470641827e-01
    3.5400000000e+05    1.1060621572e-01
    3.5425000000e+05    1.5503967986e-01
    3.5450000000e+05    8.9807304758e-02
    3.5475000000e+05    7.3476026307e-02
    3.5500000000e+05    8.3423294485e-02
    3.5525000000e+05    8.4792433545e-02
    3.5550000000e+05    1.4897608600e-01
    3.5575000000e+05    1.1277803397e-01
    3.5600000000e+05    7.4878966285e-02
    3.5625000000e+05    1.1552490302e-01
    3.5650000000e+05    1.3909363016e-01
    3.5675000000e+05    8.8012622656e-02
    3.5700000000e+05    1.0183571722e-01
    3.5725000000e+05    1.2443230584e-01
    3.5750000000e+05    1.1460626521e-01
    3.5775000000e+05    9.1850888378e-02
    3.5800000000e+05    2.0276796580e-01
    3.5825000000e+05    6.5779297575e-02
    3.5850000000e+05    1.1830797679e-01
    3.5875000000e+05    1.6937375734e-01
    3.5900000000e+05    1.3410556184e-01
    3.5925000000e+05    7.2188616181e-02
    3.5950000000e+05    1.5885451058e-01
    3.5975000000e+05    1.6585650831e-01
    3.6000000000e+05    6.3083157688e-02
    3.6025000000e+05    1.3855822052e-01
    3.6050000000e+05    1.1280444422e-01
    3.6075000000e+05    1.1347049326e-01
    3.6100000000e+05    9.1444097364e-02
    3.6125000000e+05    1.9771731316e-01
    3.6150000000e+05    9.2640072239e-02
    3.6175000000e+05    1.0667782081e-01
    3.6200000000e+05    1.3513760142e-01
    3.6225000000e+05    1.0443282723e-01
    3.6250000000e+05    1.0342473923e-01
    3.6275000000e+05    8.7143464169e-02
    3.6300000000e+05    1.1763460574e-01
    3.6325000000e+05    1.1103731362e-01
    3.6350000000e+05    1.1966153064e-01
    3.6375000000e+05    1.5941184424e-01
    3.6400000000e+05    9.5733930132e-02
    3.6425000000e+05    9.2234766304e-02
    3.6450000000e+05    9.3257112836e-02
    3.6475000000e+05    8.7680485617e-02
    3.6500000000e+05    1.9037553722e-01
    3.6525000000e+05    7.9470954461e-02
    3.6550000000e+05    7.7993590050e-02
    3.6575000000e+05    1.1090110585e-01
    3.6600000000e+05    8.6294328933e-02
    3.6625000000e+05    1.2045646592e-01
    3.6650000000e+05    2.1385552818e-01
    3.6675000000e+05    1.1049126094e-01
    3.6700000000e+05    8.5955870722e-02
    3.6725000000e+05    1.6840873266e-01
    3.6750000000e+05    9.7138776313e-02
    3.6775000000e+05    7.0707818629e-02
    3.6800000000e+05    1.6485408800e-01
    3.6825000000e+05    1.5769566591e-01
    3.6850000000e+05    1.0501282613e-01
    3.6875000000e+05    1.0422623527e-01
    3.6900000000e+05    1.2779966630e-01
    3.6925000000e+05    1.3104390168e-01
    3.6950000001e+05    9.7158925615e-02
    3.6975000001e+05    7.2855612210e-02
    3.7000000001e+05    7.1524948028e-02
    3.7025000001e+05    1.0458757645e-01
    3.7050000001e+05    1.2301693594e-01
    3.7075000001e+05    1.1908029586e-01
    3.7100000001e+05    8.7568743106e-02
    3.7125000001e+05    6.3082817500e-02
    3.7150000001e+05    1.0900623729e-01
    3.7175000001e+05    8.7038165531e-02
    3.7200000001e+05    1.0368169721e-01
    3.7225000001e+05    1.3844662411e-01
    3.7250000001e+05    1.3008371982e-01
    3.7275000001e+05    9.6577705494e-02
    3.7300000001e+05    1.0512973802e-01
    3.7325000001e+05    1.1446923427e-01
    3.7350000001e+05    8.3203282189e-02
    3.7375000001e+05    9.2977293875e-02
    3.7400000001e+05    1.0276786214e-01
    3.7425000001e+05    8.5872559130e-02
    3.7450000001e+05    1.1067866254e-01
    3.7475000001e+05    1.1614012363e-01
    3.7500000001e+05    5.3719079006e-02
    3.7525000001e+05    1.4381086838e-01
    3.7550000001e+05    9.4346380138e-02
    3.7575000001e+05    1.5928259840e-01
    3.7600000001e+05    9.3786649882e-02
    3.7625000001e+05    8.2098120473e-02
    3.7650000001e+05    1.8590103730e-01
    3.7675000001e+05    8.8787450801e-02
    3.7700000001e+05    1.0759236163e-01
    3.7725000001e+05    1.1377029928e-01
    3.7750000001e+05    1.2569937981e-01
    3.7775000001e+05    1.4409037643e-01
    3.7800000001e+05    1.1599095157e-01
    3.7825000001e+05    9.2833044870e-02
    3.7850000001e+05    1.5364049867e-01
    3.7875000001e+05    1.0010706354e-01
    3.7900000001e+05    8.1148762515e-02
    3.7925000001e+05    1.2791930032e-01
    3.7950000001e+05    1.2250109327e-01
    3.7975000001e+05    1.1887378878e-01
    3.8000000001e+05    2.0778541621e-01
    3.8025000001e+05    1.1973296964e-01
    3.8050000001e+05    9.4736743526e-02
    3.8075000001e+05    8.8231547746e-02
    3.8100000001e+05    7.5304213129e-02
    3.8125000001e+05    1.3966059875e-01
    3.8150000001e+05    1.2801657130e-01
    3.8175000001e+05    8.4951448815e-02
    3.8200000001e+05    8.7555436605e-02
    3.8225000001e+05    8.1495435316e-02
    3.8250000001e+05    9.3438474749e-02
    3.8275000001e+05    8.5305301451e-02
    3.8300000001e+05    9.9529163955e-02
    3.8325000001e+05    7.6645880569e-02
    3.8350000001e+05    1.0311104523e-01
    3.8375000001e+05    5.8298677974e-02
    3.8400000001e+05    7.1995170488e-02
    3.8425000001e+05    9.2345463748e-02
    3.8450000001e+05    1.1639106045e-01
    3.8475000001e+05    1.1342568983e-01
    3.8500000001e+05    8.2596246761e-02
    3.8525000001e+05    1.0049507250e-01
    3.8550000001e+05    1.1490680931e-01
    3.8575000001e+05    1.1221864875e-01
    3.8600000001e+05    9.6724865018e-02
    3.8625000001e+05    9.5408027670e-02
    3.8650000001e+05    2.0815186216e-01
    3.8675000001e+05    1.3867074455e-01
    3.8700000001e+05    1.1195572928e-01
    3.8725000001e+05    9.3843459517e-02
    3.8750000001e+05    6.8145217172e-02
    3.8775000001e+05    1.6793920926e-01
    3.8800000001e+05    9.6206980198e-02
    3.8825000001e+05    9.3401345575e-02
    3.8850000001e+05    1.4627449820e-01
    3.8875000001e+05    1.1343877997e-01
    3.8900000001e+05    1.6394083162e-01
    3.8925000001e+05    1.1085590511e-01
    3.8950000001e+05    1.4489707483e-01
    3.8975000001e+05    7.3476789548e-02
    3.9000000001e+05    1.4567204956e-01
    3.9025000001e+05    8.6213407523e-02
    3.9050000001e+05    1.1761767462e-01
    3.9075000001e+05    1.0349596121e-01
    3.9100000001e+05    1.3631590999e-01
    3.9125000001e+05    1.1645553514e-01
    3.9150000001e+05    1.1982030823e-01
    3.9175000001e+05    1.2380029457e-01
    3.9200000001e+05    8.5094135220e-02
    3.9225000001e+05    7.8294823727e-02
    3.9250000001e+05    1.3416445311e-01
    3.9275000001e+05    9.5667419586e-02
    3.9300000001e+05    8.7275437656e-02
    3.9325000001e+05    1.0499992995e-01
    3.9350000001e+05    9.0009098943e-02
    3.9375000001e+05    1.6268508611e-01
    3.9400000001e+05    9.5152256144e-02
    3.9425000001e+05    6.8739073865e-02
    3.9450000001e+05    1.4073637166e-01
    3.9475000001e+05    1.1071469222e-01
    3.9500000001e+05    1.1149312431e-01
    3.9525000001e+05    1.4886583214e-01
    3.9550000001e+05    9.3727503085e-02
    3.9575000001e+05    9.2511232469e-02
    3.9600000001e+05    1.7902502426e-01
    3.9625000001e+05    1.0457666645e-01
    3.9650000001e+05    8.9764024385e-02
    3.9675000001e+05    7.2792799646e-02
    3.9700000001e+05    9.0286008161e-02
    3.9725000001e+05    1.1376313476e-01
    3.9750000001e+05    1.4171889467e-01
    3.9775000001e+05    1.2322610465e-01
    3.9800000001e+05    1.0909612713e-01
    3.9825000001e+05    1.1032091483e-01
    3.9850000001e+05    1.1731536620e-01
    3.9875000001e+05    1.1641402169e-01
    3.9900000001e+05    9.8833741447e-02
    3.9925000001e+05    1.0002106007e-01
    3.9950000001e+05    1.0711089515e-01
    3.9975000001e+05    1.1146261709e-01
    4.0000000001e+05    9.3132574008e-02
    4.0025000001e+05    1.3930928702e-01
    4.0050000001e+05    9.3111479791e-02
    4.0075000001e+05    7.8588782399e-02
    4.0100000001e+05    1.1859535699e-01
    4.0125000001e+05    1.0933035440e-01
    4.0150000001e+05    1.4291335830e-01
    4.0175000001e+05    1.0422667106e-01
    4.0200000001e+05    1.0318456193e-01
    4.0225000001e+05    1.2251671395e-01
    4.0250000001e+05    1.0280692009e-01
    4.0275000001e+05    1.1280100452e-01
    4.0300000001e+05    8.1667211952e-02
    4.0325000001e+05    9.4226462170e-02
    4.0350000001e+05    9.6791863851e-02
    4.0375000001e+05    1.1603764588e-01
    4.0400000001e+05    9.7346976117e-02
    4.0425000001e+05    9.6077070702e-02
    4.0450000001e+05    1.2962797790e-01
    4.0475000001e+05    1.5651758734e-01
    4.0500000001e+05    1.3075740087e-01
    4.0525000001e+05    7.3234966562e-02
    4.0550000001e+05    1.4122679534e-01
    4.0575000001e+05    6.8414512042e-02
    4.0600000001e+05    2.1112418900e-01
    4.0625000001e+05    1.1973186893e-01
    4.0650000001e+05    1.0338476982e-01
    4.0675000001e+05    9.3814425221e-02
    4.0700000001e+05    1.0838060533e-01
    4.0725000001e+05    9.3919948045e-02
    4.0750000001e+05    1.3687524102e-01
    4.0775000001e+05    1.2306796207e-01
    4.0800000001e+05    7.7484418639e-02
    4.0825000001e+05    1.3081239441e-01
    4.0850000001e+05    1.5098259522e-01
    4.0875000001e+05    1.0957881544e-01
    4.0900000001e+05    9.6799466634e-02
    4.0925000001e+05    8.7591570468e-02
    4.0950000001e+05    1.5018762061e-01
    4.0975000001e+05    1.0182160346e-01
    4.1000000001e+05    9.8691141281e-02
    4.1025000001e+05    1.0079440248e-01
    4.1050000001e+05    1.2946454175e-01
    4.1075000001e+05    9.7788417549e-02
    4.1100000001e+05    1.3243752076e-01
    4.1125000001e+05    1.2097913928e-01
    4.1150000001e+05    9.9039419726e-02
    4.1175000001e+05    1.3396717183e-01
    4.1200000001e+05    1.0021457791e-01
    4.1225000001e+05    1.2255390886e-01
    4.1250000001e+05    1.3665088698e-01
    4.1275000001e+05    1.1514814590e-01
    4.1300000001e+05    1.0461475669e-01
    4.1325000001e+05    9.4764301140e-02
    4.1350000001e+05    1.1560679879e-01
    4.1375000001e+05    1.3375381128e-01
    4.1400000001e+05    1.2781060412e-01
    4.1425000001e+05    1.0075338297e-01
    4.1450000001e+05    1.4352478769e-01
    4.1475000001e+05    1.0138074112e-01
    4.1500000001e+05    6.5215898497e-02
    4.1525000001e+05    1.2250824701e-01
    4.1550000001e+05    1.1562538286e-01
    4.1575000001e+05    9.7473517956e-02
    4.1600000001e+05    1.0782284984e-01
    4.1625000001e+05    1.3604939581e-01
    4.1650000001e+05    1.3328866385e-01
    4.1675000001e+05    1.7329900980e-01
    4.1700000001e+05    1.3697328965e-01
    4.1725000001e+05    1.1982094802e-01
    4.1750000001e+05    7.2304050826e-02
    4.1775000001e+05    1.3747256650e-01
    4.1800000001e+05    8.0904700494e-02
    4.1825000001e+05    8.7194169410e-02
    4.1850000001e+05    1.1678554965e-01
    4.1875000001e+05    8.9306556489e-02
    4.1900000001e+05    8.2522816805e-02
    4.1925000001e+05    9.2739796680e-02
    4.1950000001e+05    1.0251420071e-01
    4.1975000001e+05    1.4960470208e-01
    4.2000000001e+05    1.3335329316e-01
    4.2025000001e+05    9.0135778007e-02
    4.2050000001e+05    6.6993157483e-02
    4.2075000001e+05    9.0502547119e-02
    4.2100000001e+05    7.8716765897e-02
    4.2125000001e+05    5.2482478247e-02
    4.2150000001e+05    1.0112075592e-01
    4.2175000001e+05    1.0049281669e-01
    4.2200000001e+05    7.8378670491e-02
    4.2225000001e+05    9.8444602250e-02
    4.2250000001e+05    8.9954774172e-02
    4.2275000001e+05    1.7032972781e-01
    4.2300000001e+05    9.9694629009e-02
    4.2325000001e+05    9.6917560768e-02
    4.2350000001e+05    9.2268801539e-02
    4.2375000001e+05    8.3548101731e-02
    4.2400000001e+05    1.0963457205e-01
    4.2425000001e+05    1.3328458099e-01
    4.2450000001e+05    1.0856019929e-01
    4.2475000001e+05    1.6665332219e-01
    4.2500000001e+05    9.9961083818e-02
    4.2525000001e+05    9.4414555974e-02
    4.2550000001e+05    2.0351541803e-01
    4.2575000001e+05    8.6699354882e-02
    4.2600000001e+05    1.2604330041e-01
    4.2625000001e+05    9.1898465573e-02
    4.2650000001e+05    9.8420195686e-02
    4.2675000001e+05    1.2038104048e-01
    4.2700000001e+05    1.1959619306e-01
    4.2725000001e+05    1.6804373146e-01
    4.2750000001e+05    1.0004726637e-01
    4.2775000001e+05    9.6574077719e-02
    4.2800000001e+05    1.3285894968e-01
    4.2825000001e+05    1.1626444853e-01
    4.2850000001e+05    1.1534215833e-01
    4.2875000001e+05    8.2131573880e-02
    4.2900000001e+05    1.0511080260e-01
    4.2925000001e+05    8.1461115968e-02
    4.2950000001e+05    1.1178308105e-01
    4.2975000001e+05    8.1946318901e-02
    4.3000000001e+05    1.0887629176e-01
    4.3025000001e+05    7.6962322278e-02
    4.3050000001e+05    1.2670966263e-01
    4.3075000001e+05    9.2728461356e-02
    4.3100000001e+05    1.1809832030e-01
    4.3125000001e+05    1.6483178390e-01
    4.3150000001e+05    1.1543368526e-01
    4.3175000001e+05    1.2411727355e-01
    4.3200000001e+05    1.0423958479e-01
    4.3225000001e+05    1.2170683909e-01
    4.3250000001e+05    1.1820631397e-01
    4.3275000001e+05    1.1067847582e-01
    4.3300000001e+05    1.1410069091e-01
    4.3325000001e+05    1.0893587200e-01
    4.3350000001e+05    9.5890515026e-02
    4.3375000001e+05    1.2583155062e-01
    4.3400000001e+05    1.0786703451e-01
    4.3425000001e+05    8.9756700262e-02
    4.3450000001e+05    1.3177827951e-01
    4.3475000001e+05    7.0872725931e-02
    4.3500000001e+05    1.0713417098e-01
    4.3525000001e+05    1.7339068713e-01
    4.3550000001e+05    8.3063886814e-02
    4.3575000001e+05    1.4137073946e-01
    4.3600000001e+05    1.1852575102e-01
    4.3625000001e+05    1.1797533392e-01
    4.3650000001e+05    8.3620553123e-02
    4.3675000001e+05    1.2674528054e-01
    4.3700000001e+05    1.5801992254e-01
    4.3725000001e+05    9.6903882083e-02
    4.3750000001e+05    7.6559809302e-02
    4.3775000001e+05    1.1086619971e-01
    4.3800000001e+05    1.0232298629e-01
    4.3825000001e+05    1.1492080552e-01
    4.3850000001e+05    1.1774228290e-01
    4.3875000001e+05    1.1665448852e-01
    4.3900000001e+05    8.7358189984e-02
    4.3925000001e+05    1.4150042848e-01
    4.3950000001e+05    1.0134348048e-01
    4.3975000001e+05    9.7805533924e-02
    4.4000000001e+05    1.2898362377e-01
    4.4025000001e+05    9.0998708592e-02
    4.4050000001e+05    7.0086094202e-02
    4.4075000001e+05    9.5122205581e-02
    4.4100000001e+05    7.4000015607e-02
    4.4125000001e+05    1.1352731552e-01
    4.4150000001e+05    7.3023728211e-02
    4.4175000001e+05    9.7141599631e-02
    4.4200000001e+05    8.9596763067e-02
    4.4225000001e+05    8.2648709558e-02
    4.4250000001e+05    1.1006910849e-01
    4.4275000001e+05    2.0213543430e-01
    4.4300000001e+05    8.3049942057e-02
    4.4325000001e+05    9.3493394004e-02
    4.4350000001e+05    9.8007642111e-02
    4.4375000001e+05    1.9812874913e-01
    4.4400000001e+05    9.9768972593e-02
    4.4425000001e+05    1.0517346243e-01
    4.4450000001e+05    1.0578215523e-01
    4.4475000001e+05    1.1483533015e-01
    4.4500000001e+05    1.0896648870e-01
    4.4525000001e+05    9.2589840160e-02
    4.4550000001e+05    1.4472181735e-01
    4.4575000001e+05    1.3027784079e-01
    4.4600000001e+05    1.4153943704e-01
    4.4625000001e+05    1.0350606627e-01
    4.4650000001e+05    1.2407163731e-01
    4.4675000001e+05    1.2162591394e-01
    4.4700000001e+05    1.2808089867e-01
    4.4725000001e+05    9.3025122277e-02
    4.4750000001e+05    1.2000503764e-01
    4.4775000001e+05    1.6456877968e-01
    4.4800000001e+05    1.0598464502e-01
    4.4825000001e+05    1.1260061576e-01
    4.4850000001e+05    8.7280205676e-02
    4.4875000001e+05    1.0611306948e-01
    4.4900000001e+05    7.2722601483e-02
    4.4925000001e+05    1.3988283171e-01
    4.4950000001e+05    8.9393483663e-02
    4.4975000001e+05    1.0112197701e-01
    4.5000000001e+05    1.1414652805e-01
    4.5025000001e+05    1.0265952038e-01
    4.5050000001e+05    1.0838085701e-01
    4.5075000001e+05    9.9843738024e-02
    4.5100000001e+05    1.6949645609e-01
    4.5125000001e+05    1.2402472518e-01
    4.5150000001e+05    1.4213547202e-01
    4.5175000001e+05    9.5695693946e-02
    4.5200000001e+05    1.3057237335e-01
    4.5225000001e+05    9.9242495345e-02
    4.5250000001e+05    9.0283574519e-02
    4.5275000001e+05    1.2171627389e-01
    4.5300000001e+05    1.3551908596e-01
    4.5325000001e+05    1.4036966471e-01
    4.5350000001e+05    1.1778714462e-01
    4.5375000001e+05    1.0782211586e-01
    4.5400000001e+05    6.8095689149e-02
    4.5425000001e+05    9.0856258266e-02
    4.5450000001e+05    1.2359803540e-01
    4.5475000001e+05    1.0626874042e-01
    4.5500000001e+05    1.4603418082e-01
    4.5525000001e+05    7.4845305537e-02
    4.5550000001e+05    1.0679842319e-01
    4.5575000001e+05    8.4368854791e-02
    4.5600000001e+05    6.4576456210e-02
    4.5625000001e+05    1.5249053397e-01
    4.5650000001e+05    1.3475863279e-01
    4.5675000001e+05    8.6577973592e-02
    4.5700000001e+05    1.8252559455e-01
    4.5725000001e+05    1.5130177501e-01
    4.5750000001e+05    7.2091164539e-02
    4.5775000001e+05    9.6351258435e-02
    4.5800000001e+05    1.0873263555e-01
    4.5825000001e+05    1.1030433642e-01
    4.5850000001e+05    9.2372812698e-02
    4.5875000001e+05    1.6702315381e-01
    4.5900000001e+05    1.1353453644e-01
    4.5925000001e+05    1.3633251510e-01
    4.5950000001e+05    8.4177181008e-02
    4.5975000001e+05    1.3859663741e-01
    4.6000000001e+05    1.2971606716e-01
    4.6025000001e+05    1.4372348240e-01
    4.6050000001e+05    1.1195593711e-01
    4.6075000001e+05    1.7584610758e-01
    4.6100000001e+05    1.1343710731e-01
    4.6125000001e+05    1.2426895198e-01
    4.6150000001e+05    1.3320525280e-01
    4.6175000001e+05    8.6290894021e-02
    4.6200000001e+05    1.5133440582e-01
    4.6225000001e+05    1.4145347767e-01
    4.6250000001e+05    9.9481428331e-02
    4.6275000001e+05    2.3590776057e-01
    4.6300000001e+05    8.6595626617e-02
    4.6325000001e+05    2.3242071280e-01
    4.6350000001e+05    1.3882831826e-01
    4.6375000001e+05    9.7097063364e-02
    4.6400000001e+05    9.7244186703e-02
    4.6425000001e+05    1.9027486875e-01
    4.6450000001e+05    1.3970294953e-01
    4.6475000001e+05    1.6144281343e-01
    4.6500000001e+05    1.1214085904e-01
    4.6525000001e+05    9.0873290877e-02
    4.6550000001e+05    1.3314923967e-01
    4.6575000001e+05    1.4698388252e-01
    4.6600000001e+05    7.8780840422e-02
    4.6625000001e+05    1.4721586644e-01
    4.6650000001e+05    1.1556412483e-01
    4.6675000001e+05    1.0574418099e-01
    4.6700000001e+05    9.1347196995e-02
    4.6725000001e+05    1.0847113154e-01
    4.6750000001e+05    1.1025781947e-01
    4.6775000001e+05    9.8073956397e-02
    4.6800000001e+05    9.3393503141e-02
    4.6825000001e+05    7.6467170483e-02
    4.6850000001e+05    5.7390418849e-02
    4.6875000001e+05    5.4852236882e-02
    4.6900000001e+05    1.2984729587e-01
    4.6925000001e+05    1.0092882935e-01
    4.6950000001e+05    1.8719495432e-01
    4.6975000001e+05    1.1173884260e-01
    4.7000000001e+05    1.0270473713e-01
    4.7025000001e+05    8.2601203735e-02
    4.7050000001e+05    1.1175539141e-01
    4.7075000001e+05    1.2677441004e-01
    4.7100000001e+05    1.1457489484e-01
    4.7125000001e+05    8.0287464151e-02
    4.7150000001e+05    1.1424465290e-01
    4.7175000001e+05    1.5357208565e-01
    4.7200000001e+05    1.0668766574e-01
    4.7225000001e+05    6.2495264055e-02
    4.7250000001e+05    7.6284518950e-02
    4.7275000001e+05    1.7440350556e-01
    4.7300000001e+05    9.2004591466e-02
    4.7325000001e+05    9.0824947098e-02
    4.7350000001e+05    1.6185885882e-01
    4.7375000001e+05    1.2492425469e-01
    4.7400000001e+05    7.5211580790e-02
    4.7425000001e+05    1.9058151080e-01
    4.7450000001e+05    1.2860687865e-01
    4.7475000001e+05    1.1255925382e-01
    4.7500000001e+05    7.9509090581e-02
    4.7525000001e+05    9.3134800025e-02
    4.7550000001e+05    1.0457976167e-01
    4.7575000001e+05    9.7143058487e-02
    4.7600000001e+05    1.8129435921e-01
    4.7625000001e+05    9.2249463949e-02
    4.7650000001e+05    1.4852718215e-01
    4.7675000001e+05    1.6083481592e-01
    4.7700000001e+05    8.1980605289e-02
    4.7725000001e+05    1.1280111824e-01
    4.7750000001e+05    1.0152282687e-01
    4.7775000001e+05    1.0521929938e-01
    4.7800000001e+05    8.5752858190e-02
    4.7825000001e+05    1.3335472203e-01
    4.7850000001e+05    1.0095197262e-01
    4.7875000001e+05    9.2068469880e-02
    4.7900000001e+05    1.8695102961e-01
    4.7925000001e+05    7.7992550829e-02
    4.7950000001e+05    1.2542041955e-01
    4.7975000001e+05    1.1552518006e-01
    4.8000000001e+05    1.0543860454e-01
    4.8025000001e+05    1.1599262240e-01
    4.8050000001e+05    1.6798200036e-01
    4.8075000001e+05    9.8874291149e-02
    4.8100000001e+05    8.6444524514e-02
    4.8125000001e+05    9.6725449048e-02
    4.8150000001e+05    1.0164239689e-01
    4.8175000001e+05    1.0582535166e-01
    4.8200000001e+05    9.9220953595e-02
    4.8225000001e+05    1.2672129487e-01
    4.8250000001e+05    1.0471257145e-01
    4.8275000001e+05    1.0744779715e-01
    4.8300000001e+05    1.1403028495e-01
    4.8325000001e+05    1.3077678499e-01
    4.8350000001e+05    1.3024592772e-01
    4.8375000001e+05    1.7382153864e-01
    4.8400000001e+05    1.3680528733e-01
    4.8425000001e+05    1.3873861956e-01
    4.8450000001e+05    1.1665548162e-01
    4.8475000001e+05    1.1571133247e-01
    4.8500000001e+05    1.6145043176e-01
    4.8525000001e+05    9.3403366277e-02
    4.8550000001e+05    1.5269819493e-01
    4.8575000001e+05    8.9296683644e-02
    4.8600000001e+05    9.6987393270e-02
    4.8625000001e+05    1.4155280551e-01
    4.8650000001e+05    9.1908935586e-02
    4.8675000001e+05    1.0142742872e-01
    4.8700000001e+05    1.6017443278e-01
    4.8725000001e+05    1.0697922427e-01
    4.8750000001e+05    9.0226912915e-02
    4.8775000001e+05    1.7494023512e-01
    4.8800000001e+05    9.2312635710e-02
    4.8825000001e+05    9.6430246905e-02
    4.8850000001e+05    1.3168016100e-01
    4.8875000001e+05    1.0598025480e-01
    4.8900000001e+05    9.1605458852e-02
    4.8925000001e+05    1.2507956697e-01
    4.8950000001e+05    9.0077281054e-02
    4.8975000001e+05    1.2320010063e-01
    4.9000000001e+05    1.6042503699e-01
    4.9025000001e+05    1.6195974629e-01
    4.9050000001e+05    7.7239820006e-02
    4.9075000001e+05    1.0861530739e-01
    4.9100000001e+05    1.3888753549e-01
    4.9125000001e+05    1.2020365229e-01
    4.9150000001e+05    1.0868907132e-01
    4.9175000001e+05    1.5358738870e-01
    4.9200000001e+05    1.0147301041e-01
    4.9225000001e+05    1.1392422611e-01
    4.9250000001e+05    1.4959641810e-01
    4.9275000001e+05    6.4842848730e-02
    4.9300000001e+05    1.2956086791e-01
    4.9325000001e+05    8.0584153332e-02
    4.9350000001e+05    7.2440546655e-02
    4.9375000001e+05    1.0757714091e-01
    4.9400000001e+05    1.0269527023e-01
    4.9425000001e+05    5.5529748348e-02
    4.9450000001e+05    1.2000196366e-01
    4.9475000001e+05    1.5572004714e-01
    4.9500000001e+05    6.9808144820e-02
    4.9525000001e+05    1.0476665508e-01
    4.9550000001e+05    1.3843180234e-01
    4.9575000001e+05    1.1191054917e-01
    4.9600000001e+05    1.1681701024e-01
    4.9625000001e+05    1.0875919378e-01
    4.9650000001e+05    6.8894385263e-02
    4.9675000001e+05    9.1430087400e-02
    4.9700000001e+05    1.1534489573e-01
    4.9725000001e+05    1.1235056348e-01
    4.9750000001e+05    8.8320248452e-02
    4.9775000001e+05    1.6327220179e-01
    4.9800000001e+05    1.2424527639e-01
    4.9825000001e+05    1.3076592847e-01
    4.9850000001e+05    1.1705745248e-01
    4.9875000001e+05    7.6283018416e-02
    4.9900000001e+05    1.1294278313e-01
    4.9925000001e+05    1.2870241112e-01
    4.9950000001e+05    1.1333692379e-01
    4.9975000001e+05    1.6359486377e-01
    5.0000000001e+05    7.8729053780e-02
