    7.5000000000e+01    8.2930289798e-02
    1.5000000000e+02    1.1220286087e-01
    2.2500000000e+02    7.6918632847e-02
    3.0000000000e+02    1.4357060596e-01
    3.7500000000e+02    1.0128608993e-01
    4.5000000000e+02    1.0646382419e-01
    5.2500000000e+02    1.0342089134e-01
    6.0000000000e+02    6.5133680460e-02
    6.7500000000e+02    6.3928347266e-02
    7.5000000000e+02    7.0384202450e-02
    8.2500000000e+02    8.8738020695e-02
    9.0000000000e+02    9.0518678679e-02
    9.7500000000e+02    1.0914692477e-01
    1.0500000000e+03    1.2908843613e-01
    1.1250000000e+03    1.3280854439e-01
    1.2000000000e+03    1.7592457788e-01
    1.2750000000e+03    1.4223214241e-01
    1.3500000000e+03    1.2515470903e-01
    1.4250000000e+03    1.2265121037e-01
    1.5000000000e+03    1.4080367166e-01
    1.5750000000e+03    1.0330390001e-01
    1.6500000000e+03    8.3010205620e-02
    1.7250000000e+03    9.1533462111e-02
    1.8000000000e+03    8.4313260403e-02
    1.8750000000e+03    8.3344552104e-02
    1.9500000000e+03    9.9863332252e-02
    2.0250000000e+03    1.2800188973e-01
    2.1000000000e+03    1.2183915753e-01
    2.1750000000e+03    9.6230538337e-02
    2.2500000000e+03    5.8385614566e-02
    2.3250000000e+03    1.1251566539e-01
    2.4000000000e+03    1.6380944053e-01
    2.4750000000e+03    1.3540273033e-01
    2.5500000000e+03    1.3529356494e-01
    2.6250000000e+03    1.2687114388e-01
    2.7000000000e+03    1.6146189437e-01
    2.7750000000e+03    1.1204535377e-01
    2.8500000000e+03    1.1104029746e-01
    2.9250000000e+03    1.1287184796e-01
    3.0000000000e+03    1.3035829619e-01
    3.0750000000e+03    9.3627797583e-02
    3.1500000000e+03    1.4329595432e-01
    3.2250000000e+03    1.6522226993e-01
    3.3000000000e+03    9.5650647613e-02
    3.3750000000e+03    8.4588497672e-02
    3.4500000000e+03    1.1215338101e-01
    3.5250000000e+03    1.1696089914e-01
    3.6000000000e+03    1.4541454343e-01
    3.6750000000e+03    1.3389112883e-01
    3.7500000000e+03    1.0693282612e-01
    3.8250000000e+03    6.2820649822e-02
    3.9000000000e+03    8.5797356909e-02
    3.9750000000e+03    8.4129374469e-02
    4.0500000000e+03    9.4449050432e-02
    4.1250000000e+03    9.2607910156e-02
    4.2000000000e+03    1.1820182653e-01
    4.2750000000e+03    1.1488651492e-01
    4.3500000000e+03    1.2205949130e-01
    4.4250000000e+03    1.2779622450e-01
    4.5000000000e+03    1.2390144479e-01
    4.5750000000e+03    1.0155408925e-01
    4.6500000000e+03    1.0463093930e-01
    4.7250000000e+03    1.2894190818e-01
    4.8000000000e+03    1.1635062684e-01
    4.8750000000e+03    9.8423500680e-02
    4.9500000000e+03    8.9090793983e-02
    5.0250000000e+03    7.9003332468e-02
    5.1000000000e+03    8.4609378987e-02
    5.1750000000e+03    1.1946837812e-01
    5.2500000000e+03    7.2660161356e-02
    5.3250000000e+03    1.1116903091e-01
    5.4000000000e+03    1.4584295087e-01
    5.4750000000e+03    1.2846673859e-01
    5.5500000000e+03    1.6102009824e-01
    5.6250000000e+03    1.1360788720e-01
    5.7000000000e+03    1.5732828589e-01
    5.7750000000e+03    1.3113862381e-01
    5.8500000000e+03    1.0667331076e-01
    5.9250000000e+03    1.1230040604e-01
    6.0000000000e+03    1.2296205931e-01
    6.0750000000e+03    9.7358759347e-02
    6.1500000000e+03    7.6272156373e-02
    6.2250000000e+03    9.0263991902e-02
    6.3000000000e+03    8.1040861797e-02
    6.3750000000e+03    8.4232096229e-02
    6.4500000000e+03    8.4844937070e-02
    6.5250000000e+03    9.2895114079e-02
    6.6000000000e+03    1.3406070976e-01
    6.6750000000e+03    1.3256800490e-01
    6.7500000000e+03    1.6027275327e-01
    6.8250000000e+03    1.2618221616e-01
    6.9000000000e+03    9.3889873306e-02
    6.9750000000e+03    7.8734031945e-02
    7.0500000000e+03    6.9456311852e-02
    7.1250000000e+03    8.0331405969e-02
    7.2000000000e+03    1.0143131563e-01
    7.2750000000e+03    9.7670187202e-02
    7.3500000000e+03    1.0457998052e-01
    7.4250000000e+03    1.3999955721e-01
    7.5000000000e+03    1.9164101503e-01
    7.5750000000e+03    1.2387509908e-01
    7.6500000000e+03    1.5417357828e-01
    7.7250000000e+03    1.1598447994e-01
    7.8000000000e+03    1.1311683620e-01
    7.8750000000e+03    9.4169526549e-02
    7.9500000000e+03    8.1525886179e-02
    8.0250000000e+03    6.6681543428e-02
    8.1000000000e+03    7.2143161127e-02
    8.1750000000e+03    6.4335397592e-02
    8.2500000000e+03    7.8474235286e-02
    8.3250000000e+03    1.0370690965e-01
    8.4000000000e+03    9.2683826936e-02
    8.4750000000e+03    8.0874155808e-02
    8.5500000000e+03    9.3141671277e-02
    8.6250000000e+03    9.6932153248e-02
    8.7000000000e+03    1.2312669410e-01
    8.7750000000e+03    1.5387807399e-01
    8.8500000000e+03    1.3097432483e-01
    8.9250000000e+03    1.6283598293e-01
    9.0000000000e+03    1.2034677473e-01
    9.0750000000e+03    1.1169876167e-01
    9.1500000000e+03    1.1552447314e-01
    9.2250000000e+03    9.7510742526e-02
    9.3000000000e+03    1.2131740765e-01
    9.3750000000e+03    9.9514754646e-02
    9.4500000000e+03    1.0926227325e-01
    9.5250000000e+03    1.3538165580e-01
    9.6000000000e+03    1.2510177259e-01
    9.6750000000e+03    6.8618841775e-02
    9.7500000000e+03    1.3422354645e-01
    9.8250000000e+03    8.8599204087e-02
    9.9000000000e+03    8.6733203741e-02
    9.9750000000e+03    8.7158421846e-02
    1.0050000000e+04    1.1857573233e-01
    1.0125000000e+04    9.8529829996e-02
    1.0200000000e+04    9.0024677956e-02
    1.0275000000e+04    9.0825607033e-02
    1.0350000000e+04    1.0071180481e-01
    1.0425000000e+04    1.7655644837e-01
    1.0500000000e+04    1.2308470992e-01
    1.0575000000e+04    1.1673994520e-01
    1.0650000000e+04    1.3707868308e-01
    1.0725000000e+04    1.4058065382e-01
    1.0800000000e+04    1.3459347775e-01
    1.0875000000e+04    1.2074239249e-01
    1.0950000000e+04    9.9474937055e-02
    1.1025000000e+04    1.3485973106e-01
    1.1100000000e+04    9.5195538847e-02
    1.1175000000e+04    1.0918871226e-01
    1.1250000000e+04    9.4990620653e-02
    1.1325000000e+04    1.2843791039e-01
    1.1400000000e+04    1.0688016613e-01
    1.1475000000e+04    9.2283329593e-02
    1.1550000000e+04    7.2243161614e-02
    1.1625000000e+04    8.6861050790e-02
    1.1700000000e+04    9.9142751181e-02
    1.1775000000e+04    9.9140426583e-02
    1.1850000000e+04    8.2509685921e-02
    1.1925000000e+04    9.2097207746e-02
    1.2000000000e+04    8.8118431734e-02
    1.2075000000e+04    7.7983090896e-02
    1.2150000000e+04    8.6965253848e-02
    1.2225000000e+04    9.9818021669e-02
    1.2300000000e+04    1.1468082963e-01
    1.2375000000e+04    1.2847194541e-01
    1.2450000000e+04    1.0459884298e-01
    1.2525000000e+04    1.0703618694e-01
    1.2600000000e+04    9.2033248831e-02
    1.2675000000e+04    8.4438443203e-02
    1.2750000000e+04    1.0848652789e-01
    1.2825000000e+04    1.0834822705e-01
    1.2900000000e+04    1.1831047781e-01
    1.2975000000e+04    1.0946396666e-01
    1.3050000000e+04    9.1520677784e-02
    1.3125000000e+04    8.6923423335e-02
    1.3200000000e+04    7.3516860454e-02
    1.3275000000e+04    7.9864217289e-02
    1.3350000000e+04    1.0603774717e-01
    1.3425000000e+04    9.6402045462e-02
    1.3500000000e+04    1.4713062218e-01
    1.3575000000e+04    1.6073774717e-01
    1.3650000000e+04    1.1563261539e-01
    1.3725000000e+04    1.0673538530e-01
    1.3800000000e+04    1.2207970537e-01
    1.3875000000e+04    1.0223170854e-01
    1.3950000000e+04    9.0071622454e-02
    1.4025000000e+04    9.8869354160e-02
    1.4100000000e+04    1.1846596306e-01
    1.4175000000e+04    1.4211895873e-01
    1.4250000000e+04    1.2210917169e-01
    1.4325000000e+04    9.3054709002e-02
    1.4400000000e+04    1.1399942490e-01
    1.4475000000e+04    1.2258828375e-01
    1.4550000000e+04    1.2695232041e-01
    1.4625000000e+04    1.2002188314e-01
    1.4700000000e+04    1.2949565745e-01
    1.4775000000e+04    1.0861146512e-01
    1.4850000000e+04    1.1302200224e-01
    1.4925000000e+04    9.1592907548e-02
    1.5000000000e+04    8.8298969236e-02
    1.5075000000e+04    1.0264983400e-01
    1.5150000000e+04    1.2650112102e-01
    1.5225000000e+04    1.3096168826e-01
    1.5300000000e+04    1.1070448373e-01
    1.5375000000e+04    1.2500761838e-01
    1.5450000000e+04    1.0134988369e-01
    1.5525000000e+04    8.3722283577e-02
    1.5600000000e+04    9.1550066061e-02
    1.5675000000e+04    1.2312521075e-01
    1.5750000000e+04    1.3144351002e-01
    1.5825000000e+04    1.3575585684e-01
    1.5900000000e+04    1.1909099544e-01
    1.5975000000e+04    8.8203065371e-02
    1.6050000000e+04    9.0093819762e-02
    1.6125000000e+04    9.4253604710e-02
    1.6200000000e+04    9.5570261109e-02
    1.6275000000e+04    8.4965034741e-02
    1.6350000000e+04    8.9521473505e-02
    1.6425000000e+04    8.5918167145e-02
    1.6500000000e+04    9.7834100752e-02
    1.6575000000e+04    9.5025626586e-02
    1.6650000000e+04    9.8898491236e-02
    1.6725000000e+04    1.0213125743e-01
    1.6800000000e+04    1.1859509838e-01
    1.6875000000e+04    1.1531592094e-01
    1.6950000000e+04    1.4800350228e-01
    1.7025000000e+04    1.6800632032e-01
    1.7100000000e+04    1.1525139664e-01
    1.7175000000e+04    8.9824850874e-02
    1.7250000000e+04    1.2203908350e-01
    1.7325000000e+04    9.6034496705e-02
    1.7400000000e+04    7.9612305999e-02
    1.7475000000e+04    8.4035956569e-02
    1.7550000000e+04    8.2230371494e-02
    1.7625000000e+04    8.6978117512e-02
    1.7700000000e+04    8.9684556747e-02
    1.7775000000e+04    9.3975929836e-02
    1.7850000000e+04    1.0834677957e-01
    1.7925000000e+04    1.1541348067e-01
    1.8000000000e+04    1.4643488011e-01
    1.8075000000e+04    1.9525135064e-01
    1.8150000000e+04    1.9456409339e-01
    1.8225000000e+04    1.0761897213e-01
    1.8300000000e+04    1.0702798284e-01
    1.8375000000e+04    1.0760987387e-01
    1.8450000000e+04    1.5099184904e-01
    1.8525000000e+04    8.8012728749e-02
    1.8600000000e+04    6.6068908622e-02
    1.8675000000e+04    6.3115588238e-02
    1.8750000000e+04    6.7916112505e-02
    1.8825000000e+04    7.2362319886e-02
    1.8900000000e+04    8.2361220250e-02
    1.8975000000e+04    9.8434793387e-02
    1.9050000000e+04    1.0606125858e-01
    1.9125000000e+04    1.2948719390e-01
    1.9200000000e+04    1.5756666333e-01
    1.9275000000e+04    1.6501303571e-01
    1.9350000000e+04    1.0706222840e-01
    1.9425000000e+04    1.3342157508e-01
    1.9500000000e+04    1.5167171750e-01
    1.9575000000e+04    1.0223029018e-01
    1.9650000000e+04    1.5800556924e-01
    1.9725000000e+04    1.4982282240e-01
    1.9800000000e+04    8.8371895428e-02
    1.9875000000e+04    1.1313522855e-01
    1.9950000000e+04    8.5902409292e-02
    2.0025000000e+04    9.8635363971e-02
    2.0100000000e+04    1.0786599900e-01
    2.0175000000e+04    8.9171859363e-02
    2.0250000000e+04    1.0109890788e-01
    2.0325000000e+04    1.3450765158e-01
    2.0400000000e+04    1.1181496112e-01
    2.0475000000e+04    1.3371611513e-01
    2.0550000000e+04    1.5480273816e-01
    2.0625000000e+04    8.3958991117e-02
    2.0700000000e+04    9.3696915407e-02
    2.0775000000e+04    1.1785573081e-01
    2.0850000000e+04    1.6444893277e-01
    2.0925000000e+04    1.2987727703e-01
    2.1000000000e+04    1.2902797282e-01
    2.1075000000e+04    1.2003571954e-01
    2.1150000000e+04    1.0661376563e-01
    2.1225000000e+04    1.1722832627e-01
    2.1300000000e+04    1.2829547742e-01
    2.1375000000e+04    1.6182139121e-01
    2.1450000000e+04    1.8897896676e-01
    2.1525000000e+04    2.0333192328e-01
    2.1600000000e+04    1.2210912853e-01
    2.1675000000e+04    1.2009387737e-01
    2.1750000000e+04    1.2215861867e-01
    2.1825000000e+04    1.0541995845e-01
    2.1900000000e+04    9.4774174481e-02
    2.1975000000e+04    8.6222596502e-02
    2.2050000000e+04    9.1114732397e-02
    2.2125000000e+04    9.3969516383e-02
    2.2200000000e+04    7.5490429876e-02
    2.2275000000e+04    6.7866768731e-02
    2.2350000000e+04    9.8532328742e-02
    2.2425000000e+04    1.8384382048e-01
    2.2500000000e+04    1.7034223317e-01
    2.2575000000e+04    1.2059397117e-01
    2.2650000000e+04    1.3900717234e-01
    2.2725000000e+04    1.7800955700e-01
    2.2800000000e+04    1.7910270962e-01
    2.2875000000e+04    1.5690439997e-01
    2.2950000000e+04    2.1362752329e-01
    2.3025000000e+04    2.2861625531e-01
    2.3100000000e+04    1.0568419332e-01
    2.3175000000e+04    7.6463167070e-02
    2.3250000000e+04    8.0389449022e-02
    2.3325000000e+04    1.0704956886e-01
    2.3400000000e+04    9.7138821256e-02
    2.3475000000e+04    8.0759051877e-02
    2.3550000000e+04    9.2601656803e-02
    2.3625000000e+04    1.0906994931e-01
    2.3700000000e+04    1.2351046375e-01
    2.3775000000e+04    1.2849715576e-01
    2.3850000000e+04    1.9819019150e-01
    2.3925000000e+04    2.2976085447e-01
    2.4000000000e+04    1.3930490002e-01
    2.4075000000e+04    1.3024988736e-01
    2.4150000000e+04    1.3557708665e-01
    2.4225000000e+04    1.2105183778e-01
    2.4300000000e+04    1.1141893527e-01
    2.4375000000e+04    1.3361451699e-01
    2.4450000000e+04    1.2238742595e-01
    2.4525000000e+04    9.9148564224e-02
    2.4600000000e+04    1.0414137590e-01
    2.4675000000e+04    9.5682254669e-02
    2.4750000000e+04    1.0259770936e-01
    2.4825000000e+04    1.3011967175e-01
    2.4900000000e+04    1.0586384602e-01
    2.4975000000e+04    1.1635409599e-01
    2.5050000000e+04    1.2313484733e-01
    2.5125000000e+04    9.8653866541e-02
    2.5200000000e+04    9.9795721485e-02
    2.5275000000e+04    9.9118786296e-02
    2.5350000000e+04    1.0859597411e-01
    2.5425000000e+04    1.0334687808e-01
    2.5500000000e+04    1.2113713700e-01
    2.5575000000e+04    1.2798638921e-01
    2.5650000000e+04    1.0737449063e-01
    2.5725000000e+04    1.7029168489e-01
    2.5800000000e+04    1.1283367921e-01
    2.5875000000e+04    1.0287497121e-01
    2.5950000000e+04    1.0439642900e-01
    2.6025000000e+04    1.0996316518e-01
    2.6100000000e+04    1.4294639581e-01
    2.6175000000e+04    1.3474794341e-01
    2.6250000000e+04    1.2409222517e-01
    2.6325000000e+04    8.6650654640e-02
    2.6400000000e+04    7.9382470230e-02
    2.6475000000e+04    8.3383739412e-02
    2.6550000000e+04    1.4042679455e-01
    2.6625000000e+04    2.5968879099e-01
    2.6700000000e+04    3.0595717016e-01
    2.6775000000e+04    2.4293674166e-01
    2.6850000000e+04    1.9046298820e-01
    2.6925000000e+04    1.9443447812e-01
    2.7000000000e+04    1.7760536092e-01
    2.7075000000e+04    1.3853889136e-01
    2.7150000000e+04    1.4435101343e-01
    2.7225000000e+04    1.5171437096e-01
    2.7300000000e+04    1.3465718897e-01
    2.7375000000e+04    1.2915012527e-01
    2.7450000000e+04    1.4963055241e-01
    2.7525000000e+04    1.5641289266e-01
    2.7600000000e+04    1.7098222004e-01
    2.7675000000e+04    1.5920100484e-01
    2.7750000000e+04    1.6098563472e-01
    2.7825000000e+04    1.6294752492e-01
    2.7900000000e+04    1.7939816006e-01
    2.7975000000e+04    1.8774267674e-01
    2.8050000000e+04    2.1338045260e-01
    2.8125000000e+04    2.3024151548e-01
    2.8200000000e+04    1.1207532638e-01
    2.8275000000e+04    1.0829365714e-01
    2.8350000000e+04    8.7624023763e-02
    2.8425000000e+04    1.2570514054e-01
    2.8500000000e+04    1.5951002540e-01
    2.8575000000e+04    2.4278973157e-01
    2.8650000000e+04    2.1461280864e-01
    2.8725000000e+04    1.4115879449e-01
    2.8800000000e+04    1.2355237577e-01
    2.8875000000e+04    1.2174350200e-01
    2.8950000000e+04    7.2525476245e-02
    2.9025000000e+04    1.1984423994e-01
    2.9100000000e+04    2.3270270043e-01
    2.9175000000e+04    1.6179830893e-01
    2.9250000000e+04    1.7038644704e-01
    2.9325000000e+04    1.5930502866e-01
    2.9400000000e+04    1.5275439973e-01
    2.9475000000e+04    1.4041027898e-01
    2.9550000000e+04    1.6348389956e-01
    2.9625000000e+04    1.5276541131e-01
    2.9700000000e+04    1.5075206474e-01
    2.9775000000e+04    1.4530055984e-01
    2.9850000000e+04    2.4029066905e-01
    2.9925000000e+04    2.4520516666e-01
    3.0000000000e+04    7.8013203044e-02
    3.0075000000e+04    8.0464882479e-02
    3.0150000000e+04    1.0831628283e-01
    3.0225000000e+04    1.1313924116e-01
    3.0300000000e+04    1.2298748148e-01
    3.0375000000e+04    1.1732384653e-01
    3.0450000000e+04    1.2814470852e-01
    3.0525000000e+04    9.6256827559e-02
    3.0600000000e+04    9.9923510043e-02
    3.0675000000e+04    9.8183052169e-02
    3.0750000000e+04    9.3632932604e-02
    3.0825000000e+04    1.1869066669e-01
    3.0900000000e+04    1.3030164750e-01
    3.0975000000e+04    1.4187003515e-01
    3.1050000000e+04    1.6756047346e-01
    3.1125000000e+04    1.2884440279e-01
    3.1200000000e+04    1.5158643931e-01
    3.1275000000e+04    9.6189269878e-02
    3.1350000000e+04    1.0614059618e-01
    3.1425000000e+04    1.0562378259e-01
    3.1500000000e+04    1.0376386241e-01
    3.1575000000e+04    9.8111134063e-02
    3.1650000000e+04    6.9695117148e-02
    3.1725000000e+04    9.4781268785e-02
    3.1800000000e+04    1.3385049641e-01
    3.1875000000e+04    1.4961076174e-01
    3.1950000000e+04    1.5475841917e-01
    3.2025000000e+04    1.2663840347e-01
    3.2100000000e+04    8.7644145717e-02
    3.2175000000e+04    8.7412684566e-02
    3.2250000000e+04    8.0476234777e-02
    3.2325000000e+04    8.7072806299e-02
    3.2400000000e+04    9.6372237792e-02
    3.2475000000e+04    1.1184989373e-01
    3.2550000000e+04    9.7591013269e-02
    3.2625000000e+04    8.4558813281e-02
    3.2700000000e+04    1.2226261747e-01
    3.2775000000e+04    1.3166009477e-01
    3.2850000000e+04    1.2618720527e-01
    3.2925000000e+04    1.0104787308e-01
    3.3000000000e+04    8.4674963818e-02
    3.3075000000e+04    1.1256281105e-01
    3.3150000000e+04    1.0584053433e-01
    3.3225000000e+04    8.5665854761e-02
    3.3300000000e+04    9.4861008825e-02
    3.3375000000e+04    1.2323401508e-01
    3.3450000000e+04    1.2693817814e-01
    3.3525000000e+04    9.8906575301e-02
    3.3600000000e+04    1.1282479385e-01
    3.3675000000e+04    1.1649740852e-01
    3.3750000000e+04    1.1677304960e-01
    3.3825000000e+04    1.4027919153e-01
    3.3900000000e+04    1.6445596811e-01
    3.3975000000e+04    1.1656629761e-01
    3.4050000000e+04    1.4345260069e-01
    3.4125000000e+04    1.4146891784e-01
    3.4200000000e+04    1.1574720663e-01
    3.4275000000e+04    1.2081827904e-01
    3.4350000000e+04    1.1571269071e-01
    3.4425000000e+04    8.8572801432e-02
    3.4500000000e+04    1.2406685349e-01
    3.4575000000e+04    1.4577508810e-01
    3.4650000000e+04    1.1904301186e-01
    3.4725000000e+04    1.0644416636e-01
    3.4800000000e+04    1.2121111019e-01
    3.4875000000e+04    9.9843611680e-02
    3.4950000000e+04    8.9256886397e-02
    3.5025000000e+04    8.6809595322e-02
    3.5100000000e+04    1.0661824734e-01
    3.5175000000e+04    1.3440557573e-01
    3.5250000000e+04    1.3839575669e-01
    3.5325000000e+04    1.3905745986e-01
    3.5400000000e+04    1.4005085276e-01
    3.5475000000e+04    1.5355763570e-01
    3.5550000000e+04    1.1784991694e-01
    3.5625000000e+04    1.5647087193e-01
    3.5700000000e+04    1.5776698397e-01
    3.5775000000e+04    1.2356400580e-01
    3.5850000000e+04    1.2474374854e-01
    3.5925000000e+04    1.4160182439e-01
    3.6000000000e+04    1.1596861358e-01
    3.6075000000e+04    1.1467279182e-01
    3.6150000000e+04    1.1364217331e-01
    3.6225000000e+04    1.1697748245e-01
    3.6300000000e+04    1.2851119699e-01
    3.6375000000e+04    1.2040659036e-01
    3.6450000000e+04    1.0935074369e-01
    3.6525000000e+04    1.2121612213e-01
    3.6600000000e+04    1.2952913735e-01
    3.6675000000e+04    1.4560547037e-01
    3.6750000000e+04    1.2919030895e-01
    3.6825000000e+04    1.0206679691e-01
    3.6900000000e+04    9.6298458977e-02
    3.6975000000e+04    1.1851672082e-01
    3.7050000000e+04    1.2140481441e-01
    3.7125000000e+04    1.4147428577e-01
    3.7200000000e+04    1.3693135801e-01
    3.7275000000e+04    1.2907416010e-01
    3.7350000000e+04    1.0790768041e-01
    3.7425000000e+04    9.6684372320e-02
    3.7500000000e+04    9.1787081114e-02
    3.7575000000e+04    8.9409021388e-02
    3.7650000000e+04    8.4590452930e-02
    3.7725000000e+04    8.5491436496e-02
    3.7800000000e+04    8.7940304792e-02
    3.7875000000e+04    9.8731966548e-02
    3.7950000000e+04    1.6600534356e-01
    3.8025000000e+04    1.1885218650e-01
    3.8100000000e+04    1.3108237426e-01
    3.8175000000e+04    8.6255346688e-02
    3.8250000000e+04    1.0726878537e-01
    3.8325000000e+04    1.3485644376e-01
    3.8400000000e+04    1.0918282129e-01
    3.8475000000e+04    9.0035170498e-02
    3.8550000000e+04    9.3100963030e-02
    3.8625000000e+04    1.0805682865e-01
    3.8700000000e+04    1.0919515842e-01
    3.8775000000e+04    1.1783959182e-01
    3.8850000000e+04    1.0334840960e-01
    3.8925000000e+04    1.1279120588e-01
    3.9000000000e+04    1.4222818440e-01
    3.9075000000e+04    1.0430566100e-01
    3.9150000000e+04    1.0409648321e-01
    3.9225000000e+04    1.0541658593e-01
    3.9300000000e+04    1.1055592116e-01
    3.9375000000e+04    1.2661758296e-01
    3.9450000000e+04    1.1693072327e-01
    3.9525000000e+04    1.2760585182e-01
    3.9600000000e+04    9.4504945815e-02
    3.9675000000e+04    6.9763604637e-02
    3.9750000000e+04    7.2291235768e-02
    3.9825000000e+04    7.1591578448e-02
    3.9900000000e+04    7.3151319469e-02
    3.9975000000e+04    6.9752728691e-02
    4.0050000000e+04    8.1620755158e-02
    4.0125000000e+04    9.9072585032e-02
    4.0200000000e+04    1.3928784990e-01
    4.0275000000e+04    1.4427826904e-01
    4.0350000000e+04    1.3427690428e-01
    4.0425000000e+04    1.5255497515e-01
    4.0500000000e+04    1.4088275046e-01
    4.0575000000e+04    1.7395230141e-01
    4.0650000000e+04    1.4841520239e-01
    4.0725000000e+04    1.2873583386e-01
    4.0800000000e+04    1.0703841486e-01
    4.0875000000e+04    9.4226759471e-02
    4.0950000000e+04    8.8369836980e-02
    4.1025000000e+04    1.0064752845e-01
    4.1100000000e+04    1.0634223129e-01
    4.1175000000e+04    1.3109584564e-01
    4.1250000000e+04    1.2614430762e-01
    4.1325000000e+04    1.3506425950e-01
    4.1400000000e+04    1.1422626208e-01
    4.1475000000e+04    1.1325252184e-01
    4.1550000000e+04    9.4978642376e-02
    4.1625000000e+04    1.2789728308e-01
    4.1700000000e+04    1.2221661564e-01
    4.1775000000e+04    1.1649014273e-01
    4.1850000000e+04    9.9523110966e-02
    4.1925000000e+04    7.3536278849e-02
    4.2000000000e+04    8.0261097594e-02
    4.2075000000e+04    7.1144948898e-02
    4.2150000000e+04    8.2982433683e-02
    4.2225000000e+04    1.0750752765e-01
    4.2300000000e+04    1.1874055534e-01
    4.2375000000e+04    1.1247970288e-01
    4.2450000000e+04    1.0881970621e-01
    4.2525000000e+04    1.5408272181e-01
    4.2600000000e+04    1.5758206855e-01
    4.2675000000e+04    1.6739332846e-01
    4.2750000000e+04    1.7868218877e-01
    4.2825000000e+04    1.5836391560e-01
    4.2900000000e+04    1.1830102472e-01
    4.2975000000e+04    7.0667476404e-02
    4.3050000000e+04    8.4050738973e-02
    4.3125000000e+04    1.3119322711e-01
    4.3200000000e+04    2.0776520928e-01
    4.3275000000e+04    2.8180398459e-01
    4.3350000000e+04    2.9117784708e-01
    4.3425000000e+04    2.3634208006e-01
    4.3500000000e+04    2.4925701173e-01
    4.3575000000e+04    2.9135985009e-01
    4.3650000000e+04    2.4608936381e-01
    4.3725000000e+04    3.0179445879e-01
    4.3800000000e+04    2.9045574347e-01
    4.3875000000e+04    1.5111746724e-01
    4.3950000000e+04    8.5375937416e-02
    4.4025000000e+04    8.2362348338e-02
    4.4100000000e+04    6.8486073731e-02
    4.4175000000e+04    7.2080693770e-02
    4.4250000000e+04    8.8559067237e-02
    4.4325000000e+04    1.7089882721e-01
    4.4400000000e+04    1.5049033533e-01
    4.4475000000e+04    1.3981540271e-01
    4.4550000000e+04    7.1079361689e-02
    4.4625000000e+04    1.6504134923e-01
    4.4700000000e+04    6.9832649410e-02
    4.4775000000e+04    1.0372264433e-01
    4.4850000000e+04    1.6692362654e-01
    4.4925000000e+04    1.1371070593e-01
    4.5000000000e+04    1.6937037561e-01
    4.5075000000e+04    1.0268996400e-01
    4.5150000000e+04    9.9499570501e-02
    4.5225000000e+04    1.0412636729e-01
    4.5300000000e+04    8.7770400111e-02
    4.5375000000e+04    9.5361114706e-02
    4.5450000000e+04    8.2247034088e-02
    4.5525000000e+04    7.1228234919e-02
    4.5600000000e+04    7.6989555615e-02
    4.5675000000e+04    6.6191562515e-02
    4.5750000000e+04    7.0636817390e-02
    4.5825000000e+04    1.0367939490e-01
    4.5900000000e+04    1.0211147680e-01
    4.5975000000e+04    1.3261424120e-01
    4.6050000000e+04    1.6763496870e-01
    4.6125000000e+04    1.5826082255e-01
    4.6200000000e+04    1.3500902385e-01
    4.6275000000e+04    1.1923275555e-01
    4.6350000000e+04    1.0927335306e-01
    4.6425000000e+04    9.0735402015e-02
    4.6500000000e+04    1.0072572669e-01
    4.6575000000e+04    1.1244268852e-01
    4.6650000000e+04    1.3124265138e-01
    4.6725000000e+04    1.2604605739e-01
    4.6800000000e+04    1.2320282524e-01
    4.6875000000e+04    1.5029789846e-01
    4.6950000000e+04    1.6313875539e-01
    4.7025000000e+04    1.2867259361e-01
    4.7100000000e+04    1.4257466134e-01
    4.7175000000e+04    1.1651041362e-01
    4.7250000000e+04    1.0042712812e-01
    4.7325000000e+04    7.5207750281e-02
    4.7400000000e+04    8.2556140894e-02
    4.7475000000e+04    1.1159217504e-01
    4.7550000000e+04    9.5126668317e-02
    4.7625000000e+04    9.1848396667e-02
    4.7700000000e+04    9.3335557501e-02
    4.7775000000e+04    7.2973696164e-02
    4.7850000000e+04    7.3192493688e-02
    4.7925000000e+04    1.2255177142e-01
    4.8000000000e+04    1.3266599184e-01
    4.8075000000e+04    1.4339050404e-01
    4.8150000000e+04    1.5795583492e-01
    4.8225000000e+04    1.1855354260e-01
    4.8300000000e+04    1.0867567467e-01
    4.8375000000e+04    1.3850434293e-01
    4.8450000000e+04    1.2834079211e-01
    4.8525000000e+04    1.1898320729e-01
    4.8600000000e+04    1.3097333079e-01
    4.8675000000e+04    1.2424908590e-01
    4.8750000000e+04    1.2910268504e-01
    4.8825000000e+04    1.2581955667e-01
    4.8900000000e+04    1.2328500107e-01
    4.8975000000e+04    1.7259209907e-01
    4.9050000000e+04    1.3155201582e-01
    4.9125000000e+04    9.8306850062e-02
    4.9200000000e+04    9.4766353624e-02
    4.9275000000e+04    1.0959050612e-01
    4.9350000000e+04    9.7627658766e-02
    4.9425000000e+04    7.1816171109e-02
    4.9500000000e+04    8.2325933064e-02
    4.9575000000e+04    7.9279282268e-02
    4.9650000000e+04    1.1114872715e-01
    4.9725000000e+04    7.6004214102e-02
    4.9800000000e+04    9.5849470079e-02
    4.9875000000e+04    1.0945321252e-01
    4.9950000000e+04    8.2215720093e-02
    5.0025000000e+04    1.1856710239e-01
    5.0100000000e+04    1.2392848788e-01
    5.0175000000e+04    1.0671741574e-01
    5.0250000000e+04    1.0122812342e-01
    5.0325000000e+04    8.5371528164e-02
    5.0400000000e+04    9.6108709472e-02
    5.0475000000e+04    1.1683964900e-01
    5.0550000000e+04    1.6230807815e-01
    5.0625000000e+04    2.3834521986e-01
    5.0700000000e+04    2.6145600211e-01
    5.0775000000e+04    2.9449074540e-01
    5.0850000000e+04    2.7505512794e-01
    5.0925000000e+04    2.3032493276e-01
    5.1000000000e+04    1.5390597559e-01
    5.1075000000e+04    1.5194861108e-01
    5.1150000000e+04    1.5191063282e-01
    5.1225000000e+04    1.4731297624e-01
    5.1300000000e+04    1.5370378569e-01
    5.1375000000e+04    1.6200761955e-01
    5.1450000000e+04    1.5912188841e-01
    5.1525000000e+04    1.5833904735e-01
    5.1600000000e+04    1.7315216660e-01
    5.1675000000e+04    1.7303044995e-01
    5.1750000000e+04    1.5630103414e-01
    5.1825000000e+04    1.5423384848e-01
    5.1900000000e+04    1.8413915427e-01
    5.1975000000e+04    2.2803359525e-01
    5.2050000000e+04    1.2689205480e-01
    5.2125000000e+04    1.1217769743e-01
    5.2200000000e+04    6.6668368114e-02
    5.2275000000e+04    9.5589143369e-02
    5.2350000000e+04    1.2827263655e-01
    5.2425000000e+04    1.0923106545e-01
    5.2500000000e+04    1.4796618749e-01
    5.2575000000e+04    1.2256658179e-01
    5.2650000000e+04    1.0009000234e-01
    5.2725000000e+04    1.2199914161e-01
    5.2800000000e+04    1.1440778260e-01
    5.2875000000e+04    9.2751458744e-02
    5.2950000000e+04    7.7599646383e-02
    5.3025000000e+04    7.6214674863e-02
    5.3100000000e+04    9.0538371683e-02
    5.3175000000e+04    1.0413729146e-01
    5.3250000000e+04    8.9140634220e-02
    5.3325000000e+04    8.0465900916e-02
    5.3400000000e+04    6.5002683372e-02
    5.3475000000e+04    8.3871766955e-02
    5.3550000000e+04    8.5439768731e-02
    5.3625000000e+04    7.0178583123e-02
    5.3700000000e+04    7.1691401016e-02
    5.3775000000e+04    9.7149664038e-02
    5.3850000000e+04    1.0168604114e-01
    5.3925000000e+04    1.5025532661e-01
    5.4000000000e+04    1.2776686279e-01
    5.4075000000e+04    1.2530814292e-01
    5.4150000000e+04    1.0766949129e-01
    5.4225000000e+04    1.1652744513e-01
    5.4300000000e+04    1.0950076499e-01
    5.4375000000e+04    9.8431622695e-02
    5.4450000000e+04    1.0009862772e-01
    5.4525000000e+04    9.3060784371e-02
    5.4600000000e+04    9.9801948843e-02
    5.4675000000e+04    8.4260323887e-02
    5.4750000000e+04    1.0932278751e-01
    5.4825000000e+04    1.3932161276e-01
    5.4900000000e+04    1.1790756527e-01
    5.4975000000e+04    1.1465824945e-01
    5.5050000000e+04    1.9648394764e-01
    5.5125000000e+04    2.2221942093e-01
    5.5200000000e+04    8.1638350990e-02
    5.5275000000e+04    1.2271621708e-01
    5.5350000000e+04    8.8827096226e-02
    5.5425000000e+04    1.3389571781e-01
    5.5500000000e+04    1.3487584292e-01
    5.5575000000e+04    1.1092999426e-01
    5.5650000000e+04    1.1493997322e-01
    5.5725000000e+04    9.5459758386e-02
    5.5800000000e+04    7.1491872378e-02
    5.5875000000e+04    6.3869888495e-02
    5.5950000000e+04    6.4729888153e-02
    5.6025000000e+04    7.5347913070e-02
    5.6100000000e+04    9.8717495959e-02
    5.6175000000e+04    1.1553955205e-01
    5.6250000000e+04    8.7363886102e-02
    5.6325000000e+04    8.9646907547e-02
    5.6400000000e+04    1.0508165633e-01
    5.6475000000e+04    1.3391385214e-01
    5.6550000000e+04    1.1392356799e-01
    5.6625000000e+04    1.4143398126e-01
    5.6700000000e+04    1.3772057963e-01
    5.6775000000e+04    1.2819885179e-01
    5.6850000000e+04    1.3398011536e-01
    5.6925000000e+04    1.1974486604e-01
    5.7000000000e+04    9.9654825340e-02
    5.7075000000e+04    1.0458031261e-01
    5.7150000000e+04    9.9879822332e-02
    5.7225000000e+04    9.1346494524e-02
    5.7300000000e+04    8.0051915134e-02
    5.7375000000e+04    7.9567173824e-02
    5.7450000000e+04    8.5142948669e-02
    5.7525000000e+04    1.0082329651e-01
    5.7600000000e+04    1.1589695889e-01
    5.7675000000e+04    1.4456725920e-01
    5.7750000000e+04    1.0864944519e-01
    5.7825000000e+04    1.2118119051e-01
    5.7900000000e+04    9.6496582485e-02
    5.7975000000e+04    1.3791944288e-01
    5.8050000000e+04    1.2996864165e-01
    5.8125000000e+04    9.8029408815e-02
    5.8200000000e+04    7.3793853787e-02
    5.8275000000e+04    7.7062005875e-02
    5.8350000000e+04    9.6459315426e-02
    5.8425000000e+04    1.0115745291e-01
    5.8500000000e+04    1.0903158415e-01
    5.8575000000e+04    1.4761562514e-01
    5.8650000000e+04    1.3419777433e-01
    5.8725000000e+04    7.8082432007e-02
    5.8800000000e+04    9.7343531027e-02
    5.8875000000e+04    1.0431865014e-01
    5.8950000000e+04    9.5506647608e-02
    5.9025000000e+04    9.3426083984e-02
    5.9100000000e+04    8.1860437766e-02
    5.9175000000e+04    1.1808714446e-01
    5.9250000000e+04    1.2111064192e-01
    5.9325000000e+04    1.0871169498e-01
    5.9400000000e+04    1.6082587925e-01
    5.9475000000e+04    2.1648662406e-01
    5.9550000000e+04    9.2570262821e-02
    5.9625000000e+04    1.2480492948e-01
    5.9700000000e+04    1.2477106704e-01
    5.9775000000e+04    1.1233620742e-01
    5.9850000000e+04    1.0934189901e-01
    5.9925000000e+04    1.0753642314e-01
    6.0000000000e+04    1.0074458270e-01
    6.0075000000e+04    9.7837733239e-02
    6.0150000000e+04    1.2243782999e-01
    6.0225000000e+04    1.2066143776e-01
    6.0300000000e+04    1.1395126812e-01
    6.0375000000e+04    1.1606697596e-01
    6.0450000000e+04    7.5833714147e-02
    6.0525000000e+04    1.1144219298e-01
    6.0600000000e+04    8.2557834669e-02
    6.0675000000e+04    1.1603586554e-01
    6.0750000000e+04    1.2246541260e-01
    6.0825000000e+04    9.5389926795e-02
    6.0900000000e+04    8.4191059020e-02
    6.0975000000e+04    7.4838352967e-02
    6.1050000000e+04    7.4413321165e-02
    6.1125000000e+04    9.0847638384e-02
    6.1200000000e+04    8.8520436011e-02
    6.1275000000e+04    1.0830856418e-01
    6.1350000000e+04    1.4820336425e-01
    6.1425000000e+04    8.8374186810e-02
    6.1500000000e+04    7.6566877917e-02
    6.1575000000e+04    8.0038211339e-02
    6.1650000000e+04    1.1433020338e-01
    6.1725000000e+04    1.4685634596e-01
    6.1800000000e+04    1.4205895077e-01
    6.1875000000e+04    1.0515678647e-01
    6.1950000000e+04    1.3854976670e-01
    6.2025000000e+04    1.6735418471e-01
    6.2100000000e+04    1.0969993284e-01
    6.2175000000e+04    1.0654430686e-01
    6.2250000000e+04    8.1743356813e-02
    6.2325000000e+04    9.3752514820e-02
    6.2400000000e+04    9.3263428923e-02
    6.2475000000e+04    8.8266795612e-02
    6.2550000000e+04    7.4203656449e-02
    6.2625000000e+04    7.1090474289e-02
    6.2700000000e+04    1.1630715525e-01
    6.2775000000e+04    1.7455168033e-01
    6.2850000000e+04    1.3883495053e-01
    6.2925000000e+04    1.2294473212e-01
    6.3000000000e+04    1.3659917641e-01
    6.3075000000e+04    1.1232268911e-01
    6.3150000000e+04    1.0065677075e-01
    6.3225000000e+04    8.5504976673e-02
    6.3300000000e+04    7.1637227496e-02
    6.3375000000e+04    8.6437201392e-02
    6.3450000000e+04    7.7235440127e-02
    6.3525000000e+04    1.0749152317e-01
    6.3600000000e+04    1.3579087977e-01
    6.3675000000e+04    1.6157379383e-01
    6.3750000000e+04    1.5478978968e-01
    6.3825000000e+04    1.3500947947e-01
    6.3900000000e+04    1.8688627879e-01
    6.3975000000e+04    1.8167530287e-01
    6.4050000000e+04    1.2711185611e-01
    6.4125000000e+04    1.1335366559e-01
    6.4200000000e+04    9.4455415272e-02
    6.4275000000e+04    9.4348795637e-02
    6.4350000000e+04    8.7149306834e-02
    6.4425000000e+04    7.2464042299e-02
    6.4500000000e+04    6.6186234302e-02
    6.4575000000e+04    6.3761256604e-02
    6.4650000000e+04    1.2917368657e-01
    6.4725000000e+04    1.1882765554e-01
    6.4800000000e+04    1.2551932408e-01
    6.4875000000e+04    1.2944292747e-01
    6.4950000000e+04    9.2693429723e-02
    6.5025000000e+04    1.2135036567e-01
    6.5100000000e+04    1.1551529761e-01
    6.5175000000e+04    1.0141951836e-01
    6.5250000000e+04    1.0630599978e-01
    6.5325000000e+04    1.0368195556e-01
    6.5400000000e+04    1.0670829875e-01
    6.5475000000e+04    1.2006904986e-01
    6.5550000000e+04    1.4067741419e-01
    6.5625000000e+04    1.1102722611e-01
    6.5700000000e+04    9.4370675875e-02
    6.5775000000e+04    9.1994328303e-02
    6.5850000000e+04    1.1230469372e-01
    6.5925000000e+04    1.6562210353e-01
    6.6000000000e+04    1.0871087457e-01
    6.6075000000e+04    1.1330205203e-01
    6.6150000000e+04    1.0924738401e-01
    6.6225000000e+04    1.0550862345e-01
    6.6300000000e+04    9.3171279062e-02
    6.6375000000e+04    8.6288564304e-02
    6.6450000000e+04    7.8572834024e-02
    6.6525000000e+04    9.2384294775e-02
    6.6600000000e+04    9.4825017668e-02
    6.6675000000e+04    9.3087542341e-02
    6.6750000000e+04    9.1753306699e-02
    6.6825000000e+04    1.1434645175e-01
    6.6900000000e+04    9.7935326715e-02
    6.6975000000e+04    7.8628908005e-02
    6.7050000000e+04    7.3589881572e-02
    6.7125000000e+04    7.0371771802e-02
    6.7200000000e+04    8.1322328585e-02
    6.7275000000e+04    8.2658883083e-02
    6.7350000000e+04    8.9401415053e-02
    6.7425000000e+04    9.7719735482e-02
    6.7500000000e+04    1.2335699571e-01
    6.7575000000e+04    1.1501719909e-01
    6.7650000000e+04    1.0402043557e-01
    6.7725000000e+04    1.0352418799e-01
    6.7800000000e+04    7.2486406743e-02
    6.7875000000e+04    9.8480113511e-02
    6.7950000000e+04    7.3037618720e-02
    6.8025000000e+04    9.9993020697e-02
    6.8100000000e+04    1.1480493269e-01
    6.8175000000e+04    1.0406434812e-01
    6.8250000000e+04    1.2243615142e-01
    6.8325000000e+04    1.0890586286e-01
    6.8400000000e+04    9.0373198546e-02
    6.8475000000e+04    6.7380617740e-02
    6.8550000000e+04    6.9068046825e-02
    6.8625000000e+04    1.0180504169e-01
    6.8700000000e+04    1.1005809155e-01
    6.8775000000e+04    1.2471947239e-01
    6.8850000000e+04    1.3740534626e-01
    6.8925000000e+04    1.3647428220e-01
    6.9000000000e+04    1.0536303238e-01
    6.9075000000e+04    1.1477184131e-01
    6.9150000000e+04    1.2362639626e-01
    6.9225000000e+04    1.3121230172e-01
    6.9300000000e+04    1.2124648441e-01
    6.9375000000e+04    9.7685413889e-02
    6.9450000000e+04    9.9802060455e-02
    6.9525000000e+04    8.0505940516e-02
    6.9600000000e+04    7.5226979164e-02
    6.9675000000e+04    6.9293404922e-02
    6.9750000000e+04    5.8470650126e-02
    6.9825000000e+04    7.9795993551e-02
    6.9900000000e+04    8.7655398257e-02
    6.9975000000e+04    9.9766189199e-02
    7.0050000000e+04    8.0506318361e-02
    7.0125000000e+04    1.0958604055e-01
    7.0200000000e+04    9.1582464550e-02
    7.0275000000e+04    9.3884109515e-02
    7.0350000000e+04    8.4771775116e-02
    7.0425000000e+04    1.0943645247e-01
    7.0500000000e+04    1.1777476542e-01
    7.0575000000e+04    1.0470517777e-01
    7.0650000000e+04    8.4510516278e-02
    7.0725000000e+04    7.8532813051e-02
    7.0800000000e+04    1.2548359292e-01
    7.0875000000e+04    9.5400578297e-02
    7.0950000000e+04    8.6245482709e-02
    7.1025000000e+04    9.0125809200e-02
    7.1100000000e+04    1.0040505388e-01
    7.1175000000e+04    1.1055533888e-01
    7.1250000000e+04    1.2850891586e-01
    7.1325000000e+04    1.3109685386e-01
    7.1400000000e+04    1.2742483909e-01
    7.1475000000e+04    1.4579950648e-01
    7.1550000000e+04    1.4631209711e-01
    7.1625000000e+04    1.5915276900e-01
    7.1700000000e+04    1.4819268113e-01
    7.1775000000e+04    1.6629132598e-01
    7.1850000000e+04    1.4146872549e-01
    7.1925000000e+04    8.0011389803e-02
    7.2000000000e+04    7.2613053411e-02
    7.2075000000e+04    9.4969950933e-02
    7.2150000000e+04    9.7904661092e-02
    7.2225000000e+04    9.6486759566e-02
    7.2300000000e+04    9.9296876305e-02
    7.2375000000e+04    7.8851035817e-02
    7.2450000000e+04    9.3952651874e-02
    7.2525000000e+04    8.8403953616e-02
    7.2600000000e+04    1.1545346070e-01
    7.2675000000e+04    7.5417582572e-02
    7.2750000000e+04    9.6976298249e-02
    7.2825000000e+04    9.8073555365e-02
    7.2900000000e+04    1.1056586347e-01
    7.2975000000e+04    1.1989529789e-01
    7.3050000000e+04    1.1313499114e-01
    7.3125000000e+04    1.4217516681e-01
    7.3200000000e+04    1.2455445903e-01
    7.3275000000e+04    1.1029996555e-01
    7.3350000000e+04    9.7018972765e-02
    7.3425000000e+04    1.0871954207e-01
    7.3500000000e+04    1.0771146816e-01
    7.3575000000e+04    1.0634662461e-01
    7.3650000000e+04    1.1439298108e-01
    7.3725000000e+04    1.1301988443e-01
    7.3800000000e+04    9.6583177788e-02
    7.3875000000e+04    1.3273084443e-01
    7.3950000000e+04    1.1934938579e-01
    7.4025000000e+04    1.6984265433e-01
    7.4100000000e+04    1.2276985727e-01
    7.4175000000e+04    9.4155303175e-02
    7.4250000000e+04    9.9538491196e-02
    7.4325000000e+04    1.0563418537e-01
    7.4400000000e+04    1.0578616286e-01
    7.4475000000e+04    1.2111450670e-01
    7.4550000000e+04    1.0779951398e-01
    7.4625000000e+04    6.5221169093e-02
    7.4700000000e+04    1.3150551000e-01
    7.4775000000e+04    1.4523862656e-01
    7.4850000000e+04    1.0818744032e-01
    7.4925000000e+04    1.1821067660e-01
    7.5000000000e+04    1.3192684749e-01
    7.5075000000e+04    1.1482186113e-01
    7.5150000000e+04    9.6792485954e-02
    7.5225000000e+04    1.1300904973e-01
    7.5300000000e+04    1.1296049021e-01
    7.5375000000e+04    1.0933296201e-01
    7.5450000000e+04    1.1047061489e-01
    7.5525000000e+04    1.1444024257e-01
    7.5600000000e+04    1.1006177878e-01
    7.5675000000e+04    1.1520283602e-01
    7.5750000000e+04    1.3017406110e-01
    7.5825000000e+04    1.1585902190e-01
    7.5900000000e+04    1.1959875598e-01
    7.5975000000e+04    1.0946301466e-01
    7.6050000000e+04    9.4882823773e-02
    7.6125000000e+04    7.5215392457e-02
    7.6200000000e+04    8.0520417224e-02
    7.6275000000e+04    7.1114651672e-02
    7.6350000000e+04    7.5893253094e-02
    7.6425000000e+04    9.8684603288e-02
    7.6500000000e+04    1.1167738459e-01
    7.6575000000e+04    1.1420662605e-01
    7.6650000000e+04    1.0671834562e-01
    7.6725000000e+04    1.1778440478e-01
    7.6800000000e+04    8.7187070552e-02
    7.6875000000e+04    7.4603880335e-02
    7.6950000000e+04    1.0741539926e-01
    7.7025000000e+04    9.7739686109e-02
    7.7100000000e+04    1.1162412300e-01
    7.7175000000e+04    1.0629772415e-01
    7.7250000000e+04    1.0053632154e-01
    7.7325000000e+04    7.8359413346e-02
    7.7400000000e+04    1.3721306853e-01
    7.7475000000e+04    9.4199017671e-02
    7.7550000000e+04    1.2411983382e-01
    7.7625000000e+04    1.1436999191e-01
    7.7700000000e+04    1.1528065743e-01
    7.7775000000e+04    1.0389759725e-01
    7.7850000000e+04    7.8323904703e-02
    7.7925000000e+04    1.5552944470e-01
    7.8000000000e+04    7.2252490409e-02
    7.8075000000e+04    1.0470898300e-01
    7.8150000000e+04    1.0634078358e-01
    7.8225000000e+04    8.2461472904e-02
    7.8300000000e+04    8.6272057586e-02
    7.8375000000e+04    1.3335738492e-01
    7.8450000000e+04    1.0308679508e-01
    7.8525000000e+04    1.2027071310e-01
    7.8600000000e+04    1.2016701368e-01
    7.8675000000e+04    7.6052203985e-02
    7.8750000000e+04    6.5329885370e-02
    7.8825000000e+04    7.3042298533e-02
    7.8900000000e+04    8.9026931302e-02
    7.8975000000e+04    8.9907155810e-02
    7.9050000000e+04    1.0421831077e-01
    7.9125000000e+04    1.3584375838e-01
    7.9200000000e+04    1.2094740859e-01
    7.9275000000e+04    1.1020544168e-01
    7.9350000000e+04    1.0295416346e-01
    7.9425000000e+04    1.3604661126e-01
    7.9500000000e+04    1.0900182054e-01
    7.9575000000e+04    1.1624971966e-01
    7.9650000000e+04    1.2005879915e-01
    7.9725000000e+04    1.7053047061e-01
    7.9800000000e+04    1.2386777490e-01
    7.9875000000e+04    8.9942405533e-02
    7.9950000000e+04    1.2025055110e-01
    8.0025000000e+04    1.0865915156e-01
    8.0100000000e+04    1.1479714820e-01
    8.0175000000e+04    1.0790559668e-01
    8.0250000000e+04    1.0246113640e-01
    8.0325000000e+04    9.1015265436e-02
    8.0400000000e+04    1.2218447161e-01
    8.0475000000e+04    1.0336781826e-01
    8.0550000000e+04    9.5086417238e-02
    8.0625000000e+04    9.6438768492e-02
    8.0700000000e+04    9.5647026192e-02
    8.0775000000e+04    1.8516286020e-01
    8.0850000000e+04    9.5064242438e-02
    8.0925000000e+04    1.1313753193e-01
    8.1000000000e+04    1.0799813010e-01
    8.1075000000e+04    9.2469482414e-02
    8.1150000000e+04    8.2979950809e-02
    8.1225000000e+04    8.1429224190e-02
    8.1300000000e+04    1.0271928538e-01
    8.1375000000e+04    1.1811766399e-01
    8.1450000000e+04    1.0412498886e-01
    8.1525000000e+04    1.2701428729e-01
    8.1600000000e+04    1.5109190777e-01
    8.1675000000e+04    1.2414054304e-01
    8.1750000000e+04    1.2773610351e-01
    8.1825000000e+04    1.2255409625e-01
    8.1900000000e+04    1.1178379038e-01
    8.1975000000e+04    9.2634753006e-02
    8.2050000000e+04    9.2518077389e-02
    8.2125000000e+04    9.3974573765e-02
    8.2200000000e+04    1.0020070802e-01
    8.2275000000e+04    9.3630812909e-02
    8.2350000000e+04    9.3206664222e-02
    8.2425000000e+04    8.8239708457e-02
    8.2500000000e+04    1.2933773610e-01
    8.2575000000e+04    1.0906891751e-01
    8.2650000000e+04    1.7008391481e-01
    8.2725000000e+04    1.0640388410e-01
    8.2800000000e+04    1.1075155420e-01
    8.2875000000e+04    1.0388326627e-01
    8.2950000000e+04    1.2882116710e-01
    8.3025000000e+04    1.5889760452e-01
    8.3100000000e+04    1.3938361961e-01
    8.3175000000e+04    9.8984715942e-02
    8.3250000000e+04    1.0846437290e-01
    8.3325000000e+04    1.0117694572e-01
    8.3400000000e+04    1.1946184541e-01
    8.3475000000e+04    1.2291165629e-01
    8.3550000000e+04    1.2599821596e-01
    8.3625000000e+04    1.2616402265e-01
    8.3700000000e+04    1.3296898232e-01
    8.3775000000e+04    1.0543168874e-01
    8.3850000000e+04    1.0134370335e-01
    8.3925000000e+04    1.0362397194e-01
    8.4000000000e+04    1.4001372517e-01
    8.4075000000e+04    1.4887426193e-01
    8.4150000000e+04    1.5351298743e-01
    8.4225000000e+04    1.3718980340e-01
    8.4300000000e+04    1.1824625904e-01
    8.4375000000e+04    1.0971011762e-01
    8.4450000000e+04    9.0084462323e-02
    8.4525000000e+04    1.2119731175e-01
    8.4600000000e+04    8.2576345047e-02
    8.4675000000e+04    1.4822686798e-01
    8.4750000000e+04    1.7151098805e-01
    8.4825000000e+04    1.4724392704e-01
    8.4900000000e+04    1.0251580218e-01
    8.4975000000e+04    1.0164072930e-01
    8.5050000000e+04    9.3914590157e-02
    8.5125000000e+04    8.4348160487e-02
    8.5200000000e+04    8.0108402665e-02
    8.5275000000e+04    6.8107622959e-02
    8.5350000000e+04    8.6609016346e-02
    8.5425000000e+04    9.1655975076e-02
    8.5500000000e+04    9.7230641060e-02
    8.5575000000e+04    9.0293185719e-02
    8.5650000000e+04    4.9276182130e-02
    8.5725000000e+04    7.4487202691e-02
    8.5800000000e+04    1.0170628608e-01
    8.5875000000e+04    9.8308236170e-02
    8.5950000000e+04    6.2903071930e-02
    8.6025000000e+04    8.5386133547e-02
    8.6100000000e+04    1.1288044926e-01
    8.6175000000e+04    9.4923870233e-02
    8.6250000000e+04    8.9376258094e-02
    8.6325000000e+04    1.1522045082e-01
    8.6400000000e+04    9.7408761524e-02
    8.6475000000e+04    1.1687425993e-01
    8.6550000000e+04    6.5535380711e-02
    8.6625000000e+04    6.6271957979e-02
    8.6700000000e+04    8.3419120073e-02
    8.6775000000e+04    1.3702941323e-01
    8.6850000000e+04    1.0564065807e-01
    8.6925000000e+04    1.5594728313e-01
    8.7000000000e+04    1.4171120952e-01
    8.7075000000e+04    1.7911863506e-01
    8.7150000000e+04    1.9242434488e-01
    8.7225000000e+04    1.6262328016e-01
    8.7300000000e+04    1.1792470364e-01
    8.7375000000e+04    9.6961631450e-02
    8.7450000000e+04    1.1931924790e-01
    8.7525000000e+04    9.7629718333e-02
    8.7600000000e+04    1.0697216367e-01
    8.7675000000e+04    8.5819945233e-02
    8.7750000000e+04    7.4205199108e-02
    8.7825000000e+04    1.0371307744e-01
    8.7900000000e+04    9.1646045214e-02
    8.7975000000e+04    9.8336214222e-02
    8.8050000000e+04    1.2233107379e-01
    8.8125000000e+04    1.8021279118e-01
    8.8200000000e+04    1.4509164969e-01
    8.8275000000e+04    1.3268505049e-01
    8.8350000000e+04    1.6576988668e-01
    8.8425000000e+04    1.1254681237e-01
    8.8500000000e+04    7.4987569528e-02
    8.8575000000e+04    7.6970868648e-02
    8.8650000000e+04    8.4692600035e-02
    8.8725000000e+04    9.8516784582e-02
    8.8800000000e+04    1.9176590369e-01
    8.8875000000e+04    2.3968826681e-01
    8.8950000000e+04    2.9158169020e-01
    8.9025000000e+04    2.2463342535e-01
    8.9100000000e+04    1.9648366505e-01
    8.9175000000e+04    2.3873347989e-01
    8.9250000000e+04    1.6071335753e-01
    8.9325000000e+04    1.5226933236e-01
    8.9400000000e+04    1.1173658603e-01
    8.9475000000e+04    9.2199912152e-02
    8.9550000000e+04    8.4290626693e-02
    8.9625000000e+04    1.0632301305e-01
    8.9700000000e+04    1.2769428970e-01
    8.9775000000e+04    1.0974939690e-01
    8.9850000000e+04    1.1738418459e-01
    8.9925000000e+04    1.4178193781e-01
    9.0000000000e+04    1.1089452181e-01
    9.0075000000e+04    1.0429675973e-01
    9.0150000000e+04    1.1346720126e-01
    9.0225000000e+04    9.0182590058e-02
    9.0300000000e+04    8.8290409317e-02
    9.0375000000e+04    9.1272130976e-02
    9.0450000000e+04    9.9440594124e-02
    9.0525000000e+04    8.0802117138e-02
    9.0600000000e+04    1.0898807907e-01
    9.0675000000e+04    1.0544828890e-01
    9.0750000000e+04    1.0685332070e-01
    9.0825000000e+04    9.4676301525e-02
    9.0900000000e+04    1.0526672665e-01
    9.0975000000e+04    8.8125205690e-02
    9.1050000000e+04    7.1150938244e-02
    9.1125000000e+04    8.0691844927e-02
    9.1200000000e+04    1.0446370570e-01
    9.1275000000e+04    1.2297307352e-01
    9.1350000000e+04    1.3682545898e-01
    9.1425000000e+04    1.2754928733e-01
    9.1500000000e+04    1.3048789040e-01
    9.1575000000e+04    9.5978741160e-02
    9.1650000000e+04    1.1411786964e-01
    9.1725000000e+04    1.1100399991e-01
    9.1800000000e+04    8.3181327171e-02
    9.1875000000e+04    1.1262926935e-01
    9.1950000000e+04    1.1615718415e-01
    9.2025000000e+04    1.2000155896e-01
    9.2100000000e+04    1.4033951416e-01
    9.2175000000e+04    9.5764639334e-02
    9.2250000000e+04    1.2843192503e-01
    9.2325000000e+04    1.0772559271e-01
    9.2400000000e+04    1.1759117040e-01
    9.2475000000e+04    1.1881076485e-01
    9.2550000000e+04    1.4241767427e-01
    9.2625000000e+04    1.0679126851e-01
    9.2700000000e+04    9.9219577409e-02
    9.2775000000e+04    1.2919819901e-01
    9.2850000000e+04    1.1323465067e-01
    9.2925000000e+04    1.0042677634e-01
    9.3000000000e+04    1.1816896437e-01
    9.3075000000e+04    1.3445791243e-01
    9.3150000000e+04    1.2648949684e-01
    9.3225000000e+04    1.5664322073e-01
    9.3300000000e+04    1.2335235823e-01
    9.3375000000e+04    1.1533801487e-01
    9.3450000000e+04    1.1768473834e-01
    9.3525000000e+04    1.1563592324e-01
    9.3600000000e+04    1.4249970975e-01
    9.3675000000e+04    1.2182114983e-01
    9.3750000000e+04    1.1485470492e-01
    9.3825000000e+04    1.3023726398e-01
    9.3900000000e+04    1.3132093032e-01
    9.3975000000e+04    1.4123273764e-01
    9.4050000000e+04    1.1170843857e-01
    9.4125000000e+04    1.2360587733e-01
    9.4200000000e+04    1.3856082734e-01
    9.4275000000e+04    1.3834603801e-01
    9.4350000000e+04    9.1237470297e-02
    9.4425000000e+04    1.0038800845e-01
    9.4500000000e+04    8.9847237178e-02
    9.4575000000e+04    1.1711162786e-01
    9.4650000000e+04    1.0629341696e-01
    9.4725000000e+04    1.0942021503e-01
    9.4800000000e+04    1.3917625293e-01
    9.4875000000e+04    1.0168242563e-01
    9.4950000000e+04    1.1322980835e-01
    9.5025000000e+04    1.4851688974e-01
    9.5100000000e+04    1.7940887334e-01
    9.5175000000e+04    1.0011721696e-01
    9.5250000000e+04    9.4165724015e-02
    9.5325000000e+04    9.4169104951e-02
    9.5400000000e+04    1.3228391090e-01
    9.5475000000e+04    1.0668526495e-01
    9.5550000000e+04    1.1184597783e-01
    9.5625000000e+04    1.0058707091e-01
    9.5700000000e+04    1.2820162444e-01
    9.5775000000e+04    8.6300559214e-02
    9.5850000000e+04    8.1209180958e-02
    9.5925000000e+04    1.4893157290e-01
    9.6000000000e+04    1.6334969786e-01
    9.6075000000e+04    7.5605863067e-02
    9.6150000000e+04    8.4608885791e-02
    9.6225000000e+04    9.0846796458e-02
    9.6300000000e+04    9.6085927924e-02
    9.6375000000e+04    1.0042834680e-01
    9.6450000000e+04    1.0082615992e-01
    9.6525000000e+04    1.7839252756e-01
    9.6600000000e+04    1.7777269191e-01
    9.6675000000e+04    9.2634782606e-02
    9.6750000000e+04    8.6248394790e-02
    9.6825000000e+04    8.2032792910e-02
    9.6900000000e+04    9.6694960202e-02
    9.6975000000e+04    9.5289367885e-02
    9.7050000000e+04    1.0866595430e-01
    9.7125000000e+04    1.2702979194e-01
    9.7200000000e+04    1.0756030053e-01
    9.7275000000e+04    1.4189652995e-01
    9.7350000000e+04    1.3440211405e-01
    9.7425000000e+04    1.1742994783e-01
    9.7500000000e+04    1.0885243534e-01
    9.7575000000e+04    9.6505415838e-02
    9.7650000000e+04    8.1344464991e-02
    9.7725000000e+04    1.0579391693e-01
    9.7800000000e+04    9.3860084925e-02
    9.7875000000e+04    1.2419963207e-01
    9.7950000000e+04    1.0311555469e-01
    9.8025000000e+04    1.5024095041e-01
    9.8100000000e+04    1.4441157589e-01
    9.8175000000e+04    1.0837662044e-01
    9.8250000000e+04    1.0176423963e-01
    9.8325000000e+04    1.2786918807e-01
    9.8400000000e+04    1.0590198635e-01
    9.8475000000e+04    1.0588249055e-01
    9.8550000000e+04    1.1066117389e-01
    9.8625000000e+04    8.1221124651e-02
    9.8700000000e+04    1.3729846229e-01
    9.8775000000e+04    1.7384304736e-01
    9.8850000000e+04    1.0043217511e-01
    9.8925000000e+04    9.8125403859e-02
    9.9000000000e+04    1.2415020969e-01
    9.9075000000e+04    1.2551576117e-01
    9.9150000000e+04    1.0981196986e-01
    9.9225000000e+04    9.0422479344e-02
    9.9300000000e+04    1.1298209947e-01
    9.9375000000e+04    1.1408405322e-01
    9.9450000000e+04    1.0357662302e-01
    9.9525000000e+04    1.5124883087e-01
    9.9600000000e+04    1.3196119856e-01
    9.9675000000e+04    9.4048316532e-02
    9.9750000000e+04    1.2177250767e-01
    9.9825000000e+04    9.6524693771e-02
    9.9900000000e+04    1.1067149372e-01
    9.9975000000e+04    1.1193019944e-01
    1.0005000000e+05    1.1160324751e-01
    1.0012500000e+05    1.1807158801e-01
    1.0020000000e+05    1.0607596647e-01
    1.0027500000e+05    1.6375772778e-01
    1.0035000000e+05    1.1972545829e-01
    1.0042500000e+05    1.1038665312e-01
    1.0050000000e+05    1.0127446801e-01
    1.0057500000e+05    1.2333398080e-01
    1.0065000000e+05    1.1218176292e-01
    1.0072500000e+05    1.3836043860e-01
    1.0080000000e+05    9.6399869943e-02
    1.0087500000e+05    7.1671089718e-02
    1.0095000000e+05    7.7459144089e-02
    1.0102500000e+05    1.1581945730e-01
    1.0110000000e+05    1.0951540464e-01
    1.0117500000e+05    9.0240821088e-02
    1.0125000000e+05    1.1970537595e-01
    1.0132500000e+05    7.8095997259e-02
    1.0140000000e+05    8.7323681281e-02
    1.0147500000e+05    1.0652279777e-01
    1.0155000000e+05    1.2242517922e-01
    1.0162500000e+05    1.3696171109e-01
    1.0170000000e+05    1.1385720472e-01
    1.0177500000e+05    1.0301290972e-01
    1.0185000000e+05    1.0961990465e-01
    1.0192500000e+05    1.1025339954e-01
    1.0200000000e+05    1.2723864948e-01
    1.0207500000e+05    1.1062346346e-01
    1.0215000000e+05    1.2695783640e-01
    1.0222500000e+05    1.1327088617e-01
    1.0230000000e+05    1.6998543964e-01
    1.0237500000e+05    1.5506809350e-01
    1.0245000000e+05    1.2894722240e-01
    1.0252500000e+05    9.7451836596e-02
    1.0260000000e+05    1.1545653591e-01
    1.0267500000e+05    1.4819824062e-01
    1.0275000000e+05    1.1612392182e-01
    1.0282500000e+05    1.4764491064e-01
    1.0290000000e+05    9.1539238236e-02
    1.0297500000e+05    1.4041610446e-01
    1.0305000000e+05    1.2765860511e-01
    1.0312500000e+05    1.1599272604e-01
    1.0320000000e+05    1.8523424071e-01
    1.0327500000e+05    1.3088776116e-01
    1.0335000000e+05    8.7192191196e-02
    1.0342500000e+05    1.2543963030e-01
    1.0350000000e+05    1.4542303715e-01
    1.0357500000e+05    1.4617796097e-01
    1.0365000000e+05    1.3100486259e-01
    1.0372500000e+05    9.5159008226e-02
    1.0380000000e+05    8.5070958815e-02
    1.0387500000e+05    9.3004413794e-02
    1.0395000000e+05    7.3926550716e-02
    1.0402500000e+05    7.9313399301e-02
    1.0410000000e+05    7.1874272059e-02
    1.0417500000e+05    8.2935647846e-02
    1.0425000000e+05    7.0211628999e-02
    1.0432500000e+05    1.2375660190e-01
    1.0440000000e+05    1.4088098891e-01
    1.0447500000e+05    2.0134372813e-01
    1.0455000000e+05    1.4526125010e-01
    1.0462500000e+05    9.8547181799e-02
    1.0470000000e+05    1.0526367396e-01
    1.0477500000e+05    1.4020583920e-01
    1.0485000000e+05    1.3637559928e-01
    1.0492500000e+05    7.2671240344e-02
    1.0500000000e+05    6.3722005256e-02
    1.0507500000e+05    6.1635624101e-02
    1.0515000000e+05    8.7145689616e-02
    1.0522500000e+05    1.0977281174e-01
    1.0530000000e+05    1.0838740100e-01
    1.0537500000e+05    1.1032357268e-01
    1.0545000000e+05    1.1561657571e-01
    1.0552500000e+05    1.0370244630e-01
    1.0560000000e+05    1.0322973219e-01
    1.0567500000e+05    1.1817659415e-01
    1.0575000000e+05    1.2736974834e-01
    1.0582500000e+05    1.3004857457e-01
    1.0590000000e+05    1.1386011234e-01
    1.0597500000e+05    1.3457270947e-01
    1.0605000000e+05    1.5079549871e-01
    1.0612500000e+05    1.4714264262e-01
    1.0620000000e+05    1.3787478068e-01
    1.0627500000e+05    1.0697566596e-01
    1.0635000000e+05    1.1126860133e-01
    1.0642500000e+05    1.1657298781e-01
    1.0650000000e+05    1.4664108361e-01
    1.0657500000e+05    9.5715439921e-02
    1.0665000000e+05    9.2231724366e-02
    1.0672500000e+05    9.9431692472e-02
    1.0680000000e+05    9.0860296922e-02
    1.0687500000e+05    9.8070882768e-02
    1.0695000000e+05    1.0450338479e-01
    1.0702500000e+05    1.6427679127e-01
    1.0710000000e+05    1.1458182732e-01
    1.0717500000e+05    8.5341893444e-02
    1.0725000000e+05    1.1437491815e-01
    1.0732500000e+05    1.9158051620e-01
    1.0740000000e+05    9.5889938357e-02
    1.0747500000e+05    1.2500154696e-01
    1.0755000000e+05    1.0813253383e-01
    1.0762500000e+05    1.3003739235e-01
    1.0770000000e+05    1.2298927766e-01
    1.0777500000e+05    1.4114477820e-01
    1.0785000000e+05    1.3816228988e-01
    1.0792500000e+05    1.4091122836e-01
    1.0800000000e+05    1.3642005692e-01
    1.0807500000e+05    1.2195208687e-01
    1.0815000000e+05    1.0029809308e-01
    1.0822500000e+05    8.3573868981e-02
    1.0830000000e+05    1.1962817344e-01
    1.0837500000e+05    9.7139568111e-02
    1.0845000000e+05    1.4432542004e-01
    1.0852500000e+05    1.0476077357e-01
    1.0860000000e+05    1.3250938863e-01
    1.0867500000e+05    1.0315326118e-01
    1.0875000000e+05    9.9027728111e-02
    1.0882500000e+05    1.1306430848e-01
    1.0890000000e+05    1.2106391168e-01
    1.0897500000e+05    1.1878777364e-01
    1.0905000000e+05    1.2177422424e-01
    1.0912500000e+05    1.4669702428e-01
    1.0920000000e+05    1.1139160853e-01
    1.0927500000e+05    1.1137495809e-01
    1.0935000000e+05    1.0021385861e-01
    1.0942500000e+05    1.0704600241e-01
    1.0950000000e+05    1.1106785408e-01
    1.0957500000e+05    8.7385264306e-02
    1.0965000000e+05    9.7664264282e-02
    1.0972500000e+05    1.0482654689e-01
    1.0980000000e+05    1.1880510059e-01
    1.0987500000e+05    1.1255847232e-01
    1.0995000000e+05    9.1148784468e-02
    1.1002500000e+05    9.3005760756e-02
    1.1010000000e+05    1.0304026996e-01
    1.1017500000e+05    1.0973798087e-01
    1.1025000000e+05    1.6762642678e-01
    1.1032500000e+05    1.1721241452e-01
    1.1040000000e+05    1.0138941976e-01
    1.1047500000e+05    8.2357567699e-02
    1.1055000000e+05    8.5355970719e-02
    1.1062500000e+05    9.4698559234e-02
    1.1070000000e+05    1.0866007045e-01
    1.1077500000e+05    8.6919241981e-02
    1.1085000000e+05    9.3039912713e-02
    1.1092500000e+05    8.5346698616e-02
    1.1100000000e+05    7.9971339521e-02
    1.1107500000e+05    1.0122422080e-01
    1.1115000000e+05    1.0593078849e-01
    1.1122500000e+05    1.5795767800e-01
    1.1130000000e+05    1.0032151643e-01
    1.1137500000e+05    9.6961071765e-02
    1.1145000000e+05    1.1702720989e-01
    1.1152500000e+05    9.4685285203e-02
    1.1160000000e+05    8.7546237030e-02
    1.1167500000e+05    1.0432832366e-01
    1.1175000000e+05    1.1640939337e-01
    1.1182500000e+05    1.0318012446e-01
    1.1190000000e+05    8.1886226503e-02
    1.1197500000e+05    8.9867140294e-02
    1.1205000000e+05    8.3287147961e-02
    1.1212500000e+05    1.5234169112e-01
    1.1220000000e+05    1.2494492759e-01
    1.1227500000e+05    1.4895719188e-01
    1.1235000000e+05    1.2904432622e-01
    1.1242500000e+05    1.1796480881e-01
    1.1250000000e+05    1.0331944344e-01
    1.1257500000e+05    9.9261209497e-02
    1.1265000000e+05    9.9505477407e-02
    1.1272500000e+05    1.0122270206e-01
    1.1280000000e+05    1.6385314667e-01
    1.1287500000e+05    1.4460812462e-01
    1.1295000000e+05    1.2041374728e-01
    1.1302500000e+05    1.1728887713e-01
    1.1310000000e+05    1.2486926613e-01
    1.1317500000e+05    1.0924599433e-01
    1.1325000000e+05    8.6194628240e-02
    1.1332500000e+05    7.6227254632e-02
    1.1340000000e+05    8.5726740080e-02
    1.1347500000e+05    8.7293853554e-02
    1.1355000000e+05    1.0284963253e-01
    1.1362500000e+05    8.3303130379e-02
    1.1370000000e+05    8.9745778782e-02
    1.1377500000e+05    8.1903554206e-02
    1.1385000000e+05    6.5940246105e-02
    1.1392500000e+05    8.0578428270e-02
    1.1400000000e+05    1.0000000338e-01
    1.1407500000e+05    1.0576477414e-01
    1.1415000000e+05    8.8355577352e-02
    1.1422500000e+05    7.7172925759e-02
    1.1430000000e+05    1.1900525850e-01
    1.1437500000e+05    1.1349455682e-01
    1.1445000000e+05    8.7401932036e-02
    1.1452500000e+05    1.0616587882e-01
    1.1460000000e+05    1.2319088195e-01
    1.1467500000e+05    1.0933058514e-01
    1.1475000000e+05    9.2257392561e-02
    1.1482500000e+05    8.5710362476e-02
    1.1490000000e+05    9.8656051112e-02
    1.1497500000e+05    8.5259589311e-02
    1.1505000000e+05    1.0343553933e-01
    1.1512500000e+05    1.0222490284e-01
    1.1520000000e+05    1.1962792158e-01
    1.1527500000e+05    1.6684585321e-01
    1.1535000000e+05    1.7458265969e-01
    1.1542500000e+05    1.3125626227e-01
    1.1550000000e+05    1.0280955245e-01
    1.1557500000e+05    9.4677981455e-02
    1.1565000000e+05    8.3583163518e-02
    1.1572500000e+05    9.3086213864e-02
    1.1580000000e+05    1.3452268241e-01
    1.1587500000e+05    1.3150028982e-01
    1.1595000000e+05    1.5339114158e-01
    1.1602500000e+05    1.4712411885e-01
    1.1610000000e+05    1.1490004444e-01
    1.1617500000e+05    1.0196516025e-01
    1.1625000000e+05    1.2164972656e-01
    1.1632500000e+05    1.0202389271e-01
    1.1640000000e+05    9.1526742704e-02
    1.1647500000e+05    7.5266482573e-02
    1.1655000000e+05    7.8820897398e-02
    1.1662500000e+05    9.2259479436e-02
    1.1670000000e+05    7.7954777640e-02
    1.1677500000e+05    9.1910151971e-02
    1.1685000000e+05    9.6535757456e-02
    1.1692500000e+05    9.8329369516e-02
    1.1700000000e+05    1.3317032556e-01
    1.1707500000e+05    1.0201890548e-01
    1.1715000000e+05    1.0197528218e-01
    1.1722500000e+05    1.2821588635e-01
    1.1730000000e+05    1.6104958144e-01
    1.1737500000e+05    9.2919999650e-02
    1.1745000000e+05    1.4728276456e-01
    1.1752500000e+05    1.0580740957e-01
    1.1760000000e+05    7.4050781392e-02
    1.1767500000e+05    8.7088420726e-02
    1.1775000000e+05    9.6278252448e-02
    1.1782500000e+05    9.5234726639e-02
    1.1790000000e+05    1.1378231793e-01
    1.1797500000e+05    1.5912142428e-01
    1.1805000000e+05    1.9027167294e-01
    1.1812500000e+05    2.2712709120e-01
    1.1820000000e+05    2.7266587129e-01
    1.1827500000e+05    2.5358726982e-01
    1.1835000000e+05    2.5194896399e-01
    1.1842500000e+05    2.6564896471e-01
    1.1850000000e+05    2.2953747961e-01
    1.1857500000e+05    1.8256798863e-01
    1.1865000000e+05    1.5541683874e-01
    1.1872500000e+05    1.1615907648e-01
    1.1880000000e+05    8.7250740676e-02
    1.1887500000e+05    6.4602339627e-02
    1.1895000000e+05    1.1820862381e-01
    1.1902500000e+05    1.1465271525e-01
    1.1910000000e+05    2.0149590761e-01
    1.1917500000e+05    1.6937095351e-01
    1.1925000000e+05    1.2614533759e-01
    1.1932500000e+05    1.0504077524e-01
    1.1940000000e+05    7.3967052430e-02
    1.1947500000e+05    6.4656427516e-02
    1.1955000000e+05    6.8403828934e-02
    1.1962500000e+05    9.3806240640e-02
    1.1970000000e+05    1.0419535465e-01
    1.1977500000e+05    1.7339149328e-01
    1.1985000000e+05    1.2526205758e-01
    1.1992500000e+05    1.2019097244e-01
    1.2000000000e+05    9.3542398262e-02
    1.2007500000e+05    9.5099544349e-02
    1.2015000000e+05    9.8854506263e-02
    1.2022500000e+05    7.6252732572e-02
    1.2030000000e+05    7.9475453036e-02
    1.2037500000e+05    1.3123776814e-01
    1.2045000000e+05    1.5080483613e-01
    1.2052500000e+05    1.4661511697e-01
    1.2060000000e+05    1.1857893305e-01
    1.2067500000e+05    1.4923880950e-01
    1.2075000000e+05    1.2665721478e-01
    1.2082500000e+05    8.1285700529e-02
    1.2090000000e+05    8.2341355042e-02
    1.2097500000e+05    9.6841253790e-02
    1.2105000000e+05    1.1148624810e-01
    1.2112500000e+05    1.9671351100e-01
    1.2120000000e+05    2.7054886268e-01
    1.2127500000e+05    2.8877332882e-01
    1.2135000000e+05    1.8028879284e-01
    1.2142500000e+05    1.5237359332e-01
    1.2150000000e+05    1.7873881849e-01
    1.2157500000e+05    1.7277809599e-01
    1.2165000000e+05    1.6240171041e-01
    1.2172500000e+05    1.9575959069e-01
    1.2180000000e+05    1.8787998576e-01
    1.2187500000e+05    1.7709852124e-01
    1.2195000000e+05    1.7108016941e-01
    1.2202500000e+05    1.7578442903e-01
    1.2210000000e+05    1.4522412074e-01
    1.2217500000e+05    2.0465103603e-01
    1.2225000000e+05    2.4822127556e-01
    1.2232500000e+05    1.5534124566e-01
    1.2240000000e+05    8.6732034305e-02
    1.2247500000e+05    1.0635843402e-01
    1.2255000000e+05    1.1691472205e-01
    1.2262500000e+05    1.2241992550e-01
    1.2270000000e+05    1.2730465568e-01
    1.2277500000e+05    1.3536288645e-01
    1.2285000000e+05    1.4397143937e-01
    1.2292500000e+05    1.6155376223e-01
    1.2300000000e+05    1.2720087482e-01
    1.2307500000e+05    9.3942692886e-02
    1.2315000000e+05    9.3575851408e-02
    1.2322500000e+05    1.0298778774e-01
    1.2330000000e+05    1.0253731056e-01
    1.2337500000e+05    1.0927776640e-01
    1.2345000000e+05    1.1815876791e-01
    1.2352500000e+05    1.3196811471e-01
    1.2360000000e+05    1.8874925297e-01
    1.2367500000e+05    1.2157318025e-01
    1.2375000000e+05    1.2977592288e-01
    1.2382500000e+05    1.1776223817e-01
    1.2390000000e+05    1.1976038749e-01
    1.2397500000e+05    1.1442938122e-01
    1.2405000000e+05    8.0684767472e-02
    1.2412500000e+05    6.6961810921e-02
    1.2420000000e+05    7.8842510555e-02
    1.2427500000e+05    9.4291644342e-02
    1.2435000000e+05    6.7176380775e-02
    1.2442500000e+05    9.4704991845e-02
    1.2450000000e+05    8.9387123826e-02
    1.2457500000e+05    7.4456499373e-02
    1.2465000000e+05    7.5992923481e-02
    1.2472500000e+05    7.5727263733e-02
    1.2480000000e+05    1.2471737984e-01
    1.2487500000e+05    1.1607818536e-01
    1.2495000000e+05    1.2121168330e-01
    1.2502500000e+05    1.7576707981e-01
    1.2510000000e+05    1.8104564861e-01
    1.2517500000e+05    1.7836974777e-01
    1.2525000000e+05    1.1377998662e-01
    1.2532500000e+05    9.0058190840e-02
    1.2540000000e+05    1.0668413422e-01
    1.2547500000e+05    1.0173344465e-01
    1.2555000000e+05    1.2385252557e-01
    1.2562500000e+05    1.4013043640e-01
    1.2570000000e+05    1.9547309654e-01
    1.2577500000e+05    1.2240770788e-01
    1.2585000000e+05    1.1967714699e-01
    1.2592500000e+05    1.2016125821e-01
    1.2600000000e+05    1.0268833095e-01
    1.2607500000e+05    9.8934492811e-02
    1.2615000000e+05    8.8138030183e-02
    1.2622500000e+05    1.0224905024e-01
    1.2630000000e+05    1.2592019317e-01
    1.2637500000e+05    1.3126355297e-01
    1.2645000000e+05    1.1793474685e-01
    1.2652500000e+05    1.2563739090e-01
    1.2660000000e+05    1.5487943319e-01
    1.2667500000e+05    1.6958114403e-01
    1.2675000000e+05    8.9544209220e-02
    1.2682500000e+05    1.4647355619e-01
    1.2690000000e+05    1.3828899853e-01
    1.2697500000e+05    6.8646105158e-02
    1.2705000000e+05    8.2661110929e-02
    1.2712500000e+05    9.3172250767e-02
    1.2720000000e+05    9.3794077198e-02
    1.2727500000e+05    7.7312568777e-02
    1.2735000000e+05    8.9887019102e-02
    1.2742500000e+05    7.5741424681e-02
    1.2750000000e+05    7.8188180699e-02
    1.2757500000e+05    1.0274996739e-01
    1.2765000000e+05    1.1582923659e-01
    1.2772500000e+05    1.5484231494e-01
    1.2780000000e+05    1.3972048044e-01
    1.2787500000e+05    1.0965099741e-01
    1.2795000000e+05    1.2390641190e-01
    1.2802500000e+05    1.3698700866e-01
    1.2810000000e+05    8.8385125169e-02
    1.2817500000e+05    1.1015703259e-01
    1.2825000000e+05    9.0309270110e-02
    1.2832500000e+05    1.3247828081e-01
    1.2840000000e+05    8.7270467159e-02
    1.2847500000e+05    9.7638011458e-02
    1.2855000000e+05    9.1566563550e-02
    1.2862500000e+05    7.0919114278e-02
    1.2870000000e+05    8.5072211472e-02
    1.2877500000e+05    9.6100741647e-02
    1.2885000000e+05    1.3106707905e-01
    1.2892500000e+05    1.0278682969e-01
    1.2900000000e+05    8.9813972699e-02
    1.2907500000e+05    1.5140206216e-01
    1.2915000000e+05    1.6495064223e-01
    1.2922500000e+05    1.3170863254e-01
    1.2930000000e+05    8.4544539864e-02
    1.2937500000e+05    1.4319449504e-01
    1.2945000000e+05    1.0518431489e-01
    1.2952500000e+05    1.0065772520e-01
    1.2960000000e+05    8.8338382754e-02
    1.2967500000e+05    9.1216501109e-02
    1.2975000000e+05    1.0654815528e-01
    1.2982500000e+05    1.0391125850e-01
    1.2990000000e+05    1.3832156660e-01
    1.2997500000e+05    1.2449084915e-01
    1.3005000000e+05    8.6367600048e-02
    1.3012500000e+05    1.1775652985e-01
    1.3020000000e+05    9.7246134624e-02
    1.3027500000e+05    1.3938417987e-01
    1.3035000000e+05    1.1039170205e-01
    1.3042500000e+05    8.9403825617e-02
    1.3050000000e+05    7.6355432361e-02
    1.3057500000e+05    7.2884040450e-02
    1.3065000000e+05    8.2868247220e-02
    1.3072500000e+05    7.3351669437e-02
    1.3080000000e+05    7.4774127069e-02
    1.3087500000e+05    7.4057375421e-02
    1.3095000000e+05    7.1376375817e-02
    1.3102500000e+05    7.5012240038e-02
    1.3110000000e+05    8.8341076141e-02
    1.3117500000e+05    1.0023687884e-01
    1.3125000000e+05    9.5617198584e-02
    1.3132500000e+05    1.0086172188e-01
    1.3140000000e+05    1.0585439094e-01
    1.3147500000e+05    1.0515427614e-01
    1.3155000000e+05    7.8556018383e-02
    1.3162500000e+05    6.3781040781e-02
    1.3170000000e+05    9.3777569965e-02
    1.3177500000e+05    1.0701732861e-01
    1.3185000000e+05    7.0991407063e-02
    1.3192500000e+05    1.1705865572e-01
    1.3200000000e+05    9.0693956879e-02
    1.3207500000e+05    9.6836219831e-02
    1.3215000000e+05    9.7745628902e-02
    1.3222500000e+05    8.9719519599e-02
    1.3230000000e+05    9.8323769391e-02
    1.3237500000e+05    1.1370312849e-01
    1.3245000000e+05    1.0750784378e-01
    1.3252500000e+05    1.2933217082e-01
    1.3260000000e+05    1.4633073670e-01
    1.3267500000e+05    1.2639822837e-01
    1.3275000000e+05    1.3180276233e-01
    1.3282500000e+05    1.5440071907e-01
    1.3290000000e+05    1.4464872517e-01
    1.3297500000e+05    1.4723592886e-01
    1.3305000000e+05    1.3255208909e-01
    1.3312500000e+05    1.3175459651e-01
    1.3320000000e+05    1.0268777141e-01
    1.3327500000e+05    1.0867300788e-01
    1.3335000000e+05    8.2508668956e-02
    1.3342500000e+05    7.1367784121e-02
    1.3350000000e+05    7.6944931007e-02
    1.3357500000e+05    9.2993253195e-02
    1.3365000000e+05    9.7069694185e-02
    1.3372500000e+05    7.1750626097e-02
    1.3380000000e+05    9.7103991691e-02
    1.3387500000e+05    9.1144685481e-02
    1.3395000000e+05    7.3484766605e-02
    1.3402500000e+05    1.0338095573e-01
    1.3410000000e+05    1.4325903614e-01
    1.3417500000e+05    1.2654467992e-01
    1.3425000000e+05    1.1347867484e-01
    1.3432500000e+05    1.2730667691e-01
    1.3440000000e+05    1.2741101879e-01
    1.3447500000e+05    1.3240682633e-01
    1.3455000000e+05    1.4477785129e-01
    1.3462500000e+05    1.3607854848e-01
    1.3470000000e+05    1.4571577587e-01
    1.3477500000e+05    1.1932254729e-01
    1.3485000000e+05    1.0671078625e-01
    1.3492500000e+05    1.5035730662e-01
    1.3500000000e+05    1.6628925791e-01
    1.3507500000e+05    1.0854408685e-01
    1.3515000000e+05    8.2179012132e-02
    1.3522500000e+05    1.1525145054e-01
    1.3530000000e+05    1.1812838488e-01
    1.3537500000e+05    1.2476069009e-01
    1.3545000000e+05    1.1352582334e-01
    1.3552500000e+05    1.0715714854e-01
    1.3560000000e+05    7.3937255843e-02
    1.3567500000e+05    7.9436722263e-02
    1.3575000000e+05    7.8113456297e-02
    1.3582500000e+05    7.4100731538e-02
    1.3590000000e+05    1.2703573527e-01
    1.3597500000e+05    1.3069956929e-01
    1.3605000000e+05    1.4575177406e-01
    1.3612500000e+05    9.9787609764e-02
    1.3620000000e+05    1.1062912754e-01
    1.3627500000e+05    1.1016385087e-01
    1.3635000000e+05    7.9910335255e-02
    1.3642500000e+05    8.8669263086e-02
    1.3650000000e+05    9.5959448839e-02
    1.3657500000e+05    1.0193056733e-01
    1.3665000000e+05    8.3616761128e-02
    1.3672500000e+05    9.7212395211e-02
    1.3680000000e+05    1.8542609346e-01
    1.3687500000e+05    8.8190231665e-02
    1.3695000000e+05    1.0524204595e-01
    1.3702500000e+05    1.8136508554e-01
    1.3710000000e+05    1.3201261723e-01
    1.3717500000e+05    1.2907780686e-01
    1.3725000000e+05    1.1832806308e-01
    1.3732500000e+05    9.6886824700e-02
    1.3740000000e+05    8.7833452913e-02
    1.3747500000e+05    7.5987482268e-02
    1.3755000000e+05    8.2182763730e-02
    1.3762500000e+05    7.9120905010e-02
    1.3770000000e+05    7.5218894805e-02
    1.3777500000e+05    8.9388955073e-02
    1.3785000000e+05    1.1458544903e-01
    1.3792500000e+05    1.0930617387e-01
    1.3800000000e+05    1.5307221869e-01
    1.3807500000e+05    2.1747186114e-01
    1.3815000000e+05    1.1741766335e-01
    1.3822500000e+05    1.0829502682e-01
    1.3830000000e+05    1.7237760977e-01
    1.3837500000e+05    1.2667341675e-01
    1.3845000000e+05    9.6239149074e-02
    1.3852500000e+05    7.2107240886e-02
    1.3860000000e+05    7.4844004085e-02
    1.3867500000e+05    7.2379311875e-02
    1.3875000000e+05    7.7784648870e-02
    1.3882500000e+05    9.5438692222e-02
    1.3890000000e+05    1.2346514688e-01
    1.3897500000e+05    1.2027326838e-01
    1.3905000000e+05    1.0459487642e-01
    1.3912500000e+05    2.0186459841e-01
    1.3920000000e+05    2.1151597393e-01
    1.3927500000e+05    1.1870252605e-01
    1.3935000000e+05    1.7363129383e-01
    1.3942500000e+05    1.2629819780e-01
    1.3950000000e+05    1.1277453760e-01
    1.3957500000e+05    9.8879220892e-02
    1.3965000000e+05    8.1417531600e-02
    1.3972500000e+05    6.7861847601e-02
    1.3980000000e+05    9.1738905463e-02
    1.3987500000e+05    1.2014031701e-01
    1.3995000000e+05    1.7007473352e-01
    1.4002500000e+05    1.7395283932e-01
    1.4010000000e+05    1.4458949112e-01
    1.4017500000e+05    1.5583205907e-01
    1.4025000000e+05    1.1113667534e-01
    1.4032500000e+05    1.1785237596e-01
    1.4040000000e+05    1.1996474100e-01
    1.4047500000e+05    1.1980916781e-01
    1.4055000000e+05    1.1655772216e-01
    1.4062500000e+05    9.7564261240e-02
    1.4070000000e+05    1.0003080118e-01
    1.4077500000e+05    1.2703904826e-01
    1.4085000000e+05    1.4044349610e-01
    1.4092500000e+05    1.2102293839e-01
    1.4100000000e+05    1.1022374896e-01
    1.4107500000e+05    9.1452642521e-02
    1.4115000000e+05    1.1453995206e-01
    1.4122500000e+05    1.1208161416e-01
    1.4130000000e+05    1.5175418123e-01
    1.4137500000e+05    1.3475574741e-01
    1.4145000000e+05    1.2137863974e-01
    1.4152500000e+05    1.0469089501e-01
    1.4160000000e+05    8.5677669746e-02
    1.4167500000e+05    1.2825049899e-01
    1.4175000000e+05    1.2771158184e-01
    1.4182500000e+05    1.0528781061e-01
    1.4190000000e+05    1.2756573478e-01
    1.4197500000e+05    1.2076552910e-01
    1.4205000000e+05    1.1483065465e-01
    1.4212500000e+05    1.0472435644e-01
    1.4220000000e+05    1.1474831868e-01
    1.4227500000e+05    1.4188810007e-01
    1.4235000000e+05    1.3858948409e-01
    1.4242500000e+05    1.4180651136e-01
    1.4250000000e+05    1.4106521695e-01
    1.4257500000e+05    1.1785734171e-01
    1.4265000000e+05    1.1197737710e-01
    1.4272500000e+05    1.1345803705e-01
    1.4280000000e+05    1.1976807276e-01
    1.4287500000e+05    1.4664050208e-01
    1.4295000000e+05    1.3225324415e-01
    1.4302500000e+05    1.1895511973e-01
    1.4310000000e+05    1.4320059893e-01
    1.4317500000e+05    1.3989679161e-01
    1.4325000000e+05    1.0259837028e-01
    1.4332500000e+05    1.6717651992e-01
    1.4340000000e+05    1.3876259242e-01
    1.4347500000e+05    1.3171205481e-01
    1.4355000000e+05    1.2288023876e-01
    1.4362500000e+05    1.3347903652e-01
    1.4370000000e+05    1.4340575235e-01
    1.4377500000e+05    1.4836071197e-01
    1.4385000000e+05    1.3668375808e-01
    1.4392500000e+05    1.3685030775e-01
    1.4400000000e+05    1.3669741524e-01
    1.4407500000e+05    1.4980866711e-01
    1.4415000000e+05    1.4928001179e-01
    1.4422500000e+05    1.3519810051e-01
    1.4430000000e+05    1.4468415860e-01
    1.4437500000e+05    1.4530801051e-01
    1.4445000000e+05    1.2512919982e-01
    1.4452500000e+05    1.2210366964e-01
    1.4460000000e+05    1.5189832259e-01
    1.4467500000e+05    1.6564241935e-01
    1.4475000000e+05    1.1781078579e-01
    1.4482500000e+05    1.2795314822e-01
    1.4490000000e+05    1.0245895056e-01
    1.4497500000e+05    1.4053281587e-01
    1.4505000000e+05    1.0991258341e-01
    1.4512500000e+05    1.2721583349e-01
    1.4520000000e+05    1.2743591301e-01
    1.4527500000e+05    1.1204450476e-01
    1.4535000000e+05    1.2277571463e-01
    1.4542500000e+05    1.1011659860e-01
    1.4550000000e+05    1.5279118939e-01
    1.4557500000e+05    1.2322151057e-01
    1.4565000000e+05    1.0785431028e-01
    1.4572500000e+05    1.5157624047e-01
    1.4580000000e+05    1.2774537087e-01
    1.4587500000e+05    1.5076163483e-01
    1.4595000000e+05    1.2203180792e-01
    1.4602500000e+05    1.4440606226e-01
    1.4610000000e+05    1.0651094120e-01
    1.4617500000e+05    1.1540726753e-01
    1.4625000000e+05    1.0852744386e-01
    1.4632500000e+05    1.0603750121e-01
    1.4640000000e+05    1.2723943961e-01
    1.4647500000e+05    1.5042470328e-01
    1.4655000000e+05    1.5190077645e-01
    1.4662500000e+05    8.7865884098e-02
    1.4670000000e+05    1.1215912555e-01
    1.4677500000e+05    8.1765214752e-02
    1.4685000000e+05    6.3533601467e-02
    1.4692500000e+05    8.5241014450e-02
    1.4700000000e+05    8.3846461574e-02
    1.4707500000e+05    9.6834256791e-02
    1.4715000000e+05    7.5434763443e-02
    1.4722500000e+05    1.1334032453e-01
    1.4730000000e+05    1.3720814688e-01
    1.4737500000e+05    1.0417786012e-01
    1.4745000000e+05    1.0326506025e-01
    1.4752500000e+05    9.6458095065e-02
    1.4760000000e+05    1.3317762898e-01
    1.4767500000e+05    1.4177329629e-01
    1.4775000000e+05    7.8823931215e-02
    1.4782500000e+05    1.0252831085e-01
    1.4790000000e+05    1.0967731616e-01
    1.4797500000e+05    9.6655829617e-02
    1.4805000000e+05    9.1792991712e-02
    1.4812500000e+05    9.1522173557e-02
    1.4820000000e+05    1.0050701838e-01
    1.4827500000e+05    9.0761290200e-02
    1.4835000000e+05    1.0223262036e-01
    1.4842500000e+05    8.7572029811e-02
    1.4850000000e+05    8.9883268305e-02
    1.4857500000e+05    1.0896596297e-01
    1.4865000000e+05    7.7383005812e-02
    1.4872500000e+05    8.8136610815e-02
    1.4880000000e+05    8.6201462785e-02
    1.4887500000e+05    7.6770123691e-02
    1.4895000000e+05    1.1280749836e-01
    1.4902500000e+05    1.0542489948e-01
    1.4910000000e+05    8.8220705325e-02
    1.4917500000e+05    1.8017976422e-01
    1.4925000000e+05    1.6907520031e-01
    1.4932500000e+05    1.5681958077e-01
    1.4940000000e+05    1.4447601525e-01
    1.4947500000e+05    1.1322363977e-01
    1.4955000000e+05    1.0810373133e-01
    1.4962500000e+05    1.2913388961e-01
    1.4970000000e+05    1.3537796293e-01
    1.4977500000e+05    1.2976648404e-01
    1.4985000000e+05    1.0705350004e-01
    1.4992500000e+05    1.0864914164e-01
    1.5000000000e+05    1.1586046813e-01
