    1.0000000000e+02    1.2699644814e-01
    2.0000000000e+02    2.1144594070e-01
    3.0000000000e+02    1.9279405530e-01
    4.0000000000e+02    9.7756448334e-02
    5.0000000000e+02    1.1078809499e-01
    6.0000000000e+02    1.1340281977e-01
    7.0000000000e+02    1.5602800959e-01
    8.0000000000e+02    2.0410413504e-01
    9.0000000000e+02    1.9003321234e-01
    1.0000000000e+03    2.0332968162e-01
    1.1000000000e+03    2.0766261699e-01
    1.2000000000e+03    2.1517723019e-01
    1.3000000000e+03    2.2562076782e-01
    1.4000000000e+03    2.0373965014e-01
    1.5000000000e+03    1.3403094873e-01
    1.6000000000e+03    1.3868705404e-01
    1.7000000000e+03    7.2827646539e-02
    1.8000000000e+03    1.1921966002e-01
    1.9000000000e+03    1.2860481112e-01
    2.0000000000e+03    1.3707319510e-01
    2.1000000000e+03    1.1542509056e-01
    2.2000000000e+03    8.6331314704e-02
    2.3000000000e+03    7.2102326539e-02
    2.4000000000e+03    1.0413685229e-01
    2.5000000000e+03    9.9810370939e-02
    2.6000000000e+03    1.2504036178e-01
    2.7000000000e+03    1.5223309650e-01
    2.8000000000e+03    1.6088762143e-01
    2.9000000000e+03    2.0016800867e-01
    3.0000000000e+03    1.1667890038e-01
    3.1000000000e+03    7.9331377158e-02
    3.2000000000e+03    9.7404876146e-02
    3.3000000000e+03    1.1441884458e-01
    3.4000000000e+03    1.3395770118e-01
    3.5000000000e+03    1.5450817280e-01
    3.6000000000e+03    2.0666667701e-01
    3.7000000000e+03    1.6821099976e-01
    3.8000000000e+03    1.3129408372e-01
    3.9000000000e+03    1.0105755897e-01
    4.0000000000e+03    1.0958345918e-01
    4.1000000000e+03    1.5111849376e-01
    4.2000000000e+03    1.4997208362e-01
    4.3000000000e+03    1.0510753330e-01
    4.4000000000e+03    1.2970845383e-01
    4.5000000000e+03    1.9161456987e-01
    4.6000000000e+03    2.0495253203e-01
    4.7000000000e+03    1.4628779764e-01
    4.8000000000e+03    1.4924940941e-01
    4.9000000000e+03    1.4038925911e-01
    5.0000000000e+03    1.6317578076e-01
    5.1000000000e+03    1.5296144312e-01
    5.2000000000e+03    1.7773627277e-01
    5.3000000000e+03    7.9685659877e-02
    5.4000000000e+03    1.2064731539e-01
    5.5000000000e+03    1.2926459522e-01
    5.6000000000e+03    1.4492835715e-01
    5.7000000000e+03    1.0564260590e-01
    5.8000000000e+03    1.1001694942e-01
    5.9000000000e+03    1.0718521764e-01
    6.0000000000e+03    7.7015932206e-02
    6.1000000000e+03    9.3619312803e-02
    6.2000000000e+03    7.5271786615e-02
    6.3000000000e+03    1.2038989305e-01
    6.4000000000e+03    1.2462592087e-01
    6.5000000000e+03    9.6930896996e-02
    6.6000000000e+03    1.0833439394e-01
    6.7000000000e+03    1.3937853023e-01
    6.8000000000e+03    1.0432331529e-01
    6.9000000000e+03    1.8528392111e-01
    7.0000000000e+03    1.4854092458e-01
    7.1000000000e+03    1.6132293007e-01
    7.2000000000e+03    1.3161639312e-01
    7.3000000000e+03    1.6961450070e-01
    7.4000000000e+03    1.6138553679e-01
    7.5000000000e+03    1.4328189481e-01
    7.6000000000e+03    1.1606021994e-01
    7.7000000000e+03    1.4057780252e-01
    7.8000000000e+03    1.7557554595e-01
    7.9000000000e+03    1.5663830575e-01
    8.0000000000e+03    1.5024788688e-01
    8.1000000000e+03    1.3824939979e-01
    8.2000000000e+03    1.6814891588e-01
    8.3000000000e+03    2.1193932902e-01
    8.4000000000e+03    1.4250618735e-01
    8.5000000000e+03    1.8131447629e-01
    8.6000000000e+03    1.6877580316e-01
    8.7000000000e+03    1.6568918325e-01
    8.8000000000e+03    1.7544531304e-01
    8.9000000000e+03    1.5156250641e-01
    9.0000000000e+03    1.4419735147e-01
    9.1000000000e+03    1.7943857558e-01
    9.2000000000e+03    1.4727961686e-01
    9.3000000000e+03    1.7042076647e-01
    9.4000000000e+03    1.7853872316e-01
    9.5000000000e+03    8.1558807367e-02
    9.6000000000e+03    9.2657614720e-02
    9.7000000000e+03    1.4585039775e-01
    9.8000000000e+03    1.7780909545e-01
    9.9000000000e+03    1.3046987214e-01
    1.0000000000e+04    1.4899498719e-01
    1.0100000000e+04    1.3116546200e-01
    1.0200000000e+04    1.3359120982e-01
    1.0300000000e+04    1.3956181002e-01
    1.0400000000e+04    1.1135086017e-01
    1.0500000000e+04    1.0638867740e-01
    1.0600000000e+04    1.2150198080e-01
    1.0700000000e+04    1.9118400038e-01
    1.0800000000e+04    1.4846906646e-01
    1.0900000000e+04    9.8880710875e-02
    1.1000000000e+04    1.1541532257e-01
    1.1100000000e+04    1.2448953497e-01
    1.1200000000e+04    1.2711984389e-01
    1.1300000000e+04    1.3899041742e-01
    1.1400000000e+04    1.1636819189e-01
    1.1500000000e+04    9.9576234529e-02
    1.1600000000e+04    1.6643245932e-01
    1.1700000000e+04    1.8809865868e-01
    1.1800000000e+04    1.6477688377e-01
    1.1900000000e+04    1.5596595396e-01
    1.2000000000e+04    1.4760038788e-01
    1.2100000000e+04    1.7274925372e-01
    1.2200000000e+04    1.2408875072e-01
    1.2300000000e+04    1.3770591455e-01
    1.2400000000e+04    1.3607216401e-01
    1.2500000000e+04    1.3678109607e-01
    1.2600000000e+04    1.4947738187e-01
    1.2700000000e+04    1.2045676086e-01
    1.2800000000e+04    1.3978398105e-01
    1.2900000000e+04    1.3252070619e-01
    1.3000000000e+04    1.4633735683e-01
    1.3100000000e+04    1.4081476098e-01
    1.3200000000e+04    1.3487385720e-01
    1.3300000000e+04    1.5983682511e-01
    1.3400000000e+04    1.3515662285e-01
    1.3500000000e+04    1.0816252704e-01
    1.3600000000e+04    9.9435684913e-02
    1.3700000000e+04    8.9794670466e-02
    1.3800000000e+04    1.3484705421e-01
    1.3900000000e+04    1.2409319101e-01
    1.4000000000e+04    1.4076294727e-01
    1.4100000000e+04    1.4137194525e-01
    1.4200000000e+04    1.3714428047e-01
    1.4300000000e+04    2.5004455872e-01
    1.4400000000e+04    1.2059078178e-01
    1.4500000000e+04    1.1409607840e-01
    1.4600000000e+04    1.1961928485e-01
    1.4700000000e+04    1.2807019793e-01
    1.4800000000e+04    1.6732351136e-01
    1.4900000000e+04    1.8724135624e-01
    1.5000000000e+04    1.4761366370e-01
    1.5100000000e+04    1.5109695343e-01
    1.5200000000e+04    1.1871619485e-01
    1.5300000000e+04    1.2803096906e-01
    1.5400000000e+04    1.0798773631e-01
    1.5500000000e+04    1.4120683438e-01
    1.5600000000e+04    1.7248191506e-01
    1.5700000000e+04    1.4295254193e-01
    1.5800000000e+04    1.3366929571e-01
    1.5900000000e+04    1.1874489173e-01
    1.6000000000e+04    1.1015493240e-01
    1.6100000000e+04    8.1024832693e-02
    1.6200000000e+04    1.0967813002e-01
    1.6300000000e+04    1.3734270130e-01
    1.6400000000e+04    1.2712902165e-01
    1.6500000000e+04    1.1865282131e-01
    1.6600000000e+04    1.0461527376e-01
    1.6700000000e+04    1.0451986726e-01
    1.6800000000e+04    8.8276114366e-02
    1.6900000000e+04    9.1298255564e-02
    1.7000000000e+04    9.2379267183e-02
    1.7100000000e+04    1.3908991294e-01
    1.7200000000e+04    9.4845977275e-02
    1.7300000000e+04    1.1752480833e-01
    1.7400000000e+04    1.7535494015e-01
    1.7500000000e+04    1.6678241188e-01
    1.7600000000e+04    1.4522757375e-01
    1.7700000000e+04    1.4266765285e-01
    1.7800000000e+04    1.3870762355e-01
    1.7900000000e+04    1.8110335145e-01
    1.8000000000e+04    1.7050059522e-01
    1.8100000000e+04    1.6264600465e-01
    1.8200000000e+04    1.1873063627e-01
    1.8300000000e+04    1.1769150033e-01
    1.8400000000e+04    1.4837605166e-01
    1.8500000000e+04    1.7559478488e-01
    1.8600000000e+04    2.2107565747e-01
    1.8700000000e+04    2.0025356530e-01
    1.8800000000e+04    1.2405170315e-01
    1.8900000000e+04    9.0218458847e-02
    1.9000000000e+04    1.1118770295e-01
    1.9100000000e+04    9.8389368580e-02
    1.9200000000e+04    1.2833235235e-01
    1.9300000000e+04    1.6152455028e-01
    1.9400000000e+04    1.3380007838e-01
    1.9500000000e+04    9.9037010790e-02
    1.9600000000e+04    1.0596382434e-01
    1.9700000000e+04    1.0164393064e-01
    1.9800000000e+04    1.2727871112e-01
    1.9900000000e+04    1.6359188953e-01
    2.0000000000e+04    1.7262882638e-01
    2.0100000000e+04    1.7612508146e-01
    2.0200000000e+04    1.2587642149e-01
    2.0300000000e+04    1.1325569977e-01
    2.0400000000e+04    1.7953943280e-01
    2.0500000000e+04    1.4431479843e-01
    2.0600000000e+04    1.4131258281e-01
    2.0700000000e+04    9.0809387762e-02
    2.0800000000e+04    1.4172420460e-01
    2.0900000000e+04    1.2487471294e-01
    2.1000000000e+04    1.4575256111e-01
    2.1100000000e+04    1.2848130024e-01
    2.1200000000e+04    1.1089490572e-01
    2.1300000000e+04    1.0048967580e-01
    2.1400000000e+04    8.7509365020e-02
    2.1500000000e+04    1.0138484423e-01
    2.1600000000e+04    1.6340922516e-01
    2.1700000000e+04    1.8293486917e-01
    2.1800000000e+04    2.1013931482e-01
    2.1900000000e+04    1.6257642910e-01
    2.2000000000e+04    1.4623513416e-01
    2.2100000000e+04    1.5780755306e-01
    2.2200000000e+04    1.1964742724e-01
    2.2300000000e+04    1.1012766738e-01
    2.2400000000e+04    1.7114134236e-01
    2.2500000000e+04    1.2031031379e-01
    2.2600000000e+04    1.4866973286e-01
    2.2700000000e+04    1.2239076892e-01
    2.2800000000e+04    1.4420399149e-01
    2.2900000000e+04    1.4005715157e-01
    2.3000000000e+04    1.8640854543e-01
    2.3100000000e+04    1.5232400544e-01
    2.3200000000e+04    1.1023397278e-01
    2.3300000000e+04    1.2159221751e-01
    2.3400000000e+04    1.5409947827e-01
    2.3500000000e+04    1.5689132399e-01
    2.3600000000e+04    1.2678373867e-01
    2.3700000000e+04    1.3321774047e-01
    2.3800000000e+04    1.1824421535e-01
    2.3900000000e+04    1.2076577718e-01
    2.4000000000e+04    1.4660660409e-01
    2.4100000000e+04    1.7584574191e-01
    2.4200000000e+04    1.7027426212e-01
    2.4300000000e+04    1.0420362744e-01
    2.4400000000e+04    1.3090617372e-01
    2.4500000000e+04    1.6000227568e-01
    2.4600000000e+04    1.1261494294e-01
    2.4700000000e+04    1.8734639719e-01
    2.4800000000e+04    1.4525554480e-01
    2.4900000000e+04    1.0117662269e-01
    2.5000000000e+04    1.1619596748e-01
    2.5100000000e+04    1.4678052554e-01
    2.5200000000e+04    1.4368831174e-01
    2.5300000000e+04    1.2135123722e-01
    2.5400000000e+04    1.5774898096e-01
    2.5500000000e+04    1.4700581959e-01
    2.5600000000e+04    1.5368219726e-01
    2.5700000000e+04    1.2266449993e-01
    2.5800000000e+04    1.2689870898e-01
    2.5900000000e+04    1.2277039652e-01
    2.6000000000e+04    8.7539078728e-02
    2.6100000000e+04    1.2645763110e-01
    2.6200000000e+04    1.5796862554e-01
    2.6300000000e+04    1.2657672554e-01
    2.6400000000e+04    1.3530792533e-01
    2.6500000000e+04    1.2678709238e-01
    2.6600000000e+04    1.2260671963e-01
    2.6700000000e+04    1.7485803707e-01
    2.6800000000e+04    1.5582088322e-01
    2.6900000000e+04    1.2777322114e-01
    2.7000000000e+04    1.4352872459e-01
    2.7100000000e+04    1.5269903955e-01
    2.7200000000e+04    1.4586876330e-01
    2.7300000000e+04    1.0952310986e-01
    2.7400000000e+04    1.6440444530e-01
    2.7500000000e+04    1.4712796974e-01
    2.7600000000e+04    1.7294456673e-01
    2.7700000000e+04    8.0501966342e-02
    2.7800000000e+04    8.5495772927e-02
    2.7900000000e+04    7.2884102330e-02
    2.8000000000e+04    9.3332106447e-02
    2.8100000000e+04    1.5906739080e-01
    2.8200000000e+04    1.2388251683e-01
    2.8300000000e+04    1.4186504012e-01
    2.8400000000e+04    1.0714596797e-01
    2.8500000000e+04    7.2502680993e-02
    2.8600000000e+04    1.0011481832e-01
    2.8700000000e+04    9.8609746611e-02
    2.8800000000e+04    9.2909859590e-02
    2.8900000000e+04    1.0805329040e-01
    2.9000000000e+04    1.1840503817e-01
    2.9100000000e+04    1.3476460277e-01
    2.9200000000e+04    1.4932781062e-01
    2.9300000000e+04    1.1609037656e-01
    2.9400000000e+04    1.1329547914e-01
    2.9500000000e+04    7.5527869946e-02
    2.9600000000e+04    8.2053962068e-02
    2.9700000000e+04    1.1624103053e-01
    2.9800000000e+04    1.0606164704e-01
    2.9900000000e+04    1.7674729464e-01
    3.0000000000e+04    1.9267617227e-01
    3.0100000000e+04    1.1884134331e-01
    3.0200000000e+04    1.3362557907e-01
    3.0300000000e+04    1.0139734799e-01
    3.0400000000e+04    9.8428725940e-02
    3.0500000000e+04    1.2871385076e-01
    3.0600000000e+04    1.3524101624e-01
    3.0700000000e+04    1.5159210555e-01
    3.0800000000e+04    1.1519774339e-01
    3.0900000000e+04    1.2211563606e-01
    3.1000000000e+04    1.4678961479e-01
    3.1100000000e+04    1.5582301027e-01
    3.1200000000e+04    1.4175533210e-01
    3.1300000000e+04    9.2540749199e-02
    3.1400000000e+04    8.1936170914e-02
    3.1500000000e+04    9.2531700300e-02
    3.1600000000e+04    2.4545465283e-01
    3.1700000000e+04    2.5646051655e-01
    3.1800000000e+04    1.4795132827e-01
    3.1900000000e+04    1.2518886934e-01
    3.2000000000e+04    1.2545701626e-01
    3.2100000000e+04    1.6271560264e-01
    3.2200000000e+04    1.5338195549e-01
    3.2300000000e+04    1.3996306023e-01
    3.2400000000e+04    9.7372585358e-02
    3.2500000000e+04    1.3257119471e-01
    3.2600000000e+04    1.3910755351e-01
    3.2700000000e+04    1.8729463833e-01
    3.2800000000e+04    1.2295329714e-01
    3.2900000000e+04    1.2276699923e-01
    3.3000000000e+04    8.1048817400e-02
    3.3100000000e+04    1.3927074654e-01
    3.3200000000e+04    1.4708753466e-01
    3.3300000000e+04    1.1952387324e-01
    3.3400000000e+04    1.7970602374e-01
    3.3500000000e+04    1.3808119447e-01
    3.3600000000e+04    1.0934858345e-01
    3.3700000000e+04    1.1820870851e-01
    3.3800000000e+04    1.1245320105e-01
    3.3900000000e+04    9.0003156837e-02
    3.4000000000e+04    1.0499626049e-01
    3.4100000000e+04    1.1944955353e-01
    3.4200000000e+04    1.2737031621e-01
    3.4300000000e+04    1.2768872791e-01
    3.4400000000e+04    1.2229955369e-01
    3.4500000000e+04    1.4813247623e-01
    3.4600000000e+04    1.3803975926e-01
    3.4700000000e+04    1.2134640179e-01
    3.4800000000e+04    1.4828646127e-01
    3.4900000000e+04    1.7167632097e-01
    3.5000000000e+04    1.9372700238e-01
    3.5100000000e+04    1.7323327250e-01
    3.5200000000e+04    1.3479649483e-01
    3.5300000000e+04    1.0984483168e-01
    3.5400000000e+04    1.8074439637e-01
    3.5500000000e+04    1.5747120415e-01
    3.5600000000e+04    1.5646849887e-01
    3.5700000000e+04    1.4591063116e-01
    3.5800000000e+04    1.4690309804e-01
    3.5900000000e+04    1.2688697928e-01
    3.6000000000e+04    8.3571256528e-02
    3.6100000000e+04    7.6725749415e-02
    3.6200000000e+04    1.0427196350e-01
    3.6300000000e+04    1.5836381537e-01
    3.6400000000e+04    1.4009924992e-01
    3.6500000000e+04    1.1911306049e-01
    3.6600000000e+04    1.2075841025e-01
    3.6700000000e+04    1.2807827410e-01
    3.6800000000e+04    8.7968263264e-02
    3.6900000000e+04    1.0199918729e-01
    3.7000000000e+04    9.1260930155e-02
    3.7100000000e+04    1.1481009997e-01
    3.7200000000e+04    1.2402690898e-01
    3.7300000000e+04    9.2003061761e-02
    3.7400000000e+04    9.2767388848e-02
    3.7500000000e+04    1.2110348059e-01
    3.7600000000e+04    1.2267274290e-01
    3.7700000000e+04    1.6133739962e-01
    3.7800000000e+04    1.6271837768e-01
    3.7900000000e+04    1.3992256406e-01
    3.8000000000e+04    1.4084242612e-01
    3.8100000000e+04    1.6253864158e-01
    3.8200000000e+04    1.9706474634e-01
    3.8300000000e+04    1.8360078118e-01
    3.8400000000e+04    1.1979071132e-01
    3.8500000000e+04    1.2380898015e-01
    3.8600000000e+04    1.4478842640e-01
    3.8700000000e+04    1.4872808690e-01
    3.8800000000e+04    1.4721425444e-01
    3.8900000000e+04    1.4346537426e-01
    3.9000000000e+04    1.5920926089e-01
    3.9100000000e+04    1.4960801066e-01
    3.9200000000e+04    1.5516725205e-01
    3.9300000000e+04    1.1385795925e-01
    3.9400000000e+04    1.0558706213e-01
    3.9500000000e+04    1.4622128532e-01
    3.9600000000e+04    1.2399359742e-01
    3.9700000000e+04    1.1587795576e-01
    3.9800000000e+04    1.3089805818e-01
    3.9900000000e+04    1.1551399039e-01
    4.0000000000e+04    1.2615918900e-01
    4.0100000000e+04    1.7600776709e-01
    4.0200000000e+04    1.8143518245e-01
    4.0300000000e+04    1.9701267493e-01
    4.0400000000e+04    1.4173878653e-01
    4.0500000000e+04    1.1954649752e-01
    4.0600000000e+04    1.4892407791e-01
    4.0700000000e+04    1.3820727382e-01
    4.0800000000e+04    1.4098249159e-01
    4.0900000000e+04    1.2813920888e-01
    4.1000000000e+04    1.5046617296e-01
    4.1100000000e+04    1.5977620368e-01
    4.1200000000e+04    1.5103502903e-01
    4.1300000000e+04    1.3110050692e-01
    4.1400000000e+04    9.0894517296e-02
    4.1500000000e+04    1.2600220418e-01
    4.1600000000e+04    1.5343764973e-01
    4.1700000000e+04    1.3825088406e-01
    4.1800000000e+04    1.1783268495e-01
    4.1900000000e+04    1.8176893739e-01
    4.2000000000e+04    1.6592921808e-01
    4.2100000000e+04    1.0313405686e-01
    4.2200000000e+04    1.1095776214e-01
    4.2300000000e+04    1.1085091964e-01
    4.2400000000e+04    1.3610124413e-01
    4.2500000000e+04    1.0486088242e-01
    4.2600000000e+04    1.4392410356e-01
    4.2700000000e+04    1.6147929027e-01
    4.2800000000e+04    1.4642929321e-01
    4.2900000000e+04    1.3365559482e-01
    4.3000000000e+04    1.1013176920e-01
    4.3100000000e+04    1.1489062301e-01
    4.3200000000e+04    1.2047290807e-01
    4.3300000000e+04    1.5022647862e-01
    4.3400000000e+04    1.3540165210e-01
    4.3500000000e+04    1.3051515393e-01
    4.3600000000e+04    1.3877422079e-01
    4.3700000000e+04    1.2807211179e-01
    4.3800000000e+04    1.1517318275e-01
    4.3900000000e+04    8.9367383229e-02
    4.4000000000e+04    8.1744976611e-02
    4.4100000000e+04    8.4680307816e-02
    4.4200000000e+04    8.3280047668e-02
    4.4300000000e+04    1.9458241935e-01
    4.4400000000e+04    1.9735452744e-01
    4.4500000000e+04    1.3767128821e-01
    4.4600000000e+04    1.2696881600e-01
    4.4700000000e+04    9.4715813427e-02
    4.4800000000e+04    1.0792274756e-01
    4.4900000000e+04    1.0165266920e-01
    4.5000000000e+04    1.6754073092e-01
    4.5100000000e+04    1.8394800392e-01
    4.5200000000e+04    8.6718119101e-02
    4.5300000000e+04    1.6189469341e-01
    4.5400000000e+04    8.1327875502e-02
    4.5500000000e+04    6.0627733759e-02
    4.5600000000e+04    1.3504350292e-01
    4.5700000000e+04    1.0105685465e-01
    4.5800000000e+04    1.1203086389e-01
    4.5900000000e+04    1.2246260912e-01
    4.6000000000e+04    1.0701853473e-01
    4.6100000000e+04    1.1835884614e-01
    4.6200000000e+04    1.4054032920e-01
    4.6300000000e+04    1.2598616532e-01
    4.6400000000e+04    1.2624779972e-01
    4.6500000000e+04    1.0239283262e-01
    4.6600000000e+04    1.8006759921e-01
    4.6700000000e+04    1.6871138100e-01
    4.6800000000e+04    1.6158875783e-01
    4.6900000000e+04    1.5076806114e-01
    4.7000000000e+04    1.3330224281e-01
    4.7100000000e+04    1.2150989394e-01
    4.7200000000e+04    8.7890242499e-02
    4.7300000000e+04    1.4182320091e-01
    4.7400000000e+04    1.4798726148e-01
    4.7500000000e+04    1.3406567802e-01
    4.7600000000e+04    1.7663146377e-01
    4.7700000000e+04    1.5651380734e-01
    4.7800000000e+04    1.3036188556e-01
    4.7900000000e+04    1.2859203732e-01
    4.8000000000e+04    1.5925264832e-01
    4.8100000000e+04    1.1502865664e-01
    4.8200000000e+04    1.0415125695e-01
    4.8300000000e+04    1.5848381159e-01
    4.8400000000e+04    1.5199255480e-01
    4.8500000000e+04    1.1566507147e-01
    4.8600000000e+04    1.1262888169e-01
    4.8700000000e+04    1.0948423248e-01
    4.8800000000e+04    1.1096688084e-01
    4.8900000000e+04    1.6135094650e-01
    4.9000000000e+04    1.5166668392e-01
    4.9100000000e+04    1.3292135388e-01
    4.9200000000e+04    1.1390111353e-01
    4.9300000000e+04    9.0217025409e-02
    4.9400000000e+04    1.0173887673e-01
    4.9500000000e+04    9.6602043330e-02
    4.9600000000e+04    8.6958520030e-02
    4.9700000000e+04    8.0959012697e-02
    4.9800000000e+04    7.9484007773e-02
    4.9900000000e+04    9.8733342181e-02
    5.0000000000e+04    1.2518947556e-01
    5.0100000000e+04    1.5546444586e-01
    5.0200000000e+04    1.5178772158e-01
    5.0300000000e+04    1.4561616911e-01
    5.0400000000e+04    1.1536672163e-01
    5.0500000000e+04    1.1264283206e-01
    5.0600000000e+04    8.4131909709e-02
    5.0700000000e+04    8.5453177340e-02
    5.0800000000e+04    8.0432532314e-02
    5.0900000000e+04    1.1051649875e-01
    5.1000000000e+04    1.2882599574e-01
    5.1100000000e+04    1.7798725824e-01
    5.1200000000e+04    1.5267081720e-01
    5.1300000000e+04    1.1841110516e-01
    5.1400000000e+04    1.6265525289e-01
    5.1500000000e+04    2.1474848932e-01
    5.1600000000e+04    1.8602546995e-01
    5.1700000000e+04    1.2371928368e-01
    5.1800000000e+04    1.1759124514e-01
    5.1900000000e+04    1.0747322412e-01
    5.2000000000e+04    8.1237910546e-02
    5.2100000000e+04    1.1394955794e-01
    5.2200000000e+04    1.1210903092e-01
    5.2300000000e+04    1.0010113085e-01
    5.2400000000e+04    1.7001505087e-01
    5.2500000000e+04    1.9089842306e-01
    5.2600000000e+04    1.3338009065e-01
    5.2700000000e+04    1.1592174371e-01
    5.2800000000e+04    9.5676652678e-02
    5.2900000000e+04    1.1357998357e-01
    5.3000000000e+04    1.2057813160e-01
    5.3100000000e+04    1.2250390221e-01
    5.3200000000e+04    1.0025445345e-01
    5.3300000000e+04    8.8854657724e-02
    5.3400000000e+04    1.4204285702e-01
    5.3500000000e+04    1.5219664909e-01
    5.3600000000e+04    1.6122524256e-01
    5.3700000000e+04    1.4670285506e-01
    5.3800000000e+04    1.1665815415e-01
    5.3900000000e+04    1.0913318451e-01
    5.4000000000e+04    1.0628187466e-01
    5.4100000000e+04    1.4453629562e-01
    5.4200000000e+04    1.7184531467e-01
    5.4300000000e+04    1.5374135307e-01
    5.4400000000e+04    1.3592859508e-01
    5.4500000000e+04    1.0280734589e-01
    5.4600000000e+04    9.8572729624e-02
    5.4700000000e+04    1.3513828355e-01
    5.4800000000e+04    1.5824807282e-01
    5.4900000000e+04    1.4793006504e-01
    5.5000000000e+04    1.0476916905e-01
    5.5100000000e+04    9.9375885385e-02
    5.5200000000e+04    1.1507378234e-01
    5.5300000000e+04    1.6388270004e-01
    5.5400000000e+04    1.6880145118e-01
    5.5500000000e+04    1.5591671439e-01
    5.5600000000e+04    1.5306842140e-01
    5.5700000000e+04    1.8748848699e-01
    5.5800000000e+04    1.6211401377e-01
    5.5900000000e+04    2.1040161610e-01
    5.6000000000e+04    1.5723574603e-01
    5.6100000000e+04    1.1557670588e-01
    5.6200000000e+04    1.4082899623e-01
    5.6300000000e+04    2.1056943806e-01
    5.6400000000e+04    1.8520539390e-01
    5.6500000000e+04    2.2777970346e-01
    5.6600000000e+04    1.2391830110e-01
    5.6700000000e+04    1.1075915205e-01
    5.6800000000e+04    1.2015718452e-01
    5.6900000000e+04    1.2369666524e-01
    5.7000000000e+04    1.9170245264e-01
    5.7100000000e+04    2.2493893345e-01
    5.7200000000e+04    1.9937354999e-01
    5.7300000000e+04    1.7868463916e-01
    5.7400000000e+04    1.2723473735e-01
    5.7500000000e+04    1.4448469202e-01
    5.7600000000e+04    1.4110040619e-01
    5.7700000000e+04    1.2194814192e-01
    5.7800000000e+04    1.5950708538e-01
    5.7900000000e+04    1.4061367006e-01
    5.8000000000e+04    1.5357835792e-01
    5.8100000000e+04    2.0289041742e-01
    5.8200000000e+04    1.2939202098e-01
    5.8300000000e+04    1.0358900109e-01
    5.8400000000e+04    1.1178683475e-01
    5.8500000000e+04    1.1239487445e-01
    5.8600000000e+04    1.5284315185e-01
    5.8700000000e+04    1.6282097883e-01
    5.8800000000e+04    1.5944653993e-01
    5.8900000000e+04    1.4709162378e-01
    5.9000000000e+04    1.6277412873e-01
    5.9100000000e+04    1.1657053964e-01
    5.9200000000e+04    9.4152741230e-02
    5.9300000000e+04    1.0811681864e-01
    5.9400000000e+04    1.0237171043e-01
    5.9500000000e+04    9.9491875880e-02
    5.9600000000e+04    1.2880925078e-01
    5.9700000000e+04    1.3911142361e-01
    5.9800000000e+04    1.6210073341e-01
    5.9900000000e+04    1.8095474768e-01
    6.0000000000e+04    1.0767356314e-01
    6.0100000000e+04    9.6106910399e-02
    6.0200000000e+04    1.2237310068e-01
    6.0300000000e+04    1.3561778496e-01
    6.0400000000e+04    1.1054359368e-01
    6.0500000000e+04    7.4069428428e-02
    6.0600000000e+04    7.8719377813e-02
    6.0700000000e+04    7.5626670128e-02
    6.0800000000e+04    1.6480214860e-01
    6.0900000000e+04    1.6944928707e-01
    6.1000000000e+04    1.5760519973e-01
    6.1100000000e+04    9.9789151795e-02
    6.1200000000e+04    1.2975460001e-01
    6.1300000000e+04    1.0860816424e-01
    6.1400000000e+04    1.2386691265e-01
    6.1500000000e+04    9.4513496249e-02
    6.1600000000e+04    1.2952666735e-01
    6.1700000000e+04    1.0155734260e-01
    6.1800000000e+04    1.0721914261e-01
    6.1900000000e+04    1.3599711572e-01
    6.2000000000e+04    1.5918520817e-01
    6.2100000000e+04    1.4167533618e-01
    6.2200000000e+04    1.3298398471e-01
    6.2300000000e+04    1.6118535638e-01
    6.2400000000e+04    1.2907148642e-01
    6.2500000000e+04    1.0136827090e-01
    6.2600000000e+04    1.0781917049e-01
    6.2700000000e+04    1.0894302453e-01
    6.2800000000e+04    1.3391568151e-01
    6.2900000000e+04    1.3270661400e-01
    6.3000000000e+04    1.5532061023e-01
    6.3100000000e+04    1.3221328005e-01
    6.3200000000e+04    1.2589516295e-01
    6.3300000000e+04    1.3371117902e-01
    6.3400000000e+04    1.1552264709e-01
    6.3500000000e+04    1.3474649214e-01
    6.3600000000e+04    1.4770262281e-01
    6.3700000000e+04    1.4604683640e-01
    6.3800000000e+04    9.4494023744e-02
    6.3900000000e+04    1.5753469897e-01
    6.4000000000e+04    9.5709551381e-02
    6.4100000000e+04    9.6433729937e-02
    6.4200000000e+04    7.9925873738e-02
    6.4300000000e+04    7.1762471999e-02
    6.4400000000e+04    1.0392358127e-01
    6.4500000000e+04    1.2673355495e-01
    6.4600000000e+04    1.0854245874e-01
    6.4700000000e+04    2.3015280659e-01
    6.4800000000e+04    1.8849558209e-01
    6.4900000000e+04    1.4489735133e-01
    6.5000000000e+04    1.0112775828e-01
    6.5100000000e+04    1.0159153395e-01
    6.5200000000e+04    9.0977675242e-02
    6.5300000000e+04    1.3015144900e-01
    6.5400000000e+04    1.3690558612e-01
    6.5500000000e+04    1.5300623068e-01
    6.5600000000e+04    1.4738091728e-01
    6.5700000000e+04    1.1488792043e-01
    6.5800000000e+04    8.4873867494e-02
    6.5900000000e+04    1.1726702525e-01
    6.6000000000e+04    1.4369124044e-01
    6.6100000000e+04    1.0420953047e-01
    6.6200000000e+04    1.1680904477e-01
    6.6300000000e+04    1.1296266261e-01
    6.6400000000e+04    1.2127312797e-01
    6.6500000000e+04    1.1417064620e-01
    6.6600000000e+04    9.0764253850e-02
    6.6700000000e+04    8.5878960947e-02
    6.6800000000e+04    1.0372009094e-01
    6.6900000000e+04    1.4143245650e-01
    6.7000000000e+04    1.0358252233e-01
    6.7100000000e+04    1.4187320351e-01
    6.7200000000e+04    1.3331207698e-01
    6.7300000000e+04    1.4716921128e-01
    6.7400000000e+04    1.4373209728e-01
    6.7500000000e+04    1.4478416988e-01
    6.7600000000e+04    1.0188779760e-01
    6.7700000000e+04    1.3880577547e-01
    6.7800000000e+04    1.5489541724e-01
    6.7900000000e+04    1.3149862162e-01
    6.8000000000e+04    1.9314631625e-01
    6.8100000000e+04    1.2220772911e-01
    6.8200000000e+04    1.7271500479e-01
    6.8300000000e+04    1.3653151067e-01
    6.8400000000e+04    1.5172652920e-01
    6.8500000000e+04    1.4966830863e-01
    6.8600000000e+04    1.6590518783e-01
    6.8700000000e+04    1.3814663577e-01
    6.8800000000e+04    1.1093873241e-01
    6.8900000000e+04    1.0626367807e-01
    6.9000000000e+04    1.8048464882e-01
    6.9100000000e+04    1.8639524844e-01
    6.9200000000e+04    1.7679420419e-01
    6.9300000000e+04    1.2977639577e-01
    6.9400000000e+04    1.6995508864e-01
    6.9500000000e+04    1.5725427446e-01
    6.9600000000e+04    1.6913413542e-01
    6.9700000000e+04    7.2539916332e-02
    6.9800000000e+04    8.7105784512e-02
    6.9900000000e+04    1.2361991175e-01
    7.0000000000e+04    1.9217850324e-01
    7.0100000000e+04    2.2222940389e-01
    7.0200000000e+04    1.9311417398e-01
    7.0300000000e+04    1.4479483408e-01
    7.0400000000e+04    1.5492064189e-01
    7.0500000000e+04    1.2557007111e-01
    7.0600000000e+04    1.2045848689e-01
    7.0700000000e+04    1.1506229323e-01
    7.0800000000e+04    1.3614887795e-01
    7.0900000000e+04    1.5641314125e-01
    7.1000000000e+04    1.5661435700e-01
    7.1100000000e+04    1.1710199633e-01
    7.1200000000e+04    1.3937633739e-01
    7.1300000000e+04    1.3380153588e-01
    7.1400000000e+04    1.2450824240e-01
    7.1500000000e+04    1.4728924684e-01
    7.1600000000e+04    1.2082758117e-01
    7.1700000000e+04    1.4669840451e-01
    7.1800000000e+04    1.8636611634e-01
    7.1900000000e+04    1.1096432751e-01
    7.2000000000e+04    8.6995498463e-02
    7.2100000000e+04    1.2220078314e-01
    7.2200000000e+04    1.4648710268e-01
    7.2300000000e+04    1.5531653954e-01
    7.2400000000e+04    1.8099755190e-01
    7.2500000000e+04    1.7473342964e-01
    7.2600000000e+04    1.6043492929e-01
    7.2700000000e+04    1.5941448535e-01
    7.2800000000e+04    1.7259519619e-01
    7.2900000000e+04    1.3076530570e-01
    7.3000000000e+04    1.7762726022e-01
    7.3100000000e+04    1.2342766936e-01
    7.3200000000e+04    1.8988220772e-01
    7.3300000000e+04    1.8241593178e-01
    7.3400000000e+04    2.0132733356e-01
    7.3500000000e+04    1.3180787120e-01
    7.3600000000e+04    1.5653096410e-01
    7.3700000000e+04    9.6938415259e-02
    7.3800000000e+04    1.5645650417e-01
    7.3900000000e+04    1.1779988163e-01
    7.4000000000e+04    1.2957486594e-01
    7.4100000000e+04    8.9478563093e-02
    7.4200000000e+04    9.7152539271e-02
    7.4300000000e+04    1.3220508453e-01
    7.4400000000e+04    1.2344198708e-01
    7.4500000000e+04    1.2897802678e-01
    7.4600000000e+04    1.6027079403e-01
    7.4700000000e+04    1.4630410153e-01
    7.4800000000e+04    1.5160175345e-01
    7.4900000000e+04    1.4117442310e-01
    7.5000000000e+04    1.5203869742e-01
    7.5100000000e+04    1.4549210276e-01
    7.5200000000e+04    1.3903386211e-01
    7.5300000000e+04    1.4254422977e-01
    7.5400000000e+04    2.1373154375e-01
    7.5500000000e+04    1.9288744442e-01
    7.5600000000e+04    9.4323548719e-02
    7.5700000000e+04    1.1085878302e-01
    7.5800000000e+04    1.7211236990e-01
    7.5900000000e+04    1.6833653297e-01
    7.6000000000e+04    1.6869644645e-01
    7.6100000000e+04    1.7401395820e-01
    7.6200000000e+04    1.1394411686e-01
    7.6300000000e+04    1.0826065448e-01
    7.6400000000e+04    1.3412535754e-01
    7.6500000000e+04    1.3301011091e-01
    7.6600000000e+04    1.6359310832e-01
    7.6700000000e+04    1.8899941048e-01
    7.6800000000e+04    1.5620949214e-01
    7.6900000000e+04    1.1837223082e-01
    7.7000000000e+04    1.2513936546e-01
    7.7100000000e+04    1.4765633683e-01
    7.7200000000e+04    1.7234719351e-01
    7.7300000000e+04    1.5246338727e-01
    7.7400000000e+04    1.4410603477e-01
    7.7500000000e+04    1.3562786822e-01
    7.7600000000e+04    1.1796776083e-01
    7.7700000000e+04    1.1448667342e-01
    7.7800000000e+04    1.3786489797e-01
    7.7900000000e+04    1.2471441954e-01
    7.8000000000e+04    1.9903102378e-01
    7.8100000000e+04    2.2749510888e-01
    7.8200000000e+04    1.9220749562e-01
    7.8300000000e+04    1.5514905461e-01
    7.8400000000e+04    1.2403300706e-01
    7.8500000000e+04    1.1581641417e-01
    7.8600000000e+04    1.8106730842e-01
    7.8700000000e+04    1.6889190008e-01
    7.8800000000e+04    1.5742953909e-01
    7.8900000000e+04    1.8529815340e-01
    7.9000000000e+04    2.4018588730e-01
    7.9100000000e+04    1.4160614824e-01
    7.9200000000e+04    1.0898753491e-01
    7.9300000000e+04    8.5126967686e-02
    7.9400000000e+04    1.3126309162e-01
    7.9500000000e+04    1.4354449853e-01
    7.9600000000e+04    1.4372500159e-01
    7.9700000000e+04    1.3743267976e-01
    7.9800000000e+04    1.0488785572e-01
    7.9900000000e+04    1.5154660076e-01
    8.0000000000e+04    1.0864187739e-01
    8.0100000000e+04    1.2980383922e-01
    8.0200000000e+04    1.3494149035e-01
    8.0300000000e+04    1.4390367460e-01
    8.0400000000e+04    1.7777880482e-01
    8.0500000000e+04    1.3372866129e-01
    8.0600000000e+04    1.4471550208e-01
    8.0700000000e+04    1.1031510160e-01
    8.0800000000e+04    1.7124909833e-01
    8.0900000000e+04    1.4356965954e-01
    8.1000000000e+04    1.5412154329e-01
    8.1100000000e+04    1.0945368212e-01
    8.1200000000e+04    1.0684816777e-01
    8.1300000000e+04    1.4464556060e-01
    8.1400000000e+04    1.6551347939e-01
    8.1500000000e+04    1.2390384422e-01
    8.1600000000e+04    1.2785426008e-01
    8.1700000000e+04    1.0523544282e-01
    8.1800000000e+04    1.7252847668e-01
    8.1900000000e+04    1.4441609921e-01
    8.2000000000e+04    1.3233678861e-01
    8.2100000000e+04    1.3947557226e-01
    8.2200000000e+04    1.7519914465e-01
    8.2300000000e+04    1.4033096216e-01
    8.2400000000e+04    1.2281438403e-01
    8.2500000000e+04    1.3604528936e-01
    8.2600000000e+04    1.3051743979e-01
    8.2700000000e+04    1.1398809420e-01
    8.2800000000e+04    8.5621477552e-02
    8.2900000000e+04    8.8872333300e-02
    8.3000000000e+04    1.2826117231e-01
    8.3100000000e+04    9.9144468227e-02
    8.3200000000e+04    1.1794807016e-01
    8.3300000000e+04    1.0359230895e-01
    8.3400000000e+04    1.0059044111e-01
    8.3500000000e+04    1.1858203321e-01
    8.3600000000e+04    1.4426045513e-01
    8.3700000000e+04    1.2391155506e-01
    8.3800000000e+04    1.7738119610e-01
    8.3900000000e+04    1.6164448027e-01
    8.4000000000e+04    1.9806970127e-01
    8.4100000000e+04    1.8084447859e-01
    8.4200000000e+04    1.2473597225e-01
    8.4300000000e+04    1.0465631678e-01
    8.4400000000e+04    1.1233050543e-01
    8.4500000000e+04    1.1697435066e-01
    8.4600000000e+04    1.1418017384e-01
    8.4700000000e+04    1.1166714399e-01
    8.4800000000e+04    1.0795137854e-01
    8.4900000000e+04    1.0187871005e-01
    8.5000000000e+04    9.4297412199e-02
    8.5100000000e+04    1.2526376254e-01
    8.5200000000e+04    9.0840642048e-02
    8.5300000000e+04    9.8173252211e-02
    8.5400000000e+04    9.6183752495e-02
    8.5500000000e+04    1.4581586456e-01
    8.5600000000e+04    1.0680045119e-01
    8.5700000000e+04    1.1292086514e-01
    8.5800000000e+04    9.1979105213e-02
    8.5900000000e+04    8.4795725661e-02
    8.6000000000e+04    9.7635744543e-02
    8.6100000000e+04    1.0692288260e-01
    8.6200000000e+04    8.4583685312e-02
    8.6300000000e+04    9.4891361054e-02
    8.6400000000e+04    1.4597713211e-01
    8.6500000000e+04    1.7778548464e-01
    8.6600000000e+04    1.7114409276e-01
    8.6700000000e+04    9.5109609357e-02
    8.6800000000e+04    1.1036326318e-01
    8.6900000000e+04    1.3893448288e-01
    8.7000000000e+04    1.1721063975e-01
    8.7100000000e+04    1.8488482504e-01
    8.7200000000e+04    2.0585932630e-01
    8.7300000000e+04    1.4551401317e-01
    8.7400000000e+04    1.3905759828e-01
    8.7500000000e+04    1.3196807526e-01
    8.7600000000e+04    9.8756334766e-02
    8.7700000000e+04    6.5980961138e-02
    8.7800000000e+04    7.0719043513e-02
    8.7900000000e+04    1.0960566670e-01
    8.8000000000e+04    1.1322222542e-01
    8.8100000000e+04    1.3437121374e-01
    8.8200000000e+04    1.4095196760e-01
    8.8300000000e+04    1.4514361419e-01
    8.8400000000e+04    1.3835580625e-01
    8.8500000000e+04    1.3903032485e-01
    8.8600000000e+04    1.3414236763e-01
    8.8700000000e+04    1.3618457266e-01
    8.8800000000e+04    1.1910670403e-01
    8.8900000000e+04    1.3071425808e-01
    8.9000000000e+04    1.6497753198e-01
    8.9100000000e+04    1.2595399773e-01
    8.9200000000e+04    1.3537888827e-01
    8.9300000000e+04    1.3699753301e-01
    8.9400000000e+04    1.0578730041e-01
    8.9500000000e+04    1.1999713512e-01
    8.9600000000e+04    1.2241782178e-01
    8.9700000000e+04    1.2403773130e-01
    8.9800000000e+04    1.4650943069e-01
    8.9900000000e+04    2.1530493146e-01
    9.0000000000e+04    1.5570127519e-01
    9.0100000000e+04    8.5967908777e-02
    9.0200000000e+04    7.7660945790e-02
    9.0300000000e+04    9.2627421631e-02
    9.0400000000e+04    7.5021766192e-02
    9.0500000000e+04    1.2145975308e-01
    9.0600000000e+04    1.3151085050e-01
    9.0700000000e+04    1.6301994737e-01
    9.0800000000e+04    1.3187347128e-01
    9.0900000000e+04    9.3492711314e-02
    9.1000000000e+04    1.3230530858e-01
    9.1100000000e+04    1.0238524628e-01
    9.1200000000e+04    1.0683238335e-01
    9.1300000000e+04    1.4935528167e-01
    9.1400000000e+04    1.3864418056e-01
    9.1500000000e+04    1.9134636541e-01
    9.1600000000e+04    8.1281202702e-02
    9.1700000000e+04    8.3592203139e-02
    9.1800000000e+04    1.0229294186e-01
    9.1900000000e+04    1.0607051054e-01
    9.2000000000e+04    1.2217462532e-01
    9.2100000000e+04    1.0485995227e-01
    9.2200000000e+04    1.1698250593e-01
    9.2300000000e+04    1.0556790536e-01
    9.2400000000e+04    9.7468976337e-02
    9.2500000000e+04    9.4356313878e-02
    9.2600000000e+04    8.7454240506e-02
    9.2700000000e+04    1.3533610375e-01
    9.2800000000e+04    1.8680852819e-01
    9.2900000000e+04    1.1644401105e-01
    9.3000000000e+04    1.0853670951e-01
    9.3100000000e+04    9.0992993504e-02
    9.3200000000e+04    1.2089610766e-01
    9.3300000000e+04    1.4023338066e-01
    9.3400000000e+04    1.1542173802e-01
    9.3500000000e+04    7.1700416521e-02
    9.3600000000e+04    1.6484310320e-01
    9.3700000000e+04    1.3382906170e-01
    9.3800000000e+04    1.4647653681e-01
    9.3900000000e+04    1.2776040231e-01
    9.4000000000e+04    1.1926769865e-01
    9.4100000000e+04    1.3941687776e-01
    9.4200000000e+04    1.4758125859e-01
    9.4300000000e+04    1.4868567024e-01
    9.4400000000e+04    1.1823192642e-01
    9.4500000000e+04    1.4774548848e-01
    9.4600000000e+04    1.5570818912e-01
    9.4700000000e+04    1.6282752930e-01
    9.4800000000e+04    1.0191468719e-01
    9.4900000000e+04    1.1543670714e-01
    9.5000000000e+04    1.1040354102e-01
    9.5100000000e+04    1.4116856486e-01
    9.5200000000e+04    1.2712135290e-01
    9.5300000000e+04    1.7112221672e-01
    9.5400000000e+04    1.6450369424e-01
    9.5500000000e+04    1.1614545917e-01
    9.5600000000e+04    1.2866596768e-01
    9.5700000000e+04    1.4559304853e-01
    9.5800000000e+04    2.0668413048e-01
    9.5900000000e+04    1.7635239145e-01
    9.6000000000e+04    1.3813108008e-01
    9.6100000000e+04    9.7887767148e-02
    9.6200000000e+04    9.7769696202e-02
    9.6300000000e+04    8.8242997664e-02
    9.6400000000e+04    1.5678097237e-01
    9.6500000000e+04    1.1067639430e-01
    9.6600000000e+04    1.4302610010e-01
    9.6700000000e+04    1.7539070177e-01
    9.6800000000e+04    1.1818711272e-01
    9.6900000000e+04    9.8361015032e-02
    9.7000000000e+04    9.8707123476e-02
    9.7100000000e+04    8.6264507835e-02
    9.7200000000e+04    1.2713314553e-01
    9.7300000000e+04    1.0569150223e-01
    9.7400000000e+04    1.4637028601e-01
    9.7500000000e+04    1.7425287829e-01
    9.7600000000e+04    1.6391436455e-01
    9.7700000000e+04    1.1747714113e-01
    9.7800000000e+04    1.0515667979e-01
    9.7900000000e+04    1.4721843873e-01
    9.8000000000e+04    9.1641141826e-02
    9.8100000000e+04    1.0236505475e-01
    9.8200000000e+04    1.5516777477e-01
    9.8300000000e+04    1.7598544316e-01
    9.8400000000e+04    1.7946746969e-01
    9.8500000000e+04    1.7269881777e-01
    9.8600000000e+04    1.9681161614e-01
    9.8700000000e+04    1.1304447337e-01
    9.8800000000e+04    1.8624081131e-01
    9.8900000000e+04    1.0832792141e-01
    9.9000000000e+04    1.6740949997e-01
    9.9100000000e+04    1.2983490137e-01
    9.9200000000e+04    1.1922379174e-01
    9.9300000000e+04    1.5148059713e-01
    9.9400000000e+04    1.5393977536e-01
    9.9500000000e+04    1.7875037852e-01
    9.9600000000e+04    2.0413489480e-01
    9.9700000000e+04    2.0529813155e-01
    9.9800000000e+04    1.4561945624e-01
    9.9900000000e+04    1.5202909031e-01
    1.0000000000e+05    1.2804200412e-01
    1.0010000000e+05    1.1716875986e-01
    1.0020000000e+05    1.3273448574e-01
    1.0030000000e+05    1.7320503386e-01
    1.0040000000e+05    1.9119718584e-01
    1.0050000000e+05    2.0963226548e-01
    1.0060000000e+05    1.2428708356e-01
    1.0070000000e+05    1.1577982525e-01
    1.0080000000e+05    1.2894417516e-01
    1.0090000000e+05    1.7919993431e-01
    1.0100000000e+05    1.7888079984e-01
    1.0110000000e+05    1.6835745590e-01
    1.0120000000e+05    1.4630570825e-01
    1.0130000000e+05    1.1351420879e-01
    1.0140000000e+05    1.4051693166e-01
    1.0150000000e+05    1.3746167209e-01
    1.0160000000e+05    1.2481155139e-01
    1.0170000000e+05    1.4334672030e-01
    1.0180000000e+05    1.1904265018e-01
    1.0190000000e+05    1.2084491269e-01
    1.0200000000e+05    8.8655985619e-02
    1.0210000000e+05    1.0781938779e-01
    1.0220000000e+05    1.1389720802e-01
    1.0230000000e+05    1.1618684011e-01
    1.0240000000e+05    1.2465162991e-01
    1.0250000000e+05    1.4739941561e-01
    1.0260000000e+05    1.6391228045e-01
    1.0270000000e+05    1.4417770291e-01
    1.0280000000e+05    1.1011159599e-01
    1.0290000000e+05    1.2422272592e-01
    1.0300000000e+05    7.5678160291e-02
    1.0310000000e+05    1.2765198729e-01
    1.0320000000e+05    1.3613628953e-01
    1.0330000000e+05    1.3525815856e-01
    1.0340000000e+05    1.3926243350e-01
    1.0350000000e+05    1.0626928836e-01
    1.0360000000e+05    8.3129147673e-02
    1.0370000000e+05    1.1184273398e-01
    1.0380000000e+05    8.1075441988e-02
    1.0390000000e+05    6.9867301252e-02
    1.0400000000e+05    1.3037632671e-01
    1.0410000000e+05    1.9425882913e-01
    1.0420000000e+05    1.4235362883e-01
    1.0430000000e+05    1.3892069820e-01
    1.0440000000e+05    1.3525530682e-01
    1.0450000000e+05    9.7043969351e-02
    1.0460000000e+05    1.1548209817e-01
    1.0470000000e+05    1.2106317074e-01
    1.0480000000e+05    1.3426085498e-01
    1.0490000000e+05    1.3017655282e-01
    1.0500000000e+05    1.5360820754e-01
    1.0510000000e+05    1.5051987572e-01
    1.0520000000e+05    1.2060561216e-01
    1.0530000000e+05    1.2209849121e-01
    1.0540000000e+05    1.1617317643e-01
    1.0550000000e+05    1.5701609973e-01
    1.0560000000e+05    1.5064190387e-01
    1.0570000000e+05    1.2095922407e-01
    1.0580000000e+05    1.8973089656e-01
    1.0590000000e+05    1.6718852617e-01
    1.0600000000e+05    1.2690793720e-01
    1.0610000000e+05    1.4142308424e-01
    1.0620000000e+05    1.3046568412e-01
    1.0630000000e+05    1.0350449135e-01
    1.0640000000e+05    1.9056173439e-01
    1.0650000000e+05    1.7729582914e-01
    1.0660000000e+05    1.3646070802e-01
    1.0670000000e+05    1.4273220727e-01
    1.0680000000e+05    1.2081480465e-01
    1.0690000000e+05    9.6770164369e-02
    1.0700000000e+05    6.4356413182e-02
    1.0710000000e+05    8.8272644402e-02
    1.0720000000e+05    1.0318391165e-01
    1.0730000000e+05    1.3191035365e-01
    1.0740000000e+05    2.9226988978e-01
    1.0750000000e+05    1.5135175566e-01
    1.0760000000e+05    1.3509169590e-01
    1.0770000000e+05    1.4357618043e-01
    1.0780000000e+05    1.1796619291e-01
    1.0790000000e+05    6.9887091248e-02
    1.0800000000e+05    8.1433845918e-02
    1.0810000000e+05    8.6267210001e-02
    1.0820000000e+05    9.0192606055e-02
    1.0830000000e+05    1.7929736931e-01
    1.0840000000e+05    1.8627352429e-01
    1.0850000000e+05    1.6914203623e-01
    1.0860000000e+05    1.2866240538e-01
    1.0870000000e+05    9.5938184016e-02
    1.0880000000e+05    1.1244436178e-01
    1.0890000000e+05    8.2488523879e-02
    1.0900000000e+05    8.0794450472e-02
    1.0910000000e+05    1.5451244707e-01
    1.0920000000e+05    1.6592679073e-01
    1.0930000000e+05    1.6401391698e-01
    1.0940000000e+05    1.3037435556e-01
    1.0950000000e+05    9.0038559707e-02
    1.0960000000e+05    9.4154165818e-02
    1.0970000000e+05    1.1782518605e-01
    1.0980000000e+05    1.0112649458e-01
    1.0990000000e+05    1.2878369549e-01
    1.1000000000e+05    1.5150298340e-01
    1.1010000000e+05    1.1395089758e-01
    1.1020000000e+05    1.1719361410e-01
    1.1030000000e+05    8.8651996797e-02
    1.1040000000e+05    9.1955658797e-02
    1.1050000000e+05    1.3818393986e-01
    1.1060000000e+05    1.2309670087e-01
    1.1070000000e+05    1.0732768609e-01
    1.1080000000e+05    1.3375426498e-01
    1.1090000000e+05    1.2035996740e-01
    1.1100000000e+05    9.3375645044e-02
    1.1110000000e+05    8.3243642625e-02
    1.1120000000e+05    1.1730809610e-01
    1.1130000000e+05    1.0425632957e-01
    1.1140000000e+05    1.4298455413e-01
    1.1150000000e+05    1.3433588453e-01
    1.1160000000e+05    1.1698866796e-01
    1.1170000000e+05    1.3498268820e-01
    1.1180000000e+05    1.1056582390e-01
    1.1190000000e+05    1.0365217283e-01
    1.1200000000e+05    1.1534224503e-01
    1.1210000000e+05    1.3358253029e-01
    1.1220000000e+05    1.3658757098e-01
    1.1230000000e+05    1.1848569023e-01
    1.1240000000e+05    1.2188248737e-01
    1.1250000000e+05    1.3458398637e-01
    1.1260000000e+05    1.2126076182e-01
    1.1270000000e+05    1.1933410596e-01
    1.1280000000e+05    1.3017453384e-01
    1.1290000000e+05    1.3926366566e-01
    1.1300000000e+05    1.1726376605e-01
    1.1310000000e+05    1.4784550245e-01
    1.1320000000e+05    1.2825774694e-01
    1.1330000000e+05    1.6906335498e-01
    1.1340000000e+05    1.7522701762e-01
    1.1350000000e+05    1.9012588389e-01
    1.1360000000e+05    2.2436279295e-01
    1.1370000000e+05    1.4407574159e-01
    1.1380000000e+05    1.5625007516e-01
    1.1390000000e+05    1.0014013076e-01
    1.1400000000e+05    9.2919741545e-02
    1.1410000000e+05    8.3621112786e-02
    1.1420000000e+05    1.2037690827e-01
    1.1430000000e+05    1.6762525105e-01
    1.1440000000e+05    1.2811001242e-01
    1.1450000000e+05    1.2271035787e-01
    1.1460000000e+05    1.1956699570e-01
    1.1470000000e+05    1.2580820675e-01
    1.1480000000e+05    1.2014249222e-01
    1.1490000000e+05    1.4728466950e-01
    1.1500000000e+05    1.4423832813e-01
    1.1510000000e+05    1.7997309688e-01
    1.1520000000e+05    1.4568827837e-01
    1.1530000000e+05    1.4984393531e-01
    1.1540000000e+05    1.3316718574e-01
    1.1550000000e+05    1.7564610948e-01
    1.1560000000e+05    1.4925981417e-01
    1.1570000000e+05    1.3257577698e-01
    1.1580000000e+05    1.6368321951e-01
    1.1590000000e+05    1.8468518601e-01
    1.1600000000e+05    1.3834371310e-01
    1.1610000000e+05    1.2836590909e-01
    1.1620000000e+05    1.4830954538e-01
    1.1630000000e+05    1.6429842375e-01
    1.1640000000e+05    2.6735752557e-01
    1.1650000000e+05    1.9110573705e-01
    1.1660000000e+05    1.0824024937e-01
    1.1670000000e+05    1.4238422311e-01
    1.1680000000e+05    1.3010690153e-01
    1.1690000000e+05    1.0053788348e-01
    1.1700000000e+05    1.8311452855e-01
    1.1710000000e+05    1.4313492705e-01
    1.1720000000e+05    1.0576571287e-01
    1.1730000000e+05    1.5644163654e-01
    1.1740000000e+05    1.2383077716e-01
    1.1750000000e+05    1.1768795434e-01
    1.1760000000e+05    1.1853233445e-01
    1.1770000000e+05    1.2715353491e-01
    1.1780000000e+05    1.5297994146e-01
    1.1790000000e+05    1.9082363217e-01
    1.1800000000e+05    1.6023472645e-01
    1.1810000000e+05    1.1984030695e-01
    1.1820000000e+05    1.5936200274e-01
    1.1830000000e+05    7.8815493709e-02
    1.1840000000e+05    1.0460483031e-01
    1.1850000000e+05    1.6381039567e-01
    1.1860000000e+05    1.8017108505e-01
    1.1870000000e+05    1.2387237995e-01
    1.1880000000e+05    1.3315458830e-01
    1.1890000000e+05    1.4094949573e-01
    1.1900000000e+05    1.6883308147e-01
    1.1910000000e+05    1.4688077860e-01
    1.1920000000e+05    1.0309514221e-01
    1.1930000000e+05    1.0911096978e-01
    1.1940000000e+05    1.1861027160e-01
    1.1950000000e+05    1.2117347887e-01
    1.1960000000e+05    1.2895020917e-01
    1.1970000000e+05    1.4371657073e-01
    1.1980000000e+05    1.3135476964e-01
    1.1990000000e+05    1.5054413659e-01
    1.2000000000e+05    1.1660315015e-01
    1.2010000000e+05    1.4372384682e-01
    1.2020000000e+05    1.4405853186e-01
    1.2030000000e+05    1.2694620820e-01
    1.2040000000e+05    1.0510199461e-01
    1.2050000000e+05    9.9673812152e-02
    1.2060000000e+05    1.0762230717e-01
    1.2070000000e+05    1.6636352502e-01
    1.2080000000e+05    2.0358989931e-01
    1.2090000000e+05    1.8345744226e-01
    1.2100000000e+05    1.1349433052e-01
    1.2110000000e+05    1.1903971093e-01
    1.2120000000e+05    1.0912237480e-01
    1.2130000000e+05    9.8824187039e-02
    1.2140000000e+05    1.1537899263e-01
    1.2150000000e+05    1.5214185930e-01
    1.2160000000e+05    1.2355807730e-01
    1.2170000000e+05    1.1471052061e-01
    1.2180000000e+05    1.2793888362e-01
    1.2190000000e+05    1.5200263088e-01
    1.2200000000e+05    9.0265092187e-02
    1.2210000000e+05    1.0648311712e-01
    1.2220000000e+05    1.3867726642e-01
    1.2230000000e+05    1.4265593331e-01
    1.2240000000e+05    1.2554187809e-01
    1.2250000000e+05    1.3033772969e-01
    1.2260000000e+05    1.8243458242e-01
    1.2270000000e+05    1.8648670782e-01
    1.2280000000e+05    1.9151567085e-01
    1.2290000000e+05    1.5340608453e-01
    1.2300000000e+05    1.6412872815e-01
    1.2310000000e+05    1.6887387607e-01
    1.2320000000e+05    1.3198707721e-01
    1.2330000000e+05    1.4775487717e-01
    1.2340000000e+05    1.4630461471e-01
    1.2350000000e+05    1.6518296872e-01
    1.2360000000e+05    1.7199827919e-01
    1.2370000000e+05    1.5480084737e-01
    1.2380000000e+05    1.2212722779e-01
    1.2390000000e+05    9.8413011758e-02
    1.2400000000e+05    1.0837208003e-01
    1.2410000000e+05    1.3748556606e-01
    1.2420000000e+05    1.4255731123e-01
    1.2430000000e+05    1.9495787369e-01
    1.2440000000e+05    1.5496131059e-01
    1.2450000000e+05    1.8687436915e-01
    1.2460000000e+05    2.0619707711e-01
    1.2470000000e+05    2.2598584265e-01
    1.2480000000e+05    1.6755646587e-01
    1.2490000000e+05    1.2440635811e-01
    1.2500000000e+05    1.1293979496e-01
    1.2510000000e+05    1.0571836500e-01
    1.2520000000e+05    1.6658167447e-01
    1.2530000000e+05    2.2442079321e-01
    1.2540000000e+05    1.8003523185e-01
    1.2550000000e+05    1.4518021909e-01
    1.2560000000e+05    1.2091244149e-01
    1.2570000000e+05    9.7525104838e-02
    1.2580000000e+05    1.8300464872e-01
    1.2590000000e+05    1.2171840675e-01
    1.2600000000e+05    8.2595105985e-02
    1.2610000000e+05    1.1030026258e-01
    1.2620000000e+05    2.0018971801e-01
    1.2630000000e+05    1.8652696793e-01
    1.2640000000e+05    2.2105423517e-01
    1.2650000000e+05    1.3129909208e-01
    1.2660000000e+05    8.4411186344e-02
    1.2670000000e+05    7.4340532094e-02
    1.2680000000e+05    1.0894888463e-01
    1.2690000000e+05    1.6841337114e-01
    1.2700000000e+05    2.2144092133e-01
    1.2710000000e+05    1.8335671338e-01
    1.2720000000e+05    1.9012215652e-01
    1.2730000000e+05    2.3697826311e-01
    1.2740000000e+05    1.7780338543e-01
    1.2750000000e+05    2.0434429144e-01
    1.2760000000e+05    1.1676712198e-01
    1.2770000000e+05    1.1033409957e-01
    1.2780000000e+05    1.6349469120e-01
    1.2790000000e+05    1.8912287803e-01
    1.2800000000e+05    1.4919139724e-01
    1.2810000000e+05    1.2618714147e-01
    1.2820000000e+05    1.1497840170e-01
    1.2830000000e+05    1.2670476173e-01
    1.2840000000e+05    1.6056763600e-01
    1.2850000000e+05    2.0626730549e-01
    1.2860000000e+05    1.9256991573e-01
    1.2870000000e+05    2.0537425391e-01
    1.2880000000e+05    1.8585123549e-01
    1.2890000000e+05    1.4313803492e-01
    1.2900000000e+05    1.6167208496e-01
    1.2910000000e+05    1.5765411158e-01
    1.2920000000e+05    1.4782361355e-01
    1.2930000000e+05    1.4072177240e-01
    1.2940000000e+05    2.1725151014e-01
    1.2950000000e+05    2.6741813105e-01
    1.2960000000e+05    2.4280449243e-01
    1.2970000000e+05    1.5631601145e-01
    1.2980000000e+05    1.1960432364e-01
    1.2990000000e+05    1.1814874809e-01
    1.3000000000e+05    1.1107866444e-01
    1.3010000000e+05    1.4361142477e-01
    1.3020000000e+05    1.8211013778e-01
    1.3030000000e+05    1.6596915938e-01
    1.3040000000e+05    1.7257033157e-01
    1.3050000000e+05    1.7460111427e-01
    1.3060000000e+05    1.2035799593e-01
    1.3070000000e+05    1.0470059321e-01
    1.3080000000e+05    1.0134565242e-01
    1.3090000000e+05    1.0708058374e-01
    1.3100000000e+05    1.0381393499e-01
    1.3110000000e+05    1.9434701656e-01
    1.3120000000e+05    1.5651226217e-01
    1.3130000000e+05    1.3508830082e-01
    1.3140000000e+05    1.1612214117e-01
    1.3150000000e+05    1.2169972169e-01
    1.3160000000e+05    8.0110448443e-02
    1.3170000000e+05    9.9785302927e-02
    1.3180000000e+05    1.1468768925e-01
    1.3190000000e+05    1.1032747070e-01
    1.3200000000e+05    1.3574854783e-01
    1.3210000000e+05    1.6767137047e-01
    1.3220000000e+05    2.2848456103e-01
    1.3230000000e+05    1.5102355426e-01
    1.3240000000e+05    7.9781800138e-02
    1.3250000000e+05    1.0992190072e-01
    1.3260000000e+05    1.2229975739e-01
    1.3270000000e+05    1.0317789582e-01
    1.3280000000e+05    1.6751065104e-01
    1.3290000000e+05    1.8360582960e-01
    1.3300000000e+05    1.5591278116e-01
    1.3310000000e+05    1.3106324559e-01
    1.3320000000e+05    1.4926658775e-01
    1.3330000000e+05    1.0415608533e-01
    1.3340000000e+05    1.0191903096e-01
    1.3350000000e+05    1.0495870872e-01
    1.3360000000e+05    1.4464100192e-01
    1.3370000000e+05    1.0740594625e-01
    1.3380000000e+05    1.1816873992e-01
    1.3390000000e+05    1.0701200580e-01
    1.3400000000e+05    1.0515728786e-01
    1.3410000000e+05    1.1317867716e-01
    1.3420000000e+05    1.2241513358e-01
    1.3430000000e+05    1.4262633147e-01
    1.3440000000e+05    1.3924726560e-01
    1.3450000000e+05    8.2616598760e-02
    1.3460000000e+05    1.7398989330e-01
    1.3470000000e+05    1.1440281280e-01
    1.3480000000e+05    1.2122663098e-01
    1.3490000000e+05    1.2129532596e-01
    1.3500000000e+05    1.2131909823e-01
    1.3510000000e+05    1.4958500403e-01
    1.3520000000e+05    1.9117183401e-01
    1.3530000000e+05    1.4776825090e-01
    1.3540000000e+05    1.2738087776e-01
    1.3550000000e+05    1.0278028575e-01
    1.3560000000e+05    9.9427974291e-02
    1.3570000000e+05    9.4813436475e-02
    1.3580000000e+05    1.6282744905e-01
    1.3590000000e+05    1.2455521808e-01
    1.3600000000e+05    1.0988039058e-01
    1.3610000000e+05    1.2363844654e-01
    1.3620000000e+05    8.9313726856e-02
    1.3630000000e+05    1.2463967462e-01
    1.3640000000e+05    1.3433327923e-01
    1.3650000000e+05    1.2627866549e-01
    1.3660000000e+05    1.6266054849e-01
    1.3670000000e+05    1.4565921446e-01
    1.3680000000e+05    1.7124371813e-01
    1.3690000000e+05    9.1617469084e-02
    1.3700000000e+05    1.0863542556e-01
    1.3710000000e+05    1.1793270608e-01
    1.3720000000e+05    1.0435157176e-01
    1.3730000000e+05    1.0026803251e-01
    1.3740000000e+05    1.1656493050e-01
    1.3750000000e+05    1.4921099969e-01
    1.3760000000e+05    1.5624287186e-01
    1.3770000000e+05    1.2751984031e-01
    1.3780000000e+05    8.6694743661e-02
    1.3790000000e+05    1.2629670802e-01
    1.3800000000e+05    1.4550344201e-01
    1.3810000000e+05    1.5034433515e-01
    1.3820000000e+05    1.6114734012e-01
    1.3830000000e+05    1.4307203258e-01
    1.3840000000e+05    1.3737528445e-01
    1.3850000000e+05    1.2828245205e-01
    1.3860000000e+05    9.3748542956e-02
    1.3870000000e+05    7.6089717564e-02
    1.3880000000e+05    9.1344484816e-02
    1.3890000000e+05    1.5222226895e-01
    1.3900000000e+05    1.4905364154e-01
    1.3910000000e+05    1.2795518017e-01
    1.3920000000e+05    2.0723009157e-01
    1.3930000000e+05    1.5856170226e-01
    1.3940000000e+05    1.3035141066e-01
    1.3950000000e+05    1.0966831066e-01
    1.3960000000e+05    1.6946232905e-01
    1.3970000000e+05    1.3038470893e-01
    1.3980000000e+05    1.1777925314e-01
    1.3990000000e+05    1.1589038671e-01
    1.4000000000e+05    1.3556200810e-01
    1.4010000000e+05    1.5461394109e-01
    1.4020000000e+05    1.9014681483e-01
    1.4030000000e+05    1.2468265741e-01
    1.4040000000e+05    1.0885194146e-01
    1.4050000000e+05    1.4028403842e-01
    1.4060000000e+05    1.8595533331e-01
    1.4070000000e+05    1.7443643600e-01
    1.4080000000e+05    1.3447212022e-01
    1.4090000000e+05    8.2936010868e-02
    1.4100000000e+05    9.5754562520e-02
    1.4110000000e+05    1.1281758404e-01
    1.4120000000e+05    1.2647189264e-01
    1.4130000000e+05    1.6059345022e-01
    1.4140000000e+05    1.9279860453e-01
    1.4150000000e+05    1.5143691589e-01
    1.4160000000e+05    1.2192158374e-01
    1.4170000000e+05    1.3092176529e-01
    1.4180000000e+05    1.4081208827e-01
    1.4190000000e+05    1.3673795285e-01
    1.4200000000e+05    1.6794806630e-01
    1.4210000000e+05    1.1092904519e-01
    1.4220000000e+05    1.3630568489e-01
    1.4230000000e+05    1.6756994549e-01
    1.4240000000e+05    1.3070968710e-01
    1.4250000000e+05    1.4937596787e-01
    1.4260000000e+05    1.3845771224e-01
    1.4270000000e+05    1.4514387112e-01
    1.4280000000e+05    1.6179367827e-01
    1.4290000000e+05    1.2354811835e-01
    1.4300000000e+05    1.6349275965e-01
    1.4310000000e+05    2.4769276356e-01
    1.4320000000e+05    2.2060845683e-01
    1.4330000000e+05    1.4101900107e-01
    1.4340000000e+05    1.0993621601e-01
    1.4350000000e+05    9.2215797093e-02
    1.4360000000e+05    1.2858796007e-01
    1.4370000000e+05    2.2148876114e-01
    1.4380000000e+05    2.2449262858e-01
    1.4390000000e+05    2.5446337486e-01
    1.4400000000e+05    1.8727142800e-01
    1.4410000000e+05    1.4502943183e-01
    1.4420000000e+05    1.2615962278e-01
    1.4430000000e+05    9.7928949952e-02
    1.4440000000e+05    1.0187537778e-01
    1.4450000000e+05    1.9278321760e-01
    1.4460000000e+05    2.1171041586e-01
    1.4470000000e+05    2.2044188004e-01
    1.4480000000e+05    1.8797882338e-01
    1.4490000000e+05    1.3484762892e-01
    1.4500000000e+05    1.3286596777e-01
    1.4510000000e+05    8.8915289235e-02
    1.4520000000e+05    1.1056332655e-01
    1.4530000000e+05    1.2542267251e-01
    1.4540000000e+05    1.7896423527e-01
    1.4550000000e+05    1.4931030580e-01
    1.4560000000e+05    1.5838224597e-01
    1.4570000000e+05    1.2284527836e-01
    1.4580000000e+05    1.1800970538e-01
    1.4590000000e+05    1.6720657845e-01
    1.4600000000e+05    1.5861738060e-01
    1.4610000000e+05    1.2758530583e-01
    1.4620000000e+05    1.1487622262e-01
    1.4630000000e+05    1.1173357250e-01
    1.4640000000e+05    1.2702330373e-01
    1.4650000000e+05    1.0611978311e-01
    1.4660000000e+05    1.1938817568e-01
    1.4670000000e+05    1.2174146417e-01
    1.4680000000e+05    2.1449011575e-01
    1.4690000000e+05    1.5858986211e-01
    1.4700000000e+05    1.0501002393e-01
    1.4710000000e+05    1.0125773756e-01
    1.4720000000e+05    1.1011179429e-01
    1.4730000000e+05    1.6530093545e-01
    1.4740000000e+05    1.3824110521e-01
    1.4750000000e+05    1.1501221272e-01
    1.4760000000e+05    9.1550654552e-02
    1.4770000000e+05    8.9757393520e-02
    1.4780000000e+05    1.0708597097e-01
    1.4790000000e+05    1.5867523690e-01
    1.4800000000e+05    1.3594979761e-01
    1.4810000000e+05    1.4273522186e-01
    1.4820000000e+05    1.4572742703e-01
    1.4830000000e+05    8.9856705088e-02
    1.4840000000e+05    9.1434588296e-02
    1.4850000000e+05    1.2915951001e-01
    1.4860000000e+05    1.3079233366e-01
    1.4870000000e+05    1.4925860931e-01
    1.4880000000e+05    1.2614400123e-01
    1.4890000000e+05    1.2861103748e-01
    1.4900000000e+05    1.4279621300e-01
    1.4910000000e+05    1.0757673754e-01
    1.4920000000e+05    1.0163561307e-01
    1.4930000000e+05    9.8151840315e-02
    1.4940000000e+05    1.3292819346e-01
    1.4950000000e+05    2.1986595296e-01
    1.4960000000e+05    1.8179705918e-01
    1.4970000000e+05    9.4878252709e-02
    1.4980000000e+05    1.2939680751e-01
    1.4990000000e+05    8.4700797379e-02
    1.5000000000e+05    9.1714220615e-02
    1.5010000000e+05    1.1122608409e-01
    1.5020000000e+05    1.5413761120e-01
    1.5030000000e+05    1.3445094250e-01
    1.5040000000e+05    1.9543555859e-01
    1.5050000000e+05    1.1572072319e-01
    1.5060000000e+05    9.9677028729e-02
    1.5070000000e+05    1.0345874304e-01
    1.5080000000e+05    1.2300670953e-01
    1.5090000000e+05    1.0911969253e-01
    1.5100000000e+05    1.0384427922e-01
    1.5110000000e+05    1.3573387988e-01
    1.5120000000e+05    1.6285008414e-01
    1.5130000000e+05    1.1998046493e-01
    1.5140000000e+05    1.2736849435e-01
    1.5150000000e+05    1.1640099511e-01
    1.5160000000e+05    1.1805776554e-01
    1.5170000000e+05    1.9062934507e-01
    1.5180000000e+05    1.2424038703e-01
    1.5190000000e+05    1.3977105616e-01
    1.5200000000e+05    1.0942780377e-01
    1.5210000000e+05    1.1601764596e-01
    1.5220000000e+05    1.3031220540e-01
    1.5230000000e+05    1.0331645483e-01
    1.5240000000e+05    1.0252257710e-01
    1.5250000000e+05    1.5298499067e-01
    1.5260000000e+05    1.1960973511e-01
    1.5270000000e+05    1.4790002174e-01
    1.5280000000e+05    1.6139384564e-01
    1.5290000000e+05    1.3378027124e-01
    1.5300000000e+05    1.1749227808e-01
    1.5310000000e+05    1.1445050046e-01
    1.5320000000e+05    8.4533339742e-02
    1.5330000000e+05    7.6896155311e-02
    1.5340000000e+05    1.3166522553e-01
    1.5350000000e+05    2.0387774287e-01
    1.5360000000e+05    1.4458660463e-01
    1.5370000000e+05    1.1097473924e-01
    1.5380000000e+05    9.4820206746e-02
    1.5390000000e+05    9.6349269802e-02
    1.5400000000e+05    1.0254819673e-01
    1.5410000000e+05    1.4273998721e-01
    1.5420000000e+05    1.7700406742e-01
    1.5430000000e+05    1.1769785813e-01
    1.5440000000e+05    7.8525366992e-02
    1.5450000000e+05    8.7933685159e-02
    1.5460000000e+05    1.0386942539e-01
    1.5470000000e+05    1.1992585971e-01
    1.5480000000e+05    1.9657951901e-01
    1.5490000000e+05    2.0447731325e-01
    1.5500000000e+05    1.4894773627e-01
    1.5510000000e+05    1.0300545091e-01
    1.5520000000e+05    1.0759384643e-01
    1.5530000000e+05    1.2832618810e-01
    1.5540000000e+05    1.0353419607e-01
    1.5550000000e+05    1.2560840547e-01
    1.5560000000e+05    1.4385943730e-01
    1.5570000000e+05    1.6044269902e-01
    1.5580000000e+05    1.7455779198e-01
    1.5590000000e+05    1.0135708508e-01
    1.5600000000e+05    8.6892732831e-02
    1.5610000000e+05    1.3852249164e-01
    1.5620000000e+05    1.3519343946e-01
    1.5630000000e+05    1.3046710667e-01
    1.5640000000e+05    1.3265605576e-01
    1.5650000000e+05    1.4969389452e-01
    1.5660000000e+05    1.6496891290e-01
    1.5670000000e+05    1.4780683907e-01
    1.5680000000e+05    9.9718320460e-02
    1.5690000000e+05    8.8310521738e-02
    1.5700000000e+05    1.1808370903e-01
    1.5710000000e+05    1.4639184430e-01
    1.5720000000e+05    1.6030564684e-01
    1.5730000000e+05    9.6464000024e-02
    1.5740000000e+05    7.8293761938e-02
    1.5750000000e+05    9.6508237352e-02
    1.5760000000e+05    1.2591241256e-01
    1.5770000000e+05    1.4240145655e-01
    1.5780000000e+05    1.4871544610e-01
    1.5790000000e+05    1.2284058293e-01
    1.5800000000e+05    1.0632120565e-01
    1.5810000000e+05    9.7159989462e-02
    1.5820000000e+05    1.3259909505e-01
    1.5830000000e+05    1.4980911695e-01
    1.5840000000e+05    8.8704322768e-02
    1.5850000000e+05    1.3944302121e-01
    1.5860000000e+05    1.3121968818e-01
    1.5870000000e+05    1.2204722079e-01
    1.5880000000e+05    1.1311498315e-01
    1.5890000000e+05    9.3074536571e-02
    1.5900000000e+05    1.5792413795e-01
    1.5910000000e+05    1.7574746523e-01
    1.5920000000e+05    1.2305907986e-01
    1.5930000000e+05    7.6817989085e-02
    1.5940000000e+05    1.1421704964e-01
    1.5950000000e+05    9.7035834248e-02
    1.5960000000e+05    1.0546083350e-01
    1.5970000000e+05    1.7939206389e-01
    1.5980000000e+05    2.2434846351e-01
    1.5990000000e+05    2.2965197897e-01
    1.6000000000e+05    2.0002730466e-01
    1.6010000000e+05    1.2447609198e-01
    1.6020000000e+05    1.3292973187e-01
    1.6030000000e+05    1.5281093746e-01
    1.6040000000e+05    1.2366458043e-01
    1.6050000000e+05    1.4699075684e-01
    1.6060000000e+05    1.5160053732e-01
    1.6070000000e+05    1.2249167429e-01
    1.6080000000e+05    1.1882623754e-01
    1.6090000000e+05    1.5469497121e-01
    1.6100000000e+05    1.3011411840e-01
    1.6110000000e+05    1.4104961578e-01
    1.6120000000e+05    1.1497795820e-01
    1.6130000000e+05    1.2078980914e-01
    1.6140000000e+05    1.4772120592e-01
    1.6150000000e+05    1.4696957561e-01
    1.6160000000e+05    1.2177435940e-01
    1.6170000000e+05    1.1250634281e-01
    1.6180000000e+05    9.8657388038e-02
    1.6190000000e+05    1.8000207556e-01
    1.6200000000e+05    2.0372022743e-01
    1.6210000000e+05    1.4184436036e-01
    1.6220000000e+05    1.3550827203e-01
    1.6230000000e+05    1.2396202096e-01
    1.6240000000e+05    1.4974304365e-01
    1.6250000000e+05    1.0967463599e-01
    1.6260000000e+05    1.4059389696e-01
    1.6270000000e+05    2.1731900761e-01
    1.6280000000e+05    2.0603924088e-01
    1.6290000000e+05    1.9334870132e-01
    1.6300000000e+05    1.3886162355e-01
    1.6310000000e+05    1.4414510959e-01
    1.6320000000e+05    1.3308044042e-01
    1.6330000000e+05    1.5058147385e-01
    1.6340000000e+05    1.3335483645e-01
    1.6350000000e+05    1.3886650077e-01
    1.6360000000e+05    1.3476821408e-01
    1.6370000000e+05    1.3526215171e-01
    1.6380000000e+05    1.5969288638e-01
    1.6390000000e+05    1.2699129416e-01
    1.6400000000e+05    1.1703316495e-01
    1.6410000000e+05    1.3148117026e-01
    1.6420000000e+05    1.6024826152e-01
    1.6430000000e+05    2.0262084854e-01
    1.6440000000e+05    2.2430700857e-01
    1.6450000000e+05    8.1813125067e-02
    1.6460000000e+05    8.0461427606e-02
    1.6470000000e+05    1.9922633752e-01
    1.6480000000e+05    1.4226243551e-01
    1.6490000000e+05    1.3431336291e-01
    1.6500000000e+05    1.4850410533e-01
    1.6510000000e+05    1.4780809388e-01
    1.6520000000e+05    1.3381701835e-01
    1.6530000000e+05    1.3707917004e-01
    1.6540000000e+05    1.4335170441e-01
    1.6550000000e+05    1.6085758086e-01
    1.6560000000e+05    1.0291237929e-01
    1.6570000000e+05    1.1447011049e-01
    1.6580000000e+05    1.3505743470e-01
    1.6590000000e+05    1.3775168760e-01
    1.6600000000e+05    1.3485472745e-01
    1.6610000000e+05    1.9449845171e-01
    1.6620000000e+05    1.5324124862e-01
    1.6630000000e+05    1.4034337328e-01
    1.6640000000e+05    1.7958040526e-01
    1.6650000000e+05    1.2485156851e-01
    1.6660000000e+05    1.5639270163e-01
    1.6670000000e+05    1.1562199469e-01
    1.6680000000e+05    1.4716867058e-01
    1.6690000000e+05    1.6685813512e-01
    1.6700000000e+05    1.5803474179e-01
    1.6710000000e+05    2.0962307816e-01
    1.6720000000e+05    1.7629048286e-01
    1.6730000000e+05    1.8922802336e-01
    1.6740000000e+05    1.2693240957e-01
    1.6750000000e+05    1.6989192872e-01
    1.6760000000e+05    1.0655531971e-01
    1.6770000000e+05    1.1086744935e-01
    1.6780000000e+05    1.3070316722e-01
    1.6790000000e+05    1.6404472902e-01
    1.6800000000e+05    2.2243593117e-01
    1.6810000000e+05    2.8588547875e-01
    1.6820000000e+05    2.1497029318e-01
    1.6830000000e+05    1.4758493280e-01
    1.6840000000e+05    8.8338318891e-02
    1.6850000000e+05    1.1167789748e-01
    1.6860000000e+05    9.0672109476e-02
    1.6870000000e+05    1.2276906511e-01
    1.6880000000e+05    1.7075191269e-01
    1.6890000000e+05    1.2220602486e-01
    1.6900000000e+05    1.2466603639e-01
    1.6910000000e+05    1.7480367968e-01
    1.6920000000e+05    1.3028066978e-01
    1.6930000000e+05    1.0506350120e-01
    1.6940000000e+05    6.5879176004e-02
    1.6950000000e+05    6.8655244595e-02
    1.6960000000e+05    1.0663678865e-01
    1.6970000000e+05    1.0412907326e-01
    1.6980000000e+05    7.7364287353e-02
    1.6990000000e+05    9.0773118407e-02
    1.7000000000e+05    1.1991565011e-01
    1.7010000000e+05    9.5495976169e-02
    1.7020000000e+05    8.8935013790e-02
    1.7030000000e+05    1.5176981875e-01
    1.7040000000e+05    8.4159679619e-02
    1.7050000000e+05    7.8967021344e-02
    1.7060000000e+05    1.3575799824e-01
    1.7070000000e+05    1.2996592394e-01
    1.7080000000e+05    1.2981965496e-01
    1.7090000000e+05    1.1902018169e-01
    1.7100000000e+05    1.0926363154e-01
    1.7110000000e+05    9.2968960002e-02
    1.7120000000e+05    8.7779859356e-02
    1.7130000000e+05    1.1034258884e-01
    1.7140000000e+05    1.4603077491e-01
    1.7150000000e+05    1.4333513297e-01
    1.7160000000e+05    1.0014891873e-01
    1.7170000000e+05    9.7263220796e-02
    1.7180000000e+05    1.0731262817e-01
    1.7190000000e+05    8.6991796665e-02
    1.7200000000e+05    2.0072560965e-01
    1.7210000000e+05    1.4958944373e-01
    1.7220000000e+05    1.6014165185e-01
    1.7230000000e+05    1.2165324262e-01
    1.7240000000e+05    1.1007593626e-01
    1.7250000000e+05    1.0624358540e-01
    1.7260000000e+05    1.1356733338e-01
    1.7270000000e+05    1.4571276346e-01
    1.7280000000e+05    1.9141250590e-01
    1.7290000000e+05    1.3051928994e-01
    1.7300000000e+05    1.4875105821e-01
    1.7310000000e+05    7.9296576642e-02
    1.7320000000e+05    7.8729903043e-02
    1.7330000000e+05    1.1511564748e-01
    1.7340000000e+05    1.0775763331e-01
    1.7350000000e+05    1.6135817367e-01
    1.7360000000e+05    1.9987902322e-01
    1.7370000000e+05    1.6795077998e-01
    1.7380000000e+05    9.3070468075e-02
    1.7390000000e+05    1.2493207281e-01
    1.7400000000e+05    1.4335458335e-01
    1.7410000000e+05    1.1880807166e-01
    1.7420000000e+05    1.1926708289e-01
    1.7430000000e+05    1.3438294391e-01
    1.7440000000e+05    1.3609460463e-01
    1.7450000000e+05    1.3626565367e-01
    1.7460000000e+05    1.3011626251e-01
    1.7470000000e+05    9.6462753242e-02
    1.7480000000e+05    8.1333493980e-02
    1.7490000000e+05    1.2932952305e-01
    1.7500000000e+05    1.8929873875e-01
    1.7510000000e+05    2.4170954086e-01
    1.7520000000e+05    1.3032579659e-01
    1.7530000000e+05    1.0754416808e-01
    1.7540000000e+05    1.4120879573e-01
    1.7550000000e+05    1.0247886733e-01
    1.7560000000e+05    1.0495074843e-01
    1.7570000000e+05    1.0095959142e-01
    1.7580000000e+05    9.3246063387e-02
    1.7590000000e+05    1.4166584184e-01
    1.7600000000e+05    1.6858670378e-01
    1.7610000000e+05    1.2446074202e-01
    1.7620000000e+05    1.1145768698e-01
    1.7630000000e+05    1.0913659726e-01
    1.7640000000e+05    1.0727252666e-01
    1.7650000000e+05    1.2339613242e-01
    1.7660000000e+05    9.9938263846e-02
    1.7670000000e+05    1.1345574072e-01
    1.7680000000e+05    1.7839446654e-01
    1.7690000000e+05    1.6013546922e-01
    1.7700000000e+05    1.4842051455e-01
    1.7710000000e+05    1.3553469888e-01
    1.7720000000e+05    8.9828305808e-02
    1.7730000000e+05    1.0371609570e-01
    1.7740000000e+05    1.5686434220e-01
    1.7750000000e+05    1.2950219100e-01
    1.7760000000e+05    1.6846585688e-01
    1.7770000000e+05    1.4473428724e-01
    1.7780000000e+05    1.5800116590e-01
    1.7790000000e+05    1.7005252120e-01
    1.7800000000e+05    1.8100803530e-01
    1.7810000000e+05    1.7530082230e-01
    1.7820000000e+05    1.0754093310e-01
    1.7830000000e+05    1.2273165879e-01
    1.7840000000e+05    8.9515486976e-02
    1.7850000000e+05    1.2712306376e-01
    1.7860000000e+05    1.4623615345e-01
    1.7870000000e+05    1.1575418135e-01
    1.7880000000e+05    1.2399348106e-01
    1.7890000000e+05    1.1381919009e-01
    1.7900000000e+05    9.9738450320e-02
    1.7910000000e+05    1.0080292856e-01
    1.7920000000e+05    1.1366990204e-01
    1.7930000000e+05    1.0986441673e-01
    1.7940000000e+05    9.6864506684e-02
    1.7950000000e+05    1.2082658804e-01
    1.7960000000e+05    1.5364071598e-01
    1.7970000000e+05    1.4620490894e-01
    1.7980000000e+05    1.1055646320e-01
    1.7990000000e+05    1.1687072473e-01
    1.8000000000e+05    1.0942382163e-01
    1.8010000000e+05    1.0455293079e-01
    1.8020000000e+05    1.5500937355e-01
    1.8030000000e+05    1.0603031917e-01
    1.8040000000e+05    1.2103822335e-01
    1.8050000000e+05    1.0891216208e-01
    1.8060000000e+05    9.8933706525e-02
    1.8070000000e+05    8.8781773212e-02
    1.8080000000e+05    1.3881135895e-01
    1.8090000000e+05    1.6463585946e-01
    1.8100000000e+05    1.7467664593e-01
    1.8110000000e+05    1.2541093289e-01
    1.8120000000e+05    9.6083500443e-02
    1.8130000000e+05    1.5361623569e-01
    1.8140000000e+05    1.0263941855e-01
    1.8150000000e+05    7.8946080799e-02
    1.8160000000e+05    1.1122970004e-01
    1.8170000000e+05    7.9652640222e-02
    1.8180000000e+05    1.2193899431e-01
    1.8190000000e+05    1.5248194134e-01
    1.8200000000e+05    1.2740948580e-01
    1.8210000000e+05    1.6310839885e-01
    1.8220000000e+05    1.8577675229e-01
    1.8230000000e+05    1.6938807928e-01
    1.8240000000e+05    1.5688574347e-01
    1.8250000000e+05    1.1147004059e-01
    1.8260000000e+05    1.6834564735e-01
    1.8270000000e+05    1.5996754376e-01
    1.8280000000e+05    1.3363414284e-01
    1.8290000000e+05    1.7278813286e-01
    1.8300000000e+05    1.7541329442e-01
    1.8310000000e+05    1.9176176943e-01
    1.8320000000e+05    1.6356560678e-01
    1.8330000000e+05    1.3644870674e-01
    1.8340000000e+05    1.4053922206e-01
    1.8350000000e+05    1.6745331439e-01
    1.8360000000e+05    1.6362018139e-01
    1.8370000000e+05    8.7347851623e-02
    1.8380000000e+05    9.7781617047e-02
    1.8390000000e+05    1.4355631922e-01
    1.8400000000e+05    2.0589341888e-01
    1.8410000000e+05    2.3641137384e-01
    1.8420000000e+05    1.4722770738e-01
    1.8430000000e+05    1.1879140801e-01
    1.8440000000e+05    1.6528513001e-01
    1.8450000000e+05    1.2428594341e-01
    1.8460000000e+05    1.3715579811e-01
    1.8470000000e+05    2.0949944544e-01
    1.8480000000e+05    2.1155977643e-01
    1.8490000000e+05    2.0992155633e-01
    1.8500000000e+05    1.7839450488e-01
    1.8510000000e+05    1.9668145448e-01
    1.8520000000e+05    1.7658921277e-01
    1.8530000000e+05    1.2641825833e-01
    1.8540000000e+05    1.0646444105e-01
    1.8550000000e+05    1.0319606418e-01
    1.8560000000e+05    1.9277529589e-01
    1.8570000000e+05    1.6418523831e-01
    1.8580000000e+05    1.2931817063e-01
    1.8590000000e+05    1.4989052910e-01
    1.8600000000e+05    1.5781444845e-01
    1.8610000000e+05    1.0187359301e-01
    1.8620000000e+05    1.4165058921e-01
    1.8630000000e+05    1.5000639032e-01
    1.8640000000e+05    1.3673571427e-01
    1.8650000000e+05    1.2928848276e-01
    1.8660000000e+05    1.0851145987e-01
    1.8670000000e+05    9.8332110045e-02
    1.8680000000e+05    1.2915911174e-01
    1.8690000000e+05    1.8185299656e-01
    1.8700000000e+05    1.9179775605e-01
    1.8710000000e+05    1.6551889688e-01
    1.8720000000e+05    8.4401654747e-02
    1.8730000000e+05    8.5703549137e-02
    1.8740000000e+05    1.3843321976e-01
    1.8750000000e+05    1.1357876303e-01
    1.8760000000e+05    8.5020117652e-02
    1.8770000000e+05    1.0777096655e-01
    1.8780000000e+05    1.2144517673e-01
    1.8790000000e+05    1.1541652196e-01
    1.8800000000e+05    1.1716951428e-01
    1.8810000000e+05    8.0242372763e-02
    1.8820000000e+05    8.7584502509e-02
    1.8830000000e+05    1.1115182944e-01
    1.8840000000e+05    1.0555907867e-01
    1.8850000000e+05    1.2138658217e-01
    1.8860000000e+05    1.5434528263e-01
    1.8870000000e+05    1.1621654597e-01
    1.8880000000e+05    1.0208202863e-01
    1.8890000000e+05    1.1432848027e-01
    1.8900000000e+05    8.7635844894e-02
    1.8910000000e+05    1.1119627553e-01
    1.8920000000e+05    1.4389169278e-01
    1.8930000000e+05    1.7493155044e-01
    1.8940000000e+05    1.7121684105e-01
    1.8950000000e+05    1.3034943975e-01
    1.8960000000e+05    1.5018059991e-01
    1.8970000000e+05    1.4102299432e-01
    1.8980000000e+05    1.3308296861e-01
    1.8990000000e+05    1.3293997014e-01
    1.9000000000e+05    1.3777096922e-01
    1.9010000000e+05    1.4716899236e-01
    1.9020000000e+05    1.3581057648e-01
    1.9030000000e+05    1.5251270338e-01
    1.9040000000e+05    1.7340386411e-01
    1.9050000000e+05    1.6057812667e-01
    1.9060000000e+05    1.5009745733e-01
    1.9070000000e+05    1.4778867149e-01
    1.9080000000e+05    1.1664031876e-01
    1.9090000000e+05    8.0612566057e-02
    1.9100000000e+05    1.9099384196e-01
    1.9110000000e+05    1.3746996826e-01
    1.9120000000e+05    1.4087834667e-01
    1.9130000000e+05    7.5477174124e-02
    1.9140000000e+05    1.2574849490e-01
    1.9150000000e+05    8.3698310575e-02
    1.9160000000e+05    8.6724554181e-02
    1.9170000000e+05    1.1603235446e-01
    1.9180000000e+05    2.0418693015e-01
    1.9190000000e+05    1.9682458320e-01
    1.9200000000e+05    9.6715804547e-02
    1.9210000000e+05    1.6213609265e-01
    1.9220000000e+05    1.3820610814e-01
    1.9230000000e+05    1.3531426177e-01
    1.9240000000e+05    1.4087686424e-01
    1.9250000000e+05    1.5721861834e-01
    1.9260000000e+05    1.3115965330e-01
    1.9270000000e+05    1.7097544261e-01
    1.9280000000e+05    1.5900881973e-01
    1.9290000000e+05    1.1274581663e-01
    1.9300000000e+05    1.2149539920e-01
    1.9310000000e+05    1.4032457014e-01
    1.9320000000e+05    1.1284734776e-01
    1.9330000000e+05    1.5328017044e-01
    1.9340000000e+05    1.5651419977e-01
    1.9350000000e+05    1.7882251139e-01
    1.9360000000e+05    1.1466953153e-01
    1.9370000000e+05    1.4217750198e-01
    1.9380000000e+05    1.1830954769e-01
    1.9390000000e+05    1.2042077458e-01
    1.9400000000e+05    1.3344521651e-01
    1.9410000000e+05    1.6442386339e-01
    1.9420000000e+05    1.4461367135e-01
    1.9430000000e+05    1.9763851080e-01
    1.9440000000e+05    1.5884756620e-01
    1.9450000000e+05    1.6459857842e-01
    1.9460000000e+05    1.4590034768e-01
    1.9470000000e+05    1.5765847596e-01
    1.9480000000e+05    1.6560764603e-01
    1.9490000000e+05    2.2214178663e-01
    1.9500000000e+05    2.0813940246e-01
    1.9510000000e+05    2.0890047425e-01
    1.9520000000e+05    1.6156493247e-01
    1.9530000000e+05    1.0640320089e-01
    1.9540000000e+05    1.0614636256e-01
    1.9550000000e+05    1.5366567481e-01
    1.9560000000e+05    1.7403716334e-01
    1.9570000000e+05    1.8067963936e-01
    1.9580000000e+05    2.0291822178e-01
    1.9590000000e+05    1.5038856181e-01
    1.9600000000e+05    1.5817554161e-01
    1.9610000000e+05    1.4893149807e-01
    1.9620000000e+05    1.4739423928e-01
    1.9630000000e+05    1.5073864750e-01
    1.9640000000e+05    1.3902924739e-01
    1.9650000000e+05    1.5562737102e-01
    1.9660000000e+05    1.5935763653e-01
    1.9670000000e+05    1.4967659422e-01
    1.9680000000e+05    1.5867463958e-01
    1.9690000000e+05    1.3474675591e-01
    1.9700000000e+05    1.2081933015e-01
    1.9710000000e+05    1.1568319144e-01
    1.9720000000e+05    1.3902931033e-01
    1.9730000000e+05    1.1957439138e-01
    1.9740000000e+05    1.5009168331e-01
    1.9750000000e+05    1.4085151245e-01
    1.9760000000e+05    1.4476621827e-01
    1.9770000000e+05    1.0358104525e-01
    1.9780000000e+05    1.1655984259e-01
    1.9790000000e+05    1.4044315159e-01
    1.9800000000e+05    9.1758203241e-02
    1.9810000000e+05    1.3552565429e-01
    1.9820000000e+05    1.5690223592e-01
    1.9830000000e+05    1.5675638514e-01
    1.9840000000e+05    1.3856036365e-01
    1.9850000000e+05    1.4100203224e-01
    1.9860000000e+05    1.3464771995e-01
    1.9870000000e+05    1.0928094559e-01
    1.9880000000e+05    1.3699471084e-01
    1.9890000000e+05    1.7435132715e-01
    1.9900000000e+05    1.7075405901e-01
    1.9910000000e+05    1.5711082402e-01
    1.9920000000e+05    1.3004854990e-01
    1.9930000000e+05    1.1468070970e-01
    1.9940000000e+05    1.2847591176e-01
    1.9950000000e+05    1.9120227739e-01
    1.9960000000e+05    1.3722892897e-01
    1.9970000000e+05    1.0806879797e-01
    1.9980000000e+05    1.6730811749e-01
    1.9990000000e+05    1.2183206263e-01
    2.0000000000e+05    1.0415773105e-01
