    2.5000000000e+02    1.2258142931e-01
    5.0000000000e+02    1.5753300642e-01
    7.5000000000e+02    1.1313417744e-01
    1.0000000000e+03    1.5396108070e-01
    1.2500000000e+03    1.1880354933e-01
    1.5000000000e+03    1.3175453640e-01
    1.7500000000e+03    1.7909840998e-01
    2.0000000000e+03    1.1819377054e-01
    2.2500000000e+03    1.3552314352e-01
    2.5000000000e+03    1.0040769269e-01
    2.7500000000e+03    1.3426590924e-01
    3.0000000000e+03    1.9069335669e-01
    3.2500000000e+03    1.2039949211e-01
    3.5000000000e+03    9.0574044652e-02
    3.7500000000e+03    1.1622146081e-01
    4.0000000000e+03    1.4467329238e-01
    4.2500000000e+03    1.1048529176e-01
    4.5000000000e+03    1.2058756426e-01
    4.7500000000e+03    1.1381063921e-01
    5.0000000000e+03    1.7725825253e-01
    5.2500000000e+03    1.3461481158e-01
    5.5000000000e+03    9.2694626434e-02
    5.7500000000e+03    1.3756896185e-01
    6.0000000000e+03    1.2351932674e-01
    6.2500000000e+03    1.0249436452e-01
    6.5000000000e+03    1.0018878396e-01
    6.7500000000e+03    1.1158373794e-01
    7.0000000000e+03    1.4085140606e-01
    7.2500000000e+03    1.4201889579e-01
    7.5000000000e+03    1.1838414442e-01
    7.7500000000e+03    2.0125082976e-01
    8.0000000000e+03    1.5421333831e-01
    8.2500000000e+03    1.0282355590e-01
    8.5000000000e+03    1.0948084047e-01
    8.7500000000e+03    9.1180784636e-02
    9.0000000000e+03    1.0397163728e-01
    9.2500000000e+03    1.0948605809e-01
    9.5000000000e+03    1.6258828212e-01
    9.7500000000e+03    9.0237526502e-02
    1.0000000000e+04    1.2386549475e-01
    1.0250000000e+04    9.6165717584e-02
    1.0500000000e+04    9.3028202164e-02
    1.0750000000e+04    1.0185755322e-01
    1.1000000000e+04    1.1522697988e-01
    1.1250000000e+04    9.7839991164e-02
    1.1500000000e+04    1.2841663540e-01
    1.1750000000e+04    9.8106289170e-02
    1.2000000000e+04    1.0883242090e-01
    1.2250000000e+04    9.2933803372e-02
    1.2500000000e+04    1.0332697548e-01
    1.2750000000e+04    1.3333738980e-01
    1.3000000000e+04    1.1895916594e-01
    1.3250000000e+04    1.0385940918e-01
    1.3500000000e+04    1.1750666881e-01
    1.3750000000e+04    9.7664402202e-02
    1.4000000000e+04    1.6082806882e-01
    1.4250000000e+04    9.5233506323e-02
    1.4500000000e+04    1.3193671824e-01
    1.4750000000e+04    1.0823117377e-01
    1.5000000000e+04    1.1501830380e-01
    1.5250000000e+04    9.3423592654e-02
    1.5500000000e+04    1.4386969086e-01
    1.5750000000e+04    1.0889572116e-01
    1.6000000000e+04    1.1931391123e-01
    1.6250000000e+04    1.0459253550e-01
    1.6500000000e+04    1.2101631410e-01
    1.6750000000e+04    8.2610933801e-02
    1.7000000000e+04    1.1308513146e-01
    1.7250000000e+04    1.1002608775e-01
    1.7500000000e+04    1.1398791051e-01
    1.7750000000e+04    9.3523605912e-02
    1.8000000000e+04    1.2144673930e-01
    1.8250000000e+04    1.1716773362e-01
    1.8500000000e+04    1.2727881409e-01
    1.8750000000e+04    8.9511274722e-02
    1.9000000000e+04    9.9498137427e-02
    1.9250000000e+04    1.1223986738e-01
    1.9500000000e+04    1.3656336218e-01
    1.9750000000e+04    1.5765900998e-01
    2.0000000000e+04    1.5897022582e-01
    2.0250000000e+04    1.1860325866e-01
    2.0500000000e+04    1.4102178440e-01
    2.0750000000e+04    1.2013577250e-01
    2.1000000000e+04    1.0875940961e-01
    2.1250000000e+04    1.4373291717e-01
    2.1500000000e+04    1.3061582286e-01
    2.1750000000e+04    1.2864758386e-01
    2.2000000000e+04    1.5061661049e-01
    2.2250000000e+04    9.7654655317e-02
    2.2500000000e+04    1.0891848503e-01
    2.2750000000e+04    9.3965719682e-02
    2.3000000000e+04    1.3262281255e-01
    2.3250000000e+04    1.1650353808e-01
    2.3500000000e+04    1.2889579395e-01
    2.3750000000e+04    1.1006983119e-01
    2.4000000000e+04    1.2363283672e-01
    2.4250000000e+04    9.0497306984e-02
    2.4500000000e+04    1.5119709370e-01
    2.4750000000e+04    1.2504078834e-01
    2.5000000000e+04    1.1891335329e-01
    2.5250000000e+04    8.7373957447e-02
    2.5500000000e+04    8.5817791588e-02
    2.5750000000e+04    1.0264308092e-01
    2.6000000000e+04    1.2942162473e-01
    2.6250000000e+04    1.2263317852e-01
    2.6500000000e+04    9.4791675436e-02
    2.6750000000e+04    1.3696598038e-01
    2.7000000000e+04    1.0148293078e-01
    2.7250000000e+04    1.1043514380e-01
    2.7500000000e+04    1.0283558075e-01
    2.7750000000e+04    1.1898675614e-01
    2.8000000000e+04    1.3335908377e-01
    2.8250000000e+04    1.2452287185e-01
    2.8500000000e+04    8.2080130423e-02
    2.8750000000e+04    1.1434725332e-01
    2.9000000000e+04    1.3793222144e-01
    2.9250000000e+04    1.4130468178e-01
    2.9500000000e+04    1.3689342139e-01
    2.9750000000e+04    1.2460211738e-01
    3.0000000000e+04    8.2812163257e-02
    3.0250000000e+04    8.7536527820e-02
    3.0500000000e+04    1.3319114688e-01
    3.0750000000e+04    1.4949750725e-01
    3.1000000000e+04    8.3852425519e-02
    3.1250000000e+04    1.1423113833e-01
    3.1500000000e+04    1.0953812516e-01
    3.1750000000e+04    9.4501845457e-02
    3.2000000000e+04    1.1423979967e-01
    3.2250000000e+04    1.0165923003e-01
    3.2500000000e+04    1.1033210267e-01
    3.2750000000e+04    9.3962882684e-02
    3.3000000000e+04    1.3628606817e-01
    3.3250000000e+04    1.0958535408e-01
    3.3500000000e+04    9.8290153810e-02
    3.3750000000e+04    1.2284517947e-01
    3.4000000000e+04    1.6033857168e-01
    3.4250000000e+04    1.1887259139e-01
    3.4500000000e+04    8.7150008462e-02
    3.4750000000e+04    9.9135875732e-02
    3.5000000000e+04    1.3498355479e-01
    3.5250000000e+04    1.1922240919e-01
    3.5500000000e+04    1.5248046573e-01
    3.5750000000e+04    1.0463899637e-01
    3.6000000000e+04    1.1406469284e-01
    3.6250000000e+04    1.0570124413e-01
    3.6500000000e+04    1.0917169881e-01
    3.6750000000e+04    1.4923192835e-01
    3.7000000000e+04    1.2836722311e-01
    3.7250000000e+04    9.8510152936e-02
    3.7500000000e+04    9.6650968901e-02
    3.7750000000e+04    1.1682725192e-01
    3.8000000000e+04    1.0652200538e-01
    3.8250000000e+04    9.1552519197e-02
    3.8500000000e+04    9.6904116332e-02
    3.8750000000e+04    1.1814037289e-01
    3.9000000000e+04    1.0304299740e-01
    3.9250000000e+04    9.7051910587e-02
    3.9500000000e+04    9.8957969475e-02
    3.9750000000e+04    1.3272184706e-01
    4.0000000000e+04    8.5484662100e-02
    4.0250000000e+04    1.2440221150e-01
    4.0500000000e+04    1.4637583361e-01
    4.0750000000e+04    1.4457992232e-01
    4.1000000000e+04    1.1439168053e-01
    4.1250000000e+04    9.2511048002e-02
    4.1500000000e+04    9.4477232761e-02
    4.1750000000e+04    1.0445729228e-01
    4.2000000000e+04    8.8908637142e-02
    4.2250000000e+04    1.2780652794e-01
    4.2500000000e+04    1.0683459476e-01
    4.2750000000e+04    1.1869906835e-01
    4.3000000000e+04    1.0470172353e-01
    4.3250000000e+04    1.0608626400e-01
    4.3500000000e+04    9.3604026848e-02
    4.3750000000e+04    9.1243252630e-02
    4.4000000000e+04    1.0854115259e-01
    4.4250000000e+04    8.7927702182e-02
    4.4500000000e+04    1.9295226335e-01
    4.4750000000e+04    1.3176350884e-01
    4.5000000000e+04    1.1085470781e-01
    4.5250000000e+04    1.1146969310e-01
    4.5500000000e+04    1.2929221946e-01
    4.5750000000e+04    1.2775780111e-01
    4.6000000000e+04    1.1405007574e-01
    4.6250000000e+04    8.9141631526e-02
    4.6500000000e+04    1.5231959873e-01
    4.6750000000e+04    1.5375405666e-01
    4.7000000000e+04    1.4427907274e-01
    4.7250000000e+04    1.1140486252e-01
    4.7500000000e+04    1.0682546090e-01
    4.7750000000e+04    1.6087088423e-01
    4.8000000000e+04    1.1896281717e-01
    4.8250000000e+04    9.8347977123e-02
    4.8500000000e+04    1.0399958236e-01
    4.8750000000e+04    1.1682987808e-01
    4.9000000000e+04    8.8133786536e-02
    4.9250000000e+04    1.0498696725e-01
    4.9500000000e+04    1.2322712094e-01
    4.9750000000e+04    1.3740684485e-01
    5.0000000000e+04    9.6246851160e-02
    5.0250000000e+04    9.9850648815e-02
    5.0500000000e+04    1.2923787368e-01
    5.0750000000e+04    1.1439737071e-01
    5.1000000000e+04    1.0846996134e-01
    5.1250000000e+04    1.3354290238e-01
    5.1500000000e+04    1.3870565513e-01
    5.1750000000e+04    1.0327956179e-01
    5.2000000000e+04    8.7618957354e-02
    5.2250000000e+04    1.2426304418e-01
    5.2500000000e+04    1.4852919071e-01
    5.2750000000e+04    1.2248672505e-01
    5.3000000000e+04    8.5108798659e-02
    5.3250000000e+04    1.2673277333e-01
    5.3500000000e+04    1.0712852105e-01
    5.3750000000e+04    1.3718440210e-01
    5.4000000000e+04    9.8299101489e-02
    5.4250000000e+04    8.0314386121e-02
    5.4500000000e+04    1.6446096774e-01
    5.4750000000e+04    1.3202078219e-01
    5.5000000000e+04    1.4244764805e-01
    5.5250000000e+04    1.1143808578e-01
    5.5500000000e+04    1.2772572700e-01
    5.5750000000e+04    1.0810746501e-01
    5.6000000000e+04    7.5490504602e-02
    5.6250000000e+04    1.2330521222e-01
    5.6500000000e+04    1.2074022928e-01
    5.6750000000e+04    9.3337054671e-02
    5.7000000000e+04    1.0432592614e-01
    5.7250000000e+04    8.7430190148e-02
    5.7500000000e+04    1.1072524435e-01
    5.7750000000e+04    1.2761628178e-01
    5.8000000000e+04    1.2075541255e-01
    5.8250000000e+04    1.2685145043e-01
    5.8500000000e+04    9.9230141023e-02
    5.8750000000e+04    9.6570742236e-02
    5.9000000000e+04    8.3432180812e-02
    5.9250000000e+04    9.9080634632e-02
    5.9500000000e+04    7.9271273200e-02
    5.9750000000e+04    9.3769857757e-02
    6.0000000000e+04    1.0867277503e-01
    6.0250000000e+04    9.5466633419e-02
    6.0500000000e+04    9.6200115632e-02
    6.0750000000e+04    1.3767105700e-01
    6.1000000000e+04    1.0050778932e-01
    6.1250000000e+04    9.6920518543e-02
    6.1500000000e+04    1.3934915223e-01
    6.1750000000e+04    1.3409876441e-01
    6.2000000000e+04    1.2189484158e-01
    6.2250000000e+04    9.4181102051e-02
    6.2500000000e+04    9.7883089971e-02
    6.2750000000e+04    1.3728504783e-01
    6.3000000000e+04    1.2972297200e-01
    6.3250000000e+04    1.2454750904e-01
    6.3500000000e+04    1.2739329662e-01
    6.3750000000e+04    1.1437011995e-01
    6.4000000000e+04    9.8203047785e-02
    6.4250000000e+04    1.0514409671e-01
    6.4500000000e+04    1.0379828695e-01
    6.4750000000e+04    1.3755731340e-01
    6.5000000000e+04    1.0162215606e-01
    6.5250000000e+04    1.1077472873e-01
    6.5500000000e+04    8.1510132048e-02
    6.5750000000e+04    1.3414776490e-01
    6.6000000000e+04    7.4770173743e-02
    6.6250000000e+04    1.0868876687e-01
    6.6500000000e+04    9.9603246039e-02
    6.6750000000e+04    1.3426119094e-01
    6.7000000000e+04    8.7877208422e-02
    6.7250000000e+04    1.0965657282e-01
    6.7500000000e+04    9.1336955734e-02
    6.7750000000e+04    1.2124436206e-01
    6.8000000000e+04    1.0567872381e-01
    6.8250000000e+04    9.8738539095e-02
    6.8500000000e+04    1.5602964337e-01
    6.8750000000e+04    1.5105889515e-01
    6.9000000000e+04    9.3302615163e-02
    6.9250000000e+04    7.9977517312e-02
    6.9500000000e+04    1.2795929826e-01
    6.9750000000e+04    9.4858528122e-02
    7.0000000000e+04    7.8029995514e-02
    7.0250000000e+04    8.7626890839e-02
    7.0500000000e+04    1.8767419515e-01
    7.0750000000e+04    9.0076532322e-02
    7.1000000000e+04    9.9409942731e-02
    7.1250000000e+04    1.5315455592e-01
    7.1500000000e+04    1.0479679069e-01
    7.1750000000e+04    9.4603636953e-02
    7.2000000000e+04    1.3364849564e-01
    7.2250000000e+04    1.6682893870e-01
    7.2500000000e+04    1.1771223198e-01
    7.2750000000e+04    1.1886711663e-01
    7.3000000000e+04    1.0287159267e-01
    7.3250000000e+04    1.1058538127e-01
    7.3500000000e+04    1.0133065354e-01
    7.3750000000e+04    1.3173703118e-01
    7.4000000000e+04    9.6835759407e-02
    7.4250000000e+04    9.6234324932e-02
    7.4500000000e+04    1.0925492022e-01
    7.4750000000e+04    1.3568368082e-01
    7.5000000000e+04    9.7859887616e-02
    7.5250000000e+04    1.2586250718e-01
    7.5500000000e+04    1.2629355643e-01
    7.5750000000e+04    8.9437689449e-02
    7.6000000000e+04    1.1915573165e-01
    7.6250000000e+04    1.3334427156e-01
    7.6500000000e+04    1.4013884139e-01
    7.6750000000e+04    1.2756849518e-01
    7.7000000000e+04    1.0984738721e-01
    7.7250000000e+04    1.1426254930e-01
    7.7500000000e+04    1.4684302073e-01
    7.7750000000e+04    9.9298284346e-02
    7.8000000000e+04    1.2812230861e-01
    7.8250000000e+04    1.0776261078e-01
    7.8500000000e+04    1.1323229920e-01
    7.8750000000e+04    1.0564646508e-01
    7.9000000000e+04    1.3577105125e-01
    7.9250000000e+04    1.5727008145e-01
    7.9500000000e+04    1.1373063234e-01
    7.9750000000e+04    1.1262351176e-01
    8.0000000000e+04    1.0986393406e-01
    8.0250000000e+04    1.1548845916e-01
    8.0500000000e+04    1.0236986318e-01
    8.0750000000e+04    1.0206517997e-01
    8.1000000000e+04    1.4240420886e-01
    8.1250000000e+04    1.3112636276e-01
    8.1500000000e+04    9.9261596526e-02
    8.1750000000e+04    1.3392773802e-01
    8.2000000000e+04    9.0042491196e-02
    8.2250000000e+04    1.4223629960e-01
    8.2500000000e+04    1.0895188073e-01
    8.2750000000e+04    1.4113309557e-01
    8.3000000000e+04    9.8363647059e-02
    8.3250000000e+04    1.2025483616e-01
    8.3500000000e+04    1.2117335562e-01
    8.3750000000e+04    1.3039116984e-01
    8.4000000000e+04    1.1683251374e-01
    8.4250000000e+04    1.5280624682e-01
    8.4500000000e+04    9.2942190272e-02
    8.4750000000e+04    1.2948087320e-01
    8.5000000000e+04    1.3929257717e-01
    8.5250000000e+04    1.0786049804e-01
    8.5500000000e+04    8.8516055931e-02
    8.5750000000e+04    1.1992830069e-01
    8.6000000000e+04    8.9321857665e-02
    8.6250000000e+04    1.0151606274e-01
    8.6500000000e+04    1.2626969672e-01
    8.6750000000e+04    1.2326281437e-01
    8.7000000000e+04    1.0290892383e-01
    8.7250000000e+04    1.1161568174e-01
    8.7500000000e+04    1.1914896317e-01
    8.7750000000e+04    9.8050318987e-02
    8.8000000000e+04    1.0378671900e-01
    8.8250000000e+04    1.0479923312e-01
    8.8500000000e+04    1.5937820665e-01
    8.8750000000e+04    6.3448027411e-02
    8.9000000000e+04    1.0021352990e-01
    8.9250000000e+04    1.0290089232e-01
    8.9500000000e+04    1.4581999023e-01
    8.9750000000e+04    9.3411502027e-02
    9.0000000000e+04    1.4186833599e-01
    9.0250000000e+04    1.1500688424e-01
    9.0500000000e+04    1.1315142821e-01
    9.0750000000e+04    1.2007486044e-01
    9.1000000000e+04    1.1865501652e-01
    9.1250000000e+04    1.2664580955e-01
    9.1500000000e+04    9.9144309542e-02
    9.1750000000e+04    1.0693447273e-01
    9.2000000000e+04    1.0740871764e-01
    9.2250000000e+04    9.6083801389e-02
    9.2500000000e+04    1.5068858505e-01
    9.2750000000e+04    8.4342938832e-02
    9.3000000000e+04    1.3768157314e-01
    9.3250000000e+04    1.1849696314e-01
    9.3500000000e+04    1.0801027108e-01
    9.3750000000e+04    9.9598133410e-02
    9.4000000000e+04    1.2869682984e-01
    9.4250000000e+04    8.5160063513e-02
    9.4500000000e+04    1.2955048219e-01
    9.4750000000e+04    8.5561202714e-02
    9.5000000000e+04    1.6133129168e-01
    9.5250000000e+04    1.4226408428e-01
    9.5500000000e+04    9.5596179861e-02
    9.5750000000e+04    9.6904380676e-02
    9.6000000000e+04    1.0048367136e-01
    9.6250000000e+04    7.9517959664e-02
    9.6500000000e+04    1.3163240569e-01
    9.6750000000e+04    7.7832510021e-02
    9.7000000000e+04    1.3204846787e-01
    9.7250000000e+04    1.1335497633e-01
    9.7500000000e+04    1.0949846931e-01
    9.7750000000e+04    1.4159789250e-01
    9.8000000000e+04    8.8952180023e-02
    9.8250000000e+04    1.6013362847e-01
    9.8500000000e+04    1.1780136420e-01
    9.8750000000e+04    1.0178666816e-01
    9.9000000000e+04    1.8264597831e-01
    9.9250000000e+04    9.1033949334e-02
    9.9500000000e+04    1.0844741295e-01
    9.9750000000e+04    1.4729902174e-01
    1.0000000000e+05    1.5998703164e-01
    1.0025000000e+05    1.2640276601e-01
    1.0050000000e+05    9.7205667847e-02
    1.0075000000e+05    1.1511679378e-01
    1.0100000000e+05    7.9027044949e-02
    1.0125000000e+05    1.4054276954e-01
    1.0150000000e+05    1.1600572132e-01
    1.0175000000e+05    1.3016259132e-01
    1.0200000000e+05    9.4466816964e-02
    1.0225000000e+05    9.6205832424e-02
    1.0250000000e+05    1.4030120156e-01
    1.0275000000e+05    1.0030045032e-01
    1.0300000000e+05    9.6597823601e-02
    1.0325000000e+05    9.0488166682e-02
    1.0350000000e+05    8.7199125133e-02
    1.0375000000e+05    8.2685859832e-02
    1.0400000000e+05    9.0303327032e-02
    1.0425000000e+05    1.0948469859e-01
    1.0450000000e+05    9.0388535022e-02
    1.0475000000e+05    1.0213626917e-01
    1.0500000000e+05    1.1243608193e-01
    1.0525000000e+05    9.7750416114e-02
    1.0550000000e+05    9.9510462962e-02
    1.0575000000e+05    1.0970215582e-01
    1.0600000000e+05    1.0409680537e-01
    1.0625000000e+05    9.0549517151e-02
    1.0650000000e+05    1.1676830092e-01
    1.0675000000e+05    1.2324312134e-01
    1.0700000000e+05    1.0028874603e-01
    1.0725000000e+05    1.0531298103e-01
    1.0750000000e+05    1.0491402605e-01
    1.0775000000e+05    9.9650168393e-02
    1.0800000000e+05    1.1177089345e-01
    1.0825000000e+05    8.7770526680e-02
    1.0850000000e+05    1.4085820013e-01
    1.0875000000e+05    1.0597921487e-01
    1.0900000000e+05    9.6994200248e-02
    1.0925000000e+05    1.1037146403e-01
    1.0950000000e+05    1.5093331399e-01
    1.0975000000e+05    1.1402533963e-01
    1.1000000000e+05    1.1273315627e-01
    1.1025000000e+05    8.6791272727e-02
    1.1050000000e+05    1.2413581534e-01
    1.1075000000e+05    1.1631364999e-01
    1.1100000000e+05    9.5562518508e-02
    1.1125000000e+05    1.0545844511e-01
    1.1150000000e+05    1.1059420170e-01
    1.1175000000e+05    1.4502454807e-01
    1.1200000000e+05    1.4311498791e-01
    1.1225000000e+05    1.1552883915e-01
    1.1250000000e+05    1.0133357618e-01
    1.1275000000e+05    1.5570111794e-01
    1.1300000000e+05    1.5078343431e-01
    1.1325000000e+05    1.0382650280e-01
    1.1350000000e+05    1.6328933129e-01
    1.1375000000e+05    1.1031432038e-01
    1.1400000000e+05    1.0219608236e-01
    1.1425000000e+05    1.0093467820e-01
    1.1450000000e+05    8.7966671421e-02
    1.1475000000e+05    9.3620673720e-02
    1.1500000000e+05    9.4664013682e-02
    1.1525000000e+05    9.5332576859e-02
    1.1550000000e+05    9.9760162297e-02
    1.1575000000e+05    1.1130390747e-01
    1.1600000000e+05    1.1800929328e-01
    1.1625000000e+05    8.2836024427e-02
    1.1650000000e+05    1.2069887204e-01
    1.1675000000e+05    1.0636540867e-01
    1.1700000000e+05    7.4168710170e-02
    1.1725000000e+05    1.1825170771e-01
    1.1750000000e+05    9.7144704795e-02
    1.1775000000e+05    9.4376420935e-02
    1.1800000000e+05    1.4393797180e-01
    1.1825000000e+05    1.3125832088e-01
    1.1850000000e+05    1.1740015628e-01
    1.1875000000e+05    8.9076688857e-02
    1.1900000000e+05    1.0654685245e-01
    1.1925000000e+05    1.0554397754e-01
    1.1950000000e+05    1.0431472637e-01
    1.1975000000e+05    1.0209642719e-01
    1.2000000000e+05    1.4209152698e-01
    1.2025000000e+05    1.0338494351e-01
    1.2050000000e+05    9.4376442433e-02
    1.2075000000e+05    1.2214840364e-01
    1.2100000000e+05    9.1887879867e-02
    1.2125000000e+05    1.1079130508e-01
    1.2150000000e+05    1.5086256689e-01
    1.2175000000e+05    1.3629478866e-01
    1.2200000000e+05    9.4116848636e-02
    1.2225000000e+05    9.3032799806e-02
    1.2250000000e+05    1.3399818569e-01
    1.2275000000e+05    9.4514098855e-02
    1.2300000000e+05    8.8407675859e-02
    1.2325000000e+05    1.4049744728e-01
    1.2350000000e+05    1.5118242677e-01
    1.2375000000e+05    1.2029413277e-01
    1.2400000000e+05    1.0448049960e-01
    1.2425000000e+05    1.1705613064e-01
    1.2450000000e+05    8.8080854909e-02
    1.2475000000e+05    1.0326113449e-01
    1.2500000000e+05    1.0698710844e-01
    1.2525000000e+05    1.0457110222e-01
    1.2550000000e+05    8.2367426599e-02
    1.2575000000e+05    9.6189653330e-02
    1.2600000000e+05    1.4791179289e-01
    1.2625000000e+05    1.0530861485e-01
    1.2650000000e+05    1.2476702728e-01
    1.2675000000e+05    9.7083473213e-02
    1.2700000000e+05    1.0912714655e-01
    1.2725000000e+05    1.0704586221e-01
    1.2750000000e+05    9.2387595045e-02
    1.2775000000e+05    9.7053489273e-02
    1.2800000000e+05    1.2533571057e-01
    1.2825000000e+05    1.2304069662e-01
    1.2850000000e+05    1.7649549690e-01
    1.2875000000e+05    1.1947550224e-01
    1.2900000000e+05    9.2237557049e-02
    1.2925000000e+05    7.7867049165e-02
    1.2950000000e+05    1.3491989567e-01
    1.2975000000e+05    1.1410962844e-01
    1.3000000000e+05    1.0336268597e-01
    1.3025000000e+05    1.0565501360e-01
    1.3050000000e+05    9.8100150175e-02
    1.3075000000e+05    1.1736926168e-01
    1.3100000000e+05    1.0854351116e-01
    1.3125000000e+05    9.7511457270e-02
    1.3150000000e+05    1.3391628692e-01
    1.3175000000e+05    1.3649946048e-01
    1.3200000000e+05    1.0599569411e-01
    1.3225000000e+05    9.9589301544e-02
    1.3250000000e+05    1.1112654066e-01
    1.3275000000e+05    1.2413136324e-01
    1.3300000000e+05    9.7529100370e-02
    1.3325000000e+05    1.4184367209e-01
    1.3350000000e+05    9.5346383429e-02
    1.3375000000e+05    1.2858726397e-01
    1.3400000000e+05    1.0225909420e-01
    1.3425000000e+05    1.1743447208e-01
    1.3450000000e+05    1.2781807962e-01
    1.3475000000e+05    1.1802483860e-01
    1.3500000000e+05    1.0778659794e-01
    1.3525000000e+05    1.1683745575e-01
    1.3550000000e+05    1.4353751056e-01
    1.3575000000e+05    1.3633541195e-01
    1.3600000000e+05    9.9630304588e-02
    1.3625000000e+05    9.8464476726e-02
    1.3650000000e+05    9.6918491397e-02
    1.3675000000e+05    1.4140925124e-01
    1.3700000000e+05    9.1077854337e-02
    1.3725000000e+05    1.0221660814e-01
    1.3750000000e+05    1.0900391998e-01
    1.3775000000e+05    1.6878294924e-01
    1.3800000000e+05    1.7854234913e-01
    1.3825000000e+05    9.7793992078e-02
    1.3850000000e+05    1.0214039679e-01
    1.3875000000e+05    1.1432882242e-01
    1.3900000000e+05    1.7043270463e-01
    1.3925000000e+05    1.1815017676e-01
    1.3950000000e+05    9.9953369334e-02
    1.3975000000e+05    1.1897108852e-01
    1.4000000000e+05    1.2850084124e-01
    1.4025000000e+05    8.3783732283e-02
    1.4050000000e+05    1.0191409428e-01
    1.4075000000e+05    1.5243108475e-01
    1.4100000000e+05    1.4674706601e-01
    1.4125000000e+05    1.3449939214e-01
    1.4150000000e+05    1.2305990210e-01
    1.4175000000e+05    1.3385373273e-01
    1.4200000000e+05    1.3229567811e-01
    1.4225000000e+05    1.3807456736e-01
    1.4250000000e+05    9.2477784644e-02
    1.4275000000e+05    1.6286079899e-01
    1.4300000000e+05    1.1221065956e-01
    1.4325000000e+05    1.2649644938e-01
    1.4350000000e+05    1.2371504136e-01
    1.4375000000e+05    1.8625962826e-01
    1.4400000000e+05    1.1102444830e-01
    1.4425000000e+05    1.7399536800e-01
    1.4450000000e+05    1.4329738646e-01
    1.4475000000e+05    9.2284068028e-02
    1.4500000000e+05    8.7327268702e-02
    1.4525000000e+05    1.3250591541e-01
    1.4550000000e+05    9.0284893790e-02
    1.4575000000e+05    1.0649179899e-01
    1.4600000000e+05    1.1615890310e-01
    1.4625000000e+05    1.0608927037e-01
    1.4650000000e+05    1.4891475760e-01
    1.4675000000e+05    1.0048296228e-01
    1.4700000000e+05    9.3901858180e-02
    1.4725000000e+05    1.1652365600e-01
    1.4750000000e+05    1.2570978479e-01
    1.4775000000e+05    1.1876046603e-01
    1.4800000000e+05    9.9035763714e-02
    1.4825000000e+05    1.1877486157e-01
    1.4850000000e+05    1.1842603847e-01
    1.4875000000e+05    9.4735273715e-02
    1.4900000000e+05    1.2507048467e-01
    1.4925000000e+05    1.4344924802e-01
    1.4950000000e+05    1.3170613021e-01
    1.4975000000e+05    1.2742559730e-01
    1.5000000000e+05    1.0530515494e-01
    1.5025000000e+05    1.1712576646e-01
    1.5050000000e+05    9.3865407397e-02
    1.5075000000e+05    1.2485931208e-01
    1.5100000000e+05    1.0937682369e-01
    1.5125000000e+05    1.2619932765e-01
    1.5150000000e+05    9.9136942011e-02
    1.5175000000e+05    1.1542556283e-01
    1.5200000000e+05    1.1465777645e-01
    1.5225000000e+05    1.0188247772e-01
    1.5250000000e+05    9.5722379551e-02
    1.5275000000e+05    9.7578843612e-02
    1.5300000000e+05    1.2744938579e-01
    1.5325000000e+05    1.4992556013e-01
    1.5350000000e+05    8.9209216360e-02
    1.5375000000e+05    9.6129595096e-02
    1.5400000000e+05    1.2277455490e-01
    1.5425000000e+05    1.4031065477e-01
    1.5450000000e+05    1.0298230156e-01
    1.5475000000e+05    1.0032866797e-01
    1.5500000000e+05    1.0801438056e-01
    1.5525000000e+05    8.2696378927e-02
    1.5550000000e+05    7.7326657717e-02
    1.5575000000e+05    1.6866663297e-01
    1.5600000000e+05    1.3008415807e-01
    1.5625000000e+05    1.1172735674e-01
    1.5650000000e+05    1.1327651795e-01
    1.5675000000e+05    1.2204270091e-01
    1.5700000000e+05    1.2086086007e-01
    1.5725000000e+05    9.6328285288e-02
    1.5750000000e+05    9.3305200669e-02
    1.5775000000e+05    1.1845672521e-01
    1.5800000000e+05    9.0616020966e-02
    1.5825000000e+05    1.0985474751e-01
    1.5850000000e+05    8.9440541031e-02
    1.5875000000e+05    1.1818937404e-01
    1.5900000000e+05    9.6687164184e-02
    1.5925000000e+05    1.2332028701e-01
    1.5950000000e+05    1.0398826902e-01
    1.5975000000e+05    1.0781368688e-01
    1.6000000000e+05    1.2816976548e-01
    1.6025000000e+05    9.7285178848e-02
    1.6050000000e+05    9.7764282200e-02
    1.6075000000e+05    1.1182536983e-01
    1.6100000000e+05    1.0828836767e-01
    1.6125000000e+05    1.4161286062e-01
    1.6150000000e+05    1.3705111636e-01
    1.6175000000e+05    1.1258259789e-01
    1.6200000000e+05    1.0871782388e-01
    1.6225000000e+05    1.3339615573e-01
    1.6250000000e+05    1.1990764213e-01
    1.6275000000e+05    1.3806518986e-01
    1.6300000000e+05    1.6352688289e-01
    1.6325000000e+05    1.1062669123e-01
    1.6350000000e+05    1.0221772575e-01
    1.6375000000e+05    1.0509424679e-01
    1.6400000000e+05    1.6136873337e-01
    1.6425000000e+05    1.0713801135e-01
    1.6450000000e+05    1.0773048428e-01
    1.6475000000e+05    1.1638126466e-01
    1.6500000000e+05    1.1044832088e-01
    1.6525000000e+05    1.0353664333e-01
    1.6550000000e+05    1.1304204781e-01
    1.6575000000e+05    1.3936543711e-01
    1.6600000000e+05    1.7063163565e-01
    1.6625000000e+05    1.1222505103e-01
    1.6650000000e+05    1.0357123536e-01
    1.6675000000e+05    1.7499000405e-01
    1.6700000000e+05    1.4722974865e-01
    1.6725000000e+05    1.2464654288e-01
    1.6750000000e+05    1.2951579568e-01
    1.6775000000e+05    1.3928162692e-01
    1.6800000000e+05    9.8869776480e-02
    1.6825000000e+05    8.9554054991e-02
    1.6850000000e+05    1.1106465035e-01
    1.6875000000e+05    1.3689931291e-01
    1.6900000000e+05    1.3660991881e-01
    1.6925000000e+05    1.5366856361e-01
    1.6950000000e+05    1.1161062471e-01
    1.6975000000e+05    1.1375163596e-01
    1.7000000000e+05    1.1423005589e-01
    1.7025000000e+05    1.1224715727e-01
    1.7050000000e+05    1.6307496720e-01
    1.7075000000e+05    9.3024593982e-02
    1.7100000000e+05    1.5070503607e-01
    1.7125000000e+05    1.1270618831e-01
    1.7150000000e+05    1.0109071551e-01
    1.7175000000e+05    1.0354446233e-01
    1.7200000000e+05    9.8508849115e-02
    1.7225000000e+05    1.1432574933e-01
    1.7250000000e+05    8.7309563036e-02
    1.7275000000e+05    9.0977465108e-02
    1.7300000000e+05    1.1471208865e-01
    1.7325000000e+05    9.8692449438e-02
    1.7350000000e+05    9.7727630218e-02
    1.7375000000e+05    1.2982900669e-01
    1.7400000000e+05    1.6530835191e-01
    1.7425000000e+05    1.2358418170e-01
    1.7450000000e+05    1.2503403981e-01
    1.7475000000e+05    1.0473618289e-01
    1.7500000000e+05    1.1957759885e-01
    1.7525000000e+05    9.2131181117e-02
    1.7550000000e+05    1.2093264403e-01
    1.7575000000e+05    9.0578206258e-02
    1.7600000000e+05    1.2414941860e-01
    1.7625000000e+05    1.0754821694e-01
    1.7650000000e+05    1.4312272142e-01
    1.7675000000e+05    8.2727955727e-02
    1.7700000000e+05    1.2139602106e-01
    1.7725000000e+05    9.6545287348e-02
    1.7750000000e+05    9.3932982561e-02
    1.7775000000e+05    1.1004755135e-01
    1.7800000000e+05    1.5963303552e-01
    1.7825000000e+05    1.0656195167e-01
    1.7850000000e+05    9.5251390539e-02
    1.7875000000e+05    1.1684453104e-01
    1.7900000000e+05    1.0511555597e-01
    1.7925000000e+05    1.2591230402e-01
    1.7950000000e+05    1.2271249022e-01
    1.7975000000e+05    1.1795828088e-01
    1.8000000000e+05    1.2842385962e-01
    1.8025000000e+05    1.1994020246e-01
    1.8050000000e+05    1.0548451998e-01
    1.8075000000e+05    1.0147874722e-01
    1.8100000000e+05    8.9154681519e-02
    1.8125000000e+05    1.0504886127e-01
    1.8150000000e+05    1.3773509470e-01
    1.8175000000e+05    9.6687737265e-02
    1.8200000000e+05    8.7592253951e-02
    1.8225000000e+05    1.1244568763e-01
    1.8250000000e+05    1.0212559071e-01
    1.8275000000e+05    1.1072335965e-01
    1.8300000000e+05    9.4118086160e-02
    1.8325000000e+05    1.0361815847e-01
    1.8350000000e+05    1.3342766917e-01
    1.8375000000e+05    8.9293612303e-02
    1.8400000000e+05    9.9899700814e-02
    1.8425000000e+05    1.1184606633e-01
    1.8450000000e+05    2.1523294855e-01
    1.8475000000e+05    1.0069866565e-01
    1.8500000000e+05    9.0068292782e-02
    1.8525000000e+05    1.1307838537e-01
    1.8550000000e+05    1.1243995469e-01
    1.8575000000e+05    1.0421169893e-01
    1.8600000000e+05    9.9891757332e-02
    1.8625000000e+05    1.3540867120e-01
    1.8650000000e+05    1.5959867496e-01
    1.8675000000e+05    1.0095776664e-01
    1.8700000000e+05    1.0633626436e-01
    1.8725000000e+05    1.0791038317e-01
    1.8750000000e+05    1.1214032514e-01
    1.8775000000e+05    7.9280790185e-02
    1.8800000000e+05    1.0162853167e-01
    1.8825000000e+05    1.1851146191e-01
    1.8850000000e+05    1.1765329057e-01
    1.8875000000e+05    9.2327955026e-02
    1.8900000000e+05    9.1696332634e-02
    1.8925000000e+05    9.7996103643e-02
    1.8950000000e+05    8.4602523210e-02
    1.8975000000e+05    9.1102024179e-02
    1.9000000000e+05    1.1391537015e-01
    1.9025000000e+05    1.0723187365e-01
    1.9050000000e+05    1.0234465797e-01
    1.9075000000e+05    8.7080783926e-02
    1.9100000000e+05    1.1318739309e-01
    1.9125000000e+05    1.2829130277e-01
    1.9150000000e+05    1.1197106336e-01
    1.9175000000e+05    1.0347352585e-01
    1.9200000000e+05    1.1347206988e-01
    1.9225000000e+05    1.1738423851e-01
    1.9250000000e+05    1.0327163412e-01
    1.9275000000e+05    1.0901117262e-01
    1.9300000000e+05    1.2218783246e-01
    1.9325000000e+05    9.9268920495e-02
    1.9350000000e+05    1.2743851855e-01
    1.9375000000e+05    1.6727180952e-01
    1.9400000000e+05    2.1453461937e-01
    1.9425000000e+05    8.9529564897e-02
    1.9450000000e+05    1.3078513542e-01
    1.9475000000e+05    1.4432471062e-01
    1.9500000000e+05    1.1345424304e-01
    1.9525000000e+05    1.0287518629e-01
    1.9550000000e+05    1.0105752076e-01
    1.9575000000e+05    1.1236101968e-01
    1.9600000000e+05    1.2702055545e-01
    1.9625000000e+05    1.2980633122e-01
    1.9650000000e+05    9.7855758843e-02
    1.9675000000e+05    7.7574041482e-02
    1.9700000000e+05    9.9145469340e-02
    1.9725000000e+05    1.0447253257e-01
    1.9750000000e+05    1.2192770340e-01
    1.9775000000e+05    9.6830706864e-02
    1.9800000000e+05    1.0470013964e-01
    1.9825000000e+05    9.4394854117e-02
    1.9850000000e+05    1.0126123774e-01
    1.9875000000e+05    1.0337039970e-01
    1.9900000000e+05    9.8272046171e-02
    1.9925000000e+05    1.1867100719e-01
    1.9950000000e+05    1.4852584186e-01
    1.9975000000e+05    9.7582707700e-02
    2.0000000000e+05    1.0240305569e-01
    2.0025000000e+05    1.1663707507e-01
    2.0050000000e+05    9.4812514984e-02
    2.0075000000e+05    1.2098259172e-01
    2.0100000000e+05    1.0142553257e-01
    2.0125000000e+05    1.2853986032e-01
    2.0150000000e+05    1.2258814277e-01
    2.0175000000e+05    1.0163686113e-01
    2.0200000000e+05    1.1146043312e-01
    2.0225000000e+05    1.4940653290e-01
    2.0250000000e+05    1.1601317125e-01
    2.0275000000e+05    1.1504175986e-01
    2.0300000000e+05    1.2371372496e-01
    2.0325000000e+05    1.2065590076e-01
    2.0350000000e+05    1.2383207806e-01
    2.0375000000e+05    1.1531866435e-01
    2.0400000000e+05    9.9714415698e-02
    2.0425000000e+05    9.4241614708e-02
    2.0450000000e+05    1.2217035212e-01
    2.0475000000e+05    1.3639280168e-01
    2.0500000000e+05    9.2768123434e-02
    2.0525000000e+05    1.0740102245e-01
    2.0550000000e+05    1.7033896854e-01
    2.0575000000e+05    1.0016998799e-01
    2.0600000000e+05    1.1001869030e-01
    2.0625000000e+05    1.0683970896e-01
    2.0650000000e+05    1.4979775993e-01
    2.0675000000e+05    1.0555773222e-01
    2.0700000000e+05    9.5312809316e-02
    2.0725000000e+05    1.1748777768e-01
    2.0750000000e+05    1.1813273144e-01
    2.0775000000e+05    1.1632149701e-01
    2.0800000000e+05    1.0130306270e-01
    2.0825000000e+05    9.7205440259e-02
    2.0850000000e+05    1.6080195497e-01
    2.0875000000e+05    1.2346728196e-01
    2.0900000000e+05    1.3089763573e-01
    2.0925000000e+05    1.2086560851e-01
    2.0950000000e+05    8.9321746958e-02
    2.0975000000e+05    9.1143290444e-02
    2.1000000000e+05    9.0796156779e-02
    2.1025000000e+05    9.7575690849e-02
    2.1050000000e+05    1.0570564450e-01
    2.1075000000e+05    1.4516185861e-01
    2.1100000000e+05    1.1689990588e-01
    2.1125000000e+05    1.1286582379e-01
    2.1150000000e+05    1.3218579362e-01
    2.1175000000e+05    2.0474366335e-01
    2.1200000000e+05    1.0507431000e-01
    2.1225000000e+05    1.0791078652e-01
    2.1250000000e+05    1.1357556066e-01
    2.1275000000e+05    1.2019059062e-01
    2.1300000000e+05    1.1338656784e-01
    2.1325000000e+05    1.1014368464e-01
    2.1350000000e+05    1.0542963679e-01
    2.1375000000e+05    1.0333934504e-01
    2.1400000000e+05    1.5339650119e-01
    2.1425000000e+05    1.1692979394e-01
    2.1450000000e+05    9.5034941286e-02
    2.1475000000e+05    8.2510475076e-02
    2.1500000000e+05    1.2760408706e-01
    2.1525000000e+05    1.3493834855e-01
    2.1550000000e+05    1.5418076633e-01
    2.1575000000e+05    1.3038698895e-01
    2.1600000000e+05    1.4289329013e-01
    2.1625000000e+05    1.2252976034e-01
    2.1650000000e+05    8.6238589725e-02
    2.1675000000e+05    9.7365200413e-02
    2.1700000000e+05    1.0707174126e-01
    2.1725000000e+05    1.0178357551e-01
    2.1750000000e+05    1.1096647664e-01
    2.1775000000e+05    1.0278026329e-01
    2.1800000000e+05    9.3840152538e-02
    2.1825000000e+05    8.7764154446e-02
    2.1850000000e+05    1.0945285253e-01
    2.1875000000e+05    1.2405510183e-01
    2.1900000000e+05    1.0598289633e-01
    2.1925000000e+05    1.1361245756e-01
    2.1950000000e+05    1.6035632204e-01
    2.1975000000e+05    1.1530502621e-01
    2.2000000000e+05    1.2842431570e-01
    2.2025000000e+05    1.2592945879e-01
    2.2050000000e+05    1.3842440139e-01
    2.2075000000e+05    1.7148869823e-01
    2.2100000000e+05    1.1419595529e-01
    2.2125000000e+05    1.3725941374e-01
    2.2150000000e+05    1.4439218256e-01
    2.2175000000e+05    1.3005907467e-01
    2.2200000000e+05    7.8911044583e-02
    2.2225000000e+05    1.1918710708e-01
    2.2250000000e+05    1.0412616697e-01
    2.2275000000e+05    9.8848329027e-02
    2.2300000000e+05    1.1517920929e-01
    2.2325000000e+05    9.1160588025e-02
    2.2350000000e+05    9.9984274255e-02
    2.2375000000e+05    1.0921394650e-01
    2.2400000000e+05    1.0265340288e-01
    2.2425000000e+05    9.8827852598e-02
    2.2450000000e+05    1.2422511346e-01
    2.2475000000e+05    1.2341389243e-01
    2.2500000000e+05    1.2333258503e-01
    2.2525000000e+05    1.1461210435e-01
    2.2550000000e+05    1.0937120576e-01
    2.2575000000e+05    2.0201406607e-01
    2.2600000000e+05    9.4588589226e-02
    2.2625000000e+05    1.1643450091e-01
    2.2650000000e+05    1.0819290681e-01
    2.2675000000e+05    9.4245342247e-02
    2.2700000000e+05    9.3284781658e-02
    2.2725000000e+05    9.8406927343e-02
    2.2750000000e+05    7.1825557066e-02
    2.2775000000e+05    1.0354365038e-01
    2.2800000000e+05    1.3976843126e-01
    2.2825000000e+05    1.3002028554e-01
    2.2850000000e+05    8.0178199822e-02
    2.2875000000e+05    1.2480089744e-01
    2.2900000000e+05    8.8096003990e-02
    2.2925000000e+05    9.7920454012e-02
    2.2950000000e+05    1.4934294190e-01
    2.2975000000e+05    8.7442525646e-02
    2.3000000000e+05    1.3955436810e-01
    2.3025000000e+05    1.2685668042e-01
    2.3050000000e+05    7.0923073057e-02
    2.3075000000e+05    1.3377589660e-01
    2.3100000000e+05    1.1963920564e-01
    2.3125000000e+05    9.2751701546e-02
    2.3150000000e+05    1.0218007557e-01
    2.3175000000e+05    1.0189359093e-01
    2.3200000000e+05    1.3804526671e-01
    2.3225000000e+05    1.1055122366e-01
    2.3250000000e+05    1.4593470335e-01
    2.3275000000e+05    1.0803904414e-01
    2.3300000000e+05    2.0593107749e-01
    2.3325000000e+05    1.1219502270e-01
    2.3350000000e+05    1.0676138326e-01
    2.3375000000e+05    1.5211679372e-01
    2.3400000000e+05    1.2977705649e-01
    2.3425000000e+05    1.0014496542e-01
    2.3450000000e+05    1.3730016730e-01
    2.3475000000e+05    1.0247384174e-01
    2.3500000000e+05    1.0331969430e-01
    2.3525000000e+05    1.1487959314e-01
    2.3550000000e+05    9.7699276353e-02
    2.3575000000e+05    1.1602608685e-01
    2.3600000000e+05    9.9678350094e-02
    2.3625000000e+05    1.2866629630e-01
    2.3650000000e+05    1.1735446838e-01
    2.3675000000e+05    9.8570775516e-02
    2.3700000000e+05    1.2294231507e-01
    2.3725000000e+05    9.8042688118e-02
    2.3750000000e+05    1.3638075548e-01
    2.3775000000e+05    1.4912379364e-01
    2.3800000000e+05    9.1087954542e-02
    2.3825000000e+05    1.0156107046e-01
    2.3850000000e+05    1.4275292130e-01
    2.3875000000e+05    9.8727542449e-02
    2.3900000000e+05    1.0368303482e-01
    2.3925000000e+05    9.7857244942e-02
    2.3950000000e+05    1.6318437438e-01
    2.3975000000e+05    1.6331116952e-01
    2.4000000000e+05    1.1091685899e-01
    2.4025000000e+05    1.2139870925e-01
    2.4050000000e+05    1.8943142379e-01
    2.4075000000e+05    1.0391692180e-01
    2.4100000000e+05    9.2408818900e-02
    2.4125000000e+05    1.0864574535e-01
    2.4150000000e+05    1.0336970382e-01
    2.4175000000e+05    8.8576425365e-02
    2.4200000000e+05    1.6583349257e-01
    2.4225000000e+05    9.9588247868e-02
    2.4250000000e+05    1.3750448567e-01
    2.4275000000e+05    1.6454396217e-01
    2.4300000000e+05    1.2714612724e-01
    2.4325000000e+05    9.6490369332e-02
    2.4350000000e+05    1.1461602516e-01
    2.4375000000e+05    1.1456139687e-01
    2.4400000000e+05    9.9343763110e-02
    2.4425000000e+05    9.5359863035e-02
    2.4450000000e+05    9.6201242007e-02
    2.4475000000e+05    1.6603357866e-01
    2.4500000000e+05    1.3270172894e-01
    2.4525000000e+05    1.1530219901e-01
    2.4550000000e+05    1.0814855670e-01
    2.4575000000e+05    8.3836813665e-02
    2.4600000000e+05    1.4426368048e-01
    2.4625000000e+05    1.0434666981e-01
    2.4650000000e+05    1.1701975997e-01
    2.4675000000e+05    1.1577885582e-01
    2.4700000000e+05    9.8855640696e-02
    2.4725000000e+05    1.1388508170e-01
    2.4750000000e+05    1.0094795653e-01
    2.4775000000e+05    9.9075139862e-02
    2.4800000000e+05    9.8031321239e-02
    2.4825000000e+05    9.3200186474e-02
    2.4850000000e+05    1.1551189382e-01
    2.4875000000e+05    9.4797577195e-02
    2.4900000000e+05    1.0209647398e-01
    2.4925000000e+05    1.0479088028e-01
    2.4950000000e+05    1.1432103154e-01
    2.4975000000e+05    9.8340212601e-02
    2.5000000000e+05    1.1175105959e-01
    2.5025000000e+05    1.1765725999e-01
    2.5050000000e+05    1.6002614659e-01
    2.5075000000e+05    1.5804303947e-01
    2.5100000000e+05    1.0657965160e-01
    2.5125000000e+05    1.1491876318e-01
    2.5150000000e+05    1.8861805458e-01
    2.5175000000e+05    8.4331332184e-02
    2.5200000000e+05    1.0658831232e-01
    2.5225000000e+05    1.0249905718e-01
    2.5250000000e+05    1.3318860821e-01
    2.5275000000e+05    9.2620940879e-02
    2.5300000000e+05    9.0852563601e-02
    2.5325000000e+05    8.6631127337e-02
    2.5350000000e+05    1.0116227950e-01
    2.5375000000e+05    8.6968655958e-02
    2.5400000000e+05    9.4319392135e-02
    2.5425000000e+05    1.1398244341e-01
    2.5450000000e+05    1.2467626699e-01
    2.5475000000e+05    1.1879046296e-01
    2.5500000000e+05    1.0326935552e-01
    2.5525000000e+05    9.3334878480e-02
    2.5550000000e+05    8.5434471254e-02
    2.5575000000e+05    1.0957139128e-01
    2.5600000000e+05    1.3593249757e-01
    2.5625000000e+05    9.1284825954e-02
    2.5650000000e+05    1.3328141269e-01
    2.5675000000e+05    9.3134421564e-02
    2.5700000000e+05    8.4271719906e-02
    2.5725000000e+05    9.0956575501e-02
    2.5750000000e+05    1.3471220360e-01
    2.5775000000e+05    1.0556657822e-01
    2.5800000000e+05    1.3008090572e-01
    2.5825000000e+05    1.0026920240e-01
    2.5850000000e+05    1.1582641195e-01
    2.5875000000e+05    1.0623767852e-01
    2.5900000000e+05    9.1953808468e-02
    2.5925000000e+05    1.0441443761e-01
    2.5950000000e+05    1.1033623204e-01
    2.5975000000e+05    8.9277394248e-02
    2.6000000000e+05    1.0359029378e-01
    2.6025000000e+05    1.0217912152e-01
    2.6050000000e+05    1.4531468079e-01
    2.6075000000e+05    1.3100548304e-01
    2.6100000000e+05    9.5939457348e-02
    2.6125000000e+05    1.0504511847e-01
    2.6150000000e+05    1.1925720282e-01
    2.6175000000e+05    1.1112434385e-01
    2.6200000000e+05    1.2829178128e-01
    2.6225000000e+05    1.1697618954e-01
    2.6250000000e+05    1.0707254416e-01
    2.6275000000e+05    1.1722410963e-01
    2.6300000000e+05    1.0147206092e-01
    2.6325000000e+05    1.1073187643e-01
    2.6350000000e+05    1.3563132342e-01
    2.6375000000e+05    9.9862244089e-02
    2.6400000000e+05    1.1594379364e-01
    2.6425000000e+05    1.0074647976e-01
    2.6450000000e+05    1.1964011673e-01
    2.6475000000e+05    9.7108173050e-02
    2.6500000000e+05    9.5327383766e-02
    2.6525000000e+05    1.2457135266e-01
    2.6550000000e+05    1.0141036881e-01
    2.6575000000e+05    1.1036694776e-01
    2.6600000000e+05    9.7963475236e-02
    2.6625000000e+05    1.1193109960e-01
    2.6650000000e+05    1.3519533310e-01
    2.6675000000e+05    1.8795324528e-01
    2.6700000000e+05    1.0931727265e-01
    2.6725000000e+05    1.2393623454e-01
    2.6750000000e+05    7.7976724345e-02
    2.6775000000e+05    1.0028361832e-01
    2.6800000000e+05    1.0907151843e-01
    2.6825000000e+05    1.0293954379e-01
    2.6850000000e+05    9.9038113889e-02
    2.6875000000e+05    9.3835659122e-02
    2.6900000000e+05    9.9577931608e-02
    2.6925000000e+05    1.2961820221e-01
    2.6950000000e+05    1.4634764231e-01
    2.6975000000e+05    9.7458287843e-02
    2.7000000000e+05    8.5098108845e-02
    2.7025000000e+05    9.2915120095e-02
    2.7050000000e+05    9.8186903709e-02
    2.7075000000e+05    1.4585143802e-01
    2.7100000000e+05    1.4715819952e-01
    2.7125000000e+05    1.1218085601e-01
    2.7150000000e+05    1.2652923977e-01
    2.7175000000e+05    1.0645597633e-01
    2.7200000000e+05    1.0985629909e-01
    2.7225000000e+05    7.7918441945e-02
    2.7250000000e+05    1.4173659533e-01
    2.7275000000e+05    1.0123304934e-01
    2.7300000000e+05    7.5619345718e-02
    2.7325000000e+05    8.6149119493e-02
    2.7350000000e+05    1.0425322906e-01
    2.7375000000e+05    1.3533502355e-01
    2.7400000000e+05    7.7677404453e-02
    2.7425000000e+05    1.0963951184e-01
    2.7450000000e+05    8.5885080489e-02
    2.7475000000e+05    9.7610625451e-02
    2.7500000000e+05    8.2425406130e-02
    2.7525000000e+05    8.5130333482e-02
    2.7550000000e+05    7.2683539371e-02
    2.7575000000e+05    1.6154346460e-01
    2.7600000000e+05    1.0651302662e-01
    2.7625000000e+05    1.0629104040e-01
    2.7650000000e+05    1.2420053765e-01
    2.7675000000e+05    1.3469905166e-01
    2.7700000000e+05    1.2397905468e-01
    2.7725000000e+05    1.0790523482e-01
    2.7750000000e+05    1.1297295621e-01
    2.7775000000e+05    9.9289108875e-02
    2.7800000000e+05    1.3827215584e-01
    2.7825000000e+05    1.1622950225e-01
    2.7850000000e+05    1.1413320014e-01
    2.7875000000e+05    1.0179238862e-01
    2.7900000000e+05    1.1234614725e-01
    2.7925000000e+05    9.3301319325e-02
    2.7950000000e+05    1.3330579923e-01
    2.7975000000e+05    1.2584508437e-01
    2.8000000000e+05    1.0284696880e-01
    2.8025000000e+05    1.0300231730e-01
    2.8050000000e+05    1.0885315791e-01
    2.8075000000e+05    9.5782231307e-02
    2.8100000000e+05    1.1328957090e-01
    2.8125000000e+05    9.7267352233e-02
    2.8150000000e+05    1.0054418349e-01
    2.8175000000e+05    1.0764763070e-01
    2.8200000000e+05    9.8735166253e-02
    2.8225000000e+05    1.2671683618e-01
    2.8250000000e+05    1.1221488799e-01
    2.8275000000e+05    1.2828523449e-01
    2.8300000000e+05    1.2758511537e-01
    2.8325000000e+05    1.1332353955e-01
    2.8350000000e+05    1.2306375745e-01
    2.8375000000e+05    1.0881658686e-01
    2.8400000000e+05    9.4868599476e-02
    2.8425000000e+05    1.2121308697e-01
    2.8450000000e+05    1.1364821382e-01
    2.8475000000e+05    1.0592237252e-01
    2.8500000000e+05    9.6807712657e-02
    2.8525000000e+05    9.5946337660e-02
    2.8550000000e+05    1.7418963814e-01
    2.8575000000e+05    1.1253676375e-01
    2.8600000000e+05    1.0931036392e-01
    2.8625000000e+05    1.2174973060e-01
    2.8650000000e+05    1.1383714451e-01
    2.8675000000e+05    1.1645374966e-01
    2.8700000000e+05    1.0621267220e-01
    2.8725000000e+05    1.1613496292e-01
    2.8750000000e+05    9.3265391984e-02
    2.8775000000e+05    8.6170828066e-02
    2.8800000000e+05    1.1304285388e-01
    2.8825000000e+05    9.9214023012e-02
    2.8850000000e+05    1.1757547035e-01
    2.8875000000e+05    1.1501436503e-01
    2.8900000000e+05    1.2359618834e-01
    2.8925000000e+05    1.1815186908e-01
    2.8950000000e+05    1.8453388177e-01
    2.8975000000e+05    1.0843833023e-01
    2.9000000000e+05    1.2018128218e-01
    2.9025000000e+05    1.3884537684e-01
    2.9050000000e+05    1.1503785484e-01
    2.9075000000e+05    1.1353021282e-01
    2.9100000000e+05    1.0965407748e-01
    2.9125000000e+05    1.3956850972e-01
    2.9150000000e+05    1.3205936668e-01
    2.9175000000e+05    1.4164473114e-01
    2.9200000000e+05    1.0870121581e-01
    2.9225000000e+05    1.3475656065e-01
    2.9250000000e+05    1.1272291835e-01
    2.9275000000e+05    1.2319906173e-01
    2.9300000000e+05    9.3767454599e-02
    2.9325000000e+05    1.0362930119e-01
    2.9350000000e+05    1.2422373050e-01
    2.9375000000e+05    1.4101389864e-01
    2.9400000000e+05    1.0802585756e-01
    2.9425000000e+05    1.0485444612e-01
    2.9450000000e+05    8.9142790700e-02
    2.9475000000e+05    1.1396200006e-01
    2.9500000000e+05    1.1803378050e-01
    2.9525000000e+05    1.0427154943e-01
    2.9550000000e+05    9.3814000594e-02
    2.9575000000e+05    1.0930941576e-01
    2.9600000000e+05    1.6581162330e-01
    2.9625000000e+05    1.4869938655e-01
    2.9650000000e+05    1.5480717587e-01
    2.9675000000e+05    1.4165524019e-01
    2.9700000000e+05    1.0847367476e-01
    2.9725000000e+05    1.2961063067e-01
    2.9750000000e+05    1.5669879979e-01
    2.9775000000e+05    1.3300236362e-01
    2.9800000000e+05    1.9009324023e-01
    2.9825000000e+05    1.3782036198e-01
    2.9850000000e+05    1.0468747631e-01
    2.9875000000e+05    1.1623741494e-01
    2.9900000000e+05    1.2346776943e-01
    2.9925000000e+05    1.0189362348e-01
    2.9950000000e+05    1.0308251266e-01
    2.9975000000e+05    1.0447261971e-01
    3.0000000000e+05    1.6234434442e-01
    3.0025000000e+05    1.2569554769e-01
    3.0050000000e+05    1.1072050177e-01
    3.0075000000e+05    7.1754496919e-02
    3.0100000000e+05    1.0324812415e-01
    3.0125000000e+05    9.9253701225e-02
    3.0150000000e+05    9.8450331286e-02
    3.0175000000e+05    9.6813417370e-02
    3.0200000000e+05    1.6034980879e-01
    3.0225000000e+05    1.7363677765e-01
    3.0250000000e+05    1.0746101104e-01
    3.0275000000e+05    1.4890093441e-01
    3.0300000000e+05    1.0378116427e-01
    3.0325000000e+05    1.4300970665e-01
    3.0350000000e+05    2.0614774769e-01
    3.0375000000e+05    1.1166836078e-01
    3.0400000000e+05    1.1546151217e-01
    3.0425000000e+05    2.1837896647e-01
    3.0450000000e+05    9.5168953435e-02
    3.0475000000e+05    1.8433141100e-01
    3.0500000000e+05    1.2874239012e-01
    3.0525000000e+05    1.3560595216e-01
    3.0550000000e+05    1.0237197184e-01
    3.0575000000e+05    1.0868824528e-01
    3.0600000000e+05    1.3258759793e-01
    3.0625000000e+05    1.1291027181e-01
    3.0650000000e+05    9.7837470261e-02
    3.0675000000e+05    1.3285184709e-01
    3.0700000000e+05    9.9355707315e-02
    3.0725000000e+05    1.2413014505e-01
    3.0750000000e+05    1.2199777879e-01
    3.0775000000e+05    1.3701126748e-01
    3.0800000000e+05    1.0577654641e-01
    3.0825000000e+05    1.2078032943e-01
    3.0850000000e+05    1.1052451757e-01
    3.0875000000e+05    9.6381468415e-02
    3.0900000000e+05    1.3604382501e-01
    3.0925000000e+05    1.0549995861e-01
    3.0950000000e+05    1.1598965434e-01
    3.0975000000e+05    1.3200972331e-01
    3.1000000000e+05    2.6765768795e-01
    3.1025000000e+05    1.0479433687e-01
    3.1050000000e+05    1.0532234869e-01
    3.1075000000e+05    1.0593343358e-01
    3.1100000000e+05    9.7383764107e-02
    3.1125000000e+05    1.6032165657e-01
    3.1150000000e+05    9.9079604686e-02
    3.1175000000e+05    1.2316778306e-01
    3.1200000000e+05    1.4581627460e-01
    3.1225000000e+05    1.4566862122e-01
    3.1250000000e+05    1.3481479928e-01
    3.1275000000e+05    1.2821236943e-01
    3.1300000000e+05    9.5387656424e-02
    3.1325000000e+05    9.0441909568e-02
    3.1350000000e+05    1.1317270621e-01
    3.1375000000e+05    1.3178484105e-01
    3.1400000000e+05    1.0751000090e-01
    3.1425000000e+05    1.0033080485e-01
    3.1450000000e+05    1.3429090499e-01
    3.1475000000e+05    1.5213561997e-01
    3.1500000000e+05    1.7680740160e-01
    3.1525000000e+05    1.3988631176e-01
    3.1550000000e+05    1.2384586716e-01
    3.1575000000e+05    1.4427940265e-01
    3.1600000000e+05    1.2716590733e-01
    3.1625000000e+05    1.5862417490e-01
    3.1650000000e+05    1.9701768165e-01
    3.1675000000e+05    1.5235158759e-01
    3.1700000000e+05    1.0910270888e-01
    3.1725000000e+05    1.6791903722e-01
    3.1750000000e+05    1.1421288074e-01
    3.1775000000e+05    1.2501565016e-01
    3.1800000000e+05    1.1443663275e-01
    3.1825000000e+05    1.3599265389e-01
    3.1850000000e+05    1.1988006855e-01
    3.1875000000e+05    1.3043538240e-01
    3.1900000000e+05    1.4182491941e-01
    3.1925000000e+05    1.6809826095e-01
    3.1950000000e+05    1.3593950519e-01
    3.1975000000e+05    1.2422016055e-01
    3.2000000000e+05    1.5780602444e-01
    3.2025000000e+05    1.8418572341e-01
    3.2050000000e+05    1.0755832244e-01
    3.2075000000e+05    1.0424353438e-01
    3.2100000000e+05    1.2449517154e-01
    3.2125000000e+05    1.2842494079e-01
    3.2150000000e+05    1.2821062699e-01
    3.2175000000e+05    8.1872625809e-02
    3.2200000000e+05    1.2413513352e-01
    3.2225000000e+05    1.2361473832e-01
    3.2250000000e+05    1.2005382782e-01
    3.2275000000e+05    8.7463764486e-02
    3.2300000000e+05    1.4134995450e-01
    3.2325000000e+05    9.6400535430e-02
    3.2350000000e+05    1.0959416917e-01
    3.2375000000e+05    1.3405103823e-01
    3.2400000000e+05    1.1063193621e-01
    3.2425000000e+05    1.5180933555e-01
    3.2450000000e+05    1.0078225529e-01
    3.2475000000e+05    9.6751886580e-02
    3.2500000000e+05    1.1059995613e-01
    3.2525000000e+05    9.9078193975e-02
    3.2550000000e+05    1.1991513241e-01
    3.2575000000e+05    1.1526428665e-01
    3.2600000000e+05    1.5228948558e-01
    3.2625000000e+05    1.0246642431e-01
    3.2650000000e+05    1.1497332035e-01
    3.2675000000e+05    9.9083528337e-02
    3.2700000000e+05    1.0067537370e-01
    3.2725000000e+05    1.1457842994e-01
    3.2750000000e+05    1.1882128047e-01
    3.2775000000e+05    1.2625484745e-01
    3.2800000000e+05    1.1097658672e-01
    3.2825000000e+05    1.0045966268e-01
    3.2850000000e+05    9.8022662198e-02
    3.2875000000e+05    1.3194913375e-01
    3.2900000000e+05    1.8098097165e-01
    3.2925000000e+05    1.5431139917e-01
    3.2950000000e+05    1.3182693144e-01
    3.2975000000e+05    1.3604324562e-01
    3.3000000000e+05    2.0170573905e-01
    3.3025000000e+05    9.6890446641e-02
    3.3050000000e+05    1.4921811528e-01
    3.3075000000e+05    1.5102986292e-01
    3.3100000000e+05    1.5636934492e-01
    3.3125000000e+05    1.2008222268e-01
    3.3150000000e+05    1.4917237505e-01
    3.3175000000e+05    1.4819573606e-01
    3.3200000000e+05    1.4639947244e-01
    3.3225000000e+05    1.0825175281e-01
    3.3250000000e+05    1.3190538732e-01
    3.3275000000e+05    9.3160768415e-02
    3.3300000000e+05    1.1558530226e-01
    3.3325000000e+05    9.9294987020e-02
    3.3350000000e+05    1.3255326534e-01
    3.3375000000e+05    1.0884179681e-01
    3.3400000000e+05    1.9723598136e-01
    3.3425000000e+05    1.1442961193e-01
    3.3450000000e+05    1.1398136153e-01
    3.3475000000e+05    9.5411505562e-02
    3.3500000000e+05    9.8732321198e-02
    3.3525000000e+05    1.0027940944e-01
    3.3550000000e+05    1.1035880284e-01
    3.3575000000e+05    8.7520723080e-02
    3.3600000000e+05    1.1261315743e-01
    3.3625000000e+05    1.2589168547e-01
    3.3650000000e+05    1.2570697824e-01
    3.3675000000e+05    9.0058047536e-02
    3.3700000000e+05    9.1176753934e-02
    3.3725000000e+05    9.2758319015e-02
    3.3750000000e+05    1.0643160728e-01
    3.3775000000e+05    1.0499148141e-01
    3.3800000000e+05    8.5505792415e-02
    3.3825000000e+05    9.4115786933e-02
    3.3850000000e+05    1.1386690299e-01
    3.3875000000e+05    1.2622988892e-01
    3.3900000000e+05    8.3106797240e-02
    3.3925000000e+05    1.0024978114e-01
    3.3950000000e+05    1.3297010081e-01
    3.3975000000e+05    9.2304161882e-02
    3.4000000000e+05    1.1519273967e-01
    3.4025000000e+05    1.2283455838e-01
    3.4050000000e+05    1.2417311593e-01
    3.4075000000e+05    7.3200033744e-02
    3.4100000000e+05    9.6770672921e-02
    3.4125000000e+05    1.0361588290e-01
    3.4150000000e+05    1.0979761804e-01
    3.4175000000e+05    1.1430462710e-01
    3.4200000000e+05    1.1383766105e-01
    3.4225000000e+05    8.6248322095e-02
    3.4250000000e+05    1.1715479790e-01
    3.4275000000e+05    1.0653626529e-01
    3.4300000000e+05    1.0731453427e-01
    3.4325000000e+05    9.9855149368e-02
    3.4350000000e+05    1.1929774711e-01
    3.4375000000e+05    1.1260509016e-01
    3.4400000000e+05    1.4326947506e-01
    3.4425000000e+05    1.0290168093e-01
    3.4450000000e+05    1.0642558531e-01
    3.4475000000e+05    1.1689888921e-01
    3.4500000000e+05    1.0259696509e-01
    3.4525000000e+05    9.3864347051e-02
    3.4550000000e+05    1.1921646311e-01
    3.4575000000e+05    1.4459248938e-01
    3.4600000000e+05    1.0113457367e-01
    3.4625000000e+05    1.0835643841e-01
    3.4650000000e+05    1.0161823976e-01
    3.4675000000e+05    1.0506028640e-01
    3.4700000000e+05    1.2159977914e-01
    3.4725000000e+05    1.2741171182e-01
    3.4750000000e+05    8.9812809406e-02
    3.4775000000e+05    1.2344818344e-01
    3.4800000000e+05    1.0096897099e-01
    3.4825000000e+05    1.1272246299e-01
    3.4850000000e+05    9.1677046393e-02
    3.4875000000e+05    9.7579235573e-02
    3.4900000000e+05    1.0877538436e-01
    3.4925000000e+05    1.1187382344e-01
    3.4950000000e+05    9.2433884337e-02
    3.4975000000e+05    1.0277225219e-01
    3.5000000000e+05    9.8951013109e-02
    3.5025000000e+05    1.0316052624e-01
    3.5050000000e+05    7.9418670252e-02
    3.5075000000e+05    1.1479757358e-01
    3.5100000000e+05    1.1591931389e-01
    3.5125000000e+05    9.9669929431e-02
    3.5150000000e+05    1.0603794432e-01
    3.5175000000e+05    1.5471410663e-01
    3.5200000000e+05    1.0532482570e-01
    3.5225000000e+05    1.2351942497e-01
    3.5250000000e+05    8.9770903855e-02
    3.5275000000e+05    1.1639015210e-01
    3.5300000000e+05    1.0687683010e-01
    3.5325000000e+05    1.0916374686e-01
    3.5350000000e+05    1.0828966198e-01
    3.5375000000e+05    1.2582697198e-01
    3.5400000000e+05    1.1358247084e-01
    3.5425000000e+05    1.0097766785e-01
    3.5450000000e+05    9.7889481407e-02
    3.5475000000e+05    1.4082282594e-01
    3.5500000000e+05    8.6172404136e-02
    3.5525000000e+05    1.3849569384e-01
    3.5550000000e+05    9.1595947684e-02
    3.5575000000e+05    1.0407229404e-01
    3.5600000000e+05    9.8526256449e-02
    3.5625000000e+05    9.7126995257e-02
    3.5650000000e+05    1.1110773438e-01
    3.5675000000e+05    1.2866216340e-01
    3.5700000000e+05    1.3821788145e-01
    3.5725000000e+05    1.0165198176e-01
    3.5750000000e+05    1.0954147153e-01
    3.5775000000e+05    1.3148292482e-01
    3.5800000000e+05    1.0806207329e-01
    3.5825000000e+05    1.0042064059e-01
    3.5850000000e+05    1.0777471696e-01
    3.5875000000e+05    1.4844258056e-01
    3.5900000000e+05    1.0713914560e-01
    3.5925000000e+05    1.1090967304e-01
    3.5950000000e+05    1.0701359413e-01
    3.5975000000e+05    1.2582037404e-01
    3.6000000000e+05    1.3581384156e-01
    3.6025000000e+05    9.4463371665e-02
    3.6050000000e+05    1.0351051334e-01
    3.6075000000e+05    1.2888414339e-01
    3.6100000000e+05    1.2737174115e-01
    3.6125000000e+05    9.7318192974e-02
    3.6150000000e+05    1.0160282103e-01
    3.6175000000e+05    1.3858007823e-01
    3.6200000000e+05    1.2700926982e-01
    3.6225000000e+05    1.1063152200e-01
    3.6250000000e+05    8.7399919013e-02
    3.6275000000e+05    1.0485464349e-01
    3.6300000000e+05    9.6555221312e-02
    3.6325000000e+05    1.3779289294e-01
    3.6350000000e+05    1.4825936971e-01
    3.6375000000e+05    1.3625201001e-01
    3.6400000000e+05    1.1147944172e-01
    3.6425000000e+05    9.8132753104e-02
    3.6450000000e+05    1.1807386673e-01
    3.6475000000e+05    1.2216834598e-01
    3.6500000000e+05    1.2967417966e-01
    3.6525000000e+05    1.4350476146e-01
    3.6550000000e+05    1.0608892773e-01
    3.6575000000e+05    9.8879616686e-02
    3.6600000000e+05    1.1719878756e-01
    3.6625000000e+05    1.1520003308e-01
    3.6650000000e+05    9.3092230014e-02
    3.6675000000e+05    1.3407202391e-01
    3.6700000000e+05    1.1180446226e-01
    3.6725000000e+05    1.1600350857e-01
    3.6750000000e+05    1.0486986282e-01
    3.6775000000e+05    7.6637584182e-02
    3.6800000000e+05    1.1155159008e-01
    3.6825000000e+05    1.0392494358e-01
    3.6850000000e+05    1.1108896148e-01
    3.6875000000e+05    1.1708175473e-01
    3.6900000000e+05    1.0811056096e-01
    3.6925000000e+05    1.2718360219e-01
    3.6950000001e+05    1.0378440196e-01
    3.6975000001e+05    1.5006178636e-01
    3.7000000001e+05    1.1761002427e-01
    3.7025000001e+05    1.3739796342e-01
    3.7050000001e+05    9.5923164474e-02
    3.7075000001e+05    1.1580398039e-01
    3.7100000001e+05    1.1372633410e-01
    3.7125000001e+05    1.5427894122e-01
    3.7150000001e+05    1.0258636368e-01
    3.7175000001e+05    1.5416347428e-01
    3.7200000001e+05    1.0438285120e-01
    3.7225000001e+05    1.1431865127e-01
    3.7250000001e+05    9.9204778373e-02
    3.7275000001e+05    1.3039789200e-01
    3.7300000001e+05    9.1280985214e-02
    3.7325000001e+05    1.3136880572e-01
    3.7350000001e+05    1.5508918303e-01
    3.7375000001e+05    1.2290840061e-01
    3.7400000001e+05    8.0308887599e-02
    3.7425000001e+05    1.6417052817e-01
    3.7450000001e+05    1.3919098026e-01
    3.7475000001e+05    1.2966877197e-01
    3.7500000001e+05    1.4884693708e-01
    3.7525000001e+05    1.7418153329e-01
    3.7550000001e+05    1.5084402356e-01
    3.7575000001e+05    1.7434676006e-01
    3.7600000001e+05    1.2917134211e-01
    3.7625000001e+05    1.6762588845e-01
    3.7650000001e+05    1.4718501216e-01
    3.7675000001e+05    1.3855810611e-01
    3.7700000001e+05    1.6627687121e-01
    3.7725000001e+05    1.3191107386e-01
    3.7750000001e+05    1.5420810182e-01
    3.7775000001e+05    1.3372456633e-01
    3.7800000001e+05    1.4939840079e-01
    3.7825000001e+05    2.0127550761e-01
    3.7850000001e+05    1.1155944294e-01
    3.7875000001e+05    1.4783110739e-01
    3.7900000001e+05    1.9365949184e-01
    3.7925000001e+05    8.6703683077e-02
    3.7950000001e+05    2.2401037407e-01
    3.7975000001e+05    1.5084418417e-01
    3.8000000001e+05    1.0088841309e-01
    3.8025000001e+05    1.5555920073e-01
    3.8050000001e+05    1.5323865486e-01
    3.8075000001e+05    2.3017644618e-01
    3.8100000001e+05    1.2587021403e-01
    3.8125000001e+05    1.1193704716e-01
    3.8150000001e+05    2.0457981409e-01
    3.8175000001e+05    1.3303077675e-01
    3.8200000001e+05    2.4277751302e-01
    3.8225000001e+05    1.3111440518e-01
    3.8250000001e+05    1.3811934075e-01
    3.8275000001e+05    1.6617826544e-01
    3.8300000001e+05    1.2504771199e-01
    3.8325000001e+05    1.2543770452e-01
    3.8350000001e+05    2.1964063598e-01
    3.8375000001e+05    1.2452790594e-01
    3.8400000001e+05    1.5371993271e-01
    3.8425000001e+05    1.2146594471e-01
    3.8450000001e+05    1.9497510226e-01
    3.8475000001e+05    1.6771243777e-01
    3.8500000001e+05    1.3936066844e-01
    3.8525000001e+05    1.4386381994e-01
    3.8550000001e+05    1.8982981469e-01
    3.8575000001e+05    1.0859723281e-01
    3.8600000001e+05    1.0569530376e-01
    3.8625000001e+05    1.0975140881e-01
    3.8650000001e+05    8.4765419838e-02
    3.8675000001e+05    8.9051631832e-02
    3.8700000001e+05    8.4336533898e-02
    3.8725000001e+05    1.1256531189e-01
    3.8750000001e+05    1.0108867746e-01
    3.8775000001e+05    1.0504660353e-01
    3.8800000001e+05    1.5316093785e-01
    3.8825000001e+05    1.0599327027e-01
    3.8850000001e+05    1.3013771029e-01
    3.8875000001e+05    9.9593549203e-02
    3.8900000001e+05    9.5849617932e-02
    3.8925000001e+05    1.0026557378e-01
    3.8950000001e+05    1.0280036618e-01
    3.8975000001e+05    1.0711660806e-01
    3.9000000001e+05    1.2753723489e-01
    3.9025000001e+05    9.3510194836e-02
    3.9050000001e+05    1.4886987292e-01
    3.9075000001e+05    1.0060333036e-01
    3.9100000001e+05    8.5466526245e-02
    3.9125000001e+05    1.0862020351e-01
    3.9150000001e+05    1.0663589922e-01
    3.9175000001e+05    1.0429090739e-01
    3.9200000001e+05    1.1012020904e-01
    3.9225000001e+05    1.0108656614e-01
    3.9250000001e+05    9.7089708405e-02
    3.9275000001e+05    1.1507745711e-01
    3.9300000001e+05    1.0619208096e-01
    3.9325000001e+05    9.9258289409e-02
    3.9350000001e+05    1.0974180890e-01
    3.9375000001e+05    1.3750711967e-01
    3.9400000001e+05    1.2156607839e-01
    3.9425000001e+05    1.0688753579e-01
    3.9450000001e+05    1.1352913196e-01
    3.9475000001e+05    9.8864940507e-02
    3.9500000001e+05    1.1197494604e-01
    3.9525000001e+05    1.0672382358e-01
    3.9550000001e+05    9.0685801331e-02
    3.9575000001e+05    9.6043003601e-02
    3.9600000001e+05    1.1287846177e-01
    3.9625000001e+05    9.6633437660e-02
    3.9650000001e+05    1.2742564316e-01
    3.9675000001e+05    1.0991304772e-01
    3.9700000001e+05    1.2104923289e-01
    3.9725000001e+05    1.1282827819e-01
    3.9750000001e+05    9.5528149109e-02
    3.9775000001e+05    1.7634672049e-01
    3.9800000001e+05    9.1504226483e-02
    3.9825000001e+05    1.1788312274e-01
    3.9850000001e+05    1.1095539620e-01
    3.9875000001e+05    1.4787594532e-01
    3.9900000001e+05    1.5296805939e-01
    3.9925000001e+05    1.2221977461e-01
    3.9950000001e+05    9.1840060883e-02
    3.9975000001e+05    1.0716087747e-01
    4.0000000001e+05    1.3487222159e-01
    4.0025000001e+05    1.0140828526e-01
    4.0050000001e+05    1.0815807389e-01
    4.0075000001e+05    1.4380214860e-01
    4.0100000001e+05    1.1004422469e-01
    4.0125000001e+05    1.2914159517e-01
    4.0150000001e+05    8.9527010138e-02
    4.0175000001e+05    7.8464702627e-02
    4.0200000001e+05    9.2440837143e-02
    4.0225000001e+05    1.3911301275e-01
    4.0250000001e+05    1.8186950459e-01
    4.0275000001e+05    1.0231626248e-01
    4.0300000001e+05    8.9941776054e-02
    4.0325000001e+05    1.2698910094e-01
    4.0350000001e+05    1.1242099460e-01
    4.0375000001e+05    8.9288182559e-02
    4.0400000001e+05    1.4294598426e-01
    4.0425000001e+05    1.0571181416e-01
    4.0450000001e+05    1.1829560988e-01
    4.0475000001e+05    1.3198887178e-01
    4.0500000001e+05    1.0556315212e-01
    4.0525000001e+05    1.0066193302e-01
    4.0550000001e+05    1.0242062410e-01
    4.0575000001e+05    1.1804937628e-01
    4.0600000001e+05    1.1682365164e-01
    4.0625000001e+05    1.0889928892e-01
    4.0650000001e+05    9.0865756164e-02
    4.0675000001e+05    1.1508405006e-01
    4.0700000001e+05    1.1929727913e-01
    4.0725000001e+05    9.7347373143e-02
    4.0750000001e+05    1.0724636259e-01
    4.0775000001e+05    1.0436157759e-01
    4.0800000001e+05    9.9362805032e-02
    4.0825000001e+05    1.1194325372e-01
    4.0850000001e+05    1.1328851180e-01
    4.0875000001e+05    1.0819007656e-01
    4.0900000001e+05    1.3744035202e-01
    4.0925000001e+05    1.1571587675e-01
    4.0950000001e+05    1.4288570043e-01
    4.0975000001e+05    1.0123164664e-01
    4.1000000001e+05    1.0879287757e-01
    4.1025000001e+05    1.3191287296e-01
    4.1050000001e+05    1.3042839248e-01
    4.1075000001e+05    8.2015154270e-02
    4.1100000001e+05    9.4920899178e-02
    4.1125000001e+05    1.1734109234e-01
    4.1150000001e+05    8.8602124297e-02
    4.1175000001e+05    1.0294252899e-01
    4.1200000001e+05    1.0990538794e-01
    4.1225000001e+05    9.8418605916e-02
    4.1250000001e+05    9.9390775209e-02
    4.1275000001e+05    1.1271834154e-01
    4.1300000001e+05    2.1312080097e-01
    4.1325000001e+05    1.1390371061e-01
    4.1350000001e+05    1.0501121238e-01
    4.1375000001e+05    9.0939898427e-02
    4.1400000001e+05    1.3203479466e-01
    4.1425000001e+05    1.0962784055e-01
    4.1450000001e+05    1.1035312187e-01
    4.1475000001e+05    1.1081248762e-01
    4.1500000001e+05    8.2201220511e-02
    4.1525000001e+05    1.3278527323e-01
    4.1550000001e+05    1.5940483543e-01
    4.1575000001e+05    1.1089496726e-01
    4.1600000001e+05    9.8748382503e-02
    4.1625000001e+05    8.8947200490e-02
    4.1650000001e+05    9.9242781415e-02
    4.1675000001e+05    1.3047067135e-01
    4.1700000001e+05    1.4266248293e-01
    4.1725000001e+05    1.2126554594e-01
    4.1750000001e+05    1.0590464117e-01
    4.1775000001e+05    1.3823512240e-01
    4.1800000001e+05    1.5877240578e-01
    4.1825000001e+05    9.2490309782e-02
    4.1850000001e+05    1.1372303332e-01
    4.1875000001e+05    9.3413269985e-02
    4.1900000001e+05    9.6446758701e-02
    4.1925000001e+05    1.0044574161e-01
    4.1950000001e+05    1.4223501725e-01
    4.1975000001e+05    9.7466535827e-02
    4.2000000001e+05    1.9326931061e-01
    4.2025000001e+05    1.2023395086e-01
    4.2050000001e+05    1.4500853370e-01
    4.2075000001e+05    1.1277896804e-01
    4.2100000001e+05    9.2579160170e-02
    4.2125000001e+05    1.3062360328e-01
    4.2150000001e+05    1.0429566532e-01
    4.2175000001e+05    1.2070128866e-01
    4.2200000001e+05    1.0686220595e-01
    4.2225000001e+05    9.2310657844e-02
    4.2250000001e+05    1.1293499131e-01
    4.2275000001e+05    1.2245912124e-01
    4.2300000001e+05    1.2476319016e-01
    4.2325000001e+05    1.1891922612e-01
    4.2350000001e+05    1.4022708291e-01
    4.2375000001e+05    9.7006653909e-02
    4.2400000001e+05    1.3403888530e-01
    4.2425000001e+05    9.7291612840e-02
    4.2450000001e+05    1.1377126988e-01
    4.2475000001e+05    1.4934392803e-01
    4.2500000001e+05    1.0927170781e-01
    4.2525000001e+05    1.2494367362e-01
    4.2550000001e+05    9.3470023475e-02
    4.2575000001e+05    1.3650263039e-01
    4.2600000001e+05    1.1339442789e-01
    4.2625000001e+05    8.4108726836e-02
    4.2650000001e+05    1.0787753850e-01
    4.2675000001e+05    1.0423447855e-01
    4.2700000001e+05    1.1543828954e-01
    4.2725000001e+05    9.2970274471e-02
    4.2750000001e+05    1.0122088825e-01
    4.2775000001e+05    1.1042099586e-01
    4.2800000001e+05    1.2035559516e-01
    4.2825000001e+05    1.0994486577e-01
    4.2850000001e+05    1.0887616283e-01
    4.2875000001e+05    9.1053987565e-02
    4.2900000001e+05    1.4420165015e-01
    4.2925000001e+05    1.0601347318e-01
    4.2950000001e+05    1.0127778125e-01
    4.2975000001e+05    1.1832057493e-01
    4.3000000001e+05    1.2260137908e-01
    4.3025000001e+05    1.0377736414e-01
    4.3050000001e+05    1.1846416349e-01
    4.3075000001e+05    1.1687510663e-01
    4.3100000001e+05    1.4495192361e-01
    4.3125000001e+05    1.0712906624e-01
    4.3150000001e+05    9.5291090034e-02
    4.3175000001e+05    1.0643051743e-01
    4.3200000001e+05    1.4014254897e-01
    4.3225000001e+05    1.0901480276e-01
    4.3250000001e+05    1.0470336896e-01
    4.3275000001e+05    1.2584381868e-01
    4.3300000001e+05    1.1902149555e-01
    4.3325000001e+05    1.2527214924e-01
    4.3350000001e+05    2.1656175971e-01
    4.3375000001e+05    1.6578166381e-01
    4.3400000001e+05    1.1915309589e-01
    4.3425000001e+05    1.0311660312e-01
    4.3450000001e+05    1.3259356285e-01
    4.3475000001e+05    1.1580676106e-01
    4.3500000001e+05    1.3058825561e-01
    4.3525000001e+05    1.3440088010e-01
    4.3550000001e+05    1.0074153786e-01
    4.3575000001e+05    1.1073396336e-01
    4.3600000001e+05    1.2385725842e-01
    4.3625000001e+05    1.0556809190e-01
    4.3650000001e+05    9.9076390861e-02
    4.3675000001e+05    1.0518659980e-01
    4.3700000001e+05    8.7468844604e-02
    4.3725000001e+05    9.7251615695e-02
    4.3750000001e+05    9.7142605900e-02
    4.3775000001e+05    9.0757134969e-02
    4.3800000001e+05    1.1347700341e-01
    4.3825000001e+05    1.1812657870e-01
    4.3850000001e+05    9.6594343649e-02
    4.3875000001e+05    8.5543359556e-02
    4.3900000001e+05    1.5194575301e-01
    4.3925000001e+05    1.1126279172e-01
    4.3950000001e+05    1.1745433119e-01
    4.3975000001e+05    9.4775233517e-02
    4.4000000001e+05    1.0545505374e-01
    4.4025000001e+05    1.1653234656e-01
    4.4050000001e+05    9.5412222037e-02
    4.4075000001e+05    1.4074493929e-01
    4.4100000001e+05    9.9377024043e-02
    4.4125000001e+05    8.7497278366e-02
    4.4150000001e+05    1.7187118035e-01
    4.4175000001e+05    1.4465927796e-01
    4.4200000001e+05    1.3572193371e-01
    4.4225000001e+05    1.1887105044e-01
    4.4250000001e+05    1.6487211128e-01
    4.4275000001e+05    1.3972888108e-01
    4.4300000001e+05    1.4035758277e-01
    4.4325000001e+05    1.0026667106e-01
    4.4350000001e+05    1.0250050959e-01
    4.4375000001e+05    1.0380071506e-01
    4.4400000001e+05    1.3498970976e-01
    4.4425000001e+05    8.6855841015e-02
    4.4450000001e+05    1.0156685741e-01
    4.4475000001e+05    9.5061621381e-02
    4.4500000001e+05    9.9864318539e-02
    4.4525000001e+05    1.1590208093e-01
    4.4550000001e+05    1.0188957696e-01
    4.4575000001e+05    9.7361422266e-02
    4.4600000001e+05    9.5314994737e-02
    4.4625000001e+05    9.7487899707e-02
    4.4650000001e+05    1.4343355931e-01
    4.4675000001e+05    1.1662913207e-01
    4.4700000001e+05    9.9859463976e-02
    4.4725000001e+05    1.2879533226e-01
    4.4750000001e+05    1.0641779056e-01
    4.4775000001e+05    9.9526141890e-02
    4.4800000001e+05    1.4331236509e-01
    4.4825000001e+05    7.4285846344e-02
    4.4850000001e+05    8.4610786271e-02
    4.4875000001e+05    9.6228427943e-02
    4.4900000001e+05    1.3761440872e-01
    4.4925000001e+05    1.0983399373e-01
    4.4950000001e+05    9.9157225533e-02
    4.4975000001e+05    8.9530696955e-02
    4.5000000001e+05    1.6049426554e-01
    4.5025000001e+05    1.7483464418e-01
    4.5050000001e+05    1.0158906035e-01
    4.5075000001e+05    1.1454177246e-01
    4.5100000001e+05    1.0922735614e-01
    4.5125000001e+05    1.0406231159e-01
    4.5150000001e+05    9.5417711470e-02
    4.5175000001e+05    1.3924193083e-01
    4.5200000001e+05    1.2219845686e-01
    4.5225000001e+05    1.1794876806e-01
    4.5250000001e+05    1.1294148269e-01
    4.5275000001e+05    1.0643692087e-01
    4.5300000001e+05    1.2269022971e-01
    4.5325000001e+05    1.1369609250e-01
    4.5350000001e+05    1.0292302900e-01
    4.5375000001e+05    1.0195261153e-01
    4.5400000001e+05    1.2389762057e-01
    4.5425000001e+05    1.0854188543e-01
    4.5450000001e+05    1.1097442646e-01
    4.5475000001e+05    1.1076198668e-01
    4.5500000001e+05    9.8138871359e-02
    4.5525000001e+05    8.5262048568e-02
    4.5550000001e+05    1.0741737817e-01
    4.5575000001e+05    1.0688561435e-01
    4.5600000001e+05    1.0989538035e-01
    4.5625000001e+05    1.0142986981e-01
    4.5650000001e+05    1.0645876068e-01
    4.5675000001e+05    8.9728876027e-02
    4.5700000001e+05    1.0436387760e-01
    4.5725000001e+05    1.1542748528e-01
    4.5750000001e+05    1.2651780209e-01
    4.5775000001e+05    1.0523166733e-01
    4.5800000001e+05    1.5540455282e-01
    4.5825000001e+05    1.0897080511e-01
    4.5850000001e+05    1.2268898523e-01
    4.5875000001e+05    1.3813600351e-01
    4.5900000001e+05    1.0531246910e-01
    4.5925000001e+05    9.1059807604e-02
    4.5950000001e+05    9.9137751341e-02
    4.5975000001e+05    1.2377693589e-01
    4.6000000001e+05    1.2043509518e-01
    4.6025000001e+05    1.1419299166e-01
    4.6050000001e+05    9.9371406767e-02
    4.6075000001e+05    1.0765575961e-01
    4.6100000001e+05    1.1893054255e-01
    4.6125000001e+05    1.0029917553e-01
    4.6150000001e+05    9.5317408722e-02
    4.6175000001e+05    1.4089041909e-01
    4.6200000001e+05    1.5668464657e-01
    4.6225000001e+05    1.1242217961e-01
    4.6250000001e+05    8.8455802851e-02
    4.6275000001e+05    1.2972326013e-01
    4.6300000001e+05    1.3772679716e-01
    4.6325000001e+05    1.0968283044e-01
    4.6350000001e+05    1.3799166555e-01
    4.6375000001e+05    1.5499934953e-01
    4.6400000001e+05    1.0159871969e-01
    4.6425000001e+05    1.2881351014e-01
    4.6450000001e+05    1.4218759835e-01
    4.6475000001e+05    1.1513430361e-01
    4.6500000001e+05    1.0730606337e-01
    4.6525000001e+05    1.4043481478e-01
    4.6550000001e+05    9.4488574726e-02
    4.6575000001e+05    1.1852593885e-01
    4.6600000001e+05    1.0886482242e-01
    4.6625000001e+05    1.0161675191e-01
    4.6650000001e+05    1.2896465942e-01
    4.6675000001e+05    8.7141714243e-02
    4.6700000001e+05    8.7155190830e-02
    4.6725000001e+05    1.1700791501e-01
    4.6750000001e+05    1.1713014940e-01
    4.6775000001e+05    1.1301139925e-01
    4.6800000001e+05    1.0469349687e-01
    4.6825000001e+05    1.3973461518e-01
    4.6850000001e+05    8.7513813673e-02
    4.6875000001e+05    8.2658802362e-02
    4.6900000001e+05    1.0952069096e-01
    4.6925000001e+05    1.2220152252e-01
    4.6950000001e+05    9.4651640408e-02
    4.6975000001e+05    1.0444128478e-01
    4.7000000001e+05    1.0093973468e-01
    4.7025000001e+05    1.2313105396e-01
    4.7050000001e+05    9.3190196290e-02
    4.7075000001e+05    8.1467967853e-02
    4.7100000001e+05    9.6314759154e-02
    4.7125000001e+05    1.1700609688e-01
    4.7150000001e+05    1.1959237652e-01
    4.7175000001e+05    9.4884804763e-02
    4.7200000001e+05    1.0476346246e-01
    4.7225000001e+05    8.1020752039e-02
    4.7250000001e+05    1.1719696726e-01
    4.7275000001e+05    1.4814373920e-01
    4.7300000001e+05    1.0531465554e-01
    4.7325000001e+05    8.2999660515e-02
    4.7350000001e+05    1.5406897317e-01
    4.7375000001e+05    8.6783749741e-02
    4.7400000001e+05    1.1855433110e-01
    4.7425000001e+05    1.0619861718e-01
    4.7450000001e+05    1.3258068845e-01
    4.7475000001e+05    1.2578416573e-01
    4.7500000001e+05    1.0630340944e-01
    4.7525000001e+05    1.2608427757e-01
    4.7550000001e+05    1.0127199447e-01
    4.7575000001e+05    1.4999650141e-01
    4.7600000001e+05    1.1297319265e-01
    4.7625000001e+05    1.0580209602e-01
    4.7650000001e+05    9.5833489582e-02
    4.7675000001e+05    1.2096820627e-01
    4.7700000001e+05    8.6809708654e-02
    4.7725000001e+05    1.3802939670e-01
    4.7750000001e+05    9.2521012778e-02
    4.7775000001e+05    1.0194069521e-01
    4.7800000001e+05    1.4055505251e-01
    4.7825000001e+05    9.4715699765e-02
    4.7850000001e+05    1.2718781718e-01
    4.7875000001e+05    1.2298579790e-01
    4.7900000001e+05    1.0776583788e-01
    4.7925000001e+05    1.1682066489e-01
    4.7950000001e+05    1.2859029520e-01
    4.7975000001e+05    1.5128640116e-01
    4.8000000001e+05    1.2436854652e-01
    4.8025000001e+05    1.0054740312e-01
    4.8050000001e+05    1.1850041455e-01
    4.8075000001e+05    1.1197114665e-01
    4.8100000001e+05    1.0967745415e-01
    4.8125000001e+05    1.2239971568e-01
    4.8150000001e+05    9.2254353715e-02
    4.8175000001e+05    9.9997132156e-02
    4.8200000001e+05    1.4601608785e-01
    4.8225000001e+05    1.1185756560e-01
    4.8250000001e+05    1.1730866267e-01
    4.8275000001e+05    1.0769343265e-01
    4.8300000001e+05    8.8462480577e-02
    4.8325000001e+05    9.9778361262e-02
    4.8350000001e+05    1.1378228228e-01
    4.8375000001e+05    1.1224024779e-01
    4.8400000001e+05    1.1650016035e-01
    4.8425000001e+05    1.5922702262e-01
    4.8450000001e+05    1.0524071167e-01
    4.8475000001e+05    1.1398208130e-01
    4.8500000001e+05    1.7214001752e-01
    4.8525000001e+05    1.2709228190e-01
    4.8550000001e+05    1.6429929339e-01
    4.8575000001e+05    9.4522835454e-02
    4.8600000001e+05    7.7586341731e-02
    4.8625000001e+05    1.1187687474e-01
    4.8650000001e+05    1.1141430740e-01
    4.8675000001e+05    1.1459428995e-01
    4.8700000001e+05    9.8943819814e-02
    4.8725000001e+05    1.0968951218e-01
    4.8750000001e+05    9.8236573982e-02
    4.8775000001e+05    1.0800312688e-01
    4.8800000001e+05    9.7745079551e-02
    4.8825000001e+05    1.1567065089e-01
    4.8850000001e+05    1.0650462912e-01
    4.8875000001e+05    1.0213897184e-01
    4.8900000001e+05    9.8097144059e-02
    4.8925000001e+05    1.0210852333e-01
    4.8950000001e+05    7.9127191966e-02
    4.8975000001e+05    8.4900242753e-02
    4.9000000001e+05    1.5399997714e-01
    4.9025000001e+05    9.0682200563e-02
    4.9050000001e+05    9.9462990646e-02
    4.9075000001e+05    8.7630287685e-02
    4.9100000001e+05    1.6526899718e-01
    4.9125000001e+05    7.3134469308e-02
    4.9150000001e+05    1.1762755041e-01
    4.9175000001e+05    1.1678372224e-01
    4.9200000001e+05    9.9181557680e-02
    4.9225000001e+05    8.5285361995e-02
    4.9250000001e+05    1.0481629445e-01
    4.9275000001e+05    1.1175289033e-01
    4.9300000001e+05    1.1502028594e-01
    4.9325000001e+05    1.0980483499e-01
    4.9350000001e+05    8.9580775984e-02
    4.9375000001e+05    1.0867743633e-01
    4.9400000001e+05    7.6560523214e-02
    4.9425000001e+05    1.2561807901e-01
    4.9450000001e+05    1.1267113125e-01
    4.9475000001e+05    7.5365755453e-02
    4.9500000001e+05    8.8116227389e-02
    4.9525000001e+05    9.3036376613e-02
    4.9550000001e+05    1.0004859420e-01
    4.9575000001e+05    1.3131504006e-01
    4.9600000001e+05    1.0414425065e-01
    4.9625000001e+05    1.3004295817e-01
    4.9650000001e+05    1.1640190071e-01
    4.9675000001e+05    9.7186392822e-02
    4.9700000001e+05    8.7314528183e-02
    4.9725000001e+05    7.3690008000e-02
    4.9750000001e+05    1.2354876971e-01
    4.9775000001e+05    1.0842586764e-01
    4.9800000001e+05    1.0834291045e-01
    4.9825000001e+05    1.1099234742e-01
    4.9850000001e+05    9.6536269498e-02
    4.9875000001e+05    1.2847033489e-01
    4.9900000001e+05    1.2776044516e-01
    4.9925000001e+05    9.0641700015e-02
    4.9950000001e+05    7.9511075942e-02
    4.9975000001e+05    1.1220354088e-01
    5.0000000001e+05    1.1891255374e-01
