    1.0000000000e+02    1.9680255504e-01
    2.0000000000e+02    2.4500691756e-01
    3.0000000000e+02    1.8726648802e-01
    4.0000000000e+02    1.3011023069e-01
    5.0000000000e+02    1.8699719884e-01
    6.0000000000e+02    1.6261991470e-01
    7.0000000000e+02    1.5768466146e-01
    8.0000000000e+02    2.0273001014e-01
    9.0000000000e+02    1.4241343425e-01
    1.0000000000e+03    1.3134426250e-01
    1.1000000000e+03    1.1702799598e-01
    1.2000000000e+03    1.8069402237e-01
    1.3000000000e+03    1.4046607761e-01
    1.4000000000e+03    1.1913066573e-01
    1.5000000000e+03    1.4442082571e-01
    1.6000000000e+03    9.7172076362e-02
    1.7000000000e+03    1.0979224163e-01
    1.8000000000e+03    1.4149220539e-01
    1.9000000000e+03    1.1241590494e-01
    2.0000000000e+03    1.7849115325e-01
    2.1000000000e+03    1.9313192647e-01
    2.2000000000e+03    1.4629683160e-01
    2.3000000000e+03    1.4281629889e-01
    2.4000000000e+03    1.1308133667e-01
    2.5000000000e+03    1.2510120380e-01
    2.6000000000e+03    1.0609784810e-01
    2.7000000000e+03    1.1190289099e-01
    2.8000000000e+03    1.5320010638e-01
    2.9000000000e+03    2.0461208757e-01
    3.0000000000e+03    1.3582222635e-01
    3.1000000000e+03    1.6040377493e-01
    3.2000000000e+03    1.0309209751e-01
    3.3000000000e+03    1.2272413380e-01
    3.4000000000e+03    1.0437493945e-01
    3.5000000000e+03    1.7219697594e-01
    3.6000000000e+03    1.6453257161e-01
    3.7000000000e+03    2.2808022849e-01
    3.8000000000e+03    1.2442901183e-01
    3.9000000000e+03    2.0004414129e-01
    4.0000000000e+03    2.0534403006e-01
    4.1000000000e+03    1.5252515557e-01
    4.2000000000e+03    1.6489360062e-01
    4.3000000000e+03    1.4286133995e-01
    4.4000000000e+03    1.4396943932e-01
    4.5000000000e+03    1.2069469911e-01
    4.6000000000e+03    1.3209688368e-01
    4.7000000000e+03    1.3180073903e-01
    4.8000000000e+03    8.9356932241e-02
    4.9000000000e+03    1.2727278216e-01
    5.0000000000e+03    1.0653649363e-01
    5.1000000000e+03    1.3515589995e-01
    5.2000000000e+03    1.2097384177e-01
    5.3000000000e+03    1.5106701756e-01
    5.4000000000e+03    1.0719093370e-01
    5.5000000000e+03    9.3236903575e-02
    5.6000000000e+03    1.1061057223e-01
    5.7000000000e+03    1.1128518449e-01
    5.8000000000e+03    1.0019773300e-01
    5.9000000000e+03    1.3377218516e-01
    6.0000000000e+03    1.6304356095e-01
    6.1000000000e+03    3.1739618633e-01
    6.2000000000e+03    1.8161536281e-01
    6.3000000000e+03    2.0136199708e-01
    6.4000000000e+03    8.9060153958e-02
    6.5000000000e+03    9.0883002494e-02
    6.6000000000e+03    1.0007600421e-01
    6.7000000000e+03    1.3108822098e-01
    6.8000000000e+03    1.3541471582e-01
    6.9000000000e+03    1.2950683650e-01
    7.0000000000e+03    1.3056758971e-01
    7.1000000000e+03    2.0282498260e-01
    7.2000000000e+03    1.9129152975e-01
    7.3000000000e+03    1.3490503887e-01
    7.4000000000e+03    1.3953199618e-01
    7.5000000000e+03    1.3835957206e-01
    7.6000000000e+03    1.4519516403e-01
    7.7000000000e+03    1.4433085786e-01
    7.8000000000e+03    1.2821937634e-01
    7.9000000000e+03    9.6918064236e-02
    8.0000000000e+03    1.5782553599e-01
    8.1000000000e+03    1.0807794040e-01
    8.2000000000e+03    1.6659092055e-01
    8.3000000000e+03    1.2990737718e-01
    8.4000000000e+03    1.1685072512e-01
    8.5000000000e+03    1.1970035817e-01
    8.6000000000e+03    1.0629657501e-01
    8.7000000000e+03    1.0988656752e-01
    8.8000000000e+03    1.1332345878e-01
    8.9000000000e+03    1.0757194041e-01
    9.0000000000e+03    1.6625155976e-01
    9.1000000000e+03    1.3086832972e-01
    9.2000000000e+03    1.2594663706e-01
    9.3000000000e+03    1.0875585688e-01
    9.4000000000e+03    1.3608911947e-01
    9.5000000000e+03    1.4286245433e-01
    9.6000000000e+03    1.3340022487e-01
    9.7000000000e+03    1.4522231417e-01
    9.8000000000e+03    1.7355438144e-01
    9.9000000000e+03    1.6563947017e-01
    1.0000000000e+04    1.2275600992e-01
    1.0100000000e+04    1.2354254019e-01
    1.0200000000e+04    1.0984139909e-01
    1.0300000000e+04    2.0367623736e-01
    1.0400000000e+04    1.2115918052e-01
    1.0500000000e+04    2.0146800564e-01
    1.0600000000e+04    1.6245502127e-01
    1.0700000000e+04    1.2655386040e-01
    1.0800000000e+04    1.1582198364e-01
    1.0900000000e+04    1.3587804815e-01
    1.1000000000e+04    1.3662223739e-01
    1.1100000000e+04    8.7233777562e-02
    1.1200000000e+04    1.3245244698e-01
    1.1300000000e+04    1.3828755587e-01
    1.1400000000e+04    1.8378431557e-01
    1.1500000000e+04    1.7603103421e-01
    1.1600000000e+04    1.4567046430e-01
    1.1700000000e+04    1.3813290749e-01
    1.1800000000e+04    1.3637128574e-01
    1.1900000000e+04    1.6689136375e-01
    1.2000000000e+04    1.0446033451e-01
    1.2100000000e+04    1.3739275823e-01
    1.2200000000e+04    1.0030594945e-01
    1.2300000000e+04    1.6340968675e-01
    1.2400000000e+04    1.5392524039e-01
    1.2500000000e+04    1.6602646328e-01
    1.2600000000e+04    1.7783267785e-01
    1.2700000000e+04    1.4378386808e-01
    1.2800000000e+04    1.1982360562e-01
    1.2900000000e+04    1.0099858503e-01
    1.3000000000e+04    1.1088304378e-01
    1.3100000000e+04    1.1124048746e-01
    1.3200000000e+04    1.2230323420e-01
    1.3300000000e+04    1.3439662770e-01
    1.3400000000e+04    1.5334040955e-01
    1.3500000000e+04    1.2418370041e-01
    1.3600000000e+04    1.1633726624e-01
    1.3700000000e+04    1.2300392822e-01
    1.3800000000e+04    1.1215732313e-01
    1.3900000000e+04    1.3838589222e-01
    1.4000000000e+04    1.1928348136e-01
    1.4100000000e+04    1.2606009265e-01
    1.4200000000e+04    1.5104144519e-01
    1.4300000000e+04    1.3168599672e-01
    1.4400000000e+04    1.4796325276e-01
    1.4500000000e+04    1.7198925585e-01
    1.4600000000e+04    1.3286257447e-01
    1.4700000000e+04    1.3538669939e-01
    1.4800000000e+04    1.8700396230e-01
    1.4900000000e+04    1.6013983761e-01
    1.5000000000e+04    1.4010842083e-01
    1.5100000000e+04    1.4847774952e-01
    1.5200000000e+04    1.4471594791e-01
    1.5300000000e+04    1.5303132590e-01
    1.5400000000e+04    1.8932430609e-01
    1.5500000000e+04    1.4715470965e-01
    1.5600000000e+04    2.0312417560e-01
    1.5700000000e+04    1.8638806809e-01
    1.5800000000e+04    1.4204710566e-01
    1.5900000000e+04    1.1866185113e-01
    1.6000000000e+04    1.3687643278e-01
    1.6100000000e+04    1.2934361669e-01
    1.6200000000e+04    1.3784398836e-01
    1.6300000000e+04    1.3666642764e-01
    1.6400000000e+04    1.7156722790e-01
    1.6500000000e+04    1.4368299087e-01
    1.6600000000e+04    1.1143395450e-01
    1.6700000000e+04    1.3649166944e-01
    1.6800000000e+04    1.7390681811e-01
    1.6900000000e+04    2.1087204508e-01
    1.7000000000e+04    1.5815892359e-01
    1.7100000000e+04    1.0479675913e-01
    1.7200000000e+04    1.0623859625e-01
    1.7300000000e+04    1.5046964468e-01
    1.7400000000e+04    1.1743532988e-01
    1.7500000000e+04    9.5405776565e-02
    1.7600000000e+04    9.0487310014e-02
    1.7700000000e+04    1.3078552874e-01
    1.7800000000e+04    1.4527852256e-01
    1.7900000000e+04    1.4126710223e-01
    1.8000000000e+04    9.1658642471e-02
    1.8100000000e+04    1.1007345590e-01
    1.8200000000e+04    1.1335675697e-01
    1.8300000000e+04    1.1775234507e-01
    1.8400000000e+04    1.1476054647e-01
    1.8500000000e+04    1.4041812970e-01
    1.8600000000e+04    1.4707304979e-01
    1.8700000000e+04    1.3709144791e-01
    1.8800000000e+04    1.1122675680e-01
    1.8900000000e+04    1.0890217512e-01
    1.9000000000e+04    1.9649633151e-01
    1.9100000000e+04    1.3263839366e-01
    1.9200000000e+04    1.3360387911e-01
    1.9300000000e+04    1.8515938480e-01
    1.9400000000e+04    1.1996811137e-01
    1.9500000000e+04    1.6498242282e-01
    1.9600000000e+04    1.2588730015e-01
    1.9700000000e+04    1.7332654504e-01
    1.9800000000e+04    1.3881165093e-01
    1.9900000000e+04    1.9568020674e-01
    2.0000000000e+04    1.4690730394e-01
    2.0100000000e+04    1.2460134522e-01
    2.0200000000e+04    1.0349466390e-01
    2.0300000000e+04    1.0242542888e-01
    2.0400000000e+04    1.3046590065e-01
    2.0500000000e+04    1.1803494988e-01
    2.0600000000e+04    1.2742832196e-01
    2.0700000000e+04    1.3136457181e-01
    2.0800000000e+04    1.3634733331e-01
    2.0900000000e+04    1.2586489545e-01
    2.1000000000e+04    1.1562702526e-01
    2.1100000000e+04    1.4030483178e-01
    2.1200000000e+04    1.2047287147e-01
    2.1300000000e+04    1.5398837306e-01
    2.1400000000e+04    1.2301976845e-01
    2.1500000000e+04    1.4919623272e-01
    2.1600000000e+04    1.8806469498e-01
    2.1700000000e+04    1.5985884872e-01
    2.1800000000e+04    1.3775253373e-01
    2.1900000000e+04    1.7238253063e-01
    2.2000000000e+04    1.1109461202e-01
    2.2100000000e+04    1.3604969079e-01
    2.2200000000e+04    1.4662202176e-01
    2.2300000000e+04    1.7915081843e-01
    2.2400000000e+04    1.2270561641e-01
    2.2500000000e+04    1.7609836525e-01
    2.2600000000e+04    1.2543939993e-01
    2.2700000000e+04    1.3755560976e-01
    2.2800000000e+04    1.5769378483e-01
    2.2900000000e+04    1.7248000533e-01
    2.3000000000e+04    2.0727459953e-01
    2.3100000000e+04    1.1047457877e-01
    2.3200000000e+04    1.0170234314e-01
    2.3300000000e+04    1.0614542862e-01
    2.3400000000e+04    1.0237111658e-01
    2.3500000000e+04    1.1112574383e-01
    2.3600000000e+04    1.2653137190e-01
    2.3700000000e+04    1.3269760077e-01
    2.3800000000e+04    1.4473134962e-01
    2.3900000000e+04    1.0749483973e-01
    2.4000000000e+04    1.1122673793e-01
    2.4100000000e+04    1.0517802742e-01
    2.4200000000e+04    1.0179766409e-01
    2.4300000000e+04    1.3067433128e-01
    2.4400000000e+04    1.2368693419e-01
    2.4500000000e+04    1.3527112139e-01
    2.4600000000e+04    1.5269412498e-01
    2.4700000000e+04    1.5391118948e-01
    2.4800000000e+04    1.9025510939e-01
    2.4900000000e+04    1.1587701839e-01
    2.5000000000e+04    1.0162396259e-01
    2.5100000000e+04    1.0344039096e-01
    2.5200000000e+04    8.9566285932e-02
    2.5300000000e+04    1.1530115960e-01
    2.5400000000e+04    1.4159458018e-01
    2.5500000000e+04    1.4866740851e-01
    2.5600000000e+04    1.8637886839e-01
    2.5700000000e+04    1.6951022132e-01
    2.5800000000e+04    1.5994647069e-01
    2.5900000000e+04    1.2786685921e-01
    2.6000000000e+04    1.5699788881e-01
    2.6100000000e+04    1.2414465469e-01
    2.6200000000e+04    1.1211743796e-01
    2.6300000000e+04    1.1982078480e-01
    2.6400000000e+04    1.6757550792e-01
    2.6500000000e+04    1.6473316869e-01
    2.6600000000e+04    1.4106641743e-01
    2.6700000000e+04    1.6904033912e-01
    2.6800000000e+04    1.1813419867e-01
    2.6900000000e+04    1.4309933914e-01
    2.7000000000e+04    1.3276188716e-01
    2.7100000000e+04    1.2268375901e-01
    2.7200000000e+04    1.3837609202e-01
    2.7300000000e+04    1.4315128741e-01
    2.7400000000e+04    1.3840957575e-01
    2.7500000000e+04    1.5243882684e-01
    2.7600000000e+04    1.8243994341e-01
    2.7700000000e+04    1.3499155807e-01
    2.7800000000e+04    1.2969569649e-01
    2.7900000000e+04    1.2578692338e-01
    2.8000000000e+04    1.5170931324e-01
    2.8100000000e+04    1.5467081052e-01
    2.8200000000e+04    1.2808023046e-01
    2.8300000000e+04    1.5935719092e-01
    2.8400000000e+04    1.3979927720e-01
    2.8500000000e+04    1.3591737422e-01
    2.8600000000e+04    1.4211461791e-01
    2.8700000000e+04    1.2497430292e-01
    2.8800000000e+04    1.5523278968e-01
    2.8900000000e+04    1.6919679085e-01
    2.9000000000e+04    1.3762105984e-01
    2.9100000000e+04    1.4200771541e-01
    2.9200000000e+04    1.4178488915e-01
    2.9300000000e+04    1.9288439009e-01
    2.9400000000e+04    1.1414467147e-01
    2.9500000000e+04    1.3815200943e-01
    2.9600000000e+04    1.0217532128e-01
    2.9700000000e+04    1.1456058927e-01
    2.9800000000e+04    8.7539980685e-02
    2.9900000000e+04    1.1642872415e-01
    3.0000000000e+04    1.2670276762e-01
    3.0100000000e+04    1.3827528251e-01
    3.0200000000e+04    1.1797648623e-01
    3.0300000000e+04    1.5004014461e-01
    3.0400000000e+04    1.3054885542e-01
    3.0500000000e+04    1.7814993825e-01
    3.0600000000e+04    1.3717083682e-01
    3.0700000000e+04    1.3123304711e-01
    3.0800000000e+04    1.3993174365e-01
    3.0900000000e+04    1.2223375784e-01
    3.1000000000e+04    1.4020741735e-01
    3.1100000000e+04    1.2689746083e-01
    3.1200000000e+04    1.7314468275e-01
    3.1300000000e+04    1.9349693090e-01
    3.1400000000e+04    1.5083954965e-01
    3.1500000000e+04    1.3604386921e-01
    3.1600000000e+04    1.4106053026e-01
    3.1700000000e+04    1.5217137660e-01
    3.1800000000e+04    1.2110076753e-01
    3.1900000000e+04    1.5225578858e-01
    3.2000000000e+04    1.3858415689e-01
    3.2100000000e+04    1.2399587432e-01
    3.2200000000e+04    1.1906785021e-01
    3.2300000000e+04    1.4061200831e-01
    3.2400000000e+04    1.3122835299e-01
    3.2500000000e+04    1.2522045976e-01
    3.2600000000e+04    1.2135447631e-01
    3.2700000000e+04    1.1862421141e-01
    3.2800000000e+04    1.0748714629e-01
    3.2900000000e+04    1.3372200308e-01
    3.3000000000e+04    1.2207304334e-01
    3.3100000000e+04    1.4275004253e-01
    3.3200000000e+04    1.0658169252e-01
    3.3300000000e+04    1.3619600370e-01
    3.3400000000e+04    1.1095562032e-01
    3.3500000000e+04    1.4698537392e-01
    3.3600000000e+04    1.2928828682e-01
    3.3700000000e+04    1.4309370316e-01
    3.3800000000e+04    1.4115966588e-01
    3.3900000000e+04    1.6918056040e-01
    3.4000000000e+04    2.0457030440e-01
    3.4100000000e+04    1.3035744022e-01
    3.4200000000e+04    1.8339520403e-01
    3.4300000000e+04    1.5672870671e-01
    3.4400000000e+04    1.5785074799e-01
    3.4500000000e+04    1.3622549329e-01
    3.4600000000e+04    1.5388841554e-01
    3.4700000000e+04    1.7504284761e-01
    3.4800000000e+04    1.5820056024e-01
    3.4900000000e+04    1.2794812277e-01
    3.5000000000e+04    1.7204404674e-01
    3.5100000000e+04    1.2202259435e-01
    3.5200000000e+04    1.1143834611e-01
    3.5300000000e+04    1.5552285192e-01
    3.5400000000e+04    1.3677313097e-01
    3.5500000000e+04    1.0941397414e-01
    3.5600000000e+04    1.1887286514e-01
    3.5700000000e+04    1.0087418783e-01
    3.5800000000e+04    1.7901154900e-01
    3.5900000000e+04    1.3743845821e-01
    3.6000000000e+04    1.0224773034e-01
    3.6100000000e+04    1.2939551250e-01
    3.6200000000e+04    1.3400502416e-01
    3.6300000000e+04    1.3764641220e-01
    3.6400000000e+04    1.3342083495e-01
    3.6500000000e+04    1.1684661318e-01
    3.6600000000e+04    1.5030974543e-01
    3.6700000000e+04    2.2315853572e-01
    3.6800000000e+04    1.5668403599e-01
    3.6900000000e+04    1.3384181052e-01
    3.7000000000e+04    1.1134184351e-01
    3.7100000000e+04    1.5161394438e-01
    3.7200000000e+04    1.3408555619e-01
    3.7300000000e+04    1.6618455261e-01
    3.7400000000e+04    1.2815900847e-01
    3.7500000000e+04    1.4710895150e-01
    3.7600000000e+04    1.4693347581e-01
    3.7700000000e+04    1.4794847884e-01
    3.7800000000e+04    1.1927488679e-01
    3.7900000000e+04    1.1247866104e-01
    3.8000000000e+04    1.2484597742e-01
    3.8100000000e+04    1.2825383644e-01
    3.8200000000e+04    1.3521460763e-01
    3.8300000000e+04    1.4668806592e-01
    3.8400000000e+04    1.4974083990e-01
    3.8500000000e+04    1.1839202556e-01
    3.8600000000e+04    1.2629740745e-01
    3.8700000000e+04    1.1083848872e-01
    3.8800000000e+04    1.3943719121e-01
    3.8900000000e+04    1.4903322330e-01
    3.9000000000e+04    1.2605162754e-01
    3.9100000000e+04    1.3521050672e-01
    3.9200000000e+04    1.4694557354e-01
    3.9300000000e+04    1.2550422724e-01
    3.9400000000e+04    1.1885024805e-01
    3.9500000000e+04    1.4126509703e-01
    3.9600000000e+04    1.6080059465e-01
    3.9700000000e+04    1.2974908439e-01
    3.9800000000e+04    1.3180279196e-01
    3.9900000000e+04    1.1324907790e-01
    4.0000000000e+04    1.6265340675e-01
    4.0100000000e+04    1.5180899698e-01
    4.0200000000e+04    1.4691935857e-01
    4.0300000000e+04    1.3937568143e-01
    4.0400000000e+04    1.8300595441e-01
    4.0500000000e+04    1.3104374642e-01
    4.0600000000e+04    1.3386579618e-01
    4.0700000000e+04    1.2068323017e-01
    4.0800000000e+04    1.3361158835e-01
    4.0900000000e+04    1.6519770803e-01
    4.1000000000e+04    1.0735648865e-01
    4.1100000000e+04    1.1762557457e-01
    4.1200000000e+04    1.3410351205e-01
    4.1300000000e+04    1.1496793751e-01
    4.1400000000e+04    1.3395883952e-01
    4.1500000000e+04    1.1146106519e-01
    4.1600000000e+04    1.3528727749e-01
    4.1700000000e+04    1.3035071946e-01
    4.1800000000e+04    1.4325018414e-01
    4.1900000000e+04    1.4454852266e-01
    4.2000000000e+04    1.3649725661e-01
    4.2100000000e+04    1.1756355187e-01
    4.2200000000e+04    1.5595069802e-01
    4.2300000000e+04    1.3364539493e-01
    4.2400000000e+04    1.4036690565e-01
    4.2500000000e+04    1.2354824367e-01
    4.2600000000e+04    1.2560191453e-01
    4.2700000000e+04    1.4562092552e-01
    4.2800000000e+04    1.2903306600e-01
    4.2900000000e+04    1.3278033758e-01
    4.3000000000e+04    1.3611285184e-01
    4.3100000000e+04    1.2255821555e-01
    4.3200000000e+04    1.4111682395e-01
    4.3300000000e+04    1.4347053227e-01
    4.3400000000e+04    1.2992916539e-01
    4.3500000000e+04    1.4124123788e-01
    4.3600000000e+04    1.2950683753e-01
    4.3700000000e+04    1.2469319049e-01
    4.3800000000e+04    1.0170492417e-01
    4.3900000000e+04    1.4399456564e-01
    4.4000000000e+04    1.4083898897e-01
    4.4100000000e+04    1.4470557279e-01
    4.4200000000e+04    1.5232340059e-01
    4.4300000000e+04    1.5744403767e-01
    4.4400000000e+04    1.5907492963e-01
    4.4500000000e+04    1.4689063793e-01
    4.4600000000e+04    1.2622541787e-01
    4.4700000000e+04    1.3543236195e-01
    4.4800000000e+04    1.4800328880e-01
    4.4900000000e+04    1.6450391158e-01
    4.5000000000e+04    1.3462546892e-01
    4.5100000000e+04    1.1678549910e-01
    4.5200000000e+04    2.0079671759e-01
    4.5300000000e+04    1.3676670691e-01
    4.5400000000e+04    1.3230608500e-01
    4.5500000000e+04    1.6859918371e-01
    4.5600000000e+04    1.7391345864e-01
    4.5700000000e+04    1.6138858487e-01
    4.5800000000e+04    1.2438351934e-01
    4.5900000000e+04    1.3911597936e-01
    4.6000000000e+04    1.5929255691e-01
    4.6100000000e+04    1.9859594157e-01
    4.6200000000e+04    1.4900630570e-01
    4.6300000000e+04    1.2306723456e-01
    4.6400000000e+04    1.6844112826e-01
    4.6500000000e+04    1.6500620069e-01
    4.6600000000e+04    1.4449143362e-01
    4.6700000000e+04    1.3569358724e-01
    4.6800000000e+04    1.6245694765e-01
    4.6900000000e+04    1.4081732780e-01
    4.7000000000e+04    1.2737760904e-01
    4.7100000000e+04    1.2320373212e-01
    4.7200000000e+04    1.1735861410e-01
    4.7300000000e+04    1.1455777432e-01
    4.7400000000e+04    1.5676432073e-01
    4.7500000000e+04    1.1180073361e-01
    4.7600000000e+04    1.6239668238e-01
    4.7700000000e+04    1.3461143914e-01
    4.7800000000e+04    1.5922053241e-01
    4.7900000000e+04    1.6763843790e-01
    4.8000000000e+04    1.0280109765e-01
    4.8100000000e+04    1.3736539364e-01
    4.8200000000e+04    1.3794402892e-01
    4.8300000000e+04    1.3337989242e-01
    4.8400000000e+04    1.3441944187e-01
    4.8500000000e+04    1.1948806893e-01
    4.8600000000e+04    1.3841941118e-01
    4.8700000000e+04    1.2012981910e-01
    4.8800000000e+04    1.1312206568e-01
    4.8900000000e+04    1.4298662825e-01
    4.9000000000e+04    1.4944650527e-01
    4.9100000000e+04    9.9396321104e-02
    4.9200000000e+04    1.2481675456e-01
    4.9300000000e+04    1.2276047510e-01
    4.9400000000e+04    1.2540974030e-01
    4.9500000000e+04    1.3305860678e-01
    4.9600000000e+04    1.2219051866e-01
    4.9700000000e+04    1.3964597583e-01
    4.9800000000e+04    1.3759333705e-01
    4.9900000000e+04    1.4754427266e-01
    5.0000000000e+04    1.2557086141e-01
    5.0100000000e+04    1.5146312503e-01
    5.0200000000e+04    1.2797659957e-01
    5.0300000000e+04    1.1597108741e-01
    5.0400000000e+04    1.4412822879e-01
    5.0500000000e+04    1.3381946628e-01
    5.0600000000e+04    1.4236850429e-01
    5.0700000000e+04    1.8847364743e-01
    5.0800000000e+04    2.2220546365e-01
    5.0900000000e+04    1.4882502849e-01
    5.1000000000e+04    1.1868141436e-01
    5.1100000000e+04    1.1888042209e-01
    5.1200000000e+04    1.3165937999e-01
    5.1300000000e+04    1.3449499567e-01
    5.1400000000e+04    1.3894289250e-01
    5.1500000000e+04    1.1512060545e-01
    5.1600000000e+04    1.3878615882e-01
    5.1700000000e+04    2.5218876272e-01
    5.1800000000e+04    1.8807136605e-01
    5.1900000000e+04    1.3946246861e-01
    5.2000000000e+04    1.0934002622e-01
    5.2100000000e+04    1.8763041488e-01
    5.2200000000e+04    1.6053180312e-01
    5.2300000000e+04    1.6812419754e-01
    5.2400000000e+04    1.2270196933e-01
    5.2500000000e+04    1.3186482096e-01
    5.2600000000e+04    1.0921317731e-01
    5.2700000000e+04    1.1273565190e-01
    5.2800000000e+04    1.0815394148e-01
    5.2900000000e+04    1.0484693674e-01
    5.3000000000e+04    1.7511042969e-01
    5.3100000000e+04    1.1962133239e-01
    5.3200000000e+04    1.4140734865e-01
    5.3300000000e+04    1.0400583737e-01
    5.3400000000e+04    1.3393941336e-01
    5.3500000000e+04    1.1966409897e-01
    5.3600000000e+04    1.1140390016e-01
    5.3700000000e+04    1.2233249674e-01
    5.3800000000e+04    1.3047135058e-01
    5.3900000000e+04    1.4415372612e-01
    5.4000000000e+04    1.3794997859e-01
    5.4100000000e+04    1.5361872350e-01
    5.4200000000e+04    1.7449283778e-01
    5.4300000000e+04    1.3921284494e-01
    5.4400000000e+04    1.2946909629e-01
    5.4500000000e+04    1.9238411020e-01
    5.4600000000e+04    1.8033184293e-01
    5.4700000000e+04    1.4814538039e-01
    5.4800000000e+04    1.3301353847e-01
    5.4900000000e+04    1.4546129085e-01
    5.5000000000e+04    1.7475237860e-01
    5.5100000000e+04    1.4492744446e-01
    5.5200000000e+04    1.3850053490e-01
    5.5300000000e+04    2.1835424609e-01
    5.5400000000e+04    1.3170465373e-01
    5.5500000000e+04    1.4359816268e-01
    5.5600000000e+04    9.6387506233e-02
    5.5700000000e+04    9.2270908330e-02
    5.5800000000e+04    1.1207986116e-01
    5.5900000000e+04    1.3556896803e-01
    5.6000000000e+04    2.0991497270e-01
    5.6100000000e+04    1.2142623064e-01
    5.6200000000e+04    1.6219082883e-01
    5.6300000000e+04    1.5890379787e-01
    5.6400000000e+04    1.3481131543e-01
    5.6500000000e+04    1.4150366660e-01
    5.6600000000e+04    1.2802525990e-01
    5.6700000000e+04    1.4201937189e-01
    5.6800000000e+04    1.2879338447e-01
    5.6900000000e+04    1.4637723560e-01
    5.7000000000e+04    1.4040297852e-01
    5.7100000000e+04    1.2871398489e-01
    5.7200000000e+04    1.4417530127e-01
    5.7300000000e+04    1.2140629852e-01
    5.7400000000e+04    1.3924354825e-01
    5.7500000000e+04    1.3823055416e-01
    5.7600000000e+04    1.3786334460e-01
    5.7700000000e+04    1.5162857719e-01
    5.7800000000e+04    1.2749783761e-01
    5.7900000000e+04    1.4234194022e-01
    5.8000000000e+04    1.0681706949e-01
    5.8100000000e+04    1.4695492223e-01
    5.8200000000e+04    1.2177557170e-01
    5.8300000000e+04    1.1686898911e-01
    5.8400000000e+04    1.1706082349e-01
    5.8500000000e+04    1.6258758102e-01
    5.8600000000e+04    1.3267219692e-01
    5.8700000000e+04    1.3105843367e-01
    5.8800000000e+04    1.4967032174e-01
    5.8900000000e+04    1.1277069643e-01
    5.9000000000e+04    1.2130958725e-01
    5.9100000000e+04    1.5162276331e-01
    5.9200000000e+04    1.2581975476e-01
    5.9300000000e+04    1.3236005711e-01
    5.9400000000e+04    1.2678477576e-01
    5.9500000000e+04    1.3148726976e-01
    5.9600000000e+04    1.2799053699e-01
    5.9700000000e+04    1.7277082276e-01
    5.9800000000e+04    1.3646432845e-01
    5.9900000000e+04    1.3590761706e-01
    6.0000000000e+04    1.4157757962e-01
    6.0100000000e+04    1.1563927781e-01
    6.0200000000e+04    1.2788893126e-01
    6.0300000000e+04    1.4635822638e-01
    6.0400000000e+04    1.3669263025e-01
    6.0500000000e+04    1.5447893989e-01
    6.0600000000e+04    1.8752100653e-01
    6.0700000000e+04    1.7567929001e-01
    6.0800000000e+04    1.7739199399e-01
    6.0900000000e+04    1.2383448510e-01
    6.1000000000e+04    1.2414868322e-01
    6.1100000000e+04    1.2617453452e-01
    6.1200000000e+04    1.3879323875e-01
    6.1300000000e+04    1.1581273186e-01
    6.1400000000e+04    1.3972453659e-01
    6.1500000000e+04    1.5075434120e-01
    6.1600000000e+04    1.3642182841e-01
    6.1700000000e+04    1.7783915659e-01
    6.1800000000e+04    1.5176319651e-01
    6.1900000000e+04    1.6394197803e-01
    6.2000000000e+04    1.3963223778e-01
    6.2100000000e+04    1.1875509783e-01
    6.2200000000e+04    1.0679825995e-01
    6.2300000000e+04    1.2183467761e-01
    6.2400000000e+04    1.3233910392e-01
    6.2500000000e+04    1.5863152602e-01
    6.2600000000e+04    1.3520841211e-01
    6.2700000000e+04    1.4486428171e-01
    6.2800000000e+04    1.4762011027e-01
    6.2900000000e+04    2.0546189782e-01
    6.3000000000e+04    1.6211302700e-01
    6.3100000000e+04    1.3358198876e-01
    6.3200000000e+04    1.7352150715e-01
    6.3300000000e+04    1.5885164880e-01
    6.3400000000e+04    1.5177759709e-01
    6.3500000000e+04    1.1868600788e-01
    6.3600000000e+04    1.3451494567e-01
    6.3700000000e+04    1.3864528936e-01
    6.3800000000e+04    1.6045400605e-01
    6.3900000000e+04    1.3537524624e-01
    6.4000000000e+04    1.3268782726e-01
    6.4100000000e+04    1.2816969963e-01
    6.4200000000e+04    1.1518432253e-01
    6.4300000000e+04    1.2175257187e-01
    6.4400000000e+04    1.5846098909e-01
    6.4500000000e+04    1.1254702457e-01
    6.4600000000e+04    1.0297598440e-01
    6.4700000000e+04    1.4169980629e-01
    6.4800000000e+04    1.5847199061e-01
    6.4900000000e+04    1.6447082800e-01
    6.5000000000e+04    1.5724745537e-01
    6.5100000000e+04    1.5610406875e-01
    6.5200000000e+04    1.5683515517e-01
    6.5300000000e+04    1.1855014309e-01
    6.5400000000e+04    1.4164430258e-01
    6.5500000000e+04    1.1330084106e-01
    6.5600000000e+04    1.3075664736e-01
    6.5700000000e+04    1.3700400193e-01
    6.5800000000e+04    1.7555053030e-01
    6.5900000000e+04    1.4044723618e-01
    6.6000000000e+04    1.5417521973e-01
    6.6100000000e+04    1.4453385784e-01
    6.6200000000e+04    1.5332680352e-01
    6.6300000000e+04    1.3728225329e-01
    6.6400000000e+04    1.2408160322e-01
    6.6500000000e+04    1.3570629723e-01
    6.6600000000e+04    1.5960418665e-01
    6.6700000000e+04    1.3925597951e-01
    6.6800000000e+04    1.2276995596e-01
    6.6900000000e+04    1.3582350421e-01
    6.7000000000e+04    1.4233886580e-01
    6.7100000000e+04    1.4092229877e-01
    6.7200000000e+04    1.4176294938e-01
    6.7300000000e+04    1.6708961264e-01
    6.7400000000e+04    1.3730933443e-01
    6.7500000000e+04    1.2670435762e-01
    6.7600000000e+04    1.4135752661e-01
    6.7700000000e+04    1.4470889695e-01
    6.7800000000e+04    1.2454137043e-01
    6.7900000000e+04    1.7601674403e-01
    6.8000000000e+04    1.5752372607e-01
    6.8100000000e+04    1.0421346867e-01
    6.8200000000e+04    1.1493786260e-01
    6.8300000000e+04    1.0414322332e-01
    6.8400000000e+04    1.1655425726e-01
    6.8500000000e+04    1.1101822745e-01
    6.8600000000e+04    1.4138089558e-01
    6.8700000000e+04    1.0928440082e-01
    6.8800000000e+04    1.1054570226e-01
    6.8900000000e+04    1.5306996046e-01
    6.9000000000e+04    1.9298753422e-01
    6.9100000000e+04    1.1371382245e-01
    6.9200000000e+04    1.4018155275e-01
    6.9300000000e+04    1.3410682782e-01
    6.9400000000e+04    9.7361980704e-02
    6.9500000000e+04    1.4444276937e-01
    6.9600000000e+04    1.3991584804e-01
    6.9700000000e+04    1.7840498196e-01
    6.9800000000e+04    1.3329929210e-01
    6.9900000000e+04    1.3071441855e-01
    7.0000000000e+04    1.9476014685e-01
    7.0100000000e+04    1.4534259152e-01
    7.0200000000e+04    1.1578797443e-01
    7.0300000000e+04    1.2079962950e-01
    7.0400000000e+04    1.5169517637e-01
    7.0500000000e+04    1.5615327460e-01
    7.0600000000e+04    1.4493431395e-01
    7.0700000000e+04    1.2898302004e-01
    7.0800000000e+04    1.4019213412e-01
    7.0900000000e+04    1.5955586392e-01
    7.1000000000e+04    1.6765255437e-01
    7.1100000000e+04    1.9778331981e-01
    7.1200000000e+04    1.9625813500e-01
    7.1300000000e+04    1.6717541824e-01
    7.1400000000e+04    1.5077310618e-01
    7.1500000000e+04    1.5618789207e-01
    7.1600000000e+04    1.4887277450e-01
    7.1700000000e+04    1.2479766148e-01
    7.1800000000e+04    1.3606281830e-01
    7.1900000000e+04    1.3335882965e-01
    7.2000000000e+04    1.6285700386e-01
    7.2100000000e+04    2.0564151955e-01
    7.2200000000e+04    1.6575580644e-01
    7.2300000000e+04    1.5207548990e-01
    7.2400000000e+04    1.5621555531e-01
    7.2500000000e+04    1.3212094453e-01
    7.2600000000e+04    1.4943150048e-01
    7.2700000000e+04    1.1640646478e-01
    7.2800000000e+04    1.1731940628e-01
    7.2900000000e+04    1.1508243566e-01
    7.3000000000e+04    1.5243933741e-01
    7.3100000000e+04    1.4635643915e-01
    7.3200000000e+04    1.5903996766e-01
    7.3300000000e+04    1.3563327190e-01
    7.3400000000e+04    1.2532793565e-01
    7.3500000000e+04    1.2143042054e-01
    7.3600000000e+04    1.3074289282e-01
    7.3700000000e+04    1.4467196467e-01
    7.3800000000e+04    1.4786171051e-01
    7.3900000000e+04    1.4003844386e-01
    7.4000000000e+04    1.0295610029e-01
    7.4100000000e+04    1.3024299639e-01
    7.4200000000e+04    1.5146432340e-01
    7.4300000000e+04    1.5605293630e-01
    7.4400000000e+04    1.3734519642e-01
    7.4500000000e+04    1.4157299070e-01
    7.4600000000e+04    1.5893816763e-01
    7.4700000000e+04    1.2482320405e-01
    7.4800000000e+04    1.4961718570e-01
    7.4900000000e+04    1.3201838527e-01
    7.5000000000e+04    1.2880704005e-01
    7.5100000000e+04    1.1720769707e-01
    7.5200000000e+04    1.2099732398e-01
    7.5300000000e+04    1.3205035097e-01
    7.5400000000e+04    1.3264460586e-01
    7.5500000000e+04    1.4761226834e-01
    7.5600000000e+04    1.6047942576e-01
    7.5700000000e+04    1.4907083850e-01
    7.5800000000e+04    1.2993037401e-01
    7.5900000000e+04    1.5056324647e-01
    7.6000000000e+04    1.3330353948e-01
    7.6100000000e+04    1.4961432188e-01
    7.6200000000e+04    1.1376104220e-01
    7.6300000000e+04    1.2259299385e-01
    7.6400000000e+04    1.3901279748e-01
    7.6500000000e+04    1.5653468954e-01
    7.6600000000e+04    1.3791733778e-01
    7.6700000000e+04    2.0121379165e-01
    7.6800000000e+04    1.2594790093e-01
    7.6900000000e+04    1.2436957015e-01
    7.7000000000e+04    1.4962396174e-01
    7.7100000000e+04    1.2244149367e-01
    7.7200000000e+04    1.3089287384e-01
    7.7300000000e+04    1.3532868325e-01
    7.7400000000e+04    1.2223043963e-01
    7.7500000000e+04    1.2786931214e-01
    7.7600000000e+04    1.2448685690e-01
    7.7700000000e+04    1.3685494267e-01
    7.7800000000e+04    2.0535276114e-01
    7.7900000000e+04    1.6416092369e-01
    7.8000000000e+04    1.3444133007e-01
    7.8100000000e+04    1.4578535176e-01
    7.8200000000e+04    1.3040936999e-01
    7.8300000000e+04    1.9640360764e-01
    7.8400000000e+04    1.3967506618e-01
    7.8500000000e+04    1.6112179350e-01
    7.8600000000e+04    1.1661024409e-01
    7.8700000000e+04    1.1784874811e-01
    7.8800000000e+04    1.3177573115e-01
    7.8900000000e+04    1.5560483144e-01
    7.9000000000e+04    1.3217191773e-01
    7.9100000000e+04    1.6281217604e-01
    7.9200000000e+04    1.5028728389e-01
    7.9300000000e+04    1.7847678373e-01
    7.9400000000e+04    1.6743057787e-01
    7.9500000000e+04    1.3015986955e-01
    7.9600000000e+04    1.1180560258e-01
    7.9700000000e+04    1.2328683597e-01
    7.9800000000e+04    1.4718688524e-01
    7.9900000000e+04    1.1533437839e-01
    8.0000000000e+04    1.8856094844e-01
    8.0100000000e+04    1.5096744033e-01
    8.0200000000e+04    1.9095710490e-01
    8.0300000000e+04    1.6040377697e-01
    8.0400000000e+04    2.4009659638e-01
    8.0500000000e+04    1.7327149028e-01
    8.0600000000e+04    1.6597017480e-01
    8.0700000000e+04    1.3902893358e-01
    8.0800000000e+04    1.1497066433e-01
    8.0900000000e+04    1.2516278625e-01
    8.1000000000e+04    1.4414998135e-01
    8.1100000000e+04    1.4214824518e-01
    8.1200000000e+04    1.5784356345e-01
    8.1300000000e+04    1.4738381596e-01
    8.1400000000e+04    1.3925621242e-01
    8.1500000000e+04    1.4322075677e-01
    8.1600000000e+04    1.4860965851e-01
    8.1700000000e+04    1.6405017715e-01
    8.1800000000e+04    1.4735150639e-01
    8.1900000000e+04    1.7058881674e-01
    8.2000000000e+04    1.4281732871e-01
    8.2100000000e+04    1.3722977334e-01
    8.2200000000e+04    1.0052907721e-01
    8.2300000000e+04    1.3198756770e-01
    8.2400000000e+04    1.4238299500e-01
    8.2500000000e+04    1.4222855527e-01
    8.2600000000e+04    1.3507096962e-01
    8.2700000000e+04    1.4426721436e-01
    8.2800000000e+04    1.5791693968e-01
    8.2900000000e+04    1.4987837157e-01
    8.3000000000e+04    1.3666165580e-01
    8.3100000000e+04    1.4573308675e-01
    8.3200000000e+04    2.3616943888e-01
    8.3300000000e+04    1.6134557090e-01
    8.3400000000e+04    1.8353243505e-01
    8.3500000000e+04    1.4850229092e-01
    8.3600000000e+04    1.5704713401e-01
    8.3700000000e+04    1.5432665158e-01
    8.3800000000e+04    1.4139112092e-01
    8.3900000000e+04    1.3768423580e-01
    8.4000000000e+04    1.7555769411e-01
    8.4100000000e+04    1.2722216014e-01
    8.4200000000e+04    1.2539751873e-01
    8.4300000000e+04    1.0313524149e-01
    8.4400000000e+04    1.5608029592e-01
    8.4500000000e+04    1.6408431949e-01
    8.4600000000e+04    1.6124680819e-01
    8.4700000000e+04    1.4204701727e-01
    8.4800000000e+04    1.6150547491e-01
    8.4900000000e+04    1.3136539440e-01
    8.5000000000e+04    1.6912387592e-01
    8.5100000000e+04    1.3926577291e-01
    8.5200000000e+04    1.3106985458e-01
    8.5300000000e+04    1.2911669949e-01
    8.5400000000e+04    1.4378062456e-01
    8.5500000000e+04    1.3995528413e-01
    8.5600000000e+04    1.4640304656e-01
    8.5700000000e+04    1.6923411615e-01
    8.5800000000e+04    1.0027288697e-01
    8.5900000000e+04    1.1589279246e-01
    8.6000000000e+04    1.3605854357e-01
    8.6100000000e+04    1.3635963366e-01
    8.6200000000e+04    1.3459455957e-01
    8.6300000000e+04    1.2509855723e-01
    8.6400000000e+04    1.4002893119e-01
    8.6500000000e+04    1.0638249552e-01
    8.6600000000e+04    1.3302466276e-01
    8.6700000000e+04    1.7655070737e-01
    8.6800000000e+04    1.4235718267e-01
    8.6900000000e+04    1.3560218865e-01
    8.7000000000e+04    1.6749031768e-01
    8.7100000000e+04    1.2993627519e-01
    8.7200000000e+04    1.7533613691e-01
    8.7300000000e+04    1.0380918542e-01
    8.7400000000e+04    1.2654645256e-01
    8.7500000000e+04    1.0343669005e-01
    8.7600000000e+04    1.3219501242e-01
    8.7700000000e+04    1.1913103284e-01
    8.7800000000e+04    1.3727840134e-01
    8.7900000000e+04    1.2148962139e-01
    8.8000000000e+04    1.3598162556e-01
    8.8100000000e+04    1.4204501675e-01
    8.8200000000e+04    1.2697620450e-01
    8.8300000000e+04    1.2974902577e-01
    8.8400000000e+04    1.3632981889e-01
    8.8500000000e+04    1.2160333338e-01
    8.8600000000e+04    1.3794729118e-01
    8.8700000000e+04    1.4039672444e-01
    8.8800000000e+04    1.5078103603e-01
    8.8900000000e+04    1.7235493687e-01
    8.9000000000e+04    1.5085533152e-01
    8.9100000000e+04    1.4399641588e-01
    8.9200000000e+04    1.1371113023e-01
    8.9300000000e+04    1.2809271964e-01
    8.9400000000e+04    1.4977815068e-01
    8.9500000000e+04    1.3834026320e-01
    8.9600000000e+04    1.3692263278e-01
    8.9700000000e+04    1.7526570161e-01
    8.9800000000e+04    2.1253938285e-01
    8.9900000000e+04    1.3359097585e-01
    9.0000000000e+04    1.4124965542e-01
    9.0100000000e+04    1.2404808493e-01
    9.0200000000e+04    1.2800623632e-01
    9.0300000000e+04    1.2761750975e-01
    9.0400000000e+04    1.2724399309e-01
    9.0500000000e+04    1.2176634928e-01
    9.0600000000e+04    1.5688480594e-01
    9.0700000000e+04    1.4140681187e-01
    9.0800000000e+04    1.5030013543e-01
    9.0900000000e+04    1.3317580387e-01
    9.1000000000e+04    1.2876662043e-01
    9.1100000000e+04    1.2149779207e-01
    9.1200000000e+04    1.2336268071e-01
    9.1300000000e+04    1.3262515135e-01
    9.1400000000e+04    1.3783844399e-01
    9.1500000000e+04    1.4473274078e-01
    9.1600000000e+04    1.4011069326e-01
    9.1700000000e+04    1.5787735564e-01
    9.1800000000e+04    2.1652668174e-01
    9.1900000000e+04    1.5391174385e-01
    9.2000000000e+04    1.3382526625e-01
    9.2100000000e+04    1.5450851359e-01
    9.2200000000e+04    1.3012320320e-01
    9.2300000000e+04    1.9328794863e-01
    9.2400000000e+04    1.8136686778e-01
    9.2500000000e+04    1.1344941730e-01
    9.2600000000e+04    1.2932587973e-01
    9.2700000000e+04    1.2644325335e-01
    9.2800000000e+04    1.4722760287e-01
    9.2900000000e+04    1.2508981299e-01
    9.3000000000e+04    1.1508122145e-01
    9.3100000000e+04    1.1374458465e-01
    9.3200000000e+04    1.0035633898e-01
    9.3300000000e+04    1.3863913984e-01
    9.3400000000e+04    1.4470809611e-01
    9.3500000000e+04    2.3263955291e-01
    9.3600000000e+04    2.7920402869e-01
    9.3700000000e+04    1.6018701900e-01
    9.3800000000e+04    1.5666189236e-01
    9.3900000000e+04    2.2302721369e-01
    9.4000000000e+04    1.4068590677e-01
    9.4100000000e+04    1.5681080797e-01
    9.4200000000e+04    1.6234254930e-01
    9.4300000000e+04    1.2669842124e-01
    9.4400000000e+04    1.4221486705e-01
    9.4500000000e+04    1.1603200791e-01
    9.4600000000e+04    1.4257289475e-01
    9.4700000000e+04    2.1241347685e-01
    9.4800000000e+04    1.3490416599e-01
    9.4900000000e+04    1.6128569273e-01
    9.5000000000e+04    1.6783362249e-01
    9.5100000000e+04    1.7084996519e-01
    9.5200000000e+04    1.4365774812e-01
    9.5300000000e+04    1.5927428891e-01
    9.5400000000e+04    1.8145525856e-01
    9.5500000000e+04    1.6472854006e-01
    9.5600000000e+04    1.8524851474e-01
    9.5700000000e+04    1.3780075748e-01
    9.5800000000e+04    1.3615139719e-01
    9.5900000000e+04    1.8703538544e-01
    9.6000000000e+04    1.5674852065e-01
    9.6100000000e+04    1.7936897453e-01
    9.6200000000e+04    1.6578048193e-01
    9.6300000000e+04    1.4470643838e-01
    9.6400000000e+04    1.3556618487e-01
    9.6500000000e+04    1.1902560792e-01
    9.6600000000e+04    1.3827321058e-01
    9.6700000000e+04    1.6834122512e-01
    9.6800000000e+04    1.7966205727e-01
    9.6900000000e+04    1.5250661785e-01
    9.7000000000e+04    1.2185681726e-01
    9.7100000000e+04    1.1164290619e-01
    9.7200000000e+04    1.1484192408e-01
    9.7300000000e+04    1.5216320981e-01
    9.7400000000e+04    1.3573117501e-01
    9.7500000000e+04    1.3977839214e-01
    9.7600000000e+04    1.2376225616e-01
    9.7700000000e+04    1.6834091611e-01
    9.7800000000e+04    2.0205796706e-01
    9.7900000000e+04    1.8633112079e-01
    9.8000000000e+04    1.5364681797e-01
    9.8100000000e+04    1.4048311552e-01
    9.8200000000e+04    1.2172081878e-01
    9.8300000000e+04    9.7996025582e-02
    9.8400000000e+04    1.0155072323e-01
    9.8500000000e+04    1.3896373393e-01
    9.8600000000e+04    1.8200208535e-01
    9.8700000000e+04    1.7120798471e-01
    9.8800000000e+04    1.5150685443e-01
    9.8900000000e+04    1.2574901221e-01
    9.9000000000e+04    1.1657340522e-01
    9.9100000000e+04    1.3384397814e-01
    9.9200000000e+04    1.5553220560e-01
    9.9300000000e+04    1.2187220502e-01
    9.9400000000e+04    1.1857615891e-01
    9.9500000000e+04    1.2900408702e-01
    9.9600000000e+04    1.3275141671e-01
    9.9700000000e+04    1.4937928260e-01
    9.9800000000e+04    1.5371702552e-01
    9.9900000000e+04    1.0938289081e-01
    1.0000000000e+05    1.0003073093e-01
    1.0010000000e+05    1.0825518260e-01
    1.0020000000e+05    1.3100112445e-01
    1.0030000000e+05    1.2486516264e-01
    1.0040000000e+05    1.3276734534e-01
    1.0050000000e+05    1.0848039685e-01
    1.0060000000e+05    1.0493526083e-01
    1.0070000000e+05    1.2352630207e-01
    1.0080000000e+05    1.1710063112e-01
    1.0090000000e+05    1.3523523831e-01
    1.0100000000e+05    1.7787597087e-01
    1.0110000000e+05    1.5702290223e-01
    1.0120000000e+05    1.5242461605e-01
    1.0130000000e+05    1.2011939081e-01
    1.0140000000e+05    1.5428728631e-01
    1.0150000000e+05    1.3870290689e-01
    1.0160000000e+05    1.5665836573e-01
    1.0170000000e+05    1.2174531833e-01
    1.0180000000e+05    1.2023447021e-01
    1.0190000000e+05    1.6551842014e-01
    1.0200000000e+05    1.5999062717e-01
    1.0210000000e+05    1.6067796071e-01
    1.0220000000e+05    1.5291472855e-01
    1.0230000000e+05    1.5132255127e-01
    1.0240000000e+05    1.3351679660e-01
    1.0250000000e+05    1.2941456757e-01
    1.0260000000e+05    1.3373995360e-01
    1.0270000000e+05    1.1588757103e-01
    1.0280000000e+05    1.1709826679e-01
    1.0290000000e+05    1.5866843006e-01
    1.0300000000e+05    1.5002191992e-01
    1.0310000000e+05    1.8127188810e-01
    1.0320000000e+05    1.6770131144e-01
    1.0330000000e+05    1.2418795151e-01
    1.0340000000e+05    1.1230476750e-01
    1.0350000000e+05    1.1412861616e-01
    1.0360000000e+05    1.4432811683e-01
    1.0370000000e+05    1.3158039194e-01
    1.0380000000e+05    1.3896470064e-01
    1.0390000000e+05    1.4292545882e-01
    1.0400000000e+05    1.3591936318e-01
    1.0410000000e+05    1.4940021710e-01
    1.0420000000e+05    1.4907395142e-01
    1.0430000000e+05    1.5641544553e-01
    1.0440000000e+05    1.5696964248e-01
    1.0450000000e+05    1.0989062541e-01
    1.0460000000e+05    1.1722106707e-01
    1.0470000000e+05    1.3840324470e-01
    1.0480000000e+05    1.0223734387e-01
    1.0490000000e+05    1.3539465438e-01
    1.0500000000e+05    1.3731561312e-01
    1.0510000000e+05    1.1739226058e-01
    1.0520000000e+05    1.2578202021e-01
    1.0530000000e+05    1.1942309237e-01
    1.0540000000e+05    1.2373715939e-01
    1.0550000000e+05    1.1133505461e-01
    1.0560000000e+05    1.4129448752e-01
    1.0570000000e+05    1.3273918433e-01
    1.0580000000e+05    1.2353914940e-01
    1.0590000000e+05    1.5253916105e-01
    1.0600000000e+05    1.1567122825e-01
    1.0610000000e+05    1.3189710262e-01
    1.0620000000e+05    1.4784697132e-01
    1.0630000000e+05    1.0699239676e-01
    1.0640000000e+05    1.2882248642e-01
    1.0650000000e+05    1.6833897248e-01
    1.0660000000e+05    1.2772802705e-01
    1.0670000000e+05    1.1752296119e-01
    1.0680000000e+05    1.2872004469e-01
    1.0690000000e+05    9.5401919536e-02
    1.0700000000e+05    1.3826429995e-01
    1.0710000000e+05    1.2815244311e-01
    1.0720000000e+05    1.3344797854e-01
    1.0730000000e+05    1.0417753803e-01
    1.0740000000e+05    1.5281605911e-01
    1.0750000000e+05    1.2903288101e-01
    1.0760000000e+05    1.4565084953e-01
    1.0770000000e+05    1.2429576020e-01
    1.0780000000e+05    9.8731830605e-02
    1.0790000000e+05    9.0105481170e-02
    1.0800000000e+05    1.2688037446e-01
    1.0810000000e+05    1.3248324585e-01
    1.0820000000e+05    1.7058736759e-01
    1.0830000000e+05    1.1999535290e-01
    1.0840000000e+05    1.6828635151e-01
    1.0850000000e+05    1.1574328158e-01
    1.0860000000e+05    1.3443644159e-01
    1.0870000000e+05    1.2593718623e-01
    1.0880000000e+05    9.4052197575e-02
    1.0890000000e+05    1.1181920588e-01
    1.0900000000e+05    1.1345054598e-01
    1.0910000000e+05    1.2333244642e-01
    1.0920000000e+05    1.3312447480e-01
    1.0930000000e+05    1.0556269059e-01
    1.0940000000e+05    1.4750333691e-01
    1.0950000000e+05    1.2691608080e-01
    1.0960000000e+05    1.2404666600e-01
    1.0970000000e+05    1.4377963425e-01
    1.0980000000e+05    1.0870539789e-01
    1.0990000000e+05    1.1163027023e-01
    1.1000000000e+05    1.0036638784e-01
    1.1010000000e+05    9.7689014298e-02
    1.1020000000e+05    1.3595166010e-01
    1.1030000000e+05    1.7153349439e-01
    1.1040000000e+05    1.4905689639e-01
    1.1050000000e+05    1.2486394280e-01
    1.1060000000e+05    1.3452981598e-01
    1.1070000000e+05    1.1622277126e-01
    1.1080000000e+05    1.1866326326e-01
    1.1090000000e+05    1.2046626643e-01
    1.1100000000e+05    1.6766714707e-01
    1.1110000000e+05    1.2222325629e-01
    1.1120000000e+05    1.2706867566e-01
    1.1130000000e+05    1.6724995291e-01
    1.1140000000e+05    1.3971783936e-01
    1.1150000000e+05    1.0717249960e-01
    1.1160000000e+05    1.1278652874e-01
    1.1170000000e+05    1.0845567295e-01
    1.1180000000e+05    1.2069975581e-01
    1.1190000000e+05    1.3982147144e-01
    1.1200000000e+05    1.2884201536e-01
    1.1210000000e+05    1.2312172931e-01
    1.1220000000e+05    1.4478952507e-01
    1.1230000000e+05    1.3618935869e-01
    1.1240000000e+05    1.3750366748e-01
    1.1250000000e+05    1.3460602322e-01
    1.1260000000e+05    1.3121664876e-01
    1.1270000000e+05    1.7181982705e-01
    1.1280000000e+05    1.6615665490e-01
    1.1290000000e+05    1.6245516768e-01
    1.1300000000e+05    1.2138538522e-01
    1.1310000000e+05    2.1752057827e-01
    1.1320000000e+05    1.4356002748e-01
    1.1330000000e+05    1.2369710698e-01
    1.1340000000e+05    1.6268026476e-01
    1.1350000000e+05    1.3412340308e-01
    1.1360000000e+05    1.7617045215e-01
    1.1370000000e+05    1.7261426234e-01
    1.1380000000e+05    1.2347369882e-01
    1.1390000000e+05    1.3383571651e-01
    1.1400000000e+05    1.9645463685e-01
    1.1410000000e+05    1.4917794691e-01
    1.1420000000e+05    1.2619904254e-01
    1.1430000000e+05    1.4578478673e-01
    1.1440000000e+05    1.4352450349e-01
    1.1450000000e+05    1.2720577274e-01
    1.1460000000e+05    1.2401252351e-01
    1.1470000000e+05    1.3902664362e-01
    1.1480000000e+05    1.4241997678e-01
    1.1490000000e+05    1.5897996748e-01
    1.1500000000e+05    1.5715035101e-01
    1.1510000000e+05    1.4589208937e-01
    1.1520000000e+05    1.5503510820e-01
    1.1530000000e+05    1.6872082079e-01
    1.1540000000e+05    1.3943433879e-01
    1.1550000000e+05    1.5470307469e-01
    1.1560000000e+05    1.5345034269e-01
    1.1570000000e+05    1.3532839627e-01
    1.1580000000e+05    1.5378584415e-01
    1.1590000000e+05    1.4294816524e-01
    1.1600000000e+05    1.5780174024e-01
    1.1610000000e+05    1.4895071138e-01
    1.1620000000e+05    1.4424524760e-01
    1.1630000000e+05    1.1678348254e-01
    1.1640000000e+05    1.3702987095e-01
    1.1650000000e+05    1.2291918081e-01
    1.1660000000e+05    1.3860723213e-01
    1.1670000000e+05    1.4123111298e-01
    1.1680000000e+05    1.3542403523e-01
    1.1690000000e+05    1.4428083883e-01
    1.1700000000e+05    1.3270863432e-01
    1.1710000000e+05    1.0497074932e-01
    1.1720000000e+05    1.6616123826e-01
    1.1730000000e+05    1.6116394672e-01
    1.1740000000e+05    1.3579371625e-01
    1.1750000000e+05    1.2218172127e-01
    1.1760000000e+05    1.6015780474e-01
    1.1770000000e+05    1.1770594239e-01
    1.1780000000e+05    1.5686010920e-01
    1.1790000000e+05    1.2169692228e-01
    1.1800000000e+05    1.4094166885e-01
    1.1810000000e+05    9.0559959235e-02
    1.1820000000e+05    1.0434306753e-01
    1.1830000000e+05    1.0338930710e-01
    1.1840000000e+05    1.1980532856e-01
    1.1850000000e+05    1.7327883043e-01
    1.1860000000e+05    1.1376320021e-01
    1.1870000000e+05    1.5414709411e-01
    1.1880000000e+05    1.4646488711e-01
    1.1890000000e+05    1.6016838124e-01
    1.1900000000e+05    1.4154671326e-01
    1.1910000000e+05    1.4997207016e-01
    1.1920000000e+05    1.5383260339e-01
    1.1930000000e+05    1.2532382552e-01
    1.1940000000e+05    1.4035536952e-01
    1.1950000000e+05    1.1432862676e-01
    1.1960000000e+05    1.1640804888e-01
    1.1970000000e+05    1.2097167842e-01
    1.1980000000e+05    1.4673871065e-01
    1.1990000000e+05    1.4736471783e-01
    1.2000000000e+05    1.3270791621e-01
    1.2010000000e+05    2.1322500198e-01
    1.2020000000e+05    1.8131517746e-01
    1.2030000000e+05    1.3176355919e-01
    1.2040000000e+05    1.3054597854e-01
    1.2050000000e+05    1.2664934939e-01
    1.2060000000e+05    1.3851555650e-01
    1.2070000000e+05    1.1750472475e-01
    1.2080000000e+05    1.3361970865e-01
    1.2090000000e+05    1.7959490216e-01
    1.2100000000e+05    1.7349400460e-01
    1.2110000000e+05    1.5925326052e-01
    1.2120000000e+05    1.8024116054e-01
    1.2130000000e+05    1.1607434328e-01
    1.2140000000e+05    1.1087169507e-01
    1.2150000000e+05    1.2842121884e-01
    1.2160000000e+05    1.4274331536e-01
    1.2170000000e+05    1.1575355488e-01
    1.2180000000e+05    1.3289073798e-01
    1.2190000000e+05    1.1234317014e-01
    1.2200000000e+05    1.2742127141e-01
    1.2210000000e+05    1.1089841536e-01
    1.2220000000e+05    1.2083265253e-01
    1.2230000000e+05    1.3690513304e-01
    1.2240000000e+05    1.3595488113e-01
    1.2250000000e+05    1.2624857801e-01
    1.2260000000e+05    1.1671232073e-01
    1.2270000000e+05    1.2651742244e-01
    1.2280000000e+05    1.3358522924e-01
    1.2290000000e+05    1.0035957050e-01
    1.2300000000e+05    1.3657066865e-01
    1.2310000000e+05    1.1663958136e-01
    1.2320000000e+05    1.2248715425e-01
    1.2330000000e+05    1.1869178425e-01
    1.2340000000e+05    1.4111614404e-01
    1.2350000000e+05    1.3111073813e-01
    1.2360000000e+05    1.4524950333e-01
    1.2370000000e+05    1.2082887870e-01
    1.2380000000e+05    1.4230179162e-01
    1.2390000000e+05    1.1848791984e-01
    1.2400000000e+05    1.4593435272e-01
    1.2410000000e+05    1.3251248213e-01
    1.2420000000e+05    1.3927293787e-01
    1.2430000000e+05    1.5134725525e-01
    1.2440000000e+05    1.3162667467e-01
    1.2450000000e+05    1.4831812087e-01
    1.2460000000e+05    1.6812320353e-01
    1.2470000000e+05    1.3258796507e-01
    1.2480000000e+05    1.6868605606e-01
    1.2490000000e+05    1.5416566434e-01
    1.2500000000e+05    2.0877119904e-01
    1.2510000000e+05    2.1412418838e-01
    1.2520000000e+05    1.6260482335e-01
    1.2530000000e+05    1.2332125764e-01
    1.2540000000e+05    1.0075427982e-01
    1.2550000000e+05    1.2393084983e-01
    1.2560000000e+05    1.3746711733e-01
    1.2570000000e+05    1.2998535269e-01
    1.2580000000e+05    1.2213145107e-01
    1.2590000000e+05    1.0181262903e-01
    1.2600000000e+05    1.3345332478e-01
    1.2610000000e+05    1.9070132760e-01
    1.2620000000e+05    1.2866876996e-01
    1.2630000000e+05    1.1742326037e-01
    1.2640000000e+05    1.6999185796e-01
    1.2650000000e+05    1.1251752291e-01
    1.2660000000e+05    1.4861654791e-01
    1.2670000000e+05    1.4399536485e-01
    1.2680000000e+05    1.3853078312e-01
    1.2690000000e+05    1.7287393217e-01
    1.2700000000e+05    1.5962156724e-01
    1.2710000000e+05    1.1921775944e-01
    1.2720000000e+05    1.0861984455e-01
    1.2730000000e+05    1.3980920266e-01
    1.2740000000e+05    1.5957409840e-01
    1.2750000000e+05    1.4502699210e-01
    1.2760000000e+05    1.1702243138e-01
    1.2770000000e+05    1.4431453587e-01
    1.2780000000e+05    1.8211304239e-01
    1.2790000000e+05    1.1706216599e-01
    1.2800000000e+05    1.4830873314e-01
    1.2810000000e+05    1.7566174696e-01
    1.2820000000e+05    1.3629524879e-01
    1.2830000000e+05    1.4278651175e-01
    1.2840000000e+05    1.4732652732e-01
    1.2850000000e+05    1.3960545352e-01
    1.2860000000e+05    1.2342818856e-01
    1.2870000000e+05    1.3701729278e-01
    1.2880000000e+05    1.0563274280e-01
    1.2890000000e+05    1.3010339402e-01
    1.2900000000e+05    1.4287181451e-01
    1.2910000000e+05    1.7424252928e-01
    1.2920000000e+05    1.3365418379e-01
    1.2930000000e+05    1.4386348783e-01
    1.2940000000e+05    1.2881546631e-01
    1.2950000000e+05    1.2259017529e-01
    1.2960000000e+05    1.4567594458e-01
    1.2970000000e+05    1.3711524370e-01
    1.2980000000e+05    1.8267740649e-01
    1.2990000000e+05    1.4286915837e-01
    1.3000000000e+05    1.6655962588e-01
    1.3010000000e+05    1.6026545295e-01
    1.3020000000e+05    1.3780710473e-01
    1.3030000000e+05    1.2999321178e-01
    1.3040000000e+05    1.3498575835e-01
    1.3050000000e+05    1.4252340104e-01
    1.3060000000e+05    1.2973704975e-01
    1.3070000000e+05    1.2217492005e-01
    1.3080000000e+05    1.2977177848e-01
    1.3090000000e+05    1.3639967872e-01
    1.3100000000e+05    1.2107440685e-01
    1.3110000000e+05    1.2999129385e-01
    1.3120000000e+05    1.4474529368e-01
    1.3130000000e+05    1.4355765005e-01
    1.3140000000e+05    1.1690843027e-01
    1.3150000000e+05    1.1872181345e-01
    1.3160000000e+05    1.1971457598e-01
    1.3170000000e+05    1.3820183686e-01
    1.3180000000e+05    1.4981864858e-01
    1.3190000000e+05    1.3096948557e-01
    1.3200000000e+05    1.4368492479e-01
    1.3210000000e+05    1.2167757674e-01
    1.3220000000e+05    1.7389215125e-01
    1.3230000000e+05    1.7612543293e-01
    1.3240000000e+05    1.8977895638e-01
    1.3250000000e+05    1.4004410815e-01
    1.3260000000e+05    1.4209916645e-01
    1.3270000000e+05    1.0039502554e-01
    1.3280000000e+05    1.3302063359e-01
    1.3290000000e+05    1.3655024796e-01
    1.3300000000e+05    1.6311290193e-01
    1.3310000000e+05    1.9730454105e-01
    1.3320000000e+05    1.2907528277e-01
    1.3330000000e+05    1.3478193333e-01
    1.3340000000e+05    1.6475964198e-01
    1.3350000000e+05    1.2689487948e-01
    1.3360000000e+05    1.2287332570e-01
    1.3370000000e+05    1.2289781496e-01
    1.3380000000e+05    1.8094618713e-01
    1.3390000000e+05    1.1415972543e-01
    1.3400000000e+05    1.2630553135e-01
    1.3410000000e+05    1.2366932717e-01
    1.3420000000e+05    1.1162590393e-01
    1.3430000000e+05    1.5630558584e-01
    1.3440000000e+05    1.1078048579e-01
    1.3450000000e+05    1.5003048488e-01
    1.3460000000e+05    1.6693254396e-01
    1.3470000000e+05    1.4167048371e-01
    1.3480000000e+05    1.5438160941e-01
    1.3490000000e+05    1.3294555455e-01
    1.3500000000e+05    1.8934206061e-01
    1.3510000000e+05    1.1924276783e-01
    1.3520000000e+05    1.5162699357e-01
    1.3530000000e+05    1.1067731033e-01
    1.3540000000e+05    1.6797880114e-01
    1.3550000000e+05    1.4599122575e-01
    1.3560000000e+05    1.3964553612e-01
    1.3570000000e+05    1.1172702968e-01
    1.3580000000e+05    1.2750664199e-01
    1.3590000000e+05    1.2165595193e-01
    1.3600000000e+05    1.3872595977e-01
    1.3610000000e+05    1.4576811051e-01
    1.3620000000e+05    1.1571190499e-01
    1.3630000000e+05    1.5423043014e-01
    1.3640000000e+05    1.1543191062e-01
    1.3650000000e+05    1.3262785161e-01
    1.3660000000e+05    1.6412981564e-01
    1.3670000000e+05    1.4877504719e-01
    1.3680000000e+05    1.2728063840e-01
    1.3690000000e+05    1.4173450045e-01
    1.3700000000e+05    1.6172707564e-01
    1.3710000000e+05    1.4857249048e-01
    1.3720000000e+05    1.2877913551e-01
    1.3730000000e+05    1.3696971069e-01
    1.3740000000e+05    1.3177244855e-01
    1.3750000000e+05    1.1624890570e-01
    1.3760000000e+05    1.1102058553e-01
    1.3770000000e+05    1.2391433319e-01
    1.3780000000e+05    1.1805679241e-01
    1.3790000000e+05    1.4083534407e-01
    1.3800000000e+05    1.2916508293e-01
    1.3810000000e+05    1.1525504622e-01
    1.3820000000e+05    1.3158054855e-01
    1.3830000000e+05    1.1972983666e-01
    1.3840000000e+05    1.4594316344e-01
    1.3850000000e+05    1.7287031501e-01
    1.3860000000e+05    1.1358802017e-01
    1.3870000000e+05    1.3473706424e-01
    1.3880000000e+05    1.4477652320e-01
    1.3890000000e+05    1.3558277057e-01
    1.3900000000e+05    1.3857936648e-01
    1.3910000000e+05    1.6821490376e-01
    1.3920000000e+05    1.2248078301e-01
    1.3930000000e+05    1.0829645005e-01
    1.3940000000e+05    9.6516445781e-02
    1.3950000000e+05    1.4953134861e-01
    1.3960000000e+05    1.2036326433e-01
    1.3970000000e+05    1.1422363722e-01
    1.3980000000e+05    1.2328458895e-01
    1.3990000000e+05    1.3140823274e-01
    1.4000000000e+05    1.4066650875e-01
    1.4010000000e+05    1.4786162261e-01
    1.4020000000e+05    1.3142514782e-01
    1.4030000000e+05    1.3693294040e-01
    1.4040000000e+05    1.5419789729e-01
    1.4050000000e+05    1.4730632964e-01
    1.4060000000e+05    1.4546385380e-01
    1.4070000000e+05    1.3735656139e-01
    1.4080000000e+05    1.2588207231e-01
    1.4090000000e+05    1.4578595665e-01
    1.4100000000e+05    1.4871118350e-01
    1.4110000000e+05    2.1811582958e-01
    1.4120000000e+05    1.5744545742e-01
    1.4130000000e+05    1.6986512514e-01
    1.4140000000e+05    1.4015993871e-01
    1.4150000000e+05    1.6861708542e-01
    1.4160000000e+05    1.7600816908e-01
    1.4170000000e+05    1.6568094655e-01
    1.4180000000e+05    1.3698684234e-01
    1.4190000000e+05    1.2259456793e-01
    1.4200000000e+05    1.2136624033e-01
    1.4210000000e+05    1.1355790894e-01
    1.4220000000e+05    1.2379058968e-01
    1.4230000000e+05    1.5867212783e-01
    1.4240000000e+05    1.5703800158e-01
    1.4250000000e+05    1.4861187901e-01
    1.4260000000e+05    1.3632276192e-01
    1.4270000000e+05    1.2098812797e-01
    1.4280000000e+05    1.1681647150e-01
    1.4290000000e+05    1.1358356964e-01
    1.4300000000e+05    1.6091835467e-01
    1.4310000000e+05    1.3909436362e-01
    1.4320000000e+05    1.4943472913e-01
    1.4330000000e+05    1.1404293226e-01
    1.4340000000e+05    1.2879896787e-01
    1.4350000000e+05    1.6426667940e-01
    1.4360000000e+05    1.3367970387e-01
    1.4370000000e+05    1.4628691551e-01
    1.4380000000e+05    1.2484115072e-01
    1.4390000000e+05    1.3081689751e-01
    1.4400000000e+05    1.3281965192e-01
    1.4410000000e+05    1.9042477667e-01
    1.4420000000e+05    1.4975621486e-01
    1.4430000000e+05    1.7806787710e-01
    1.4440000000e+05    1.2002125194e-01
    1.4450000000e+05    1.5588960336e-01
    1.4460000000e+05    1.8556648971e-01
    1.4470000000e+05    1.6086399504e-01
    1.4480000000e+05    1.3016305293e-01
    1.4490000000e+05    1.5445443926e-01
    1.4500000000e+05    1.3636267703e-01
    1.4510000000e+05    1.6798040503e-01
    1.4520000000e+05    1.6013555852e-01
    1.4530000000e+05    1.2272453009e-01
    1.4540000000e+05    1.6842982152e-01
    1.4550000000e+05    1.7189928341e-01
    1.4560000000e+05    1.4891087985e-01
    1.4570000000e+05    1.8870665841e-01
    1.4580000000e+05    2.0060980861e-01
    1.4590000000e+05    1.9285162750e-01
    1.4600000000e+05    2.7384729597e-01
    1.4610000000e+05    1.5078225772e-01
    1.4620000000e+05    1.7583017385e-01
    1.4630000000e+05    1.4502427182e-01
    1.4640000000e+05    1.6621843798e-01
    1.4650000000e+05    1.4571786096e-01
    1.4660000000e+05    1.4727661659e-01
    1.4670000000e+05    1.5902356768e-01
    1.4680000000e+05    1.3814435936e-01
    1.4690000000e+05    1.2514321018e-01
    1.4700000000e+05    1.2526240488e-01
    1.4710000000e+05    1.3578069945e-01
    1.4720000000e+05    1.8036589669e-01
    1.4730000000e+05    1.4262664104e-01
    1.4740000000e+05    1.2657949504e-01
    1.4750000000e+05    1.6888571614e-01
    1.4760000000e+05    1.4343341461e-01
    1.4770000000e+05    1.3172409457e-01
    1.4780000000e+05    1.3093560613e-01
    1.4790000000e+05    1.5860107875e-01
    1.4800000000e+05    1.6748912510e-01
    1.4810000000e+05    1.6456949999e-01
    1.4820000000e+05    1.6880294045e-01
    1.4830000000e+05    1.6551367602e-01
    1.4840000000e+05    1.4021358208e-01
    1.4850000000e+05    1.7584395369e-01
    1.4860000000e+05    1.6373225186e-01
    1.4870000000e+05    1.2740083409e-01
    1.4880000000e+05    1.3255266315e-01
    1.4890000000e+05    1.6831786702e-01
    1.4900000000e+05    1.4666849795e-01
    1.4910000000e+05    1.3435294295e-01
    1.4920000000e+05    1.3731218712e-01
    1.4930000000e+05    1.5476345967e-01
    1.4940000000e+05    1.3452547318e-01
    1.4950000000e+05    1.4522943051e-01
    1.4960000000e+05    2.2152599478e-01
    1.4970000000e+05    1.6932656951e-01
    1.4980000000e+05    1.5282005906e-01
    1.4990000000e+05    1.3624098332e-01
    1.5000000000e+05    1.1967547110e-01
    1.5010000000e+05    1.2923749328e-01
    1.5020000000e+05    1.7751670202e-01
    1.5030000000e+05    1.7766568916e-01
    1.5040000000e+05    1.4849316773e-01
    1.5050000000e+05    1.4272812514e-01
    1.5060000000e+05    1.4700467245e-01
    1.5070000000e+05    1.3921004706e-01
    1.5080000000e+05    1.4379792190e-01
    1.5090000000e+05    1.3011797605e-01
    1.5100000000e+05    1.4662812722e-01
    1.5110000000e+05    1.5791321517e-01
    1.5120000000e+05    1.3620414338e-01
    1.5130000000e+05    1.4016028745e-01
    1.5140000000e+05    1.3899716393e-01
    1.5150000000e+05    1.3925912301e-01
    1.5160000000e+05    1.3016893288e-01
    1.5170000000e+05    1.2579609690e-01
    1.5180000000e+05    1.8400994358e-01
    1.5190000000e+05    2.2351512235e-01
    1.5200000000e+05    1.7285695915e-01
    1.5210000000e+05    1.3626626116e-01
    1.5220000000e+05    1.4924725722e-01
    1.5230000000e+05    1.2489373592e-01
    1.5240000000e+05    1.2720501624e-01
    1.5250000000e+05    1.5458389554e-01
    1.5260000000e+05    1.8377448644e-01
    1.5270000000e+05    1.7796983132e-01
    1.5280000000e+05    1.7181588415e-01
    1.5290000000e+05    1.3963191203e-01
    1.5300000000e+05    1.3443519002e-01
    1.5310000000e+05    1.3633887027e-01
    1.5320000000e+05    1.1908413355e-01
    1.5330000000e+05    1.3940566375e-01
    1.5340000000e+05    1.2700982715e-01
    1.5350000000e+05    1.1710457117e-01
    1.5360000000e+05    1.2021112039e-01
    1.5370000000e+05    1.3563139561e-01
    1.5380000000e+05    1.2936263630e-01
    1.5390000000e+05    1.3034445319e-01
    1.5400000000e+05    1.1127682808e-01
    1.5410000000e+05    1.2913889310e-01
    1.5420000000e+05    1.3766912026e-01
    1.5430000000e+05    1.3794046079e-01
    1.5440000000e+05    1.2887335135e-01
    1.5450000000e+05    1.4672681418e-01
    1.5460000000e+05    1.4008305938e-01
    1.5470000000e+05    1.4877693566e-01
    1.5480000000e+05    1.1148191910e-01
    1.5490000000e+05    1.0724671783e-01
    1.5500000000e+05    1.4469879104e-01
    1.5510000000e+05    1.4234232122e-01
    1.5520000000e+05    1.9884603633e-01
    1.5530000000e+05    1.8416126001e-01
    1.5540000000e+05    1.2927303737e-01
    1.5550000000e+05    1.0255632191e-01
    1.5560000000e+05    1.5645817493e-01
    1.5570000000e+05    1.5119841678e-01
    1.5580000000e+05    1.4965207296e-01
    1.5590000000e+05    1.4784951085e-01
    1.5600000000e+05    1.9098299839e-01
    1.5610000000e+05    1.4725168540e-01
    1.5620000000e+05    1.6451615993e-01
    1.5630000000e+05    1.6406989365e-01
    1.5640000000e+05    1.3545567617e-01
    1.5650000000e+05    1.2232270940e-01
    1.5660000000e+05    1.0837160397e-01
    1.5670000000e+05    1.1274885153e-01
    1.5680000000e+05    1.3416265488e-01
    1.5690000000e+05    1.4191623301e-01
    1.5700000000e+05    1.4801794817e-01
    1.5710000000e+05    1.3485861981e-01
    1.5720000000e+05    1.6899577104e-01
    1.5730000000e+05    1.2195135389e-01
    1.5740000000e+05    1.3566305182e-01
    1.5750000000e+05    1.4529827294e-01
    1.5760000000e+05    2.0116146478e-01
    1.5770000000e+05    1.9864868549e-01
    1.5780000000e+05    1.5331822451e-01
    1.5790000000e+05    1.4057177951e-01
    1.5800000000e+05    1.4608454656e-01
    1.5810000000e+05    1.5093862945e-01
    1.5820000000e+05    1.7011231764e-01
    1.5830000000e+05    2.0326674196e-01
    1.5840000000e+05    1.9321127904e-01
    1.5850000000e+05    1.7729531877e-01
    1.5860000000e+05    1.3159821628e-01
    1.5870000000e+05    1.5181534124e-01
    1.5880000000e+05    1.5615644596e-01
    1.5890000000e+05    1.5060450836e-01
    1.5900000000e+05    1.3586952107e-01
    1.5910000000e+05    1.2494752307e-01
    1.5920000000e+05    1.5285707065e-01
    1.5930000000e+05    1.2526661410e-01
    1.5940000000e+05    1.3987965412e-01
    1.5950000000e+05    1.7234592687e-01
    1.5960000000e+05    1.1610625120e-01
    1.5970000000e+05    1.4951645853e-01
    1.5980000000e+05    1.4943452797e-01
    1.5990000000e+05    2.0018750627e-01
    1.6000000000e+05    1.1811583642e-01
    1.6010000000e+05    1.3358800395e-01
    1.6020000000e+05    1.1185714047e-01
    1.6030000000e+05    1.2524849539e-01
    1.6040000000e+05    1.1387899557e-01
    1.6050000000e+05    1.2839441852e-01
    1.6060000000e+05    1.2045294369e-01
    1.6070000000e+05    1.5167786725e-01
    1.6080000000e+05    1.3368967962e-01
    1.6090000000e+05    1.5118962096e-01
    1.6100000000e+05    1.8741879292e-01
    1.6110000000e+05    1.3528327258e-01
    1.6120000000e+05    1.1393538110e-01
    1.6130000000e+05    1.2850787142e-01
    1.6140000000e+05    1.3911501282e-01
    1.6150000000e+05    1.0395136495e-01
    1.6160000000e+05    1.0533192058e-01
    1.6170000000e+05    1.0230282476e-01
    1.6180000000e+05    9.4665226497e-02
    1.6190000000e+05    1.0882622010e-01
    1.6200000000e+05    1.3782627254e-01
    1.6210000000e+05    1.7551163776e-01
    1.6220000000e+05    1.0932588959e-01
    1.6230000000e+05    1.0989947979e-01
    1.6240000000e+05    1.3062519459e-01
    1.6250000000e+05    1.2560684282e-01
    1.6260000000e+05    1.2138959494e-01
    1.6270000000e+05    1.4071062234e-01
    1.6280000000e+05    1.7036960931e-01
    1.6290000000e+05    1.3446021132e-01
    1.6300000000e+05    1.6237993187e-01
    1.6310000000e+05    1.9718633131e-01
    1.6320000000e+05    1.7769430263e-01
    1.6330000000e+05    1.7259209903e-01
    1.6340000000e+05    1.1111917646e-01
    1.6350000000e+05    1.3086993935e-01
    1.6360000000e+05    1.7640331827e-01
    1.6370000000e+05    1.6472275469e-01
    1.6380000000e+05    1.3567987235e-01
    1.6390000000e+05    1.5610217723e-01
    1.6400000000e+05    1.0201842893e-01
    1.6410000000e+05    1.1220520316e-01
    1.6420000000e+05    1.2597626004e-01
    1.6430000000e+05    1.1348555240e-01
    1.6440000000e+05    1.3979834387e-01
    1.6450000000e+05    1.8238963661e-01
    1.6460000000e+05    1.8794365894e-01
    1.6470000000e+05    1.5922205054e-01
    1.6480000000e+05    1.3895629368e-01
    1.6490000000e+05    1.1746847086e-01
    1.6500000000e+05    1.2477097554e-01
    1.6510000000e+05    1.3207092062e-01
    1.6520000000e+05    1.3382657326e-01
    1.6530000000e+05    1.4320935863e-01
    1.6540000000e+05    1.2976054171e-01
    1.6550000000e+05    1.4770032931e-01
    1.6560000000e+05    1.3358231885e-01
    1.6570000000e+05    1.3075768515e-01
    1.6580000000e+05    1.0324178070e-01
    1.6590000000e+05    1.0039057524e-01
    1.6600000000e+05    1.4840820648e-01
    1.6610000000e+05    1.4063471673e-01
    1.6620000000e+05    1.3805845010e-01
    1.6630000000e+05    1.3061597995e-01
    1.6640000000e+05    1.9203347791e-01
    1.6650000000e+05    1.6799163967e-01
    1.6660000000e+05    1.8790674884e-01
    1.6670000000e+05    1.5071935321e-01
    1.6680000000e+05    1.2637140456e-01
    1.6690000000e+05    1.1353594211e-01
    1.6700000000e+05    1.1751900641e-01
    1.6710000000e+05    1.1605882458e-01
    1.6720000000e+05    1.6347012559e-01
    1.6730000000e+05    1.2644201318e-01
    1.6740000000e+05    1.3452770817e-01
    1.6750000000e+05    1.2636814479e-01
    1.6760000000e+05    1.6910112464e-01
    1.6770000000e+05    1.9027984972e-01
    1.6780000000e+05    1.1839355194e-01
    1.6790000000e+05    1.1399352375e-01
    1.6800000000e+05    1.9113373535e-01
    1.6810000000e+05    1.7567834616e-01
    1.6820000000e+05    1.8890469325e-01
    1.6830000000e+05    1.4180044779e-01
    1.6840000000e+05    1.2395755110e-01
    1.6850000000e+05    1.2391001311e-01
    1.6860000000e+05    1.9698037376e-01
    1.6870000000e+05    1.5473245833e-01
    1.6880000000e+05    1.5872711161e-01
    1.6890000000e+05    1.2461488762e-01
    1.6900000000e+05    1.2520675372e-01
    1.6910000000e+05    1.3027916459e-01
    1.6920000000e+05    1.5276376956e-01
    1.6930000000e+05    1.4978479992e-01
    1.6940000000e+05    1.6058011018e-01
    1.6950000000e+05    1.1399836878e-01
    1.6960000000e+05    1.1517512729e-01
    1.6970000000e+05    1.1366284156e-01
    1.6980000000e+05    1.1709681915e-01
    1.6990000000e+05    1.0014275870e-01
    1.7000000000e+05    1.0480826941e-01
    1.7010000000e+05    1.1848797478e-01
    1.7020000000e+05    1.1826201010e-01
    1.7030000000e+05    1.4332365205e-01
    1.7040000000e+05    1.1928428686e-01
    1.7050000000e+05    1.7216948109e-01
    1.7060000000e+05    1.2958572973e-01
    1.7070000000e+05    9.6367469194e-02
    1.7080000000e+05    1.2944102546e-01
    1.7090000000e+05    1.3010091931e-01
    1.7100000000e+05    1.0061740717e-01
    1.7110000000e+05    1.1606130549e-01
    1.7120000000e+05    1.1553668123e-01
    1.7130000000e+05    1.3559014723e-01
    1.7140000000e+05    1.3894108665e-01
    1.7150000000e+05    1.1478525772e-01
    1.7160000000e+05    1.2776480810e-01
    1.7170000000e+05    1.2159758448e-01
    1.7180000000e+05    1.5797805514e-01
    1.7190000000e+05    1.1750521540e-01
    1.7200000000e+05    1.0751079216e-01
    1.7210000000e+05    1.0448410404e-01
    1.7220000000e+05    1.2587593344e-01
    1.7230000000e+05    1.4433737413e-01
    1.7240000000e+05    1.3695911952e-01
    1.7250000000e+05    1.4465331995e-01
    1.7260000000e+05    1.4671500255e-01
    1.7270000000e+05    1.5853220098e-01
    1.7280000000e+05    1.4259168341e-01
    1.7290000000e+05    1.1843807861e-01
    1.7300000000e+05    1.1175770565e-01
    1.7310000000e+05    1.1998937928e-01
    1.7320000000e+05    1.4844222809e-01
    1.7330000000e+05    1.5292179022e-01
    1.7340000000e+05    1.0207039236e-01
    1.7350000000e+05    1.0962568019e-01
    1.7360000000e+05    1.0970920068e-01
    1.7370000000e+05    1.1970360223e-01
    1.7380000000e+05    1.4633483016e-01
    1.7390000000e+05    1.4185941430e-01
    1.7400000000e+05    1.1919583092e-01
    1.7410000000e+05    1.5493647742e-01
    1.7420000000e+05    1.3124521827e-01
    1.7430000000e+05    1.1462162632e-01
    1.7440000000e+05    1.3646410878e-01
    1.7450000000e+05    1.2493089960e-01
    1.7460000000e+05    1.1665499067e-01
    1.7470000000e+05    1.4338330285e-01
    1.7480000000e+05    1.8176839744e-01
    1.7490000000e+05    1.3714402818e-01
    1.7500000000e+05    1.3466479465e-01
    1.7510000000e+05    1.0667091951e-01
    1.7520000000e+05    1.1501002816e-01
    1.7530000000e+05    1.2551578063e-01
    1.7540000000e+05    1.2342935069e-01
    1.7550000000e+05    1.3055648705e-01
    1.7560000000e+05    1.5168013817e-01
    1.7570000000e+05    1.4668186454e-01
    1.7580000000e+05    1.3984249307e-01
    1.7590000000e+05    1.5761132768e-01
    1.7600000000e+05    1.4049110302e-01
    1.7610000000e+05    1.2985215118e-01
    1.7620000000e+05    1.1720431579e-01
    1.7630000000e+05    1.3040678792e-01
    1.7640000000e+05    1.6483000222e-01
    1.7650000000e+05    1.5667864842e-01
    1.7660000000e+05    1.7736089854e-01
    1.7670000000e+05    1.9214836219e-01
    1.7680000000e+05    1.3845656552e-01
    1.7690000000e+05    1.1244400566e-01
    1.7700000000e+05    9.9002562875e-02
    1.7710000000e+05    1.2377162520e-01
    1.7720000000e+05    1.7110255422e-01
    1.7730000000e+05    1.7285887467e-01
    1.7740000000e+05    1.3889772543e-01
    1.7750000000e+05    1.0506039285e-01
    1.7760000000e+05    9.7936699493e-02
    1.7770000000e+05    1.3451941893e-01
    1.7780000000e+05    1.0962911970e-01
    1.7790000000e+05    1.9301455729e-01
    1.7800000000e+05    1.4168714073e-01
    1.7810000000e+05    1.2623596478e-01
    1.7820000000e+05    1.4502722813e-01
    1.7830000000e+05    1.4243663962e-01
    1.7840000000e+05    1.3479099582e-01
    1.7850000000e+05    1.1067561966e-01
    1.7860000000e+05    1.1611154610e-01
    1.7870000000e+05    1.3456508264e-01
    1.7880000000e+05    1.3975623973e-01
    1.7890000000e+05    1.3196730306e-01
    1.7900000000e+05    1.1074520945e-01
    1.7910000000e+05    1.2671840064e-01
    1.7920000000e+05    1.2226694037e-01
    1.7930000000e+05    1.7385092937e-01
    1.7940000000e+05    1.5659791923e-01
    1.7950000000e+05    1.7264260110e-01
    1.7960000000e+05    1.1889833246e-01
    1.7970000000e+05    1.0767594998e-01
    1.7980000000e+05    1.2465899223e-01
    1.7990000000e+05    1.6100092147e-01
    1.8000000000e+05    1.3924470457e-01
    1.8010000000e+05    1.5916701110e-01
    1.8020000000e+05    1.7333945495e-01
    1.8030000000e+05    1.6298917441e-01
    1.8040000000e+05    1.5221470812e-01
    1.8050000000e+05    1.6378982004e-01
    1.8060000000e+05    1.4275006366e-01
    1.8070000000e+05    1.3729612329e-01
    1.8080000000e+05    1.5551232633e-01
    1.8090000000e+05    1.7485948734e-01
    1.8100000000e+05    1.7440176382e-01
    1.8110000000e+05    1.7965815271e-01
    1.8120000000e+05    1.7464544791e-01
    1.8130000000e+05    1.7675569753e-01
    1.8140000000e+05    1.4542249300e-01
    1.8150000000e+05    1.5309588274e-01
    1.8160000000e+05    1.9441592172e-01
    1.8170000000e+05    1.6717045617e-01
    1.8180000000e+05    1.4140123228e-01
    1.8190000000e+05    1.4379361619e-01
    1.8200000000e+05    1.6314088118e-01
    1.8210000000e+05    2.1620574650e-01
    1.8220000000e+05    1.6573948057e-01
    1.8230000000e+05    1.7171974294e-01
    1.8240000000e+05    1.6170144226e-01
    1.8250000000e+05    1.5265685160e-01
    1.8260000000e+05    1.3899334808e-01
    1.8270000000e+05    1.3246844990e-01
    1.8280000000e+05    1.4892358349e-01
    1.8290000000e+05    2.0514320363e-01
    1.8300000000e+05    1.6436560468e-01
    1.8310000000e+05    1.3225003714e-01
    1.8320000000e+05    1.5219714545e-01
    1.8330000000e+05    1.2437702474e-01
    1.8340000000e+05    1.3826426056e-01
    1.8350000000e+05    1.7282531406e-01
    1.8360000000e+05    1.9255056092e-01
    1.8370000000e+05    1.7690118657e-01
    1.8380000000e+05    1.5025351466e-01
    1.8390000000e+05    1.3958339598e-01
    1.8400000000e+05    1.3816500809e-01
    1.8410000000e+05    1.2659468838e-01
    1.8420000000e+05    1.5235132375e-01
    1.8430000000e+05    1.6959412812e-01
    1.8440000000e+05    1.3046662273e-01
    1.8450000000e+05    1.5371096568e-01
    1.8460000000e+05    1.6829655648e-01
    1.8470000000e+05    1.3602827182e-01
    1.8480000000e+05    1.7867957624e-01
    1.8490000000e+05    1.3516397440e-01
    1.8500000000e+05    1.5106695608e-01
    1.8510000000e+05    1.7646330098e-01
    1.8520000000e+05    1.4083801029e-01
    1.8530000000e+05    1.4737360049e-01
    1.8540000000e+05    1.3723966852e-01
    1.8550000000e+05    1.1869311426e-01
    1.8560000000e+05    1.2338170559e-01
    1.8570000000e+05    1.1206484723e-01
    1.8580000000e+05    1.3983758298e-01
    1.8590000000e+05    1.5293248500e-01
    1.8600000000e+05    1.2413081827e-01
    1.8610000000e+05    1.6416340467e-01
    1.8620000000e+05    1.4386471481e-01
    1.8630000000e+05    1.1361050758e-01
    1.8640000000e+05    1.1762721612e-01
    1.8650000000e+05    1.3516445744e-01
    1.8660000000e+05    1.4280480826e-01
    1.8670000000e+05    1.4058205414e-01
    1.8680000000e+05    1.5458355315e-01
    1.8690000000e+05    1.2834572535e-01
    1.8700000000e+05    1.4029403968e-01
    1.8710000000e+05    9.3946080220e-02
    1.8720000000e+05    1.3121096325e-01
    1.8730000000e+05    1.2169851772e-01
    1.8740000000e+05    1.6193443562e-01
    1.8750000000e+05    1.2379676756e-01
    1.8760000000e+05    1.1080999499e-01
    1.8770000000e+05    1.3736892498e-01
    1.8780000000e+05    1.4875226116e-01
    1.8790000000e+05    1.2592147083e-01
    1.8800000000e+05    1.1970662777e-01
    1.8810000000e+05    1.1514039806e-01
    1.8820000000e+05    1.1399188121e-01
    1.8830000000e+05    1.0098684181e-01
    1.8840000000e+05    1.1269176619e-01
    1.8850000000e+05    1.1127695419e-01
    1.8860000000e+05    1.2189234024e-01
    1.8870000000e+05    1.2692355857e-01
    1.8880000000e+05    1.1517147412e-01
    1.8890000000e+05    1.0735196645e-01
    1.8900000000e+05    1.1585100959e-01
    1.8910000000e+05    1.1934682467e-01
    1.8920000000e+05    9.9173260900e-02
    1.8930000000e+05    1.4050621602e-01
    1.8940000000e+05    1.3229195490e-01
    1.8950000000e+05    2.0452775512e-01
    1.8960000000e+05    1.4565692665e-01
    1.8970000000e+05    1.2594470726e-01
    1.8980000000e+05    1.4695147552e-01
    1.8990000000e+05    1.2543446548e-01
    1.9000000000e+05    1.1188289950e-01
    1.9010000000e+05    1.1620663900e-01
    1.9020000000e+05    1.0846786183e-01
    1.9030000000e+05    1.2402778823e-01
    1.9040000000e+05    1.5079862345e-01
    1.9050000000e+05    1.4189134920e-01
    1.9060000000e+05    1.3199507011e-01
    1.9070000000e+05    1.2303082220e-01
    1.9080000000e+05    1.7460870667e-01
    1.9090000000e+05    1.2176577476e-01
    1.9100000000e+05    1.4127803930e-01
    1.9110000000e+05    1.4387730587e-01
    1.9120000000e+05    1.3574165607e-01
    1.9130000000e+05    1.0775977171e-01
    1.9140000000e+05    1.2957275949e-01
    1.9150000000e+05    1.3705696760e-01
    1.9160000000e+05    1.1420886577e-01
    1.9170000000e+05    1.9804321324e-01
    1.9180000000e+05    1.7983273970e-01
    1.9190000000e+05    1.7478635427e-01
    1.9200000000e+05    1.6634262373e-01
    1.9210000000e+05    1.4958101419e-01
    1.9220000000e+05    1.2323451957e-01
    1.9230000000e+05    1.2122929470e-01
    1.9240000000e+05    1.3395151946e-01
    1.9250000000e+05    1.1095428678e-01
    1.9260000000e+05    1.5116985176e-01
    1.9270000000e+05    1.2010640161e-01
    1.9280000000e+05    1.1770189696e-01
    1.9290000000e+05    1.2115774227e-01
    1.9300000000e+05    1.3395936177e-01
    1.9310000000e+05    1.5073856174e-01
    1.9320000000e+05    1.6904132407e-01
    1.9330000000e+05    1.7596246774e-01
    1.9340000000e+05    1.6993479389e-01
    1.9350000000e+05    1.4139045890e-01
    1.9360000000e+05    1.0924357169e-01
    1.9370000000e+05    1.3767542970e-01
    1.9380000000e+05    1.1796340260e-01
    1.9390000000e+05    1.6777650432e-01
    1.9400000000e+05    1.1541379638e-01
    1.9410000000e+05    1.4876794925e-01
    1.9420000000e+05    1.1082931599e-01
    1.9430000000e+05    1.2073966903e-01
    1.9440000000e+05    1.2189944219e-01
    1.9450000000e+05    1.4345024358e-01
    1.9460000000e+05    1.1908691699e-01
    1.9470000000e+05    1.1329480001e-01
    1.9480000000e+05    1.1305393833e-01
    1.9490000000e+05    1.2896469270e-01
    1.9500000000e+05    1.4880969807e-01
    1.9510000000e+05    1.4595706904e-01
    1.9520000000e+05    1.3704542516e-01
    1.9530000000e+05    1.4662431190e-01
    1.9540000000e+05    1.5941907718e-01
    1.9550000000e+05    1.6784612943e-01
    1.9560000000e+05    1.1384692353e-01
    1.9570000000e+05    1.3866172499e-01
    1.9580000000e+05    1.8663765391e-01
    1.9590000000e+05    1.6027252322e-01
    1.9600000000e+05    1.7245433814e-01
    1.9610000000e+05    1.3628167500e-01
    1.9620000000e+05    1.0751808896e-01
    1.9630000000e+05    1.1497473710e-01
    1.9640000000e+05    1.7233825881e-01
    1.9650000000e+05    1.5696793758e-01
    1.9660000000e+05    1.6135991085e-01
    1.9670000000e+05    1.3895836062e-01
    1.9680000000e+05    1.1413083751e-01
    1.9690000000e+05    1.1827761681e-01
    1.9700000000e+05    1.4531012626e-01
    1.9710000000e+05    1.5537862649e-01
    1.9720000000e+05    1.1797998009e-01
    1.9730000000e+05    1.2388357891e-01
    1.9740000000e+05    1.3569915297e-01
    1.9750000000e+05    1.5306740093e-01
    1.9760000000e+05    1.5534153227e-01
    1.9770000000e+05    1.4741276003e-01
    1.9780000000e+05    1.4248466606e-01
    1.9790000000e+05    1.4054375053e-01
    1.9800000000e+05    1.8860180964e-01
    1.9810000000e+05    1.4679449461e-01
    1.9820000000e+05    1.9061116855e-01
    1.9830000000e+05    1.5247722224e-01
    1.9840000000e+05    1.5858126261e-01
    1.9850000000e+05    1.5387218110e-01
    1.9860000000e+05    1.3948596262e-01
    1.9870000000e+05    1.4946937178e-01
    1.9880000000e+05    1.4201306496e-01
    1.9890000000e+05    1.2287721807e-01
    1.9900000000e+05    1.2244754389e-01
    1.9910000000e+05    1.5925006845e-01
    1.9920000000e+05    1.6281107244e-01
    1.9930000000e+05    1.6807511900e-01
    1.9940000000e+05    2.2407497704e-01
    1.9950000000e+05    1.4317553040e-01
    1.9960000000e+05    1.5783713523e-01
    1.9970000000e+05    1.2728713954e-01
    1.9980000000e+05    1.4801250912e-01
    1.9990000000e+05    1.5169005883e-01
    2.0000000000e+05    1.4537739143e-01
