    7.5000000000e+01    2.0266731507e-01
    1.5000000000e+02    1.9707967417e-01
    2.2500000000e+02    2.1528511893e-01
    3.0000000000e+02    1.1876417090e-01
    3.7500000000e+02    1.6550739382e-01
    4.5000000000e+02    2.9228655349e-01
    5.2500000000e+02    1.9452575522e-01
    6.0000000000e+02    2.0844687201e-01
    6.7500000000e+02    2.6698941414e-01
    7.5000000000e+02    2.1021942470e-01
    8.2500000000e+02    1.7302585921e-01
    9.0000000000e+02    1.9671631526e-01
    9.7500000000e+02    1.7574138884e-01
    1.0500000000e+03    1.1125891936e-01
    1.1250000000e+03    1.6960144615e-01
    1.2000000000e+03    1.3959727482e-01
    1.2750000000e+03    1.5961818766e-01
    1.3500000000e+03    1.5992915118e-01
    1.4250000000e+03    9.9894817598e-02
    1.5000000000e+03    1.0509430804e-01
    1.5750000000e+03    1.5306480910e-01
    1.6500000000e+03    8.6291358568e-02
    1.7250000000e+03    9.8724359865e-02
    1.8000000000e+03    1.0673019567e-01
    1.8750000000e+03    9.3543804599e-02
    1.9500000000e+03    8.8032371153e-02
    2.0250000000e+03    8.3987662843e-02
    2.1000000000e+03    1.1290071586e-01
    2.1750000000e+03    1.2964785235e-01
    2.2500000000e+03    8.5686391210e-02
    2.3250000000e+03    1.0943086393e-01
    2.4000000000e+03    8.2393185855e-02
    2.4750000000e+03    8.9142763269e-02
    2.5500000000e+03    1.0705100324e-01
    2.6250000000e+03    1.2097833537e-01
    2.7000000000e+03    1.8055429468e-01
    2.7750000000e+03    1.7273745897e-01
    2.8500000000e+03    1.6769012762e-01
    2.9250000000e+03    2.4169722212e-01
    3.0000000000e+03    2.3105097699e-01
    3.0750000000e+03    1.8545915769e-01
    3.1500000000e+03    8.8211175822e-02
    3.2250000000e+03    9.1783406177e-02
    3.3000000000e+03    9.6656633186e-02
    3.3750000000e+03    8.2327060673e-02
    3.4500000000e+03    1.0152600025e-01
    3.5250000000e+03    1.3821299164e-01
    3.6000000000e+03    1.4502643477e-01
    3.6750000000e+03    9.0808981218e-02
    3.7500000000e+03    1.3587431361e-01
    3.8250000000e+03    1.2584256501e-01
    3.9000000000e+03    2.2691782763e-01
    3.9750000000e+03    2.7837578074e-01
    4.0500000000e+03    2.3499705137e-01
    4.1250000000e+03    1.2156753620e-01
    4.2000000000e+03    1.0868362756e-01
    4.2750000000e+03    1.1261770063e-01
    4.3500000000e+03    1.2011785842e-01
    4.4250000000e+03    1.2531533857e-01
    4.5000000000e+03    9.4937997717e-02
    4.5750000000e+03    1.4198862930e-01
    4.6500000000e+03    1.0391318393e-01
    4.7250000000e+03    1.3318307026e-01
    4.8000000000e+03    1.2674684250e-01
    4.8750000000e+03    1.2517128438e-01
    4.9500000000e+03    1.6555884281e-01
    5.0250000000e+03    1.5050583517e-01
    5.1000000000e+03    1.2598907406e-01
    5.1750000000e+03    1.0970769468e-01
    5.2500000000e+03    9.3856154864e-02
    5.3250000000e+03    9.8721081089e-02
    5.4000000000e+03    9.2988073096e-02
    5.4750000000e+03    8.3928940085e-02
    5.5500000000e+03    1.3842952634e-01
    5.6250000000e+03    1.1504398379e-01
    5.7000000000e+03    1.1143364568e-01
    5.7750000000e+03    7.7070563328e-02
    5.8500000000e+03    1.7739426202e-01
    5.9250000000e+03    3.0697731819e-01
    6.0000000000e+03    1.5629868173e-01
    6.0750000000e+03    1.0819710051e-01
    6.1500000000e+03    8.6168685580e-02
    6.2250000000e+03    1.3045325609e-01
    6.3000000000e+03    1.0514820878e-01
    6.3750000000e+03    1.0384998293e-01
    6.4500000000e+03    1.3935749856e-01
    6.5250000000e+03    1.1012936777e-01
    6.6000000000e+03    1.1864782491e-01
    6.6750000000e+03    1.2922822674e-01
    6.7500000000e+03    8.4577834008e-02
    6.8250000000e+03    1.9236812398e-01
    6.9000000000e+03    1.2806797754e-01
    6.9750000000e+03    1.5142344425e-01
    7.0500000000e+03    1.2694034677e-01
    7.1250000000e+03    1.1223176373e-01
    7.2000000000e+03    1.2710622665e-01
    7.2750000000e+03    8.6856826897e-02
    7.3500000000e+03    7.8841165240e-02
    7.4250000000e+03    8.3400687005e-02
    7.5000000000e+03    1.3471875602e-01
    7.5750000000e+03    1.0533477230e-01
    7.6500000000e+03    9.7144751946e-02
    7.7250000000e+03    8.5763829662e-02
    7.8000000000e+03    1.3595309497e-01
    7.8750000000e+03    9.3384159932e-02
    7.9500000000e+03    1.5383173865e-01
    8.0250000000e+03    1.0737347123e-01
    8.1000000000e+03    1.2207603300e-01
    8.1750000000e+03    2.0881298877e-01
    8.2500000000e+03    2.9789143547e-01
    8.3250000000e+03    1.5496182763e-01
    8.4000000000e+03    1.4044077735e-01
    8.4750000000e+03    1.0879599379e-01
    8.5500000000e+03    1.3981362735e-01
    8.6250000000e+03    1.6173388867e-01
    8.7000000000e+03    1.1665405728e-01
    8.7750000000e+03    8.3911963471e-02
    8.8500000000e+03    7.8284614481e-02
    8.9250000000e+03    1.2231016408e-01
    9.0000000000e+03    1.6245639918e-01
    9.0750000000e+03    1.4720109494e-01
    9.1500000000e+03    1.5962102656e-01
    9.2250000000e+03    1.6121729898e-01
    9.3000000000e+03    1.2358232938e-01
    9.3750000000e+03    9.2928827508e-02
    9.4500000000e+03    1.9631647883e-01
    9.5250000000e+03    1.2980683480e-01
    9.6000000000e+03    1.1372286728e-01
    9.6750000000e+03    9.8066571685e-02
    9.7500000000e+03    1.4908883010e-01
    9.8250000000e+03    1.1586295394e-01
    9.9000000000e+03    1.1836495845e-01
    9.9750000000e+03    1.1167158243e-01
    1.0050000000e+04    1.5980630132e-01
    1.0125000000e+04    1.4272128711e-01
    1.0200000000e+04    2.3714628698e-01
    1.0275000000e+04    1.3222008513e-01
    1.0350000000e+04    1.5482957481e-01
    1.0425000000e+04    9.5559516373e-02
    1.0500000000e+04    8.2249480091e-02
    1.0575000000e+04    7.8998368013e-02
    1.0650000000e+04    1.1206031587e-01
    1.0725000000e+04    1.3807902353e-01
    1.0800000000e+04    1.2525914594e-01
    1.0875000000e+04    9.7796962599e-02
    1.0950000000e+04    1.4479337721e-01
    1.1025000000e+04    8.2742869970e-02
    1.1100000000e+04    7.8291524238e-02
    1.1175000000e+04    1.4459676553e-01
    1.1250000000e+04    1.3841617664e-01
    1.1325000000e+04    2.5187615980e-01
    1.1400000000e+04    1.9695073770e-01
    1.1475000000e+04    1.5121542274e-01
    1.1550000000e+04    1.7095214133e-01
    1.1625000000e+04    3.6507640056e-01
    1.1700000000e+04    1.2084034988e-01
    1.1775000000e+04    1.8395591960e-01
    1.1850000000e+04    3.3341813113e-01
    1.1925000000e+04    2.2957827391e-01
    1.2000000000e+04    9.8996541564e-02
    1.2075000000e+04    8.3847005539e-02
    1.2150000000e+04    1.1166650500e-01
    1.2225000000e+04    8.2900592552e-02
    1.2300000000e+04    7.9410541699e-02
    1.2375000000e+04    9.9533024828e-02
    1.2450000000e+04    9.1176545142e-02
    1.2525000000e+04    1.1496078035e-01
    1.2600000000e+04    1.0660576983e-01
    1.2675000000e+04    1.2515537561e-01
    1.2750000000e+04    1.5937229977e-01
    1.2825000000e+04    1.9198110459e-01
    1.2900000000e+04    1.2728459883e-01
    1.2975000000e+04    1.0200886246e-01
    1.3050000000e+04    1.3043086547e-01
    1.3125000000e+04    1.8746082242e-01
    1.3200000000e+04    1.1815632761e-01
    1.3275000000e+04    8.1683053875e-02
    1.3350000000e+04    1.1753549346e-01
    1.3425000000e+04    8.5971424390e-02
    1.3500000000e+04    1.3086836272e-01
    1.3575000000e+04    1.6173428057e-01
    1.3650000000e+04    8.1625959779e-02
    1.3725000000e+04    1.5951037525e-01
    1.3800000000e+04    9.2006993550e-02
    1.3875000000e+04    8.4578035599e-02
    1.3950000000e+04    9.7616299891e-02
    1.4025000000e+04    1.1791152738e-01
    1.4100000000e+04    1.1822102157e-01
    1.4175000000e+04    1.5555577750e-01
    1.4250000000e+04    1.4345864027e-01
    1.4325000000e+04    1.0209433076e-01
    1.4400000000e+04    1.0280583767e-01
    1.4475000000e+04    1.0272223605e-01
    1.4550000000e+04    1.0299139699e-01
    1.4625000000e+04    1.3956338217e-01
    1.4700000000e+04    1.4414606575e-01
    1.4775000000e+04    1.2082658583e-01
    1.4850000000e+04    1.4552565456e-01
    1.4925000000e+04    1.9131688716e-01
    1.5000000000e+04    1.3260186347e-01
    1.5075000000e+04    1.7416883286e-01
    1.5150000000e+04    1.0831335352e-01
    1.5225000000e+04    9.7826616024e-02
    1.5300000000e+04    1.0098201499e-01
    1.5375000000e+04    1.0635575625e-01
    1.5450000000e+04    9.4132601237e-02
    1.5525000000e+04    1.0412895410e-01
    1.5600000000e+04    9.6098914227e-02
    1.5675000000e+04    7.9517883784e-02
    1.5750000000e+04    1.3820590756e-01
    1.5825000000e+04    1.4405648091e-01
    1.5900000000e+04    9.9895853080e-02
    1.5975000000e+04    1.0439995227e-01
    1.6050000000e+04    9.3335300531e-02
    1.6125000000e+04    1.2021698516e-01
    1.6200000000e+04    1.2877886013e-01
    1.6275000000e+04    1.8086565975e-01
    1.6350000000e+04    3.2528518944e-01
    1.6425000000e+04    4.0288665391e-01
    1.6500000000e+04    2.1186188890e-01
    1.6575000000e+04    1.9177975880e-01
    1.6650000000e+04    3.8309316212e-01
    1.6725000000e+04    1.4088584514e-01
    1.6800000000e+04    1.1682382286e-01
    1.6875000000e+04    1.4626168993e-01
    1.6950000000e+04    9.6415294140e-02
    1.7025000000e+04    1.4565305812e-01
    1.7100000000e+04    1.4511003446e-01
    1.7175000000e+04    1.9424933371e-01
    1.7250000000e+04    1.3684140947e-01
    1.7325000000e+04    1.0500256144e-01
    1.7400000000e+04    1.1623304442e-01
    1.7475000000e+04    1.2010294946e-01
    1.7550000000e+04    1.2932815691e-01
    1.7625000000e+04    1.4675358103e-01
    1.7700000000e+04    1.4271531064e-01
    1.7775000000e+04    2.0139757706e-01
    1.7850000000e+04    1.5881884282e-01
    1.7925000000e+04    1.0731793833e-01
    1.8000000000e+04    1.5754642914e-01
    1.8075000000e+04    9.8523117842e-02
    1.8150000000e+04    1.0661753236e-01
    1.8225000000e+04    9.5412208245e-02
    1.8300000000e+04    9.2948383670e-02
    1.8375000000e+04    8.9924974637e-02
    1.8450000000e+04    1.0276829475e-01
    1.8525000000e+04    1.1694509410e-01
    1.8600000000e+04    1.0860731562e-01
    1.8675000000e+04    1.0373558062e-01
    1.8750000000e+04    1.3556051677e-01
    1.8825000000e+04    1.4009870536e-01
    1.8900000000e+04    2.0086567715e-01
    1.8975000000e+04    1.4212802140e-01
    1.9050000000e+04    1.4895586737e-01
    1.9125000000e+04    1.0718103138e-01
    1.9200000000e+04    1.2599572386e-01
    1.9275000000e+04    8.0708111930e-02
    1.9350000000e+04    9.6237380661e-02
    1.9425000000e+04    1.0642864718e-01
    1.9500000000e+04    1.8656083563e-01
    1.9575000000e+04    1.1957423110e-01
    1.9650000000e+04    2.4709554535e-01
    1.9725000000e+04    3.4728941614e-01
    1.9800000000e+04    2.1109840693e-01
    1.9875000000e+04    2.8648103692e-01
    1.9950000000e+04    3.7808666159e-01
    2.0025000000e+04    2.8858543386e-01
    2.0100000000e+04    2.0157509916e-01
    2.0175000000e+04    9.9691691765e-02
    2.0250000000e+04    1.5244964991e-01
    2.0325000000e+04    9.9377916847e-02
    2.0400000000e+04    9.9100074933e-02
    2.0475000000e+04    1.0169652280e-01
    2.0550000000e+04    1.3928605489e-01
    2.0625000000e+04    1.6866014622e-01
    2.0700000000e+04    1.7642295859e-01
    2.0775000000e+04    1.6984402985e-01
    2.0850000000e+04    1.3037299492e-01
    2.0925000000e+04    1.0681449150e-01
    2.1000000000e+04    1.9644803182e-01
    2.1075000000e+04    1.5629491320e-01
    2.1150000000e+04    1.0711135746e-01
    2.1225000000e+04    1.1049963680e-01
    2.1300000000e+04    8.8049320702e-02
    2.1375000000e+04    1.2269048468e-01
    2.1450000000e+04    1.4907733956e-01
    2.1525000000e+04    1.3605480836e-01
    2.1600000000e+04    1.1693061840e-01
    2.1675000000e+04    1.0657640320e-01
    2.1750000000e+04    1.3754198187e-01
    2.1825000000e+04    1.1427412610e-01
    2.1900000000e+04    1.0766674239e-01
    2.1975000000e+04    1.2457590490e-01
    2.2050000000e+04    1.3760758445e-01
    2.2125000000e+04    1.4247176522e-01
    2.2200000000e+04    1.6238313873e-01
    2.2275000000e+04    9.9442920640e-02
    2.2350000000e+04    1.2565081478e-01
    2.2425000000e+04    1.3036160870e-01
    2.2500000000e+04    9.7004913829e-02
    2.2575000000e+04    8.4520064472e-02
    2.2650000000e+04    9.3687670278e-02
    2.2725000000e+04    6.7135612781e-02
    2.2800000000e+04    1.0331508735e-01
    2.2875000000e+04    1.0443513446e-01
    2.2950000000e+04    9.8154462609e-02
    2.3025000000e+04    8.6427584352e-02
    2.3100000000e+04    1.0832503837e-01
    2.3175000000e+04    1.4793066950e-01
    2.3250000000e+04    1.6171651300e-01
    2.3325000000e+04    1.2828127980e-01
    2.3400000000e+04    1.2068336331e-01
    2.3475000000e+04    1.0459849045e-01
    2.3550000000e+04    1.1493295150e-01
    2.3625000000e+04    1.1049086019e-01
    2.3700000000e+04    9.7771106614e-02
    2.3775000000e+04    8.0033906299e-02
    2.3850000000e+04    8.3857528457e-02
    2.3925000000e+04    8.4363765747e-02
    2.4000000000e+04    6.4944407190e-02
    2.4075000000e+04    1.1801792476e-01
    2.4150000000e+04    1.0081102678e-01
    2.4225000000e+04    1.4084995280e-01
    2.4300000000e+04    1.6155908862e-01
    2.4375000000e+04    2.3087097926e-01
    2.4450000000e+04    1.1684957653e-01
    2.4525000000e+04    1.0096910754e-01
    2.4600000000e+04    1.2196970584e-01
    2.4675000000e+04    1.3290188815e-01
    2.4750000000e+04    1.3151342311e-01
    2.4825000000e+04    1.2220275668e-01
    2.4900000000e+04    1.2396995859e-01
    2.4975000000e+04    1.0436808371e-01
    2.5050000000e+04    1.6093970679e-01
    2.5125000000e+04    1.4693399789e-01
    2.5200000000e+04    1.3808337111e-01
    2.5275000000e+04    9.1718263355e-02
    2.5350000000e+04    9.6896059580e-02
    2.5425000000e+04    1.0618283191e-01
    2.5500000000e+04    1.0934426279e-01
    2.5575000000e+04    1.1038225948e-01
    2.5650000000e+04    1.2458839104e-01
    2.5725000000e+04    1.1769143253e-01
    2.5800000000e+04    1.1985180290e-01
    2.5875000000e+04    1.1037865964e-01
    2.5950000000e+04    1.2065224092e-01
    2.6025000000e+04    1.1409038368e-01
    2.6100000000e+04    1.0551814874e-01
    2.6175000000e+04    1.0639370698e-01
    2.6250000000e+04    2.3066670641e-01
    2.6325000000e+04    1.2753393913e-01
    2.6400000000e+04    1.4275978958e-01
    2.6475000000e+04    3.9826772740e-01
    2.6550000000e+04    3.1108999028e-01
    2.6625000000e+04    1.3689026540e-01
    2.6700000000e+04    1.2988579031e-01
    2.6775000000e+04    1.0012768811e-01
    2.6850000000e+04    8.8933595804e-02
    2.6925000000e+04    9.2912091270e-02
    2.7000000000e+04    1.6126015131e-01
    2.7075000000e+04    1.1561054136e-01
    2.7150000000e+04    1.2085555823e-01
    2.7225000000e+04    1.7117645925e-01
    2.7300000000e+04    1.1485860102e-01
    2.7375000000e+04    1.2810204338e-01
    2.7450000000e+04    1.3161721537e-01
    2.7525000000e+04    1.6676104730e-01
    2.7600000000e+04    9.6292971870e-02
    2.7675000000e+04    1.1569828978e-01
    2.7750000000e+04    9.6765832009e-02
    2.7825000000e+04    8.1099306594e-02
    2.7900000000e+04    8.5029239304e-02
    2.7975000000e+04    1.1203170944e-01
    2.8050000000e+04    1.2136315332e-01
    2.8125000000e+04    1.0017321883e-01
    2.8200000000e+04    1.1489531190e-01
    2.8275000000e+04    1.1729967536e-01
    2.8350000000e+04    1.0831323006e-01
    2.8425000000e+04    1.1023534126e-01
    2.8500000000e+04    1.0131033288e-01
    2.8575000000e+04    1.4226465822e-01
    2.8650000000e+04    1.5235022682e-01
    2.8725000000e+04    9.9231387892e-02
    2.8800000000e+04    9.4587768815e-02
    2.8875000000e+04    9.6451930209e-02
    2.8950000000e+04    8.1723473561e-02
    2.9025000000e+04    7.8397799641e-02
    2.9100000000e+04    8.1702794872e-02
    2.9175000000e+04    8.2182525408e-02
    2.9250000000e+04    7.1746812151e-02
    2.9325000000e+04    1.3346783789e-01
    2.9400000000e+04    1.3276289631e-01
    2.9475000000e+04    1.6675780821e-01
    2.9550000000e+04    1.3206482974e-01
    2.9625000000e+04    1.5119540603e-01
    2.9700000000e+04    1.1520219462e-01
    2.9775000000e+04    7.8628181445e-02
    2.9850000000e+04    1.0166542036e-01
    2.9925000000e+04    1.2819186588e-01
    3.0000000000e+04    1.1100594757e-01
    3.0075000000e+04    8.6931623003e-02
    3.0150000000e+04    8.7987266974e-02
    3.0225000000e+04    1.2377976741e-01
    3.0300000000e+04    1.7970848942e-01
    3.0375000000e+04    1.4995653884e-01
    3.0450000000e+04    8.4977704623e-02
    3.0525000000e+04    1.1263523814e-01
    3.0600000000e+04    2.1415545749e-01
    3.0675000000e+04    3.2660679438e-01
    3.0750000000e+04    1.1892170145e-01
    3.0825000000e+04    1.0978617150e-01
    3.0900000000e+04    2.1635710537e-01
    3.0975000000e+04    1.8002369154e-01
    3.1050000000e+04    1.3327887963e-01
    3.1125000000e+04    1.8186704811e-01
    3.1200000000e+04    1.3229464709e-01
    3.1275000000e+04    9.5553719394e-02
    3.1350000000e+04    9.9932196896e-02
    3.1425000000e+04    1.0591357021e-01
    3.1500000000e+04    9.0502602339e-02
    3.1575000000e+04    1.1687861063e-01
    3.1650000000e+04    9.9640616911e-02
    3.1725000000e+04    8.7130690878e-02
    3.1800000000e+04    8.0951013096e-02
    3.1875000000e+04    9.6420365366e-02
    3.1950000000e+04    1.3256221352e-01
    3.2025000000e+04    9.9241062092e-02
    3.2100000000e+04    9.6896092367e-02
    3.2175000000e+04    8.6845553265e-02
    3.2250000000e+04    1.1033256447e-01
    3.2325000000e+04    9.3648533404e-02
    3.2400000000e+04    1.8452006770e-01
    3.2475000000e+04    1.4879295360e-01
    3.2550000000e+04    1.4459251759e-01
    3.2625000000e+04    1.0720658102e-01
    3.2700000000e+04    1.4153031800e-01
    3.2775000000e+04    1.1722077122e-01
    3.2850000000e+04    1.2250198383e-01
    3.2925000000e+04    1.1107630588e-01
    3.3000000000e+04    1.1338958503e-01
    3.3075000000e+04    1.0444585633e-01
    3.3150000000e+04    8.9307459397e-02
    3.3225000000e+04    1.1519975479e-01
    3.3300000000e+04    1.3378840469e-01
    3.3375000000e+04    8.7165008066e-02
    3.3450000000e+04    1.2265310588e-01
    3.3525000000e+04    1.2773725922e-01
    3.3600000000e+04    1.3367037649e-01
    3.3675000000e+04    1.0293287468e-01
    3.3750000000e+04    1.1863981099e-01
    3.3825000000e+04    1.1440238161e-01
    3.3900000000e+04    1.9923266403e-01
    3.3975000000e+04    1.7663711166e-01
    3.4050000000e+04    1.1477958212e-01
    3.4125000000e+04    1.3374919619e-01
    3.4200000000e+04    2.2756503817e-01
    3.4275000000e+04    1.0518226183e-01
    3.4350000000e+04    1.3707923311e-01
    3.4425000000e+04    1.1071588580e-01
    3.4500000000e+04    9.4324387445e-02
    3.4575000000e+04    6.8769147592e-02
    3.4650000000e+04    9.6034883029e-02
    3.4725000000e+04    1.9421209890e-01
    3.4800000000e+04    1.1559253585e-01
    3.4875000000e+04    1.1116927637e-01
    3.4950000000e+04    1.1723729059e-01
    3.5025000000e+04    1.2387934004e-01
    3.5100000000e+04    1.0006247520e-01
    3.5175000000e+04    1.4280109311e-01
    3.5250000000e+04    9.0889705213e-02
    3.5325000000e+04    9.7181210481e-02
    3.5400000000e+04    1.3703212180e-01
    3.5475000000e+04    9.1637601023e-02
    3.5550000000e+04    2.7174079107e-01
    3.5625000000e+04    1.1406014771e-01
    3.5700000000e+04    1.4155378935e-01
    3.5775000000e+04    1.3413895731e-01
    3.5850000000e+04    1.4106317714e-01
    3.5925000000e+04    1.0655129558e-01
    3.6000000000e+04    1.3347226890e-01
    3.6075000000e+04    1.3700277614e-01
    3.6150000000e+04    1.2411222558e-01
    3.6225000000e+04    1.4272493745e-01
    3.6300000000e+04    1.3323279545e-01
    3.6375000000e+04    9.4810861902e-02
    3.6450000000e+04    1.2545474979e-01
    3.6525000000e+04    9.5798414132e-02
    3.6600000000e+04    9.7428895327e-02
    3.6675000000e+04    1.0842548455e-01
    3.6750000000e+04    1.1194227838e-01
    3.6825000000e+04    1.4655494127e-01
    3.6900000000e+04    1.6274216277e-01
    3.6975000000e+04    1.1109203314e-01
    3.7050000000e+04    1.4992494378e-01
    3.7125000000e+04    1.5236282823e-01
    3.7200000000e+04    1.4018888843e-01
    3.7275000000e+04    9.5727279037e-02
    3.7350000000e+04    1.2305405227e-01
    3.7425000000e+04    1.1397436149e-01
    3.7500000000e+04    1.2892972993e-01
    3.7575000000e+04    1.3885423624e-01
    3.7650000000e+04    1.2789508117e-01
    3.7725000000e+04    1.3525530538e-01
    3.7800000000e+04    1.4741943924e-01
    3.7875000000e+04    1.6894064175e-01
    3.7950000000e+04    9.5706989635e-02
    3.8025000000e+04    1.3688131258e-01
    3.8100000000e+04    1.3534652047e-01
    3.8175000000e+04    1.1024932141e-01
    3.8250000000e+04    1.5237335504e-01
    3.8325000000e+04    1.0049353165e-01
    3.8400000000e+04    9.7964072775e-02
    3.8475000000e+04    1.3119229568e-01
    3.8550000000e+04    1.2123842784e-01
    3.8625000000e+04    1.3559421168e-01
    3.8700000000e+04    1.0618115137e-01
    3.8775000000e+04    1.1963261001e-01
    3.8850000000e+04    1.1592902873e-01
    3.8925000000e+04    2.0494175877e-01
    3.9000000000e+04    1.0258071221e-01
    3.9075000000e+04    1.3303369082e-01
    3.9150000000e+04    1.4600314319e-01
    3.9225000000e+04    1.1234157569e-01
    3.9300000000e+04    1.3399221192e-01
    3.9375000000e+04    1.1584121265e-01
    3.9450000000e+04    1.0215902361e-01
    3.9525000000e+04    1.1344385929e-01
    3.9600000000e+04    1.0510369998e-01
    3.9675000000e+04    1.3368025762e-01
    3.9750000000e+04    1.0081737791e-01
    3.9825000000e+04    1.2582081439e-01
    3.9900000000e+04    1.1082856024e-01
    3.9975000000e+04    2.3824605068e-01
    4.0050000000e+04    9.0959432154e-02
    4.0125000000e+04    7.7559695478e-02
    4.0200000000e+04    9.9211672786e-02
    4.0275000000e+04    1.0519749424e-01
    4.0350000000e+04    1.1433799611e-01
    4.0425000000e+04    2.6251659995e-01
    4.0500000000e+04    3.0472671463e-01
    4.0575000000e+04    1.2649445027e-01
    4.0650000000e+04    9.0748070304e-02
    4.0725000000e+04    1.1149671025e-01
    4.0800000000e+04    9.4526427100e-02
    4.0875000000e+04    1.3593529529e-01
    4.0950000000e+04    9.5344117614e-02
    4.1025000000e+04    8.3573941271e-02
    4.1100000000e+04    9.9605796505e-02
    4.1175000000e+04    1.1961953128e-01
    4.1250000000e+04    9.7895138995e-02
    4.1325000000e+04    1.1691475008e-01
    4.1400000000e+04    1.0609093666e-01
    4.1475000000e+04    1.2233011309e-01
    4.1550000000e+04    9.9077015825e-02
    4.1625000000e+04    1.2118385899e-01
    4.1700000000e+04    1.4103440657e-01
    4.1775000000e+04    1.0632204421e-01
    4.1850000000e+04    9.4341594713e-02
    4.1925000000e+04    1.0435844914e-01
    4.2000000000e+04    1.2372326418e-01
    4.2075000000e+04    1.1997491452e-01
    4.2150000000e+04    1.0236789895e-01
    4.2225000000e+04    1.3396298239e-01
    4.2300000000e+04    1.1867271707e-01
    4.2375000000e+04    1.0694538540e-01
    4.2450000000e+04    1.2022651291e-01
    4.2525000000e+04    1.0408412005e-01
    4.2600000000e+04    9.7179631606e-02
    4.2675000000e+04    9.7770133066e-02
    4.2750000000e+04    1.3496017476e-01
    4.2825000000e+04    1.1900867916e-01
    4.2900000000e+04    1.4555614202e-01
    4.2975000000e+04    1.0022642306e-01
    4.3050000000e+04    1.1843575849e-01
    4.3125000000e+04    1.0163817169e-01
    4.3200000000e+04    9.5226447587e-02
    4.3275000000e+04    8.0416069001e-02
    4.3350000000e+04    9.4747200323e-02
    4.3425000000e+04    9.3964661788e-02
    4.3500000000e+04    1.1588969053e-01
    4.3575000000e+04    2.5798796357e-01
    4.3650000000e+04    1.2781390415e-01
    4.3725000000e+04    1.3707907944e-01
    4.3800000000e+04    1.0087215966e-01
    4.3875000000e+04    1.1581298331e-01
    4.3950000000e+04    1.0192314318e-01
    4.4025000000e+04    1.0036120625e-01
    4.4100000000e+04    9.7122746834e-02
    4.4175000000e+04    8.8858761494e-02
    4.4250000000e+04    1.1633391498e-01
    4.4325000000e+04    1.0108016770e-01
    4.4400000000e+04    1.0724340370e-01
    4.4475000000e+04    1.0310721110e-01
    4.4550000000e+04    9.7758015844e-02
    4.4625000000e+04    1.2439287238e-01
    4.4700000000e+04    1.5742017020e-01
    4.4775000000e+04    8.7194678659e-02
    4.4850000000e+04    1.0685623609e-01
    4.4925000000e+04    9.3415558581e-02
    4.5000000000e+04    1.0434738730e-01
    4.5075000000e+04    1.1671563410e-01
    4.5150000000e+04    1.1212361016e-01
    4.5225000000e+04    1.1471045070e-01
    4.5300000000e+04    1.3747824009e-01
    4.5375000000e+04    2.0903192570e-01
    4.5450000000e+04    1.9961646722e-01
    4.5525000000e+04    1.9475951215e-01
    4.5600000000e+04    2.5868970260e-01
    4.5675000000e+04    1.7721961004e-01
    4.5750000000e+04    1.3241437367e-01
    4.5825000000e+04    1.1357551479e-01
    4.5900000000e+04    1.4333865303e-01
    4.5975000000e+04    1.2585203570e-01
    4.6050000000e+04    8.6099782325e-02
    4.6125000000e+04    1.2856306882e-01
    4.6200000000e+04    1.2121168316e-01
    4.6275000000e+04    1.4674879542e-01
    4.6350000000e+04    8.6215281948e-02
    4.6425000000e+04    9.2520261934e-02
    4.6500000000e+04    9.0264151162e-02
    4.6575000000e+04    1.0453851332e-01
    4.6650000000e+04    1.3038003841e-01
    4.6725000000e+04    1.4885831778e-01
    4.6800000000e+04    1.2061019130e-01
    4.6875000000e+04    1.2506619618e-01
    4.6950000000e+04    1.4955619848e-01
    4.7025000000e+04    2.1097381916e-01
    4.7100000000e+04    1.3348256785e-01
    4.7175000000e+04    1.1063461902e-01
    4.7250000000e+04    1.2629359684e-01
    4.7325000000e+04    1.0431684136e-01
    4.7400000000e+04    1.3396521378e-01
    4.7475000000e+04    1.0372917654e-01
    4.7550000000e+04    1.1907000458e-01
    4.7625000000e+04    1.6912564342e-01
    4.7700000000e+04    1.1155199858e-01
    4.7775000000e+04    1.0885230782e-01
    4.7850000000e+04    1.5752168430e-01
    4.7925000000e+04    1.3364506097e-01
    4.8000000000e+04    1.2979250128e-01
    4.8075000000e+04    1.8563045092e-01
    4.8150000000e+04    1.0148192405e-01
    4.8225000000e+04    8.4897623956e-02
    4.8300000000e+04    1.2316815456e-01
    4.8375000000e+04    1.0481887520e-01
    4.8450000000e+04    1.3646150800e-01
    4.8525000000e+04    1.1126363765e-01
    4.8600000000e+04    1.1101672717e-01
    4.8675000000e+04    1.0200257451e-01
    4.8750000000e+04    1.0218672781e-01
    4.8825000000e+04    1.3611477793e-01
    4.8900000000e+04    1.1171628646e-01
    4.8975000000e+04    1.1805328569e-01
    4.9050000000e+04    1.1081045150e-01
    4.9125000000e+04    1.0707825160e-01
    4.9200000000e+04    1.0439474729e-01
    4.9275000000e+04    1.1536096026e-01
    4.9350000000e+04    1.1343552363e-01
    4.9425000000e+04    9.9526065262e-02
    4.9500000000e+04    1.0474295352e-01
    4.9575000000e+04    9.3357682629e-02
    4.9650000000e+04    9.2290636701e-02
    4.9725000000e+04    1.2172335849e-01
    4.9800000000e+04    1.4032828927e-01
    4.9875000000e+04    1.2952751358e-01
    4.9950000000e+04    1.1040767097e-01
    5.0025000000e+04    1.2886884887e-01
    5.0100000000e+04    1.0268295427e-01
    5.0175000000e+04    9.1170330717e-02
    5.0250000000e+04    8.7056383335e-02
    5.0325000000e+04    1.0093699864e-01
    5.0400000000e+04    9.0105278183e-02
    5.0475000000e+04    1.2843298264e-01
    5.0550000000e+04    1.2046157698e-01
    5.0625000000e+04    1.1167036019e-01
    5.0700000000e+04    1.0339140787e-01
    5.0775000000e+04    1.3814857014e-01
    5.0850000000e+04    1.2701333949e-01
    5.0925000000e+04    1.1842755299e-01
    5.1000000000e+04    1.5334106149e-01
    5.1075000000e+04    1.2531421902e-01
    5.1150000000e+04    1.2801638093e-01
    5.1225000000e+04    1.1863901124e-01
    5.1300000000e+04    1.2078423299e-01
    5.1375000000e+04    1.0902742291e-01
    5.1450000000e+04    1.0234672877e-01
    5.1525000000e+04    1.1556752142e-01
    5.1600000000e+04    1.3707626866e-01
    5.1675000000e+04    1.0087812878e-01
    5.1750000000e+04    2.1595338699e-01
    5.1825000000e+04    1.0973888196e-01
    5.1900000000e+04    1.2103541122e-01
    5.1975000000e+04    1.2971144220e-01
    5.2050000000e+04    1.2335202975e-01
    5.2125000000e+04    9.3229717871e-02
    5.2200000000e+04    9.3474585932e-02
    5.2275000000e+04    8.2835732613e-02
    5.2350000000e+04    1.1817293671e-01
    5.2425000000e+04    1.4508526514e-01
    5.2500000000e+04    1.1225862662e-01
    5.2575000000e+04    2.1323892953e-01
    5.2650000000e+04    1.4019949445e-01
    5.2725000000e+04    9.7009997371e-02
    5.2800000000e+04    1.1687098923e-01
    5.2875000000e+04    1.0348943722e-01
    5.2950000000e+04    1.2294949048e-01
    5.3025000000e+04    1.2519418889e-01
    5.3100000000e+04    2.0918289308e-01
    5.3175000000e+04    1.2348732339e-01
    5.3250000000e+04    1.0774031265e-01
    5.3325000000e+04    1.0133782788e-01
    5.3400000000e+04    1.0011475822e-01
    5.3475000000e+04    1.0718549918e-01
    5.3550000000e+04    1.0414032376e-01
    5.3625000000e+04    1.4253804953e-01
    5.3700000000e+04    1.3551346174e-01
    5.3775000000e+04    1.1683643680e-01
    5.3850000000e+04    1.6076247800e-01
    5.3925000000e+04    1.5947495094e-01
    5.4000000000e+04    1.2892850244e-01
    5.4075000000e+04    1.1443063292e-01
    5.4150000000e+04    1.1141409880e-01
    5.4225000000e+04    9.4751449279e-02
    5.4300000000e+04    1.2042319887e-01
    5.4375000000e+04    9.9493574896e-02
    5.4450000000e+04    1.3093155093e-01
    5.4525000000e+04    2.0008133829e-01
    5.4600000000e+04    1.2083410322e-01
    5.4675000000e+04    1.1858984787e-01
    5.4750000000e+04    1.2162634951e-01
    5.4825000000e+04    9.2030660289e-02
    5.4900000000e+04    1.1049811412e-01
    5.4975000000e+04    8.5623512594e-02
    5.5050000000e+04    1.3164774743e-01
    5.5125000000e+04    1.3703466939e-01
    5.5200000000e+04    1.4594284378e-01
    5.5275000000e+04    1.3492227296e-01
    5.5350000000e+04    1.5438948426e-01
    5.5425000000e+04    1.0952854879e-01
    5.5500000000e+04    1.0295471884e-01
    5.5575000000e+04    1.0381527444e-01
    5.5650000000e+04    1.3784957431e-01
    5.5725000000e+04    1.5713668906e-01
    5.5800000000e+04    1.2257938086e-01
    5.5875000000e+04    1.7283655640e-01
    5.5950000000e+04    1.2150549080e-01
    5.6025000000e+04    1.1217847585e-01
    5.6100000000e+04    1.2389905221e-01
    5.6175000000e+04    1.1420107068e-01
    5.6250000000e+04    1.7870035535e-01
    5.6325000000e+04    2.7999441498e-01
    5.6400000000e+04    3.0226182437e-01
    5.6475000000e+04    4.9566891026e-01
    5.6550000000e+04    2.4674145468e-01
    5.6625000000e+04    1.1572477956e-01
    5.6700000000e+04    9.4413028729e-02
    5.6775000000e+04    8.2965347528e-02
    5.6850000000e+04    1.0072709283e-01
    5.6925000000e+04    9.6074067877e-02
    5.7000000000e+04    1.0892310611e-01
    5.7075000000e+04    1.2609109554e-01
    5.7150000000e+04    1.2826694544e-01
    5.7225000000e+04    1.2842433152e-01
    5.7300000000e+04    1.5504456186e-01
    5.7375000000e+04    9.9708979711e-02
    5.7450000000e+04    1.1589282820e-01
    5.7525000000e+04    1.3380699818e-01
    5.7600000000e+04    1.5354164461e-01
    5.7675000000e+04    1.4462370160e-01
    5.7750000000e+04    1.3612110063e-01
    5.7825000000e+04    9.2826237915e-02
    5.7900000000e+04    1.1573501026e-01
    5.7975000000e+04    9.5256309517e-02
    5.8050000000e+04    9.2281918094e-02
    5.8125000000e+04    1.1061118336e-01
    5.8200000000e+04    1.0964738731e-01
    5.8275000000e+04    8.5514930004e-02
    5.8350000000e+04    1.1794119226e-01
    5.8425000000e+04    1.3626102254e-01
    5.8500000000e+04    1.2609841325e-01
    5.8575000000e+04    1.2614768217e-01
    5.8650000000e+04    1.4293983961e-01
    5.8725000000e+04    1.4295435505e-01
    5.8800000000e+04    1.4491156725e-01
    5.8875000000e+04    1.1760566403e-01
    5.8950000000e+04    1.1733374976e-01
    5.9025000000e+04    1.3092202091e-01
    5.9100000000e+04    1.2204197834e-01
    5.9175000000e+04    1.5689755909e-01
    5.9250000000e+04    1.1609058644e-01
    5.9325000000e+04    1.1809832602e-01
    5.9400000000e+04    1.4066742801e-01
    5.9475000000e+04    1.0109293768e-01
    5.9550000000e+04    9.4458769856e-02
    5.9625000000e+04    1.0565940386e-01
    5.9700000000e+04    1.4118384617e-01
    5.9775000000e+04    1.0104330339e-01
    5.9850000000e+04    1.0917337259e-01
    5.9925000000e+04    1.2448302986e-01
    6.0000000000e+04    1.2197745672e-01
    6.0075000000e+04    8.1579742549e-02
    6.0150000000e+04    1.2612572194e-01
    6.0225000000e+04    1.0327926829e-01
    6.0300000000e+04    1.0371488298e-01
    6.0375000000e+04    1.0060848458e-01
    6.0450000000e+04    9.8189307348e-02
    6.0525000000e+04    1.6258466232e-01
    6.0600000000e+04    9.7890799928e-02
    6.0675000000e+04    1.4902549561e-01
    6.0750000000e+04    1.5018617814e-01
    6.0825000000e+04    1.0968829383e-01
    6.0900000000e+04    1.1597848740e-01
    6.0975000000e+04    1.0380303797e-01
    6.1050000000e+04    1.0499225548e-01
    6.1125000000e+04    8.9858462081e-02
    6.1200000000e+04    8.6505298084e-02
    6.1275000000e+04    1.3797457062e-01
    6.1350000000e+04    1.0702655254e-01
    6.1425000000e+04    1.0359172687e-01
    6.1500000000e+04    9.8553012615e-02
    6.1575000000e+04    9.9357918033e-02
    6.1650000000e+04    1.0116442812e-01
    6.1725000000e+04    1.0571575940e-01
    6.1800000000e+04    1.7523256907e-01
    6.1875000000e+04    1.3309141267e-01
    6.1950000000e+04    1.0463298246e-01
    6.2025000000e+04    9.9039969097e-02
    6.2100000000e+04    1.1761393961e-01
    6.2175000000e+04    2.3804197519e-01
    6.2250000000e+04    1.6092931732e-01
    6.2325000000e+04    1.6231722769e-01
    6.2400000000e+04    1.9667002704e-01
    6.2475000000e+04    1.2943329204e-01
    6.2550000000e+04    1.1667788051e-01
    6.2625000000e+04    1.2109172030e-01
    6.2700000000e+04    1.0819224322e-01
    6.2775000000e+04    1.9007155363e-01
    6.2850000000e+04    1.0831073338e-01
    6.2925000000e+04    1.1972709097e-01
    6.3000000000e+04    1.5564213951e-01
    6.3075000000e+04    1.3903810945e-01
    6.3150000000e+04    1.2896207020e-01
    6.3225000000e+04    1.1795633523e-01
    6.3300000000e+04    1.0508553296e-01
    6.3375000000e+04    7.4440536196e-02
    6.3450000000e+04    9.8966642480e-02
    6.3525000000e+04    1.2304836916e-01
    6.3600000000e+04    1.1732535445e-01
    6.3675000000e+04    1.0737135000e-01
    6.3750000000e+04    1.2996842680e-01
    6.3825000000e+04    1.5402641716e-01
    6.3900000000e+04    1.2256481682e-01
    6.3975000000e+04    1.5828093841e-01
    6.4050000000e+04    1.3993448524e-01
    6.4125000000e+04    1.2747785924e-01
    6.4200000000e+04    1.8808096335e-01
    6.4275000000e+04    1.2896508660e-01
    6.4350000000e+04    1.0697802609e-01
    6.4425000000e+04    1.6386522968e-01
    6.4500000000e+04    1.2956862416e-01
    6.4575000000e+04    1.1328601507e-01
    6.4650000000e+04    9.9959530323e-02
    6.4725000000e+04    9.3210257598e-02
    6.4800000000e+04    1.2339353338e-01
    6.4875000000e+04    1.3350093585e-01
    6.4950000000e+04    1.2144645782e-01
    6.5025000000e+04    1.3880733780e-01
    6.5100000000e+04    1.0556468836e-01
    6.5175000000e+04    9.5438810993e-02
    6.5250000000e+04    1.0689327165e-01
    6.5325000000e+04    9.7427892723e-02
    6.5400000000e+04    1.0338705122e-01
    6.5475000000e+04    1.1456014448e-01
    6.5550000000e+04    1.4052064911e-01
    6.5625000000e+04    1.2090225172e-01
    6.5700000000e+04    2.1068698836e-01
    6.5775000000e+04    1.6821943357e-01
    6.5850000000e+04    1.0594428427e-01
    6.5925000000e+04    9.5099712108e-02
    6.6000000000e+04    9.0888075381e-02
    6.6075000000e+04    9.7674066659e-02
    6.6150000000e+04    7.6899777032e-02
    6.6225000000e+04    7.9597777814e-02
    6.6300000000e+04    8.4151882404e-02
    6.6375000000e+04    9.4643369386e-02
    6.6450000000e+04    9.8313815006e-02
    6.6525000000e+04    1.0099788477e-01
    6.6600000000e+04    1.1060708097e-01
    6.6675000000e+04    1.3547261031e-01
    6.6750000000e+04    1.4811902389e-01
    6.6825000000e+04    1.4772489747e-01
    6.6900000000e+04    1.2588780706e-01
    6.6975000000e+04    1.2749790836e-01
    6.7050000000e+04    1.5199844870e-01
    6.7125000000e+04    1.3065121575e-01
    6.7200000000e+04    9.9731774175e-02
    6.7275000000e+04    1.1232957917e-01
    6.7350000000e+04    1.2280142998e-01
    6.7425000000e+04    1.3962582438e-01
    6.7500000000e+04    1.3846206562e-01
    6.7575000000e+04    1.0447715011e-01
    6.7650000000e+04    1.3199854927e-01
    6.7725000000e+04    1.4180240952e-01
    6.7800000000e+04    1.1867993342e-01
    6.7875000000e+04    1.2471214961e-01
    6.7950000000e+04    8.4468950648e-02
    6.8025000000e+04    1.0340758520e-01
    6.8100000000e+04    1.0149278996e-01
    6.8175000000e+04    1.1353070790e-01
    6.8250000000e+04    1.0486666775e-01
    6.8325000000e+04    9.1041916721e-02
    6.8400000000e+04    1.2616219408e-01
    6.8475000000e+04    1.4345692006e-01
    6.8550000000e+04    1.5317885420e-01
    6.8625000000e+04    1.5555594926e-01
    6.8700000000e+04    1.4383277997e-01
    6.8775000000e+04    1.2089997015e-01
    6.8850000000e+04    1.2270068234e-01
    6.8925000000e+04    1.0131053574e-01
    6.9000000000e+04    1.3384296689e-01
    6.9075000000e+04    1.2589130591e-01
    6.9150000000e+04    1.2531486171e-01
    6.9225000000e+04    1.3668481541e-01
    6.9300000000e+04    1.2856425821e-01
    6.9375000000e+04    1.1163050274e-01
    6.9450000000e+04    1.4514938693e-01
    6.9525000000e+04    1.3900256290e-01
    6.9600000000e+04    1.3755858262e-01
    6.9675000000e+04    1.6197510101e-01
    6.9750000000e+04    1.4664153519e-01
    6.9825000000e+04    1.6543837860e-01
    6.9900000000e+04    2.0121199324e-01
    6.9975000000e+04    1.3175328043e-01
    7.0050000000e+04    1.5156205814e-01
    7.0125000000e+04    1.1230247953e-01
    7.0200000000e+04    1.0420605108e-01
    7.0275000000e+04    1.1572777770e-01
    7.0350000000e+04    1.2468358787e-01
    7.0425000000e+04    1.4267315517e-01
    7.0500000000e+04    1.2487051293e-01
    7.0575000000e+04    1.1996697842e-01
    7.0650000000e+04    9.5728136624e-02
    7.0725000000e+04    1.0176382714e-01
    7.0800000000e+04    1.2562738972e-01
    7.0875000000e+04    1.5743713872e-01
    7.0950000000e+04    1.3386400473e-01
    7.1025000000e+04    1.6117769151e-01
    7.1100000000e+04    2.2726911052e-01
    7.1175000000e+04    1.6112710866e-01
    7.1250000000e+04    1.7117788202e-01
    7.1325000000e+04    1.1833087986e-01
    7.1400000000e+04    1.2528459453e-01
    7.1475000000e+04    1.8992813955e-01
    7.1550000000e+04    1.2472311254e-01
    7.1625000000e+04    9.6909494752e-02
    7.1700000000e+04    1.3234559979e-01
    7.1775000000e+04    1.1956882453e-01
    7.1850000000e+04    1.3257149370e-01
    7.1925000000e+04    1.7571730093e-01
    7.2000000000e+04    1.6559922802e-01
    7.2075000000e+04    1.4691502086e-01
    7.2150000000e+04    1.7812553622e-01
    7.2225000000e+04    1.3528980232e-01
    7.2300000000e+04    1.3440321969e-01
    7.2375000000e+04    1.0036832499e-01
    7.2450000000e+04    1.4646791756e-01
    7.2525000000e+04    1.0889699626e-01
    7.2600000000e+04    1.3717763391e-01
    7.2675000000e+04    1.1355002662e-01
    7.2750000000e+04    1.4189227697e-01
    7.2825000000e+04    1.0450484891e-01
    7.2900000000e+04    1.1009863641e-01
    7.2975000000e+04    1.1655263235e-01
    7.3050000000e+04    1.5075834183e-01
    7.3125000000e+04    1.4431353545e-01
    7.3200000000e+04    1.2667842110e-01
    7.3275000000e+04    1.2954623710e-01
    7.3350000000e+04    1.7446839773e-01
    7.3425000000e+04    1.4583071820e-01
    7.3500000000e+04    7.9872981526e-02
    7.3575000000e+04    1.3863409876e-01
    7.3650000000e+04    1.4907525312e-01
    7.3725000000e+04    1.9678626778e-01
    7.3800000000e+04    1.3901812287e-01
    7.3875000000e+04    1.0325793248e-01
    7.3950000000e+04    8.7291479926e-02
    7.4025000000e+04    1.1333751691e-01
    7.4100000000e+04    1.0534381867e-01
    7.4175000000e+04    9.4877574260e-02
    7.4250000000e+04    1.3623216912e-01
    7.4325000000e+04    1.2620829544e-01
    7.4400000000e+04    1.1850444195e-01
    7.4475000000e+04    1.3549438371e-01
    7.4550000000e+04    1.3390900982e-01
    7.4625000000e+04    1.0721610952e-01
    7.4700000000e+04    1.0513130218e-01
    7.4775000000e+04    1.1359315601e-01
    7.4850000000e+04    1.2136003627e-01
    7.4925000000e+04    1.2299384944e-01
    7.5000000000e+04    1.0281185809e-01
    7.5075000000e+04    9.4675725292e-02
    7.5150000000e+04    1.0563116723e-01
    7.5225000000e+04    1.3403839553e-01
    7.5300000000e+04    1.3829638479e-01
    7.5375000000e+04    9.1650858810e-02
    7.5450000000e+04    1.0698397479e-01
    7.5525000000e+04    1.3066758105e-01
    7.5600000000e+04    1.1413233307e-01
    7.5675000000e+04    1.3931923335e-01
    7.5750000000e+04    1.2158922264e-01
    7.5825000000e+04    1.3618508732e-01
    7.5900000000e+04    1.0738282402e-01
    7.5975000000e+04    9.9845761566e-02
    7.6050000000e+04    8.5760951374e-02
    7.6125000000e+04    8.6850898878e-02
    7.6200000000e+04    9.2440684932e-02
    7.6275000000e+04    1.6117286563e-01
    7.6350000000e+04    1.5373228087e-01
    7.6425000000e+04    1.5266215091e-01
    7.6500000000e+04    1.1672585076e-01
    7.6575000000e+04    1.1235588314e-01
    7.6650000000e+04    1.2625706031e-01
    7.6725000000e+04    9.6581270654e-02
    7.6800000000e+04    1.1167688753e-01
    7.6875000000e+04    1.5135387781e-01
    7.6950000000e+04    1.2341722366e-01
    7.7025000000e+04    1.3262588249e-01
    7.7100000000e+04    1.2010398140e-01
    7.7175000000e+04    1.0183966519e-01
    7.7250000000e+04    1.0326183756e-01
    7.7325000000e+04    8.6095262954e-02
    7.7400000000e+04    1.0248108852e-01
    7.7475000000e+04    1.1752646233e-01
    7.7550000000e+04    1.3930471829e-01
    7.7625000000e+04    9.4446291107e-02
    7.7700000000e+04    9.6600905625e-02
    7.7775000000e+04    1.0218522888e-01
    7.7850000000e+04    1.3085864373e-01
    7.7925000000e+04    1.4311575197e-01
    7.8000000000e+04    1.0736988672e-01
    7.8075000000e+04    1.4113028658e-01
    7.8150000000e+04    1.0995697114e-01
    7.8225000000e+04    1.1163007441e-01
    7.8300000000e+04    9.7638023483e-02
    7.8375000000e+04    1.5163753831e-01
    7.8450000000e+04    1.5552169788e-01
    7.8525000000e+04    1.2914242193e-01
    7.8600000000e+04    1.8583320947e-01
    7.8675000000e+04    1.0717933681e-01
    7.8750000000e+04    1.0946326830e-01
    7.8825000000e+04    1.0047039513e-01
    7.8900000000e+04    8.7796544708e-02
    7.8975000000e+04    1.1691242194e-01
    7.9050000000e+04    1.0512396357e-01
    7.9125000000e+04    1.1236377481e-01
    7.9200000000e+04    1.3792769955e-01
    7.9275000000e+04    1.1649791516e-01
    7.9350000000e+04    1.1441298902e-01
    7.9425000000e+04    9.8243723713e-02
    7.9500000000e+04    1.5250382269e-01
    7.9575000000e+04    1.6243996035e-01
    7.9650000000e+04    1.0480778042e-01
    7.9725000000e+04    1.0700985850e-01
    7.9800000000e+04    1.4915803123e-01
    7.9875000000e+04    3.4818823217e-01
    7.9950000000e+04    1.5684050890e-01
    8.0025000000e+04    1.4141279026e-01
    8.0100000000e+04    1.0037935804e-01
    8.0175000000e+04    7.5000270845e-02
    8.0250000000e+04    9.7978312545e-02
    8.0325000000e+04    1.5627689163e-01
    8.0400000000e+04    1.2586276573e-01
    8.0475000000e+04    9.4022313099e-02
    8.0550000000e+04    1.0848952775e-01
    8.0625000000e+04    1.4162819500e-01
    8.0700000000e+04    1.0618702519e-01
    8.0775000000e+04    8.8816979271e-02
    8.0850000000e+04    1.0294161103e-01
    8.0925000000e+04    1.1502290356e-01
    8.1000000000e+04    1.0609328154e-01
    8.1075000000e+04    9.8876190063e-02
    8.1150000000e+04    1.1950819196e-01
    8.1225000000e+04    1.2022404002e-01
    8.1300000000e+04    1.0951251001e-01
    8.1375000000e+04    1.3575378749e-01
    8.1450000000e+04    1.4519810383e-01
    8.1525000000e+04    1.1199382298e-01
    8.1600000000e+04    1.1340072160e-01
    8.1675000000e+04    1.5465044851e-01
    8.1750000000e+04    1.8571128425e-01
    8.1825000000e+04    1.5850883047e-01
    8.1900000000e+04    1.3379356692e-01
    8.1975000000e+04    1.1194079923e-01
    8.2050000000e+04    1.1393435870e-01
    8.2125000000e+04    1.1068506627e-01
    8.2200000000e+04    1.1337656044e-01
    8.2275000000e+04    1.1359579982e-01
    8.2350000000e+04    1.3340203845e-01
    8.2425000000e+04    1.1322856314e-01
    8.2500000000e+04    1.4341400640e-01
    8.2575000000e+04    1.1809500341e-01
    8.2650000000e+04    1.0330635824e-01
    8.2725000000e+04    8.8771208643e-02
    8.2800000000e+04    1.4610995615e-01
    8.2875000000e+04    1.2078482258e-01
    8.2950000000e+04    1.0808089846e-01
    8.3025000000e+04    1.2158482272e-01
    8.3100000000e+04    1.3274767126e-01
    8.3175000000e+04    1.0495703139e-01
    8.3250000000e+04    9.1816103901e-02
    8.3325000000e+04    1.5575437978e-01
    8.3400000000e+04    1.2740191598e-01
    8.3475000000e+04    1.7491838571e-01
    8.3550000000e+04    1.3346399597e-01
    8.3625000000e+04    8.6868238585e-02
    8.3700000000e+04    7.6465682542e-02
    8.3775000000e+04    1.0910123149e-01
    8.3850000000e+04    1.1644052219e-01
    8.3925000000e+04    1.0587270345e-01
    8.4000000000e+04    1.1633665113e-01
    8.4075000000e+04    1.1376421498e-01
    8.4150000000e+04    1.1490154839e-01
    8.4225000000e+04    1.0141882934e-01
    8.4300000000e+04    1.1166043257e-01
    8.4375000000e+04    1.1565625591e-01
    8.4450000000e+04    1.1601391033e-01
    8.4525000000e+04    1.2756999080e-01
    8.4600000000e+04    1.1593644025e-01
    8.4675000000e+04    1.0834100461e-01
    8.4750000000e+04    1.0486164196e-01
    8.4825000000e+04    1.3532669934e-01
    8.4900000000e+04    2.2353648301e-01
    8.4975000000e+04    2.4505973089e-01
    8.5050000000e+04    1.5100937970e-01
    8.5125000000e+04    1.1746943312e-01
    8.5200000000e+04    1.4164687366e-01
    8.5275000000e+04    1.1049595231e-01
    8.5350000000e+04    1.0731587361e-01
    8.5425000000e+04    1.0027847250e-01
    8.5500000000e+04    9.7717114027e-02
    8.5575000000e+04    1.4312759069e-01
    8.5650000000e+04    1.2546545088e-01
    8.5725000000e+04    1.3266130749e-01
    8.5800000000e+04    1.0044576501e-01
    8.5875000000e+04    1.3375253844e-01
    8.5950000000e+04    1.8162569002e-01
    8.6025000000e+04    1.4686788717e-01
    8.6100000000e+04    1.2660512643e-01
    8.6175000000e+04    1.0990750116e-01
    8.6250000000e+04    1.2775611439e-01
    8.6325000000e+04    1.1232800616e-01
    8.6400000000e+04    1.1785806656e-01
    8.6475000000e+04    1.3225035958e-01
    8.6550000000e+04    9.7463298862e-02
    8.6625000000e+04    1.1764816168e-01
    8.6700000000e+04    1.0095157395e-01
    8.6775000000e+04    9.1016020997e-02
    8.6850000000e+04    1.0109871869e-01
    8.6925000000e+04    8.7195247441e-02
    8.7000000000e+04    1.2823985044e-01
    8.7075000000e+04    1.4597442663e-01
    8.7150000000e+04    1.0929182545e-01
    8.7225000000e+04    9.6815373687e-02
    8.7300000000e+04    1.5057444477e-01
    8.7375000000e+04    1.3846916976e-01
    8.7450000000e+04    2.0330998031e-01
    8.7525000000e+04    1.4092390368e-01
    8.7600000000e+04    1.1365318405e-01
    8.7675000000e+04    8.9822126778e-02
    8.7750000000e+04    8.4513601992e-02
    8.7825000000e+04    1.0290942625e-01
    8.7900000000e+04    1.3052186225e-01
    8.7975000000e+04    1.2901409295e-01
    8.8050000000e+04    1.5537275733e-01
    8.8125000000e+04    1.1128322987e-01
    8.8200000000e+04    1.5310228096e-01
    8.8275000000e+04    1.8635188585e-01
    8.8350000000e+04    1.4868154026e-01
    8.8425000000e+04    1.7713941550e-01
    8.8500000000e+04    8.3543373308e-02
    8.8575000000e+04    1.4382973736e-01
    8.8650000000e+04    1.4001798966e-01
    8.8725000000e+04    1.5441381939e-01
    8.8800000000e+04    1.0114708895e-01
    8.8875000000e+04    1.0473644934e-01
    8.8950000000e+04    1.0939265791e-01
    8.9025000000e+04    1.1771852741e-01
    8.9100000000e+04    1.2314692064e-01
    8.9175000000e+04    1.1593717614e-01
    8.9250000000e+04    1.1654023301e-01
    8.9325000000e+04    1.2603431290e-01
    8.9400000000e+04    8.3759535233e-02
    8.9475000000e+04    8.8431476605e-02
    8.9550000000e+04    1.4428987780e-01
    8.9625000000e+04    1.3875255502e-01
    8.9700000000e+04    1.1817977816e-01
    8.9775000000e+04    9.9373582058e-02
    8.9850000000e+04    1.1072005360e-01
    8.9925000000e+04    1.2351898481e-01
    9.0000000000e+04    1.1875395035e-01
    9.0075000000e+04    9.9732221042e-02
    9.0150000000e+04    1.0669602067e-01
    9.0225000000e+04    9.4987822805e-02
    9.0300000000e+04    1.1985636961e-01
    9.0375000000e+04    1.4899394131e-01
    9.0450000000e+04    1.1710601183e-01
    9.0525000000e+04    1.0659542809e-01
    9.0600000000e+04    1.3190318919e-01
    9.0675000000e+04    1.1388803237e-01
    9.0750000000e+04    1.2653813650e-01
    9.0825000000e+04    1.1286563409e-01
    9.0900000000e+04    1.0903628591e-01
    9.0975000000e+04    1.0290211022e-01
    9.1050000000e+04    1.1855911921e-01
    9.1125000000e+04    1.0761254481e-01
    9.1200000000e+04    1.4340903115e-01
    9.1275000000e+04    1.1320936620e-01
    9.1350000000e+04    8.9972434942e-02
    9.1425000000e+04    1.1670200949e-01
    9.1500000000e+04    1.3196704981e-01
    9.1575000000e+04    1.5980188230e-01
    9.1650000000e+04    1.0476593950e-01
    9.1725000000e+04    1.1680477362e-01
    9.1800000000e+04    1.2687885640e-01
    9.1875000000e+04    1.9664105331e-01
    9.1950000000e+04    1.1158862656e-01
    9.2025000000e+04    1.2002473171e-01
    9.2100000000e+04    9.4139158516e-02
    9.2175000000e+04    1.0564899436e-01
    9.2250000000e+04    8.3028053699e-02
    9.2325000000e+04    8.7713694583e-02
    9.2400000000e+04    9.7488666965e-02
    9.2475000000e+04    7.8990858980e-02
    9.2550000000e+04    1.0818435724e-01
    9.2625000000e+04    1.9591818917e-01
    9.2700000000e+04    1.4817112344e-01
    9.2775000000e+04    8.5305311284e-02
    9.2850000000e+04    1.0859687258e-01
    9.2925000000e+04    1.4220712138e-01
    9.3000000000e+04    1.8750183620e-01
    9.3075000000e+04    1.1361666409e-01
    9.3150000000e+04    1.1540877597e-01
    9.3225000000e+04    2.3186899600e-01
    9.3300000000e+04    1.2299280946e-01
    9.3375000000e+04    9.5646903716e-02
    9.3450000000e+04    9.7155073902e-02
    9.3525000000e+04    9.5418878264e-02
    9.3600000000e+04    1.0803941953e-01
    9.3675000000e+04    1.3196329689e-01
    9.3750000000e+04    1.0731193405e-01
    9.3825000000e+04    1.0428899555e-01
    9.3900000000e+04    1.2748783869e-01
    9.3975000000e+04    1.1786108555e-01
    9.4050000000e+04    1.0512657885e-01
    9.4125000000e+04    1.1574828422e-01
    9.4200000000e+04    7.3109933127e-02
    9.4275000000e+04    8.2475877270e-02
    9.4350000000e+04    1.0253374078e-01
    9.4425000000e+04    1.1182744340e-01
    9.4500000000e+04    9.6998703722e-02
    9.4575000000e+04    9.3247688363e-02
    9.4650000000e+04    1.1670381837e-01
    9.4725000000e+04    1.2156400096e-01
    9.4800000000e+04    1.0316313739e-01
    9.4875000000e+04    1.2462893577e-01
    9.4950000000e+04    1.4609468836e-01
    9.5025000000e+04    1.3690350703e-01
    9.5100000000e+04    1.5075929046e-01
    9.5175000000e+04    1.1415208810e-01
    9.5250000000e+04    1.4714116064e-01
    9.5325000000e+04    1.0111954831e-01
    9.5400000000e+04    8.4316966569e-02
    9.5475000000e+04    8.6146650112e-02
    9.5550000000e+04    8.1789034304e-02
    9.5625000000e+04    1.0557826290e-01
    9.5700000000e+04    9.9529751371e-02
    9.5775000000e+04    1.0825559172e-01
    9.5850000000e+04    1.2364235731e-01
    9.5925000000e+04    1.2767808682e-01
    9.6000000000e+04    1.6944719642e-01
    9.6075000000e+04    1.2070015467e-01
    9.6150000000e+04    1.0556577805e-01
    9.6225000000e+04    1.0567902954e-01
    9.6300000000e+04    1.0702395593e-01
    9.6375000000e+04    1.8430292455e-01
    9.6450000000e+04    1.0664768103e-01
    9.6525000000e+04    1.0530578729e-01
    9.6600000000e+04    1.0397790881e-01
    9.6675000000e+04    1.8169728527e-01
    9.6750000000e+04    1.5950229348e-01
    9.6825000000e+04    9.6053395433e-02
    9.6900000000e+04    8.4979910045e-02
    9.6975000000e+04    9.7792473805e-02
    9.7050000000e+04    7.8021559057e-02
    9.7125000000e+04    1.1008760669e-01
    9.7200000000e+04    1.1332339891e-01
    9.7275000000e+04    1.0155181895e-01
    9.7350000000e+04    9.8973918390e-02
    9.7425000000e+04    1.0515716525e-01
    9.7500000000e+04    1.2042140511e-01
    9.7575000000e+04    1.4461746322e-01
    9.7650000000e+04    1.6512177116e-01
    9.7725000000e+04    1.3575785522e-01
    9.7800000000e+04    1.0265240946e-01
    9.7875000000e+04    9.4125323452e-02
    9.7950000000e+04    9.5187821184e-02
    9.8025000000e+04    1.1577146222e-01
    9.8100000000e+04    1.2637675996e-01
    9.8175000000e+04    1.2495332569e-01
    9.8250000000e+04    1.0327206947e-01
    9.8325000000e+04    1.0428779354e-01
    9.8400000000e+04    1.1814586642e-01
    9.8475000000e+04    1.0129257457e-01
    9.8550000000e+04    1.2091599144e-01
    9.8625000000e+04    1.3023497137e-01
    9.8700000000e+04    1.1794006774e-01
    9.8775000000e+04    1.1603377471e-01
    9.8850000000e+04    8.6796337521e-02
    9.8925000000e+04    1.0039737292e-01
    9.9000000000e+04    1.0405790803e-01
    9.9075000000e+04    8.7850465717e-02
    9.9150000000e+04    9.4494781046e-02
    9.9225000000e+04    8.5573833962e-02
    9.9300000000e+04    1.0484945612e-01
    9.9375000000e+04    1.1741599004e-01
    9.9450000000e+04    9.6102624798e-02
    9.9525000000e+04    8.8138250058e-02
    9.9600000000e+04    9.3700513253e-02
    9.9675000000e+04    1.0783065594e-01
    9.9750000000e+04    1.0992924801e-01
    9.9825000000e+04    1.1396946981e-01
    9.9900000000e+04    1.1489658321e-01
    9.9975000000e+04    9.9065386005e-02
    1.0005000000e+05    1.1879015288e-01
    1.0012500000e+05    1.1246425320e-01
    1.0020000000e+05    1.2328355918e-01
    1.0027500000e+05    1.0083861389e-01
    1.0035000000e+05    1.1358680661e-01
    1.0042500000e+05    1.1117774804e-01
    1.0050000000e+05    8.7638333479e-02
    1.0057500000e+05    1.0428056834e-01
    1.0065000000e+05    1.1372786368e-01
    1.0072500000e+05    2.7539500093e-01
    1.0080000000e+05    1.7253860849e-01
    1.0087500000e+05    8.4517104102e-02
    1.0095000000e+05    1.0440907689e-01
    1.0102500000e+05    1.2011088676e-01
    1.0110000000e+05    8.9457693745e-02
    1.0117500000e+05    9.9666483172e-02
    1.0125000000e+05    1.0840080135e-01
    1.0132500000e+05    9.8138266137e-02
    1.0140000000e+05    1.2547252726e-01
    1.0147500000e+05    1.4784162598e-01
    1.0155000000e+05    1.2701283061e-01
    1.0162500000e+05    1.2728769301e-01
    1.0170000000e+05    1.1717915850e-01
    1.0177500000e+05    1.1097339155e-01
    1.0185000000e+05    1.0766485626e-01
    1.0192500000e+05    1.1555567240e-01
    1.0200000000e+05    8.3850848206e-02
    1.0207500000e+05    9.2260751530e-02
    1.0215000000e+05    1.0120230578e-01
    1.0222500000e+05    1.8733101615e-01
    1.0230000000e+05    1.0751799628e-01
    1.0237500000e+05    9.2576855932e-02
    1.0245000000e+05    1.4127093510e-01
    1.0252500000e+05    1.0189437664e-01
    1.0260000000e+05    1.2128929830e-01
    1.0267500000e+05    1.1033302718e-01
    1.0275000000e+05    1.4247760650e-01
    1.0282500000e+05    1.4143316339e-01
    1.0290000000e+05    1.0685886064e-01
    1.0297500000e+05    1.2224010692e-01
    1.0305000000e+05    1.0043196020e-01
    1.0312500000e+05    1.1073358580e-01
    1.0320000000e+05    1.0048780457e-01
    1.0327500000e+05    1.2642016162e-01
    1.0335000000e+05    1.2608479429e-01
    1.0342500000e+05    1.5849884330e-01
    1.0350000000e+05    1.4005072930e-01
    1.0357500000e+05    1.1194415456e-01
    1.0365000000e+05    1.1285912895e-01
    1.0372500000e+05    9.0053087815e-02
    1.0380000000e+05    1.0836424050e-01
    1.0387500000e+05    1.1523488491e-01
    1.0395000000e+05    1.1656670550e-01
    1.0402500000e+05    1.0551334444e-01
    1.0410000000e+05    1.9548163734e-01
    1.0417500000e+05    1.3605438368e-01
    1.0425000000e+05    1.5389905219e-01
    1.0432500000e+05    1.5211961906e-01
    1.0440000000e+05    1.1948283398e-01
    1.0447500000e+05    1.2052215672e-01
    1.0455000000e+05    1.2756407319e-01
    1.0462500000e+05    1.2074129525e-01
    1.0470000000e+05    1.4231959294e-01
    1.0477500000e+05    1.0665840784e-01
    1.0485000000e+05    8.1677445061e-02
    1.0492500000e+05    8.4675002440e-02
    1.0500000000e+05    1.3075139502e-01
    1.0507500000e+05    1.2148467182e-01
    1.0515000000e+05    1.0460128870e-01
    1.0522500000e+05    1.1559307936e-01
    1.0530000000e+05    1.2007184368e-01
    1.0537500000e+05    1.2120915622e-01
    1.0545000000e+05    1.1839662308e-01
    1.0552500000e+05    8.1851880587e-02
    1.0560000000e+05    1.1779740480e-01
    1.0567500000e+05    1.0296485428e-01
    1.0575000000e+05    1.2408174443e-01
    1.0582500000e+05    1.2763301425e-01
    1.0590000000e+05    9.6964255753e-02
    1.0597500000e+05    1.2984626111e-01
    1.0605000000e+05    1.2421132032e-01
    1.0612500000e+05    1.2302350389e-01
    1.0620000000e+05    1.0296303736e-01
    1.0627500000e+05    1.1503106284e-01
    1.0635000000e+05    1.3849621092e-01
    1.0642500000e+05    1.2078328194e-01
    1.0650000000e+05    1.0769230571e-01
    1.0657500000e+05    1.2031275949e-01
    1.0665000000e+05    1.0058569606e-01
    1.0672500000e+05    1.0216393885e-01
    1.0680000000e+05    1.1292609379e-01
    1.0687500000e+05    1.2903922875e-01
    1.0695000000e+05    1.1023720458e-01
    1.0702500000e+05    8.8943644045e-02
    1.0710000000e+05    1.1076919599e-01
    1.0717500000e+05    1.0817474429e-01
    1.0725000000e+05    1.0589341317e-01
    1.0732500000e+05    1.1021120987e-01
    1.0740000000e+05    1.2461009549e-01
    1.0747500000e+05    1.3765454252e-01
    1.0755000000e+05    1.4355269990e-01
    1.0762500000e+05    1.2805281965e-01
    1.0770000000e+05    1.2473053187e-01
    1.0777500000e+05    8.3355119604e-02
    1.0785000000e+05    8.1336427700e-02
    1.0792500000e+05    1.1841454206e-01
    1.0800000000e+05    1.2680165944e-01
    1.0807500000e+05    1.0119605995e-01
    1.0815000000e+05    1.3281432684e-01
    1.0822500000e+05    1.1631981983e-01
    1.0830000000e+05    2.5149753948e-01
    1.0837500000e+05    1.0961267519e-01
    1.0845000000e+05    1.4748936360e-01
    1.0852500000e+05    1.0287874882e-01
    1.0860000000e+05    1.2589919038e-01
    1.0867500000e+05    1.2057954852e-01
    1.0875000000e+05    1.2101261717e-01
    1.0882500000e+05    1.0990847006e-01
    1.0890000000e+05    1.0790334272e-01
    1.0897500000e+05    9.1702285928e-02
    1.0905000000e+05    1.4963807327e-01
    1.0912500000e+05    1.1719911924e-01
    1.0920000000e+05    1.1744317558e-01
    1.0927500000e+05    9.5221823794e-02
    1.0935000000e+05    9.1477105983e-02
    1.0942500000e+05    1.0625685651e-01
    1.0950000000e+05    1.0476270542e-01
    1.0957500000e+05    9.9185978683e-02
    1.0965000000e+05    1.0761480999e-01
    1.0972500000e+05    8.9411457752e-02
    1.0980000000e+05    1.3667205424e-01
    1.0987500000e+05    1.6700379954e-01
    1.0995000000e+05    9.1780208302e-02
    1.1002500000e+05    1.2019254264e-01
    1.1010000000e+05    1.0947983936e-01
    1.1017500000e+05    1.1245080202e-01
    1.1025000000e+05    1.0719478256e-01
    1.1032500000e+05    9.3236407646e-02
    1.1040000000e+05    9.8608299227e-02
    1.1047500000e+05    1.0472173335e-01
    1.1055000000e+05    1.0026599164e-01
    1.1062500000e+05    1.5077660199e-01
    1.1070000000e+05    1.0950900173e-01
    1.1077500000e+05    1.1553695287e-01
    1.1085000000e+05    1.1156363528e-01
    1.1092500000e+05    1.1270950016e-01
    1.1100000000e+05    1.3404171391e-01
    1.1107500000e+05    9.1643668118e-02
    1.1115000000e+05    1.1548155415e-01
    1.1122500000e+05    1.2563746287e-01
    1.1130000000e+05    1.0440676693e-01
    1.1137500000e+05    1.0155266624e-01
    1.1145000000e+05    1.4228861422e-01
    1.1152500000e+05    1.3123898641e-01
    1.1160000000e+05    1.3148575438e-01
    1.1167500000e+05    1.4537497083e-01
    1.1175000000e+05    1.8417426390e-01
    1.1182500000e+05    1.0870104017e-01
    1.1190000000e+05    1.0174381207e-01
    1.1197500000e+05    1.0737284400e-01
    1.1205000000e+05    1.1212649923e-01
    1.1212500000e+05    1.2089862672e-01
    1.1220000000e+05    1.3309490291e-01
    1.1227500000e+05    1.1697476990e-01
    1.1235000000e+05    1.2193252313e-01
    1.1242500000e+05    1.4261318932e-01
    1.1250000000e+05    1.0893690646e-01
    1.1257500000e+05    1.2841529891e-01
    1.1265000000e+05    1.5431760441e-01
    1.1272500000e+05    1.5620751152e-01
    1.1280000000e+05    1.5924439324e-01
    1.1287500000e+05    1.1634267907e-01
    1.1295000000e+05    9.1892471155e-02
    1.1302500000e+05    1.0014279536e-01
    1.1310000000e+05    1.0062775551e-01
    1.1317500000e+05    1.1018631048e-01
    1.1325000000e+05    8.8365717981e-02
    1.1332500000e+05    1.1267197129e-01
    1.1340000000e+05    1.1484224063e-01
    1.1347500000e+05    1.2755992920e-01
    1.1355000000e+05    1.5788403631e-01
    1.1362500000e+05    1.6004283374e-01
    1.1370000000e+05    1.2729454033e-01
    1.1377500000e+05    1.4796965528e-01
    1.1385000000e+05    2.0232920899e-01
    1.1392500000e+05    1.6701288794e-01
    1.1400000000e+05    9.8211535410e-02
    1.1407500000e+05    9.3653876306e-02
    1.1415000000e+05    8.5806119999e-02
    1.1422500000e+05    1.7242141284e-01
    1.1430000000e+05    1.5409020484e-01
    1.1437500000e+05    9.2989979548e-02
    1.1445000000e+05    7.9749959433e-02
    1.1452500000e+05    1.0155841727e-01
    1.1460000000e+05    1.2480854294e-01
    1.1467500000e+05    8.7805291679e-02
    1.1475000000e+05    1.1307365713e-01
    1.1482500000e+05    2.3937639099e-01
    1.1490000000e+05    1.8596213255e-01
    1.1497500000e+05    9.9825720202e-02
    1.1505000000e+05    1.1194171340e-01
    1.1512500000e+05    1.8993377134e-01
    1.1520000000e+05    1.0973153931e-01
    1.1527500000e+05    8.8001879151e-02
    1.1535000000e+05    1.8146876035e-01
    1.1542500000e+05    1.0383809429e-01
    1.1550000000e+05    9.1949200610e-02
    1.1557500000e+05    9.8778244804e-02
    1.1565000000e+05    1.4216750638e-01
    1.1572500000e+05    1.4202164874e-01
    1.1580000000e+05    9.7271368458e-02
    1.1587500000e+05    1.3836221332e-01
    1.1595000000e+05    1.1597758763e-01
    1.1602500000e+05    1.0972834570e-01
    1.1610000000e+05    9.5529084572e-02
    1.1617500000e+05    9.0593730686e-02
    1.1625000000e+05    1.8454073284e-01
    1.1632500000e+05    9.4827393898e-02
    1.1640000000e+05    8.5063054853e-02
    1.1647500000e+05    9.3153583340e-02
    1.1655000000e+05    8.9854844109e-02
    1.1662500000e+05    9.2056249135e-02
    1.1670000000e+05    1.1038428873e-01
    1.1677500000e+05    1.4370771567e-01
    1.1685000000e+05    1.0338596287e-01
    1.1692500000e+05    9.3807659385e-02
    1.1700000000e+05    9.4217116415e-02
    1.1707500000e+05    1.2555492113e-01
    1.1715000000e+05    1.6534695776e-01
    1.1722500000e+05    1.1700884768e-01
    1.1730000000e+05    1.1353134269e-01
    1.1737500000e+05    9.2858299309e-02
    1.1745000000e+05    8.5241722154e-02
    1.1752500000e+05    1.0635183162e-01
    1.1760000000e+05    9.1363139619e-02
    1.1767500000e+05    8.6575393557e-02
    1.1775000000e+05    1.4321424344e-01
    1.1782500000e+05    1.4517772491e-01
    1.1790000000e+05    1.5817730193e-01
    1.1797500000e+05    1.1578008804e-01
    1.1805000000e+05    1.3527157389e-01
    1.1812500000e+05    1.1940009346e-01
    1.1820000000e+05    1.3675537519e-01
    1.1827500000e+05    1.2900157918e-01
    1.1835000000e+05    9.0393810211e-02
    1.1842500000e+05    1.2149305519e-01
    1.1850000000e+05    1.0921671742e-01
    1.1857500000e+05    1.0874713493e-01
    1.1865000000e+05    1.1341157622e-01
    1.1872500000e+05    1.2606318336e-01
    1.1880000000e+05    1.1418283042e-01
    1.1887500000e+05    1.3532830147e-01
    1.1895000000e+05    1.1836854063e-01
    1.1902500000e+05    1.4731453906e-01
    1.1910000000e+05    1.4449450696e-01
    1.1917500000e+05    1.2812093728e-01
    1.1925000000e+05    9.1976878634e-02
    1.1932500000e+05    9.9205400452e-02
    1.1940000000e+05    1.1641406799e-01
    1.1947500000e+05    1.1720202879e-01
    1.1955000000e+05    1.3585829944e-01
    1.1962500000e+05    8.1296764944e-02
    1.1970000000e+05    1.0538168238e-01
    1.1977500000e+05    1.0173859678e-01
    1.1985000000e+05    1.6661017020e-01
    1.1992500000e+05    1.3676042297e-01
    1.2000000000e+05    1.1448792656e-01
    1.2007500000e+05    1.3121332830e-01
    1.2015000000e+05    1.3912299838e-01
    1.2022500000e+05    1.6547662876e-01
    1.2030000000e+05    1.1912406752e-01
    1.2037500000e+05    1.0688128112e-01
    1.2045000000e+05    1.1739433308e-01
    1.2052500000e+05    9.1193354634e-02
    1.2060000000e+05    9.8191686809e-02
    1.2067500000e+05    9.2231383675e-02
    1.2075000000e+05    1.0068844818e-01
    1.2082500000e+05    1.0124070309e-01
    1.2090000000e+05    1.1874305119e-01
    1.2097500000e+05    1.0772760349e-01
    1.2105000000e+05    1.0814786818e-01
    1.2112500000e+05    1.3304986082e-01
    1.2120000000e+05    1.2060182694e-01
    1.2127500000e+05    1.6083723083e-01
    1.2135000000e+05    1.3807195933e-01
    1.2142500000e+05    1.1115405005e-01
    1.2150000000e+05    9.7586050404e-02
    1.2157500000e+05    1.1105697031e-01
    1.2165000000e+05    1.0102642317e-01
    1.2172500000e+05    8.2055002718e-02
    1.2180000000e+05    7.8577555743e-02
    1.2187500000e+05    8.5198956959e-02
    1.2195000000e+05    1.0669551188e-01
    1.2202500000e+05    1.4913268282e-01
    1.2210000000e+05    1.1900636555e-01
    1.2217500000e+05    1.3457254572e-01
    1.2225000000e+05    1.4584030467e-01
    1.2232500000e+05    1.5507692683e-01
    1.2240000000e+05    1.2144330598e-01
    1.2247500000e+05    1.2973226340e-01
    1.2255000000e+05    1.0070648789e-01
    1.2262500000e+05    1.4276099191e-01
    1.2270000000e+05    1.4500575591e-01
    1.2277500000e+05    1.3770570046e-01
    1.2285000000e+05    1.2275421488e-01
    1.2292500000e+05    1.5985119370e-01
    1.2300000000e+05    1.0375923838e-01
    1.2307500000e+05    1.2750681921e-01
    1.2315000000e+05    1.2299061349e-01
    1.2322500000e+05    1.0661656329e-01
    1.2330000000e+05    9.8086664582e-02
    1.2337500000e+05    1.0900251097e-01
    1.2345000000e+05    1.5468431929e-01
    1.2352500000e+05    1.1985655120e-01
    1.2360000000e+05    1.0166908711e-01
    1.2367500000e+05    1.0352590244e-01
    1.2375000000e+05    1.4696260210e-01
    1.2382500000e+05    1.2330463845e-01
    1.2390000000e+05    1.0422575765e-01
    1.2397500000e+05    1.1878272582e-01
    1.2405000000e+05    1.2561338144e-01
    1.2412500000e+05    1.0942062568e-01
    1.2420000000e+05    1.0935013986e-01
    1.2427500000e+05    1.0681285591e-01
    1.2435000000e+05    1.2592337589e-01
    1.2442500000e+05    9.7429520043e-02
    1.2450000000e+05    1.0880003615e-01
    1.2457500000e+05    1.0288643438e-01
    1.2465000000e+05    9.5564478250e-02
    1.2472500000e+05    9.7385719473e-02
    1.2480000000e+05    9.1940745590e-02
    1.2487500000e+05    8.8437689818e-02
    1.2495000000e+05    1.1170200219e-01
    1.2502500000e+05    9.8848065331e-02
    1.2510000000e+05    1.1019280560e-01
    1.2517500000e+05    1.0480177299e-01
    1.2525000000e+05    1.2110305274e-01
    1.2532500000e+05    9.4296247683e-02
    1.2540000000e+05    8.9096876045e-02
    1.2547500000e+05    1.2988668308e-01
    1.2555000000e+05    9.2920478206e-02
    1.2562500000e+05    1.2365547083e-01
    1.2570000000e+05    1.0771433473e-01
    1.2577500000e+05    9.2743308688e-02
    1.2585000000e+05    1.0658793983e-01
    1.2592500000e+05    1.0378633573e-01
    1.2600000000e+05    9.1954215314e-02
    1.2607500000e+05    1.1178924244e-01
    1.2615000000e+05    8.9631462191e-02
    1.2622500000e+05    1.2268545318e-01
    1.2630000000e+05    1.2035401444e-01
    1.2637500000e+05    1.1663055635e-01
    1.2645000000e+05    1.1863132036e-01
    1.2652500000e+05    1.1425616044e-01
    1.2660000000e+05    1.2634878764e-01
    1.2667500000e+05    1.0570240935e-01
    1.2675000000e+05    1.2242803260e-01
    1.2682500000e+05    9.1372942692e-02
    1.2690000000e+05    1.1808996140e-01
    1.2697500000e+05    1.0793740127e-01
    1.2705000000e+05    1.0757857336e-01
    1.2712500000e+05    1.2426163955e-01
    1.2720000000e+05    9.3344486933e-02
    1.2727500000e+05    9.6603273140e-02
    1.2735000000e+05    1.0164841058e-01
    1.2742500000e+05    1.1143833926e-01
    1.2750000000e+05    9.7552850683e-02
    1.2757500000e+05    1.1411787840e-01
    1.2765000000e+05    1.3359537375e-01
    1.2772500000e+05    1.0941884514e-01
    1.2780000000e+05    9.7562993549e-02
    1.2787500000e+05    1.1453294935e-01
    1.2795000000e+05    9.8140302892e-02
    1.2802500000e+05    8.6957324923e-02
    1.2810000000e+05    8.1750912294e-02
    1.2817500000e+05    1.2410657285e-01
    1.2825000000e+05    1.0959249995e-01
    1.2832500000e+05    1.7494164426e-01
    1.2840000000e+05    1.0122608632e-01
    1.2847500000e+05    1.2170317997e-01
    1.2855000000e+05    1.1915323947e-01
    1.2862500000e+05    1.2322299768e-01
    1.2870000000e+05    1.0496584372e-01
    1.2877500000e+05    8.9665798525e-02
    1.2885000000e+05    8.7358512930e-02
    1.2892500000e+05    7.8524718302e-02
    1.2900000000e+05    8.8417142861e-02
    1.2907500000e+05    8.0362227888e-02
    1.2915000000e+05    8.0720797421e-02
    1.2922500000e+05    8.9826753213e-02
    1.2930000000e+05    1.2035154592e-01
    1.2937500000e+05    1.2164269920e-01
    1.2945000000e+05    1.4708101979e-01
    1.2952500000e+05    1.0713334218e-01
    1.2960000000e+05    9.8353870094e-02
    1.2967500000e+05    9.8758716984e-02
    1.2975000000e+05    8.9893695031e-02
    1.2982500000e+05    9.9699104985e-02
    1.2990000000e+05    1.4064011537e-01
    1.2997500000e+05    1.1488980273e-01
    1.3005000000e+05    1.0844554252e-01
    1.3012500000e+05    9.4508804403e-02
    1.3020000000e+05    9.2217084570e-02
    1.3027500000e+05    1.0487788239e-01
    1.3035000000e+05    8.2619862819e-02
    1.3042500000e+05    1.2287211016e-01
    1.3050000000e+05    1.7197692986e-01
    1.3057500000e+05    1.1674393094e-01
    1.3065000000e+05    8.7218027132e-02
    1.3072500000e+05    1.0668530835e-01
    1.3080000000e+05    9.5472042880e-02
    1.3087500000e+05    9.1710626013e-02
    1.3095000000e+05    7.8229180552e-02
    1.3102500000e+05    1.1926463807e-01
    1.3110000000e+05    9.2324215369e-02
    1.3117500000e+05    9.0266266049e-02
    1.3125000000e+05    1.1088161520e-01
    1.3132500000e+05    1.5440351463e-01
    1.3140000000e+05    1.4223442946e-01
    1.3147500000e+05    1.0084999797e-01
    1.3155000000e+05    1.0083883831e-01
    1.3162500000e+05    1.0057382083e-01
    1.3170000000e+05    1.2187176793e-01
    1.3177500000e+05    1.7167944444e-01
    1.3185000000e+05    1.5980540217e-01
    1.3192500000e+05    1.4181778181e-01
    1.3200000000e+05    1.3379475159e-01
    1.3207500000e+05    1.0719875363e-01
    1.3215000000e+05    1.0847980560e-01
    1.3222500000e+05    1.0201235612e-01
    1.3230000000e+05    8.7350253192e-02
    1.3237500000e+05    1.0304467657e-01
    1.3245000000e+05    1.0699019648e-01
    1.3252500000e+05    1.4024165063e-01
    1.3260000000e+05    1.6246624809e-01
    1.3267500000e+05    1.2267241257e-01
    1.3275000000e+05    1.0624195625e-01
    1.3282500000e+05    1.0129683909e-01
    1.3290000000e+05    9.6559700651e-02
    1.3297500000e+05    1.0430953246e-01
    1.3305000000e+05    1.3556605655e-01
    1.3312500000e+05    9.4858726656e-02
    1.3320000000e+05    1.1788310141e-01
    1.3327500000e+05    1.1341231415e-01
    1.3335000000e+05    1.1216123406e-01
    1.3342500000e+05    9.5476345100e-02
    1.3350000000e+05    9.8480997514e-02
    1.3357500000e+05    9.0625426359e-02
    1.3365000000e+05    1.0987239578e-01
    1.3372500000e+05    7.9236690994e-02
    1.3380000000e+05    1.5349508688e-01
    1.3387500000e+05    1.4579896689e-01
    1.3395000000e+05    1.0962869997e-01
    1.3402500000e+05    9.2713978288e-02
    1.3410000000e+05    1.6181961191e-01
    1.3417500000e+05    9.3906537165e-02
    1.3425000000e+05    1.0051033876e-01
    1.3432500000e+05    8.9340677948e-02
    1.3440000000e+05    1.0147621231e-01
    1.3447500000e+05    9.4825311587e-02
    1.3455000000e+05    1.1605276554e-01
    1.3462500000e+05    9.0976523746e-02
    1.3470000000e+05    8.7675696197e-02
    1.3477500000e+05    1.1245090835e-01
    1.3485000000e+05    1.2822219245e-01
    1.3492500000e+05    1.2731353036e-01
    1.3500000000e+05    1.2235680758e-01
    1.3507500000e+05    1.1672089882e-01
    1.3515000000e+05    1.0402568201e-01
    1.3522500000e+05    1.2125413311e-01
    1.3530000000e+05    1.3257509169e-01
    1.3537500000e+05    1.2731901912e-01
    1.3545000000e+05    1.1702208813e-01
    1.3552500000e+05    1.2164179348e-01
    1.3560000000e+05    1.2703331893e-01
    1.3567500000e+05    1.0730965002e-01
    1.3575000000e+05    9.4565605397e-02
    1.3582500000e+05    8.6773083405e-02
    1.3590000000e+05    9.1395065845e-02
    1.3597500000e+05    8.5241458717e-02
    1.3605000000e+05    1.0215945887e-01
    1.3612500000e+05    1.3085231359e-01
    1.3620000000e+05    1.1685137407e-01
    1.3627500000e+05    9.3920641727e-02
    1.3635000000e+05    1.1123636384e-01
    1.3642500000e+05    1.1142367435e-01
    1.3650000000e+05    9.9811430161e-02
    1.3657500000e+05    9.4149424369e-02
    1.3665000000e+05    8.8968590332e-02
    1.3672500000e+05    1.0184131069e-01
    1.3680000000e+05    8.7855209395e-02
    1.3687500000e+05    1.0962326040e-01
    1.3695000000e+05    1.1948821941e-01
    1.3702500000e+05    1.3606654205e-01
    1.3710000000e+05    1.0475836180e-01
    1.3717500000e+05    1.0031120339e-01
    1.3725000000e+05    1.2854295700e-01
    1.3732500000e+05    1.3359695836e-01
    1.3740000000e+05    1.0146684660e-01
    1.3747500000e+05    1.1955787912e-01
    1.3755000000e+05    1.0793620074e-01
    1.3762500000e+05    1.2689813781e-01
    1.3770000000e+05    1.5298749593e-01
    1.3777500000e+05    1.1260278493e-01
    1.3785000000e+05    9.3256421486e-02
    1.3792500000e+05    8.3139841650e-02
    1.3800000000e+05    8.9847409958e-02
    1.3807500000e+05    1.2980852510e-01
    1.3815000000e+05    1.8058445927e-01
    1.3822500000e+05    2.6299056581e-01
    1.3830000000e+05    1.3590763569e-01
    1.3837500000e+05    1.0429988219e-01
    1.3845000000e+05    1.1935286179e-01
    1.3852500000e+05    9.4247872270e-02
    1.3860000000e+05    1.0108645587e-01
    1.3867500000e+05    1.2512634430e-01
    1.3875000000e+05    1.0613415050e-01
    1.3882500000e+05    1.2912493630e-01
    1.3890000000e+05    1.1249333320e-01
    1.3897500000e+05    1.0779149556e-01
    1.3905000000e+05    8.6312180492e-02
    1.3912500000e+05    1.0658647887e-01
    1.3920000000e+05    1.1025483678e-01
    1.3927500000e+05    1.1176186819e-01
    1.3935000000e+05    1.2141258277e-01
    1.3942500000e+05    1.2063857295e-01
    1.3950000000e+05    1.0876878041e-01
    1.3957500000e+05    7.8534266343e-02
    1.3965000000e+05    1.1353498438e-01
    1.3972500000e+05    1.0791942461e-01
    1.3980000000e+05    1.1216116974e-01
    1.3987500000e+05    1.0730152555e-01
    1.3995000000e+05    1.1077464004e-01
    1.4002500000e+05    1.1154282242e-01
    1.4010000000e+05    1.6109747285e-01
    1.4017500000e+05    1.4489355685e-01
    1.4025000000e+05    1.1423777982e-01
    1.4032500000e+05    1.7262818795e-01
    1.4040000000e+05    1.0867297508e-01
    1.4047500000e+05    1.4937192537e-01
    1.4055000000e+05    1.0953201156e-01
    1.4062500000e+05    9.2505579750e-02
    1.4070000000e+05    1.2603041774e-01
    1.4077500000e+05    9.0487226880e-02
    1.4085000000e+05    9.2680382149e-02
    1.4092500000e+05    1.1104381280e-01
    1.4100000000e+05    8.4649352218e-02
    1.4107500000e+05    1.3839985037e-01
    1.4115000000e+05    1.0368868886e-01
    1.4122500000e+05    8.9159388158e-02
    1.4130000000e+05    1.0149969220e-01
    1.4137500000e+05    1.0512929726e-01
    1.4145000000e+05    1.7421314880e-01
    1.4152500000e+05    1.4616195507e-01
    1.4160000000e+05    9.2211828055e-02
    1.4167500000e+05    1.2293138015e-01
    1.4175000000e+05    1.3423092072e-01
    1.4182500000e+05    1.0712080721e-01
    1.4190000000e+05    9.9405418846e-02
    1.4197500000e+05    1.0340267019e-01
    1.4205000000e+05    9.0854345766e-02
    1.4212500000e+05    1.0181118214e-01
    1.4220000000e+05    8.6891985232e-02
    1.4227500000e+05    1.0047810396e-01
    1.4235000000e+05    1.0661234835e-01
    1.4242500000e+05    1.3057357342e-01
    1.4250000000e+05    1.1618551010e-01
    1.4257500000e+05    9.2734956321e-02
    1.4265000000e+05    8.9911484485e-02
    1.4272500000e+05    1.0670671615e-01
    1.4280000000e+05    1.0814682732e-01
    1.4287500000e+05    1.2404821917e-01
    1.4295000000e+05    1.0876601615e-01
    1.4302500000e+05    1.1399215852e-01
    1.4310000000e+05    1.1447148638e-01
    1.4317500000e+05    1.0763186991e-01
    1.4325000000e+05    9.0671147381e-02
    1.4332500000e+05    1.0030160372e-01
    1.4340000000e+05    8.4566032903e-02
    1.4347500000e+05    9.5328416020e-02
    1.4355000000e+05    1.0513818596e-01
    1.4362500000e+05    9.4892973682e-02
    1.4370000000e+05    1.0246056848e-01
    1.4377500000e+05    9.5323425031e-02
    1.4385000000e+05    1.1567881129e-01
    1.4392500000e+05    9.7740951423e-02
    1.4400000000e+05    1.1734422865e-01
    1.4407500000e+05    1.1395903925e-01
    1.4415000000e+05    1.0711083556e-01
    1.4422500000e+05    1.1012211579e-01
    1.4430000000e+05    1.0590948322e-01
    1.4437500000e+05    8.6836447066e-02
    1.4445000000e+05    1.0643713249e-01
    1.4452500000e+05    1.4870124293e-01
    1.4460000000e+05    1.1235467347e-01
    1.4467500000e+05    8.1546152482e-02
    1.4475000000e+05    1.0473714998e-01
    1.4482500000e+05    9.6271575388e-02
    1.4490000000e+05    1.1159197162e-01
    1.4497500000e+05    1.0560516996e-01
    1.4505000000e+05    7.5534248191e-02
    1.4512500000e+05    1.4892954249e-01
    1.4520000000e+05    9.9036890208e-02
    1.4527500000e+05    9.1226791397e-02
    1.4535000000e+05    8.7416139741e-02
    1.4542500000e+05    8.4076272277e-02
    1.4550000000e+05    9.9091480485e-02
    1.4557500000e+05    1.0182832755e-01
    1.4565000000e+05    1.1555480597e-01
    1.4572500000e+05    8.6043383855e-02
    1.4580000000e+05    9.4722561692e-02
    1.4587500000e+05    2.3615078626e-01
    1.4595000000e+05    1.3430547553e-01
    1.4602500000e+05    1.6046793723e-01
    1.4610000000e+05    1.3080629596e-01
    1.4617500000e+05    1.0346266748e-01
    1.4625000000e+05    1.1110059387e-01
    1.4632500000e+05    1.3364953467e-01
    1.4640000000e+05    1.2900187921e-01
    1.4647500000e+05    1.5319889675e-01
    1.4655000000e+05    1.2137332375e-01
    1.4662500000e+05    1.1416147795e-01
    1.4670000000e+05    1.6234543898e-01
    1.4677500000e+05    1.3512135075e-01
    1.4685000000e+05    1.2589123464e-01
    1.4692500000e+05    8.8482123493e-02
    1.4700000000e+05    8.0938018739e-02
    1.4707500000e+05    9.2136225604e-02
    1.4715000000e+05    8.1087132150e-02
    1.4722500000e+05    9.2735400704e-02
    1.4730000000e+05    1.1606424382e-01
    1.4737500000e+05    1.5991451582e-01
    1.4745000000e+05    1.9208726582e-01
    1.4752500000e+05    1.5137006683e-01
    1.4760000000e+05    1.2827788317e-01
    1.4767500000e+05    1.3130163747e-01
    1.4775000000e+05    1.1555018140e-01
    1.4782500000e+05    1.1658018938e-01
    1.4790000000e+05    1.1808197856e-01
    1.4797500000e+05    1.6438733679e-01
    1.4805000000e+05    9.1006283972e-02
    1.4812500000e+05    8.0518342927e-02
    1.4820000000e+05    1.0683618406e-01
    1.4827500000e+05    1.0018342987e-01
    1.4835000000e+05    1.2463955219e-01
    1.4842500000e+05    1.2541107272e-01
    1.4850000000e+05    1.3396626967e-01
    1.4857500000e+05    2.6871138250e-01
    1.4865000000e+05    2.7628421470e-01
    1.4872500000e+05    1.5317612677e-01
    1.4880000000e+05    1.0897476669e-01
    1.4887500000e+05    1.2499534362e-01
    1.4895000000e+05    1.0275784741e-01
    1.4902500000e+05    1.0709192722e-01
    1.4910000000e+05    9.1371149084e-02
    1.4917500000e+05    9.6173659416e-02
    1.4925000000e+05    1.1051096263e-01
    1.4932500000e+05    1.1845511282e-01
    1.4940000000e+05    1.3410736395e-01
    1.4947500000e+05    1.3950962158e-01
    1.4955000000e+05    1.3323484217e-01
    1.4962500000e+05    2.1677476845e-01
    1.4970000000e+05    1.1467614015e-01
    1.4977500000e+05    9.4252533986e-02
    1.4985000000e+05    1.2343177793e-01
    1.4992500000e+05    1.3186028987e-01
    1.5000000000e+05    9.5265605356e-02
