    1.0000000000e+02    2.1884817470e-01
    2.0000000000e+02    1.3173889364e-01
    3.0000000000e+02    2.1152948992e-01
    4.0000000000e+02    2.0954349473e-01
    5.0000000000e+02    1.0249101814e-01
    6.0000000000e+02    1.0598941743e-01
    7.0000000000e+02    3.5451505477e-01
    8.0000000000e+02    1.5296675464e-01
    9.0000000000e+02    1.3892592572e-01
    1.0000000000e+03    2.6790419671e-01
    1.1000000000e+03    1.6596722193e-01
    1.2000000000e+03    1.0150950439e-01
    1.3000000000e+03    1.1993069874e-01
    1.4000000000e+03    1.3250389254e-01
    1.5000000000e+03    1.2223704647e-01
    1.6000000000e+03    8.3810261041e-02
    1.7000000000e+03    1.2746559006e-01
    1.8000000000e+03    1.2627183712e-01
    1.9000000000e+03    1.4110320142e-01
    2.0000000000e+03    1.1892841345e-01
    2.1000000000e+03    1.4125283617e-01
    2.2000000000e+03    1.9238188295e-01
    2.3000000000e+03    1.2254735882e-01
    2.4000000000e+03    1.3961934831e-01
    2.5000000000e+03    1.0340906043e-01
    2.6000000000e+03    1.6533882804e-01
    2.7000000000e+03    1.4544032758e-01
    2.8000000000e+03    1.4177044547e-01
    2.9000000000e+03    2.2944327037e-01
    3.0000000000e+03    1.5960748640e-01
    3.1000000000e+03    1.5079113134e-01
    3.2000000000e+03    1.4757488110e-01
    3.3000000000e+03    1.4665401879e-01
    3.4000000000e+03    1.7957541900e-01
    3.5000000000e+03    1.3472568580e-01
    3.6000000000e+03    1.3460251471e-01
    3.7000000000e+03    1.2504209475e-01
    3.8000000000e+03    1.9612696538e-01
    3.9000000000e+03    9.4580971132e-02
    4.0000000000e+03    2.4183735986e-01
    4.1000000000e+03    1.0867674939e-01
    4.2000000000e+03    1.9399868027e-01
    4.3000000000e+03    1.7704060732e-01
    4.4000000000e+03    1.4452041184e-01
    4.5000000000e+03    1.4572017569e-01
    4.6000000000e+03    1.5207252449e-01
    4.7000000000e+03    1.5239949955e-01
    4.8000000000e+03    1.3134634429e-01
    4.9000000000e+03    1.5618986601e-01
    5.0000000000e+03    1.1198797851e-01
    5.1000000000e+03    1.5892984088e-01
    5.2000000000e+03    1.3402406057e-01
    5.3000000000e+03    1.2565012867e-01
    5.4000000000e+03    1.3246665568e-01
    5.5000000000e+03    1.4529155974e-01
    5.6000000000e+03    1.1043882473e-01
    5.7000000000e+03    1.5205578411e-01
    5.8000000000e+03    1.1432327682e-01
    5.9000000000e+03    1.8407543427e-01
    6.0000000000e+03    1.1663530742e-01
    6.1000000000e+03    1.4237801993e-01
    6.2000000000e+03    1.0803309809e-01
    6.3000000000e+03    1.2757563676e-01
    6.4000000000e+03    1.8265350645e-01
    6.5000000000e+03    2.2733239443e-01
    6.6000000000e+03    1.5287191499e-01
    6.7000000000e+03    1.4816294268e-01
    6.8000000000e+03    1.1264472999e-01
    6.9000000000e+03    1.4112631198e-01
    7.0000000000e+03    1.0805560196e-01
    7.1000000000e+03    8.2910987078e-02
    7.2000000000e+03    1.7933337169e-01
    7.3000000000e+03    1.1063044915e-01
    7.4000000000e+03    1.0840836275e-01
    7.5000000000e+03    2.0635540040e-01
    7.6000000000e+03    1.6127606749e-01
    7.7000000000e+03    1.3225022139e-01
    7.8000000000e+03    1.2284070943e-01
    7.9000000000e+03    1.1754899814e-01
    8.0000000000e+03    1.0939937286e-01
    8.1000000000e+03    1.1637300391e-01
    8.2000000000e+03    1.2951105805e-01
    8.3000000000e+03    1.1095914781e-01
    8.4000000000e+03    1.2906305338e-01
    8.5000000000e+03    1.1569089321e-01
    8.6000000000e+03    1.0680038027e-01
    8.7000000000e+03    1.3940064103e-01
    8.8000000000e+03    1.4317516364e-01
    8.9000000000e+03    1.2959837174e-01
    9.0000000000e+03    1.4561141760e-01
    9.1000000000e+03    1.4812374897e-01
    9.2000000000e+03    1.3536324160e-01
    9.3000000000e+03    1.9131012819e-01
    9.4000000000e+03    1.9364908178e-01
    9.5000000000e+03    1.4428439975e-01
    9.6000000000e+03    1.2570236837e-01
    9.7000000000e+03    1.0551495370e-01
    9.8000000000e+03    1.0355298403e-01
    9.9000000000e+03    1.2622541231e-01
    1.0000000000e+04    1.2927913810e-01
    1.0100000000e+04    1.4993788262e-01
    1.0200000000e+04    1.3421153363e-01
    1.0300000000e+04    1.7208340062e-01
    1.0400000000e+04    1.2099136203e-01
    1.0500000000e+04    1.0853720669e-01
    1.0600000000e+04    1.5733631907e-01
    1.0700000000e+04    1.2215577934e-01
    1.0800000000e+04    1.1934400138e-01
    1.0900000000e+04    1.2851183885e-01
    1.1000000000e+04    1.3358091130e-01
    1.1100000000e+04    1.3370220103e-01
    1.1200000000e+04    1.0922937323e-01
    1.1300000000e+04    1.2371653405e-01
    1.1400000000e+04    1.4340965675e-01
    1.1500000000e+04    1.1005536888e-01
    1.1600000000e+04    1.2171925581e-01
    1.1700000000e+04    1.2192063422e-01
    1.1800000000e+04    1.2999603370e-01
    1.1900000000e+04    1.1973259770e-01
    1.2000000000e+04    1.4743555429e-01
    1.2100000000e+04    1.9175514225e-01
    1.2200000000e+04    1.5878461741e-01
    1.2300000000e+04    1.2045646632e-01
    1.2400000000e+04    1.7399411825e-01
    1.2500000000e+04    1.4032933041e-01
    1.2600000000e+04    1.7096530969e-01
    1.2700000000e+04    1.6176398439e-01
    1.2800000000e+04    1.3519374403e-01
    1.2900000000e+04    1.2858329834e-01
    1.3000000000e+04    1.4903293173e-01
    1.3100000000e+04    1.6585823712e-01
    1.3200000000e+04    1.2973831149e-01
    1.3300000000e+04    1.5602196204e-01
    1.3400000000e+04    1.0973194248e-01
    1.3500000000e+04    8.8840330826e-02
    1.3600000000e+04    1.2128342934e-01
    1.3700000000e+04    1.6306448109e-01
    1.3800000000e+04    1.0478446067e-01
    1.3900000000e+04    1.2864890865e-01
    1.4000000000e+04    1.1521951860e-01
    1.4100000000e+04    2.1330061065e-01
    1.4200000000e+04    1.9571670796e-01
    1.4300000000e+04    1.3864488044e-01
    1.4400000000e+04    1.2704334574e-01
    1.4500000000e+04    1.2676671290e-01
    1.4600000000e+04    1.5777412777e-01
    1.4700000000e+04    1.5522121574e-01
    1.4800000000e+04    1.5918553146e-01
    1.4900000000e+04    1.2589031469e-01
    1.5000000000e+04    1.0033480829e-01
    1.5100000000e+04    1.0525578738e-01
    1.5200000000e+04    1.0930108486e-01
    1.5300000000e+04    1.2283950290e-01
    1.5400000000e+04    1.0428734305e-01
    1.5500000000e+04    1.0764313244e-01
    1.5600000000e+04    1.2671060801e-01
    1.5700000000e+04    1.1240851911e-01
    1.5800000000e+04    1.1519282579e-01
    1.5900000000e+04    1.6970248469e-01
    1.6000000000e+04    2.0680581584e-01
    1.6100000000e+04    1.7750513403e-01
    1.6200000000e+04    1.5244512583e-01
    1.6300000000e+04    9.4220709813e-02
    1.6400000000e+04    1.4794203710e-01
    1.6500000000e+04    1.4746913625e-01
    1.6600000000e+04    1.6326400087e-01
    1.6700000000e+04    1.5079949899e-01
    1.6800000000e+04    1.2458440557e-01
    1.6900000000e+04    1.2840013608e-01
    1.7000000000e+04    1.9500773290e-01
    1.7100000000e+04    1.5006135163e-01
    1.7200000000e+04    1.3403895351e-01
    1.7300000000e+04    1.2033875990e-01
    1.7400000000e+04    1.1542299689e-01
    1.7500000000e+04    1.2896092835e-01
    1.7600000000e+04    1.0580358083e-01
    1.7700000000e+04    1.6756139778e-01
    1.7800000000e+04    1.7640963051e-01
    1.7900000000e+04    1.3394605131e-01
    1.8000000000e+04    1.2679365397e-01
    1.8100000000e+04    1.1333140190e-01
    1.8200000000e+04    1.4075003598e-01
    1.8300000000e+04    1.3813916982e-01
    1.8400000000e+04    1.4805527506e-01
    1.8500000000e+04    1.8332280925e-01
    1.8600000000e+04    1.1436306024e-01
    1.8700000000e+04    1.3365531797e-01
    1.8800000000e+04    9.7741883845e-02
    1.8900000000e+04    1.0991325100e-01
    1.9000000000e+04    1.1316267470e-01
    1.9100000000e+04    1.0997644260e-01
    1.9200000000e+04    1.2900038114e-01
    1.9300000000e+04    1.4743124459e-01
    1.9400000000e+04    1.2428698656e-01
    1.9500000000e+04    1.5591760093e-01
    1.9600000000e+04    1.6268427454e-01
    1.9700000000e+04    1.1877975657e-01
    1.9800000000e+04    1.1063633208e-01
    1.9900000000e+04    1.2469650196e-01
    2.0000000000e+04    1.3522335057e-01
    2.0100000000e+04    1.3517090720e-01
    2.0200000000e+04    1.5618035822e-01
    2.0300000000e+04    1.1537512250e-01
    2.0400000000e+04    1.4736543440e-01
    2.0500000000e+04    1.3090936075e-01
    2.0600000000e+04    1.7175649297e-01
    2.0700000000e+04    1.6426236603e-01
    2.0800000000e+04    1.8604082638e-01
    2.0900000000e+04    1.6466033562e-01
    2.1000000000e+04    1.6484989002e-01
    2.1100000000e+04    1.2982768394e-01
    2.1200000000e+04    1.5945478113e-01
    2.1300000000e+04    1.3958699073e-01
    2.1400000000e+04    1.2004732535e-01
    2.1500000000e+04    1.2586736051e-01
    2.1600000000e+04    1.0672735100e-01
    2.1700000000e+04    1.2806193734e-01
    2.1800000000e+04    1.1845049744e-01
    2.1900000000e+04    1.1165928510e-01
    2.2000000000e+04    1.3187846786e-01
    2.2100000000e+04    1.3494976235e-01
    2.2200000000e+04    1.3707622408e-01
    2.2300000000e+04    1.3117931344e-01
    2.2400000000e+04    1.2783008814e-01
    2.2500000000e+04    1.4935881158e-01
    2.2600000000e+04    1.4286216191e-01
    2.2700000000e+04    1.2609074189e-01
    2.2800000000e+04    1.5359539735e-01
    2.2900000000e+04    1.0749604525e-01
    2.3000000000e+04    1.7525244549e-01
    2.3100000000e+04    1.4810180418e-01
    2.3200000000e+04    1.5648195411e-01
    2.3300000000e+04    1.2580011695e-01
    2.3400000000e+04    1.3144346532e-01
    2.3500000000e+04    1.4488072981e-01
    2.3600000000e+04    1.1702166367e-01
    2.3700000000e+04    1.2097044380e-01
    2.3800000000e+04    1.4586274968e-01
    2.3900000000e+04    1.2902106403e-01
    2.4000000000e+04    1.4376307544e-01
    2.4100000000e+04    1.5219864803e-01
    2.4200000000e+04    1.1731117363e-01
    2.4300000000e+04    1.1572570162e-01
    2.4400000000e+04    1.3257802623e-01
    2.4500000000e+04    1.6602708815e-01
    2.4600000000e+04    1.0220116222e-01
    2.4700000000e+04    1.5542695045e-01
    2.4800000000e+04    1.0522801051e-01
    2.4900000000e+04    1.7852375081e-01
    2.5000000000e+04    1.1437029343e-01
    2.5100000000e+04    1.0369094424e-01
    2.5200000000e+04    1.2242244248e-01
    2.5300000000e+04    1.5269031668e-01
    2.5400000000e+04    1.6537647828e-01
    2.5500000000e+04    1.1585760410e-01
    2.5600000000e+04    1.2303744949e-01
    2.5700000000e+04    8.3127242496e-02
    2.5800000000e+04    1.3021299384e-01
    2.5900000000e+04    9.6800110404e-02
    2.6000000000e+04    1.2505823778e-01
    2.6100000000e+04    1.2970214140e-01
    2.6200000000e+04    1.5455518243e-01
    2.6300000000e+04    1.1284036766e-01
    2.6400000000e+04    1.8542965762e-01
    2.6500000000e+04    1.0606723631e-01
    2.6600000000e+04    1.3393722172e-01
    2.6700000000e+04    2.0792045183e-01
    2.6800000000e+04    1.0813777594e-01
    2.6900000000e+04    1.5580127982e-01
    2.7000000000e+04    1.1467273178e-01
    2.7100000000e+04    1.1385570965e-01
    2.7200000000e+04    1.3364800005e-01
    2.7300000000e+04    2.7585537186e-01
    2.7400000000e+04    1.3002098067e-01
    2.7500000000e+04    1.3374373927e-01
    2.7600000000e+04    1.3829417109e-01
    2.7700000000e+04    1.4074181882e-01
    2.7800000000e+04    1.1454450062e-01
    2.7900000000e+04    1.1231510820e-01
    2.8000000000e+04    1.2420846784e-01
    2.8100000000e+04    1.8659194975e-01
    2.8200000000e+04    1.7442004770e-01
    2.8300000000e+04    1.6829308992e-01
    2.8400000000e+04    1.0219587213e-01
    2.8500000000e+04    1.2737868354e-01
    2.8600000000e+04    1.4364942650e-01
    2.8700000000e+04    1.3397614326e-01
    2.8800000000e+04    1.1181921232e-01
    2.8900000000e+04    1.8061220734e-01
    2.9000000000e+04    1.3669402337e-01
    2.9100000000e+04    1.3486776164e-01
    2.9200000000e+04    1.2885690771e-01
    2.9300000000e+04    1.8565429467e-01
    2.9400000000e+04    1.2307673699e-01
    2.9500000000e+04    1.2588856152e-01
    2.9600000000e+04    1.5061484201e-01
    2.9700000000e+04    1.5094424660e-01
    2.9800000000e+04    9.6886953536e-02
    2.9900000000e+04    1.0569382971e-01
    3.0000000000e+04    1.1213822793e-01
    3.0100000000e+04    1.1235296699e-01
    3.0200000000e+04    1.2619930087e-01
    3.0300000000e+04    1.3046467132e-01
    3.0400000000e+04    1.6982184224e-01
    3.0500000000e+04    1.1012891178e-01
    3.0600000000e+04    9.8017009754e-02
    3.0700000000e+04    1.0701854033e-01
    3.0800000000e+04    1.9478963082e-01
    3.0900000000e+04    1.3390246511e-01
    3.1000000000e+04    1.3308145743e-01
    3.1100000000e+04    9.9237139665e-02
    3.1200000000e+04    1.0370830279e-01
    3.1300000000e+04    1.1319587251e-01
    3.1400000000e+04    1.2337248780e-01
    3.1500000000e+04    1.4699137185e-01
    3.1600000000e+04    1.6260154932e-01
    3.1700000000e+04    1.5228307015e-01
    3.1800000000e+04    1.0366158514e-01
    3.1900000000e+04    1.6194602874e-01
    3.2000000000e+04    1.5917212964e-01
    3.2100000000e+04    1.3760956492e-01
    3.2200000000e+04    1.2539867857e-01
    3.2300000000e+04    1.5806584600e-01
    3.2400000000e+04    1.0196867920e-01
    3.2500000000e+04    9.4742102151e-02
    3.2600000000e+04    1.1515692869e-01
    3.2700000000e+04    1.0327546651e-01
    3.2800000000e+04    1.2183539974e-01
    3.2900000000e+04    1.3956522725e-01
    3.3000000000e+04    1.5091447169e-01
    3.3100000000e+04    1.6309722584e-01
    3.3200000000e+04    1.3104822192e-01
    3.3300000000e+04    1.2057594086e-01
    3.3400000000e+04    1.2583942472e-01
    3.3500000000e+04    1.0627284900e-01
    3.3600000000e+04    1.0448385169e-01
    3.3700000000e+04    1.1339690370e-01
    3.3800000000e+04    1.7127128671e-01
    3.3900000000e+04    1.4077405651e-01
    3.4000000000e+04    1.3410187668e-01
    3.4100000000e+04    1.4008547633e-01
    3.4200000000e+04    1.1881296824e-01
    3.4300000000e+04    9.8702231885e-02
    3.4400000000e+04    1.6653835366e-01
    3.4500000000e+04    1.3159033438e-01
    3.4600000000e+04    1.5185223395e-01
    3.4700000000e+04    2.1133090414e-01
    3.4800000000e+04    1.2085322194e-01
    3.4900000000e+04    1.4150786774e-01
    3.5000000000e+04    1.5647999637e-01
    3.5100000000e+04    1.6363049757e-01
    3.5200000000e+04    1.3270003036e-01
    3.5300000000e+04    1.3068718395e-01
    3.5400000000e+04    1.2540570389e-01
    3.5500000000e+04    1.4237760589e-01
    3.5600000000e+04    1.1641554836e-01
    3.5700000000e+04    1.2297042721e-01
    3.5800000000e+04    1.2270078063e-01
    3.5900000000e+04    1.2083714314e-01
    3.6000000000e+04    1.1187414450e-01
    3.6100000000e+04    1.2043180666e-01
    3.6200000000e+04    1.0249421505e-01
    3.6300000000e+04    1.6735079492e-01
    3.6400000000e+04    1.8218033703e-01
    3.6500000000e+04    1.6666439358e-01
    3.6600000000e+04    1.7557259754e-01
    3.6700000000e+04    1.7491909812e-01
    3.6800000000e+04    1.4212411403e-01
    3.6900000000e+04    1.5843891180e-01
    3.7000000000e+04    1.1897918362e-01
    3.7100000000e+04    1.5397103121e-01
    3.7200000000e+04    1.2744928777e-01
    3.7300000000e+04    1.6629509024e-01
    3.7400000000e+04    1.3563073683e-01
    3.7500000000e+04    1.5087954256e-01
    3.7600000000e+04    1.3156972995e-01
    3.7700000000e+04    2.1524859344e-01
    3.7800000000e+04    1.4902080146e-01
    3.7900000000e+04    1.1167143607e-01
    3.8000000000e+04    1.4032323329e-01
    3.8100000000e+04    1.5086408117e-01
    3.8200000000e+04    1.2218251803e-01
    3.8300000000e+04    1.5092949070e-01
    3.8400000000e+04    1.0396555503e-01
    3.8500000000e+04    1.2563898743e-01
    3.8600000000e+04    1.2490923402e-01
    3.8700000000e+04    1.3140802696e-01
    3.8800000000e+04    1.0580422798e-01
    3.8900000000e+04    1.7328847958e-01
    3.9000000000e+04    1.3721549423e-01
    3.9100000000e+04    9.2411376030e-02
    3.9200000000e+04    1.4658164445e-01
    3.9300000000e+04    1.4504139062e-01
    3.9400000000e+04    1.5638381164e-01
    3.9500000000e+04    1.2583886848e-01
    3.9600000000e+04    1.4799702378e-01
    3.9700000000e+04    1.3583527501e-01
    3.9800000000e+04    1.2667880311e-01
    3.9900000000e+04    1.7609648163e-01
    4.0000000000e+04    2.0860824950e-01
    4.0100000000e+04    1.4865807379e-01
    4.0200000000e+04    1.1364419712e-01
    4.0300000000e+04    1.1453921164e-01
    4.0400000000e+04    1.5059911047e-01
    4.0500000000e+04    1.1688235922e-01
    4.0600000000e+04    1.4024545068e-01
    4.0700000000e+04    1.4132327510e-01
    4.0800000000e+04    1.3174906275e-01
    4.0900000000e+04    1.3578329459e-01
    4.1000000000e+04    1.4494696925e-01
    4.1100000000e+04    1.1144703421e-01
    4.1200000000e+04    1.9295933057e-01
    4.1300000000e+04    1.6188287806e-01
    4.1400000000e+04    1.3018586597e-01
    4.1500000000e+04    1.1686280844e-01
    4.1600000000e+04    1.3038907505e-01
    4.1700000000e+04    1.4524715230e-01
    4.1800000000e+04    1.4149298256e-01
    4.1900000000e+04    1.6860635344e-01
    4.2000000000e+04    1.6017104786e-01
    4.2100000000e+04    1.3802292322e-01
    4.2200000000e+04    1.3495918870e-01
    4.2300000000e+04    1.5414909627e-01
    4.2400000000e+04    1.2119133483e-01
    4.2500000000e+04    1.4062394059e-01
    4.2600000000e+04    1.3757796459e-01
    4.2700000000e+04    1.3894591173e-01
    4.2800000000e+04    1.6036497384e-01
    4.2900000000e+04    1.1735367146e-01
    4.3000000000e+04    1.1268015255e-01
    4.3100000000e+04    1.1819247492e-01
    4.3200000000e+04    1.0117257159e-01
    4.3300000000e+04    1.3863418633e-01
    4.3400000000e+04    1.4993774079e-01
    4.3500000000e+04    1.4730646596e-01
    4.3600000000e+04    1.2880585454e-01
    4.3700000000e+04    1.5336350089e-01
    4.3800000000e+04    1.2546621894e-01
    4.3900000000e+04    1.2788454306e-01
    4.4000000000e+04    1.8421907236e-01
    4.4100000000e+04    1.5064539993e-01
    4.4200000000e+04    9.7509976563e-02
    4.4300000000e+04    1.2926529896e-01
    4.4400000000e+04    1.4306864246e-01
    4.4500000000e+04    1.1564769906e-01
    4.4600000000e+04    1.3150026548e-01
    4.4700000000e+04    1.6371939364e-01
    4.4800000000e+04    1.4164931753e-01
    4.4900000000e+04    1.1759518238e-01
    4.5000000000e+04    1.2441805542e-01
    4.5100000000e+04    1.3501883823e-01
    4.5200000000e+04    1.6277801955e-01
    4.5300000000e+04    1.7304318828e-01
    4.5400000000e+04    1.9951448721e-01
    4.5500000000e+04    1.3880705213e-01
    4.5600000000e+04    1.1114831006e-01
    4.5700000000e+04    1.1282512625e-01
    4.5800000000e+04    1.3635874226e-01
    4.5900000000e+04    1.2538816596e-01
    4.6000000000e+04    1.0846538494e-01
    4.6100000000e+04    1.2103575335e-01
    4.6200000000e+04    1.3558658096e-01
    4.6300000000e+04    1.3618842735e-01
    4.6400000000e+04    1.3916984242e-01
    4.6500000000e+04    1.6064112108e-01
    4.6600000000e+04    9.8170537239e-02
    4.6700000000e+04    1.2021349709e-01
    4.6800000000e+04    1.2098345358e-01
    4.6900000000e+04    1.3396363173e-01
    4.7000000000e+04    1.4628825930e-01
    4.7100000000e+04    1.1902675433e-01
    4.7200000000e+04    1.1183161630e-01
    4.7300000000e+04    1.3494622430e-01
    4.7400000000e+04    1.4853603587e-01
    4.7500000000e+04    1.3271028999e-01
    4.7600000000e+04    1.3313054111e-01
    4.7700000000e+04    9.8582082920e-02
    4.7800000000e+04    1.3000027251e-01
    4.7900000000e+04    1.1951032747e-01
    4.8000000000e+04    1.1015226488e-01
    4.8100000000e+04    1.2949943265e-01
    4.8200000000e+04    1.2226443312e-01
    4.8300000000e+04    1.4189775236e-01
    4.8400000000e+04    9.8807472634e-02
    4.8500000000e+04    1.3668192185e-01
    4.8600000000e+04    1.2919558745e-01
    4.8700000000e+04    1.1770055915e-01
    4.8800000000e+04    1.3116239163e-01
    4.8900000000e+04    9.5049130885e-02
    4.9000000000e+04    1.3942396123e-01
    4.9100000000e+04    1.2825256945e-01
    4.9200000000e+04    1.5436204640e-01
    4.9300000000e+04    1.3993220883e-01
    4.9400000000e+04    1.3579375855e-01
    4.9500000000e+04    1.5319712444e-01
    4.9600000000e+04    1.5974462705e-01
    4.9700000000e+04    1.6236820292e-01
    4.9800000000e+04    1.2356176591e-01
    4.9900000000e+04    1.3214179810e-01
    5.0000000000e+04    9.9325582600e-02
    5.0100000000e+04    1.1622697771e-01
    5.0200000000e+04    1.2447164953e-01
    5.0300000000e+04    1.2128284388e-01
    5.0400000000e+04    1.7209914131e-01
    5.0500000000e+04    1.6293732545e-01
    5.0600000000e+04    1.6752160021e-01
    5.0700000000e+04    1.4467646050e-01
    5.0800000000e+04    1.7597593056e-01
    5.0900000000e+04    1.3080153455e-01
    5.1000000000e+04    1.5186231371e-01
    5.1100000000e+04    1.3471433062e-01
    5.1200000000e+04    1.7528436016e-01
    5.1300000000e+04    1.5457066543e-01
    5.1400000000e+04    1.2205524777e-01
    5.1500000000e+04    1.2117524081e-01
    5.1600000000e+04    1.4451202235e-01
    5.1700000000e+04    9.8697779010e-02
    5.1800000000e+04    1.5461084677e-01
    5.1900000000e+04    1.7935497923e-01
    5.2000000000e+04    1.3158018182e-01
    5.2100000000e+04    1.5569130635e-01
    5.2200000000e+04    1.6231584678e-01
    5.2300000000e+04    1.4442873716e-01
    5.2400000000e+04    1.1132748606e-01
    5.2500000000e+04    1.4873847554e-01
    5.2600000000e+04    9.4992889450e-02
    5.2700000000e+04    1.2525044600e-01
    5.2800000000e+04    1.2992255492e-01
    5.2900000000e+04    1.1148575526e-01
    5.3000000000e+04    1.0062946475e-01
    5.3100000000e+04    1.3637210246e-01
    5.3200000000e+04    1.3156200089e-01
    5.3300000000e+04    1.3408593073e-01
    5.3400000000e+04    1.6538751837e-01
    5.3500000000e+04    1.6230219020e-01
    5.3600000000e+04    1.4486080478e-01
    5.3700000000e+04    1.4211922804e-01
    5.3800000000e+04    1.6045138318e-01
    5.3900000000e+04    1.2557720960e-01
    5.4000000000e+04    1.2399915820e-01
    5.4100000000e+04    1.2336862363e-01
    5.4200000000e+04    1.7394165863e-01
    5.4300000000e+04    1.5510160518e-01
    5.4400000000e+04    1.3904863069e-01
    5.4500000000e+04    1.6209796569e-01
    5.4600000000e+04    1.1275082908e-01
    5.4700000000e+04    1.4284972188e-01
    5.4800000000e+04    1.1911758764e-01
    5.4900000000e+04    1.8408359803e-01
    5.5000000000e+04    1.4803858299e-01
    5.5100000000e+04    1.1567499200e-01
    5.5200000000e+04    1.3740899893e-01
    5.5300000000e+04    1.7352384321e-01
    5.5400000000e+04    1.5387274032e-01
    5.5500000000e+04    1.4737598474e-01
    5.5600000000e+04    1.3757845569e-01
    5.5700000000e+04    9.6808997979e-02
    5.5800000000e+04    1.3956545574e-01
    5.5900000000e+04    1.1318626585e-01
    5.6000000000e+04    1.2622816266e-01
    5.6100000000e+04    1.8528056819e-01
    5.6200000000e+04    1.5995837441e-01
    5.6300000000e+04    1.5033763625e-01
    5.6400000000e+04    1.4155464013e-01
    5.6500000000e+04    1.9976791212e-01
    5.6600000000e+04    1.0998041880e-01
    5.6700000000e+04    1.1095091715e-01
    5.6800000000e+04    1.5038868412e-01
    5.6900000000e+04    1.0819574492e-01
    5.7000000000e+04    1.0818622683e-01
    5.7100000000e+04    2.3105326719e-01
    5.7200000000e+04    1.4495206407e-01
    5.7300000000e+04    2.0310952236e-01
    5.7400000000e+04    1.2236781906e-01
    5.7500000000e+04    1.7097725661e-01
    5.7600000000e+04    1.3123862128e-01
    5.7700000000e+04    1.3098096307e-01
    5.7800000000e+04    1.8208490690e-01
    5.7900000000e+04    1.2045987610e-01
    5.8000000000e+04    1.0748106481e-01
    5.8100000000e+04    1.3930253642e-01
    5.8200000000e+04    1.1748871263e-01
    5.8300000000e+04    1.2623694646e-01
    5.8400000000e+04    1.0363146899e-01
    5.8500000000e+04    1.0133697777e-01
    5.8600000000e+04    1.6606293099e-01
    5.8700000000e+04    9.6227306995e-02
    5.8800000000e+04    1.1217042256e-01
    5.8900000000e+04    1.4837164744e-01
    5.9000000000e+04    1.3995805911e-01
    5.9100000000e+04    1.7570490319e-01
    5.9200000000e+04    1.5083392573e-01
    5.9300000000e+04    1.3070298396e-01
    5.9400000000e+04    1.7990881973e-01
    5.9500000000e+04    1.3181485436e-01
    5.9600000000e+04    1.4915743876e-01
    5.9700000000e+04    1.9660362856e-01
    5.9800000000e+04    1.4525958608e-01
    5.9900000000e+04    1.1480284735e-01
    6.0000000000e+04    1.3748721247e-01
    6.0100000000e+04    1.1141905902e-01
    6.0200000000e+04    1.3786487428e-01
    6.0300000000e+04    1.2801257907e-01
    6.0400000000e+04    1.2574599530e-01
    6.0500000000e+04    1.4069025438e-01
    6.0600000000e+04    1.3551665673e-01
    6.0700000000e+04    1.4820963309e-01
    6.0800000000e+04    1.2206329795e-01
    6.0900000000e+04    1.3906818773e-01
    6.1000000000e+04    1.4429072182e-01
    6.1100000000e+04    2.1962830739e-01
    6.1200000000e+04    1.9343922822e-01
    6.1300000000e+04    1.1882904449e-01
    6.1400000000e+04    1.3269341463e-01
    6.1500000000e+04    1.1604666062e-01
    6.1600000000e+04    1.1590040765e-01
    6.1700000000e+04    1.2917232701e-01
    6.1800000000e+04    1.7262833839e-01
    6.1900000000e+04    1.3768168877e-01
    6.2000000000e+04    9.7506516723e-02
    6.2100000000e+04    9.1082387908e-02
    6.2200000000e+04    1.2059825020e-01
    6.2300000000e+04    1.2271487182e-01
    6.2400000000e+04    1.4603556955e-01
    6.2500000000e+04    1.1177550195e-01
    6.2600000000e+04    1.2786378200e-01
    6.2700000000e+04    1.1837442851e-01
    6.2800000000e+04    9.8325068679e-02
    6.2900000000e+04    1.4278069931e-01
    6.3000000000e+04    1.4400635412e-01
    6.3100000000e+04    2.0776233544e-01
    6.3200000000e+04    9.8855884593e-02
    6.3300000000e+04    1.3810692004e-01
    6.3400000000e+04    1.1833554629e-01
    6.3500000000e+04    1.0086851202e-01
    6.3600000000e+04    1.7529015496e-01
    6.3700000000e+04    1.5546784284e-01
    6.3800000000e+04    1.5113074090e-01
    6.3900000000e+04    1.4335642859e-01
    6.4000000000e+04    1.3372315957e-01
    6.4100000000e+04    1.2389338365e-01
    6.4200000000e+04    9.6108343720e-02
    6.4300000000e+04    1.5655198585e-01
    6.4400000000e+04    1.5156012566e-01
    6.4500000000e+04    2.2069061925e-01
    6.4600000000e+04    1.0991238632e-01
    6.4700000000e+04    1.7006527643e-01
    6.4800000000e+04    1.3635632799e-01
    6.4900000000e+04    1.3689886665e-01
    6.5000000000e+04    1.4189216508e-01
    6.5100000000e+04    1.1745194986e-01
    6.5200000000e+04    1.5139517820e-01
    6.5300000000e+04    1.0911165178e-01
    6.5400000000e+04    2.0367059500e-01
    6.5500000000e+04    1.5535391017e-01
    6.5600000000e+04    1.4988191841e-01
    6.5700000000e+04    1.4102426399e-01
    6.5800000000e+04    1.3745856699e-01
    6.5900000000e+04    1.5810480524e-01
    6.6000000000e+04    1.0514475783e-01
    6.6100000000e+04    1.3252755017e-01
    6.6200000000e+04    1.0754989886e-01
    6.6300000000e+04    1.0655777654e-01
    6.6400000000e+04    1.5722809481e-01
    6.6500000000e+04    1.0841245753e-01
    6.6600000000e+04    1.3070155978e-01
    6.6700000000e+04    1.7607571963e-01
    6.6800000000e+04    1.3651363577e-01
    6.6900000000e+04    1.5054720264e-01
    6.7000000000e+04    1.7487378147e-01
    6.7100000000e+04    2.4866260802e-01
    6.7200000000e+04    1.4566553465e-01
    6.7300000000e+04    1.3522380645e-01
    6.7400000000e+04    1.2127903521e-01
    6.7500000000e+04    1.1541688230e-01
    6.7600000000e+04    1.3754506941e-01
    6.7700000000e+04    9.5244992036e-02
    6.7800000000e+04    1.2397762802e-01
    6.7900000000e+04    9.7797476552e-02
    6.8000000000e+04    1.4099543656e-01
    6.8100000000e+04    1.0151524266e-01
    6.8200000000e+04    1.4968456681e-01
    6.8300000000e+04    9.7330301797e-02
    6.8400000000e+04    1.3107337981e-01
    6.8500000000e+04    1.4813911687e-01
    6.8600000000e+04    1.1057382562e-01
    6.8700000000e+04    1.0764517998e-01
    6.8800000000e+04    1.0842364865e-01
    6.8900000000e+04    1.2532461843e-01
    6.9000000000e+04    1.4886161963e-01
    6.9100000000e+04    1.1777728720e-01
    6.9200000000e+04    1.6145008048e-01
    6.9300000000e+04    1.2325318124e-01
    6.9400000000e+04    1.2732584976e-01
    6.9500000000e+04    1.3399320361e-01
    6.9600000000e+04    1.1300393495e-01
    6.9700000000e+04    1.2046474579e-01
    6.9800000000e+04    1.3008528919e-01
    6.9900000000e+04    1.1590117242e-01
    7.0000000000e+04    1.0661781440e-01
    7.0100000000e+04    1.2856429962e-01
    7.0200000000e+04    1.1483748764e-01
    7.0300000000e+04    1.1696063565e-01
    7.0400000000e+04    1.1307984025e-01
    7.0500000000e+04    1.9700334111e-01
    7.0600000000e+04    1.2264316162e-01
    7.0700000000e+04    1.6617109267e-01
    7.0800000000e+04    1.6952832060e-01
    7.0900000000e+04    1.1084476208e-01
    7.1000000000e+04    1.1013785890e-01
    7.1100000000e+04    8.8896067505e-02
    7.1200000000e+04    1.5237399565e-01
    7.1300000000e+04    9.1133151690e-02
    7.1400000000e+04    1.0471917337e-01
    7.1500000000e+04    1.0576000785e-01
    7.1600000000e+04    1.0440258208e-01
    7.1700000000e+04    1.0615397242e-01
    7.1800000000e+04    1.3340635451e-01
    7.1900000000e+04    1.0941387162e-01
    7.2000000000e+04    1.2233141196e-01
    7.2100000000e+04    1.3427026845e-01
    7.2200000000e+04    1.2462022331e-01
    7.2300000000e+04    1.0540503061e-01
    7.2400000000e+04    1.3374211681e-01
    7.2500000000e+04    1.1523204772e-01
    7.2600000000e+04    1.1258043283e-01
    7.2700000000e+04    1.1810562331e-01
    7.2800000000e+04    1.4801091034e-01
    7.2900000000e+04    1.5397542450e-01
    7.3000000000e+04    2.1320471014e-01
    7.3100000000e+04    1.4687953776e-01
    7.3200000000e+04    1.3511619961e-01
    7.3300000000e+04    1.1626267204e-01
    7.3400000000e+04    1.4699476395e-01
    7.3500000000e+04    1.2290085395e-01
    7.3600000000e+04    1.3848964132e-01
    7.3700000000e+04    1.8909537470e-01
    7.3800000000e+04    1.3596557298e-01
    7.3900000000e+04    1.0742678551e-01
    7.4000000000e+04    1.4077844421e-01
    7.4100000000e+04    1.1343948638e-01
    7.4200000000e+04    1.1874846172e-01
    7.4300000000e+04    1.2784507500e-01
    7.4400000000e+04    1.7442417215e-01
    7.4500000000e+04    1.2350842786e-01
    7.4600000000e+04    1.0114037083e-01
    7.4700000000e+04    1.1726425514e-01
    7.4800000000e+04    2.1515607109e-01
    7.4900000000e+04    1.2060826245e-01
    7.5000000000e+04    1.1871069625e-01
    7.5100000000e+04    9.8398623046e-02
    7.5200000000e+04    1.1865948332e-01
    7.5300000000e+04    1.7264272670e-01
    7.5400000000e+04    1.4428401014e-01
    7.5500000000e+04    1.5959429627e-01
    7.5600000000e+04    1.7495772395e-01
    7.5700000000e+04    1.5498709040e-01
    7.5800000000e+04    1.0145795235e-01
    7.5900000000e+04    1.1997812036e-01
    7.6000000000e+04    1.4904912340e-01
    7.6100000000e+04    1.4127825931e-01
    7.6200000000e+04    1.5537991230e-01
    7.6300000000e+04    1.1110205232e-01
    7.6400000000e+04    1.2377029743e-01
    7.6500000000e+04    1.2261175530e-01
    7.6600000000e+04    1.4667483249e-01
    7.6700000000e+04    1.7420629873e-01
    7.6800000000e+04    1.1195595658e-01
    7.6900000000e+04    1.1926422226e-01
    7.7000000000e+04    1.0158014168e-01
    7.7100000000e+04    1.0630062687e-01
    7.7200000000e+04    1.4771865722e-01
    7.7300000000e+04    1.1700416211e-01
    7.7400000000e+04    1.3179188978e-01
    7.7500000000e+04    1.7428854992e-01
    7.7600000000e+04    1.0576257104e-01
    7.7700000000e+04    1.3208959223e-01
    7.7800000000e+04    1.1317968209e-01
    7.7900000000e+04    1.0140366461e-01
    7.8000000000e+04    1.4274572096e-01
    7.8100000000e+04    1.0529534795e-01
    7.8200000000e+04    1.1246615468e-01
    7.8300000000e+04    1.4153723421e-01
    7.8400000000e+04    1.4755250784e-01
    7.8500000000e+04    1.3463026219e-01
    7.8600000000e+04    1.5657355250e-01
    7.8700000000e+04    1.3307861296e-01
    7.8800000000e+04    2.2195311582e-01
    7.8900000000e+04    1.2479080726e-01
    7.9000000000e+04    1.0281153266e-01
    7.9100000000e+04    1.2481739453e-01
    7.9200000000e+04    1.3247273694e-01
    7.9300000000e+04    1.3267925721e-01
    7.9400000000e+04    1.4648861781e-01
    7.9500000000e+04    1.1071548202e-01
    7.9600000000e+04    1.4644841877e-01
    7.9700000000e+04    1.2025057614e-01
    7.9800000000e+04    1.1733301309e-01
    7.9900000000e+04    1.0595174775e-01
    8.0000000000e+04    1.3950300347e-01
    8.0100000000e+04    1.0382662359e-01
    8.0200000000e+04    1.3738357817e-01
    8.0300000000e+04    1.2147045992e-01
    8.0400000000e+04    1.2579122358e-01
    8.0500000000e+04    1.3611158079e-01
    8.0600000000e+04    1.5923370572e-01
    8.0700000000e+04    1.3835330496e-01
    8.0800000000e+04    1.1597337666e-01
    8.0900000000e+04    1.3043983781e-01
    8.1000000000e+04    1.2869030608e-01
    8.1100000000e+04    1.3688970733e-01
    8.1200000000e+04    1.2432773211e-01
    8.1300000000e+04    1.1214435878e-01
    8.1400000000e+04    1.1217734403e-01
    8.1500000000e+04    8.4207950493e-02
    8.1600000000e+04    1.1085187596e-01
    8.1700000000e+04    1.1494927801e-01
    8.1800000000e+04    1.2518173579e-01
    8.1900000000e+04    1.4693760238e-01
    8.2000000000e+04    1.4752326473e-01
    8.2100000000e+04    1.3269496549e-01
    8.2200000000e+04    1.3287012972e-01
    8.2300000000e+04    1.5628374780e-01
    8.2400000000e+04    1.6050195903e-01
    8.2500000000e+04    1.2392133653e-01
    8.2600000000e+04    1.5566839895e-01
    8.2700000000e+04    1.3685152935e-01
    8.2800000000e+04    1.3871806743e-01
    8.2900000000e+04    1.3232667446e-01
    8.3000000000e+04    1.1096857404e-01
    8.3100000000e+04    1.0178552691e-01
    8.3200000000e+04    1.4249935052e-01
    8.3300000000e+04    1.2302538746e-01
    8.3400000000e+04    1.2654222488e-01
    8.3500000000e+04    1.2205002802e-01
    8.3600000000e+04    1.0820780679e-01
    8.3700000000e+04    1.3267168759e-01
    8.3800000000e+04    1.2018754575e-01
    8.3900000000e+04    1.0408292565e-01
    8.4000000000e+04    9.1838514488e-02
    8.4100000000e+04    1.9472670062e-01
    8.4200000000e+04    1.2636600236e-01
    8.4300000000e+04    1.3030638044e-01
    8.4400000000e+04    1.3786226323e-01
    8.4500000000e+04    1.3416792402e-01
    8.4600000000e+04    1.2741580814e-01
    8.4700000000e+04    1.4902114339e-01
    8.4800000000e+04    1.0935641223e-01
    8.4900000000e+04    1.1443782330e-01
    8.5000000000e+04    1.3948556773e-01
    8.5100000000e+04    1.7870005479e-01
    8.5200000000e+04    1.4281533719e-01
    8.5300000000e+04    1.1807219702e-01
    8.5400000000e+04    1.1878887745e-01
    8.5500000000e+04    1.6295066670e-01
    8.5600000000e+04    1.3852787188e-01
    8.5700000000e+04    1.3307442631e-01
    8.5800000000e+04    1.4086611588e-01
    8.5900000000e+04    1.5734595061e-01
    8.6000000000e+04    1.3692710728e-01
    8.6100000000e+04    1.4554879373e-01
    8.6200000000e+04    1.3347046110e-01
    8.6300000000e+04    1.1651409234e-01
    8.6400000000e+04    1.5303373277e-01
    8.6500000000e+04    1.1326054334e-01
    8.6600000000e+04    1.3190802466e-01
    8.6700000000e+04    1.5283290481e-01
    8.6800000000e+04    1.1985170429e-01
    8.6900000000e+04    1.2270306247e-01
    8.7000000000e+04    1.3095246420e-01
    8.7100000000e+04    1.2435874992e-01
    8.7200000000e+04    1.0786688329e-01
    8.7300000000e+04    1.1514210924e-01
    8.7400000000e+04    1.4018680741e-01
    8.7500000000e+04    1.2087471149e-01
    8.7600000000e+04    1.6784913054e-01
    8.7700000000e+04    1.4349700553e-01
    8.7800000000e+04    1.4109656767e-01
    8.7900000000e+04    1.5044455802e-01
    8.8000000000e+04    1.4627106869e-01
    8.8100000000e+04    1.4244146699e-01
    8.8200000000e+04    1.7955843789e-01
    8.8300000000e+04    1.5369694133e-01
    8.8400000000e+04    1.3566491471e-01
    8.8500000000e+04    1.1992760868e-01
    8.8600000000e+04    1.2441875595e-01
    8.8700000000e+04    1.1662913962e-01
    8.8800000000e+04    1.3820621660e-01
    8.8900000000e+04    1.7246403185e-01
    8.9000000000e+04    1.1982187981e-01
    8.9100000000e+04    1.4772396725e-01
    8.9200000000e+04    1.6369323781e-01
    8.9300000000e+04    1.4360941105e-01
    8.9400000000e+04    1.3218219152e-01
    8.9500000000e+04    1.4267062678e-01
    8.9600000000e+04    1.3829307635e-01
    8.9700000000e+04    1.2926801825e-01
    8.9800000000e+04    1.4659358253e-01
    8.9900000000e+04    1.2798804809e-01
    9.0000000000e+04    1.1213260167e-01
    9.0100000000e+04    1.3202185251e-01
    9.0200000000e+04    9.9832227041e-02
    9.0300000000e+04    1.0985775581e-01
    9.0400000000e+04    1.2689202866e-01
    9.0500000000e+04    1.1023185281e-01
    9.0600000000e+04    1.3541012553e-01
    9.0700000000e+04    1.1515532617e-01
    9.0800000000e+04    1.4578580320e-01
    9.0900000000e+04    1.3181024286e-01
    9.1000000000e+04    1.1024240957e-01
    9.1100000000e+04    1.1892263225e-01
    9.1200000000e+04    1.0639468766e-01
    9.1300000000e+04    1.0266226100e-01
    9.1400000000e+04    1.1115670299e-01
    9.1500000000e+04    1.4103297581e-01
    9.1600000000e+04    1.6853069452e-01
    9.1700000000e+04    1.4886227064e-01
    9.1800000000e+04    1.0537355903e-01
    9.1900000000e+04    1.7065719345e-01
    9.2000000000e+04    1.0859948868e-01
    9.2100000000e+04    1.0610669034e-01
    9.2200000000e+04    1.1776887471e-01
    9.2300000000e+04    1.1198806876e-01
    9.2400000000e+04    1.1701640074e-01
    9.2500000000e+04    1.1657202925e-01
    9.2600000000e+04    1.2991510482e-01
    9.2700000000e+04    1.2216386739e-01
    9.2800000000e+04    1.7801207125e-01
    9.2900000000e+04    1.3996619839e-01
    9.3000000000e+04    1.3215044806e-01
    9.3100000000e+04    1.3492625406e-01
    9.3200000000e+04    1.1906559836e-01
    9.3300000000e+04    1.1853140053e-01
    9.3400000000e+04    1.1004186108e-01
    9.3500000000e+04    1.4553522156e-01
    9.3600000000e+04    1.1023445002e-01
    9.3700000000e+04    1.3716356026e-01
    9.3800000000e+04    1.6499534536e-01
    9.3900000000e+04    1.1820227404e-01
    9.4000000000e+04    1.4147326522e-01
    9.4100000000e+04    1.6632270522e-01
    9.4200000000e+04    1.1334054840e-01
    9.4300000000e+04    1.0923412402e-01
    9.4400000000e+04    1.1421224505e-01
    9.4500000000e+04    1.1312131677e-01
    9.4600000000e+04    1.4235057780e-01
    9.4700000000e+04    1.2532499336e-01
    9.4800000000e+04    1.5713383461e-01
    9.4900000000e+04    1.3240510406e-01
    9.5000000000e+04    1.1753297847e-01
    9.5100000000e+04    1.4931534840e-01
    9.5200000000e+04    1.2571557234e-01
    9.5300000000e+04    1.1180539387e-01
    9.5400000000e+04    1.1789943730e-01
    9.5500000000e+04    1.0157653998e-01
    9.5600000000e+04    1.1288952886e-01
    9.5700000000e+04    1.4451431076e-01
    9.5800000000e+04    1.2284052723e-01
    9.5900000000e+04    1.3398694507e-01
    9.6000000000e+04    1.5268532064e-01
    9.6100000000e+04    1.0171052466e-01
    9.6200000000e+04    1.0257308287e-01
    9.6300000000e+04    1.2876652649e-01
    9.6400000000e+04    1.1694358254e-01
    9.6500000000e+04    1.2665100471e-01
    9.6600000000e+04    1.1909270119e-01
    9.6700000000e+04    1.2483549200e-01
    9.6800000000e+04    1.3657663268e-01
    9.6900000000e+04    1.8018180293e-01
    9.7000000000e+04    1.2676679633e-01
    9.7100000000e+04    9.7828203108e-02
    9.7200000000e+04    1.3590234903e-01
    9.7300000000e+04    1.1793555943e-01
    9.7400000000e+04    1.0495767238e-01
    9.7500000000e+04    1.7433953022e-01
    9.7600000000e+04    1.6901127677e-01
    9.7700000000e+04    1.5886334784e-01
    9.7800000000e+04    1.1403125375e-01
    9.7900000000e+04    1.4098414400e-01
    9.8000000000e+04    9.4576532521e-02
    9.8100000000e+04    1.3858094464e-01
    9.8200000000e+04    1.1337265117e-01
    9.8300000000e+04    1.3000524593e-01
    9.8400000000e+04    1.1445685028e-01
    9.8500000000e+04    1.2961001123e-01
    9.8600000000e+04    1.8498066647e-01
    9.8700000000e+04    9.9707877359e-02
    9.8800000000e+04    1.4966682512e-01
    9.8900000000e+04    1.2972669620e-01
    9.9000000000e+04    1.1704206151e-01
    9.9100000000e+04    1.4813582988e-01
    9.9200000000e+04    1.3221931485e-01
    9.9300000000e+04    9.3482340336e-02
    9.9400000000e+04    9.3972253023e-02
    9.9500000000e+04    1.0220501516e-01
    9.9600000000e+04    1.4741464014e-01
    9.9700000000e+04    1.1956128484e-01
    9.9800000000e+04    1.2193355903e-01
    9.9900000000e+04    1.2252924992e-01
    1.0000000000e+05    1.3632884635e-01
    1.0010000000e+05    1.2988340364e-01
    1.0020000000e+05    1.4881895445e-01
    1.0030000000e+05    1.0137929362e-01
    1.0040000000e+05    1.3397302245e-01
    1.0050000000e+05    1.3131666226e-01
    1.0060000000e+05    9.8412311923e-02
    1.0070000000e+05    1.0112623981e-01
    1.0080000000e+05    1.2176385164e-01
    1.0090000000e+05    1.4249140916e-01
    1.0100000000e+05    1.7559693526e-01
    1.0110000000e+05    1.3366060998e-01
    1.0120000000e+05    1.5523672455e-01
    1.0130000000e+05    1.4577015771e-01
    1.0140000000e+05    1.7443405657e-01
    1.0150000000e+05    1.4767570031e-01
    1.0160000000e+05    1.4982335897e-01
    1.0170000000e+05    1.4991954033e-01
    1.0180000000e+05    1.1325924111e-01
    1.0190000000e+05    1.8370168488e-01
    1.0200000000e+05    1.6774303496e-01
    1.0210000000e+05    1.2269132308e-01
    1.0220000000e+05    1.0017695556e-01
    1.0230000000e+05    7.6528672576e-02
    1.0240000000e+05    1.0015795824e-01
    1.0250000000e+05    1.2527446762e-01
    1.0260000000e+05    1.2184055963e-01
    1.0270000000e+05    1.8985273113e-01
    1.0280000000e+05    1.7837960961e-01
    1.0290000000e+05    1.0568781156e-01
    1.0300000000e+05    1.2619824103e-01
    1.0310000000e+05    1.0912022299e-01
    1.0320000000e+05    1.2734155636e-01
    1.0330000000e+05    1.3718087739e-01
    1.0340000000e+05    1.1882490339e-01
    1.0350000000e+05    1.5529012931e-01
    1.0360000000e+05    1.0253643542e-01
    1.0370000000e+05    1.0731445035e-01
    1.0380000000e+05    1.2685486512e-01
    1.0390000000e+05    1.1014156851e-01
    1.0400000000e+05    1.1988495663e-01
    1.0410000000e+05    9.8139989914e-02
    1.0420000000e+05    9.3567796260e-02
    1.0430000000e+05    1.1408420403e-01
    1.0440000000e+05    2.1859020260e-01
    1.0450000000e+05    1.0516501788e-01
    1.0460000000e+05    1.5475945749e-01
    1.0470000000e+05    1.2933985735e-01
    1.0480000000e+05    1.0820475636e-01
    1.0490000000e+05    1.0728455673e-01
    1.0500000000e+05    1.2837712803e-01
    1.0510000000e+05    1.5874973464e-01
    1.0520000000e+05    1.4501781627e-01
    1.0530000000e+05    1.5032250701e-01
    1.0540000000e+05    1.1607135237e-01
    1.0550000000e+05    1.2454669560e-01
    1.0560000000e+05    1.2673957341e-01
    1.0570000000e+05    1.0929286822e-01
    1.0580000000e+05    1.1827120393e-01
    1.0590000000e+05    1.3052274756e-01
    1.0600000000e+05    1.3680495392e-01
    1.0610000000e+05    1.1410595369e-01
    1.0620000000e+05    1.2518112344e-01
    1.0630000000e+05    1.2896440252e-01
    1.0640000000e+05    1.5615585386e-01
    1.0650000000e+05    1.5568942689e-01
    1.0660000000e+05    1.3456996383e-01
    1.0670000000e+05    1.9299876605e-01
    1.0680000000e+05    1.5296172977e-01
    1.0690000000e+05    1.0982497711e-01
    1.0700000000e+05    1.1124615120e-01
    1.0710000000e+05    2.2092864936e-01
    1.0720000000e+05    1.0770998562e-01
    1.0730000000e+05    1.3764150394e-01
    1.0740000000e+05    1.6483573718e-01
    1.0750000000e+05    1.4992206684e-01
    1.0760000000e+05    1.4297492768e-01
    1.0770000000e+05    1.3538024351e-01
    1.0780000000e+05    1.2005604580e-01
    1.0790000000e+05    1.2578194991e-01
    1.0800000000e+05    1.3604850652e-01
    1.0810000000e+05    1.6403127105e-01
    1.0820000000e+05    1.2957604528e-01
    1.0830000000e+05    1.5144307798e-01
    1.0840000000e+05    1.2656283947e-01
    1.0850000000e+05    1.4605286207e-01
    1.0860000000e+05    1.4887232485e-01
    1.0870000000e+05    1.4530248029e-01
    1.0880000000e+05    1.0898958496e-01
    1.0890000000e+05    1.0925902710e-01
    1.0900000000e+05    1.0111412660e-01
    1.0910000000e+05    1.1952205674e-01
    1.0920000000e+05    1.2807478055e-01
    1.0930000000e+05    1.2774006492e-01
    1.0940000000e+05    1.2227216544e-01
    1.0950000000e+05    1.5286469755e-01
    1.0960000000e+05    1.3622565914e-01
    1.0970000000e+05    1.4405570537e-01
    1.0980000000e+05    1.6541758729e-01
    1.0990000000e+05    1.0838465982e-01
    1.1000000000e+05    1.0464146850e-01
    1.1010000000e+05    1.4013311181e-01
    1.1020000000e+05    1.7596705496e-01
    1.1030000000e+05    1.5992375345e-01
    1.1040000000e+05    1.2766502999e-01
    1.1050000000e+05    1.1570668866e-01
    1.1060000000e+05    1.9701344903e-01
    1.1070000000e+05    1.9239745443e-01
    1.1080000000e+05    1.3023156561e-01
    1.1090000000e+05    1.8020512861e-01
    1.1100000000e+05    1.8795547538e-01
    1.1110000000e+05    1.1638756606e-01
    1.1120000000e+05    1.3034035757e-01
    1.1130000000e+05    1.3668125557e-01
    1.1140000000e+05    1.4114453787e-01
    1.1150000000e+05    1.3095193109e-01
    1.1160000000e+05    1.1622093289e-01
    1.1170000000e+05    1.2915401088e-01
    1.1180000000e+05    1.2983004157e-01
    1.1190000000e+05    1.2157891544e-01
    1.1200000000e+05    1.2730399878e-01
    1.1210000000e+05    1.6670487595e-01
    1.1220000000e+05    1.2175912744e-01
    1.1230000000e+05    1.0572934868e-01
    1.1240000000e+05    1.1004968544e-01
    1.1250000000e+05    1.2932997609e-01
    1.1260000000e+05    1.1396742597e-01
    1.1270000000e+05    1.1670317806e-01
    1.1280000000e+05    1.8801893507e-01
    1.1290000000e+05    2.2159064703e-01
    1.1300000000e+05    1.7172516871e-01
    1.1310000000e+05    1.3868846471e-01
    1.1320000000e+05    1.2554485783e-01
    1.1330000000e+05    1.2028089009e-01
    1.1340000000e+05    1.2193563369e-01
    1.1350000000e+05    1.4015475253e-01
    1.1360000000e+05    1.2866222456e-01
    1.1370000000e+05    1.0299510653e-01
    1.1380000000e+05    1.1682643805e-01
    1.1390000000e+05    1.1128597755e-01
    1.1400000000e+05    1.0696148294e-01
    1.1410000000e+05    1.4070508394e-01
    1.1420000000e+05    1.0360925719e-01
    1.1430000000e+05    1.0520474058e-01
    1.1440000000e+05    1.1647956714e-01
    1.1450000000e+05    1.1160356486e-01
    1.1460000000e+05    1.1730012233e-01
    1.1470000000e+05    1.3653561649e-01
    1.1480000000e+05    9.8056526220e-02
    1.1490000000e+05    1.1644499760e-01
    1.1500000000e+05    1.3723422597e-01
    1.1510000000e+05    1.0006664327e-01
    1.1520000000e+05    1.2576244359e-01
    1.1530000000e+05    1.3053499823e-01
    1.1540000000e+05    1.3655276764e-01
    1.1550000000e+05    1.6041188700e-01
    1.1560000000e+05    1.1486890349e-01
    1.1570000000e+05    1.2245040214e-01
    1.1580000000e+05    1.4778782947e-01
    1.1590000000e+05    1.0815813452e-01
    1.1600000000e+05    1.2200244628e-01
    1.1610000000e+05    1.1779473387e-01
    1.1620000000e+05    9.8549229306e-02
    1.1630000000e+05    1.2023864666e-01
    1.1640000000e+05    1.2019847162e-01
    1.1650000000e+05    1.4174421238e-01
    1.1660000000e+05    1.8653008219e-01
    1.1670000000e+05    1.5816260659e-01
    1.1680000000e+05    1.2879739645e-01
    1.1690000000e+05    1.2205574658e-01
    1.1700000000e+05    1.4056501542e-01
    1.1710000000e+05    1.4326070943e-01
    1.1720000000e+05    1.1819852539e-01
    1.1730000000e+05    1.1334683501e-01
    1.1740000000e+05    1.1447662322e-01
    1.1750000000e+05    9.9864015366e-02
    1.1760000000e+05    9.9079316162e-02
    1.1770000000e+05    1.4623433276e-01
    1.1780000000e+05    1.5191530195e-01
    1.1790000000e+05    1.8153303707e-01
    1.1800000000e+05    1.1417552389e-01
    1.1810000000e+05    1.1360777372e-01
    1.1820000000e+05    1.1992564595e-01
    1.1830000000e+05    9.5882372593e-02
    1.1840000000e+05    1.3323841407e-01
    1.1850000000e+05    1.2449957092e-01
    1.1860000000e+05    1.2398458589e-01
    1.1870000000e+05    1.3306986176e-01
    1.1880000000e+05    1.0451867074e-01
    1.1890000000e+05    1.9642369122e-01
    1.1900000000e+05    1.2106402689e-01
    1.1910000000e+05    1.3094335202e-01
    1.1920000000e+05    1.4218786228e-01
    1.1930000000e+05    1.2076382740e-01
    1.1940000000e+05    1.6192694005e-01
    1.1950000000e+05    1.6332364947e-01
    1.1960000000e+05    1.9044390613e-01
    1.1970000000e+05    1.5449054164e-01
    1.1980000000e+05    1.6138683428e-01
    1.1990000000e+05    1.2608283040e-01
    1.2000000000e+05    1.3758712527e-01
    1.2010000000e+05    1.1863126206e-01
    1.2020000000e+05    1.2627405548e-01
    1.2030000000e+05    1.8184128324e-01
    1.2040000000e+05    1.4271005896e-01
    1.2050000000e+05    1.2310681385e-01
    1.2060000000e+05    1.3683243653e-01
    1.2070000000e+05    1.3403171224e-01
    1.2080000000e+05    1.2520807542e-01
    1.2090000000e+05    1.1705809717e-01
    1.2100000000e+05    1.1551876333e-01
    1.2110000000e+05    1.4108624571e-01
    1.2120000000e+05    1.2236687978e-01
    1.2130000000e+05    1.5276823132e-01
    1.2140000000e+05    1.2840362250e-01
    1.2150000000e+05    1.4862470087e-01
    1.2160000000e+05    1.4489564697e-01
    1.2170000000e+05    1.0805466799e-01
    1.2180000000e+05    1.4382209496e-01
    1.2190000000e+05    1.1107330107e-01
    1.2200000000e+05    1.1313235077e-01
    1.2210000000e+05    1.6106748920e-01
    1.2220000000e+05    1.2309510510e-01
    1.2230000000e+05    1.2395983956e-01
    1.2240000000e+05    1.2946122088e-01
    1.2250000000e+05    1.1072725167e-01
    1.2260000000e+05    1.5421418822e-01
    1.2270000000e+05    1.4500488321e-01
    1.2280000000e+05    1.4439805957e-01
    1.2290000000e+05    1.6090163313e-01
    1.2300000000e+05    1.0865973462e-01
    1.2310000000e+05    1.0179174706e-01
    1.2320000000e+05    1.2729158062e-01
    1.2330000000e+05    1.0127984802e-01
    1.2340000000e+05    1.2484743957e-01
    1.2350000000e+05    1.0561086689e-01
    1.2360000000e+05    1.1370285623e-01
    1.2370000000e+05    1.2711436531e-01
    1.2380000000e+05    1.1888741977e-01
    1.2390000000e+05    1.1159023367e-01
    1.2400000000e+05    1.0954747036e-01
    1.2410000000e+05    1.1729083349e-01
    1.2420000000e+05    1.0980815682e-01
    1.2430000000e+05    1.0442821407e-01
    1.2440000000e+05    1.2082055598e-01
    1.2450000000e+05    1.3691293684e-01
    1.2460000000e+05    1.0696021300e-01
    1.2470000000e+05    1.4385292589e-01
    1.2480000000e+05    1.3184003765e-01
    1.2490000000e+05    1.0574056263e-01
    1.2500000000e+05    9.6595266395e-02
    1.2510000000e+05    1.1697504811e-01
    1.2520000000e+05    1.2139946092e-01
    1.2530000000e+05    1.2066649674e-01
    1.2540000000e+05    1.4424038228e-01
    1.2550000000e+05    1.5413621560e-01
    1.2560000000e+05    1.7901678276e-01
    1.2570000000e+05    1.2950873761e-01
    1.2580000000e+05    1.5070227031e-01
    1.2590000000e+05    1.2050680532e-01
    1.2600000000e+05    1.1491011258e-01
    1.2610000000e+05    1.1405618171e-01
    1.2620000000e+05    1.0384795556e-01
    1.2630000000e+05    1.0999282865e-01
    1.2640000000e+05    1.4350452566e-01
    1.2650000000e+05    1.7401442799e-01
    1.2660000000e+05    1.5498368915e-01
    1.2670000000e+05    1.0282148770e-01
    1.2680000000e+05    1.0752158574e-01
    1.2690000000e+05    1.2732114727e-01
    1.2700000000e+05    1.1869825781e-01
    1.2710000000e+05    1.1139837621e-01
    1.2720000000e+05    1.4835657484e-01
    1.2730000000e+05    1.2197770386e-01
    1.2740000000e+05    1.6102086398e-01
    1.2750000000e+05    1.3641046004e-01
    1.2760000000e+05    1.4095735642e-01
    1.2770000000e+05    1.0418656243e-01
    1.2780000000e+05    1.2687643031e-01
    1.2790000000e+05    1.3821594380e-01
    1.2800000000e+05    1.4628134028e-01
    1.2810000000e+05    1.2604009679e-01
    1.2820000000e+05    1.6871486351e-01
    1.2830000000e+05    1.3562668496e-01
    1.2840000000e+05    1.3682142024e-01
    1.2850000000e+05    1.8559796716e-01
    1.2860000000e+05    1.5008718036e-01
    1.2870000000e+05    1.1152711074e-01
    1.2880000000e+05    1.0843112066e-01
    1.2890000000e+05    1.1775225560e-01
    1.2900000000e+05    1.0361212365e-01
    1.2910000000e+05    1.0755830058e-01
    1.2920000000e+05    1.6354403836e-01
    1.2930000000e+05    1.4864632132e-01
    1.2940000000e+05    1.3896562917e-01
    1.2950000000e+05    1.3317291655e-01
    1.2960000000e+05    1.3840975274e-01
    1.2970000000e+05    1.2558130504e-01
    1.2980000000e+05    1.4399160032e-01
    1.2990000000e+05    1.8143200559e-01
    1.3000000000e+05    1.5179682017e-01
    1.3010000000e+05    1.3683149216e-01
    1.3020000000e+05    1.5693902032e-01
    1.3030000000e+05    9.1373349160e-02
    1.3040000000e+05    1.1865659807e-01
    1.3050000000e+05    1.9706137810e-01
    1.3060000000e+05    1.8574715478e-01
    1.3070000000e+05    1.7079848417e-01
    1.3080000000e+05    1.9610795612e-01
    1.3090000000e+05    1.2553871873e-01
    1.3100000000e+05    1.3515452191e-01
    1.3110000000e+05    1.1674669370e-01
    1.3120000000e+05    1.7444859006e-01
    1.3130000000e+05    1.0231474793e-01
    1.3140000000e+05    1.3159782803e-01
    1.3150000000e+05    1.2551374588e-01
    1.3160000000e+05    1.3020344458e-01
    1.3170000000e+05    1.8769385055e-01
    1.3180000000e+05    1.1576313716e-01
    1.3190000000e+05    1.7268915157e-01
    1.3200000000e+05    1.1025398346e-01
    1.3210000000e+05    1.1467140077e-01
    1.3220000000e+05    1.6402754256e-01
    1.3230000000e+05    9.5595319266e-02
    1.3240000000e+05    1.1115849480e-01
    1.3250000000e+05    1.0023095816e-01
    1.3260000000e+05    1.1350133768e-01
    1.3270000000e+05    1.4146535134e-01
    1.3280000000e+05    1.1483686917e-01
    1.3290000000e+05    1.2009168328e-01
    1.3300000000e+05    1.0656100295e-01
    1.3310000000e+05    1.3064712353e-01
    1.3320000000e+05    1.1003072356e-01
    1.3330000000e+05    1.5658063146e-01
    1.3340000000e+05    1.3790956129e-01
    1.3350000000e+05    1.2272366877e-01
    1.3360000000e+05    1.2016313634e-01
    1.3370000000e+05    1.0430071793e-01
    1.3380000000e+05    1.4111123019e-01
    1.3390000000e+05    1.2506103324e-01
    1.3400000000e+05    1.6511545099e-01
    1.3410000000e+05    1.5471419706e-01
    1.3420000000e+05    1.3245343842e-01
    1.3430000000e+05    2.0401390546e-01
    1.3440000000e+05    1.2072315315e-01
    1.3450000000e+05    1.5960205949e-01
    1.3460000000e+05    1.4318263246e-01
    1.3470000000e+05    1.2009395866e-01
    1.3480000000e+05    1.3514032679e-01
    1.3490000000e+05    1.1779228137e-01
    1.3500000000e+05    1.1926302357e-01
    1.3510000000e+05    1.6724028119e-01
    1.3520000000e+05    1.3026638112e-01
    1.3530000000e+05    1.5539226486e-01
    1.3540000000e+05    1.4939504506e-01
    1.3550000000e+05    1.4084281026e-01
    1.3560000000e+05    1.5867172182e-01
    1.3570000000e+05    1.5554050007e-01
    1.3580000000e+05    1.3150502430e-01
    1.3590000000e+05    1.5015430009e-01
    1.3600000000e+05    1.3905003266e-01
    1.3610000000e+05    1.2639323333e-01
    1.3620000000e+05    1.3132618101e-01
    1.3630000000e+05    9.8899849020e-02
    1.3640000000e+05    1.5195099003e-01
    1.3650000000e+05    9.6820888467e-02
    1.3660000000e+05    1.7965126966e-01
    1.3670000000e+05    1.3977791036e-01
    1.3680000000e+05    1.6762628030e-01
    1.3690000000e+05    1.3306877325e-01
    1.3700000000e+05    1.6177957329e-01
    1.3710000000e+05    1.1178516868e-01
    1.3720000000e+05    1.2562034197e-01
    1.3730000000e+05    1.3309171199e-01
    1.3740000000e+05    1.4917557762e-01
    1.3750000000e+05    1.5334668650e-01
    1.3760000000e+05    1.4424660826e-01
    1.3770000000e+05    1.7090975176e-01
    1.3780000000e+05    1.1749822386e-01
    1.3790000000e+05    1.3620043634e-01
    1.3800000000e+05    1.1288778244e-01
    1.3810000000e+05    1.5638317252e-01
    1.3820000000e+05    1.5668360425e-01
    1.3830000000e+05    1.1821524617e-01
    1.3840000000e+05    1.3834925790e-01
    1.3850000000e+05    1.3520006460e-01
    1.3860000000e+05    1.1469382943e-01
    1.3870000000e+05    1.4137940037e-01
    1.3880000000e+05    1.2412530224e-01
    1.3890000000e+05    1.1239949794e-01
    1.3900000000e+05    1.5470301459e-01
    1.3910000000e+05    1.2361696083e-01
    1.3920000000e+05    1.2285761160e-01
    1.3930000000e+05    1.2266953213e-01
    1.3940000000e+05    1.4689046996e-01
    1.3950000000e+05    2.0256367771e-01
    1.3960000000e+05    1.5477908644e-01
    1.3970000000e+05    1.7089783065e-01
    1.3980000000e+05    1.1783407241e-01
    1.3990000000e+05    1.6521621455e-01
    1.4000000000e+05    8.3641964755e-02
    1.4010000000e+05    1.2689170982e-01
    1.4020000000e+05    1.8151536828e-01
    1.4030000000e+05    1.1555333779e-01
    1.4040000000e+05    1.2332036570e-01
    1.4050000000e+05    1.2811693682e-01
    1.4060000000e+05    9.5169499353e-02
    1.4070000000e+05    9.9394038887e-02
    1.4080000000e+05    8.8841240350e-02
    1.4090000000e+05    1.5097127476e-01
    1.4100000000e+05    1.1423136854e-01
    1.4110000000e+05    1.4552166340e-01
    1.4120000000e+05    1.3413536771e-01
    1.4130000000e+05    1.4368521587e-01
    1.4140000000e+05    1.3457729659e-01
    1.4150000000e+05    1.1739919090e-01
    1.4160000000e+05    1.3668800769e-01
    1.4170000000e+05    1.0302673896e-01
    1.4180000000e+05    1.2891898266e-01
    1.4190000000e+05    1.1304739770e-01
    1.4200000000e+05    1.2904613353e-01
    1.4210000000e+05    1.2402078224e-01
    1.4220000000e+05    1.1658042847e-01
    1.4230000000e+05    1.1385847997e-01
    1.4240000000e+05    1.2129412594e-01
    1.4250000000e+05    1.2384986941e-01
    1.4260000000e+05    1.1457243953e-01
    1.4270000000e+05    1.4407422475e-01
    1.4280000000e+05    1.0324357947e-01
    1.4290000000e+05    1.1244112777e-01
    1.4300000000e+05    1.2570876227e-01
    1.4310000000e+05    1.0575204009e-01
    1.4320000000e+05    1.3198201608e-01
    1.4330000000e+05    1.2326825150e-01
    1.4340000000e+05    1.2321435452e-01
    1.4350000000e+05    1.2321255501e-01
    1.4360000000e+05    1.5015120829e-01
    1.4370000000e+05    1.3450544224e-01
    1.4380000000e+05    1.4874107716e-01
    1.4390000000e+05    1.5723593792e-01
    1.4400000000e+05    1.3496809925e-01
    1.4410000000e+05    9.8393409141e-02
    1.4420000000e+05    1.4355513288e-01
    1.4430000000e+05    2.0342144478e-01
    1.4440000000e+05    1.6694267812e-01
    1.4450000000e+05    1.4719542710e-01
    1.4460000000e+05    1.5629402637e-01
    1.4470000000e+05    9.8532002104e-02
    1.4480000000e+05    1.7691169510e-01
    1.4490000000e+05    1.2961315750e-01
    1.4500000000e+05    1.5959826187e-01
    1.4510000000e+05    1.4502602151e-01
    1.4520000000e+05    1.6411278046e-01
    1.4530000000e+05    1.8592399051e-01
    1.4540000000e+05    1.7339374169e-01
    1.4550000000e+05    1.1712023055e-01
    1.4560000000e+05    1.1527399838e-01
    1.4570000000e+05    1.3440169006e-01
    1.4580000000e+05    1.0109746873e-01
    1.4590000000e+05    1.4810634461e-01
    1.4600000000e+05    1.5478769579e-01
    1.4610000000e+05    1.5413551043e-01
    1.4620000000e+05    1.3340632918e-01
    1.4630000000e+05    1.2843045164e-01
    1.4640000000e+05    8.7994977298e-02
    1.4650000000e+05    1.2393796182e-01
    1.4660000000e+05    1.5729944301e-01
    1.4670000000e+05    1.4289596690e-01
    1.4680000000e+05    1.3539727678e-01
    1.4690000000e+05    1.6628085309e-01
    1.4700000000e+05    1.5693393936e-01
    1.4710000000e+05    1.5677578540e-01
    1.4720000000e+05    1.3181355019e-01
    1.4730000000e+05    1.2213709083e-01
    1.4740000000e+05    1.3859262939e-01
    1.4750000000e+05    1.4034130204e-01
    1.4760000000e+05    1.2085374771e-01
    1.4770000000e+05    8.9771938787e-02
    1.4780000000e+05    1.2598842119e-01
    1.4790000000e+05    1.7374715241e-01
    1.4800000000e+05    1.6299813162e-01
    1.4810000000e+05    1.1815144399e-01
    1.4820000000e+05    1.1729623262e-01
    1.4830000000e+05    1.1313497798e-01
    1.4840000000e+05    1.2035136173e-01
    1.4850000000e+05    1.4114159423e-01
    1.4860000000e+05    1.4486786982e-01
    1.4870000000e+05    1.6734779810e-01
    1.4880000000e+05    1.4567617018e-01
    1.4890000000e+05    1.1203487038e-01
    1.4900000000e+05    1.4577440026e-01
    1.4910000000e+05    1.5587740987e-01
    1.4920000000e+05    2.8597290253e-01
    1.4930000000e+05    2.3142596906e-01
    1.4940000000e+05    1.7079726562e-01
    1.4950000000e+05    2.1653574855e-01
    1.4960000000e+05    1.3230979689e-01
    1.4970000000e+05    1.1284707636e-01
    1.4980000000e+05    1.4247806456e-01
    1.4990000000e+05    1.3478541556e-01
    1.5000000000e+05    1.6380767696e-01
    1.5010000000e+05    1.0999560771e-01
    1.5020000000e+05    1.3289778934e-01
    1.5030000000e+05    1.4370712746e-01
    1.5040000000e+05    1.4378357836e-01
    1.5050000000e+05    1.5117223549e-01
    1.5060000000e+05    1.3756418014e-01
    1.5070000000e+05    1.1449387638e-01
    1.5080000000e+05    1.3644911538e-01
    1.5090000000e+05    1.3380944842e-01
    1.5100000000e+05    1.2099460977e-01
    1.5110000000e+05    1.4016793695e-01
    1.5120000000e+05    1.0329978345e-01
    1.5130000000e+05    1.2347523787e-01
    1.5140000000e+05    1.2733682446e-01
    1.5150000000e+05    1.3934195926e-01
    1.5160000000e+05    1.2577625856e-01
    1.5170000000e+05    1.2781138139e-01
    1.5180000000e+05    1.1161489986e-01
    1.5190000000e+05    1.4166163573e-01
    1.5200000000e+05    1.6803334835e-01
    1.5210000000e+05    1.2794275929e-01
    1.5220000000e+05    1.5992199514e-01
    1.5230000000e+05    1.1238881360e-01
    1.5240000000e+05    1.1407624221e-01
    1.5250000000e+05    1.3776874580e-01
    1.5260000000e+05    1.3593990693e-01
    1.5270000000e+05    1.3661406075e-01
    1.5280000000e+05    1.1829238183e-01
    1.5290000000e+05    1.2051009382e-01
    1.5300000000e+05    1.1354660153e-01
    1.5310000000e+05    1.3888691473e-01
    1.5320000000e+05    9.6955147477e-02
    1.5330000000e+05    1.2389180135e-01
    1.5340000000e+05    1.3338057289e-01
    1.5350000000e+05    1.2336860517e-01
    1.5360000000e+05    1.0496496185e-01
    1.5370000000e+05    1.2573108700e-01
    1.5380000000e+05    1.5481161322e-01
    1.5390000000e+05    1.5910222392e-01
    1.5400000000e+05    1.5900801877e-01
    1.5410000000e+05    1.6014766281e-01
    1.5420000000e+05    1.3016882683e-01
    1.5430000000e+05    1.1675195631e-01
    1.5440000000e+05    9.8635325638e-02
    1.5450000000e+05    1.2938306889e-01
    1.5460000000e+05    1.3262418481e-01
    1.5470000000e+05    1.2815947014e-01
    1.5480000000e+05    1.8473241714e-01
    1.5490000000e+05    1.4706085362e-01
    1.5500000000e+05    1.5692869870e-01
    1.5510000000e+05    1.6510448073e-01
    1.5520000000e+05    1.4991693376e-01
    1.5530000000e+05    1.6936640107e-01
    1.5540000000e+05    1.3730325600e-01
    1.5550000000e+05    1.3175321835e-01
    1.5560000000e+05    1.1492976592e-01
    1.5570000000e+05    1.1597335821e-01
    1.5580000000e+05    1.1527084232e-01
    1.5590000000e+05    1.2677509467e-01
    1.5600000000e+05    1.1041981063e-01
    1.5610000000e+05    1.3780657941e-01
    1.5620000000e+05    1.3868956018e-01
    1.5630000000e+05    1.8014435428e-01
    1.5640000000e+05    1.4540355286e-01
    1.5650000000e+05    1.1135887119e-01
    1.5660000000e+05    1.2652946180e-01
    1.5670000000e+05    1.1516267907e-01
    1.5680000000e+05    1.0447145086e-01
    1.5690000000e+05    1.4131214519e-01
    1.5700000000e+05    1.3770993619e-01
    1.5710000000e+05    1.3117805262e-01
    1.5720000000e+05    1.2287226511e-01
    1.5730000000e+05    1.5244316917e-01
    1.5740000000e+05    1.3177260109e-01
    1.5750000000e+05    1.9851202201e-01
    1.5760000000e+05    1.4292859355e-01
    1.5770000000e+05    1.5319104359e-01
    1.5780000000e+05    1.1553823657e-01
    1.5790000000e+05    1.2386153342e-01
    1.5800000000e+05    1.8450452992e-01
    1.5810000000e+05    1.1278925845e-01
    1.5820000000e+05    1.1819802218e-01
    1.5830000000e+05    1.4857863453e-01
    1.5840000000e+05    1.4105197054e-01
    1.5850000000e+05    1.1044676007e-01
    1.5860000000e+05    1.4709234188e-01
    1.5870000000e+05    1.6774268178e-01
    1.5880000000e+05    1.2910859875e-01
    1.5890000000e+05    1.1301167819e-01
    1.5900000000e+05    1.9168375321e-01
    1.5910000000e+05    1.2235863102e-01
    1.5920000000e+05    1.3328133464e-01
    1.5930000000e+05    1.1666824626e-01
    1.5940000000e+05    1.4715842774e-01
    1.5950000000e+05    1.0440442001e-01
    1.5960000000e+05    1.2204393134e-01
    1.5970000000e+05    1.3636265619e-01
    1.5980000000e+05    1.5211008711e-01
    1.5990000000e+05    1.4893835411e-01
    1.6000000000e+05    1.4914542897e-01
    1.6010000000e+05    1.5681227904e-01
    1.6020000000e+05    1.2947221146e-01
    1.6030000000e+05    1.1154623809e-01
    1.6040000000e+05    1.1580577478e-01
    1.6050000000e+05    1.1638573052e-01
    1.6060000000e+05    1.0887575135e-01
    1.6070000000e+05    1.1732680708e-01
    1.6080000000e+05    1.3853997697e-01
    1.6090000000e+05    9.3724779112e-02
    1.6100000000e+05    1.1842769898e-01
    1.6110000000e+05    9.9773813540e-02
    1.6120000000e+05    1.2325873106e-01
    1.6130000000e+05    1.2268079706e-01
    1.6140000000e+05    1.5589305151e-01
    1.6150000000e+05    1.7602452205e-01
    1.6160000000e+05    1.3492463273e-01
    1.6170000000e+05    1.3480089120e-01
    1.6180000000e+05    1.6532558029e-01
    1.6190000000e+05    1.1746183413e-01
    1.6200000000e+05    1.2770963137e-01
    1.6210000000e+05    1.3945006703e-01
    1.6220000000e+05    1.0803339431e-01
    1.6230000000e+05    9.2433106915e-02
    1.6240000000e+05    1.5612493320e-01
    1.6250000000e+05    1.3151097573e-01
    1.6260000000e+05    1.4616899402e-01
    1.6270000000e+05    1.3563072516e-01
    1.6280000000e+05    1.2911928743e-01
    1.6290000000e+05    1.6049317608e-01
    1.6300000000e+05    1.1639195008e-01
    1.6310000000e+05    1.1656598970e-01
    1.6320000000e+05    1.3008227888e-01
    1.6330000000e+05    1.3765558774e-01
    1.6340000000e+05    1.5185958681e-01
    1.6350000000e+05    1.3814724100e-01
    1.6360000000e+05    9.3030875379e-02
    1.6370000000e+05    1.1782111962e-01
    1.6380000000e+05    1.1027177581e-01
    1.6390000000e+05    1.4112085389e-01
    1.6400000000e+05    1.3834643635e-01
    1.6410000000e+05    1.5183480413e-01
    1.6420000000e+05    1.6796052444e-01
    1.6430000000e+05    1.5232912792e-01
    1.6440000000e+05    1.0845673009e-01
    1.6450000000e+05    1.2097001422e-01
    1.6460000000e+05    1.3597541619e-01
    1.6470000000e+05    1.5983327448e-01
    1.6480000000e+05    1.3371378273e-01
    1.6490000000e+05    1.2696224366e-01
    1.6500000000e+05    1.2311768044e-01
    1.6510000000e+05    1.5107492694e-01
    1.6520000000e+05    1.4323933803e-01
    1.6530000000e+05    1.3410665685e-01
    1.6540000000e+05    1.0444008576e-01
    1.6550000000e+05    1.2830139027e-01
    1.6560000000e+05    1.0292149945e-01
    1.6570000000e+05    1.3410428070e-01
    1.6580000000e+05    1.4531171532e-01
    1.6590000000e+05    1.1439966448e-01
    1.6600000000e+05    1.2404962448e-01
    1.6610000000e+05    1.3075000540e-01
    1.6620000000e+05    1.0928791602e-01
    1.6630000000e+05    1.1176792496e-01
    1.6640000000e+05    1.2333346348e-01
    1.6650000000e+05    1.5615032531e-01
    1.6660000000e+05    1.1671853294e-01
    1.6670000000e+05    1.2581210054e-01
    1.6680000000e+05    1.2496008155e-01
    1.6690000000e+05    1.5682126730e-01
    1.6700000000e+05    1.2207605647e-01
    1.6710000000e+05    1.3223096835e-01
    1.6720000000e+05    1.4244688912e-01
    1.6730000000e+05    1.2164697249e-01
    1.6740000000e+05    1.2930389197e-01
    1.6750000000e+05    1.1012874901e-01
    1.6760000000e+05    1.0660500800e-01
    1.6770000000e+05    1.2462262046e-01
    1.6780000000e+05    1.5045877974e-01
    1.6790000000e+05    1.3757235696e-01
    1.6800000000e+05    1.4553936208e-01
    1.6810000000e+05    1.0990930074e-01
    1.6820000000e+05    9.6328561358e-02
    1.6830000000e+05    1.3762307644e-01
    1.6840000000e+05    1.3762257662e-01
    1.6850000000e+05    1.6155946037e-01
    1.6860000000e+05    1.4669861359e-01
    1.6870000000e+05    1.5001626721e-01
    1.6880000000e+05    1.6305568344e-01
    1.6890000000e+05    1.3232311676e-01
    1.6900000000e+05    1.3239863405e-01
    1.6910000000e+05    1.4062032601e-01
    1.6920000000e+05    1.1881115784e-01
    1.6930000000e+05    1.2575704771e-01
    1.6940000000e+05    1.2220870517e-01
    1.6950000000e+05    1.0612265196e-01
    1.6960000000e+05    1.0429887465e-01
    1.6970000000e+05    1.3540561571e-01
    1.6980000000e+05    1.6066282505e-01
    1.6990000000e+05    1.3334230423e-01
    1.7000000000e+05    1.4474200112e-01
    1.7010000000e+05    1.5089602712e-01
    1.7020000000e+05    1.1144270281e-01
    1.7030000000e+05    1.3166902064e-01
    1.7040000000e+05    1.5567283079e-01
    1.7050000000e+05    1.0938239176e-01
    1.7060000000e+05    1.1094584155e-01
    1.7070000000e+05    1.3441570830e-01
    1.7080000000e+05    1.5485391386e-01
    1.7090000000e+05    1.2215200723e-01
    1.7100000000e+05    1.1414252865e-01
    1.7110000000e+05    9.2188766084e-02
    1.7120000000e+05    1.3296385459e-01
    1.7130000000e+05    1.5256616842e-01
    1.7140000000e+05    1.1253419074e-01
    1.7150000000e+05    1.3538451245e-01
    1.7160000000e+05    1.8354556259e-01
    1.7170000000e+05    1.5381635502e-01
    1.7180000000e+05    1.3837192696e-01
    1.7190000000e+05    1.0132008875e-01
    1.7200000000e+05    9.8163409205e-02
    1.7210000000e+05    1.3914939867e-01
    1.7220000000e+05    1.6560262546e-01
    1.7230000000e+05    1.4024273979e-01
    1.7240000000e+05    1.4865317143e-01
    1.7250000000e+05    1.2135376890e-01
    1.7260000000e+05    1.2453414857e-01
    1.7270000000e+05    1.0754939587e-01
    1.7280000000e+05    1.1980574874e-01
    1.7290000000e+05    1.4341181498e-01
    1.7300000000e+05    1.0634402938e-01
    1.7310000000e+05    1.0763415641e-01
    1.7320000000e+05    9.7457303888e-02
    1.7330000000e+05    1.5138240363e-01
    1.7340000000e+05    1.1305755902e-01
    1.7350000000e+05    1.3532304371e-01
    1.7360000000e+05    1.8918647716e-01
    1.7370000000e+05    1.1688252536e-01
    1.7380000000e+05    1.6629438091e-01
    1.7390000000e+05    1.6936236279e-01
    1.7400000000e+05    1.2099227709e-01
    1.7410000000e+05    1.3718562838e-01
    1.7420000000e+05    1.3896942053e-01
    1.7430000000e+05    9.7926638155e-02
    1.7440000000e+05    1.2047901389e-01
    1.7450000000e+05    1.2199434530e-01
    1.7460000000e+05    1.1465763838e-01
    1.7470000000e+05    1.4972754608e-01
    1.7480000000e+05    9.8279782721e-02
    1.7490000000e+05    1.0545438295e-01
    1.7500000000e+05    9.9958443807e-02
    1.7510000000e+05    1.1977150810e-01
    1.7520000000e+05    1.8452286808e-01
    1.7530000000e+05    1.3135818157e-01
    1.7540000000e+05    1.6480683148e-01
    1.7550000000e+05    1.6642028937e-01
    1.7560000000e+05    1.3857705960e-01
    1.7570000000e+05    1.1418778472e-01
    1.7580000000e+05    1.3124697317e-01
    1.7590000000e+05    1.3070472734e-01
    1.7600000000e+05    1.3745156872e-01
    1.7610000000e+05    1.1872637014e-01
    1.7620000000e+05    1.1396977797e-01
    1.7630000000e+05    1.4921359550e-01
    1.7640000000e+05    1.5348329147e-01
    1.7650000000e+05    1.6904967550e-01
    1.7660000000e+05    1.2585996257e-01
    1.7670000000e+05    1.2307816725e-01
    1.7680000000e+05    1.3209108819e-01
    1.7690000000e+05    1.2285654893e-01
    1.7700000000e+05    1.2822483020e-01
    1.7710000000e+05    1.3296301481e-01
    1.7720000000e+05    1.0145109140e-01
    1.7730000000e+05    1.0211432729e-01
    1.7740000000e+05    1.1599429712e-01
    1.7750000000e+05    1.4990216041e-01
    1.7760000000e+05    1.2643721295e-01
    1.7770000000e+05    1.6631490819e-01
    1.7780000000e+05    1.4618817489e-01
    1.7790000000e+05    1.2854878765e-01
    1.7800000000e+05    1.3014428732e-01
    1.7810000000e+05    1.1087667752e-01
    1.7820000000e+05    1.1050681437e-01
    1.7830000000e+05    1.3329715117e-01
    1.7840000000e+05    1.2353060356e-01
    1.7850000000e+05    1.3412955480e-01
    1.7860000000e+05    1.4656740675e-01
    1.7870000000e+05    1.1706466318e-01
    1.7880000000e+05    1.6502349423e-01
    1.7890000000e+05    1.1357483315e-01
    1.7900000000e+05    1.0885774280e-01
    1.7910000000e+05    1.3887908028e-01
    1.7920000000e+05    1.6286732397e-01
    1.7930000000e+05    1.4545322854e-01
    1.7940000000e+05    1.5691696792e-01
    1.7950000000e+05    1.3297044672e-01
    1.7960000000e+05    1.5835165133e-01
    1.7970000000e+05    1.1623266680e-01
    1.7980000000e+05    1.3002900117e-01
    1.7990000000e+05    1.0480372184e-01
    1.8000000000e+05    1.2053104866e-01
    1.8010000000e+05    1.8236314301e-01
    1.8020000000e+05    1.3680326316e-01
    1.8030000000e+05    1.2096766547e-01
    1.8040000000e+05    9.8652120086e-02
    1.8050000000e+05    1.3315572434e-01
    1.8060000000e+05    9.4686691560e-02
    1.8070000000e+05    1.0233021399e-01
    1.8080000000e+05    1.2693939879e-01
    1.8090000000e+05    1.4219501283e-01
    1.8100000000e+05    1.3461871652e-01
    1.8110000000e+05    1.2336093188e-01
    1.8120000000e+05    1.3177620434e-01
    1.8130000000e+05    1.3036775588e-01
    1.8140000000e+05    1.2506709408e-01
    1.8150000000e+05    1.4607924748e-01
    1.8160000000e+05    1.0886869640e-01
    1.8170000000e+05    1.5989635874e-01
    1.8180000000e+05    1.1042821998e-01
    1.8190000000e+05    9.1873814036e-02
    1.8200000000e+05    1.0126840374e-01
    1.8210000000e+05    1.1579850056e-01
    1.8220000000e+05    1.5486608085e-01
    1.8230000000e+05    1.1137972825e-01
    1.8240000000e+05    1.2237987680e-01
    1.8250000000e+05    1.1585152332e-01
    1.8260000000e+05    8.3270759272e-02
    1.8270000000e+05    8.7417846110e-02
    1.8280000000e+05    1.1410851368e-01
    1.8290000000e+05    1.2253690371e-01
    1.8300000000e+05    1.2628880208e-01
    1.8310000000e+05    1.2503261162e-01
    1.8320000000e+05    9.6774940857e-02
    1.8330000000e+05    1.3514369626e-01
    1.8340000000e+05    1.8827813451e-01
    1.8350000000e+05    1.1309381010e-01
    1.8360000000e+05    1.0856664678e-01
    1.8370000000e+05    1.0396742879e-01
    1.8380000000e+05    1.4212495085e-01
    1.8390000000e+05    1.2468493715e-01
    1.8400000000e+05    1.2143716533e-01
    1.8410000000e+05    1.1896895986e-01
    1.8420000000e+05    1.1765397042e-01
    1.8430000000e+05    1.5506928985e-01
    1.8440000000e+05    1.1961053289e-01
    1.8450000000e+05    1.1554205851e-01
    1.8460000000e+05    1.1545872315e-01
    1.8470000000e+05    1.0180601352e-01
    1.8480000000e+05    1.1217978134e-01
    1.8490000000e+05    2.2116430259e-01
    1.8500000000e+05    1.2806866511e-01
    1.8510000000e+05    1.4099036482e-01
    1.8520000000e+05    1.0327781574e-01
    1.8530000000e+05    9.3177799167e-02
    1.8540000000e+05    9.7824474241e-02
    1.8550000000e+05    1.0561632686e-01
    1.8560000000e+05    1.2681392832e-01
    1.8570000000e+05    1.2665206410e-01
    1.8580000000e+05    1.1709181894e-01
    1.8590000000e+05    1.4303431165e-01
    1.8600000000e+05    1.2467933824e-01
    1.8610000000e+05    1.1895135355e-01
    1.8620000000e+05    1.3921783483e-01
    1.8630000000e+05    1.1486794017e-01
    1.8640000000e+05    1.2215545635e-01
    1.8650000000e+05    1.0298768336e-01
    1.8660000000e+05    1.2800346499e-01
    1.8670000000e+05    1.0965889712e-01
    1.8680000000e+05    8.7474653775e-02
    1.8690000000e+05    1.1399304421e-01
    1.8700000000e+05    1.1415514717e-01
    1.8710000000e+05    1.2695113005e-01
    1.8720000000e+05    1.2675417393e-01
    1.8730000000e+05    1.5694370145e-01
    1.8740000000e+05    1.2371786320e-01
    1.8750000000e+05    9.5422118636e-02
    1.8760000000e+05    1.0369637351e-01
    1.8770000000e+05    1.3083319925e-01
    1.8780000000e+05    1.3050040787e-01
    1.8790000000e+05    1.5683219223e-01
    1.8800000000e+05    1.4172278139e-01
    1.8810000000e+05    1.4630853030e-01
    1.8820000000e+05    1.3912738838e-01
    1.8830000000e+05    1.0141652298e-01
    1.8840000000e+05    9.9104115685e-02
    1.8850000000e+05    1.5188906234e-01
    1.8860000000e+05    1.2273159751e-01
    1.8870000000e+05    1.3325239691e-01
    1.8880000000e+05    1.0750908664e-01
    1.8890000000e+05    1.2130661804e-01
    1.8900000000e+05    1.3482149392e-01
    1.8910000000e+05    1.2048561593e-01
    1.8920000000e+05    1.3339921802e-01
    1.8930000000e+05    1.2401369332e-01
    1.8940000000e+05    1.0469720982e-01
    1.8950000000e+05    1.0486543072e-01
    1.8960000000e+05    1.1664244164e-01
    1.8970000000e+05    1.3212572535e-01
    1.8980000000e+05    1.1033187086e-01
    1.8990000000e+05    1.8177342497e-01
    1.9000000000e+05    1.2591001503e-01
    1.9010000000e+05    1.3634566236e-01
    1.9020000000e+05    1.9880675840e-01
    1.9030000000e+05    1.1008969993e-01
    1.9040000000e+05    1.3403697079e-01
    1.9050000000e+05    1.3597991103e-01
    1.9060000000e+05    1.0432109599e-01
    1.9070000000e+05    1.4623656415e-01
    1.9080000000e+05    1.2446618107e-01
    1.9090000000e+05    1.0354798638e-01
    1.9100000000e+05    1.4908126992e-01
    1.9110000000e+05    1.0591336120e-01
    1.9120000000e+05    1.1274335284e-01
    1.9130000000e+05    1.3329250108e-01
    1.9140000000e+05    1.1458127100e-01
    1.9150000000e+05    1.1416601437e-01
    1.9160000000e+05    1.0703415319e-01
    1.9170000000e+05    9.5774327842e-02
    1.9180000000e+05    1.5711980581e-01
    1.9190000000e+05    1.1029375880e-01
    1.9200000000e+05    1.4383198408e-01
    1.9210000000e+05    1.4166606807e-01
    1.9220000000e+05    1.3378302632e-01
    1.9230000000e+05    1.4426804018e-01
    1.9240000000e+05    1.9400305884e-01
    1.9250000000e+05    1.4370278171e-01
    1.9260000000e+05    1.1263357183e-01
    1.9270000000e+05    1.4139136780e-01
    1.9280000000e+05    1.2218739465e-01
    1.9290000000e+05    1.2435386506e-01
    1.9300000000e+05    1.1269125898e-01
    1.9310000000e+05    9.9099523738e-02
    1.9320000000e+05    1.6569279414e-01
    1.9330000000e+05    1.1033518030e-01
    1.9340000000e+05    9.2887367622e-02
    1.9350000000e+05    1.2019865266e-01
    1.9360000000e+05    1.1982007165e-01
    1.9370000000e+05    1.3008178999e-01
    1.9380000000e+05    1.0323670981e-01
    1.9390000000e+05    1.0386652620e-01
    1.9400000000e+05    1.5152380702e-01
    1.9410000000e+05    1.4612982264e-01
    1.9420000000e+05    1.4540159110e-01
    1.9430000000e+05    1.2262274804e-01
    1.9440000000e+05    1.1545736717e-01
    1.9450000000e+05    1.1566754574e-01
    1.9460000000e+05    1.4295121201e-01
    1.9470000000e+05    1.2695496205e-01
    1.9480000000e+05    1.3632099785e-01
    1.9490000000e+05    1.0558639163e-01
    1.9500000000e+05    1.0970851145e-01
    1.9510000000e+05    1.2044854039e-01
    1.9520000000e+05    1.3195199100e-01
    1.9530000000e+05    1.2717787539e-01
    1.9540000000e+05    1.4339334498e-01
    1.9550000000e+05    1.4053570611e-01
    1.9560000000e+05    1.3120348053e-01
    1.9570000000e+05    1.3745594762e-01
    1.9580000000e+05    1.4301853409e-01
    1.9590000000e+05    1.3952156623e-01
    1.9600000000e+05    1.6305854808e-01
    1.9610000000e+05    1.5499832666e-01
    1.9620000000e+05    1.2873151241e-01
    1.9630000000e+05    1.2929927319e-01
    1.9640000000e+05    1.0783846480e-01
    1.9650000000e+05    9.9542377299e-02
    1.9660000000e+05    9.5113559827e-02
    1.9670000000e+05    1.4059523585e-01
    1.9680000000e+05    1.4273873658e-01
    1.9690000000e+05    1.3452993601e-01
    1.9700000000e+05    1.0698038722e-01
    1.9710000000e+05    1.3056580394e-01
    1.9720000000e+05    1.3766457132e-01
    1.9730000000e+05    2.0770724035e-01
    1.9740000000e+05    1.4747977027e-01
    1.9750000000e+05    1.2450666704e-01
    1.9760000000e+05    1.0784691911e-01
    1.9770000000e+05    1.4463636428e-01
    1.9780000000e+05    1.3598766205e-01
    1.9790000000e+05    1.4507505231e-01
    1.9800000000e+05    1.3483878599e-01
    1.9810000000e+05    1.2939840424e-01
    1.9820000000e+05    1.6058315091e-01
    1.9830000000e+05    1.3044634620e-01
    1.9840000000e+05    1.0367371473e-01
    1.9850000000e+05    1.4463909323e-01
    1.9860000000e+05    1.3519014932e-01
    1.9870000000e+05    1.4668974450e-01
    1.9880000000e+05    1.2376353644e-01
    1.9890000000e+05    1.7185789354e-01
    1.9900000000e+05    1.2509991826e-01
    1.9910000000e+05    1.3674690571e-01
    1.9920000000e+05    1.3864150950e-01
    1.9930000000e+05    1.3758641037e-01
    1.9940000000e+05    1.2799213817e-01
    1.9950000000e+05    1.3941021283e-01
    1.9960000000e+05    1.5974351522e-01
    1.9970000000e+05    1.5710028724e-01
    1.9980000000e+05    1.0853591540e-01
    1.9990000000e+05    1.1085237977e-01
    2.0000000000e+05    1.0826955216e-01
