    7.5000000000e+01    9.9823603464e-02
    1.5000000000e+02    1.0033478211e-01
    2.2500000000e+02    1.1500551045e-01
    3.0000000000e+02    1.3397429396e-01
    3.7500000000e+02    1.3790248520e-01
    4.5000000000e+02    1.3505954831e-01
    5.2500000000e+02    1.1976495865e-01
    6.0000000000e+02    1.3076082268e-01
    6.7500000000e+02    1.2634501045e-01
    7.5000000000e+02    2.1403990756e-01
    8.2500000000e+02    3.8728115592e-01
    9.0000000000e+02    1.3637387906e-01
    9.7500000000e+02    1.6913132275e-01
    1.0500000000e+03    1.1674686676e-01
    1.1250000000e+03    1.3668300974e-01
    1.2000000000e+03    1.6111743651e-01
    1.2750000000e+03    1.3496421676e-01
    1.3500000000e+03    1.6141318453e-01
    1.4250000000e+03    1.2554340638e-01
    1.5000000000e+03    1.3740818544e-01
    1.5750000000e+03    9.6000741226e-02
    1.6500000000e+03    1.3351899585e-01
    1.7250000000e+03    1.7515111617e-01
    1.8000000000e+03    1.3556929001e-01
    1.8750000000e+03    9.7131979520e-02
    1.9500000000e+03    1.9691827925e-01
    2.0250000000e+03    9.4124299511e-02
    2.1000000000e+03    1.3016789995e-01
    2.1750000000e+03    1.0223741797e-01
    2.2500000000e+03    1.1633137253e-01
    2.3250000000e+03    1.2184084053e-01
    2.4000000000e+03    1.6362743090e-01
    2.4750000000e+03    1.9967526274e-01
    2.5500000000e+03    1.2842782849e-01
    2.6250000000e+03    1.5321449663e-01
    2.7000000000e+03    1.2345711081e-01
    2.7750000000e+03    9.6359260378e-02
    2.8500000000e+03    8.4636624488e-02
    2.9250000000e+03    1.1865822670e-01
    3.0000000000e+03    8.2739913091e-02
    3.0750000000e+03    1.1970811705e-01
    3.1500000000e+03    1.4155243030e-01
    3.2250000000e+03    2.1051695960e-01
    3.3000000000e+03    1.1950680435e-01
    3.3750000000e+03    1.3921967706e-01
    3.4500000000e+03    1.5882808959e-01
    3.5250000000e+03    1.5725178897e-01
    3.6000000000e+03    1.8507130569e-01
    3.6750000000e+03    1.9999155394e-01
    3.7500000000e+03    1.8375247358e-01
    3.8250000000e+03    1.6071833887e-01
    3.9000000000e+03    1.3375283632e-01
    3.9750000000e+03    1.3702361297e-01
    4.0500000000e+03    1.0823513314e-01
    4.1250000000e+03    2.0085124149e-01
    4.2000000000e+03    1.3246265371e-01
    4.2750000000e+03    1.7066133384e-01
    4.3500000000e+03    2.7900263197e-01
    4.4250000000e+03    1.6730160448e-01
    4.5000000000e+03    1.1004814524e-01
    4.5750000000e+03    1.7638811892e-01
    4.6500000000e+03    1.0277806347e-01
    4.7250000000e+03    1.2035463716e-01
    4.8000000000e+03    2.1546327853e-01
    4.8750000000e+03    2.4144855861e-01
    4.9500000000e+03    2.9193094022e-01
    5.0250000000e+03    2.7192511054e-01
    5.1000000000e+03    3.5341311743e-01
    5.1750000000e+03    2.7001877730e-01
    5.2500000000e+03    2.6749826744e-01
    5.3250000000e+03    3.5227460489e-01
    5.4000000000e+03    2.7556036845e-01
    5.4750000000e+03    1.9872888057e-01
    5.5500000000e+03    2.7262578896e-01
    5.6250000000e+03    2.5322477761e-01
    5.7000000000e+03    1.9404629161e-01
    5.7750000000e+03    2.7800896605e-01
    5.8500000000e+03    2.6207355311e-01
    5.9250000000e+03    1.4306757004e-01
    6.0000000000e+03    1.5255231694e-01
    6.0750000000e+03    2.1724860304e-01
    6.1500000000e+03    1.7641769800e-01
    6.2250000000e+03    2.0732992936e-01
    6.3000000000e+03    3.7220030619e-01
    6.3750000000e+03    3.9683930976e-01
    6.4500000000e+03    3.7923685780e-01
    6.5250000000e+03    2.5128238853e-01
    6.6000000000e+03    1.7411772567e-01
    6.6750000000e+03    1.1007615075e-01
    6.7500000000e+03    9.4357864986e-02
    6.8250000000e+03    1.4427578712e-01
    6.9000000000e+03    1.6679517044e-01
    6.9750000000e+03    2.1558663656e-01
    7.0500000000e+03    3.0722165059e-01
    7.1250000000e+03    1.9985833159e-01
    7.2000000000e+03    1.3364178393e-01
    7.2750000000e+03    1.6466125864e-01
    7.3500000000e+03    1.0312211989e-01
    7.4250000000e+03    9.4486159242e-02
    7.5000000000e+03    1.2565537802e-01
    7.5750000000e+03    1.2982603370e-01
    7.6500000000e+03    1.1338504797e-01
    7.7250000000e+03    1.4575323327e-01
    7.8000000000e+03    2.0401459012e-01
    7.8750000000e+03    1.7715605227e-01
    7.9500000000e+03    2.0949583418e-01
    8.0250000000e+03    3.4305017570e-01
    8.1000000000e+03    2.5579142861e-01
    8.1750000000e+03    2.0411223440e-01
    8.2500000000e+03    2.1373147480e-01
    8.3250000000e+03    3.4638386792e-01
    8.4000000000e+03    2.0832977960e-01
    8.4750000000e+03    2.5717380976e-01
    8.5500000000e+03    3.2483864764e-01
    8.6250000000e+03    2.5384985387e-01
    8.7000000000e+03    1.6814872758e-01
    8.7750000000e+03    2.2815008279e-01
    8.8500000000e+03    2.8909389934e-01
    8.9250000000e+03    1.9224081626e-01
    9.0000000000e+03    1.7467802483e-01
    9.0750000000e+03    2.0191072898e-01
    9.1500000000e+03    1.7892343254e-01
    9.2250000000e+03    1.5419512451e-01
    9.3000000000e+03    1.9184928939e-01
    9.3750000000e+03    3.6063726829e-01
    9.4500000000e+03    2.5238059381e-01
    9.5250000000e+03    1.9734092570e-01
    9.6000000000e+03    2.6489988375e-01
    9.6750000000e+03    2.3719293775e-01
    9.7500000000e+03    1.3611371737e-01
    9.8250000000e+03    1.8737094771e-01
    9.9000000000e+03    2.4457402530e-01
    9.9750000000e+03    1.8936222741e-01
    1.0050000000e+04    2.0319820772e-01
    1.0125000000e+04    3.3656409378e-01
    1.0200000000e+04    1.9257489334e-01
    1.0275000000e+04    2.0845826624e-01
    1.0350000000e+04    3.7070810488e-01
    1.0425000000e+04    3.6986402560e-01
    1.0500000000e+04    2.6358889745e-01
    1.0575000000e+04    5.7567649006e-01
    1.0650000000e+04    4.2180692116e-01
    1.0725000000e+04    2.1598804252e-01
    1.0800000000e+04    2.3906474691e-01
    1.0875000000e+04    3.1013359102e-01
    1.0950000000e+04    1.8354026947e-01
    1.1025000000e+04    2.9201401316e-01
    1.1100000000e+04    5.0091016561e-01
    1.1175000000e+04    3.5893214031e-01
    1.1250000000e+04    2.8023583900e-01
    1.1325000000e+04    3.3252822473e-01
    1.1400000000e+04    2.2557759953e-01
    1.1475000000e+04    1.8028275592e-01
    1.1550000000e+04    3.1539815792e-01
    1.1625000000e+04    2.9119041864e-01
    1.1700000000e+04    2.6927277677e-01
    1.1775000000e+04    2.5257325194e-01
    1.1850000000e+04    2.7236592141e-01
    1.1925000000e+04    1.7958379957e-01
    1.2000000000e+04    2.1091857192e-01
    1.2075000000e+04    2.7052565048e-01
    1.2150000000e+04    1.7946633110e-01
    1.2225000000e+04    1.7912576759e-01
    1.2300000000e+04    2.7881307742e-01
    1.2375000000e+04    1.7906130799e-01
    1.2450000000e+04    1.6516308515e-01
    1.2525000000e+04    1.6920825914e-01
    1.2600000000e+04    2.0169712724e-01
    1.2675000000e+04    2.0756659079e-01
    1.2750000000e+04    2.5403371319e-01
    1.2825000000e+04    3.2029940428e-01
    1.2900000000e+04    2.9918424473e-01
    1.2975000000e+04    2.2951746746e-01
    1.3050000000e+04    1.6778638184e-01
    1.3125000000e+04    3.5215829090e-01
    1.3200000000e+04    3.1804210029e-01
    1.3275000000e+04    2.8543446822e-01
    1.3350000000e+04    2.7666373517e-01
    1.3425000000e+04    1.6003768300e-01
    1.3500000000e+04    1.1823364982e-01
    1.3575000000e+04    1.3911801042e-01
    1.3650000000e+04    1.4230300661e-01
    1.3725000000e+04    9.5451107489e-02
    1.3800000000e+04    1.0687991568e-01
    1.3875000000e+04    1.4411775237e-01
    1.3950000000e+04    1.6200942867e-01
    1.4025000000e+04    3.1974458384e-01
    1.4100000000e+04    3.0975571225e-01
    1.4175000000e+04    2.3921754298e-01
    1.4250000000e+04    2.4093982594e-01
    1.4325000000e+04    2.3774978864e-01
    1.4400000000e+04    2.4250996234e-01
    1.4475000000e+04    2.3080413700e-01
    1.4550000000e+04    2.4837948975e-01
    1.4625000000e+04    2.2534859710e-01
    1.4700000000e+04    1.9898071723e-01
    1.4775000000e+04    2.5409791221e-01
    1.4850000000e+04    2.0611080750e-01
    1.4925000000e+04    1.8024020225e-01
    1.5000000000e+04    2.6796631900e-01
    1.5075000000e+04    3.3201633395e-01
    1.5150000000e+04    3.1060586788e-01
    1.5225000000e+04    3.5010357343e-01
    1.5300000000e+04    3.7314445876e-01
    1.5375000000e+04    2.3007615263e-01
    1.5450000000e+04    1.7997691855e-01
    1.5525000000e+04    1.5768911604e-01
    1.5600000000e+04    1.5067495599e-01
    1.5675000000e+04    1.6013022664e-01
    1.5750000000e+04    1.9750367552e-01
    1.5825000000e+04    2.4295285113e-01
    1.5900000000e+04    3.0861329802e-01
    1.5975000000e+04    3.5491407913e-01
    1.6050000000e+04    3.2654186826e-01
    1.6125000000e+04    3.3104092799e-01
    1.6200000000e+04    2.6381869533e-01
    1.6275000000e+04    2.4156186697e-01
    1.6350000000e+04    2.2332464046e-01
    1.6425000000e+04    2.0067514360e-01
    1.6500000000e+04    1.5953347922e-01
    1.6575000000e+04    1.4695495565e-01
    1.6650000000e+04    1.5243618534e-01
    1.6725000000e+04    1.6265401659e-01
    1.6800000000e+04    2.3510730699e-01
    1.6875000000e+04    3.1996998262e-01
    1.6950000000e+04    2.9602777892e-01
    1.7025000000e+04    2.3867730927e-01
    1.7100000000e+04    2.0852535149e-01
    1.7175000000e+04    1.5119515282e-01
    1.7250000000e+04    2.1211803912e-01
    1.7325000000e+04    2.4449245433e-01
    1.7400000000e+04    2.0384478805e-01
    1.7475000000e+04    1.9699565664e-01
    1.7550000000e+04    2.2273211372e-01
    1.7625000000e+04    2.2582820788e-01
    1.7700000000e+04    2.0741185690e-01
    1.7775000000e+04    1.9964954727e-01
    1.7850000000e+04    2.0820864664e-01
    1.7925000000e+04    2.2203662229e-01
    1.8000000000e+04    2.6733275539e-01
    1.8075000000e+04    2.5708340133e-01
    1.8150000000e+04    2.8123904898e-01
    1.8225000000e+04    1.8006535420e-01
    1.8300000000e+04    5.8587676988e-01
    1.8375000000e+04    5.1038156719e-01
    1.8450000000e+04    3.8472830708e-01
    1.8525000000e+04    3.7080602642e-01
    1.8600000000e+04    1.9750270380e-01
    1.8675000000e+04    1.2655133280e-01
    1.8750000000e+04    1.2754352388e-01
    1.8825000000e+04    9.1365636861e-02
    1.8900000000e+04    9.9132324150e-02
    1.8975000000e+04    1.0772899181e-01
    1.9050000000e+04    1.3059464752e-01
    1.9125000000e+04    1.5460356724e-01
    1.9200000000e+04    1.9708310871e-01
    1.9275000000e+04    2.2721962852e-01
    1.9350000000e+04    2.6815390785e-01
    1.9425000000e+04    2.9779217475e-01
    1.9500000000e+04    1.5828148050e-01
    1.9575000000e+04    1.6168284061e-01
    1.9650000000e+04    1.8725153055e-01
    1.9725000000e+04    1.1523324444e-01
    1.9800000000e+04    1.1277970744e-01
    1.9875000000e+04    1.3262237713e-01
    1.9950000000e+04    1.5146916158e-01
    2.0025000000e+04    1.4576144168e-01
    2.0100000000e+04    1.4674614250e-01
    2.0175000000e+04    1.1537734957e-01
    2.0250000000e+04    1.7845757000e-01
    2.0325000000e+04    2.2870504272e-01
    2.0400000000e+04    2.2991444678e-01
    2.0475000000e+04    2.6874504762e-01
    2.0550000000e+04    2.3160595875e-01
    2.0625000000e+04    1.3739678717e-01
    2.0700000000e+04    2.0470234940e-01
    2.0775000000e+04    1.9636698587e-01
    2.0850000000e+04    1.4925523914e-01
    2.0925000000e+04    1.2082115699e-01
    2.1000000000e+04    1.2322950449e-01
    2.1075000000e+04    8.9109519000e-02
    2.1150000000e+04    8.8927791353e-02
    2.1225000000e+04    1.6276684782e-01
    2.1300000000e+04    1.8461764288e-01
    2.1375000000e+04    1.5398627583e-01
    2.1450000000e+04    1.3635341134e-01
    2.1525000000e+04    9.6749608607e-02
    2.1600000000e+04    1.2349736742e-01
    2.1675000000e+04    1.1936480490e-01
    2.1750000000e+04    1.2354367688e-01
    2.1825000000e+04    1.5290324624e-01
    2.1900000000e+04    1.1239255883e-01
    2.1975000000e+04    1.5028199808e-01
    2.2050000000e+04    9.4633926092e-02
    2.2125000000e+04    1.1392719671e-01
    2.2200000000e+04    9.8315036992e-02
    2.2275000000e+04    8.9207004597e-02
    2.2350000000e+04    9.9729631026e-02
    2.2425000000e+04    2.0349363817e-01
    2.2500000000e+04    1.4671733484e-01
    2.2575000000e+04    1.4128831761e-01
    2.2650000000e+04    1.1899921830e-01
    2.2725000000e+04    1.1039105863e-01
    2.2800000000e+04    1.4781141920e-01
    2.2875000000e+04    1.5515060689e-01
    2.2950000000e+04    1.7721742047e-01
    2.3025000000e+04    1.3118021551e-01
    2.3100000000e+04    2.0875935896e-01
    2.3175000000e+04    1.5894642996e-01
    2.3250000000e+04    1.6609690629e-01
    2.3325000000e+04    1.4390120110e-01
    2.3400000000e+04    1.4720036163e-01
    2.3475000000e+04    1.7775794210e-01
    2.3550000000e+04    2.1564507050e-01
    2.3625000000e+04    2.1766240809e-01
    2.3700000000e+04    1.4783875330e-01
    2.3775000000e+04    1.6603604383e-01
    2.3850000000e+04    1.0557264991e-01
    2.3925000000e+04    9.0752841117e-02
    2.4000000000e+04    1.0581541596e-01
    2.4075000000e+04    1.2214697095e-01
    2.4150000000e+04    1.1781694500e-01
    2.4225000000e+04    1.4272190870e-01
    2.4300000000e+04    2.1293163269e-01
    2.4375000000e+04    1.6699473062e-01
    2.4450000000e+04    1.0474286471e-01
    2.4525000000e+04    1.1995082683e-01
    2.4600000000e+04    1.2548741249e-01
    2.4675000000e+04    1.1924048867e-01
    2.4750000000e+04    1.1644808718e-01
    2.4825000000e+04    1.2272620197e-01
    2.4900000000e+04    1.2189309808e-01
    2.4975000000e+04    1.0843184955e-01
    2.5050000000e+04    1.3282161064e-01
    2.5125000000e+04    1.7361557308e-01
    2.5200000000e+04    1.4193004074e-01
    2.5275000000e+04    1.5348572785e-01
    2.5350000000e+04    1.2114922210e-01
    2.5425000000e+04    1.3887937695e-01
    2.5500000000e+04    1.0740080117e-01
    2.5575000000e+04    1.0743705753e-01
    2.5650000000e+04    1.0341190172e-01
    2.5725000000e+04    8.7297997106e-02
    2.5800000000e+04    9.7914858166e-02
    2.5875000000e+04    1.4990627772e-01
    2.5950000000e+04    1.2348851874e-01
    2.6025000000e+04    1.1264730928e-01
    2.6100000000e+04    1.2817743629e-01
    2.6175000000e+04    1.1379171008e-01
    2.6250000000e+04    1.4064734910e-01
    2.6325000000e+04    1.4617054329e-01
    2.6400000000e+04    1.4322085568e-01
    2.6475000000e+04    1.0578589075e-01
    2.6550000000e+04    8.9764716822e-02
    2.6625000000e+04    1.1275146946e-01
    2.6700000000e+04    1.1376727809e-01
    2.6775000000e+04    1.2498149855e-01
    2.6850000000e+04    1.3000023579e-01
    2.6925000000e+04    1.5441173069e-01
    2.7000000000e+04    1.3987790654e-01
    2.7075000000e+04    1.9856751710e-01
    2.7150000000e+04    1.4284455029e-01
    2.7225000000e+04    8.3993942674e-02
    2.7300000000e+04    7.4634715804e-02
    2.7375000000e+04    7.7144104826e-02
    2.7450000000e+04    9.8151495156e-02
    2.7525000000e+04    1.3314410487e-01
    2.7600000000e+04    1.1475837152e-01
    2.7675000000e+04    9.6835151308e-02
    2.7750000000e+04    1.0308490335e-01
    2.7825000000e+04    1.2249007806e-01
    2.7900000000e+04    1.7984304336e-01
    2.7975000000e+04    3.1932840530e-01
    2.8050000000e+04    2.7905153747e-01
    2.8125000000e+04    2.9038812128e-01
    2.8200000000e+04    4.8371140550e-01
    2.8275000000e+04    5.3992689901e-01
    2.8350000000e+04    1.8325929108e-01
    2.8425000000e+04    1.2315366066e-01
    2.8500000000e+04    1.0134360268e-01
    2.8575000000e+04    9.1667518113e-02
    2.8650000000e+04    8.2860798977e-02
    2.8725000000e+04    1.1553863605e-01
    2.8800000000e+04    1.7255956638e-01
    2.8875000000e+04    2.3180393132e-01
    2.8950000000e+04    1.8216181373e-01
    2.9025000000e+04    1.2814661902e-01
    2.9100000000e+04    8.5918254398e-02
    2.9175000000e+04    1.1728622075e-01
    2.9250000000e+04    1.5178190577e-01
    2.9325000000e+04    1.9229932727e-01
    2.9400000000e+04    1.7050140659e-01
    2.9475000000e+04    9.1139081890e-02
    2.9550000000e+04    1.3329496344e-01
    2.9625000000e+04    8.6451271881e-02
    2.9700000000e+04    1.1144852544e-01
    2.9775000000e+04    1.5324957777e-01
    2.9850000000e+04    9.3192350314e-02
    2.9925000000e+04    8.3886541372e-02
    3.0000000000e+04    9.0813916263e-02
    3.0075000000e+04    1.2376896764e-01
    3.0150000000e+04    1.9678083361e-01
    3.0225000000e+04    9.4446105368e-02
    3.0300000000e+04    1.3867100760e-01
    3.0375000000e+04    1.9289262948e-01
    3.0450000000e+04    2.0253291582e-01
    3.0525000000e+04    1.7123913191e-01
    3.0600000000e+04    1.6551733244e-01
    3.0675000000e+04    1.1368153825e-01
    3.0750000000e+04    9.3970490099e-02
    3.0825000000e+04    1.1990572116e-01
    3.0900000000e+04    1.3216256325e-01
    3.0975000000e+04    8.6725644081e-02
    3.1050000000e+04    1.5575876018e-01
    3.1125000000e+04    1.1418510286e-01
    3.1200000000e+04    1.3203630575e-01
    3.1275000000e+04    1.5512862865e-01
    3.1350000000e+04    1.0445488783e-01
    3.1425000000e+04    1.2650078727e-01
    3.1500000000e+04    1.1509921351e-01
    3.1575000000e+04    1.2026757367e-01
    3.1650000000e+04    1.1145172884e-01
    3.1725000000e+04    1.1171576250e-01
    3.1800000000e+04    1.3974108851e-01
    3.1875000000e+04    1.2890874453e-01
    3.1950000000e+04    1.1507903557e-01
    3.2025000000e+04    1.0806416605e-01
    3.2100000000e+04    1.4566111777e-01
    3.2175000000e+04    1.1223328435e-01
    3.2250000000e+04    9.9496586163e-02
    3.2325000000e+04    1.6905486583e-01
    3.2400000000e+04    1.4362499514e-01
    3.2475000000e+04    1.7985353081e-01
    3.2550000000e+04    1.5893161982e-01
    3.2625000000e+04    8.8746342913e-02
    3.2700000000e+04    9.0441574955e-02
    3.2775000000e+04    9.9441803082e-02
    3.2850000000e+04    1.1732559758e-01
    3.2925000000e+04    8.9968944232e-02
    3.3000000000e+04    2.4778027433e-01
    3.3075000000e+04    4.4310991121e-01
    3.3150000000e+04    1.5519442249e-01
    3.3225000000e+04    1.2607006689e-01
    3.3300000000e+04    1.0021453626e-01
    3.3375000000e+04    1.1756237914e-01
    3.3450000000e+04    1.2949428012e-01
    3.3525000000e+04    1.2983773346e-01
    3.3600000000e+04    1.2266435526e-01
    3.3675000000e+04    1.3051133197e-01
    3.3750000000e+04    1.8582411121e-01
    3.3825000000e+04    1.1561028629e-01
    3.3900000000e+04    1.3352221587e-01
    3.3975000000e+04    1.3234646276e-01
    3.4050000000e+04    1.1922500769e-01
    3.4125000000e+04    9.2343992269e-02
    3.4200000000e+04    8.8841741249e-02
    3.4275000000e+04    9.0921735691e-02
    3.4350000000e+04    1.0108535751e-01
    3.4425000000e+04    9.2405200017e-02
    3.4500000000e+04    1.1236736306e-01
    3.4575000000e+04    1.9004838182e-01
    3.4650000000e+04    2.1878487303e-01
    3.4725000000e+04    1.2851150078e-01
    3.4800000000e+04    8.9198854460e-02
    3.4875000000e+04    1.0216290042e-01
    3.4950000000e+04    9.4056638808e-02
    3.5025000000e+04    1.2251210740e-01
    3.5100000000e+04    1.2821326034e-01
    3.5175000000e+04    1.2688701990e-01
    3.5250000000e+04    1.1702824010e-01
    3.5325000000e+04    1.2735695661e-01
    3.5400000000e+04    1.0172986698e-01
    3.5475000000e+04    1.1756052906e-01
    3.5550000000e+04    9.8389217752e-02
    3.5625000000e+04    9.5769478276e-02
    3.5700000000e+04    1.2190198067e-01
    3.5775000000e+04    1.2243288122e-01
    3.5850000000e+04    1.8173774581e-01
    3.5925000000e+04    1.6724748173e-01
    3.6000000000e+04    1.0842150266e-01
    3.6075000000e+04    1.0819877278e-01
    3.6150000000e+04    1.9576744422e-01
    3.6225000000e+04    1.9516679459e-01
    3.6300000000e+04    2.3623471950e-01
    3.6375000000e+04    1.8770087059e-01
    3.6450000000e+04    1.5241061150e-01
    3.6525000000e+04    1.3936517621e-01
    3.6600000000e+04    7.4240770182e-02
    3.6675000000e+04    9.6199247694e-02
    3.6750000000e+04    1.7099398952e-01
    3.6825000000e+04    1.1176186850e-01
    3.6900000000e+04    1.3639184557e-01
    3.6975000000e+04    1.4004368933e-01
    3.7050000000e+04    1.8758223158e-01
    3.7125000000e+04    1.8773486653e-01
    3.7200000000e+04    2.1287597124e-01
    3.7275000000e+04    2.0196800981e-01
    3.7350000000e+04    1.3822984048e-01
    3.7425000000e+04    9.7723570734e-02
    3.7500000000e+04    1.0829360677e-01
    3.7575000000e+04    1.1184131990e-01
    3.7650000000e+04    1.5630490698e-01
    3.7725000000e+04    1.7841043948e-01
    3.7800000000e+04    1.2662740546e-01
    3.7875000000e+04    2.2337772545e-01
    3.7950000000e+04    1.1832502865e-01
    3.8025000000e+04    1.2196611120e-01
    3.8100000000e+04    1.0805791114e-01
    3.8175000000e+04    8.5322963525e-02
    3.8250000000e+04    8.5068492768e-02
    3.8325000000e+04    1.1988297626e-01
    3.8400000000e+04    1.9218393359e-01
    3.8475000000e+04    1.4665921074e-01
    3.8550000000e+04    1.1902580817e-01
    3.8625000000e+04    1.1889176807e-01
    3.8700000000e+04    1.0366647019e-01
    3.8775000000e+04    1.2013523525e-01
    3.8850000000e+04    1.4424411854e-01
    3.8925000000e+04    1.5002562904e-01
    3.9000000000e+04    2.2418322047e-01
    3.9075000000e+04    1.5420438016e-01
    3.9150000000e+04    1.8003826801e-01
    3.9225000000e+04    1.9524802448e-01
    3.9300000000e+04    1.7455398426e-01
    3.9375000000e+04    1.3739385772e-01
    3.9450000000e+04    1.3031025631e-01
    3.9525000000e+04    9.6604465442e-02
    3.9600000000e+04    1.2436453543e-01
    3.9675000000e+04    1.4331500285e-01
    3.9750000000e+04    9.0956939207e-02
    3.9825000000e+04    1.1361606386e-01
    3.9900000000e+04    9.2761639429e-02
    3.9975000000e+04    1.2346188676e-01
    4.0050000000e+04    1.1958645267e-01
    4.0125000000e+04    1.1274260946e-01
    4.0200000000e+04    1.5526642089e-01
    4.0275000000e+04    1.6529561709e-01
    4.0350000000e+04    1.0747938759e-01
    4.0425000000e+04    1.4632271282e-01
    4.0500000000e+04    1.3099542568e-01
    4.0575000000e+04    1.1073662007e-01
    4.0650000000e+04    1.2512763988e-01
    4.0725000000e+04    1.1229413993e-01
    4.0800000000e+04    9.2707772411e-02
    4.0875000000e+04    1.1318139857e-01
    4.0950000000e+04    1.0130062165e-01
    4.1025000000e+04    1.1854381261e-01
    4.1100000000e+04    1.0407379543e-01
    4.1175000000e+04    1.3357771595e-01
    4.1250000000e+04    1.4278791760e-01
    4.1325000000e+04    1.1455814073e-01
    4.1400000000e+04    1.0698598582e-01
    4.1475000000e+04    1.0701056594e-01
    4.1550000000e+04    1.1550595244e-01
    4.1625000000e+04    1.0547923080e-01
    4.1700000000e+04    1.4873725932e-01
    4.1775000000e+04    1.9089483656e-01
    4.1850000000e+04    1.4645037651e-01
    4.1925000000e+04    1.7444988196e-01
    4.2000000000e+04    2.5048578732e-01
    4.2075000000e+04    1.2060706992e-01
    4.2150000000e+04    1.5927809039e-01
    4.2225000000e+04    1.7609276895e-01
    4.2300000000e+04    1.1779913791e-01
    4.2375000000e+04    9.5429870721e-02
    4.2450000000e+04    1.1545118464e-01
    4.2525000000e+04    9.4170599460e-02
    4.2600000000e+04    9.0165234786e-02
    4.2675000000e+04    1.0243837921e-01
    4.2750000000e+04    1.0036358110e-01
    4.2825000000e+04    9.0387011289e-02
    4.2900000000e+04    9.0453602533e-02
    4.2975000000e+04    8.3283306132e-02
    4.3050000000e+04    1.6359040912e-01
    4.3125000000e+04    1.3234118847e-01
    4.3200000000e+04    8.6742003578e-02
    4.3275000000e+04    1.6611994553e-01
    4.3350000000e+04    1.1464759286e-01
    4.3425000000e+04    1.3579581621e-01
    4.3500000000e+04    9.8918872765e-02
    4.3575000000e+04    1.0242924682e-01
    4.3650000000e+04    1.5052824824e-01
    4.3725000000e+04    1.0181224850e-01
    4.3800000000e+04    1.1695841252e-01
    4.3875000000e+04    1.0382098016e-01
    4.3950000000e+04    1.0136465223e-01
    4.4025000000e+04    1.0823906869e-01
    4.4100000000e+04    1.0902132903e-01
    4.4175000000e+04    8.3681743229e-02
    4.4250000000e+04    2.0298211233e-01
    4.4325000000e+04    1.3306468653e-01
    4.4400000000e+04    1.5374966696e-01
    4.4475000000e+04    1.2116492576e-01
    4.4550000000e+04    9.2736010941e-02
    4.4625000000e+04    1.1767344408e-01
    4.4700000000e+04    7.9256625763e-02
    4.4775000000e+04    1.1790529479e-01
    4.4850000000e+04    9.4919917985e-02
    4.4925000000e+04    1.8162509461e-01
    4.5000000000e+04    1.2452993861e-01
    4.5075000000e+04    1.3148640021e-01
    4.5150000000e+04    1.7298275030e-01
    4.5225000000e+04    1.3600616303e-01
    4.5300000000e+04    2.4953831928e-01
    4.5375000000e+04    2.0641452741e-01
    4.5450000000e+04    1.4074728852e-01
    4.5525000000e+04    9.0653792534e-02
    4.5600000000e+04    1.3479385815e-01
    4.5675000000e+04    8.9948069845e-02
    4.5750000000e+04    7.2391505618e-02
    4.5825000000e+04    7.7715115043e-02
    4.5900000000e+04    8.0191081418e-02
    4.5975000000e+04    8.9787917230e-02
    4.6050000000e+04    9.6807296499e-02
    4.6125000000e+04    9.7726466750e-02
    4.6200000000e+04    1.5903254937e-01
    4.6275000000e+04    1.2313552591e-01
    4.6350000000e+04    1.3766474875e-01
    4.6425000000e+04    1.3935240785e-01
    4.6500000000e+04    9.8888932690e-02
    4.6575000000e+04    1.2396787304e-01
    4.6650000000e+04    1.1168292678e-01
    4.6725000000e+04    8.4590698825e-02
    4.6800000000e+04    9.8045044035e-02
    4.6875000000e+04    1.1604832070e-01
    4.6950000000e+04    9.6238450930e-02
    4.7025000000e+04    1.0343421898e-01
    4.7100000000e+04    1.3561088048e-01
    4.7175000000e+04    1.9111273857e-01
    4.7250000000e+04    1.9815388269e-01
    4.7325000000e+04    1.2942674913e-01
    4.7400000000e+04    1.8106038379e-01
    4.7475000000e+04    1.3078401203e-01
    4.7550000000e+04    1.0981588995e-01
    4.7625000000e+04    9.7599524014e-02
    4.7700000000e+04    7.7833499332e-02
    4.7775000000e+04    8.5357041698e-02
    4.7850000000e+04    7.6302490976e-02
    4.7925000000e+04    1.1877620552e-01
    4.8000000000e+04    1.0733304754e-01
    4.8075000000e+04    1.3674670144e-01
    4.8150000000e+04    9.1321221224e-02
    4.8225000000e+04    9.5982275609e-02
    4.8300000000e+04    1.0025811164e-01
    4.8375000000e+04    7.2503317179e-02
    4.8450000000e+04    7.4583623349e-02
    4.8525000000e+04    8.6560527682e-02
    4.8600000000e+04    7.8558788565e-02
    4.8675000000e+04    8.7570254325e-02
    4.8750000000e+04    1.0195988346e-01
    4.8825000000e+04    1.1432754567e-01
    4.8900000000e+04    1.3721980094e-01
    4.8975000000e+04    1.6233342040e-01
    4.9050000000e+04    1.3159625962e-01
    4.9125000000e+04    1.0465665826e-01
    4.9200000000e+04    1.1762061362e-01
    4.9275000000e+04    1.4041622292e-01
    4.9350000000e+04    1.0665782459e-01
    4.9425000000e+04    1.3900253248e-01
    4.9500000000e+04    1.1294699134e-01
    4.9575000000e+04    9.9712665118e-02
    4.9650000000e+04    9.7279935981e-02
    4.9725000000e+04    1.0250508640e-01
    4.9800000000e+04    1.1022564593e-01
    4.9875000000e+04    1.1323589947e-01
    4.9950000000e+04    8.9508355979e-02
    5.0025000000e+04    1.2618573710e-01
    5.0100000000e+04    1.0625524980e-01
    5.0175000000e+04    1.2293012013e-01
    5.0250000000e+04    1.3188992083e-01
    5.0325000000e+04    1.3439731180e-01
    5.0400000000e+04    9.9908972902e-02
    5.0475000000e+04    1.4063957269e-01
    5.0550000000e+04    9.9148309308e-02
    5.0625000000e+04    8.3322490516e-02
    5.0700000000e+04    9.7366188544e-02
    5.0775000000e+04    8.4419273343e-02
    5.0850000000e+04    1.1645408105e-01
    5.0925000000e+04    8.0578269355e-02
    5.1000000000e+04    1.6700129759e-01
    5.1075000000e+04    9.0519655325e-02
    5.1150000000e+04    9.1278539543e-02
    5.1225000000e+04    9.4463292338e-02
    5.1300000000e+04    1.3787203514e-01
    5.1375000000e+04    1.4400687766e-01
    5.1450000000e+04    1.8674230162e-01
    5.1525000000e+04    1.4230277574e-01
    5.1600000000e+04    1.0505173929e-01
    5.1675000000e+04    1.1060481302e-01
    5.1750000000e+04    1.5015842965e-01
    5.1825000000e+04    1.3393535437e-01
    5.1900000000e+04    1.2479794176e-01
    5.1975000000e+04    8.9305479311e-02
    5.2050000000e+04    1.0817485258e-01
    5.2125000000e+04    1.0173180670e-01
    5.2200000000e+04    1.0830705908e-01
    5.2275000000e+04    1.0345651383e-01
    5.2350000000e+04    8.7088800533e-02
    5.2425000000e+04    1.0672773135e-01
    5.2500000000e+04    8.3368133806e-02
    5.2575000000e+04    8.7395347139e-02
    5.2650000000e+04    9.3193191921e-02
    5.2725000000e+04    1.2530637626e-01
    5.2800000000e+04    1.4732976360e-01
    5.2875000000e+04    1.7356626830e-01
    5.2950000000e+04    1.0719955934e-01
    5.3025000000e+04    1.1035065278e-01
    5.3100000000e+04    1.2450919179e-01
    5.3175000000e+04    1.0081406180e-01
    5.3250000000e+04    9.2538086624e-02
    5.3325000000e+04    9.7492474532e-02
    5.3400000000e+04    9.1043346816e-02
    5.3475000000e+04    1.0390109856e-01
    5.3550000000e+04    8.9007293037e-02
    5.3625000000e+04    1.1029679828e-01
    5.3700000000e+04    1.0989836663e-01
    5.3775000000e+04    1.1068546055e-01
    5.3850000000e+04    1.2499485713e-01
    5.3925000000e+04    1.2667262304e-01
    5.4000000000e+04    1.1430146615e-01
    5.4075000000e+04    1.3186250150e-01
    5.4150000000e+04    1.3787204159e-01
    5.4225000000e+04    1.5686874800e-01
    5.4300000000e+04    1.2192037852e-01
    5.4375000000e+04    8.7138070769e-02
    5.4450000000e+04    1.4707342173e-01
    5.4525000000e+04    1.0376321523e-01
    5.4600000000e+04    1.0428365498e-01
    5.4675000000e+04    1.8116795271e-01
    5.4750000000e+04    1.8448693312e-01
    5.4825000000e+04    1.6331378072e-01
    5.4900000000e+04    1.7392280720e-01
    5.4975000000e+04    1.3193835192e-01
    5.5050000000e+04    1.2481419192e-01
    5.5125000000e+04    1.1927087147e-01
    5.5200000000e+04    1.2770142773e-01
    5.5275000000e+04    1.2012412614e-01
    5.5350000000e+04    1.3461729909e-01
    5.5425000000e+04    1.5111794394e-01
    5.5500000000e+04    1.5657707209e-01
    5.5575000000e+04    1.7929396130e-01
    5.5650000000e+04    1.3994790637e-01
    5.5725000000e+04    1.1444110309e-01
    5.5800000000e+04    1.4429991890e-01
    5.5875000000e+04    1.2764464929e-01
    5.5950000000e+04    1.0883835830e-01
    5.6025000000e+04    9.0864055974e-02
    5.6100000000e+04    1.0635635106e-01
    5.6175000000e+04    1.0254128396e-01
    5.6250000000e+04    1.0630546446e-01
    5.6325000000e+04    1.0855918914e-01
    5.6400000000e+04    9.9765603872e-02
    5.6475000000e+04    9.5737459176e-02
    5.6550000000e+04    1.0114141628e-01
    5.6625000000e+04    2.0048405733e-01
    5.6700000000e+04    1.4883053776e-01
    5.6775000000e+04    1.8995065338e-01
    5.6850000000e+04    2.5215913950e-01
    5.6925000000e+04    1.2224777151e-01
    5.7000000000e+04    1.1339894338e-01
    5.7075000000e+04    1.2487523639e-01
    5.7150000000e+04    1.2543416142e-01
    5.7225000000e+04    1.1551542757e-01
    5.7300000000e+04    1.2761151395e-01
    5.7375000000e+04    1.2216532087e-01
    5.7450000000e+04    1.1625064507e-01
    5.7525000000e+04    1.2979924238e-01
    5.7600000000e+04    9.7364485936e-02
    5.7675000000e+04    1.0799791730e-01
    5.7750000000e+04    1.2007505260e-01
    5.7825000000e+04    1.1851706936e-01
    5.7900000000e+04    1.3378379057e-01
    5.7975000000e+04    1.3518252610e-01
    5.8050000000e+04    1.1722413401e-01
    5.8125000000e+04    1.2608745382e-01
    5.8200000000e+04    1.3327836656e-01
    5.8275000000e+04    1.0122418814e-01
    5.8350000000e+04    1.0193078321e-01
    5.8425000000e+04    9.3264630992e-02
    5.8500000000e+04    9.4202813117e-02
    5.8575000000e+04    8.0157547287e-02
    5.8650000000e+04    9.1688798366e-02
    5.8725000000e+04    7.3266856907e-02
    5.8800000000e+04    7.5887322080e-02
    5.8875000000e+04    7.8868734195e-02
    5.8950000000e+04    9.3208793201e-02
    5.9025000000e+04    1.1463617421e-01
    5.9100000000e+04    1.1793967418e-01
    5.9175000000e+04    1.3555373638e-01
    5.9250000000e+04    1.2901969555e-01
    5.9325000000e+04    1.3741473495e-01
    5.9400000000e+04    1.2531285018e-01
    5.9475000000e+04    1.7136668652e-01
    5.9550000000e+04    1.4190349274e-01
    5.9625000000e+04    1.2676488205e-01
    5.9700000000e+04    1.1442987574e-01
    5.9775000000e+04    1.3113769424e-01
    5.9850000000e+04    9.3386484577e-02
    5.9925000000e+04    1.6537406212e-01
    6.0000000000e+04    1.2668606912e-01
    6.0075000000e+04    8.3444208110e-02
    6.0150000000e+04    1.2071480597e-01
    6.0225000000e+04    9.7686948360e-02
    6.0300000000e+04    1.3012260659e-01
    6.0375000000e+04    8.6725157582e-02
    6.0450000000e+04    8.1389666152e-02
    6.0525000000e+04    8.3901209764e-02
    6.0600000000e+04    1.2727283984e-01
    6.0675000000e+04    1.2725068549e-01
    6.0750000000e+04    1.8728644487e-01
    6.0825000000e+04    2.9134357869e-01
    6.0900000000e+04    1.0572421038e-01
    6.0975000000e+04    1.1967101367e-01
    6.1050000000e+04    1.4301945831e-01
    6.1125000000e+04    1.6200398480e-01
    6.1200000000e+04    1.3606546254e-01
    6.1275000000e+04    1.0436391734e-01
    6.1350000000e+04    1.0074799867e-01
    6.1425000000e+04    9.3925720712e-02
    6.1500000000e+04    1.0549956637e-01
    6.1575000000e+04    9.7566767838e-02
    6.1650000000e+04    1.1166742476e-01
    6.1725000000e+04    9.8788528386e-02
    6.1800000000e+04    1.1367814433e-01
    6.1875000000e+04    1.4940561707e-01
    6.1950000000e+04    1.6842682967e-01
    6.2025000000e+04    1.2305526835e-01
    6.2100000000e+04    1.1970471393e-01
    6.2175000000e+04    8.9553181577e-02
    6.2250000000e+04    1.0717073396e-01
    6.2325000000e+04    1.0099905484e-01
    6.2400000000e+04    9.5812193593e-02
    6.2475000000e+04    1.1489129412e-01
    6.2550000000e+04    1.2750530754e-01
    6.2625000000e+04    1.4483776937e-01
    6.2700000000e+04    1.0881589198e-01
    6.2775000000e+04    9.8092588016e-02
    6.2850000000e+04    1.1197582856e-01
    6.2925000000e+04    1.5016405974e-01
    6.3000000000e+04    1.5817291848e-01
    6.3075000000e+04    1.6067737647e-01
    6.3150000000e+04    1.0815234199e-01
    6.3225000000e+04    1.8703289665e-01
    6.3300000000e+04    1.2058724949e-01
    6.3375000000e+04    1.0148967876e-01
    6.3450000000e+04    1.1506661180e-01
    6.3525000000e+04    9.0783720987e-02
    6.3600000000e+04    1.3231962480e-01
    6.3675000000e+04    1.0768273643e-01
    6.3750000000e+04    9.9921351049e-02
    6.3825000000e+04    1.1834239492e-01
    6.3900000000e+04    1.3833624285e-01
    6.3975000000e+04    1.1267441562e-01
    6.4050000000e+04    1.3124579663e-01
    6.4125000000e+04    9.5716115434e-02
    6.4200000000e+04    1.0063653781e-01
    6.4275000000e+04    1.0801733783e-01
    6.4350000000e+04    1.0558280206e-01
    6.4425000000e+04    1.3091687847e-01
    6.4500000000e+04    1.1234631904e-01
    6.4575000000e+04    1.1977966550e-01
    6.4650000000e+04    9.0537437969e-02
    6.4725000000e+04    7.7366190936e-02
    6.4800000000e+04    8.4922465743e-02
    6.4875000000e+04    9.4514874027e-02
    6.4950000000e+04    8.8504047948e-02
    6.5025000000e+04    1.0891271178e-01
    6.5100000000e+04    1.0087398957e-01
    6.5175000000e+04    8.1956659071e-02
    6.5250000000e+04    1.2104344442e-01
    6.5325000000e+04    1.1883010963e-01
    6.5400000000e+04    1.0099821031e-01
    6.5475000000e+04    9.5194667257e-02
    6.5550000000e+04    1.2493546366e-01
    6.5625000000e+04    1.2072248829e-01
    6.5700000000e+04    9.9401262902e-02
    6.5775000000e+04    1.2632235778e-01
    6.5850000000e+04    1.3413434696e-01
    6.5925000000e+04    2.1581301090e-01
    6.6000000000e+04    3.8972326887e-01
    6.6075000000e+04    2.6381033319e-01
    6.6150000000e+04    4.6441940113e-01
    6.6225000000e+04    4.4676882461e-01
    6.6300000000e+04    1.9235646456e-01
    6.6375000000e+04    9.6016999709e-02
    6.6450000000e+04    2.2668061669e-01
    6.6525000000e+04    1.3409342896e-01
    6.6600000000e+04    1.0352433053e-01
    6.6675000000e+04    1.0486321091e-01
    6.6750000000e+04    1.1640786411e-01
    6.6825000000e+04    1.2241084778e-01
    6.6900000000e+04    1.0286487568e-01
    6.6975000000e+04    1.0701532750e-01
    6.7050000000e+04    1.0848777175e-01
    6.7125000000e+04    1.3792208148e-01
    6.7200000000e+04    1.0873189698e-01
    6.7275000000e+04    3.0008056446e-01
    6.7350000000e+04    2.3646270955e-01
    6.7425000000e+04    1.6070673871e-01
    6.7500000000e+04    1.3578798537e-01
    6.7575000000e+04    3.9443542594e-01
    6.7650000000e+04    1.9357536856e-01
    6.7725000000e+04    1.0088235128e-01
    6.7800000000e+04    9.0679298238e-02
    6.7875000000e+04    1.0252436633e-01
    6.7950000000e+04    1.7933235377e-01
    6.8025000000e+04    1.6680661372e-01
    6.8100000000e+04    1.1636390934e-01
    6.8175000000e+04    8.7067696299e-02
    6.8250000000e+04    9.4468401584e-02
    6.8325000000e+04    1.1827119067e-01
    6.8400000000e+04    1.3151140561e-01
    6.8475000000e+04    1.6632529304e-01
    6.8550000000e+04    1.3098512726e-01
    6.8625000000e+04    3.5100148411e-01
    6.8700000000e+04    1.3646590251e-01
    6.8775000000e+04    1.1585615742e-01
    6.8850000000e+04    1.5176834790e-01
    6.8925000000e+04    1.0782386139e-01
    6.9000000000e+04    1.3067044331e-01
    6.9075000000e+04    1.0496163638e-01
    6.9150000000e+04    1.1379167202e-01
    6.9225000000e+04    9.6215478946e-02
    6.9300000000e+04    1.5431059879e-01
    6.9375000000e+04    1.6195812026e-01
    6.9450000000e+04    1.0852155936e-01
    6.9525000000e+04    1.8428997473e-01
    6.9600000000e+04    1.2318478597e-01
    6.9675000000e+04    1.2396542521e-01
    6.9750000000e+04    1.1446349003e-01
    6.9825000000e+04    1.0477039256e-01
    6.9900000000e+04    1.0173576686e-01
    6.9975000000e+04    1.1966357105e-01
    7.0050000000e+04    9.7707859690e-02
    7.0125000000e+04    1.0457859665e-01
    7.0200000000e+04    1.8930498110e-01
    7.0275000000e+04    2.4081958177e-01
    7.0350000000e+04    2.0173842341e-01
    7.0425000000e+04    2.3164178084e-01
    7.0500000000e+04    1.3709862314e-01
    7.0575000000e+04    1.1452267852e-01
    7.0650000000e+04    1.4212672251e-01
    7.0725000000e+04    1.3473477957e-01
    7.0800000000e+04    1.1485199566e-01
    7.0875000000e+04    1.0746819115e-01
    7.0950000000e+04    1.0603738052e-01
    7.1025000000e+04    1.3250798736e-01
    7.1100000000e+04    8.8852103549e-02
    7.1175000000e+04    1.0068615566e-01
    7.1250000000e+04    1.0578625067e-01
    7.1325000000e+04    1.0605575050e-01
    7.1400000000e+04    1.0290078716e-01
    7.1475000000e+04    1.5992237676e-01
    7.1550000000e+04    1.4982367230e-01
    7.1625000000e+04    1.3542835036e-01
    7.1700000000e+04    1.1461336255e-01
    7.1775000000e+04    1.1251578663e-01
    7.1850000000e+04    9.9596256106e-02
    7.1925000000e+04    1.0943754796e-01
    7.2000000000e+04    1.0101975145e-01
    7.2075000000e+04    1.2271724812e-01
    7.2150000000e+04    8.8287438475e-02
    7.2225000000e+04    1.2156266174e-01
    7.2300000000e+04    9.4756765231e-02
    7.2375000000e+04    1.1534288762e-01
    7.2450000000e+04    1.0543351865e-01
    7.2525000000e+04    1.0502752760e-01
    7.2600000000e+04    1.0928908557e-01
    7.2675000000e+04    1.1745419128e-01
    7.2750000000e+04    1.1380219852e-01
    7.2825000000e+04    1.1797094296e-01
    7.2900000000e+04    1.4402676699e-01
    7.2975000000e+04    1.1635380138e-01
    7.3050000000e+04    1.1366141727e-01
    7.3125000000e+04    1.1631539429e-01
    7.3200000000e+04    1.2503861711e-01
    7.3275000000e+04    1.4897900325e-01
    7.3350000000e+04    9.6771675633e-02
    7.3425000000e+04    1.2410976602e-01
    7.3500000000e+04    1.7493983394e-01
    7.3575000000e+04    1.6414933082e-01
    7.3650000000e+04    9.8287742370e-02
    7.3725000000e+04    1.1387026103e-01
    7.3800000000e+04    1.5682233742e-01
    7.3875000000e+04    1.0875257512e-01
    7.3950000000e+04    1.7145573011e-01
    7.4025000000e+04    1.4143879295e-01
    7.4100000000e+04    1.5961345815e-01
    7.4175000000e+04    8.6312117693e-02
    7.4250000000e+04    1.1449976953e-01
    7.4325000000e+04    1.5975305280e-01
    7.4400000000e+04    1.0499604347e-01
    7.4475000000e+04    9.9878340010e-02
    7.4550000000e+04    1.0761478364e-01
    7.4625000000e+04    1.1208433132e-01
    7.4700000000e+04    8.8041699530e-02
    7.4775000000e+04    1.4395192399e-01
    7.4850000000e+04    1.0751347499e-01
    7.4925000000e+04    1.2543409728e-01
    7.5000000000e+04    1.8156452459e-01
    7.5075000000e+04    1.3839598179e-01
    7.5150000000e+04    9.4286906438e-02
    7.5225000000e+04    8.4919583083e-02
    7.5300000000e+04    9.7522092571e-02
    7.5375000000e+04    1.0224012114e-01
    7.5450000000e+04    1.0646386361e-01
    7.5525000000e+04    1.0388275995e-01
    7.5600000000e+04    9.2509200913e-02
    7.5675000000e+04    8.6428354546e-02
    7.5750000000e+04    8.6808121314e-02
    7.5825000000e+04    2.0690362947e-01
    7.5900000000e+04    1.4857566345e-01
    7.5975000000e+04    1.0309180417e-01
    7.6050000000e+04    1.0081839562e-01
    7.6125000000e+04    1.1501989478e-01
    7.6200000000e+04    9.9356826144e-02
    7.6275000000e+04    1.1488128212e-01
    7.6350000000e+04    1.0864492222e-01
    7.6425000000e+04    1.5219206556e-01
    7.6500000000e+04    1.2766805100e-01
    7.6575000000e+04    9.0331507009e-02
    7.6650000000e+04    9.8599411295e-02
    7.6725000000e+04    1.1024112577e-01
    7.6800000000e+04    1.2755462127e-01
    7.6875000000e+04    8.5545654052e-02
    7.6950000000e+04    8.9526414514e-02
    7.7025000000e+04    7.9033824520e-02
    7.7100000000e+04    1.0448963775e-01
    7.7175000000e+04    1.2886971921e-01
    7.7250000000e+04    1.6528668246e-01
    7.7325000000e+04    1.8079833698e-01
    7.7400000000e+04    1.2145451909e-01
    7.7475000000e+04    1.5550189877e-01
    7.7550000000e+04    1.3891714285e-01
    7.7625000000e+04    1.4114182029e-01
    7.7700000000e+04    1.4249866894e-01
    7.7775000000e+04    1.1037660325e-01
    7.7850000000e+04    1.3115911631e-01
    7.7925000000e+04    1.3016339088e-01
    7.8000000000e+04    1.2046392660e-01
    7.8075000000e+04    1.2888292655e-01
    7.8150000000e+04    1.2750363397e-01
    7.8225000000e+04    1.2034151674e-01
    7.8300000000e+04    1.3559882212e-01
    7.8375000000e+04    1.7387791279e-01
    7.8450000000e+04    1.6836081486e-01
    7.8525000000e+04    1.4415980979e-01
    7.8600000000e+04    1.6539701509e-01
    7.8675000000e+04    1.9667732473e-01
    7.8750000000e+04    1.8932799149e-01
    7.8825000000e+04    1.6019025785e-01
    7.8900000000e+04    1.4743793470e-01
    7.8975000000e+04    1.0608105554e-01
    7.9050000000e+04    1.3404596723e-01
    7.9125000000e+04    1.2511140421e-01
    7.9200000000e+04    1.3080643540e-01
    7.9275000000e+04    1.2091261458e-01
    7.9350000000e+04    1.3995479249e-01
    7.9425000000e+04    1.1247012242e-01
    7.9500000000e+04    1.1925878055e-01
    7.9575000000e+04    1.3077450614e-01
    7.9650000000e+04    1.4678281763e-01
    7.9725000000e+04    1.2882306830e-01
    7.9800000000e+04    1.1558212611e-01
    7.9875000000e+04    1.0658348725e-01
    7.9950000000e+04    8.8740749211e-02
    8.0025000000e+04    8.7924993651e-02
    8.0100000000e+04    8.2601574535e-02
    8.0175000000e+04    1.0829528118e-01
    8.0250000000e+04    1.2649622362e-01
    8.0325000000e+04    9.0674244055e-02
    8.0400000000e+04    1.0344597989e-01
    8.0475000000e+04    1.1502024512e-01
    8.0550000000e+04    9.8682854384e-02
    8.0625000000e+04    1.5113214249e-01
    8.0700000000e+04    1.3847385114e-01
    8.0775000000e+04    1.0181565511e-01
    8.0850000000e+04    1.1284496527e-01
    8.0925000000e+04    1.1336875339e-01
    8.1000000000e+04    1.1586125193e-01
    8.1075000000e+04    1.6783263749e-01
    8.1150000000e+04    1.9073174284e-01
    8.1225000000e+04    1.5665497912e-01
    8.1300000000e+04    2.0920293698e-01
    8.1375000000e+04    1.5180435788e-01
    8.1450000000e+04    1.3571973397e-01
    8.1525000000e+04    1.1808207852e-01
    8.1600000000e+04    1.4257352467e-01
    8.1675000000e+04    1.1354265528e-01
    8.1750000000e+04    9.7303088310e-02
    8.1825000000e+04    1.0539987180e-01
    8.1900000000e+04    1.0092750034e-01
    8.1975000000e+04    1.3703088210e-01
    8.2050000000e+04    9.1958396765e-02
    8.2125000000e+04    1.0027812951e-01
    8.2200000000e+04    1.3071163807e-01
    8.2275000000e+04    1.0860602948e-01
    8.2350000000e+04    1.1965583109e-01
    8.2425000000e+04    1.3514120295e-01
    8.2500000000e+04    1.4387795904e-01
    8.2575000000e+04    1.5271462834e-01
    8.2650000000e+04    1.4824591604e-01
    8.2725000000e+04    1.5652602884e-01
    8.2800000000e+04    1.8990927113e-01
    8.2875000000e+04    1.9812837617e-01
    8.2950000000e+04    1.5063999493e-01
    8.3025000000e+04    1.2024512044e-01
    8.3100000000e+04    1.4027480735e-01
    8.3175000000e+04    1.1095008454e-01
    8.3250000000e+04    1.6807963156e-01
    8.3325000000e+04    1.3984198801e-01
    8.3400000000e+04    1.0811393881e-01
    8.3475000000e+04    1.1548890718e-01
    8.3550000000e+04    1.6821461630e-01
    8.3625000000e+04    1.2845239427e-01
    8.3700000000e+04    1.1123638632e-01
    8.3775000000e+04    1.1046223799e-01
    8.3850000000e+04    1.0867944584e-01
    8.3925000000e+04    1.2569007763e-01
    8.4000000000e+04    1.3352649802e-01
    8.4075000000e+04    1.1013422307e-01
    8.4150000000e+04    1.1767041954e-01
    8.4225000000e+04    1.1118678222e-01
    8.4300000000e+04    1.0303463203e-01
    8.4375000000e+04    1.0347518758e-01
    8.4450000000e+04    2.3277990879e-01
    8.4525000000e+04    2.1188995507e-01
    8.4600000000e+04    3.8959735441e-01
    8.4675000000e+04    2.9810294604e-01
    8.4750000000e+04    1.4415414771e-01
    8.4825000000e+04    1.1239621718e-01
    8.4900000000e+04    9.6355276856e-02
    8.4975000000e+04    1.2200634142e-01
    8.5050000000e+04    9.3109215770e-02
    8.5125000000e+04    1.1658859389e-01
    8.5200000000e+04    1.2670776674e-01
    8.5275000000e+04    1.0093581417e-01
    8.5350000000e+04    1.2735312000e-01
    8.5425000000e+04    1.9096456549e-01
    8.5500000000e+04    1.4985189012e-01
    8.5575000000e+04    1.6678308169e-01
    8.5650000000e+04    1.0726379833e-01
    8.5725000000e+04    1.2352651146e-01
    8.5800000000e+04    1.3452520511e-01
    8.5875000000e+04    2.0022317923e-01
    8.5950000000e+04    1.5328412714e-01
    8.6025000000e+04    1.4159922893e-01
    8.6100000000e+04    1.5631423193e-01
    8.6175000000e+04    1.8488351329e-01
    8.6250000000e+04    1.4236375546e-01
    8.6325000000e+04    1.1553031206e-01
    8.6400000000e+04    1.0236700496e-01
    8.6475000000e+04    1.0680834189e-01
    8.6550000000e+04    1.4019837690e-01
    8.6625000000e+04    1.3565506585e-01
    8.6700000000e+04    1.2083432740e-01
    8.6775000000e+04    1.2365247408e-01
    8.6850000000e+04    1.1503575063e-01
    8.6925000000e+04    1.1819271878e-01
    8.7000000000e+04    1.0873532846e-01
    8.7075000000e+04    1.1273474495e-01
    8.7150000000e+04    1.2902683303e-01
    8.7225000000e+04    1.2677429778e-01
    8.7300000000e+04    1.4480943342e-01
    8.7375000000e+04    1.3473285395e-01
    8.7450000000e+04    1.1963059081e-01
    8.7525000000e+04    1.3140044831e-01
    8.7600000000e+04    1.1298998670e-01
    8.7675000000e+04    1.4024185861e-01
    8.7750000000e+04    1.3740568437e-01
    8.7825000000e+04    1.3085416865e-01
    8.7900000000e+04    1.2334161935e-01
    8.7975000000e+04    1.1446249550e-01
    8.8050000000e+04    1.2296577768e-01
    8.8125000000e+04    1.4458202128e-01
    8.8200000000e+04    1.4831503810e-01
    8.8275000000e+04    1.6298904687e-01
    8.8350000000e+04    1.5302225175e-01
    8.8425000000e+04    1.2984923621e-01
    8.8500000000e+04    1.1781459985e-01
    8.8575000000e+04    1.0605222110e-01
    8.8650000000e+04    1.0828406688e-01
    8.8725000000e+04    1.2748904570e-01
    8.8800000000e+04    1.2408055549e-01
    8.8875000000e+04    1.3669345716e-01
    8.8950000000e+04    1.1565453174e-01
    8.9025000000e+04    8.6865401715e-02
    8.9100000000e+04    1.0121299479e-01
    8.9175000000e+04    9.6192207329e-02
    8.9250000000e+04    1.4489607991e-01
    8.9325000000e+04    2.2841768194e-01
    8.9400000000e+04    1.1513398527e-01
    8.9475000000e+04    1.7150509828e-01
    8.9550000000e+04    1.0410147627e-01
    8.9625000000e+04    1.2535235697e-01
    8.9700000000e+04    1.2069613769e-01
    8.9775000000e+04    1.0634283273e-01
    8.9850000000e+04    9.5101135339e-02
    8.9925000000e+04    9.7978148092e-02
    9.0000000000e+04    9.5943849228e-02
    9.0075000000e+04    1.2380613757e-01
    9.0150000000e+04    1.2579444456e-01
    9.0225000000e+04    8.3568599185e-02
    9.0300000000e+04    1.3581264853e-01
    9.0375000000e+04    9.0578945585e-02
    9.0450000000e+04    9.0429320623e-02
    9.0525000000e+04    9.8305080570e-02
    9.0600000000e+04    8.9334554587e-02
    9.0675000000e+04    9.2602829058e-02
    9.0750000000e+04    8.6928504170e-02
    9.0825000000e+04    8.8109391668e-02
    9.0900000000e+04    9.7743627052e-02
    9.0975000000e+04    1.0274899216e-01
    9.1050000000e+04    8.9983014494e-02
    9.1125000000e+04    7.6478178773e-02
    9.1200000000e+04    9.3650381707e-02
    9.1275000000e+04    9.9699800994e-02
    9.1350000000e+04    9.9154613853e-02
    9.1425000000e+04    9.3282184592e-02
    9.1500000000e+04    9.2960052865e-02
    9.1575000000e+04    7.5054488474e-02
    9.1650000000e+04    9.4599937555e-02
    9.1725000000e+04    7.8653239369e-02
    9.1800000000e+04    1.0659498243e-01
    9.1875000000e+04    8.8960075096e-02
    9.1950000000e+04    1.1588427565e-01
    9.2025000000e+04    1.3077159493e-01
    9.2100000000e+04    1.9811022837e-01
    9.2175000000e+04    1.5975403393e-01
    9.2250000000e+04    1.2683273096e-01
    9.2325000000e+04    1.5890265298e-01
    9.2400000000e+04    1.0485200381e-01
    9.2475000000e+04    9.5719051765e-02
    9.2550000000e+04    1.2928372482e-01
    9.2625000000e+04    1.3879070910e-01
    9.2700000000e+04    1.8009350696e-01
    9.2775000000e+04    1.8222950445e-01
    9.2850000000e+04    1.6627035097e-01
    9.2925000000e+04    1.7176875226e-01
    9.3000000000e+04    1.5194621737e-01
    9.3075000000e+04    1.3574571778e-01
    9.3150000000e+04    1.1786577891e-01
    9.3225000000e+04    1.0267162800e-01
    9.3300000000e+04    1.6858664734e-01
    9.3375000000e+04    1.2514217462e-01
    9.3450000000e+04    1.2295616934e-01
    9.3525000000e+04    8.0015321142e-02
    9.3600000000e+04    9.8779503866e-02
    9.3675000000e+04    1.2435890567e-01
    9.3750000000e+04    1.0918821560e-01
    9.3825000000e+04    1.1157548862e-01
    9.3900000000e+04    1.0669369369e-01
    9.3975000000e+04    9.7785001890e-02
    9.4050000000e+04    7.8205564133e-02
    9.4125000000e+04    1.2332339366e-01
    9.4200000000e+04    1.1633528841e-01
    9.4275000000e+04    1.1793891499e-01
    9.4350000000e+04    9.6532470311e-02
    9.4425000000e+04    1.0410618373e-01
    9.4500000000e+04    1.0869176276e-01
    9.4575000000e+04    8.5973501274e-02
    9.4650000000e+04    1.3635077083e-01
    9.4725000000e+04    1.5220898541e-01
    9.4800000000e+04    1.2358641648e-01
    9.4875000000e+04    1.0384522927e-01
    9.4950000000e+04    1.0324627668e-01
    9.5025000000e+04    1.1305601980e-01
    9.5100000000e+04    1.0596550323e-01
    9.5175000000e+04    1.1413501433e-01
    9.5250000000e+04    1.0415393603e-01
    9.5325000000e+04    8.1254353598e-02
    9.5400000000e+04    1.0551316758e-01
    9.5475000000e+04    1.2973980972e-01
    9.5550000000e+04    1.7981367227e-01
    9.5625000000e+04    1.0576895146e-01
    9.5700000000e+04    9.3686126388e-02
    9.5775000000e+04    9.6994603508e-02
    9.5850000000e+04    1.0195072288e-01
    9.5925000000e+04    1.2022452755e-01
    9.6000000000e+04    8.2350107954e-02
    9.6075000000e+04    1.2132290291e-01
    9.6150000000e+04    1.3503052349e-01
    9.6225000000e+04    1.3087623914e-01
    9.6300000000e+04    1.1544472642e-01
    9.6375000000e+04    9.3867762086e-02
    9.6450000000e+04    8.6787115690e-02
    9.6525000000e+04    1.0081514530e-01
    9.6600000000e+04    9.5642173098e-02
    9.6675000000e+04    8.7114209024e-02
    9.6750000000e+04    8.2447187486e-02
    9.6825000000e+04    8.7216582676e-02
    9.6900000000e+04    8.7223178047e-02
    9.6975000000e+04    8.5506221176e-02
    9.7050000000e+04    8.8017942828e-02
    9.7125000000e+04    1.2112492973e-01
    9.7200000000e+04    1.1155994048e-01
    9.7275000000e+04    8.9208815567e-02
    9.7350000000e+04    8.3037974140e-02
    9.7425000000e+04    9.1140946585e-02
    9.7500000000e+04    1.0525830363e-01
    9.7575000000e+04    8.8985409713e-02
    9.7650000000e+04    1.2239363455e-01
    9.7725000000e+04    1.6966486910e-01
    9.7800000000e+04    1.0183319665e-01
    9.7875000000e+04    9.1071429717e-02
    9.7950000000e+04    1.0691487563e-01
    9.8025000000e+04    1.5416892009e-01
    9.8100000000e+04    9.9960131172e-02
    9.8175000000e+04    7.9776067030e-02
    9.8250000000e+04    1.1164761073e-01
    9.8325000000e+04    1.1278796567e-01
    9.8400000000e+04    9.3739252510e-02
    9.8475000000e+04    9.8149586566e-02
    9.8550000000e+04    1.0920038999e-01
    9.8625000000e+04    1.1225824573e-01
    9.8700000000e+04    1.1379757956e-01
    9.8775000000e+04    1.5311953415e-01
    9.8850000000e+04    1.4493410643e-01
    9.8925000000e+04    1.2277930771e-01
    9.9000000000e+04    1.7325819733e-01
    9.9075000000e+04    9.3860174696e-02
    9.9150000000e+04    1.0972280467e-01
    9.9225000000e+04    8.0332313521e-02
    9.9300000000e+04    9.3640184347e-02
    9.9375000000e+04    9.8866772813e-02
    9.9450000000e+04    9.2547896131e-02
    9.9525000000e+04    1.0745940830e-01
    9.9600000000e+04    1.0453505990e-01
    9.9675000000e+04    1.3941435388e-01
    9.9750000000e+04    1.1785036670e-01
    9.9825000000e+04    1.4903508472e-01
    9.9900000000e+04    1.8036198501e-01
    9.9975000000e+04    2.0063073555e-01
    1.0005000000e+05    1.6531412394e-01
    1.0012500000e+05    1.6088737339e-01
    1.0020000000e+05    1.4097829600e-01
    1.0027500000e+05    1.6311126991e-01
    1.0035000000e+05    1.3491132323e-01
    1.0042500000e+05    1.1846073353e-01
    1.0050000000e+05    9.5120960561e-02
    1.0057500000e+05    1.0956299819e-01
    1.0065000000e+05    7.9256876660e-02
    1.0072500000e+05    9.3277758156e-02
    1.0080000000e+05    1.0980342038e-01
    1.0087500000e+05    1.2625760112e-01
    1.0095000000e+05    1.7292942698e-01
    1.0102500000e+05    1.6835386972e-01
    1.0110000000e+05    1.3729427216e-01
    1.0117500000e+05    1.4329681536e-01
    1.0125000000e+05    9.8408438539e-02
    1.0132500000e+05    9.4520627974e-02
    1.0140000000e+05    9.5096816668e-02
    1.0147500000e+05    1.2342087969e-01
    1.0155000000e+05    1.0160922603e-01
    1.0162500000e+05    1.1578202450e-01
    1.0170000000e+05    1.2150294503e-01
    1.0177500000e+05    1.1891354285e-01
    1.0185000000e+05    1.8796606855e-01
    1.0192500000e+05    2.8535472852e-01
    1.0200000000e+05    1.7617643538e-01
    1.0207500000e+05    1.2235967610e-01
    1.0215000000e+05    1.4723139739e-01
    1.0222500000e+05    1.2003080964e-01
    1.0230000000e+05    1.0960112593e-01
    1.0237500000e+05    1.2052182678e-01
    1.0245000000e+05    1.2924986461e-01
    1.0252500000e+05    1.1324167853e-01
    1.0260000000e+05    1.2569570277e-01
    1.0267500000e+05    1.4418586993e-01
    1.0275000000e+05    1.4984523162e-01
    1.0282500000e+05    1.3000317445e-01
    1.0290000000e+05    1.8592562102e-01
    1.0297500000e+05    1.6990618394e-01
    1.0305000000e+05    1.9214014601e-01
    1.0312500000e+05    1.4562513865e-01
    1.0320000000e+05    1.2990288453e-01
    1.0327500000e+05    1.1413540011e-01
    1.0335000000e+05    1.1056696398e-01
    1.0342500000e+05    1.5871539916e-01
    1.0350000000e+05    1.0670040146e-01
    1.0357500000e+05    1.1107914289e-01
    1.0365000000e+05    1.4200979265e-01
    1.0372500000e+05    1.8493511748e-01
    1.0380000000e+05    1.4754737341e-01
    1.0387500000e+05    1.1699126936e-01
    1.0395000000e+05    1.1254888552e-01
    1.0402500000e+05    1.1814230354e-01
    1.0410000000e+05    1.1925586645e-01
    1.0417500000e+05    1.1781534441e-01
    1.0425000000e+05    1.0089565079e-01
    1.0432500000e+05    9.3938683388e-02
    1.0440000000e+05    1.1088677929e-01
    1.0447500000e+05    1.2077157444e-01
    1.0455000000e+05    1.1837347570e-01
    1.0462500000e+05    1.4190493997e-01
    1.0470000000e+05    1.1702510219e-01
    1.0477500000e+05    1.5091927005e-01
    1.0485000000e+05    1.3016897045e-01
    1.0492500000e+05    1.9335207970e-01
    1.0500000000e+05    2.0688844195e-01
    1.0507500000e+05    2.2317954451e-01
    1.0515000000e+05    1.9109737044e-01
    1.0522500000e+05    1.5652422343e-01
    1.0530000000e+05    9.8143843794e-02
    1.0537500000e+05    8.6988510432e-02
    1.0545000000e+05    9.1839261638e-02
    1.0552500000e+05    1.0135613407e-01
    1.0560000000e+05    1.3846173264e-01
    1.0567500000e+05    1.1506346415e-01
    1.0575000000e+05    1.2935426880e-01
    1.0582500000e+05    1.9423755908e-01
    1.0590000000e+05    1.6738396364e-01
    1.0597500000e+05    1.4984412760e-01
    1.0605000000e+05    1.5290031783e-01
    1.0612500000e+05    1.4616605101e-01
    1.0620000000e+05    1.1928697086e-01
    1.0627500000e+05    7.1448251368e-02
    1.0635000000e+05    9.3646301722e-02
    1.0642500000e+05    1.2513058085e-01
    1.0650000000e+05    9.9718207525e-02
    1.0657500000e+05    1.6169965314e-01
    1.0665000000e+05    1.3827979039e-01
    1.0672500000e+05    1.5757030223e-01
    1.0680000000e+05    2.3077053066e-01
    1.0687500000e+05    2.4206692569e-01
    1.0695000000e+05    1.6646737975e-01
    1.0702500000e+05    1.5907746761e-01
    1.0710000000e+05    1.6907963985e-01
    1.0717500000e+05    1.2733021872e-01
    1.0725000000e+05    1.2627895192e-01
    1.0732500000e+05    1.2756135119e-01
    1.0740000000e+05    1.1640323259e-01
    1.0747500000e+05    1.2528159320e-01
    1.0755000000e+05    1.1087413765e-01
    1.0762500000e+05    1.7411248249e-01
    1.0770000000e+05    2.6849226023e-01
    1.0777500000e+05    2.0399569546e-01
    1.0785000000e+05    1.6967465175e-01
    1.0792500000e+05    2.3785853409e-01
    1.0800000000e+05    2.5059469544e-01
    1.0807500000e+05    1.5723976153e-01
    1.0815000000e+05    1.0243297237e-01
    1.0822500000e+05    1.1823251565e-01
    1.0830000000e+05    1.2030070637e-01
    1.0837500000e+05    1.1079883042e-01
    1.0845000000e+05    1.3463547078e-01
    1.0852500000e+05    1.2277135576e-01
    1.0860000000e+05    1.8033171561e-01
    1.0867500000e+05    1.3170099179e-01
    1.0875000000e+05    1.3087325131e-01
    1.0882500000e+05    1.4738706747e-01
    1.0890000000e+05    1.1483239445e-01
    1.0897500000e+05    1.0891644750e-01
    1.0905000000e+05    1.1620865674e-01
    1.0912500000e+05    1.2353231067e-01
    1.0920000000e+05    1.1644146540e-01
    1.0927500000e+05    9.4660346140e-02
    1.0935000000e+05    9.5640775616e-02
    1.0942500000e+05    1.4269452518e-01
    1.0950000000e+05    1.4927504146e-01
    1.0957500000e+05    1.5997406803e-01
    1.0965000000e+05    1.2745135768e-01
    1.0972500000e+05    1.5474804487e-01
    1.0980000000e+05    1.4117783322e-01
    1.0987500000e+05    1.2628529018e-01
    1.0995000000e+05    1.5668963266e-01
    1.1002500000e+05    1.5428718288e-01
    1.1010000000e+05    1.3074986625e-01
    1.1017500000e+05    1.0999279076e-01
    1.1025000000e+05    1.3813205467e-01
    1.1032500000e+05    1.3677896927e-01
    1.1040000000e+05    1.5786279245e-01
    1.1047500000e+05    1.4525567277e-01
    1.1055000000e+05    1.0913747825e-01
    1.1062500000e+05    8.7261420866e-02
    1.1070000000e+05    9.1065028736e-02
    1.1077500000e+05    8.9713131690e-02
    1.1085000000e+05    8.8746299446e-02
    1.1092500000e+05    8.6456507559e-02
    1.1100000000e+05    1.5437243991e-01
    1.1107500000e+05    1.6753449373e-01
    1.1115000000e+05    1.4365071801e-01
    1.1122500000e+05    1.2207489086e-01
    1.1130000000e+05    1.6125550154e-01
    1.1137500000e+05    1.1779194048e-01
    1.1145000000e+05    8.6641912901e-02
    1.1152500000e+05    1.0430469408e-01
    1.1160000000e+05    1.2429477922e-01
    1.1167500000e+05    1.4678927259e-01
    1.1175000000e+05    1.3474008518e-01
    1.1182500000e+05    1.3127151338e-01
    1.1190000000e+05    1.2510147612e-01
    1.1197500000e+05    1.1483945398e-01
    1.1205000000e+05    8.9674353661e-02
    1.1212500000e+05    9.7229618745e-02
    1.1220000000e+05    9.8656574183e-02
    1.1227500000e+05    1.1230973568e-01
    1.1235000000e+05    1.1411715210e-01
    1.1242500000e+05    1.3175921726e-01
    1.1250000000e+05    1.5736933064e-01
    1.1257500000e+05    1.1622923492e-01
    1.1265000000e+05    1.4514627228e-01
    1.1272500000e+05    1.5555761126e-01
    1.1280000000e+05    1.1457407542e-01
    1.1287500000e+05    1.0833894432e-01
    1.1295000000e+05    1.2076347977e-01
    1.1302500000e+05    1.3396353807e-01
    1.1310000000e+05    1.3437239460e-01
    1.1317500000e+05    1.0439248972e-01
    1.1325000000e+05    1.5727961645e-01
    1.1332500000e+05    1.4263819815e-01
    1.1340000000e+05    1.0179076521e-01
    1.1347500000e+05    1.5141969388e-01
    1.1355000000e+05    1.2366240528e-01
    1.1362500000e+05    1.1180935053e-01
    1.1370000000e+05    1.1714201969e-01
    1.1377500000e+05    1.3840851063e-01
    1.1385000000e+05    1.4993312613e-01
    1.1392500000e+05    1.4329860890e-01
    1.1400000000e+05    1.3065149384e-01
    1.1407500000e+05    1.1049318334e-01
    1.1415000000e+05    1.2114768521e-01
    1.1422500000e+05    1.1401260706e-01
    1.1430000000e+05    1.1918467998e-01
    1.1437500000e+05    1.3526913629e-01
    1.1445000000e+05    1.2875076435e-01
    1.1452500000e+05    1.2051903636e-01
    1.1460000000e+05    1.0271631307e-01
    1.1467500000e+05    1.0438292592e-01
    1.1475000000e+05    1.0286071773e-01
    1.1482500000e+05    1.0712268774e-01
    1.1490000000e+05    1.1795368173e-01
    1.1497500000e+05    1.0947756083e-01
    1.1505000000e+05    1.0856295602e-01
    1.1512500000e+05    1.0166202830e-01
    1.1520000000e+05    1.1646424103e-01
    1.1527500000e+05    1.1662957962e-01
    1.1535000000e+05    1.1400446156e-01
    1.1542500000e+05    9.8749046110e-02
    1.1550000000e+05    1.1456005459e-01
    1.1557500000e+05    1.1137691419e-01
    1.1565000000e+05    1.3698185776e-01
    1.1572500000e+05    1.7234850295e-01
    1.1580000000e+05    1.7501717368e-01
    1.1587500000e+05    1.2142411481e-01
    1.1595000000e+05    1.3074902125e-01
    1.1602500000e+05    1.1960649971e-01
    1.1610000000e+05    1.3636532968e-01
    1.1617500000e+05    1.2420719301e-01
    1.1625000000e+05    1.5553449703e-01
    1.1632500000e+05    1.0090146894e-01
    1.1640000000e+05    1.0838169146e-01
    1.1647500000e+05    2.9402531623e-01
    1.1655000000e+05    1.3667320310e-01
    1.1662500000e+05    1.4806123394e-01
    1.1670000000e+05    1.1724185400e-01
    1.1677500000e+05    1.3004876471e-01
    1.1685000000e+05    9.9860263937e-02
    1.1692500000e+05    1.3074592140e-01
    1.1700000000e+05    1.0942401539e-01
    1.1707500000e+05    1.4809804378e-01
    1.1715000000e+05    1.1245876088e-01
    1.1722500000e+05    1.2376537702e-01
    1.1730000000e+05    1.0425639723e-01
    1.1737500000e+05    1.1487232098e-01
    1.1745000000e+05    1.3097299250e-01
    1.1752500000e+05    1.0698703698e-01
    1.1760000000e+05    1.0472513334e-01
    1.1767500000e+05    1.2251696283e-01
    1.1775000000e+05    1.3195546158e-01
    1.1782500000e+05    1.0433215132e-01
    1.1790000000e+05    1.0854300063e-01
    1.1797500000e+05    1.2144479457e-01
    1.1805000000e+05    1.4616562630e-01
    1.1812500000e+05    1.1213640177e-01
    1.1820000000e+05    9.4908165853e-02
    1.1827500000e+05    1.2373299263e-01
    1.1835000000e+05    9.7135985970e-02
    1.1842500000e+05    1.1648143516e-01
    1.1850000000e+05    1.2178783145e-01
    1.1857500000e+05    1.4683332732e-01
    1.1865000000e+05    1.0096231466e-01
    1.1872500000e+05    8.7090027225e-02
    1.1880000000e+05    9.3219090542e-02
    1.1887500000e+05    1.1093889483e-01
    1.1895000000e+05    1.2067901038e-01
    1.1902500000e+05    9.7384435453e-02
    1.1910000000e+05    1.0926787258e-01
    1.1917500000e+05    9.8387209676e-02
    1.1925000000e+05    1.0341465688e-01
    1.1932500000e+05    1.5664769961e-01
    1.1940000000e+05    1.9892626909e-01
    1.1947500000e+05    1.6419222169e-01
    1.1955000000e+05    1.4448604915e-01
    1.1962500000e+05    1.3441668613e-01
    1.1970000000e+05    1.1049471506e-01
    1.1977500000e+05    1.1973521356e-01
    1.1985000000e+05    1.1095026329e-01
    1.1992500000e+05    1.2964481060e-01
    1.2000000000e+05    1.1805484111e-01
    1.2007500000e+05    1.0230809769e-01
    1.2015000000e+05    1.1206082394e-01
    1.2022500000e+05    9.8861441473e-02
    1.2030000000e+05    1.1784036746e-01
    1.2037500000e+05    1.2574995529e-01
    1.2045000000e+05    1.3165578752e-01
    1.2052500000e+05    1.5330974617e-01
    1.2060000000e+05    1.4409528956e-01
    1.2067500000e+05    1.4758304758e-01
    1.2075000000e+05    1.3062001916e-01
    1.2082500000e+05    1.2657817373e-01
    1.2090000000e+05    1.2324788286e-01
    1.2097500000e+05    1.1010730849e-01
    1.2105000000e+05    9.6419292856e-02
    1.2112500000e+05    7.9455915921e-02
    1.2120000000e+05    9.9715193902e-02
    1.2127500000e+05    1.1461759736e-01
    1.2135000000e+05    1.1318171408e-01
    1.2142500000e+05    1.1275239279e-01
    1.2150000000e+05    1.2871623308e-01
    1.2157500000e+05    1.0888340386e-01
    1.2165000000e+05    1.4054902859e-01
    1.2172500000e+05    1.1933328200e-01
    1.2180000000e+05    1.2811943449e-01
    1.2187500000e+05    1.1885388674e-01
    1.2195000000e+05    1.4124978240e-01
    1.2202500000e+05    1.2339710712e-01
    1.2210000000e+05    1.0229739313e-01
    1.2217500000e+05    1.1545106310e-01
    1.2225000000e+05    1.0324616607e-01
    1.2232500000e+05    9.8301188340e-02
    1.2240000000e+05    1.0766906212e-01
    1.2247500000e+05    1.2143908355e-01
    1.2255000000e+05    1.0761919849e-01
    1.2262500000e+05    1.3547070238e-01
    1.2270000000e+05    1.1977013070e-01
    1.2277500000e+05    1.3952432838e-01
    1.2285000000e+05    1.0372054172e-01
    1.2292500000e+05    1.3064978414e-01
    1.2300000000e+05    1.1312354859e-01
    1.2307500000e+05    1.0863230475e-01
    1.2315000000e+05    1.2126273171e-01
    1.2322500000e+05    9.7936011415e-02
    1.2330000000e+05    1.0878681278e-01
    1.2337500000e+05    9.7173125764e-02
    1.2345000000e+05    1.2969348337e-01
    1.2352500000e+05    1.2715138357e-01
    1.2360000000e+05    1.9094777235e-01
    1.2367500000e+05    1.8922349456e-01
    1.2375000000e+05    1.9134362743e-01
    1.2382500000e+05    1.5682650221e-01
    1.2390000000e+05    1.2906116940e-01
    1.2397500000e+05    1.3545321078e-01
    1.2405000000e+05    1.1888277091e-01
    1.2412500000e+05    1.2378845707e-01
    1.2420000000e+05    1.1945335879e-01
    1.2427500000e+05    1.0732660157e-01
    1.2435000000e+05    1.1793212073e-01
    1.2442500000e+05    1.2011285178e-01
    1.2450000000e+05    1.1220656236e-01
    1.2457500000e+05    1.1576873447e-01
    1.2465000000e+05    9.7803743492e-02
    1.2472500000e+05    1.1172929112e-01
    1.2480000000e+05    1.3412300937e-01
    1.2487500000e+05    1.2858413126e-01
    1.2495000000e+05    9.4645059713e-02
    1.2502500000e+05    1.3203004026e-01
    1.2510000000e+05    1.1370399795e-01
    1.2517500000e+05    9.4305663019e-02
    1.2525000000e+05    1.2772515875e-01
    1.2532500000e+05    1.0783190695e-01
    1.2540000000e+05    1.0845647043e-01
    1.2547500000e+05    1.2005399332e-01
    1.2555000000e+05    9.8373869596e-02
    1.2562500000e+05    1.0390246720e-01
    1.2570000000e+05    1.0478969951e-01
    1.2577500000e+05    1.2815026941e-01
    1.2585000000e+05    9.8657740524e-02
    1.2592500000e+05    9.7593410538e-02
    1.2600000000e+05    1.4969308481e-01
    1.2607500000e+05    1.3189782540e-01
    1.2615000000e+05    1.5922877612e-01
    1.2622500000e+05    1.3018356646e-01
    1.2630000000e+05    1.4375296317e-01
    1.2637500000e+05    1.2135135776e-01
    1.2645000000e+05    9.5954737839e-02
    1.2652500000e+05    9.9257975102e-02
    1.2660000000e+05    1.1126938486e-01
    1.2667500000e+05    1.0667041956e-01
    1.2675000000e+05    8.8497247522e-02
    1.2682500000e+05    1.0968869198e-01
    1.2690000000e+05    8.6949791013e-02
    1.2697500000e+05    8.4906579300e-02
    1.2705000000e+05    1.1165118350e-01
    1.2712500000e+05    1.2294027383e-01
    1.2720000000e+05    1.1030333276e-01
    1.2727500000e+05    1.0645672257e-01
    1.2735000000e+05    1.0714538425e-01
    1.2742500000e+05    1.3277093750e-01
    1.2750000000e+05    1.0153987851e-01
    1.2757500000e+05    9.7680266621e-02
    1.2765000000e+05    8.7877394215e-02
    1.2772500000e+05    9.0445881639e-02
    1.2780000000e+05    1.2017898058e-01
    1.2787500000e+05    1.0116535436e-01
    1.2795000000e+05    1.0622480828e-01
    1.2802500000e+05    1.0827685350e-01
    1.2810000000e+05    1.0449122199e-01
    1.2817500000e+05    1.1743645769e-01
    1.2825000000e+05    1.1704126837e-01
    1.2832500000e+05    1.0841086105e-01
    1.2840000000e+05    1.0259048644e-01
    1.2847500000e+05    1.0203338558e-01
    1.2855000000e+05    1.0015464331e-01
    1.2862500000e+05    1.0284971746e-01
    1.2870000000e+05    1.2283996180e-01
    1.2877500000e+05    8.2262455553e-02
    1.2885000000e+05    9.3335499675e-02
    1.2892500000e+05    8.1885225228e-02
    1.2900000000e+05    8.5369594123e-02
    1.2907500000e+05    1.2533106027e-01
    1.2915000000e+05    9.1492651130e-02
    1.2922500000e+05    1.2780149217e-01
    1.2930000000e+05    1.6236992784e-01
    1.2937500000e+05    8.5589286719e-02
    1.2945000000e+05    1.3416361753e-01
    1.2952500000e+05    1.1417619135e-01
    1.2960000000e+05    1.6109268349e-01
    1.2967500000e+05    1.1549013966e-01
    1.2975000000e+05    1.0883220852e-01
    1.2982500000e+05    1.4464539084e-01
    1.2990000000e+05    1.0204918932e-01
    1.2997500000e+05    8.4361178620e-02
    1.3005000000e+05    9.7218397238e-02
    1.3012500000e+05    9.9181724325e-02
    1.3020000000e+05    1.1752060506e-01
    1.3027500000e+05    7.5529595497e-02
    1.3035000000e+05    1.0840139373e-01
    1.3042500000e+05    9.3537993164e-02
    1.3050000000e+05    1.0793708625e-01
    1.3057500000e+05    8.3319325174e-02
    1.3065000000e+05    8.0358345960e-02
    1.3072500000e+05    1.4508444868e-01
    1.3080000000e+05    1.1740249634e-01
    1.3087500000e+05    1.0432660767e-01
    1.3095000000e+05    1.0436776311e-01
    1.3102500000e+05    1.1462812136e-01
    1.3110000000e+05    9.9983001575e-02
    1.3117500000e+05    1.3354628059e-01
    1.3125000000e+05    7.4323254385e-02
    1.3132500000e+05    1.0573138221e-01
    1.3140000000e+05    1.0565243599e-01
    1.3147500000e+05    8.9881930117e-02
    1.3155000000e+05    9.5527794378e-02
    1.3162500000e+05    1.2914901917e-01
    1.3170000000e+05    1.0193379041e-01
    1.3177500000e+05    1.0611863664e-01
    1.3185000000e+05    1.2318129477e-01
    1.3192500000e+05    1.4197858773e-01
    1.3200000000e+05    1.0440589160e-01
    1.3207500000e+05    1.0164694347e-01
    1.3215000000e+05    1.1673660865e-01
    1.3222500000e+05    1.0115941158e-01
    1.3230000000e+05    9.7860378525e-02
    1.3237500000e+05    1.2487287245e-01
    1.3245000000e+05    1.3025190575e-01
    1.3252500000e+05    1.3841676206e-01
    1.3260000000e+05    1.7425132121e-01
    1.3267500000e+05    1.2185422209e-01
    1.3275000000e+05    1.0724857611e-01
    1.3282500000e+05    9.3510374020e-02
    1.3290000000e+05    1.0014464182e-01
    1.3297500000e+05    1.0079136280e-01
    1.3305000000e+05    9.4338309725e-02
    1.3312500000e+05    9.7080685446e-02
    1.3320000000e+05    1.1013382123e-01
    1.3327500000e+05    9.0032273343e-02
    1.3335000000e+05    8.2980726203e-02
    1.3342500000e+05    1.0300916601e-01
    1.3350000000e+05    1.1965292944e-01
    1.3357500000e+05    1.2662026146e-01
    1.3365000000e+05    1.1805953989e-01
    1.3372500000e+05    9.8320391915e-02
    1.3380000000e+05    9.3581213421e-02
    1.3387500000e+05    9.4001926021e-02
    1.3395000000e+05    1.0340264188e-01
    1.3402500000e+05    1.2562099808e-01
    1.3410000000e+05    1.3221657155e-01
    1.3417500000e+05    2.6074038068e-01
    1.3425000000e+05    2.6514425677e-01
    1.3432500000e+05    1.6872943418e-01
    1.3440000000e+05    1.0343631294e-01
    1.3447500000e+05    8.9962048337e-02
    1.3455000000e+05    9.5460535413e-02
    1.3462500000e+05    1.2848947158e-01
    1.3470000000e+05    1.0897749251e-01
    1.3477500000e+05    1.5100738124e-01
    1.3485000000e+05    9.6093161742e-02
    1.3492500000e+05    9.3300905664e-02
    1.3500000000e+05    8.7712689787e-02
    1.3507500000e+05    1.4097187966e-01
    1.3515000000e+05    1.3252294350e-01
    1.3522500000e+05    1.2915103668e-01
    1.3530000000e+05    1.0466795220e-01
    1.3537500000e+05    1.1915094452e-01
    1.3545000000e+05    8.5178911137e-02
    1.3552500000e+05    9.2848464181e-02
    1.3560000000e+05    9.9916495152e-02
    1.3567500000e+05    1.3873804809e-01
    1.3575000000e+05    1.0805624700e-01
    1.3582500000e+05    1.3204591341e-01
    1.3590000000e+05    1.5909999296e-01
    1.3597500000e+05    1.3111716082e-01
    1.3605000000e+05    1.2647204760e-01
    1.3612500000e+05    1.1682947798e-01
    1.3620000000e+05    1.0979514346e-01
    1.3627500000e+05    1.4394013058e-01
    1.3635000000e+05    1.0384624043e-01
    1.3642500000e+05    1.1265631913e-01
    1.3650000000e+05    9.9121580002e-02
    1.3657500000e+05    7.5909768141e-02
    1.3665000000e+05    7.2459920669e-02
    1.3672500000e+05    6.8985926368e-02
    1.3680000000e+05    1.3305031774e-01
    1.3687500000e+05    1.1766916748e-01
    1.3695000000e+05    9.7644759051e-02
    1.3702500000e+05    9.8888970107e-02
    1.3710000000e+05    8.1505064539e-02
    1.3717500000e+05    9.3467026901e-02
    1.3725000000e+05    1.0139610521e-01
    1.3732500000e+05    1.0301711558e-01
    1.3740000000e+05    1.3430590338e-01
    1.3747500000e+05    1.2112222628e-01
    1.3755000000e+05    1.1548641631e-01
    1.3762500000e+05    1.1255018994e-01
    1.3770000000e+05    9.0092505503e-02
    1.3777500000e+05    1.2181359784e-01
    1.3785000000e+05    1.4918571166e-01
    1.3792500000e+05    1.2604838614e-01
    1.3800000000e+05    9.8285434265e-02
    1.3807500000e+05    1.0725752569e-01
    1.3815000000e+05    1.1290721845e-01
    1.3822500000e+05    1.2192338265e-01
    1.3830000000e+05    1.1449878984e-01
    1.3837500000e+05    1.6479548743e-01
    1.3845000000e+05    1.7113171046e-01
    1.3852500000e+05    1.5501317681e-01
    1.3860000000e+05    1.3320145286e-01
    1.3867500000e+05    9.6964150460e-02
    1.3875000000e+05    1.1993926935e-01
    1.3882500000e+05    1.8893670907e-01
    1.3890000000e+05    1.6902339489e-01
    1.3897500000e+05    1.3774695181e-01
    1.3905000000e+05    1.3131937808e-01
    1.3912500000e+05    1.4371418278e-01
    1.3920000000e+05    1.3655307160e-01
    1.3927500000e+05    1.7119637148e-01
    1.3935000000e+05    1.7577340130e-01
    1.3942500000e+05    1.1039206594e-01
    1.3950000000e+05    1.8303005013e-01
    1.3957500000e+05    1.8871627865e-01
    1.3965000000e+05    1.5031479756e-01
    1.3972500000e+05    1.2045282474e-01
    1.3980000000e+05    1.2965420008e-01
    1.3987500000e+05    1.4201416201e-01
    1.3995000000e+05    1.4154387783e-01
    1.4002500000e+05    1.3859329792e-01
    1.4010000000e+05    1.3110292486e-01
    1.4017500000e+05    1.3746596963e-01
    1.4025000000e+05    1.2356022951e-01
    1.4032500000e+05    1.4198219289e-01
    1.4040000000e+05    1.4126925196e-01
    1.4047500000e+05    1.4387142560e-01
    1.4055000000e+05    1.3334446776e-01
    1.4062500000e+05    1.6264823401e-01
    1.4070000000e+05    1.3121372443e-01
    1.4077500000e+05    1.4409626492e-01
    1.4085000000e+05    1.3159535432e-01
    1.4092500000e+05    1.2862096990e-01
    1.4100000000e+05    1.2512616803e-01
    1.4107500000e+05    1.1831987404e-01
    1.4115000000e+05    1.1786199456e-01
    1.4122500000e+05    1.0561373980e-01
    1.4130000000e+05    1.2051676549e-01
    1.4137500000e+05    1.3993405737e-01
    1.4145000000e+05    1.8396234310e-01
    1.4152500000e+05    4.1723974462e-01
    1.4160000000e+05    2.2747316813e-01
    1.4167500000e+05    2.2849408805e-01
    1.4175000000e+05    1.6860331947e-01
    1.4182500000e+05    1.5499618033e-01
    1.4190000000e+05    1.2382010650e-01
    1.4197500000e+05    1.1610366267e-01
    1.4205000000e+05    1.4017706432e-01
    1.4212500000e+05    1.1588030222e-01
    1.4220000000e+05    1.3692884748e-01
    1.4227500000e+05    1.1613950783e-01
    1.4235000000e+05    1.3141001677e-01
    1.4242500000e+05    1.9250278566e-01
    1.4250000000e+05    1.8464434061e-01
    1.4257500000e+05    1.3435182563e-01
    1.4265000000e+05    1.2909072604e-01
    1.4272500000e+05    1.1881116671e-01
    1.4280000000e+05    1.0456056310e-01
    1.4287500000e+05    1.1343798770e-01
    1.4295000000e+05    1.2926963165e-01
    1.4302500000e+05    1.1748662971e-01
    1.4310000000e+05    1.1470922960e-01
    1.4317500000e+05    1.2663593016e-01
    1.4325000000e+05    1.3881998810e-01
    1.4332500000e+05    1.0676022749e-01
    1.4340000000e+05    1.5175227533e-01
    1.4347500000e+05    1.1178260221e-01
    1.4355000000e+05    1.4339231314e-01
    1.4362500000e+05    1.0885005809e-01
    1.4370000000e+05    1.4913070800e-01
    1.4377500000e+05    1.0583135422e-01
    1.4385000000e+05    1.1686315027e-01
    1.4392500000e+05    1.1728580279e-01
    1.4400000000e+05    1.1790239740e-01
    1.4407500000e+05    1.0685664686e-01
    1.4415000000e+05    1.1825985010e-01
    1.4422500000e+05    1.1974045828e-01
    1.4430000000e+05    1.4804857608e-01
    1.4437500000e+05    1.2757625100e-01
    1.4445000000e+05    1.3820899613e-01
    1.4452500000e+05    1.2224685712e-01
    1.4460000000e+05    1.3452990479e-01
    1.4467500000e+05    1.2552817935e-01
    1.4475000000e+05    1.0999345948e-01
    1.4482500000e+05    1.3699644785e-01
    1.4490000000e+05    1.4876018278e-01
    1.4497500000e+05    1.4177706600e-01
    1.4505000000e+05    1.3429826463e-01
    1.4512500000e+05    1.2320073417e-01
    1.4520000000e+05    1.1909804326e-01
    1.4527500000e+05    1.2959016866e-01
    1.4535000000e+05    1.1508150832e-01
    1.4542500000e+05    1.2628146745e-01
    1.4550000000e+05    9.3221369313e-02
    1.4557500000e+05    7.4721964714e-02
    1.4565000000e+05    7.8053221247e-02
    1.4572500000e+05    1.0572219226e-01
    1.4580000000e+05    1.1165246183e-01
    1.4587500000e+05    1.1779121843e-01
    1.4595000000e+05    1.1613032293e-01
    1.4602500000e+05    1.4836296258e-01
    1.4610000000e+05    1.2820990137e-01
    1.4617500000e+05    1.4069731455e-01
    1.4625000000e+05    1.3525955402e-01
    1.4632500000e+05    1.7753108908e-01
    1.4640000000e+05    1.4145716594e-01
    1.4647500000e+05    1.4560626397e-01
    1.4655000000e+05    1.5582289462e-01
    1.4662500000e+05    1.2878257930e-01
    1.4670000000e+05    8.6372498653e-02
    1.4677500000e+05    1.1770176757e-01
    1.4685000000e+05    1.1767178575e-01
    1.4692500000e+05    1.6514620344e-01
    1.4700000000e+05    1.5224603141e-01
    1.4707500000e+05    1.3684552284e-01
    1.4715000000e+05    1.2575000880e-01
    1.4722500000e+05    1.1811974864e-01
    1.4730000000e+05    8.0918836009e-02
    1.4737500000e+05    1.2148056430e-01
    1.4745000000e+05    8.7268637729e-02
    1.4752500000e+05    1.2476293534e-01
    1.4760000000e+05    9.9646167455e-02
    1.4767500000e+05    1.0785417526e-01
    1.4775000000e+05    1.4012915386e-01
    1.4782500000e+05    1.5360130988e-01
    1.4790000000e+05    1.0973551621e-01
    1.4797500000e+05    1.2449433943e-01
    1.4805000000e+05    1.2186047365e-01
    1.4812500000e+05    1.1781592560e-01
    1.4820000000e+05    1.1703999908e-01
    1.4827500000e+05    1.1318610717e-01
    1.4835000000e+05    1.3309911383e-01
    1.4842500000e+05    1.4300337509e-01
    1.4850000000e+05    9.8308486461e-02
    1.4857500000e+05    1.3116488300e-01
    1.4865000000e+05    1.2891874349e-01
    1.4872500000e+05    8.4396683005e-02
    1.4880000000e+05    1.4635571875e-01
    1.4887500000e+05    1.0945012964e-01
    1.4895000000e+05    1.1304788580e-01
    1.4902500000e+05    1.2756403975e-01
    1.4910000000e+05    1.0760295863e-01
    1.4917500000e+05    1.1251128842e-01
    1.4925000000e+05    1.0583631876e-01
    1.4932500000e+05    1.4047311672e-01
    1.4940000000e+05    1.1124637088e-01
    1.4947500000e+05    1.0038395407e-01
    1.4955000000e+05    9.9391380281e-02
    1.4962500000e+05    1.7803369305e-01
    1.4970000000e+05    1.1989844856e-01
    1.4977500000e+05    1.2262227548e-01
    1.4985000000e+05    1.2259833526e-01
    1.4992500000e+05    1.2335387995e-01
    1.5000000000e+05    1.1554653545e-01
