    2.5000000000e+02    9.3080550717e-02
    5.0000000000e+02    1.4618352080e-01
    7.5000000000e+02    1.9421313496e-01
    1.0000000000e+03    2.0304967435e-01
    1.2500000000e+03    1.4753342601e-01
    1.5000000000e+03    2.8755680936e-01
    1.7500000000e+03    2.2629611450e-01
    2.0000000000e+03    2.8302813174e-01
    2.2500000000e+03    2.4436598531e-01
    2.5000000000e+03    1.5455710098e-01
    2.7500000000e+03    1.6151086406e-01
    3.0000000000e+03    9.6486996081e-02
    3.2500000000e+03    1.1258654721e-01
    3.5000000000e+03    1.1217285903e-01
    3.7500000000e+03    1.4863483501e-01
    4.0000000000e+03    9.0065209021e-02
    4.2500000000e+03    1.1785188846e-01
    4.5000000000e+03    1.2212516239e-01
    4.7500000000e+03    1.1788030615e-01
    5.0000000000e+03    1.0012795502e-01
    5.2500000000e+03    1.2776978725e-01
    5.5000000000e+03    9.4505843860e-02
    5.7500000000e+03    1.4450028432e-01
    6.0000000000e+03    1.3031981518e-01
    6.2500000000e+03    1.0202091268e-01
    6.5000000000e+03    1.9959979348e-01
    6.7500000000e+03    1.1082748505e-01
    7.0000000000e+03    9.1021416296e-02
    7.2500000000e+03    1.1766996091e-01
    7.5000000000e+03    1.0186204413e-01
    7.7500000000e+03    1.1192527497e-01
    8.0000000000e+03    1.1020159089e-01
    8.2500000000e+03    1.1568947097e-01
    8.5000000000e+03    9.7867954517e-02
    8.7500000000e+03    1.3251791606e-01
    9.0000000000e+03    8.9630055898e-02
    9.2500000000e+03    1.0039269311e-01
    9.5000000000e+03    1.0225218048e-01
    9.7500000000e+03    8.9173965657e-02
    1.0000000000e+04    1.2148578050e-01
    1.0250000000e+04    1.1855083573e-01
    1.0500000000e+04    1.3280323312e-01
    1.0750000000e+04    1.2557539379e-01
    1.1000000000e+04    8.6172498735e-02
    1.1250000000e+04    9.1498806100e-02
    1.1500000000e+04    1.0430247798e-01
    1.1750000000e+04    1.1070989242e-01
    1.2000000000e+04    1.4248682982e-01
    1.2250000000e+04    8.4103829416e-02
    1.2500000000e+04    1.6285220908e-01
    1.2750000000e+04    1.4388350327e-01
    1.3000000000e+04    1.0340079942e-01
    1.3250000000e+04    8.5488165026e-02
    1.3500000000e+04    9.3859015215e-02
    1.3750000000e+04    1.1487641936e-01
    1.4000000000e+04    1.4507740275e-01
    1.4250000000e+04    9.4419834139e-02
    1.4500000000e+04    9.0607635914e-02
    1.4750000000e+04    8.1106355109e-02
    1.5000000000e+04    8.9914383926e-02
    1.5250000000e+04    1.3708773198e-01
    1.5500000000e+04    1.0935347628e-01
    1.5750000000e+04    1.1621333118e-01
    1.6000000000e+04    1.1085426711e-01
    1.6250000000e+04    1.4938178105e-01
    1.6500000000e+04    1.0944469147e-01
    1.6750000000e+04    1.0131404620e-01
    1.7000000000e+04    1.1923046068e-01
    1.7250000000e+04    1.4139276180e-01
    1.7500000000e+04    1.1032556128e-01
    1.7750000000e+04    1.0302084640e-01
    1.8000000000e+04    1.1976607714e-01
    1.8250000000e+04    1.0594919502e-01
    1.8500000000e+04    9.7407433540e-02
    1.8750000000e+04    7.6825684322e-02
    1.9000000000e+04    1.6368919858e-01
    1.9250000000e+04    1.1520247132e-01
    1.9500000000e+04    1.1011900828e-01
    1.9750000000e+04    1.1035417008e-01
    2.0000000000e+04    1.1744377410e-01
    2.0250000000e+04    1.0907024474e-01
    2.0500000000e+04    9.7289630454e-02
    2.0750000000e+04    9.5111643340e-02
    2.1000000000e+04    1.3306647753e-01
    2.1250000000e+04    1.2359876072e-01
    2.1500000000e+04    1.0787612495e-01
    2.1750000000e+04    1.2399618972e-01
    2.2000000000e+04    9.6599752268e-02
    2.2250000000e+04    1.7952022119e-01
    2.2500000000e+04    1.1846103411e-01
    2.2750000000e+04    1.0337734116e-01
    2.3000000000e+04    1.2795594026e-01
    2.3250000000e+04    1.0458579153e-01
    2.3500000000e+04    1.1432937631e-01
    2.3750000000e+04    1.0580408829e-01
    2.4000000000e+04    1.1406355855e-01
    2.4250000000e+04    9.0471454893e-02
    2.4500000000e+04    9.9261026423e-02
    2.4750000000e+04    1.0436144836e-01
    2.5000000000e+04    1.0978425923e-01
    2.5250000000e+04    1.6297761180e-01
    2.5500000000e+04    1.0928707430e-01
    2.5750000000e+04    9.4780197994e-02
    2.6000000000e+04    7.5732804140e-02
    2.6250000000e+04    8.3770286949e-02
    2.6500000000e+04    1.2903605835e-01
    2.6750000000e+04    1.0932430454e-01
    2.7000000000e+04    1.0766747077e-01
    2.7250000000e+04    8.7054961836e-02
    2.7500000000e+04    1.1227172323e-01
    2.7750000000e+04    8.6862786124e-02
    2.8000000000e+04    1.0843169299e-01
    2.8250000000e+04    1.2923609025e-01
    2.8500000000e+04    9.7751853551e-02
    2.8750000000e+04    1.1123185564e-01
    2.9000000000e+04    1.0063047080e-01
    2.9250000000e+04    1.2375087796e-01
    2.9500000000e+04    9.8162234122e-02
    2.9750000000e+04    1.2632117777e-01
    3.0000000000e+04    1.0047674008e-01
    3.0250000000e+04    1.1489574508e-01
    3.0500000000e+04    9.9661493682e-02
    3.0750000000e+04    9.7529984642e-02
    3.1000000000e+04    1.4512462719e-01
    3.1250000000e+04    1.6405492347e-01
    3.1500000000e+04    1.2762138414e-01
    3.1750000000e+04    1.0292178104e-01
    3.2000000000e+04    1.1096819486e-01
    3.2250000000e+04    9.6356020646e-02
    3.2500000000e+04    9.4616927152e-02
    3.2750000000e+04    9.7991167498e-02
    3.3000000000e+04    1.2706003632e-01
    3.3250000000e+04    1.3438082675e-01
    3.3500000000e+04    1.1301731647e-01
    3.3750000000e+04    1.0920635486e-01
    3.4000000000e+04    9.9761978703e-02
    3.4250000000e+04    1.0722901011e-01
    3.4500000000e+04    9.9622979070e-02
    3.4750000000e+04    1.5752031708e-01
    3.5000000000e+04    1.2198157198e-01
    3.5250000000e+04    8.3222330092e-02
    3.5500000000e+04    1.3527049948e-01
    3.5750000000e+04    1.2715177184e-01
    3.6000000000e+04    1.0136086660e-01
    3.6250000000e+04    1.0742957938e-01
    3.6500000000e+04    1.4891657995e-01
    3.6750000000e+04    1.1045548291e-01
    3.7000000000e+04    1.1779204269e-01
    3.7250000000e+04    1.0254094606e-01
    3.7500000000e+04    1.0002808899e-01
    3.7750000000e+04    1.2961096548e-01
    3.8000000000e+04    1.0717942227e-01
    3.8250000000e+04    8.4171469362e-02
    3.8500000000e+04    1.1343288081e-01
    3.8750000000e+04    1.0797048127e-01
    3.9000000000e+04    1.2866901360e-01
    3.9250000000e+04    1.0621673070e-01
    3.9500000000e+04    1.0530734948e-01
    3.9750000000e+04    8.1629620392e-02
    4.0000000000e+04    1.1670959485e-01
    4.0250000000e+04    7.9972586571e-02
    4.0500000000e+04    7.7043892509e-02
    4.0750000000e+04    1.0060635341e-01
    4.1000000000e+04    1.0390336534e-01
    4.1250000000e+04    1.0426797641e-01
    4.1500000000e+04    1.1542387601e-01
    4.1750000000e+04    1.1222925960e-01
    4.2000000000e+04    8.6879094107e-02
    4.2250000000e+04    1.0453918737e-01
    4.2500000000e+04    9.9927607667e-02
    4.2750000000e+04    1.0733566643e-01
    4.3000000000e+04    8.9544414923e-02
    4.3250000000e+04    9.0707768958e-02
    4.3500000000e+04    9.9177101852e-02
    4.3750000000e+04    1.5162637536e-01
    4.4000000000e+04    7.7254039137e-02
    4.4250000000e+04    9.4527096848e-02
    4.4500000000e+04    9.9953210143e-02
    4.4750000000e+04    1.0553926284e-01
    4.5000000000e+04    1.1938589343e-01
    4.5250000000e+04    9.3841287364e-02
    4.5500000000e+04    1.6725566907e-01
    4.5750000000e+04    1.2002943250e-01
    4.6000000000e+04    1.4369847782e-01
    4.6250000000e+04    9.3948195143e-02
    4.6500000000e+04    1.0721068671e-01
    4.6750000000e+04    1.3630129635e-01
    4.7000000000e+04    9.6939518911e-02
    4.7250000000e+04    1.0927781056e-01
    4.7500000000e+04    1.1037707192e-01
    4.7750000000e+04    1.2648405888e-01
    4.8000000000e+04    1.2027707319e-01
    4.8250000000e+04    1.7695117532e-01
    4.8500000000e+04    1.7053931459e-01
    4.8750000000e+04    1.1134384596e-01
    4.9000000000e+04    1.1866172775e-01
    4.9250000000e+04    9.0431983849e-02
    4.9500000000e+04    8.4356215640e-02
    4.9750000000e+04    1.0995476430e-01
    5.0000000000e+04    8.6734950148e-02
    5.0250000000e+04    7.1545628161e-02
    5.0500000000e+04    8.2475156547e-02
    5.0750000000e+04    3.3853319057e-01
    5.1000000000e+04    1.0671502726e-01
    5.1250000000e+04    1.3032955364e-01
    5.1500000000e+04    1.4989036357e-01
    5.1750000000e+04    1.2515775897e-01
    5.2000000000e+04    9.6517427141e-02
    5.2250000000e+04    9.8447545656e-02
    5.2500000000e+04    1.1244480620e-01
    5.2750000000e+04    1.0434285008e-01
    5.3000000000e+04    7.7984897281e-02
    5.3250000000e+04    9.5098400720e-02
    5.3500000000e+04    8.9348368788e-02
    5.3750000000e+04    1.1385735729e-01
    5.4000000000e+04    8.8426028599e-02
    5.4250000000e+04    9.5864456489e-02
    5.4500000000e+04    9.2475101366e-02
    5.4750000000e+04    9.8287442969e-02
    5.5000000000e+04    1.2971988739e-01
    5.5250000000e+04    1.1792602951e-01
    5.5500000000e+04    1.0354042823e-01
    5.5750000000e+04    1.0490800385e-01
    5.6000000000e+04    8.6782775583e-02
    5.6250000000e+04    1.0151579554e-01
    5.6500000000e+04    1.1853866293e-01
    5.6750000000e+04    1.0870469182e-01
    5.7000000000e+04    1.1126133077e-01
    5.7250000000e+04    1.0558854366e-01
    5.7500000000e+04    1.0988801891e-01
    5.7750000000e+04    1.0758934215e-01
    5.8000000000e+04    9.3373968001e-02
    5.8250000000e+04    9.0790844879e-02
    5.8500000000e+04    1.0686772348e-01
    5.8750000000e+04    1.5308877816e-01
    5.9000000000e+04    1.1137391640e-01
    5.9250000000e+04    1.2372540814e-01
    5.9500000000e+04    1.0393591050e-01
    5.9750000000e+04    1.1142865999e-01
    6.0000000000e+04    8.2141774662e-02
    6.0250000000e+04    1.0691549606e-01
    6.0500000000e+04    1.0114204634e-01
    6.0750000000e+04    1.0775855727e-01
    6.1000000000e+04    9.4323996410e-02
    6.1250000000e+04    9.1742649564e-02
    6.1500000000e+04    1.0540673244e-01
    6.1750000000e+04    8.2080244771e-02
    6.2000000000e+04    9.1341102121e-02
    6.2250000000e+04    1.0551278865e-01
    6.2500000000e+04    1.0022113506e-01
    6.2750000000e+04    1.0235406147e-01
    6.3000000000e+04    1.2606061193e-01
    6.3250000000e+04    1.1623039829e-01
    6.3500000000e+04    1.0216879960e-01
    6.3750000000e+04    1.6186662573e-01
    6.4000000000e+04    9.9506150360e-02
    6.4250000000e+04    1.2123204508e-01
    6.4500000000e+04    9.5017738395e-02
    6.4750000000e+04    1.4332461144e-01
    6.5000000000e+04    1.0563716380e-01
    6.5250000000e+04    1.1913565726e-01
    6.5500000000e+04    1.4424802645e-01
    6.5750000000e+04    1.0177015017e-01
    6.6000000000e+04    1.2206093055e-01
    6.6250000000e+04    1.2377798504e-01
    6.6500000000e+04    1.2509064844e-01
    6.6750000000e+04    1.2284975413e-01
    6.7000000000e+04    1.1019956922e-01
    6.7250000000e+04    1.0617610700e-01
    6.7500000000e+04    9.7992656308e-02
    6.7750000000e+04    1.1872956425e-01
    6.8000000000e+04    1.1476365930e-01
    6.8250000000e+04    1.2346935645e-01
    6.8500000000e+04    1.3009858175e-01
    6.8750000000e+04    1.0387712592e-01
    6.9000000000e+04    1.3552260801e-01
    6.9250000000e+04    9.7291009686e-02
    6.9500000000e+04    1.0274914231e-01
    6.9750000000e+04    1.5325896277e-01
    7.0000000000e+04    1.2565090313e-01
    7.0250000000e+04    9.1059195672e-02
    7.0500000000e+04    1.0103504072e-01
    7.0750000000e+04    1.2270873765e-01
    7.1000000000e+04    9.8098078860e-02
    7.1250000000e+04    1.0646111098e-01
    7.1500000000e+04    1.3144921050e-01
    7.1750000000e+04    9.3658902534e-02
    7.2000000000e+04    1.0934562109e-01
    7.2250000000e+04    1.1679731624e-01
    7.2500000000e+04    1.2291830289e-01
    7.2750000000e+04    9.6646285107e-02
    7.3000000000e+04    1.1437419755e-01
    7.3250000000e+04    7.9057540142e-02
    7.3500000000e+04    9.3176995264e-02
    7.3750000000e+04    8.5655804544e-02
    7.4000000000e+04    7.8558154687e-02
    7.4250000000e+04    1.0143852470e-01
    7.4500000000e+04    1.0713316803e-01
    7.4750000000e+04    9.2029567283e-02
    7.5000000000e+04    9.4499873024e-02
    7.5250000000e+04    9.6629880168e-02
    7.5500000000e+04    1.1562816536e-01
    7.5750000000e+04    1.3104205956e-01
    7.6000000000e+04    1.7075160330e-01
    7.6250000000e+04    1.0175068838e-01
    7.6500000000e+04    1.0620790792e-01
    7.6750000000e+04    1.0921942473e-01
    7.7000000000e+04    1.0129766654e-01
    7.7250000000e+04    1.0435161186e-01
    7.7500000000e+04    1.4037598950e-01
    7.7750000000e+04    1.1112114955e-01
    7.8000000000e+04    1.0505740303e-01
    7.8250000000e+04    9.0018145430e-02
    7.8500000000e+04    1.6395807397e-01
    7.8750000000e+04    1.5538231397e-01
    7.9000000000e+04    1.0838008517e-01
    7.9250000000e+04    9.1793155019e-02
    7.9500000000e+04    1.2827101583e-01
    7.9750000000e+04    1.1824790238e-01
    8.0000000000e+04    8.7600570954e-02
    8.0250000000e+04    1.2402459157e-01
    8.0500000000e+04    1.2193834928e-01
    8.0750000000e+04    1.4551667803e-01
    8.1000000000e+04    1.0774832541e-01
    8.1250000000e+04    8.6934813335e-02
    8.1500000000e+04    1.3517284872e-01
    8.1750000000e+04    1.1273683171e-01
    8.2000000000e+04    1.1038286680e-01
    8.2250000000e+04    1.2060589485e-01
    8.2500000000e+04    7.0329129905e-02
    8.2750000000e+04    8.0135763392e-02
    8.3000000000e+04    7.8758608101e-02
    8.3250000000e+04    8.1260595939e-02
    8.3500000000e+04    1.0206855842e-01
    8.3750000000e+04    1.0811579675e-01
    8.4000000000e+04    1.3539641656e-01
    8.4250000000e+04    1.0648400117e-01
    8.4500000000e+04    1.0192829736e-01
    8.4750000000e+04    1.1154644020e-01
    8.5000000000e+04    1.2513981927e-01
    8.5250000000e+04    1.0817687969e-01
    8.5500000000e+04    8.9838684099e-02
    8.5750000000e+04    1.3812890457e-01
    8.6000000000e+04    1.0624916835e-01
    8.6250000000e+04    1.2507587759e-01
    8.6500000000e+04    9.5563568657e-02
    8.6750000000e+04    1.1222867065e-01
    8.7000000000e+04    1.5647366927e-01
    8.7250000000e+04    8.6682116923e-02
    8.7500000000e+04    1.2394785168e-01
    8.7750000000e+04    9.7276003805e-02
    8.8000000000e+04    1.0686714862e-01
    8.8250000000e+04    1.1682469511e-01
    8.8500000000e+04    9.3744377813e-02
    8.8750000000e+04    9.5386184077e-02
    8.9000000000e+04    9.3668812341e-02
    8.9250000000e+04    1.0036781460e-01
    8.9500000000e+04    9.3942595146e-02
    8.9750000000e+04    1.0369703400e-01
    9.0000000000e+04    7.7667506490e-02
    9.0250000000e+04    8.6689692764e-02
    9.0500000000e+04    9.9091874993e-02
    9.0750000000e+04    1.3543585762e-01
    9.1000000000e+04    7.6690187905e-02
    9.1250000000e+04    1.1731724147e-01
    9.1500000000e+04    1.1106726905e-01
    9.1750000000e+04    1.4313113941e-01
    9.2000000000e+04    1.4137567517e-01
    9.2250000000e+04    9.6726373047e-02
    9.2500000000e+04    1.2368396248e-01
    9.2750000000e+04    1.0601264857e-01
    9.3000000000e+04    1.2369143623e-01
    9.3250000000e+04    1.1455051684e-01
    9.3500000000e+04    1.1534406865e-01
    9.3750000000e+04    1.1898439921e-01
    9.4000000000e+04    1.0672494771e-01
    9.4250000000e+04    1.2570572905e-01
    9.4500000000e+04    1.3019589867e-01
    9.4750000000e+04    9.9263672359e-02
    9.5000000000e+04    1.3015701333e-01
    9.5250000000e+04    8.3566763461e-02
    9.5500000000e+04    1.0625507573e-01
    9.5750000000e+04    1.2347092473e-01
    9.6000000000e+04    1.3338340840e-01
    9.6250000000e+04    9.0223412024e-02
    9.6500000000e+04    9.7736734201e-02
    9.6750000000e+04    1.2493415236e-01
    9.7000000000e+04    1.1242320886e-01
    9.7250000000e+04    1.0848509694e-01
    9.7500000000e+04    1.0051214545e-01
    9.7750000000e+04    1.0268646629e-01
    9.8000000000e+04    1.1604743131e-01
    9.8250000000e+04    1.3968425052e-01
    9.8500000000e+04    1.7491296321e-01
    9.8750000000e+04    1.0298132499e-01
    9.9000000000e+04    9.4838143595e-02
    9.9250000000e+04    1.3061192842e-01
    9.9500000000e+04    1.1062774545e-01
    9.9750000000e+04    1.3723349445e-01
    1.0000000000e+05    1.0416905937e-01
    1.0025000000e+05    1.0468108749e-01
    1.0050000000e+05    1.0678026653e-01
    1.0075000000e+05    1.1046328991e-01
    1.0100000000e+05    9.1333095449e-02
    1.0125000000e+05    1.1462688511e-01
    1.0150000000e+05    1.0927947999e-01
    1.0175000000e+05    1.4200367437e-01
    1.0200000000e+05    9.0462098377e-02
    1.0225000000e+05    1.1746427752e-01
    1.0250000000e+05    1.2655684952e-01
    1.0275000000e+05    1.0376932400e-01
    1.0300000000e+05    1.1389213112e-01
    1.0325000000e+05    1.0088402674e-01
    1.0350000000e+05    1.0121992288e-01
    1.0375000000e+05    8.7741788067e-02
    1.0400000000e+05    9.0300874472e-02
    1.0425000000e+05    1.2739916439e-01
    1.0450000000e+05    7.8484598608e-02
    1.0475000000e+05    1.1842021849e-01
    1.0500000000e+05    1.1787400143e-01
    1.0525000000e+05    8.7978271904e-02
    1.0550000000e+05    1.1258330587e-01
    1.0575000000e+05    1.2214506980e-01
    1.0600000000e+05    9.3769487006e-02
    1.0625000000e+05    1.0751538639e-01
    1.0650000000e+05    1.1820967130e-01
    1.0675000000e+05    1.3506760463e-01
    1.0700000000e+05    1.2087371770e-01
    1.0725000000e+05    1.0349725227e-01
    1.0750000000e+05    1.2469201129e-01
    1.0775000000e+05    1.6051797053e-01
    1.0800000000e+05    8.8042824541e-02
    1.0825000000e+05    1.2313267866e-01
    1.0850000000e+05    1.1130056277e-01
    1.0875000000e+05    1.1083177518e-01
    1.0900000000e+05    1.1383157897e-01
    1.0925000000e+05    1.1583538679e-01
    1.0950000000e+05    1.0318095329e-01
    1.0975000000e+05    1.2533993216e-01
    1.1000000000e+05    1.0622375528e-01
    1.1025000000e+05    1.2108311935e-01
    1.1050000000e+05    8.9936174730e-02
    1.1075000000e+05    8.8538746002e-02
    1.1100000000e+05    9.4772051116e-02
    1.1125000000e+05    1.0768204813e-01
    1.1150000000e+05    1.1778930046e-01
    1.1175000000e+05    1.1552223735e-01
    1.1200000000e+05    1.2178489906e-01
    1.1225000000e+05    1.0035384607e-01
    1.1250000000e+05    1.1068914298e-01
    1.1275000000e+05    1.0909908376e-01
    1.1300000000e+05    1.2482541695e-01
    1.1325000000e+05    9.4028797747e-02
    1.1350000000e+05    8.7855722258e-02
    1.1375000000e+05    1.0403395647e-01
    1.1400000000e+05    1.0130614847e-01
    1.1425000000e+05    9.6103177516e-02
    1.1450000000e+05    1.0255417108e-01
    1.1475000000e+05    8.6987675130e-02
    1.1500000000e+05    1.1218877673e-01
    1.1525000000e+05    8.0295433571e-02
    1.1550000000e+05    9.9504872664e-02
    1.1575000000e+05    9.4439652031e-02
    1.1600000000e+05    1.0414582476e-01
    1.1625000000e+05    1.4485111928e-01
    1.1650000000e+05    7.6711591942e-02
    1.1675000000e+05    9.2263375376e-02
    1.1700000000e+05    1.1401087789e-01
    1.1725000000e+05    1.1035309010e-01
    1.1750000000e+05    1.0516712974e-01
    1.1775000000e+05    1.1746839469e-01
    1.1800000000e+05    1.3023817073e-01
    1.1825000000e+05    1.2185181051e-01
    1.1850000000e+05    1.5130730690e-01
    1.1875000000e+05    9.4759830620e-02
    1.1900000000e+05    1.3968291579e-01
    1.1925000000e+05    1.0940540747e-01
    1.1950000000e+05    1.2248482499e-01
    1.1975000000e+05    1.1177766281e-01
    1.2000000000e+05    9.8763226712e-02
    1.2025000000e+05    9.5467814803e-02
    1.2050000000e+05    1.2088404821e-01
    1.2075000000e+05    9.3825984325e-02
    1.2100000000e+05    1.1183867697e-01
    1.2125000000e+05    9.9367760007e-02
    1.2150000000e+05    1.1338012014e-01
    1.2175000000e+05    1.0536684759e-01
    1.2200000000e+05    1.1151276970e-01
    1.2225000000e+05    8.8115116378e-02
    1.2250000000e+05    1.1243567480e-01
    1.2275000000e+05    1.5527496942e-01
    1.2300000000e+05    1.2817302893e-01
    1.2325000000e+05    1.1541489956e-01
    1.2350000000e+05    8.5747565622e-02
    1.2375000000e+05    1.1572950493e-01
    1.2400000000e+05    7.9381587634e-02
    1.2425000000e+05    1.0391162400e-01
    1.2450000000e+05    1.1417829690e-01
    1.2475000000e+05    1.4813492164e-01
    1.2500000000e+05    1.0140365614e-01
    1.2525000000e+05    1.0603140073e-01
    1.2550000000e+05    9.6822123006e-02
    1.2575000000e+05    1.2443764359e-01
    1.2600000000e+05    1.3660202244e-01
    1.2625000000e+05    1.0757110630e-01
    1.2650000000e+05    1.2494028053e-01
    1.2675000000e+05    1.0202729267e-01
    1.2700000000e+05    9.7290481419e-02
    1.2725000000e+05    1.3529938132e-01
    1.2750000000e+05    1.0792632887e-01
    1.2775000000e+05    1.0658202253e-01
    1.2800000000e+05    1.1857796782e-01
    1.2825000000e+05    1.2459752494e-01
    1.2850000000e+05    2.4307234903e-01
    1.2875000000e+05    1.3121968238e-01
    1.2900000000e+05    1.0759219698e-01
    1.2925000000e+05    8.9354988974e-02
    1.2950000000e+05    1.0345653317e-01
    1.2975000000e+05    1.1589910424e-01
    1.3000000000e+05    1.5015434543e-01
    1.3025000000e+05    1.4096167595e-01
    1.3050000000e+05    9.6473758902e-02
    1.3075000000e+05    1.4428181709e-01
    1.3100000000e+05    1.2099399005e-01
    1.3125000000e+05    1.1380136531e-01
    1.3150000000e+05    9.4406151492e-02
    1.3175000000e+05    1.0746136268e-01
    1.3200000000e+05    1.2237280550e-01
    1.3225000000e+05    1.1223762451e-01
    1.3250000000e+05    9.6887851314e-02
    1.3275000000e+05    1.0419189672e-01
    1.3300000000e+05    1.1797041531e-01
    1.3325000000e+05    1.4617039395e-01
    1.3350000000e+05    9.6956521213e-02
    1.3375000000e+05    1.2059771178e-01
    1.3400000000e+05    1.0735080591e-01
    1.3425000000e+05    1.3128725399e-01
    1.3450000000e+05    1.0872530767e-01
    1.3475000000e+05    1.2374932572e-01
    1.3500000000e+05    1.2166853463e-01
    1.3525000000e+05    1.1215991178e-01
    1.3550000000e+05    1.0305950975e-01
    1.3575000000e+05    1.1247321539e-01
    1.3600000000e+05    1.0879590514e-01
    1.3625000000e+05    9.7893374421e-02
    1.3650000000e+05    1.2762779694e-01
    1.3675000000e+05    9.7597247477e-02
    1.3700000000e+05    1.0604517253e-01
    1.3725000000e+05    9.3192646033e-02
    1.3750000000e+05    1.3583560256e-01
    1.3775000000e+05    1.2304083808e-01
    1.3800000000e+05    9.9831470309e-02
    1.3825000000e+05    1.1555574130e-01
    1.3850000000e+05    1.0243623665e-01
    1.3875000000e+05    1.0294842200e-01
    1.3900000000e+05    9.6522644101e-02
    1.3925000000e+05    1.0685469342e-01
    1.3950000000e+05    1.1988877361e-01
    1.3975000000e+05    9.8977236325e-02
    1.4000000000e+05    9.2636897473e-02
    1.4025000000e+05    1.0060822212e-01
    1.4050000000e+05    1.1019368466e-01
    1.4075000000e+05    1.2758258097e-01
    1.4100000000e+05    9.6903831571e-02
    1.4125000000e+05    1.2741280766e-01
    1.4150000000e+05    1.0130591124e-01
    1.4175000000e+05    1.2065114536e-01
    1.4200000000e+05    1.1482701448e-01
    1.4225000000e+05    1.0494668801e-01
    1.4250000000e+05    1.0114052486e-01
    1.4275000000e+05    1.2490691343e-01
    1.4300000000e+05    1.1373045464e-01
    1.4325000000e+05    9.9602824000e-02
    1.4350000000e+05    7.9462174110e-02
    1.4375000000e+05    1.0949042032e-01
    1.4400000000e+05    7.9201313388e-02
    1.4425000000e+05    8.5645516955e-02
    1.4450000000e+05    1.0133000132e-01
    1.4475000000e+05    9.5338999559e-02
    1.4500000000e+05    1.1373374690e-01
    1.4525000000e+05    1.1213087285e-01
    1.4550000000e+05    1.0141929805e-01
    1.4575000000e+05    1.8735037715e-01
    1.4600000000e+05    1.0308806083e-01
    1.4625000000e+05    1.0524105361e-01
    1.4650000000e+05    9.7328741228e-02
    1.4675000000e+05    1.1885313955e-01
    1.4700000000e+05    1.0689585626e-01
    1.4725000000e+05    9.5155499540e-02
    1.4750000000e+05    9.7318252166e-02
    1.4775000000e+05    1.1281190580e-01
    1.4800000000e+05    9.2307457581e-02
    1.4825000000e+05    1.1082488746e-01
    1.4850000000e+05    1.2570969258e-01
    1.4875000000e+05    1.0173359435e-01
    1.4900000000e+05    1.2432902532e-01
    1.4925000000e+05    1.3054549587e-01
    1.4950000000e+05    9.6006969761e-02
    1.4975000000e+05    1.1263329430e-01
    1.5000000000e+05    9.5927898716e-02
    1.5025000000e+05    1.0373099441e-01
    1.5050000000e+05    8.9576497745e-02
    1.5075000000e+05    1.2193624399e-01
    1.5100000000e+05    1.0883632073e-01
    1.5125000000e+05    1.1215845116e-01
    1.5150000000e+05    9.6735398867e-02
    1.5175000000e+05    9.4420792012e-02
    1.5200000000e+05    1.2698476067e-01
    1.5225000000e+05    9.3656949462e-02
    1.5250000000e+05    1.0216704876e-01
    1.5275000000e+05    1.1009059028e-01
    1.5300000000e+05    1.5344378238e-01
    1.5325000000e+05    9.3005864279e-02
    1.5350000000e+05    1.2375263776e-01
    1.5375000000e+05    1.0599618355e-01
    1.5400000000e+05    8.8728320767e-02
    1.5425000000e+05    9.3457767723e-02
    1.5450000000e+05    1.0066066663e-01
    1.5475000000e+05    1.2022306375e-01
    1.5500000000e+05    1.2870017602e-01
    1.5525000000e+05    1.0687116817e-01
    1.5550000000e+05    9.8963177483e-02
    1.5575000000e+05    7.5498860879e-02
    1.5600000000e+05    1.1916789320e-01
    1.5625000000e+05    1.0981910545e-01
    1.5650000000e+05    9.5064107122e-02
    1.5675000000e+05    1.1871230106e-01
    1.5700000000e+05    1.0482829823e-01
    1.5725000000e+05    1.0059132544e-01
    1.5750000000e+05    1.0388466055e-01
    1.5775000000e+05    9.4617236466e-02
    1.5800000000e+05    9.7339705000e-02
    1.5825000000e+05    1.0411714742e-01
    1.5850000000e+05    1.0385032885e-01
    1.5875000000e+05    9.6278987838e-02
    1.5900000000e+05    8.6224912091e-02
    1.5925000000e+05    1.0089930384e-01
    1.5950000000e+05    9.9727635939e-02
    1.5975000000e+05    1.0305897152e-01
    1.6000000000e+05    1.7092807571e-01
    1.6025000000e+05    1.2519611111e-01
    1.6050000000e+05    1.1494073344e-01
    1.6075000000e+05    1.2976678050e-01
    1.6100000000e+05    9.2442619741e-02
    1.6125000000e+05    8.6331100661e-02
    1.6150000000e+05    1.0411601445e-01
    1.6175000000e+05    1.1964482859e-01
    1.6200000000e+05    1.1027715358e-01
    1.6225000000e+05    1.3294282265e-01
    1.6250000000e+05    1.0534133829e-01
    1.6275000000e+05    7.9751338698e-02
    1.6300000000e+05    9.7627396509e-02
    1.6325000000e+05    1.2138544394e-01
    1.6350000000e+05    1.1250275111e-01
    1.6375000000e+05    8.2206810702e-02
    1.6400000000e+05    1.1756296452e-01
    1.6425000000e+05    8.4785783725e-02
    1.6450000000e+05    1.1679196656e-01
    1.6475000000e+05    9.8554165985e-02
    1.6500000000e+05    9.2292126836e-02
    1.6525000000e+05    1.3194207812e-01
    1.6550000000e+05    1.1668152182e-01
    1.6575000000e+05    9.7138736010e-02
    1.6600000000e+05    9.2308613939e-02
    1.6625000000e+05    1.0925109297e-01
    1.6650000000e+05    9.7651140431e-02
    1.6675000000e+05    1.0872960004e-01
    1.6700000000e+05    1.0875613264e-01
    1.6725000000e+05    1.3517297201e-01
    1.6750000000e+05    9.5852979942e-02
    1.6775000000e+05    1.0571577962e-01
    1.6800000000e+05    1.0754401601e-01
    1.6825000000e+05    8.0128607433e-02
    1.6850000000e+05    1.0319287267e-01
    1.6875000000e+05    1.1644012801e-01
    1.6900000000e+05    1.1961295965e-01
    1.6925000000e+05    1.1853530035e-01
    1.6950000000e+05    1.0379041825e-01
    1.6975000000e+05    1.1072588772e-01
    1.7000000000e+05    1.2589787180e-01
    1.7025000000e+05    9.2280064003e-02
    1.7050000000e+05    1.0758195110e-01
    1.7075000000e+05    8.4616285058e-02
    1.7100000000e+05    1.3789715402e-01
    1.7125000000e+05    1.0611803582e-01
    1.7150000000e+05    1.3195163939e-01
    1.7175000000e+05    9.4468397997e-02
    1.7200000000e+05    1.5251446531e-01
    1.7225000000e+05    1.1200721975e-01
    1.7250000000e+05    1.0419285392e-01
    1.7275000000e+05    1.2076696281e-01
    1.7300000000e+05    1.1234344104e-01
    1.7325000000e+05    1.0984210173e-01
    1.7350000000e+05    9.3396906176e-02
    1.7375000000e+05    1.0646856001e-01
    1.7400000000e+05    8.7874343914e-02
    1.7425000000e+05    1.0493032093e-01
    1.7450000000e+05    1.0829375935e-01
    1.7475000000e+05    9.2910057452e-02
    1.7500000000e+05    1.0669610944e-01
    1.7525000000e+05    9.9564774503e-02
    1.7550000000e+05    1.3326217033e-01
    1.7575000000e+05    8.9465982638e-02
    1.7600000000e+05    1.3746979475e-01
    1.7625000000e+05    1.3854192693e-01
    1.7650000000e+05    1.3882382062e-01
    1.7675000000e+05    1.0527941502e-01
    1.7700000000e+05    1.1108556694e-01
    1.7725000000e+05    1.0805126604e-01
    1.7750000000e+05    1.2500569049e-01
    1.7775000000e+05    1.4983418462e-01
    1.7800000000e+05    8.7553710769e-02
    1.7825000000e+05    8.7158294209e-02
    1.7850000000e+05    9.8257649211e-02
    1.7875000000e+05    1.1192259324e-01
    1.7900000000e+05    1.4444363922e-01
    1.7925000000e+05    9.6898696133e-02
    1.7950000000e+05    1.4749719985e-01
    1.7975000000e+05    8.8871967227e-02
    1.8000000000e+05    7.6514700093e-02
    1.8025000000e+05    1.2066414704e-01
    1.8050000000e+05    1.1335643429e-01
    1.8075000000e+05    1.0786611030e-01
    1.8100000000e+05    7.5556719678e-02
    1.8125000000e+05    1.0356287115e-01
    1.8150000000e+05    1.0849412074e-01
    1.8175000000e+05    1.1611245237e-01
    1.8200000000e+05    1.0148801020e-01
    1.8225000000e+05    1.2259595218e-01
    1.8250000000e+05    9.6675025515e-02
    1.8275000000e+05    1.0349639093e-01
    1.8300000000e+05    1.2162626254e-01
    1.8325000000e+05    1.1772270882e-01
    1.8350000000e+05    1.5186874980e-01
    1.8375000000e+05    1.3198915726e-01
    1.8400000000e+05    1.2486584302e-01
    1.8425000000e+05    1.1492152558e-01
    1.8450000000e+05    9.6075074055e-02
    1.8475000000e+05    1.0908756247e-01
    1.8500000000e+05    1.2887149233e-01
    1.8525000000e+05    1.1585251858e-01
    1.8550000000e+05    1.3813396448e-01
    1.8575000000e+05    1.1004613309e-01
    1.8600000000e+05    1.1634302709e-01
    1.8625000000e+05    1.1469066725e-01
    1.8650000000e+05    1.2958186413e-01
    1.8675000000e+05    9.5282715330e-02
    1.8700000000e+05    1.3610009431e-01
    1.8725000000e+05    1.0714023360e-01
    1.8750000000e+05    9.9303245276e-02
    1.8775000000e+05    1.3512760328e-01
    1.8800000000e+05    1.0216700031e-01
    1.8825000000e+05    1.0393196948e-01
    1.8850000000e+05    1.3149205665e-01
    1.8875000000e+05    1.0308361321e-01
    1.8900000000e+05    1.2926269275e-01
    1.8925000000e+05    1.1194965337e-01
    1.8950000000e+05    1.5788546470e-01
    1.8975000000e+05    1.0808056555e-01
    1.9000000000e+05    1.1685815072e-01
    1.9025000000e+05    1.0728232237e-01
    1.9050000000e+05    1.2761599465e-01
    1.9075000000e+05    9.8591620145e-02
    1.9100000000e+05    9.1216150374e-02
    1.9125000000e+05    1.0096787799e-01
    1.9150000000e+05    1.3163977248e-01
    1.9175000000e+05    1.0026659390e-01
    1.9200000000e+05    9.5743490182e-02
    1.9225000000e+05    1.1291847195e-01
    1.9250000000e+05    1.2384914982e-01
    1.9275000000e+05    9.5197114291e-02
    1.9300000000e+05    1.4762564135e-01
    1.9325000000e+05    1.0303976908e-01
    1.9350000000e+05    1.1313076192e-01
    1.9375000000e+05    1.1101871413e-01
    1.9400000000e+05    1.1443344616e-01
    1.9425000000e+05    1.1173541340e-01
    1.9450000000e+05    1.4450509366e-01
    1.9475000000e+05    9.4814394031e-02
    1.9500000000e+05    1.2506967116e-01
    1.9525000000e+05    1.2216547790e-01
    1.9550000000e+05    1.0589232020e-01
    1.9575000000e+05    1.4210722947e-01
    1.9600000000e+05    8.2017798589e-02
    1.9625000000e+05    8.3281899090e-02
    1.9650000000e+05    9.9829404134e-02
    1.9675000000e+05    1.2231038279e-01
    1.9700000000e+05    1.2707207157e-01
    1.9725000000e+05    1.2146672574e-01
    1.9750000000e+05    8.9457626698e-02
    1.9775000000e+05    8.0203800779e-02
    1.9800000000e+05    8.6405110019e-02
    1.9825000000e+05    9.5324054872e-02
    1.9850000000e+05    1.2226835170e-01
    1.9875000000e+05    1.0983388963e-01
    1.9900000000e+05    1.6457798811e-01
    1.9925000000e+05    1.3362530557e-01
    1.9950000000e+05    1.6083910587e-01
    1.9975000000e+05    1.0547550244e-01
    2.0000000000e+05    1.2283413050e-01
    2.0025000000e+05    1.0868789543e-01
    2.0050000000e+05    1.0392853391e-01
    2.0075000000e+05    1.0710464417e-01
    2.0100000000e+05    1.0718659479e-01
    2.0125000000e+05    9.2422064041e-02
    2.0150000000e+05    1.1504776095e-01
    2.0175000000e+05    1.1406776578e-01
    2.0200000000e+05    1.1487767509e-01
    2.0225000000e+05    1.0599500045e-01
    2.0250000000e+05    9.3407322872e-02
    2.0275000000e+05    1.3217093976e-01
    2.0300000000e+05    9.1568606225e-02
    2.0325000000e+05    9.8062765626e-02
    2.0350000000e+05    1.2911045156e-01
    2.0375000000e+05    9.2198864151e-02
    2.0400000000e+05    1.3404655754e-01
    2.0425000000e+05    9.9927931725e-02
    2.0450000000e+05    1.1557119316e-01
    2.0475000000e+05    1.7136492147e-01
    2.0500000000e+05    1.0761433266e-01
    2.0525000000e+05    1.3922112972e-01
    2.0550000000e+05    1.3615579375e-01
    2.0575000000e+05    1.2964804968e-01
    2.0600000000e+05    8.9429194556e-02
    2.0625000000e+05    1.0295600507e-01
    2.0650000000e+05    1.0345575759e-01
    2.0675000000e+05    1.3088914151e-01
    2.0700000000e+05    1.2350478743e-01
    2.0725000000e+05    8.8341626324e-02
    2.0750000000e+05    9.7901669251e-02
    2.0775000000e+05    1.0303401454e-01
    2.0800000000e+05    9.6270828406e-02
    2.0825000000e+05    1.0102207979e-01
    2.0850000000e+05    1.0760218661e-01
    2.0875000000e+05    1.3569903299e-01
    2.0900000000e+05    9.0597080414e-02
    2.0925000000e+05    1.1159961515e-01
    2.0950000000e+05    1.1533099525e-01
    2.0975000000e+05    1.0108650322e-01
    2.1000000000e+05    1.0515875028e-01
    2.1025000000e+05    8.9572028286e-02
    2.1050000000e+05    1.6005594954e-01
    2.1075000000e+05    1.1286176720e-01
    2.1100000000e+05    1.0575415618e-01
    2.1125000000e+05    1.0902209082e-01
    2.1150000000e+05    1.3296786734e-01
    2.1175000000e+05    1.0688020239e-01
    2.1200000000e+05    1.1692299417e-01
    2.1225000000e+05    1.0286431503e-01
    2.1250000000e+05    1.1830605629e-01
    2.1275000000e+05    1.0055430131e-01
    2.1300000000e+05    1.3305642104e-01
    2.1325000000e+05    1.1452276867e-01
    2.1350000000e+05    9.7740222451e-02
    2.1375000000e+05    1.2072449618e-01
    2.1400000000e+05    9.6997178656e-02
    2.1425000000e+05    1.3254985330e-01
    2.1450000000e+05    1.0775946920e-01
    2.1475000000e+05    1.0302685629e-01
    2.1500000000e+05    8.5909809881e-02
    2.1525000000e+05    8.6098314034e-02
    2.1550000000e+05    8.8403810635e-02
    2.1575000000e+05    1.1214760791e-01
    2.1600000000e+05    9.2481860585e-02
    2.1625000000e+05    9.0935790211e-02
    2.1650000000e+05    9.4680866992e-02
    2.1675000000e+05    1.0615784894e-01
    2.1700000000e+05    1.1820448054e-01
    2.1725000000e+05    1.0153577513e-01
    2.1750000000e+05    1.3020769939e-01
    2.1775000000e+05    1.0532455167e-01
    2.1800000000e+05    7.9694277002e-02
    2.1825000000e+05    1.0983136878e-01
    2.1850000000e+05    8.1066950212e-02
    2.1875000000e+05    1.0830936124e-01
    2.1900000000e+05    1.3264835877e-01
    2.1925000000e+05    1.0127842097e-01
    2.1950000000e+05    1.1747369353e-01
    2.1975000000e+05    1.0423618653e-01
    2.2000000000e+05    1.3755407283e-01
    2.2025000000e+05    1.2634522815e-01
    2.2050000000e+05    1.1583331609e-01
    2.2075000000e+05    1.2329911308e-01
    2.2100000000e+05    1.1715105408e-01
    2.2125000000e+05    9.7954856476e-02
    2.2150000000e+05    1.2013851675e-01
    2.2175000000e+05    9.5642863668e-02
    2.2200000000e+05    8.9900193226e-02
    2.2225000000e+05    1.1050913425e-01
    2.2250000000e+05    8.9546734709e-02
    2.2275000000e+05    7.7209517089e-02
    2.2300000000e+05    8.3939947721e-02
    2.2325000000e+05    1.2699587128e-01
    2.2350000000e+05    1.0973371998e-01
    2.2375000000e+05    1.0323284984e-01
    2.2400000000e+05    1.1870023137e-01
    2.2425000000e+05    1.1422585119e-01
    2.2450000000e+05    9.1343030753e-02
    2.2475000000e+05    1.1067974399e-01
    2.2500000000e+05    8.0144494332e-02
    2.2525000000e+05    9.1959335114e-02
    2.2550000000e+05    8.5980617442e-02
    2.2575000000e+05    1.0867463347e-01
    2.2600000000e+05    1.1505328195e-01
    2.2625000000e+05    1.3483415984e-01
    2.2650000000e+05    1.3053941169e-01
    2.2675000000e+05    1.2278983902e-01
    2.2700000000e+05    1.0216299802e-01
    2.2725000000e+05    1.2240413010e-01
    2.2750000000e+05    9.7941292234e-02
    2.2775000000e+05    9.3945548090e-02
    2.2800000000e+05    1.1098968500e-01
    2.2825000000e+05    1.1541348364e-01
    2.2850000000e+05    1.1921408724e-01
    2.2875000000e+05    8.6964584733e-02
    2.2900000000e+05    1.0952705760e-01
    2.2925000000e+05    1.4908881926e-01
    2.2950000000e+05    9.1943841510e-02
    2.2975000000e+05    8.8223326274e-02
    2.3000000000e+05    1.3409870720e-01
    2.3025000000e+05    1.0997406189e-01
    2.3050000000e+05    9.1690076876e-02
    2.3075000000e+05    9.8908435424e-02
    2.3100000000e+05    1.1653513576e-01
    2.3125000000e+05    1.2053399292e-01
    2.3150000000e+05    1.3075752313e-01
    2.3175000000e+05    1.0824117542e-01
    2.3200000000e+05    1.0492988432e-01
    2.3225000000e+05    1.0101345004e-01
    2.3250000000e+05    1.0849142745e-01
    2.3275000000e+05    1.0273767733e-01
    2.3300000000e+05    1.0290596198e-01
    2.3325000000e+05    1.0923312702e-01
    2.3350000000e+05    1.0593924219e-01
    2.3375000000e+05    9.7314187727e-02
    2.3400000000e+05    9.6121495585e-02
    2.3425000000e+05    1.7650967700e-01
    2.3450000000e+05    1.5385691924e-01
    2.3475000000e+05    1.1597360574e-01
    2.3500000000e+05    1.1623449157e-01
    2.3525000000e+05    1.1493902802e-01
    2.3550000000e+05    1.0770157211e-01
    2.3575000000e+05    1.1325314110e-01
    2.3600000000e+05    1.0965496509e-01
    2.3625000000e+05    9.6594683453e-02
    2.3650000000e+05    1.3177095153e-01
    2.3675000000e+05    1.1398281936e-01
    2.3700000000e+05    1.9547628153e-01
    2.3725000000e+05    1.0759135520e-01
    2.3750000000e+05    8.2336196048e-02
    2.3775000000e+05    1.2034175608e-01
    2.3800000000e+05    9.8506477534e-02
    2.3825000000e+05    1.2138017125e-01
    2.3850000000e+05    1.0059885171e-01
    2.3875000000e+05    1.4057339505e-01
    2.3900000000e+05    1.1127058002e-01
    2.3925000000e+05    1.5867637584e-01
    2.3950000000e+05    8.5635767678e-02
    2.3975000000e+05    1.1724639998e-01
    2.4000000000e+05    1.0742701984e-01
    2.4025000000e+05    1.1600786397e-01
    2.4050000000e+05    1.4390387529e-01
    2.4075000000e+05    1.2166937644e-01
    2.4100000000e+05    9.6957400034e-02
    2.4125000000e+05    1.2446130422e-01
    2.4150000000e+05    1.0975078304e-01
    2.4175000000e+05    1.0599018695e-01
    2.4200000000e+05    1.6617381499e-01
    2.4225000000e+05    1.2212056602e-01
    2.4250000000e+05    1.1819511769e-01
    2.4275000000e+05    1.0207906013e-01
    2.4300000000e+05    1.4775691131e-01
    2.4325000000e+05    1.1078218313e-01
    2.4350000000e+05    8.9420128286e-02
    2.4375000000e+05    1.5358769541e-01
    2.4400000000e+05    1.0069293084e-01
    2.4425000000e+05    2.0634032685e-01
    2.4450000000e+05    8.8501292509e-02
    2.4475000000e+05    1.3582057010e-01
    2.4500000000e+05    9.5510762126e-02
    2.4525000000e+05    1.7698336002e-01
    2.4550000000e+05    1.5280971468e-01
    2.4575000000e+05    1.1327933676e-01
    2.4600000000e+05    1.2424666840e-01
    2.4625000000e+05    1.4447299715e-01
    2.4650000000e+05    9.1073110059e-02
    2.4675000000e+05    1.1126841495e-01
    2.4700000000e+05    1.2249874411e-01
    2.4725000000e+05    1.2453390902e-01
    2.4750000000e+05    1.0600850219e-01
    2.4775000000e+05    1.2900324853e-01
    2.4800000000e+05    9.0940993205e-02
    2.4825000000e+05    1.0194178649e-01
    2.4850000000e+05    1.1903687107e-01
    2.4875000000e+05    1.1894903296e-01
    2.4900000000e+05    1.1237202258e-01
    2.4925000000e+05    1.4172217153e-01
    2.4950000000e+05    8.7751641627e-02
    2.4975000000e+05    9.8689974955e-02
    2.5000000000e+05    1.1174032420e-01
    2.5025000000e+05    9.1425741055e-02
    2.5050000000e+05    1.2817013455e-01
    2.5075000000e+05    1.0631649949e-01
    2.5100000000e+05    1.0058532887e-01
    2.5125000000e+05    1.3592039445e-01
    2.5150000000e+05    1.0748801525e-01
    2.5175000000e+05    1.0666717133e-01
    2.5200000000e+05    1.1003021584e-01
    2.5225000000e+05    1.3456085929e-01
    2.5250000000e+05    9.7634068575e-02
    2.5275000000e+05    8.8882202938e-02
    2.5300000000e+05    1.2369759009e-01
    2.5325000000e+05    8.6291030436e-02
    2.5350000000e+05    7.5523186567e-02
    2.5375000000e+05    1.1243342064e-01
    2.5400000000e+05    1.0578857952e-01
    2.5425000000e+05    1.0419096212e-01
    2.5450000000e+05    1.0646677833e-01
    2.5475000000e+05    1.0069293607e-01
    2.5500000000e+05    1.1710844763e-01
    2.5525000000e+05    9.1785229903e-02
    2.5550000000e+05    1.1506975301e-01
    2.5575000000e+05    1.0364057745e-01
    2.5600000000e+05    1.0204172358e-01
    2.5625000000e+05    1.2059397046e-01
    2.5650000000e+05    1.1006743270e-01
    2.5675000000e+05    1.1092054696e-01
    2.5700000000e+05    1.1806122897e-01
    2.5725000000e+05    9.3190440281e-02
    2.5750000000e+05    1.0479786210e-01
    2.5775000000e+05    1.5151170101e-01
    2.5800000000e+05    1.0389492551e-01
    2.5825000000e+05    9.0550753410e-02
    2.5850000000e+05    9.1854700907e-02
    2.5875000000e+05    1.2933974265e-01
    2.5900000000e+05    1.0312198577e-01
    2.5925000000e+05    9.5709542380e-02
    2.5950000000e+05    1.0242032823e-01
    2.5975000000e+05    9.5733192171e-02
    2.6000000000e+05    9.6962020009e-02
    2.6025000000e+05    1.0436386018e-01
    2.6050000000e+05    1.0117750984e-01
    2.6075000000e+05    1.1776548629e-01
    2.6100000000e+05    9.3103811696e-02
    2.6125000000e+05    8.6574526004e-02
    2.6150000000e+05    9.1715302805e-02
    2.6175000000e+05    1.0553250420e-01
    2.6200000000e+05    1.1461423927e-01
    2.6225000000e+05    8.6703123385e-02
    2.6250000000e+05    1.0258326183e-01
    2.6275000000e+05    1.3426783329e-01
    2.6300000000e+05    1.2494893496e-01
    2.6325000000e+05    1.0662510607e-01
    2.6350000000e+05    1.0291548456e-01
    2.6375000000e+05    1.3348334564e-01
    2.6400000000e+05    1.2790154487e-01
    2.6425000000e+05    1.1642575756e-01
    2.6450000000e+05    1.2944775343e-01
    2.6475000000e+05    9.8623846778e-02
    2.6500000000e+05    1.0994071645e-01
    2.6525000000e+05    9.1193864305e-02
    2.6550000000e+05    1.8315789431e-01
    2.6575000000e+05    9.4513303948e-02
    2.6600000000e+05    1.2410997492e-01
    2.6625000000e+05    1.1920035172e-01
    2.6650000000e+05    1.3088284885e-01
    2.6675000000e+05    1.4250727991e-01
    2.6700000000e+05    1.4682446318e-01
    2.6725000000e+05    1.1271167948e-01
    2.6750000000e+05    8.4511485144e-02
    2.6775000000e+05    9.7712074057e-02
    2.6800000000e+05    1.0178631846e-01
    2.6825000000e+05    1.1706394808e-01
    2.6850000000e+05    1.0967139631e-01
    2.6875000000e+05    9.1840790634e-02
    2.6900000000e+05    9.4054166791e-02
    2.6925000000e+05    9.3187277013e-02
    2.6950000000e+05    1.1036026848e-01
    2.6975000000e+05    9.6355489863e-02
    2.7000000000e+05    1.6533591546e-01
    2.7025000000e+05    1.1119816321e-01
    2.7050000000e+05    1.2113416968e-01
    2.7075000000e+05    1.3900236987e-01
    2.7100000000e+05    1.1983787426e-01
    2.7125000000e+05    9.5870484724e-02
    2.7150000000e+05    1.2336278167e-01
    2.7175000000e+05    1.0617344903e-01
    2.7200000000e+05    1.2128674301e-01
    2.7225000000e+05    1.0001187193e-01
    2.7250000000e+05    1.1418517075e-01
    2.7275000000e+05    8.4075614833e-02
    2.7300000000e+05    1.3345650566e-01
    2.7325000000e+05    1.1225641425e-01
    2.7350000000e+05    1.1083110106e-01
    2.7375000000e+05    1.1466622251e-01
    2.7400000000e+05    1.4637236849e-01
    2.7425000000e+05    7.9050675050e-02
    2.7450000000e+05    1.0726849429e-01
    2.7475000000e+05    1.0746705226e-01
    2.7500000000e+05    1.1024535351e-01
    2.7525000000e+05    1.4476623497e-01
    2.7550000000e+05    1.0659128313e-01
    2.7575000000e+05    9.8832383017e-02
    2.7600000000e+05    1.2599155903e-01
    2.7625000000e+05    1.1749252232e-01
    2.7650000000e+05    1.4957386281e-01
    2.7675000000e+05    1.0680316098e-01
    2.7700000000e+05    1.2500694460e-01
    2.7725000000e+05    1.2033614358e-01
    2.7750000000e+05    1.1787337823e-01
    2.7775000000e+05    1.0772423153e-01
    2.7800000000e+05    1.7677102836e-01
    2.7825000000e+05    1.1365749206e-01
    2.7850000000e+05    1.0793351610e-01
    2.7875000000e+05    1.8529179860e-01
    2.7900000000e+05    1.2508431535e-01
    2.7925000000e+05    1.1115752268e-01
    2.7950000000e+05    1.1536455729e-01
    2.7975000000e+05    1.5581874348e-01
    2.8000000000e+05    1.0633454337e-01
    2.8025000000e+05    7.7032882049e-02
    2.8050000000e+05    1.0597460712e-01
    2.8075000000e+05    1.0743381275e-01
    2.8100000000e+05    8.0330459661e-02
    2.8125000000e+05    9.0746502856e-02
    2.8150000000e+05    1.0443555911e-01
    2.8175000000e+05    1.6646530906e-01
    2.8200000000e+05    1.0153257098e-01
    2.8225000000e+05    1.2873698448e-01
    2.8250000000e+05    1.1894041092e-01
    2.8275000000e+05    9.5021032832e-02
    2.8300000000e+05    1.0220975525e-01
    2.8325000000e+05    1.1414580497e-01
    2.8350000000e+05    9.0443343064e-02
    2.8375000000e+05    8.5007094025e-02
    2.8400000000e+05    9.9695604803e-02
    2.8425000000e+05    1.0687499005e-01
    2.8450000000e+05    1.1203089551e-01
    2.8475000000e+05    1.0260706626e-01
    2.8500000000e+05    9.1886020506e-02
    2.8525000000e+05    8.3762248006e-02
    2.8550000000e+05    9.0628687468e-02
    2.8575000000e+05    1.2134409114e-01
    2.8600000000e+05    1.2034223346e-01
    2.8625000000e+05    1.0545796128e-01
    2.8650000000e+05    1.1470149876e-01
    2.8675000000e+05    1.6569134766e-01
    2.8700000000e+05    1.0085836399e-01
    2.8725000000e+05    1.3749793017e-01
    2.8750000000e+05    9.5850914292e-02
    2.8775000000e+05    1.2108475236e-01
    2.8800000000e+05    1.2320197159e-01
    2.8825000000e+05    1.1778841517e-01
    2.8850000000e+05    1.0342260117e-01
    2.8875000000e+05    1.0038920991e-01
    2.8900000000e+05    8.7496868188e-02
    2.8925000000e+05    8.2149055751e-02
    2.8950000000e+05    1.0189616785e-01
    2.8975000000e+05    1.0278807428e-01
    2.9000000000e+05    1.0906196480e-01
    2.9025000000e+05    1.2729372426e-01
    2.9050000000e+05    1.0855506269e-01
    2.9075000000e+05    1.0056164375e-01
    2.9100000000e+05    9.9536893981e-02
    2.9125000000e+05    1.0447336266e-01
    2.9150000000e+05    1.2229007525e-01
    2.9175000000e+05    9.4105318761e-02
    2.9200000000e+05    1.2747324589e-01
    2.9225000000e+05    1.0962358468e-01
    2.9250000000e+05    1.2508037173e-01
    2.9275000000e+05    9.4663702120e-02
    2.9300000000e+05    1.0498343487e-01
    2.9325000000e+05    1.3495420279e-01
    2.9350000000e+05    9.1469557840e-02
    2.9375000000e+05    1.0566206693e-01
    2.9400000000e+05    1.5472179066e-01
    2.9425000000e+05    1.3466661914e-01
    2.9450000000e+05    1.1367456986e-01
    2.9475000000e+05    9.4545127397e-02
    2.9500000000e+05    9.2836398236e-02
    2.9525000000e+05    1.0919658311e-01
    2.9550000000e+05    1.3934781016e-01
    2.9575000000e+05    1.1891868015e-01
    2.9600000000e+05    1.1421076981e-01
    2.9625000000e+05    1.1073596446e-01
    2.9650000000e+05    9.2334122191e-02
    2.9675000000e+05    1.3039076584e-01
    2.9700000000e+05    1.1575092910e-01
    2.9725000000e+05    1.3518692689e-01
    2.9750000000e+05    1.0243610739e-01
    2.9775000000e+05    1.0091261438e-01
    2.9800000000e+05    1.1349178037e-01
    2.9825000000e+05    1.2877387313e-01
    2.9850000000e+05    1.2357877816e-01
    2.9875000000e+05    8.4722621971e-02
    2.9900000000e+05    8.6754447209e-02
    2.9925000000e+05    1.1979006302e-01
    2.9950000000e+05    8.9546242930e-02
    2.9975000000e+05    1.0759643757e-01
    3.0000000000e+05    9.6797481012e-02
    3.0025000000e+05    1.0701291313e-01
    3.0050000000e+05    1.2104822576e-01
    3.0075000000e+05    9.3674832807e-02
    3.0100000000e+05    8.9542036663e-02
    3.0125000000e+05    1.0232568564e-01
    3.0150000000e+05    1.2991325897e-01
    3.0175000000e+05    1.1152749626e-01
    3.0200000000e+05    8.8794724658e-02
    3.0225000000e+05    8.1399199913e-02
    3.0250000000e+05    9.6284915709e-02
    3.0275000000e+05    8.8624311822e-02
    3.0300000000e+05    1.1107279854e-01
    3.0325000000e+05    9.8143402241e-02
    3.0350000000e+05    1.0013037200e-01
    3.0375000000e+05    1.1620346780e-01
    3.0400000000e+05    1.0519539642e-01
    3.0425000000e+05    1.0365086751e-01
    3.0450000000e+05    1.0650771295e-01
    3.0475000000e+05    1.0601966879e-01
    3.0500000000e+05    1.1130746272e-01
    3.0525000000e+05    8.3687479406e-02
    3.0550000000e+05    1.0660162744e-01
    3.0575000000e+05    9.3742138717e-02
    3.0600000000e+05    1.2012155457e-01
    3.0625000000e+05    1.0784565556e-01
    3.0650000000e+05    1.4422902201e-01
    3.0675000000e+05    1.0661622034e-01
    3.0700000000e+05    1.1494796272e-01
    3.0725000000e+05    1.1249629890e-01
    3.0750000000e+05    1.0117782257e-01
    3.0775000000e+05    1.2156177862e-01
    3.0800000000e+05    1.2251230415e-01
    3.0825000000e+05    1.4039089244e-01
    3.0850000000e+05    1.0707255786e-01
    3.0875000000e+05    9.7837964140e-02
    3.0900000000e+05    1.0819168346e-01
    3.0925000000e+05    9.3173446545e-02
    3.0950000000e+05    1.1639435401e-01
    3.0975000000e+05    1.0742828227e-01
    3.1000000000e+05    1.0651238888e-01
    3.1025000000e+05    1.0330977377e-01
    3.1050000000e+05    8.7116106616e-02
    3.1075000000e+05    1.1361380401e-01
    3.1100000000e+05    9.8986351945e-02
    3.1125000000e+05    1.2006094842e-01
    3.1150000000e+05    1.0950885945e-01
    3.1175000000e+05    9.7142193921e-02
    3.1200000000e+05    1.0830803027e-01
    3.1225000000e+05    1.1485305598e-01
    3.1250000000e+05    1.2556959905e-01
    3.1275000000e+05    1.2547601212e-01
    3.1300000000e+05    1.0313430625e-01
    3.1325000000e+05    1.3125677316e-01
    3.1350000000e+05    1.2496338237e-01
    3.1375000000e+05    1.1894774254e-01
    3.1400000000e+05    9.4564490619e-02
    3.1425000000e+05    9.9428657842e-02
    3.1450000000e+05    1.2352800068e-01
    3.1475000000e+05    1.0007479750e-01
    3.1500000000e+05    9.0494611030e-02
    3.1525000000e+05    1.0251074627e-01
    3.1550000000e+05    1.1281240447e-01
    3.1575000000e+05    9.7869481655e-02
    3.1600000000e+05    1.0413626734e-01
    3.1625000000e+05    1.2173281068e-01
    3.1650000000e+05    1.0217054052e-01
    3.1675000000e+05    1.1952440975e-01
    3.1700000000e+05    1.5226735029e-01
    3.1725000000e+05    1.1448799438e-01
    3.1750000000e+05    9.9939200798e-02
    3.1775000000e+05    9.7928140804e-02
    3.1800000000e+05    1.1497163248e-01
    3.1825000000e+05    1.3603561453e-01
    3.1850000000e+05    1.2149090917e-01
    3.1875000000e+05    1.3503769511e-01
    3.1900000000e+05    1.0058828432e-01
    3.1925000000e+05    1.3187271893e-01
    3.1950000000e+05    1.0796886563e-01
    3.1975000000e+05    9.1240298755e-02
    3.2000000000e+05    7.5136271072e-02
    3.2025000000e+05    8.8853458866e-02
    3.2050000000e+05    1.3607876738e-01
    3.2075000000e+05    1.0960261410e-01
    3.2100000000e+05    1.2293302743e-01
    3.2125000000e+05    1.3442830815e-01
    3.2150000000e+05    8.7233384388e-02
    3.2175000000e+05    1.0770527995e-01
    3.2200000000e+05    1.1745738985e-01
    3.2225000000e+05    1.0640437036e-01
    3.2250000000e+05    1.0646892761e-01
    3.2275000000e+05    1.5030324591e-01
    3.2300000000e+05    1.1882385457e-01
    3.2325000000e+05    1.0059697048e-01
    3.2350000000e+05    1.1339301887e-01
    3.2375000000e+05    1.0401316967e-01
    3.2400000000e+05    1.2757801234e-01
    3.2425000000e+05    1.0178492118e-01
    3.2450000000e+05    8.8833830930e-02
    3.2475000000e+05    1.0925705281e-01
    3.2500000000e+05    1.2125375073e-01
    3.2525000000e+05    9.6235178992e-02
    3.2550000000e+05    1.2570755268e-01
    3.2575000000e+05    1.4771252467e-01
    3.2600000000e+05    1.0445080363e-01
    3.2625000000e+05    1.1791372228e-01
    3.2650000000e+05    9.6607250863e-02
    3.2675000000e+05    1.2055055001e-01
    3.2700000000e+05    1.1876904369e-01
    3.2725000000e+05    9.7654500078e-02
    3.2750000000e+05    1.1837941832e-01
    3.2775000000e+05    1.1070613573e-01
    3.2800000000e+05    1.0992032050e-01
    3.2825000000e+05    1.5535986769e-01
    3.2850000000e+05    1.2584195708e-01
    3.2875000000e+05    1.0936940924e-01
    3.2900000000e+05    1.1030419189e-01
    3.2925000000e+05    1.1190603985e-01
    3.2950000000e+05    1.0802075213e-01
    3.2975000000e+05    1.0672109031e-01
    3.3000000000e+05    1.1490712948e-01
    3.3025000000e+05    7.7046356190e-02
    3.3050000000e+05    8.6833141302e-02
    3.3075000000e+05    9.5169085125e-02
    3.3100000000e+05    9.6372705598e-02
    3.3125000000e+05    1.1445746235e-01
    3.3150000000e+05    1.2370711734e-01
    3.3175000000e+05    9.2026862071e-02
    3.3200000000e+05    9.7913662823e-02
    3.3225000000e+05    1.0057777635e-01
    3.3250000000e+05    1.5196331177e-01
    3.3275000000e+05    1.0189201417e-01
    3.3300000000e+05    1.0061834228e-01
    3.3325000000e+05    8.6123396855e-02
    3.3350000000e+05    1.1965447690e-01
    3.3375000000e+05    8.2683159505e-02
    3.3400000000e+05    8.0499469593e-02
    3.3425000000e+05    1.0519084141e-01
    3.3450000000e+05    1.1124169274e-01
    3.3475000000e+05    7.4754659168e-02
    3.3500000000e+05    1.1741347004e-01
    3.3525000000e+05    1.0992050994e-01
    3.3550000000e+05    1.4775527744e-01
    3.3575000000e+05    1.4721949055e-01
    3.3600000000e+05    1.0956360591e-01
    3.3625000000e+05    8.4079218620e-02
    3.3650000000e+05    1.0558303307e-01
    3.3675000000e+05    1.4051464414e-01
    3.3700000000e+05    9.4175537480e-02
    3.3725000000e+05    1.0243993623e-01
    3.3750000000e+05    9.2483134064e-02
    3.3775000000e+05    8.6337546134e-02
    3.3800000000e+05    1.0215254831e-01
    3.3825000000e+05    1.0189263755e-01
    3.3850000000e+05    1.3446325739e-01
    3.3875000000e+05    1.1351493517e-01
    3.3900000000e+05    1.0050979848e-01
    3.3925000000e+05    1.2638705308e-01
    3.3950000000e+05    1.1858704330e-01
    3.3975000000e+05    1.1650913326e-01
    3.4000000000e+05    1.0741249609e-01
    3.4025000000e+05    1.0488161873e-01
    3.4050000000e+05    1.4244105212e-01
    3.4075000000e+05    1.0081398667e-01
    3.4100000000e+05    7.9273540933e-02
    3.4125000000e+05    9.8990123858e-02
    3.4150000000e+05    1.1923182404e-01
    3.4175000000e+05    9.8520192424e-02
    3.4200000000e+05    9.7779507594e-02
    3.4225000000e+05    1.1738254981e-01
    3.4250000000e+05    1.2593145067e-01
    3.4275000000e+05    9.8170716207e-02
    3.4300000000e+05    1.0254218460e-01
    3.4325000000e+05    1.1253628408e-01
    3.4350000000e+05    8.4319139934e-02
    3.4375000000e+05    1.0395132872e-01
    3.4400000000e+05    1.0434313978e-01
    3.4425000000e+05    1.1886818514e-01
    3.4450000000e+05    1.7293056286e-01
    3.4475000000e+05    8.5591656307e-02
    3.4500000000e+05    1.0446076509e-01
    3.4525000000e+05    1.1468216217e-01
    3.4550000000e+05    1.1469979175e-01
    3.4575000000e+05    9.7192798320e-02
    3.4600000000e+05    7.4000788716e-02
    3.4625000000e+05    1.0781635437e-01
    3.4650000000e+05    9.1142093212e-02
    3.4675000000e+05    1.3023036933e-01
    3.4700000000e+05    1.1740001529e-01
    3.4725000000e+05    1.1005766596e-01
    3.4750000000e+05    9.4570298381e-02
    3.4775000000e+05    9.3674219958e-02
    3.4800000000e+05    1.7050183774e-01
    3.4825000000e+05    1.0511023894e-01
    3.4850000000e+05    1.0389553801e-01
    3.4875000000e+05    1.0570907442e-01
    3.4900000000e+05    8.3114076427e-02
    3.4925000000e+05    9.5554919084e-02
    3.4950000000e+05    1.1639466978e-01
    3.4975000000e+05    1.0496400867e-01
    3.5000000000e+05    9.5472553888e-02
    3.5025000000e+05    8.1176156377e-02
    3.5050000000e+05    1.1206591636e-01
    3.5075000000e+05    1.4522836387e-01
    3.5100000000e+05    1.1459917064e-01
    3.5125000000e+05    1.1678331483e-01
    3.5150000000e+05    9.1644421889e-02
    3.5175000000e+05    1.0213058428e-01
    3.5200000000e+05    1.4880940867e-01
    3.5225000000e+05    1.2216069288e-01
    3.5250000000e+05    1.2818823646e-01
    3.5275000000e+05    9.3782921130e-02
    3.5300000000e+05    1.3271342937e-01
    3.5325000000e+05    1.1732301243e-01
    3.5350000000e+05    1.0475783548e-01
    3.5375000000e+05    1.1092596153e-01
    3.5400000000e+05    1.1179916967e-01
    3.5425000000e+05    1.0970858730e-01
    3.5450000000e+05    1.2181449309e-01
    3.5475000000e+05    9.4135591681e-02
    3.5500000000e+05    9.4206458000e-02
    3.5525000000e+05    1.1065607933e-01
    3.5550000000e+05    1.1444371285e-01
    3.5575000000e+05    9.4441095490e-02
    3.5600000000e+05    1.0140785192e-01
    3.5625000000e+05    1.1378586066e-01
    3.5650000000e+05    9.6100746200e-02
    3.5675000000e+05    1.0777189742e-01
    3.5700000000e+05    8.6889492320e-02
    3.5725000000e+05    8.7726216976e-02
    3.5750000000e+05    1.2494128389e-01
    3.5775000000e+05    1.1226558297e-01
    3.5800000000e+05    1.0044252827e-01
    3.5825000000e+05    9.0482558365e-02
    3.5850000000e+05    9.3409021540e-02
    3.5875000000e+05    1.1710847139e-01
    3.5900000000e+05    9.5129378704e-02
    3.5925000000e+05    1.4266933245e-01
    3.5950000000e+05    8.6424440502e-02
    3.5975000000e+05    1.1173182709e-01
    3.6000000000e+05    9.5919482499e-02
    3.6025000000e+05    9.4483218569e-02
    3.6050000000e+05    9.2404922264e-02
    3.6075000000e+05    1.0549001868e-01
    3.6100000000e+05    1.0836962010e-01
    3.6125000000e+05    1.0213296482e-01
    3.6150000000e+05    9.5654163203e-02
    3.6175000000e+05    1.1257006537e-01
    3.6200000000e+05    1.3974218347e-01
    3.6225000000e+05    1.0039723236e-01
    3.6250000000e+05    1.1014151654e-01
    3.6275000000e+05    9.1775103426e-02
    3.6300000000e+05    1.0146286116e-01
    3.6325000000e+05    1.2524797477e-01
    3.6350000000e+05    9.7247903968e-02
    3.6375000000e+05    9.1778577088e-02
    3.6400000000e+05    1.1051068225e-01
    3.6425000000e+05    1.0585941085e-01
    3.6450000000e+05    9.1798776748e-02
    3.6475000000e+05    1.1458046327e-01
    3.6500000000e+05    1.0318290646e-01
    3.6525000000e+05    1.1854841371e-01
    3.6550000000e+05    8.5322540270e-02
    3.6575000000e+05    1.1214560025e-01
    3.6600000000e+05    1.0003210807e-01
    3.6625000000e+05    8.9522786301e-02
    3.6650000000e+05    1.3565983249e-01
    3.6675000000e+05    1.0486680413e-01
    3.6700000000e+05    1.0949826324e-01
    3.6725000000e+05    1.1284692608e-01
    3.6750000000e+05    1.1755322766e-01
    3.6775000000e+05    1.1927758996e-01
    3.6800000000e+05    1.1994250661e-01
    3.6825000000e+05    1.0639191650e-01
    3.6850000000e+05    1.1281642258e-01
    3.6875000000e+05    9.9829879663e-02
    3.6900000000e+05    9.4040098174e-02
    3.6925000000e+05    1.4118724777e-01
    3.6950000001e+05    1.1279306711e-01
    3.6975000001e+05    1.1767386839e-01
    3.7000000001e+05    1.1282544016e-01
    3.7025000001e+05    9.6809445715e-02
    3.7050000001e+05    1.0792053962e-01
    3.7075000001e+05    9.8591829966e-02
    3.7100000001e+05    1.1048173336e-01
    3.7125000001e+05    8.2930257670e-02
    3.7150000001e+05    1.0131032413e-01
    3.7175000001e+05    8.8884782519e-02
    3.7200000001e+05    9.4189033726e-02
    3.7225000001e+05    1.0586877207e-01
    3.7250000001e+05    8.9274709956e-02
    3.7275000001e+05    1.1656528402e-01
    3.7300000001e+05    9.2006911841e-02
    3.7325000001e+05    9.5484883383e-02
    3.7350000001e+05    1.0285885851e-01
    3.7375000001e+05    1.3168913479e-01
    3.7400000001e+05    1.0299997554e-01
    3.7425000001e+05    1.6194805391e-01
    3.7450000001e+05    9.6765908429e-02
    3.7475000001e+05    8.7073560140e-02
    3.7500000001e+05    1.0264148180e-01
    3.7525000001e+05    1.0675112318e-01
    3.7550000001e+05    1.0011599155e-01
    3.7575000001e+05    1.0260753421e-01
    3.7600000001e+05    1.0828173428e-01
    3.7625000001e+05    9.8220519662e-02
    3.7650000001e+05    7.9167587384e-02
    3.7675000001e+05    7.7271950920e-02
    3.7700000001e+05    9.7486035462e-02
    3.7725000001e+05    1.1442699565e-01
    3.7750000001e+05    1.1907561126e-01
    3.7775000001e+05    9.8665747354e-02
    3.7800000001e+05    1.0567407677e-01
    3.7825000001e+05    1.1739591546e-01
    3.7850000001e+05    1.3069776735e-01
    3.7875000001e+05    1.2810118839e-01
    3.7900000001e+05    9.4462196092e-02
    3.7925000001e+05    1.3936689778e-01
    3.7950000001e+05    1.1031553035e-01
    3.7975000001e+05    8.6915112473e-02
    3.8000000001e+05    1.1423499757e-01
    3.8025000001e+05    9.5295069961e-02
    3.8050000001e+05    1.3129145386e-01
    3.8075000001e+05    8.1456844530e-02
    3.8100000001e+05    9.2904818382e-02
    3.8125000001e+05    1.1770105694e-01
    3.8150000001e+05    8.0654434951e-02
    3.8175000001e+05    1.0265875830e-01
    3.8200000001e+05    8.6347568346e-02
    3.8225000001e+05    8.4430886675e-02
    3.8250000001e+05    9.0197880991e-02
    3.8275000001e+05    1.0922822191e-01
    3.8300000001e+05    1.6101237506e-01
    3.8325000001e+05    1.0341658832e-01
    3.8350000001e+05    1.0098035809e-01
    3.8375000001e+05    1.1787971868e-01
    3.8400000001e+05    9.2728848494e-02
    3.8425000001e+05    1.0855490397e-01
    3.8450000001e+05    9.7922491534e-02
    3.8475000001e+05    9.7506076356e-02
    3.8500000001e+05    1.2135456933e-01
    3.8525000001e+05    1.0852989088e-01
    3.8550000001e+05    1.0454417551e-01
    3.8575000001e+05    1.0146142843e-01
    3.8600000001e+05    1.4004021558e-01
    3.8625000001e+05    9.3099995516e-02
    3.8650000001e+05    1.1062495598e-01
    3.8675000001e+05    9.2440133693e-02
    3.8700000001e+05    1.2541436581e-01
    3.8725000001e+05    8.5050814816e-02
    3.8750000001e+05    1.3416375029e-01
    3.8775000001e+05    1.3262988713e-01
    3.8800000001e+05    1.0559257533e-01
    3.8825000001e+05    1.0609556103e-01
    3.8850000001e+05    1.0705619561e-01
    3.8875000001e+05    7.2814824636e-02
    3.8900000001e+05    9.8166926707e-02
    3.8925000001e+05    1.3858654511e-01
    3.8950000001e+05    1.0430977680e-01
    3.8975000001e+05    7.7427528130e-02
    3.9000000001e+05    1.2661657942e-01
    3.9025000001e+05    9.9406676374e-02
    3.9050000001e+05    8.1820861121e-02
    3.9075000001e+05    9.9663052716e-02
    3.9100000001e+05    1.0876241225e-01
    3.9125000001e+05    9.9140038435e-02
    3.9150000001e+05    8.1654206779e-02
    3.9175000001e+05    7.2341079259e-02
    3.9200000001e+05    1.4458376318e-01
    3.9225000001e+05    1.3028044736e-01
    3.9250000001e+05    1.2382166514e-01
    3.9275000001e+05    1.0461089979e-01
    3.9300000001e+05    1.1753060156e-01
    3.9325000001e+05    1.3490331527e-01
    3.9350000001e+05    1.0841006948e-01
    3.9375000001e+05    1.4694745699e-01
    3.9400000001e+05    8.3873480423e-02
    3.9425000001e+05    1.1044781568e-01
    3.9450000001e+05    1.1229001587e-01
    3.9475000001e+05    1.2895158176e-01
    3.9500000001e+05    8.4759348122e-02
    3.9525000001e+05    1.0630627940e-01
    3.9550000001e+05    1.0828529129e-01
    3.9575000001e+05    1.1064407336e-01
    3.9600000001e+05    1.0192920560e-01
    3.9625000001e+05    1.1834648180e-01
    3.9650000001e+05    1.5623975687e-01
    3.9675000001e+05    9.6113658563e-02
    3.9700000001e+05    1.0878159756e-01
    3.9725000001e+05    1.1501371576e-01
    3.9750000001e+05    1.0641026703e-01
    3.9775000001e+05    1.5106065117e-01
    3.9800000001e+05    9.0575738108e-02
    3.9825000001e+05    1.0980950521e-01
    3.9850000001e+05    1.1093237702e-01
    3.9875000001e+05    9.8265139640e-02
    3.9900000001e+05    1.2886619376e-01
    3.9925000001e+05    1.0856282599e-01
    3.9950000001e+05    1.1433516575e-01
    3.9975000001e+05    9.4873455113e-02
    4.0000000001e+05    1.0916184586e-01
    4.0025000001e+05    9.6817682928e-02
    4.0050000001e+05    1.0777844476e-01
    4.0075000001e+05    1.4393766846e-01
    4.0100000001e+05    1.3951656357e-01
    4.0125000001e+05    9.5877068324e-02
    4.0150000001e+05    1.6133871140e-01
    4.0175000001e+05    8.8641281369e-02
    4.0200000001e+05    9.9978813732e-02
    4.0225000001e+05    1.3445178230e-01
    4.0250000001e+05    7.3816375712e-02
    4.0275000001e+05    9.8489958214e-02
    4.0300000001e+05    8.5404419742e-02
    4.0325000001e+05    9.2319896647e-02
    4.0350000001e+05    1.0253540186e-01
    4.0375000001e+05    1.0347703928e-01
    4.0400000001e+05    1.0463169422e-01
    4.0425000001e+05    1.1860647840e-01
    4.0450000001e+05    1.0334859914e-01
    4.0475000001e+05    9.5315650938e-02
    4.0500000001e+05    1.2570315244e-01
    4.0525000001e+05    1.2629780294e-01
    4.0550000001e+05    1.1398889231e-01
    4.0575000001e+05    1.1177275314e-01
    4.0600000001e+05    9.3701336185e-02
    4.0625000001e+05    9.2030097141e-02
    4.0650000001e+05    1.2388605111e-01
    4.0675000001e+05    9.4691521962e-02
    4.0700000001e+05    1.0749986353e-01
    4.0725000001e+05    1.1116211098e-01
    4.0750000001e+05    1.1611746914e-01
    4.0775000001e+05    2.1717949862e-01
    4.0800000001e+05    1.0479660546e-01
    4.0825000001e+05    1.1395395488e-01
    4.0850000001e+05    1.0240147604e-01
    4.0875000001e+05    1.1263234204e-01
    4.0900000001e+05    9.0356236929e-02
    4.0925000001e+05    1.0729200149e-01
    4.0950000001e+05    1.0874444547e-01
    4.0975000001e+05    1.0264514796e-01
    4.1000000001e+05    1.0933171268e-01
    4.1025000001e+05    1.2676524695e-01
    4.1050000001e+05    8.4902354983e-02
    4.1075000001e+05    1.0347369525e-01
    4.1100000001e+05    8.5318922754e-02
    4.1125000001e+05    1.1118946446e-01
    4.1150000001e+05    1.0919665082e-01
    4.1175000001e+05    1.0985008482e-01
    4.1200000001e+05    9.8290026564e-02
    4.1225000001e+05    1.1374287091e-01
    4.1250000001e+05    1.2911022015e-01
    4.1275000001e+05    1.5082569833e-01
    4.1300000001e+05    1.1936256631e-01
    4.1325000001e+05    1.1859879244e-01
    4.1350000001e+05    1.0360890895e-01
    4.1375000001e+05    1.1772643074e-01
    4.1400000001e+05    1.1605850412e-01
    4.1425000001e+05    8.9275009980e-02
    4.1450000001e+05    1.1881227610e-01
    4.1475000001e+05    1.1672574011e-01
    4.1500000001e+05    1.0289721059e-01
    4.1525000001e+05    1.1444321306e-01
    4.1550000001e+05    1.0751629183e-01
    4.1575000001e+05    1.0542640649e-01
    4.1600000001e+05    9.7657121956e-02
    4.1625000001e+05    1.1610873145e-01
    4.1650000001e+05    1.0252109343e-01
    4.1675000001e+05    1.2816510072e-01
    4.1700000001e+05    1.0516433036e-01
    4.1725000001e+05    1.2291104232e-01
    4.1750000001e+05    1.0874710961e-01
    4.1775000001e+05    1.1383421680e-01
    4.1800000001e+05    1.2068257917e-01
    4.1825000001e+05    1.0481113374e-01
    4.1850000001e+05    1.5483571899e-01
    4.1875000001e+05    1.3746052915e-01
    4.1900000001e+05    9.6924233724e-02
    4.1925000001e+05    1.4080210973e-01
    4.1950000001e+05    1.7276957171e-01
    4.1975000001e+05    1.0474090561e-01
    4.2000000001e+05    1.6852192553e-01
    4.2025000001e+05    1.0645249713e-01
    4.2050000001e+05    1.1527817479e-01
    4.2075000001e+05    1.3236376752e-01
    4.2100000001e+05    1.2954226266e-01
    4.2125000001e+05    9.5587079482e-02
    4.2150000001e+05    1.1671226726e-01
    4.2175000001e+05    9.2900014923e-02
    4.2200000001e+05    1.4676518252e-01
    4.2225000001e+05    1.2490529600e-01
    4.2250000001e+05    9.7139618424e-02
    4.2275000001e+05    1.1113050784e-01
    4.2300000001e+05    1.1347141874e-01
    4.2325000001e+05    9.3015292195e-02
    4.2350000001e+05    9.5957633168e-02
    4.2375000001e+05    1.0054071802e-01
    4.2400000001e+05    1.1862962688e-01
    4.2425000001e+05    8.3916314879e-02
    4.2450000001e+05    8.8826467155e-02
    4.2475000001e+05    1.2283783748e-01
    4.2500000001e+05    1.2052338775e-01
    4.2525000001e+05    9.9022804114e-02
    4.2550000001e+05    8.3325889442e-02
    4.2575000001e+05    1.1207652241e-01
    4.2600000001e+05    1.1551393804e-01
    4.2625000001e+05    1.3148264565e-01
    4.2650000001e+05    9.4631481126e-02
    4.2675000001e+05    9.0582778184e-02
    4.2700000001e+05    1.0647047390e-01
    4.2725000001e+05    1.0844092111e-01
    4.2750000001e+05    8.9888929850e-02
    4.2775000001e+05    8.7509752345e-02
    4.2800000001e+05    9.0788272499e-02
    4.2825000001e+05    1.1458883715e-01
    4.2850000001e+05    1.0666793146e-01
    4.2875000001e+05    1.0381645121e-01
    4.2900000001e+05    8.3379506786e-02
    4.2925000001e+05    8.6258433299e-02
    4.2950000001e+05    1.0834225827e-01
    4.2975000001e+05    1.0183703000e-01
    4.3000000001e+05    1.0595441769e-01
    4.3025000001e+05    8.0630241535e-02
    4.3050000001e+05    1.0972945754e-01
    4.3075000001e+05    1.0165955968e-01
    4.3100000001e+05    8.9466070342e-02
    4.3125000001e+05    7.4243686825e-02
    4.3150000001e+05    1.3416364777e-01
    4.3175000001e+05    9.7289152095e-02
    4.3200000001e+05    1.0390200321e-01
    4.3225000001e+05    1.0626121436e-01
    4.3250000001e+05    9.1066033133e-02
    4.3275000001e+05    1.0951008585e-01
    4.3300000001e+05    1.0413529150e-01
    4.3325000001e+05    9.7860163058e-02
    4.3350000001e+05    9.3925960236e-02
    4.3375000001e+05    1.0213566649e-01
    4.3400000001e+05    1.0549518434e-01
    4.3425000001e+05    1.5820475545e-01
    4.3450000001e+05    1.1781961278e-01
    4.3475000001e+05    7.9867701489e-02
    4.3500000001e+05    7.7604612150e-02
    4.3525000001e+05    1.3315257202e-01
    4.3550000001e+05    1.0643141168e-01
    4.3575000001e+05    1.0605247441e-01
    4.3600000001e+05    9.7314031324e-02
    4.3625000001e+05    1.0225321918e-01
    4.3650000001e+05    9.5190526977e-02
    4.3675000001e+05    1.0504490532e-01
    4.3700000001e+05    1.1957680573e-01
    4.3725000001e+05    1.1982131285e-01
    4.3750000001e+05    1.0461781389e-01
    4.3775000001e+05    8.2416071502e-02
    4.3800000001e+05    1.1044112055e-01
    4.3825000001e+05    1.5533383170e-01
    4.3850000001e+05    1.1698839393e-01
    4.3875000001e+05    9.1579309234e-02
    4.3900000001e+05    1.3357785699e-01
    4.3925000001e+05    1.2737598028e-01
    4.3950000001e+05    8.8767725123e-02
    4.3975000001e+05    9.7204278585e-02
    4.4000000001e+05    9.7896245869e-02
    4.4025000001e+05    1.3733449601e-01
    4.4050000001e+05    1.0518929096e-01
    4.4075000001e+05    9.6572803089e-02
    4.4100000001e+05    1.2248240945e-01
    4.4125000001e+05    1.1622516856e-01
    4.4150000001e+05    1.2566695377e-01
    4.4175000001e+05    1.0237069793e-01
    4.4200000001e+05    1.0508572288e-01
    4.4225000001e+05    1.0666833398e-01
    4.4250000001e+05    1.0820670503e-01
    4.4275000001e+05    9.6809429051e-02
    4.4300000001e+05    1.3467920865e-01
    4.4325000001e+05    1.0383523906e-01
    4.4350000001e+05    1.2411780568e-01
    4.4375000001e+05    1.3759263295e-01
    4.4400000001e+05    9.8310875803e-02
    4.4425000001e+05    1.2123790871e-01
    4.4450000001e+05    9.7223468303e-02
    4.4475000001e+05    1.3120086961e-01
    4.4500000001e+05    1.0441027175e-01
    4.4525000001e+05    8.9153266346e-02
    4.4550000001e+05    1.1739870342e-01
    4.4575000001e+05    8.9826599070e-02
    4.4600000001e+05    1.2392690467e-01
    4.4625000001e+05    1.3890928283e-01
    4.4650000001e+05    1.1199420288e-01
    4.4675000001e+05    1.1616995978e-01
    4.4700000001e+05    1.1897118953e-01
    4.4725000001e+05    1.2097277765e-01
    4.4750000001e+05    1.2111781405e-01
    4.4775000001e+05    1.2290798524e-01
    4.4800000001e+05    8.8477555895e-02
    4.4825000001e+05    1.0728118670e-01
    4.4850000001e+05    9.9220350556e-02
    4.4875000001e+05    1.0578213391e-01
    4.4900000001e+05    1.1053516054e-01
    4.4925000001e+05    1.4776460137e-01
    4.4950000001e+05    9.6039784271e-02
    4.4975000001e+05    1.2537574654e-01
    4.5000000001e+05    8.7406208361e-02
    4.5025000001e+05    1.0915682043e-01
    4.5050000001e+05    1.1616213822e-01
    4.5075000001e+05    1.0518587105e-01
    4.5100000001e+05    1.1883749415e-01
    4.5125000001e+05    1.0323535236e-01
    4.5150000001e+05    9.4837519435e-02
    4.5175000001e+05    1.1045602694e-01
    4.5200000001e+05    8.8084021012e-02
    4.5225000001e+05    1.1278600835e-01
    4.5250000001e+05    1.1742701505e-01
    4.5275000001e+05    1.2042896365e-01
    4.5300000001e+05    1.0674833679e-01
    4.5325000001e+05    8.2385275313e-02
    4.5350000001e+05    1.3300282057e-01
    4.5375000001e+05    1.1457741972e-01
    4.5400000001e+05    1.0207547069e-01
    4.5425000001e+05    8.8799589726e-02
    4.5450000001e+05    1.6631116902e-01
    4.5475000001e+05    9.6806528445e-02
    4.5500000001e+05    1.0353341428e-01
    4.5525000001e+05    1.4320469578e-01
    4.5550000001e+05    1.2366719483e-01
    4.5575000001e+05    1.2920483017e-01
    4.5600000001e+05    1.2408488016e-01
    4.5625000001e+05    1.1374911209e-01
    4.5650000001e+05    8.4750278509e-02
    4.5675000001e+05    1.0423755643e-01
    4.5700000001e+05    9.0835490222e-02
    4.5725000001e+05    1.2718826450e-01
    4.5750000001e+05    1.1116283959e-01
    4.5775000001e+05    7.6544069558e-02
    4.5800000001e+05    1.6240014679e-01
    4.5825000001e+05    9.1685729560e-02
    4.5850000001e+05    8.8531369292e-02
    4.5875000001e+05    1.2889493045e-01
    4.5900000001e+05    1.1116502764e-01
    4.5925000001e+05    1.2686144951e-01
    4.5950000001e+05    1.0229428050e-01
    4.5975000001e+05    9.7967211595e-02
    4.6000000001e+05    1.1387247731e-01
    4.6025000001e+05    1.2037292438e-01
    4.6050000001e+05    1.1694134697e-01
    4.6075000001e+05    1.2885732738e-01
    4.6100000001e+05    8.9762956836e-02
    4.6125000001e+05    1.1216122228e-01
    4.6150000001e+05    1.2655869216e-01
    4.6175000001e+05    1.0470627336e-01
    4.6200000001e+05    8.3973770228e-02
    4.6225000001e+05    1.3030264287e-01
    4.6250000001e+05    1.1453407623e-01
    4.6275000001e+05    1.3018913007e-01
    4.6300000001e+05    1.0799871265e-01
    4.6325000001e+05    1.2729660958e-01
    4.6350000001e+05    1.0668748508e-01
    4.6375000001e+05    9.0520835431e-02
    4.6400000001e+05    1.3756198952e-01
    4.6425000001e+05    8.9082278911e-02
    4.6450000001e+05    9.7399124205e-02
    4.6475000001e+05    1.3593905073e-01
    4.6500000001e+05    8.7136077656e-02
    4.6525000001e+05    1.0749317010e-01
    4.6550000001e+05    9.7474194090e-02
    4.6575000001e+05    1.2575194327e-01
    4.6600000001e+05    8.1471525305e-02
    4.6625000001e+05    1.0078546174e-01
    4.6650000001e+05    9.2923374905e-02
    4.6675000001e+05    1.0349333044e-01
    4.6700000001e+05    8.5712340249e-02
    4.6725000001e+05    1.1243240752e-01
    4.6750000001e+05    1.1476067547e-01
    4.6775000001e+05    1.0828992683e-01
    4.6800000001e+05    1.2485899483e-01
    4.6825000001e+05    1.0709862290e-01
    4.6850000001e+05    1.0982977563e-01
    4.6875000001e+05    1.0817604867e-01
    4.6900000001e+05    9.8621012079e-02
    4.6925000001e+05    1.1512796277e-01
    4.6950000001e+05    1.2161764795e-01
    4.6975000001e+05    1.0977414424e-01
    4.7000000001e+05    9.4435745531e-02
    4.7025000001e+05    1.2820833546e-01
    4.7050000001e+05    8.5649120298e-02
    4.7075000001e+05    1.0154466201e-01
    4.7100000001e+05    1.2818978495e-01
    4.7125000001e+05    1.0030721542e-01
    4.7150000001e+05    1.2043120349e-01
    4.7175000001e+05    1.1785871280e-01
    4.7200000001e+05    9.3291105421e-02
    4.7225000001e+05    1.2659505502e-01
    4.7250000001e+05    1.0916713665e-01
    4.7275000001e+05    1.1298554700e-01
    4.7300000001e+05    1.0567679766e-01
    4.7325000001e+05    9.6076954821e-02
    4.7350000001e+05    1.1784415119e-01
    4.7375000001e+05    1.2502134965e-01
    4.7400000001e+05    9.1630398515e-02
    4.7425000001e+05    1.0552304776e-01
    4.7450000001e+05    9.5755402562e-02
    4.7475000001e+05    9.3706730249e-02
    4.7500000001e+05    1.1559101058e-01
    4.7525000001e+05    1.1262999268e-01
    4.7550000001e+05    1.0506104925e-01
    4.7575000001e+05    1.1994777172e-01
    4.7600000001e+05    8.4894905258e-02
    4.7625000001e+05    1.3065898506e-01
    4.7650000001e+05    1.2364152288e-01
    4.7675000001e+05    1.0315675389e-01
    4.7700000001e+05    1.1975743225e-01
    4.7725000001e+05    1.0833980881e-01
    4.7750000001e+05    8.9606343245e-02
    4.7775000001e+05    8.3649493027e-02
    4.7800000001e+05    1.1797988825e-01
    4.7825000001e+05    9.8147366723e-02
    4.7850000001e+05    1.1206935385e-01
    4.7875000001e+05    1.3458028610e-01
    4.7900000001e+05    1.0329347459e-01
    4.7925000001e+05    1.2941438640e-01
    4.7950000001e+05    1.0733973901e-01
    4.7975000001e+05    1.1423990130e-01
    4.8000000001e+05    1.0035488052e-01
    4.8025000001e+05    1.0774530624e-01
    4.8050000001e+05    9.9844607972e-02
    4.8075000001e+05    1.0663800519e-01
    4.8100000001e+05    1.1220656528e-01
    4.8125000001e+05    1.0769922441e-01
    4.8150000001e+05    1.0146732409e-01
    4.8175000001e+05    9.0144396517e-02
    4.8200000001e+05    1.0394524456e-01
    4.8225000001e+05    9.9717454551e-02
    4.8250000001e+05    1.0837297790e-01
    4.8275000001e+05    1.2404986283e-01
    4.8300000001e+05    9.8654590894e-02
    4.8325000001e+05    1.1122159629e-01
    4.8350000001e+05    1.3642407980e-01
    4.8375000001e+05    1.0746980078e-01
    4.8400000001e+05    1.3291767324e-01
    4.8425000001e+05    9.8482050090e-02
    4.8450000001e+05    1.2751521886e-01
    4.8475000001e+05    9.4582900478e-02
    4.8500000001e+05    2.0299899052e-01
    4.8525000001e+05    1.0440767234e-01
    4.8550000001e+05    1.0437833449e-01
    4.8575000001e+05    1.1425820185e-01
    4.8600000001e+05    9.4949868683e-02
    4.8625000001e+05    9.6656361331e-02
    4.8650000001e+05    1.0321572453e-01
    4.8675000001e+05    1.2885651029e-01
    4.8700000001e+05    1.0880306457e-01
    4.8725000001e+05    1.0110213549e-01
    4.8750000001e+05    1.0935262327e-01
    4.8775000001e+05    1.0570231882e-01
    4.8800000001e+05    1.2668620365e-01
    4.8825000001e+05    1.0134665267e-01
    4.8850000001e+05    9.2346550306e-02
    4.8875000001e+05    1.4291398530e-01
    4.8900000001e+05    9.8579425164e-02
    4.8925000001e+05    1.0242252150e-01
    4.8950000001e+05    8.9076097661e-02
    4.8975000001e+05    1.2458834000e-01
    4.9000000001e+05    1.0763961459e-01
    4.9025000001e+05    1.4409437677e-01
    4.9050000001e+05    1.3943005963e-01
    4.9075000001e+05    1.1388313242e-01
    4.9100000001e+05    1.3831565253e-01
    4.9125000001e+05    1.1227339494e-01
    4.9150000001e+05    1.3638207699e-01
    4.9175000001e+05    9.0302029784e-02
    4.9200000001e+05    1.5038632722e-01
    4.9225000001e+05    1.1584551069e-01
    4.9250000001e+05    8.4909825742e-02
    4.9275000001e+05    9.5949496454e-02
    4.9300000001e+05    8.0735130064e-02
    4.9325000001e+05    1.3945262737e-01
    4.9350000001e+05    8.2910450099e-02
    4.9375000001e+05    1.3654116374e-01
    4.9400000001e+05    8.3070688927e-02
    4.9425000001e+05    1.0144491261e-01
    4.9450000001e+05    9.5651591070e-02
    4.9475000001e+05    9.0707715676e-02
    4.9500000001e+05    8.7464413929e-02
    4.9525000001e+05    1.0277062472e-01
    4.9550000001e+05    1.0029034355e-01
    4.9575000001e+05    1.0714843299e-01
    4.9600000001e+05    8.5644962810e-02
    4.9625000001e+05    1.2674628136e-01
    4.9650000001e+05    1.0741594116e-01
    4.9675000001e+05    8.3857763892e-02
    4.9700000001e+05    9.7394158982e-02
    4.9725000001e+05    1.0484574667e-01
    4.9750000001e+05    9.4289415771e-02
    4.9775000001e+05    1.0245585658e-01
    4.9800000001e+05    9.9062108272e-02
    4.9825000001e+05    1.0480207338e-01
    4.9850000001e+05    1.1746871178e-01
    4.9875000001e+05    8.3519174110e-02
    4.9900000001e+05    1.2157354025e-01
    4.9925000001e+05    1.5435167785e-01
    4.9950000001e+05    9.6853288121e-02
    4.9975000001e+05    1.2161393767e-01
    5.0000000001e+05    8.8870052349e-02
