    1.0000000000e+02    2.7492423598e-01
    2.0000000000e+02    2.2774016546e-01
    3.0000000000e+02    2.1725445673e-01
    4.0000000000e+02    1.8340473323e-01
    5.0000000000e+02    1.6424246301e-01
    6.0000000000e+02    1.5263075861e-01
    7.0000000000e+02    1.7032260240e-01
    8.0000000000e+02    2.2752612800e-01
    9.0000000000e+02    1.7407123036e-01
    1.0000000000e+03    1.6544263558e-01
    1.1000000000e+03    1.6022531292e-01
    1.2000000000e+03    1.6531241012e-01
    1.3000000000e+03    1.8488800489e-01
    1.4000000000e+03    1.9310498719e-01
    1.5000000000e+03    1.9810603885e-01
    1.6000000000e+03    2.1383954249e-01
    1.7000000000e+03    2.8674870938e-01
    1.8000000000e+03    2.0952580212e-01
    1.9000000000e+03    1.8804512979e-01
    2.0000000000e+03    1.5439763417e-01
    2.1000000000e+03    2.2990445843e-01
    2.2000000000e+03    1.6036627069e-01
    2.3000000000e+03    1.6980404858e-01
    2.4000000000e+03    1.3876688656e-01
    2.5000000000e+03    1.5206921391e-01
    2.6000000000e+03    1.3752719777e-01
    2.7000000000e+03    1.5120622139e-01
    2.8000000000e+03    1.5303396207e-01
    2.9000000000e+03    1.5193446063e-01
    3.0000000000e+03    1.4435525949e-01
    3.1000000000e+03    1.5967239864e-01
    3.2000000000e+03    1.6563892653e-01
    3.3000000000e+03    1.4213633152e-01
    3.4000000000e+03    1.5062556973e-01
    3.5000000000e+03    1.5846312734e-01
    3.6000000000e+03    1.7879176102e-01
    3.7000000000e+03    1.8269441994e-01
    3.8000000000e+03    1.4184150210e-01
    3.9000000000e+03    1.8900852675e-01
    4.0000000000e+03    1.7704327635e-01
    4.1000000000e+03    1.5814340542e-01
    4.2000000000e+03    1.4880449181e-01
    4.3000000000e+03    1.7805941923e-01
    4.4000000000e+03    1.6877446917e-01
    4.5000000000e+03    1.6214632583e-01
    4.6000000000e+03    2.0293212461e-01
    4.7000000000e+03    1.5041307253e-01
    4.8000000000e+03    1.6188425795e-01
    4.9000000000e+03    1.9510706495e-01
    5.0000000000e+03    1.7177702895e-01
    5.1000000000e+03    1.5035662659e-01
    5.2000000000e+03    1.9592355268e-01
    5.3000000000e+03    1.8728802069e-01
    5.4000000000e+03    1.6302821642e-01
    5.5000000000e+03    1.9342652505e-01
    5.6000000000e+03    1.7671938769e-01
    5.7000000000e+03    1.9910039260e-01
    5.8000000000e+03    1.9683223384e-01
    5.9000000000e+03    2.5012807908e-01
    6.0000000000e+03    2.2639941432e-01
    6.1000000000e+03    1.8636519407e-01
    6.2000000000e+03    1.7886247970e-01
    6.3000000000e+03    1.7520423489e-01
    6.4000000000e+03    1.9213884963e-01
    6.5000000000e+03    2.0478877093e-01
    6.6000000000e+03    1.7268751666e-01
    6.7000000000e+03    1.8960206842e-01
    6.8000000000e+03    1.5211253238e-01
    6.9000000000e+03    1.5599707442e-01
    7.0000000000e+03    2.2264184844e-01
    7.1000000000e+03    2.1420890675e-01
    7.2000000000e+03    1.7837150341e-01
    7.3000000000e+03    1.7603273666e-01
    7.4000000000e+03    1.5660813293e-01
    7.5000000000e+03    1.7373449701e-01
    7.6000000000e+03    1.8414536141e-01
    7.7000000000e+03    1.7942818136e-01
    7.8000000000e+03    1.5994058062e-01
    7.9000000000e+03    1.5403062144e-01
    8.0000000000e+03    1.7909349464e-01
    8.1000000000e+03    1.7559531305e-01
    8.2000000000e+03    1.7714121253e-01
    8.3000000000e+03    1.5696413162e-01
    8.4000000000e+03    1.8274872538e-01
    8.5000000000e+03    1.4918071710e-01
    8.6000000000e+03    1.6415742255e-01
    8.7000000000e+03    2.0429524656e-01
    8.8000000000e+03    1.6672800072e-01
    8.9000000000e+03    1.5542630676e-01
    9.0000000000e+03    1.3846907336e-01
    9.1000000000e+03    1.9352696532e-01
    9.2000000000e+03    1.4831923142e-01
    9.3000000000e+03    1.5966134560e-01
    9.4000000000e+03    1.6470571514e-01
    9.5000000000e+03    1.6409693219e-01
    9.6000000000e+03    1.6016230780e-01
    9.7000000000e+03    1.6222553645e-01
    9.8000000000e+03    1.4544387945e-01
    9.9000000000e+03    1.6468019708e-01
    1.0000000000e+04    1.6039489630e-01
    1.0100000000e+04    1.5609644526e-01
    1.0200000000e+04    1.4606575476e-01
    1.0300000000e+04    1.4428945180e-01
    1.0400000000e+04    1.9972955924e-01
    1.0500000000e+04    1.6637395290e-01
    1.0600000000e+04    1.4191961968e-01
    1.0700000000e+04    1.9250678159e-01
    1.0800000000e+04    1.3776373192e-01
    1.0900000000e+04    1.4995050488e-01
    1.1000000000e+04    1.6201535437e-01
    1.1100000000e+04    2.2586449748e-01
    1.1200000000e+04    1.7172931022e-01
    1.1300000000e+04    1.5790543131e-01
    1.1400000000e+04    1.7153530817e-01
    1.1500000000e+04    1.5581005983e-01
    1.1600000000e+04    1.5832867620e-01
    1.1700000000e+04    1.5033267118e-01
    1.1800000000e+04    1.9669390464e-01
    1.1900000000e+04    2.2122479256e-01
    1.2000000000e+04    1.6137283589e-01
    1.2100000000e+04    2.1336436173e-01
    1.2200000000e+04    1.6004456114e-01
    1.2300000000e+04    1.9190814053e-01
    1.2400000000e+04    1.9723689471e-01
    1.2500000000e+04    1.9318076985e-01
    1.2600000000e+04    1.6178193441e-01
    1.2700000000e+04    1.8464786930e-01
    1.2800000000e+04    1.6105144090e-01
    1.2900000000e+04    1.5585692419e-01
    1.3000000000e+04    1.9028474121e-01
    1.3100000000e+04    1.7185174278e-01
    1.3200000000e+04    2.0422356995e-01
    1.3300000000e+04    1.8734339919e-01
    1.3400000000e+04    1.8502326924e-01
    1.3500000000e+04    1.8729794006e-01
    1.3600000000e+04    1.8625247350e-01
    1.3700000000e+04    1.6795669540e-01
    1.3800000000e+04    1.9953192873e-01
    1.3900000000e+04    1.9041217035e-01
    1.4000000000e+04    1.8241794188e-01
    1.4100000000e+04    1.5001051221e-01
    1.4200000000e+04    1.5477455779e-01
    1.4300000000e+04    1.7193555745e-01
    1.4400000000e+04    1.4664346869e-01
    1.4500000000e+04    1.4898930942e-01
    1.4600000000e+04    1.5894758588e-01
    1.4700000000e+04    1.4158932923e-01
    1.4800000000e+04    1.6284703863e-01
    1.4900000000e+04    1.7104783533e-01
    1.5000000000e+04    1.6851752406e-01
    1.5100000000e+04    1.7129155237e-01
    1.5200000000e+04    1.6115423628e-01
    1.5300000000e+04    1.5491535553e-01
    1.5400000000e+04    2.0887614772e-01
    1.5500000000e+04    1.7010237559e-01
    1.5600000000e+04    1.7809021469e-01
    1.5700000000e+04    1.8214784368e-01
    1.5800000000e+04    1.5915949350e-01
    1.5900000000e+04    1.6479514094e-01
    1.6000000000e+04    1.4601319624e-01
    1.6100000000e+04    2.0765392622e-01
    1.6200000000e+04    1.9014250834e-01
    1.6300000000e+04    1.9816089735e-01
    1.6400000000e+04    1.8771015547e-01
    1.6500000000e+04    2.0854124272e-01
    1.6600000000e+04    1.7010612168e-01
    1.6700000000e+04    1.8710063097e-01
    1.6800000000e+04    1.8681812836e-01
    1.6900000000e+04    1.8978067614e-01
    1.7000000000e+04    2.0756244822e-01
    1.7100000000e+04    1.9301815083e-01
    1.7200000000e+04    2.0404133570e-01
    1.7300000000e+04    1.7766934111e-01
    1.7400000000e+04    1.8857993270e-01
    1.7500000000e+04    1.6654910201e-01
    1.7600000000e+04    1.7722431202e-01
    1.7700000000e+04    1.7474219815e-01
    1.7800000000e+04    1.7559307846e-01
    1.7900000000e+04    1.6898939725e-01
    1.8000000000e+04    1.5601181555e-01
    1.8100000000e+04    1.5204567087e-01
    1.8200000000e+04    1.2835482410e-01
    1.8300000000e+04    1.8304137848e-01
    1.8400000000e+04    1.6415309473e-01
    1.8500000000e+04    1.5417327763e-01
    1.8600000000e+04    1.6009798227e-01
    1.8700000000e+04    1.8285489633e-01
    1.8800000000e+04    1.3053809138e-01
    1.8900000000e+04    1.4735370589e-01
    1.9000000000e+04    1.9338581214e-01
    1.9100000000e+04    1.9186592415e-01
    1.9200000000e+04    1.6848702390e-01
    1.9300000000e+04    1.9407542993e-01
    1.9400000000e+04    1.4576162842e-01
    1.9500000000e+04    1.8704474858e-01
    1.9600000000e+04    1.8210249929e-01
    1.9700000000e+04    1.6383719328e-01
    1.9800000000e+04    2.0817927822e-01
    1.9900000000e+04    2.0112372609e-01
    2.0000000000e+04    1.8982957802e-01
    2.0100000000e+04    3.0983413499e-01
    2.0200000000e+04    3.3444270258e-01
    2.0300000000e+04    2.8327576715e-01
    2.0400000000e+04    4.0085310098e-01
    2.0500000000e+04    3.1961528551e-01
    2.0600000000e+04    3.8877895732e-01
    2.0700000000e+04    3.9996299363e-01
    2.0800000000e+04    3.0483407181e-01
    2.0900000000e+04    3.3157733747e-01
    2.1000000000e+04    4.6987771069e-01
    2.1100000000e+04    2.8884283077e-01
    2.1200000000e+04    3.2300406997e-01
    2.1300000000e+04    3.3345040074e-01
    2.1400000000e+04    2.7582213991e-01
    2.1500000000e+04    3.1939802713e-01
    2.1600000000e+04    2.4971463811e-01
    2.1700000000e+04    3.3418103610e-01
    2.1800000000e+04    2.3922818849e-01
    2.1900000000e+04    2.9420588660e-01
    2.2000000000e+04    2.8657707516e-01
    2.2100000000e+04    3.5917571848e-01
    2.2200000000e+04    3.1154345543e-01
    2.2300000000e+04    4.0020177179e-01
    2.2400000000e+04    3.8844697832e-01
    2.2500000000e+04    3.5865367805e-01
    2.2600000000e+04    3.3340775308e-01
    2.2700000000e+04    3.2069612114e-01
    2.2800000000e+04    2.8549066825e-01
    2.2900000000e+04    3.1963153048e-01
    2.3000000000e+04    3.0610312829e-01
    2.3100000000e+04    4.0732901332e-01
    2.3200000000e+04    2.3654537875e-01
    2.3300000000e+04    2.9201064631e-01
    2.3400000000e+04    3.6006442211e-01
    2.3500000000e+04    3.3111273791e-01
    2.3600000000e+04    2.8662319718e-01
    2.3700000000e+04    2.9808292321e-01
    2.3800000000e+04    3.7319970667e-01
    2.3900000000e+04    4.4174349258e-01
    2.4000000000e+04    2.8671559754e-01
    2.4100000000e+04    3.1541848148e-01
    2.4200000000e+04    2.6601622299e-01
    2.4300000000e+04    2.5287338810e-01
    2.4400000000e+04    2.3311721155e-01
    2.4500000000e+04    1.4892827638e-01
    2.4600000000e+04    1.6047482225e-01
    2.4700000000e+04    1.6607300700e-01
    2.4800000000e+04    1.5332219535e-01
    2.4900000000e+04    1.7814652869e-01
    2.5000000000e+04    1.9957080448e-01
    2.5100000000e+04    1.7277224944e-01
    2.5200000000e+04    1.5004692133e-01
    2.5300000000e+04    1.8150419570e-01
    2.5400000000e+04    1.7546847634e-01
    2.5500000000e+04    1.5601852975e-01
    2.5600000000e+04    1.6007790734e-01
    2.5700000000e+04    1.7828354565e-01
    2.5800000000e+04    2.5767156669e-01
    2.5900000000e+04    2.2886714740e-01
    2.6000000000e+04    1.7298641854e-01
    2.6100000000e+04    1.8526798352e-01
    2.6200000000e+04    1.8844879951e-01
    2.6300000000e+04    1.4536578137e-01
    2.6400000000e+04    1.3949020070e-01
    2.6500000000e+04    1.8870783595e-01
    2.6600000000e+04    1.6948084764e-01
    2.6700000000e+04    1.5511390561e-01
    2.6800000000e+04    1.4546533935e-01
    2.6900000000e+04    1.4537526786e-01
    2.7000000000e+04    1.4480010411e-01
    2.7100000000e+04    1.9582029447e-01
    2.7200000000e+04    1.7502323676e-01
    2.7300000000e+04    1.4805057101e-01
    2.7400000000e+04    1.6399766555e-01
    2.7500000000e+04    1.7880772507e-01
    2.7600000000e+04    1.6491759138e-01
    2.7700000000e+04    1.5731363321e-01
    2.7800000000e+04    1.6599837860e-01
    2.7900000000e+04    1.6260560951e-01
    2.8000000000e+04    1.5722345871e-01
    2.8100000000e+04    1.2209717406e-01
    2.8200000000e+04    1.3034183092e-01
    2.8300000000e+04    1.7711231405e-01
    2.8400000000e+04    1.4712782879e-01
    2.8500000000e+04    1.7367577546e-01
    2.8600000000e+04    1.6943693157e-01
    2.8700000000e+04    1.8358645244e-01
    2.8800000000e+04    1.6182106361e-01
    2.8900000000e+04    1.7814029861e-01
    2.9000000000e+04    1.4686588928e-01
    2.9100000000e+04    1.4928903585e-01
    2.9200000000e+04    1.4349458573e-01
    2.9300000000e+04    1.3637905426e-01
    2.9400000000e+04    1.4891826841e-01
    2.9500000000e+04    1.6076521273e-01
    2.9600000000e+04    1.6286952925e-01
    2.9700000000e+04    1.6389522400e-01
    2.9800000000e+04    1.8368907517e-01
    2.9900000000e+04    1.6690882022e-01
    3.0000000000e+04    1.3711401803e-01
    3.0100000000e+04    1.9518591648e-01
    3.0200000000e+04    1.6524859153e-01
    3.0300000000e+04    1.4950593434e-01
    3.0400000000e+04    1.7875539851e-01
    3.0500000000e+04    1.5142508201e-01
    3.0600000000e+04    1.7351440244e-01
    3.0700000000e+04    1.6866698942e-01
    3.0800000000e+04    1.7031037248e-01
    3.0900000000e+04    1.6145267724e-01
    3.1000000000e+04    1.8137932524e-01
    3.1100000000e+04    1.8599060653e-01
    3.1200000000e+04    1.7348677743e-01
    3.1300000000e+04    2.0843956596e-01
    3.1400000000e+04    2.0287269762e-01
    3.1500000000e+04    1.6837206792e-01
    3.1600000000e+04    1.7434614209e-01
    3.1700000000e+04    1.6937920195e-01
    3.1800000000e+04    1.9428681847e-01
    3.1900000000e+04    2.1500303157e-01
    3.2000000000e+04    1.8901021339e-01
    3.2100000000e+04    1.5410517441e-01
    3.2200000000e+04    1.5673675510e-01
    3.2300000000e+04    1.8907083565e-01
    3.2400000000e+04    2.2771520410e-01
    3.2500000000e+04    1.6756189266e-01
    3.2600000000e+04    2.1570505259e-01
    3.2700000000e+04    1.4758875096e-01
    3.2800000000e+04    1.9439676084e-01
    3.2900000000e+04    1.7376617644e-01
    3.3000000000e+04    1.8974676423e-01
    3.3100000000e+04    1.7646133902e-01
    3.3200000000e+04    1.7751110512e-01
    3.3300000000e+04    1.6080138093e-01
    3.3400000000e+04    1.5778548441e-01
    3.3500000000e+04    1.7727027209e-01
    3.3600000000e+04    1.8264312423e-01
    3.3700000000e+04    1.9049840783e-01
    3.3800000000e+04    1.6493188791e-01
    3.3900000000e+04    1.5221384462e-01
    3.4000000000e+04    1.8039499339e-01
    3.4100000000e+04    1.6471066112e-01
    3.4200000000e+04    1.6257406777e-01
    3.4300000000e+04    1.5467858134e-01
    3.4400000000e+04    1.6645425508e-01
    3.4500000000e+04    1.9156028407e-01
    3.4600000000e+04    1.3898169559e-01
    3.4700000000e+04    1.6435236992e-01
    3.4800000000e+04    1.5334467509e-01
    3.4900000000e+04    1.8484287040e-01
    3.5000000000e+04    1.8809418028e-01
    3.5100000000e+04    1.9357234328e-01
    3.5200000000e+04    1.5837534580e-01
    3.5300000000e+04    1.9175057948e-01
    3.5400000000e+04    1.6398047129e-01
    3.5500000000e+04    2.4239479121e-01
    3.5600000000e+04    1.9597086643e-01
    3.5700000000e+04    1.7973411314e-01
    3.5800000000e+04    1.7651703847e-01
    3.5900000000e+04    1.7337835937e-01
    3.6000000000e+04    1.7051859026e-01
    3.6100000000e+04    1.7838424593e-01
    3.6200000000e+04    1.5659173881e-01
    3.6300000000e+04    1.6081271426e-01
    3.6400000000e+04    1.6864330918e-01
    3.6500000000e+04    1.7876985353e-01
    3.6600000000e+04    1.5345213970e-01
    3.6700000000e+04    1.8839549900e-01
    3.6800000000e+04    1.7564841788e-01
    3.6900000000e+04    1.7616390793e-01
    3.7000000000e+04    1.8161295721e-01
    3.7100000000e+04    1.5660303750e-01
    3.7200000000e+04    1.6445460094e-01
    3.7300000000e+04    1.5846014786e-01
    3.7400000000e+04    2.0528635437e-01
    3.7500000000e+04    1.6869729413e-01
    3.7600000000e+04    1.7059201325e-01
    3.7700000000e+04    1.6313489489e-01
    3.7800000000e+04    1.4754408706e-01
    3.7900000000e+04    1.5214080674e-01
    3.8000000000e+04    1.3873449518e-01
    3.8100000000e+04    1.7323583698e-01
    3.8200000000e+04    1.9328236786e-01
    3.8300000000e+04    1.7685717198e-01
    3.8400000000e+04    1.6071832236e-01
    3.8500000000e+04    2.2606350012e-01
    3.8600000000e+04    2.3859039772e-01
    3.8700000000e+04    1.5532499807e-01
    3.8800000000e+04    1.8583667440e-01
    3.8900000000e+04    1.7382200702e-01
    3.9000000000e+04    1.5022731785e-01
    3.9100000000e+04    2.0105249590e-01
    3.9200000000e+04    1.5902766919e-01
    3.9300000000e+04    1.7678303316e-01
    3.9400000000e+04    1.6220238568e-01
    3.9500000000e+04    1.5226277544e-01
    3.9600000000e+04    1.6787422206e-01
    3.9700000000e+04    1.4295649006e-01
    3.9800000000e+04    1.4582934718e-01
    3.9900000000e+04    1.5041664275e-01
    4.0000000000e+04    1.5722001794e-01
    4.0100000000e+04    1.5890423329e-01
    4.0200000000e+04    1.7847620574e-01
    4.0300000000e+04    1.5862094688e-01
    4.0400000000e+04    1.4318775028e-01
    4.0500000000e+04    1.3434494078e-01
    4.0600000000e+04    1.6289742118e-01
    4.0700000000e+04    1.5291137374e-01
    4.0800000000e+04    1.6089701547e-01
    4.0900000000e+04    1.4449553340e-01
    4.1000000000e+04    1.6567685134e-01
    4.1100000000e+04    1.5022344964e-01
    4.1200000000e+04    1.4714132147e-01
    4.1300000000e+04    1.7227693469e-01
    4.1400000000e+04    1.5005264406e-01
    4.1500000000e+04    1.4901659007e-01
    4.1600000000e+04    1.8298557108e-01
    4.1700000000e+04    1.5162796974e-01
    4.1800000000e+04    1.4095470674e-01
    4.1900000000e+04    1.5519698262e-01
    4.2000000000e+04    1.4381562018e-01
    4.2100000000e+04    1.4294256389e-01
    4.2200000000e+04    1.5006033434e-01
    4.2300000000e+04    1.3316380135e-01
    4.2400000000e+04    1.8179526109e-01
    4.2500000000e+04    1.5178576605e-01
    4.2600000000e+04    1.6063941979e-01
    4.2700000000e+04    1.3220144399e-01
    4.2800000000e+04    1.6680803455e-01
    4.2900000000e+04    1.3980855926e-01
    4.3000000000e+04    1.6139952099e-01
    4.3100000000e+04    1.4982529445e-01
    4.3200000000e+04    1.5531252518e-01
    4.3300000000e+04    1.4139387103e-01
    4.3400000000e+04    1.5549620355e-01
    4.3500000000e+04    1.4728993174e-01
    4.3600000000e+04    1.5370598221e-01
    4.3700000000e+04    1.6885929732e-01
    4.3800000000e+04    1.6442629875e-01
    4.3900000000e+04    1.7324146602e-01
    4.4000000000e+04    1.3797614450e-01
    4.4100000000e+04    1.5431302474e-01
    4.4200000000e+04    1.3037221274e-01
    4.4300000000e+04    1.5356960453e-01
    4.4400000000e+04    1.4400993014e-01
    4.4500000000e+04    1.8504099170e-01
    4.4600000000e+04    1.7408244609e-01
    4.4700000000e+04    1.7303884793e-01
    4.4800000000e+04    2.0540887953e-01
    4.4900000000e+04    1.5282650481e-01
    4.5000000000e+04    1.8017774166e-01
    4.5100000000e+04    1.8178839817e-01
    4.5200000000e+04    1.8564153814e-01
    4.5300000000e+04    1.8735677246e-01
    4.5400000000e+04    2.7345007648e-01
    4.5500000000e+04    3.5702355566e-01
    4.5600000000e+04    2.8905688521e-01
    4.5700000000e+04    3.3276665751e-01
    4.5800000000e+04    3.4175956463e-01
    4.5900000000e+04    2.7250301885e-01
    4.6000000000e+04    3.3585802165e-01
    4.6100000000e+04    2.8530377055e-01
    4.6200000000e+04    3.2221160274e-01
    4.6300000000e+04    3.5666301622e-01
    4.6400000000e+04    4.1532836023e-01
    4.6500000000e+04    2.7862421118e-01
    4.6600000000e+04    3.5448180254e-01
    4.6700000000e+04    3.0691994755e-01
    4.6800000000e+04    3.8503560090e-01
    4.6900000000e+04    3.2575360018e-01
    4.7000000000e+04    3.2417897676e-01
    4.7100000000e+04    3.3076011374e-01
    4.7200000000e+04    3.1081079679e-01
    4.7300000000e+04    2.5316409298e-01
    4.7400000000e+04    2.3068681668e-01
    4.7500000000e+04    3.3069047680e-01
    4.7600000000e+04    4.3810280603e-01
    4.7700000000e+04    3.3109770766e-01
    4.7800000000e+04    3.5944243988e-01
    4.7900000000e+04    2.3536578182e-01
    4.8000000000e+04    2.9922736422e-01
    4.8100000000e+04    2.6805690868e-01
    4.8200000000e+04    3.3100871875e-01
    4.8300000000e+04    3.5049791254e-01
    4.8400000000e+04    3.6683944806e-01
    4.8500000000e+04    2.8782729384e-01
    4.8600000000e+04    2.9311277140e-01
    4.8700000000e+04    3.4210506443e-01
    4.8800000000e+04    2.6317241135e-01
    4.8900000000e+04    2.7221561159e-01
    4.9000000000e+04    2.8096205493e-01
    4.9100000000e+04    3.3585425537e-01
    4.9200000000e+04    2.7562654282e-01
    4.9300000000e+04    2.8507916129e-01
    4.9400000000e+04    3.2947019348e-01
    4.9500000000e+04    3.5793601079e-01
    4.9600000000e+04    2.8780820382e-01
    4.9700000000e+04    2.2574586131e-01
    4.9800000000e+04    2.6876212163e-01
    4.9900000000e+04    2.7545542277e-01
    5.0000000000e+04    3.3503921618e-01
    5.0100000000e+04    3.3900164732e-01
    5.0200000000e+04    3.5676093841e-01
    5.0300000000e+04    3.0997551004e-01
    5.0400000000e+04    3.2883112836e-01
    5.0500000000e+04    2.9915584752e-01
    5.0600000000e+04    3.3155492258e-01
    5.0700000000e+04    3.2394469692e-01
    5.0800000000e+04    3.3254556942e-01
    5.0900000000e+04    3.0805234512e-01
    5.1000000000e+04    3.4492219963e-01
    5.1100000000e+04    3.1841487379e-01
    5.1200000000e+04    3.2821807544e-01
    5.1300000000e+04    4.0721802846e-01
    5.1400000000e+04    2.5258250475e-01
    5.1500000000e+04    3.3144504587e-01
    5.1600000000e+04    2.4566304254e-01
    5.1700000000e+04    3.4176071046e-01
    5.1800000000e+04    3.0253238604e-01
    5.1900000000e+04    3.1308914424e-01
    5.2000000000e+04    3.3532340604e-01
    5.2100000000e+04    2.8211838417e-01
    5.2200000000e+04    1.9696441830e-01
    5.2300000000e+04    2.9620487273e-01
    5.2400000000e+04    2.5977200382e-01
    5.2500000000e+04    2.9719815502e-01
    5.2600000000e+04    2.8450617007e-01
    5.2700000000e+04    3.1085151743e-01
    5.2800000000e+04    3.1063053828e-01
    5.2900000000e+04    3.2032148959e-01
    5.3000000000e+04    3.9378848302e-01
    5.3100000000e+04    3.8358280376e-01
    5.3200000000e+04    2.4868778384e-01
    5.3300000000e+04    3.2055377775e-01
    5.3400000000e+04    3.2742757946e-01
    5.3500000000e+04    2.8691901861e-01
    5.3600000000e+04    3.1514248422e-01
    5.3700000000e+04    2.8464044572e-01
    5.3800000000e+04    3.3618692436e-01
    5.3900000000e+04    3.1502882961e-01
    5.4000000000e+04    3.4442805235e-01
    5.4100000000e+04    3.0369764447e-01
    5.4200000000e+04    3.0283076577e-01
    5.4300000000e+04    2.9042138985e-01
    5.4400000000e+04    3.2920615148e-01
    5.4500000000e+04    3.7616719253e-01
    5.4600000000e+04    3.3928089366e-01
    5.4700000000e+04    2.9753466403e-01
    5.4800000000e+04    3.1004875729e-01
    5.4900000000e+04    3.3766658967e-01
    5.5000000000e+04    3.7693478869e-01
    5.5100000000e+04    2.7911097908e-01
    5.5200000000e+04    2.1216682171e-01
    5.5300000000e+04    2.7323506798e-01
    5.5400000000e+04    2.5971728416e-01
    5.5500000000e+04    2.4893608787e-01
    5.5600000000e+04    2.5529539863e-01
    5.5700000000e+04    3.5885878968e-01
    5.5800000000e+04    2.4511444270e-01
    5.5900000000e+04    3.5603283775e-01
    5.6000000000e+04    3.1779945765e-01
    5.6100000000e+04    3.4018065453e-01
    5.6200000000e+04    2.9168455707e-01
    5.6300000000e+04    3.1195544149e-01
    5.6400000000e+04    3.9418609106e-01
    5.6500000000e+04    3.4503003898e-01
    5.6600000000e+04    3.8716545745e-01
    5.6700000000e+04    3.3438439347e-01
    5.6800000000e+04    2.5533721810e-01
    5.6900000000e+04    2.7549768470e-01
    5.7000000000e+04    2.8342707360e-01
    5.7100000000e+04    2.6859690073e-01
    5.7200000000e+04    3.1158929634e-01
    5.7300000000e+04    2.3261610004e-01
    5.7400000000e+04    3.0342992516e-01
    5.7500000000e+04    4.1827121985e-01
    5.7600000000e+04    2.6424024215e-01
    5.7700000000e+04    2.7892837162e-01
    5.7800000000e+04    3.3179849242e-01
    5.7900000000e+04    3.8867524846e-01
    5.8000000000e+04    3.5651632199e-01
    5.8100000000e+04    3.2604171298e-01
    5.8200000000e+04    3.1892260913e-01
    5.8300000000e+04    3.2835021247e-01
    5.8400000000e+04    2.8147726094e-01
    5.8500000000e+04    2.7392691736e-01
    5.8600000000e+04    3.2547811237e-01
    5.8700000000e+04    2.7749975696e-01
    5.8800000000e+04    1.9725816333e-01
    5.8900000000e+04    2.5737795153e-01
    5.9000000000e+04    3.5391639694e-01
    5.9100000000e+04    2.4751440690e-01
    5.9200000000e+04    2.5877626779e-01
    5.9300000000e+04    2.2847678166e-01
    5.9400000000e+04    3.2445611595e-01
    5.9500000000e+04    3.0999721173e-01
    5.9600000000e+04    2.2326442980e-01
    5.9700000000e+04    2.8438885383e-01
    5.9800000000e+04    3.7829548035e-01
    5.9900000000e+04    2.3653838809e-01
    6.0000000000e+04    2.8758206761e-01
    6.0100000000e+04    3.3697166128e-01
    6.0200000000e+04    3.3148512718e-01
    6.0300000000e+04    3.9491880666e-01
    6.0400000000e+04    2.5388641344e-01
    6.0500000000e+04    3.2657893012e-01
    6.0600000000e+04    2.7572534784e-01
    6.0700000000e+04    2.7378476257e-01
    6.0800000000e+04    2.9415239214e-01
    6.0900000000e+04    3.5531894422e-01
    6.1000000000e+04    3.6647217187e-01
    6.1100000000e+04    2.7398636605e-01
    6.1200000000e+04    3.3615787103e-01
    6.1300000000e+04    3.9493763237e-01
    6.1400000000e+04    3.7958702523e-01
    6.1500000000e+04    2.8030452791e-01
    6.1600000000e+04    2.7760166615e-01
    6.1700000000e+04    2.5459167781e-01
    6.1800000000e+04    2.6773816129e-01
    6.1900000000e+04    2.3650852418e-01
    6.2000000000e+04    3.2179880705e-01
    6.2100000000e+04    2.8265721326e-01
    6.2200000000e+04    2.4581852358e-01
    6.2300000000e+04    2.9298354481e-01
    6.2400000000e+04    3.2500648184e-01
    6.2500000000e+04    3.3099988272e-01
    6.2600000000e+04    4.9156396928e-01
    6.2700000000e+04    3.6921624992e-01
    6.2800000000e+04    2.4936411293e-01
    6.2900000000e+04    2.1456249560e-01
    6.3000000000e+04    2.6444253411e-01
    6.3100000000e+04    2.9180084111e-01
    6.3200000000e+04    2.8737155329e-01
    6.3300000000e+04    3.9245429723e-01
    6.3400000000e+04    2.4523657605e-01
    6.3500000000e+04    2.4436900698e-01
    6.3600000000e+04    2.5039246929e-01
    6.3700000000e+04    3.0430431410e-01
    6.3800000000e+04    3.4126146827e-01
    6.3900000000e+04    3.0491939825e-01
    6.4000000000e+04    3.6937964660e-01
    6.4100000000e+04    3.9924852851e-01
    6.4200000000e+04    3.3424955393e-01
    6.4300000000e+04    3.9966214760e-01
    6.4400000000e+04    3.0358511537e-01
    6.4500000000e+04    3.5482165106e-01
    6.4600000000e+04    3.2523755639e-01
    6.4700000000e+04    3.4140897339e-01
    6.4800000000e+04    3.1881227765e-01
    6.4900000000e+04    3.3323703172e-01
    6.5000000000e+04    3.0126880843e-01
    6.5100000000e+04    3.0379527719e-01
    6.5200000000e+04    3.1212492847e-01
    6.5300000000e+04    3.4118878825e-01
    6.5400000000e+04    3.7471478821e-01
    6.5500000000e+04    2.8399193016e-01
    6.5600000000e+04    2.8530007934e-01
    6.5700000000e+04    3.3950247527e-01
    6.5800000000e+04    4.1510420608e-01
    6.5900000000e+04    3.8978714464e-01
    6.6000000000e+04    3.4614349752e-01
    6.6100000000e+04    3.5798438273e-01
    6.6200000000e+04    3.7810446213e-01
    6.6300000000e+04    3.3062356372e-01
    6.6400000000e+04    3.1907257405e-01
    6.6500000000e+04    3.6894692406e-01
    6.6600000000e+04    3.3269764232e-01
    6.6700000000e+04    3.8032283554e-01
    6.6800000000e+04    3.3406228766e-01
    6.6900000000e+04    3.8404900224e-01
    6.7000000000e+04    3.5209785048e-01
    6.7100000000e+04    2.4114449108e-01
    6.7200000000e+04    1.8516613900e-01
    6.7300000000e+04    2.3730039374e-01
    6.7400000000e+04    2.2524718788e-01
    6.7500000000e+04    2.1945898163e-01
    6.7600000000e+04    1.7374237599e-01
    6.7700000000e+04    1.8809889222e-01
    6.7800000000e+04    2.1951298164e-01
    6.7900000000e+04    1.4391003028e-01
    6.8000000000e+04    1.7634504068e-01
    6.8100000000e+04    1.9722090863e-01
    6.8200000000e+04    2.0871982710e-01
    6.8300000000e+04    1.8182937577e-01
    6.8400000000e+04    2.1040297013e-01
    6.8500000000e+04    1.4898755840e-01
    6.8600000000e+04    1.7085287457e-01
    6.8700000000e+04    1.6093182234e-01
    6.8800000000e+04    1.7390678675e-01
    6.8900000000e+04    2.8225292963e-01
    6.9000000000e+04    1.6908746102e-01
    6.9100000000e+04    1.4062561655e-01
    6.9200000000e+04    1.5514508003e-01
    6.9300000000e+04    1.5011932432e-01
    6.9400000000e+04    1.4425980766e-01
    6.9500000000e+04    2.0238213565e-01
    6.9600000000e+04    1.5810770383e-01
    6.9700000000e+04    1.6662427381e-01
    6.9800000000e+04    1.6612108693e-01
    6.9900000000e+04    1.7081302979e-01
    7.0000000000e+04    1.6298479868e-01
    7.0100000000e+04    1.4986360284e-01
    7.0200000000e+04    1.8676406312e-01
    7.0300000000e+04    1.8327719480e-01
    7.0400000000e+04    1.6702239829e-01
    7.0500000000e+04    1.8211287839e-01
    7.0600000000e+04    1.8712394555e-01
    7.0700000000e+04    1.5686655099e-01
    7.0800000000e+04    1.5253649297e-01
    7.0900000000e+04    1.6506236867e-01
    7.1000000000e+04    1.4684222762e-01
    7.1100000000e+04    1.5448203906e-01
    7.1200000000e+04    1.8185946080e-01
    7.1300000000e+04    1.4892837439e-01
    7.1400000000e+04    1.6448455270e-01
    7.1500000000e+04    1.6380633056e-01
    7.1600000000e+04    1.8636440486e-01
    7.1700000000e+04    1.4461807699e-01
    7.1800000000e+04    1.5978220425e-01
    7.1900000000e+04    1.6186849125e-01
    7.2000000000e+04    1.4894525750e-01
    7.2100000000e+04    1.6423024455e-01
    7.2200000000e+04    1.4506249857e-01
    7.2300000000e+04    1.5379950106e-01
    7.2400000000e+04    1.4391142744e-01
    7.2500000000e+04    1.3296022167e-01
    7.2600000000e+04    1.6302722455e-01
    7.2700000000e+04    1.4438072990e-01
    7.2800000000e+04    1.5311219730e-01
    7.2900000000e+04    1.8896071738e-01
    7.3000000000e+04    1.5937092381e-01
    7.3100000000e+04    1.4889565225e-01
    7.3200000000e+04    1.4428954403e-01
    7.3300000000e+04    1.5621582286e-01
    7.3400000000e+04    1.6851881951e-01
    7.3500000000e+04    1.6157723768e-01
    7.3600000000e+04    1.8482509525e-01
    7.3700000000e+04    1.6918868218e-01
    7.3800000000e+04    1.6021012425e-01
    7.3900000000e+04    1.5477124694e-01
    7.4000000000e+04    1.7501110028e-01
    7.4100000000e+04    1.5194637163e-01
    7.4200000000e+04    1.6309373241e-01
    7.4300000000e+04    1.5387599885e-01
    7.4400000000e+04    1.6542122361e-01
    7.4500000000e+04    1.5782668781e-01
    7.4600000000e+04    1.4002005724e-01
    7.4700000000e+04    1.6534298847e-01
    7.4800000000e+04    1.5478071433e-01
    7.4900000000e+04    1.7830741204e-01
    7.5000000000e+04    1.3278954720e-01
    7.5100000000e+04    1.7635860668e-01
    7.5200000000e+04    1.3865865837e-01
    7.5300000000e+04    1.6607233182e-01
    7.5400000000e+04    1.4372774827e-01
    7.5500000000e+04    1.4022539953e-01
    7.5600000000e+04    1.5493438219e-01
    7.5700000000e+04    1.7135143425e-01
    7.5800000000e+04    2.1060697448e-01
    7.5900000000e+04    1.4422368329e-01
    7.6000000000e+04    1.9298312797e-01
    7.6100000000e+04    1.8103432045e-01
    7.6200000000e+04    1.5749953819e-01
    7.6300000000e+04    1.8036054155e-01
    7.6400000000e+04    2.5475072479e-01
    7.6500000000e+04    1.6010550024e-01
    7.6600000000e+04    1.4144822023e-01
    7.6700000000e+04    1.8454591685e-01
    7.6800000000e+04    2.1717709707e-01
    7.6900000000e+04    1.5179285184e-01
    7.7000000000e+04    1.3995328116e-01
    7.7100000000e+04    2.1035613037e-01
    7.7200000000e+04    2.0535171283e-01
    7.7300000000e+04    1.5576108445e-01
    7.7400000000e+04    1.2879918596e-01
    7.7500000000e+04    1.3657590117e-01
    7.7600000000e+04    1.7976492290e-01
    7.7700000000e+04    1.8963361351e-01
    7.7800000000e+04    1.6241791807e-01
    7.7900000000e+04    2.0511620767e-01
    7.8000000000e+04    1.5480991969e-01
    7.8100000000e+04    1.6425028733e-01
    7.8200000000e+04    1.5474621698e-01
    7.8300000000e+04    1.6266220684e-01
    7.8400000000e+04    1.4355361685e-01
    7.8500000000e+04    1.7665571684e-01
    7.8600000000e+04    1.4488262749e-01
    7.8700000000e+04    1.5869740236e-01
    7.8800000000e+04    1.5865228730e-01
    7.8900000000e+04    1.4591018394e-01
    7.9000000000e+04    1.6359632790e-01
    7.9100000000e+04    1.4502586816e-01
    7.9200000000e+04    1.3707156091e-01
    7.9300000000e+04    1.4310573496e-01
    7.9400000000e+04    1.5027957345e-01
    7.9500000000e+04    1.3408574052e-01
    7.9600000000e+04    1.5804840560e-01
    7.9700000000e+04    1.6279852873e-01
    7.9800000000e+04    1.7275423847e-01
    7.9900000000e+04    2.2761120336e-01
    8.0000000000e+04    1.4213616902e-01
    8.0100000000e+04    1.4410202498e-01
    8.0200000000e+04    1.5765607548e-01
    8.0300000000e+04    1.5167389091e-01
    8.0400000000e+04    1.5366189717e-01
    8.0500000000e+04    1.4906382961e-01
    8.0600000000e+04    1.6705980669e-01
    8.0700000000e+04    1.5843713729e-01
    8.0800000000e+04    1.4405386801e-01
    8.0900000000e+04    1.4611357493e-01
    8.1000000000e+04    1.6398085485e-01
    8.1100000000e+04    1.6695708853e-01
    8.1200000000e+04    1.6231177095e-01
    8.1300000000e+04    1.7513655437e-01
    8.1400000000e+04    1.4463670094e-01
    8.1500000000e+04    1.6256823143e-01
    8.1600000000e+04    1.6699092297e-01
    8.1700000000e+04    1.7582017883e-01
    8.1800000000e+04    1.4973671681e-01
    8.1900000000e+04    1.4675233649e-01
    8.2000000000e+04    1.5409929141e-01
    8.2100000000e+04    1.5582123629e-01
    8.2200000000e+04    1.7231830211e-01
    8.2300000000e+04    2.2142124637e-01
    8.2400000000e+04    1.9540544321e-01
    8.2500000000e+04    1.6398590711e-01
    8.2600000000e+04    1.4321223325e-01
    8.2700000000e+04    1.4702161501e-01
    8.2800000000e+04    1.6168962019e-01
    8.2900000000e+04    2.2133786685e-01
    8.3000000000e+04    1.6953760282e-01
    8.3100000000e+04    1.4608235198e-01
    8.3200000000e+04    1.7418989298e-01
    8.3300000000e+04    1.5131428695e-01
    8.3400000000e+04    1.4847044947e-01
    8.3500000000e+04    1.7229120660e-01
    8.3600000000e+04    1.5923745961e-01
    8.3700000000e+04    1.4512094820e-01
    8.3800000000e+04    1.6810548051e-01
    8.3900000000e+04    1.4846136827e-01
    8.4000000000e+04    1.4226376989e-01
    8.4100000000e+04    1.5860414618e-01
    8.4200000000e+04    1.5252619148e-01
    8.4300000000e+04    1.6869658952e-01
    8.4400000000e+04    1.3845327910e-01
    8.4500000000e+04    1.4663074758e-01
    8.4600000000e+04    1.4585077496e-01
    8.4700000000e+04    1.8040844274e-01
    8.4800000000e+04    1.3249920647e-01
    8.4900000000e+04    1.5281096284e-01
    8.5000000000e+04    1.8044155904e-01
    8.5100000000e+04    1.4583376752e-01
    8.5200000000e+04    2.0165118214e-01
    8.5300000000e+04    1.5309645214e-01
    8.5400000000e+04    1.3990629419e-01
    8.5500000000e+04    1.6319775466e-01
    8.5600000000e+04    2.0348030995e-01
    8.5700000000e+04    1.4979741550e-01
    8.5800000000e+04    1.4549932025e-01
    8.5900000000e+04    1.3846000418e-01
    8.6000000000e+04    1.8106909075e-01
    8.6100000000e+04    1.6198536468e-01
    8.6200000000e+04    1.6738563016e-01
    8.6300000000e+04    1.6732834094e-01
    8.6400000000e+04    1.7269570471e-01
    8.6500000000e+04    1.6070070690e-01
    8.6600000000e+04    1.5540867635e-01
    8.6700000000e+04    1.6030314978e-01
    8.6800000000e+04    2.1608746635e-01
    8.6900000000e+04    1.5330682251e-01
    8.7000000000e+04    1.5999000674e-01
    8.7100000000e+04    1.3905773563e-01
    8.7200000000e+04    1.3420979583e-01
    8.7300000000e+04    1.6464568930e-01
    8.7400000000e+04    1.5633294245e-01
    8.7500000000e+04    1.6994580301e-01
    8.7600000000e+04    1.7830143238e-01
    8.7700000000e+04    1.3995571852e-01
    8.7800000000e+04    1.5259228427e-01
    8.7900000000e+04    1.4106534885e-01
    8.8000000000e+04    1.6132913672e-01
    8.8100000000e+04    2.1093873154e-01
    8.8200000000e+04    1.4539492588e-01
    8.8300000000e+04    1.6020283366e-01
    8.8400000000e+04    1.5343324320e-01
    8.8500000000e+04    1.6109712767e-01
    8.8600000000e+04    2.1710698143e-01
    8.8700000000e+04    1.5066663114e-01
    8.8800000000e+04    2.1736464295e-01
    8.8900000000e+04    2.0810625004e-01
    8.9000000000e+04    4.0588994211e-01
    8.9100000000e+04    3.9900455840e-01
    8.9200000000e+04    2.8708706386e-01
    8.9300000000e+04    3.7490909915e-01
    8.9400000000e+04    3.5963043885e-01
    8.9500000000e+04    3.8307974129e-01
    8.9600000000e+04    3.0850118874e-01
    8.9700000000e+04    3.5974432141e-01
    8.9800000000e+04    3.1602401520e-01
    8.9900000000e+04    3.3920152253e-01
    9.0000000000e+04    3.3020863132e-01
    9.0100000000e+04    3.1961478631e-01
    9.0200000000e+04    4.3655305309e-01
    9.0300000000e+04    3.6400821741e-01
    9.0400000000e+04    3.2972618510e-01
    9.0500000000e+04    4.5573150001e-01
    9.0600000000e+04    4.2668442668e-01
    9.0700000000e+04    3.6022528750e-01
    9.0800000000e+04    3.8368948401e-01
    9.0900000000e+04    3.1883275688e-01
    9.1000000000e+04    3.9433718962e-01
    9.1100000000e+04    3.7330352909e-01
    9.1200000000e+04    1.4150536857e-01
    9.1300000000e+04    1.3539924649e-01
    9.1400000000e+04    1.5448327686e-01
    9.1500000000e+04    1.5997476813e-01
    9.1600000000e+04    1.5865829563e-01
    9.1700000000e+04    1.5454290827e-01
    9.1800000000e+04    1.6987312192e-01
    9.1900000000e+04    1.8756342925e-01
    9.2000000000e+04    1.6670811312e-01
    9.2100000000e+04    1.6744865206e-01
    9.2200000000e+04    1.5677364806e-01
    9.2300000000e+04    1.4265599665e-01
    9.2400000000e+04    1.5435188505e-01
    9.2500000000e+04    1.6520882052e-01
    9.2600000000e+04    1.9066678442e-01
    9.2700000000e+04    1.6979675083e-01
    9.2800000000e+04    1.6154812207e-01
    9.2900000000e+04    1.8295483153e-01
    9.3000000000e+04    1.4889231792e-01
    9.3100000000e+04    2.1876557414e-01
    9.3200000000e+04    2.2916131840e-01
    9.3300000000e+04    2.1632251461e-01
    9.3400000000e+04    3.0632211532e-01
    9.3500000000e+04    1.9586284394e-01
    9.3600000000e+04    2.7147430598e-01
    9.3700000000e+04    2.1332066942e-01
    9.3800000000e+04    2.5019256865e-01
    9.3900000000e+04    3.4068210107e-01
    9.4000000000e+04    2.1546237303e-01
    9.4100000000e+04    3.7004088834e-01
    9.4200000000e+04    2.1455355288e-01
    9.4300000000e+04    2.6386114931e-01
    9.4400000000e+04    2.3433501109e-01
    9.4500000000e+04    3.3495024109e-01
    9.4600000000e+04    2.1773299850e-01
    9.4700000000e+04    2.4620360373e-01
    9.4800000000e+04    2.7850385436e-01
    9.4900000000e+04    2.7489708960e-01
    9.5000000000e+04    2.7061777856e-01
    9.5100000000e+04    2.4506157595e-01
    9.5200000000e+04    2.8941591889e-01
    9.5300000000e+04    2.1398714737e-01
    9.5400000000e+04    2.2653975912e-01
    9.5500000000e+04    2.1161718712e-01
    9.5600000000e+04    3.0402690931e-01
    9.5700000000e+04    2.3259576071e-01
    9.5800000000e+04    2.1532074590e-01
    9.5900000000e+04    2.4592916783e-01
    9.6000000000e+04    2.1065218179e-01
    9.6100000000e+04    2.0212307322e-01
    9.6200000000e+04    2.3126047430e-01
    9.6300000000e+04    3.1369608725e-01
    9.6400000000e+04    2.2013223182e-01
    9.6500000000e+04    2.9990925374e-01
    9.6600000000e+04    2.3586815646e-01
    9.6700000000e+04    2.5099892053e-01
    9.6800000000e+04    2.7791755769e-01
    9.6900000000e+04    2.9534169934e-01
    9.7000000000e+04    2.7136716580e-01
    9.7100000000e+04    3.8586176043e-01
    9.7200000000e+04    2.7348556307e-01
    9.7300000000e+04    2.3108499241e-01
    9.7400000000e+04    2.7094191854e-01
    9.7500000000e+04    2.4433225376e-01
    9.7600000000e+04    2.4913086561e-01
    9.7700000000e+04    3.0637062961e-01
    9.7800000000e+04    2.3797359661e-01
    9.7900000000e+04    2.7110491444e-01
    9.8000000000e+04    2.1393156339e-01
    9.8100000000e+04    1.5682520146e-01
    9.8200000000e+04    1.5089024449e-01
    9.8300000000e+04    1.7348068004e-01
    9.8400000000e+04    1.5788918500e-01
    9.8500000000e+04    2.4866018461e-01
    9.8600000000e+04    1.4518775051e-01
    9.8700000000e+04    1.7365769273e-01
    9.8800000000e+04    2.0025503370e-01
    9.8900000000e+04    1.7612022976e-01
    9.9000000000e+04    1.5399964293e-01
    9.9100000000e+04    1.9471107543e-01
    9.9200000000e+04    2.2014756861e-01
    9.9300000000e+04    1.5266929107e-01
    9.9400000000e+04    1.4604097274e-01
    9.9500000000e+04    1.3359939945e-01
    9.9600000000e+04    1.5020847952e-01
    9.9700000000e+04    1.4560703117e-01
    9.9800000000e+04    1.6991278354e-01
    9.9900000000e+04    1.4495333627e-01
    1.0000000000e+05    1.4691924957e-01
    1.0010000000e+05    1.5511558072e-01
    1.0020000000e+05    2.1836064680e-01
    1.0030000000e+05    1.8437237025e-01
    1.0040000000e+05    1.8484746425e-01
    1.0050000000e+05    1.9669402239e-01
    1.0060000000e+05    1.5717562773e-01
    1.0070000000e+05    1.4154791219e-01
    1.0080000000e+05    1.4195900772e-01
    1.0090000000e+05    1.7485974987e-01
    1.0100000000e+05    3.9231562087e-01
    1.0110000000e+05    4.7332559787e-01
    1.0120000000e+05    3.9998104203e-01
    1.0130000000e+05    2.5828529341e-01
    1.0140000000e+05    2.7887137221e-01
    1.0150000000e+05    3.2746805469e-01
    1.0160000000e+05    2.4525789715e-01
    1.0170000000e+05    2.2131380443e-01
    1.0180000000e+05    3.0520554990e-01
    1.0190000000e+05    2.5254073169e-01
    1.0200000000e+05    1.1762433352e-01
    1.0210000000e+05    1.3303171489e-01
    1.0220000000e+05    1.2711708209e-01
    1.0230000000e+05    1.4780992090e-01
    1.0240000000e+05    1.5367312490e-01
    1.0250000000e+05    1.4453198935e-01
    1.0260000000e+05    1.6849991101e-01
    1.0270000000e+05    1.2724632912e-01
    1.0280000000e+05    1.5099901047e-01
    1.0290000000e+05    1.5455013567e-01
    1.0300000000e+05    1.3395848595e-01
    1.0310000000e+05    1.2705277826e-01
    1.0320000000e+05    1.2912216675e-01
    1.0330000000e+05    1.2967450343e-01
    1.0340000000e+05    1.3451516468e-01
    1.0350000000e+05    1.3768990665e-01
    1.0360000000e+05    1.2635760085e-01
    1.0370000000e+05    1.4331746400e-01
    1.0380000000e+05    1.3270545618e-01
    1.0390000000e+05    1.4675402015e-01
    1.0400000000e+05    1.4007381509e-01
    1.0410000000e+05    1.8039790922e-01
    1.0420000000e+05    1.6053502631e-01
    1.0430000000e+05    1.4278437041e-01
    1.0440000000e+05    1.3221907395e-01
    1.0450000000e+05    1.4718911081e-01
    1.0460000000e+05    1.7644409253e-01
    1.0470000000e+05    1.5290716022e-01
    1.0480000000e+05    1.2007130417e-01
    1.0490000000e+05    1.4179957624e-01
    1.0500000000e+05    1.4017431731e-01
    1.0510000000e+05    1.5227633821e-01
    1.0520000000e+05    1.3593284632e-01
    1.0530000000e+05    1.4099189701e-01
    1.0540000000e+05    1.4174468879e-01
    1.0550000000e+05    1.4210207221e-01
    1.0560000000e+05    1.3978254152e-01
    1.0570000000e+05    1.4635895715e-01
    1.0580000000e+05    1.3468053261e-01
    1.0590000000e+05    1.5192682477e-01
    1.0600000000e+05    1.6302983773e-01
    1.0610000000e+05    1.2993353004e-01
    1.0620000000e+05    2.1363711017e-01
    1.0630000000e+05    1.4955723470e-01
    1.0640000000e+05    1.7124138612e-01
    1.0650000000e+05    1.5880505575e-01
    1.0660000000e+05    1.4233755726e-01
    1.0670000000e+05    1.2051632352e-01
    1.0680000000e+05    1.3760352713e-01
    1.0690000000e+05    1.5562280347e-01
    1.0700000000e+05    1.3630786810e-01
    1.0710000000e+05    1.4329730055e-01
    1.0720000000e+05    1.2880109490e-01
    1.0730000000e+05    1.2002165310e-01
    1.0740000000e+05    1.3429477674e-01
    1.0750000000e+05    1.4550746645e-01
    1.0760000000e+05    1.3255632031e-01
    1.0770000000e+05    1.2858062861e-01
    1.0780000000e+05    1.4254036563e-01
    1.0790000000e+05    1.5772246334e-01
    1.0800000000e+05    1.7157450223e-01
    1.0810000000e+05    1.7634154684e-01
    1.0820000000e+05    1.8405403457e-01
    1.0830000000e+05    1.5687132895e-01
    1.0840000000e+05    1.0280089339e-01
    1.0850000000e+05    1.4169004251e-01
    1.0860000000e+05    1.3321104830e-01
    1.0870000000e+05    1.2747788344e-01
    1.0880000000e+05    1.3437443326e-01
    1.0890000000e+05    1.1639418069e-01
    1.0900000000e+05    1.1139817869e-01
    1.0910000000e+05    1.1431605399e-01
    1.0920000000e+05    1.1307676606e-01
    1.0930000000e+05    1.1521412027e-01
    1.0940000000e+05    1.0828204426e-01
    1.0950000000e+05    1.3049476473e-01
    1.0960000000e+05    1.3163643357e-01
    1.0970000000e+05    1.4803449363e-01
    1.0980000000e+05    1.2418533381e-01
    1.0990000000e+05    1.1693272433e-01
    1.1000000000e+05    1.2969819843e-01
    1.1010000000e+05    1.8239904995e-01
    1.1020000000e+05    1.3059453725e-01
    1.1030000000e+05    1.2433087866e-01
    1.1040000000e+05    1.5368506257e-01
    1.1050000000e+05    1.2216393307e-01
    1.1060000000e+05    1.1111143941e-01
    1.1070000000e+05    1.3495434689e-01
    1.1080000000e+05    1.0126966167e-01
    1.1090000000e+05    1.1073956839e-01
    1.1100000000e+05    1.3155572928e-01
    1.1110000000e+05    1.1646849832e-01
    1.1120000000e+05    1.1423522472e-01
    1.1130000000e+05    1.0695417968e-01
    1.1140000000e+05    1.2026119583e-01
    1.1150000000e+05    1.1754536524e-01
    1.1160000000e+05    1.1308646212e-01
    1.1170000000e+05    1.1829533552e-01
    1.1180000000e+05    1.3734424898e-01
    1.1190000000e+05    1.3043832707e-01
    1.1200000000e+05    1.3751954823e-01
    1.1210000000e+05    1.2425616012e-01
    1.1220000000e+05    1.4157645726e-01
    1.1230000000e+05    1.2117891315e-01
    1.1240000000e+05    1.3950878125e-01
    1.1250000000e+05    1.2641724835e-01
    1.1260000000e+05    1.2054934744e-01
    1.1270000000e+05    1.2979469331e-01
    1.1280000000e+05    1.3753304459e-01
    1.1290000000e+05    1.3842455879e-01
    1.1300000000e+05    1.5995495171e-01
    1.1310000000e+05    1.3322744906e-01
    1.1320000000e+05    1.7634172609e-01
    1.1330000000e+05    1.3978975891e-01
    1.1340000000e+05    1.1216254301e-01
    1.1350000000e+05    1.0555375216e-01
    1.1360000000e+05    1.6101271902e-01
    1.1370000000e+05    1.3072470723e-01
    1.1380000000e+05    1.2953579612e-01
    1.1390000000e+05    1.9048306957e-01
    1.1400000000e+05    1.2792986892e-01
    1.1410000000e+05    1.4538395584e-01
    1.1420000000e+05    1.5266545146e-01
    1.1430000000e+05    2.3148015576e-01
    1.1440000000e+05    1.7406007442e-01
    1.1450000000e+05    1.1752872078e-01
    1.1460000000e+05    1.3673187357e-01
    1.1470000000e+05    1.3411697971e-01
    1.1480000000e+05    1.2646199487e-01
    1.1490000000e+05    1.6716627181e-01
    1.1500000000e+05    1.6888757207e-01
    1.1510000000e+05    1.3460544599e-01
    1.1520000000e+05    1.2628098919e-01
    1.1530000000e+05    1.4702826701e-01
    1.1540000000e+05    1.1367777094e-01
    1.1550000000e+05    1.1658191402e-01
    1.1560000000e+05    1.3995902727e-01
    1.1570000000e+05    1.3179838006e-01
    1.1580000000e+05    1.4054801526e-01
    1.1590000000e+05    1.2243948447e-01
    1.1600000000e+05    1.3066833567e-01
    1.1610000000e+05    1.2214303966e-01
    1.1620000000e+05    1.2073821794e-01
    1.1630000000e+05    1.4140731253e-01
    1.1640000000e+05    1.5832062182e-01
    1.1650000000e+05    1.6281869077e-01
    1.1660000000e+05    1.0490666460e-01
    1.1670000000e+05    1.6420448053e-01
    1.1680000000e+05    1.2526453514e-01
    1.1690000000e+05    1.6428873190e-01
    1.1700000000e+05    1.2394543339e-01
    1.1710000000e+05    1.6462151937e-01
    1.1720000000e+05    1.2423424125e-01
    1.1730000000e+05    1.4661565298e-01
    1.1740000000e+05    1.4943656624e-01
    1.1750000000e+05    2.2553273840e-01
    1.1760000000e+05    1.2308802612e-01
    1.1770000000e+05    1.3583059048e-01
    1.1780000000e+05    1.4711345690e-01
    1.1790000000e+05    1.2552866073e-01
    1.1800000000e+05    1.4416498245e-01
    1.1810000000e+05    1.3689500103e-01
    1.1820000000e+05    1.6321783827e-01
    1.1830000000e+05    1.4640150764e-01
    1.1840000000e+05    1.2583984996e-01
    1.1850000000e+05    1.5135145292e-01
    1.1860000000e+05    1.2079429468e-01
    1.1870000000e+05    1.4952000211e-01
    1.1880000000e+05    1.0284805117e-01
    1.1890000000e+05    1.3955473144e-01
    1.1900000000e+05    1.2072335612e-01
    1.1910000000e+05    1.2753752252e-01
    1.1920000000e+05    1.2281430985e-01
    1.1930000000e+05    1.5467766107e-01
    1.1940000000e+05    1.4047804162e-01
    1.1950000000e+05    1.3105633243e-01
    1.1960000000e+05    1.2422408737e-01
    1.1970000000e+05    1.5376834402e-01
    1.1980000000e+05    1.1695554756e-01
    1.1990000000e+05    1.4112004665e-01
    1.2000000000e+05    1.1435121398e-01
    1.2010000000e+05    1.3007495217e-01
    1.2020000000e+05    1.1432817705e-01
    1.2030000000e+05    1.3950206115e-01
    1.2040000000e+05    1.1856448171e-01
    1.2050000000e+05    1.3927034132e-01
    1.2060000000e+05    1.1385177607e-01
    1.2070000000e+05    1.2543710905e-01
    1.2080000000e+05    1.3753950382e-01
    1.2090000000e+05    1.3178154469e-01
    1.2100000000e+05    1.2605580383e-01
    1.2110000000e+05    1.2951508844e-01
    1.2120000000e+05    1.5208238218e-01
    1.2130000000e+05    1.1453345091e-01
    1.2140000000e+05    1.4306129856e-01
    1.2150000000e+05    1.2967475073e-01
    1.2160000000e+05    1.2283540740e-01
    1.2170000000e+05    1.1358547245e-01
    1.2180000000e+05    1.1876923739e-01
    1.2190000000e+05    1.2619135852e-01
    1.2200000000e+05    1.4594026888e-01
    1.2210000000e+05    1.1452086008e-01
    1.2220000000e+05    1.2404955501e-01
    1.2230000000e+05    1.1789761737e-01
    1.2240000000e+05    1.2577320914e-01
    1.2250000000e+05    1.4233008503e-01
    1.2260000000e+05    1.3056966236e-01
    1.2270000000e+05    1.2964890685e-01
    1.2280000000e+05    1.4245237515e-01
    1.2290000000e+05    1.2450780889e-01
    1.2300000000e+05    1.2522492115e-01
    1.2310000000e+05    1.5027511057e-01
    1.2320000000e+05    1.4137722222e-01
    1.2330000000e+05    1.3808339874e-01
    1.2340000000e+05    1.5922356055e-01
    1.2350000000e+05    1.2409069683e-01
    1.2360000000e+05    1.2837380670e-01
    1.2370000000e+05    1.1655249820e-01
    1.2380000000e+05    1.5172846139e-01
    1.2390000000e+05    1.2460979278e-01
    1.2400000000e+05    1.4974910374e-01
    1.2410000000e+05    1.2242834221e-01
    1.2420000000e+05    1.3311678009e-01
    1.2430000000e+05    1.2120641281e-01
    1.2440000000e+05    1.3504718000e-01
    1.2450000000e+05    1.3504478990e-01
    1.2460000000e+05    1.1554947638e-01
    1.2470000000e+05    1.4331414824e-01
    1.2480000000e+05    1.2296602099e-01
    1.2490000000e+05    1.0717466021e-01
    1.2500000000e+05    1.6184093925e-01
    1.2510000000e+05    1.1409831099e-01
    1.2520000000e+05    1.4228565986e-01
    1.2530000000e+05    1.2967094096e-01
    1.2540000000e+05    1.3048354363e-01
    1.2550000000e+05    1.4014771770e-01
    1.2560000000e+05    1.4073151293e-01
    1.2570000000e+05    1.3530275786e-01
    1.2580000000e+05    1.1573784248e-01
    1.2590000000e+05    1.3325257807e-01
    1.2600000000e+05    1.5883564975e-01
    1.2610000000e+05    1.2131637005e-01
    1.2620000000e+05    1.2261847784e-01
    1.2630000000e+05    1.5506609376e-01
    1.2640000000e+05    1.4296670605e-01
    1.2650000000e+05    1.1230889116e-01
    1.2660000000e+05    1.2737217317e-01
    1.2670000000e+05    1.4555758534e-01
    1.2680000000e+05    1.2033403280e-01
    1.2690000000e+05    1.3276350709e-01
    1.2700000000e+05    1.3955673611e-01
    1.2710000000e+05    1.4304829333e-01
    1.2720000000e+05    1.4202126838e-01
    1.2730000000e+05    1.3861184537e-01
    1.2740000000e+05    1.5648549051e-01
    1.2750000000e+05    1.2127026594e-01
    1.2760000000e+05    1.3683478112e-01
    1.2770000000e+05    1.3429923473e-01
    1.2780000000e+05    2.1277745381e-01
    1.2790000000e+05    1.2455292267e-01
    1.2800000000e+05    1.2068866937e-01
    1.2810000000e+05    1.3997946444e-01
    1.2820000000e+05    1.7100669866e-01
    1.2830000000e+05    1.2070951914e-01
    1.2840000000e+05    1.2362578868e-01
    1.2850000000e+05    1.2661291549e-01
    1.2860000000e+05    1.4264662342e-01
    1.2870000000e+05    1.6412158740e-01
    1.2880000000e+05    1.3823736644e-01
    1.2890000000e+05    1.5415778780e-01
    1.2900000000e+05    1.2853245906e-01
    1.2910000000e+05    1.3527631830e-01
    1.2920000000e+05    1.3106257852e-01
    1.2930000000e+05    1.6327192951e-01
    1.2940000000e+05    1.0715179130e-01
    1.2950000000e+05    1.6612140368e-01
    1.2960000000e+05    1.1536015540e-01
    1.2970000000e+05    1.2344879221e-01
    1.2980000000e+05    1.7296594575e-01
    1.2990000000e+05    1.4666436799e-01
    1.3000000000e+05    1.3221152077e-01
    1.3010000000e+05    1.3235555439e-01
    1.3020000000e+05    1.4824414780e-01
    1.3030000000e+05    1.8957440802e-01
    1.3040000000e+05    1.6474323096e-01
    1.3050000000e+05    1.1418529480e-01
    1.3060000000e+05    1.3039374424e-01
    1.3070000000e+05    1.1725645952e-01
    1.3080000000e+05    1.1833591123e-01
    1.3090000000e+05    1.0413638218e-01
    1.3100000000e+05    1.1019605970e-01
    1.3110000000e+05    1.4026138720e-01
    1.3120000000e+05    1.1731627529e-01
    1.3130000000e+05    1.3862149373e-01
    1.3140000000e+05    1.2051600104e-01
    1.3150000000e+05    1.1292926043e-01
    1.3160000000e+05    1.3560588160e-01
    1.3170000000e+05    1.2004485714e-01
    1.3180000000e+05    1.4113595646e-01
    1.3190000000e+05    1.0522079403e-01
    1.3200000000e+05    1.1897714536e-01
    1.3210000000e+05    1.3127948901e-01
    1.3220000000e+05    1.2822185453e-01
    1.3230000000e+05    1.3603308380e-01
    1.3240000000e+05    1.1834406330e-01
    1.3250000000e+05    1.1883549778e-01
    1.3260000000e+05    1.3567949959e-01
    1.3270000000e+05    1.6266944528e-01
    1.3280000000e+05    1.2874576597e-01
    1.3290000000e+05    1.3256926794e-01
    1.3300000000e+05    1.2174028889e-01
    1.3310000000e+05    1.3040571780e-01
    1.3320000000e+05    1.1622966294e-01
    1.3330000000e+05    1.1730637358e-01
    1.3340000000e+05    1.1843105816e-01
    1.3350000000e+05    1.6756475523e-01
    1.3360000000e+05    1.3072940557e-01
    1.3370000000e+05    1.3811656088e-01
    1.3380000000e+05    1.2501548319e-01
    1.3390000000e+05    1.2520886721e-01
    1.3400000000e+05    1.3572190929e-01
    1.3410000000e+05    1.3570017130e-01
    1.3420000000e+05    1.4115994698e-01
    1.3430000000e+05    1.1537772988e-01
    1.3440000000e+05    1.3069664582e-01
    1.3450000000e+05    1.4308974855e-01
    1.3460000000e+05    1.4006140655e-01
    1.3470000000e+05    1.4447042374e-01
    1.3480000000e+05    1.3314342791e-01
    1.3490000000e+05    1.5055523734e-01
    1.3500000000e+05    1.2475171727e-01
    1.3510000000e+05    1.7133452602e-01
    1.3520000000e+05    1.4000503599e-01
    1.3530000000e+05    1.4667043167e-01
    1.3540000000e+05    1.1378486992e-01
    1.3550000000e+05    1.6366917475e-01
    1.3560000000e+05    1.4468345375e-01
    1.3570000000e+05    1.4534547033e-01
    1.3580000000e+05    1.4047026796e-01
    1.3590000000e+05    1.0959506926e-01
    1.3600000000e+05    1.0484114408e-01
    1.3610000000e+05    1.3957586143e-01
    1.3620000000e+05    1.0401656967e-01
    1.3630000000e+05    1.4519569466e-01
    1.3640000000e+05    1.1171113768e-01
    1.3650000000e+05    1.4000357005e-01
    1.3660000000e+05    1.2839016862e-01
    1.3670000000e+05    1.1605288273e-01
    1.3680000000e+05    1.2958544684e-01
    1.3690000000e+05    1.2342480994e-01
    1.3700000000e+05    1.3031088765e-01
    1.3710000000e+05    1.3716592931e-01
    1.3720000000e+05    1.5356924580e-01
    1.3730000000e+05    1.3438413725e-01
    1.3740000000e+05    1.1523736355e-01
    1.3750000000e+05    1.3293612227e-01
    1.3760000000e+05    1.3339148464e-01
    1.3770000000e+05    1.2093476020e-01
    1.3780000000e+05    1.1644085219e-01
    1.3790000000e+05    1.2445087383e-01
    1.3800000000e+05    1.1808586386e-01
    1.3810000000e+05    1.1599993089e-01
    1.3820000000e+05    1.3292282538e-01
    1.3830000000e+05    1.2416543069e-01
    1.3840000000e+05    1.2139572742e-01
    1.3850000000e+05    1.1560108603e-01
    1.3860000000e+05    1.2435235494e-01
    1.3870000000e+05    1.1067418361e-01
    1.3880000000e+05    1.2811493471e-01
    1.3890000000e+05    1.2794980356e-01
    1.3900000000e+05    1.1682539389e-01
    1.3910000000e+05    1.6026757248e-01
    1.3920000000e+05    1.2521207952e-01
    1.3930000000e+05    1.1755905431e-01
    1.3940000000e+05    1.2992822830e-01
    1.3950000000e+05    1.1513263849e-01
    1.3960000000e+05    1.2275517701e-01
    1.3970000000e+05    1.4412737356e-01
    1.3980000000e+05    1.5092368968e-01
    1.3990000000e+05    1.3648282433e-01
    1.4000000000e+05    1.1458708634e-01
    1.4010000000e+05    1.2861905129e-01
    1.4020000000e+05    1.4272098668e-01
    1.4030000000e+05    1.5034736953e-01
    1.4040000000e+05    1.3672163140e-01
    1.4050000000e+05    1.2848518164e-01
    1.4060000000e+05    1.5300368000e-01
    1.4070000000e+05    1.6092126350e-01
    1.4080000000e+05    1.5644791317e-01
    1.4090000000e+05    1.4520778593e-01
    1.4100000000e+05    1.2500803405e-01
    1.4110000000e+05    1.9750319946e-01
    1.4120000000e+05    1.6600338243e-01
    1.4130000000e+05    1.2844027006e-01
    1.4140000000e+05    1.3088235459e-01
    1.4150000000e+05    1.7593777925e-01
    1.4160000000e+05    1.4499959481e-01
    1.4170000000e+05    1.5741525373e-01
    1.4180000000e+05    1.6256841917e-01
    1.4190000000e+05    1.3430958887e-01
    1.4200000000e+05    1.4125161064e-01
    1.4210000000e+05    1.8900908010e-01
    1.4220000000e+05    1.2620105924e-01
    1.4230000000e+05    1.1854929977e-01
    1.4240000000e+05    1.7033834164e-01
    1.4250000000e+05    1.3726259458e-01
    1.4260000000e+05    1.4231410895e-01
    1.4270000000e+05    1.2742707252e-01
    1.4280000000e+05    1.4693331744e-01
    1.4290000000e+05    1.2962852593e-01
    1.4300000000e+05    1.2239268372e-01
    1.4310000000e+05    1.3985392311e-01
    1.4320000000e+05    1.3019075902e-01
    1.4330000000e+05    1.3441732066e-01
    1.4340000000e+05    1.2191617460e-01
    1.4350000000e+05    1.3293062319e-01
    1.4360000000e+05    9.9663900729e-02
    1.4370000000e+05    1.7891988044e-01
    1.4380000000e+05    1.5444508457e-01
    1.4390000000e+05    1.2368795706e-01
    1.4400000000e+05    1.1612754659e-01
    1.4410000000e+05    1.5931721553e-01
    1.4420000000e+05    1.8205506852e-01
    1.4430000000e+05    1.1211542193e-01
    1.4440000000e+05    1.3249350968e-01
    1.4450000000e+05    1.2206457492e-01
    1.4460000000e+05    1.1218969204e-01
    1.4470000000e+05    1.4098542848e-01
    1.4480000000e+05    1.0790487807e-01
    1.4490000000e+05    1.6053957105e-01
    1.4500000000e+05    1.4651970170e-01
    1.4510000000e+05    1.6993019826e-01
    1.4520000000e+05    1.4400304090e-01
    1.4530000000e+05    1.3420252367e-01
    1.4540000000e+05    1.4415655800e-01
    1.4550000000e+05    1.3820042019e-01
    1.4560000000e+05    1.3762808095e-01
    1.4570000000e+05    1.3195689851e-01
    1.4580000000e+05    1.5874068572e-01
    1.4590000000e+05    1.3952716702e-01
    1.4600000000e+05    1.3204489072e-01
    1.4610000000e+05    1.3079794068e-01
    1.4620000000e+05    1.2795240524e-01
    1.4630000000e+05    1.1807718086e-01
    1.4640000000e+05    1.2012227995e-01
    1.4650000000e+05    1.3452306491e-01
    1.4660000000e+05    1.2148409615e-01
    1.4670000000e+05    1.5351568453e-01
    1.4680000000e+05    1.1827521293e-01
    1.4690000000e+05    1.4672245949e-01
    1.4700000000e+05    1.4045811007e-01
    1.4710000000e+05    1.5149491245e-01
    1.4720000000e+05    1.4712528822e-01
    1.4730000000e+05    1.5861730769e-01
    1.4740000000e+05    1.4264148829e-01
    1.4750000000e+05    2.1372667419e-01
    1.4760000000e+05    1.4086127905e-01
    1.4770000000e+05    1.4329318141e-01
    1.4780000000e+05    1.8571939125e-01
    1.4790000000e+05    1.6744132149e-01
    1.4800000000e+05    2.1552127409e-01
    1.4810000000e+05    3.1028945721e-01
    1.4820000000e+05    2.3708113170e-01
    1.4830000000e+05    3.7282179513e-01
    1.4840000000e+05    1.8936030354e-01
    1.4850000000e+05    3.4383140013e-01
    1.4860000000e+05    2.9190030711e-01
    1.4870000000e+05    2.3690214119e-01
    1.4880000000e+05    2.0219273082e-01
    1.4890000000e+05    2.4042035085e-01
    1.4900000000e+05    2.3614806920e-01
    1.4910000000e+05    2.0323716952e-01
    1.4920000000e+05    2.9300204298e-01
    1.4930000000e+05    2.8361186948e-01
    1.4940000000e+05    3.3956400771e-01
    1.4950000000e+05    3.1702723201e-01
    1.4960000000e+05    2.5046627825e-01
    1.4970000000e+05    2.4569213973e-01
    1.4980000000e+05    2.5080030197e-01
    1.4990000000e+05    2.5284952581e-01
    1.5000000000e+05    1.9190272520e-01
    1.5010000000e+05    1.9412793073e-01
    1.5020000000e+05    2.5218372744e-01
    1.5030000000e+05    2.0144014239e-01
    1.5040000000e+05    2.6575851722e-01
    1.5050000000e+05    2.6274348066e-01
    1.5060000000e+05    1.5668471873e-01
    1.5070000000e+05    1.3584697923e-01
    1.5080000000e+05    1.7613511417e-01
    1.5090000000e+05    1.7999207293e-01
    1.5100000000e+05    1.6401996808e-01
    1.5110000000e+05    1.6396446615e-01
    1.5120000000e+05    1.7238995803e-01
    1.5130000000e+05    1.3567658443e-01
    1.5140000000e+05    1.8141389879e-01
    1.5150000000e+05    1.7100588618e-01
    1.5160000000e+05    1.4662737806e-01
    1.5170000000e+05    1.3814296066e-01
    1.5180000000e+05    1.4368946429e-01
    1.5190000000e+05    1.5791363775e-01
    1.5200000000e+05    1.5886746071e-01
    1.5210000000e+05    1.7873885754e-01
    1.5220000000e+05    1.5948714928e-01
    1.5230000000e+05    1.5838056513e-01
    1.5240000000e+05    1.6357955667e-01
    1.5250000000e+05    1.4864913421e-01
    1.5260000000e+05    1.6985264525e-01
    1.5270000000e+05    1.2986857079e-01
    1.5280000000e+05    1.7680769136e-01
    1.5290000000e+05    1.6994523726e-01
    1.5300000000e+05    1.7077943557e-01
    1.5310000000e+05    1.9751378316e-01
    1.5320000000e+05    2.1179869165e-01
    1.5330000000e+05    1.9178069213e-01
    1.5340000000e+05    1.3821011448e-01
    1.5350000000e+05    1.6234100193e-01
    1.5360000000e+05    1.7131212951e-01
    1.5370000000e+05    1.5228248169e-01
    1.5380000000e+05    1.3380097204e-01
    1.5390000000e+05    1.9568800076e-01
    1.5400000000e+05    1.5622886258e-01
    1.5410000000e+05    1.5975870298e-01
    1.5420000000e+05    1.6425100939e-01
    1.5430000000e+05    1.5303665651e-01
    1.5440000000e+05    1.5708695398e-01
    1.5450000000e+05    1.6533375304e-01
    1.5460000000e+05    1.2603060633e-01
    1.5470000000e+05    1.7540921610e-01
    1.5480000000e+05    1.6261531717e-01
    1.5490000000e+05    1.8521417243e-01
    1.5500000000e+05    1.4448576215e-01
    1.5510000000e+05    1.5237011396e-01
    1.5520000000e+05    1.6361228613e-01
    1.5530000000e+05    1.8303823754e-01
    1.5540000000e+05    1.4030930070e-01
    1.5550000000e+05    1.7159813102e-01
    1.5560000000e+05    1.5698348874e-01
    1.5570000000e+05    1.3975461803e-01
    1.5580000000e+05    1.6141500277e-01
    1.5590000000e+05    1.7552158117e-01
    1.5600000000e+05    1.5972529982e-01
    1.5610000000e+05    1.7137669322e-01
    1.5620000000e+05    1.5922832614e-01
    1.5630000000e+05    1.7390902269e-01
    1.5640000000e+05    1.3941428884e-01
    1.5650000000e+05    1.8278609800e-01
    1.5660000000e+05    1.7542834651e-01
    1.5670000000e+05    2.1788538719e-01
    1.5680000000e+05    1.5626465510e-01
    1.5690000000e+05    1.3191951866e-01
    1.5700000000e+05    1.2654042233e-01
    1.5710000000e+05    1.4047288672e-01
    1.5720000000e+05    1.4430966507e-01
    1.5730000000e+05    1.4083816370e-01
    1.5740000000e+05    1.4846544360e-01
    1.5750000000e+05    1.4057623932e-01
    1.5760000000e+05    1.6686472548e-01
    1.5770000000e+05    2.1119034636e-01
    1.5780000000e+05    1.4921325271e-01
    1.5790000000e+05    1.7321272833e-01
    1.5800000000e+05    1.6542054553e-01
    1.5810000000e+05    1.5788117566e-01
    1.5820000000e+05    2.2551731023e-01
    1.5830000000e+05    1.7753360631e-01
    1.5840000000e+05    1.3595269124e-01
    1.5850000000e+05    2.1544504959e-01
    1.5860000000e+05    1.8399579247e-01
    1.5870000000e+05    2.1938957859e-01
    1.5880000000e+05    1.8081938346e-01
    1.5890000000e+05    1.4547002298e-01
    1.5900000000e+05    1.4874078821e-01
    1.5910000000e+05    1.5489336446e-01
    1.5920000000e+05    1.4057668395e-01
    1.5930000000e+05    1.2848108601e-01
    1.5940000000e+05    1.4689854185e-01
    1.5950000000e+05    1.6241954068e-01
    1.5960000000e+05    1.7942575186e-01
    1.5970000000e+05    2.0264582412e-01
    1.5980000000e+05    1.4651323731e-01
    1.5990000000e+05    1.6260309563e-01
    1.6000000000e+05    1.4573520950e-01
    1.6010000000e+05    1.5285682245e-01
    1.6020000000e+05    1.6228677083e-01
    1.6030000000e+05    1.8816029670e-01
    1.6040000000e+05    1.9337700343e-01
    1.6050000000e+05    1.7179425893e-01
    1.6060000000e+05    1.5464287058e-01
    1.6070000000e+05    1.6460119497e-01
    1.6080000000e+05    1.5503425600e-01
    1.6090000000e+05    1.6048956234e-01
    1.6100000000e+05    1.3691892695e-01
    1.6110000000e+05    1.5297242037e-01
    1.6120000000e+05    1.3541890054e-01
    1.6130000000e+05    1.4199169252e-01
    1.6140000000e+05    2.1860653677e-01
    1.6150000000e+05    1.6124169540e-01
    1.6160000000e+05    2.0021014354e-01
    1.6170000000e+05    1.8005801976e-01
    1.6180000000e+05    1.6101963595e-01
    1.6190000000e+05    1.6378006333e-01
    1.6200000000e+05    1.4381360080e-01
    1.6210000000e+05    1.5657601323e-01
    1.6220000000e+05    1.6295249944e-01
    1.6230000000e+05    1.4892723161e-01
    1.6240000000e+05    1.8408904595e-01
    1.6250000000e+05    1.4429408502e-01
    1.6260000000e+05    1.4738208477e-01
    1.6270000000e+05    1.8202561242e-01
    1.6280000000e+05    1.3433662360e-01
    1.6290000000e+05    1.4293130160e-01
    1.6300000000e+05    1.8659024447e-01
    1.6310000000e+05    1.3221447575e-01
    1.6320000000e+05    1.2353115487e-01
    1.6330000000e+05    1.5797633023e-01
    1.6340000000e+05    1.4964947065e-01
    1.6350000000e+05    1.5368587498e-01
    1.6360000000e+05    1.6846854234e-01
    1.6370000000e+05    1.7848419524e-01
    1.6380000000e+05    1.7871890025e-01
    1.6390000000e+05    1.6776414295e-01
    1.6400000000e+05    1.9433229457e-01
    1.6410000000e+05    1.6433969392e-01
    1.6420000000e+05    1.9704663978e-01
    1.6430000000e+05    1.6790286978e-01
    1.6440000000e+05    1.6848995939e-01
    1.6450000000e+05    1.5888633704e-01
    1.6460000000e+05    1.8417705961e-01
    1.6470000000e+05    1.9455609199e-01
    1.6480000000e+05    2.1989733300e-01
    1.6490000000e+05    2.1280056782e-01
    1.6500000000e+05    1.4301550405e-01
    1.6510000000e+05    1.7640343771e-01
    1.6520000000e+05    1.7821943913e-01
    1.6530000000e+05    1.7073635462e-01
    1.6540000000e+05    1.4784852270e-01
    1.6550000000e+05    1.8006289246e-01
    1.6560000000e+05    1.6255315408e-01
    1.6570000000e+05    1.5817046712e-01
    1.6580000000e+05    1.8134847384e-01
    1.6590000000e+05    1.6318285747e-01
    1.6600000000e+05    1.6894555258e-01
    1.6610000000e+05    1.7207786665e-01
    1.6620000000e+05    1.4874531890e-01
    1.6630000000e+05    1.6592846386e-01
    1.6640000000e+05    1.6350937683e-01
    1.6650000000e+05    1.5115983361e-01
    1.6660000000e+05    1.5184556876e-01
    1.6670000000e+05    1.5799132808e-01
    1.6680000000e+05    1.3071524637e-01
    1.6690000000e+05    1.5723116874e-01
    1.6700000000e+05    1.7407739606e-01
    1.6710000000e+05    1.7951186285e-01
    1.6720000000e+05    1.3473551700e-01
    1.6730000000e+05    1.4847366785e-01
    1.6740000000e+05    1.5627086166e-01
    1.6750000000e+05    1.6255442875e-01
    1.6760000000e+05    1.4319034603e-01
    1.6770000000e+05    1.6738434830e-01
    1.6780000000e+05    1.4456073996e-01
    1.6790000000e+05    1.7506065852e-01
    1.6800000000e+05    1.7895087653e-01
    1.6810000000e+05    1.4191674213e-01
    1.6820000000e+05    1.9202918331e-01
    1.6830000000e+05    1.5722481549e-01
    1.6840000000e+05    1.6163080859e-01
    1.6850000000e+05    1.4249595074e-01
    1.6860000000e+05    1.4870806477e-01
    1.6870000000e+05    1.4084371526e-01
    1.6880000000e+05    1.4455368006e-01
    1.6890000000e+05    1.7374212050e-01
    1.6900000000e+05    1.5230664343e-01
    1.6910000000e+05    1.3588275508e-01
    1.6920000000e+05    1.5580242903e-01
    1.6930000000e+05    1.8336473400e-01
    1.6940000000e+05    1.7834947525e-01
    1.6950000000e+05    1.7853859724e-01
    1.6960000000e+05    1.7417005287e-01
    1.6970000000e+05    2.1252266749e-01
    1.6980000000e+05    1.6313242030e-01
    1.6990000000e+05    1.9226876085e-01
    1.7000000000e+05    1.6721424508e-01
    1.7010000000e+05    1.5832953212e-01
    1.7020000000e+05    1.8749900721e-01
    1.7030000000e+05    1.7489692652e-01
    1.7040000000e+05    1.6407474077e-01
    1.7050000000e+05    1.7064319684e-01
    1.7060000000e+05    1.4883301515e-01
    1.7070000000e+05    1.5062884945e-01
    1.7080000000e+05    1.8879921580e-01
    1.7090000000e+05    1.7425373777e-01
    1.7100000000e+05    1.6049651506e-01
    1.7110000000e+05    1.7712916938e-01
    1.7120000000e+05    2.1675672145e-01
    1.7130000000e+05    1.7328751954e-01
    1.7140000000e+05    1.9692431521e-01
    1.7150000000e+05    1.8531282307e-01
    1.7160000000e+05    1.6817233676e-01
    1.7170000000e+05    1.4497811332e-01
    1.7180000000e+05    1.4184065935e-01
    1.7190000000e+05    1.7935290825e-01
    1.7200000000e+05    1.1672983397e-01
    1.7210000000e+05    1.5545792977e-01
    1.7220000000e+05    1.6545682186e-01
    1.7230000000e+05    1.5419561226e-01
    1.7240000000e+05    1.2513983405e-01
    1.7250000000e+05    1.7172547052e-01
    1.7260000000e+05    1.0479996318e-01
    1.7270000000e+05    1.1260584893e-01
    1.7280000000e+05    1.1786626681e-01
    1.7290000000e+05    1.3046458394e-01
    1.7300000000e+05    1.1758758256e-01
    1.7310000000e+05    1.4715448668e-01
    1.7320000000e+05    1.5893047058e-01
    1.7330000000e+05    1.3782437054e-01
    1.7340000000e+05    1.3497496483e-01
    1.7350000000e+05    1.1449991074e-01
    1.7360000000e+05    1.2795324586e-01
    1.7370000000e+05    1.2245003563e-01
    1.7380000000e+05    1.7049887897e-01
    1.7390000000e+05    1.2767538273e-01
    1.7400000000e+05    1.3202738516e-01
    1.7410000000e+05    1.4277052628e-01
    1.7420000000e+05    1.4460107192e-01
    1.7430000000e+05    1.7368191597e-01
    1.7440000000e+05    1.5126421575e-01
    1.7450000000e+05    1.5260673667e-01
    1.7460000000e+05    2.0535784462e-01
    1.7470000000e+05    1.4630123349e-01
    1.7480000000e+05    1.4628466863e-01
    1.7490000000e+05    1.1502314574e-01
    1.7500000000e+05    1.2466360686e-01
    1.7510000000e+05    1.3642950918e-01
    1.7520000000e+05    1.3207376489e-01
    1.7530000000e+05    1.4604083233e-01
    1.7540000000e+05    1.2274571364e-01
    1.7550000000e+05    1.1828241282e-01
    1.7560000000e+05    1.0912251133e-01
    1.7570000000e+05    1.1864537317e-01
    1.7580000000e+05    1.2897987721e-01
    1.7590000000e+05    1.3065510514e-01
    1.7600000000e+05    1.5249860887e-01
    1.7610000000e+05    1.3545574600e-01
    1.7620000000e+05    1.2634566324e-01
    1.7630000000e+05    1.1680694630e-01
    1.7640000000e+05    1.1264477742e-01
    1.7650000000e+05    1.3597183195e-01
    1.7660000000e+05    1.1802308734e-01
    1.7670000000e+05    1.1694443193e-01
    1.7680000000e+05    1.1209622621e-01
    1.7690000000e+05    1.2909055748e-01
    1.7700000000e+05    1.5925041619e-01
    1.7710000000e+05    1.1485899227e-01
    1.7720000000e+05    1.4897150117e-01
    1.7730000000e+05    1.3246516665e-01
    1.7740000000e+05    1.6601548282e-01
    1.7750000000e+05    1.2161264902e-01
    1.7760000000e+05    1.1765897302e-01
    1.7770000000e+05    1.6350360044e-01
    1.7780000000e+05    1.2803030036e-01
    1.7790000000e+05    1.4164073646e-01
    1.7800000000e+05    1.6327738069e-01
    1.7810000000e+05    1.2656106302e-01
    1.7820000000e+05    1.7766951694e-01
    1.7830000000e+05    1.5936255334e-01
    1.7840000000e+05    1.6546213585e-01
    1.7850000000e+05    1.3726357746e-01
    1.7860000000e+05    1.3169591175e-01
    1.7870000000e+05    1.1180835529e-01
    1.7880000000e+05    1.3032635930e-01
    1.7890000000e+05    2.2509958115e-01
    1.7900000000e+05    1.4074438700e-01
    1.7910000000e+05    1.8471715990e-01
    1.7920000000e+05    1.7276231144e-01
    1.7930000000e+05    1.5555533431e-01
    1.7940000000e+05    1.6875872596e-01
    1.7950000000e+05    1.3623637741e-01
    1.7960000000e+05    1.5430783593e-01
    1.7970000000e+05    1.2244021396e-01
    1.7980000000e+05    1.2690653061e-01
    1.7990000000e+05    1.5413441959e-01
    1.8000000000e+05    2.3706821241e-01
    1.8010000000e+05    1.3282286615e-01
    1.8020000000e+05    2.4899424675e-01
    1.8030000000e+05    1.9897989941e-01
    1.8040000000e+05    1.6238185000e-01
    1.8050000000e+05    1.5464423602e-01
    1.8060000000e+05    1.4465211397e-01
    1.8070000000e+05    1.3640810311e-01
    1.8080000000e+05    1.4564115701e-01
    1.8090000000e+05    1.3275697567e-01
    1.8100000000e+05    1.4367979051e-01
    1.8110000000e+05    1.2882396242e-01
    1.8120000000e+05    1.4215886816e-01
    1.8130000000e+05    1.4224710098e-01
    1.8140000000e+05    1.5259929856e-01
    1.8150000000e+05    1.2171595547e-01
    1.8160000000e+05    1.4577273460e-01
    1.8170000000e+05    1.5482062444e-01
    1.8180000000e+05    1.2760250706e-01
    1.8190000000e+05    1.3242098296e-01
    1.8200000000e+05    1.1538263262e-01
    1.8210000000e+05    1.4047447890e-01
    1.8220000000e+05    1.4201543194e-01
    1.8230000000e+05    1.6004258171e-01
    1.8240000000e+05    1.1492956031e-01
    1.8250000000e+05    1.4867770051e-01
    1.8260000000e+05    1.2773244134e-01
    1.8270000000e+05    1.1639481942e-01
    1.8280000000e+05    1.2782093655e-01
    1.8290000000e+05    1.4535911668e-01
    1.8300000000e+05    1.4151187641e-01
    1.8310000000e+05    1.1126689510e-01
    1.8320000000e+05    1.2528659136e-01
    1.8330000000e+05    1.3596641392e-01
    1.8340000000e+05    1.1360154775e-01
    1.8350000000e+05    1.5949127709e-01
    1.8360000000e+05    1.1609350042e-01
    1.8370000000e+05    1.4936160449e-01
    1.8380000000e+05    1.1848764381e-01
    1.8390000000e+05    1.1937717171e-01
    1.8400000000e+05    1.6669862968e-01
    1.8410000000e+05    1.2859473207e-01
    1.8420000000e+05    1.3014665190e-01
    1.8430000000e+05    1.2116365602e-01
    1.8440000000e+05    2.0861886530e-01
    1.8450000000e+05    1.4067303411e-01
    1.8460000000e+05    1.6816941859e-01
    1.8470000000e+05    1.1929432652e-01
    1.8480000000e+05    2.1127501907e-01
    1.8490000000e+05    1.5466209197e-01
    1.8500000000e+05    1.1573454731e-01
    1.8510000000e+05    1.4338106605e-01
    1.8520000000e+05    1.4540675413e-01
    1.8530000000e+05    1.3539405987e-01
    1.8540000000e+05    1.2515050512e-01
    1.8550000000e+05    2.0554896416e-01
    1.8560000000e+05    1.5750148723e-01
    1.8570000000e+05    1.8071620632e-01
    1.8580000000e+05    2.0383114548e-01
    1.8590000000e+05    1.9805856962e-01
    1.8600000000e+05    1.4306790481e-01
    1.8610000000e+05    1.7278109345e-01
    1.8620000000e+05    1.7240224721e-01
    1.8630000000e+05    1.4538612206e-01
    1.8640000000e+05    1.7223763400e-01
    1.8650000000e+05    1.5505714750e-01
    1.8660000000e+05    1.9605949944e-01
    1.8670000000e+05    1.8966490160e-01
    1.8680000000e+05    1.5121884213e-01
    1.8690000000e+05    1.5957910385e-01
    1.8700000000e+05    1.3007044354e-01
    1.8710000000e+05    1.9537844382e-01
    1.8720000000e+05    1.3780223342e-01
    1.8730000000e+05    1.4741791809e-01
    1.8740000000e+05    1.6766873974e-01
    1.8750000000e+05    1.2748847767e-01
    1.8760000000e+05    1.3213884403e-01
    1.8770000000e+05    1.4346699829e-01
    1.8780000000e+05    1.1789428380e-01
    1.8790000000e+05    1.3000772064e-01
    1.8800000000e+05    1.1316204797e-01
    1.8810000000e+05    1.5260725687e-01
    1.8820000000e+05    1.3173542046e-01
    1.8830000000e+05    1.3851916605e-01
    1.8840000000e+05    1.3471872535e-01
    1.8850000000e+05    1.9272091106e-01
    1.8860000000e+05    1.7968018243e-01
    1.8870000000e+05    1.3030992682e-01
    1.8880000000e+05    1.2444368173e-01
    1.8890000000e+05    1.5482968549e-01
    1.8900000000e+05    1.1830956775e-01
    1.8910000000e+05    1.2238080514e-01
    1.8920000000e+05    1.1271894716e-01
    1.8930000000e+05    1.6366161700e-01
    1.8940000000e+05    1.1317297333e-01
    1.8950000000e+05    1.5737186359e-01
    1.8960000000e+05    1.2255373169e-01
    1.8970000000e+05    1.2196206082e-01
    1.8980000000e+05    1.3880867111e-01
    1.8990000000e+05    1.6338667158e-01
    1.9000000000e+05    1.2311315378e-01
    1.9010000000e+05    1.2994222615e-01
    1.9020000000e+05    1.5134398991e-01
    1.9030000000e+05    1.3914939124e-01
    1.9040000000e+05    1.2466457684e-01
    1.9050000000e+05    1.2985684007e-01
    1.9060000000e+05    1.3790292525e-01
    1.9070000000e+05    1.5344497524e-01
    1.9080000000e+05    1.5349003509e-01
    1.9090000000e+05    1.2220888738e-01
    1.9100000000e+05    1.5360346785e-01
    1.9110000000e+05    1.4488049602e-01
    1.9120000000e+05    1.3246779681e-01
    1.9130000000e+05    1.3145697746e-01
    1.9140000000e+05    1.2885992212e-01
    1.9150000000e+05    1.2182602374e-01
    1.9160000000e+05    1.4771951990e-01
    1.9170000000e+05    1.5439035744e-01
    1.9180000000e+05    1.3954434085e-01
    1.9190000000e+05    1.6641854739e-01
    1.9200000000e+05    1.4532795524e-01
    1.9210000000e+05    1.5820832473e-01
    1.9220000000e+05    1.3314671370e-01
    1.9230000000e+05    1.7897809545e-01
    1.9240000000e+05    1.8144501615e-01
    1.9250000000e+05    1.5150431963e-01
    1.9260000000e+05    1.1922949335e-01
    1.9270000000e+05    1.3592606573e-01
    1.9280000000e+05    1.4868587277e-01
    1.9290000000e+05    1.3922086471e-01
    1.9300000000e+05    1.1330247942e-01
    1.9310000000e+05    1.1453742920e-01
    1.9320000000e+05    1.5060913517e-01
    1.9330000000e+05    1.4193703305e-01
    1.9340000000e+05    1.4639825501e-01
    1.9350000000e+05    1.4297752286e-01
    1.9360000000e+05    1.4135402463e-01
    1.9370000000e+05    1.3464427185e-01
    1.9380000000e+05    1.4099985846e-01
    1.9390000000e+05    1.8376710374e-01
    1.9400000000e+05    1.3639211018e-01
    1.9410000000e+05    1.3574581807e-01
    1.9420000000e+05    1.5395638173e-01
    1.9430000000e+05    1.3662206803e-01
    1.9440000000e+05    1.4165334561e-01
    1.9450000000e+05    1.2844444470e-01
    1.9460000000e+05    1.2809766772e-01
    1.9470000000e+05    1.3219622386e-01
    1.9480000000e+05    1.4125223418e-01
    1.9490000000e+05    1.2877910611e-01
    1.9500000000e+05    1.2320141414e-01
    1.9510000000e+05    1.4472585197e-01
    1.9520000000e+05    1.3911000623e-01
    1.9530000000e+05    1.3364009920e-01
    1.9540000000e+05    1.2595686128e-01
    1.9550000000e+05    1.3620071094e-01
    1.9560000000e+05    1.5923750918e-01
    1.9570000000e+05    1.4058639444e-01
    1.9580000000e+05    1.3669233630e-01
    1.9590000000e+05    1.3418304785e-01
    1.9600000000e+05    1.4787049201e-01
    1.9610000000e+05    1.5076449328e-01
    1.9620000000e+05    1.2489507019e-01
    1.9630000000e+05    9.9938564327e-02
    1.9640000000e+05    1.1798478005e-01
    1.9650000000e+05    1.3175149300e-01
    1.9660000000e+05    1.5559372028e-01
    1.9670000000e+05    1.2445103159e-01
    1.9680000000e+05    1.3113287427e-01
    1.9690000000e+05    1.2183915425e-01
    1.9700000000e+05    1.2365259855e-01
    1.9710000000e+05    1.2273017657e-01
    1.9720000000e+05    1.0905759789e-01
    1.9730000000e+05    1.4448882236e-01
    1.9740000000e+05    1.3255657430e-01
    1.9750000000e+05    1.5601013945e-01
    1.9760000000e+05    1.2720218813e-01
    1.9770000000e+05    1.4410107566e-01
    1.9780000000e+05    1.2584484400e-01
    1.9790000000e+05    1.3648194614e-01
    1.9800000000e+05    1.3333305380e-01
    1.9810000000e+05    1.4016622547e-01
    1.9820000000e+05    1.3278069503e-01
    1.9830000000e+05    1.5540017556e-01
    1.9840000000e+05    1.4328665109e-01
    1.9850000000e+05    1.7136481146e-01
    1.9860000000e+05    1.5549416587e-01
    1.9870000000e+05    1.4012448763e-01
    1.9880000000e+05    1.2432979003e-01
    1.9890000000e+05    1.1340932500e-01
    1.9900000000e+05    1.2293932450e-01
    1.9910000000e+05    1.1473208171e-01
    1.9920000000e+05    1.3739828073e-01
    1.9930000000e+05    1.3349537717e-01
    1.9940000000e+05    1.0859413809e-01
    1.9950000000e+05    1.5610725322e-01
    1.9960000000e+05    1.3806738349e-01
    1.9970000000e+05    1.5892500567e-01
    1.9980000000e+05    1.3854332898e-01
    1.9990000000e+05    1.5752179913e-01
    2.0000000000e+05    1.3731280046e-01
