    1.0000000000e+02    1.5883105340e-01
    2.0000000000e+02    1.1532030325e-01
    3.0000000000e+02    1.2870344109e-01
    4.0000000000e+02    1.7256285341e-01
    5.0000000000e+02    1.2646186723e-01
    6.0000000000e+02    1.4531408865e-01
    7.0000000000e+02    1.2823688882e-01
    8.0000000000e+02    1.1023353438e-01
    9.0000000000e+02    1.5906981081e-01
    1.0000000000e+03    1.7241086300e-01
    1.1000000000e+03    1.4759428780e-01
    1.2000000000e+03    1.3659354067e-01
    1.3000000000e+03    1.4752686419e-01
    1.4000000000e+03    1.3311312145e-01
    1.5000000000e+03    1.3151274068e-01
    1.6000000000e+03    1.6726786465e-01
    1.7000000000e+03    1.3856619766e-01
    1.8000000000e+03    1.5219849526e-01
    1.9000000000e+03    1.6358368416e-01
    2.0000000000e+03    1.6752299594e-01
    2.1000000000e+03    1.1030025992e-01
    2.2000000000e+03    1.9872930428e-01
    2.3000000000e+03    1.3579563652e-01
    2.4000000000e+03    1.5538068246e-01
    2.5000000000e+03    1.8307949346e-01
    2.6000000000e+03    1.5116776893e-01
    2.7000000000e+03    1.4051600918e-01
    2.8000000000e+03    1.5206470251e-01
    2.9000000000e+03    1.3342722777e-01
    3.0000000000e+03    1.4720951439e-01
    3.1000000000e+03    1.2143702029e-01
    3.2000000000e+03    1.2919156896e-01
    3.3000000000e+03    1.2585470243e-01
    3.4000000000e+03    2.0151937124e-01
    3.5000000000e+03    1.4462513278e-01
    3.6000000000e+03    1.3898353765e-01
    3.7000000000e+03    1.7712884561e-01
    3.8000000000e+03    1.7836685234e-01
    3.9000000000e+03    1.5206380262e-01
    4.0000000000e+03    1.3490129811e-01
    4.1000000000e+03    1.2204475397e-01
    4.2000000000e+03    1.5216926887e-01
    4.3000000000e+03    1.4173993991e-01
    4.4000000000e+03    1.4858358008e-01
    4.5000000000e+03    1.5698437081e-01
    4.6000000000e+03    1.6378015551e-01
    4.7000000000e+03    1.3844137398e-01
    4.8000000000e+03    1.3937664154e-01
    4.9000000000e+03    1.4005255607e-01
    5.0000000000e+03    1.3889949648e-01
    5.1000000000e+03    1.4565573174e-01
    5.2000000000e+03    1.3603560938e-01
    5.3000000000e+03    1.2178175833e-01
    5.4000000000e+03    1.6974774852e-01
    5.5000000000e+03    1.4699030784e-01
    5.6000000000e+03    1.1212206108e-01
    5.7000000000e+03    1.4259104527e-01
    5.8000000000e+03    1.4698162084e-01
    5.9000000000e+03    1.3369572974e-01
    6.0000000000e+03    1.5592435303e-01
    6.1000000000e+03    1.8842859461e-01
    6.2000000000e+03    1.4207728952e-01
    6.3000000000e+03    1.3835122663e-01
    6.4000000000e+03    1.7602033824e-01
    6.5000000000e+03    1.2307778804e-01
    6.6000000000e+03    1.2469996960e-01
    6.7000000000e+03    1.8761594076e-01
    6.8000000000e+03    1.7703187744e-01
    6.9000000000e+03    1.9238431889e-01
    7.0000000000e+03    1.7411387483e-01
    7.1000000000e+03    1.1739574826e-01
    7.2000000000e+03    1.6297030306e-01
    7.3000000000e+03    1.5850177742e-01
    7.4000000000e+03    1.9183188354e-01
    7.5000000000e+03    1.5893996819e-01
    7.6000000000e+03    1.5797115362e-01
    7.7000000000e+03    1.4884539795e-01
    7.8000000000e+03    1.5053400292e-01
    7.9000000000e+03    1.3334445388e-01
    8.0000000000e+03    1.5016399285e-01
    8.1000000000e+03    1.7375483280e-01
    8.2000000000e+03    1.2382571456e-01
    8.3000000000e+03    1.0723259682e-01
    8.4000000000e+03    1.0825077586e-01
    8.5000000000e+03    1.0625691447e-01
    8.6000000000e+03    9.9912218789e-02
    8.7000000000e+03    1.4086470537e-01
    8.8000000000e+03    1.1112325290e-01
    8.9000000000e+03    1.4029801612e-01
    9.0000000000e+03    1.1427078726e-01
    9.1000000000e+03    1.3615365355e-01
    9.2000000000e+03    1.1971987439e-01
    9.3000000000e+03    1.5560121646e-01
    9.4000000000e+03    1.2838527376e-01
    9.5000000000e+03    1.3024425100e-01
    9.6000000000e+03    1.7593754947e-01
    9.7000000000e+03    1.2446153480e-01
    9.8000000000e+03    1.2314577352e-01
    9.9000000000e+03    1.3984440269e-01
    1.0000000000e+04    1.2165785947e-01
    1.0100000000e+04    1.1470275755e-01
    1.0200000000e+04    1.5988028062e-01
    1.0300000000e+04    1.5926713306e-01
    1.0400000000e+04    1.1266460164e-01
    1.0500000000e+04    1.2074200106e-01
    1.0600000000e+04    1.2667899641e-01
    1.0700000000e+04    1.6320441608e-01
    1.0800000000e+04    1.3804950873e-01
    1.0900000000e+04    1.7817707346e-01
    1.1000000000e+04    1.0801818602e-01
    1.1100000000e+04    1.1576885722e-01
    1.1200000000e+04    1.4887888632e-01
    1.1300000000e+04    1.6611498810e-01
    1.1400000000e+04    1.7359918894e-01
    1.1500000000e+04    1.7041220017e-01
    1.1600000000e+04    1.3422237916e-01
    1.1700000000e+04    1.3094631160e-01
    1.1800000000e+04    1.2308280573e-01
    1.1900000000e+04    1.1574524644e-01
    1.2000000000e+04    1.5957550800e-01
    1.2100000000e+04    1.1771352061e-01
    1.2200000000e+04    1.5327642105e-01
    1.2300000000e+04    1.1073312943e-01
    1.2400000000e+04    1.2233913286e-01
    1.2500000000e+04    1.3983262351e-01
    1.2600000000e+04    1.2882672639e-01
    1.2700000000e+04    1.5198825745e-01
    1.2800000000e+04    1.5759728254e-01
    1.2900000000e+04    1.7186801720e-01
    1.3000000000e+04    1.5284831170e-01
    1.3100000000e+04    1.3375991390e-01
    1.3200000000e+04    1.3740592012e-01
    1.3300000000e+04    1.4582949738e-01
    1.3400000000e+04    1.6025260456e-01
    1.3500000000e+04    1.4737322768e-01
    1.3600000000e+04    1.3577585279e-01
    1.3700000000e+04    1.3153260516e-01
    1.3800000000e+04    1.2847312983e-01
    1.3900000000e+04    1.5108855103e-01
    1.4000000000e+04    1.5434730252e-01
    1.4100000000e+04    1.0665384543e-01
    1.4200000000e+04    1.1012112115e-01
    1.4300000000e+04    1.2963411497e-01
    1.4400000000e+04    1.3068985368e-01
    1.4500000000e+04    1.2181169939e-01
    1.4600000000e+04    1.3672293363e-01
    1.4700000000e+04    1.4375991527e-01
    1.4800000000e+04    1.0355642573e-01
    1.4900000000e+04    1.2668353139e-01
    1.5000000000e+04    1.2548255045e-01
    1.5100000000e+04    1.2934464218e-01
    1.5200000000e+04    1.3939816103e-01
    1.5300000000e+04    1.4319932025e-01
    1.5400000000e+04    1.4032466770e-01
    1.5500000000e+04    1.4085343970e-01
    1.5600000000e+04    1.5599810975e-01
    1.5700000000e+04    1.4653943792e-01
    1.5800000000e+04    1.7095761308e-01
    1.5900000000e+04    1.4138470252e-01
    1.6000000000e+04    1.8696742852e-01
    1.6100000000e+04    1.4730352763e-01
    1.6200000000e+04    1.7112524386e-01
    1.6300000000e+04    1.4791672039e-01
    1.6400000000e+04    1.7686244196e-01
    1.6500000000e+04    1.6402021860e-01
    1.6600000000e+04    1.5273401299e-01
    1.6700000000e+04    1.3934267996e-01
    1.6800000000e+04    1.3652667772e-01
    1.6900000000e+04    1.2265859036e-01
    1.7000000000e+04    1.4029815151e-01
    1.7100000000e+04    1.3962125048e-01
    1.7200000000e+04    1.5419946440e-01
    1.7300000000e+04    1.2161362384e-01
    1.7400000000e+04    1.5162566705e-01
    1.7500000000e+04    1.4184878957e-01
    1.7600000000e+04    1.4201083347e-01
    1.7700000000e+04    1.5463733936e-01
    1.7800000000e+04    1.7302121347e-01
    1.7900000000e+04    1.5029362054e-01
    1.8000000000e+04    1.6823132977e-01
    1.8100000000e+04    1.6058182302e-01
    1.8200000000e+04    1.7931054396e-01
    1.8300000000e+04    1.5703045204e-01
    1.8400000000e+04    2.2177411606e-01
    1.8500000000e+04    1.3814950343e-01
    1.8600000000e+04    1.4709338698e-01
    1.8700000000e+04    1.6000442047e-01
    1.8800000000e+04    1.8532361619e-01
    1.8900000000e+04    1.3283290593e-01
    1.9000000000e+04    1.2475945269e-01
    1.9100000000e+04    1.1314658540e-01
    1.9200000000e+04    1.1673418568e-01
    1.9300000000e+04    1.5603461404e-01
    1.9400000000e+04    1.4743760987e-01
    1.9500000000e+04    1.5087475101e-01
    1.9600000000e+04    1.3108127703e-01
    1.9700000000e+04    1.3316221856e-01
    1.9800000000e+04    1.4426047928e-01
    1.9900000000e+04    1.6124099832e-01
    2.0000000000e+04    1.5909612415e-01
    2.0100000000e+04    1.4047335174e-01
    2.0200000000e+04    1.4994905381e-01
    2.0300000000e+04    1.4295067306e-01
    2.0400000000e+04    1.3256214726e-01
    2.0500000000e+04    1.4508503420e-01
    2.0600000000e+04    1.5978248354e-01
    2.0700000000e+04    1.5989297121e-01
    2.0800000000e+04    1.3531978391e-01
    2.0900000000e+04    1.5203436863e-01
    2.1000000000e+04    1.3830152746e-01
    2.1100000000e+04    1.5390225524e-01
    2.1200000000e+04    1.3730174621e-01
    2.1300000000e+04    1.5143969792e-01
    2.1400000000e+04    1.2596408245e-01
    2.1500000000e+04    1.1189918071e-01
    2.1600000000e+04    1.0168772687e-01
    2.1700000000e+04    1.3551033529e-01
    2.1800000000e+04    1.1244202537e-01
    2.1900000000e+04    1.2749156204e-01
    2.2000000000e+04    1.2533628729e-01
    2.2100000000e+04    1.0754908548e-01
    2.2200000000e+04    1.3493338062e-01
    2.2300000000e+04    1.3032043396e-01
    2.2400000000e+04    1.3140992774e-01
    2.2500000000e+04    1.5148751699e-01
    2.2600000000e+04    1.0492454233e-01
    2.2700000000e+04    1.1913997949e-01
    2.2800000000e+04    1.0305908707e-01
    2.2900000000e+04    1.4204800552e-01
    2.3000000000e+04    1.7626610345e-01
    2.3100000000e+04    1.8690770732e-01
    2.3200000000e+04    1.5287680745e-01
    2.3300000000e+04    1.2548971118e-01
    2.3400000000e+04    1.1883361344e-01
    2.3500000000e+04    1.6362171610e-01
    2.3600000000e+04    1.0441658970e-01
    2.3700000000e+04    1.2176782415e-01
    2.3800000000e+04    1.0810141431e-01
    2.3900000000e+04    1.4635644869e-01
    2.4000000000e+04    1.1938627683e-01
    2.4100000000e+04    1.1548751714e-01
    2.4200000000e+04    1.0370200200e-01
    2.4300000000e+04    1.5260700962e-01
    2.4400000000e+04    1.3304310754e-01
    2.4500000000e+04    1.7061584125e-01
    2.4600000000e+04    1.2932518325e-01
    2.4700000000e+04    1.1196037353e-01
    2.4800000000e+04    1.5738870841e-01
    2.4900000000e+04    1.9538753738e-01
    2.5000000000e+04    1.3135363331e-01
    2.5100000000e+04    1.1557364206e-01
    2.5200000000e+04    1.9437344480e-01
    2.5300000000e+04    2.1639205945e-01
    2.5400000000e+04    1.5861894951e-01
    2.5500000000e+04    1.3885618372e-01
    2.5600000000e+04    1.9176604953e-01
    2.5700000000e+04    1.6592981449e-01
    2.5800000000e+04    1.5177076077e-01
    2.5900000000e+04    1.5588745180e-01
    2.6000000000e+04    1.6049137488e-01
    2.6100000000e+04    1.3876339554e-01
    2.6200000000e+04    1.3818271469e-01
    2.6300000000e+04    1.8116066982e-01
    2.6400000000e+04    1.5045477752e-01
    2.6500000000e+04    1.5225600261e-01
    2.6600000000e+04    1.6387622501e-01
    2.6700000000e+04    1.6676217681e-01
    2.6800000000e+04    1.6824848733e-01
    2.6900000000e+04    1.2402088642e-01
    2.7000000000e+04    1.5517535765e-01
    2.7100000000e+04    1.3035215638e-01
    2.7200000000e+04    1.2550631465e-01
    2.7300000000e+04    1.4384408429e-01
    2.7400000000e+04    1.3489213516e-01
    2.7500000000e+04    1.4263306538e-01
    2.7600000000e+04    1.7268487447e-01
    2.7700000000e+04    1.7595949764e-01
    2.7800000000e+04    1.7237081423e-01
    2.7900000000e+04    1.5242461382e-01
    2.8000000000e+04    1.6110865460e-01
    2.8100000000e+04    1.9475446138e-01
    2.8200000000e+04    1.7231055921e-01
    2.8300000000e+04    1.6406886912e-01
    2.8400000000e+04    1.6505673822e-01
    2.8500000000e+04    2.0201865233e-01
    2.8600000000e+04    1.5073136696e-01
    2.8700000000e+04    1.7373443308e-01
    2.8800000000e+04    1.2835422472e-01
    2.8900000000e+04    1.4606999747e-01
    2.9000000000e+04    1.6290149508e-01
    2.9100000000e+04    1.2817696260e-01
    2.9200000000e+04    1.2352345431e-01
    2.9300000000e+04    1.7340329227e-01
    2.9400000000e+04    1.6824569496e-01
    2.9500000000e+04    1.8325337392e-01
    2.9600000000e+04    1.8823929529e-01
    2.9700000000e+04    1.3745806047e-01
    2.9800000000e+04    1.6824678876e-01
    2.9900000000e+04    1.7433363738e-01
    3.0000000000e+04    1.7404369333e-01
    3.0100000000e+04    1.6174824457e-01
    3.0200000000e+04    1.9162619869e-01
    3.0300000000e+04    1.5081158309e-01
    3.0400000000e+04    1.5506386202e-01
    3.0500000000e+04    1.6020149476e-01
    3.0600000000e+04    1.5716545496e-01
    3.0700000000e+04    1.5946421614e-01
    3.0800000000e+04    1.5228372856e-01
    3.0900000000e+04    1.2262538871e-01
    3.1000000000e+04    1.0817561175e-01
    3.1100000000e+04    1.4366802408e-01
    3.1200000000e+04    1.4917923702e-01
    3.1300000000e+04    1.3484093781e-01
    3.1400000000e+04    1.1211133144e-01
    3.1500000000e+04    1.2629488426e-01
    3.1600000000e+04    1.8314262871e-01
    3.1700000000e+04    1.5812338597e-01
    3.1800000000e+04    1.1502546441e-01
    3.1900000000e+04    1.3750774785e-01
    3.2000000000e+04    1.5903373468e-01
    3.2100000000e+04    1.4378768585e-01
    3.2200000000e+04    1.2075520826e-01
    3.2300000000e+04    1.7149640037e-01
    3.2400000000e+04    1.4619548033e-01
    3.2500000000e+04    1.5932734124e-01
    3.2600000000e+04    1.3234145990e-01
    3.2700000000e+04    1.2822243336e-01
    3.2800000000e+04    1.7811781377e-01
    3.2900000000e+04    1.5281340862e-01
    3.3000000000e+04    1.3269048473e-01
    3.3100000000e+04    1.4226950728e-01
    3.3200000000e+04    1.2409175014e-01
    3.3300000000e+04    1.4187087326e-01
    3.3400000000e+04    1.5290180488e-01
    3.3500000000e+04    1.8703695940e-01
    3.3600000000e+04    1.2212670637e-01
    3.3700000000e+04    1.5137641641e-01
    3.3800000000e+04    1.4708943219e-01
    3.3900000000e+04    1.4591444798e-01
    3.4000000000e+04    1.3381923580e-01
    3.4100000000e+04    1.4191733263e-01
    3.4200000000e+04    1.6800424746e-01
    3.4300000000e+04    1.6269024211e-01
    3.4400000000e+04    1.1414268576e-01
    3.4500000000e+04    1.1046628435e-01
    3.4600000000e+04    2.0370559136e-01
    3.4700000000e+04    1.2719635313e-01
    3.4800000000e+04    1.5176699724e-01
    3.4900000000e+04    1.3124726941e-01
    3.5000000000e+04    1.7711053036e-01
    3.5100000000e+04    1.6531334545e-01
    3.5200000000e+04    1.6441439167e-01
    3.5300000000e+04    1.1830553594e-01
    3.5400000000e+04    1.4164503333e-01
    3.5500000000e+04    1.4469094389e-01
    3.5600000000e+04    1.4887415264e-01
    3.5700000000e+04    1.4144039325e-01
    3.5800000000e+04    1.4688041323e-01
    3.5900000000e+04    1.4535442259e-01
    3.6000000000e+04    1.2526013429e-01
    3.6100000000e+04    1.3617600164e-01
    3.6200000000e+04    1.8124144642e-01
    3.6300000000e+04    1.5373514629e-01
    3.6400000000e+04    1.4888618381e-01
    3.6500000000e+04    1.8876221490e-01
    3.6600000000e+04    1.2221131552e-01
    3.6700000000e+04    1.4901053578e-01
    3.6800000000e+04    1.4921850410e-01
    3.6900000000e+04    1.4449499434e-01
    3.7000000000e+04    1.4055887462e-01
    3.7100000000e+04    1.4335177585e-01
    3.7200000000e+04    1.2517453283e-01
    3.7300000000e+04    1.5977198739e-01
    3.7400000000e+04    1.4458402586e-01
    3.7500000000e+04    1.4052804165e-01
    3.7600000000e+04    1.5335472039e-01
    3.7700000000e+04    1.5391306509e-01
    3.7800000000e+04    1.3426703446e-01
    3.7900000000e+04    1.1826417360e-01
    3.8000000000e+04    1.6736196402e-01
    3.8100000000e+04    1.3333243698e-01
    3.8200000000e+04    1.6059450001e-01
    3.8300000000e+04    1.7368021709e-01
    3.8400000000e+04    1.6476983662e-01
    3.8500000000e+04    1.6115220455e-01
    3.8600000000e+04    1.3974485696e-01
    3.8700000000e+04    1.7429891163e-01
    3.8800000000e+04    1.8380062048e-01
    3.8900000000e+04    1.9480671950e-01
    3.9000000000e+04    1.3406424823e-01
    3.9100000000e+04    1.8647031383e-01
    3.9200000000e+04    1.8791901853e-01
    3.9300000000e+04    1.4289959400e-01
    3.9400000000e+04    1.3479592384e-01
    3.9500000000e+04    1.2792426714e-01
    3.9600000000e+04    1.3865790557e-01
    3.9700000000e+04    1.9841711663e-01
    3.9800000000e+04    1.7042776276e-01
    3.9900000000e+04    1.5990609726e-01
    4.0000000000e+04    1.4697742646e-01
    4.0100000000e+04    1.3652651516e-01
    4.0200000000e+04    1.5543027130e-01
    4.0300000000e+04    1.9674679273e-01
    4.0400000000e+04    1.8637900033e-01
    4.0500000000e+04    1.6691547109e-01
    4.0600000000e+04    1.3528444490e-01
    4.0700000000e+04    1.4306337998e-01
    4.0800000000e+04    1.6862670502e-01
    4.0900000000e+04    1.6475611693e-01
    4.1000000000e+04    1.5189849846e-01
    4.1100000000e+04    1.5364087758e-01
    4.1200000000e+04    1.2287709613e-01
    4.1300000000e+04    1.2084669799e-01
    4.1400000000e+04    1.2892073209e-01
    4.1500000000e+04    1.6435772887e-01
    4.1600000000e+04    1.3179656912e-01
    4.1700000000e+04    1.6346356899e-01
    4.1800000000e+04    1.7404802226e-01
    4.1900000000e+04    1.7120444896e-01
    4.2000000000e+04    1.3474638201e-01
    4.2100000000e+04    1.3686437198e-01
    4.2200000000e+04    1.9270626164e-01
    4.2300000000e+04    1.6765153243e-01
    4.2400000000e+04    2.0296834951e-01
    4.2500000000e+04    1.5123261915e-01
    4.2600000000e+04    1.6481185933e-01
    4.2700000000e+04    1.8536512738e-01
    4.2800000000e+04    1.1261059476e-01
    4.2900000000e+04    1.4143291418e-01
    4.3000000000e+04    1.4756261876e-01
    4.3100000000e+04    1.3837922307e-01
    4.3200000000e+04    1.1498891694e-01
    4.3300000000e+04    1.6545575188e-01
    4.3400000000e+04    1.3246339746e-01
    4.3500000000e+04    1.2282728270e-01
    4.3600000000e+04    1.7809781966e-01
    4.3700000000e+04    1.5400014128e-01
    4.3800000000e+04    1.3412891039e-01
    4.3900000000e+04    1.4059053040e-01
    4.4000000000e+04    1.4044809268e-01
    4.4100000000e+04    1.3479176159e-01
    4.4200000000e+04    1.7595156989e-01
    4.4300000000e+04    1.2418964891e-01
    4.4400000000e+04    1.2170466815e-01
    4.4500000000e+04    1.5334464414e-01
    4.4600000000e+04    1.3117479483e-01
    4.4700000000e+04    1.1712638612e-01
    4.4800000000e+04    1.4911197172e-01
    4.4900000000e+04    1.0325679656e-01
    4.5000000000e+04    1.3359445904e-01
    4.5100000000e+04    1.3505920815e-01
    4.5200000000e+04    1.5823672350e-01
    4.5300000000e+04    1.3364499066e-01
    4.5400000000e+04    1.6880523853e-01
    4.5500000000e+04    1.7033892124e-01
    4.5600000000e+04    1.8880852631e-01
    4.5700000000e+04    1.3865981895e-01
    4.5800000000e+04    1.5792807244e-01
    4.5900000000e+04    1.7218636449e-01
    4.6000000000e+04    1.4261250341e-01
    4.6100000000e+04    1.3705448263e-01
    4.6200000000e+04    1.1671513639e-01
    4.6300000000e+04    1.5317485238e-01
    4.6400000000e+04    3.3261908218e-01
    4.6500000000e+04    1.5062929112e-01
    4.6600000000e+04    1.5334742423e-01
    4.6700000000e+04    1.3481038243e-01
    4.6800000000e+04    1.3942578702e-01
    4.6900000000e+04    1.4897603291e-01
    4.7000000000e+04    1.7996186616e-01
    4.7100000000e+04    1.4011482719e-01
    4.7200000000e+04    1.6189880195e-01
    4.7300000000e+04    1.2874085229e-01
    4.7400000000e+04    1.2772090483e-01
    4.7500000000e+04    1.2996164621e-01
    4.7600000000e+04    1.4088932392e-01
    4.7700000000e+04    1.5889795768e-01
    4.7800000000e+04    1.5716825114e-01
    4.7900000000e+04    1.6404468538e-01
    4.8000000000e+04    1.3914034859e-01
    4.8100000000e+04    1.4419252229e-01
    4.8200000000e+04    1.4398438649e-01
    4.8300000000e+04    1.5560872750e-01
    4.8400000000e+04    1.5434146821e-01
    4.8500000000e+04    1.4940436139e-01
    4.8600000000e+04    1.4102447463e-01
    4.8700000000e+04    1.4841797898e-01
    4.8800000000e+04    1.5353852966e-01
    4.8900000000e+04    1.7327317664e-01
    4.9000000000e+04    1.5072231914e-01
    4.9100000000e+04    1.5147578618e-01
    4.9200000000e+04    1.4073459080e-01
    4.9300000000e+04    1.7376877729e-01
    4.9400000000e+04    1.3359020579e-01
    4.9500000000e+04    1.1731980341e-01
    4.9600000000e+04    1.7329717150e-01
    4.9700000000e+04    1.8411064060e-01
    4.9800000000e+04    1.7108567020e-01
    4.9900000000e+04    1.8430569359e-01
    5.0000000000e+04    1.4702365668e-01
    5.0100000000e+04    1.2089616935e-01
    5.0200000000e+04    1.5189346772e-01
    5.0300000000e+04    1.7427060768e-01
    5.0400000000e+04    1.1511358113e-01
    5.0500000000e+04    1.5670198171e-01
    5.0600000000e+04    1.7494443060e-01
    5.0700000000e+04    1.9467869082e-01
    5.0800000000e+04    1.5539514753e-01
    5.0900000000e+04    1.5759594503e-01
    5.1000000000e+04    1.2495115668e-01
    5.1100000000e+04    1.6767867353e-01
    5.1200000000e+04    1.6307817571e-01
    5.1300000000e+04    1.8776520795e-01
    5.1400000000e+04    1.5609923960e-01
    5.1500000000e+04    1.5104765390e-01
    5.1600000000e+04    1.7832329051e-01
    5.1700000000e+04    1.8118710493e-01
    5.1800000000e+04    1.1929159134e-01
    5.1900000000e+04    1.4296611575e-01
    5.2000000000e+04    1.2838608286e-01
    5.2100000000e+04    1.4229425720e-01
    5.2200000000e+04    1.4362928121e-01
    5.2300000000e+04    1.3666167558e-01
    5.2400000000e+04    1.2118219272e-01
    5.2500000000e+04    1.0730350015e-01
    5.2600000000e+04    1.2840410382e-01
    5.2700000000e+04    1.3126121550e-01
    5.2800000000e+04    1.1826081521e-01
    5.2900000000e+04    1.1537279637e-01
    5.3000000000e+04    1.3021337925e-01
    5.3100000000e+04    1.4969833573e-01
    5.3200000000e+04    1.4882943535e-01
    5.3300000000e+04    1.4827615434e-01
    5.3400000000e+04    1.3046968601e-01
    5.3500000000e+04    1.5567362867e-01
    5.3600000000e+04    1.6460526831e-01
    5.3700000000e+04    1.5539251188e-01
    5.3800000000e+04    1.3624249543e-01
    5.3900000000e+04    1.5271867287e-01
    5.4000000000e+04    1.2701305643e-01
    5.4100000000e+04    1.6124975546e-01
    5.4200000000e+04    1.3436072208e-01
    5.4300000000e+04    1.3827518074e-01
    5.4400000000e+04    1.3643343014e-01
    5.4500000000e+04    1.2158814850e-01
    5.4600000000e+04    1.2475025115e-01
    5.4700000000e+04    1.2304580245e-01
    5.4800000000e+04    1.2761441447e-01
    5.4900000000e+04    9.5276090155e-02
    5.5000000000e+04    1.1003932212e-01
    5.5100000000e+04    1.1668500544e-01
    5.5200000000e+04    1.1266278819e-01
    5.5300000000e+04    9.8811361915e-02
    5.5400000000e+04    1.1871627812e-01
    5.5500000000e+04    1.0924429046e-01
    5.5600000000e+04    1.0915798455e-01
    5.5700000000e+04    1.0759748145e-01
    5.5800000000e+04    1.1271519681e-01
    5.5900000000e+04    9.8044509634e-02
    5.6000000000e+04    1.2593679016e-01
    5.6100000000e+04    1.1544502927e-01
    5.6200000000e+04    1.2235056227e-01
    5.6300000000e+04    1.2487102946e-01
    5.6400000000e+04    1.5962543205e-01
    5.6500000000e+04    1.6190594545e-01
    5.6600000000e+04    1.6017759187e-01
    5.6700000000e+04    1.3497730901e-01
    5.6800000000e+04    1.6362030970e-01
    5.6900000000e+04    1.2521528123e-01
    5.7000000000e+04    1.2511410523e-01
    5.7100000000e+04    1.1778920401e-01
    5.7200000000e+04    1.1338687944e-01
    5.7300000000e+04    1.1235816936e-01
    5.7400000000e+04    1.3033388163e-01
    5.7500000000e+04    1.1434286664e-01
    5.7600000000e+04    1.0775603101e-01
    5.7700000000e+04    1.3362109696e-01
    5.7800000000e+04    1.5886255644e-01
    5.7900000000e+04    1.6040345790e-01
    5.8000000000e+04    1.3996094469e-01
    5.8100000000e+04    1.1873015581e-01
    5.8200000000e+04    1.2288515700e-01
    5.8300000000e+04    1.5027800223e-01
    5.8400000000e+04    1.8709255559e-01
    5.8500000000e+04    1.5473444811e-01
    5.8600000000e+04    1.7672861343e-01
    5.8700000000e+04    1.7754372374e-01
    5.8800000000e+04    1.7777293272e-01
    5.8900000000e+04    1.5978431729e-01
    5.9000000000e+04    1.3018544028e-01
    5.9100000000e+04    1.7822336421e-01
    5.9200000000e+04    1.6353946406e-01
    5.9300000000e+04    1.5392112105e-01
    5.9400000000e+04    1.7256609814e-01
    5.9500000000e+04    1.6489388978e-01
    5.9600000000e+04    1.6946305972e-01
    5.9700000000e+04    1.4297395590e-01
    5.9800000000e+04    1.5803606649e-01
    5.9900000000e+04    1.9933385352e-01
    6.0000000000e+04    1.7113504066e-01
    6.0100000000e+04    1.7261883254e-01
    6.0200000000e+04    1.5262005956e-01
    6.0300000000e+04    1.6528089632e-01
    6.0400000000e+04    1.4905813386e-01
    6.0500000000e+04    1.4802340233e-01
    6.0600000000e+04    1.4515994087e-01
    6.0700000000e+04    1.3718373867e-01
    6.0800000000e+04    1.3876579706e-01
    6.0900000000e+04    1.4531129697e-01
    6.1000000000e+04    1.4955483362e-01
    6.1100000000e+04    1.4252763511e-01
    6.1200000000e+04    1.2759128274e-01
    6.1300000000e+04    1.3320160147e-01
    6.1400000000e+04    1.2887439145e-01
    6.1500000000e+04    1.5962380545e-01
    6.1600000000e+04    1.3014960825e-01
    6.1700000000e+04    1.3355086434e-01
    6.1800000000e+04    1.3925351348e-01
    6.1900000000e+04    1.7153143262e-01
    6.2000000000e+04    1.4344976015e-01
    6.2100000000e+04    1.2913462926e-01
    6.2200000000e+04    1.2755563802e-01
    6.2300000000e+04    1.4958554523e-01
    6.2400000000e+04    1.4737465874e-01
    6.2500000000e+04    1.5799354384e-01
    6.2600000000e+04    1.1754489461e-01
    6.2700000000e+04    1.6787985543e-01
    6.2800000000e+04    1.8447292783e-01
    6.2900000000e+04    1.7421097910e-01
    6.3000000000e+04    1.1456530880e-01
    6.3100000000e+04    1.3631511061e-01
    6.3200000000e+04    1.7306680757e-01
    6.3300000000e+04    1.3185364734e-01
    6.3400000000e+04    1.6747527596e-01
    6.3500000000e+04    1.4929356961e-01
    6.3600000000e+04    1.5799122362e-01
    6.3700000000e+04    1.2136007638e-01
    6.3800000000e+04    1.6446220680e-01
    6.3900000000e+04    1.6104301523e-01
    6.4000000000e+04    1.6028516229e-01
    6.4100000000e+04    1.6121515553e-01
    6.4200000000e+04    1.7790557106e-01
    6.4300000000e+04    1.6125447391e-01
    6.4400000000e+04    1.6136556722e-01
    6.4500000000e+04    1.2813718893e-01
    6.4600000000e+04    1.0629655586e-01
    6.4700000000e+04    1.4910557427e-01
    6.4800000000e+04    1.5255418227e-01
    6.4900000000e+04    1.1890889086e-01
    6.5000000000e+04    1.1470983675e-01
    6.5100000000e+04    1.1867021717e-01
    6.5200000000e+04    1.6313025104e-01
    6.5300000000e+04    1.4345179137e-01
    6.5400000000e+04    1.3632777278e-01
    6.5500000000e+04    1.5635151335e-01
    6.5600000000e+04    1.9728361202e-01
    6.5700000000e+04    1.6259359671e-01
    6.5800000000e+04    1.7496327663e-01
    6.5900000000e+04    1.4566280466e-01
    6.6000000000e+04    1.5567095379e-01
    6.6100000000e+04    1.9557062351e-01
    6.6200000000e+04    1.5136937027e-01
    6.6300000000e+04    1.4384352466e-01
    6.6400000000e+04    1.1956493333e-01
    6.6500000000e+04    1.4089599351e-01
    6.6600000000e+04    1.9143319786e-01
    6.6700000000e+04    1.6447558095e-01
    6.6800000000e+04    1.5957567895e-01
    6.6900000000e+04    1.5433125327e-01
    6.7000000000e+04    2.2375225542e-01
    6.7100000000e+04    1.5424924312e-01
    6.7200000000e+04    1.2382209056e-01
    6.7300000000e+04    1.4427395517e-01
    6.7400000000e+04    2.1169627911e-01
    6.7500000000e+04    1.5821127037e-01
    6.7600000000e+04    1.0360719485e-01
    6.7700000000e+04    1.0842053897e-01
    6.7800000000e+04    1.1904747064e-01
    6.7900000000e+04    1.3729680356e-01
    6.8000000000e+04    1.2167965562e-01
    6.8100000000e+04    1.4231842845e-01
    6.8200000000e+04    1.1703269364e-01
    6.8300000000e+04    1.5370032860e-01
    6.8400000000e+04    1.4596087476e-01
    6.8500000000e+04    1.6708912746e-01
    6.8600000000e+04    1.2691671564e-01
    6.8700000000e+04    1.6718757312e-01
    6.8800000000e+04    1.1156954549e-01
    6.8900000000e+04    1.8411584314e-01
    6.9000000000e+04    1.3392800932e-01
    6.9100000000e+04    1.7841700136e-01
    6.9200000000e+04    1.5992321349e-01
    6.9300000000e+04    1.8614973961e-01
    6.9400000000e+04    1.7878524051e-01
    6.9500000000e+04    9.9645197380e-02
    6.9600000000e+04    1.4020312633e-01
    6.9700000000e+04    1.1800219914e-01
    6.9800000000e+04    1.8306367565e-01
    6.9900000000e+04    1.2300688867e-01
    7.0000000000e+04    1.3231972487e-01
    7.0100000000e+04    1.3245851786e-01
    7.0200000000e+04    1.8066844981e-01
    7.0300000000e+04    1.6653700389e-01
    7.0400000000e+04    1.9562084744e-01
    7.0500000000e+04    1.1043019280e-01
    7.0600000000e+04    1.0837497523e-01
    7.0700000000e+04    1.4911501538e-01
    7.0800000000e+04    1.9857813903e-01
    7.0900000000e+04    1.2685875897e-01
    7.1000000000e+04    1.2569948142e-01
    7.1100000000e+04    1.1690841115e-01
    7.1200000000e+04    1.6911850739e-01
    7.1300000000e+04    1.5976615253e-01
    7.1400000000e+04    1.2448709500e-01
    7.1500000000e+04    1.3716581357e-01
    7.1600000000e+04    1.5926566618e-01
    7.1700000000e+04    1.8923073231e-01
    7.1800000000e+04    1.3386251831e-01
    7.1900000000e+04    1.3326549506e-01
    7.2000000000e+04    1.1576623128e-01
    7.2100000000e+04    1.4034857819e-01
    7.2200000000e+04    1.0828868761e-01
    7.2300000000e+04    1.7433786025e-01
    7.2400000000e+04    1.3156338347e-01
    7.2500000000e+04    1.5291421442e-01
    7.2600000000e+04    1.4739613563e-01
    7.2700000000e+04    2.0334773708e-01
    7.2800000000e+04    1.5993890847e-01
    7.2900000000e+04    1.8094566749e-01
    7.3000000000e+04    1.2535815920e-01
    7.3100000000e+04    1.2383624762e-01
    7.3200000000e+04    1.2785637889e-01
    7.3300000000e+04    1.6317133719e-01
    7.3400000000e+04    1.4486799240e-01
    7.3500000000e+04    1.3324975719e-01
    7.3600000000e+04    1.2535775691e-01
    7.3700000000e+04    1.3496569885e-01
    7.3800000000e+04    1.3810861102e-01
    7.3900000000e+04    1.5378951825e-01
    7.4000000000e+04    1.5015574689e-01
    7.4100000000e+04    1.7756062665e-01
    7.4200000000e+04    2.0543208478e-01
    7.4300000000e+04    1.7796424980e-01
    7.4400000000e+04    1.7256561738e-01
    7.4500000000e+04    1.4936735166e-01
    7.4600000000e+04    1.6157524164e-01
    7.4700000000e+04    1.5238401980e-01
    7.4800000000e+04    1.7974028017e-01
    7.4900000000e+04    1.5654490663e-01
    7.5000000000e+04    1.4575316651e-01
    7.5100000000e+04    1.3579034249e-01
    7.5200000000e+04    1.2399398225e-01
    7.5300000000e+04    1.2301344964e-01
    7.5400000000e+04    1.2706926364e-01
    7.5500000000e+04    1.5846980155e-01
    7.5600000000e+04    1.2622314459e-01
    7.5700000000e+04    1.4296027282e-01
    7.5800000000e+04    1.4541353123e-01
    7.5900000000e+04    1.4599104784e-01
    7.6000000000e+04    1.4333813235e-01
    7.6100000000e+04    1.3375732972e-01
    7.6200000000e+04    1.2145493209e-01
    7.6300000000e+04    1.4258268987e-01
    7.6400000000e+04    1.5084332999e-01
    7.6500000000e+04    1.5516661722e-01
    7.6600000000e+04    1.4020166058e-01
    7.6700000000e+04    1.0955567837e-01
    7.6800000000e+04    1.2464194605e-01
    7.6900000000e+04    1.5153835623e-01
    7.7000000000e+04    1.1226624288e-01
    7.7100000000e+04    1.2562462115e-01
    7.7200000000e+04    1.0620629507e-01
    7.7300000000e+04    1.4238403486e-01
    7.7400000000e+04    1.0579041384e-01
    7.7500000000e+04    1.3126467275e-01
    7.7600000000e+04    1.2402068384e-01
    7.7700000000e+04    1.3675404657e-01
    7.7800000000e+04    1.2202904881e-01
    7.7900000000e+04    1.6182000565e-01
    7.8000000000e+04    1.6255061764e-01
    7.8100000000e+04    1.5146085354e-01
    7.8200000000e+04    1.3880276662e-01
    7.8300000000e+04    1.5705915679e-01
    7.8400000000e+04    1.5786205197e-01
    7.8500000000e+04    1.7345002612e-01
    7.8600000000e+04    1.5955915148e-01
    7.8700000000e+04    1.5746162146e-01
    7.8800000000e+04    1.3677110419e-01
    7.8900000000e+04    1.2668576184e-01
    7.9000000000e+04    1.3638878740e-01
    7.9100000000e+04    1.2496018039e-01
    7.9200000000e+04    1.2502789071e-01
    7.9300000000e+04    1.2443667417e-01
    7.9400000000e+04    1.2360430325e-01
    7.9500000000e+04    1.4404422307e-01
    7.9600000000e+04    1.4188979768e-01
    7.9700000000e+04    1.1553290799e-01
    7.9800000000e+04    1.3624093714e-01
    7.9900000000e+04    1.3115942083e-01
    8.0000000000e+04    1.4984952019e-01
    8.0100000000e+04    1.0749225763e-01
    8.0200000000e+04    1.3070414436e-01
    8.0300000000e+04    1.2023038796e-01
    8.0400000000e+04    1.0384061531e-01
    8.0500000000e+04    1.1721317221e-01
    8.0600000000e+04    1.2167882348e-01
    8.0700000000e+04    1.1120052925e-01
    8.0800000000e+04    1.1167677020e-01
    8.0900000000e+04    1.2290079178e-01
    8.1000000000e+04    1.1651097127e-01
    8.1100000000e+04    1.3593929193e-01
    8.1200000000e+04    1.3446633779e-01
    8.1300000000e+04    1.4838633364e-01
    8.1400000000e+04    1.6159190508e-01
    8.1500000000e+04    1.3687341947e-01
    8.1600000000e+04    1.5957749456e-01
    8.1700000000e+04    1.6346084441e-01
    8.1800000000e+04    1.6585375553e-01
    8.1900000000e+04    1.3170803731e-01
    8.2000000000e+04    1.5111186079e-01
    8.2100000000e+04    1.4030928707e-01
    8.2200000000e+04    1.3099394125e-01
    8.2300000000e+04    1.3566676987e-01
    8.2400000000e+04    1.2104999393e-01
    8.2500000000e+04    1.0668644091e-01
    8.2600000000e+04    9.9249706256e-02
    8.2700000000e+04    1.3934546099e-01
    8.2800000000e+04    1.4204674566e-01
    8.2900000000e+04    2.0877807959e-01
    8.3000000000e+04    1.3938900488e-01
    8.3100000000e+04    1.4450411741e-01
    8.3200000000e+04    1.4182610691e-01
    8.3300000000e+04    1.0231090517e-01
    8.3400000000e+04    1.1107346674e-01
    8.3500000000e+04    1.2725722484e-01
    8.3600000000e+04    1.1199492507e-01
    8.3700000000e+04    1.1611058841e-01
    8.3800000000e+04    1.2136213371e-01
    8.3900000000e+04    1.5187626386e-01
    8.4000000000e+04    1.3680662655e-01
    8.4100000000e+04    1.3880765130e-01
    8.4200000000e+04    1.4865455762e-01
    8.4300000000e+04    1.2902040894e-01
    8.4400000000e+04    1.4682547034e-01
    8.4500000000e+04    1.2824482961e-01
    8.4600000000e+04    1.4135486847e-01
    8.4700000000e+04    1.3740333123e-01
    8.4800000000e+04    1.1604366838e-01
    8.4900000000e+04    1.0916324617e-01
    8.5000000000e+04    1.0379628151e-01
    8.5100000000e+04    9.9101690303e-02
    8.5200000000e+04    1.0285217378e-01
    8.5300000000e+04    1.0151377973e-01
    8.5400000000e+04    1.0767018918e-01
    8.5500000000e+04    1.3651266288e-01
    8.5600000000e+04    1.3191534577e-01
    8.5700000000e+04    1.2660507060e-01
    8.5800000000e+04    1.4191077631e-01
    8.5900000000e+04    1.5082130751e-01
    8.6000000000e+04    1.5616358912e-01
    8.6100000000e+04    1.4834332288e-01
    8.6200000000e+04    1.4253498229e-01
    8.6300000000e+04    1.2866122264e-01
    8.6400000000e+04    1.2428860335e-01
    8.6500000000e+04    1.5202419998e-01
    8.6600000000e+04    1.1878276053e-01
    8.6700000000e+04    1.3277290185e-01
    8.6800000000e+04    1.2168988716e-01
    8.6900000000e+04    1.4870976091e-01
    8.7000000000e+04    1.1457833983e-01
    8.7100000000e+04    1.0123123732e-01
    8.7200000000e+04    1.1124450797e-01
    8.7300000000e+04    1.2028167698e-01
    8.7400000000e+04    1.3891964308e-01
    8.7500000000e+04    1.2831820230e-01
    8.7600000000e+04    1.4427035309e-01
    8.7700000000e+04    1.0809423227e-01
    8.7800000000e+04    1.3471730412e-01
    8.7900000000e+04    1.0671206708e-01
    8.8000000000e+04    1.0987238761e-01
    8.8100000000e+04    1.1613641649e-01
    8.8200000000e+04    1.0581627084e-01
    8.8300000000e+04    1.5618124615e-01
    8.8400000000e+04    1.1200259679e-01
    8.8500000000e+04    1.0740109822e-01
    8.8600000000e+04    1.2318573961e-01
    8.8700000000e+04    1.0801954643e-01
    8.8800000000e+04    1.1740732422e-01
    8.8900000000e+04    1.3790169193e-01
    8.9000000000e+04    1.2582680993e-01
    8.9100000000e+04    1.2855041687e-01
    8.9200000000e+04    1.1648455589e-01
    8.9300000000e+04    1.3235924483e-01
    8.9400000000e+04    1.1942237740e-01
    8.9500000000e+04    1.2205185077e-01
    8.9600000000e+04    1.2157384265e-01
    8.9700000000e+04    1.2473863071e-01
    8.9800000000e+04    1.5218422730e-01
    8.9900000000e+04    1.2676763280e-01
    9.0000000000e+04    1.4869841784e-01
    9.0100000000e+04    1.2450668789e-01
    9.0200000000e+04    1.6249017758e-01
    9.0300000000e+04    1.6360438197e-01
    9.0400000000e+04    1.5714580240e-01
    9.0500000000e+04    1.2205447002e-01
    9.0600000000e+04    1.4240084589e-01
    9.0700000000e+04    1.5457459774e-01
    9.0800000000e+04    1.1267837536e-01
    9.0900000000e+04    1.2252936236e-01
    9.1000000000e+04    1.0865143549e-01
    9.1100000000e+04    1.1652870645e-01
    9.1200000000e+04    1.0215749768e-01
    9.1300000000e+04    1.3063936242e-01
    9.1400000000e+04    1.5127183516e-01
    9.1500000000e+04    1.1847058040e-01
    9.1600000000e+04    1.2800557979e-01
    9.1700000000e+04    1.4060135506e-01
    9.1800000000e+04    1.6208388459e-01
    9.1900000000e+04    1.2327845983e-01
    9.2000000000e+04    1.1819413241e-01
    9.2100000000e+04    1.1446754896e-01
    9.2200000000e+04    1.2735918211e-01
    9.2300000000e+04    1.4076848885e-01
    9.2400000000e+04    1.3355282982e-01
    9.2500000000e+04    1.5767082413e-01
    9.2600000000e+04    1.3678884373e-01
    9.2700000000e+04    1.2342525032e-01
    9.2800000000e+04    1.6553544787e-01
    9.2900000000e+04    1.5473723430e-01
    9.3000000000e+04    1.5850442700e-01
    9.3100000000e+04    1.7480378127e-01
    9.3200000000e+04    1.5193337959e-01
    9.3300000000e+04    1.3535447514e-01
    9.3400000000e+04    1.7188267534e-01
    9.3500000000e+04    1.9318892207e-01
    9.3600000000e+04    1.2038548587e-01
    9.3700000000e+04    1.2236516451e-01
    9.3800000000e+04    1.4003211507e-01
    9.3900000000e+04    1.3982246887e-01
    9.4000000000e+04    1.4487376014e-01
    9.4100000000e+04    1.5486656585e-01
    9.4200000000e+04    1.7913999393e-01
    9.4300000000e+04    1.4673894621e-01
    9.4400000000e+04    1.5364778448e-01
    9.4500000000e+04    1.3659369981e-01
    9.4600000000e+04    1.1903349444e-01
    9.4700000000e+04    1.7040956681e-01
    9.4800000000e+04    1.5866703970e-01
    9.4900000000e+04    1.4031533213e-01
    9.5000000000e+04    1.1399118085e-01
    9.5100000000e+04    1.1943096775e-01
    9.5200000000e+04    1.4121168652e-01
    9.5300000000e+04    1.0866199100e-01
    9.5400000000e+04    1.1316160034e-01
    9.5500000000e+04    1.1474475731e-01
    9.5600000000e+04    1.0933732151e-01
    9.5700000000e+04    1.0923992327e-01
    9.5800000000e+04    1.1087485553e-01
    9.5900000000e+04    1.0710027401e-01
    9.6000000000e+04    1.1626772243e-01
    9.6100000000e+04    1.1021707885e-01
    9.6200000000e+04    1.2837376724e-01
    9.6300000000e+04    1.0900236480e-01
    9.6400000000e+04    1.1984236248e-01
    9.6500000000e+04    1.4530672862e-01
    9.6600000000e+04    1.0890057080e-01
    9.6700000000e+04    1.4367740173e-01
    9.6800000000e+04    1.3852469050e-01
    9.6900000000e+04    1.0908493392e-01
    9.7000000000e+04    1.1421795824e-01
    9.7100000000e+04    1.2923787135e-01
    9.7200000000e+04    1.1069583532e-01
    9.7300000000e+04    1.1326331383e-01
    9.7400000000e+04    9.4357607725e-02
    9.7500000000e+04    1.2323143614e-01
    9.7600000000e+04    1.5505189140e-01
    9.7700000000e+04    1.0486294605e-01
    9.7800000000e+04    1.0782148350e-01
    9.7900000000e+04    1.1800757367e-01
    9.8000000000e+04    1.4739097808e-01
    9.8100000000e+04    1.1409958417e-01
    9.8200000000e+04    1.0135481405e-01
    9.8300000000e+04    1.1228168955e-01
    9.8400000000e+04    1.2320292319e-01
    9.8500000000e+04    1.4605118029e-01
    9.8600000000e+04    1.0670423318e-01
    9.8700000000e+04    1.0940389156e-01
    9.8800000000e+04    1.1083589118e-01
    9.8900000000e+04    1.3645996155e-01
    9.9000000000e+04    1.3849183059e-01
    9.9100000000e+04    1.2625190762e-01
    9.9200000000e+04    1.5140841190e-01
    9.9300000000e+04    1.2680516143e-01
    9.9400000000e+04    1.4829065867e-01
    9.9500000000e+04    1.4027814743e-01
    9.9600000000e+04    1.5255744239e-01
    9.9700000000e+04    1.5168571844e-01
    9.9800000000e+04    1.3062747192e-01
    9.9900000000e+04    1.1280573382e-01
    1.0000000000e+05    1.6261590813e-01
    1.0010000000e+05    1.2983819268e-01
    1.0020000000e+05    1.4071824028e-01
    1.0030000000e+05    1.4924745812e-01
    1.0040000000e+05    1.3630267823e-01
    1.0050000000e+05    1.4851657800e-01
    1.0060000000e+05    1.4081939193e-01
    1.0070000000e+05    1.3316471725e-01
    1.0080000000e+05    1.3307442217e-01
    1.0090000000e+05    1.3362606977e-01
    1.0100000000e+05    1.1080618891e-01
    1.0110000000e+05    1.2556999408e-01
    1.0120000000e+05    1.3571417253e-01
    1.0130000000e+05    1.3314195922e-01
    1.0140000000e+05    1.2262625700e-01
    1.0150000000e+05    1.5504406285e-01
    1.0160000000e+05    1.5713140453e-01
    1.0170000000e+05    1.4915196248e-01
    1.0180000000e+05    1.4872100203e-01
    1.0190000000e+05    1.6882682928e-01
    1.0200000000e+05    1.6067604915e-01
    1.0210000000e+05    1.5500435355e-01
    1.0220000000e+05    1.2757059267e-01
    1.0230000000e+05    1.3452118060e-01
    1.0240000000e+05    1.3589564716e-01
    1.0250000000e+05    1.4188177570e-01
    1.0260000000e+05    1.2794436796e-01
    1.0270000000e+05    1.3478674962e-01
    1.0280000000e+05    1.1909449776e-01
    1.0290000000e+05    1.2427426108e-01
    1.0300000000e+05    1.4334868839e-01
    1.0310000000e+05    1.2996493019e-01
    1.0320000000e+05    1.3007328330e-01
    1.0330000000e+05    1.0826311684e-01
    1.0340000000e+05    1.1887373552e-01
    1.0350000000e+05    1.3479725379e-01
    1.0360000000e+05    1.2858783602e-01
    1.0370000000e+05    1.0311393905e-01
    1.0380000000e+05    1.2400959490e-01
    1.0390000000e+05    1.2326858566e-01
    1.0400000000e+05    1.2686199821e-01
    1.0410000000e+05    1.3994030406e-01
    1.0420000000e+05    1.3775799919e-01
    1.0430000000e+05    1.3285502977e-01
    1.0440000000e+05    1.5119940618e-01
    1.0450000000e+05    1.1954218340e-01
    1.0460000000e+05    1.4044754509e-01
    1.0470000000e+05    1.2473849583e-01
    1.0480000000e+05    1.4232187787e-01
    1.0490000000e+05    1.3862151768e-01
    1.0500000000e+05    1.4543086157e-01
    1.0510000000e+05    1.5704886905e-01
    1.0520000000e+05    1.3119385734e-01
    1.0530000000e+05    1.3483601160e-01
    1.0540000000e+05    1.2375245476e-01
    1.0550000000e+05    1.2134419192e-01
    1.0560000000e+05    1.0377349167e-01
    1.0570000000e+05    1.1100102542e-01
    1.0580000000e+05    1.2236549015e-01
    1.0590000000e+05    1.1882150698e-01
    1.0600000000e+05    1.1459804036e-01
    1.0610000000e+05    1.1270879093e-01
    1.0620000000e+05    1.1589342940e-01
    1.0630000000e+05    1.0128979250e-01
    1.0640000000e+05    1.2264201959e-01
    1.0650000000e+05    1.4933215195e-01
    1.0660000000e+05    1.5245796851e-01
    1.0670000000e+05    1.4778221327e-01
    1.0680000000e+05    1.7746822843e-01
    1.0690000000e+05    1.7475085659e-01
    1.0700000000e+05    1.5398623829e-01
    1.0710000000e+05    1.4087612316e-01
    1.0720000000e+05    1.4473186177e-01
    1.0730000000e+05    1.6026009637e-01
    1.0740000000e+05    1.3745046348e-01
    1.0750000000e+05    1.3062970003e-01
    1.0760000000e+05    1.3823028070e-01
    1.0770000000e+05    1.3044383627e-01
    1.0780000000e+05    1.2808699754e-01
    1.0790000000e+05    1.3341193148e-01
    1.0800000000e+05    1.1200741045e-01
    1.0810000000e+05    1.3647657991e-01
    1.0820000000e+05    1.3651925850e-01
    1.0830000000e+05    1.5106585838e-01
    1.0840000000e+05    1.1746949606e-01
    1.0850000000e+05    1.3698037832e-01
    1.0860000000e+05    1.2598795077e-01
    1.0870000000e+05    1.1893483985e-01
    1.0880000000e+05    9.4243193755e-02
    1.0890000000e+05    9.3075299674e-02
    1.0900000000e+05    1.0620090076e-01
    1.0910000000e+05    1.1646904184e-01
    1.0920000000e+05    1.0022361803e-01
    1.0930000000e+05    1.0370693148e-01
    1.0940000000e+05    1.1994690210e-01
    1.0950000000e+05    1.0612822702e-01
    1.0960000000e+05    1.3189980115e-01
    1.0970000000e+05    1.2027762300e-01
    1.0980000000e+05    1.1529028877e-01
    1.0990000000e+05    1.1035045507e-01
    1.1000000000e+05    1.2754106029e-01
    1.1010000000e+05    1.0121592832e-01
    1.1020000000e+05    1.1195524933e-01
    1.1030000000e+05    1.1411900550e-01
    1.1040000000e+05    1.4138159857e-01
    1.1050000000e+05    1.4084546725e-01
    1.1060000000e+05    9.3554433470e-02
    1.1070000000e+05    1.0234742268e-01
    1.1080000000e+05    1.1281166654e-01
    1.1090000000e+05    1.2245732806e-01
    1.1100000000e+05    1.1627361956e-01
    1.1110000000e+05    1.0508529457e-01
    1.1120000000e+05    1.7038625564e-01
    1.1130000000e+05    1.3425826189e-01
    1.1140000000e+05    1.1473093125e-01
    1.1150000000e+05    1.1333656108e-01
    1.1160000000e+05    1.5267496601e-01
    1.1170000000e+05    1.1968345836e-01
    1.1180000000e+05    1.2106286530e-01
    1.1190000000e+05    9.9645187823e-02
    1.1200000000e+05    1.0897861646e-01
    1.1210000000e+05    1.1890506063e-01
    1.1220000000e+05    1.3805466296e-01
    1.1230000000e+05    1.1749881886e-01
    1.1240000000e+05    1.1872851316e-01
    1.1250000000e+05    1.2699749707e-01
    1.1260000000e+05    9.7258286833e-02
    1.1270000000e+05    9.8685307113e-02
    1.1280000000e+05    1.1680621894e-01
    1.1290000000e+05    1.3055507693e-01
    1.1300000000e+05    1.0433581826e-01
    1.1310000000e+05    1.0904575570e-01
    1.1320000000e+05    1.3470798567e-01
    1.1330000000e+05    1.5525338793e-01
    1.1340000000e+05    1.5301568955e-01
    1.1350000000e+05    1.4712853663e-01
    1.1360000000e+05    1.2010107509e-01
    1.1370000000e+05    1.2605361105e-01
    1.1380000000e+05    1.2958006629e-01
    1.1390000000e+05    1.3019934428e-01
    1.1400000000e+05    1.5785299369e-01
    1.1410000000e+05    1.4035242394e-01
    1.1420000000e+05    1.3863724411e-01
    1.1430000000e+05    1.4713355871e-01
    1.1440000000e+05    1.5921371569e-01
    1.1450000000e+05    1.3941142310e-01
    1.1460000000e+05    1.3466324848e-01
    1.1470000000e+05    1.2553488130e-01
    1.1480000000e+05    1.2514955678e-01
    1.1490000000e+05    1.1997415979e-01
    1.1500000000e+05    1.4249403245e-01
    1.1510000000e+05    1.1693235749e-01
    1.1520000000e+05    1.2412164958e-01
    1.1530000000e+05    1.3548427190e-01
    1.1540000000e+05    1.3907351131e-01
    1.1550000000e+05    1.1764891752e-01
    1.1560000000e+05    1.2136770025e-01
    1.1570000000e+05    1.1057513537e-01
    1.1580000000e+05    1.1284684493e-01
    1.1590000000e+05    1.0863678647e-01
    1.1600000000e+05    1.0174284127e-01
    1.1610000000e+05    1.2229549753e-01
    1.1620000000e+05    2.6410270901e-01
    1.1630000000e+05    1.7937358328e-01
    1.1640000000e+05    1.5919414865e-01
    1.1650000000e+05    1.0884687850e-01
    1.1660000000e+05    1.2306568425e-01
    1.1670000000e+05    1.3352737606e-01
    1.1680000000e+05    1.6736966366e-01
    1.1690000000e+05    1.2324559902e-01
    1.1700000000e+05    1.3930490306e-01
    1.1710000000e+05    1.1482948630e-01
    1.1720000000e+05    1.2945413951e-01
    1.1730000000e+05    1.1419519192e-01
    1.1740000000e+05    1.3429269465e-01
    1.1750000000e+05    1.6045173022e-01
    1.1760000000e+05    1.4750476110e-01
    1.1770000000e+05    1.3033806791e-01
    1.1780000000e+05    1.2492125630e-01
    1.1790000000e+05    1.3478595188e-01
    1.1800000000e+05    1.3210816864e-01
    1.1810000000e+05    1.1918267154e-01
    1.1820000000e+05    1.3022335713e-01
    1.1830000000e+05    1.1067712527e-01
    1.1840000000e+05    9.8496722875e-02
    1.1850000000e+05    1.2557232283e-01
    1.1860000000e+05    1.5321565172e-01
    1.1870000000e+05    1.1464395126e-01
    1.1880000000e+05    1.1770227355e-01
    1.1890000000e+05    1.2060104631e-01
    1.1900000000e+05    1.2465201554e-01
    1.1910000000e+05    1.4068378692e-01
    1.1920000000e+05    1.2348226613e-01
    1.1930000000e+05    2.7988563799e-01
    1.1940000000e+05    1.5090257721e-01
    1.1950000000e+05    1.2869661815e-01
    1.1960000000e+05    1.1690248512e-01
    1.1970000000e+05    1.0812954050e-01
    1.1980000000e+05    1.0948057322e-01
    1.1990000000e+05    1.0250899233e-01
    1.2000000000e+05    1.1713056875e-01
    1.2010000000e+05    1.0152177968e-01
    1.2020000000e+05    1.5541426681e-01
    1.2030000000e+05    1.2368346553e-01
    1.2040000000e+05    1.1306374093e-01
    1.2050000000e+05    1.2126141619e-01
    1.2060000000e+05    1.2557391588e-01
    1.2070000000e+05    1.0932078750e-01
    1.2080000000e+05    1.2033640490e-01
    1.2090000000e+05    1.1474681991e-01
    1.2100000000e+05    1.0935324458e-01
    1.2110000000e+05    1.5572131356e-01
    1.2120000000e+05    1.5155087969e-01
    1.2130000000e+05    1.3638890436e-01
    1.2140000000e+05    1.3739800617e-01
    1.2150000000e+05    1.3316581540e-01
    1.2160000000e+05    1.6057609820e-01
    1.2170000000e+05    1.3252196792e-01
    1.2180000000e+05    1.6817747693e-01
    1.2190000000e+05    1.3211451101e-01
    1.2200000000e+05    1.8575263635e-01
    1.2210000000e+05    1.3660643031e-01
    1.2220000000e+05    1.6242313194e-01
    1.2230000000e+05    1.1122507726e-01
    1.2240000000e+05    1.6417284509e-01
    1.2250000000e+05    1.3527692954e-01
    1.2260000000e+05    1.5157880629e-01
    1.2270000000e+05    1.2725451213e-01
    1.2280000000e+05    1.3359726051e-01
    1.2290000000e+05    1.2570206175e-01
    1.2300000000e+05    1.3563246988e-01
    1.2310000000e+05    1.7212635778e-01
    1.2320000000e+05    1.0538741893e-01
    1.2330000000e+05    1.1789856589e-01
    1.2340000000e+05    1.1492937770e-01
    1.2350000000e+05    1.4348163550e-01
    1.2360000000e+05    1.2570064074e-01
    1.2370000000e+05    1.2988982096e-01
    1.2380000000e+05    1.1015573078e-01
    1.2390000000e+05    1.0815750554e-01
    1.2400000000e+05    1.3417368469e-01
    1.2410000000e+05    1.2197876040e-01
    1.2420000000e+05    1.2058578649e-01
    1.2430000000e+05    1.0350117196e-01
    1.2440000000e+05    1.7370543452e-01
    1.2450000000e+05    1.3691963467e-01
    1.2460000000e+05    1.3213748165e-01
    1.2470000000e+05    1.2717620208e-01
    1.2480000000e+05    1.3816643906e-01
    1.2490000000e+05    1.6356821327e-01
    1.2500000000e+05    1.3797853454e-01
    1.2510000000e+05    1.2124808358e-01
    1.2520000000e+05    1.3299764370e-01
    1.2530000000e+05    1.5131914810e-01
    1.2540000000e+05    1.4806326099e-01
    1.2550000000e+05    1.4041392060e-01
    1.2560000000e+05    1.2834761908e-01
    1.2570000000e+05    1.2994248638e-01
    1.2580000000e+05    1.3694100780e-01
    1.2590000000e+05    1.4026202435e-01
    1.2600000000e+05    1.2782142783e-01
    1.2610000000e+05    1.5541673075e-01
    1.2620000000e+05    1.3968498719e-01
    1.2630000000e+05    1.3072719854e-01
    1.2640000000e+05    1.3358152632e-01
    1.2650000000e+05    1.2181944670e-01
    1.2660000000e+05    1.3170536930e-01
    1.2670000000e+05    1.4313180491e-01
    1.2680000000e+05    1.3297838902e-01
    1.2690000000e+05    1.5019097235e-01
    1.2700000000e+05    1.1902489531e-01
    1.2710000000e+05    1.3135040366e-01
    1.2720000000e+05    1.5011129067e-01
    1.2730000000e+05    1.2575504459e-01
    1.2740000000e+05    1.2870215964e-01
    1.2750000000e+05    1.5659975129e-01
    1.2760000000e+05    1.3791044204e-01
    1.2770000000e+05    1.6426074548e-01
    1.2780000000e+05    1.0443809355e-01
    1.2790000000e+05    1.3883552880e-01
    1.2800000000e+05    1.2745745726e-01
    1.2810000000e+05    1.4469752326e-01
    1.2820000000e+05    1.2404628051e-01
    1.2830000000e+05    1.1192669185e-01
    1.2840000000e+05    1.1915805386e-01
    1.2850000000e+05    1.2464101166e-01
    1.2860000000e+05    1.2020406465e-01
    1.2870000000e+05    1.2951190883e-01
    1.2880000000e+05    1.0614310662e-01
    1.2890000000e+05    1.1941052529e-01
    1.2900000000e+05    1.5227386919e-01
    1.2910000000e+05    1.3597470603e-01
    1.2920000000e+05    1.8425704967e-01
    1.2930000000e+05    2.1128394362e-01
    1.2940000000e+05    1.2613975650e-01
    1.2950000000e+05    1.0896671804e-01
    1.2960000000e+05    1.1042579293e-01
    1.2970000000e+05    1.2961482780e-01
    1.2980000000e+05    1.0654096264e-01
    1.2990000000e+05    1.4566059809e-01
    1.3000000000e+05    1.3280569481e-01
    1.3010000000e+05    1.7325480221e-01
    1.3020000000e+05    1.9449255068e-01
    1.3030000000e+05    1.3380154835e-01
    1.3040000000e+05    1.1594390165e-01
    1.3050000000e+05    1.1774589319e-01
    1.3060000000e+05    1.2412142108e-01
    1.3070000000e+05    1.1204264911e-01
    1.3080000000e+05    1.6512000233e-01
    1.3090000000e+05    1.0727965402e-01
    1.3100000000e+05    1.1606679542e-01
    1.3110000000e+05    2.0805843364e-01
    1.3120000000e+05    2.9231798628e-01
    1.3130000000e+05    2.3620206279e-01
    1.3140000000e+05    1.3185938342e-01
    1.3150000000e+05    1.1032144477e-01
    1.3160000000e+05    1.2153739686e-01
    1.3170000000e+05    1.1713571254e-01
    1.3180000000e+05    1.1352563691e-01
    1.3190000000e+05    1.2849934355e-01
    1.3200000000e+05    9.4025899268e-02
    1.3210000000e+05    1.3539830294e-01
    1.3220000000e+05    1.5680574631e-01
    1.3230000000e+05    2.0718738301e-01
    1.3240000000e+05    1.3755783440e-01
    1.3250000000e+05    1.4932981045e-01
    1.3260000000e+05    1.7243412956e-01
    1.3270000000e+05    1.4610856029e-01
    1.3280000000e+05    1.6155629496e-01
    1.3290000000e+05    1.1667921248e-01
    1.3300000000e+05    1.2472669564e-01
    1.3310000000e+05    1.0534533469e-01
    1.3320000000e+05    1.1372126594e-01
    1.3330000000e+05    1.2312033272e-01
    1.3340000000e+05    1.0880186807e-01
    1.3350000000e+05    1.1328661651e-01
    1.3360000000e+05    1.2113266191e-01
    1.3370000000e+05    1.4481594340e-01
    1.3380000000e+05    1.1921626879e-01
    1.3390000000e+05    1.4017377247e-01
    1.3400000000e+05    1.3368510876e-01
    1.3410000000e+05    1.4433386734e-01
    1.3420000000e+05    1.1306487768e-01
    1.3430000000e+05    1.3060538064e-01
    1.3440000000e+05    1.4385077989e-01
    1.3450000000e+05    1.3391760031e-01
    1.3460000000e+05    1.0407630245e-01
    1.3470000000e+05    1.1869750426e-01
    1.3480000000e+05    1.3535352315e-01
    1.3490000000e+05    9.4534778255e-02
    1.3500000000e+05    1.0391433337e-01
    1.3510000000e+05    1.5617154684e-01
    1.3520000000e+05    1.3841196895e-01
    1.3530000000e+05    1.2295419572e-01
    1.3540000000e+05    1.4186125091e-01
    1.3550000000e+05    1.2362006629e-01
    1.3560000000e+05    1.5720177678e-01
    1.3570000000e+05    1.0102143788e-01
    1.3580000000e+05    1.0739596075e-01
    1.3590000000e+05    1.1663316032e-01
    1.3600000000e+05    1.3222135644e-01
    1.3610000000e+05    1.2300506118e-01
    1.3620000000e+05    1.2359811752e-01
    1.3630000000e+05    1.0975434933e-01
    1.3640000000e+05    1.3992707809e-01
    1.3650000000e+05    1.0281200070e-01
    1.3660000000e+05    1.1053362209e-01
    1.3670000000e+05    1.2646082391e-01
    1.3680000000e+05    1.6708373130e-01
    1.3690000000e+05    1.4620945239e-01
    1.3700000000e+05    1.1088210252e-01
    1.3710000000e+05    1.3797018717e-01
    1.3720000000e+05    1.4294764959e-01
    1.3730000000e+05    1.0778515055e-01
    1.3740000000e+05    1.1060106085e-01
    1.3750000000e+05    1.4010094064e-01
    1.3760000000e+05    1.3420033297e-01
    1.3770000000e+05    1.2466938027e-01
    1.3780000000e+05    1.2964303988e-01
    1.3790000000e+05    1.0639565841e-01
    1.3800000000e+05    1.3666589964e-01
    1.3810000000e+05    1.2588168389e-01
    1.3820000000e+05    9.9844520172e-02
    1.3830000000e+05    1.2613308636e-01
    1.3840000000e+05    1.4399880320e-01
    1.3850000000e+05    1.0092320524e-01
    1.3860000000e+05    1.5125496420e-01
    1.3870000000e+05    1.3261773952e-01
    1.3880000000e+05    1.3299898817e-01
    1.3890000000e+05    1.0500255971e-01
    1.3900000000e+05    1.2604557318e-01
    1.3910000000e+05    1.4094791270e-01
    1.3920000000e+05    1.1412113539e-01
    1.3930000000e+05    1.0552083432e-01
    1.3940000000e+05    1.5619880456e-01
    1.3950000000e+05    1.4748342094e-01
    1.3960000000e+05    9.7981518762e-02
    1.3970000000e+05    1.2687053199e-01
    1.3980000000e+05    1.6613150507e-01
    1.3990000000e+05    1.1772198884e-01
    1.4000000000e+05    9.5945601652e-02
    1.4010000000e+05    1.2826565248e-01
    1.4020000000e+05    1.3395603739e-01
    1.4030000000e+05    1.1771364398e-01
    1.4040000000e+05    1.0570860996e-01
    1.4050000000e+05    1.5746822621e-01
    1.4060000000e+05    1.3822722927e-01
    1.4070000000e+05    1.2390506992e-01
    1.4080000000e+05    1.2720759184e-01
    1.4090000000e+05    1.2306807797e-01
    1.4100000000e+05    1.2597134310e-01
    1.4110000000e+05    1.1377285600e-01
    1.4120000000e+05    1.3568968043e-01
    1.4130000000e+05    1.5814710860e-01
    1.4140000000e+05    1.3575937596e-01
    1.4150000000e+05    1.2334820031e-01
    1.4160000000e+05    1.1733228288e-01
    1.4170000000e+05    1.1066245205e-01
    1.4180000000e+05    1.3375350222e-01
    1.4190000000e+05    1.2341906683e-01
    1.4200000000e+05    1.8873828059e-01
    1.4210000000e+05    1.5612595046e-01
    1.4220000000e+05    2.1433994217e-01
    1.4230000000e+05    1.6698503563e-01
    1.4240000000e+05    1.2823812591e-01
    1.4250000000e+05    1.2380908291e-01
    1.4260000000e+05    1.4883756060e-01
    1.4270000000e+05    1.6319045155e-01
    1.4280000000e+05    1.2289353285e-01
    1.4290000000e+05    1.0528043258e-01
    1.4300000000e+05    2.4180321360e-01
    1.4310000000e+05    1.8812674445e-01
    1.4320000000e+05    1.4161056034e-01
    1.4330000000e+05    1.4518950408e-01
    1.4340000000e+05    1.5576267297e-01
    1.4350000000e+05    1.4088975224e-01
    1.4360000000e+05    1.3150444694e-01
    1.4370000000e+05    1.1663602709e-01
    1.4380000000e+05    1.1262000054e-01
    1.4390000000e+05    1.2842759085e-01
    1.4400000000e+05    1.1265254227e-01
    1.4410000000e+05    1.5831519820e-01
    1.4420000000e+05    1.4855331013e-01
    1.4430000000e+05    1.5515467667e-01
    1.4440000000e+05    1.4489175791e-01
    1.4450000000e+05    1.3812279448e-01
    1.4460000000e+05    1.1587229640e-01
    1.4470000000e+05    1.3550641483e-01
    1.4480000000e+05    1.3073364548e-01
    1.4490000000e+05    1.5182342891e-01
    1.4500000000e+05    1.1257908771e-01
    1.4510000000e+05    1.2855177032e-01
    1.4520000000e+05    1.1799170456e-01
    1.4530000000e+05    1.4301244128e-01
    1.4540000000e+05    1.1768820876e-01
    1.4550000000e+05    1.1416370830e-01
    1.4560000000e+05    1.1917776890e-01
    1.4570000000e+05    1.2845559586e-01
    1.4580000000e+05    1.3108003640e-01
    1.4590000000e+05    1.2946381610e-01
    1.4600000000e+05    1.0476967691e-01
    1.4610000000e+05    1.2011652105e-01
    1.4620000000e+05    1.2855793675e-01
    1.4630000000e+05    1.4420448969e-01
    1.4640000000e+05    1.3947552478e-01
    1.4650000000e+05    1.0544559943e-01
    1.4660000000e+05    1.3653045835e-01
    1.4670000000e+05    1.0710533971e-01
    1.4680000000e+05    1.1113125829e-01
    1.4690000000e+05    1.0836098127e-01
    1.4700000000e+05    1.1168692802e-01
    1.4710000000e+05    1.1750499635e-01
    1.4720000000e+05    1.1879941689e-01
    1.4730000000e+05    1.4696447700e-01
    1.4740000000e+05    1.2265592047e-01
    1.4750000000e+05    1.2004010740e-01
    1.4760000000e+05    1.8439319871e-01
    1.4770000000e+05    1.1555398440e-01
    1.4780000000e+05    1.1396485237e-01
    1.4790000000e+05    1.1883807048e-01
    1.4800000000e+05    1.0344206102e-01
    1.4810000000e+05    1.3035119537e-01
    1.4820000000e+05    1.3127416487e-01
    1.4830000000e+05    1.0996931319e-01
    1.4840000000e+05    1.0382633463e-01
    1.4850000000e+05    1.1976108661e-01
    1.4860000000e+05    1.1415352421e-01
    1.4870000000e+05    1.3799664865e-01
    1.4880000000e+05    1.0955038376e-01
    1.4890000000e+05    1.2395435104e-01
    1.4900000000e+05    1.2039962715e-01
    1.4910000000e+05    1.2769807155e-01
    1.4920000000e+05    1.1094829150e-01
    1.4930000000e+05    1.2907718728e-01
    1.4940000000e+05    1.3195940178e-01
    1.4950000000e+05    1.6846336279e-01
    1.4960000000e+05    1.4354938987e-01
    1.4970000000e+05    1.4799999930e-01
    1.4980000000e+05    1.4715620420e-01
    1.4990000000e+05    1.4326098043e-01
    1.5000000000e+05    1.2532672073e-01
    1.5010000000e+05    1.3924152797e-01
    1.5020000000e+05    1.3131280503e-01
    1.5030000000e+05    1.1765550458e-01
    1.5040000000e+05    1.1898401804e-01
    1.5050000000e+05    1.2975406081e-01
    1.5060000000e+05    1.3008436722e-01
    1.5070000000e+05    1.4147121612e-01
    1.5080000000e+05    1.7797247750e-01
    1.5090000000e+05    1.5431753868e-01
    1.5100000000e+05    1.6083503195e-01
    1.5110000000e+05    1.5245486487e-01
    1.5120000000e+05    1.5289122928e-01
    1.5130000000e+05    1.0660779772e-01
    1.5140000000e+05    1.4239938299e-01
    1.5150000000e+05    1.7255221319e-01
    1.5160000000e+05    1.5299301379e-01
    1.5170000000e+05    1.3195185835e-01
    1.5180000000e+05    1.4498962819e-01
    1.5190000000e+05    1.8923831721e-01
    1.5200000000e+05    1.4176131274e-01
    1.5210000000e+05    1.3771162202e-01
    1.5220000000e+05    1.4572509378e-01
    1.5230000000e+05    1.5397345442e-01
    1.5240000000e+05    1.5680506489e-01
    1.5250000000e+05    1.2429739193e-01
    1.5260000000e+05    1.2823435597e-01
    1.5270000000e+05    1.6832117344e-01
    1.5280000000e+05    1.4661391339e-01
    1.5290000000e+05    1.4967661331e-01
    1.5300000000e+05    1.8780352958e-01
    1.5310000000e+05    1.9528235228e-01
    1.5320000000e+05    1.8864803642e-01
    1.5330000000e+05    1.9910053227e-01
    1.5340000000e+05    2.5155507494e-01
    1.5350000000e+05    1.7011286588e-01
    1.5360000000e+05    1.6972026848e-01
    1.5370000000e+05    2.0025007561e-01
    1.5380000000e+05    1.5953918721e-01
    1.5390000000e+05    1.6207426175e-01
    1.5400000000e+05    1.7647401307e-01
    1.5410000000e+05    1.4552765198e-01
    1.5420000000e+05    1.5233104512e-01
    1.5430000000e+05    1.2531960705e-01
    1.5440000000e+05    1.7372365666e-01
    1.5450000000e+05    1.9050201299e-01
    1.5460000000e+05    1.6396119410e-01
    1.5470000000e+05    1.4486893602e-01
    1.5480000000e+05    1.3875223500e-01
    1.5490000000e+05    1.6277242727e-01
    1.5500000000e+05    1.7428865467e-01
    1.5510000000e+05    1.2235892331e-01
    1.5520000000e+05    1.4697884941e-01
    1.5530000000e+05    1.3580915223e-01
    1.5540000000e+05    1.6289651224e-01
    1.5550000000e+05    1.7093556987e-01
    1.5560000000e+05    2.4086278020e-01
    1.5570000000e+05    1.4893121695e-01
    1.5580000000e+05    1.6143433633e-01
    1.5590000000e+05    1.2212264042e-01
    1.5600000000e+05    1.3134210819e-01
    1.5610000000e+05    1.5713487577e-01
    1.5620000000e+05    1.4899393079e-01
    1.5630000000e+05    1.3784287022e-01
    1.5640000000e+05    1.1062260174e-01
    1.5650000000e+05    1.4947470685e-01
    1.5660000000e+05    1.2572691789e-01
    1.5670000000e+05    1.8086344890e-01
    1.5680000000e+05    1.3721630215e-01
    1.5690000000e+05    1.6599348204e-01
    1.5700000000e+05    1.4949777506e-01
    1.5710000000e+05    1.5007348925e-01
    1.5720000000e+05    1.6262099987e-01
    1.5730000000e+05    1.7754105179e-01
    1.5740000000e+05    1.2590234469e-01
    1.5750000000e+05    1.5888925786e-01
    1.5760000000e+05    1.6202385348e-01
    1.5770000000e+05    1.6320491323e-01
    1.5780000000e+05    1.8095181545e-01
    1.5790000000e+05    1.5491069687e-01
    1.5800000000e+05    2.1196598782e-01
    1.5810000000e+05    1.2571475653e-01
    1.5820000000e+05    1.7921029249e-01
    1.5830000000e+05    1.4382800782e-01
    1.5840000000e+05    1.8218891002e-01
    1.5850000000e+05    1.4219375261e-01
    1.5860000000e+05    1.6368926908e-01
    1.5870000000e+05    1.3753491486e-01
    1.5880000000e+05    1.5887038459e-01
    1.5890000000e+05    1.3968300176e-01
    1.5900000000e+05    1.3115068668e-01
    1.5910000000e+05    1.6583497195e-01
    1.5920000000e+05    1.4648461803e-01
    1.5930000000e+05    1.5145035745e-01
    1.5940000000e+05    1.4620571098e-01
    1.5950000000e+05    1.2998299614e-01
    1.5960000000e+05    1.6694906141e-01
    1.5970000000e+05    1.7878007675e-01
    1.5980000000e+05    1.4586589851e-01
    1.5990000000e+05    1.9327685614e-01
    1.6000000000e+05    1.5302056876e-01
    1.6010000000e+05    1.6650185963e-01
    1.6020000000e+05    1.5255560099e-01
    1.6030000000e+05    1.6936380550e-01
    1.6040000000e+05    1.2878612217e-01
    1.6050000000e+05    1.1670608367e-01
    1.6060000000e+05    1.6753783301e-01
    1.6070000000e+05    1.2931725635e-01
    1.6080000000e+05    1.4798784241e-01
    1.6090000000e+05    1.4266099741e-01
    1.6100000000e+05    1.2120353209e-01
    1.6110000000e+05    1.0588055337e-01
    1.6120000000e+05    1.4247663889e-01
    1.6130000000e+05    1.3240780972e-01
    1.6140000000e+05    1.3902907266e-01
    1.6150000000e+05    1.3959967837e-01
    1.6160000000e+05    1.5031402464e-01
    1.6170000000e+05    1.6499288827e-01
    1.6180000000e+05    1.7504239530e-01
    1.6190000000e+05    1.8884257609e-01
    1.6200000000e+05    1.8200331791e-01
    1.6210000000e+05    1.7412238074e-01
    1.6220000000e+05    1.3429176274e-01
    1.6230000000e+05    1.4602269268e-01
    1.6240000000e+05    1.5891319720e-01
    1.6250000000e+05    1.4348084272e-01
    1.6260000000e+05    1.6809545572e-01
    1.6270000000e+05    1.7421416743e-01
    1.6280000000e+05    1.5449097243e-01
    1.6290000000e+05    1.5407647234e-01
    1.6300000000e+05    1.5056094344e-01
    1.6310000000e+05    1.8360591183e-01
    1.6320000000e+05    1.5662015232e-01
    1.6330000000e+05    1.6844281105e-01
    1.6340000000e+05    2.5042702392e-01
    1.6350000000e+05    1.7148965256e-01
    1.6360000000e+05    1.4660787547e-01
    1.6370000000e+05    1.9592143826e-01
    1.6380000000e+05    1.4329561809e-01
    1.6390000000e+05    1.1438412228e-01
    1.6400000000e+05    1.7254144167e-01
    1.6410000000e+05    1.2397331507e-01
    1.6420000000e+05    1.3792480282e-01
    1.6430000000e+05    1.4563013559e-01
    1.6440000000e+05    1.4705006641e-01
    1.6450000000e+05    1.8755783354e-01
    1.6460000000e+05    1.2183567307e-01
    1.6470000000e+05    1.4044788054e-01
    1.6480000000e+05    1.3018436308e-01
    1.6490000000e+05    1.3891038329e-01
    1.6500000000e+05    1.2949474810e-01
    1.6510000000e+05    1.2358774185e-01
    1.6520000000e+05    1.1148314291e-01
    1.6530000000e+05    1.5864190628e-01
    1.6540000000e+05    1.3101955647e-01
    1.6550000000e+05    1.6650983658e-01
    1.6560000000e+05    1.3342213945e-01
    1.6570000000e+05    1.1184514572e-01
    1.6580000000e+05    1.7096181782e-01
    1.6590000000e+05    1.9642769472e-01
    1.6600000000e+05    1.5769289928e-01
    1.6610000000e+05    1.5264485575e-01
    1.6620000000e+05    2.0961105613e-01
    1.6630000000e+05    1.6986857441e-01
    1.6640000000e+05    1.5156004523e-01
    1.6650000000e+05    1.3769420358e-01
    1.6660000000e+05    2.0808544171e-01
    1.6670000000e+05    1.9937325891e-01
    1.6680000000e+05    1.7948391934e-01
    1.6690000000e+05    1.8957290318e-01
    1.6700000000e+05    1.5526990520e-01
    1.6710000000e+05    1.8324873655e-01
    1.6720000000e+05    1.4239563866e-01
    1.6730000000e+05    1.4735820413e-01
    1.6740000000e+05    1.3551261566e-01
    1.6750000000e+05    1.5765360833e-01
    1.6760000000e+05    1.7433790020e-01
    1.6770000000e+05    1.6087730552e-01
    1.6780000000e+05    1.7080122653e-01
    1.6790000000e+05    1.6507631878e-01
    1.6800000000e+05    1.6344879285e-01
    1.6810000000e+05    1.5207870094e-01
    1.6820000000e+05    1.1112254625e-01
    1.6830000000e+05    1.6442915993e-01
    1.6840000000e+05    1.2801953497e-01
    1.6850000000e+05    1.8122954617e-01
    1.6860000000e+05    1.5977252307e-01
    1.6870000000e+05    1.1139047862e-01
    1.6880000000e+05    1.5688051385e-01
    1.6890000000e+05    1.5138323008e-01
    1.6900000000e+05    1.6346336680e-01
    1.6910000000e+05    1.3339608244e-01
    1.6920000000e+05    1.5157656491e-01
    1.6930000000e+05    1.3283157144e-01
    1.6940000000e+05    1.5844893177e-01
    1.6950000000e+05    1.5641330640e-01
    1.6960000000e+05    2.1855941256e-01
    1.6970000000e+05    1.5580758785e-01
    1.6980000000e+05    1.5949238978e-01
    1.6990000000e+05    1.3455660892e-01
    1.7000000000e+05    1.5494486793e-01
    1.7010000000e+05    1.5731222035e-01
    1.7020000000e+05    1.0812693017e-01
    1.7030000000e+05    1.6188129973e-01
    1.7040000000e+05    1.6873979267e-01
    1.7050000000e+05    1.8963295415e-01
    1.7060000000e+05    1.5969115763e-01
    1.7070000000e+05    1.1040787157e-01
    1.7080000000e+05    1.5572528635e-01
    1.7090000000e+05    1.8878448685e-01
    1.7100000000e+05    1.8747295800e-01
    1.7110000000e+05    1.9978948622e-01
    1.7120000000e+05    1.3306593067e-01
    1.7130000000e+05    1.1750491229e-01
    1.7140000000e+05    1.8199983861e-01
    1.7150000000e+05    1.8989200216e-01
    1.7160000000e+05    1.3511529007e-01
    1.7170000000e+05    1.2139441138e-01
    1.7180000000e+05    1.8062304844e-01
    1.7190000000e+05    1.8547638115e-01
    1.7200000000e+05    1.0290850975e-01
    1.7210000000e+05    1.2701985356e-01
    1.7220000000e+05    1.7141385471e-01
    1.7230000000e+05    1.4749180425e-01
    1.7240000000e+05    1.5097677211e-01
    1.7250000000e+05    1.4331239114e-01
    1.7260000000e+05    1.6599190711e-01
    1.7270000000e+05    1.3869351448e-01
    1.7280000000e+05    1.4039279737e-01
    1.7290000000e+05    1.7756179186e-01
    1.7300000000e+05    1.3724000262e-01
    1.7310000000e+05    1.3485224459e-01
    1.7320000000e+05    1.1379598361e-01
    1.7330000000e+05    1.8627895998e-01
    1.7340000000e+05    1.4651752223e-01
    1.7350000000e+05    1.9840143374e-01
    1.7360000000e+05    2.0744079646e-01
    1.7370000000e+05    1.2886592979e-01
    1.7380000000e+05    1.2574734238e-01
    1.7390000000e+05    1.5218925042e-01
    1.7400000000e+05    1.9499850975e-01
    1.7410000000e+05    1.2154856020e-01
    1.7420000000e+05    1.3560810377e-01
    1.7430000000e+05    1.4613837327e-01
    1.7440000000e+05    2.3029498913e-01
    1.7450000000e+05    1.3578697269e-01
    1.7460000000e+05    1.4729220769e-01
    1.7470000000e+05    1.6946093152e-01
    1.7480000000e+05    2.0847542001e-01
    1.7490000000e+05    1.5197171855e-01
    1.7500000000e+05    1.3293318518e-01
    1.7510000000e+05    1.8025746717e-01
    1.7520000000e+05    1.4579197778e-01
    1.7530000000e+05    1.7058336262e-01
    1.7540000000e+05    1.4796430767e-01
    1.7550000000e+05    1.8817493879e-01
    1.7560000000e+05    1.5736123180e-01
    1.7570000000e+05    1.8229010722e-01
    1.7580000000e+05    1.2596845063e-01
    1.7590000000e+05    1.7935853165e-01
    1.7600000000e+05    1.7753727610e-01
    1.7610000000e+05    1.8316985906e-01
    1.7620000000e+05    1.3581129450e-01
    1.7630000000e+05    1.5963391251e-01
    1.7640000000e+05    2.0197515186e-01
    1.7650000000e+05    1.5842338063e-01
    1.7660000000e+05    1.2871304917e-01
    1.7670000000e+05    1.6004080247e-01
    1.7680000000e+05    1.4320818774e-01
    1.7690000000e+05    1.3765349791e-01
    1.7700000000e+05    1.8086034234e-01
    1.7710000000e+05    2.1435431934e-01
    1.7720000000e+05    1.4504461179e-01
    1.7730000000e+05    1.3170898767e-01
    1.7740000000e+05    1.4970114855e-01
    1.7750000000e+05    1.9958253378e-01
    1.7760000000e+05    1.5669849304e-01
    1.7770000000e+05    2.2164561757e-01
    1.7780000000e+05    1.4601304256e-01
    1.7790000000e+05    1.5322793622e-01
    1.7800000000e+05    1.4636356247e-01
    1.7810000000e+05    1.7775044081e-01
    1.7820000000e+05    2.0381797211e-01
    1.7830000000e+05    2.1250212715e-01
    1.7840000000e+05    1.9620983378e-01
    1.7850000000e+05    2.3180880945e-01
    1.7860000000e+05    1.8526344997e-01
    1.7870000000e+05    1.9989668609e-01
    1.7880000000e+05    1.8157502223e-01
    1.7890000000e+05    1.6882330610e-01
    1.7900000000e+05    1.5018843472e-01
    1.7910000000e+05    1.5868499406e-01
    1.7920000000e+05    1.5365032322e-01
    1.7930000000e+05    1.1978056589e-01
    1.7940000000e+05    1.3998805003e-01
    1.7950000000e+05    1.4325188927e-01
    1.7960000000e+05    1.6883343309e-01
    1.7970000000e+05    1.7159523012e-01
    1.7980000000e+05    1.6056559023e-01
    1.7990000000e+05    1.2009771111e-01
    1.8000000000e+05    1.5506310319e-01
    1.8010000000e+05    1.5322509633e-01
    1.8020000000e+05    1.7480473489e-01
    1.8030000000e+05    1.3375745080e-01
    1.8040000000e+05    1.4194028726e-01
    1.8050000000e+05    1.4321522087e-01
    1.8060000000e+05    1.4024226071e-01
    1.8070000000e+05    1.7377294777e-01
    1.8080000000e+05    1.4762050480e-01
    1.8090000000e+05    1.3361912884e-01
    1.8100000000e+05    1.4360511382e-01
    1.8110000000e+05    1.3101605267e-01
    1.8120000000e+05    1.1994500084e-01
    1.8130000000e+05    1.0213563168e-01
    1.8140000000e+05    1.2388956888e-01
    1.8150000000e+05    1.5666228624e-01
    1.8160000000e+05    1.4730709075e-01
    1.8170000000e+05    1.3038505435e-01
    1.8180000000e+05    1.3554754671e-01
    1.8190000000e+05    1.3360717023e-01
    1.8200000000e+05    1.3363714744e-01
    1.8210000000e+05    1.3418020296e-01
    1.8220000000e+05    1.5423320273e-01
    1.8230000000e+05    1.6793086809e-01
    1.8240000000e+05    1.7752103503e-01
    1.8250000000e+05    1.8228404198e-01
    1.8260000000e+05    1.2745755253e-01
    1.8270000000e+05    1.3526370579e-01
    1.8280000000e+05    1.3656751396e-01
    1.8290000000e+05    1.8203603926e-01
    1.8300000000e+05    1.5218763905e-01
    1.8310000000e+05    1.6413285377e-01
    1.8320000000e+05    1.3282462938e-01
    1.8330000000e+05    1.0428094854e-01
    1.8340000000e+05    1.8206137269e-01
    1.8350000000e+05    1.9355880595e-01
    1.8360000000e+05    1.7384380557e-01
    1.8370000000e+05    1.3552475980e-01
    1.8380000000e+05    1.9008938526e-01
    1.8390000000e+05    1.7582366178e-01
    1.8400000000e+05    1.8548608729e-01
    1.8410000000e+05    1.4320850587e-01
    1.8420000000e+05    1.4614114531e-01
    1.8430000000e+05    2.1041427221e-01
    1.8440000000e+05    1.8418419927e-01
    1.8450000000e+05    1.3677922267e-01
    1.8460000000e+05    1.4253603465e-01
    1.8470000000e+05    1.7649216780e-01
    1.8480000000e+05    1.9270368394e-01
    1.8490000000e+05    1.6077566823e-01
    1.8500000000e+05    1.3444440329e-01
    1.8510000000e+05    1.4466979702e-01
    1.8520000000e+05    1.8832311014e-01
    1.8530000000e+05    1.4578018846e-01
    1.8540000000e+05    1.7560685380e-01
    1.8550000000e+05    1.4686813989e-01
    1.8560000000e+05    1.7588497796e-01
    1.8570000000e+05    1.4682646775e-01
    1.8580000000e+05    1.5697384508e-01
    1.8590000000e+05    1.4401941743e-01
    1.8600000000e+05    1.6932298020e-01
    1.8610000000e+05    1.9033834494e-01
    1.8620000000e+05    1.4118502105e-01
    1.8630000000e+05    1.5018701126e-01
    1.8640000000e+05    1.4478427232e-01
    1.8650000000e+05    1.9314259580e-01
    1.8660000000e+05    1.4189790858e-01
    1.8670000000e+05    1.7292015873e-01
    1.8680000000e+05    1.1934245634e-01
    1.8690000000e+05    1.3875690394e-01
    1.8700000000e+05    1.0923708522e-01
    1.8710000000e+05    1.5376299757e-01
    1.8720000000e+05    1.0546836885e-01
    1.8730000000e+05    1.3171230410e-01
    1.8740000000e+05    1.5993483289e-01
    1.8750000000e+05    1.6207558855e-01
    1.8760000000e+05    1.1546657319e-01
    1.8770000000e+05    1.2984767484e-01
    1.8780000000e+05    1.0339970782e-01
    1.8790000000e+05    1.5353638277e-01
    1.8800000000e+05    1.9257257142e-01
    1.8810000000e+05    1.3340524820e-01
    1.8820000000e+05    1.3545208365e-01
    1.8830000000e+05    1.2294858563e-01
    1.8840000000e+05    1.4382569250e-01
    1.8850000000e+05    1.3034418808e-01
    1.8860000000e+05    1.5511149674e-01
    1.8870000000e+05    1.6560227978e-01
    1.8880000000e+05    1.4375881530e-01
    1.8890000000e+05    1.2771412782e-01
    1.8900000000e+05    1.1686143137e-01
    1.8910000000e+05    1.9301566087e-01
    1.8920000000e+05    1.1377413197e-01
    1.8930000000e+05    1.0651087130e-01
    1.8940000000e+05    1.1567145260e-01
    1.8950000000e+05    1.3302780048e-01
    1.8960000000e+05    1.3705234071e-01
    1.8970000000e+05    1.4526492424e-01
    1.8980000000e+05    1.0501791167e-01
    1.8990000000e+05    1.1344227742e-01
    1.9000000000e+05    1.8016642589e-01
    1.9010000000e+05    1.6578166040e-01
    1.9020000000e+05    1.3373806194e-01
    1.9030000000e+05    9.3152492397e-02
    1.9040000000e+05    1.5217360579e-01
    1.9050000000e+05    1.9111546645e-01
    1.9060000000e+05    1.6696063951e-01
    1.9070000000e+05    1.1756176153e-01
    1.9080000000e+05    1.4321437064e-01
    1.9090000000e+05    1.4952116285e-01
    1.9100000000e+05    1.5294407837e-01
    1.9110000000e+05    1.2695785416e-01
    1.9120000000e+05    1.4064341766e-01
    1.9130000000e+05    1.5741892914e-01
    1.9140000000e+05    2.1413839167e-01
    1.9150000000e+05    1.3976936315e-01
    1.9160000000e+05    1.4237855874e-01
    1.9170000000e+05    1.3788648077e-01
    1.9180000000e+05    1.7629833519e-01
    1.9190000000e+05    1.2178450198e-01
    1.9200000000e+05    1.2056120499e-01
    1.9210000000e+05    1.1663750258e-01
    1.9220000000e+05    1.4521278591e-01
    1.9230000000e+05    1.7092468698e-01
    1.9240000000e+05    1.7719573545e-01
    1.9250000000e+05    1.3783785220e-01
    1.9260000000e+05    1.3213937018e-01
    1.9270000000e+05    1.4809763442e-01
    1.9280000000e+05    1.2744884208e-01
    1.9290000000e+05    1.1043885023e-01
    1.9300000000e+05    1.3178143870e-01
    1.9310000000e+05    1.2788318997e-01
    1.9320000000e+05    1.3506729040e-01
    1.9330000000e+05    1.4412223545e-01
    1.9340000000e+05    1.0206061853e-01
    1.9350000000e+05    1.3954152302e-01
    1.9360000000e+05    1.4208841211e-01
    1.9370000000e+05    1.4126397302e-01
    1.9380000000e+05    1.2038380467e-01
    1.9390000000e+05    1.5606307362e-01
    1.9400000000e+05    1.8026473811e-01
    1.9410000000e+05    1.5951765467e-01
    1.9420000000e+05    1.3710884780e-01
    1.9430000000e+05    1.5935681068e-01
    1.9440000000e+05    1.6289113769e-01
    1.9450000000e+05    1.6731574855e-01
    1.9460000000e+05    1.5489065896e-01
    1.9470000000e+05    1.5508445328e-01
    1.9480000000e+05    1.5394638974e-01
    1.9490000000e+05    1.3733924737e-01
    1.9500000000e+05    1.4330938588e-01
    1.9510000000e+05    1.1444863647e-01
    1.9520000000e+05    1.5235727359e-01
    1.9530000000e+05    1.1933461232e-01
    1.9540000000e+05    1.4307240837e-01
    1.9550000000e+05    1.2305009018e-01
    1.9560000000e+05    1.3255589284e-01
    1.9570000000e+05    1.2533236394e-01
    1.9580000000e+05    1.4707101319e-01
    1.9590000000e+05    1.4143508244e-01
    1.9600000000e+05    1.2554574335e-01
    1.9610000000e+05    1.3193586648e-01
    1.9620000000e+05    1.4347125083e-01
    1.9630000000e+05    1.8278113711e-01
    1.9640000000e+05    1.2643996795e-01
    1.9650000000e+05    1.2322802516e-01
    1.9660000000e+05    1.2249665866e-01
    1.9670000000e+05    2.1690722567e-01
    1.9680000000e+05    1.5339934462e-01
    1.9690000000e+05    1.2520009099e-01
    1.9700000000e+05    1.2297098154e-01
    1.9710000000e+05    1.5650487533e-01
    1.9720000000e+05    1.5697393004e-01
    1.9730000000e+05    1.4660267763e-01
    1.9740000000e+05    1.3766241654e-01
    1.9750000000e+05    1.4001071177e-01
    1.9760000000e+05    1.3918936507e-01
    1.9770000000e+05    1.8602016646e-01
    1.9780000000e+05    1.6015334379e-01
    1.9790000000e+05    1.2421999246e-01
    1.9800000000e+05    1.7341170188e-01
    1.9810000000e+05    2.0113837343e-01
    1.9820000000e+05    1.5487320172e-01
    1.9830000000e+05    1.3277445314e-01
    1.9840000000e+05    1.5687623441e-01
    1.9850000000e+05    1.3891766868e-01
    1.9860000000e+05    1.3159360623e-01
    1.9870000000e+05    1.3235406696e-01
    1.9880000000e+05    1.5834730963e-01
    1.9890000000e+05    1.1157174153e-01
    1.9900000000e+05    1.0949484055e-01
    1.9910000000e+05    1.1002455777e-01
    1.9920000000e+05    1.5364711464e-01
    1.9930000000e+05    1.2232369696e-01
    1.9940000000e+05    9.2440636955e-02
    1.9950000000e+05    1.2205701343e-01
    1.9960000000e+05    1.5859507058e-01
    1.9970000000e+05    1.1664987952e-01
    1.9980000000e+05    1.1930962935e-01
    1.9990000000e+05    1.3998533705e-01
    2.0000000000e+05    1.1794870058e-01
