    1.0000000000e+02    1.6489198915e-01
    2.0000000000e+02    1.8752798335e-01
    3.0000000000e+02    1.3100739863e-01
    4.0000000000e+02    1.5991754167e-01
    5.0000000000e+02    1.1840685596e-01
    6.0000000000e+02    1.3252964503e-01
    7.0000000000e+02    1.4315438723e-01
    8.0000000000e+02    1.6113395676e-01
    9.0000000000e+02    1.1667618348e-01
    1.0000000000e+03    1.1981378273e-01
    1.1000000000e+03    1.5625153407e-01
    1.2000000000e+03    1.6631471710e-01
    1.3000000000e+03    1.6336240217e-01
    1.4000000000e+03    1.8289859618e-01
    1.5000000000e+03    1.8820029874e-01
    1.6000000000e+03    1.7546632721e-01
    1.7000000000e+03    1.3866720854e-01
    1.8000000000e+03    1.4517614489e-01
    1.9000000000e+03    1.4897445803e-01
    2.0000000000e+03    1.3676876345e-01
    2.1000000000e+03    1.5383995531e-01
    2.2000000000e+03    1.5335452917e-01
    2.3000000000e+03    1.1926540571e-01
    2.4000000000e+03    1.7477391135e-01
    2.5000000000e+03    1.6576378209e-01
    2.6000000000e+03    2.1545946665e-01
    2.7000000000e+03    1.4588186690e-01
    2.8000000000e+03    1.6872516868e-01
    2.9000000000e+03    1.3631079018e-01
    3.0000000000e+03    1.5554466413e-01
    3.1000000000e+03    1.5391555896e-01
    3.2000000000e+03    1.5264272031e-01
    3.3000000000e+03    1.3619312470e-01
    3.4000000000e+03    1.5760779598e-01
    3.5000000000e+03    1.4198804643e-01
    3.6000000000e+03    1.9228980494e-01
    3.7000000000e+03    1.4395156775e-01
    3.8000000000e+03    1.1507644295e-01
    3.9000000000e+03    1.5189998460e-01
    4.0000000000e+03    2.2186642760e-01
    4.1000000000e+03    1.2400128099e-01
    4.2000000000e+03    1.5295167537e-01
    4.3000000000e+03    1.1546770545e-01
    4.4000000000e+03    1.4735535875e-01
    4.5000000000e+03    1.3291186696e-01
    4.6000000000e+03    9.4024969737e-02
    4.7000000000e+03    1.2586190838e-01
    4.8000000000e+03    1.6143962670e-01
    4.9000000000e+03    1.6878352134e-01
    5.0000000000e+03    1.3672429974e-01
    5.1000000000e+03    1.3897502231e-01
    5.2000000000e+03    1.1658780116e-01
    5.3000000000e+03    1.1350546442e-01
    5.4000000000e+03    1.0940527606e-01
    5.5000000000e+03    1.3582279706e-01
    5.6000000000e+03    1.3117709281e-01
    5.7000000000e+03    1.2630380995e-01
    5.8000000000e+03    1.4118205719e-01
    5.9000000000e+03    1.1909088761e-01
    6.0000000000e+03    1.2216643879e-01
    6.1000000000e+03    1.2339225964e-01
    6.2000000000e+03    1.3729925176e-01
    6.3000000000e+03    1.0641988771e-01
    6.4000000000e+03    1.1906618187e-01
    6.5000000000e+03    1.3058825059e-01
    6.6000000000e+03    9.9875658722e-02
    6.7000000000e+03    1.1430215402e-01
    6.8000000000e+03    1.0797963002e-01
    6.9000000000e+03    1.3699816654e-01
    7.0000000000e+03    1.4377273251e-01
    7.1000000000e+03    1.1969515438e-01
    7.2000000000e+03    9.6383165957e-02
    7.3000000000e+03    1.6159140024e-01
    7.4000000000e+03    1.2574786268e-01
    7.5000000000e+03    1.0361447548e-01
    7.6000000000e+03    1.1611987700e-01
    7.7000000000e+03    1.0899646281e-01
    7.8000000000e+03    1.4992906141e-01
    7.9000000000e+03    1.2962668740e-01
    8.0000000000e+03    1.1252878449e-01
    8.1000000000e+03    1.2979436009e-01
    8.2000000000e+03    1.3699583018e-01
    8.3000000000e+03    1.4237866016e-01
    8.4000000000e+03    1.8176062494e-01
    8.5000000000e+03    1.4306232883e-01
    8.6000000000e+03    1.6215171511e-01
    8.7000000000e+03    1.7005875713e-01
    8.8000000000e+03    1.3745808524e-01
    8.9000000000e+03    1.0869451006e-01
    9.0000000000e+03    1.4720593826e-01
    9.1000000000e+03    1.3054377113e-01
    9.2000000000e+03    1.4666236760e-01
    9.3000000000e+03    1.3590447212e-01
    9.4000000000e+03    1.5411548124e-01
    9.5000000000e+03    1.2849349232e-01
    9.6000000000e+03    1.5334996982e-01
    9.7000000000e+03    1.9495279295e-01
    9.8000000000e+03    2.7284835207e-01
    9.9000000000e+03    2.5559790177e-01
    1.0000000000e+04    4.3633626533e-01
    1.0100000000e+04    4.0862106221e-01
    1.0200000000e+04    2.0211550568e-01
    1.0300000000e+04    1.6070130140e-01
    1.0400000000e+04    1.4174591101e-01
    1.0500000000e+04    1.1690880272e-01
    1.0600000000e+04    1.1894928019e-01
    1.0700000000e+04    1.3994684099e-01
    1.0800000000e+04    1.2883647424e-01
    1.0900000000e+04    1.7494041577e-01
    1.1000000000e+04    1.1343302382e-01
    1.1100000000e+04    1.2670849196e-01
    1.1200000000e+04    1.3500192481e-01
    1.1300000000e+04    1.2345119844e-01
    1.1400000000e+04    1.2532775120e-01
    1.1500000000e+04    1.2117124973e-01
    1.1600000000e+04    1.2191367848e-01
    1.1700000000e+04    1.1806114811e-01
    1.1800000000e+04    1.2291475109e-01
    1.1900000000e+04    1.4278416161e-01
    1.2000000000e+04    1.3035283466e-01
    1.2100000000e+04    1.1638556448e-01
    1.2200000000e+04    1.3364126109e-01
    1.2300000000e+04    1.2030987830e-01
    1.2400000000e+04    1.2917768091e-01
    1.2500000000e+04    1.0990310941e-01
    1.2600000000e+04    1.1744008668e-01
    1.2700000000e+04    1.4243933303e-01
    1.2800000000e+04    1.2572945385e-01
    1.2900000000e+04    1.3675173279e-01
    1.3000000000e+04    1.3489471186e-01
    1.3100000000e+04    1.2509655076e-01
    1.3200000000e+04    1.3959155959e-01
    1.3300000000e+04    1.3639901812e-01
    1.3400000000e+04    1.2505407206e-01
    1.3500000000e+04    1.2937968780e-01
    1.3600000000e+04    1.7790419934e-01
    1.3700000000e+04    1.5307647934e-01
    1.3800000000e+04    1.2158664285e-01
    1.3900000000e+04    1.2132110279e-01
    1.4000000000e+04    1.2784906882e-01
    1.4100000000e+04    1.2997620250e-01
    1.4200000000e+04    1.3853644356e-01
    1.4300000000e+04    1.2035748533e-01
    1.4400000000e+04    1.1831692679e-01
    1.4500000000e+04    1.2838652356e-01
    1.4600000000e+04    1.2379948836e-01
    1.4700000000e+04    1.3698702143e-01
    1.4800000000e+04    1.1204434925e-01
    1.4900000000e+04    1.3158220183e-01
    1.5000000000e+04    1.0420888618e-01
    1.5100000000e+04    1.2691683406e-01
    1.5200000000e+04    1.3283889156e-01
    1.5300000000e+04    1.2818888646e-01
    1.5400000000e+04    1.5155614439e-01
    1.5500000000e+04    1.7373214476e-01
    1.5600000000e+04    1.5739850443e-01
    1.5700000000e+04    1.2863412827e-01
    1.5800000000e+04    1.4355713875e-01
    1.5900000000e+04    1.4206874209e-01
    1.6000000000e+04    1.3996919123e-01
    1.6100000000e+04    1.5320406081e-01
    1.6200000000e+04    1.3583524445e-01
    1.6300000000e+04    1.3182383766e-01
    1.6400000000e+04    1.6124947440e-01
    1.6500000000e+04    1.1378530804e-01
    1.6600000000e+04    1.1418724592e-01
    1.6700000000e+04    1.8549003433e-01
    1.6800000000e+04    1.4051712995e-01
    1.6900000000e+04    1.5760850969e-01
    1.7000000000e+04    1.3234139374e-01
    1.7100000000e+04    1.7072529211e-01
    1.7200000000e+04    1.4638613221e-01
    1.7300000000e+04    1.6238895596e-01
    1.7400000000e+04    1.0766138111e-01
    1.7500000000e+04    1.4716417293e-01
    1.7600000000e+04    1.1331555833e-01
    1.7700000000e+04    1.3263120076e-01
    1.7800000000e+04    1.0955193975e-01
    1.7900000000e+04    1.6255016694e-01
    1.8000000000e+04    1.4927767464e-01
    1.8100000000e+04    1.5206372086e-01
    1.8200000000e+04    1.3310870925e-01
    1.8300000000e+04    1.3355914420e-01
    1.8400000000e+04    1.2861129151e-01
    1.8500000000e+04    1.2804236481e-01
    1.8600000000e+04    1.3408686283e-01
    1.8700000000e+04    1.2428107189e-01
    1.8800000000e+04    1.4502916764e-01
    1.8900000000e+04    1.3051406067e-01
    1.9000000000e+04    1.1918760155e-01
    1.9100000000e+04    1.6315778900e-01
    1.9200000000e+04    1.2679107854e-01
    1.9300000000e+04    1.3693841924e-01
    1.9400000000e+04    1.5071659971e-01
    1.9500000000e+04    1.4616132299e-01
    1.9600000000e+04    1.7299526415e-01
    1.9700000000e+04    1.9487764261e-01
    1.9800000000e+04    1.4190327444e-01
    1.9900000000e+04    1.9628905777e-01
    2.0000000000e+04    1.5800426742e-01
    2.0100000000e+04    1.4550744164e-01
    2.0200000000e+04    1.6468266691e-01
    2.0300000000e+04    1.3321675831e-01
    2.0400000000e+04    1.2890162771e-01
    2.0500000000e+04    1.5289042340e-01
    2.0600000000e+04    1.5736577036e-01
    2.0700000000e+04    1.5159492584e-01
    2.0800000000e+04    1.3724056997e-01
    2.0900000000e+04    1.5186059814e-01
    2.1000000000e+04    1.1778377633e-01
    2.1100000000e+04    1.2380243425e-01
    2.1200000000e+04    1.3709657323e-01
    2.1300000000e+04    1.2541893849e-01
    2.1400000000e+04    1.5585706068e-01
    2.1500000000e+04    1.1694200524e-01
    2.1600000000e+04    1.1332290640e-01
    2.1700000000e+04    1.3337288981e-01
    2.1800000000e+04    1.3550663376e-01
    2.1900000000e+04    1.2358180084e-01
    2.2000000000e+04    1.1796974358e-01
    2.2100000000e+04    1.2712033957e-01
    2.2200000000e+04    1.5728855371e-01
    2.2300000000e+04    1.3371604114e-01
    2.2400000000e+04    1.3815962433e-01
    2.2500000000e+04    1.2962114509e-01
    2.2600000000e+04    1.6380033114e-01
    2.2700000000e+04    1.8033594569e-01
    2.2800000000e+04    1.2616083937e-01
    2.2900000000e+04    1.6055568345e-01
    2.3000000000e+04    1.5225026859e-01
    2.3100000000e+04    1.7375382468e-01
    2.3200000000e+04    1.7558363023e-01
    2.3300000000e+04    1.8570013743e-01
    2.3400000000e+04    3.1602605255e-01
    2.3500000000e+04    1.5925951766e-01
    2.3600000000e+04    1.3471783722e-01
    2.3700000000e+04    1.1552476090e-01
    2.3800000000e+04    1.4644778168e-01
    2.3900000000e+04    1.8763153628e-01
    2.4000000000e+04    2.6753116747e-01
    2.4100000000e+04    2.3494871085e-01
    2.4200000000e+04    2.5917804116e-01
    2.4300000000e+04    2.4754555431e-01
    2.4400000000e+04    2.2854662070e-01
    2.4500000000e+04    1.2704061957e-01
    2.4600000000e+04    1.6660164119e-01
    2.4700000000e+04    1.4415349038e-01
    2.4800000000e+04    1.3670139232e-01
    2.4900000000e+04    1.4249303532e-01
    2.5000000000e+04    1.3696873458e-01
    2.5100000000e+04    1.2918282957e-01
    2.5200000000e+04    1.8394550898e-01
    2.5300000000e+04    1.5408106906e-01
    2.5400000000e+04    1.1979084444e-01
    2.5500000000e+04    1.1416740247e-01
    2.5600000000e+04    1.2945167855e-01
    2.5700000000e+04    1.4901302279e-01
    2.5800000000e+04    1.1673184106e-01
    2.5900000000e+04    1.1915977639e-01
    2.6000000000e+04    1.2799603996e-01
    2.6100000000e+04    1.3828356574e-01
    2.6200000000e+04    1.2260161128e-01
    2.6300000000e+04    1.5246427361e-01
    2.6400000000e+04    1.4513792046e-01
    2.6500000000e+04    1.6095441015e-01
    2.6600000000e+04    1.0525060354e-01
    2.6700000000e+04    1.0126769016e-01
    2.6800000000e+04    1.3269832893e-01
    2.6900000000e+04    1.7282443195e-01
    2.7000000000e+04    1.2946075469e-01
    2.7100000000e+04    1.2249896857e-01
    2.7200000000e+04    1.1882104446e-01
    2.7300000000e+04    1.3722028885e-01
    2.7400000000e+04    1.2480698540e-01
    2.7500000000e+04    1.6370477515e-01
    2.7600000000e+04    1.2599192342e-01
    2.7700000000e+04    1.5248682631e-01
    2.7800000000e+04    1.6497430556e-01
    2.7900000000e+04    1.2164007653e-01
    2.8000000000e+04    1.3526165694e-01
    2.8100000000e+04    1.1569021037e-01
    2.8200000000e+04    1.5207176162e-01
    2.8300000000e+04    1.3923377719e-01
    2.8400000000e+04    1.2061129921e-01
    2.8500000000e+04    1.7075323566e-01
    2.8600000000e+04    1.4869178832e-01
    2.8700000000e+04    1.2719912690e-01
    2.8800000000e+04    1.4155157105e-01
    2.8900000000e+04    1.4093143835e-01
    2.9000000000e+04    1.3480722659e-01
    2.9100000000e+04    1.4187381144e-01
    2.9200000000e+04    1.4618605729e-01
    2.9300000000e+04    1.1886614719e-01
    2.9400000000e+04    1.2034332064e-01
    2.9500000000e+04    1.3500899168e-01
    2.9600000000e+04    1.2873667973e-01
    2.9700000000e+04    1.0895050695e-01
    2.9800000000e+04    1.3089516566e-01
    2.9900000000e+04    1.4401276236e-01
    3.0000000000e+04    1.3359496277e-01
    3.0100000000e+04    1.1932771565e-01
    3.0200000000e+04    1.1207828454e-01
    3.0300000000e+04    1.0719884871e-01
    3.0400000000e+04    1.3598532621e-01
    3.0500000000e+04    1.4100339303e-01
    3.0600000000e+04    1.2020947813e-01
    3.0700000000e+04    1.3325394642e-01
    3.0800000000e+04    1.3184769558e-01
    3.0900000000e+04    1.1095893603e-01
    3.1000000000e+04    1.2285987499e-01
    3.1100000000e+04    1.0072324610e-01
    3.1200000000e+04    1.1078360921e-01
    3.1300000000e+04    1.1814157678e-01
    3.1400000000e+04    1.1974853030e-01
    3.1500000000e+04    1.0898052693e-01
    3.1600000000e+04    1.1695665749e-01
    3.1700000000e+04    1.2263809169e-01
    3.1800000000e+04    1.5552948939e-01
    3.1900000000e+04    1.6301902813e-01
    3.2000000000e+04    1.3888070374e-01
    3.2100000000e+04    1.2706752439e-01
    3.2200000000e+04    1.6006647759e-01
    3.2300000000e+04    1.2124483325e-01
    3.2400000000e+04    1.3898382157e-01
    3.2500000000e+04    1.3363002499e-01
    3.2600000000e+04    1.5160172268e-01
    3.2700000000e+04    1.5525814288e-01
    3.2800000000e+04    1.5568645344e-01
    3.2900000000e+04    1.3235951012e-01
    3.3000000000e+04    1.8252581664e-01
    3.3100000000e+04    1.2542232058e-01
    3.3200000000e+04    1.4909001887e-01
    3.3300000000e+04    1.5244135420e-01
    3.3400000000e+04    1.1426393457e-01
    3.3500000000e+04    1.2594925657e-01
    3.3600000000e+04    1.1070486651e-01
    3.3700000000e+04    1.0873754550e-01
    3.3800000000e+04    1.1551308541e-01
    3.3900000000e+04    1.0886978612e-01
    3.4000000000e+04    1.1244611298e-01
    3.4100000000e+04    1.1252293246e-01
    3.4200000000e+04    1.1593601927e-01
    3.4300000000e+04    1.0769639197e-01
    3.4400000000e+04    1.1283736394e-01
    3.4500000000e+04    1.0057119788e-01
    3.4600000000e+04    1.1672591178e-01
    3.4700000000e+04    1.1982801912e-01
    3.4800000000e+04    1.2445889540e-01
    3.4900000000e+04    1.0727148800e-01
    3.5000000000e+04    1.2190976945e-01
    3.5100000000e+04    1.2528585812e-01
    3.5200000000e+04    1.0954726114e-01
    3.5300000000e+04    1.2378389106e-01
    3.5400000000e+04    1.3606649899e-01
    3.5500000000e+04    1.1701184258e-01
    3.5600000000e+04    1.1863640091e-01
    3.5700000000e+04    1.2355368728e-01
    3.5800000000e+04    1.3856688099e-01
    3.5900000000e+04    1.2296053188e-01
    3.6000000000e+04    1.3778536004e-01
    3.6100000000e+04    1.7698216248e-01
    3.6200000000e+04    1.6865945786e-01
    3.6300000000e+04    1.2740513924e-01
    3.6400000000e+04    1.4296634481e-01
    3.6500000000e+04    1.3462340189e-01
    3.6600000000e+04    1.7199289068e-01
    3.6700000000e+04    1.1968593732e-01
    3.6800000000e+04    1.6004116777e-01
    3.6900000000e+04    1.6383904298e-01
    3.7000000000e+04    1.4532891814e-01
    3.7100000000e+04    1.2252382693e-01
    3.7200000000e+04    1.2080241328e-01
    3.7300000000e+04    1.1819075849e-01
    3.7400000000e+04    1.4490006616e-01
    3.7500000000e+04    1.6091824818e-01
    3.7600000000e+04    1.3283458924e-01
    3.7700000000e+04    1.1029726637e-01
    3.7800000000e+04    1.6408835097e-01
    3.7900000000e+04    1.4764314314e-01
    3.8000000000e+04    1.4131122094e-01
    3.8100000000e+04    1.1568192228e-01
    3.8200000000e+04    1.6271155568e-01
    3.8300000000e+04    1.2161873170e-01
    3.8400000000e+04    1.3585989398e-01
    3.8500000000e+04    1.2788229614e-01
    3.8600000000e+04    1.1885961521e-01
    3.8700000000e+04    1.1311203301e-01
    3.8800000000e+04    1.5415194179e-01
    3.8900000000e+04    1.5889583750e-01
    3.9000000000e+04    1.2179040948e-01
    3.9100000000e+04    1.3294356878e-01
    3.9200000000e+04    1.2658899810e-01
    3.9300000000e+04    1.6539874594e-01
    3.9400000000e+04    1.1855847585e-01
    3.9500000000e+04    1.3057493685e-01
    3.9600000000e+04    1.0066650157e-01
    3.9700000000e+04    1.3883704661e-01
    3.9800000000e+04    1.0327231012e-01
    3.9900000000e+04    1.1192398966e-01
    4.0000000000e+04    1.0463533653e-01
    4.0100000000e+04    1.1432370617e-01
    4.0200000000e+04    1.1932183757e-01
    4.0300000000e+04    1.1775109586e-01
    4.0400000000e+04    1.2424057227e-01
    4.0500000000e+04    1.1968914256e-01
    4.0600000000e+04    9.9610215158e-02
    4.0700000000e+04    9.6967055857e-02
    4.0800000000e+04    1.3861570227e-01
    4.0900000000e+04    1.0208882272e-01
    4.1000000000e+04    9.9667362756e-02
    4.1100000000e+04    1.1055345185e-01
    4.1200000000e+04    1.4161384491e-01
    4.1300000000e+04    9.0310857517e-02
    4.1400000000e+04    1.1561184765e-01
    4.1500000000e+04    9.7231579632e-02
    4.1600000000e+04    1.0201734241e-01
    4.1700000000e+04    1.3492641492e-01
    4.1800000000e+04    1.0924167413e-01
    4.1900000000e+04    1.1615283197e-01
    4.2000000000e+04    1.2228848980e-01
    4.2100000000e+04    9.9148619671e-02
    4.2200000000e+04    1.0499518034e-01
    4.2300000000e+04    1.2214189269e-01
    4.2400000000e+04    9.5385187125e-02
    4.2500000000e+04    1.3101157600e-01
    4.2600000000e+04    1.1404436602e-01
    4.2700000000e+04    1.2707954958e-01
    4.2800000000e+04    1.0509014143e-01
    4.2900000000e+04    1.2861183054e-01
    4.3000000000e+04    1.2924720300e-01
    4.3100000000e+04    1.3098576083e-01
    4.3200000000e+04    1.1611011803e-01
    4.3300000000e+04    1.0630040342e-01
    4.3400000000e+04    1.2169309842e-01
    4.3500000000e+04    1.2383984212e-01
    4.3600000000e+04    1.2389456489e-01
    4.3700000000e+04    1.0288706270e-01
    4.3800000000e+04    1.1527321204e-01
    4.3900000000e+04    1.3057148719e-01
    4.4000000000e+04    1.3541540298e-01
    4.4100000000e+04    1.0308538946e-01
    4.4200000000e+04    1.1264935191e-01
    4.4300000000e+04    1.1494967735e-01
    4.4400000000e+04    1.0575218991e-01
    4.4500000000e+04    1.3329391364e-01
    4.4600000000e+04    1.1639537495e-01
    4.4700000000e+04    1.2325395661e-01
    4.4800000000e+04    1.1251265524e-01
    4.4900000000e+04    1.3405416800e-01
    4.5000000000e+04    1.1788613791e-01
    4.5100000000e+04    1.2767035512e-01
    4.5200000000e+04    9.5722444804e-02
    4.5300000000e+04    1.0545157090e-01
    4.5400000000e+04    1.0915161467e-01
    4.5500000000e+04    1.1191639456e-01
    4.5600000000e+04    1.0529307556e-01
    4.5700000000e+04    1.0502525146e-01
    4.5800000000e+04    1.1911078061e-01
    4.5900000000e+04    9.5483889988e-02
    4.6000000000e+04    9.8307753073e-02
    4.6100000000e+04    1.1985539367e-01
    4.6200000000e+04    9.8718425103e-02
    4.6300000000e+04    1.0739478979e-01
    4.6400000000e+04    1.3817233189e-01
    4.6500000000e+04    1.1817870039e-01
    4.6600000000e+04    9.8414184415e-02
    4.6700000000e+04    1.3701792420e-01
    4.6800000000e+04    1.1933752098e-01
    4.6900000000e+04    1.0212985248e-01
    4.7000000000e+04    9.1882580905e-02
    4.7100000000e+04    9.6780091544e-02
    4.7200000000e+04    1.0044606638e-01
    4.7300000000e+04    1.1843412517e-01
    4.7400000000e+04    1.0392308683e-01
    4.7500000000e+04    1.2716310521e-01
    4.7600000000e+04    1.0919821973e-01
    4.7700000000e+04    1.1546135474e-01
    4.7800000000e+04    1.2044941914e-01
    4.7900000000e+04    1.2635986560e-01
    4.8000000000e+04    1.0416926929e-01
    4.8100000000e+04    1.1788205871e-01
    4.8200000000e+04    1.0968250347e-01
    4.8300000000e+04    1.3675102028e-01
    4.8400000000e+04    9.7010076507e-02
    4.8500000000e+04    1.1644190461e-01
    4.8600000000e+04    1.0874707577e-01
    4.8700000000e+04    1.1727008703e-01
    4.8800000000e+04    1.2533512282e-01
    4.8900000000e+04    1.8581963759e-01
    4.9000000000e+04    1.3034624718e-01
    4.9100000000e+04    1.1666149373e-01
    4.9200000000e+04    1.5103602737e-01
    4.9300000000e+04    1.1341654398e-01
    4.9400000000e+04    1.1979922990e-01
    4.9500000000e+04    1.2154415468e-01
    4.9600000000e+04    1.4797907696e-01
    4.9700000000e+04    1.1552912447e-01
    4.9800000000e+04    1.2754555243e-01
    4.9900000000e+04    1.4778940547e-01
    5.0000000000e+04    1.3361354265e-01
    5.0100000000e+04    1.1333387348e-01
    5.0200000000e+04    1.1061342357e-01
    5.0300000000e+04    1.3332421388e-01
    5.0400000000e+04    1.3201058753e-01
    5.0500000000e+04    1.4594481692e-01
    5.0600000000e+04    1.6537640447e-01
    5.0700000000e+04    1.1423647406e-01
    5.0800000000e+04    1.0775665533e-01
    5.0900000000e+04    1.3069983738e-01
    5.1000000000e+04    1.2361919456e-01
    5.1100000000e+04    1.1541273774e-01
    5.1200000000e+04    1.0958548069e-01
    5.1300000000e+04    1.0298840534e-01
    5.1400000000e+04    1.1707491517e-01
    5.1500000000e+04    1.1936291388e-01
    5.1600000000e+04    1.2197086904e-01
    5.1700000000e+04    1.4003155548e-01
    5.1800000000e+04    1.1509002228e-01
    5.1900000000e+04    1.2588934399e-01
    5.2000000000e+04    1.2512910785e-01
    5.2100000000e+04    1.1152877786e-01
    5.2200000000e+04    1.3407228315e-01
    5.2300000000e+04    1.3266605220e-01
    5.2400000000e+04    1.3701870968e-01
    5.2500000000e+04    1.1112665569e-01
    5.2600000000e+04    1.2494095266e-01
    5.2700000000e+04    1.2690376465e-01
    5.2800000000e+04    1.2031752237e-01
    5.2900000000e+04    1.2319982645e-01
    5.3000000000e+04    1.1675950069e-01
    5.3100000000e+04    1.2232236490e-01
    5.3200000000e+04    1.4876598063e-01
    5.3300000000e+04    1.3853828427e-01
    5.3400000000e+04    1.4438866047e-01
    5.3500000000e+04    1.5298061471e-01
    5.3600000000e+04    1.4828516614e-01
    5.3700000000e+04    1.5897186572e-01
    5.3800000000e+04    1.3066199778e-01
    5.3900000000e+04    1.5231656338e-01
    5.4000000000e+04    1.6465171374e-01
    5.4100000000e+04    1.5054633863e-01
    5.4200000000e+04    1.2637632708e-01
    5.4300000000e+04    1.2622477407e-01
    5.4400000000e+04    1.1643206122e-01
    5.4500000000e+04    1.2013732381e-01
    5.4600000000e+04    1.1230299805e-01
    5.4700000000e+04    1.1326221455e-01
    5.4800000000e+04    1.1706774686e-01
    5.4900000000e+04    1.0837234283e-01
    5.5000000000e+04    1.0360686461e-01
    5.5100000000e+04    9.9773947355e-02
    5.5200000000e+04    1.0796419751e-01
    5.5300000000e+04    1.1916033033e-01
    5.5400000000e+04    1.4966783666e-01
    5.5500000000e+04    9.9077404482e-02
    5.5600000000e+04    1.3698257014e-01
    5.5700000000e+04    1.3098604936e-01
    5.5800000000e+04    1.2068684424e-01
    5.5900000000e+04    1.0975932353e-01
    5.6000000000e+04    1.2800805871e-01
    5.6100000000e+04    9.9002062619e-02
    5.6200000000e+04    1.0463628226e-01
    5.6300000000e+04    9.3854396709e-02
    5.6400000000e+04    1.0025419371e-01
    5.6500000000e+04    1.3667636362e-01
    5.6600000000e+04    1.1900500090e-01
    5.6700000000e+04    1.1771148163e-01
    5.6800000000e+04    1.1930462654e-01
    5.6900000000e+04    1.1947991612e-01
    5.7000000000e+04    1.0969642282e-01
    5.7100000000e+04    1.1709620919e-01
    5.7200000000e+04    1.0408647921e-01
    5.7300000000e+04    1.1746731507e-01
    5.7400000000e+04    9.1723665736e-02
    5.7500000000e+04    1.0299191614e-01
    5.7600000000e+04    1.1898297689e-01
    5.7700000000e+04    9.7965112287e-02
    5.7800000000e+04    1.1102286366e-01
    5.7900000000e+04    1.4716611503e-01
    5.8000000000e+04    1.1916933284e-01
    5.8100000000e+04    1.0764113329e-01
    5.8200000000e+04    1.6194415178e-01
    5.8300000000e+04    1.1748488294e-01
    5.8400000000e+04    1.2397160055e-01
    5.8500000000e+04    1.1411450980e-01
    5.8600000000e+04    1.0907681425e-01
    5.8700000000e+04    1.2703483953e-01
    5.8800000000e+04    1.2163535780e-01
    5.8900000000e+04    1.2476773161e-01
    5.9000000000e+04    1.2082170376e-01
    5.9100000000e+04    1.3218956993e-01
    5.9200000000e+04    1.3386904735e-01
    5.9300000000e+04    1.0380245303e-01
    5.9400000000e+04    1.0315327731e-01
    5.9500000000e+04    1.1870629098e-01
    5.9600000000e+04    1.2631015789e-01
    5.9700000000e+04    1.0242876003e-01
    5.9800000000e+04    1.0488274697e-01
    5.9900000000e+04    1.1553496682e-01
    6.0000000000e+04    1.1247280199e-01
    6.0100000000e+04    9.5786990164e-02
    6.0200000000e+04    1.2767089214e-01
    6.0300000000e+04    1.0383588175e-01
    6.0400000000e+04    1.1488315843e-01
    6.0500000000e+04    1.5301765804e-01
    6.0600000000e+04    1.0481702856e-01
    6.0700000000e+04    1.0115549118e-01
    6.0800000000e+04    1.0978371749e-01
    6.0900000000e+04    1.3363532918e-01
    6.1000000000e+04    1.0454912418e-01
    6.1100000000e+04    9.3435093244e-02
    6.1200000000e+04    1.0559824351e-01
    6.1300000000e+04    1.0537456538e-01
    6.1400000000e+04    1.1348214821e-01
    6.1500000000e+04    1.2163185883e-01
    6.1600000000e+04    1.2464028837e-01
    6.1700000000e+04    1.3404038535e-01
    6.1800000000e+04    1.0627309519e-01
    6.1900000000e+04    1.1079061057e-01
    6.2000000000e+04    1.3730656363e-01
    6.2100000000e+04    1.1493656641e-01
    6.2200000000e+04    9.9091888937e-02
    6.2300000000e+04    1.1734657035e-01
    6.2400000000e+04    1.1167434755e-01
    6.2500000000e+04    1.0556361899e-01
    6.2600000000e+04    1.0641243275e-01
    6.2700000000e+04    1.2453124101e-01
    6.2800000000e+04    1.3355330655e-01
    6.2900000000e+04    1.2126314653e-01
    6.3000000000e+04    1.2571815290e-01
    6.3100000000e+04    1.0759251327e-01
    6.3200000000e+04    1.1600959486e-01
    6.3300000000e+04    1.0049313995e-01
    6.3400000000e+04    9.2570536943e-02
    6.3500000000e+04    1.2070548843e-01
    6.3600000000e+04    9.8015655550e-02
    6.3700000000e+04    1.0417812616e-01
    6.3800000000e+04    1.0014620659e-01
    6.3900000000e+04    1.1465065753e-01
    6.4000000000e+04    1.0455863566e-01
    6.4100000000e+04    1.0792283177e-01
    6.4200000000e+04    1.0344696218e-01
    6.4300000000e+04    1.0329322494e-01
    6.4400000000e+04    1.0504057670e-01
    6.4500000000e+04    9.9618297415e-02
    6.4600000000e+04    1.1394519550e-01
    6.4700000000e+04    9.5336012251e-02
    6.4800000000e+04    1.1742566754e-01
    6.4900000000e+04    1.1393093824e-01
    6.5000000000e+04    1.0598409106e-01
    6.5100000000e+04    1.0317222793e-01
    6.5200000000e+04    1.1385832451e-01
    6.5300000000e+04    1.2455743678e-01
    6.5400000000e+04    1.0529236799e-01
    6.5500000000e+04    1.1141653933e-01
    6.5600000000e+04    1.0597810661e-01
    6.5700000000e+04    1.5327383455e-01
    6.5800000000e+04    1.6186026686e-01
    6.5900000000e+04    1.2240590496e-01
    6.6000000000e+04    1.0807378702e-01
    6.6100000000e+04    1.2303166783e-01
    6.6200000000e+04    1.2832701535e-01
    6.6300000000e+04    1.4369235545e-01
    6.6400000000e+04    1.2214084938e-01
    6.6500000000e+04    1.5106791929e-01
    6.6600000000e+04    1.8843012366e-01
    6.6700000000e+04    9.9858802591e-02
    6.6800000000e+04    1.1540026480e-01
    6.6900000000e+04    1.0962343257e-01
    6.7000000000e+04    9.9452151705e-02
    6.7100000000e+04    9.4183020126e-02
    6.7200000000e+04    1.0104077592e-01
    6.7300000000e+04    1.0955257234e-01
    6.7400000000e+04    9.1601019583e-02
    6.7500000000e+04    9.9552735087e-02
    6.7600000000e+04    1.0010684809e-01
    6.7700000000e+04    1.3226976368e-01
    6.7800000000e+04    1.1160614360e-01
    6.7900000000e+04    1.0447921527e-01
    6.8000000000e+04    1.0616642428e-01
    6.8100000000e+04    1.0742097312e-01
    6.8200000000e+04    9.7720533728e-02
    6.8300000000e+04    1.1646418254e-01
    6.8400000000e+04    1.0819986670e-01
    6.8500000000e+04    9.5842586834e-02
    6.8600000000e+04    1.0493336294e-01
    6.8700000000e+04    1.0134488886e-01
    6.8800000000e+04    9.6998187555e-02
    6.8900000000e+04    1.0770347213e-01
    6.9000000000e+04    9.8576371816e-02
    6.9100000000e+04    1.0597146496e-01
    6.9200000000e+04    1.4262950505e-01
    6.9300000000e+04    1.0875335902e-01
    6.9400000000e+04    1.0772969738e-01
    6.9500000000e+04    1.0642080196e-01
    6.9600000000e+04    1.0445781804e-01
    6.9700000000e+04    1.1870984374e-01
    6.9800000000e+04    1.3153316466e-01
    6.9900000000e+04    1.0232573927e-01
    7.0000000000e+04    1.0668227129e-01
    7.0100000000e+04    1.1823317863e-01
    7.0200000000e+04    1.2478610373e-01
    7.0300000000e+04    1.0129032350e-01
    7.0400000000e+04    1.1717500767e-01
    7.0500000000e+04    1.4094809463e-01
    7.0600000000e+04    1.2578296690e-01
    7.0700000000e+04    1.1254492872e-01
    7.0800000000e+04    1.3244249891e-01
    7.0900000000e+04    1.1608565543e-01
    7.1000000000e+04    1.0825177537e-01
    7.1100000000e+04    1.3084973716e-01
    7.1200000000e+04    1.1309845032e-01
    7.1300000000e+04    1.3681335016e-01
    7.1400000000e+04    1.9405092675e-01
    7.1500000000e+04    1.4543335072e-01
    7.1600000000e+04    1.8444025348e-01
    7.1700000000e+04    1.2084028663e-01
    7.1800000000e+04    1.4376375167e-01
    7.1900000000e+04    1.3067617292e-01
    7.2000000000e+04    1.2495495441e-01
    7.2100000000e+04    1.1743925842e-01
    7.2200000000e+04    1.2776140178e-01
    7.2300000000e+04    1.0458435038e-01
    7.2400000000e+04    1.1716888004e-01
    7.2500000000e+04    1.1815559799e-01
    7.2600000000e+04    1.0492616051e-01
    7.2700000000e+04    1.1870277466e-01
    7.2800000000e+04    1.0585204055e-01
    7.2900000000e+04    1.0563900765e-01
    7.3000000000e+04    1.1100200039e-01
    7.3100000000e+04    9.9960916789e-02
    7.3200000000e+04    9.2954180246e-02
    7.3300000000e+04    1.2917923666e-01
    7.3400000000e+04    1.0623550676e-01
    7.3500000000e+04    1.1721573411e-01
    7.3600000000e+04    1.0660033728e-01
    7.3700000000e+04    1.1024345306e-01
    7.3800000000e+04    1.1771913894e-01
    7.3900000000e+04    1.0785235935e-01
    7.4000000000e+04    1.1510376386e-01
    7.4100000000e+04    1.6149832844e-01
    7.4200000000e+04    1.2096091737e-01
    7.4300000000e+04    1.0935116412e-01
    7.4400000000e+04    1.1429802489e-01
    7.4500000000e+04    1.1794467025e-01
    7.4600000000e+04    1.1440094345e-01
    7.4700000000e+04    1.0810346858e-01
    7.4800000000e+04    1.1630359224e-01
    7.4900000000e+04    1.1145067072e-01
    7.5000000000e+04    1.0947295565e-01
    7.5100000000e+04    9.8779607380e-02
    7.5200000000e+04    1.4422342079e-01
    7.5300000000e+04    9.3559263480e-02
    7.5400000000e+04    1.1955827569e-01
    7.5500000000e+04    1.0375934258e-01
    7.5600000000e+04    9.2405024444e-02
    7.5700000000e+04    1.1888253398e-01
    7.5800000000e+04    1.1056899759e-01
    7.5900000000e+04    1.1174441177e-01
    7.6000000000e+04    1.1500907441e-01
    7.6100000000e+04    1.1699906546e-01
    7.6200000000e+04    1.2160191470e-01
    7.6300000000e+04    1.3899412948e-01
    7.6400000000e+04    1.1613929420e-01
    7.6500000000e+04    1.0156985377e-01
    7.6600000000e+04    1.1928671671e-01
    7.6700000000e+04    1.2214828588e-01
    7.6800000000e+04    1.0325843948e-01
    7.6900000000e+04    1.1736608818e-01
    7.7000000000e+04    1.2659781871e-01
    7.7100000000e+04    1.4945653475e-01
    7.7200000000e+04    1.2951985226e-01
    7.7300000000e+04    1.3765489185e-01
    7.7400000000e+04    1.4732396557e-01
    7.7500000000e+04    1.5465923737e-01
    7.7600000000e+04    1.3625221159e-01
    7.7700000000e+04    1.3753746077e-01
    7.7800000000e+04    1.2872479081e-01
    7.7900000000e+04    1.1715677961e-01
    7.8000000000e+04    1.3038707872e-01
    7.8100000000e+04    1.3164859188e-01
    7.8200000000e+04    1.0631818778e-01
    7.8300000000e+04    1.4599497883e-01
    7.8400000000e+04    1.1216333495e-01
    7.8500000000e+04    1.3217808101e-01
    7.8600000000e+04    1.1882683945e-01
    7.8700000000e+04    1.1683405598e-01
    7.8800000000e+04    1.1223772498e-01
    7.8900000000e+04    1.3941579559e-01
    7.9000000000e+04    1.1427200364e-01
    7.9100000000e+04    1.2904606483e-01
    7.9200000000e+04    1.2998385620e-01
    7.9300000000e+04    1.3927321303e-01
    7.9400000000e+04    1.2163023679e-01
    7.9500000000e+04    1.1976355791e-01
    7.9600000000e+04    1.3020137972e-01
    7.9700000000e+04    1.7125998571e-01
    7.9800000000e+04    1.5978901579e-01
    7.9900000000e+04    9.9993099620e-02
    8.0000000000e+04    1.2083229411e-01
    8.0100000000e+04    1.4018871337e-01
    8.0200000000e+04    1.2945152422e-01
    8.0300000000e+04    1.5120218427e-01
    8.0400000000e+04    9.5720688638e-02
    8.0500000000e+04    1.8881851151e-01
    8.0600000000e+04    1.3337298266e-01
    8.0700000000e+04    1.6322997625e-01
    8.0800000000e+04    1.6482874583e-01
    8.0900000000e+04    1.5243734291e-01
    8.1000000000e+04    1.4551327071e-01
    8.1100000000e+04    1.4540553057e-01
    8.1200000000e+04    1.7057116171e-01
    8.1300000000e+04    1.6642961124e-01
    8.1400000000e+04    1.5381323630e-01
    8.1500000000e+04    1.6873046204e-01
    8.1600000000e+04    1.3967601003e-01
    8.1700000000e+04    1.4909641957e-01
    8.1800000000e+04    1.7700998800e-01
    8.1900000000e+04    1.3689776115e-01
    8.2000000000e+04    1.4946961088e-01
    8.2100000000e+04    1.2758860046e-01
    8.2200000000e+04    1.0491431903e-01
    8.2300000000e+04    1.3328882550e-01
    8.2400000000e+04    1.0016140763e-01
    8.2500000000e+04    1.2765205701e-01
    8.2600000000e+04    1.1374580748e-01
    8.2700000000e+04    1.0182308482e-01
    8.2800000000e+04    1.0199921842e-01
    8.2900000000e+04    1.2099120970e-01
    8.3000000000e+04    1.1024848238e-01
    8.3100000000e+04    1.0690759887e-01
    8.3200000000e+04    1.2382890549e-01
    8.3300000000e+04    1.4026368735e-01
    8.3400000000e+04    1.0827272331e-01
    8.3500000000e+04    1.3625489394e-01
    8.3600000000e+04    1.2449383247e-01
    8.3700000000e+04    1.4166193537e-01
    8.3800000000e+04    1.1065392115e-01
    8.3900000000e+04    1.3172104353e-01
    8.4000000000e+04    1.2514666579e-01
    8.4100000000e+04    1.4353882063e-01
    8.4200000000e+04    1.4840732117e-01
    8.4300000000e+04    1.5429777344e-01
    8.4400000000e+04    1.6047395904e-01
    8.4500000000e+04    1.1633767296e-01
    8.4600000000e+04    1.6913800500e-01
    8.4700000000e+04    1.2518606496e-01
    8.4800000000e+04    1.1933664381e-01
    8.4900000000e+04    1.0833492733e-01
    8.5000000000e+04    1.0842111014e-01
    8.5100000000e+04    1.1480602285e-01
    8.5200000000e+04    1.1587428133e-01
    8.5300000000e+04    1.2156475703e-01
    8.5400000000e+04    1.2825740857e-01
    8.5500000000e+04    1.3238062890e-01
    8.5600000000e+04    1.3426086339e-01
    8.5700000000e+04    1.2848764559e-01
    8.5800000000e+04    1.4306649084e-01
    8.5900000000e+04    1.2255608126e-01
    8.6000000000e+04    1.8500907118e-01
    8.6100000000e+04    1.2450121539e-01
    8.6200000000e+04    1.4275193165e-01
    8.6300000000e+04    1.4816663282e-01
    8.6400000000e+04    1.3431194342e-01
    8.6500000000e+04    1.4303823205e-01
    8.6600000000e+04    1.4466310586e-01
    8.6700000000e+04    1.5203261427e-01
    8.6800000000e+04    2.2508129290e-01
    8.6900000000e+04    1.6654613235e-01
    8.7000000000e+04    1.5925516525e-01
    8.7100000000e+04    1.7054185210e-01
    8.7200000000e+04    1.4235707192e-01
    8.7300000000e+04    1.4061456571e-01
    8.7400000000e+04    1.2753044639e-01
    8.7500000000e+04    1.3458998272e-01
    8.7600000000e+04    1.2386607546e-01
    8.7700000000e+04    1.5755432962e-01
    8.7800000000e+04    1.4998075272e-01
    8.7900000000e+04    1.2096928247e-01
    8.8000000000e+04    1.3133878133e-01
    8.8100000000e+04    1.1647106993e-01
    8.8200000000e+04    1.2045394585e-01
    8.8300000000e+04    1.8065439571e-01
    8.8400000000e+04    1.6046753278e-01
    8.8500000000e+04    1.3964424368e-01
    8.8600000000e+04    1.4604968024e-01
    8.8700000000e+04    1.5318384210e-01
    8.8800000000e+04    1.6327845091e-01
    8.8900000000e+04    1.4561702501e-01
    8.9000000000e+04    1.4266327259e-01
    8.9100000000e+04    1.6304459977e-01
    8.9200000000e+04    1.3299488821e-01
    8.9300000000e+04    1.7218651547e-01
    8.9400000000e+04    1.3697284155e-01
    8.9500000000e+04    1.4497501409e-01
    8.9600000000e+04    1.8509300282e-01
    8.9700000000e+04    1.4485673189e-01
    8.9800000000e+04    2.1733976184e-01
    8.9900000000e+04    1.6688013539e-01
    9.0000000000e+04    1.5491071470e-01
    9.0100000000e+04    1.3930391105e-01
    9.0200000000e+04    1.1590123281e-01
    9.0300000000e+04    1.3317478326e-01
    9.0400000000e+04    1.5132204307e-01
    9.0500000000e+04    1.5949416188e-01
    9.0600000000e+04    1.5225699830e-01
    9.0700000000e+04    1.6026011534e-01
    9.0800000000e+04    1.7305894393e-01
    9.0900000000e+04    2.4281260022e-01
    9.1000000000e+04    1.9767694418e-01
    9.1100000000e+04    1.7744947622e-01
    9.1200000000e+04    1.4461927776e-01
    9.1300000000e+04    1.7265805003e-01
    9.1400000000e+04    1.6368740439e-01
    9.1500000000e+04    1.7396052541e-01
    9.1600000000e+04    1.5376747023e-01
    9.1700000000e+04    1.4537777391e-01
    9.1800000000e+04    1.4185410110e-01
    9.1900000000e+04    1.1160222321e-01
    9.2000000000e+04    1.2994333957e-01
    9.2100000000e+04    1.2927905012e-01
    9.2200000000e+04    1.6259222883e-01
    9.2300000000e+04    1.5483898820e-01
    9.2400000000e+04    1.0654536930e-01
    9.2500000000e+04    1.1133943636e-01
    9.2600000000e+04    1.1413568826e-01
    9.2700000000e+04    1.0645823586e-01
    9.2800000000e+04    1.0369919303e-01
    9.2900000000e+04    1.1605175125e-01
    9.3000000000e+04    1.0642809221e-01
    9.3100000000e+04    9.5554516365e-02
    9.3200000000e+04    1.1031510523e-01
    9.3300000000e+04    1.0863327837e-01
    9.3400000000e+04    1.1812075111e-01
    9.3500000000e+04    1.2682451530e-01
    9.3600000000e+04    1.0687289831e-01
    9.3700000000e+04    1.1103277744e-01
    9.3800000000e+04    1.2062315483e-01
    9.3900000000e+04    1.2893198217e-01
    9.4000000000e+04    1.1510948306e-01
    9.4100000000e+04    1.0726931335e-01
    9.4200000000e+04    1.1316771709e-01
    9.4300000000e+04    1.1414191117e-01
    9.4400000000e+04    1.0719606256e-01
    9.4500000000e+04    1.0063652603e-01
    9.4600000000e+04    1.0701071084e-01
    9.4700000000e+04    1.1754588915e-01
    9.4800000000e+04    1.1775223632e-01
    9.4900000000e+04    1.4049987120e-01
    9.5000000000e+04    1.2678783025e-01
    9.5100000000e+04    1.1359737902e-01
    9.5200000000e+04    1.3115177321e-01
    9.5300000000e+04    1.1689513328e-01
    9.5400000000e+04    1.2549833701e-01
    9.5500000000e+04    1.1698075101e-01
    9.5600000000e+04    1.4407360626e-01
    9.5700000000e+04    1.2976916714e-01
    9.5800000000e+04    1.4686959477e-01
    9.5900000000e+04    1.3310741477e-01
    9.6000000000e+04    1.2525241834e-01
    9.6100000000e+04    1.0658412475e-01
    9.6200000000e+04    1.1002220875e-01
    9.6300000000e+04    1.3974756111e-01
    9.6400000000e+04    1.3535197297e-01
    9.6500000000e+04    1.1922124837e-01
    9.6600000000e+04    1.3161766946e-01
    9.6700000000e+04    1.3785916453e-01
    9.6800000000e+04    1.3495454641e-01
    9.6900000000e+04    1.0984540743e-01
    9.7000000000e+04    1.4271647581e-01
    9.7100000000e+04    1.2380875064e-01
    9.7200000000e+04    1.3125595865e-01
    9.7300000000e+04    1.2878550536e-01
    9.7400000000e+04    1.2039550783e-01
    9.7500000000e+04    1.2759009488e-01
    9.7600000000e+04    1.8259112502e-01
    9.7700000000e+04    1.4682564653e-01
    9.7800000000e+04    1.4524292201e-01
    9.7900000000e+04    1.3559147808e-01
    9.8000000000e+04    1.4007331221e-01
    9.8100000000e+04    1.2597146887e-01
    9.8200000000e+04    1.6433324862e-01
    9.8300000000e+04    1.5277349345e-01
    9.8400000000e+04    1.1603246543e-01
    9.8500000000e+04    1.1355691130e-01
    9.8600000000e+04    1.1007259079e-01
    9.8700000000e+04    1.4735868523e-01
    9.8800000000e+04    1.6528622310e-01
    9.8900000000e+04    1.7294968296e-01
    9.9000000000e+04    1.6742982829e-01
    9.9100000000e+04    1.2737012818e-01
    9.9200000000e+04    1.7814621770e-01
    9.9300000000e+04    1.3398371567e-01
    9.9400000000e+04    1.2892625562e-01
    9.9500000000e+04    1.6692850100e-01
    9.9600000000e+04    1.8220745577e-01
    9.9700000000e+04    1.4585712848e-01
    9.9800000000e+04    1.8726138158e-01
    9.9900000000e+04    1.3644606435e-01
    1.0000000000e+05    1.4075226586e-01
    1.0010000000e+05    1.5281160882e-01
    1.0020000000e+05    1.5561018988e-01
    1.0030000000e+05    1.8279378652e-01
    1.0040000000e+05    1.5262393384e-01
    1.0050000000e+05    1.9366867049e-01
    1.0060000000e+05    1.6628731399e-01
    1.0070000000e+05    1.3343453373e-01
    1.0080000000e+05    1.6118659854e-01
    1.0090000000e+05    1.7013826462e-01
    1.0100000000e+05    1.6465025108e-01
    1.0110000000e+05    1.4380962791e-01
    1.0120000000e+05    1.3316485679e-01
    1.0130000000e+05    1.7657205559e-01
    1.0140000000e+05    1.7136744863e-01
    1.0150000000e+05    1.5549676418e-01
    1.0160000000e+05    1.6711778542e-01
    1.0170000000e+05    1.2672265642e-01
    1.0180000000e+05    1.3664224398e-01
    1.0190000000e+05    1.0875903744e-01
    1.0200000000e+05    1.5401449502e-01
    1.0210000000e+05    1.4973469732e-01
    1.0220000000e+05    1.4312393315e-01
    1.0230000000e+05    1.4024488824e-01
    1.0240000000e+05    1.3862116976e-01
    1.0250000000e+05    1.3404830919e-01
    1.0260000000e+05    1.1825454052e-01
    1.0270000000e+05    1.3066506815e-01
    1.0280000000e+05    1.1476283545e-01
    1.0290000000e+05    1.2909051945e-01
    1.0300000000e+05    1.1967096249e-01
    1.0310000000e+05    1.1148403388e-01
    1.0320000000e+05    1.1307135155e-01
    1.0330000000e+05    1.0857712905e-01
    1.0340000000e+05    1.1124649249e-01
    1.0350000000e+05    1.1901584334e-01
    1.0360000000e+05    1.0724058404e-01
    1.0370000000e+05    1.0662598361e-01
    1.0380000000e+05    1.0907142084e-01
    1.0390000000e+05    1.0972733331e-01
    1.0400000000e+05    1.0667965017e-01
    1.0410000000e+05    1.1109914947e-01
    1.0420000000e+05    1.3271720300e-01
    1.0430000000e+05    1.3679083031e-01
    1.0440000000e+05    1.1361970107e-01
    1.0450000000e+05    1.4858924384e-01
    1.0460000000e+05    1.0231101317e-01
    1.0470000000e+05    1.1814207817e-01
    1.0480000000e+05    1.1073173143e-01
    1.0490000000e+05    1.0526903910e-01
    1.0500000000e+05    1.0463778609e-01
    1.0510000000e+05    1.0820572683e-01
    1.0520000000e+05    1.2214163489e-01
    1.0530000000e+05    1.3526166513e-01
    1.0540000000e+05    9.6449800529e-02
    1.0550000000e+05    1.1846394296e-01
    1.0560000000e+05    1.2133136110e-01
    1.0570000000e+05    1.0499457403e-01
    1.0580000000e+05    1.1400869315e-01
    1.0590000000e+05    1.2101203356e-01
    1.0600000000e+05    1.0582190318e-01
    1.0610000000e+05    1.2563348666e-01
    1.0620000000e+05    1.0479741739e-01
    1.0630000000e+05    1.1583816548e-01
    1.0640000000e+05    9.8757570973e-02
    1.0650000000e+05    1.1794731807e-01
    1.0660000000e+05    1.2095705022e-01
    1.0670000000e+05    1.0754725246e-01
    1.0680000000e+05    1.1512847007e-01
    1.0690000000e+05    1.0910853819e-01
    1.0700000000e+05    1.1933588830e-01
    1.0710000000e+05    1.1497933510e-01
    1.0720000000e+05    1.0202743737e-01
    1.0730000000e+05    1.1817685102e-01
    1.0740000000e+05    1.2167851479e-01
    1.0750000000e+05    1.2276650259e-01
    1.0760000000e+05    1.1947180404e-01
    1.0770000000e+05    1.0445351519e-01
    1.0780000000e+05    1.0966882714e-01
    1.0790000000e+05    1.0930078617e-01
    1.0800000000e+05    1.0939814739e-01
    1.0810000000e+05    9.5918602836e-02
    1.0820000000e+05    1.1601608786e-01
    1.0830000000e+05    1.1690545851e-01
    1.0840000000e+05    1.0896981420e-01
    1.0850000000e+05    1.3233282533e-01
    1.0860000000e+05    1.4496093570e-01
    1.0870000000e+05    1.1924421073e-01
    1.0880000000e+05    1.1771942793e-01
    1.0890000000e+05    1.1705103056e-01
    1.0900000000e+05    1.3176117183e-01
    1.0910000000e+05    1.1495956507e-01
    1.0920000000e+05    1.2026760380e-01
    1.0930000000e+05    1.3156802715e-01
    1.0940000000e+05    1.2914272198e-01
    1.0950000000e+05    1.2066968038e-01
    1.0960000000e+05    1.1953751965e-01
    1.0970000000e+05    1.1626651744e-01
    1.0980000000e+05    1.1692080649e-01
    1.0990000000e+05    1.3419189083e-01
    1.1000000000e+05    1.3561606791e-01
    1.1010000000e+05    1.3802106961e-01
    1.1020000000e+05    1.5116020966e-01
    1.1030000000e+05    1.4121441498e-01
    1.1040000000e+05    1.4575748211e-01
    1.1050000000e+05    1.1366694234e-01
    1.1060000000e+05    1.4907560389e-01
    1.1070000000e+05    1.3469719804e-01
    1.1080000000e+05    1.2474857564e-01
    1.1090000000e+05    1.6165925270e-01
    1.1100000000e+05    1.2829880751e-01
    1.1110000000e+05    1.2959331043e-01
    1.1120000000e+05    1.4793768327e-01
    1.1130000000e+05    1.5529534658e-01
    1.1140000000e+05    1.6387518000e-01
    1.1150000000e+05    1.1517698840e-01
    1.1160000000e+05    1.3177763415e-01
    1.1170000000e+05    1.0807989841e-01
    1.1180000000e+05    1.4322868803e-01
    1.1190000000e+05    1.0857257489e-01
    1.1200000000e+05    1.3467072521e-01
    1.1210000000e+05    1.1058494350e-01
    1.1220000000e+05    1.2335508812e-01
    1.1230000000e+05    1.2746093321e-01
    1.1240000000e+05    1.0673860370e-01
    1.1250000000e+05    1.2788628882e-01
    1.1260000000e+05    1.4426276901e-01
    1.1270000000e+05    1.0229174182e-01
    1.1280000000e+05    1.0211686850e-01
    1.1290000000e+05    1.2170807441e-01
    1.1300000000e+05    1.0877597184e-01
    1.1310000000e+05    1.0798244076e-01
    1.1320000000e+05    1.4824581710e-01
    1.1330000000e+05    1.0526541295e-01
    1.1340000000e+05    1.6139447353e-01
    1.1350000000e+05    1.2406256024e-01
    1.1360000000e+05    1.1938334938e-01
    1.1370000000e+05    1.3142824736e-01
    1.1380000000e+05    1.2805095605e-01
    1.1390000000e+05    1.0870141060e-01
    1.1400000000e+05    1.2706187893e-01
    1.1410000000e+05    1.2844119571e-01
    1.1420000000e+05    1.3304323758e-01
    1.1430000000e+05    1.1609508665e-01
    1.1440000000e+05    1.0908228675e-01
    1.1450000000e+05    1.0289796075e-01
    1.1460000000e+05    1.4527699023e-01
    1.1470000000e+05    1.2708741837e-01
    1.1480000000e+05    1.1462782132e-01
    1.1490000000e+05    1.6340105937e-01
    1.1500000000e+05    1.7810085181e-01
    1.1510000000e+05    1.2993177476e-01
    1.1520000000e+05    1.3579279730e-01
    1.1530000000e+05    1.2830698080e-01
    1.1540000000e+05    1.3206561394e-01
    1.1550000000e+05    1.1777740948e-01
    1.1560000000e+05    1.5451372978e-01
    1.1570000000e+05    1.5325835813e-01
    1.1580000000e+05    1.3847557131e-01
    1.1590000000e+05    1.3608213311e-01
    1.1600000000e+05    1.4320776422e-01
    1.1610000000e+05    1.6946292012e-01
    1.1620000000e+05    1.1945997205e-01
    1.1630000000e+05    1.1252597752e-01
    1.1640000000e+05    1.1237766938e-01
    1.1650000000e+05    1.7373229963e-01
    1.1660000000e+05    1.6313749012e-01
    1.1670000000e+05    1.3442570655e-01
    1.1680000000e+05    1.2042199809e-01
    1.1690000000e+05    1.3865634102e-01
    1.1700000000e+05    1.2894774478e-01
    1.1710000000e+05    1.3240653846e-01
    1.1720000000e+05    1.4151156284e-01
    1.1730000000e+05    1.1081098978e-01
    1.1740000000e+05    1.1453253152e-01
    1.1750000000e+05    1.4340259213e-01
    1.1760000000e+05    1.0006503281e-01
    1.1770000000e+05    1.0781194634e-01
    1.1780000000e+05    1.4848837164e-01
    1.1790000000e+05    9.8935855458e-02
    1.1800000000e+05    1.0005238321e-01
    1.1810000000e+05    1.2575887309e-01
    1.1820000000e+05    1.2704524770e-01
    1.1830000000e+05    1.0252612140e-01
    1.1840000000e+05    1.3400981495e-01
    1.1850000000e+05    1.1329406083e-01
    1.1860000000e+05    1.1123851717e-01
    1.1870000000e+05    1.2137296657e-01
    1.1880000000e+05    1.4426786516e-01
    1.1890000000e+05    1.2012466544e-01
    1.1900000000e+05    1.2156401883e-01
    1.1910000000e+05    1.2223542156e-01
    1.1920000000e+05    1.2914142816e-01
    1.1930000000e+05    1.3055596946e-01
    1.1940000000e+05    1.3283291581e-01
    1.1950000000e+05    1.1556037562e-01
    1.1960000000e+05    1.2187791266e-01
    1.1970000000e+05    1.1694480277e-01
    1.1980000000e+05    1.3325542813e-01
    1.1990000000e+05    1.4773527489e-01
    1.2000000000e+05    1.0215088855e-01
    1.2010000000e+05    1.2586350399e-01
    1.2020000000e+05    1.3504892232e-01
    1.2030000000e+05    1.6347536475e-01
    1.2040000000e+05    1.0424124655e-01
    1.2050000000e+05    1.0580702086e-01
    1.2060000000e+05    1.3748057929e-01
    1.2070000000e+05    1.2641732615e-01
    1.2080000000e+05    1.3709022458e-01
    1.2090000000e+05    1.3939574636e-01
    1.2100000000e+05    1.4542297278e-01
    1.2110000000e+05    1.4411033098e-01
    1.2120000000e+05    1.5092532937e-01
    1.2130000000e+05    1.6282377533e-01
    1.2140000000e+05    1.5984029258e-01
    1.2150000000e+05    1.5097008618e-01
    1.2160000000e+05    1.3332211336e-01
    1.2170000000e+05    1.5021054121e-01
    1.2180000000e+05    1.7083729571e-01
    1.2190000000e+05    1.6466111546e-01
    1.2200000000e+05    1.3986668319e-01
    1.2210000000e+05    1.2363198312e-01
    1.2220000000e+05    1.2043440075e-01
    1.2230000000e+05    1.4682303467e-01
    1.2240000000e+05    1.3745486989e-01
    1.2250000000e+05    1.5232792260e-01
    1.2260000000e+05    1.3288831633e-01
    1.2270000000e+05    1.2448784303e-01
    1.2280000000e+05    1.5302855234e-01
    1.2290000000e+05    1.6540833526e-01
    1.2300000000e+05    1.2316793062e-01
    1.2310000000e+05    1.2578032542e-01
    1.2320000000e+05    1.2306373257e-01
    1.2330000000e+05    1.1118804752e-01
    1.2340000000e+05    1.4399893197e-01
    1.2350000000e+05    1.2673334479e-01
    1.2360000000e+05    1.1475671108e-01
    1.2370000000e+05    1.2955184844e-01
    1.2380000000e+05    1.6609918702e-01
    1.2390000000e+05    1.2644448988e-01
    1.2400000000e+05    1.4810517189e-01
    1.2410000000e+05    1.4474636789e-01
    1.2420000000e+05    1.8942023800e-01
    1.2430000000e+05    2.0738478863e-01
    1.2440000000e+05    1.5369901844e-01
    1.2450000000e+05    1.6003570890e-01
    1.2460000000e+05    2.1964171730e-01
    1.2470000000e+05    1.3529583360e-01
    1.2480000000e+05    1.0830056242e-01
    1.2490000000e+05    1.5970276968e-01
    1.2500000000e+05    1.7606111732e-01
    1.2510000000e+05    1.3068641524e-01
    1.2520000000e+05    1.2940825296e-01
    1.2530000000e+05    1.5888408399e-01
    1.2540000000e+05    1.4202805212e-01
    1.2550000000e+05    2.0568070940e-01
    1.2560000000e+05    1.4525010693e-01
    1.2570000000e+05    2.7083338044e-01
    1.2580000000e+05    1.9937358402e-01
    1.2590000000e+05    2.3116826665e-01
    1.2600000000e+05    1.4404886074e-01
    1.2610000000e+05    1.4942038719e-01
    1.2620000000e+05    2.0305716499e-01
    1.2630000000e+05    1.6463427171e-01
    1.2640000000e+05    1.3972280468e-01
    1.2650000000e+05    1.2038012306e-01
    1.2660000000e+05    1.5518151849e-01
    1.2670000000e+05    1.4332794169e-01
    1.2680000000e+05    1.2671916718e-01
    1.2690000000e+05    1.1905975075e-01
    1.2700000000e+05    1.2404723745e-01
    1.2710000000e+05    1.5032267658e-01
    1.2720000000e+05    1.3373719998e-01
    1.2730000000e+05    2.1210137989e-01
    1.2740000000e+05    2.5721705153e-01
    1.2750000000e+05    2.5667020128e-01
    1.2760000000e+05    2.5218082182e-01
    1.2770000000e+05    1.9046810018e-01
    1.2780000000e+05    1.7671884069e-01
    1.2790000000e+05    2.5470050022e-01
    1.2800000000e+05    1.5668859584e-01
    1.2810000000e+05    1.3808502090e-01
    1.2820000000e+05    1.5103671479e-01
    1.2830000000e+05    1.5142093525e-01
    1.2840000000e+05    1.2486382571e-01
    1.2850000000e+05    1.1302899303e-01
    1.2860000000e+05    1.1936042673e-01
    1.2870000000e+05    1.0546584646e-01
    1.2880000000e+05    1.4100424318e-01
    1.2890000000e+05    1.1361633973e-01
    1.2900000000e+05    1.1579823447e-01
    1.2910000000e+05    1.2010446891e-01
    1.2920000000e+05    1.3785110236e-01
    1.2930000000e+05    1.1824564206e-01
    1.2940000000e+05    1.1475710919e-01
    1.2950000000e+05    1.1943608901e-01
    1.2960000000e+05    1.5991082322e-01
    1.2970000000e+05    1.3549311518e-01
    1.2980000000e+05    1.0776960195e-01
    1.2990000000e+05    1.4038582256e-01
    1.3000000000e+05    1.1426406729e-01
    1.3010000000e+05    1.0878656329e-01
    1.3020000000e+05    1.4183629535e-01
    1.3030000000e+05    1.4293818819e-01
    1.3040000000e+05    1.2247797812e-01
    1.3050000000e+05    1.2533476678e-01
    1.3060000000e+05    1.1615060234e-01
    1.3070000000e+05    1.1041250122e-01
    1.3080000000e+05    1.2758445662e-01
    1.3090000000e+05    1.8536461574e-01
    1.3100000000e+05    1.4923145291e-01
    1.3110000000e+05    1.4301195170e-01
    1.3120000000e+05    1.7080685766e-01
    1.3130000000e+05    1.3921172619e-01
    1.3140000000e+05    1.4696387890e-01
    1.3150000000e+05    1.2943038665e-01
    1.3160000000e+05    1.0316726704e-01
    1.3170000000e+05    1.3918712292e-01
    1.3180000000e+05    1.7391108232e-01
    1.3190000000e+05    1.4660106656e-01
    1.3200000000e+05    1.1814627821e-01
    1.3210000000e+05    1.4947954469e-01
    1.3220000000e+05    1.7236791174e-01
    1.3230000000e+05    1.6397875875e-01
    1.3240000000e+05    1.5433919639e-01
    1.3250000000e+05    1.6058388254e-01
    1.3260000000e+05    1.5847363393e-01
    1.3270000000e+05    1.5013080960e-01
    1.3280000000e+05    1.4892636527e-01
    1.3290000000e+05    1.4174443524e-01
    1.3300000000e+05    1.2527575856e-01
    1.3310000000e+05    1.0693245183e-01
    1.3320000000e+05    1.2550441279e-01
    1.3330000000e+05    1.2434705874e-01
    1.3340000000e+05    1.2566087559e-01
    1.3350000000e+05    1.3914449373e-01
    1.3360000000e+05    1.0954625837e-01
    1.3370000000e+05    1.1278895660e-01
    1.3380000000e+05    1.0868435031e-01
    1.3390000000e+05    1.4290584443e-01
    1.3400000000e+05    1.7026629293e-01
    1.3410000000e+05    1.2084799007e-01
    1.3420000000e+05    1.2150714803e-01
    1.3430000000e+05    1.2565756491e-01
    1.3440000000e+05    1.5690432489e-01
    1.3450000000e+05    1.3805361660e-01
    1.3460000000e+05    1.4117339941e-01
    1.3470000000e+05    1.4694205846e-01
    1.3480000000e+05    1.7305524144e-01
    1.3490000000e+05    1.4112837670e-01
    1.3500000000e+05    1.5034522656e-01
    1.3510000000e+05    1.5741286569e-01
    1.3520000000e+05    1.4939189619e-01
    1.3530000000e+05    1.4660080364e-01
    1.3540000000e+05    1.1756759990e-01
    1.3550000000e+05    1.3622753810e-01
    1.3560000000e+05    1.4549495508e-01
    1.3570000000e+05    1.2421011570e-01
    1.3580000000e+05    1.3349653389e-01
    1.3590000000e+05    1.1413573776e-01
    1.3600000000e+05    1.7235106289e-01
    1.3610000000e+05    1.4661491435e-01
    1.3620000000e+05    1.1668328755e-01
    1.3630000000e+05    1.3086909140e-01
    1.3640000000e+05    1.4063280083e-01
    1.3650000000e+05    1.4678565736e-01
    1.3660000000e+05    1.4788109515e-01
    1.3670000000e+05    1.2434467282e-01
    1.3680000000e+05    1.4112102974e-01
    1.3690000000e+05    1.1675100370e-01
    1.3700000000e+05    1.4041192612e-01
    1.3710000000e+05    1.4917411906e-01
    1.3720000000e+05    1.2087444993e-01
    1.3730000000e+05    1.2580657804e-01
    1.3740000000e+05    1.3075949963e-01
    1.3750000000e+05    1.5302542437e-01
    1.3760000000e+05    1.4631830004e-01
    1.3770000000e+05    1.2806416770e-01
    1.3780000000e+05    1.5815527055e-01
    1.3790000000e+05    1.0926568074e-01
    1.3800000000e+05    1.2644069598e-01
    1.3810000000e+05    1.1592981205e-01
    1.3820000000e+05    1.1696081376e-01
    1.3830000000e+05    1.1814218111e-01
    1.3840000000e+05    1.1920668848e-01
    1.3850000000e+05    1.4228163806e-01
    1.3860000000e+05    1.3658212093e-01
    1.3870000000e+05    1.2224005569e-01
    1.3880000000e+05    1.2622798198e-01
    1.3890000000e+05    1.3289633843e-01
    1.3900000000e+05    1.2476710703e-01
    1.3910000000e+05    1.3125402108e-01
    1.3920000000e+05    1.3359111382e-01
    1.3930000000e+05    1.2807381370e-01
    1.3940000000e+05    1.3983113583e-01
    1.3950000000e+05    1.2836442121e-01
    1.3960000000e+05    1.4504405198e-01
    1.3970000000e+05    1.2085207672e-01
    1.3980000000e+05    1.1991394081e-01
    1.3990000000e+05    1.3873867683e-01
    1.4000000000e+05    1.3720455307e-01
    1.4010000000e+05    1.3424509980e-01
    1.4020000000e+05    1.2606927382e-01
    1.4030000000e+05    1.2171963527e-01
    1.4040000000e+05    1.4284616389e-01
    1.4050000000e+05    1.3029184464e-01
    1.4060000000e+05    1.1841231547e-01
    1.4070000000e+05    1.2429568425e-01
    1.4080000000e+05    1.3201843314e-01
    1.4090000000e+05    1.4458299975e-01
    1.4100000000e+05    1.3970691381e-01
    1.4110000000e+05    2.5655893167e-01
    1.4120000000e+05    1.6149246689e-01
    1.4130000000e+05    1.5723366122e-01
    1.4140000000e+05    1.3286244496e-01
    1.4150000000e+05    1.2695301709e-01
    1.4160000000e+05    1.5941659437e-01
    1.4170000000e+05    1.2086860408e-01
    1.4180000000e+05    1.4144197309e-01
    1.4190000000e+05    2.5421415848e-01
    1.4200000000e+05    2.6011986435e-01
    1.4210000000e+05    1.4790376380e-01
    1.4220000000e+05    2.2579993397e-01
    1.4230000000e+05    2.3630576616e-01
    1.4240000000e+05    1.8194073985e-01
    1.4250000000e+05    2.7464480045e-01
    1.4260000000e+05    2.4720377264e-01
    1.4270000000e+05    1.7481992054e-01
    1.4280000000e+05    1.4760809800e-01
    1.4290000000e+05    1.4205358145e-01
    1.4300000000e+05    1.7737869467e-01
    1.4310000000e+05    1.6898770101e-01
    1.4320000000e+05    1.6293869853e-01
    1.4330000000e+05    1.7385365617e-01
    1.4340000000e+05    2.4097974722e-01
    1.4350000000e+05    1.1984002186e-01
    1.4360000000e+05    1.1567296143e-01
    1.4370000000e+05    1.1626659410e-01
    1.4380000000e+05    1.3556333641e-01
    1.4390000000e+05    1.1584114312e-01
    1.4400000000e+05    1.1766356120e-01
    1.4410000000e+05    1.4933153669e-01
    1.4420000000e+05    1.1804781920e-01
    1.4430000000e+05    1.2366225643e-01
    1.4440000000e+05    1.2595325679e-01
    1.4450000000e+05    1.2569996319e-01
    1.4460000000e+05    1.2319528904e-01
    1.4470000000e+05    1.3946483526e-01
    1.4480000000e+05    1.3702564022e-01
    1.4490000000e+05    1.2100757851e-01
    1.4500000000e+05    1.3725910351e-01
    1.4510000000e+05    1.1915926484e-01
    1.4520000000e+05    1.3456671161e-01
    1.4530000000e+05    1.6800696058e-01
    1.4540000000e+05    1.5436406117e-01
    1.4550000000e+05    1.8363850681e-01
    1.4560000000e+05    1.6892374391e-01
    1.4570000000e+05    1.8032124221e-01
    1.4580000000e+05    1.7106238747e-01
    1.4590000000e+05    1.7256576866e-01
    1.4600000000e+05    2.7888945426e-01
    1.4610000000e+05    2.7908316886e-01
    1.4620000000e+05    2.5128344420e-01
    1.4630000000e+05    2.9458806465e-01
    1.4640000000e+05    2.5460861482e-01
    1.4650000000e+05    1.7072264764e-01
    1.4660000000e+05    1.8221937582e-01
    1.4670000000e+05    3.1376690579e-01
    1.4680000000e+05    4.1714275549e-01
    1.4690000000e+05    3.7615661409e-01
    1.4700000000e+05    3.1739545266e-01
    1.4710000000e+05    2.7966058174e-01
    1.4720000000e+05    1.5757115701e-01
    1.4730000000e+05    2.0429624925e-01
    1.4740000000e+05    3.0740352369e-01
    1.4750000000e+05    2.5009404233e-01
    1.4760000000e+05    3.8088652324e-01
    1.4770000000e+05    3.0749766100e-01
    1.4780000000e+05    2.2158063381e-01
    1.4790000000e+05    2.5877613199e-01
    1.4800000000e+05    2.2931826958e-01
    1.4810000000e+05    2.5688166603e-01
    1.4820000000e+05    1.9357144172e-01
    1.4830000000e+05    3.8888478784e-01
    1.4840000000e+05    3.5079455700e-01
    1.4850000000e+05    3.9108196961e-01
    1.4860000000e+05    3.9241762346e-01
    1.4870000000e+05    2.8999113951e-01
    1.4880000000e+05    3.4614999666e-01
    1.4890000000e+05    5.3049569195e-01
    1.4900000000e+05    3.3961139171e-01
    1.4910000000e+05    3.1166750955e-01
    1.4920000000e+05    1.7925722000e-01
    1.4930000000e+05    2.0833791725e-01
    1.4940000000e+05    2.5907082955e-01
    1.4950000000e+05    2.7452257884e-01
    1.4960000000e+05    3.4271251284e-01
    1.4970000000e+05    2.5709371084e-01
    1.4980000000e+05    1.2878690718e-01
    1.4990000000e+05    1.3111979030e-01
    1.5000000000e+05    1.1396136045e-01
    1.5010000000e+05    1.2276503585e-01
    1.5020000000e+05    1.5897001983e-01
    1.5030000000e+05    1.4312417120e-01
    1.5040000000e+05    1.4084155717e-01
    1.5050000000e+05    1.7657853287e-01
    1.5060000000e+05    1.6201855488e-01
    1.5070000000e+05    1.8321858771e-01
    1.5080000000e+05    1.3209207785e-01
    1.5090000000e+05    1.5755370968e-01
    1.5100000000e+05    1.2697383861e-01
    1.5110000000e+05    1.6228043153e-01
    1.5120000000e+05    1.2903246810e-01
    1.5130000000e+05    1.2865345196e-01
    1.5140000000e+05    1.2674698670e-01
    1.5150000000e+05    1.0675484663e-01
    1.5160000000e+05    1.4175164992e-01
    1.5170000000e+05    1.4715507670e-01
    1.5180000000e+05    1.3094584761e-01
    1.5190000000e+05    1.3568532487e-01
    1.5200000000e+05    1.1095035838e-01
    1.5210000000e+05    1.5540960512e-01
    1.5220000000e+05    1.1921067383e-01
    1.5230000000e+05    1.3168225270e-01
    1.5240000000e+05    1.3909803351e-01
    1.5250000000e+05    1.3535075895e-01
    1.5260000000e+05    1.3059460367e-01
    1.5270000000e+05    1.2576871385e-01
    1.5280000000e+05    1.4174119377e-01
    1.5290000000e+05    1.2757769530e-01
    1.5300000000e+05    1.4370435655e-01
    1.5310000000e+05    1.2436581809e-01
    1.5320000000e+05    1.3813576650e-01
    1.5330000000e+05    1.5208992956e-01
    1.5340000000e+05    1.7356129403e-01
    1.5350000000e+05    1.1451781323e-01
    1.5360000000e+05    1.2567715822e-01
    1.5370000000e+05    1.3708773899e-01
    1.5380000000e+05    1.4063065729e-01
    1.5390000000e+05    1.4706392352e-01
    1.5400000000e+05    1.6384425576e-01
    1.5410000000e+05    1.1137109507e-01
    1.5420000000e+05    1.3432469845e-01
    1.5430000000e+05    1.1558974157e-01
    1.5440000000e+05    1.3884335430e-01
    1.5450000000e+05    1.3651000725e-01
    1.5460000000e+05    1.2459051915e-01
    1.5470000000e+05    1.2758287371e-01
    1.5480000000e+05    1.0744632444e-01
    1.5490000000e+05    1.3135725822e-01
    1.5500000000e+05    1.3078541367e-01
    1.5510000000e+05    1.2873590399e-01
    1.5520000000e+05    1.2521019436e-01
    1.5530000000e+05    1.2450575401e-01
    1.5540000000e+05    1.3273507081e-01
    1.5550000000e+05    1.3372599975e-01
    1.5560000000e+05    1.0580932919e-01
    1.5570000000e+05    1.3297236130e-01
    1.5580000000e+05    1.4097801010e-01
    1.5590000000e+05    1.7937110652e-01
    1.5600000000e+05    1.2890298296e-01
    1.5610000000e+05    1.4169478961e-01
    1.5620000000e+05    1.3142814550e-01
    1.5630000000e+05    1.3165900782e-01
    1.5640000000e+05    1.1791254457e-01
    1.5650000000e+05    1.1806832794e-01
    1.5660000000e+05    1.1711822972e-01
    1.5670000000e+05    1.3507645062e-01
    1.5680000000e+05    1.6076047061e-01
    1.5690000000e+05    1.2142831384e-01
    1.5700000000e+05    1.1841153340e-01
    1.5710000000e+05    1.6229667114e-01
    1.5720000000e+05    1.2081007024e-01
    1.5730000000e+05    1.1952726582e-01
    1.5740000000e+05    1.2340070337e-01
    1.5750000000e+05    1.3567065931e-01
    1.5760000000e+05    1.4034831684e-01
    1.5770000000e+05    1.3137548621e-01
    1.5780000000e+05    1.2785986784e-01
    1.5790000000e+05    1.3356696195e-01
    1.5800000000e+05    2.0881982421e-01
    1.5810000000e+05    1.3801098111e-01
    1.5820000000e+05    1.8955093027e-01
    1.5830000000e+05    1.2402879933e-01
    1.5840000000e+05    1.3533316728e-01
    1.5850000000e+05    1.3412992507e-01
    1.5860000000e+05    1.2287687672e-01
    1.5870000000e+05    1.2752166889e-01
    1.5880000000e+05    1.2988376973e-01
    1.5890000000e+05    1.1979099780e-01
    1.5900000000e+05    1.3100399056e-01
    1.5910000000e+05    1.2433514143e-01
    1.5920000000e+05    1.2938539527e-01
    1.5930000000e+05    1.0991017324e-01
    1.5940000000e+05    1.1240130738e-01
    1.5950000000e+05    1.4126972880e-01
    1.5960000000e+05    1.2861470667e-01
    1.5970000000e+05    1.1493790009e-01
    1.5980000000e+05    1.1543647476e-01
    1.5990000000e+05    1.2733843232e-01
    1.6000000000e+05    1.0968136691e-01
    1.6010000000e+05    1.4562817233e-01
    1.6020000000e+05    1.3392420488e-01
    1.6030000000e+05    1.1806986855e-01
    1.6040000000e+05    1.2494159901e-01
    1.6050000000e+05    1.2477232028e-01
    1.6060000000e+05    1.1914718685e-01
    1.6070000000e+05    1.2218152821e-01
    1.6080000000e+05    1.4263912397e-01
    1.6090000000e+05    1.2082018604e-01
    1.6100000000e+05    1.5256787725e-01
    1.6110000000e+05    1.4346611856e-01
    1.6120000000e+05    1.3899341214e-01
    1.6130000000e+05    1.3420959501e-01
    1.6140000000e+05    1.2691219182e-01
    1.6150000000e+05    1.3376466152e-01
    1.6160000000e+05    1.4640825164e-01
    1.6170000000e+05    1.9239399457e-01
    1.6180000000e+05    1.7543974242e-01
    1.6190000000e+05    1.6525280144e-01
    1.6200000000e+05    1.9690036788e-01
    1.6210000000e+05    1.5376429878e-01
    1.6220000000e+05    1.4464361398e-01
    1.6230000000e+05    2.0744950478e-01
    1.6240000000e+05    1.4648789535e-01
    1.6250000000e+05    2.1949427840e-01
    1.6260000000e+05    1.6818586137e-01
    1.6270000000e+05    1.8156802345e-01
    1.6280000000e+05    1.1826025726e-01
    1.6290000000e+05    1.3471266297e-01
    1.6300000000e+05    1.4529805695e-01
    1.6310000000e+05    2.2468942221e-01
    1.6320000000e+05    2.5631849697e-01
    1.6330000000e+05    3.2492123418e-01
    1.6340000000e+05    2.7828074652e-01
    1.6350000000e+05    2.4675895614e-01
    1.6360000000e+05    2.7492555643e-01
    1.6370000000e+05    1.5933863859e-01
    1.6380000000e+05    2.3344110121e-01
    1.6390000000e+05    2.4703855142e-01
    1.6400000000e+05    3.2109130302e-01
    1.6410000000e+05    4.3570747879e-01
    1.6420000000e+05    2.4550346211e-01
    1.6430000000e+05    3.0557831650e-01
    1.6440000000e+05    3.7715148759e-01
    1.6450000000e+05    2.4645286510e-01
    1.6460000000e+05    2.5666252720e-01
    1.6470000000e+05    2.4407931660e-01
    1.6480000000e+05    2.0516845426e-01
    1.6490000000e+05    2.1343764487e-01
    1.6500000000e+05    1.5337008394e-01
    1.6510000000e+05    2.9050607657e-01
    1.6520000000e+05    2.4037897760e-01
    1.6530000000e+05    3.4737656709e-01
    1.6540000000e+05    2.7061350756e-01
    1.6550000000e+05    1.9023092333e-01
    1.6560000000e+05    2.3709483038e-01
    1.6570000000e+05    2.2441519107e-01
    1.6580000000e+05    2.5206993018e-01
    1.6590000000e+05    2.8366968272e-01
    1.6600000000e+05    2.1602654779e-01
    1.6610000000e+05    1.5356227958e-01
    1.6620000000e+05    1.6989578726e-01
    1.6630000000e+05    1.3894364224e-01
    1.6640000000e+05    1.2836730412e-01
    1.6650000000e+05    1.3566179768e-01
    1.6660000000e+05    2.0874113468e-01
    1.6670000000e+05    2.4689001255e-01
    1.6680000000e+05    1.5584919313e-01
    1.6690000000e+05    2.0141008711e-01
    1.6700000000e+05    2.9882177405e-01
    1.6710000000e+05    3.6321837124e-01
    1.6720000000e+05    3.4200790333e-01
    1.6730000000e+05    3.7665800432e-01
    1.6740000000e+05    4.2511055808e-01
    1.6750000000e+05    3.8078725645e-01
    1.6760000000e+05    3.5361129492e-01
    1.6770000000e+05    2.4893775802e-01
    1.6780000000e+05    2.7574941685e-01
    1.6790000000e+05    2.2664804236e-01
    1.6800000000e+05    1.5331010224e-01
    1.6810000000e+05    1.2153624681e-01
    1.6820000000e+05    1.2145525637e-01
    1.6830000000e+05    1.4907439091e-01
    1.6840000000e+05    1.7025614851e-01
    1.6850000000e+05    1.7735563769e-01
    1.6860000000e+05    1.1807453591e-01
    1.6870000000e+05    1.2531288007e-01
    1.6880000000e+05    1.2225794719e-01
    1.6890000000e+05    1.4728471375e-01
    1.6900000000e+05    1.4208362800e-01
    1.6910000000e+05    1.3237378676e-01
    1.6920000000e+05    1.2143934461e-01
    1.6930000000e+05    1.4295402225e-01
    1.6940000000e+05    1.2834044372e-01
    1.6950000000e+05    1.3243220281e-01
    1.6960000000e+05    1.5548681554e-01
    1.6970000000e+05    1.2620739450e-01
    1.6980000000e+05    1.6991771562e-01
    1.6990000000e+05    1.1978458616e-01
    1.7000000000e+05    1.6942639169e-01
    1.7010000000e+05    1.6569317804e-01
    1.7020000000e+05    1.8086975852e-01
    1.7030000000e+05    2.0088371308e-01
    1.7040000000e+05    1.8776403834e-01
    1.7050000000e+05    1.9545035194e-01
    1.7060000000e+05    1.2833053706e-01
    1.7070000000e+05    1.3585376916e-01
    1.7080000000e+05    1.5856731881e-01
    1.7090000000e+05    1.1200214516e-01
    1.7100000000e+05    1.7989278858e-01
    1.7110000000e+05    2.0129769495e-01
    1.7120000000e+05    1.8950043937e-01
    1.7130000000e+05    1.4209036600e-01
    1.7140000000e+05    1.5095222554e-01
    1.7150000000e+05    2.1799252598e-01
    1.7160000000e+05    1.6550956316e-01
    1.7170000000e+05    1.4040883572e-01
    1.7180000000e+05    2.0500903662e-01
    1.7190000000e+05    1.9279123136e-01
    1.7200000000e+05    1.3001353727e-01
    1.7210000000e+05    1.2672103734e-01
    1.7220000000e+05    1.6441242680e-01
    1.7230000000e+05    2.1087836207e-01
    1.7240000000e+05    2.5181470225e-01
    1.7250000000e+05    3.9361133877e-01
    1.7260000000e+05    4.8521737904e-01
    1.7270000000e+05    4.4964610106e-01
    1.7280000000e+05    4.1902653902e-01
    1.7290000000e+05    4.3142235567e-01
    1.7300000000e+05    4.0708211981e-01
    1.7310000000e+05    4.3387257602e-01
    1.7320000000e+05    4.0236992347e-01
    1.7330000000e+05    4.7658932359e-01
    1.7340000000e+05    5.4229734241e-01
    1.7350000000e+05    3.7749221545e-01
    1.7360000000e+05    3.0540283166e-01
    1.7370000000e+05    4.8022997943e-01
    1.7380000000e+05    2.8870435952e-01
    1.7390000000e+05    3.7238144713e-01
    1.7400000000e+05    2.7595133259e-01
    1.7410000000e+05    2.6028053676e-01
    1.7420000000e+05    3.8413972502e-01
    1.7430000000e+05    3.1914975699e-01
    1.7440000000e+05    3.7678256088e-01
    1.7450000000e+05    2.9895772919e-01
    1.7460000000e+05    3.0662963840e-01
    1.7470000000e+05    4.1753180100e-01
    1.7480000000e+05    4.7636842894e-01
    1.7490000000e+05    3.7690836186e-01
    1.7500000000e+05    3.5594208074e-01
    1.7510000000e+05    4.4221461311e-01
    1.7520000000e+05    5.8182709999e-01
    1.7530000000e+05    4.6934105643e-01
    1.7540000000e+05    4.2228637737e-01
    1.7550000000e+05    3.1639558416e-01
    1.7560000000e+05    3.0431173142e-01
    1.7570000000e+05    3.1615002937e-01
    1.7580000000e+05    3.4111604317e-01
    1.7590000000e+05    4.9767817260e-01
    1.7600000000e+05    2.9765913193e-01
    1.7610000000e+05    3.0772804513e-01
    1.7620000000e+05    2.8712367088e-01
    1.7630000000e+05    4.1090503926e-01
    1.7640000000e+05    3.4424448346e-01
    1.7650000000e+05    3.5452511521e-01
    1.7660000000e+05    3.9722613266e-01
    1.7670000000e+05    4.5123565595e-01
    1.7680000000e+05    3.5478108292e-01
    1.7690000000e+05    4.6090025591e-01
    1.7700000000e+05    4.1529349685e-01
    1.7710000000e+05    3.9272810671e-01
    1.7720000000e+05    5.1381596822e-01
    1.7730000000e+05    5.0420164963e-01
    1.7740000000e+05    4.8286747933e-01
    1.7750000000e+05    3.7181908492e-01
    1.7760000000e+05    3.6948880445e-01
    1.7770000000e+05    5.2727616607e-01
    1.7780000000e+05    4.7788239661e-01
    1.7790000000e+05    4.3521120795e-01
    1.7800000000e+05    3.6024871201e-01
    1.7810000000e+05    4.7771974726e-01
    1.7820000000e+05    3.2229665355e-01
    1.7830000000e+05    3.3380662833e-01
    1.7840000000e+05    3.7552187270e-01
    1.7850000000e+05    3.8488672519e-01
    1.7860000000e+05    3.8729650299e-01
    1.7870000000e+05    3.9064492745e-01
    1.7880000000e+05    3.3989212053e-01
    1.7890000000e+05    3.5277836108e-01
    1.7900000000e+05    4.1373751678e-01
    1.7910000000e+05    3.1100603554e-01
    1.7920000000e+05    5.1561489087e-01
    1.7930000000e+05    3.1591600006e-01
    1.7940000000e+05    3.1337865415e-01
    1.7950000000e+05    3.2098531676e-01
    1.7960000000e+05    3.2472793230e-01
    1.7970000000e+05    3.1485968408e-01
    1.7980000000e+05    2.9255637321e-01
    1.7990000000e+05    2.0027517660e-01
    1.8000000000e+05    1.9347047641e-01
    1.8010000000e+05    1.8485357276e-01
    1.8020000000e+05    1.9516511276e-01
    1.8030000000e+05    1.8761189923e-01
    1.8040000000e+05    1.6186458310e-01
    1.8050000000e+05    1.6652420524e-01
    1.8060000000e+05    1.6244380700e-01
    1.8070000000e+05    1.3931008788e-01
    1.8080000000e+05    1.5618495763e-01
    1.8090000000e+05    2.1056736659e-01
    1.8100000000e+05    2.0883799440e-01
    1.8110000000e+05    1.7600757935e-01
    1.8120000000e+05    1.9598529767e-01
    1.8130000000e+05    1.6206782178e-01
    1.8140000000e+05    1.3112741329e-01
    1.8150000000e+05    1.2787626913e-01
    1.8160000000e+05    1.7416229925e-01
    1.8170000000e+05    2.0843442850e-01
    1.8180000000e+05    1.5532520986e-01
    1.8190000000e+05    1.4069929909e-01
    1.8200000000e+05    1.2415704517e-01
    1.8210000000e+05    1.7802444825e-01
    1.8220000000e+05    1.4675359199e-01
    1.8230000000e+05    1.4864398019e-01
    1.8240000000e+05    1.3667786149e-01
    1.8250000000e+05    1.2292141073e-01
    1.8260000000e+05    1.4704521716e-01
    1.8270000000e+05    3.3581264810e-01
    1.8280000000e+05    1.9418962446e-01
    1.8290000000e+05    1.5444378582e-01
    1.8300000000e+05    1.3527544658e-01
    1.8310000000e+05    1.8644033191e-01
    1.8320000000e+05    1.6914419391e-01
    1.8330000000e+05    1.8407850268e-01
    1.8340000000e+05    1.8232774869e-01
    1.8350000000e+05    1.3229275040e-01
    1.8360000000e+05    2.4153850344e-01
    1.8370000000e+05    1.5289114964e-01
    1.8380000000e+05    1.5717258356e-01
    1.8390000000e+05    1.5458611799e-01
    1.8400000000e+05    1.2884383327e-01
    1.8410000000e+05    1.5167032011e-01
    1.8420000000e+05    1.4370577642e-01
    1.8430000000e+05    1.6020038442e-01
    1.8440000000e+05    2.9527376872e-01
    1.8450000000e+05    1.3828541481e-01
    1.8460000000e+05    1.3653531030e-01
    1.8470000000e+05    1.4362218739e-01
    1.8480000000e+05    1.2380898264e-01
    1.8490000000e+05    1.1791698189e-01
    1.8500000000e+05    1.3359732627e-01
    1.8510000000e+05    1.6992484734e-01
    1.8520000000e+05    1.6076964129e-01
    1.8530000000e+05    1.3031300501e-01
    1.8540000000e+05    1.3070921188e-01
    1.8550000000e+05    1.6365814316e-01
    1.8560000000e+05    1.7965591725e-01
    1.8570000000e+05    1.2735946206e-01
    1.8580000000e+05    1.7174946909e-01
    1.8590000000e+05    1.6286380711e-01
    1.8600000000e+05    1.6466803321e-01
    1.8610000000e+05    1.2350645433e-01
    1.8620000000e+05    1.2680593012e-01
    1.8630000000e+05    1.3393759026e-01
    1.8640000000e+05    1.4812393182e-01
    1.8650000000e+05    1.5217047846e-01
    1.8660000000e+05    1.5009315787e-01
    1.8670000000e+05    1.5610230278e-01
    1.8680000000e+05    1.9481633545e-01
    1.8690000000e+05    1.2698122763e-01
    1.8700000000e+05    1.5261423629e-01
    1.8710000000e+05    1.5772670524e-01
    1.8720000000e+05    1.3265619572e-01
    1.8730000000e+05    1.1204338897e-01
    1.8740000000e+05    1.1456333887e-01
    1.8750000000e+05    1.4022624472e-01
    1.8760000000e+05    1.2204935951e-01
    1.8770000000e+05    9.0616197891e-02
    1.8780000000e+05    9.2738280158e-02
    1.8790000000e+05    1.1965712248e-01
    1.8800000000e+05    1.0048299666e-01
    1.8810000000e+05    1.4783931266e-01
    1.8820000000e+05    1.1529861505e-01
    1.8830000000e+05    1.6063363167e-01
    1.8840000000e+05    1.5585090140e-01
    1.8850000000e+05    1.2058024251e-01
    1.8860000000e+05    1.1220506277e-01
    1.8870000000e+05    1.2451265226e-01
    1.8880000000e+05    1.5809609227e-01
    1.8890000000e+05    1.1455170965e-01
    1.8900000000e+05    1.3656147752e-01
    1.8910000000e+05    1.3225063518e-01
    1.8920000000e+05    1.1935332060e-01
    1.8930000000e+05    1.9094689124e-01
    1.8940000000e+05    1.4936570880e-01
    1.8950000000e+05    1.0329230840e-01
    1.8960000000e+05    1.1038184112e-01
    1.8970000000e+05    1.1886823189e-01
    1.8980000000e+05    1.0923054426e-01
    1.8990000000e+05    1.1941377824e-01
    1.9000000000e+05    1.0823873631e-01
    1.9010000000e+05    1.3925732671e-01
    1.9020000000e+05    1.1567906956e-01
    1.9030000000e+05    1.5344190348e-01
    1.9040000000e+05    1.1029506901e-01
    1.9050000000e+05    1.9611296447e-01
    1.9060000000e+05    1.1538908159e-01
    1.9070000000e+05    1.1649549188e-01
    1.9080000000e+05    1.2442627891e-01
    1.9090000000e+05    1.2982355967e-01
    1.9100000000e+05    1.5662918883e-01
    1.9110000000e+05    1.3329614491e-01
    1.9120000000e+05    1.3052467066e-01
    1.9130000000e+05    1.4782353867e-01
    1.9140000000e+05    1.6232177039e-01
    1.9150000000e+05    1.2921456038e-01
    1.9160000000e+05    1.4519928177e-01
    1.9170000000e+05    1.4554608976e-01
    1.9180000000e+05    1.4742233304e-01
    1.9190000000e+05    1.3760906715e-01
    1.9200000000e+05    1.4229371353e-01
    1.9210000000e+05    1.4070239248e-01
    1.9220000000e+05    1.7217637590e-01
    1.9230000000e+05    1.3633756534e-01
    1.9240000000e+05    1.2779643573e-01
    1.9250000000e+05    1.3602302921e-01
    1.9260000000e+05    1.2340921741e-01
    1.9270000000e+05    1.3016125309e-01
    1.9280000000e+05    1.3650732134e-01
    1.9290000000e+05    1.1889265009e-01
    1.9300000000e+05    1.1822553696e-01
    1.9310000000e+05    1.1055576025e-01
    1.9320000000e+05    1.1736055686e-01
    1.9330000000e+05    1.1024135782e-01
    1.9340000000e+05    1.1638967683e-01
    1.9350000000e+05    1.3493851440e-01
    1.9360000000e+05    1.2220073386e-01
    1.9370000000e+05    1.3066721186e-01
    1.9380000000e+05    1.1983575855e-01
    1.9390000000e+05    1.1888496638e-01
    1.9400000000e+05    1.5323559842e-01
    1.9410000000e+05    1.5695867629e-01
    1.9420000000e+05    1.5775087345e-01
    1.9430000000e+05    1.3677581433e-01
    1.9440000000e+05    1.1367541885e-01
    1.9450000000e+05    1.5311816889e-01
    1.9460000000e+05    1.0521339393e-01
    1.9470000000e+05    1.3015784238e-01
    1.9480000000e+05    1.0999653511e-01
    1.9490000000e+05    1.4651496110e-01
    1.9500000000e+05    1.2584207578e-01
    1.9510000000e+05    1.2307552342e-01
    1.9520000000e+05    1.6956597752e-01
    1.9530000000e+05    1.3680125831e-01
    1.9540000000e+05    1.0734102819e-01
    1.9550000000e+05    1.1568279046e-01
    1.9560000000e+05    1.0310012827e-01
    1.9570000000e+05    1.1314748739e-01
    1.9580000000e+05    1.2474679879e-01
    1.9590000000e+05    1.0972852099e-01
    1.9600000000e+05    1.0827248807e-01
    1.9610000000e+05    1.5278542365e-01
    1.9620000000e+05    1.4659921927e-01
    1.9630000000e+05    1.2318025173e-01
    1.9640000000e+05    1.6453655549e-01
    1.9650000000e+05    1.3830873451e-01
    1.9660000000e+05    1.3649192880e-01
    1.9670000000e+05    1.2154096123e-01
    1.9680000000e+05    1.6468228501e-01
    1.9690000000e+05    1.5007988114e-01
    1.9700000000e+05    1.2339540773e-01
    1.9710000000e+05    1.2541926510e-01
    1.9720000000e+05    1.1974603587e-01
    1.9730000000e+05    1.1822025814e-01
    1.9740000000e+05    1.2954127218e-01
    1.9750000000e+05    1.6461110718e-01
    1.9760000000e+05    1.0569103797e-01
    1.9770000000e+05    1.0040116344e-01
    1.9780000000e+05    2.0810239010e-01
    1.9790000000e+05    1.2141068655e-01
    1.9800000000e+05    1.0834393756e-01
    1.9810000000e+05    1.1686097244e-01
    1.9820000000e+05    1.0682102903e-01
    1.9830000000e+05    1.3000226645e-01
    1.9840000000e+05    1.1841369297e-01
    1.9850000000e+05    1.3332370121e-01
    1.9860000000e+05    1.3207998497e-01
    1.9870000000e+05    1.7039759676e-01
    1.9880000000e+05    1.1886287265e-01
    1.9890000000e+05    1.1115863789e-01
    1.9900000000e+05    1.1135368382e-01
    1.9910000000e+05    1.1655318082e-01
    1.9920000000e+05    1.1486089968e-01
    1.9930000000e+05    1.3486836408e-01
    1.9940000000e+05    1.1820674682e-01
    1.9950000000e+05    1.1292254507e-01
    1.9960000000e+05    1.0644383472e-01
    1.9970000000e+05    1.0019329636e-01
    1.9980000000e+05    1.0292837212e-01
    1.9990000000e+05    1.2512632326e-01
    2.0000000000e+05    1.1879303403e-01
