    5.0000000000e+00    3.4019966013e-01
    1.0000000000e+01    2.9734761878e-01
    1.5000000000e+01    2.9632917223e-01
    2.0000000000e+01    2.9608035044e-01
    2.5000000000e+01    3.0608347016e-01
    3.0000000000e+01    3.1161972641e-01
    3.5000000000e+01    3.1380643901e-01
    4.0000000000e+01    3.1770351384e-01
    4.5000000000e+01    3.2804132801e-01
    5.0000000000e+01    3.1478192056e-01
    5.5000000000e+01    2.6693609202e-01
    6.0000000000e+01    2.2444437723e-01
    6.5000000000e+01    2.5165298190e-01
    7.0000000000e+01    2.4851158007e-01
    7.5000000000e+01    2.4523910536e-01
    8.0000000000e+01    2.4296873192e-01
    8.5000000000e+01    2.2160851280e-01
    9.0000000000e+01    2.1439149236e-01
    9.5000000000e+01    2.0249847223e-01
    1.0000000000e+02    2.0389953074e-01
    1.0500000000e+02    2.1463317268e-01
    1.1000000000e+02    2.2149894324e-01
    1.1500000000e+02    2.2438021030e-01
    1.2000000000e+02    2.2724492622e-01
    1.2500000000e+02    2.5800479803e-01
    1.3000000000e+02    2.3921652873e-01
    1.3500000000e+02    2.4247012748e-01
    1.4000000000e+02    2.3808364808e-01
    1.4500000000e+02    2.4057936923e-01
    1.5000000000e+02    2.4221540957e-01
    1.5500000000e+02    2.4397591060e-01
    1.6000000000e+02    2.4567511662e-01
    1.6500000000e+02    2.4587548717e-01
    1.7000000000e+02    2.4047800522e-01
    1.7500000000e+02    2.2697908591e-01
    1.8000000000e+02    2.0843908334e-01
    1.8500000000e+02    1.9263406822e-01
    1.9000000000e+02    1.8559376222e-01
    1.9500000000e+02    1.8711971477e-01
    2.0000000000e+02    2.1759178144e-01
    2.0500000000e+02    2.3822758712e-01
    2.1000000000e+02    2.1155328180e-01
    2.1500000000e+02    1.8498741265e-01
    2.2000000000e+02    1.8161826265e-01
    2.2500000000e+02    1.9872852142e-01
    2.3000000000e+02    2.1205978545e-01
    2.3500000000e+02    2.2395622201e-01
    2.4000000000e+02    2.3581964464e-01
    2.4500000000e+02    2.1356396705e-01
    2.5000000000e+02    2.1197244238e-01
    2.5500000000e+02    2.1660790147e-01
    2.6000000000e+02    2.3047076949e-01
    2.6500000000e+02    2.3610603266e-01
    2.7000000000e+02    2.3078659740e-01
    2.7500000000e+02    2.4283497080e-01
    2.8000000000e+02    2.5099145168e-01
    2.8500000000e+02    2.5526859407e-01
    2.9000000000e+02    2.5677846274e-01
    2.9500000000e+02    2.5716881912e-01
    3.0000000000e+02    2.5852783490e-01
    3.0500000000e+02    2.6264061713e-01
    3.1000000000e+02    2.6553980864e-01
    3.1500000000e+02    2.6200318246e-01
    3.2000000000e+02    2.5234243694e-01
    3.2500000000e+02    2.3943612359e-01
    3.3000000000e+02    2.2605165317e-01
    3.3500000000e+02    2.1427143070e-01
    3.4000000000e+02    2.0432729133e-01
    3.4500000000e+02    1.9812622209e-01
    3.5000000000e+02    2.0418748145e-01
    3.5500000000e+02    2.1561014537e-01
    3.6000000000e+02    2.3015229932e-01
    3.6500000000e+02    2.4412964421e-01
    3.7000000000e+02    2.5623662648e-01
    3.7500000000e+02    2.6537753415e-01
    3.8000000000e+02    2.6823581781e-01
    3.8500000000e+02    2.6742680971e-01
    3.9000000000e+02    2.6749105275e-01
    3.9500000000e+02    2.6752439732e-01
    4.0000000000e+02    2.6649934450e-01
    4.0500000000e+02    2.7300317156e-01
    4.1000000000e+02    2.9648308503e-01
    4.1500000000e+02    3.3349300549e-01
    4.2000000000e+02    3.7175085145e-01
    4.2500000000e+02    4.0257802157e-01
    4.3000000000e+02    4.2080616014e-01
    4.3500000000e+02    4.2183285211e-01
    4.4000000000e+02    4.0610041416e-01
    4.4500000000e+02    3.7790392124e-01
    4.5000000000e+02    3.4294361251e-01
    4.5500000000e+02    3.0997138578e-01
    4.6000000000e+02    2.8648671657e-01
    4.6500000000e+02    2.7093092844e-01
    4.7000000000e+02    2.5843910583e-01
    4.7500000000e+02    2.4386509865e-01
    4.8000000000e+02    2.2202588472e-01
    4.8500000000e+02    2.1215862596e-01
    4.9000000000e+02    2.1012270905e-01
    4.9500000000e+02    2.0895078795e-01
    5.0000000000e+02    2.0836207003e-01
    5.0500000000e+02    2.0926011819e-01
    5.1000000000e+02    2.1053181070e-01
    5.1500000000e+02    2.0876218299e-01
    5.2000000000e+02    2.0554631952e-01
    5.2500000000e+02    2.4102168278e-01
    5.3000000000e+02    2.7613894285e-01
    5.3500000000e+02    3.0911871792e-01
    5.4000000000e+02    3.3064505499e-01
    5.4500000000e+02    3.2830207449e-01
    5.5000000000e+02    3.2857196107e-01
    5.5500000000e+02    3.4521648931e-01
    5.6000000000e+02    3.6439823588e-01
    5.6500000000e+02    3.3880076710e-01
    5.7000000000e+02    3.2666224974e-01
    5.7500000000e+02    3.2989835104e-01
    5.8000000000e+02    3.2357991100e-01
    5.8500000000e+02    3.0189338810e-01
    5.9000000000e+02    2.8103270290e-01
    5.9500000000e+02    2.7119132855e-01
    6.0000000000e+02    2.8582154105e-01
    6.0500000000e+02    2.6806356944e-01
    6.1000000000e+02    2.7293931339e-01
    6.1500000000e+02    2.7081255673e-01
    6.2000000000e+02    2.8465917622e-01
    6.2500000000e+02    3.0118205860e-01
    6.3000000000e+02    2.8956354176e-01
    6.3500000000e+02    2.8450590238e-01
    6.4000000000e+02    2.9146434742e-01
    6.4500000000e+02    2.9897146194e-01
    6.5000000000e+02    3.0700679003e-01
    6.5500000000e+02    3.2888243541e-01
    6.6000000000e+02    3.6277680217e-01
    6.6500000000e+02    3.6600642731e-01
    6.7000000000e+02    3.3244676381e-01
    6.7500000000e+02    3.2470072069e-01
    6.8000000000e+02    3.2232649450e-01
    6.8500000000e+02    3.0112165494e-01
    6.9000000000e+02    2.7548807608e-01
    6.9500000000e+02    2.8040560845e-01
    7.0000000000e+02    2.9313355308e-01
    7.0500000000e+02    3.0012414417e-01
    7.1000000000e+02    2.9993382447e-01
    7.1500000000e+02    3.2318474816e-01
    7.2000000000e+02    3.4699193202e-01
    7.2500000000e+02    3.2561808331e-01
    7.3000000000e+02    2.8154932257e-01
    7.3500000000e+02    2.7056011292e-01
    7.4000000000e+02    2.8697572162e-01
    7.4500000000e+02    3.1967762914e-01
    7.5000000000e+02    3.4457467688e-01
    7.5500000000e+02    3.3410495228e-01
    7.6000000000e+02    3.4816979309e-01
    7.6500000000e+02    4.2224954587e-01
    7.7000000000e+02    4.5800657898e-01
    7.7500000000e+02    4.0491947038e-01
    7.8000000000e+02    3.1527959327e-01
    7.8500000000e+02    3.0644521022e-01
    7.9000000000e+02    3.2806463175e-01
    7.9500000000e+02    3.3250664083e-01
    8.0000000000e+02    3.2448979554e-01
    8.0500000000e+02    3.5106956403e-01
    8.1000000000e+02    3.6697621756e-01
    8.1500000000e+02    3.5096722538e-01
    8.2000000000e+02    3.5384502759e-01
    8.2500000000e+02    4.1426294374e-01
    8.3000000000e+02    4.4231007303e-01
    8.3500000000e+02    4.3085604465e-01
    8.4000000000e+02    4.1615672646e-01
    8.4500000000e+02    3.6742661812e-01
    8.5000000000e+02    3.3368137240e-01
    8.5500000000e+02    3.0806781630e-01
    8.6000000000e+02    2.8950314499e-01
    8.6500000000e+02    2.7741119104e-01
    8.7000000000e+02    2.6993457604e-01
    8.7500000000e+02    2.6341120246e-01
    8.8000000000e+02    2.5727531810e-01
    8.8500000000e+02    2.4952328894e-01
    8.9000000000e+02    2.3951420297e-01
    8.9500000000e+02    2.4349913709e-01
    9.0000000000e+02    2.8589938291e-01
    9.0500000000e+02    3.4204047862e-01
    9.1000000000e+02    3.6262273836e-01
    9.1500000000e+02    3.3427483735e-01
    9.2000000000e+02    3.2779029701e-01
    9.2500000000e+02    3.7662870978e-01
    9.3000000000e+02    3.8858649862e-01
    9.3500000000e+02    3.6364375975e-01
    9.4000000000e+02    3.1739238387e-01
    9.4500000000e+02    3.0708141344e-01
    9.5000000000e+02    3.2767197875e-01
    9.5500000000e+02    3.5177025910e-01
    9.6000000000e+02    3.7354891900e-01
    9.6500000000e+02    3.9359061102e-01
    9.7000000000e+02    4.0854315280e-01
    9.7500000000e+02    4.1035262362e-01
    9.8000000000e+02    3.9622273853e-01
    9.8500000000e+02    3.6900605589e-01
    9.9000000000e+02    3.3648740872e-01
    9.9500000000e+02    3.3669391415e-01
    1.0000000000e+03    3.1892269827e-01
    1.0050000000e+03    2.6538794620e-01
    1.0100000000e+03    2.3732899614e-01
    1.0150000000e+03    2.3081351946e-01
    1.0200000000e+03    2.2534566871e-01
    1.0250000000e+03    2.2404190618e-01
    1.0300000000e+03    2.4526261459e-01
    1.0350000000e+03    2.6824207544e-01
    1.0400000000e+03    2.7091967932e-01
    1.0450000000e+03    2.6579874787e-01
    1.0500000000e+03    2.6281684941e-01
    1.0550000000e+03    2.5827396969e-01
    1.0600000000e+03    2.4825274579e-01
    1.0650000000e+03    2.4431010764e-01
    1.0700000000e+03    2.6758586438e-01
    1.0750000000e+03    2.9314693592e-01
    1.0800000000e+03    2.9791400655e-01
    1.0850000000e+03    2.8702112829e-01
    1.0900000000e+03    2.6730812069e-01
    1.0950000000e+03    2.3711458644e-01
    1.1000000000e+03    2.3040754869e-01
    1.1050000000e+03    2.3492004337e-01
    1.1100000000e+03    2.7049030045e-01
    1.1150000000e+03    3.1371298097e-01
    1.1200000000e+03    3.4796607189e-01
    1.1250000000e+03    3.5440023844e-01
    1.1300000000e+03    3.2975077624e-01
    1.1350000000e+03    2.8940448922e-01
    1.1400000000e+03    2.8130778220e-01
    1.1450000000e+03    2.8860091008e-01
    1.1500000000e+03    3.0707877775e-01
    1.1550000000e+03    3.2962422216e-01
    1.1600000000e+03    3.3609324915e-01
    1.1650000000e+03    3.3430284564e-01
    1.1700000000e+03    3.2480963154e-01
    1.1750000000e+03    3.1197543050e-01
    1.1800000000e+03    2.9401020891e-01
    1.1850000000e+03    2.7240502266e-01
    1.1900000000e+03    2.3400519465e-01
    1.1950000000e+03    2.3253395699e-01
    1.2000000000e+03    2.5853943187e-01
    1.2050000000e+03    2.7416324665e-01
    1.2100000000e+03    2.9326589295e-01
    1.2150000000e+03    3.1406100333e-01
    1.2200000000e+03    3.3056570114e-01
    1.2250000000e+03    3.4172859669e-01
    1.2300000000e+03    3.4930856247e-01
    1.2350000000e+03    3.5659122176e-01
    1.2400000000e+03    3.6220310602e-01
    1.2450000000e+03    3.6380187552e-01
    1.2500000000e+03    3.6159376711e-01
    1.2550000000e+03    3.5393317423e-01
    1.2600000000e+03    3.6761368913e-01
    1.2650000000e+03    4.3390715734e-01
    1.2700000000e+03    5.2244125260e-01
    1.2750000000e+03    5.4517376162e-01
    1.2800000000e+03    5.6048370843e-01
    1.2850000000e+03    5.3498517874e-01
    1.2900000000e+03    4.8818063275e-01
    1.2950000000e+03    4.3804991946e-01
    1.3000000000e+03    3.9289485947e-01
    1.3050000000e+03    3.7428736191e-01
    1.3100000000e+03    3.7438789867e-01
    1.3150000000e+03    3.8153442632e-01
    1.3200000000e+03    4.1279497141e-01
    1.3250000000e+03    4.6068210057e-01
    1.3300000000e+03    4.7377899090e-01
    1.3350000000e+03    4.3344547649e-01
    1.3400000000e+03    3.8981707327e-01
    1.3450000000e+03    3.6482422249e-01
    1.3500000000e+03    3.4264784168e-01
    1.3550000000e+03    3.0637836950e-01
    1.3600000000e+03    2.6728341228e-01
    1.3650000000e+03    2.6248653870e-01
    1.3700000000e+03    2.8268880355e-01
    1.3750000000e+03    2.9018500031e-01
    1.3800000000e+03    2.6840015084e-01
    1.3850000000e+03    2.3301121342e-01
    1.3900000000e+03    2.4184261292e-01
    1.3950000000e+03    2.4449657322e-01
    1.4000000000e+03    2.3943357262e-01
    1.4050000000e+03    2.3007163179e-01
    1.4100000000e+03    2.1760218292e-01
    1.4150000000e+03    2.4735361387e-01
    1.4200000000e+03    2.7308781278e-01
    1.4250000000e+03    2.5764239014e-01
    1.4300000000e+03    2.5384598613e-01
    1.4350000000e+03    2.6464710296e-01
    1.4400000000e+03    2.9594875331e-01
    1.4450000000e+03    3.2856178496e-01
    1.4500000000e+03    3.3672158957e-01
    1.4550000000e+03    3.1513857452e-01
    1.4600000000e+03    2.8631860174e-01
    1.4650000000e+03    2.6582562722e-01
    1.4700000000e+03    2.5395283237e-01
    1.4750000000e+03    2.4463761636e-01
    1.4800000000e+03    2.3677025139e-01
    1.4850000000e+03    2.3599175531e-01
    1.4900000000e+03    2.4068797602e-01
    1.4950000000e+03    2.4590499160e-01
    1.5000000000e+03    2.5241489352e-01
    1.5050000000e+03    2.5574839128e-01
    1.5100000000e+03    2.4829642022e-01
    1.5150000000e+03    2.3048762768e-01
    1.5200000000e+03    2.2481485910e-01
    1.5250000000e+03    2.2631862670e-01
    1.5300000000e+03    2.2672132862e-01
    1.5350000000e+03    2.2653089324e-01
    1.5400000000e+03    2.2712073582e-01
    1.5450000000e+03    2.2353036283e-01
    1.5500000000e+03    2.1326616431e-01
    1.5550000000e+03    2.0962639130e-01
    1.5600000000e+03    2.1980808249e-01
    1.5650000000e+03    2.3589770467e-01
    1.5700000000e+03    2.5247529630e-01
    1.5750000000e+03    2.5992320160e-01
    1.5800000000e+03    2.5255939801e-01
    1.5850000000e+03    2.3220420688e-01
    1.5900000000e+03    2.1241719824e-01
    1.5950000000e+03    2.0946554966e-01
    1.6000000000e+03    2.3337497131e-01
    1.6050000000e+03    2.4330984152e-01
    1.6100000000e+03    2.2763046086e-01
    1.6150000000e+03    2.0387388771e-01
    1.6200000000e+03    1.8492432631e-01
    1.6250000000e+03    1.8863035071e-01
    1.6300000000e+03    2.0290288199e-01
    1.6350000000e+03    2.1589946491e-01
    1.6400000000e+03    2.2451574043e-01
    1.6450000000e+03    2.3233602889e-01
    1.6500000000e+03    2.4187457048e-01
    1.6550000000e+03    2.5171684130e-01
    1.6600000000e+03    2.5939943213e-01
    1.6650000000e+03    2.6358277166e-01
    1.6700000000e+03    2.6410495762e-01
    1.6750000000e+03    2.6231907326e-01
    1.6800000000e+03    2.5989874329e-01
    1.6850000000e+03    2.5766916192e-01
    1.6900000000e+03    2.5613056031e-01
    1.6950000000e+03    2.5475703004e-01
    1.7000000000e+03    2.5217168214e-01
    1.7050000000e+03    2.4858183485e-01
    1.7100000000e+03    2.4514295451e-01
    1.7150000000e+03    2.4188864584e-01
    1.7200000000e+03    2.3833031839e-01
    1.7250000000e+03    2.3359967324e-01
    1.7300000000e+03    2.2677837440e-01
    1.7350000000e+03    2.1833522009e-01
    1.7400000000e+03    2.1018744763e-01
    1.7450000000e+03    2.0327569974e-01
    1.7500000000e+03    1.9703884561e-01
    1.7550000000e+03    1.9035229448e-01
    1.7600000000e+03    1.8228923106e-01
    1.7650000000e+03    1.7285976742e-01
    1.7700000000e+03    1.6298652414e-01
    1.7750000000e+03    1.5409389670e-01
    1.7800000000e+03    1.4594002185e-01
    1.7850000000e+03    1.3866678059e-01
    1.7900000000e+03    1.3894440933e-01
    1.7950000000e+03    1.3709828790e-01
    1.8000000000e+03    1.2679954151e-01
    1.8050000000e+03    1.2633654760e-01
    1.8100000000e+03    1.2683648757e-01
    1.8150000000e+03    1.2617489913e-01
    1.8200000000e+03    1.2455709783e-01
    1.8250000000e+03    1.2420372240e-01
    1.8300000000e+03    1.2568056067e-01
    1.8350000000e+03    1.2886086571e-01
    1.8400000000e+03    1.3361462278e-01
    1.8450000000e+03    1.3918453176e-01
    1.8500000000e+03    1.4517791974e-01
    1.8550000000e+03    1.5132315288e-01
    1.8600000000e+03    1.5674701891e-01
    1.8650000000e+03    1.6193877691e-01
    1.8700000000e+03    1.6784676232e-01
    1.8750000000e+03    1.7415413580e-01
    1.8800000000e+03    1.8001817629e-01
    1.8850000000e+03    1.8431983568e-01
    1.8900000000e+03    1.8559255644e-01
    1.8950000000e+03    1.8330496882e-01
    1.9000000000e+03    1.7846330543e-01
    1.9050000000e+03    1.7217731257e-01
    1.9100000000e+03    1.6456908433e-01
    1.9150000000e+03    1.5505912275e-01
    1.9200000000e+03    1.4421573615e-01
    1.9250000000e+03    1.3378087779e-01
    1.9300000000e+03    1.2485748032e-01
    1.9350000000e+03    1.1697030898e-01
    1.9400000000e+03    1.1842314371e-01
    1.9450000000e+03    1.1777837083e-01
    1.9500000000e+03    1.1683064956e-01
    1.9550000000e+03    1.1592843098e-01
    1.9600000000e+03    1.1405877084e-01
    1.9650000000e+03    1.1135689344e-01
    1.9700000000e+03    1.0828513719e-01
    1.9750000000e+03    1.0533260424e-01
    1.9800000000e+03    1.0319490557e-01
    1.9850000000e+03    1.0179076502e-01
    1.9900000000e+03    1.0171714108e-01
    1.9950000000e+03    1.0154557602e-01
    2.0000000000e+03    1.0274249755e-01
    2.0050000000e+03    1.0374438656e-01
    2.0100000000e+03    1.0591035960e-01
    2.0150000000e+03    1.1031858526e-01
    2.0200000000e+03    1.1639595478e-01
    2.0250000000e+03    1.2282990174e-01
    2.0300000000e+03    1.2918962881e-01
    2.0350000000e+03    1.3630543443e-01
    2.0400000000e+03    1.4447552063e-01
    2.0450000000e+03    1.5243977937e-01
    2.0500000000e+03    1.5779174816e-01
    2.0550000000e+03    1.5956061448e-01
    2.0600000000e+03    1.5876031209e-01
    2.0650000000e+03    1.5770606263e-01
    2.0700000000e+03    1.5734776079e-01
    2.0750000000e+03    1.5677269480e-01
    2.0800000000e+03    1.5491234252e-01
    2.0850000000e+03    1.5176778079e-01
    2.0900000000e+03    1.4930703301e-01
    2.0950000000e+03    1.4932679619e-01
    2.1000000000e+03    1.5073857807e-01
    2.1050000000e+03    1.5169313574e-01
    2.1100000000e+03    1.5180042951e-01
    2.1150000000e+03    1.5141885171e-01
    2.1200000000e+03    1.5257096478e-01
    2.1250000000e+03    1.5765023583e-01
    2.1300000000e+03    1.6587207434e-01
    2.1350000000e+03    1.7335657892e-01
    2.1400000000e+03    1.7765509489e-01
    2.1450000000e+03    1.7954718403e-01
    2.1500000000e+03    1.8125863551e-01
    2.1550000000e+03    1.8483965142e-01
    2.1600000000e+03    1.8963463811e-01
    2.1650000000e+03    1.9178205483e-01
    2.1700000000e+03    1.9043448840e-01
    2.1750000000e+03    1.8851041440e-01
    2.1800000000e+03    1.8855913744e-01
    2.1850000000e+03    1.9050112085e-01
    2.1900000000e+03    1.9217450004e-01
    2.1950000000e+03    1.9153761352e-01
    2.2000000000e+03    1.8952147346e-01
    2.2050000000e+03    1.8844562743e-01
    2.2100000000e+03    1.8888072288e-01
    2.2150000000e+03    1.8973230994e-01
    2.2200000000e+03    1.8900069656e-01
    2.2250000000e+03    1.8516810423e-01
    2.2300000000e+03    1.7881012338e-01
    2.2350000000e+03    1.7195336546e-01
    2.2400000000e+03    1.6641986129e-01
    2.2450000000e+03    1.6337489725e-01
    2.2500000000e+03    1.6245171793e-01
    2.2550000000e+03    1.6190817514e-01
    2.2600000000e+03    1.6192497517e-01
    2.2650000000e+03    1.6329038170e-01
    2.2700000000e+03    1.6514248028e-01
    2.2750000000e+03    1.6690207006e-01
    2.2800000000e+03    1.6825192051e-01
    2.2850000000e+03    1.6846614577e-01
    2.2900000000e+03    1.6839982853e-01
    2.2950000000e+03    1.7000023022e-01
    2.3000000000e+03    1.7264577360e-01
    2.3050000000e+03    1.7381705564e-01
    2.3100000000e+03    1.7275982287e-01
    2.3150000000e+03    1.6938598210e-01
    2.3200000000e+03    1.6425097806e-01
    2.3250000000e+03    1.5887175966e-01
    2.3300000000e+03    1.5438350114e-01
    2.3350000000e+03    1.5059603034e-01
    2.3400000000e+03    1.4692956228e-01
    2.3450000000e+03    1.4278749472e-01
    2.3500000000e+03    1.3886500014e-01
    2.3550000000e+03    1.3658117313e-01
    2.3600000000e+03    1.3521514376e-01
    2.3650000000e+03    1.3311781404e-01
    2.3700000000e+03    1.3027080020e-01
    2.3750000000e+03    1.2694381041e-01
    2.3800000000e+03    1.2801381805e-01
    2.3850000000e+03    1.3343582905e-01
    2.3900000000e+03    1.3990868086e-01
    2.3950000000e+03    1.4694694040e-01
    2.4000000000e+03    1.5342064507e-01
    2.4050000000e+03    1.5838319168e-01
    2.4100000000e+03    1.6148774520e-01
    2.4150000000e+03    1.6279087926e-01
    2.4200000000e+03    1.6306375090e-01
    2.4250000000e+03    1.6301736095e-01
    2.4300000000e+03    1.6247192943e-01
    2.4350000000e+03    1.6083020605e-01
    2.4400000000e+03    1.5869129216e-01
    2.4450000000e+03    1.5689463891e-01
    2.4500000000e+03    1.5545369122e-01
    2.4550000000e+03    1.5411867748e-01
    2.4600000000e+03    1.5245218956e-01
    2.4650000000e+03    1.5016343949e-01
    2.4700000000e+03    1.5452211273e-01
    2.4750000000e+03    1.5865041153e-01
    2.4800000000e+03    1.6165939336e-01
    2.4850000000e+03    1.6253103028e-01
    2.4900000000e+03    1.6175523088e-01
    2.4950000000e+03    1.6076836468e-01
    2.5000000000e+03    1.6032279016e-01
    2.5050000000e+03    1.6209463969e-01
    2.5100000000e+03    1.6665680653e-01
    2.5150000000e+03    1.7190730228e-01
    2.5200000000e+03    1.7533694626e-01
    2.5250000000e+03    1.7540160731e-01
    2.5300000000e+03    1.7315517023e-01
    2.5350000000e+03    1.7184396785e-01
    2.5400000000e+03    1.7328133829e-01
    2.5450000000e+03    1.7664081048e-01
    2.5500000000e+03    1.7979439879e-01
    2.5550000000e+03    1.8105115416e-01
    2.5600000000e+03    1.7959779989e-01
    2.5650000000e+03    1.7603563037e-01
    2.5700000000e+03    1.7099946639e-01
    2.5750000000e+03    1.6445386644e-01
    2.5800000000e+03    1.5664772624e-01
    2.5850000000e+03    1.4905082778e-01
    2.5900000000e+03    1.4445537274e-01
    2.5950000000e+03    1.4463378204e-01
    2.6000000000e+03    1.4843965972e-01
    2.6050000000e+03    1.5333896354e-01
    2.6100000000e+03    1.6222974541e-01
    2.6150000000e+03    1.6378662201e-01
    2.6200000000e+03    1.6586100794e-01
    2.6250000000e+03    1.7156980613e-01
    2.6300000000e+03    1.7684143086e-01
    2.6350000000e+03    1.8018386043e-01
    2.6400000000e+03    1.8097407072e-01
    2.6450000000e+03    1.7994632815e-01
    2.6500000000e+03    1.7866041378e-01
    2.6550000000e+03    1.7820188403e-01
    2.6600000000e+03    1.7808781411e-01
    2.6650000000e+03    1.7681766859e-01
    2.6700000000e+03    1.7311569614e-01
    2.6750000000e+03    1.6690534809e-01
    2.6800000000e+03    1.5911926892e-01
    2.6850000000e+03    1.5043796221e-01
    2.6900000000e+03    1.4845913212e-01
    2.6950000000e+03    1.6454595474e-01
    2.7000000000e+03    1.6810035778e-01
    2.7050000000e+03    1.6117871053e-01
    2.7100000000e+03    1.5122395074e-01
    2.7150000000e+03    1.4129023093e-01
    2.7200000000e+03    1.3457803785e-01
    2.7250000000e+03    1.3260247588e-01
    2.7300000000e+03    1.2957814490e-01
    2.7350000000e+03    1.3100406677e-01
    2.7400000000e+03    1.3181036157e-01
    2.7450000000e+03    1.3443152267e-01
    2.7500000000e+03    1.3846776985e-01
    2.7550000000e+03    1.4056611684e-01
    2.7600000000e+03    1.4149903120e-01
    2.7650000000e+03    1.4160088592e-01
    2.7700000000e+03    1.4034032705e-01
    2.7750000000e+03    1.3970700690e-01
    2.7800000000e+03    1.3982825890e-01
    2.7850000000e+03    1.3821576582e-01
    2.7900000000e+03    1.3444646872e-01
    2.7950000000e+03    1.3066305229e-01
    2.8000000000e+03    1.3337286559e-01
    2.8050000000e+03    1.3426839838e-01
    2.8100000000e+03    1.3414359783e-01
    2.8150000000e+03    1.3366269766e-01
    2.8200000000e+03    1.3277257658e-01
    2.8250000000e+03    1.3123644906e-01
    2.8300000000e+03    1.3021190518e-01
    2.8350000000e+03    1.3098682096e-01
    2.8400000000e+03    1.3276739255e-01
    2.8450000000e+03    1.3415371394e-01
    2.8500000000e+03    1.3523928672e-01
    2.8550000000e+03    1.3735787213e-01
    2.8600000000e+03    1.4488864574e-01
    2.8650000000e+03    1.5040418911e-01
    2.8700000000e+03    1.5557383778e-01
    2.8750000000e+03    1.6046711533e-01
    2.8800000000e+03    1.6356495218e-01
    2.8850000000e+03    1.6433597717e-01
    2.8900000000e+03    1.6373295948e-01
    2.8950000000e+03    1.6253866149e-01
    2.9000000000e+03    1.6043446978e-01
    2.9050000000e+03    1.5737236721e-01
    2.9100000000e+03    1.5371007855e-01
    2.9150000000e+03    1.5012768645e-01
    2.9200000000e+03    1.4700015828e-01
    2.9250000000e+03    1.4413876697e-01
    2.9300000000e+03    1.4162722409e-01
    2.9350000000e+03    1.3866322253e-01
    2.9400000000e+03    1.3590267561e-01
    2.9450000000e+03    1.3423800908e-01
    2.9500000000e+03    1.3366936600e-01
    2.9550000000e+03    1.3331878370e-01
    2.9600000000e+03    1.3268945771e-01
    2.9650000000e+03    1.3163271284e-01
    2.9700000000e+03    1.3001332245e-01
    2.9750000000e+03    1.2905651151e-01
    2.9800000000e+03    1.3006151315e-01
    2.9850000000e+03    1.3245711564e-01
    2.9900000000e+03    1.3511881219e-01
    2.9950000000e+03    1.3742976127e-01
    3.0000000000e+03    1.3954634937e-01
    3.0050000000e+03    1.4205360312e-01
    3.0100000000e+03    1.4409828107e-01
    3.0150000000e+03    1.4511973932e-01
    3.0200000000e+03    1.4498180191e-01
    3.0250000000e+03    1.4232270148e-01
    3.0300000000e+03    1.3988790365e-01
    3.0350000000e+03    1.3936900860e-01
    3.0400000000e+03    1.3927621356e-01
    3.0450000000e+03    1.3997531776e-01
    3.0500000000e+03    1.4114387105e-01
    3.0550000000e+03    1.4278471668e-01
    3.0600000000e+03    1.4502336989e-01
    3.0650000000e+03    1.4806394019e-01
    3.0700000000e+03    1.5251134644e-01
    3.0750000000e+03    1.5843303416e-01
    3.0800000000e+03    1.6487603686e-01
    3.0850000000e+03    1.7081908413e-01
    3.0900000000e+03    1.7557974036e-01
    3.0950000000e+03    1.7911009551e-01
    3.1000000000e+03    1.8208110613e-01
    3.1050000000e+03    1.8515102372e-01
    3.1100000000e+03    1.8909219091e-01
    3.1150000000e+03    1.9481259101e-01
    3.1200000000e+03    2.0197238545e-01
    3.1250000000e+03    2.0922962707e-01
    3.1300000000e+03    2.1491898375e-01
    3.1350000000e+03    2.1915224928e-01
    3.1400000000e+03    2.2198042409e-01
    3.1450000000e+03    2.2321614934e-01
    3.1500000000e+03    2.2297433652e-01
    3.1550000000e+03    2.2167959670e-01
    3.1600000000e+03    2.2043279844e-01
    3.1650000000e+03    2.2007598075e-01
    3.1700000000e+03    2.2027966139e-01
    3.1750000000e+03    2.2037911766e-01
    3.1800000000e+03    2.1908406336e-01
    3.1850000000e+03    2.1584509824e-01
    3.1900000000e+03    2.1118570474e-01
    3.1950000000e+03    2.0583877541e-01
    3.2000000000e+03    2.0026789763e-01
    3.2050000000e+03    1.9469217433e-01
    3.2100000000e+03    1.8980819518e-01
    3.2150000000e+03    1.8559414882e-01
    3.2200000000e+03    1.8487840952e-01
    3.2250000000e+03    1.7780435009e-01
    3.2300000000e+03    1.7023625007e-01
    3.2350000000e+03    1.6534881695e-01
    3.2400000000e+03    1.5992543184e-01
    3.2450000000e+03    1.5317943171e-01
    3.2500000000e+03    1.4590575468e-01
    3.2550000000e+03    1.4989124168e-01
    3.2600000000e+03    1.5470191620e-01
    3.2650000000e+03    1.5838540987e-01
    3.2700000000e+03    1.6055189778e-01
    3.2750000000e+03    1.6243619948e-01
    3.2800000000e+03    1.6406107563e-01
    3.2850000000e+03    1.7448676061e-01
    3.2900000000e+03    1.8415635021e-01
    3.2950000000e+03    1.9210676290e-01
    3.3000000000e+03    1.9813080233e-01
    3.3050000000e+03    2.1027830553e-01
    3.3100000000e+03    2.1008642171e-01
    3.3150000000e+03    2.2027431846e-01
    3.3200000000e+03    2.1629948668e-01
    3.3250000000e+03    2.0650706339e-01
    3.3300000000e+03    1.9823223087e-01
    3.3350000000e+03    1.8643989742e-01
    3.3400000000e+03    1.8456926007e-01
    3.3450000000e+03    1.8485821508e-01
    3.3500000000e+03    1.8390361343e-01
    3.3550000000e+03    1.8130795142e-01
    3.3600000000e+03    1.7709509137e-01
    3.3650000000e+03    1.7009475992e-01
    3.3700000000e+03    1.6144299555e-01
    3.3750000000e+03    1.6757908424e-01
    3.3800000000e+03    1.8126714147e-01
    3.3850000000e+03    1.9185142670e-01
    3.3900000000e+03    1.9412239136e-01
    3.3950000000e+03    1.8535892457e-01
    3.4000000000e+03    1.6785797052e-01
    3.4050000000e+03    1.7856363573e-01
    3.4100000000e+03    1.9849716510e-01
    3.4150000000e+03    2.2117819441e-01
    3.4200000000e+03    2.4547646931e-01
    3.4250000000e+03    2.6584332396e-01
    3.4300000000e+03    2.7615379640e-01
    3.4350000000e+03    2.8185093544e-01
    3.4400000000e+03    2.6874208391e-01
    3.4450000000e+03    2.4311218798e-01
    3.4500000000e+03    2.2828962350e-01
    3.4550000000e+03    2.1673567959e-01
    3.4600000000e+03    2.0602756157e-01
    3.4650000000e+03    1.9459016350e-01
    3.4700000000e+03    1.8445399501e-01
    3.4750000000e+03    1.7755337990e-01
    3.4800000000e+03    1.7328655640e-01
    3.4850000000e+03    1.6820413088e-01
    3.4900000000e+03    1.6258101193e-01
    3.4950000000e+03    1.5933182216e-01
    3.5000000000e+03    1.6194373432e-01
    3.5050000000e+03    1.6607876452e-01
    3.5100000000e+03    1.7269635449e-01
    3.5150000000e+03    1.8131405683e-01
    3.5200000000e+03    1.8984487733e-01
    3.5250000000e+03    1.9582619149e-01
    3.5300000000e+03    1.9848218531e-01
    3.5350000000e+03    1.9925577159e-01
    3.5400000000e+03    1.9932005299e-01
    3.5450000000e+03    1.9760613358e-01
    3.5500000000e+03    1.9275581684e-01
    3.5550000000e+03    1.8558846269e-01
    3.5600000000e+03    1.7865247660e-01
    3.5650000000e+03    1.7501551740e-01
    3.5700000000e+03    1.8056999004e-01
    3.5750000000e+03    1.8341382453e-01
    3.5800000000e+03    1.8242424489e-01
    3.5850000000e+03    1.7964080702e-01
    3.5900000000e+03    1.7636651233e-01
    3.5950000000e+03    1.7378397059e-01
    3.6000000000e+03    1.7187188637e-01
    3.6050000000e+03    1.6851668300e-01
    3.6100000000e+03    1.7317782533e-01
    3.6150000000e+03    1.7708133769e-01
    3.6200000000e+03    1.7887864963e-01
    3.6250000000e+03    1.8057371661e-01
    3.6300000000e+03    1.8193131808e-01
    3.6350000000e+03    1.8214195710e-01
    3.6400000000e+03    1.7880704201e-01
    3.6450000000e+03    1.7151592315e-01
    3.6500000000e+03    1.6214895247e-01
    3.6550000000e+03    1.5527011104e-01
    3.6600000000e+03    1.5613722710e-01
    3.6650000000e+03    1.5541745586e-01
    3.6700000000e+03    1.5159608752e-01
    3.6750000000e+03    1.4741284582e-01
    3.6800000000e+03    1.4925594546e-01
    3.6850000000e+03    1.5890250732e-01
    3.6900000000e+03    1.7218330096e-01
    3.6950000000e+03    1.8365329056e-01
    3.7000000000e+03    1.8952997436e-01
    3.7050000000e+03    1.9033266312e-01
    3.7100000000e+03    1.8999024034e-01
    3.7150000000e+03    1.9216488616e-01
    3.7200000000e+03    1.9681569372e-01
    3.7250000000e+03    2.0080390123e-01
    3.7300000000e+03    2.0313016793e-01
    3.7350000000e+03    2.0306213249e-01
    3.7400000000e+03    2.0071855278e-01
    3.7450000000e+03    2.0014477805e-01
    3.7500000000e+03    2.0125719376e-01
    3.7550000000e+03    1.9991058381e-01
    3.7600000000e+03    1.9777832360e-01
    3.7650000000e+03    1.9619014542e-01
    3.7700000000e+03    1.9989800940e-01
    3.7750000000e+03    2.0542306676e-01
    3.7800000000e+03    2.0710642856e-01
    3.7850000000e+03    2.0619563587e-01
    3.7900000000e+03    2.0452582394e-01
    3.7950000000e+03    2.0247342152e-01
    3.8000000000e+03    1.9980234565e-01
    3.8050000000e+03    1.9540059063e-01
    3.8100000000e+03    1.8898671953e-01
    3.8150000000e+03    1.8096657843e-01
    3.8200000000e+03    1.7209643709e-01
    3.8250000000e+03    1.6279726863e-01
    3.8300000000e+03    1.5240981697e-01
    3.8350000000e+03    1.4095972315e-01
    3.8400000000e+03    1.3582370984e-01
    3.8450000000e+03    1.3725374967e-01
    3.8500000000e+03    1.3868709835e-01
    3.8550000000e+03    1.4013912860e-01
    3.8600000000e+03    1.4177656651e-01
    3.8650000000e+03    1.4477299640e-01
    3.8700000000e+03    1.5015854763e-01
    3.8750000000e+03    1.5808102267e-01
    3.8800000000e+03    1.6606650776e-01
    3.8850000000e+03    1.7155557182e-01
    3.8900000000e+03    1.7376810683e-01
    3.8950000000e+03    1.7279001010e-01
    3.9000000000e+03    1.6973310945e-01
    3.9050000000e+03    1.6571121748e-01
    3.9100000000e+03    1.6095201581e-01
    3.9150000000e+03    1.5504936936e-01
    3.9200000000e+03    1.4782350128e-01
    3.9250000000e+03    1.4057867359e-01
    3.9300000000e+03    1.4509428931e-01
    3.9350000000e+03    1.5073946455e-01
    3.9400000000e+03    1.5438349288e-01
    3.9450000000e+03    1.5707826551e-01
    3.9500000000e+03    1.6083970092e-01
    3.9550000000e+03    1.6629268082e-01
    3.9600000000e+03    1.7457544652e-01
    3.9650000000e+03    1.8104555399e-01
    3.9700000000e+03    1.8221253611e-01
    3.9750000000e+03    1.8164998409e-01
    3.9800000000e+03    1.7920348386e-01
    3.9850000000e+03    1.7380501252e-01
    3.9900000000e+03    1.6965002698e-01
    3.9950000000e+03    1.6817573629e-01
    4.0000000000e+03    1.6883932532e-01
    4.0050000000e+03    1.6850613765e-01
    4.0100000000e+03    1.6719035100e-01
    4.0150000000e+03    1.6487915893e-01
    4.0200000000e+03    1.6111922791e-01
    4.0250000000e+03    1.5568176574e-01
    4.0300000000e+03    1.4916504853e-01
    4.0350000000e+03    1.4237266167e-01
    4.0400000000e+03    1.3946510676e-01
    4.0450000000e+03    1.4045896366e-01
    4.0500000000e+03    1.3791634503e-01
    4.0550000000e+03    1.3354330036e-01
    4.0600000000e+03    1.2861803183e-01
    4.0650000000e+03    1.2555516626e-01
    4.0700000000e+03    1.2466422185e-01
    4.0750000000e+03    1.2456717894e-01
    4.0800000000e+03    1.2558126262e-01
    4.0850000000e+03    1.2760934637e-01
    4.0900000000e+03    1.2952588382e-01
    4.0950000000e+03    1.3220484759e-01
    4.1000000000e+03    1.3789664400e-01
    4.1050000000e+03    1.4287415993e-01
    4.1100000000e+03    1.4532909459e-01
    4.1150000000e+03    1.4471356399e-01
    4.1200000000e+03    1.4300978725e-01
    4.1250000000e+03    1.4163969557e-01
    4.1300000000e+03    1.4076209218e-01
    4.1350000000e+03    1.4283859704e-01
    4.1400000000e+03    1.4351108158e-01
    4.1450000000e+03    1.3961674965e-01
    4.1500000000e+03    1.3536349209e-01
    4.1550000000e+03    1.3944274929e-01
    4.1600000000e+03    1.4992272148e-01
    4.1650000000e+03    1.5575427630e-01
    4.1700000000e+03    1.5233740829e-01
    4.1750000000e+03    1.4575157290e-01
    4.1800000000e+03    1.4487778352e-01
    4.1850000000e+03    1.5051803138e-01
    4.1900000000e+03    1.5239084963e-01
    4.1950000000e+03    1.5263972207e-01
    4.2000000000e+03    1.5444386338e-01
    4.2050000000e+03    1.5771516253e-01
    4.2100000000e+03    1.6067182465e-01
    4.2150000000e+03    1.6015095638e-01
    4.2200000000e+03    1.5511429970e-01
    4.2250000000e+03    1.4992324554e-01
    4.2300000000e+03    1.4749545850e-01
    4.2350000000e+03    1.4774299012e-01
    4.2400000000e+03    1.4872248108e-01
    4.2450000000e+03    1.5408740847e-01
    4.2500000000e+03    1.6042992217e-01
    4.2550000000e+03    1.6606397210e-01
    4.2600000000e+03    1.7015203246e-01
    4.2650000000e+03    1.7196670131e-01
    4.2700000000e+03    1.7158147576e-01
    4.2750000000e+03    1.6993103503e-01
    4.2800000000e+03    1.6741846384e-01
    4.2850000000e+03    1.7583406863e-01
    4.2900000000e+03    1.8625727449e-01
    4.2950000000e+03    1.9793880851e-01
    4.3000000000e+03    2.0981156950e-01
    4.3050000000e+03    2.1929087313e-01
    4.3100000000e+03    2.2604636331e-01
    4.3150000000e+03    2.3284759973e-01
    4.3200000000e+03    2.4000076432e-01
    4.3250000000e+03    2.4397649540e-01
    4.3300000000e+03    2.4123395682e-01
    4.3350000000e+03    2.3158392500e-01
    4.3400000000e+03    2.1794563601e-01
    4.3450000000e+03    2.0359213368e-01
    4.3500000000e+03    1.9032258212e-01
    4.3550000000e+03    1.7891997598e-01
    4.3600000000e+03    1.6809867133e-01
    4.3650000000e+03    1.5609474026e-01
    4.3700000000e+03    1.5944360461e-01
    4.3750000000e+03    1.6221742622e-01
    4.3800000000e+03    1.6536589866e-01
    4.3850000000e+03    1.6896989803e-01
    4.3900000000e+03    1.7249855587e-01
    4.3950000000e+03    1.7462047763e-01
    4.4000000000e+03    1.7270444896e-01
    4.4050000000e+03    1.6801529457e-01
    4.4100000000e+03    1.6320201002e-01
    4.4150000000e+03    1.5952928499e-01
    4.4200000000e+03    1.5899011636e-01
    4.4250000000e+03    1.6359125539e-01
    4.4300000000e+03    1.7160794869e-01
    4.4350000000e+03    1.7940617031e-01
    4.4400000000e+03    1.8461121995e-01
    4.4450000000e+03    1.8669370763e-01
    4.4500000000e+03    1.8530779211e-01
    4.4550000000e+03    1.8090480396e-01
    4.4600000000e+03    1.7619184497e-01
    4.4650000000e+03    1.7379012303e-01
    4.4700000000e+03    1.7451782278e-01
    4.4750000000e+03    1.7700327459e-01
    4.4800000000e+03    1.7939657385e-01
    4.4850000000e+03    1.8239586609e-01
    4.4900000000e+03    1.8602831553e-01
    4.4950000000e+03    1.8899299095e-01
    4.5000000000e+03    1.9062759257e-01
    4.5050000000e+03    1.9040926739e-01
    4.5100000000e+03    1.8627431228e-01
    4.5150000000e+03    1.7612669075e-01
    4.5200000000e+03    1.6288874676e-01
    4.5250000000e+03    1.6492825629e-01
    4.5300000000e+03    1.6355851079e-01
    4.5350000000e+03    1.5913795485e-01
    4.5400000000e+03    1.5324538174e-01
    4.5450000000e+03    1.4721479664e-01
    4.5500000000e+03    1.4606851095e-01
    4.5550000000e+03    1.5305332943e-01
    4.5600000000e+03    1.5529170218e-01
    4.5650000000e+03    1.4896990986e-01
    4.5700000000e+03    1.5191062322e-01
    4.5750000000e+03    1.5729126049e-01
    4.5800000000e+03    1.6050795516e-01
    4.5850000000e+03    1.6313185006e-01
    4.5900000000e+03    1.6356641444e-01
    4.5950000000e+03    1.5856987832e-01
    4.6000000000e+03    1.4968975131e-01
    4.6050000000e+03    1.4175274804e-01
    4.6100000000e+03    1.4582985394e-01
    4.6150000000e+03    1.4098801534e-01
    4.6200000000e+03    1.4151594698e-01
    4.6250000000e+03    1.4410560992e-01
    4.6300000000e+03    1.4621590343e-01
    4.6350000000e+03    1.5062310721e-01
    4.6400000000e+03    1.5780216573e-01
    4.6450000000e+03    1.6753431609e-01
    4.6500000000e+03    1.7820926487e-01
    4.6550000000e+03    1.8742282539e-01
    4.6600000000e+03    1.9405825606e-01
    4.6650000000e+03    1.9851493522e-01
    4.6700000000e+03    2.0162810844e-01
    4.6750000000e+03    2.0407052865e-01
    4.6800000000e+03    2.0496032315e-01
    4.6850000000e+03    2.0178014861e-01
    4.6900000000e+03    1.9320727877e-01
    4.6950000000e+03    1.8302255549e-01
    4.7000000000e+03    1.7662077025e-01
    4.7050000000e+03    1.7451923474e-01
    4.7100000000e+03    1.7542442753e-01
    4.7150000000e+03    1.8532406813e-01
    4.7200000000e+03    1.9848552745e-01
    4.7250000000e+03    2.1241147989e-01
    4.7300000000e+03    2.2331059463e-01
    4.7350000000e+03    2.3183610912e-01
    4.7400000000e+03    2.4058609003e-01
    4.7450000000e+03    2.4903886510e-01
    4.7500000000e+03    2.5628128881e-01
    4.7550000000e+03    2.6047609326e-01
    4.7600000000e+03    2.6190342871e-01
    4.7650000000e+03    2.6647042359e-01
    4.7700000000e+03    2.7483965049e-01
    4.7750000000e+03    2.8162822801e-01
    4.7800000000e+03    2.8489929542e-01
    4.7850000000e+03    2.8689600395e-01
    4.7900000000e+03    2.9058780399e-01
    4.7950000000e+03    2.9424485653e-01
    4.8000000000e+03    2.9439370898e-01
    4.8050000000e+03    2.9150197555e-01
    4.8100000000e+03    2.8466343588e-01
    4.8150000000e+03    2.7384556039e-01
    4.8200000000e+03    2.6467461878e-01
    4.8250000000e+03    2.5935704044e-01
    4.8300000000e+03    2.5394169338e-01
    4.8350000000e+03    2.4563406560e-01
    4.8400000000e+03    2.3558767766e-01
    4.8450000000e+03    2.2747365474e-01
    4.8500000000e+03    2.2326749229e-01
    4.8550000000e+03    2.2190250574e-01
    4.8600000000e+03    2.2247600236e-01
    4.8650000000e+03    2.2000072285e-01
    4.8700000000e+03    2.1208493985e-01
    4.8750000000e+03    2.0266643298e-01
    4.8800000000e+03    1.9628555778e-01
    4.8850000000e+03    1.9474118615e-01
    4.8900000000e+03    1.9505618667e-01
    4.8950000000e+03    1.9130879209e-01
    4.9000000000e+03    1.8407990243e-01
    4.9050000000e+03    1.8041690365e-01
    4.9100000000e+03    1.8260559637e-01
    4.9150000000e+03    1.9217615634e-01
    4.9200000000e+03    2.0485175543e-01
    4.9250000000e+03    2.1117502301e-01
    4.9300000000e+03    2.1091193792e-01
    4.9350000000e+03    2.0952972913e-01
    4.9400000000e+03    2.0914002282e-01
    4.9450000000e+03    2.1040598101e-01
    4.9500000000e+03    2.1364273112e-01
    4.9550000000e+03    2.1253987286e-01
    4.9600000000e+03    2.0718874977e-01
    4.9650000000e+03    2.0498101957e-01
    4.9700000000e+03    2.0889751022e-01
    4.9750000000e+03    2.1694914975e-01
    4.9800000000e+03    2.2313058836e-01
    4.9850000000e+03    2.2456408409e-01
    4.9900000000e+03    2.2162811194e-01
    4.9950000000e+03    2.1933274231e-01
    5.0000000000e+03    2.2030874310e-01
    5.0050000000e+03    2.2141247718e-01
    5.0100000000e+03    2.2069392255e-01
    5.0150000000e+03    2.1899613488e-01
    5.0200000000e+03    2.1631668952e-01
    5.0250000000e+03    2.1168554158e-01
    5.0300000000e+03    2.0549682182e-01
    5.0350000000e+03    1.9811618164e-01
    5.0400000000e+03    1.8853074130e-01
    5.0450000000e+03    1.7848726725e-01
    5.0500000000e+03    1.6961841914e-01
    5.0550000000e+03    1.6247975117e-01
    5.0600000000e+03    1.5773453560e-01
    5.0650000000e+03    1.5469614105e-01
    5.0700000000e+03    1.5048054700e-01
    5.0750000000e+03    1.4648546880e-01
    5.0800000000e+03    1.4426296079e-01
    5.0850000000e+03    1.4503523507e-01
    5.0900000000e+03    1.4741954429e-01
    5.0950000000e+03    1.4959155400e-01
    5.1000000000e+03    1.4966699897e-01
    5.1050000000e+03    1.4720524251e-01
    5.1100000000e+03    1.4339984178e-01
    5.1150000000e+03    1.3924821552e-01
    5.1200000000e+03    1.4388780218e-01
    5.1250000000e+03    1.4578230052e-01
    5.1300000000e+03    1.4456914869e-01
    5.1350000000e+03    1.4337929308e-01
    5.1400000000e+03    1.4396636328e-01
    5.1450000000e+03    1.4591307599e-01
    5.1500000000e+03    1.4828848142e-01
    5.1550000000e+03    1.5114493954e-01
    5.1600000000e+03    1.5499317871e-01
    5.1650000000e+03    1.6055307255e-01
    5.1700000000e+03    1.6495823519e-01
    5.1750000000e+03    1.6426432724e-01
    5.1800000000e+03    1.5954087736e-01
    5.1850000000e+03    1.5476230152e-01
    5.1900000000e+03    1.5264862443e-01
    5.1950000000e+03    1.5457627960e-01
    5.2000000000e+03    1.5739126382e-01
    5.2050000000e+03    1.5752505069e-01
    5.2100000000e+03    1.5418676857e-01
    5.2150000000e+03    1.5023495459e-01
    5.2200000000e+03    1.4831770715e-01
    5.2250000000e+03    1.4810564053e-01
    5.2300000000e+03    1.4820371856e-01
    5.2350000000e+03    1.4820244379e-01
    5.2400000000e+03    1.4869774353e-01
    5.2450000000e+03    1.5178229526e-01
    5.2500000000e+03    1.5828752646e-01
    5.2550000000e+03    1.6657898815e-01
    5.2600000000e+03    1.7419276070e-01
    5.2650000000e+03    1.7981829133e-01
    5.2700000000e+03    1.8387168091e-01
    5.2750000000e+03    1.8667862715e-01
    5.2800000000e+03    1.8760706027e-01
    5.2850000000e+03    1.8691047062e-01
    5.2900000000e+03    1.9881565534e-01
    5.2950000000e+03    2.0476496128e-01
    5.3000000000e+03    2.0519210185e-01
    5.3050000000e+03    2.0066726786e-01
    5.3100000000e+03    1.9250499726e-01
    5.3150000000e+03    1.8155305470e-01
    5.3200000000e+03    1.6793437334e-01
    5.3250000000e+03    1.6903244965e-01
    5.3300000000e+03    1.7758987300e-01
    5.3350000000e+03    1.8686039717e-01
    5.3400000000e+03    1.9486865739e-01
    5.3450000000e+03    1.9550589729e-01
    5.3500000000e+03    1.9362377309e-01
    5.3550000000e+03    1.9364012359e-01
    5.3600000000e+03    2.1033512892e-01
    5.3650000000e+03    2.2393830551e-01
    5.3700000000e+03    2.3496052031e-01
    5.3750000000e+03    2.4288709407e-01
    5.3800000000e+03    2.4595130964e-01
    5.3850000000e+03    2.4307372200e-01
    5.3900000000e+03    2.3600905509e-01
    5.3950000000e+03    2.2721701576e-01
    5.4000000000e+03    2.1654382148e-01
    5.4050000000e+03    2.0425651293e-01
    5.4100000000e+03    1.9277734848e-01
    5.4150000000e+03    1.8397056707e-01
    5.4200000000e+03    1.7750400785e-01
    5.4250000000e+03    1.7295976562e-01
    5.4300000000e+03    1.6930391135e-01
    5.4350000000e+03    1.6422490880e-01
    5.4400000000e+03    1.5885458322e-01
    5.4450000000e+03    1.6014087772e-01
    5.4500000000e+03    1.7218332802e-01
    5.4550000000e+03    1.8272470059e-01
    5.4600000000e+03    1.8290329238e-01
    5.4650000000e+03    1.7426905807e-01
    5.4700000000e+03    1.6607367252e-01
    5.4750000000e+03    1.5964914505e-01
    5.4800000000e+03    1.5922701284e-01
    5.4850000000e+03    1.6439543623e-01
    5.4900000000e+03    1.6796745347e-01
    5.4950000000e+03    1.7252468486e-01
    5.5000000000e+03    1.7908244812e-01
    5.5050000000e+03    1.8584972503e-01
    5.5100000000e+03    1.8963656007e-01
    5.5150000000e+03    1.8795369150e-01
    5.5200000000e+03    1.8233437245e-01
    5.5250000000e+03    1.7524100466e-01
    5.5300000000e+03    1.6748445023e-01
    5.5350000000e+03    1.5912226306e-01
    5.5400000000e+03    1.4996625847e-01
    5.5450000000e+03    1.5191938367e-01
    5.5500000000e+03    1.5255829263e-01
    5.5550000000e+03    1.5082329301e-01
    5.5600000000e+03    1.4774469424e-01
    5.5650000000e+03    1.4601250041e-01
    5.5700000000e+03    1.4783312892e-01
    5.5750000000e+03    1.5087694972e-01
    5.5800000000e+03    1.5274953862e-01
    5.5850000000e+03    1.5275023764e-01
    5.5900000000e+03    1.5127011932e-01
    5.5950000000e+03    1.4861971396e-01
    5.6000000000e+03    1.4573236234e-01
    5.6050000000e+03    1.4353562804e-01
    5.6100000000e+03    1.4157549984e-01
    5.6150000000e+03    1.3977670775e-01
    5.6200000000e+03    1.3821535129e-01
    5.6250000000e+03    1.3603730549e-01
    5.6300000000e+03    1.3373025883e-01
    5.6350000000e+03    1.3305175357e-01
    5.6400000000e+03    1.3420447943e-01
    5.6450000000e+03    1.3563122704e-01
    5.6500000000e+03    1.3549575663e-01
    5.6550000000e+03    1.3247348859e-01
    5.6600000000e+03    1.2624840325e-01
    5.6650000000e+03    1.1940274970e-01
    5.6700000000e+03    1.1477695736e-01
    5.6750000000e+03    1.1179297540e-01
    5.6800000000e+03    1.0811036985e-01
    5.6850000000e+03    1.0310341353e-01
    5.6900000000e+03    1.0390646707e-01
    5.6950000000e+03    1.0531288159e-01
    5.7000000000e+03    1.0670338453e-01
    5.7050000000e+03    1.0700237629e-01
    5.7100000000e+03    1.1200202894e-01
    5.7150000000e+03    1.1920968496e-01
    5.7200000000e+03    1.2791506237e-01
    5.7250000000e+03    1.3673126157e-01
    5.7300000000e+03    1.4571279422e-01
    5.7350000000e+03    1.5392033757e-01
    5.7400000000e+03    1.5867795314e-01
    5.7450000000e+03    1.5784903579e-01
    5.7500000000e+03    1.5098057401e-01
    5.7550000000e+03    1.3872578671e-01
    5.7600000000e+03    1.2258103324e-01
    5.7650000000e+03    1.0431186007e-01
    5.7700000000e+03    1.0240096744e-01
    5.7750000000e+03    1.0171621783e-01
    5.7800000000e+03    1.0769658546e-01
    5.7850000000e+03    1.1523156984e-01
    5.7900000000e+03    1.2261031067e-01
    5.7950000000e+03    1.2831419452e-01
    5.8000000000e+03    1.3143367511e-01
    5.8050000000e+03    1.3134852351e-01
    5.8100000000e+03    1.2927482040e-01
    5.8150000000e+03    1.2721399514e-01
    5.8200000000e+03    1.2597359611e-01
    5.8250000000e+03    1.2520338331e-01
    5.8300000000e+03    1.2394646700e-01
    5.8350000000e+03    1.2189711660e-01
    5.8400000000e+03    1.1959869163e-01
    5.8450000000e+03    1.1760685765e-01
    5.8500000000e+03    1.1614467471e-01
    5.8550000000e+03    1.2000035658e-01
    5.8600000000e+03    1.2513071813e-01
    5.8650000000e+03    1.3549686789e-01
    5.8700000000e+03    1.4994750694e-01
    5.8750000000e+03    1.6377205689e-01
    5.8800000000e+03    1.7585358098e-01
    5.8850000000e+03    1.8446110609e-01
    5.8900000000e+03    1.8953377051e-01
    5.8950000000e+03    1.9235902748e-01
    5.9000000000e+03    1.9362551805e-01
    5.9050000000e+03    1.9303124367e-01
    5.9100000000e+03    1.8926749145e-01
    5.9150000000e+03    1.8082705608e-01
    5.9200000000e+03    1.6852687967e-01
    5.9250000000e+03    1.6645623981e-01
    5.9300000000e+03    1.6363784215e-01
    5.9350000000e+03    1.6124421993e-01
    5.9400000000e+03    1.6185658542e-01
    5.9450000000e+03    1.6356471551e-01
    5.9500000000e+03    1.7207126408e-01
    5.9550000000e+03    1.8495351575e-01
    5.9600000000e+03    1.9709494296e-01
    5.9650000000e+03    2.0388882344e-01
    5.9700000000e+03    2.0409389452e-01
    5.9750000000e+03    1.9919381878e-01
    5.9800000000e+03    1.9158999884e-01
    5.9850000000e+03    1.8190249971e-01
    5.9900000000e+03    1.7960987026e-01
    5.9950000000e+03    1.7562043282e-01
    6.0000000000e+03    1.7112920744e-01
    6.0050000000e+03    1.6548037110e-01
    6.0100000000e+03    1.6328835597e-01
    6.0150000000e+03    1.6307412264e-01
    6.0200000000e+03    1.6383369442e-01
    6.0250000000e+03    1.6547548652e-01
    6.0300000000e+03    1.7016506928e-01
    6.0350000000e+03    1.7217228145e-01
    6.0400000000e+03    1.7099463910e-01
    6.0450000000e+03    1.7028619090e-01
    6.0500000000e+03    1.6769108928e-01
    6.0550000000e+03    1.6308885198e-01
    6.0600000000e+03    1.5654051388e-01
    6.0650000000e+03    1.4862343237e-01
    6.0700000000e+03    1.4108397050e-01
    6.0750000000e+03    1.4381244827e-01
    6.0800000000e+03    1.4597581234e-01
    6.0850000000e+03    1.4679408844e-01
    6.0900000000e+03    1.4623603059e-01
    6.0950000000e+03    1.4417666834e-01
    6.1000000000e+03    1.4082201217e-01
    6.1050000000e+03    1.4386032791e-01
    6.1100000000e+03    1.5081496244e-01
    6.1150000000e+03    1.5814957610e-01
    6.1200000000e+03    1.6658943508e-01
    6.1250000000e+03    1.7630370975e-01
    6.1300000000e+03    1.8635778421e-01
    6.1350000000e+03    1.9580587201e-01
    6.1400000000e+03    2.0580195947e-01
    6.1450000000e+03    2.1741378108e-01
    6.1500000000e+03    2.3004680475e-01
    6.1550000000e+03    2.4271961749e-01
    6.1600000000e+03    2.5385432747e-01
    6.1650000000e+03    2.6211662047e-01
    6.1700000000e+03    2.6611115899e-01
    6.1750000000e+03    2.6647284773e-01
    6.1800000000e+03    2.6445873006e-01
    6.1850000000e+03    2.6025885551e-01
    6.1900000000e+03    2.5282700273e-01
    6.1950000000e+03    2.4123985931e-01
    6.2000000000e+03    2.2644009625e-01
    6.2050000000e+03    2.1025478651e-01
    6.2100000000e+03    1.9349918271e-01
    6.2150000000e+03    1.7749439937e-01
    6.2200000000e+03    1.6299358511e-01
    6.2250000000e+03    1.5756495573e-01
    6.2300000000e+03    1.5190906109e-01
    6.2350000000e+03    1.4507954804e-01
    6.2400000000e+03    1.3926533262e-01
    6.2450000000e+03    1.3728463930e-01
    6.2500000000e+03    1.3199519420e-01
    6.2550000000e+03    1.2657180781e-01
    6.2600000000e+03    1.2217499509e-01
    6.2650000000e+03    1.2507911557e-01
    6.2700000000e+03    1.1654937022e-01
    6.2750000000e+03    1.1551371480e-01
    6.2800000000e+03    1.1416654850e-01
    6.2850000000e+03    1.1445166407e-01
    6.2900000000e+03    1.1672103503e-01
    6.2950000000e+03    1.2024206586e-01
    6.3000000000e+03    1.2406846195e-01
    6.3050000000e+03    1.2588313102e-01
    6.3100000000e+03    1.2713823392e-01
    6.3150000000e+03    1.3082133864e-01
    6.3200000000e+03    1.3390267448e-01
    6.3250000000e+03    1.4100266437e-01
    6.3300000000e+03    1.5089395022e-01
    6.3350000000e+03    1.6099562987e-01
    6.3400000000e+03    1.7187244845e-01
    6.3450000000e+03    1.8369363017e-01
    6.3500000000e+03    1.9523032829e-01
    6.3550000000e+03    2.0449019554e-01
    6.3600000000e+03    2.0927310397e-01
    6.3650000000e+03    2.0820181028e-01
    6.3700000000e+03    2.0125725810e-01
    6.3750000000e+03    1.8958199396e-01
    6.3800000000e+03    1.7525408100e-01
    6.3850000000e+03    1.6101796394e-01
    6.3900000000e+03    1.5113725556e-01
    6.3950000000e+03    1.5823903522e-01
    6.4000000000e+03    1.6128820668e-01
    6.4050000000e+03    1.6095718235e-01
    6.4100000000e+03    1.5920946278e-01
    6.4150000000e+03    1.5712256187e-01
    6.4200000000e+03    1.5452418857e-01
    6.4250000000e+03    1.5066714942e-01
    6.4300000000e+03    1.4477299195e-01
    6.4350000000e+03    1.3720055435e-01
    6.4400000000e+03    1.3219681388e-01
    6.4450000000e+03    1.3357354945e-01
    6.4500000000e+03    1.3544990403e-01
    6.4550000000e+03    1.4201870025e-01
    6.4600000000e+03    1.4729010272e-01
    6.4650000000e+03    1.5116365573e-01
    6.4700000000e+03    1.5490057758e-01
    6.4750000000e+03    1.6434076145e-01
    6.4800000000e+03    1.7762215347e-01
    6.4850000000e+03    1.9191564316e-01
    6.4900000000e+03    2.0643002603e-01
    6.4950000000e+03    2.1970959069e-01
    6.5000000000e+03    2.2871588500e-01
    6.5050000000e+03    2.3093260868e-01
    6.5100000000e+03    2.2684173867e-01
    6.5150000000e+03    2.1889399425e-01
    6.5200000000e+03    2.0940372572e-01
    6.5250000000e+03    1.9863377266e-01
    6.5300000000e+03    1.8569939036e-01
    6.5350000000e+03    1.7120615860e-01
    6.5400000000e+03    1.5728643002e-01
    6.5450000000e+03    1.5508001856e-01
    6.5500000000e+03    1.5631365689e-01
    6.5550000000e+03    1.5989816218e-01
    6.5600000000e+03    1.6046634664e-01
    6.5650000000e+03    1.5501593417e-01
    6.5700000000e+03    1.4980498461e-01
    6.5750000000e+03    1.4468700229e-01
    6.5800000000e+03    1.4737118513e-01
    6.5850000000e+03    1.5823924839e-01
    6.5900000000e+03    1.6596913166e-01
    6.5950000000e+03    1.6822650727e-01
    6.6000000000e+03    1.6629249486e-01
    6.6050000000e+03    1.6242022398e-01
    6.6100000000e+03    1.5619072165e-01
    6.6150000000e+03    1.4450225349e-01
    6.6200000000e+03    1.3302587177e-01
    6.6250000000e+03    1.2369326001e-01
    6.6300000000e+03    1.2231818726e-01
    6.6350000000e+03    1.2445996234e-01
    6.6400000000e+03    1.2617056647e-01
    6.6450000000e+03    1.2727233501e-01
    6.6500000000e+03    1.2802861769e-01
    6.6550000000e+03    1.2906100133e-01
    6.6600000000e+03    1.3060906031e-01
    6.6650000000e+03    1.3238745862e-01
    6.6700000000e+03    1.3404824010e-01
    6.6750000000e+03    1.3555868444e-01
    6.6800000000e+03    1.3643017689e-01
    6.6850000000e+03    1.3620230771e-01
    6.6900000000e+03    1.3485640467e-01
    6.6950000000e+03    1.3218673555e-01
    6.7000000000e+03    1.3106123609e-01
    6.7050000000e+03    1.3159598339e-01
    6.7100000000e+03    1.3757362678e-01
    6.7150000000e+03    1.4417288166e-01
    6.7200000000e+03    1.5162832847e-01
    6.7250000000e+03    1.6057736727e-01
    6.7300000000e+03    1.6955338310e-01
    6.7350000000e+03    1.7595514664e-01
    6.7400000000e+03    1.7860575065e-01
    6.7450000000e+03    1.7787628447e-01
    6.7500000000e+03    1.8181797532e-01
    6.7550000000e+03    1.8723558521e-01
    6.7600000000e+03    1.9132676940e-01
    6.7650000000e+03    1.9073433272e-01
    6.7700000000e+03    1.8507992492e-01
    6.7750000000e+03    1.7618129371e-01
    6.7800000000e+03    1.6734280399e-01
    6.7850000000e+03    1.7476914732e-01
    6.7900000000e+03    1.8152327175e-01
    6.7950000000e+03    1.8683901935e-01
    6.8000000000e+03    1.9040812993e-01
    6.8050000000e+03    1.9235837932e-01
    6.8100000000e+03    1.9269243848e-01
    6.8150000000e+03    1.9156986514e-01
    6.8200000000e+03    1.8896131949e-01
    6.8250000000e+03    1.8488693447e-01
    6.8300000000e+03    1.7981043022e-01
    6.8350000000e+03    1.7441979226e-01
    6.8400000000e+03    1.6954641213e-01
    6.8450000000e+03    1.6561615466e-01
    6.8500000000e+03    1.6159867841e-01
    6.8550000000e+03    1.5680353095e-01
    6.8600000000e+03    1.5170483198e-01
    6.8650000000e+03    1.4710699876e-01
    6.8700000000e+03    1.4326789751e-01
    6.8750000000e+03    1.4017466669e-01
    6.8800000000e+03    1.3723328376e-01
    6.8850000000e+03    1.3422214200e-01
    6.8900000000e+03    1.3141037696e-01
    6.8950000000e+03    1.2898813088e-01
    6.9000000000e+03    1.2724357255e-01
    6.9050000000e+03    1.2647995226e-01
    6.9100000000e+03    1.2650927458e-01
    6.9150000000e+03    1.2690296607e-01
    6.9200000000e+03    1.2715191524e-01
    6.9250000000e+03    1.2665903528e-01
    6.9300000000e+03    1.2560008373e-01
    6.9350000000e+03    1.2418775453e-01
    6.9400000000e+03    1.2170052104e-01
    6.9450000000e+03    1.1987689408e-01
    6.9500000000e+03    1.2468002969e-01
    6.9550000000e+03    1.3084719733e-01
    6.9600000000e+03    1.3573929797e-01
    6.9650000000e+03    1.3571968420e-01
    6.9700000000e+03    1.3272532733e-01
    6.9750000000e+03    1.3371509316e-01
    6.9800000000e+03    1.4456931897e-01
    6.9850000000e+03    1.5435709268e-01
    6.9900000000e+03    1.6124806474e-01
    6.9950000000e+03    1.6488596245e-01
    7.0000000000e+03    1.6473725838e-01
    7.0050000000e+03    1.6227552937e-01
    7.0100000000e+03    1.5969397010e-01
    7.0150000000e+03    1.5650797749e-01
    7.0200000000e+03    1.5286153656e-01
    7.0250000000e+03    1.4940812251e-01
    7.0300000000e+03    1.4502026849e-01
    7.0350000000e+03    1.3830245095e-01
    7.0400000000e+03    1.3509138408e-01
    7.0450000000e+03    1.3559690545e-01
    7.0500000000e+03    1.3448118394e-01
    7.0550000000e+03    1.3216657058e-01
    7.0600000000e+03    1.3249242493e-01
    7.0650000000e+03    1.3858945572e-01
    7.0700000000e+03    1.4229580846e-01
    7.0750000000e+03    1.4397388446e-01
    7.0800000000e+03    1.4642233540e-01
    7.0850000000e+03    1.5037655072e-01
    7.0900000000e+03    1.5317737010e-01
    7.0950000000e+03    1.5309052853e-01
    7.1000000000e+03    1.5021536865e-01
    7.1050000000e+03    1.4599995805e-01
    7.1100000000e+03    1.4370441800e-01
    7.1150000000e+03    1.4401197513e-01
    7.1200000000e+03    1.4515226166e-01
    7.1250000000e+03    1.4565779677e-01
    7.1300000000e+03    1.4552955149e-01
    7.1350000000e+03    1.4575380627e-01
    7.1400000000e+03    1.4758834315e-01
    7.1450000000e+03    1.5093314867e-01
    7.1500000000e+03    1.5416545669e-01
    7.1550000000e+03    1.5559812199e-01
    7.1600000000e+03    1.5581407440e-01
    7.1650000000e+03    1.5983366945e-01
    7.1700000000e+03    1.6340868093e-01
    7.1750000000e+03    1.6452306429e-01
    7.1800000000e+03    1.6519309250e-01
    7.1850000000e+03    1.6545604294e-01
    7.1900000000e+03    1.6520543954e-01
    7.1950000000e+03    1.6325499590e-01
    7.2000000000e+03    1.5866358582e-01
    7.2050000000e+03    1.5918408231e-01
    7.2100000000e+03    1.5671706496e-01
    7.2150000000e+03    1.4876980886e-01
    7.2200000000e+03    1.3631584134e-01
    7.2250000000e+03    1.2889623995e-01
    7.2300000000e+03    1.2704910348e-01
    7.2350000000e+03    1.2551611769e-01
    7.2400000000e+03    1.2475094631e-01
    7.2450000000e+03    1.2436223038e-01
    7.2500000000e+03    1.2237787867e-01
    7.2550000000e+03    1.1880316449e-01
    7.2600000000e+03    1.1409129423e-01
    7.2650000000e+03    1.1562495878e-01
    7.2700000000e+03    1.1996640572e-01
    7.2750000000e+03    1.2797569043e-01
    7.2800000000e+03    1.3898636665e-01
    7.2850000000e+03    1.4918000904e-01
    7.2900000000e+03    1.5472632216e-01
    7.2950000000e+03    1.5349283343e-01
    7.3000000000e+03    1.4698666298e-01
    7.3050000000e+03    1.3894551498e-01
    7.3100000000e+03    1.3096179508e-01
    7.3150000000e+03    1.2320201277e-01
    7.3200000000e+03    1.1983269236e-01
    7.3250000000e+03    1.1946948704e-01
    7.3300000000e+03    1.3152538632e-01
    7.3350000000e+03    1.4410204332e-01
    7.3400000000e+03    1.5428782032e-01
    7.3450000000e+03    1.6198275754e-01
    7.3500000000e+03    1.6914588706e-01
    7.3550000000e+03    1.7684005415e-01
    7.3600000000e+03    1.8434046723e-01
    7.3650000000e+03    1.9001311318e-01
    7.3700000000e+03    1.9389588272e-01
    7.3750000000e+03    1.9743341106e-01
    7.3800000000e+03    2.0137269715e-01
    7.3850000000e+03    2.0550868922e-01
    7.3900000000e+03    2.0951622270e-01
    7.3950000000e+03    2.1259492570e-01
    7.4000000000e+03    2.1393301168e-01
    7.4050000000e+03    2.1456799121e-01
    7.4100000000e+03    2.1490632147e-01
    7.4150000000e+03    2.1401241935e-01
    7.4200000000e+03    2.1218660345e-01
    7.4250000000e+03    2.0986669404e-01
    7.4300000000e+03    2.0800358456e-01
    7.4350000000e+03    2.0813956452e-01
    7.4400000000e+03    2.0991845328e-01
    7.4450000000e+03    2.1142625921e-01
    7.4500000000e+03    2.1383547563e-01
    7.4550000000e+03    2.1772397116e-01
    7.4600000000e+03    2.2023693032e-01
    7.4650000000e+03    2.1917557456e-01
    7.4700000000e+03    2.1559143682e-01
    7.4750000000e+03    2.1173331900e-01
    7.4800000000e+03    2.0944465370e-01
    7.4850000000e+03    2.0869953539e-01
    7.4900000000e+03    2.0808750439e-01
    7.4950000000e+03    2.0608326725e-01
    7.5000000000e+03    2.0274838662e-01
    7.5050000000e+03    1.9914766273e-01
    7.5100000000e+03    1.9645888474e-01
    7.5150000000e+03    1.9571736301e-01
    7.5200000000e+03    1.9609105261e-01
    7.5250000000e+03    1.9510356046e-01
    7.5300000000e+03    1.9222414404e-01
    7.5350000000e+03    1.8816962301e-01
    7.5400000000e+03    1.8341828233e-01
    7.5450000000e+03    1.7815219362e-01
    7.5500000000e+03    1.7150910860e-01
    7.5550000000e+03    1.6355722161e-01
    7.5600000000e+03    1.5500212130e-01
    7.5650000000e+03    1.4547041688e-01
    7.5700000000e+03    1.3437145320e-01
    7.5750000000e+03    1.2246018228e-01
    7.5800000000e+03    1.1511079385e-01
    7.5850000000e+03    1.0679932569e-01
    7.5900000000e+03    1.0112086242e-01
    7.5950000000e+03    1.0255806757e-01
    7.6000000000e+03    1.0508040019e-01
    7.6050000000e+03    1.0399874489e-01
    7.6100000000e+03    1.0000412064e-01
    7.6150000000e+03    1.0085182732e-01
    7.6200000000e+03    1.0451846830e-01
    7.6250000000e+03    1.0884029095e-01
    7.6300000000e+03    1.1423590239e-01
    7.6350000000e+03    1.2002148842e-01
    7.6400000000e+03    1.2426649720e-01
    7.6450000000e+03    1.2531066658e-01
    7.6500000000e+03    1.2323317402e-01
    7.6550000000e+03    1.1932796688e-01
    7.6600000000e+03    1.1514613559e-01
    7.6650000000e+03    1.1268955234e-01
    7.6700000000e+03    1.1338982838e-01
    7.6750000000e+03    1.1710973276e-01
    7.6800000000e+03    1.2319917696e-01
    7.6850000000e+03    1.3025781629e-01
    7.6900000000e+03    1.3593185106e-01
    7.6950000000e+03    1.3801077517e-01
    7.7000000000e+03    1.3621701540e-01
    7.7050000000e+03    1.3186547918e-01
    7.7100000000e+03    1.2753146336e-01
    7.7150000000e+03    1.2573369975e-01
    7.7200000000e+03    1.2678086473e-01
    7.7250000000e+03    1.2901535726e-01
    7.7300000000e+03    1.3001372905e-01
    7.7350000000e+03    1.2750223227e-01
    7.7400000000e+03    1.2092931440e-01
    7.7450000000e+03    1.1300277302e-01
    7.7500000000e+03    1.1225884430e-01
    7.7550000000e+03    1.1246322537e-01
    7.7600000000e+03    1.1146835222e-01
    7.7650000000e+03    1.0947471122e-01
    7.7700000000e+03    1.0808849857e-01
    7.7750000000e+03    1.0814224623e-01
    7.7800000000e+03    1.0797701087e-01
    7.7850000000e+03    1.0602438820e-01
    7.7900000000e+03    1.0575273609e-01
    7.7950000000e+03    1.0516508392e-01
    7.8000000000e+03    1.0677217694e-01
    7.8050000000e+03    1.0938617106e-01
    7.8100000000e+03    1.1436214152e-01
    7.8150000000e+03    1.2167005303e-01
    7.8200000000e+03    1.2744900740e-01
    7.8250000000e+03    1.2996945821e-01
    7.8300000000e+03    1.2975925744e-01
    7.8350000000e+03    1.2698343470e-01
    7.8400000000e+03    1.2299045594e-01
    7.8450000000e+03    1.2015657931e-01
    7.8500000000e+03    1.2089969781e-01
    7.8550000000e+03    1.2276071930e-01
    7.8600000000e+03    1.2420276658e-01
    7.8650000000e+03    1.2910260519e-01
    7.8700000000e+03    1.3657900192e-01
    7.8750000000e+03    1.4107406657e-01
    7.8800000000e+03    1.4190410238e-01
    7.8850000000e+03    1.3970599503e-01
    7.8900000000e+03    1.3495291381e-01
    7.8950000000e+03    1.2949638823e-01
    7.9000000000e+03    1.2785602318e-01
    7.9050000000e+03    1.2541591690e-01
    7.9100000000e+03    1.2350347239e-01
    7.9150000000e+03    1.2122812211e-01
    7.9200000000e+03    1.1734588192e-01
    7.9250000000e+03    1.1247261838e-01
    7.9300000000e+03    1.1019271170e-01
    7.9350000000e+03    1.1268505717e-01
    7.9400000000e+03    1.1736400933e-01
    7.9450000000e+03    1.2126594324e-01
    7.9500000000e+03    1.2302784160e-01
    7.9550000000e+03    1.2135168638e-01
    7.9600000000e+03    1.1718922588e-01
    7.9650000000e+03    1.1800842704e-01
    7.9700000000e+03    1.1942724978e-01
    7.9750000000e+03    1.2086440527e-01
    7.9800000000e+03    1.2189753267e-01
    7.9850000000e+03    1.2340291632e-01
    7.9900000000e+03    1.2540681669e-01
    7.9950000000e+03    1.2664737698e-01
    8.0000000000e+03    1.2706148128e-01
    8.0050000000e+03    1.2801430966e-01
    8.0100000000e+03    1.3057471122e-01
    8.0150000000e+03    1.3397747018e-01
    8.0200000000e+03    1.3685847615e-01
    8.0250000000e+03    1.3852449389e-01
    8.0300000000e+03    1.3924069772e-01
    8.0350000000e+03    1.4003375803e-01
    8.0400000000e+03    1.4173907109e-01
    8.0450000000e+03    1.4407862973e-01
    8.0500000000e+03    1.4654955789e-01
    8.0550000000e+03    1.4884779263e-01
    8.0600000000e+03    1.5081471688e-01
    8.0650000000e+03    1.5232221703e-01
    8.0700000000e+03    1.5324667550e-01
    8.0750000000e+03    1.5694388134e-01
    8.0800000000e+03    1.5819925334e-01
    8.0850000000e+03    1.5334809988e-01
    8.0900000000e+03    1.5193900551e-01
    8.0950000000e+03    1.4884699349e-01
    8.1000000000e+03    1.6246572842e-01
    8.1050000000e+03    1.7680866844e-01
    8.1100000000e+03    1.8072908811e-01
    8.1150000000e+03    1.7649862720e-01
    8.1200000000e+03    1.7010791073e-01
    8.1250000000e+03    1.6421034332e-01
    8.1300000000e+03    1.5693124264e-01
    8.1350000000e+03    1.4821924169e-01
    8.1400000000e+03    1.4441905968e-01
    8.1450000000e+03    1.4653660689e-01
    8.1500000000e+03    1.4995211554e-01
    8.1550000000e+03    1.5370790261e-01
    8.1600000000e+03    1.5579238728e-01
    8.1650000000e+03    1.5030048703e-01
    8.1700000000e+03    1.4203070153e-01
    8.1750000000e+03    1.3925365097e-01
    8.1800000000e+03    1.3379468338e-01
    8.1850000000e+03    1.4579439572e-01
    8.1900000000e+03    1.5949884064e-01
    8.1950000000e+03    1.7250201645e-01
    8.2000000000e+03    1.8272468156e-01
    8.2050000000e+03    1.8769360185e-01
    8.2100000000e+03    1.8628573235e-01
    8.2150000000e+03    1.7848903676e-01
    8.2200000000e+03    1.7222284322e-01
    8.2250000000e+03    1.6956835642e-01
    8.2300000000e+03    1.6445115822e-01
    8.2350000000e+03    1.5683134233e-01
    8.2400000000e+03    1.5692977085e-01
    8.2450000000e+03    1.6202105911e-01
    8.2500000000e+03    1.5696094793e-01
    8.2550000000e+03    1.5114921588e-01
    8.2600000000e+03    1.4413296573e-01
    8.2650000000e+03    1.3678685099e-01
    8.2700000000e+03    1.4048892744e-01
    8.2750000000e+03    1.4370947819e-01
    8.2800000000e+03    1.3884068034e-01
    8.2850000000e+03    1.4229008960e-01
    8.2900000000e+03    1.4479070856e-01
    8.2950000000e+03    1.5519338514e-01
    8.3000000000e+03    1.5740067259e-01
    8.3050000000e+03    1.5123190351e-01
    8.3100000000e+03    1.4180599052e-01
    8.3150000000e+03    1.3380404071e-01
    8.3200000000e+03    1.3676594464e-01
    8.3250000000e+03    1.5380883116e-01
    8.3300000000e+03    1.6280767073e-01
    8.3350000000e+03    1.5639755531e-01
    8.3400000000e+03    1.5352395932e-01
    8.3450000000e+03    1.5715195502e-01
    8.3500000000e+03    1.5158071891e-01
    8.3550000000e+03    1.3765221380e-01
    8.3600000000e+03    1.1445658867e-01
    8.3650000000e+03    1.2573001561e-01
    8.3700000000e+03    1.3799803942e-01
    8.3750000000e+03    1.4741437801e-01
    8.3800000000e+03    1.4865387461e-01
    8.3850000000e+03    1.4312356426e-01
    8.3900000000e+03    1.4231536852e-01
    8.3950000000e+03    1.4206567015e-01
    8.4000000000e+03    1.3517535114e-01
    8.4050000000e+03    1.3136853908e-01
    8.4100000000e+03    1.2525753210e-01
    8.4150000000e+03    1.1440103502e-01
    8.4200000000e+03    1.1161041776e-01
    8.4250000000e+03    1.2674561832e-01
    8.4300000000e+03    1.3832279727e-01
    8.4350000000e+03    1.4515706947e-01
    8.4400000000e+03    1.4689035619e-01
    8.4450000000e+03    1.4345536671e-01
    8.4500000000e+03    1.3565737896e-01
    8.4550000000e+03    1.2531781426e-01
    8.4600000000e+03    1.1355976905e-01
    8.4650000000e+03    1.0875974187e-01
    8.4700000000e+03    1.1114060589e-01
    8.4750000000e+03    1.1198269537e-01
    8.4800000000e+03    1.1128268224e-01
    8.4850000000e+03    1.0949233685e-01
    8.4900000000e+03    1.0715884828e-01
    8.4950000000e+03    1.1587669770e-01
    8.5000000000e+03    1.2470005585e-01
    8.5050000000e+03    1.3328049524e-01
    8.5100000000e+03    1.3272550436e-01
    8.5150000000e+03    1.3341563994e-01
    8.5200000000e+03    1.3493661224e-01
    8.5250000000e+03    1.3126976179e-01
    8.5300000000e+03    1.2827606483e-01
    8.5350000000e+03    1.3032799100e-01
    8.5400000000e+03    1.3818347461e-01
    8.5450000000e+03    1.4108586192e-01
    8.5500000000e+03    1.3962965126e-01
    8.5550000000e+03    1.4217196677e-01
    8.5600000000e+03    1.5054718324e-01
    8.5650000000e+03    1.5573084227e-01
    8.5700000000e+03    1.4859767709e-01
    8.5750000000e+03    1.3135347771e-01
    8.5800000000e+03    1.3938504475e-01
    8.5850000000e+03    1.4706974158e-01
    8.5900000000e+03    1.5204794420e-01
    8.5950000000e+03    1.5308965954e-01
    8.6000000000e+03    1.4994591032e-01
    8.6050000000e+03    1.4439486922e-01
    8.6100000000e+03    1.3782265800e-01
    8.6150000000e+03    1.3036376112e-01
    8.6200000000e+03    1.2322727890e-01
    8.6250000000e+03    1.1893707624e-01
    8.6300000000e+03    1.2663926870e-01
    8.6350000000e+03    1.2990259963e-01
    8.6400000000e+03    1.3043930654e-01
    8.6450000000e+03    1.3609500403e-01
    8.6500000000e+03    1.3935976293e-01
    8.6550000000e+03    1.3922365505e-01
    8.6600000000e+03    1.3552921142e-01
    8.6650000000e+03    1.3154720458e-01
    8.6700000000e+03    1.3077715832e-01
    8.6750000000e+03    1.2863537858e-01
    8.6800000000e+03    1.2741448934e-01
    8.6850000000e+03    1.2890871543e-01
    8.6900000000e+03    1.3179868262e-01
    8.6950000000e+03    1.3312197945e-01
    8.7000000000e+03    1.3380020827e-01
    8.7050000000e+03    1.3591269526e-01
    8.7100000000e+03    1.3946814455e-01
    8.7150000000e+03    1.4350591787e-01
    8.7200000000e+03    1.4757851199e-01
    8.7250000000e+03    1.5017355500e-01
    8.7300000000e+03    1.4914484480e-01
    8.7350000000e+03    1.4474431561e-01
    8.7400000000e+03    1.3949169842e-01
    8.7450000000e+03    1.3523403062e-01
    8.7500000000e+03    1.3238599221e-01
    8.7550000000e+03    1.3165998432e-01
    8.7600000000e+03    1.3316492310e-01
    8.7650000000e+03    1.3585432536e-01
    8.7700000000e+03    1.3943496169e-01
    8.7750000000e+03    1.4296464481e-01
    8.7800000000e+03    1.4524263836e-01
    8.7850000000e+03    1.4593543721e-01
    8.7900000000e+03    1.4527975779e-01
    8.7950000000e+03    1.4308144259e-01
    8.8000000000e+03    1.4628137420e-01
    8.8050000000e+03    1.4761213234e-01
    8.8100000000e+03    1.4603108520e-01
    8.8150000000e+03    1.4292393473e-01
    8.8200000000e+03    1.3912388884e-01
    8.8250000000e+03    1.3536520456e-01
    8.8300000000e+03    1.2996374603e-01
    8.8350000000e+03    1.2211973348e-01
    8.8400000000e+03    1.1885300791e-01
    8.8450000000e+03    1.1837768840e-01
    8.8500000000e+03    1.2024767033e-01
    8.8550000000e+03    1.1674288573e-01
    8.8600000000e+03    1.1486204285e-01
    8.8650000000e+03    1.1602075221e-01
    8.8700000000e+03    1.1508236599e-01
    8.8750000000e+03    1.1206976204e-01
    8.8800000000e+03    1.0797745247e-01
    8.8850000000e+03    1.1300723197e-01
    8.8900000000e+03    1.2181876096e-01
    8.8950000000e+03    1.2532357127e-01
    8.9000000000e+03    1.2568408063e-01
    8.9050000000e+03    1.3192150659e-01
    8.9100000000e+03    1.3100094793e-01
    8.9150000000e+03    1.2058651201e-01
    8.9200000000e+03    1.1562295864e-01
    8.9250000000e+03    1.1162854855e-01
    8.9300000000e+03    1.0793351685e-01
    8.9350000000e+03    1.1536234466e-01
    8.9400000000e+03    1.2310423073e-01
    8.9450000000e+03    1.2716283500e-01
    8.9500000000e+03    1.2889273253e-01
    8.9550000000e+03    1.3344142462e-01
    8.9600000000e+03    1.3517277249e-01
    8.9650000000e+03    1.3336544772e-01
    8.9700000000e+03    1.2950295789e-01
    8.9750000000e+03    1.2765604419e-01
    8.9800000000e+03    1.3009055814e-01
    8.9850000000e+03    1.3688596983e-01
    8.9900000000e+03    1.4452450803e-01
    8.9950000000e+03    1.5343939822e-01
    9.0000000000e+03    1.6391106807e-01
    9.0050000000e+03    1.6156192995e-01
    9.0100000000e+03    1.4285764417e-01
    9.0150000000e+03    1.3869502741e-01
    9.0200000000e+03    1.4137830500e-01
    9.0250000000e+03    1.4188961655e-01
    9.0300000000e+03    1.4170173415e-01
    9.0350000000e+03    1.4582004383e-01
    9.0400000000e+03    1.4673926381e-01
    9.0450000000e+03    1.4246773446e-01
    9.0500000000e+03    1.4172090959e-01
    9.0550000000e+03    1.4070127469e-01
    9.0600000000e+03    1.4203715952e-01
    9.0650000000e+03    1.4167576244e-01
    9.0700000000e+03    1.3154747543e-01
    9.0750000000e+03    1.2216440200e-01
    9.0800000000e+03    1.1788903001e-01
    9.0850000000e+03    1.1687961859e-01
    9.0900000000e+03    1.1848306684e-01
    9.0950000000e+03    1.2139354453e-01
    9.1000000000e+03    1.2416580451e-01
    9.1050000000e+03    1.2609817086e-01
    9.1100000000e+03    1.2841335835e-01
    9.1150000000e+03    1.3249495586e-01
    9.1200000000e+03    1.3794960369e-01
    9.1250000000e+03    1.4300190160e-01
    9.1300000000e+03    1.4661945638e-01
    9.1350000000e+03    1.4942558581e-01
    9.1400000000e+03    1.5207970820e-01
    9.1450000000e+03    1.5430260646e-01
    9.1500000000e+03    1.5525195197e-01
    9.1550000000e+03    1.5427006299e-01
    9.1600000000e+03    1.5710884139e-01
    9.1650000000e+03    1.6552057383e-01
    9.1700000000e+03    1.6400023954e-01
    9.1750000000e+03    1.5943331647e-01
    9.1800000000e+03    1.5925480970e-01
    9.1850000000e+03    1.6443211672e-01
    9.1900000000e+03    1.6901998195e-01
    9.1950000000e+03    1.7219336503e-01
    9.2000000000e+03    1.7299573993e-01
    9.2050000000e+03    1.7859177217e-01
    9.2100000000e+03    1.8239736107e-01
    9.2150000000e+03    1.8100448757e-01
    9.2200000000e+03    1.7474729067e-01
    9.2250000000e+03    1.7127941986e-01
    9.2300000000e+03    1.6493153067e-01
    9.2350000000e+03    1.5691193496e-01
    9.2400000000e+03    1.4974797245e-01
    9.2450000000e+03    1.4420530979e-01
    9.2500000000e+03    1.3825145113e-01
    9.2550000000e+03    1.3026687887e-01
    9.2600000000e+03    1.2139740630e-01
    9.2650000000e+03    1.1366289391e-01
    9.2700000000e+03    1.0927745674e-01
    9.2750000000e+03    1.0912004970e-01
    9.2800000000e+03    1.0729711518e-01
    9.2850000000e+03    1.0357761278e-01
    9.2900000000e+03    1.0124544896e-01
    9.2950000000e+03    9.6576383675e-02
    9.3000000000e+03    9.4064652917e-02
    9.3050000000e+03    9.6394454435e-02
    9.3100000000e+03    9.9408421448e-02
    9.3150000000e+03    1.0238755921e-01
    9.3200000000e+03    1.0531100873e-01
    9.3250000000e+03    1.0729662609e-01
    9.3300000000e+03    1.0861992386e-01
    9.3350000000e+03    1.1403082947e-01
    9.3400000000e+03    1.1826300148e-01
    9.3450000000e+03    1.2090129377e-01
    9.3500000000e+03    1.2223590909e-01
    9.3550000000e+03    1.2146744511e-01
    9.3600000000e+03    1.1884203860e-01
    9.3650000000e+03    1.1728295067e-01
    9.3700000000e+03    1.1784110450e-01
    9.3750000000e+03    1.1880614396e-01
    9.3800000000e+03    1.2753547377e-01
    9.3850000000e+03    1.3637585917e-01
    9.3900000000e+03    1.4344915848e-01
    9.3950000000e+03    1.4847784579e-01
    9.4000000000e+03    1.5142880144e-01
    9.4050000000e+03    1.5284691065e-01
    9.4100000000e+03    1.5258595948e-01
    9.4150000000e+03    1.4986512115e-01
    9.4200000000e+03    1.4492923491e-01
    9.4250000000e+03    1.3935385940e-01
    9.4300000000e+03    1.3338386350e-01
    9.4350000000e+03    1.2647730159e-01
    9.4400000000e+03    1.1891215882e-01
    9.4450000000e+03    1.1153581473e-01
    9.4500000000e+03    1.0502661962e-01
    9.4550000000e+03    1.1173052025e-01
    9.4600000000e+03    1.1553456903e-01
    9.4650000000e+03    1.1683797907e-01
    9.4700000000e+03    1.1686517481e-01
    9.4750000000e+03    1.1691517566e-01
    9.4800000000e+03    1.1757724857e-01
    9.4850000000e+03    1.1839706956e-01
    9.4900000000e+03    1.1903461150e-01
    9.4950000000e+03    1.2008784568e-01
    9.5000000000e+03    1.2117422075e-01
    9.5050000000e+03    1.2262837248e-01
    9.5100000000e+03    1.2499972996e-01
    9.5150000000e+03    1.2771022969e-01
    9.5200000000e+03    1.3040183526e-01
    9.5250000000e+03    1.3253646982e-01
    9.5300000000e+03    1.3376716909e-01
    9.5350000000e+03    1.3419392009e-01
    9.5400000000e+03    1.3406855062e-01
    9.5450000000e+03    1.3330583825e-01
    9.5500000000e+03    1.3191544257e-01
    9.5550000000e+03    1.3116906167e-01
    9.5600000000e+03    1.3308380751e-01
    9.5650000000e+03    1.3478516719e-01
    9.5700000000e+03    1.3696579369e-01
    9.5750000000e+03    1.3928814055e-01
    9.5800000000e+03    1.4128642338e-01
    9.5850000000e+03    1.4281323339e-01
    9.5900000000e+03    1.4357699236e-01
    9.5950000000e+03    1.4394061698e-01
    9.6000000000e+03    1.4390340511e-01
    9.6050000000e+03    1.4215121634e-01
    9.6100000000e+03    1.3881927931e-01
    9.6150000000e+03    1.3564432245e-01
    9.6200000000e+03    1.3292131712e-01
    9.6250000000e+03    1.3062895682e-01
    9.6300000000e+03    1.2913367401e-01
    9.6350000000e+03    1.2749853105e-01
    9.6400000000e+03    1.2621099149e-01
    9.6450000000e+03    1.2630644419e-01
    9.6500000000e+03    1.2811608926e-01
    9.6550000000e+03    1.3157172638e-01
    9.6600000000e+03    1.3592361008e-01
    9.6650000000e+03    1.3987172842e-01
    9.6700000000e+03    1.4269955577e-01
    9.6750000000e+03    1.4441563924e-01
    9.6800000000e+03    1.4506412358e-01
    9.6850000000e+03    1.4503566227e-01
    9.6900000000e+03    1.4466457013e-01
    9.6950000000e+03    1.4400462876e-01
    9.7000000000e+03    1.4333351308e-01
    9.7050000000e+03    1.4283179085e-01
    9.7100000000e+03    1.4229465518e-01
    9.7150000000e+03    1.4172700279e-01
    9.7200000000e+03    1.4108850311e-01
    9.7250000000e+03    1.3989888522e-01
    9.7300000000e+03    1.3886330620e-01
    9.7350000000e+03    1.3885068585e-01
    9.7400000000e+03    1.4025546924e-01
    9.7450000000e+03    1.4309659563e-01
    9.7500000000e+03    1.4623024060e-01
    9.7550000000e+03    1.4907258668e-01
    9.7600000000e+03    1.5188219253e-01
    9.7650000000e+03    1.5516934495e-01
    9.7700000000e+03    1.5939926115e-01
    9.7750000000e+03    1.6432046204e-01
    9.7800000000e+03    1.6814102029e-01
    9.7850000000e+03    1.6957991569e-01
    9.7900000000e+03    1.6823308930e-01
    9.7950000000e+03    1.6459063380e-01
    9.8000000000e+03    1.6017293239e-01
    9.8050000000e+03    1.5597719375e-01
    9.8100000000e+03    1.5160723447e-01
    9.8150000000e+03    1.4626003090e-01
    9.8200000000e+03    1.4011565772e-01
    9.8250000000e+03    1.3402611624e-01
    9.8300000000e+03    1.2928787284e-01
    9.8350000000e+03    1.2629572868e-01
    9.8400000000e+03    1.2383341624e-01
    9.8450000000e+03    1.2015003772e-01
    9.8500000000e+03    1.1402689798e-01
    9.8550000000e+03    1.0734533040e-01
    9.8600000000e+03    1.0325273035e-01
    9.8650000000e+03    1.0357281281e-01
    9.8700000000e+03    1.0750589017e-01
    9.8750000000e+03    1.1253430383e-01
    9.8800000000e+03    1.1840244611e-01
    9.8850000000e+03    1.2513830265e-01
    9.8900000000e+03    1.2994782504e-01
    9.8950000000e+03    1.3185294042e-01
    9.9000000000e+03    1.3768563058e-01
    9.9050000000e+03    1.4505540676e-01
    9.9100000000e+03    1.5002735680e-01
    9.9150000000e+03    1.5265408771e-01
    9.9200000000e+03    1.5541304169e-01
    9.9250000000e+03    1.6063475151e-01
    9.9300000000e+03    1.6792157722e-01
    9.9350000000e+03    1.7576951482e-01
    9.9400000000e+03    1.8338181882e-01
    9.9450000000e+03    1.9039972196e-01
    9.9500000000e+03    1.9783513406e-01
    9.9550000000e+03    2.0643150532e-01
    9.9600000000e+03    2.1531066122e-01
    9.9650000000e+03    2.2345784160e-01
    9.9700000000e+03    2.3053522881e-01
    9.9750000000e+03    2.3667386640e-01
    9.9800000000e+03    2.4281354440e-01
    9.9850000000e+03    2.4848735674e-01
    9.9900000000e+03    2.5191884746e-01
    9.9950000000e+03    2.5281730459e-01
    1.0000000000e+04    2.5155728906e-01
