    2.5000000000e+02    3.1716510922e-01
    5.0000000000e+02    2.1202386863e-01
    7.5000000000e+02    1.9476689210e-01
    1.0000000000e+03    2.4410835391e-01
    1.2500000000e+03    2.9379958581e-01
    1.5000000000e+03    2.8046878285e-01
    1.7500000000e+03    2.3588473755e-01
    2.0000000000e+03    2.8866156445e-01
    2.2500000000e+03    2.7157529687e-01
    2.5000000000e+03    2.3055438240e-01
    2.7500000000e+03    2.3240447907e-01
    3.0000000000e+03    3.1891607761e-01
    3.2500000000e+03    3.0142721981e-01
    3.5000000000e+03    1.8414522028e-01
    3.7500000000e+03    2.7558539018e-01
    4.0000000000e+03    2.0043435182e-01
    4.2500000000e+03    3.0119583445e-01
    4.5000000000e+03    2.5939501283e-01
    4.7500000000e+03    1.8523372580e-01
    5.0000000000e+03    2.4156026305e-01
    5.2500000000e+03    2.5833481839e-01
    5.5000000000e+03    3.2163742478e-01
    5.7500000000e+03    2.6553337116e-01
    6.0000000000e+03    2.0542240206e-01
    6.2500000000e+03    2.6429082891e-01
    6.5000000000e+03    2.4788124416e-01
    6.7500000000e+03    2.5704714080e-01
    7.0000000000e+03    2.7741961432e-01
    7.2500000000e+03    1.3491147999e-01
    7.5000000000e+03    2.7702579358e-01
    7.7500000000e+03    3.3167271699e-01
    8.0000000000e+03    2.4689794475e-01
    8.2500000000e+03    4.3885781179e-01
    8.5000000000e+03    3.7812943673e-01
    8.7500000000e+03    2.5588392005e-01
    9.0000000000e+03    2.7128012479e-01
    9.2500000000e+03    1.9982531355e-01
    9.5000000000e+03    2.4430411346e-01
    9.7500000000e+03    5.6392307580e-01
    1.0000000000e+04    4.4540448279e-01
    1.0250000000e+04    3.2297645546e-01
    1.0500000000e+04    3.6219735670e-01
    1.0750000000e+04    2.4854474751e-01
    1.1000000000e+04    4.6928607919e-01
    1.1250000000e+04    2.6383418323e-01
    1.1500000000e+04    3.4541899596e-01
    1.1750000000e+04    2.9909304010e-01
    1.2000000000e+04    4.7172133283e-01
    1.2250000000e+04    2.7789948072e-01
    1.2500000000e+04    1.8271427189e-01
    1.2750000000e+04    2.5111550199e-01
    1.3000000000e+04    2.9887738614e-01
    1.3250000000e+04    4.3486498952e-01
    1.3500000000e+04    2.8091438481e-01
    1.3750000000e+04    2.4344181454e-01
    1.4000000000e+04    2.7372246840e-01
    1.4250000000e+04    3.8256533529e-01
    1.4500000000e+04    2.5980121721e-01
    1.4750000000e+04    2.7934432754e-01
    1.5000000000e+04    2.7860022369e-01
    1.5250000000e+04    2.7435984006e-01
    1.5500000000e+04    3.0603300667e-01
    1.5750000000e+04    2.5522650326e-01
    1.6000000000e+04    2.5763231769e-01
    1.6250000000e+04    2.8309690145e-01
    1.6500000000e+04    2.9559608330e-01
    1.6750000000e+04    2.4463103925e-01
    1.7000000000e+04    1.8697037261e-01
    1.7250000000e+04    2.8683542642e-01
    1.7500000000e+04    4.5107609590e-01
    1.7750000000e+04    2.7919334793e-01
    1.8000000000e+04    4.3700146612e-01
    1.8250000000e+04    7.2351255773e-01
    1.8500000000e+04    3.6549486735e-01
    1.8750000000e+04    2.0221923338e-01
    1.9000000000e+04    3.4289288160e-01
    1.9250000000e+04    4.2841354226e-01
    1.9500000000e+04    4.1227165840e-01
    1.9750000000e+04    2.7625325634e-01
    2.0000000000e+04    2.2694333056e-01
    2.0250000000e+04    2.8376510515e-01
    2.0500000000e+04    3.8734296583e-01
    2.0750000000e+04    3.0660787418e-01
    2.1000000000e+04    4.6705046214e-01
    2.1250000000e+04    4.7401137213e-01
    2.1500000000e+04    3.0527286210e-01
    2.1750000000e+04    2.9531410283e-01
    2.2000000000e+04    3.5230389366e-01
    2.2250000000e+04    2.5433697633e-01
    2.2500000000e+04    2.8644656280e-01
    2.2750000000e+04    2.1995176800e-01
    2.3000000000e+04    3.5207807590e-01
    2.3250000000e+04    3.2053608746e-01
    2.3500000000e+04    4.3502697405e-01
    2.3750000000e+04    4.6443131633e-01
    2.4000000000e+04    4.4018006431e-01
    2.4250000000e+04    3.1562343685e-01
    2.4500000000e+04    3.6361882602e-01
    2.4750000000e+04    2.1145502113e-01
    2.5000000000e+04    2.8379775626e-01
    2.5250000000e+04    1.2131920408e-01
    2.5500000000e+04    1.2867851263e-01
    2.5750000000e+04    1.2722650520e-01
    2.6000000000e+04    1.3484818480e-01
    2.6250000000e+04    1.6531110366e-01
    2.6500000000e+04    1.4543678991e-01
    2.6750000000e+04    1.2408498369e-01
    2.7000000000e+04    1.4076966083e-01
    2.7250000000e+04    1.4689630705e-01
    2.7500000000e+04    1.2048917032e-01
    2.7750000000e+04    1.3967189792e-01
    2.8000000000e+04    1.2834045787e-01
    2.8250000000e+04    1.1908065311e-01
    2.8500000000e+04    1.1006864496e-01
    2.8750000000e+04    1.2767041380e-01
    2.9000000000e+04    1.3227273744e-01
    2.9250000000e+04    1.5700734593e-01
    2.9500000000e+04    1.5434241213e-01
    2.9750000000e+04    1.4403386256e-01
    3.0000000000e+04    1.0731831593e-01
    3.0250000000e+04    1.1117110968e-01
    3.0500000000e+04    1.3650175458e-01
    3.0750000000e+04    1.0214636216e-01
    3.1000000000e+04    1.1990209630e-01
    3.1250000000e+04    1.3153413802e-01
    3.1500000000e+04    1.2384349868e-01
    3.1750000000e+04    1.6744887102e-01
    3.2000000000e+04    1.5322980139e-01
    3.2250000000e+04    1.2367834330e-01
    3.2500000000e+04    1.6479298046e-01
    3.2750000000e+04    1.8417318949e-01
    3.3000000000e+04    1.7833983225e-01
    3.3250000000e+04    1.8136500337e-01
    3.3500000000e+04    1.4443243309e-01
    3.3750000000e+04    1.8690357897e-01
    3.4000000000e+04    1.8926523231e-01
    3.4250000000e+04    1.3787767298e-01
    3.4500000000e+04    1.9668234865e-01
    3.4750000000e+04    1.7161313419e-01
    3.5000000000e+04    1.5800697503e-01
    3.5250000000e+04    1.4174749000e-01
    3.5500000000e+04    1.4677458373e-01
    3.5750000000e+04    1.5068963120e-01
    3.6000000000e+04    1.6402065101e-01
    3.6250000000e+04    1.4636269193e-01
    3.6500000000e+04    1.3604783866e-01
    3.6750000000e+04    1.2718758439e-01
    3.7000000000e+04    1.5838920143e-01
    3.7250000000e+04    1.0803808673e-01
    3.7500000000e+04    1.2724185489e-01
    3.7750000000e+04    1.2066239579e-01
    3.8000000000e+04    1.2541979374e-01
    3.8250000000e+04    2.0680449649e-01
    3.8500000000e+04    1.5593422257e-01
    3.8750000000e+04    1.6752690046e-01
    3.9000000000e+04    1.3956996185e-01
    3.9250000000e+04    1.5726225340e-01
    3.9500000000e+04    1.2591805890e-01
    3.9750000000e+04    1.3304054076e-01
    4.0000000000e+04    1.2466530594e-01
    4.0250000000e+04    1.4720428048e-01
    4.0500000000e+04    2.0911134958e-01
    4.0750000000e+04    1.2611168504e-01
    4.1000000000e+04    1.2209888945e-01
    4.1250000000e+04    1.1475205559e-01
    4.1500000000e+04    1.1989501960e-01
    4.1750000000e+04    1.2007818302e-01
    4.2000000000e+04    1.7021345870e-01
    4.2250000000e+04    1.2101423117e-01
    4.2500000000e+04    1.1595340178e-01
    4.2750000000e+04    1.2458886763e-01
    4.3000000000e+04    1.4504296782e-01
    4.3250000000e+04    1.7358755618e-01
    4.3500000000e+04    1.1799715451e-01
    4.3750000000e+04    1.0516496678e-01
    4.4000000000e+04    9.8434840867e-02
    4.4250000000e+04    1.3631897429e-01
    4.4500000000e+04    1.2840226489e-01
    4.4750000000e+04    1.7588974799e-01
    4.5000000000e+04    1.4671445418e-01
    4.5250000000e+04    1.2141324799e-01
    4.5500000000e+04    1.4478480732e-01
    4.5750000000e+04    1.3386629613e-01
    4.6000000000e+04    1.4357916187e-01
    4.6250000000e+04    9.2357593043e-02
    4.6500000000e+04    1.0276194328e-01
    4.6750000000e+04    1.5399387680e-01
    4.7000000000e+04    1.0373908933e-01
    4.7250000000e+04    1.0546950679e-01
    4.7500000000e+04    1.1944094455e-01
    4.7750000000e+04    1.2954438183e-01
    4.8000000000e+04    9.9205770621e-02
    4.8250000000e+04    1.5916000550e-01
    4.8500000000e+04    9.8792910134e-02
    4.8750000000e+04    1.2651582133e-01
    4.9000000000e+04    1.4148505441e-01
    4.9250000000e+04    1.6270121441e-01
    4.9500000000e+04    1.2056011472e-01
    4.9750000000e+04    8.9673613674e-02
    5.0000000000e+04    1.4018131676e-01
    5.0250000000e+04    1.3743529132e-01
    5.0500000000e+04    1.2984093353e-01
    5.0750000000e+04    1.2152321543e-01
    5.1000000000e+04    1.4673384331e-01
    5.1250000000e+04    1.3082895152e-01
    5.1500000000e+04    1.1920307839e-01
    5.1750000000e+04    1.0148507805e-01
    5.2000000000e+04    1.5161632770e-01
    5.2250000000e+04    9.9677356290e-02
    5.2500000000e+04    1.1503811050e-01
    5.2750000000e+04    1.4894047619e-01
    5.3000000000e+04    1.2268243017e-01
    5.3250000000e+04    1.1315114719e-01
    5.3500000000e+04    1.0390256160e-01
    5.3750000000e+04    1.1769044005e-01
    5.4000000000e+04    1.2388100461e-01
    5.4250000000e+04    1.1401492022e-01
    5.4500000000e+04    1.1464846898e-01
    5.4750000000e+04    1.2243990125e-01
    5.5000000000e+04    1.2990589589e-01
    5.5250000000e+04    1.2547982835e-01
    5.5500000000e+04    1.1473713287e-01
    5.5750000000e+04    1.0804844577e-01
    5.6000000000e+04    1.4030705500e-01
    5.6250000000e+04    1.2232499522e-01
    5.6500000000e+04    1.4009240956e-01
    5.6750000000e+04    1.4997441604e-01
    5.7000000000e+04    1.0856111712e-01
    5.7250000000e+04    1.1271863133e-01
    5.7500000000e+04    1.3154382071e-01
    5.7750000000e+04    1.4003781378e-01
    5.8000000000e+04    1.0726189655e-01
    5.8250000000e+04    1.5162263855e-01
    5.8500000000e+04    1.3898688576e-01
    5.8750000000e+04    1.2359175785e-01
    5.9000000000e+04    1.3887622396e-01
    5.9250000000e+04    1.0619940591e-01
    5.9500000000e+04    1.2431724691e-01
    5.9750000000e+04    1.3627583893e-01
    6.0000000000e+04    9.5208261925e-02
    6.0250000000e+04    1.3137788592e-01
    6.0500000000e+04    1.3307112387e-01
    6.0750000000e+04    1.1966947618e-01
    6.1000000000e+04    1.4043494631e-01
    6.1250000000e+04    1.4056344654e-01
    6.1500000000e+04    1.1848591189e-01
    6.1750000000e+04    1.2798997150e-01
    6.2000000000e+04    1.4372564712e-01
    6.2250000000e+04    1.5093086953e-01
    6.2500000000e+04    1.3099846408e-01
    6.2750000000e+04    1.2716669753e-01
    6.3000000000e+04    1.1006463400e-01
    6.3250000000e+04    1.3112505343e-01
    6.3500000000e+04    1.0362353821e-01
    6.3750000000e+04    8.1729531039e-02
    6.4000000000e+04    1.4950984316e-01
    6.4250000000e+04    1.0314371893e-01
    6.4500000000e+04    1.1565070634e-01
    6.4750000000e+04    1.1162223042e-01
    6.5000000000e+04    1.0777327028e-01
    6.5250000000e+04    1.3186103591e-01
    6.5500000000e+04    1.1431615046e-01
    6.5750000000e+04    1.3948190741e-01
    6.6000000000e+04    1.4175354807e-01
    6.6250000000e+04    1.1000273123e-01
    6.6500000000e+04    1.1811647266e-01
    6.6750000000e+04    1.0129653733e-01
    6.7000000000e+04    1.1368160575e-01
    6.7250000000e+04    1.0056820404e-01
    6.7500000000e+04    1.0343194473e-01
    6.7750000000e+04    1.1177262419e-01
    6.8000000000e+04    9.9931591815e-02
    6.8250000000e+04    1.3052281133e-01
    6.8500000000e+04    9.3825185352e-02
    6.8750000000e+04    1.6759220064e-01
    6.9000000000e+04    1.0873323361e-01
    6.9250000000e+04    9.7748909391e-02
    6.9500000000e+04    1.4756462481e-01
    6.9750000000e+04    1.0317052098e-01
    7.0000000000e+04    1.2096190659e-01
    7.0250000000e+04    1.6468406687e-01
    7.0500000000e+04    1.0560924068e-01
    7.0750000000e+04    1.0899129040e-01
    7.1000000000e+04    1.0375984079e-01
    7.1250000000e+04    1.2610067201e-01
    7.1500000000e+04    1.9424030581e-01
    7.1750000000e+04    9.9584946884e-02
    7.2000000000e+04    1.0372814027e-01
    7.2250000000e+04    1.0620449879e-01
    7.2500000000e+04    1.1580234156e-01
    7.2750000000e+04    1.2832635953e-01
    7.3000000000e+04    1.0318948029e-01
    7.3250000000e+04    1.4527576268e-01
    7.3500000000e+04    1.6564672617e-01
    7.3750000000e+04    8.7244879361e-02
    7.4000000000e+04    1.2662082570e-01
    7.4250000000e+04    8.8598667037e-02
    7.4500000000e+04    9.4249967705e-02
    7.4750000000e+04    9.5220491708e-02
    7.5000000000e+04    1.9240415629e-01
    7.5250000000e+04    1.0323792270e-01
    7.5500000000e+04    1.9057517275e-01
    7.5750000000e+04    1.1922659152e-01
    7.6000000000e+04    1.0287505502e-01
    7.6250000000e+04    1.2526157835e-01
    7.6500000000e+04    8.6989460486e-02
    7.6750000000e+04    1.0818222223e-01
    7.7000000000e+04    9.1136435567e-02
    7.7250000000e+04    9.6145797374e-02
    7.7500000000e+04    1.0505152780e-01
    7.7750000000e+04    1.1566265447e-01
    7.8000000000e+04    8.6961641102e-02
    7.8250000000e+04    1.3110224204e-01
    7.8500000000e+04    1.2791338374e-01
    7.8750000000e+04    1.0554874670e-01
    7.9000000000e+04    9.0492971468e-02
    7.9250000000e+04    9.9075440101e-02
    7.9500000000e+04    1.0802649419e-01
    7.9750000000e+04    8.6022856133e-02
    8.0000000000e+04    9.3734276061e-02
    8.0250000000e+04    1.1432231492e-01
    8.0500000000e+04    9.2309808583e-02
    8.0750000000e+04    9.5834224646e-02
    8.1000000000e+04    1.1925199573e-01
    8.1250000000e+04    9.7760843790e-02
    8.1500000000e+04    8.3209929651e-02
    8.1750000000e+04    8.9003556748e-02
    8.2000000000e+04    9.5949445082e-02
    8.2250000000e+04    1.0533136443e-01
    8.2500000000e+04    1.0793028134e-01
    8.2750000000e+04    1.0742346406e-01
    8.3000000000e+04    9.7125376298e-02
    8.3250000000e+04    1.0708925538e-01
    8.3500000000e+04    1.0104204050e-01
    8.3750000000e+04    1.1431918001e-01
    8.4000000000e+04    1.0581648522e-01
    8.4250000000e+04    9.3067118519e-02
    8.4500000000e+04    8.7173192023e-02
    8.4750000000e+04    9.8045571438e-02
    8.5000000000e+04    1.0211480469e-01
    8.5250000000e+04    1.0809269363e-01
    8.5500000000e+04    9.0854572694e-02
    8.5750000000e+04    9.8028291935e-02
    8.6000000000e+04    1.5646722896e-01
    8.6250000000e+04    8.4307718323e-02
    8.6500000000e+04    1.0674130391e-01
    8.6750000000e+04    1.4683342343e-01
    8.7000000000e+04    1.0842452149e-01
    8.7250000000e+04    9.3838681940e-02
    8.7500000000e+04    1.2652464375e-01
    8.7750000000e+04    1.0519438201e-01
    8.8000000000e+04    1.6596892890e-01
    8.8250000000e+04    1.5125234343e-01
    8.8500000000e+04    1.0635174761e-01
    8.8750000000e+04    1.1583226423e-01
    8.9000000000e+04    1.0375186723e-01
    8.9250000000e+04    1.1668016478e-01
    8.9500000000e+04    1.0802611612e-01
    8.9750000000e+04    1.0281226532e-01
    9.0000000000e+04    1.2898227110e-01
    9.0250000000e+04    9.1152106477e-02
    9.0500000000e+04    9.8503862557e-02
    9.0750000000e+04    9.5631060629e-02
    9.1000000000e+04    1.1170252856e-01
    9.1250000000e+04    8.8861217178e-02
    9.1500000000e+04    1.1103176072e-01
    9.1750000000e+04    1.4814374778e-01
    9.2000000000e+04    1.2936416443e-01
    9.2250000000e+04    9.3395241278e-02
    9.2500000000e+04    1.0649937783e-01
    9.2750000000e+04    1.0766322912e-01
    9.3000000000e+04    9.0894864296e-02
    9.3250000000e+04    1.1491360148e-01
    9.3500000000e+04    1.1675694193e-01
    9.3750000000e+04    9.7603084077e-02
    9.4000000000e+04    1.0503769259e-01
    9.4250000000e+04    9.4121755061e-02
    9.4500000000e+04    1.1137801239e-01
    9.4750000000e+04    1.1484905078e-01
    9.5000000000e+04    1.1116365333e-01
    9.5250000000e+04    1.0191564131e-01
    9.5500000000e+04    1.4306743637e-01
    9.5750000000e+04    9.5559612253e-02
    9.6000000000e+04    1.1089591594e-01
    9.6250000000e+04    8.2856218188e-02
    9.6500000000e+04    1.3818683846e-01
    9.6750000000e+04    1.4824852500e-01
    9.7000000000e+04    1.1469972840e-01
    9.7250000000e+04    8.3944704172e-02
    9.7500000000e+04    9.5377837823e-02
    9.7750000000e+04    1.0970154004e-01
    9.8000000000e+04    1.4739783953e-01
    9.8250000000e+04    1.0553390503e-01
    9.8500000000e+04    1.2295034794e-01
    9.8750000000e+04    1.0576321238e-01
    9.9000000000e+04    1.0303402262e-01
    9.9250000000e+04    9.1178650458e-02
    9.9500000000e+04    1.1843775643e-01
    9.9750000000e+04    9.3316047014e-02
    1.0000000000e+05    1.1370797694e-01
    1.0025000000e+05    1.0157450557e-01
    1.0050000000e+05    9.6078113416e-02
    1.0075000000e+05    9.8229510907e-02
    1.0100000000e+05    1.0405419945e-01
    1.0125000000e+05    1.1856012144e-01
    1.0150000000e+05    1.0880953373e-01
    1.0175000000e+05    1.0842248959e-01
    1.0200000000e+05    8.9495166234e-02
    1.0225000000e+05    1.0116339764e-01
    1.0250000000e+05    1.1354144987e-01
    1.0275000000e+05    9.1096878182e-02
    1.0300000000e+05    9.4446172641e-02
    1.0325000000e+05    1.0014378806e-01
    1.0350000000e+05    1.1890449148e-01
    1.0375000000e+05    1.0564158522e-01
    1.0400000000e+05    1.1570584319e-01
    1.0425000000e+05    1.2123341518e-01
    1.0450000000e+05    9.9055076580e-02
    1.0475000000e+05    1.0664817771e-01
    1.0500000000e+05    8.8251382484e-02
    1.0525000000e+05    1.2984170816e-01
    1.0550000000e+05    1.1536092632e-01
    1.0575000000e+05    1.1278595284e-01
    1.0600000000e+05    8.0079501250e-02
    1.0625000000e+05    1.0567450296e-01
    1.0650000000e+05    9.9664720201e-02
    1.0675000000e+05    1.0313327992e-01
    1.0700000000e+05    1.1635309294e-01
    1.0725000000e+05    1.2394786424e-01
    1.0750000000e+05    1.3509370033e-01
    1.0775000000e+05    9.3895030227e-02
    1.0800000000e+05    1.1139263538e-01
    1.0825000000e+05    1.0163558577e-01
    1.0850000000e+05    1.0099986465e-01
    1.0875000000e+05    1.0420277870e-01
    1.0900000000e+05    1.4193376919e-01
    1.0925000000e+05    1.3623169658e-01
    1.0950000000e+05    1.1676823883e-01
    1.0975000000e+05    1.0625502840e-01
    1.1000000000e+05    1.2465680544e-01
    1.1025000000e+05    1.3897965077e-01
    1.1050000000e+05    1.1237105088e-01
    1.1075000000e+05    1.2278021056e-01
    1.1100000000e+05    9.7465316499e-02
    1.1125000000e+05    1.2148246584e-01
    1.1150000000e+05    1.1146843134e-01
    1.1175000000e+05    1.1066721870e-01
    1.1200000000e+05    1.4766073888e-01
    1.1225000000e+05    1.0722149295e-01
    1.1250000000e+05    9.7588687326e-02
    1.1275000000e+05    8.3725210431e-02
    1.1300000000e+05    1.0857785326e-01
    1.1325000000e+05    1.4394352629e-01
    1.1350000000e+05    1.0358843596e-01
    1.1375000000e+05    8.7140531192e-02
    1.1400000000e+05    1.0177994158e-01
    1.1425000000e+05    1.0777342584e-01
    1.1450000000e+05    1.0273609563e-01
    1.1475000000e+05    9.8195565189e-02
    1.1500000000e+05    8.9537855472e-02
    1.1525000000e+05    1.0280027394e-01
    1.1550000000e+05    1.2076502281e-01
    1.1575000000e+05    1.0677174528e-01
    1.1600000000e+05    1.1278524242e-01
    1.1625000000e+05    8.2930030754e-02
    1.1650000000e+05    1.1942503638e-01
    1.1675000000e+05    1.2521714883e-01
    1.1700000000e+05    9.9853150628e-02
    1.1725000000e+05    9.8438866730e-02
    1.1750000000e+05    1.1713898333e-01
    1.1775000000e+05    1.0954725177e-01
    1.1800000000e+05    1.4077019128e-01
    1.1825000000e+05    1.2027422254e-01
    1.1850000000e+05    1.0195272455e-01
    1.1875000000e+05    1.3495637474e-01
    1.1900000000e+05    1.2918237480e-01
    1.1925000000e+05    1.2095248819e-01
    1.1950000000e+05    1.2596060180e-01
    1.1975000000e+05    9.3162102695e-02
    1.2000000000e+05    1.1631963900e-01
    1.2025000000e+05    1.0143370052e-01
    1.2050000000e+05    1.2329180922e-01
    1.2075000000e+05    1.1227852507e-01
    1.2100000000e+05    8.6845081162e-02
    1.2125000000e+05    1.2105589397e-01
    1.2150000000e+05    1.1287091066e-01
    1.2175000000e+05    1.1715484825e-01
    1.2200000000e+05    9.5943861132e-02
    1.2225000000e+05    1.2375730080e-01
    1.2250000000e+05    9.7681435134e-02
    1.2275000000e+05    1.6779279860e-01
    1.2300000000e+05    1.0822793081e-01
    1.2325000000e+05    1.0432632600e-01
    1.2350000000e+05    1.1912992393e-01
    1.2375000000e+05    8.9979460708e-02
    1.2400000000e+05    1.0127933318e-01
    1.2425000000e+05    1.2401557093e-01
    1.2450000000e+05    1.0070265342e-01
    1.2475000000e+05    1.0968981391e-01
    1.2500000000e+05    1.2827900786e-01
    1.2525000000e+05    8.9615729735e-02
    1.2550000000e+05    9.8739501990e-02
    1.2575000000e+05    9.3114826923e-02
    1.2600000000e+05    1.3609973530e-01
    1.2625000000e+05    8.9020550354e-02
    1.2650000000e+05    8.9617455785e-02
    1.2675000000e+05    9.6344728536e-02
    1.2700000000e+05    1.0654478304e-01
    1.2725000000e+05    9.2062628995e-02
    1.2750000000e+05    9.8830663668e-02
    1.2775000000e+05    9.0558259062e-02
    1.2800000000e+05    9.6926665106e-02
    1.2825000000e+05    9.6243310570e-02
    1.2850000000e+05    1.1373497135e-01
    1.2875000000e+05    9.0899728726e-02
    1.2900000000e+05    9.0238655553e-02
    1.2925000000e+05    9.9860948911e-02
    1.2950000000e+05    1.0521358348e-01
    1.2975000000e+05    1.1283266712e-01
    1.3000000000e+05    1.1795251700e-01
    1.3025000000e+05    9.2402877024e-02
    1.3050000000e+05    1.1293925132e-01
    1.3075000000e+05    9.5226901606e-02
    1.3100000000e+05    9.9520965622e-02
    1.3125000000e+05    1.0595130255e-01
    1.3150000000e+05    1.0376005848e-01
    1.3175000000e+05    8.4766597577e-02
    1.3200000000e+05    1.0874453108e-01
    1.3225000000e+05    9.6939830330e-02
    1.3250000000e+05    1.0028405790e-01
    1.3275000000e+05    1.2356900456e-01
    1.3300000000e+05    1.1944643796e-01
    1.3325000000e+05    1.2216749128e-01
    1.3350000000e+05    1.0421917984e-01
    1.3375000000e+05    1.2793127087e-01
    1.3400000000e+05    1.5523862169e-01
    1.3425000000e+05    1.3881256881e-01
    1.3450000000e+05    1.2476698835e-01
    1.3475000000e+05    9.6445215752e-02
    1.3500000000e+05    1.1496063204e-01
    1.3525000000e+05    1.0218709266e-01
    1.3550000000e+05    1.0685668752e-01
    1.3575000000e+05    1.1673765449e-01
    1.3600000000e+05    1.0167464200e-01
    1.3625000000e+05    1.3106846268e-01
    1.3650000000e+05    9.5815470645e-02
    1.3675000000e+05    9.3054306520e-02
    1.3700000000e+05    1.0511949588e-01
    1.3725000000e+05    9.7640365608e-02
    1.3750000000e+05    8.5065326714e-02
    1.3775000000e+05    1.2429129165e-01
    1.3800000000e+05    1.0261133456e-01
    1.3825000000e+05    1.3222088464e-01
    1.3850000000e+05    1.1307484140e-01
    1.3875000000e+05    1.1604035911e-01
    1.3900000000e+05    1.0483765371e-01
    1.3925000000e+05    1.4820317445e-01
    1.3950000000e+05    1.0067116170e-01
    1.3975000000e+05    1.0848061442e-01
    1.4000000000e+05    1.1252596993e-01
    1.4025000000e+05    1.2421283353e-01
    1.4050000000e+05    1.1367278144e-01
    1.4075000000e+05    1.3733130417e-01
    1.4100000000e+05    9.7678796594e-02
    1.4125000000e+05    9.2954928385e-02
    1.4150000000e+05    1.3202379595e-01
    1.4175000000e+05    1.2082483137e-01
    1.4200000000e+05    1.1518918456e-01
    1.4225000000e+05    1.0559783588e-01
    1.4250000000e+05    9.2297174003e-02
    1.4275000000e+05    9.1636705464e-02
    1.4300000000e+05    1.1508007446e-01
    1.4325000000e+05    1.0076616780e-01
    1.4350000000e+05    1.0193979575e-01
    1.4375000000e+05    1.3578043082e-01
    1.4400000000e+05    8.0506339319e-02
    1.4425000000e+05    9.9159487016e-02
    1.4450000000e+05    1.1347837597e-01
    1.4475000000e+05    1.0661868351e-01
    1.4500000000e+05    1.1339706866e-01
    1.4525000000e+05    1.1544088818e-01
    1.4550000000e+05    1.1978671010e-01
    1.4575000000e+05    9.5238168392e-02
    1.4600000000e+05    1.2099705977e-01
    1.4625000000e+05    9.3933817303e-02
    1.4650000000e+05    1.1303322398e-01
    1.4675000000e+05    1.2270803552e-01
    1.4700000000e+05    1.2725463117e-01
    1.4725000000e+05    1.4052722169e-01
    1.4750000000e+05    1.3386795810e-01
    1.4775000000e+05    1.1514597337e-01
    1.4800000000e+05    1.0764515173e-01
    1.4825000000e+05    7.9714973372e-02
    1.4850000000e+05    1.2199248900e-01
    1.4875000000e+05    1.0638125366e-01
    1.4900000000e+05    9.9805244086e-02
    1.4925000000e+05    9.1292523678e-02
    1.4950000000e+05    1.1136577463e-01
    1.4975000000e+05    1.2832610679e-01
    1.5000000000e+05    1.1140480398e-01
    1.5025000000e+05    1.0130878641e-01
    1.5050000000e+05    1.0735720823e-01
    1.5075000000e+05    1.0149401705e-01
    1.5100000000e+05    1.1153781934e-01
    1.5125000000e+05    1.1769146195e-01
    1.5150000000e+05    8.1106469335e-02
    1.5175000000e+05    9.3767910493e-02
    1.5200000000e+05    8.7538874563e-02
    1.5225000000e+05    1.0354126005e-01
    1.5250000000e+05    1.6720263889e-01
    1.5275000000e+05    1.0992202929e-01
    1.5300000000e+05    1.1351441017e-01
    1.5325000000e+05    1.0867106748e-01
    1.5350000000e+05    8.1813229677e-02
    1.5375000000e+05    9.6019972870e-02
    1.5400000000e+05    1.1251134256e-01
    1.5425000000e+05    9.3702340954e-02
    1.5450000000e+05    1.0107749279e-01
    1.5475000000e+05    1.9674143345e-01
    1.5500000000e+05    1.0808932166e-01
    1.5525000000e+05    1.3414841680e-01
    1.5550000000e+05    1.1521782369e-01
    1.5575000000e+05    8.7996243481e-02
    1.5600000000e+05    1.0569834824e-01
    1.5625000000e+05    1.1028869537e-01
    1.5650000000e+05    1.0021147239e-01
    1.5675000000e+05    1.1215911317e-01
    1.5700000000e+05    1.1203863448e-01
    1.5725000000e+05    1.2378298712e-01
    1.5750000000e+05    9.4931356833e-02
    1.5775000000e+05    1.2312039979e-01
    1.5800000000e+05    1.0485168399e-01
    1.5825000000e+05    1.1634950546e-01
    1.5850000000e+05    1.1681749524e-01
    1.5875000000e+05    8.0402601146e-02
    1.5900000000e+05    1.4655115620e-01
    1.5925000000e+05    1.2105347001e-01
    1.5950000000e+05    9.3592475113e-02
    1.5975000000e+05    1.0798767584e-01
    1.6000000000e+05    1.2646128713e-01
    1.6025000000e+05    1.0842837925e-01
    1.6050000000e+05    1.4912017150e-01
    1.6075000000e+05    1.0837880448e-01
    1.6100000000e+05    1.0179752298e-01
    1.6125000000e+05    1.1886951302e-01
    1.6150000000e+05    1.1656342693e-01
    1.6175000000e+05    9.6304968403e-02
    1.6200000000e+05    1.2406057370e-01
    1.6225000000e+05    1.2566558638e-01
    1.6250000000e+05    9.4896583040e-02
    1.6275000000e+05    1.2551769052e-01
    1.6300000000e+05    1.1595596303e-01
    1.6325000000e+05    9.4112527670e-02
    1.6350000000e+05    1.1169669385e-01
    1.6375000000e+05    1.0573396002e-01
    1.6400000000e+05    9.1914122242e-02
    1.6425000000e+05    1.0315522095e-01
    1.6450000000e+05    1.6293967746e-01
    1.6475000000e+05    1.4000676977e-01
    1.6500000000e+05    1.1781374301e-01
    1.6525000000e+05    9.4756043609e-02
    1.6550000000e+05    1.0975623204e-01
    1.6575000000e+05    9.6046104539e-02
    1.6600000000e+05    8.5677453826e-02
    1.6625000000e+05    9.2057717910e-02
    1.6650000000e+05    1.1640704319e-01
    1.6675000000e+05    1.5133886340e-01
    1.6700000000e+05    1.1322091264e-01
    1.6725000000e+05    9.6599450052e-02
    1.6750000000e+05    1.1203639702e-01
    1.6775000000e+05    9.6286731155e-02
    1.6800000000e+05    1.0101609909e-01
    1.6825000000e+05    9.3969740104e-02
    1.6850000000e+05    1.0372578504e-01
    1.6875000000e+05    1.1261879816e-01
    1.6900000000e+05    9.6907781132e-02
    1.6925000000e+05    1.0746935465e-01
    1.6950000000e+05    1.0225576949e-01
    1.6975000000e+05    9.1277009132e-02
    1.7000000000e+05    1.0614922452e-01
    1.7025000000e+05    8.6939308012e-02
    1.7050000000e+05    9.9244315513e-02
    1.7075000000e+05    8.9430693474e-02
    1.7100000000e+05    9.4677155388e-02
    1.7125000000e+05    1.1417294014e-01
    1.7150000000e+05    9.1494763266e-02
    1.7175000000e+05    8.3622335445e-02
    1.7200000000e+05    1.1203402764e-01
    1.7225000000e+05    1.1402300445e-01
    1.7250000000e+05    8.2455831646e-02
    1.7275000000e+05    1.0153533921e-01
    1.7300000000e+05    1.0925314299e-01
    1.7325000000e+05    8.7480041962e-02
    1.7350000000e+05    1.0782902077e-01
    1.7375000000e+05    1.0559670058e-01
    1.7400000000e+05    9.7559786214e-02
    1.7425000000e+05    8.6091113951e-02
    1.7450000000e+05    1.0677961103e-01
    1.7475000000e+05    1.2339346806e-01
    1.7500000000e+05    1.0883106607e-01
    1.7525000000e+05    1.2239380612e-01
    1.7550000000e+05    1.3444035704e-01
    1.7575000000e+05    1.1662267331e-01
    1.7600000000e+05    1.1405718335e-01
    1.7625000000e+05    9.2016884420e-02
    1.7650000000e+05    9.8870698546e-02
    1.7675000000e+05    9.4028366424e-02
    1.7700000000e+05    1.0612435163e-01
    1.7725000000e+05    1.3955227071e-01
    1.7750000000e+05    9.7317394300e-02
    1.7775000000e+05    1.5038429456e-01
    1.7800000000e+05    9.4435193824e-02
    1.7825000000e+05    1.1253447724e-01
    1.7850000000e+05    1.2158834424e-01
    1.7875000000e+05    1.1201992840e-01
    1.7900000000e+05    1.1436410976e-01
    1.7925000000e+05    1.3792771495e-01
    1.7950000000e+05    1.5128935779e-01
    1.7975000000e+05    1.0217065024e-01
    1.8000000000e+05    1.1582069600e-01
    1.8025000000e+05    1.1962236102e-01
    1.8050000000e+05    1.1573683045e-01
    1.8075000000e+05    1.3380154862e-01
    1.8100000000e+05    1.0686768509e-01
    1.8125000000e+05    1.0176380812e-01
    1.8150000000e+05    1.3255885283e-01
    1.8175000000e+05    1.3018022427e-01
    1.8200000000e+05    1.0926559803e-01
    1.8225000000e+05    9.9703775459e-02
    1.8250000000e+05    9.4520512091e-02
    1.8275000000e+05    1.4769990957e-01
    1.8300000000e+05    1.0112313637e-01
    1.8325000000e+05    9.5556833456e-02
    1.8350000000e+05    1.2454693760e-01
    1.8375000000e+05    1.3232992153e-01
    1.8400000000e+05    9.7818323391e-02
    1.8425000000e+05    1.1141429711e-01
    1.8450000000e+05    9.4894828771e-02
    1.8475000000e+05    1.0982494624e-01
    1.8500000000e+05    1.1828966502e-01
    1.8525000000e+05    1.1222082015e-01
    1.8550000000e+05    9.9543686766e-02
    1.8575000000e+05    1.1607646750e-01
    1.8600000000e+05    9.8788253723e-02
    1.8625000000e+05    1.2667192789e-01
    1.8650000000e+05    1.0992297349e-01
    1.8675000000e+05    1.1449475524e-01
    1.8700000000e+05    1.0570584680e-01
    1.8725000000e+05    9.4070951452e-02
    1.8750000000e+05    1.0767083525e-01
    1.8775000000e+05    8.7981347674e-02
    1.8800000000e+05    9.8951497346e-02
    1.8825000000e+05    1.0328071208e-01
    1.8850000000e+05    1.0687473637e-01
    1.8875000000e+05    1.1838039605e-01
    1.8900000000e+05    1.2634198162e-01
    1.8925000000e+05    1.2768190601e-01
    1.8950000000e+05    1.1968275034e-01
    1.8975000000e+05    1.0196419234e-01
    1.9000000000e+05    9.9703190471e-02
    1.9025000000e+05    1.0399848506e-01
    1.9050000000e+05    1.2180821454e-01
    1.9075000000e+05    9.8336030828e-02
    1.9100000000e+05    1.2138169126e-01
    1.9125000000e+05    1.1636884987e-01
    1.9150000000e+05    1.0252501105e-01
    1.9175000000e+05    9.8388672003e-02
    1.9200000000e+05    1.1266076174e-01
    1.9225000000e+05    1.2773323523e-01
    1.9250000000e+05    9.3463909654e-02
    1.9275000000e+05    9.6902900438e-02
    1.9300000000e+05    9.4302332763e-02
    1.9325000000e+05    1.0021417921e-01
    1.9350000000e+05    9.5823317842e-02
    1.9375000000e+05    9.5101881097e-02
    1.9400000000e+05    9.0783422938e-02
    1.9425000000e+05    9.9943550871e-02
    1.9450000000e+05    9.5238827761e-02
    1.9475000000e+05    1.0031340111e-01
    1.9500000000e+05    9.9554732616e-02
    1.9525000000e+05    1.0694520745e-01
    1.9550000000e+05    8.0729954618e-02
    1.9575000000e+05    1.2064228687e-01
    1.9600000000e+05    1.3104092672e-01
    1.9625000000e+05    1.0036223140e-01
    1.9650000000e+05    9.9482285946e-02
    1.9675000000e+05    9.8980778836e-02
    1.9700000000e+05    9.4201546875e-02
    1.9725000000e+05    1.3170855247e-01
    1.9750000000e+05    1.2444230485e-01
    1.9775000000e+05    1.1220423969e-01
    1.9800000000e+05    1.2850918793e-01
    1.9825000000e+05    1.1532425960e-01
    1.9850000000e+05    1.2980496588e-01
    1.9875000000e+05    1.3235431891e-01
    1.9900000000e+05    1.2320850222e-01
    1.9925000000e+05    9.2501055998e-02
    1.9950000000e+05    1.8295966331e-01
    1.9975000000e+05    1.1960718251e-01
    2.0000000000e+05    1.2106679878e-01
    2.0025000000e+05    1.2938175412e-01
    2.0050000000e+05    1.3530337503e-01
    2.0075000000e+05    1.2120692757e-01
    2.0100000000e+05    1.0114280932e-01
    2.0125000000e+05    1.1751205334e-01
    2.0150000000e+05    9.6384842608e-02
    2.0175000000e+05    1.1388954577e-01
    2.0200000000e+05    1.1136837127e-01
    2.0225000000e+05    1.0771456699e-01
    2.0250000000e+05    1.0934186677e-01
    2.0275000000e+05    9.9136772794e-02
    2.0300000000e+05    9.7308712239e-02
    2.0325000000e+05    9.9921990942e-02
    2.0350000000e+05    1.4093891622e-01
    2.0375000000e+05    1.1342987902e-01
    2.0400000000e+05    1.7971723093e-01
    2.0425000000e+05    1.2810415970e-01
    2.0450000000e+05    1.0559585974e-01
    2.0475000000e+05    1.1473407403e-01
    2.0500000000e+05    1.2458194652e-01
    2.0525000000e+05    9.2955132396e-02
    2.0550000000e+05    8.5390928603e-02
    2.0575000000e+05    9.6969974278e-02
    2.0600000000e+05    1.1335642549e-01
    2.0625000000e+05    1.1913971635e-01
    2.0650000000e+05    1.3689791472e-01
    2.0675000000e+05    1.5016495065e-01
    2.0700000000e+05    1.2327867082e-01
    2.0725000000e+05    1.5970400982e-01
    2.0750000000e+05    1.0336471583e-01
    2.0775000000e+05    9.2830950607e-02
    2.0800000000e+05    1.1805488470e-01
    2.0825000000e+05    1.1911719448e-01
    2.0850000000e+05    1.0081099551e-01
    2.0875000000e+05    1.1666612959e-01
    2.0900000000e+05    1.0258840128e-01
    2.0925000000e+05    1.2076458696e-01
    2.0950000000e+05    1.1942232358e-01
    2.0975000000e+05    1.0457959113e-01
    2.1000000000e+05    1.0712383377e-01
    2.1025000000e+05    1.2205264020e-01
    2.1050000000e+05    1.0323350119e-01
    2.1075000000e+05    1.3039850496e-01
    2.1100000000e+05    1.5796214695e-01
    2.1125000000e+05    3.4402330470e-01
    2.1150000000e+05    1.8764615893e-01
    2.1175000000e+05    2.2194566845e-01
    2.1200000000e+05    2.0010440870e-01
    2.1225000000e+05    3.2810571715e-01
    2.1250000000e+05    1.3689165235e-01
    2.1275000000e+05    1.0982409450e-01
    2.1300000000e+05    1.3667885639e-01
    2.1325000000e+05    1.1090269443e-01
    2.1350000000e+05    1.5085271312e-01
    2.1375000000e+05    1.2165073691e-01
    2.1400000000e+05    1.6030494783e-01
    2.1425000000e+05    1.1070371164e-01
    2.1450000000e+05    1.1673271766e-01
    2.1475000000e+05    1.4252851281e-01
    2.1500000000e+05    1.1121565932e-01
    2.1525000000e+05    9.9622147652e-02
    2.1550000000e+05    1.0918887706e-01
    2.1575000000e+05    1.9186214004e-01
    2.1600000000e+05    1.3391793809e-01
    2.1625000000e+05    1.1967707806e-01
    2.1650000000e+05    1.2182613828e-01
    2.1675000000e+05    1.4129782518e-01
    2.1700000000e+05    1.3307942784e-01
    2.1725000000e+05    1.4703142153e-01
    2.1750000000e+05    1.3162987027e-01
    2.1775000000e+05    1.6143484564e-01
    2.1800000000e+05    1.1770449337e-01
    2.1825000000e+05    1.5479131925e-01
    2.1850000000e+05    1.4932496101e-01
    2.1875000000e+05    1.4272124423e-01
    2.1900000000e+05    1.4304800241e-01
    2.1925000000e+05    1.0282592016e-01
    2.1950000000e+05    1.1889723939e-01
    2.1975000000e+05    1.1859783732e-01
    2.2000000000e+05    1.2049409144e-01
    2.2025000000e+05    1.2490327346e-01
    2.2050000000e+05    1.2132509050e-01
    2.2075000000e+05    1.0350916171e-01
    2.2100000000e+05    1.4235735151e-01
    2.2125000000e+05    9.2222409353e-02
    2.2150000000e+05    1.1879038406e-01
    2.2175000000e+05    1.0185137826e-01
    2.2200000000e+05    1.3852507456e-01
    2.2225000000e+05    9.1613673721e-02
    2.2250000000e+05    1.0290894433e-01
    2.2275000000e+05    1.0921382528e-01
    2.2300000000e+05    9.7534638845e-02
    2.2325000000e+05    1.1234497389e-01
    2.2350000000e+05    1.2504413280e-01
    2.2375000000e+05    1.2568342849e-01
    2.2400000000e+05    9.7564871806e-02
    2.2425000000e+05    1.0187940078e-01
    2.2450000000e+05    1.0626097718e-01
    2.2475000000e+05    1.1590495355e-01
    2.2500000000e+05    1.1065556115e-01
    2.2525000000e+05    1.1614098151e-01
    2.2550000000e+05    1.1333103656e-01
    2.2575000000e+05    1.1043537985e-01
    2.2600000000e+05    1.2207293942e-01
    2.2625000000e+05    1.0522462618e-01
    2.2650000000e+05    8.9486782475e-02
    2.2675000000e+05    1.0580982112e-01
    2.2700000000e+05    9.3909225771e-02
    2.2725000000e+05    9.3871368771e-02
    2.2750000000e+05    1.1290948007e-01
    2.2775000000e+05    9.7670967336e-02
    2.2800000000e+05    9.9787454015e-02
    2.2825000000e+05    1.1024694591e-01
    2.2850000000e+05    1.4860133074e-01
    2.2875000000e+05    1.1199145052e-01
    2.2900000000e+05    1.0216226313e-01
    2.2925000000e+05    9.9128255893e-02
    2.2950000000e+05    1.2623567160e-01
    2.2975000000e+05    1.1760232879e-01
    2.3000000000e+05    1.1352327515e-01
    2.3025000000e+05    9.7507568321e-02
    2.3050000000e+05    1.0998941780e-01
    2.3075000000e+05    1.0065765548e-01
    2.3100000000e+05    1.2885962858e-01
    2.3125000000e+05    9.4075626329e-02
    2.3150000000e+05    1.1134011149e-01
    2.3175000000e+05    9.3840990825e-02
    2.3200000000e+05    1.0941034945e-01
    2.3225000000e+05    9.0611773919e-02
    2.3250000000e+05    9.1739777114e-02
    2.3275000000e+05    9.3024380107e-02
    2.3300000000e+05    8.1463182766e-02
    2.3325000000e+05    9.2937701059e-02
    2.3350000000e+05    1.0385605966e-01
    2.3375000000e+05    1.0518183269e-01
    2.3400000000e+05    1.0405497083e-01
    2.3425000000e+05    9.5162724356e-02
    2.3450000000e+05    8.8682852938e-02
    2.3475000000e+05    1.1130384184e-01
    2.3500000000e+05    9.3772534823e-02
    2.3525000000e+05    1.1659053906e-01
    2.3550000000e+05    1.1976779795e-01
    2.3575000000e+05    1.0924674930e-01
    2.3600000000e+05    1.0512707264e-01
    2.3625000000e+05    9.1247344057e-02
    2.3650000000e+05    1.2311181066e-01
    2.3675000000e+05    9.4218515746e-02
    2.3700000000e+05    1.3258454731e-01
    2.3725000000e+05    1.1524366952e-01
    2.3750000000e+05    1.1418479363e-01
    2.3775000000e+05    9.5678683753e-02
    2.3800000000e+05    9.4194500170e-02
    2.3825000000e+05    1.5464928695e-01
    2.3850000000e+05    1.0385824592e-01
    2.3875000000e+05    9.3620123062e-02
    2.3900000000e+05    1.0177872160e-01
    2.3925000000e+05    1.0069762745e-01
    2.3950000000e+05    1.1904748190e-01
    2.3975000000e+05    9.5956054934e-02
    2.4000000000e+05    8.3331547838e-02
    2.4025000000e+05    1.0237476816e-01
    2.4050000000e+05    9.7412428375e-02
    2.4075000000e+05    1.1036615264e-01
    2.4100000000e+05    9.2046845504e-02
    2.4125000000e+05    9.9052663727e-02
    2.4150000000e+05    8.7656811041e-02
    2.4175000000e+05    1.0140136845e-01
    2.4200000000e+05    9.7875157600e-02
    2.4225000000e+05    1.0876233943e-01
    2.4250000000e+05    9.6134023510e-02
    2.4275000000e+05    1.0665888073e-01
    2.4300000000e+05    1.0652466632e-01
    2.4325000000e+05    1.0767635046e-01
    2.4350000000e+05    1.0172306420e-01
    2.4375000000e+05    1.2485204594e-01
    2.4400000000e+05    1.1101743802e-01
    2.4425000000e+05    1.4101451621e-01
    2.4450000000e+05    1.0424860854e-01
    2.4475000000e+05    8.6850784056e-02
    2.4500000000e+05    1.0398612365e-01
    2.4525000000e+05    1.1201478929e-01
    2.4550000000e+05    9.6558947091e-02
    2.4575000000e+05    9.2576322189e-02
    2.4600000000e+05    1.1157452103e-01
    2.4625000000e+05    8.9099414484e-02
    2.4650000000e+05    1.0227127000e-01
    2.4675000000e+05    1.1574970143e-01
    2.4700000000e+05    7.7942679622e-02
    2.4725000000e+05    1.4766101714e-01
    2.4750000000e+05    1.0017385533e-01
    2.4775000000e+05    1.0544672666e-01
    2.4800000000e+05    1.0228675879e-01
    2.4825000000e+05    8.6774323958e-02
    2.4850000000e+05    1.1582977233e-01
    2.4875000000e+05    1.0648565699e-01
    2.4900000000e+05    8.0569868909e-02
    2.4925000000e+05    1.2421605752e-01
    2.4950000000e+05    8.9394483399e-02
    2.4975000000e+05    8.5519348448e-02
    2.5000000000e+05    9.8688995406e-02
    2.5025000000e+05    1.0442633540e-01
    2.5050000000e+05    9.0524099791e-02
    2.5075000000e+05    1.2452980821e-01
    2.5100000000e+05    1.2286540758e-01
    2.5125000000e+05    9.1158498364e-02
    2.5150000000e+05    9.1449412149e-02
    2.5175000000e+05    1.1196232377e-01
    2.5200000000e+05    9.6493732280e-02
    2.5225000000e+05    1.0472311226e-01
    2.5250000000e+05    1.0782615145e-01
    2.5275000000e+05    1.0333721865e-01
    2.5300000000e+05    1.2483458949e-01
    2.5325000000e+05    1.0835470745e-01
    2.5350000000e+05    9.7408518906e-02
    2.5375000000e+05    9.3285513111e-02
    2.5400000000e+05    1.3667326380e-01
    2.5425000000e+05    1.1477917228e-01
    2.5450000000e+05    9.8216863251e-02
    2.5475000000e+05    1.1697675160e-01
    2.5500000000e+05    1.1008027772e-01
    2.5525000000e+05    9.3690205534e-02
    2.5550000000e+05    1.2390285886e-01
    2.5575000000e+05    1.1824854165e-01
    2.5600000000e+05    1.2433253072e-01
    2.5625000000e+05    1.0645256332e-01
    2.5650000000e+05    9.3256910262e-02
    2.5675000000e+05    9.2128958024e-02
    2.5700000000e+05    1.0202447783e-01
    2.5725000000e+05    1.0637321464e-01
    2.5750000000e+05    1.4588712346e-01
    2.5775000000e+05    1.0070078769e-01
    2.5800000000e+05    9.4765464764e-02
    2.5825000000e+05    9.7735178329e-02
    2.5850000000e+05    1.0344314291e-01
    2.5875000000e+05    1.0516560576e-01
    2.5900000000e+05    1.0845384002e-01
    2.5925000000e+05    1.6162568350e-01
    2.5950000000e+05    9.3189496173e-02
    2.5975000000e+05    9.0062194153e-02
    2.6000000000e+05    9.4362578082e-02
    2.6025000000e+05    8.5957748136e-02
    2.6050000000e+05    8.8217581728e-02
    2.6075000000e+05    1.2497229521e-01
    2.6100000000e+05    9.2439779192e-02
    2.6125000000e+05    1.0778514156e-01
    2.6150000000e+05    1.1076422040e-01
    2.6175000000e+05    1.4335761968e-01
    2.6200000000e+05    1.1001609406e-01
    2.6225000000e+05    1.1515633983e-01
    2.6250000000e+05    9.5711232470e-02
    2.6275000000e+05    1.1540802521e-01
    2.6300000000e+05    1.0848149855e-01
    2.6325000000e+05    1.3742543265e-01
    2.6350000000e+05    1.0278501878e-01
    2.6375000000e+05    1.1956258983e-01
    2.6400000000e+05    1.0918327406e-01
    2.6425000000e+05    1.1644558531e-01
    2.6450000000e+05    8.2706865609e-02
    2.6475000000e+05    1.0288626886e-01
    2.6500000000e+05    1.2507427543e-01
    2.6525000000e+05    1.6053309396e-01
    2.6550000000e+05    1.0775247788e-01
    2.6575000000e+05    1.3927626323e-01
    2.6600000000e+05    1.0416008302e-01
    2.6625000000e+05    1.1335495473e-01
    2.6650000000e+05    1.2323053170e-01
    2.6675000000e+05    1.0144780917e-01
    2.6700000000e+05    1.0054676871e-01
    2.6725000000e+05    9.2000238604e-02
    2.6750000000e+05    8.6945711960e-02
    2.6775000000e+05    9.2119723680e-02
    2.6800000000e+05    1.2170582449e-01
    2.6825000000e+05    8.7374627653e-02
    2.6850000000e+05    1.0912454297e-01
    2.6875000000e+05    1.0008071549e-01
    2.6900000000e+05    8.3160749165e-02
    2.6925000000e+05    9.7421522912e-02
    2.6950000000e+05    1.0641931644e-01
    2.6975000000e+05    1.0189678657e-01
    2.7000000000e+05    1.0146250332e-01
    2.7025000000e+05    1.1616347161e-01
    2.7050000000e+05    8.7269109184e-02
    2.7075000000e+05    1.0207129015e-01
    2.7100000000e+05    1.2801022478e-01
    2.7125000000e+05    1.1882915024e-01
    2.7150000000e+05    8.9752044316e-02
    2.7175000000e+05    8.6934812981e-02
    2.7200000000e+05    1.0691291502e-01
    2.7225000000e+05    9.7461383001e-02
    2.7250000000e+05    9.8632031986e-02
    2.7275000000e+05    9.4582146343e-02
    2.7300000000e+05    1.0694699890e-01
    2.7325000000e+05    9.5750169367e-02
    2.7350000000e+05    1.1484493137e-01
    2.7375000000e+05    8.8415078505e-02
    2.7400000000e+05    1.0004973712e-01
    2.7425000000e+05    9.7065830703e-02
    2.7450000000e+05    1.0516643465e-01
    2.7475000000e+05    8.3714084448e-02
    2.7500000000e+05    9.4521743824e-02
    2.7525000000e+05    1.0728247136e-01
    2.7550000000e+05    9.2981249895e-02
    2.7575000000e+05    9.4102464861e-02
    2.7600000000e+05    1.0004657542e-01
    2.7625000000e+05    1.0586644201e-01
    2.7650000000e+05    8.7107121734e-02
    2.7675000000e+05    1.3230194229e-01
    2.7700000000e+05    1.0052300029e-01
    2.7725000000e+05    9.6315492573e-02
    2.7750000000e+05    1.1234942734e-01
    2.7775000000e+05    1.2969344065e-01
    2.7800000000e+05    9.8400951228e-02
    2.7825000000e+05    1.4690663278e-01
    2.7850000000e+05    1.0432686391e-01
    2.7875000000e+05    1.0561120401e-01
    2.7900000000e+05    9.9609553059e-02
    2.7925000000e+05    1.0481813909e-01
    2.7950000000e+05    9.3971694164e-02
    2.7975000000e+05    1.2957656754e-01
    2.8000000000e+05    1.1496790385e-01
    2.8025000000e+05    1.0046860483e-01
    2.8050000000e+05    9.5376673218e-02
    2.8075000000e+05    1.1188209727e-01
    2.8100000000e+05    1.0323269917e-01
    2.8125000000e+05    9.1320214469e-02
    2.8150000000e+05    8.8326472765e-02
    2.8175000000e+05    1.0914074503e-01
    2.8200000000e+05    1.2969754097e-01
    2.8225000000e+05    1.0628350331e-01
    2.8250000000e+05    9.4997351632e-02
    2.8275000000e+05    9.4117987856e-02
    2.8300000000e+05    9.7395197474e-02
    2.8325000000e+05    9.7963951488e-02
    2.8350000000e+05    1.1712244065e-01
    2.8375000000e+05    8.2171120391e-02
    2.8400000000e+05    1.0067849121e-01
    2.8425000000e+05    1.1714295374e-01
    2.8450000000e+05    9.5642291022e-02
    2.8475000000e+05    1.1515271404e-01
    2.8500000000e+05    1.2869773784e-01
    2.8525000000e+05    1.0374630760e-01
    2.8550000000e+05    1.1681809979e-01
    2.8575000000e+05    1.0932635303e-01
    2.8600000000e+05    1.0371754683e-01
    2.8625000000e+05    9.7093970835e-02
    2.8650000000e+05    9.3188315631e-02
    2.8675000000e+05    1.0608808563e-01
    2.8700000000e+05    1.1091235212e-01
    2.8725000000e+05    1.2422622651e-01
    2.8750000000e+05    9.9358570515e-02
    2.8775000000e+05    1.0301586830e-01
    2.8800000000e+05    9.0902677034e-02
    2.8825000000e+05    9.9559106384e-02
    2.8850000000e+05    1.0776489621e-01
    2.8875000000e+05    1.2968654610e-01
    2.8900000000e+05    1.2420114309e-01
    2.8925000000e+05    9.5139775060e-02
    2.8950000000e+05    1.2228796191e-01
    2.8975000000e+05    1.1244820413e-01
    2.9000000000e+05    9.2199097399e-02
    2.9025000000e+05    9.1605107037e-02
    2.9050000000e+05    1.0874547005e-01
    2.9075000000e+05    8.3874779304e-02
    2.9100000000e+05    9.9160019845e-02
    2.9125000000e+05    1.0710279128e-01
    2.9150000000e+05    9.8883183050e-02
    2.9175000000e+05    9.6832488990e-02
    2.9200000000e+05    9.7241774825e-02
    2.9225000000e+05    1.1601936749e-01
    2.9250000000e+05    1.0904252488e-01
    2.9275000000e+05    1.1638513275e-01
    2.9300000000e+05    1.5586527705e-01
    2.9325000000e+05    1.6382850548e-01
    2.9350000000e+05    1.1915880049e-01
    2.9375000000e+05    1.2740294539e-01
    2.9400000000e+05    9.3673424356e-02
    2.9425000000e+05    9.9730168135e-02
    2.9450000000e+05    1.0468004912e-01
    2.9475000000e+05    9.5016271521e-02
    2.9500000000e+05    1.1749024350e-01
    2.9525000000e+05    9.2580641926e-02
    2.9550000000e+05    1.0580923584e-01
    2.9575000000e+05    1.0132476653e-01
    2.9600000000e+05    1.2193683911e-01
    2.9625000000e+05    1.3979623367e-01
    2.9650000000e+05    9.0836213832e-02
    2.9675000000e+05    9.2506662744e-02
    2.9700000000e+05    1.1281843749e-01
    2.9725000000e+05    9.6452210645e-02
    2.9750000000e+05    1.1366616566e-01
    2.9775000000e+05    9.3967220929e-02
    2.9800000000e+05    9.4664622489e-02
    2.9825000000e+05    1.4262313997e-01
    2.9850000000e+05    1.0032788853e-01
    2.9875000000e+05    1.1318752198e-01
    2.9900000000e+05    1.1687701340e-01
    2.9925000000e+05    1.0428150768e-01
    2.9950000000e+05    1.0835194759e-01
    2.9975000000e+05    1.1805467922e-01
    3.0000000000e+05    1.0291065272e-01
    3.0025000000e+05    9.9472868749e-02
    3.0050000000e+05    1.0773975853e-01
    3.0075000000e+05    9.9106357166e-02
    3.0100000000e+05    1.0724595086e-01
    3.0125000000e+05    1.1175751077e-01
    3.0150000000e+05    9.9327113090e-02
    3.0175000000e+05    9.3126287392e-02
    3.0200000000e+05    1.0438427159e-01
    3.0225000000e+05    1.0640130690e-01
    3.0250000000e+05    1.2524097271e-01
    3.0275000000e+05    9.0917349974e-02
    3.0300000000e+05    9.7085468462e-02
    3.0325000000e+05    1.2209974469e-01
    3.0350000000e+05    1.2127537459e-01
    3.0375000000e+05    8.9480825431e-02
    3.0400000000e+05    8.2848757880e-02
    3.0425000000e+05    1.0367073991e-01
    3.0450000000e+05    9.1820177760e-02
    3.0475000000e+05    1.0142990935e-01
    3.0500000000e+05    1.3657650774e-01
    3.0525000000e+05    9.8963010010e-02
    3.0550000000e+05    8.8879644334e-02
    3.0575000000e+05    9.1989573954e-02
    3.0600000000e+05    1.0189256367e-01
    3.0625000000e+05    1.2621105881e-01
    3.0650000000e+05    1.1588147715e-01
    3.0675000000e+05    1.2139753139e-01
    3.0700000000e+05    1.1935748262e-01
    3.0725000000e+05    9.7023544309e-02
    3.0750000000e+05    1.1113712391e-01
    3.0775000000e+05    9.2253819228e-02
    3.0800000000e+05    1.3677789856e-01
    3.0825000000e+05    1.1559600360e-01
    3.0850000000e+05    1.1223134444e-01
    3.0875000000e+05    1.2370499983e-01
    3.0900000000e+05    1.6771975746e-01
    3.0925000000e+05    1.1682454375e-01
    3.0950000000e+05    1.1865037180e-01
    3.0975000000e+05    1.0205857788e-01
    3.1000000000e+05    1.0958121490e-01
    3.1025000000e+05    1.5429258327e-01
    3.1050000000e+05    1.1174160004e-01
    3.1075000000e+05    1.0677452243e-01
    3.1100000000e+05    9.9260856360e-02
    3.1125000000e+05    1.3988880282e-01
    3.1150000000e+05    9.5428478014e-02
    3.1175000000e+05    1.0479823004e-01
    3.1200000000e+05    1.0486874753e-01
    3.1225000000e+05    8.4582242052e-02
    3.1250000000e+05    1.2791493357e-01
    3.1275000000e+05    1.3807650541e-01
    3.1300000000e+05    1.2603796512e-01
    3.1325000000e+05    1.4729518945e-01
    3.1350000000e+05    1.1032175151e-01
    3.1375000000e+05    9.4458805641e-02
    3.1400000000e+05    1.0041202735e-01
    3.1425000000e+05    1.1649741987e-01
    3.1450000000e+05    1.2071252515e-01
    3.1475000000e+05    1.3031408512e-01
    3.1500000000e+05    1.2751473817e-01
    3.1525000000e+05    1.1044064438e-01
    3.1550000000e+05    1.0809533462e-01
    3.1575000000e+05    1.2099739361e-01
    3.1600000000e+05    1.0918321263e-01
    3.1625000000e+05    9.0443685583e-02
    3.1650000000e+05    1.1555697084e-01
    3.1675000000e+05    1.2582174668e-01
    3.1700000000e+05    1.0916825176e-01
    3.1725000000e+05    8.5399403723e-02
    3.1750000000e+05    9.7914187270e-02
    3.1775000000e+05    1.1184816224e-01
    3.1800000000e+05    9.4897648932e-02
    3.1825000000e+05    9.8424925804e-02
    3.1850000000e+05    9.7284831520e-02
    3.1875000000e+05    1.1369005521e-01
    3.1900000000e+05    9.6446313442e-02
    3.1925000000e+05    9.3336492382e-02
    3.1950000000e+05    1.0133467210e-01
    3.1975000000e+05    8.5274837556e-02
    3.2000000000e+05    1.0562325759e-01
    3.2025000000e+05    1.0891600351e-01
    3.2050000000e+05    9.8102351307e-02
    3.2075000000e+05    9.9955644647e-02
    3.2100000000e+05    9.5581230575e-02
    3.2125000000e+05    9.5017711731e-02
    3.2150000000e+05    8.5369310554e-02
    3.2175000000e+05    1.1317620067e-01
    3.2200000000e+05    1.1345721582e-01
    3.2225000000e+05    1.2815130352e-01
    3.2250000000e+05    1.2935543520e-01
    3.2275000000e+05    1.1751535904e-01
    3.2300000000e+05    1.3088243273e-01
    3.2325000000e+05    1.0607018444e-01
    3.2350000000e+05    1.1582215409e-01
    3.2375000000e+05    9.8312005297e-02
    3.2400000000e+05    1.0969789982e-01
    3.2425000000e+05    1.4354893992e-01
    3.2450000000e+05    1.0205407711e-01
    3.2475000000e+05    1.0657620707e-01
    3.2500000000e+05    9.0678703964e-02
    3.2525000000e+05    8.8907304891e-02
    3.2550000000e+05    1.1310597187e-01
    3.2575000000e+05    1.1146528989e-01
    3.2600000000e+05    1.0640214979e-01
    3.2625000000e+05    9.0833435189e-02
    3.2650000000e+05    8.4799459768e-02
    3.2675000000e+05    9.2655803768e-02
    3.2700000000e+05    8.8536027364e-02
    3.2725000000e+05    1.0587995575e-01
    3.2750000000e+05    9.7826377613e-02
    3.2775000000e+05    9.0934231314e-02
    3.2800000000e+05    9.2712939068e-02
    3.2825000000e+05    1.0195996641e-01
    3.2850000000e+05    1.1087276062e-01
    3.2875000000e+05    8.6032664348e-02
    3.2900000000e+05    9.1613600160e-02
    3.2925000000e+05    9.3648475708e-02
    3.2950000000e+05    1.2108870541e-01
    3.2975000000e+05    1.1718813869e-01
    3.3000000000e+05    9.8198224884e-02
    3.3025000000e+05    1.0544467772e-01
    3.3050000000e+05    1.0073534952e-01
    3.3075000000e+05    9.0677078220e-02
    3.3100000000e+05    1.1040052438e-01
    3.3125000000e+05    1.2996595617e-01
    3.3150000000e+05    9.2859524442e-02
    3.3175000000e+05    9.5242894713e-02
    3.3200000000e+05    1.1130563141e-01
    3.3225000000e+05    1.3230161655e-01
    3.3250000000e+05    1.0635780925e-01
    3.3275000000e+05    1.0327255867e-01
    3.3300000000e+05    1.0689794326e-01
    3.3325000000e+05    1.0348512125e-01
    3.3350000000e+05    1.0550545489e-01
    3.3375000000e+05    1.1940704820e-01
    3.3400000000e+05    9.3157768470e-02
    3.3425000000e+05    1.4759072813e-01
    3.3450000000e+05    1.4610861250e-01
    3.3475000000e+05    1.2894664647e-01
    3.3500000000e+05    1.1182768190e-01
    3.3525000000e+05    1.0587991740e-01
    3.3550000000e+05    9.8228937396e-02
    3.3575000000e+05    1.1314629472e-01
    3.3600000000e+05    8.9625294255e-02
    3.3625000000e+05    1.1019339987e-01
    3.3650000000e+05    9.5088228707e-02
    3.3675000000e+05    1.2804813273e-01
    3.3700000000e+05    1.1650535141e-01
    3.3725000000e+05    1.5149808903e-01
    3.3750000000e+05    9.9723218065e-02
    3.3775000000e+05    1.0008010020e-01
    3.3800000000e+05    1.0323849566e-01
    3.3825000000e+05    9.5111748251e-02
    3.3850000000e+05    1.0513523295e-01
    3.3875000000e+05    1.4394608713e-01
    3.3900000000e+05    1.5956906658e-01
    3.3925000000e+05    1.2180534287e-01
    3.3950000000e+05    1.0735997979e-01
    3.3975000000e+05    1.2694553799e-01
    3.4000000000e+05    1.6622169858e-01
    3.4025000000e+05    1.4230013111e-01
    3.4050000000e+05    1.4302499327e-01
    3.4075000000e+05    1.0749021837e-01
    3.4100000000e+05    1.1423629835e-01
    3.4125000000e+05    1.1880048887e-01
    3.4150000000e+05    1.1856812040e-01
    3.4175000000e+05    1.4994407755e-01
    3.4200000000e+05    1.1531760093e-01
    3.4225000000e+05    1.0512577260e-01
    3.4250000000e+05    1.2387888495e-01
    3.4275000000e+05    1.1002145414e-01
    3.4300000000e+05    1.1963862797e-01
    3.4325000000e+05    9.8524994608e-02
    3.4350000000e+05    1.0182925500e-01
    3.4375000000e+05    1.0631284794e-01
    3.4400000000e+05    1.0846246723e-01
    3.4425000000e+05    1.1916408816e-01
    3.4450000000e+05    1.0578161029e-01
    3.4475000000e+05    1.1120184199e-01
    3.4500000000e+05    1.1536167581e-01
    3.4525000000e+05    1.0609323736e-01
    3.4550000000e+05    1.0669636340e-01
    3.4575000000e+05    9.6974328697e-02
    3.4600000000e+05    1.0394037973e-01
    3.4625000000e+05    8.9656524725e-02
    3.4650000000e+05    1.1946591634e-01
    3.4675000000e+05    1.1389770544e-01
    3.4700000000e+05    1.1793494303e-01
    3.4725000000e+05    1.1086410164e-01
    3.4750000000e+05    1.1506832898e-01
    3.4775000000e+05    9.0532471638e-02
    3.4800000000e+05    1.0978983909e-01
    3.4825000000e+05    1.1039376568e-01
    3.4850000000e+05    1.0273443502e-01
    3.4875000000e+05    1.1070769434e-01
    3.4900000000e+05    1.0938096330e-01
    3.4925000000e+05    9.9294257693e-02
    3.4950000000e+05    1.5769230423e-01
    3.4975000000e+05    1.2637977051e-01
    3.5000000000e+05    9.1768659467e-02
    3.5025000000e+05    1.1126556706e-01
    3.5050000000e+05    8.7005450765e-02
    3.5075000000e+05    1.2910480405e-01
    3.5100000000e+05    1.1079092325e-01
    3.5125000000e+05    9.8121821132e-02
    3.5150000000e+05    1.1535089619e-01
    3.5175000000e+05    1.7521715240e-01
    3.5200000000e+05    1.4038320503e-01
    3.5225000000e+05    1.2140175742e-01
    3.5250000000e+05    1.1320923880e-01
    3.5275000000e+05    9.5352967219e-02
    3.5300000000e+05    9.7714949131e-02
    3.5325000000e+05    1.0574469438e-01
    3.5350000000e+05    9.8655026603e-02
    3.5375000000e+05    1.2298275779e-01
    3.5400000000e+05    9.7456610961e-02
    3.5425000000e+05    1.0580386856e-01
    3.5450000000e+05    1.0146639030e-01
    3.5475000000e+05    9.9876012061e-02
    3.5500000000e+05    1.1628345324e-01
    3.5525000000e+05    1.0035978990e-01
    3.5550000000e+05    9.9641751113e-02
    3.5575000000e+05    1.2507634934e-01
    3.5600000000e+05    1.4916141005e-01
    3.5625000000e+05    1.2942731050e-01
    3.5650000000e+05    8.9676176182e-02
    3.5675000000e+05    1.0981829173e-01
    3.5700000000e+05    1.1274401508e-01
    3.5725000000e+05    1.0447393905e-01
    3.5750000000e+05    9.9703623923e-02
    3.5775000000e+05    1.0751853282e-01
    3.5800000000e+05    1.0689192476e-01
    3.5825000000e+05    8.1465340375e-02
    3.5850000000e+05    1.0616970280e-01
    3.5875000000e+05    9.8639960370e-02
    3.5900000000e+05    1.0953931238e-01
    3.5925000000e+05    1.0766221407e-01
    3.5950000000e+05    9.2741154099e-02
    3.5975000000e+05    1.1168211403e-01
    3.6000000000e+05    1.1326456624e-01
    3.6025000000e+05    1.0873966504e-01
    3.6050000000e+05    1.0314878244e-01
    3.6075000000e+05    9.5383629955e-02
    3.6100000000e+05    8.7547659709e-02
    3.6125000000e+05    1.2048147206e-01
    3.6150000000e+05    9.7791366602e-02
    3.6175000000e+05    9.0578438066e-02
    3.6200000000e+05    1.1092835634e-01
    3.6225000000e+05    1.0924834841e-01
    3.6250000000e+05    1.2439609800e-01
    3.6275000000e+05    8.6484186227e-02
    3.6300000000e+05    1.0972863261e-01
    3.6325000000e+05    8.9150634951e-02
    3.6350000000e+05    1.2060915845e-01
    3.6375000000e+05    1.1322547148e-01
    3.6400000000e+05    1.0696261412e-01
    3.6425000000e+05    1.0218782569e-01
    3.6450000000e+05    1.4163779546e-01
    3.6475000000e+05    1.0639194651e-01
    3.6500000000e+05    9.3125481885e-02
    3.6525000000e+05    9.2596078285e-02
    3.6550000000e+05    1.0198790322e-01
    3.6575000000e+05    1.0717880034e-01
    3.6600000000e+05    9.8513966738e-02
    3.6625000000e+05    9.1867603828e-02
    3.6650000000e+05    9.1770213375e-02
    3.6675000000e+05    1.0976750384e-01
    3.6700000000e+05    1.1671671883e-01
    3.6725000000e+05    8.3082447743e-02
    3.6750000000e+05    1.1202920798e-01
    3.6775000000e+05    1.0772228157e-01
    3.6800000000e+05    1.0897829929e-01
    3.6825000000e+05    9.2022321050e-02
    3.6850000000e+05    1.0783653498e-01
    3.6875000000e+05    9.4092350513e-02
    3.6900000000e+05    1.2437895750e-01
    3.6925000000e+05    1.2207273539e-01
    3.6950000001e+05    1.0330872744e-01
    3.6975000001e+05    1.0093822090e-01
    3.7000000001e+05    1.0340743377e-01
    3.7025000001e+05    9.9976179852e-02
    3.7050000001e+05    1.5890192053e-01
    3.7075000001e+05    1.3574072822e-01
    3.7100000001e+05    8.1315571065e-02
    3.7125000001e+05    9.6519213048e-02
    3.7150000001e+05    1.1673522725e-01
    3.7175000001e+05    8.9871164814e-02
    3.7200000001e+05    1.0531743406e-01
    3.7225000001e+05    1.0966235867e-01
    3.7250000001e+05    1.1435167855e-01
    3.7275000001e+05    1.3994087784e-01
    3.7300000001e+05    9.5892356281e-02
    3.7325000001e+05    9.6356044617e-02
    3.7350000001e+05    1.2169116763e-01
    3.7375000001e+05    1.4036170338e-01
    3.7400000001e+05    1.3045548752e-01
    3.7425000001e+05    1.0770299304e-01
    3.7450000001e+05    1.2339360283e-01
    3.7475000001e+05    1.1481752866e-01
    3.7500000001e+05    9.2674283572e-02
    3.7525000001e+05    1.1290078982e-01
    3.7550000001e+05    8.5989106521e-02
    3.7575000001e+05    1.2110942808e-01
    3.7600000001e+05    1.2778226702e-01
    3.7625000001e+05    1.4090646862e-01
    3.7650000001e+05    1.0140322954e-01
    3.7675000001e+05    1.0151941811e-01
    3.7700000001e+05    8.2024230981e-02
    3.7725000001e+05    1.0436150110e-01
    3.7750000001e+05    9.1623816566e-02
    3.7775000001e+05    1.1512732086e-01
    3.7800000001e+05    1.0053569444e-01
    3.7825000001e+05    9.8884368955e-02
    3.7850000001e+05    9.8595893653e-02
    3.7875000001e+05    1.1765701421e-01
    3.7900000001e+05    9.8882595742e-02
    3.7925000001e+05    1.0410572494e-01
    3.7950000001e+05    1.0559811328e-01
    3.7975000001e+05    1.2981994569e-01
    3.8000000001e+05    1.0913343698e-01
    3.8025000001e+05    9.8302094340e-02
    3.8050000001e+05    1.0171073804e-01
    3.8075000001e+05    9.6727510659e-02
    3.8100000001e+05    9.5668838558e-02
    3.8125000001e+05    9.4924161022e-02
    3.8150000001e+05    9.6491291490e-02
    3.8175000001e+05    1.2923568994e-01
    3.8200000001e+05    9.6558316873e-02
    3.8225000001e+05    1.0622572417e-01
    3.8250000001e+05    8.7168040127e-02
    3.8275000001e+05    9.1320727013e-02
    3.8300000001e+05    9.2976072840e-02
    3.8325000001e+05    1.0824044794e-01
    3.8350000001e+05    9.5667025957e-02
    3.8375000001e+05    9.5848397946e-02
    3.8400000001e+05    1.1940599809e-01
    3.8425000001e+05    1.1611034350e-01
    3.8450000001e+05    9.6131910345e-02
    3.8475000001e+05    9.9971433187e-02
    3.8500000001e+05    8.4918724896e-02
    3.8525000001e+05    1.0760031042e-01
    3.8550000001e+05    8.2715290969e-02
    3.8575000001e+05    1.2265984344e-01
    3.8600000001e+05    1.2538877444e-01
    3.8625000001e+05    1.1406897254e-01
    3.8650000001e+05    1.4070442939e-01
    3.8675000001e+05    9.9075553748e-02
    3.8700000001e+05    1.0007763849e-01
    3.8725000001e+05    1.0943344738e-01
    3.8750000001e+05    1.2700682067e-01
    3.8775000001e+05    1.0565259207e-01
    3.8800000001e+05    8.5964230610e-02
    3.8825000001e+05    9.4073455959e-02
    3.8850000001e+05    8.1698937559e-02
    3.8875000001e+05    1.2289684445e-01
    3.8900000001e+05    1.0121208054e-01
    3.8925000001e+05    1.0423965414e-01
    3.8950000001e+05    8.5026090780e-02
    3.8975000001e+05    1.0026021957e-01
    3.9000000001e+05    9.9534206276e-02
    3.9025000001e+05    1.0993691066e-01
    3.9050000001e+05    1.1402282551e-01
    3.9075000001e+05    9.3018408712e-02
    3.9100000001e+05    9.6218868113e-02
    3.9125000001e+05    1.2256022227e-01
    3.9150000001e+05    9.5820464917e-02
    3.9175000001e+05    1.0414661319e-01
    3.9200000001e+05    1.0957881163e-01
    3.9225000001e+05    1.0160524625e-01
    3.9250000001e+05    1.0618446176e-01
    3.9275000001e+05    9.9467409544e-02
    3.9300000001e+05    1.1143717181e-01
    3.9325000001e+05    1.0406610750e-01
    3.9350000001e+05    8.1995118837e-02
    3.9375000001e+05    1.0303659582e-01
    3.9400000001e+05    9.4054981870e-02
    3.9425000001e+05    1.0251880410e-01
    3.9450000001e+05    8.8748776133e-02
    3.9475000001e+05    8.9894627575e-02
    3.9500000001e+05    8.1410790744e-02
    3.9525000001e+05    1.1685306225e-01
    3.9550000001e+05    1.0548335840e-01
    3.9575000001e+05    9.9424247748e-02
    3.9600000001e+05    1.2107497253e-01
    3.9625000001e+05    1.3603898500e-01
    3.9650000001e+05    9.7118591420e-02
    3.9675000001e+05    1.1081641527e-01
    3.9700000001e+05    9.9281737643e-02
    3.9725000001e+05    1.1067856734e-01
    3.9750000001e+05    1.0379355872e-01
    3.9775000001e+05    9.6764394201e-02
    3.9800000001e+05    1.0306823625e-01
    3.9825000001e+05    1.0419293187e-01
    3.9850000001e+05    1.2565954567e-01
    3.9875000001e+05    1.2076645657e-01
    3.9900000001e+05    1.4852640365e-01
    3.9925000001e+05    1.2704811671e-01
    3.9950000001e+05    1.0197710447e-01
    3.9975000001e+05    9.3187458802e-02
    4.0000000001e+05    1.2974894819e-01
    4.0025000001e+05    1.1144796932e-01
    4.0050000001e+05    1.0122263423e-01
    4.0075000001e+05    1.0997364293e-01
    4.0100000001e+05    1.6296829021e-01
    4.0125000001e+05    9.7363147421e-02
    4.0150000001e+05    1.2965664198e-01
    4.0175000001e+05    1.2735274153e-01
    4.0200000001e+05    9.9349742230e-02
    4.0225000001e+05    1.1624178939e-01
    4.0250000001e+05    1.1325542123e-01
    4.0275000001e+05    1.3544880303e-01
    4.0300000001e+05    1.0111677245e-01
    4.0325000001e+05    1.0206652669e-01
    4.0350000001e+05    1.1262633510e-01
    4.0375000001e+05    1.4103245233e-01
    4.0400000001e+05    1.1972168183e-01
    4.0425000001e+05    1.2510295600e-01
    4.0450000001e+05    1.3941190118e-01
    4.0475000001e+05    1.0564843362e-01
    4.0500000001e+05    1.2837074340e-01
    4.0525000001e+05    1.5390989638e-01
    4.0550000001e+05    1.0711068577e-01
    4.0575000001e+05    1.3259130241e-01
    4.0600000001e+05    9.7852815552e-02
    4.0625000001e+05    1.0663101808e-01
    4.0650000001e+05    1.2236304647e-01
    4.0675000001e+05    1.3089450970e-01
    4.0700000001e+05    1.2129315201e-01
    4.0725000001e+05    1.3316530140e-01
    4.0750000001e+05    1.0318471014e-01
    4.0775000001e+05    1.2224058255e-01
    4.0800000001e+05    1.2575287927e-01
    4.0825000001e+05    1.2923172428e-01
    4.0850000001e+05    1.2962129373e-01
    4.0875000001e+05    9.7633688218e-02
    4.0900000001e+05    1.2279752845e-01
    4.0925000001e+05    1.1239470414e-01
    4.0950000001e+05    1.1864150338e-01
    4.0975000001e+05    9.4779582436e-02
    4.1000000001e+05    1.1490012274e-01
    4.1025000001e+05    8.7334716751e-02
    4.1050000001e+05    1.0732638201e-01
    4.1075000001e+05    1.2698933303e-01
    4.1100000001e+05    9.3130507710e-02
    4.1125000001e+05    9.7420821957e-02
    4.1150000001e+05    1.0616057674e-01
    4.1175000001e+05    1.0578945151e-01
    4.1200000001e+05    9.9116954533e-02
    4.1225000001e+05    9.0000395711e-02
    4.1250000001e+05    1.3726192031e-01
    4.1275000001e+05    1.0637859355e-01
    4.1300000001e+05    1.0344784592e-01
    4.1325000001e+05    1.1782132543e-01
    4.1350000001e+05    1.5451268326e-01
    4.1375000001e+05    1.0994206055e-01
    4.1400000001e+05    1.0623949603e-01
    4.1425000001e+05    9.7081437367e-02
    4.1450000001e+05    1.1252385061e-01
    4.1475000001e+05    9.7810437798e-02
    4.1500000001e+05    8.3293196955e-02
    4.1525000001e+05    1.3181549411e-01
    4.1550000001e+05    1.0263264328e-01
    4.1575000001e+05    9.1468043402e-02
    4.1600000001e+05    1.0903024819e-01
    4.1625000001e+05    1.0259826783e-01
    4.1650000001e+05    8.9238545433e-02
    4.1675000001e+05    9.2608754016e-02
    4.1700000001e+05    1.3161195829e-01
    4.1725000001e+05    1.0245808508e-01
    4.1750000001e+05    1.0069031902e-01
    4.1775000001e+05    9.2383665190e-02
    4.1800000001e+05    8.3374351255e-02
    4.1825000001e+05    8.5230358177e-02
    4.1850000001e+05    9.2416789756e-02
    4.1875000001e+05    1.0121843083e-01
    4.1900000001e+05    1.1950605372e-01
    4.1925000001e+05    1.0611148077e-01
    4.1950000001e+05    1.1714204710e-01
    4.1975000001e+05    9.3088191102e-02
    4.2000000001e+05    9.3204198884e-02
    4.2025000001e+05    8.3627251661e-02
    4.2050000001e+05    1.0294734327e-01
    4.2075000001e+05    1.0316864060e-01
    4.2100000001e+05    9.3117147063e-02
    4.2125000001e+05    1.0292242025e-01
    4.2150000001e+05    9.1567268662e-02
    4.2175000001e+05    9.2619697145e-02
    4.2200000001e+05    9.4262672681e-02
    4.2225000001e+05    1.1101775287e-01
    4.2250000001e+05    9.5382620466e-02
    4.2275000001e+05    1.0252175551e-01
    4.2300000001e+05    1.0679502474e-01
    4.2325000001e+05    9.4753098244e-02
    4.2350000001e+05    1.0023973190e-01
    4.2375000001e+05    1.0020570659e-01
    4.2400000001e+05    9.2809007303e-02
    4.2425000001e+05    9.6629291776e-02
    4.2450000001e+05    1.0699995924e-01
    4.2475000001e+05    1.0309415308e-01
    4.2500000001e+05    1.0322145561e-01
    4.2525000001e+05    9.5165130531e-02
    4.2550000001e+05    9.9488946304e-02
    4.2575000001e+05    1.0130083231e-01
    4.2600000001e+05    9.1808877263e-02
    4.2625000001e+05    1.2126077350e-01
    4.2650000001e+05    1.0236678395e-01
    4.2675000001e+05    8.5531202683e-02
    4.2700000001e+05    1.1043069521e-01
    4.2725000001e+05    1.0509082581e-01
    4.2750000001e+05    1.2086708927e-01
    4.2775000001e+05    1.0374078782e-01
    4.2800000001e+05    8.2672668267e-02
    4.2825000001e+05    1.0189481041e-01
    4.2850000001e+05    9.5334963374e-02
    4.2875000001e+05    9.9350274031e-02
    4.2900000001e+05    1.1865848264e-01
    4.2925000001e+05    1.0681710927e-01
    4.2950000001e+05    1.2040491277e-01
    4.2975000001e+05    1.0112604002e-01
    4.3000000001e+05    9.2845462471e-02
    4.3025000001e+05    8.7776352867e-02
    4.3050000001e+05    1.0050513985e-01
    4.3075000001e+05    1.2424794067e-01
    4.3100000001e+05    1.2005475861e-01
    4.3125000001e+05    9.7058260508e-02
    4.3150000001e+05    1.0064383016e-01
    4.3175000001e+05    1.0130534726e-01
    4.3200000001e+05    9.9287203795e-02
    4.3225000001e+05    1.1974272943e-01
    4.3250000001e+05    1.0827366491e-01
    4.3275000001e+05    1.0901493827e-01
    4.3300000001e+05    8.8754256839e-02
    4.3325000001e+05    1.1283365111e-01
    4.3350000001e+05    1.3561059328e-01
    4.3375000001e+05    9.6452502487e-02
    4.3400000001e+05    9.5198466211e-02
    4.3425000001e+05    1.7725511111e-01
    4.3450000001e+05    1.1657931658e-01
    4.3475000001e+05    1.1426886379e-01
    4.3500000001e+05    9.3012574069e-02
    4.3525000001e+05    1.0990524924e-01
    4.3550000001e+05    1.1469507107e-01
    4.3575000001e+05    1.0066478631e-01
    4.3600000001e+05    9.4029733266e-02
    4.3625000001e+05    1.0702260196e-01
    4.3650000001e+05    9.8645126242e-02
    4.3675000001e+05    1.7892896311e-01
    4.3700000001e+05    1.0508308535e-01
    4.3725000001e+05    9.4740374026e-02
    4.3750000001e+05    1.1380053461e-01
    4.3775000001e+05    8.8570502679e-02
    4.3800000001e+05    9.6915525426e-02
    4.3825000001e+05    9.1882350090e-02
    4.3850000001e+05    1.0117070141e-01
    4.3875000001e+05    1.0261360820e-01
    4.3900000001e+05    1.0255289693e-01
    4.3925000001e+05    1.3291177191e-01
    4.3950000001e+05    1.1200682766e-01
    4.3975000001e+05    9.5217759638e-02
    4.4000000001e+05    8.9811720434e-02
    4.4025000001e+05    1.0729787015e-01
    4.4050000001e+05    1.2330221360e-01
    4.4075000001e+05    8.9763801310e-02
    4.4100000001e+05    9.5836586714e-02
    4.4125000001e+05    1.0425191775e-01
    4.4150000001e+05    8.5546232513e-02
    4.4175000001e+05    1.3066307710e-01
    4.4200000001e+05    8.7084693190e-02
    4.4225000001e+05    8.4493431547e-02
    4.4250000001e+05    9.1494620380e-02
    4.4275000001e+05    9.2305613809e-02
    4.4300000001e+05    9.8529625144e-02
    4.4325000001e+05    9.8714035857e-02
    4.4350000001e+05    9.5476034834e-02
    4.4375000001e+05    1.0482426719e-01
    4.4400000001e+05    1.1374383129e-01
    4.4425000001e+05    9.1359529864e-02
    4.4450000001e+05    8.7320950957e-02
    4.4475000001e+05    1.0485966029e-01
    4.4500000001e+05    9.9563826606e-02
    4.4525000001e+05    1.2428249697e-01
    4.4550000001e+05    8.6439195596e-02
    4.4575000001e+05    8.7295033733e-02
    4.4600000001e+05    8.8495048766e-02
    4.4625000001e+05    1.0344724030e-01
    4.4650000001e+05    1.0988206120e-01
    4.4675000001e+05    1.1970593274e-01
    4.4700000001e+05    1.0319023772e-01
    4.4725000001e+05    1.0679431480e-01
    4.4750000001e+05    1.0814482964e-01
    4.4775000001e+05    1.0886181045e-01
    4.4800000001e+05    1.0411148734e-01
    4.4825000001e+05    8.6330175493e-02
    4.4850000001e+05    8.5142845256e-02
    4.4875000001e+05    1.0643005742e-01
    4.4900000001e+05    1.0024451703e-01
    4.4925000001e+05    1.0359604784e-01
    4.4950000001e+05    8.1982255423e-02
    4.4975000001e+05    1.0722590050e-01
    4.5000000001e+05    1.1098991207e-01
    4.5025000001e+05    8.6673743100e-02
    4.5050000001e+05    1.2070257783e-01
    4.5075000001e+05    8.5921881220e-02
    4.5100000001e+05    1.0797662503e-01
    4.5125000001e+05    1.2016231094e-01
    4.5150000001e+05    1.1261444077e-01
    4.5175000001e+05    9.6401203177e-02
    4.5200000001e+05    1.5516001751e-01
    4.5225000001e+05    1.9623951267e-01
    4.5250000001e+05    1.4207653061e-01
    4.5275000001e+05    9.0209444200e-02
    4.5300000001e+05    9.3950317015e-02
    4.5325000001e+05    8.3928747577e-02
    4.5350000001e+05    8.7631298071e-02
    4.5375000001e+05    8.8189637514e-02
    4.5400000001e+05    1.0688921503e-01
    4.5425000001e+05    1.0413613837e-01
    4.5450000001e+05    1.2716035166e-01
    4.5475000001e+05    1.3590476886e-01
    4.5500000001e+05    1.0323057632e-01
    4.5525000001e+05    1.0900357523e-01
    4.5550000001e+05    8.0429079051e-02
    4.5575000001e+05    1.1813527917e-01
    4.5600000001e+05    9.1450415899e-02
    4.5625000001e+05    9.3604441862e-02
    4.5650000001e+05    9.2184903594e-02
    4.5675000001e+05    1.0696002655e-01
    4.5700000001e+05    9.3596126170e-02
    4.5725000001e+05    9.9567067865e-02
    4.5750000001e+05    1.0282506607e-01
    4.5775000001e+05    1.0004857077e-01
    4.5800000001e+05    9.0648778279e-02
    4.5825000001e+05    1.1436893616e-01
    4.5850000001e+05    1.1106663914e-01
    4.5875000001e+05    9.8761764280e-02
    4.5900000001e+05    1.0997376132e-01
    4.5925000001e+05    1.1366900982e-01
    4.5950000001e+05    1.2059469477e-01
    4.5975000001e+05    1.2426387880e-01
    4.6000000001e+05    1.1470378321e-01
    4.6025000001e+05    1.0646185452e-01
    4.6050000001e+05    9.6376622642e-02
    4.6075000001e+05    9.9431527335e-02
    4.6100000001e+05    1.0597530722e-01
    4.6125000001e+05    1.1352963690e-01
    4.6150000001e+05    9.7934137989e-02
    4.6175000001e+05    1.1713394804e-01
    4.6200000001e+05    9.7651548559e-02
    4.6225000001e+05    1.2640742844e-01
    4.6250000001e+05    1.0422820763e-01
    4.6275000001e+05    1.1384338245e-01
    4.6300000001e+05    1.2879377446e-01
    4.6325000001e+05    9.6794321385e-02
    4.6350000001e+05    1.0908714548e-01
    4.6375000001e+05    1.1563969807e-01
    4.6400000001e+05    1.1318266699e-01
    4.6425000001e+05    1.1533151433e-01
    4.6450000001e+05    1.2430341480e-01
    4.6475000001e+05    8.3664038991e-02
    4.6500000001e+05    1.1733895903e-01
    4.6525000001e+05    9.3172707275e-02
    4.6550000001e+05    1.1354615968e-01
    4.6575000001e+05    1.1531190107e-01
    4.6600000001e+05    9.5955357030e-02
    4.6625000001e+05    9.0899114059e-02
    4.6650000001e+05    1.0595174299e-01
    4.6675000001e+05    1.0959623980e-01
    4.6700000001e+05    9.8580607345e-02
    4.6725000001e+05    1.0164688182e-01
    4.6750000001e+05    9.0149596708e-02
    4.6775000001e+05    9.8430128689e-02
    4.6800000001e+05    9.9371193272e-02
    4.6825000001e+05    1.0920659030e-01
    4.6850000001e+05    9.6307582967e-02
    4.6875000001e+05    1.0420087486e-01
    4.6900000001e+05    9.6894838521e-02
    4.6925000001e+05    9.3264458763e-02
    4.6950000001e+05    9.7163308284e-02
    4.6975000001e+05    9.1189014913e-02
    4.7000000001e+05    9.6745103203e-02
    4.7025000001e+05    9.1685033373e-02
    4.7050000001e+05    1.1546326555e-01
    4.7075000001e+05    8.8437423129e-02
    4.7100000001e+05    7.9732619761e-02
    4.7125000001e+05    1.0130037348e-01
    4.7150000001e+05    8.6677601204e-02
    4.7175000001e+05    1.2395311255e-01
    4.7200000001e+05    1.5645696264e-01
    4.7225000001e+05    1.4024674444e-01
    4.7250000001e+05    1.2448416308e-01
    4.7275000001e+05    1.1261325663e-01
    4.7300000001e+05    9.4589071815e-02
    4.7325000001e+05    8.7318371288e-02
    4.7350000001e+05    1.1574052125e-01
    4.7375000001e+05    1.1838026014e-01
    4.7400000001e+05    1.9830231462e-01
    4.7425000001e+05    1.4335226988e-01
    4.7450000001e+05    1.6677018203e-01
    4.7475000001e+05    1.1270499440e-01
    4.7500000001e+05    1.0209618746e-01
    4.7525000001e+05    9.8751846370e-02
    4.7550000001e+05    1.1541979432e-01
    4.7575000001e+05    9.3716080628e-02
    4.7600000001e+05    1.2331724750e-01
    4.7625000001e+05    1.1514722960e-01
    4.7650000001e+05    1.0818510158e-01
    4.7675000001e+05    1.0380866965e-01
    4.7700000001e+05    9.6141428502e-02
    4.7725000001e+05    1.1018371184e-01
    4.7750000001e+05    8.4866389138e-02
    4.7775000001e+05    8.5739514793e-02
    4.7800000001e+05    1.1901303138e-01
    4.7825000001e+05    8.5023183420e-02
    4.7850000001e+05    9.4023387556e-02
    4.7875000001e+05    1.3171440453e-01
    4.7900000001e+05    9.4969891217e-02
    4.7925000001e+05    7.9306681793e-02
    4.7950000001e+05    1.0998763729e-01
    4.7975000001e+05    9.4152664527e-02
    4.8000000001e+05    8.4848196911e-02
    4.8025000001e+05    1.0845243407e-01
    4.8050000001e+05    9.2183952945e-02
    4.8075000001e+05    1.2583023621e-01
    4.8100000001e+05    1.2434314751e-01
    4.8125000001e+05    1.1179868270e-01
    4.8150000001e+05    1.0497792542e-01
    4.8175000001e+05    9.1034806817e-02
    4.8200000001e+05    9.6062163915e-02
    4.8225000001e+05    1.0557351372e-01
    4.8250000001e+05    1.2850243265e-01
    4.8275000001e+05    9.7817082136e-02
    4.8300000001e+05    9.3167587102e-02
    4.8325000001e+05    8.9044485574e-02
    4.8350000001e+05    9.4651673035e-02
    4.8375000001e+05    1.0795990627e-01
    4.8400000001e+05    9.2080021447e-02
    4.8425000001e+05    9.6106979678e-02
    4.8450000001e+05    9.1934843482e-02
    4.8475000001e+05    9.6557072039e-02
    4.8500000001e+05    1.0778411030e-01
    4.8525000001e+05    1.1606649314e-01
    4.8550000001e+05    8.3722107205e-02
    4.8575000001e+05    8.6985828663e-02
    4.8600000001e+05    9.3385537408e-02
    4.8625000001e+05    8.6937225601e-02
    4.8650000001e+05    1.1373651174e-01
    4.8675000001e+05    1.1017286812e-01
    4.8700000001e+05    1.1794204795e-01
    4.8725000001e+05    9.8240286809e-02
    4.8750000001e+05    9.0705796336e-02
    4.8775000001e+05    1.2075641456e-01
    4.8800000001e+05    9.6355846175e-02
    4.8825000001e+05    1.0205335400e-01
    4.8850000001e+05    1.0426313700e-01
    4.8875000001e+05    8.6674543343e-02
    4.8900000001e+05    9.9546882693e-02
    4.8925000001e+05    9.9167146421e-02
    4.8950000001e+05    9.5236940952e-02
    4.8975000001e+05    9.6313186818e-02
    4.9000000001e+05    9.7254575904e-02
    4.9025000001e+05    1.3003682846e-01
    4.9050000001e+05    1.0104417992e-01
    4.9075000001e+05    8.8679934924e-02
    4.9100000001e+05    1.1812750579e-01
    4.9125000001e+05    1.1024679889e-01
    4.9150000001e+05    9.1218913217e-02
    4.9175000001e+05    1.3266548168e-01
    4.9200000001e+05    9.3710952706e-02
    4.9225000001e+05    9.1400034993e-02
    4.9250000001e+05    8.9946236958e-02
    4.9275000001e+05    9.8738628766e-02
    4.9300000001e+05    9.0479587771e-02
    4.9325000001e+05    9.0536136254e-02
    4.9350000001e+05    1.1765693950e-01
    4.9375000001e+05    1.1332300649e-01
    4.9400000001e+05    1.0103152856e-01
    4.9425000001e+05    1.1262834495e-01
    4.9450000001e+05    1.1133773344e-01
    4.9475000001e+05    1.0941543585e-01
    4.9500000001e+05    1.0008508966e-01
    4.9525000001e+05    1.0905284636e-01
    4.9550000001e+05    9.0909582670e-02
    4.9575000001e+05    1.2949024457e-01
    4.9600000001e+05    1.2852617339e-01
    4.9625000001e+05    1.2053836822e-01
    4.9650000001e+05    1.1475638219e-01
    4.9675000001e+05    9.2606525669e-02
    4.9700000001e+05    1.2548179703e-01
    4.9725000001e+05    9.4463869397e-02
    4.9750000001e+05    1.0934531681e-01
    4.9775000001e+05    1.0422503120e-01
    4.9800000001e+05    1.1084769169e-01
    4.9825000001e+05    1.1003369128e-01
    4.9850000001e+05    9.6537303086e-02
    4.9875000001e+05    1.1962047111e-01
    4.9900000001e+05    1.2845860989e-01
    4.9925000001e+05    9.0988700291e-02
    4.9950000001e+05    1.1473543938e-01
    4.9975000001e+05    1.0258971507e-01
    5.0000000001e+05    1.0890537749e-01
