    7.5000000000e+01    2.9064224890e-01
    1.5000000000e+02    2.5333567396e-01
    2.2500000000e+02    2.0538078101e-01
    3.0000000000e+02    1.7273451580e-01
    3.7500000000e+02    2.2853848076e-01
    4.5000000000e+02    4.7767901514e-01
    5.2500000000e+02    3.4505824662e-01
    6.0000000000e+02    3.3329811993e-01
    6.7500000000e+02    3.0796857590e-01
    7.5000000000e+02    6.4071845905e-01
    8.2500000000e+02    6.9617411859e-01
    9.0000000000e+02    7.7892593118e-01
    9.7500000000e+02    5.6115662969e-01
    1.0500000000e+03    3.2332897477e-01
    1.1250000000e+03    6.8716619445e-01
    1.2000000000e+03    6.1158810574e-01
    1.2750000000e+03    8.8470173649e-01
    1.3500000000e+03    5.9967492428e-01
    1.4250000000e+03    3.5935810223e-01
    1.5000000000e+03    3.4336558642e-01
    1.5750000000e+03    2.5845901409e-01
    1.6500000000e+03    2.9883923955e-01
    1.7250000000e+03    3.4548668652e-01
    1.8000000000e+03    3.2425215558e-01
    1.8750000000e+03    2.1646611040e-01
    1.9500000000e+03    4.6411151381e-01
    2.0250000000e+03    5.6079703976e-01
    2.1000000000e+03    3.8723140210e-01
    2.1750000000e+03    4.5430364407e-01
    2.2500000000e+03    5.8558006916e-01
    2.3250000000e+03    6.8633100439e-01
    2.4000000000e+03    4.6868674260e-01
    2.4750000000e+03    3.0309958214e-01
    2.5500000000e+03    4.0555286211e-01
    2.6250000000e+03    5.3802757301e-01
    2.7000000000e+03    4.7403511398e-01
    2.7750000000e+03    3.5062812083e-01
    2.8500000000e+03    2.6964712559e-01
    2.9250000000e+03    2.8511880968e-01
    3.0000000000e+03    3.1222285024e-01
    3.0750000000e+03    3.2579264942e-01
    3.1500000000e+03    3.7291947694e-01
    3.2250000000e+03    1.9289141062e-01
    3.3000000000e+03    2.9897161626e-01
    3.3750000000e+03    2.9956770267e-01
    3.4500000000e+03    3.2655843353e-01
    3.5250000000e+03    2.3816428692e-01
    3.6000000000e+03    2.4732440500e-01
    3.6750000000e+03    3.5278227502e-01
    3.7500000000e+03    6.0723172590e-01
    3.8250000000e+03    5.9604485593e-01
    3.9000000000e+03    7.4258473167e-01
    3.9750000000e+03    6.8973527054e-01
    4.0500000000e+03    9.0483107740e-01
    4.1250000000e+03    7.9522642809e-01
    4.2000000000e+03    6.0430449874e-01
    4.2750000000e+03    4.0378991029e-01
    4.3500000000e+03    2.9668270391e-01
    4.4250000000e+03    3.2527903094e-01
    4.5000000000e+03    2.4569369048e-01
    4.5750000000e+03    6.5437470466e-01
    4.6500000000e+03    8.8017268092e-01
    4.7250000000e+03    7.1178019210e-01
    4.8000000000e+03    4.9570675689e-01
    4.8750000000e+03    7.4520004621e-01
    4.9500000000e+03    4.0260105956e-01
    5.0250000000e+03    3.0391447159e-01
    5.1000000000e+03    3.4549070920e-01
    5.1750000000e+03    4.2169329529e-01
    5.2500000000e+03    4.0661905318e-01
    5.3250000000e+03    3.4348779233e-01
    5.4000000000e+03    4.3611327588e-01
    5.4750000000e+03    3.3741276565e-01
    5.5500000000e+03    3.5414048858e-01
    5.6250000000e+03    2.7196486494e-01
    5.7000000000e+03    4.5601135961e-01
    5.7750000000e+03    4.1034233893e-01
    5.8500000000e+03    3.4941574365e-01
    5.9250000000e+03    3.3186210618e-01
    6.0000000000e+03    4.8313885292e-01
    6.0750000000e+03    3.6805554708e-01
    6.1500000000e+03    2.5450655312e-01
    6.2250000000e+03    4.7503158244e-01
    6.3000000000e+03    5.1784102155e-01
    6.3750000000e+03    3.1855897741e-01
    6.4500000000e+03    3.3556188120e-01
    6.5250000000e+03    2.7972795823e-01
    6.6000000000e+03    2.6713589937e-01
    6.6750000000e+03    3.4217553572e-01
    6.7500000000e+03    3.0116681863e-01
    6.8250000000e+03    4.0078366181e-01
    6.9000000000e+03    2.8892620306e-01
    6.9750000000e+03    2.1142170260e-01
    7.0500000000e+03    1.8957521454e-01
    7.1250000000e+03    2.6536839952e-01
    7.2000000000e+03    2.0294929286e-01
    7.2750000000e+03    2.2417510426e-01
    7.3500000000e+03    2.4290910453e-01
    7.4250000000e+03    1.9554145732e-01
    7.5000000000e+03    2.0360748240e-01
    7.5750000000e+03    1.7950139137e-01
    7.6500000000e+03    1.2813532309e-01
    7.7250000000e+03    1.2798159972e-01
    7.8000000000e+03    1.0056343728e-01
    7.8750000000e+03    1.1024601785e-01
    7.9500000000e+03    1.3739305280e-01
    8.0250000000e+03    1.2470698796e-01
    8.1000000000e+03    1.2194608306e-01
    8.1750000000e+03    1.2333308896e-01
    8.2500000000e+03    1.4267091446e-01
    8.3250000000e+03    1.4063484150e-01
    8.4000000000e+03    1.2416367614e-01
    8.4750000000e+03    1.3641982857e-01
    8.5500000000e+03    1.0719952881e-01
    8.6250000000e+03    1.2679110207e-01
    8.7000000000e+03    1.6265378928e-01
    8.7750000000e+03    1.6354707101e-01
    8.8500000000e+03    1.6382442881e-01
    8.9250000000e+03    1.3984535228e-01
    9.0000000000e+03    1.3263714958e-01
    9.0750000000e+03    1.4826401457e-01
    9.1500000000e+03    1.8317398098e-01
    9.2250000000e+03    1.6564365433e-01
    9.3000000000e+03    1.5170187999e-01
    9.3750000000e+03    1.2705137414e-01
    9.4500000000e+03    1.3864365810e-01
    9.5250000000e+03    1.1355975435e-01
    9.6000000000e+03    1.1241556487e-01
    9.6750000000e+03    1.0202116353e-01
    9.7500000000e+03    1.5912738164e-01
    9.8250000000e+03    1.7879795932e-01
    9.9000000000e+03    1.2067662798e-01
    9.9750000000e+03    1.3078345658e-01
    1.0050000000e+04    1.1676423657e-01
    1.0125000000e+04    1.3097668366e-01
    1.0200000000e+04    1.5171726811e-01
    1.0275000000e+04    1.3520671748e-01
    1.0350000000e+04    2.4157055800e-01
    1.0425000000e+04    1.6875943447e-01
    1.0500000000e+04    1.8981701052e-01
    1.0575000000e+04    2.4380763979e-01
    1.0650000000e+04    1.7245536534e-01
    1.0725000000e+04    1.8486985777e-01
    1.0800000000e+04    1.7468272121e-01
    1.0875000000e+04    1.9777316198e-01
    1.0950000000e+04    1.4975510104e-01
    1.1025000000e+04    1.4044702990e-01
    1.1100000000e+04    1.6938670545e-01
    1.1175000000e+04    2.1330053074e-01
    1.1250000000e+04    1.4674028523e-01
    1.1325000000e+04    1.3600747127e-01
    1.1400000000e+04    1.7421254024e-01
    1.1475000000e+04    1.3175248460e-01
    1.1550000000e+04    1.2634564619e-01
    1.1625000000e+04    1.2125017542e-01
    1.1700000000e+04    1.3709737453e-01
    1.1775000000e+04    1.2932575945e-01
    1.1850000000e+04    1.5597958571e-01
    1.1925000000e+04    1.4362768154e-01
    1.2000000000e+04    1.5501105799e-01
    1.2075000000e+04    1.2992148244e-01
    1.2150000000e+04    1.5255763609e-01
    1.2225000000e+04    1.5373602692e-01
    1.2300000000e+04    1.4270438664e-01
    1.2375000000e+04    1.3941383203e-01
    1.2450000000e+04    1.7653152937e-01
    1.2525000000e+04    1.8298782182e-01
    1.2600000000e+04    1.3080406359e-01
    1.2675000000e+04    9.8127137523e-02
    1.2750000000e+04    1.1600297336e-01
    1.2825000000e+04    1.3197910165e-01
    1.2900000000e+04    1.1221584231e-01
    1.2975000000e+04    1.2165685005e-01
    1.3050000000e+04    1.1685575803e-01
    1.3125000000e+04    1.5146852030e-01
    1.3200000000e+04    1.7499053910e-01
    1.3275000000e+04    1.7490845220e-01
    1.3350000000e+04    1.4999922415e-01
    1.3425000000e+04    2.0453693695e-01
    1.3500000000e+04    1.3108054660e-01
    1.3575000000e+04    1.3766926403e-01
    1.3650000000e+04    1.3000195902e-01
    1.3725000000e+04    1.1716872925e-01
    1.3800000000e+04    1.7701207981e-01
    1.3875000000e+04    1.1804008741e-01
    1.3950000000e+04    1.1656210871e-01
    1.4025000000e+04    1.9605724080e-01
    1.4100000000e+04    1.7307919777e-01
    1.4175000000e+04    1.3901942398e-01
    1.4250000000e+04    1.2950895877e-01
    1.4325000000e+04    1.0198631353e-01
    1.4400000000e+04    1.0714421088e-01
    1.4475000000e+04    1.3609549031e-01
    1.4550000000e+04    1.0436501481e-01
    1.4625000000e+04    1.3358801629e-01
    1.4700000000e+04    1.4147319553e-01
    1.4775000000e+04    1.0094093450e-01
    1.4850000000e+04    1.2092129825e-01
    1.4925000000e+04    1.0289335314e-01
    1.5000000000e+04    1.2525530917e-01
    1.5075000000e+04    1.6601895149e-01
    1.5150000000e+04    1.0887022577e-01
    1.5225000000e+04    1.5255381270e-01
    1.5300000000e+04    1.1544261529e-01
    1.5375000000e+04    1.4474658492e-01
    1.5450000000e+04    1.0517834671e-01
    1.5525000000e+04    9.5616430956e-02
    1.5600000000e+04    9.9968831081e-02
    1.5675000000e+04    1.0383550150e-01
    1.5750000000e+04    1.3300688260e-01
    1.5825000000e+04    1.2191665348e-01
    1.5900000000e+04    1.1347943288e-01
    1.5975000000e+04    1.1631841220e-01
    1.6050000000e+04    1.2074602822e-01
    1.6125000000e+04    1.3600409305e-01
    1.6200000000e+04    1.0650278140e-01
    1.6275000000e+04    1.4816416982e-01
    1.6350000000e+04    1.4263841516e-01
    1.6425000000e+04    1.0159501877e-01
    1.6500000000e+04    9.6637239605e-02
    1.6575000000e+04    1.1147701073e-01
    1.6650000000e+04    1.3728761915e-01
    1.6725000000e+04    1.2796530331e-01
    1.6800000000e+04    1.0567038075e-01
    1.6875000000e+04    8.9475392138e-02
    1.6950000000e+04    1.0847757887e-01
    1.7025000000e+04    1.4917105013e-01
    1.7100000000e+04    1.6261770011e-01
    1.7175000000e+04    1.3169060881e-01
    1.7250000000e+04    1.5887159629e-01
    1.7325000000e+04    1.5091086299e-01
    1.7400000000e+04    1.4116117574e-01
    1.7475000000e+04    1.2653728420e-01
    1.7550000000e+04    1.0931616272e-01
    1.7625000000e+04    9.9514273299e-02
    1.7700000000e+04    1.4011100780e-01
    1.7775000000e+04    1.0585750920e-01
    1.7850000000e+04    9.2268728239e-02
    1.7925000000e+04    1.6123664809e-01
    1.8000000000e+04    1.5848213809e-01
    1.8075000000e+04    1.0208836217e-01
    1.8150000000e+04    1.0740999524e-01
    1.8225000000e+04    1.1402719697e-01
    1.8300000000e+04    1.0639303282e-01
    1.8375000000e+04    1.7466869930e-01
    1.8450000000e+04    1.3487436838e-01
    1.8525000000e+04    1.0156361287e-01
    1.8600000000e+04    1.1320775818e-01
    1.8675000000e+04    1.3720461876e-01
    1.8750000000e+04    1.4395304890e-01
    1.8825000000e+04    1.1146908401e-01
    1.8900000000e+04    1.4117852396e-01
    1.8975000000e+04    1.4216040182e-01
    1.9050000000e+04    1.2281220445e-01
    1.9125000000e+04    1.0570479964e-01
    1.9200000000e+04    1.0251566387e-01
    1.9275000000e+04    1.0851094354e-01
    1.9350000000e+04    1.0733368350e-01
    1.9425000000e+04    9.6272157620e-02
    1.9500000000e+04    1.0369486907e-01
    1.9575000000e+04    1.1228479314e-01
    1.9650000000e+04    1.1469076725e-01
    1.9725000000e+04    1.0905991655e-01
    1.9800000000e+04    1.1438274421e-01
    1.9875000000e+04    1.0916236385e-01
    1.9950000000e+04    1.1355065934e-01
    2.0025000000e+04    1.3223545791e-01
    2.0100000000e+04    1.5607616396e-01
    2.0175000000e+04    1.4275046799e-01
    2.0250000000e+04    1.2229277927e-01
    2.0325000000e+04    1.1076431185e-01
    2.0400000000e+04    1.0735821088e-01
    2.0475000000e+04    1.2927684854e-01
    2.0550000000e+04    1.0880655921e-01
    2.0625000000e+04    1.1713351610e-01
    2.0700000000e+04    9.5640145915e-02
    2.0775000000e+04    1.2676681593e-01
    2.0850000000e+04    1.6511078733e-01
    2.0925000000e+04    1.4413682114e-01
    2.1000000000e+04    1.1166173265e-01
    2.1075000000e+04    1.0036713954e-01
    2.1150000000e+04    1.0218186985e-01
    2.1225000000e+04    1.0119773901e-01
    2.1300000000e+04    1.2222191253e-01
    2.1375000000e+04    1.3885219086e-01
    2.1450000000e+04    1.2038709702e-01
    2.1525000000e+04    1.0746528216e-01
    2.1600000000e+04    1.1124113575e-01
    2.1675000000e+04    1.0182378987e-01
    2.1750000000e+04    1.2874504290e-01
    2.1825000000e+04    1.3042696707e-01
    2.1900000000e+04    1.1651583946e-01
    2.1975000000e+04    1.1283116308e-01
    2.2050000000e+04    1.2751106451e-01
    2.2125000000e+04    1.0147590829e-01
    2.2200000000e+04    1.0152481466e-01
    2.2275000000e+04    9.3813303991e-02
    2.2350000000e+04    9.2648297814e-02
    2.2425000000e+04    1.4854850939e-01
    2.2500000000e+04    1.1849291230e-01
    2.2575000000e+04    1.1943057012e-01
    2.2650000000e+04    1.1379813859e-01
    2.2725000000e+04    1.5174969819e-01
    2.2800000000e+04    1.3757906097e-01
    2.2875000000e+04    1.4515419167e-01
    2.2950000000e+04    1.7928572449e-01
    2.3025000000e+04    1.7408437289e-01
    2.3100000000e+04    1.3238918400e-01
    2.3175000000e+04    1.1223688693e-01
    2.3250000000e+04    1.1625059239e-01
    2.3325000000e+04    1.1485628181e-01
    2.3400000000e+04    1.0981769967e-01
    2.3475000000e+04    9.1996770044e-02
    2.3550000000e+04    1.6103206972e-01
    2.3625000000e+04    1.1006569835e-01
    2.3700000000e+04    1.2694750621e-01
    2.3775000000e+04    1.0498070330e-01
    2.3850000000e+04    1.5394995033e-01
    2.3925000000e+04    1.2145866358e-01
    2.4000000000e+04    1.3519447844e-01
    2.4075000000e+04    1.4792274973e-01
    2.4150000000e+04    1.4984083140e-01
    2.4225000000e+04    1.3297099666e-01
    2.4300000000e+04    1.0686208767e-01
    2.4375000000e+04    1.0421367182e-01
    2.4450000000e+04    1.0905980674e-01
    2.4525000000e+04    1.0992454467e-01
    2.4600000000e+04    1.1902616856e-01
    2.4675000000e+04    1.0241426422e-01
    2.4750000000e+04    1.0014344587e-01
    2.4825000000e+04    1.2697978130e-01
    2.4900000000e+04    1.2467678760e-01
    2.4975000000e+04    1.7301994972e-01
    2.5050000000e+04    1.3374003214e-01
    2.5125000000e+04    1.1792105493e-01
    2.5200000000e+04    1.0658092841e-01
    2.5275000000e+04    9.3642022727e-02
    2.5350000000e+04    1.2832064249e-01
    2.5425000000e+04    1.1405028727e-01
    2.5500000000e+04    1.2807584884e-01
    2.5575000000e+04    2.0054871461e-01
    2.5650000000e+04    1.0491841736e-01
    2.5725000000e+04    1.4590609362e-01
    2.5800000000e+04    1.6438637492e-01
    2.5875000000e+04    1.3159329222e-01
    2.5950000000e+04    1.2112619199e-01
    2.6025000000e+04    1.1265018882e-01
    2.6100000000e+04    1.4034325014e-01
    2.6175000000e+04    1.3138149861e-01
    2.6250000000e+04    1.5781245193e-01
    2.6325000000e+04    1.5112565423e-01
    2.6400000000e+04    1.7048168702e-01
    2.6475000000e+04    1.9566301798e-01
    2.6550000000e+04    1.5658371848e-01
    2.6625000000e+04    1.5900405744e-01
    2.6700000000e+04    1.4404411678e-01
    2.6775000000e+04    1.3958521544e-01
    2.6850000000e+04    1.1978873386e-01
    2.6925000000e+04    8.9869310277e-02
    2.7000000000e+04    1.0006211474e-01
    2.7075000000e+04    1.0013296990e-01
    2.7150000000e+04    1.2570167326e-01
    2.7225000000e+04    1.5235151760e-01
    2.7300000000e+04    1.1039429063e-01
    2.7375000000e+04    1.1651260729e-01
    2.7450000000e+04    1.4745201791e-01
    2.7525000000e+04    1.4089753362e-01
    2.7600000000e+04    1.5930173326e-01
    2.7675000000e+04    1.3332498595e-01
    2.7750000000e+04    1.6242737831e-01
    2.7825000000e+04    1.4201679857e-01
    2.7900000000e+04    1.4047830409e-01
    2.7975000000e+04    1.5805059494e-01
    2.8050000000e+04    1.4654218118e-01
    2.8125000000e+04    1.2992716450e-01
    2.8200000000e+04    1.3531869288e-01
    2.8275000000e+04    1.4996791726e-01
    2.8350000000e+04    1.2389501897e-01
    2.8425000000e+04    1.2900095408e-01
    2.8500000000e+04    1.0961833781e-01
    2.8575000000e+04    1.2144496043e-01
    2.8650000000e+04    1.4681367335e-01
    2.8725000000e+04    1.6455758165e-01
    2.8800000000e+04    1.8071229112e-01
    2.8875000000e+04    2.2397669829e-01
    2.8950000000e+04    1.5125813257e-01
    2.9025000000e+04    1.8773984647e-01
    2.9100000000e+04    1.2515348983e-01
    2.9175000000e+04    1.8684106171e-01
    2.9250000000e+04    1.7348427899e-01
    2.9325000000e+04    1.4510108951e-01
    2.9400000000e+04    1.4427844837e-01
    2.9475000000e+04    9.5494229583e-02
    2.9550000000e+04    1.2842842143e-01
    2.9625000000e+04    1.2509151668e-01
    2.9700000000e+04    1.1284451410e-01
    2.9775000000e+04    1.3485889092e-01
    2.9850000000e+04    1.1971244418e-01
    2.9925000000e+04    1.5024161793e-01
    3.0000000000e+04    1.2078275778e-01
    3.0075000000e+04    9.7040796087e-02
    3.0150000000e+04    1.2147186454e-01
    3.0225000000e+04    1.3622414627e-01
    3.0300000000e+04    1.3625354693e-01
    3.0375000000e+04    1.6335248382e-01
    3.0450000000e+04    1.2085279362e-01
    3.0525000000e+04    1.1862309967e-01
    3.0600000000e+04    1.5817164179e-01
    3.0675000000e+04    1.0224891230e-01
    3.0750000000e+04    1.1653475074e-01
    3.0825000000e+04    1.1374054566e-01
    3.0900000000e+04    1.0036120173e-01
    3.0975000000e+04    1.1813177774e-01
    3.1050000000e+04    1.0180624928e-01
    3.1125000000e+04    1.1930810208e-01
    3.1200000000e+04    1.1825243138e-01
    3.1275000000e+04    1.4661422910e-01
    3.1350000000e+04    1.6579287765e-01
    3.1425000000e+04    1.2280884947e-01
    3.1500000000e+04    1.1392193765e-01
    3.1575000000e+04    1.1704718518e-01
    3.1650000000e+04    1.2294443434e-01
    3.1725000000e+04    1.3373781277e-01
    3.1800000000e+04    1.0943178409e-01
    3.1875000000e+04    1.1779204760e-01
    3.1950000000e+04    1.0351668366e-01
    3.2025000000e+04    9.7427240026e-02
    3.2100000000e+04    1.4648119070e-01
    3.2175000000e+04    1.0817731598e-01
    3.2250000000e+04    1.4824675234e-01
    3.2325000000e+04    2.2364341176e-01
    3.2400000000e+04    1.1739412799e-01
    3.2475000000e+04    1.3265850363e-01
    3.2550000000e+04    1.4255056792e-01
    3.2625000000e+04    1.0234808322e-01
    3.2700000000e+04    1.4882184470e-01
    3.2775000000e+04    1.1354824936e-01
    3.2850000000e+04    1.4301631395e-01
    3.2925000000e+04    1.0190619783e-01
    3.3000000000e+04    1.5624459082e-01
    3.3075000000e+04    1.3702277856e-01
    3.3150000000e+04    9.7287593183e-02
    3.3225000000e+04    1.1202974456e-01
    3.3300000000e+04    1.2073507715e-01
    3.3375000000e+04    1.3887515214e-01
    3.3450000000e+04    1.0393816150e-01
    3.3525000000e+04    1.0479194858e-01
    3.3600000000e+04    1.4114783392e-01
    3.3675000000e+04    1.2094877139e-01
    3.3750000000e+04    1.1683135115e-01
    3.3825000000e+04    1.2333719519e-01
    3.3900000000e+04    1.2878508981e-01
    3.3975000000e+04    1.4095307311e-01
    3.4050000000e+04    1.5842972878e-01
    3.4125000000e+04    1.1145968216e-01
    3.4200000000e+04    1.3762927883e-01
    3.4275000000e+04    1.0667992712e-01
    3.4350000000e+04    1.3919065773e-01
    3.4425000000e+04    1.0951281597e-01
    3.4500000000e+04    1.2042382927e-01
    3.4575000000e+04    1.3487775401e-01
    3.4650000000e+04    1.0518941444e-01
    3.4725000000e+04    1.0458559808e-01
    3.4800000000e+04    1.4669445060e-01
    3.4875000000e+04    1.4274616212e-01
    3.4950000000e+04    1.2032635340e-01
    3.5025000000e+04    1.5976499514e-01
    3.5100000000e+04    1.4732219437e-01
    3.5175000000e+04    1.7310175256e-01
    3.5250000000e+04    1.2400887436e-01
    3.5325000000e+04    1.2377880825e-01
    3.5400000000e+04    1.4456095491e-01
    3.5475000000e+04    1.1028515531e-01
    3.5550000000e+04    1.0748619141e-01
    3.5625000000e+04    9.6389485428e-02
    3.5700000000e+04    1.2537072614e-01
    3.5775000000e+04    1.3928960539e-01
    3.5850000000e+04    2.8062779879e-01
    3.5925000000e+04    1.5584850044e-01
    3.6000000000e+04    2.0445998888e-01
    3.6075000000e+04    1.5824532692e-01
    3.6150000000e+04    1.6184454472e-01
    3.6225000000e+04    1.4191424537e-01
    3.6300000000e+04    1.4018266787e-01
    3.6375000000e+04    1.0574209467e-01
    3.6450000000e+04    1.3128578238e-01
    3.6525000000e+04    1.1531880600e-01
    3.6600000000e+04    1.3138912457e-01
    3.6675000000e+04    1.1884356011e-01
    3.6750000000e+04    1.0788395052e-01
    3.6825000000e+04    1.0141051535e-01
    3.6900000000e+04    1.0815442821e-01
    3.6975000000e+04    1.6307633013e-01
    3.7050000000e+04    1.4251406667e-01
    3.7125000000e+04    1.1661899270e-01
    3.7200000000e+04    1.4546770559e-01
    3.7275000000e+04    1.1044035530e-01
    3.7350000000e+04    1.3574383284e-01
    3.7425000000e+04    1.1760768992e-01
    3.7500000000e+04    1.1256069383e-01
    3.7575000000e+04    1.8174344036e-01
    3.7650000000e+04    1.6879657772e-01
    3.7725000000e+04    2.0276289286e-01
    3.7800000000e+04    1.5534197624e-01
    3.7875000000e+04    1.1015477511e-01
    3.7950000000e+04    1.2773384734e-01
    3.8025000000e+04    1.2383011993e-01
    3.8100000000e+04    1.3305278008e-01
    3.8175000000e+04    1.3048964522e-01
    3.8250000000e+04    1.3347682258e-01
    3.8325000000e+04    1.1234674405e-01
    3.8400000000e+04    1.0713167940e-01
    3.8475000000e+04    9.4642628065e-02
    3.8550000000e+04    1.3392169033e-01
    3.8625000000e+04    1.3819991857e-01
    3.8700000000e+04    1.2387992709e-01
    3.8775000000e+04    1.5191034051e-01
    3.8850000000e+04    1.2847552358e-01
    3.8925000000e+04    9.8997370750e-02
    3.9000000000e+04    1.1121970197e-01
    3.9075000000e+04    1.1554988706e-01
    3.9150000000e+04    1.4608836608e-01
    3.9225000000e+04    1.4758830794e-01
    3.9300000000e+04    1.1810579041e-01
    3.9375000000e+04    9.9655760562e-02
    3.9450000000e+04    1.1511244349e-01
    3.9525000000e+04    1.2754307279e-01
    3.9600000000e+04    1.0507041352e-01
    3.9675000000e+04    1.1620321694e-01
    3.9750000000e+04    1.3418718820e-01
    3.9825000000e+04    1.4727997761e-01
    3.9900000000e+04    1.5542280478e-01
    3.9975000000e+04    1.4771876210e-01
    4.0050000000e+04    1.0999862947e-01
    4.0125000000e+04    9.5711010176e-02
    4.0200000000e+04    1.1561926805e-01
    4.0275000000e+04    1.2213619200e-01
    4.0350000000e+04    1.1304646382e-01
    4.0425000000e+04    1.2820066788e-01
    4.0500000000e+04    1.3135593823e-01
    4.0575000000e+04    1.5778316689e-01
    4.0650000000e+04    1.7101863790e-01
    4.0725000000e+04    1.8974815009e-01
    4.0800000000e+04    1.3137410218e-01
    4.0875000000e+04    1.0969634738e-01
    4.0950000000e+04    1.1964772951e-01
    4.1025000000e+04    1.0161581997e-01
    4.1100000000e+04    1.4229274103e-01
    4.1175000000e+04    1.5307552410e-01
    4.1250000000e+04    1.3113540218e-01
    4.1325000000e+04    1.6521524902e-01
    4.1400000000e+04    1.6237747279e-01
    4.1475000000e+04    1.2472930310e-01
    4.1550000000e+04    1.2074314197e-01
    4.1625000000e+04    9.7803429782e-02
    4.1700000000e+04    1.3537075996e-01
    4.1775000000e+04    1.0903727568e-01
    4.1850000000e+04    1.0280177385e-01
    4.1925000000e+04    1.1117536566e-01
    4.2000000000e+04    1.0784236500e-01
    4.2075000000e+04    9.7665841032e-02
    4.2150000000e+04    1.4534786152e-01
    4.2225000000e+04    1.1997849569e-01
    4.2300000000e+04    1.3598199250e-01
    4.2375000000e+04    1.4715787345e-01
    4.2450000000e+04    1.2480177102e-01
    4.2525000000e+04    1.3242964917e-01
    4.2600000000e+04    1.0090792782e-01
    4.2675000000e+04    1.0634292190e-01
    4.2750000000e+04    1.1341728975e-01
    4.2825000000e+04    1.2640962608e-01
    4.2900000000e+04    1.3707068347e-01
    4.2975000000e+04    1.5377937383e-01
    4.3050000000e+04    1.2907531557e-01
    4.3125000000e+04    1.1761779623e-01
    4.3200000000e+04    1.3183000271e-01
    4.3275000000e+04    1.4135101786e-01
    4.3350000000e+04    1.1727485426e-01
    4.3425000000e+04    1.3120495826e-01
    4.3500000000e+04    1.3124899648e-01
    4.3575000000e+04    1.1135292554e-01
    4.3650000000e+04    9.1471878373e-02
    4.3725000000e+04    1.0321609763e-01
    4.3800000000e+04    1.1700743817e-01
    4.3875000000e+04    1.0189807740e-01
    4.3950000000e+04    1.1639974806e-01
    4.4025000000e+04    1.1622482142e-01
    4.4100000000e+04    1.3644525443e-01
    4.4175000000e+04    1.1610278562e-01
    4.4250000000e+04    1.1035618279e-01
    4.4325000000e+04    1.2878835154e-01
    4.4400000000e+04    1.3436151554e-01
    4.4475000000e+04    1.3040535224e-01
    4.4550000000e+04    1.3752591922e-01
    4.4625000000e+04    1.2493477446e-01
    4.4700000000e+04    1.1076238483e-01
    4.4775000000e+04    9.1771732173e-02
    4.4850000000e+04    1.0807377083e-01
    4.4925000000e+04    1.0047030297e-01
    4.5000000000e+04    1.1090560956e-01
    4.5075000000e+04    1.2058701446e-01
    4.5150000000e+04    1.2139202995e-01
    4.5225000000e+04    1.3379675912e-01
    4.5300000000e+04    1.2993516451e-01
    4.5375000000e+04    1.4194377673e-01
    4.5450000000e+04    1.2855835867e-01
    4.5525000000e+04    1.3881638128e-01
    4.5600000000e+04    1.4178320168e-01
    4.5675000000e+04    1.3147936842e-01
    4.5750000000e+04    1.0564041470e-01
    4.5825000000e+04    1.2551971068e-01
    4.5900000000e+04    1.3645536718e-01
    4.5975000000e+04    1.1348307185e-01
    4.6050000000e+04    1.0874816714e-01
    4.6125000000e+04    1.4166719556e-01
    4.6200000000e+04    1.1959909825e-01
    4.6275000000e+04    1.0198971161e-01
    4.6350000000e+04    1.1308467411e-01
    4.6425000000e+04    1.1349179876e-01
    4.6500000000e+04    1.2619847419e-01
    4.6575000000e+04    8.9717176745e-02
    4.6650000000e+04    9.7553539172e-02
    4.6725000000e+04    1.2366924625e-01
    4.6800000000e+04    1.0328204166e-01
    4.6875000000e+04    1.2319923913e-01
    4.6950000000e+04    1.1090067061e-01
    4.7025000000e+04    1.2298070683e-01
    4.7100000000e+04    1.1697472528e-01
    4.7175000000e+04    1.9576529254e-01
    4.7250000000e+04    1.2714362169e-01
    4.7325000000e+04    1.2819050365e-01
    4.7400000000e+04    1.1974318856e-01
    4.7475000000e+04    1.0983027049e-01
    4.7550000000e+04    1.1930127656e-01
    4.7625000000e+04    1.2531600685e-01
    4.7700000000e+04    1.3326870942e-01
    4.7775000000e+04    1.3391934084e-01
    4.7850000000e+04    1.4832451195e-01
    4.7925000000e+04    1.2759988406e-01
    4.8000000000e+04    1.1714498329e-01
    4.8075000000e+04    1.4853271296e-01
    4.8150000000e+04    1.3586499125e-01
    4.8225000000e+04    1.0075366349e-01
    4.8300000000e+04    1.0403328044e-01
    4.8375000000e+04    9.4670539314e-02
    4.8450000000e+04    1.1592471786e-01
    4.8525000000e+04    1.1082204413e-01
    4.8600000000e+04    1.0598663982e-01
    4.8675000000e+04    1.0198193374e-01
    4.8750000000e+04    1.1433921209e-01
    4.8825000000e+04    1.0509090908e-01
    4.8900000000e+04    1.1637002521e-01
    4.8975000000e+04    1.3076652790e-01
    4.9050000000e+04    9.6804252962e-02
    4.9125000000e+04    1.1753273764e-01
    4.9200000000e+04    1.3267764698e-01
    4.9275000000e+04    1.2189057834e-01
    4.9350000000e+04    1.1519439441e-01
    4.9425000000e+04    1.2002139469e-01
    4.9500000000e+04    1.2637297617e-01
    4.9575000000e+04    1.3899187379e-01
    4.9650000000e+04    1.1481983658e-01
    4.9725000000e+04    1.1009325318e-01
    4.9800000000e+04    1.0180801988e-01
    4.9875000000e+04    9.2905424895e-02
    4.9950000000e+04    1.0908432201e-01
    5.0025000000e+04    9.6363690129e-02
    5.0100000000e+04    1.0411752284e-01
    5.0175000000e+04    1.3773325489e-01
    5.0250000000e+04    1.0501718634e-01
    5.0325000000e+04    9.0751866519e-02
    5.0400000000e+04    1.1423542727e-01
    5.0475000000e+04    1.1397163276e-01
    5.0550000000e+04    1.0843619990e-01
    5.0625000000e+04    1.5546567761e-01
    5.0700000000e+04    2.0135370526e-01
    5.0775000000e+04    1.5122063533e-01
    5.0850000000e+04    1.4122976023e-01
    5.0925000000e+04    1.3361616245e-01
    5.1000000000e+04    1.1515236812e-01
    5.1075000000e+04    1.4883023505e-01
    5.1150000000e+04    9.5799253132e-02
    5.1225000000e+04    1.2192776840e-01
    5.1300000000e+04    9.9278260535e-02
    5.1375000000e+04    1.1473332147e-01
    5.1450000000e+04    1.0185758820e-01
    5.1525000000e+04    9.7428545129e-02
    5.1600000000e+04    8.6682860164e-02
    5.1675000000e+04    9.7592767917e-02
    5.1750000000e+04    1.0059370578e-01
    5.1825000000e+04    1.1099958405e-01
    5.1900000000e+04    1.2700901908e-01
    5.1975000000e+04    1.2944569149e-01
    5.2050000000e+04    1.5194835984e-01
    5.2125000000e+04    1.5468490653e-01
    5.2200000000e+04    1.3868945479e-01
    5.2275000000e+04    1.1952846989e-01
    5.2350000000e+04    9.5661398980e-02
    5.2425000000e+04    1.0344348133e-01
    5.2500000000e+04    9.9100092630e-02
    5.2575000000e+04    9.5473623977e-02
    5.2650000000e+04    1.1070862300e-01
    5.2725000000e+04    1.0155742289e-01
    5.2800000000e+04    1.1109122979e-01
    5.2875000000e+04    9.9476610075e-02
    5.2950000000e+04    9.0088088627e-02
    5.3025000000e+04    9.9955456990e-02
    5.3100000000e+04    1.1728131208e-01
    5.3175000000e+04    1.2831817614e-01
    5.3250000000e+04    1.1636269686e-01
    5.3325000000e+04    1.2621392954e-01
    5.3400000000e+04    1.2185960312e-01
    5.3475000000e+04    1.3550936465e-01
    5.3550000000e+04    1.3352967171e-01
    5.3625000000e+04    1.1224418005e-01
    5.3700000000e+04    1.0698445555e-01
    5.3775000000e+04    1.3111523535e-01
    5.3850000000e+04    1.1236159186e-01
    5.3925000000e+04    1.2067660956e-01
    5.4000000000e+04    1.0545768622e-01
    5.4075000000e+04    1.0682994563e-01
    5.4150000000e+04    9.4737941756e-02
    5.4225000000e+04    9.8962716193e-02
    5.4300000000e+04    1.1924653397e-01
    5.4375000000e+04    1.0484426091e-01
    5.4450000000e+04    1.0904874834e-01
    5.4525000000e+04    1.2259322736e-01
    5.4600000000e+04    1.1235499318e-01
    5.4675000000e+04    1.4057895134e-01
    5.4750000000e+04    1.1829059252e-01
    5.4825000000e+04    1.0536325938e-01
    5.4900000000e+04    1.1758651613e-01
    5.4975000000e+04    1.1774122767e-01
    5.5050000000e+04    9.7401769524e-02
    5.5125000000e+04    1.1059181116e-01
    5.5200000000e+04    1.2465457920e-01
    5.5275000000e+04    1.2520721246e-01
    5.5350000000e+04    1.4577435403e-01
    5.5425000000e+04    1.2837568135e-01
    5.5500000000e+04    1.0375035628e-01
    5.5575000000e+04    1.2667013636e-01
    5.5650000000e+04    9.1523483471e-02
    5.5725000000e+04    1.2828535290e-01
    5.5800000000e+04    1.3630088037e-01
    5.5875000000e+04    1.3624219091e-01
    5.5950000000e+04    1.5423813920e-01
    5.6025000000e+04    1.1429392096e-01
    5.6100000000e+04    1.3908099799e-01
    5.6175000000e+04    1.1286732063e-01
    5.6250000000e+04    1.3102958186e-01
    5.6325000000e+04    1.0553114677e-01
    5.6400000000e+04    1.4024816405e-01
    5.6475000000e+04    1.3176049392e-01
    5.6550000000e+04    1.0840488584e-01
    5.6625000000e+04    1.0987624140e-01
    5.6700000000e+04    1.1841295990e-01
    5.6775000000e+04    8.6278522366e-02
    5.6850000000e+04    1.0516386648e-01
    5.6925000000e+04    9.4934708211e-02
    5.7000000000e+04    1.2050286901e-01
    5.7075000000e+04    1.3039503747e-01
    5.7150000000e+04    1.0642563218e-01
    5.7225000000e+04    1.0613043200e-01
    5.7300000000e+04    1.1148591473e-01
    5.7375000000e+04    1.0798832963e-01
    5.7450000000e+04    1.5114831190e-01
    5.7525000000e+04    1.2353185953e-01
    5.7600000000e+04    1.6145750485e-01
    5.7675000000e+04    1.5584946076e-01
    5.7750000000e+04    1.0988013952e-01
    5.7825000000e+04    1.4727083403e-01
    5.7900000000e+04    1.1914463733e-01
    5.7975000000e+04    1.0872679298e-01
    5.8050000000e+04    1.2437560029e-01
    5.8125000000e+04    1.0725624091e-01
    5.8200000000e+04    1.2071516223e-01
    5.8275000000e+04    1.0445741227e-01
    5.8350000000e+04    1.3050102960e-01
    5.8425000000e+04    9.5670809086e-02
    5.8500000000e+04    1.2036882646e-01
    5.8575000000e+04    1.2773696793e-01
    5.8650000000e+04    1.1930183902e-01
    5.8725000000e+04    1.0811742011e-01
    5.8800000000e+04    1.1468859303e-01
    5.8875000000e+04    1.3653897317e-01
    5.8950000000e+04    1.1559525157e-01
    5.9025000000e+04    1.4742212495e-01
    5.9100000000e+04    1.3735139677e-01
    5.9175000000e+04    1.0742281866e-01
    5.9250000000e+04    1.4253361086e-01
    5.9325000000e+04    1.4496098398e-01
    5.9400000000e+04    1.2586248852e-01
    5.9475000000e+04    1.1177287545e-01
    5.9550000000e+04    1.4563228097e-01
    5.9625000000e+04    1.2764428096e-01
    5.9700000000e+04    1.2537809865e-01
    5.9775000000e+04    1.2103633500e-01
    5.9850000000e+04    1.2153781200e-01
    5.9925000000e+04    1.0147607363e-01
    6.0000000000e+04    1.1038885039e-01
    6.0075000000e+04    1.0783595328e-01
    6.0150000000e+04    1.0408123285e-01
    6.0225000000e+04    1.0357145337e-01
    6.0300000000e+04    1.2415340457e-01
    6.0375000000e+04    1.0005163132e-01
    6.0450000000e+04    1.0458691848e-01
    6.0525000000e+04    1.1467380350e-01
    6.0600000000e+04    1.1227647155e-01
    6.0675000000e+04    1.2768046166e-01
    6.0750000000e+04    8.7495335513e-02
    6.0825000000e+04    9.6097785964e-02
    6.0900000000e+04    9.5295655567e-02
    6.0975000000e+04    1.1075339854e-01
    6.1050000000e+04    1.1168502108e-01
    6.1125000000e+04    1.0824750083e-01
    6.1200000000e+04    1.1298315670e-01
    6.1275000000e+04    1.4561643503e-01
    6.1350000000e+04    8.7615798042e-02
    6.1425000000e+04    1.0460452473e-01
    6.1500000000e+04    1.4717725996e-01
    6.1575000000e+04    1.2419445387e-01
    6.1650000000e+04    9.5464018136e-02
    6.1725000000e+04    1.1613665306e-01
    6.1800000000e+04    1.0815624350e-01
    6.1875000000e+04    1.0716155267e-01
    6.1950000000e+04    9.6984777273e-02
    6.2025000000e+04    1.0884743564e-01
    6.2100000000e+04    1.0416897959e-01
    6.2175000000e+04    9.2780316210e-02
    6.2250000000e+04    9.7642399904e-02
    6.2325000000e+04    9.2601266541e-02
    6.2400000000e+04    1.2953712958e-01
    6.2475000000e+04    1.3105548383e-01
    6.2550000000e+04    1.1992067433e-01
    6.2625000000e+04    1.2777674272e-01
    6.2700000000e+04    1.4261810235e-01
    6.2775000000e+04    1.2193137457e-01
    6.2850000000e+04    1.6804036173e-01
    6.2925000000e+04    1.7675876993e-01
    6.3000000000e+04    1.0354228734e-01
    6.3075000000e+04    1.2512640703e-01
    6.3150000000e+04    1.0644193014e-01
    6.3225000000e+04    1.6304042278e-01
    6.3300000000e+04    1.1516557820e-01
    6.3375000000e+04    1.0948855690e-01
    6.3450000000e+04    1.0441768816e-01
    6.3525000000e+04    1.2653255767e-01
    6.3600000000e+04    1.1723159767e-01
    6.3675000000e+04    1.0988371413e-01
    6.3750000000e+04    1.3286312325e-01
    6.3825000000e+04    1.3085092577e-01
    6.3900000000e+04    1.2902918181e-01
    6.3975000000e+04    1.1147613100e-01
    6.4050000000e+04    1.0854572586e-01
    6.4125000000e+04    1.2287143776e-01
    6.4200000000e+04    1.1247711874e-01
    6.4275000000e+04    1.3274244249e-01
    6.4350000000e+04    1.0357371032e-01
    6.4425000000e+04    1.1196814833e-01
    6.4500000000e+04    1.5197381407e-01
    6.4575000000e+04    1.0636792085e-01
    6.4650000000e+04    1.1748938100e-01
    6.4725000000e+04    1.0860447283e-01
    6.4800000000e+04    1.1282712094e-01
    6.4875000000e+04    1.3505950504e-01
    6.4950000000e+04    1.3804182800e-01
    6.5025000000e+04    1.0427804635e-01
    6.5100000000e+04    1.0914025811e-01
    6.5175000000e+04    1.0636765732e-01
    6.5250000000e+04    1.2769093438e-01
    6.5325000000e+04    1.0056308819e-01
    6.5400000000e+04    9.9752431583e-02
    6.5475000000e+04    1.0140711195e-01
    6.5550000000e+04    1.0564413375e-01
    6.5625000000e+04    1.2756755897e-01
    6.5700000000e+04    1.1317515475e-01
    6.5775000000e+04    1.2402076501e-01
    6.5850000000e+04    1.3876905603e-01
    6.5925000000e+04    1.3138651862e-01
    6.6000000000e+04    1.0124296871e-01
    6.6075000000e+04    1.3974156515e-01
    6.6150000000e+04    1.1223509302e-01
    6.6225000000e+04    9.4314667682e-02
    6.6300000000e+04    1.0343218453e-01
    6.6375000000e+04    1.0373800076e-01
    6.6450000000e+04    1.0632618089e-01
    6.6525000000e+04    1.0020224419e-01
    6.6600000000e+04    1.1533463413e-01
    6.6675000000e+04    1.1784226440e-01
    6.6750000000e+04    1.3489322677e-01
    6.6825000000e+04    1.1780559700e-01
    6.6900000000e+04    1.1655884498e-01
    6.6975000000e+04    1.0475979969e-01
    6.7050000000e+04    1.1149449013e-01
    6.7125000000e+04    1.1626417724e-01
    6.7200000000e+04    1.2912227240e-01
    6.7275000000e+04    9.2224729860e-02
    6.7350000000e+04    1.0963761281e-01
    6.7425000000e+04    1.5673928516e-01
    6.7500000000e+04    1.2522169429e-01
    6.7575000000e+04    1.5760808975e-01
    6.7650000000e+04    1.2407953703e-01
    6.7725000000e+04    1.7503999162e-01
    6.7800000000e+04    1.4464170963e-01
    6.7875000000e+04    1.8128843095e-01
    6.7950000000e+04    1.5100204356e-01
    6.8025000000e+04    1.2991261088e-01
    6.8100000000e+04    1.0176879636e-01
    6.8175000000e+04    1.0533474390e-01
    6.8250000000e+04    1.0259609277e-01
    6.8325000000e+04    1.0231357571e-01
    6.8400000000e+04    9.4177328536e-02
    6.8475000000e+04    1.2536425079e-01
    6.8550000000e+04    8.7203647737e-02
    6.8625000000e+04    1.2042813230e-01
    6.8700000000e+04    1.1279559727e-01
    6.8775000000e+04    1.1776299846e-01
    6.8850000000e+04    1.0688625301e-01
    6.8925000000e+04    1.6672583905e-01
    6.9000000000e+04    1.4273075743e-01
    6.9075000000e+04    1.1302628162e-01
    6.9150000000e+04    8.4896706071e-02
    6.9225000000e+04    1.1859051972e-01
    6.9300000000e+04    1.5723281305e-01
    6.9375000000e+04    1.2670074012e-01
    6.9450000000e+04    1.2500848846e-01
    6.9525000000e+04    1.2949150817e-01
    6.9600000000e+04    1.0038663528e-01
    6.9675000000e+04    9.7886656646e-02
    6.9750000000e+04    8.9727776951e-02
    6.9825000000e+04    1.1264387897e-01
    6.9900000000e+04    1.2272266293e-01
    6.9975000000e+04    9.7754728939e-02
    7.0050000000e+04    1.2639852713e-01
    7.0125000000e+04    1.3082802286e-01
    7.0200000000e+04    1.4955835481e-01
    7.0275000000e+04    1.2465169784e-01
    7.0350000000e+04    9.6990825347e-02
    7.0425000000e+04    1.3256943085e-01
    7.0500000000e+04    1.3771457753e-01
    7.0575000000e+04    1.3607956624e-01
    7.0650000000e+04    1.0750038673e-01
    7.0725000000e+04    9.9303959597e-02
    7.0800000000e+04    1.0370190541e-01
    7.0875000000e+04    1.0333991728e-01
    7.0950000000e+04    1.2613221067e-01
    7.1025000000e+04    1.4202780554e-01
    7.1100000000e+04    1.1435985185e-01
    7.1175000000e+04    1.0643261537e-01
    7.1250000000e+04    1.2081007084e-01
    7.1325000000e+04    1.7493721496e-01
    7.1400000000e+04    1.2635968063e-01
    7.1475000000e+04    1.3869381983e-01
    7.1550000000e+04    9.1908462012e-02
    7.1625000000e+04    1.2582364406e-01
    7.1700000000e+04    1.1743831308e-01
    7.1775000000e+04    1.1876994173e-01
    7.1850000000e+04    1.2592647319e-01
    7.1925000000e+04    1.2681867081e-01
    7.2000000000e+04    1.3097399606e-01
    7.2075000000e+04    1.2855971188e-01
    7.2150000000e+04    1.1967618115e-01
    7.2225000000e+04    1.3376580246e-01
    7.2300000000e+04    1.6151075335e-01
    7.2375000000e+04    1.0775879724e-01
    7.2450000000e+04    1.1805169258e-01
    7.2525000000e+04    1.2459376722e-01
    7.2600000000e+04    9.7994768363e-02
    7.2675000000e+04    1.3952612271e-01
    7.2750000000e+04    9.2010442946e-02
    7.2825000000e+04    9.5757786126e-02
    7.2900000000e+04    9.5113851764e-02
    7.2975000000e+04    1.0480679984e-01
    7.3050000000e+04    1.2634987438e-01
    7.3125000000e+04    1.1698837901e-01
    7.3200000000e+04    1.2451521988e-01
    7.3275000000e+04    1.1335204582e-01
    7.3350000000e+04    1.1182195674e-01
    7.3425000000e+04    1.1467725297e-01
    7.3500000000e+04    1.1665445171e-01
    7.3575000000e+04    1.1441181022e-01
    7.3650000000e+04    8.5291375812e-02
    7.3725000000e+04    1.0785359823e-01
    7.3800000000e+04    1.0449188260e-01
    7.3875000000e+04    9.8080096509e-02
    7.3950000000e+04    1.0591264349e-01
    7.4025000000e+04    8.4520318269e-02
    7.4100000000e+04    1.4102133831e-01
    7.4175000000e+04    1.0317236706e-01
    7.4250000000e+04    1.1355154862e-01
    7.4325000000e+04    1.1359557703e-01
    7.4400000000e+04    1.1839572568e-01
    7.4475000000e+04    1.0961903356e-01
    7.4550000000e+04    1.3645201331e-01
    7.4625000000e+04    1.1476755254e-01
    7.4700000000e+04    1.1398315455e-01
    7.4775000000e+04    1.2459185400e-01
    7.4850000000e+04    1.1061136189e-01
    7.4925000000e+04    1.1814823961e-01
    7.5000000000e+04    1.0521526539e-01
    7.5075000000e+04    1.2816900944e-01
    7.5150000000e+04    1.3697446971e-01
    7.5225000000e+04    1.1858489711e-01
    7.5300000000e+04    1.0997233113e-01
    7.5375000000e+04    1.1926881208e-01
    7.5450000000e+04    1.2857090911e-01
    7.5525000000e+04    1.6397265552e-01
    7.5600000000e+04    1.3742211751e-01
    7.5675000000e+04    1.2121305426e-01
    7.5750000000e+04    1.4472402072e-01
    7.5825000000e+04    1.0590836027e-01
    7.5900000000e+04    1.4491807021e-01
    7.5975000000e+04    1.1555169023e-01
    7.6050000000e+04    1.3170817794e-01
    7.6125000000e+04    1.4765083412e-01
    7.6200000000e+04    1.3495144659e-01
    7.6275000000e+04    1.2039844560e-01
    7.6350000000e+04    1.5481112761e-01
    7.6425000000e+04    1.2527420373e-01
    7.6500000000e+04    1.1248278390e-01
    7.6575000000e+04    1.2923351986e-01
    7.6650000000e+04    1.0921299929e-01
    7.6725000000e+04    1.1230130080e-01
    7.6800000000e+04    1.4280583707e-01
    7.6875000000e+04    1.2116687909e-01
    7.6950000000e+04    1.1644408835e-01
    7.7025000000e+04    1.1578610252e-01
    7.7100000000e+04    1.2260243058e-01
    7.7175000000e+04    1.4810983703e-01
    7.7250000000e+04    1.0844405932e-01
    7.7325000000e+04    1.2125523432e-01
    7.7400000000e+04    1.4266718611e-01
    7.7475000000e+04    1.5119247772e-01
    7.7550000000e+04    1.2795287667e-01
    7.7625000000e+04    1.2005693603e-01
    7.7700000000e+04    1.3209277640e-01
    7.7775000000e+04    1.3506190378e-01
    7.7850000000e+04    1.2701668640e-01
    7.7925000000e+04    1.1599798451e-01
    7.8000000000e+04    1.1097670457e-01
    7.8075000000e+04    1.3276755002e-01
    7.8150000000e+04    1.0924591731e-01
    7.8225000000e+04    1.0292010715e-01
    7.8300000000e+04    1.2783203153e-01
    7.8375000000e+04    1.0842213377e-01
    7.8450000000e+04    1.1621497219e-01
    7.8525000000e+04    1.3756965216e-01
    7.8600000000e+04    1.3334204549e-01
    7.8675000000e+04    1.3822641819e-01
    7.8750000000e+04    1.1539130338e-01
    7.8825000000e+04    1.2997119802e-01
    7.8900000000e+04    1.1132515766e-01
    7.8975000000e+04    1.2190161140e-01
    7.9050000000e+04    1.0555388911e-01
    7.9125000000e+04    1.1413754488e-01
    7.9200000000e+04    9.1342553260e-02
    7.9275000000e+04    1.1309385746e-01
    7.9350000000e+04    1.2933053782e-01
    7.9425000000e+04    1.5663989742e-01
    7.9500000000e+04    1.3103757700e-01
    7.9575000000e+04    1.1743708541e-01
    7.9650000000e+04    1.1849491163e-01
    7.9725000000e+04    9.0427963237e-02
    7.9800000000e+04    8.9762487077e-02
    7.9875000000e+04    9.2723850471e-02
    7.9950000000e+04    1.6079459932e-01
    8.0025000000e+04    1.2956406600e-01
    8.0100000000e+04    1.4183537267e-01
    8.0175000000e+04    1.3777088363e-01
    8.0250000000e+04    1.4610182582e-01
    8.0325000000e+04    1.1437467937e-01
    8.0400000000e+04    1.2042302308e-01
    8.0475000000e+04    1.0733079735e-01
    8.0550000000e+04    1.0117648048e-01
    8.0625000000e+04    1.1784950990e-01
    8.0700000000e+04    1.4078738355e-01
    8.0775000000e+04    1.5043083019e-01
    8.0850000000e+04    1.0569801394e-01
    8.0925000000e+04    1.0976462653e-01
    8.1000000000e+04    1.4308958822e-01
    8.1075000000e+04    1.5001327881e-01
    8.1150000000e+04    1.8457897530e-01
    8.1225000000e+04    1.4370203152e-01
    8.1300000000e+04    1.1797120065e-01
    8.1375000000e+04    1.7297646099e-01
    8.1450000000e+04    1.2743502799e-01
    8.1525000000e+04    1.2269772887e-01
    8.1600000000e+04    1.1784530035e-01
    8.1675000000e+04    1.2115583971e-01
    8.1750000000e+04    1.3403641701e-01
    8.1825000000e+04    1.3406394693e-01
    8.1900000000e+04    1.5595172560e-01
    8.1975000000e+04    1.8586262003e-01
    8.2050000000e+04    1.1834768783e-01
    8.2125000000e+04    1.6759034847e-01
    8.2200000000e+04    1.3968055154e-01
    8.2275000000e+04    1.1093420046e-01
    8.2350000000e+04    1.0185576985e-01
    8.2425000000e+04    1.2649002326e-01
    8.2500000000e+04    1.1781341544e-01
    8.2575000000e+04    1.2164727552e-01
    8.2650000000e+04    1.0173202101e-01
    8.2725000000e+04    1.2430605423e-01
    8.2800000000e+04    1.4058289872e-01
    8.2875000000e+04    1.1999041175e-01
    8.2950000000e+04    1.7049069872e-01
    8.3025000000e+04    1.2949945067e-01
    8.3100000000e+04    1.1512612499e-01
    8.3175000000e+04    1.4099019788e-01
    8.3250000000e+04    1.4058279527e-01
    8.3325000000e+04    1.1354738545e-01
    8.3400000000e+04    1.1622844259e-01
    8.3475000000e+04    1.1918050183e-01
    8.3550000000e+04    1.0390697189e-01
    8.3625000000e+04    9.5538757494e-02
    8.3700000000e+04    1.0603106695e-01
    8.3775000000e+04    1.8465399964e-01
    8.3850000000e+04    1.7676224385e-01
    8.3925000000e+04    1.1769720850e-01
    8.4000000000e+04    1.1413152598e-01
    8.4075000000e+04    1.0348482121e-01
    8.4150000000e+04    1.0547102928e-01
    8.4225000000e+04    1.2091650593e-01
    8.4300000000e+04    1.3267832917e-01
    8.4375000000e+04    1.3095509370e-01
    8.4450000000e+04    1.1966227640e-01
    8.4525000000e+04    1.1595020453e-01
    8.4600000000e+04    1.0501961871e-01
    8.4675000000e+04    1.1396297663e-01
    8.4750000000e+04    1.4701883127e-01
    8.4825000000e+04    1.2863208654e-01
    8.4900000000e+04    1.1850230080e-01
    8.4975000000e+04    1.6534096469e-01
    8.5050000000e+04    1.1981389001e-01
    8.5125000000e+04    9.6659739481e-02
    8.5200000000e+04    1.3100604146e-01
    8.5275000000e+04    9.4118442912e-02
    8.5350000000e+04    1.4721207989e-01
    8.5425000000e+04    9.2926049514e-02
    8.5500000000e+04    1.3196651394e-01
    8.5575000000e+04    1.0662991805e-01
    8.5650000000e+04    1.1975200451e-01
    8.5725000000e+04    9.9851736429e-02
    8.5800000000e+04    1.5576739483e-01
    8.5875000000e+04    1.2796264935e-01
    8.5950000000e+04    1.2212962024e-01
    8.6025000000e+04    1.4370627772e-01
    8.6100000000e+04    1.2587174796e-01
    8.6175000000e+04    1.0018231099e-01
    8.6250000000e+04    9.7079449687e-02
    8.6325000000e+04    1.3630069454e-01
    8.6400000000e+04    1.4622112334e-01
    8.6475000000e+04    1.0743097852e-01
    8.6550000000e+04    1.1524034489e-01
    8.6625000000e+04    1.0473049437e-01
    8.6700000000e+04    9.7862346734e-02
    8.6775000000e+04    1.0999234147e-01
    8.6850000000e+04    1.2967059094e-01
    8.6925000000e+04    1.4181895163e-01
    8.7000000000e+04    1.0991074736e-01
    8.7075000000e+04    1.1727024981e-01
    8.7150000000e+04    9.1233132315e-02
    8.7225000000e+04    8.3483327853e-02
    8.7300000000e+04    1.0682151112e-01
    8.7375000000e+04    1.2612209278e-01
    8.7450000000e+04    1.1096941997e-01
    8.7525000000e+04    1.8050403900e-01
    8.7600000000e+04    1.0817794370e-01
    8.7675000000e+04    9.9747936786e-02
    8.7750000000e+04    1.0282433071e-01
    8.7825000000e+04    1.2920072545e-01
    8.7900000000e+04    1.1624283110e-01
    8.7975000000e+04    1.2156018661e-01
    8.8050000000e+04    1.2536885967e-01
    8.8125000000e+04    1.2190409732e-01
    8.8200000000e+04    1.0890200444e-01
    8.8275000000e+04    9.4653863077e-02
    8.8350000000e+04    1.6546677732e-01
    8.8425000000e+04    1.1194678209e-01
    8.8500000000e+04    1.3053734814e-01
    8.8575000000e+04    1.2725914611e-01
    8.8650000000e+04    1.8214067795e-01
    8.8725000000e+04    1.9559545648e-01
    8.8800000000e+04    1.4736238892e-01
    8.8875000000e+04    1.4296989048e-01
    8.8950000000e+04    1.0607223140e-01
    8.9025000000e+04    1.1685329774e-01
    8.9100000000e+04    1.1476706346e-01
    8.9175000000e+04    1.0004679039e-01
    8.9250000000e+04    1.0254224327e-01
    8.9325000000e+04    9.5765928138e-02
    8.9400000000e+04    1.5866559024e-01
    8.9475000000e+04    1.6155152926e-01
    8.9550000000e+04    1.0260879433e-01
    8.9625000000e+04    1.0480576101e-01
    8.9700000000e+04    1.1893108924e-01
    8.9775000000e+04    1.6059201860e-01
    8.9850000000e+04    1.2532715600e-01
    8.9925000000e+04    1.1853506687e-01
    9.0000000000e+04    1.1223588347e-01
    9.0075000000e+04    1.0997990050e-01
    9.0150000000e+04    1.1971266315e-01
    9.0225000000e+04    9.9063211844e-02
    9.0300000000e+04    1.1082951229e-01
    9.0375000000e+04    1.0491771953e-01
    9.0450000000e+04    1.0269992856e-01
    9.0525000000e+04    1.8690220552e-01
    9.0600000000e+04    1.2115559510e-01
    9.0675000000e+04    1.1611123703e-01
    9.0750000000e+04    1.3381625706e-01
    9.0825000000e+04    9.8036216497e-02
    9.0900000000e+04    1.0352056896e-01
    9.0975000000e+04    1.3818844456e-01
    9.1050000000e+04    9.5968921572e-02
    9.1125000000e+04    1.3021323654e-01
    9.1200000000e+04    1.3721441769e-01
    9.1275000000e+04    9.9183836984e-02
    9.1350000000e+04    1.0474869079e-01
    9.1425000000e+04    1.0492831257e-01
    9.1500000000e+04    1.2122588631e-01
    9.1575000000e+04    1.1002551458e-01
    9.1650000000e+04    9.9037320614e-02
    9.1725000000e+04    1.1145825915e-01
    9.1800000000e+04    1.7458734113e-01
    9.1875000000e+04    1.5268655459e-01
    9.1950000000e+04    1.3212873883e-01
    9.2025000000e+04    1.3607352604e-01
    9.2100000000e+04    1.5583165338e-01
    9.2175000000e+04    1.1769799673e-01
    9.2250000000e+04    1.2071750163e-01
    9.2325000000e+04    1.0428902725e-01
    9.2400000000e+04    1.2052166144e-01
    9.2475000000e+04    1.1811647478e-01
    9.2550000000e+04    1.2732127689e-01
    9.2625000000e+04    1.0238452326e-01
    9.2700000000e+04    9.4278002792e-02
    9.2775000000e+04    1.2125958898e-01
    9.2850000000e+04    1.1122114889e-01
    9.2925000000e+04    1.0082037676e-01
    9.3000000000e+04    9.5044725527e-02
    9.3075000000e+04    1.4274341560e-01
    9.3150000000e+04    1.3509854573e-01
    9.3225000000e+04    1.4396341459e-01
    9.3300000000e+04    1.3521932334e-01
    9.3375000000e+04    1.1458018715e-01
    9.3450000000e+04    1.0202049220e-01
    9.3525000000e+04    1.0295475250e-01
    9.3600000000e+04    1.2681417918e-01
    9.3675000000e+04    9.2100204797e-02
    9.3750000000e+04    9.6371208523e-02
    9.3825000000e+04    1.1694977107e-01
    9.3900000000e+04    1.0181094046e-01
    9.3975000000e+04    9.9148743510e-02
    9.4050000000e+04    1.1245990959e-01
    9.4125000000e+04    1.0501523999e-01
    9.4200000000e+04    1.0137265351e-01
    9.4275000000e+04    1.0992392061e-01
    9.4350000000e+04    1.8711143525e-01
    9.4425000000e+04    1.0666530674e-01
    9.4500000000e+04    1.2099418230e-01
    9.4575000000e+04    1.2505687468e-01
    9.4650000000e+04    1.0383044564e-01
    9.4725000000e+04    1.3737361024e-01
    9.4800000000e+04    1.1216353732e-01
    9.4875000000e+04    1.6756474500e-01
    9.4950000000e+04    9.7908921800e-02
    9.5025000000e+04    9.6082197898e-02
    9.5100000000e+04    1.2082654477e-01
    9.5175000000e+04    1.1774209746e-01
    9.5250000000e+04    9.9552633246e-02
    9.5325000000e+04    1.0586638348e-01
    9.5400000000e+04    1.3511482428e-01
    9.5475000000e+04    9.8908527654e-02
    9.5550000000e+04    1.1788471481e-01
    9.5625000000e+04    1.1854771008e-01
    9.5700000000e+04    1.0715417458e-01
    9.5775000000e+04    1.3285658942e-01
    9.5850000000e+04    9.6315023110e-02
    9.5925000000e+04    1.0610007311e-01
    9.6000000000e+04    1.2730668601e-01
    9.6075000000e+04    1.1757803304e-01
    9.6150000000e+04    1.2540884709e-01
    9.6225000000e+04    1.2366415090e-01
    9.6300000000e+04    1.2687727391e-01
    9.6375000000e+04    1.2137532614e-01
    9.6450000000e+04    1.2783856841e-01
    9.6525000000e+04    1.0881018773e-01
    9.6600000000e+04    1.2038393261e-01
    9.6675000000e+04    1.3738240979e-01
    9.6750000000e+04    1.2176610667e-01
    9.6825000000e+04    1.1708976031e-01
    9.6900000000e+04    9.4334583024e-02
    9.6975000000e+04    1.1475425665e-01
    9.7050000000e+04    1.2918035066e-01
    9.7125000000e+04    1.2136220898e-01
    9.7200000000e+04    1.2091728468e-01
    9.7275000000e+04    1.7758135619e-01
    9.7350000000e+04    1.4631296574e-01
    9.7425000000e+04    1.0034615121e-01
    9.7500000000e+04    8.7474503733e-02
    9.7575000000e+04    1.0935513560e-01
    9.7650000000e+04    1.3949951207e-01
    9.7725000000e+04    1.0610857976e-01
    9.7800000000e+04    1.0544462840e-01
    9.7875000000e+04    1.0028632663e-01
    9.7950000000e+04    1.0164750065e-01
    9.8025000000e+04    1.2580070420e-01
    9.8100000000e+04    1.1262394256e-01
    9.8175000000e+04    1.1652434479e-01
    9.8250000000e+04    1.3875163295e-01
    9.8325000000e+04    1.2101738144e-01
    9.8400000000e+04    1.6256327201e-01
    9.8475000000e+04    1.3669043345e-01
    9.8550000000e+04    1.0115387562e-01
    9.8625000000e+04    9.7064143558e-02
    9.8700000000e+04    9.6817743211e-02
    9.8775000000e+04    1.1691136811e-01
    9.8850000000e+04    9.4657122978e-02
    9.8925000000e+04    1.1927426842e-01
    9.9000000000e+04    1.4509416700e-01
    9.9075000000e+04    1.1004924940e-01
    9.9150000000e+04    1.2274731500e-01
    9.9225000000e+04    1.1172567849e-01
    9.9300000000e+04    1.1142272140e-01
    9.9375000000e+04    1.8717739424e-01
    9.9450000000e+04    1.7062704341e-01
    9.9525000000e+04    1.2089202484e-01
    9.9600000000e+04    1.0614630635e-01
    9.9675000000e+04    1.4390959142e-01
    9.9750000000e+04    1.1708094679e-01
    9.9825000000e+04    9.7662410623e-02
    9.9900000000e+04    1.2988626043e-01
    9.9975000000e+04    1.1420030567e-01
    1.0005000000e+05    1.0468002363e-01
    1.0012500000e+05    1.0351676823e-01
    1.0020000000e+05    1.0861632141e-01
    1.0027500000e+05    1.0493994020e-01
    1.0035000000e+05    1.0315188654e-01
    1.0042500000e+05    1.4714716132e-01
    1.0050000000e+05    1.3298077468e-01
    1.0057500000e+05    1.6654255720e-01
    1.0065000000e+05    2.3538318230e-01
    1.0072500000e+05    2.6957802050e-01
    1.0080000000e+05    1.7068998268e-01
    1.0087500000e+05    1.2892805015e-01
    1.0095000000e+05    1.0607398121e-01
    1.0102500000e+05    1.0618138277e-01
    1.0110000000e+05    1.2821032237e-01
    1.0117500000e+05    1.1439641665e-01
    1.0125000000e+05    1.1556104857e-01
    1.0132500000e+05    1.1406273012e-01
    1.0140000000e+05    1.0663463714e-01
    1.0147500000e+05    1.2941210257e-01
    1.0155000000e+05    1.6730646094e-01
    1.0162500000e+05    1.3664835087e-01
    1.0170000000e+05    1.0892556955e-01
    1.0177500000e+05    1.0476905344e-01
    1.0185000000e+05    1.0608878387e-01
    1.0192500000e+05    9.1763908350e-02
    1.0200000000e+05    1.6563770332e-01
    1.0207500000e+05    1.9561424551e-01
    1.0215000000e+05    9.9820211348e-02
    1.0222500000e+05    1.1661080710e-01
    1.0230000000e+05    1.0474167604e-01
    1.0237500000e+05    9.5070247294e-02
    1.0245000000e+05    1.1623487056e-01
    1.0252500000e+05    1.1333722727e-01
    1.0260000000e+05    1.2822153928e-01
    1.0267500000e+05    1.4661941524e-01
    1.0275000000e+05    1.1414224329e-01
    1.0282500000e+05    1.1566379510e-01
    1.0290000000e+05    1.2409782399e-01
    1.0297500000e+05    1.2341727995e-01
    1.0305000000e+05    1.2216724649e-01
    1.0312500000e+05    1.0077483373e-01
    1.0320000000e+05    1.1540057068e-01
    1.0327500000e+05    1.0942321343e-01
    1.0335000000e+05    9.9943578407e-02
    1.0342500000e+05    1.1924499749e-01
    1.0350000000e+05    1.1487526667e-01
    1.0357500000e+05    1.2699399833e-01
    1.0365000000e+05    1.5111614848e-01
    1.0372500000e+05    2.0182769472e-01
    1.0380000000e+05    1.5729837378e-01
    1.0387500000e+05    1.3524356629e-01
    1.0395000000e+05    1.4519237264e-01
    1.0402500000e+05    1.0619923323e-01
    1.0410000000e+05    9.0273413606e-02
    1.0417500000e+05    9.5281446312e-02
    1.0425000000e+05    1.2758650269e-01
    1.0432500000e+05    1.1788963092e-01
    1.0440000000e+05    1.2389148609e-01
    1.0447500000e+05    1.3873081328e-01
    1.0455000000e+05    1.8554685612e-01
    1.0462500000e+05    1.5882004957e-01
    1.0470000000e+05    1.5629182029e-01
    1.0477500000e+05    1.4850494024e-01
    1.0485000000e+05    1.1802397794e-01
    1.0492500000e+05    1.2996738215e-01
    1.0500000000e+05    1.0631195317e-01
    1.0507500000e+05    1.0965361787e-01
    1.0515000000e+05    1.0054881576e-01
    1.0522500000e+05    1.6063207825e-01
    1.0530000000e+05    9.6259337796e-02
    1.0537500000e+05    1.0444079675e-01
    1.0545000000e+05    1.0585922059e-01
    1.0552500000e+05    1.3014164910e-01
    1.0560000000e+05    1.0328397345e-01
    1.0567500000e+05    9.5701538474e-02
    1.0575000000e+05    1.0815037434e-01
    1.0582500000e+05    1.4097786689e-01
    1.0590000000e+05    1.2369297781e-01
    1.0597500000e+05    1.1893050587e-01
    1.0605000000e+05    1.4154165672e-01
    1.0612500000e+05    1.1559269541e-01
    1.0620000000e+05    8.8404689208e-02
    1.0627500000e+05    1.1760934337e-01
    1.0635000000e+05    1.4581028232e-01
    1.0642500000e+05    1.3630162155e-01
    1.0650000000e+05    1.3143652751e-01
    1.0657500000e+05    1.4980131367e-01
    1.0665000000e+05    9.4177062773e-02
    1.0672500000e+05    1.0188776039e-01
    1.0680000000e+05    1.3292945552e-01
    1.0687500000e+05    1.1671425514e-01
    1.0695000000e+05    9.1362094083e-02
    1.0702500000e+05    9.2392712289e-02
    1.0710000000e+05    1.1203207653e-01
    1.0717500000e+05    1.0252965302e-01
    1.0725000000e+05    9.9439132769e-02
    1.0732500000e+05    9.3071857531e-02
    1.0740000000e+05    1.1110077181e-01
    1.0747500000e+05    1.2277570520e-01
    1.0755000000e+05    9.2942110062e-02
    1.0762500000e+05    1.0806294184e-01
    1.0770000000e+05    1.1510114451e-01
    1.0777500000e+05    1.0524150552e-01
    1.0785000000e+05    1.0026837567e-01
    1.0792500000e+05    1.1069958865e-01
    1.0800000000e+05    1.2157988106e-01
    1.0807500000e+05    1.1873699461e-01
    1.0815000000e+05    9.1427534119e-02
    1.0822500000e+05    1.1002725840e-01
    1.0830000000e+05    9.7017194886e-02
    1.0837500000e+05    1.0519096702e-01
    1.0845000000e+05    1.4163043913e-01
    1.0852500000e+05    1.4781352645e-01
    1.0860000000e+05    1.4762656964e-01
    1.0867500000e+05    1.1766169469e-01
    1.0875000000e+05    1.0694581709e-01
    1.0882500000e+05    1.1481974211e-01
    1.0890000000e+05    1.0454686355e-01
    1.0897500000e+05    1.1939973803e-01
    1.0905000000e+05    1.3897804401e-01
    1.0912500000e+05    9.2375529348e-02
    1.0920000000e+05    1.0687408769e-01
    1.0927500000e+05    1.0126781542e-01
    1.0935000000e+05    9.9540708231e-02
    1.0942500000e+05    1.4238002666e-01
    1.0950000000e+05    9.5255749227e-02
    1.0957500000e+05    1.3978671042e-01
    1.0965000000e+05    1.0748675280e-01
    1.0972500000e+05    1.1487391644e-01
    1.0980000000e+05    1.1719319109e-01
    1.0987500000e+05    1.1287036544e-01
    1.0995000000e+05    1.0151145783e-01
    1.1002500000e+05    9.0262545120e-02
    1.1010000000e+05    1.1512008216e-01
    1.1017500000e+05    9.8883813151e-02
    1.1025000000e+05    1.0955420458e-01
    1.1032500000e+05    1.1492044497e-01
    1.1040000000e+05    1.1170847223e-01
    1.1047500000e+05    1.1457285628e-01
    1.1055000000e+05    1.1863481603e-01
    1.1062500000e+05    1.3349269585e-01
    1.1070000000e+05    1.1078253536e-01
    1.1077500000e+05    1.2647176178e-01
    1.1085000000e+05    1.4328681813e-01
    1.1092500000e+05    9.7605768975e-02
    1.1100000000e+05    1.1531100819e-01
    1.1107500000e+05    1.2079834051e-01
    1.1115000000e+05    1.2925132714e-01
    1.1122500000e+05    1.1821361830e-01
    1.1130000000e+05    1.0648391811e-01
    1.1137500000e+05    1.1030487275e-01
    1.1145000000e+05    1.2932942539e-01
    1.1152500000e+05    9.9255281584e-02
    1.1160000000e+05    9.1245193254e-02
    1.1167500000e+05    9.1169765138e-02
    1.1175000000e+05    9.7909601636e-02
    1.1182500000e+05    1.0189254600e-01
    1.1190000000e+05    9.8302623903e-02
    1.1197500000e+05    1.4025151727e-01
    1.1205000000e+05    1.1534988571e-01
    1.1212500000e+05    1.1655198141e-01
    1.1220000000e+05    1.0324688196e-01
    1.1227500000e+05    1.0271134830e-01
    1.1235000000e+05    9.7256222491e-02
    1.1242500000e+05    1.0929272573e-01
    1.1250000000e+05    1.1101273630e-01
    1.1257500000e+05    9.0277962214e-02
    1.1265000000e+05    1.1342990685e-01
    1.1272500000e+05    1.2630169439e-01
    1.1280000000e+05    1.3265510117e-01
    1.1287500000e+05    1.0615660549e-01
    1.1295000000e+05    1.1235209267e-01
    1.1302500000e+05    1.1431942832e-01
    1.1310000000e+05    9.0705128089e-02
    1.1317500000e+05    9.6763018740e-02
    1.1325000000e+05    1.1680371808e-01
    1.1332500000e+05    1.1349711814e-01
    1.1340000000e+05    9.8954906994e-02
    1.1347500000e+05    1.0045676649e-01
    1.1355000000e+05    1.0210439697e-01
    1.1362500000e+05    1.2244569537e-01
    1.1370000000e+05    1.0984180092e-01
    1.1377500000e+05    1.0643889925e-01
    1.1385000000e+05    1.0804372036e-01
    1.1392500000e+05    8.6256194809e-02
    1.1400000000e+05    1.1187725922e-01
    1.1407500000e+05    9.1617508126e-02
    1.1415000000e+05    9.0817517534e-02
    1.1422500000e+05    9.1455240010e-02
    1.1430000000e+05    1.0992651624e-01
    1.1437500000e+05    1.0649565667e-01
    1.1445000000e+05    1.0721793509e-01
    1.1452500000e+05    9.7338612849e-02
    1.1460000000e+05    1.1307122835e-01
    1.1467500000e+05    1.3252109987e-01
    1.1475000000e+05    1.3319139860e-01
    1.1482500000e+05    1.0098395194e-01
    1.1490000000e+05    1.0232926788e-01
    1.1497500000e+05    9.9909508582e-02
    1.1505000000e+05    1.5408357010e-01
    1.1512500000e+05    1.0994418551e-01
    1.1520000000e+05    1.2323503401e-01
    1.1527500000e+05    1.2495083672e-01
    1.1535000000e+05    1.1623821666e-01
    1.1542500000e+05    1.3356053289e-01
    1.1550000000e+05    1.3161823560e-01
    1.1557500000e+05    1.0449351589e-01
    1.1565000000e+05    8.9557188631e-02
    1.1572500000e+05    1.0759169484e-01
    1.1580000000e+05    1.2939615987e-01
    1.1587500000e+05    1.0319018359e-01
    1.1595000000e+05    1.1459495186e-01
    1.1602500000e+05    1.2648482771e-01
    1.1610000000e+05    1.0988023523e-01
    1.1617500000e+05    1.4371225294e-01
    1.1625000000e+05    1.2445530337e-01
    1.1632500000e+05    1.1550802058e-01
    1.1640000000e+05    1.2774934176e-01
    1.1647500000e+05    1.0241913375e-01
    1.1655000000e+05    1.2878544501e-01
    1.1662500000e+05    1.0734898401e-01
    1.1670000000e+05    1.2444714272e-01
    1.1677500000e+05    1.1089215910e-01
    1.1685000000e+05    1.0077824367e-01
    1.1692500000e+05    1.0974806998e-01
    1.1700000000e+05    1.1781286128e-01
    1.1707500000e+05    9.2571277578e-02
    1.1715000000e+05    1.2179032557e-01
    1.1722500000e+05    1.0015607107e-01
    1.1730000000e+05    9.6348231984e-02
    1.1737500000e+05    1.2915300996e-01
    1.1745000000e+05    9.8511558061e-02
    1.1752500000e+05    1.0080653338e-01
    1.1760000000e+05    1.3027273298e-01
    1.1767500000e+05    1.5486948826e-01
    1.1775000000e+05    1.3491705115e-01
    1.1782500000e+05    1.1891256092e-01
    1.1790000000e+05    1.1660470673e-01
    1.1797500000e+05    1.1428650838e-01
    1.1805000000e+05    1.0764067791e-01
    1.1812500000e+05    1.2252517219e-01
    1.1820000000e+05    1.0515111719e-01
    1.1827500000e+05    9.8511994735e-02
    1.1835000000e+05    9.3317457393e-02
    1.1842500000e+05    1.1082519976e-01
    1.1850000000e+05    1.2688165263e-01
    1.1857500000e+05    1.0717302775e-01
    1.1865000000e+05    1.1672143280e-01
    1.1872500000e+05    1.6786056094e-01
    1.1880000000e+05    1.2381349213e-01
    1.1887500000e+05    1.1488457626e-01
    1.1895000000e+05    1.0338805427e-01
    1.1902500000e+05    1.4874414127e-01
    1.1910000000e+05    1.0788359383e-01
    1.1917500000e+05    1.3496562505e-01
    1.1925000000e+05    1.1665703009e-01
    1.1932500000e+05    1.1469239885e-01
    1.1940000000e+05    1.0941502789e-01
    1.1947500000e+05    9.9816335565e-02
    1.1955000000e+05    1.2130732387e-01
    1.1962500000e+05    1.3969556156e-01
    1.1970000000e+05    1.0290234485e-01
    1.1977500000e+05    1.1085718384e-01
    1.1985000000e+05    1.0756033288e-01
    1.1992500000e+05    1.4757595860e-01
    1.2000000000e+05    1.7302580921e-01
    1.2007500000e+05    1.1487051274e-01
    1.2015000000e+05    1.1528636817e-01
    1.2022500000e+05    1.1397538376e-01
    1.2030000000e+05    1.0184661269e-01
    1.2037500000e+05    1.4316425854e-01
    1.2045000000e+05    1.0970194079e-01
    1.2052500000e+05    1.1928956685e-01
    1.2060000000e+05    1.4370663448e-01
    1.2067500000e+05    1.4534001195e-01
    1.2075000000e+05    1.0120071181e-01
    1.2082500000e+05    9.7972622887e-02
    1.2090000000e+05    1.4284362906e-01
    1.2097500000e+05    1.1960836160e-01
    1.2105000000e+05    1.0580541856e-01
    1.2112500000e+05    1.4283422620e-01
    1.2120000000e+05    9.1814007117e-02
    1.2127500000e+05    1.1124347406e-01
    1.2135000000e+05    1.0211001657e-01
    1.2142500000e+05    1.1449200795e-01
    1.2150000000e+05    1.1803504093e-01
    1.2157500000e+05    1.2547922960e-01
    1.2165000000e+05    9.8255584129e-02
    1.2172500000e+05    1.1722454635e-01
    1.2180000000e+05    9.2855597243e-02
    1.2187500000e+05    1.0771230699e-01
    1.2195000000e+05    1.1921269914e-01
    1.2202500000e+05    1.3157496624e-01
    1.2210000000e+05    1.1123037394e-01
    1.2217500000e+05    9.4820648204e-02
    1.2225000000e+05    1.0307175796e-01
    1.2232500000e+05    1.0356440466e-01
    1.2240000000e+05    1.1954123297e-01
    1.2247500000e+05    1.0163792651e-01
    1.2255000000e+05    1.0338014392e-01
    1.2262500000e+05    1.0326029566e-01
    1.2270000000e+05    1.1161784133e-01
    1.2277500000e+05    9.6916748748e-02
    1.2285000000e+05    9.9807130072e-02
    1.2292500000e+05    9.4266052803e-02
    1.2300000000e+05    1.1428273897e-01
    1.2307500000e+05    1.0972805911e-01
    1.2315000000e+05    1.0248906917e-01
    1.2322500000e+05    1.4619658466e-01
    1.2330000000e+05    1.3200030430e-01
    1.2337500000e+05    1.2752607123e-01
    1.2345000000e+05    1.5550432757e-01
    1.2352500000e+05    1.5260048951e-01
    1.2360000000e+05    1.1652269846e-01
    1.2367500000e+05    1.0729274640e-01
    1.2375000000e+05    1.1048863572e-01
    1.2382500000e+05    1.0636271205e-01
    1.2390000000e+05    1.1307651889e-01
    1.2397500000e+05    9.5216552646e-02
    1.2405000000e+05    1.0223438879e-01
    1.2412500000e+05    1.0255519769e-01
    1.2420000000e+05    1.0231006433e-01
    1.2427500000e+05    1.0951480972e-01
    1.2435000000e+05    1.0601263840e-01
    1.2442500000e+05    9.5833794229e-02
    1.2450000000e+05    1.1974730966e-01
    1.2457500000e+05    1.4161016174e-01
    1.2465000000e+05    1.4833287192e-01
    1.2472500000e+05    1.2853428048e-01
    1.2480000000e+05    1.0592070408e-01
    1.2487500000e+05    1.4574574276e-01
    1.2495000000e+05    1.3599064669e-01
    1.2502500000e+05    1.0632166834e-01
    1.2510000000e+05    1.2109026723e-01
    1.2517500000e+05    1.1442703307e-01
    1.2525000000e+05    1.2829764545e-01
    1.2532500000e+05    1.3068668699e-01
    1.2540000000e+05    1.1249539074e-01
    1.2547500000e+05    1.2030444783e-01
    1.2555000000e+05    1.0633195544e-01
    1.2562500000e+05    1.1441635135e-01
    1.2570000000e+05    1.0972028022e-01
    1.2577500000e+05    1.1679434601e-01
    1.2585000000e+05    1.2581775243e-01
    1.2592500000e+05    1.1379386815e-01
    1.2600000000e+05    1.1437599213e-01
    1.2607500000e+05    1.0993289799e-01
    1.2615000000e+05    1.2898269986e-01
    1.2622500000e+05    1.1332181313e-01
    1.2630000000e+05    9.9383632139e-02
    1.2637500000e+05    1.0656415646e-01
    1.2645000000e+05    1.4725752458e-01
    1.2652500000e+05    1.4804174350e-01
    1.2660000000e+05    9.3069955036e-02
    1.2667500000e+05    9.9346071640e-02
    1.2675000000e+05    1.2320288167e-01
    1.2682500000e+05    1.1765861186e-01
    1.2690000000e+05    8.9439247392e-02
    1.2697500000e+05    9.5202459918e-02
    1.2705000000e+05    1.0072978713e-01
    1.2712500000e+05    1.0733797592e-01
    1.2720000000e+05    1.1047145645e-01
    1.2727500000e+05    1.0151900686e-01
    1.2735000000e+05    7.9510385515e-02
    1.2742500000e+05    1.3493006072e-01
    1.2750000000e+05    1.4701986827e-01
    1.2757500000e+05    1.8981828230e-01
    1.2765000000e+05    1.9714367170e-01
    1.2772500000e+05    2.0674044521e-01
    1.2780000000e+05    1.5140622344e-01
    1.2787500000e+05    1.8231075163e-01
    1.2795000000e+05    1.2039221738e-01
    1.2802500000e+05    1.0457050805e-01
    1.2810000000e+05    1.1493444056e-01
    1.2817500000e+05    1.0144261498e-01
    1.2825000000e+05    9.4692009916e-02
    1.2832500000e+05    1.2266032946e-01
    1.2840000000e+05    1.5940608975e-01
    1.2847500000e+05    1.0064788321e-01
    1.2855000000e+05    1.1685532071e-01
    1.2862500000e+05    1.0412403711e-01
    1.2870000000e+05    1.8341645722e-01
    1.2877500000e+05    1.2289832929e-01
    1.2885000000e+05    1.5164837644e-01
    1.2892500000e+05    1.5256314732e-01
    1.2900000000e+05    1.5660513382e-01
    1.2907500000e+05    1.3226709245e-01
    1.2915000000e+05    8.6265988642e-02
    1.2922500000e+05    1.1695942490e-01
    1.2930000000e+05    1.0214324746e-01
    1.2937500000e+05    1.0566280039e-01
    1.2945000000e+05    1.1027512514e-01
    1.2952500000e+05    9.4986758347e-02
    1.2960000000e+05    8.6380132289e-02
    1.2967500000e+05    1.0703725783e-01
    1.2975000000e+05    1.0079607585e-01
    1.2982500000e+05    1.1735077549e-01
    1.2990000000e+05    1.0982701303e-01
    1.2997500000e+05    1.2597693074e-01
    1.3005000000e+05    1.5011006353e-01
    1.3012500000e+05    1.2139725933e-01
    1.3020000000e+05    1.1534730955e-01
    1.3027500000e+05    1.0960541204e-01
    1.3035000000e+05    1.2253565795e-01
    1.3042500000e+05    9.7477452949e-02
    1.3050000000e+05    1.0327429411e-01
    1.3057500000e+05    1.0820250858e-01
    1.3065000000e+05    1.1509615546e-01
    1.3072500000e+05    1.1899118780e-01
    1.3080000000e+05    1.0088478288e-01
    1.3087500000e+05    1.0504701029e-01
    1.3095000000e+05    1.0779844571e-01
    1.3102500000e+05    1.1184303928e-01
    1.3110000000e+05    1.0951152533e-01
    1.3117500000e+05    1.4700061844e-01
    1.3125000000e+05    1.0676431776e-01
    1.3132500000e+05    1.0984188477e-01
    1.3140000000e+05    1.0428678094e-01
    1.3147500000e+05    1.0259602348e-01
    1.3155000000e+05    1.2419755817e-01
    1.3162500000e+05    1.1887337165e-01
    1.3170000000e+05    1.2734217347e-01
    1.3177500000e+05    1.0770881386e-01
    1.3185000000e+05    1.0220523668e-01
    1.3192500000e+05    1.1969144424e-01
    1.3200000000e+05    9.7924514731e-02
    1.3207500000e+05    1.3056024129e-01
    1.3215000000e+05    1.5271724318e-01
    1.3222500000e+05    1.7765661059e-01
    1.3230000000e+05    1.3242525206e-01
    1.3237500000e+05    9.8458376833e-02
    1.3245000000e+05    1.1569909396e-01
    1.3252500000e+05    1.3381676796e-01
    1.3260000000e+05    1.0483912728e-01
    1.3267500000e+05    1.2263509232e-01
    1.3275000000e+05    1.0952282974e-01
    1.3282500000e+05    1.2430245989e-01
    1.3290000000e+05    1.2091395833e-01
    1.3297500000e+05    1.1781678154e-01
    1.3305000000e+05    1.1813525160e-01
    1.3312500000e+05    1.3428037655e-01
    1.3320000000e+05    1.4044991673e-01
    1.3327500000e+05    1.4950086867e-01
    1.3335000000e+05    1.9064241509e-01
    1.3342500000e+05    1.3787805236e-01
    1.3350000000e+05    1.0311219554e-01
    1.3357500000e+05    8.8501519407e-02
    1.3365000000e+05    1.0935173417e-01
    1.3372500000e+05    1.0836118021e-01
    1.3380000000e+05    1.0262555405e-01
    1.3387500000e+05    1.1520139577e-01
    1.3395000000e+05    1.1156952143e-01
    1.3402500000e+05    9.2558970736e-02
    1.3410000000e+05    1.0148817272e-01
    1.3417500000e+05    1.2346258086e-01
    1.3425000000e+05    1.1810656974e-01
    1.3432500000e+05    9.9674596251e-02
    1.3440000000e+05    1.2659663912e-01
    1.3447500000e+05    1.2787153172e-01
    1.3455000000e+05    1.5499228120e-01
    1.3462500000e+05    1.4349149062e-01
    1.3470000000e+05    1.0496568034e-01
    1.3477500000e+05    1.0049152333e-01
    1.3485000000e+05    1.1200330890e-01
    1.3492500000e+05    1.2540216377e-01
    1.3500000000e+05    1.0737909112e-01
    1.3507500000e+05    1.1065977301e-01
    1.3515000000e+05    1.1422227280e-01
    1.3522500000e+05    1.6183995498e-01
    1.3530000000e+05    1.2267973372e-01
    1.3537500000e+05    1.8586752516e-01
    1.3545000000e+05    1.5919033860e-01
    1.3552500000e+05    1.2774607288e-01
    1.3560000000e+05    1.1282709948e-01
    1.3567500000e+05    1.1320040406e-01
    1.3575000000e+05    1.8756849180e-01
    1.3582500000e+05    1.0073210462e-01
    1.3590000000e+05    1.0265395833e-01
    1.3597500000e+05    1.1787951741e-01
    1.3605000000e+05    1.3501917226e-01
    1.3612500000e+05    1.0970764924e-01
    1.3620000000e+05    1.3919601354e-01
    1.3627500000e+05    1.1801438357e-01
    1.3635000000e+05    1.1455496693e-01
    1.3642500000e+05    1.2086115620e-01
    1.3650000000e+05    1.1474930478e-01
    1.3657500000e+05    1.1187743209e-01
    1.3665000000e+05    1.2601995019e-01
    1.3672500000e+05    1.1222055770e-01
    1.3680000000e+05    1.1789625172e-01
    1.3687500000e+05    1.0949148852e-01
    1.3695000000e+05    1.0940567931e-01
    1.3702500000e+05    1.1292299172e-01
    1.3710000000e+05    2.0016333865e-01
    1.3717500000e+05    1.5605570396e-01
    1.3725000000e+05    1.5360285119e-01
    1.3732500000e+05    1.5769554110e-01
    1.3740000000e+05    1.3610383394e-01
    1.3747500000e+05    1.5422456012e-01
    1.3755000000e+05    1.3592977826e-01
    1.3762500000e+05    1.2495759156e-01
    1.3770000000e+05    1.2150920160e-01
    1.3777500000e+05    1.3165941325e-01
    1.3785000000e+05    1.2982862588e-01
    1.3792500000e+05    1.1736021661e-01
    1.3800000000e+05    1.2851323492e-01
    1.3807500000e+05    1.0807364781e-01
    1.3815000000e+05    1.0917538591e-01
    1.3822500000e+05    1.2879918755e-01
    1.3830000000e+05    9.1932958614e-02
    1.3837500000e+05    1.0991649913e-01
    1.3845000000e+05    1.2413577819e-01
    1.3852500000e+05    1.1019820169e-01
    1.3860000000e+05    1.2124082051e-01
    1.3867500000e+05    1.1565945386e-01
    1.3875000000e+05    1.0078667188e-01
    1.3882500000e+05    1.2349274092e-01
    1.3890000000e+05    1.1699612622e-01
    1.3897500000e+05    1.2759546669e-01
    1.3905000000e+05    1.1726001576e-01
    1.3912500000e+05    9.7946338959e-02
    1.3920000000e+05    1.1780627796e-01
    1.3927500000e+05    1.0496941761e-01
    1.3935000000e+05    1.1042925656e-01
    1.3942500000e+05    1.2180623650e-01
    1.3950000000e+05    1.1933467381e-01
    1.3957500000e+05    1.0809746256e-01
    1.3965000000e+05    1.0341546643e-01
    1.3972500000e+05    1.1615599258e-01
    1.3980000000e+05    1.0948327630e-01
    1.3987500000e+05    1.1142785287e-01
    1.3995000000e+05    1.0166226603e-01
    1.4002500000e+05    1.1426272614e-01
    1.4010000000e+05    1.0320864008e-01
    1.4017500000e+05    1.1672076434e-01
    1.4025000000e+05    1.1696220005e-01
    1.4032500000e+05    1.1465693027e-01
    1.4040000000e+05    1.3345788728e-01
    1.4047500000e+05    1.0003082843e-01
    1.4055000000e+05    1.4225438766e-01
    1.4062500000e+05    1.3008325483e-01
    1.4070000000e+05    1.1398896276e-01
    1.4077500000e+05    1.0652110785e-01
    1.4085000000e+05    1.1346605603e-01
    1.4092500000e+05    1.1954665276e-01
    1.4100000000e+05    1.0366709503e-01
    1.4107500000e+05    1.1666725293e-01
    1.4115000000e+05    9.6241752184e-02
    1.4122500000e+05    1.0066729152e-01
    1.4130000000e+05    1.4978453483e-01
    1.4137500000e+05    1.2049084616e-01
    1.4145000000e+05    1.1957248885e-01
    1.4152500000e+05    1.1041624570e-01
    1.4160000000e+05    9.6340404071e-02
    1.4167500000e+05    1.2357879321e-01
    1.4175000000e+05    1.5112522073e-01
    1.4182500000e+05    1.2271264547e-01
    1.4190000000e+05    1.3995345326e-01
    1.4197500000e+05    1.1408284063e-01
    1.4205000000e+05    1.2575933433e-01
    1.4212500000e+05    1.1319615731e-01
    1.4220000000e+05    1.0505716022e-01
    1.4227500000e+05    1.0196825862e-01
    1.4235000000e+05    9.0601602135e-02
    1.4242500000e+05    1.2861016387e-01
    1.4250000000e+05    1.2437652199e-01
    1.4257500000e+05    1.2529151282e-01
    1.4265000000e+05    1.1415859950e-01
    1.4272500000e+05    1.1420322389e-01
    1.4280000000e+05    1.3361732355e-01
    1.4287500000e+05    1.0930389010e-01
    1.4295000000e+05    1.0249523175e-01
    1.4302500000e+05    1.0980176006e-01
    1.4310000000e+05    1.1752078401e-01
    1.4317500000e+05    9.4626087984e-02
    1.4325000000e+05    1.1387563109e-01
    1.4332500000e+05    1.1630862140e-01
    1.4340000000e+05    1.0083125639e-01
    1.4347500000e+05    1.0137615023e-01
    1.4355000000e+05    1.1242648748e-01
    1.4362500000e+05    1.7118167696e-01
    1.4370000000e+05    1.0937270998e-01
    1.4377500000e+05    1.0342385747e-01
    1.4385000000e+05    1.1085983414e-01
    1.4392500000e+05    1.0723524504e-01
    1.4400000000e+05    1.0035046839e-01
    1.4407500000e+05    1.0450724690e-01
    1.4415000000e+05    9.3889198120e-02
    1.4422500000e+05    1.2474009196e-01
    1.4430000000e+05    1.0533149420e-01
    1.4437500000e+05    1.1981597824e-01
    1.4445000000e+05    1.2494151032e-01
    1.4452500000e+05    1.0687471947e-01
    1.4460000000e+05    9.5822529849e-02
    1.4467500000e+05    1.1310096007e-01
    1.4475000000e+05    1.3406787418e-01
    1.4482500000e+05    1.1721843439e-01
    1.4490000000e+05    1.1928266212e-01
    1.4497500000e+05    1.2914815357e-01
    1.4505000000e+05    9.6028585606e-02
    1.4512500000e+05    9.3556437581e-02
    1.4520000000e+05    1.0750657040e-01
    1.4527500000e+05    1.1122259575e-01
    1.4535000000e+05    9.6514068056e-02
    1.4542500000e+05    9.9719064737e-02
    1.4550000000e+05    8.6426332354e-02
    1.4557500000e+05    9.5548419912e-02
    1.4565000000e+05    1.0760658634e-01
    1.4572500000e+05    9.5655818430e-02
    1.4580000000e+05    1.5017483983e-01
    1.4587500000e+05    1.4670907708e-01
    1.4595000000e+05    1.1352938785e-01
    1.4602500000e+05    1.5045052189e-01
    1.4610000000e+05    1.3049604194e-01
    1.4617500000e+05    1.0454737903e-01
    1.4625000000e+05    1.1138134052e-01
    1.4632500000e+05    9.6549610878e-02
    1.4640000000e+05    9.8304175695e-02
    1.4647500000e+05    1.0032409978e-01
    1.4655000000e+05    9.5508349013e-02
    1.4662500000e+05    1.1904621479e-01
    1.4670000000e+05    1.2886874471e-01
    1.4677500000e+05    1.2578052239e-01
    1.4685000000e+05    9.9903662420e-02
    1.4692500000e+05    1.0274315441e-01
    1.4700000000e+05    1.1191626943e-01
    1.4707500000e+05    1.0285662067e-01
    1.4715000000e+05    9.4260671047e-02
    1.4722500000e+05    9.5649479348e-02
    1.4730000000e+05    1.0136000570e-01
    1.4737500000e+05    1.3263421171e-01
    1.4745000000e+05    1.1055157542e-01
    1.4752500000e+05    1.0666963312e-01
    1.4760000000e+05    1.2086345981e-01
    1.4767500000e+05    1.3929314418e-01
    1.4775000000e+05    1.7099598363e-01
    1.4782500000e+05    1.2794382798e-01
    1.4790000000e+05    1.3910703090e-01
    1.4797500000e+05    1.6216433534e-01
    1.4805000000e+05    1.4676221040e-01
    1.4812500000e+05    1.4198827881e-01
    1.4820000000e+05    1.2390649322e-01
    1.4827500000e+05    1.2552716725e-01
    1.4835000000e+05    1.2414675710e-01
    1.4842500000e+05    9.6578076226e-02
    1.4850000000e+05    1.0308533541e-01
    1.4857500000e+05    1.1648432989e-01
    1.4865000000e+05    1.1682872090e-01
    1.4872500000e+05    1.0211656051e-01
    1.4880000000e+05    1.1449206088e-01
    1.4887500000e+05    1.3963606732e-01
    1.4895000000e+05    1.2401425410e-01
    1.4902500000e+05    9.8085033095e-02
    1.4910000000e+05    1.0997338319e-01
    1.4917500000e+05    1.1001135743e-01
    1.4925000000e+05    1.1232038038e-01
    1.4932500000e+05    1.3215138456e-01
    1.4940000000e+05    1.0822016786e-01
    1.4947500000e+05    1.0885036903e-01
    1.4955000000e+05    1.0626304204e-01
    1.4962500000e+05    9.6002321071e-02
    1.4970000000e+05    1.0291125081e-01
    1.4977500000e+05    8.9328256483e-02
    1.4985000000e+05    1.1338232101e-01
    1.4992500000e+05    1.1075669477e-01
    1.5000000000e+05    9.7760576811e-02
