    1.0000000000e+02    2.7732199342e-01
    2.0000000000e+02    4.2131414253e-01
    3.0000000000e+02    3.9036042715e-01
    4.0000000000e+02    3.5098552853e-01
    5.0000000000e+02    4.0122139968e-01
    6.0000000000e+02    4.6766465299e-01
    7.0000000000e+02    4.4439554346e-01
    8.0000000000e+02    3.9021021800e-01
    9.0000000000e+02    4.7447510662e-01
    1.0000000000e+03    5.0864804888e-01
    1.1000000000e+03    3.7126387021e-01
    1.2000000000e+03    4.9374547367e-01
    1.3000000000e+03    6.8409156100e-01
    1.4000000000e+03    4.2331819010e-01
    1.5000000000e+03    5.2764283731e-01
    1.6000000000e+03    4.4521324331e-01
    1.7000000000e+03    3.0723988109e-01
    1.8000000000e+03    3.8399737787e-01
    1.9000000000e+03    5.0203610553e-01
    2.0000000000e+03    7.1657786579e-01
    2.1000000000e+03    6.1467412861e-01
    2.2000000000e+03    5.3401542978e-01
    2.3000000000e+03    5.6543349760e-01
    2.4000000000e+03    6.2117708423e-01
    2.5000000000e+03    3.9336461277e-01
    2.6000000000e+03    4.0785117191e-01
    2.7000000000e+03    4.5161754038e-01
    2.8000000000e+03    3.3209249306e-01
    2.9000000000e+03    4.0121203338e-01
    3.0000000000e+03    4.5006214499e-01
    3.1000000000e+03    4.0138141212e-01
    3.2000000000e+03    4.5375380276e-01
    3.3000000000e+03    3.0567816526e-01
    3.4000000000e+03    4.3214454035e-01
    3.5000000000e+03    3.8740027601e-01
    3.6000000000e+03    4.2798526799e-01
    3.7000000000e+03    3.4054581654e-01
    3.8000000000e+03    2.3889442227e-01
    3.9000000000e+03    2.3734723758e-01
    4.0000000000e+03    2.9177249827e-01
    4.1000000000e+03    3.8688656228e-01
    4.2000000000e+03    3.8431879899e-01
    4.3000000000e+03    3.7353914758e-01
    4.4000000000e+03    1.7681116662e-01
    4.5000000000e+03    1.6247590495e-01
    4.6000000000e+03    1.4345578585e-01
    4.7000000000e+03    1.2613706467e-01
    4.8000000000e+03    1.0762431762e-01
    4.9000000000e+03    1.0931231621e-01
    5.0000000000e+03    1.1722439754e-01
    5.1000000000e+03    1.3687847621e-01
    5.2000000000e+03    1.2390451570e-01
    5.3000000000e+03    1.5470347190e-01
    5.4000000000e+03    1.6026667707e-01
    5.5000000000e+03    1.4727570632e-01
    5.6000000000e+03    1.4329177111e-01
    5.7000000000e+03    1.5376895280e-01
    5.8000000000e+03    1.7223224263e-01
    5.9000000000e+03    1.6619420798e-01
    6.0000000000e+03    1.7376295806e-01
    6.1000000000e+03    1.2739427976e-01
    6.2000000000e+03    1.7560182574e-01
    6.3000000000e+03    1.4483242277e-01
    6.4000000000e+03    1.2786905949e-01
    6.5000000000e+03    1.6223281504e-01
    6.6000000000e+03    1.7296678698e-01
    6.7000000000e+03    1.4934087343e-01
    6.8000000000e+03    1.2539661516e-01
    6.9000000000e+03    1.3800550193e-01
    7.0000000000e+03    1.1408965061e-01
    7.1000000000e+03    1.5698760818e-01
    7.2000000000e+03    2.1849150405e-01
    7.3000000000e+03    1.6069568599e-01
    7.4000000000e+03    1.7897217344e-01
    7.5000000000e+03    1.5632850462e-01
    7.6000000000e+03    1.5213509574e-01
    7.7000000000e+03    1.4388745005e-01
    7.8000000000e+03    1.7053403834e-01
    7.9000000000e+03    1.6001665698e-01
    8.0000000000e+03    1.4736132310e-01
    8.1000000000e+03    1.6353294795e-01
    8.2000000000e+03    1.5268722480e-01
    8.3000000000e+03    1.8009230337e-01
    8.4000000000e+03    1.7798493755e-01
    8.5000000000e+03    2.0353101253e-01
    8.6000000000e+03    1.8637987358e-01
    8.7000000000e+03    1.5019402529e-01
    8.8000000000e+03    1.4376958057e-01
    8.9000000000e+03    1.5754829972e-01
    9.0000000000e+03    1.4960679087e-01
    9.1000000000e+03    1.5940036827e-01
    9.2000000000e+03    1.6097900700e-01
    9.3000000000e+03    1.2923671459e-01
    9.4000000000e+03    1.6071820951e-01
    9.5000000000e+03    1.5742128465e-01
    9.6000000000e+03    1.5564092777e-01
    9.7000000000e+03    1.4639864598e-01
    9.8000000000e+03    1.8128439212e-01
    9.9000000000e+03    1.3693569581e-01
    1.0000000000e+04    1.2241501213e-01
    1.0100000000e+04    1.1877694004e-01
    1.0200000000e+04    1.3771155601e-01
    1.0300000000e+04    1.4449963258e-01
    1.0400000000e+04    1.0561441986e-01
    1.0500000000e+04    1.4325846205e-01
    1.0600000000e+04    1.0350593425e-01
    1.0700000000e+04    1.4286696292e-01
    1.0800000000e+04    1.0322235666e-01
    1.0900000000e+04    1.4405774813e-01
    1.1000000000e+04    1.5702919179e-01
    1.1100000000e+04    1.4822240438e-01
    1.1200000000e+04    1.4857346201e-01
    1.1300000000e+04    1.0628423667e-01
    1.1400000000e+04    1.2385780337e-01
    1.1500000000e+04    1.5122084221e-01
    1.1600000000e+04    1.3090082549e-01
    1.1700000000e+04    1.5358820104e-01
    1.1800000000e+04    1.3231636720e-01
    1.1900000000e+04    1.4386081709e-01
    1.2000000000e+04    1.5227466058e-01
    1.2100000000e+04    1.2458010354e-01
    1.2200000000e+04    1.6937854960e-01
    1.2300000000e+04    1.3414094115e-01
    1.2400000000e+04    1.3832177550e-01
    1.2500000000e+04    1.2511039753e-01
    1.2600000000e+04    1.2935685113e-01
    1.2700000000e+04    1.1528968756e-01
    1.2800000000e+04    1.3090105181e-01
    1.2900000000e+04    1.3554496576e-01
    1.3000000000e+04    1.5172384559e-01
    1.3100000000e+04    1.4944175466e-01
    1.3200000000e+04    1.4380806288e-01
    1.3300000000e+04    1.4052464776e-01
    1.3400000000e+04    1.3689645786e-01
    1.3500000000e+04    1.5521645633e-01
    1.3600000000e+04    1.8156419768e-01
    1.3700000000e+04    1.4611340735e-01
    1.3800000000e+04    1.1425560385e-01
    1.3900000000e+04    1.2325782486e-01
    1.4000000000e+04    1.1609133876e-01
    1.4100000000e+04    1.5107968781e-01
    1.4200000000e+04    1.3302908726e-01
    1.4300000000e+04    1.3022086784e-01
    1.4400000000e+04    1.3339442979e-01
    1.4500000000e+04    1.2769055476e-01
    1.4600000000e+04    1.0951268056e-01
    1.4700000000e+04    1.4755135486e-01
    1.4800000000e+04    1.1713104532e-01
    1.4900000000e+04    1.1321475598e-01
    1.5000000000e+04    1.7066349250e-01
    1.5100000000e+04    1.2881905286e-01
    1.5200000000e+04    1.4031779037e-01
    1.5300000000e+04    1.3918139954e-01
    1.5400000000e+04    1.4670226305e-01
    1.5500000000e+04    1.4547975740e-01
    1.5600000000e+04    1.1147247773e-01
    1.5700000000e+04    1.0433534733e-01
    1.5800000000e+04    1.1138041200e-01
    1.5900000000e+04    1.5021967639e-01
    1.6000000000e+04    1.0632520149e-01
    1.6100000000e+04    1.2430092651e-01
    1.6200000000e+04    1.2587865981e-01
    1.6300000000e+04    1.2524806402e-01
    1.6400000000e+04    1.3493925523e-01
    1.6500000000e+04    1.3013749628e-01
    1.6600000000e+04    1.3388413306e-01
    1.6700000000e+04    1.6688860618e-01
    1.6800000000e+04    1.3739392642e-01
    1.6900000000e+04    1.2528564096e-01
    1.7000000000e+04    1.7595250839e-01
    1.7100000000e+04    1.2998456256e-01
    1.7200000000e+04    1.1041244531e-01
    1.7300000000e+04    1.2753255135e-01
    1.7400000000e+04    1.3532045126e-01
    1.7500000000e+04    1.1855146561e-01
    1.7600000000e+04    1.2496919717e-01
    1.7700000000e+04    1.3320501053e-01
    1.7800000000e+04    1.5923379295e-01
    1.7900000000e+04    1.6459223019e-01
    1.8000000000e+04    1.5943085037e-01
    1.8100000000e+04    1.5779190671e-01
    1.8200000000e+04    1.3977836697e-01
    1.8300000000e+04    1.3586338982e-01
    1.8400000000e+04    1.2712981733e-01
    1.8500000000e+04    1.3758313380e-01
    1.8600000000e+04    1.3859628592e-01
    1.8700000000e+04    1.4048703659e-01
    1.8800000000e+04    1.6283526756e-01
    1.8900000000e+04    1.6686233884e-01
    1.9000000000e+04    1.7339694251e-01
    1.9100000000e+04    1.2306844692e-01
    1.9200000000e+04    1.5140491105e-01
    1.9300000000e+04    1.5340655589e-01
    1.9400000000e+04    1.6861956444e-01
    1.9500000000e+04    1.3110377791e-01
    1.9600000000e+04    1.3034665174e-01
    1.9700000000e+04    1.3565800697e-01
    1.9800000000e+04    1.3200039443e-01
    1.9900000000e+04    1.1984007913e-01
    2.0000000000e+04    1.4117704043e-01
    2.0100000000e+04    1.2905633654e-01
    2.0200000000e+04    1.3143793216e-01
    2.0300000000e+04    1.5056295454e-01
    2.0400000000e+04    1.7358722556e-01
    2.0500000000e+04    2.5793730265e-01
    2.0600000000e+04    1.7698010442e-01
    2.0700000000e+04    1.6725581500e-01
    2.0800000000e+04    1.5019934268e-01
    2.0900000000e+04    1.5655633173e-01
    2.1000000000e+04    1.3413865329e-01
    2.1100000000e+04    1.0760058488e-01
    2.1200000000e+04    1.2033577437e-01
    2.1300000000e+04    1.3963030105e-01
    2.1400000000e+04    1.3401673886e-01
    2.1500000000e+04    1.9166767338e-01
    2.1600000000e+04    1.8065044988e-01
    2.1700000000e+04    1.8540448511e-01
    2.1800000000e+04    1.5345615200e-01
    2.1900000000e+04    1.7896942642e-01
    2.2000000000e+04    1.4551219451e-01
    2.2100000000e+04    1.3476814248e-01
    2.2200000000e+04    1.4556073852e-01
    2.2300000000e+04    1.4968532464e-01
    2.2400000000e+04    1.3076383979e-01
    2.2500000000e+04    1.1722965497e-01
    2.2600000000e+04    1.4189107467e-01
    2.2700000000e+04    1.3148886045e-01
    2.2800000000e+04    1.7590280659e-01
    2.2900000000e+04    1.8749943394e-01
    2.3000000000e+04    1.6700826911e-01
    2.3100000000e+04    1.4906356984e-01
    2.3200000000e+04    1.2901556840e-01
    2.3300000000e+04    1.6758933865e-01
    2.3400000000e+04    1.5137318669e-01
    2.3500000000e+04    1.2676234658e-01
    2.3600000000e+04    1.3192690871e-01
    2.3700000000e+04    1.1782627679e-01
    2.3800000000e+04    1.5830224219e-01
    2.3900000000e+04    1.4129746687e-01
    2.4000000000e+04    1.5235185811e-01
    2.4100000000e+04    1.2945611583e-01
    2.4200000000e+04    1.4825802968e-01
    2.4300000000e+04    1.4683864993e-01
    2.4400000000e+04    1.1720819354e-01
    2.4500000000e+04    1.2542376658e-01
    2.4600000000e+04    1.3828400571e-01
    2.4700000000e+04    1.9441903965e-01
    2.4800000000e+04    2.1077958055e-01
    2.4900000000e+04    2.1683736696e-01
    2.5000000000e+04    1.9736975290e-01
    2.5100000000e+04    1.9510285843e-01
    2.5200000000e+04    1.4935990239e-01
    2.5300000000e+04    1.2746543037e-01
    2.5400000000e+04    1.2641580763e-01
    2.5500000000e+04    1.4079797563e-01
    2.5600000000e+04    1.2740891879e-01
    2.5700000000e+04    9.8499909736e-02
    2.5800000000e+04    1.4932155540e-01
    2.5900000000e+04    1.4127475169e-01
    2.6000000000e+04    1.3930097676e-01
    2.6100000000e+04    1.7875715107e-01
    2.6200000000e+04    1.7843223742e-01
    2.6300000000e+04    1.3249191062e-01
    2.6400000000e+04    1.5525663814e-01
    2.6500000000e+04    1.5884090218e-01
    2.6600000000e+04    1.7004708439e-01
    2.6700000000e+04    1.4065292332e-01
    2.6800000000e+04    1.2484305090e-01
    2.6900000000e+04    1.5722667336e-01
    2.7000000000e+04    1.1445533243e-01
    2.7100000000e+04    1.2591353158e-01
    2.7200000000e+04    1.1666558245e-01
    2.7300000000e+04    2.2481453639e-01
    2.7400000000e+04    1.3401353205e-01
    2.7500000000e+04    1.8256464337e-01
    2.7600000000e+04    1.5200573863e-01
    2.7700000000e+04    1.9961586293e-01
    2.7800000000e+04    1.2581351995e-01
    2.7900000000e+04    1.2192235227e-01
    2.8000000000e+04    1.2480585124e-01
    2.8100000000e+04    1.3057929962e-01
    2.8200000000e+04    1.4381204293e-01
    2.8300000000e+04    1.3118943779e-01
    2.8400000000e+04    1.4440653277e-01
    2.8500000000e+04    1.1226298506e-01
    2.8600000000e+04    1.5341316832e-01
    2.8700000000e+04    1.6046545771e-01
    2.8800000000e+04    1.6160393563e-01
    2.8900000000e+04    1.2605280129e-01
    2.9000000000e+04    1.8378133490e-01
    2.9100000000e+04    1.5441565832e-01
    2.9200000000e+04    1.2984714472e-01
    2.9300000000e+04    1.2971995888e-01
    2.9400000000e+04    1.1809143593e-01
    2.9500000000e+04    1.4092632133e-01
    2.9600000000e+04    1.4778021813e-01
    2.9700000000e+04    1.7702446696e-01
    2.9800000000e+04    1.4593863756e-01
    2.9900000000e+04    1.5823322008e-01
    3.0000000000e+04    1.3097916394e-01
    3.0100000000e+04    1.2924154535e-01
    3.0200000000e+04    1.3334115876e-01
    3.0300000000e+04    1.4413126123e-01
    3.0400000000e+04    1.4389344016e-01
    3.0500000000e+04    1.4770453255e-01
    3.0600000000e+04    1.3436651424e-01
    3.0700000000e+04    1.1429209931e-01
    3.0800000000e+04    1.0892594695e-01
    3.0900000000e+04    1.5322952122e-01
    3.1000000000e+04    1.1515704796e-01
    3.1100000000e+04    1.1551401772e-01
    3.1200000000e+04    1.1514118005e-01
    3.1300000000e+04    1.2714408054e-01
    3.1400000000e+04    1.4632909582e-01
    3.1500000000e+04    1.9149798493e-01
    3.1600000000e+04    1.5510363373e-01
    3.1700000000e+04    1.8303962854e-01
    3.1800000000e+04    1.8587211455e-01
    3.1900000000e+04    1.2233036749e-01
    3.2000000000e+04    1.1323849139e-01
    3.2100000000e+04    1.1607076499e-01
    3.2200000000e+04    1.2829013363e-01
    3.2300000000e+04    1.3385112813e-01
    3.2400000000e+04    1.1786545038e-01
    3.2500000000e+04    1.4579145656e-01
    3.2600000000e+04    9.8626775921e-02
    3.2700000000e+04    1.4807882258e-01
    3.2800000000e+04    1.8619655030e-01
    3.2900000000e+04    1.5436186073e-01
    3.3000000000e+04    1.5087853990e-01
    3.3100000000e+04    1.4992365898e-01
    3.3200000000e+04    1.8832908511e-01
    3.3300000000e+04    1.3826184474e-01
    3.3400000000e+04    1.5311332047e-01
    3.3500000000e+04    1.0196522090e-01
    3.3600000000e+04    1.4556931916e-01
    3.3700000000e+04    1.2949153583e-01
    3.3800000000e+04    1.4372559335e-01
    3.3900000000e+04    1.5092364501e-01
    3.4000000000e+04    1.6266134646e-01
    3.4100000000e+04    1.5753084177e-01
    3.4200000000e+04    1.7020928759e-01
    3.4300000000e+04    1.5293396635e-01
    3.4400000000e+04    1.6861406812e-01
    3.4500000000e+04    1.1257997257e-01
    3.4600000000e+04    1.1450556778e-01
    3.4700000000e+04    1.1926118784e-01
    3.4800000000e+04    1.4360258631e-01
    3.4900000000e+04    1.4162574761e-01
    3.5000000000e+04    1.5756346265e-01
    3.5100000000e+04    1.5404364240e-01
    3.5200000000e+04    1.2701280569e-01
    3.5300000000e+04    1.2797386174e-01
    3.5400000000e+04    1.4697073812e-01
    3.5500000000e+04    1.9704748825e-01
    3.5600000000e+04    1.4963877266e-01
    3.5700000000e+04    1.3939555165e-01
    3.5800000000e+04    1.5921458722e-01
    3.5900000000e+04    1.5198536556e-01
    3.6000000000e+04    1.0715204787e-01
    3.6100000000e+04    1.0240631612e-01
    3.6200000000e+04    1.1644019014e-01
    3.6300000000e+04    9.8217567438e-02
    3.6400000000e+04    1.1967941518e-01
    3.6500000000e+04    1.2810174408e-01
    3.6600000000e+04    1.2032617916e-01
    3.6700000000e+04    1.0177689490e-01
    3.6800000000e+04    1.1318792205e-01
    3.6900000000e+04    1.1485138058e-01
    3.7000000000e+04    1.7455148129e-01
    3.7100000000e+04    1.4417509133e-01
    3.7200000000e+04    1.3976392795e-01
    3.7300000000e+04    1.1817614794e-01
    3.7400000000e+04    1.5702217026e-01
    3.7500000000e+04    1.1149553159e-01
    3.7600000000e+04    1.2964734497e-01
    3.7700000000e+04    1.4299756767e-01
    3.7800000000e+04    1.2213479828e-01
    3.7900000000e+04    1.2102608379e-01
    3.8000000000e+04    1.0724455139e-01
    3.8100000000e+04    1.4712043385e-01
    3.8200000000e+04    1.0771274695e-01
    3.8300000000e+04    1.5343832470e-01
    3.8400000000e+04    1.5603293889e-01
    3.8500000000e+04    2.1292760472e-01
    3.8600000000e+04    1.5959620266e-01
    3.8700000000e+04    1.4097493570e-01
    3.8800000000e+04    1.4936190141e-01
    3.8900000000e+04    1.5543478108e-01
    3.9000000000e+04    1.3292494777e-01
    3.9100000000e+04    1.2309117001e-01
    3.9200000000e+04    1.3045723974e-01
    3.9300000000e+04    1.3111602262e-01
    3.9400000000e+04    1.6009365813e-01
    3.9500000000e+04    1.6461045387e-01
    3.9600000000e+04    1.1836276679e-01
    3.9700000000e+04    1.3931037591e-01
    3.9800000000e+04    1.4913318219e-01
    3.9900000000e+04    1.2558682764e-01
    4.0000000000e+04    1.2280409562e-01
    4.0100000000e+04    1.5118454692e-01
    4.0200000000e+04    1.2388431573e-01
    4.0300000000e+04    1.2905650397e-01
    4.0400000000e+04    1.4546407569e-01
    4.0500000000e+04    1.1513813181e-01
    4.0600000000e+04    1.2867364268e-01
    4.0700000000e+04    1.1789442023e-01
    4.0800000000e+04    1.2751481511e-01
    4.0900000000e+04    1.0324388028e-01
    4.1000000000e+04    1.0661712670e-01
    4.1100000000e+04    1.3561313293e-01
    4.1200000000e+04    1.3669052125e-01
    4.1300000000e+04    1.4380009075e-01
    4.1400000000e+04    1.3991225327e-01
    4.1500000000e+04    1.4991743233e-01
    4.1600000000e+04    1.4060905653e-01
    4.1700000000e+04    1.1011482960e-01
    4.1800000000e+04    1.1530610097e-01
    4.1900000000e+04    1.2334448773e-01
    4.2000000000e+04    1.0735701896e-01
    4.2100000000e+04    1.2103013703e-01
    4.2200000000e+04    1.2578306491e-01
    4.2300000000e+04    1.2871800753e-01
    4.2400000000e+04    1.1543820413e-01
    4.2500000000e+04    1.1343008726e-01
    4.2600000000e+04    1.2334992776e-01
    4.2700000000e+04    1.2890653427e-01
    4.2800000000e+04    1.3352605609e-01
    4.2900000000e+04    1.4212227214e-01
    4.3000000000e+04    1.5813587516e-01
    4.3100000000e+04    1.2574344465e-01
    4.3200000000e+04    9.7628973662e-02
    4.3300000000e+04    1.0353679323e-01
    4.3400000000e+04    1.2759329045e-01
    4.3500000000e+04    1.0739749435e-01
    4.3600000000e+04    1.3320459818e-01
    4.3700000000e+04    1.1839007563e-01
    4.3800000000e+04    1.9921328762e-01
    4.3900000000e+04    1.4230392863e-01
    4.4000000000e+04    1.4421634271e-01
    4.4100000000e+04    1.5587639876e-01
    4.4200000000e+04    1.3334758968e-01
    4.4300000000e+04    1.3949426154e-01
    4.4400000000e+04    1.0580492983e-01
    4.4500000000e+04    1.0802909744e-01
    4.4600000000e+04    1.3484470920e-01
    4.4700000000e+04    1.3227916341e-01
    4.4800000000e+04    1.5009556987e-01
    4.4900000000e+04    1.5092285587e-01
    4.5000000000e+04    1.5010864529e-01
    4.5100000000e+04    1.1308266307e-01
    4.5200000000e+04    1.2432051939e-01
    4.5300000000e+04    1.3782737994e-01
    4.5400000000e+04    1.1894886046e-01
    4.5500000000e+04    1.3555027387e-01
    4.5600000000e+04    1.5645731425e-01
    4.5700000000e+04    1.3154987527e-01
    4.5800000000e+04    1.3698004204e-01
    4.5900000000e+04    1.4695556011e-01
    4.6000000000e+04    1.4471367166e-01
    4.6100000000e+04    1.3065427328e-01
    4.6200000000e+04    1.1975386647e-01
    4.6300000000e+04    1.2272352308e-01
    4.6400000000e+04    1.3597977364e-01
    4.6500000000e+04    1.3724842271e-01
    4.6600000000e+04    1.6383140504e-01
    4.6700000000e+04    1.5060269073e-01
    4.6800000000e+04    1.6474859986e-01
    4.6900000000e+04    1.5663958996e-01
    4.7000000000e+04    1.2209671274e-01
    4.7100000000e+04    1.1899350176e-01
    4.7200000000e+04    1.3971315394e-01
    4.7300000000e+04    1.2244998612e-01
    4.7400000000e+04    1.4580856152e-01
    4.7500000000e+04    1.7012119798e-01
    4.7600000000e+04    1.4852927038e-01
    4.7700000000e+04    1.3626211473e-01
    4.7800000000e+04    1.0332495749e-01
    4.7900000000e+04    1.6787433485e-01
    4.8000000000e+04    1.5918382402e-01
    4.8100000000e+04    1.0439428078e-01
    4.8200000000e+04    1.1497249726e-01
    4.8300000000e+04    1.1279931708e-01
    4.8400000000e+04    1.1625182050e-01
    4.8500000000e+04    1.3082947464e-01
    4.8600000000e+04    1.4821302822e-01
    4.8700000000e+04    1.2962545779e-01
    4.8800000000e+04    1.4312956322e-01
    4.8900000000e+04    1.2456396078e-01
    4.9000000000e+04    1.0209788139e-01
    4.9100000000e+04    1.5214092745e-01
    4.9200000000e+04    1.2391757144e-01
    4.9300000000e+04    1.1871523710e-01
    4.9400000000e+04    1.0348513908e-01
    4.9500000000e+04    1.6046669144e-01
    4.9600000000e+04    1.1341441576e-01
    4.9700000000e+04    1.5806681488e-01
    4.9800000000e+04    1.5598083147e-01
    4.9900000000e+04    1.1563621834e-01
    5.0000000000e+04    1.0883143544e-01
    5.0100000000e+04    1.6243997818e-01
    5.0200000000e+04    1.2622989474e-01
    5.0300000000e+04    1.1358339599e-01
    5.0400000000e+04    1.2119464170e-01
    5.0500000000e+04    1.2935707107e-01
    5.0600000000e+04    1.1202184296e-01
    5.0700000000e+04    1.2854853635e-01
    5.0800000000e+04    1.5293275787e-01
    5.0900000000e+04    1.5561764974e-01
    5.1000000000e+04    1.2358167952e-01
    5.1100000000e+04    1.1571672445e-01
    5.1200000000e+04    1.1373673546e-01
    5.1300000000e+04    1.5971172666e-01
    5.1400000000e+04    1.2772212195e-01
    5.1500000000e+04    1.2393964156e-01
    5.1600000000e+04    1.0659668246e-01
    5.1700000000e+04    1.2938738724e-01
    5.1800000000e+04    1.2411549181e-01
    5.1900000000e+04    1.2635454339e-01
    5.2000000000e+04    1.2663364653e-01
    5.2100000000e+04    1.4843922869e-01
    5.2200000000e+04    1.1405256915e-01
    5.2300000000e+04    1.4115904651e-01
    5.2400000000e+04    1.4176171974e-01
    5.2500000000e+04    1.4832283953e-01
    5.2600000000e+04    1.3354153296e-01
    5.2700000000e+04    1.3663532414e-01
    5.2800000000e+04    1.4679270086e-01
    5.2900000000e+04    1.5433471946e-01
    5.3000000000e+04    1.5637896967e-01
    5.3100000000e+04    1.2744218770e-01
    5.3200000000e+04    1.4392859204e-01
    5.3300000000e+04    1.0648488941e-01
    5.3400000000e+04    1.6061360754e-01
    5.3500000000e+04    1.2242482889e-01
    5.3600000000e+04    1.2175208677e-01
    5.3700000000e+04    1.4190271545e-01
    5.3800000000e+04    1.7280398333e-01
    5.3900000000e+04    1.8081440604e-01
    5.4000000000e+04    1.2774932803e-01
    5.4100000000e+04    1.1582628794e-01
    5.4200000000e+04    1.4063861929e-01
    5.4300000000e+04    1.3699823694e-01
    5.4400000000e+04    1.2194849029e-01
    5.4500000000e+04    1.4706007749e-01
    5.4600000000e+04    1.3655979894e-01
    5.4700000000e+04    1.8821426382e-01
    5.4800000000e+04    1.5154401778e-01
    5.4900000000e+04    1.6127001361e-01
    5.5000000000e+04    1.3339032739e-01
    5.5100000000e+04    1.3478218399e-01
    5.5200000000e+04    1.6419274932e-01
    5.5300000000e+04    1.3872272083e-01
    5.5400000000e+04    1.5807483598e-01
    5.5500000000e+04    1.1421264855e-01
    5.5600000000e+04    1.2642780102e-01
    5.5700000000e+04    1.8841298679e-01
    5.5800000000e+04    1.5026148025e-01
    5.5900000000e+04    1.3731167578e-01
    5.6000000000e+04    1.2609141741e-01
    5.6100000000e+04    1.2430347309e-01
    5.6200000000e+04    1.2048866454e-01
    5.6300000000e+04    1.3489646935e-01
    5.6400000000e+04    1.4741672062e-01
    5.6500000000e+04    1.2408808554e-01
    5.6600000000e+04    1.2323059519e-01
    5.6700000000e+04    1.0841982098e-01
    5.6800000000e+04    1.2746120944e-01
    5.6900000000e+04    1.2313684766e-01
    5.7000000000e+04    1.1072963817e-01
    5.7100000000e+04    1.2872996667e-01
    5.7200000000e+04    9.3939710323e-02
    5.7300000000e+04    1.1668269197e-01
    5.7400000000e+04    1.1610385161e-01
    5.7500000000e+04    1.2040792764e-01
    5.7600000000e+04    1.3576752136e-01
    5.7700000000e+04    1.4190179416e-01
    5.7800000000e+04    1.4367873339e-01
    5.7900000000e+04    1.6246100987e-01
    5.8000000000e+04    1.3883636072e-01
    5.8100000000e+04    1.5640163170e-01
    5.8200000000e+04    1.6484983704e-01
    5.8300000000e+04    1.2390627957e-01
    5.8400000000e+04    1.1937040542e-01
    5.8500000000e+04    1.4662566658e-01
    5.8600000000e+04    1.4559868875e-01
    5.8700000000e+04    1.2479822109e-01
    5.8800000000e+04    1.1971308249e-01
    5.8900000000e+04    1.1553425562e-01
    5.9000000000e+04    1.3554696012e-01
    5.9100000000e+04    1.4645076869e-01
    5.9200000000e+04    1.3154892730e-01
    5.9300000000e+04    1.5162432104e-01
    5.9400000000e+04    1.2415269872e-01
    5.9500000000e+04    1.2639279438e-01
    5.9600000000e+04    1.4189498457e-01
    5.9700000000e+04    1.1241848574e-01
    5.9800000000e+04    1.4861695096e-01
    5.9900000000e+04    1.2121252074e-01
    6.0000000000e+04    1.3339715670e-01
    6.0100000000e+04    1.3857988666e-01
    6.0200000000e+04    1.2775568193e-01
    6.0300000000e+04    1.2607931537e-01
    6.0400000000e+04    1.1727862650e-01
    6.0500000000e+04    1.1656183484e-01
    6.0600000000e+04    1.2488355352e-01
    6.0700000000e+04    1.5948007942e-01
    6.0800000000e+04    1.2699902927e-01
    6.0900000000e+04    1.7273305735e-01
    6.1000000000e+04    1.4918669658e-01
    6.1100000000e+04    1.2144022699e-01
    6.1200000000e+04    1.1961515252e-01
    6.1300000000e+04    1.2995854517e-01
    6.1400000000e+04    1.4058807500e-01
    6.1500000000e+04    1.0250133777e-01
    6.1600000000e+04    1.1798281440e-01
    6.1700000000e+04    1.2352125330e-01
    6.1800000000e+04    1.4235609477e-01
    6.1900000000e+04    1.1528167767e-01
    6.2000000000e+04    1.0890873545e-01
    6.2100000000e+04    1.1578842748e-01
    6.2200000000e+04    1.3122120236e-01
    6.2300000000e+04    1.7696717097e-01
    6.2400000000e+04    1.6113715334e-01
    6.2500000000e+04    1.4252157477e-01
    6.2600000000e+04    1.6831276635e-01
    6.2700000000e+04    1.3742203941e-01
    6.2800000000e+04    1.3068432598e-01
    6.2900000000e+04    1.3682799735e-01
    6.3000000000e+04    1.5790897510e-01
    6.3100000000e+04    1.3093920283e-01
    6.3200000000e+04    1.7109863057e-01
    6.3300000000e+04    1.3054251718e-01
    6.3400000000e+04    1.7818238993e-01
    6.3500000000e+04    1.3311578784e-01
    6.3600000000e+04    1.4788388660e-01
    6.3700000000e+04    1.3666319859e-01
    6.3800000000e+04    1.4511770523e-01
    6.3900000000e+04    1.4681288080e-01
    6.4000000000e+04    1.2440914089e-01
    6.4100000000e+04    1.3055479256e-01
    6.4200000000e+04    1.6108509374e-01
    6.4300000000e+04    1.1926863956e-01
    6.4400000000e+04    1.2709911389e-01
    6.4500000000e+04    1.2874942014e-01
    6.4600000000e+04    1.2469315731e-01
    6.4700000000e+04    1.1802957893e-01
    6.4800000000e+04    1.0127961260e-01
    6.4900000000e+04    1.4544408423e-01
    6.5000000000e+04    1.4193274638e-01
    6.5100000000e+04    1.1114293018e-01
    6.5200000000e+04    1.3618605232e-01
    6.5300000000e+04    1.3668228335e-01
    6.5400000000e+04    1.2067849576e-01
    6.5500000000e+04    1.2668300608e-01
    6.5600000000e+04    1.3631644505e-01
    6.5700000000e+04    1.4475177721e-01
    6.5800000000e+04    1.2675392860e-01
    6.5900000000e+04    1.2620429926e-01
    6.6000000000e+04    1.2340403711e-01
    6.6100000000e+04    1.5962749912e-01
    6.6200000000e+04    1.5244591448e-01
    6.6300000000e+04    1.5400691369e-01
    6.6400000000e+04    1.4712382010e-01
    6.6500000000e+04    2.1463061499e-01
    6.6600000000e+04    1.8232469478e-01
    6.6700000000e+04    1.6562143656e-01
    6.6800000000e+04    1.3225246865e-01
    6.6900000000e+04    2.1147589645e-01
    6.7000000000e+04    1.2467060303e-01
    6.7100000000e+04    1.3150457430e-01
    6.7200000000e+04    1.3346321908e-01
    6.7300000000e+04    1.1252216825e-01
    6.7400000000e+04    1.2351128436e-01
    6.7500000000e+04    1.3516942294e-01
    6.7600000000e+04    1.2120472570e-01
    6.7700000000e+04    9.6567966852e-02
    6.7800000000e+04    1.1126603545e-01
    6.7900000000e+04    1.2115637487e-01
    6.8000000000e+04    1.2968174758e-01
    6.8100000000e+04    1.1019439470e-01
    6.8200000000e+04    1.3543148580e-01
    6.8300000000e+04    1.3453341716e-01
    6.8400000000e+04    1.9614046340e-01
    6.8500000000e+04    1.3223534144e-01
    6.8600000000e+04    1.4668043183e-01
    6.8700000000e+04    1.4668658182e-01
    6.8800000000e+04    1.5532070755e-01
    6.8900000000e+04    1.5880714160e-01
    6.9000000000e+04    1.7569002732e-01
    6.9100000000e+04    1.3863179352e-01
    6.9200000000e+04    1.2977749824e-01
    6.9300000000e+04    9.3559661998e-02
    6.9400000000e+04    1.2342231003e-01
    6.9500000000e+04    1.2329583491e-01
    6.9600000000e+04    1.9880403416e-01
    6.9700000000e+04    1.4284498070e-01
    6.9800000000e+04    1.4801624599e-01
    6.9900000000e+04    1.1920752920e-01
    7.0000000000e+04    1.2346108027e-01
    7.0100000000e+04    1.3550686648e-01
    7.0200000000e+04    1.3312787910e-01
    7.0300000000e+04    1.7111231215e-01
    7.0400000000e+04    1.3792439553e-01
    7.0500000000e+04    1.4749975310e-01
    7.0600000000e+04    1.3565259741e-01
    7.0700000000e+04    1.2658136233e-01
    7.0800000000e+04    1.4155685202e-01
    7.0900000000e+04    1.9478732941e-01
    7.1000000000e+04    1.4062795783e-01
    7.1100000000e+04    1.3198092001e-01
    7.1200000000e+04    1.2938718800e-01
    7.1300000000e+04    1.8111604432e-01
    7.1400000000e+04    1.1817810229e-01
    7.1500000000e+04    1.0739475106e-01
    7.1600000000e+04    1.4148384740e-01
    7.1700000000e+04    1.3998679706e-01
    7.1800000000e+04    1.7388593227e-01
    7.1900000000e+04    1.6357628311e-01
    7.2000000000e+04    2.1764972950e-01
    7.2100000000e+04    1.5090952057e-01
    7.2200000000e+04    1.6487562388e-01
    7.2300000000e+04    1.3023672522e-01
    7.2400000000e+04    1.3320962456e-01
    7.2500000000e+04    1.3747523610e-01
    7.2600000000e+04    1.2422329295e-01
    7.2700000000e+04    1.1604350135e-01
    7.2800000000e+04    1.1620075467e-01
    7.2900000000e+04    1.2054939480e-01
    7.3000000000e+04    1.3951076263e-01
    7.3100000000e+04    1.1403175433e-01
    7.3200000000e+04    1.7447376884e-01
    7.3300000000e+04    1.5649923089e-01
    7.3400000000e+04    1.5701386474e-01
    7.3500000000e+04    1.2711739001e-01
    7.3600000000e+04    1.2160503641e-01
    7.3700000000e+04    1.1660776352e-01
    7.3800000000e+04    1.4435413009e-01
    7.3900000000e+04    1.6603883333e-01
    7.4000000000e+04    1.5994254817e-01
    7.4100000000e+04    1.6945315658e-01
    7.4200000000e+04    1.7726149000e-01
    7.4300000000e+04    1.4774480150e-01
    7.4400000000e+04    1.8065324364e-01
    7.4500000000e+04    1.3182822740e-01
    7.4600000000e+04    1.4034142855e-01
    7.4700000000e+04    1.6012673134e-01
    7.4800000000e+04    1.5336177972e-01
    7.4900000000e+04    1.2344940815e-01
    7.5000000000e+04    1.3030253119e-01
    7.5100000000e+04    1.5798687058e-01
    7.5200000000e+04    1.2149976873e-01
    7.5300000000e+04    1.3037092052e-01
    7.5400000000e+04    1.2913392346e-01
    7.5500000000e+04    1.3226587073e-01
    7.5600000000e+04    1.3762496220e-01
    7.5700000000e+04    1.5807332020e-01
    7.5800000000e+04    1.4397500169e-01
    7.5900000000e+04    1.3897808135e-01
    7.6000000000e+04    1.5607788767e-01
    7.6100000000e+04    1.4686830997e-01
    7.6200000000e+04    1.1985381186e-01
    7.6300000000e+04    1.2718849445e-01
    7.6400000000e+04    1.4018251661e-01
    7.6500000000e+04    1.3924096774e-01
    7.6600000000e+04    1.6884152330e-01
    7.6700000000e+04    1.1073588051e-01
    7.6800000000e+04    1.3614893047e-01
    7.6900000000e+04    1.7288434703e-01
    7.7000000000e+04    1.1772291094e-01
    7.7100000000e+04    1.2600929986e-01
    7.7200000000e+04    1.3199545466e-01
    7.7300000000e+04    1.4335232073e-01
    7.7400000000e+04    1.3119494430e-01
    7.7500000000e+04    1.4568555934e-01
    7.7600000000e+04    1.4764750506e-01
    7.7700000000e+04    1.1105306228e-01
    7.7800000000e+04    1.5270927074e-01
    7.7900000000e+04    1.3732964065e-01
    7.8000000000e+04    1.2472614598e-01
    7.8100000000e+04    1.3551954118e-01
    7.8200000000e+04    1.1627125748e-01
    7.8300000000e+04    1.1481299252e-01
    7.8400000000e+04    1.5661091187e-01
    7.8500000000e+04    1.1296564284e-01
    7.8600000000e+04    1.2687251102e-01
    7.8700000000e+04    1.5760242201e-01
    7.8800000000e+04    1.6835544367e-01
    7.8900000000e+04    2.1692742343e-01
    7.9000000000e+04    1.4329631863e-01
    7.9100000000e+04    1.6033145241e-01
    7.9200000000e+04    1.3653670543e-01
    7.9300000000e+04    1.8281574779e-01
    7.9400000000e+04    1.9212123454e-01
    7.9500000000e+04    1.1499658930e-01
    7.9600000000e+04    1.2730380811e-01
    7.9700000000e+04    1.2556985355e-01
    7.9800000000e+04    1.2554978797e-01
    7.9900000000e+04    1.0593681572e-01
    8.0000000000e+04    1.1795513794e-01
    8.0100000000e+04    1.1876469830e-01
    8.0200000000e+04    1.3419271409e-01
    8.0300000000e+04    1.7394948106e-01
    8.0400000000e+04    1.3110007207e-01
    8.0500000000e+04    1.7716934197e-01
    8.0600000000e+04    1.1076372450e-01
    8.0700000000e+04    1.0950022097e-01
    8.0800000000e+04    1.1130776214e-01
    8.0900000000e+04    1.1683936515e-01
    8.1000000000e+04    1.2361735773e-01
    8.1100000000e+04    1.2340326946e-01
    8.1200000000e+04    1.3221705658e-01
    8.1300000000e+04    1.4732315155e-01
    8.1400000000e+04    1.2507875152e-01
    8.1500000000e+04    1.7634487782e-01
    8.1600000000e+04    1.1938155015e-01
    8.1700000000e+04    1.2347789706e-01
    8.1800000000e+04    1.2637889028e-01
    8.1900000000e+04    1.1789291809e-01
    8.2000000000e+04    1.2647027594e-01
    8.2100000000e+04    1.2001992442e-01
    8.2200000000e+04    1.0651118136e-01
    8.2300000000e+04    1.3582215024e-01
    8.2400000000e+04    1.1755954006e-01
    8.2500000000e+04    1.5350283097e-01
    8.2600000000e+04    1.3241849621e-01
    8.2700000000e+04    1.3438575741e-01
    8.2800000000e+04    1.3706434670e-01
    8.2900000000e+04    1.2535834330e-01
    8.3000000000e+04    1.1599165967e-01
    8.3100000000e+04    1.2442136826e-01
    8.3200000000e+04    1.2833575934e-01
    8.3300000000e+04    1.2012451164e-01
    8.3400000000e+04    1.1632878723e-01
    8.3500000000e+04    1.7140103488e-01
    8.3600000000e+04    1.2070027899e-01
    8.3700000000e+04    1.3386379125e-01
    8.3800000000e+04    1.6355014431e-01
    8.3900000000e+04    1.5361829364e-01
    8.4000000000e+04    1.7581970124e-01
    8.4100000000e+04    1.6852185196e-01
    8.4200000000e+04    1.6531368992e-01
    8.4300000000e+04    1.4320935305e-01
    8.4400000000e+04    1.4352169062e-01
    8.4500000000e+04    1.1673917991e-01
    8.4600000000e+04    1.1833244457e-01
    8.4700000000e+04    1.4699308386e-01
    8.4800000000e+04    1.3738933223e-01
    8.4900000000e+04    1.5032178236e-01
    8.5000000000e+04    1.6438859479e-01
    8.5100000000e+04    1.5803230241e-01
    8.5200000000e+04    1.3561836841e-01
    8.5300000000e+04    1.3423039846e-01
    8.5400000000e+04    1.2480924125e-01
    8.5500000000e+04    1.1164015954e-01
    8.5600000000e+04    1.2575264609e-01
    8.5700000000e+04    1.2136967919e-01
    8.5800000000e+04    1.3807481451e-01
    8.5900000000e+04    1.3502065028e-01
    8.6000000000e+04    1.2932991036e-01
    8.6100000000e+04    9.8089513550e-02
    8.6200000000e+04    1.2163832342e-01
    8.6300000000e+04    1.3896973320e-01
    8.6400000000e+04    1.0916514318e-01
    8.6500000000e+04    1.1155392294e-01
    8.6600000000e+04    1.3096449174e-01
    8.6700000000e+04    1.2935064642e-01
    8.6800000000e+04    1.3625747850e-01
    8.6900000000e+04    1.1664188039e-01
    8.7000000000e+04    1.3191082327e-01
    8.7100000000e+04    1.2070619612e-01
    8.7200000000e+04    1.1838025843e-01
    8.7300000000e+04    1.1529937288e-01
    8.7400000000e+04    1.1578532958e-01
    8.7500000000e+04    1.3558366020e-01
    8.7600000000e+04    1.2932066086e-01
    8.7700000000e+04    1.4159865659e-01
    8.7800000000e+04    1.3252818763e-01
    8.7900000000e+04    1.2454236077e-01
    8.8000000000e+04    1.4675717676e-01
    8.8100000000e+04    1.4229020914e-01
    8.8200000000e+04    1.6940386350e-01
    8.8300000000e+04    1.5863270689e-01
    8.8400000000e+04    2.0887448775e-01
    8.8500000000e+04    1.4760005590e-01
    8.8600000000e+04    1.2794096752e-01
    8.8700000000e+04    1.2995160289e-01
    8.8800000000e+04    1.4634354921e-01
    8.8900000000e+04    1.0988291572e-01
    8.9000000000e+04    1.3519090692e-01
    8.9100000000e+04    1.3387022966e-01
    8.9200000000e+04    1.8863404959e-01
    8.9300000000e+04    1.4194016219e-01
    8.9400000000e+04    1.2570845128e-01
    8.9500000000e+04    1.0095183825e-01
    8.9600000000e+04    1.2673115945e-01
    8.9700000000e+04    1.1624335539e-01
    8.9800000000e+04    1.1821286523e-01
    8.9900000000e+04    1.0784330488e-01
    9.0000000000e+04    1.0801928354e-01
    9.0100000000e+04    1.1150265549e-01
    9.0200000000e+04    1.2221310441e-01
    9.0300000000e+04    1.5896964088e-01
    9.0400000000e+04    1.6575050174e-01
    9.0500000000e+04    1.8596345091e-01
    9.0600000000e+04    1.4555712662e-01
    9.0700000000e+04    1.1258464831e-01
    9.0800000000e+04    1.1092410408e-01
    9.0900000000e+04    1.0263440674e-01
    9.1000000000e+04    1.1475376810e-01
    9.1100000000e+04    1.0208866221e-01
    9.1200000000e+04    1.0797503947e-01
    9.1300000000e+04    1.1612048030e-01
    9.1400000000e+04    1.6124012749e-01
    9.1500000000e+04    2.1114910412e-01
    9.1600000000e+04    1.6013905850e-01
    9.1700000000e+04    1.4614915332e-01
    9.1800000000e+04    1.2358786820e-01
    9.1900000000e+04    1.7526818345e-01
    9.2000000000e+04    1.6091625328e-01
    9.2100000000e+04    1.2008445785e-01
    9.2200000000e+04    1.0909161055e-01
    9.2300000000e+04    1.1977388579e-01
    9.2400000000e+04    1.0291772618e-01
    9.2500000000e+04    1.3006862140e-01
    9.2600000000e+04    1.7211250502e-01
    9.2700000000e+04    1.5217406127e-01
    9.2800000000e+04    1.3256738579e-01
    9.2900000000e+04    1.5052711528e-01
    9.3000000000e+04    1.8214509708e-01
    9.3100000000e+04    1.2711131421e-01
    9.3200000000e+04    1.1515729556e-01
    9.3300000000e+04    1.0545307937e-01
    9.3400000000e+04    1.2193890966e-01
    9.3500000000e+04    1.1716284343e-01
    9.3600000000e+04    1.3785500749e-01
    9.3700000000e+04    1.4047271027e-01
    9.3800000000e+04    1.3657269234e-01
    9.3900000000e+04    1.4703279775e-01
    9.4000000000e+04    1.1463403890e-01
    9.4100000000e+04    1.2786907878e-01
    9.4200000000e+04    2.1973659436e-01
    9.4300000000e+04    1.5831085399e-01
    9.4400000000e+04    1.2367970708e-01
    9.4500000000e+04    1.2130500844e-01
    9.4600000000e+04    1.0264260026e-01
    9.4700000000e+04    1.2035172439e-01
    9.4800000000e+04    9.0881654219e-02
    9.4900000000e+04    1.2268252347e-01
    9.5000000000e+04    1.3554201725e-01
    9.5100000000e+04    1.3391489266e-01
    9.5200000000e+04    1.1565866657e-01
    9.5300000000e+04    1.0841862856e-01
    9.5400000000e+04    1.1381367401e-01
    9.5500000000e+04    1.1977831216e-01
    9.5600000000e+04    1.1470397109e-01
    9.5700000000e+04    1.3422792093e-01
    9.5800000000e+04    1.4445947595e-01
    9.5900000000e+04    1.5997693441e-01
    9.6000000000e+04    1.4184537873e-01
    9.6100000000e+04    1.3629687927e-01
    9.6200000000e+04    1.6809208754e-01
    9.6300000000e+04    1.3384698064e-01
    9.6400000000e+04    1.3660183233e-01
    9.6500000000e+04    1.2929879867e-01
    9.6600000000e+04    1.3456037901e-01
    9.6700000000e+04    1.2552846032e-01
    9.6800000000e+04    1.1641768289e-01
    9.6900000000e+04    1.4206169531e-01
    9.7000000000e+04    1.5118908859e-01
    9.7100000000e+04    1.7167070053e-01
    9.7200000000e+04    1.2261760436e-01
    9.7300000000e+04    1.3447706528e-01
    9.7400000000e+04    1.3803362405e-01
    9.7500000000e+04    1.3441428534e-01
    9.7600000000e+04    1.2628990039e-01
    9.7700000000e+04    1.5176622117e-01
    9.7800000000e+04    1.6676471418e-01
    9.7900000000e+04    1.6045353656e-01
    9.8000000000e+04    1.2849110323e-01
    9.8100000000e+04    1.3655558812e-01
    9.8200000000e+04    1.4081746000e-01
    9.8300000000e+04    1.6533415930e-01
    9.8400000000e+04    1.4424987715e-01
    9.8500000000e+04    1.2591771510e-01
    9.8600000000e+04    1.3036859469e-01
    9.8700000000e+04    1.3390534384e-01
    9.8800000000e+04    1.0594812379e-01
    9.8900000000e+04    1.4389634988e-01
    9.9000000000e+04    1.9857434349e-01
    9.9100000000e+04    1.6254946611e-01
    9.9200000000e+04    1.2349838144e-01
    9.9300000000e+04    1.4497069231e-01
    9.9400000000e+04    1.5984961749e-01
    9.9500000000e+04    1.5033237384e-01
    9.9600000000e+04    1.2702648605e-01
    9.9700000000e+04    1.2372086183e-01
    9.9800000000e+04    1.1050249990e-01
    9.9900000000e+04    1.1498616760e-01
    1.0000000000e+05    1.1293086301e-01
    1.0010000000e+05    1.1453733351e-01
    1.0020000000e+05    1.4086936209e-01
    1.0030000000e+05    1.6088259977e-01
    1.0040000000e+05    1.1846307368e-01
    1.0050000000e+05    1.5380964819e-01
    1.0060000000e+05    1.3309739462e-01
    1.0070000000e+05    1.3887589741e-01
    1.0080000000e+05    1.4446860900e-01
    1.0090000000e+05    1.6827573036e-01
    1.0100000000e+05    1.0442767848e-01
    1.0110000000e+05    1.3270817748e-01
    1.0120000000e+05    1.3254793473e-01
    1.0130000000e+05    1.2559516508e-01
    1.0140000000e+05    1.2976286140e-01
    1.0150000000e+05    1.2086930295e-01
    1.0160000000e+05    1.2888839813e-01
    1.0170000000e+05    1.3886053300e-01
    1.0180000000e+05    1.1848691227e-01
    1.0190000000e+05    1.5708100859e-01
    1.0200000000e+05    1.8306456028e-01
    1.0210000000e+05    1.9972530956e-01
    1.0220000000e+05    1.2189010262e-01
    1.0230000000e+05    1.3280235497e-01
    1.0240000000e+05    1.3601882278e-01
    1.0250000000e+05    1.6124733555e-01
    1.0260000000e+05    1.3501534043e-01
    1.0270000000e+05    2.3400954118e-01
    1.0280000000e+05    2.2862429150e-01
    1.0290000000e+05    1.6971966502e-01
    1.0300000000e+05    1.4269535978e-01
    1.0310000000e+05    1.5096480130e-01
    1.0320000000e+05    1.3544763159e-01
    1.0330000000e+05    1.2053606664e-01
    1.0340000000e+05    1.2452240941e-01
    1.0350000000e+05    1.3430011071e-01
    1.0360000000e+05    1.5921358954e-01
    1.0370000000e+05    1.5005565108e-01
    1.0380000000e+05    1.5503760621e-01
    1.0390000000e+05    1.2570861778e-01
    1.0400000000e+05    1.4122629808e-01
    1.0410000000e+05    1.2115701287e-01
    1.0420000000e+05    1.4089810429e-01
    1.0430000000e+05    1.1463111458e-01
    1.0440000000e+05    1.2404449858e-01
    1.0450000000e+05    1.1871340698e-01
    1.0460000000e+05    1.5338308557e-01
    1.0470000000e+05    1.1107380919e-01
    1.0480000000e+05    1.3727906522e-01
    1.0490000000e+05    1.3920812644e-01
    1.0500000000e+05    1.4785438353e-01
    1.0510000000e+05    1.3119418767e-01
    1.0520000000e+05    1.3055673472e-01
    1.0530000000e+05    1.5301489158e-01
    1.0540000000e+05    1.7753576661e-01
    1.0550000000e+05    2.5181646356e-01
    1.0560000000e+05    1.7071838337e-01
    1.0570000000e+05    1.3358969743e-01
    1.0580000000e+05    1.7034430015e-01
    1.0590000000e+05    1.7278767166e-01
    1.0600000000e+05    1.4598276177e-01
    1.0610000000e+05    1.0616633471e-01
    1.0620000000e+05    1.3666296533e-01
    1.0630000000e+05    1.1620943362e-01
    1.0640000000e+05    1.7251475985e-01
    1.0650000000e+05    1.1816035705e-01
    1.0660000000e+05    1.0632458474e-01
    1.0670000000e+05    1.2893065400e-01
    1.0680000000e+05    1.9726451824e-01
    1.0690000000e+05    2.1117559535e-01
    1.0700000000e+05    1.3080547624e-01
    1.0710000000e+05    1.5690823442e-01
    1.0720000000e+05    1.3034363929e-01
    1.0730000000e+05    1.0152807811e-01
    1.0740000000e+05    1.1925246602e-01
    1.0750000000e+05    1.1251621708e-01
    1.0760000000e+05    1.2931258138e-01
    1.0770000000e+05    1.5092022136e-01
    1.0780000000e+05    1.8539630428e-01
    1.0790000000e+05    1.7927503090e-01
    1.0800000000e+05    1.5173539912e-01
    1.0810000000e+05    1.4337456308e-01
    1.0820000000e+05    1.8448767584e-01
    1.0830000000e+05    1.6116019208e-01
    1.0840000000e+05    1.8133654019e-01
    1.0850000000e+05    2.3201408635e-01
    1.0860000000e+05    1.7539773236e-01
    1.0870000000e+05    1.7582870871e-01
    1.0880000000e+05    1.7081046122e-01
    1.0890000000e+05    2.1273242659e-01
    1.0900000000e+05    1.7320733975e-01
    1.0910000000e+05    1.5049572227e-01
    1.0920000000e+05    2.1182591102e-01
    1.0930000000e+05    1.8103790584e-01
    1.0940000000e+05    1.4761468921e-01
    1.0950000000e+05    1.4637746828e-01
    1.0960000000e+05    1.0341583879e-01
    1.0970000000e+05    1.0208452060e-01
    1.0980000000e+05    1.4240300039e-01
    1.0990000000e+05    1.2355869151e-01
    1.1000000000e+05    1.4317216336e-01
    1.1010000000e+05    1.2150270470e-01
    1.1020000000e+05    1.4045630688e-01
    1.1030000000e+05    1.4575783646e-01
    1.1040000000e+05    1.3693439653e-01
    1.1050000000e+05    1.2528797608e-01
    1.1060000000e+05    1.5531406269e-01
    1.1070000000e+05    1.3182914864e-01
    1.1080000000e+05    1.2999878745e-01
    1.1090000000e+05    1.2297136762e-01
    1.1100000000e+05    1.3788036745e-01
    1.1110000000e+05    1.1440025242e-01
    1.1120000000e+05    1.0484525497e-01
    1.1130000000e+05    1.0793183284e-01
    1.1140000000e+05    1.0790324294e-01
    1.1150000000e+05    1.3522233004e-01
    1.1160000000e+05    1.5953394349e-01
    1.1170000000e+05    1.5038516981e-01
    1.1180000000e+05    1.3775298914e-01
    1.1190000000e+05    1.4724861951e-01
    1.1200000000e+05    1.3968503125e-01
    1.1210000000e+05    1.3840095227e-01
    1.1220000000e+05    1.3777851833e-01
    1.1230000000e+05    1.2195697293e-01
    1.1240000000e+05    1.1170744630e-01
    1.1250000000e+05    1.1067669668e-01
    1.1260000000e+05    1.0059882362e-01
    1.1270000000e+05    1.2057576140e-01
    1.1280000000e+05    1.1208671885e-01
    1.1290000000e+05    1.1147956599e-01
    1.1300000000e+05    1.2706929534e-01
    1.1310000000e+05    1.3715398648e-01
    1.1320000000e+05    1.1174417784e-01
    1.1330000000e+05    1.1631183725e-01
    1.1340000000e+05    1.6170777183e-01
    1.1350000000e+05    1.4374335461e-01
    1.1360000000e+05    1.3008137956e-01
    1.1370000000e+05    1.3741642302e-01
    1.1380000000e+05    1.3093780717e-01
    1.1390000000e+05    1.5132813022e-01
    1.1400000000e+05    1.7930353959e-01
    1.1410000000e+05    1.2445897864e-01
    1.1420000000e+05    1.1614815714e-01
    1.1430000000e+05    9.5351017853e-02
    1.1440000000e+05    1.0433728465e-01
    1.1450000000e+05    1.1176461411e-01
    1.1460000000e+05    1.2800306479e-01
    1.1470000000e+05    1.4008811292e-01
    1.1480000000e+05    1.2819091534e-01
    1.1490000000e+05    1.3564287780e-01
    1.1500000000e+05    1.3051516031e-01
    1.1510000000e+05    1.4193297837e-01
    1.1520000000e+05    1.3349986337e-01
    1.1530000000e+05    1.1541457224e-01
    1.1540000000e+05    1.1147461285e-01
    1.1550000000e+05    1.1130477647e-01
    1.1560000000e+05    1.1472420017e-01
    1.1570000000e+05    1.2476662979e-01
    1.1580000000e+05    1.5896223588e-01
    1.1590000000e+05    1.6290240933e-01
    1.1600000000e+05    1.4350371966e-01
    1.1610000000e+05    1.1272344271e-01
    1.1620000000e+05    1.2095306117e-01
    1.1630000000e+05    1.3259742703e-01
    1.1640000000e+05    1.2810489518e-01
    1.1650000000e+05    1.2303213414e-01
    1.1660000000e+05    1.2432013937e-01
    1.1670000000e+05    1.3418917303e-01
    1.1680000000e+05    1.3833866689e-01
    1.1690000000e+05    1.4360144707e-01
    1.1700000000e+05    1.3854149685e-01
    1.1710000000e+05    1.5351305444e-01
    1.1720000000e+05    1.3704656825e-01
    1.1730000000e+05    1.4549238803e-01
    1.1740000000e+05    1.2968445513e-01
    1.1750000000e+05    1.4487194135e-01
    1.1760000000e+05    1.4217435831e-01
    1.1770000000e+05    1.2664512341e-01
    1.1780000000e+05    1.3207105137e-01
    1.1790000000e+05    1.2873117474e-01
    1.1800000000e+05    1.4628011157e-01
    1.1810000000e+05    1.1136346913e-01
    1.1820000000e+05    1.3842415171e-01
    1.1830000000e+05    1.3275550629e-01
    1.1840000000e+05    1.3758905505e-01
    1.1850000000e+05    1.2942095830e-01
    1.1860000000e+05    1.5908204068e-01
    1.1870000000e+05    1.4777708366e-01
    1.1880000000e+05    1.3779074692e-01
    1.1890000000e+05    1.1868808109e-01
    1.1900000000e+05    1.2904465360e-01
    1.1910000000e+05    1.4213564691e-01
    1.1920000000e+05    1.2249986438e-01
    1.1930000000e+05    1.1314899023e-01
    1.1940000000e+05    1.4149574080e-01
    1.1950000000e+05    2.0968299992e-01
    1.1960000000e+05    1.5887310345e-01
    1.1970000000e+05    1.4364657630e-01
    1.1980000000e+05    1.3637217156e-01
    1.1990000000e+05    1.0599270402e-01
    1.2000000000e+05    1.2531556522e-01
    1.2010000000e+05    1.9942992146e-01
    1.2020000000e+05    1.1097270917e-01
    1.2030000000e+05    1.5053129320e-01
    1.2040000000e+05    1.6056639321e-01
    1.2050000000e+05    1.1965288627e-01
    1.2060000000e+05    1.2882613883e-01
    1.2070000000e+05    1.2785873764e-01
    1.2080000000e+05    1.2350223073e-01
    1.2090000000e+05    1.2088953386e-01
    1.2100000000e+05    1.5965153358e-01
    1.2110000000e+05    1.5387188030e-01
    1.2120000000e+05    1.2993858314e-01
    1.2130000000e+05    1.2808952165e-01
    1.2140000000e+05    1.1359454344e-01
    1.2150000000e+05    1.2058353128e-01
    1.2160000000e+05    1.1968745012e-01
    1.2170000000e+05    1.1645748352e-01
    1.2180000000e+05    1.1645195887e-01
    1.2190000000e+05    1.2166295364e-01
    1.2200000000e+05    1.1176958175e-01
    1.2210000000e+05    1.3536412241e-01
    1.2220000000e+05    1.8759560296e-01
    1.2230000000e+05    1.5136297520e-01
    1.2240000000e+05    1.7114817038e-01
    1.2250000000e+05    1.4819442033e-01
    1.2260000000e+05    1.0489630451e-01
    1.2270000000e+05    1.2594807699e-01
    1.2280000000e+05    1.1374391824e-01
    1.2290000000e+05    1.1795206654e-01
    1.2300000000e+05    1.0390479884e-01
    1.2310000000e+05    1.0871218472e-01
    1.2320000000e+05    1.2952187460e-01
    1.2330000000e+05    1.2710232406e-01
    1.2340000000e+05    1.2872010031e-01
    1.2350000000e+05    1.1927790644e-01
    1.2360000000e+05    1.3835225166e-01
    1.2370000000e+05    1.2572267172e-01
    1.2380000000e+05    1.0272341606e-01
    1.2390000000e+05    1.6110639786e-01
    1.2400000000e+05    1.3485380523e-01
    1.2410000000e+05    1.1453251465e-01
    1.2420000000e+05    1.3326042745e-01
    1.2430000000e+05    1.3255532160e-01
    1.2440000000e+05    1.1569060255e-01
    1.2450000000e+05    1.2591926478e-01
    1.2460000000e+05    1.5875384273e-01
    1.2470000000e+05    1.4154902391e-01
    1.2480000000e+05    1.5111481809e-01
    1.2490000000e+05    1.5521043463e-01
    1.2500000000e+05    1.3207273973e-01
    1.2510000000e+05    1.2223953490e-01
    1.2520000000e+05    1.0866643155e-01
    1.2530000000e+05    1.3618182221e-01
    1.2540000000e+05    1.9324409004e-01
    1.2550000000e+05    1.6761973966e-01
    1.2560000000e+05    1.4068401372e-01
    1.2570000000e+05    1.1615236752e-01
    1.2580000000e+05    1.2712928317e-01
    1.2590000000e+05    1.2943886660e-01
    1.2600000000e+05    1.1547794853e-01
    1.2610000000e+05    1.3702085250e-01
    1.2620000000e+05    1.3852439615e-01
    1.2630000000e+05    1.4202790437e-01
    1.2640000000e+05    1.4887565621e-01
    1.2650000000e+05    1.4044275144e-01
    1.2660000000e+05    1.3432889529e-01
    1.2670000000e+05    1.4515615178e-01
    1.2680000000e+05    1.4829873530e-01
    1.2690000000e+05    1.2667609707e-01
    1.2700000000e+05    1.4067315704e-01
    1.2710000000e+05    1.5506998850e-01
    1.2720000000e+05    1.1358764406e-01
    1.2730000000e+05    1.4168686342e-01
    1.2740000000e+05    1.2337569084e-01
    1.2750000000e+05    1.2622566986e-01
    1.2760000000e+05    1.4729443747e-01
    1.2770000000e+05    1.6498656454e-01
    1.2780000000e+05    1.6629744830e-01
    1.2790000000e+05    1.3479962323e-01
    1.2800000000e+05    1.0916928694e-01
    1.2810000000e+05    1.2025024697e-01
    1.2820000000e+05    1.4301038248e-01
    1.2830000000e+05    1.4109318104e-01
    1.2840000000e+05    1.4199473058e-01
    1.2850000000e+05    1.8347269115e-01
    1.2860000000e+05    1.5725308612e-01
    1.2870000000e+05    1.4970780478e-01
    1.2880000000e+05    1.4593908987e-01
    1.2890000000e+05    1.4310687780e-01
    1.2900000000e+05    1.5662398080e-01
    1.2910000000e+05    1.5138960239e-01
    1.2920000000e+05    1.3820542879e-01
    1.2930000000e+05    1.3080951485e-01
    1.2940000000e+05    1.3335911983e-01
    1.2950000000e+05    1.2667736851e-01
    1.2960000000e+05    1.4149254512e-01
    1.2970000000e+05    1.5087906257e-01
    1.2980000000e+05    1.4264480201e-01
    1.2990000000e+05    1.5335471948e-01
    1.3000000000e+05    1.3742568719e-01
    1.3010000000e+05    1.2969246789e-01
    1.3020000000e+05    9.5090787171e-02
    1.3030000000e+05    1.1425880834e-01
    1.3040000000e+05    1.6120077894e-01
    1.3050000000e+05    2.1726897178e-01
    1.3060000000e+05    2.0148562703e-01
    1.3070000000e+05    1.3661746349e-01
    1.3080000000e+05    1.8428201799e-01
    1.3090000000e+05    1.3142784236e-01
    1.3100000000e+05    1.6225653923e-01
    1.3110000000e+05    1.4199562615e-01
    1.3120000000e+05    1.3646174239e-01
    1.3130000000e+05    1.2924236686e-01
    1.3140000000e+05    1.6767759211e-01
    1.3150000000e+05    1.4190120044e-01
    1.3160000000e+05    1.5810465007e-01
    1.3170000000e+05    1.3615055241e-01
    1.3180000000e+05    1.7838437387e-01
    1.3190000000e+05    1.3707410889e-01
    1.3200000000e+05    1.2749232130e-01
    1.3210000000e+05    1.4389041518e-01
    1.3220000000e+05    1.1426864436e-01
    1.3230000000e+05    1.0397501237e-01
    1.3240000000e+05    1.2419372242e-01
    1.3250000000e+05    1.3090859275e-01
    1.3260000000e+05    1.1113933688e-01
    1.3270000000e+05    1.2038403799e-01
    1.3280000000e+05    1.4646601096e-01
    1.3290000000e+05    1.4641404578e-01
    1.3300000000e+05    1.7483147227e-01
    1.3310000000e+05    1.4600591405e-01
    1.3320000000e+05    1.5238898661e-01
    1.3330000000e+05    1.4465049879e-01
    1.3340000000e+05    1.1637583172e-01
    1.3350000000e+05    1.1851568321e-01
    1.3360000000e+05    1.5614770230e-01
    1.3370000000e+05    1.3312922318e-01
    1.3380000000e+05    1.4658955038e-01
    1.3390000000e+05    1.6283533387e-01
    1.3400000000e+05    1.4760893533e-01
    1.3410000000e+05    9.8259005831e-02
    1.3420000000e+05    1.1710366297e-01
    1.3430000000e+05    1.3688898823e-01
    1.3440000000e+05    1.6746669474e-01
    1.3450000000e+05    1.4335365480e-01
    1.3460000000e+05    1.3376968740e-01
    1.3470000000e+05    1.1935738161e-01
    1.3480000000e+05    1.2248053013e-01
    1.3490000000e+05    1.0578507205e-01
    1.3500000000e+05    1.1470017260e-01
    1.3510000000e+05    1.2338309068e-01
    1.3520000000e+05    1.2210389500e-01
    1.3530000000e+05    1.4040909028e-01
    1.3540000000e+05    1.3133327778e-01
    1.3550000000e+05    1.4203102898e-01
    1.3560000000e+05    1.1953348548e-01
    1.3570000000e+05    1.3769639710e-01
    1.3580000000e+05    1.3806156658e-01
    1.3590000000e+05    1.1771835589e-01
    1.3600000000e+05    1.1888120365e-01
    1.3610000000e+05    1.3526197267e-01
    1.3620000000e+05    1.1260641555e-01
    1.3630000000e+05    1.2763995685e-01
    1.3640000000e+05    1.2282198310e-01
    1.3650000000e+05    1.3156390324e-01
    1.3660000000e+05    1.3408835550e-01
    1.3670000000e+05    1.2368790847e-01
    1.3680000000e+05    1.5607514249e-01
    1.3690000000e+05    1.2978573277e-01
    1.3700000000e+05    1.1496363761e-01
    1.3710000000e+05    1.2861300250e-01
    1.3720000000e+05    1.2900398603e-01
    1.3730000000e+05    1.3362171774e-01
    1.3740000000e+05    1.1897699098e-01
    1.3750000000e+05    1.1110910342e-01
    1.3760000000e+05    1.2256091674e-01
    1.3770000000e+05    1.0997088049e-01
    1.3780000000e+05    1.2097030085e-01
    1.3790000000e+05    1.5644859299e-01
    1.3800000000e+05    1.2785688493e-01
    1.3810000000e+05    1.1900958946e-01
    1.3820000000e+05    1.3163110490e-01
    1.3830000000e+05    1.4795170272e-01
    1.3840000000e+05    1.4658504571e-01
    1.3850000000e+05    1.3655443583e-01
    1.3860000000e+05    1.1953325890e-01
    1.3870000000e+05    1.3911973817e-01
    1.3880000000e+05    1.2072888154e-01
    1.3890000000e+05    1.2261080146e-01
    1.3900000000e+05    1.5180802166e-01
    1.3910000000e+05    1.4761858417e-01
    1.3920000000e+05    1.2570043461e-01
    1.3930000000e+05    1.4504609067e-01
    1.3940000000e+05    1.3623569903e-01
    1.3950000000e+05    1.3059890093e-01
    1.3960000000e+05    1.2528655499e-01
    1.3970000000e+05    1.2747942505e-01
    1.3980000000e+05    1.5186147532e-01
    1.3990000000e+05    1.3860856996e-01
    1.4000000000e+05    1.3350452420e-01
    1.4010000000e+05    1.1799361084e-01
    1.4020000000e+05    1.5811538562e-01
    1.4030000000e+05    1.7926988506e-01
    1.4040000000e+05    1.4957560064e-01
    1.4050000000e+05    1.1571634380e-01
    1.4060000000e+05    1.3285505980e-01
    1.4070000000e+05    1.2125273996e-01
    1.4080000000e+05    1.1761162025e-01
    1.4090000000e+05    1.1813362596e-01
    1.4100000000e+05    1.1815136849e-01
    1.4110000000e+05    1.3459673801e-01
    1.4120000000e+05    1.2743646818e-01
    1.4130000000e+05    1.4052059790e-01
    1.4140000000e+05    1.1164671823e-01
    1.4150000000e+05    1.2591757888e-01
    1.4160000000e+05    1.2394253000e-01
    1.4170000000e+05    1.2007551347e-01
    1.4180000000e+05    1.2160897493e-01
    1.4190000000e+05    1.3528233757e-01
    1.4200000000e+05    1.1969712776e-01
    1.4210000000e+05    1.3299199487e-01
    1.4220000000e+05    1.2078030976e-01
    1.4230000000e+05    1.2185756046e-01
    1.4240000000e+05    1.2801322396e-01
    1.4250000000e+05    1.4262586206e-01
    1.4260000000e+05    1.4321828941e-01
    1.4270000000e+05    1.4202248618e-01
    1.4280000000e+05    1.3777492597e-01
    1.4290000000e+05    1.4057869185e-01
    1.4300000000e+05    1.3555244015e-01
    1.4310000000e+05    1.4517509309e-01
    1.4320000000e+05    1.5981691027e-01
    1.4330000000e+05    1.4986366986e-01
    1.4340000000e+05    1.3452034964e-01
    1.4350000000e+05    1.3762459915e-01
    1.4360000000e+05    1.4312858995e-01
    1.4370000000e+05    1.4819111475e-01
    1.4380000000e+05    1.3077758440e-01
    1.4390000000e+05    1.0594680135e-01
    1.4400000000e+05    1.2760324781e-01
    1.4410000000e+05    1.2557637349e-01
    1.4420000000e+05    1.4068615261e-01
    1.4430000000e+05    1.0759829112e-01
    1.4440000000e+05    1.0863479513e-01
    1.4450000000e+05    1.2131772895e-01
    1.4460000000e+05    1.1294723726e-01
    1.4470000000e+05    1.5253728214e-01
    1.4480000000e+05    1.4775518412e-01
    1.4490000000e+05    1.7164225872e-01
    1.4500000000e+05    1.3815761649e-01
    1.4510000000e+05    1.5372873304e-01
    1.4520000000e+05    1.1721150514e-01
    1.4530000000e+05    1.2651603858e-01
    1.4540000000e+05    1.3248567223e-01
    1.4550000000e+05    1.3451677245e-01
    1.4560000000e+05    1.3041921523e-01
    1.4570000000e+05    1.1415919057e-01
    1.4580000000e+05    1.1619962894e-01
    1.4590000000e+05    1.1361662431e-01
    1.4600000000e+05    1.1518310661e-01
    1.4610000000e+05    1.1848279688e-01
    1.4620000000e+05    1.7249652867e-01
    1.4630000000e+05    1.6108298594e-01
    1.4640000000e+05    1.5657386024e-01
    1.4650000000e+05    1.9347206969e-01
    1.4660000000e+05    1.6576264679e-01
    1.4670000000e+05    1.4117239764e-01
    1.4680000000e+05    1.4585916238e-01
    1.4690000000e+05    1.1613818246e-01
    1.4700000000e+05    1.1729228202e-01
    1.4710000000e+05    1.1457313186e-01
    1.4720000000e+05    1.2764070226e-01
    1.4730000000e+05    1.2338472546e-01
    1.4740000000e+05    1.5602749790e-01
    1.4750000000e+05    1.4616539723e-01
    1.4760000000e+05    1.3994196438e-01
    1.4770000000e+05    1.2599386862e-01
    1.4780000000e+05    1.6000980260e-01
    1.4790000000e+05    1.5758115417e-01
    1.4800000000e+05    1.3223716966e-01
    1.4810000000e+05    1.5212807578e-01
    1.4820000000e+05    1.9067664413e-01
    1.4830000000e+05    1.7554079889e-01
    1.4840000000e+05    1.5763849951e-01
    1.4850000000e+05    1.7916557904e-01
    1.4860000000e+05    1.7473977405e-01
    1.4870000000e+05    1.7342695072e-01
    1.4880000000e+05    1.5021831474e-01
    1.4890000000e+05    1.3733173395e-01
    1.4900000000e+05    1.8220893470e-01
    1.4910000000e+05    1.3660578750e-01
    1.4920000000e+05    1.3233697265e-01
    1.4930000000e+05    1.4059963476e-01
    1.4940000000e+05    1.3285715964e-01
    1.4950000000e+05    1.1180907013e-01
    1.4960000000e+05    1.4885544811e-01
    1.4970000000e+05    1.1402662766e-01
    1.4980000000e+05    1.3796328974e-01
    1.4990000000e+05    1.1541092274e-01
    1.5000000000e+05    1.4415641576e-01
    1.5010000000e+05    1.4617865700e-01
    1.5020000000e+05    1.1679163485e-01
    1.5030000000e+05    1.3375654687e-01
    1.5040000000e+05    1.2662720706e-01
    1.5050000000e+05    1.6222282713e-01
    1.5060000000e+05    1.3908879474e-01
    1.5070000000e+05    1.5369982879e-01
    1.5080000000e+05    1.2742623051e-01
    1.5090000000e+05    1.4478720597e-01
    1.5100000000e+05    1.2143834908e-01
    1.5110000000e+05    1.3571334275e-01
    1.5120000000e+05    1.3110344487e-01
    1.5130000000e+05    1.3701297549e-01
    1.5140000000e+05    1.3527498526e-01
    1.5150000000e+05    1.2837129230e-01
    1.5160000000e+05    1.4141229524e-01
    1.5170000000e+05    1.5279631268e-01
    1.5180000000e+05    1.4128989988e-01
    1.5190000000e+05    1.1945945074e-01
    1.5200000000e+05    1.2744120466e-01
    1.5210000000e+05    1.2411396093e-01
    1.5220000000e+05    1.2141998256e-01
    1.5230000000e+05    1.6820273419e-01
    1.5240000000e+05    1.4742168151e-01
    1.5250000000e+05    1.2716790941e-01
    1.5260000000e+05    1.7971645098e-01
    1.5270000000e+05    1.4659438147e-01
    1.5280000000e+05    1.4506708707e-01
    1.5290000000e+05    1.1233138437e-01
    1.5300000000e+05    1.0777107875e-01
    1.5310000000e+05    1.2356113251e-01
    1.5320000000e+05    1.1357827604e-01
    1.5330000000e+05    1.1318248592e-01
    1.5340000000e+05    1.2859146010e-01
    1.5350000000e+05    1.4223123683e-01
    1.5360000000e+05    1.3239290346e-01
    1.5370000000e+05    1.1368863510e-01
    1.5380000000e+05    1.2157085171e-01
    1.5390000000e+05    1.1836827562e-01
    1.5400000000e+05    1.2078579834e-01
    1.5410000000e+05    1.0765220527e-01
    1.5420000000e+05    1.2155656559e-01
    1.5430000000e+05    1.4364707896e-01
    1.5440000000e+05    1.5166640702e-01
    1.5450000000e+05    1.3945808163e-01
    1.5460000000e+05    1.5769734734e-01
    1.5470000000e+05    1.2908219944e-01
    1.5480000000e+05    1.1376805830e-01
    1.5490000000e+05    1.3177585000e-01
    1.5500000000e+05    1.3612276655e-01
    1.5510000000e+05    1.4549661834e-01
    1.5520000000e+05    1.3664146147e-01
    1.5530000000e+05    1.0945650562e-01
    1.5540000000e+05    1.4635612162e-01
    1.5550000000e+05    1.5449332376e-01
    1.5560000000e+05    1.4048704024e-01
    1.5570000000e+05    1.5087449412e-01
    1.5580000000e+05    1.7859857877e-01
    1.5590000000e+05    1.1789775566e-01
    1.5600000000e+05    1.2425246148e-01
    1.5610000000e+05    1.1941229599e-01
    1.5620000000e+05    1.3100036221e-01
    1.5630000000e+05    1.2761195072e-01
    1.5640000000e+05    1.4293962994e-01
    1.5650000000e+05    1.3165867609e-01
    1.5660000000e+05    1.3424462273e-01
    1.5670000000e+05    1.2020684810e-01
    1.5680000000e+05    1.6743433380e-01
    1.5690000000e+05    2.1042511034e-01
    1.5700000000e+05    1.4481066796e-01
    1.5710000000e+05    1.8175786674e-01
    1.5720000000e+05    1.5874540731e-01
    1.5730000000e+05    1.3509161539e-01
    1.5740000000e+05    1.2903444755e-01
    1.5750000000e+05    1.3084020060e-01
    1.5760000000e+05    1.1245716278e-01
    1.5770000000e+05    1.0282142029e-01
    1.5780000000e+05    1.2823290975e-01
    1.5790000000e+05    1.3627306949e-01
    1.5800000000e+05    1.3927834950e-01
    1.5810000000e+05    1.4705278519e-01
    1.5820000000e+05    1.6620297399e-01
    1.5830000000e+05    1.4080706062e-01
    1.5840000000e+05    1.4769611937e-01
    1.5850000000e+05    1.2123995279e-01
    1.5860000000e+05    1.6031432419e-01
    1.5870000000e+05    1.0294562473e-01
    1.5880000000e+05    1.0287426435e-01
    1.5890000000e+05    1.2503263473e-01
    1.5900000000e+05    1.4344146345e-01
    1.5910000000e+05    1.3013482562e-01
    1.5920000000e+05    1.2192558201e-01
    1.5930000000e+05    1.4851745571e-01
    1.5940000000e+05    1.3309037655e-01
    1.5950000000e+05    1.6411574265e-01
    1.5960000000e+05    1.6617857439e-01
    1.5970000000e+05    1.4578236583e-01
    1.5980000000e+05    1.6508713671e-01
    1.5990000000e+05    1.4596532889e-01
    1.6000000000e+05    1.4647693528e-01
    1.6010000000e+05    1.2805299978e-01
    1.6020000000e+05    1.3671870625e-01
    1.6030000000e+05    1.4464484755e-01
    1.6040000000e+05    1.5884704091e-01
    1.6050000000e+05    1.2716784648e-01
    1.6060000000e+05    1.6158884397e-01
    1.6070000000e+05    1.5861540953e-01
    1.6080000000e+05    1.3945703376e-01
    1.6090000000e+05    1.5260362732e-01
    1.6100000000e+05    1.3679176877e-01
    1.6110000000e+05    1.3027556363e-01
    1.6120000000e+05    1.5898012738e-01
    1.6130000000e+05    1.3296521236e-01
    1.6140000000e+05    1.3832267167e-01
    1.6150000000e+05    1.2599737468e-01
    1.6160000000e+05    1.0843298822e-01
    1.6170000000e+05    1.1784850661e-01
    1.6180000000e+05    1.4805617627e-01
    1.6190000000e+05    1.5557969827e-01
    1.6200000000e+05    1.4716547836e-01
    1.6210000000e+05    1.5121766462e-01
    1.6220000000e+05    1.1089570728e-01
    1.6230000000e+05    1.3519222916e-01
    1.6240000000e+05    1.2499217574e-01
    1.6250000000e+05    1.2456884946e-01
    1.6260000000e+05    1.3208999784e-01
    1.6270000000e+05    1.2097410261e-01
    1.6280000000e+05    1.5826802451e-01
    1.6290000000e+05    1.4503842951e-01
    1.6300000000e+05    1.7276088488e-01
    1.6310000000e+05    1.5462387800e-01
    1.6320000000e+05    1.4775624495e-01
    1.6330000000e+05    1.5715891610e-01
    1.6340000000e+05    1.7824755502e-01
    1.6350000000e+05    1.6063282925e-01
    1.6360000000e+05    1.7631007173e-01
    1.6370000000e+05    1.5935041700e-01
    1.6380000000e+05    1.5758651699e-01
    1.6390000000e+05    1.3866328372e-01
    1.6400000000e+05    1.5027102858e-01
    1.6410000000e+05    1.5415884276e-01
    1.6420000000e+05    1.2192922655e-01
    1.6430000000e+05    1.1722271545e-01
    1.6440000000e+05    1.2829972764e-01
    1.6450000000e+05    1.3420345217e-01
    1.6460000000e+05    1.3754248124e-01
    1.6470000000e+05    1.2333553919e-01
    1.6480000000e+05    1.6200235225e-01
    1.6490000000e+05    1.6789993802e-01
    1.6500000000e+05    1.5925779498e-01
    1.6510000000e+05    1.6086328149e-01
    1.6520000000e+05    1.5056910816e-01
    1.6530000000e+05    1.5375556551e-01
    1.6540000000e+05    1.3119833804e-01
    1.6550000000e+05    1.2310145883e-01
    1.6560000000e+05    1.3392686358e-01
    1.6570000000e+05    1.5551331010e-01
    1.6580000000e+05    1.3247653655e-01
    1.6590000000e+05    1.0820129092e-01
    1.6600000000e+05    1.2185255085e-01
    1.6610000000e+05    1.3829217310e-01
    1.6620000000e+05    1.8366531581e-01
    1.6630000000e+05    1.9246669364e-01
    1.6640000000e+05    1.4567160824e-01
    1.6650000000e+05    1.4005580151e-01
    1.6660000000e+05    1.3441758466e-01
    1.6670000000e+05    1.1986386264e-01
    1.6680000000e+05    1.1083192998e-01
    1.6690000000e+05    1.2749704389e-01
    1.6700000000e+05    1.2914945527e-01
    1.6710000000e+05    1.2756458469e-01
    1.6720000000e+05    1.6520799302e-01
    1.6730000000e+05    1.8401456230e-01
    1.6740000000e+05    3.1454220649e-01
    1.6750000000e+05    2.5564483302e-01
    1.6760000000e+05    1.7220068928e-01
    1.6770000000e+05    1.5187074895e-01
    1.6780000000e+05    1.2744426611e-01
    1.6790000000e+05    1.2835779869e-01
    1.6800000000e+05    1.3643203367e-01
    1.6810000000e+05    9.4880602869e-02
    1.6820000000e+05    1.2178843272e-01
    1.6830000000e+05    1.6100783815e-01
    1.6840000000e+05    1.5893896777e-01
    1.6850000000e+05    2.0785398166e-01
    1.6860000000e+05    1.7414370181e-01
    1.6870000000e+05    2.0372816153e-01
    1.6880000000e+05    1.5603090377e-01
    1.6890000000e+05    1.7633004279e-01
    1.6900000000e+05    1.3615001112e-01
    1.6910000000e+05    1.1023789038e-01
    1.6920000000e+05    1.1218738760e-01
    1.6930000000e+05    1.2757765947e-01
    1.6940000000e+05    1.5562153692e-01
    1.6950000000e+05    1.6526367872e-01
    1.6960000000e+05    1.4381057369e-01
    1.6970000000e+05    1.6873519659e-01
    1.6980000000e+05    1.2545119532e-01
    1.6990000000e+05    1.1065638335e-01
    1.7000000000e+05    1.4951249236e-01
    1.7010000000e+05    1.3381755375e-01
    1.7020000000e+05    1.3214429018e-01
    1.7030000000e+05    1.7729961766e-01
    1.7040000000e+05    1.7158458994e-01
    1.7050000000e+05    1.3672194688e-01
    1.7060000000e+05    1.4445845295e-01
    1.7070000000e+05    1.2067921977e-01
    1.7080000000e+05    1.1436083398e-01
    1.7090000000e+05    1.3028910316e-01
    1.7100000000e+05    1.2698848237e-01
    1.7110000000e+05    1.3640360997e-01
    1.7120000000e+05    1.3781805973e-01
    1.7130000000e+05    1.5614529581e-01
    1.7140000000e+05    1.5124190561e-01
    1.7150000000e+05    1.5429232772e-01
    1.7160000000e+05    1.4870852636e-01
    1.7170000000e+05    1.6239231819e-01
    1.7180000000e+05    1.9720183246e-01
    1.7190000000e+05    1.5006925738e-01
    1.7200000000e+05    1.6916692448e-01
    1.7210000000e+05    1.3940619627e-01
    1.7220000000e+05    1.3579072285e-01
    1.7230000000e+05    1.6289576810e-01
    1.7240000000e+05    1.6093841781e-01
    1.7250000000e+05    1.4525324114e-01
    1.7260000000e+05    1.4966952944e-01
    1.7270000000e+05    1.6142403926e-01
    1.7280000000e+05    1.4134200709e-01
    1.7290000000e+05    1.6598520584e-01
    1.7300000000e+05    1.2947500196e-01
    1.7310000000e+05    1.7350834902e-01
    1.7320000000e+05    1.7490340292e-01
    1.7330000000e+05    2.1138812048e-01
    1.7340000000e+05    1.3031179224e-01
    1.7350000000e+05    1.4601878217e-01
    1.7360000000e+05    1.4021548607e-01
    1.7370000000e+05    1.3196372089e-01
    1.7380000000e+05    1.2387685053e-01
    1.7390000000e+05    1.3810405478e-01
    1.7400000000e+05    9.8707854821e-02
    1.7410000000e+05    1.3319986070e-01
    1.7420000000e+05    1.1542089583e-01
    1.7430000000e+05    1.5032257667e-01
    1.7440000000e+05    1.9036910242e-01
    1.7450000000e+05    1.9413192585e-01
    1.7460000000e+05    1.7545583180e-01
    1.7470000000e+05    1.7026159344e-01
    1.7480000000e+05    1.4304617162e-01
    1.7490000000e+05    1.4159508588e-01
    1.7500000000e+05    1.5596592503e-01
    1.7510000000e+05    1.5506732355e-01
    1.7520000000e+05    1.6609427137e-01
    1.7530000000e+05    1.8143161777e-01
    1.7540000000e+05    1.7352885858e-01
    1.7550000000e+05    1.4998881127e-01
    1.7560000000e+05    1.8959132761e-01
    1.7570000000e+05    1.9094911158e-01
    1.7580000000e+05    2.3138547523e-01
    1.7590000000e+05    1.8671520607e-01
    1.7600000000e+05    2.0357451084e-01
    1.7610000000e+05    1.7136073157e-01
    1.7620000000e+05    1.6581793839e-01
    1.7630000000e+05    1.2497933603e-01
    1.7640000000e+05    1.5479889738e-01
    1.7650000000e+05    1.4110289883e-01
    1.7660000000e+05    1.4988410653e-01
    1.7670000000e+05    1.2040330523e-01
    1.7680000000e+05    1.2079676775e-01
    1.7690000000e+05    1.2716230614e-01
    1.7700000000e+05    2.2609048384e-01
    1.7710000000e+05    1.6854078972e-01
    1.7720000000e+05    1.6108079499e-01
    1.7730000000e+05    2.0495103979e-01
    1.7740000000e+05    2.3156279456e-01
    1.7750000000e+05    2.0362451806e-01
    1.7760000000e+05    1.5762731633e-01
    1.7770000000e+05    1.4507408479e-01
    1.7780000000e+05    1.2816925699e-01
    1.7790000000e+05    1.4930851942e-01
    1.7800000000e+05    1.4665047613e-01
    1.7810000000e+05    1.0731069651e-01
    1.7820000000e+05    1.2885734912e-01
    1.7830000000e+05    1.4170501393e-01
    1.7840000000e+05    1.2212613095e-01
    1.7850000000e+05    1.3182748017e-01
    1.7860000000e+05    1.5160157531e-01
    1.7870000000e+05    1.4588168846e-01
    1.7880000000e+05    1.3871556395e-01
    1.7890000000e+05    1.5671274077e-01
    1.7900000000e+05    1.4515636523e-01
    1.7910000000e+05    2.1476296094e-01
    1.7920000000e+05    1.7157714433e-01
    1.7930000000e+05    1.5236571708e-01
    1.7940000000e+05    1.8705999741e-01
    1.7950000000e+05    1.5178275550e-01
    1.7960000000e+05    2.2163247525e-01
    1.7970000000e+05    1.3419033563e-01
    1.7980000000e+05    1.8262115599e-01
    1.7990000000e+05    2.6770938577e-01
    1.8000000000e+05    1.6633502721e-01
    1.8010000000e+05    1.8500130368e-01
    1.8020000000e+05    2.5721344063e-01
    1.8030000000e+05    2.0450508448e-01
    1.8040000000e+05    2.3353397145e-01
    1.8050000000e+05    1.7643118413e-01
    1.8060000000e+05    2.4137731779e-01
    1.8070000000e+05    1.8359306217e-01
    1.8080000000e+05    1.4606165714e-01
    1.8090000000e+05    2.4396073114e-01
    1.8100000000e+05    1.6220135623e-01
    1.8110000000e+05    1.5542960592e-01
    1.8120000000e+05    1.7075538259e-01
    1.8130000000e+05    1.6885958696e-01
    1.8140000000e+05    1.8323913561e-01
    1.8150000000e+05    1.8546861604e-01
    1.8160000000e+05    1.7858914265e-01
    1.8170000000e+05    1.7495414370e-01
    1.8180000000e+05    1.5315183732e-01
    1.8190000000e+05    1.2028657206e-01
    1.8200000000e+05    1.3840968925e-01
    1.8210000000e+05    1.0876051006e-01
    1.8220000000e+05    1.4004708260e-01
    1.8230000000e+05    2.2661689959e-01
    1.8240000000e+05    1.4709263381e-01
    1.8250000000e+05    1.6094477443e-01
    1.8260000000e+05    1.3491827871e-01
    1.8270000000e+05    1.0492869457e-01
    1.8280000000e+05    1.3460721708e-01
    1.8290000000e+05    1.2646815624e-01
    1.8300000000e+05    1.1451309632e-01
    1.8310000000e+05    1.3869738797e-01
    1.8320000000e+05    1.1971524836e-01
    1.8330000000e+05    1.2437886864e-01
    1.8340000000e+05    1.4759264436e-01
    1.8350000000e+05    1.4072912532e-01
    1.8360000000e+05    1.5933241401e-01
    1.8370000000e+05    1.7335272737e-01
    1.8380000000e+05    1.6006608565e-01
    1.8390000000e+05    1.3505648231e-01
    1.8400000000e+05    1.2463415327e-01
    1.8410000000e+05    1.8572961444e-01
    1.8420000000e+05    1.1079345088e-01
    1.8430000000e+05    1.5464524273e-01
    1.8440000000e+05    1.4168555869e-01
    1.8450000000e+05    1.5358200489e-01
    1.8460000000e+05    1.5788511843e-01
    1.8470000000e+05    1.7974043673e-01
    1.8480000000e+05    1.7300356369e-01
    1.8490000000e+05    1.5946353303e-01
    1.8500000000e+05    1.1880574926e-01
    1.8510000000e+05    1.0556312302e-01
    1.8520000000e+05    1.1004223703e-01
    1.8530000000e+05    1.1655648169e-01
    1.8540000000e+05    1.1047005835e-01
    1.8550000000e+05    2.0267443264e-01
    1.8560000000e+05    1.8113725135e-01
    1.8570000000e+05    1.7058530288e-01
    1.8580000000e+05    1.5781752602e-01
    1.8590000000e+05    1.4414169252e-01
    1.8600000000e+05    1.1663786575e-01
    1.8610000000e+05    1.2152280316e-01
    1.8620000000e+05    1.2820382714e-01
    1.8630000000e+05    1.2962481165e-01
    1.8640000000e+05    1.1740124543e-01
    1.8650000000e+05    1.5863620052e-01
    1.8660000000e+05    1.2963244927e-01
    1.8670000000e+05    1.2145388261e-01
    1.8680000000e+05    1.4526029878e-01
    1.8690000000e+05    1.6619449858e-01
    1.8700000000e+05    1.2396134922e-01
    1.8710000000e+05    1.2006164570e-01
    1.8720000000e+05    1.2423684718e-01
    1.8730000000e+05    1.2213283626e-01
    1.8740000000e+05    1.7117323208e-01
    1.8750000000e+05    1.2300902510e-01
    1.8760000000e+05    1.3220781631e-01
    1.8770000000e+05    1.1703599986e-01
    1.8780000000e+05    1.3293568324e-01
    1.8790000000e+05    1.3252988356e-01
    1.8800000000e+05    1.4983178477e-01
    1.8810000000e+05    1.4402907475e-01
    1.8820000000e+05    1.3474041938e-01
    1.8830000000e+05    1.4731008714e-01
    1.8840000000e+05    1.8118391577e-01
    1.8850000000e+05    1.5851527143e-01
    1.8860000000e+05    1.4641474012e-01
    1.8870000000e+05    1.7282283784e-01
    1.8880000000e+05    1.9268055608e-01
    1.8890000000e+05    1.3334337654e-01
    1.8900000000e+05    1.4201113035e-01
    1.8910000000e+05    1.6117608197e-01
    1.8920000000e+05    2.0288438869e-01
    1.8930000000e+05    1.7618655316e-01
    1.8940000000e+05    1.5921564909e-01
    1.8950000000e+05    1.4377026525e-01
    1.8960000000e+05    1.6391824096e-01
    1.8970000000e+05    1.6958137153e-01
    1.8980000000e+05    1.4713726832e-01
    1.8990000000e+05    1.9859960328e-01
    1.9000000000e+05    1.6884264601e-01
    1.9010000000e+05    1.6508631581e-01
    1.9020000000e+05    1.4805264049e-01
    1.9030000000e+05    1.3513023241e-01
    1.9040000000e+05    1.8944854743e-01
    1.9050000000e+05    1.4257712893e-01
    1.9060000000e+05    1.3465456396e-01
    1.9070000000e+05    1.1779357237e-01
    1.9080000000e+05    1.2496253705e-01
    1.9090000000e+05    1.3870134487e-01
    1.9100000000e+05    1.0044197909e-01
    1.9110000000e+05    1.3491338378e-01
    1.9120000000e+05    1.0640546479e-01
    1.9130000000e+05    1.2584787431e-01
    1.9140000000e+05    1.4840499455e-01
    1.9150000000e+05    1.2547089396e-01
    1.9160000000e+05    1.4304598187e-01
    1.9170000000e+05    1.6130740963e-01
    1.9180000000e+05    1.5157497073e-01
    1.9190000000e+05    1.2413400869e-01
    1.9200000000e+05    1.2922309559e-01
    1.9210000000e+05    1.2914819763e-01
    1.9220000000e+05    1.6489757481e-01
    1.9230000000e+05    1.7216834842e-01
    1.9240000000e+05    1.2043587698e-01
    1.9250000000e+05    1.4138491869e-01
    1.9260000000e+05    1.2168139570e-01
    1.9270000000e+05    1.2308961951e-01
    1.9280000000e+05    1.4260869855e-01
    1.9290000000e+05    1.2545335099e-01
    1.9300000000e+05    1.4802925146e-01
    1.9310000000e+05    1.2934704664e-01
    1.9320000000e+05    1.6168449248e-01
    1.9330000000e+05    1.5423175260e-01
    1.9340000000e+05    1.6009294713e-01
    1.9350000000e+05    1.5215164745e-01
    1.9360000000e+05    1.3424051214e-01
    1.9370000000e+05    1.8019448181e-01
    1.9380000000e+05    1.5452974264e-01
    1.9390000000e+05    1.5622779730e-01
    1.9400000000e+05    1.3144159832e-01
    1.9410000000e+05    1.4541533998e-01
    1.9420000000e+05    1.5492627299e-01
    1.9430000000e+05    1.2829472538e-01
    1.9440000000e+05    1.3690474907e-01
    1.9450000000e+05    1.2636195092e-01
    1.9460000000e+05    1.3017027261e-01
    1.9470000000e+05    1.4628175130e-01
    1.9480000000e+05    1.4527234283e-01
    1.9490000000e+05    1.1821258429e-01
    1.9500000000e+05    1.4029760509e-01
    1.9510000000e+05    1.1975417071e-01
    1.9520000000e+05    1.6060081956e-01
    1.9530000000e+05    1.3800656457e-01
    1.9540000000e+05    1.2488239706e-01
    1.9550000000e+05    1.3076048282e-01
    1.9560000000e+05    1.4617773359e-01
    1.9570000000e+05    1.3479674895e-01
    1.9580000000e+05    1.4420677737e-01
    1.9590000000e+05    1.1458042875e-01
    1.9600000000e+05    1.2903853359e-01
    1.9610000000e+05    1.6233318055e-01
    1.9620000000e+05    1.5959404426e-01
    1.9630000000e+05    1.2561427929e-01
    1.9640000000e+05    1.2052656337e-01
    1.9650000000e+05    1.3166761488e-01
    1.9660000000e+05    1.5200578430e-01
    1.9670000000e+05    1.4125116675e-01
    1.9680000000e+05    1.3006650064e-01
    1.9690000000e+05    1.5719264652e-01
    1.9700000000e+05    1.5579411132e-01
    1.9710000000e+05    1.5207606073e-01
    1.9720000000e+05    1.5993240598e-01
    1.9730000000e+05    1.2790245040e-01
    1.9740000000e+05    1.2655297869e-01
    1.9750000000e+05    1.4092219744e-01
    1.9760000000e+05    1.3625546335e-01
    1.9770000000e+05    1.3260586333e-01
    1.9780000000e+05    1.2790397618e-01
    1.9790000000e+05    1.6103501355e-01
    1.9800000000e+05    1.4588313731e-01
    1.9810000000e+05    1.3921184037e-01
    1.9820000000e+05    1.1828757033e-01
    1.9830000000e+05    1.2929600410e-01
    1.9840000000e+05    1.4647673461e-01
    1.9850000000e+05    1.3080345381e-01
    1.9860000000e+05    1.3498952718e-01
    1.9870000000e+05    1.3166075527e-01
    1.9880000000e+05    1.3831291434e-01
    1.9890000000e+05    1.3251602884e-01
    1.9900000000e+05    1.2397374931e-01
    1.9910000000e+05    1.4037810229e-01
    1.9920000000e+05    1.5066563111e-01
    1.9930000000e+05    1.3104312861e-01
    1.9940000000e+05    1.2276735469e-01
    1.9950000000e+05    1.3414311285e-01
    1.9960000000e+05    1.2898398894e-01
    1.9970000000e+05    1.3978730575e-01
    1.9980000000e+05    1.5538137781e-01
    1.9990000000e+05    1.4684453578e-01
    2.0000000000e+05    1.3622866073e-01
