    1.0000000000e+02    2.2182335829e-01
    2.0000000000e+02    2.2020892001e-01
    3.0000000000e+02    1.1628315963e-01
    4.0000000000e+02    1.4264874946e-01
    5.0000000000e+02    1.2930778760e-01
    6.0000000000e+02    1.7212637760e-01
    7.0000000000e+02    1.7754108232e-01
    8.0000000000e+02    1.6258911901e-01
    9.0000000000e+02    1.6554709580e-01
    1.0000000000e+03    2.3789996602e-01
    1.1000000000e+03    1.6485873520e-01
    1.2000000000e+03    1.1124783884e-01
    1.3000000000e+03    1.7525766921e-01
    1.4000000000e+03    1.4840842214e-01
    1.5000000000e+03    1.5299398078e-01
    1.6000000000e+03    1.4397422181e-01
    1.7000000000e+03    1.9016053520e-01
    1.8000000000e+03    1.3131089356e-01
    1.9000000000e+03    1.9289782240e-01
    2.0000000000e+03    1.4979351135e-01
    2.1000000000e+03    1.8257129846e-01
    2.2000000000e+03    1.7601447013e-01
    2.3000000000e+03    1.6768534993e-01
    2.4000000000e+03    1.3485435004e-01
    2.5000000000e+03    1.3677568198e-01
    2.6000000000e+03    1.3211952705e-01
    2.7000000000e+03    1.1226647407e-01
    2.8000000000e+03    1.5342648558e-01
    2.9000000000e+03    1.5938583213e-01
    3.0000000000e+03    1.2543614540e-01
    3.1000000000e+03    1.6388917699e-01
    3.2000000000e+03    1.7722113586e-01
    3.3000000000e+03    1.4356837406e-01
    3.4000000000e+03    9.7406521928e-02
    3.5000000000e+03    1.3256613568e-01
    3.6000000000e+03    1.3138824000e-01
    3.7000000000e+03    1.6790350081e-01
    3.8000000000e+03    1.0643197212e-01
    3.9000000000e+03    1.4429648740e-01
    4.0000000000e+03    1.4612984107e-01
    4.1000000000e+03    1.2149988364e-01
    4.2000000000e+03    1.4514734225e-01
    4.3000000000e+03    1.2521502063e-01
    4.4000000000e+03    1.2783097766e-01
    4.5000000000e+03    1.1609131514e-01
    4.6000000000e+03    1.1468514745e-01
    4.7000000000e+03    1.6729546879e-01
    4.8000000000e+03    2.3717005001e-01
    4.9000000000e+03    1.6096446965e-01
    5.0000000000e+03    1.2152053729e-01
    5.1000000000e+03    1.3265806982e-01
    5.2000000000e+03    1.3444650792e-01
    5.3000000000e+03    1.3855770645e-01
    5.4000000000e+03    1.0760800361e-01
    5.5000000000e+03    1.2357754763e-01
    5.6000000000e+03    1.9148363662e-01
    5.7000000000e+03    1.0679601689e-01
    5.8000000000e+03    1.0694186034e-01
    5.9000000000e+03    1.1480089560e-01
    6.0000000000e+03    1.0198759053e-01
    6.1000000000e+03    1.6267088970e-01
    6.2000000000e+03    1.1299515087e-01
    6.3000000000e+03    1.1521123725e-01
    6.4000000000e+03    1.3401334799e-01
    6.5000000000e+03    1.6561595982e-01
    6.6000000000e+03    1.3269495674e-01
    6.7000000000e+03    1.2220885463e-01
    6.8000000000e+03    1.4333808402e-01
    6.9000000000e+03    1.3656439912e-01
    7.0000000000e+03    1.4425500225e-01
    7.1000000000e+03    1.3377942627e-01
    7.2000000000e+03    1.3725942847e-01
    7.3000000000e+03    1.6354104080e-01
    7.4000000000e+03    1.7823585796e-01
    7.5000000000e+03    1.3700244032e-01
    7.6000000000e+03    1.2303482074e-01
    7.7000000000e+03    1.4689709543e-01
    7.8000000000e+03    1.1296659224e-01
    7.9000000000e+03    1.4531424940e-01
    8.0000000000e+03    1.3563973966e-01
    8.1000000000e+03    1.3656628354e-01
    8.2000000000e+03    1.5652421423e-01
    8.3000000000e+03    1.3407066904e-01
    8.4000000000e+03    1.1225962266e-01
    8.5000000000e+03    1.3342508350e-01
    8.6000000000e+03    1.2412415059e-01
    8.7000000000e+03    1.0498834932e-01
    8.8000000000e+03    1.2968561419e-01
    8.9000000000e+03    1.3998340815e-01
    9.0000000000e+03    1.4314233739e-01
    9.1000000000e+03    1.1568938053e-01
    9.2000000000e+03    1.0644563005e-01
    9.3000000000e+03    1.0793848517e-01
    9.4000000000e+03    1.2315712793e-01
    9.5000000000e+03    1.1171336649e-01
    9.6000000000e+03    1.3466860342e-01
    9.7000000000e+03    1.4187685642e-01
    9.8000000000e+03    1.2454612341e-01
    9.9000000000e+03    1.4987532200e-01
    1.0000000000e+04    1.8596207768e-01
    1.0100000000e+04    1.5475206486e-01
    1.0200000000e+04    2.0213933955e-01
    1.0300000000e+04    1.5952639233e-01
    1.0400000000e+04    1.6659656882e-01
    1.0500000000e+04    1.5217772769e-01
    1.0600000000e+04    1.3817578962e-01
    1.0700000000e+04    1.1623582705e-01
    1.0800000000e+04    1.1947904475e-01
    1.0900000000e+04    1.3873668960e-01
    1.1000000000e+04    1.9091976954e-01
    1.1100000000e+04    1.3992526502e-01
    1.1200000000e+04    1.2271341414e-01
    1.1300000000e+04    1.7966417139e-01
    1.1400000000e+04    1.6392571682e-01
    1.1500000000e+04    1.3628046981e-01
    1.1600000000e+04    1.4741875445e-01
    1.1700000000e+04    1.3906010907e-01
    1.1800000000e+04    1.3042649525e-01
    1.1900000000e+04    1.5592919422e-01
    1.2000000000e+04    1.0254823366e-01
    1.2100000000e+04    1.4377420267e-01
    1.2200000000e+04    1.3333944414e-01
    1.2300000000e+04    1.4137900277e-01
    1.2400000000e+04    1.4278183581e-01
    1.2500000000e+04    1.5107080729e-01
    1.2600000000e+04    1.3949633031e-01
    1.2700000000e+04    1.4740912058e-01
    1.2800000000e+04    1.5311863710e-01
    1.2900000000e+04    1.3774658546e-01
    1.3000000000e+04    1.9252949538e-01
    1.3100000000e+04    1.6070212635e-01
    1.3200000000e+04    1.0686009020e-01
    1.3300000000e+04    9.3209019712e-02
    1.3400000000e+04    1.1072631808e-01
    1.3500000000e+04    1.0748691719e-01
    1.3600000000e+04    1.0550782725e-01
    1.3700000000e+04    1.4248248230e-01
    1.3800000000e+04    1.2480532046e-01
    1.3900000000e+04    1.3879497264e-01
    1.4000000000e+04    1.7027514621e-01
    1.4100000000e+04    1.2467284014e-01
    1.4200000000e+04    1.3484935294e-01
    1.4300000000e+04    1.8465412409e-01
    1.4400000000e+04    1.4810633108e-01
    1.4500000000e+04    1.6133058387e-01
    1.4600000000e+04    1.3506950410e-01
    1.4700000000e+04    1.3575186809e-01
    1.4800000000e+04    1.3418915492e-01
    1.4900000000e+04    1.2684573889e-01
    1.5000000000e+04    1.1816538520e-01
    1.5100000000e+04    1.8373668270e-01
    1.5200000000e+04    2.0748134164e-01
    1.5300000000e+04    1.9923612830e-01
    1.5400000000e+04    1.0548305589e-01
    1.5500000000e+04    9.8412330936e-02
    1.5600000000e+04    1.1972401352e-01
    1.5700000000e+04    8.7618792037e-02
    1.5800000000e+04    1.2880716931e-01
    1.5900000000e+04    1.1146410862e-01
    1.6000000000e+04    1.1903998813e-01
    1.6100000000e+04    1.1438422651e-01
    1.6200000000e+04    1.2900286564e-01
    1.6300000000e+04    1.0596659307e-01
    1.6400000000e+04    1.3015837677e-01
    1.6500000000e+04    1.1406693715e-01
    1.6600000000e+04    1.3457295030e-01
    1.6700000000e+04    1.3307488590e-01
    1.6800000000e+04    1.1636051368e-01
    1.6900000000e+04    1.1975830477e-01
    1.7000000000e+04    1.2478587837e-01
    1.7100000000e+04    1.2440625487e-01
    1.7200000000e+04    1.8063470062e-01
    1.7300000000e+04    1.5007408508e-01
    1.7400000000e+04    1.5928839962e-01
    1.7500000000e+04    1.0870933598e-01
    1.7600000000e+04    1.0929462296e-01
    1.7700000000e+04    1.2428392784e-01
    1.7800000000e+04    1.3169181758e-01
    1.7900000000e+04    1.3216680131e-01
    1.8000000000e+04    1.4240983352e-01
    1.8100000000e+04    1.2799857187e-01
    1.8200000000e+04    1.3452178834e-01
    1.8300000000e+04    1.3847833904e-01
    1.8400000000e+04    1.1636917922e-01
    1.8500000000e+04    1.1747199116e-01
    1.8600000000e+04    1.5937580118e-01
    1.8700000000e+04    2.1566125316e-01
    1.8800000000e+04    1.4439874389e-01
    1.8900000000e+04    1.4719706477e-01
    1.9000000000e+04    1.4289042906e-01
    1.9100000000e+04    1.6248753784e-01
    1.9200000000e+04    1.4031001168e-01
    1.9300000000e+04    1.3017147180e-01
    1.9400000000e+04    1.5269635255e-01
    1.9500000000e+04    1.3094618548e-01
    1.9600000000e+04    1.2592192694e-01
    1.9700000000e+04    1.1704067464e-01
    1.9800000000e+04    1.1581335864e-01
    1.9900000000e+04    1.2849216966e-01
    2.0000000000e+04    1.3397012794e-01
    2.0100000000e+04    1.0631115043e-01
    2.0200000000e+04    1.3301336915e-01
    2.0300000000e+04    1.8146182253e-01
    2.0400000000e+04    2.0142909810e-01
    2.0500000000e+04    1.2428686870e-01
    2.0600000000e+04    1.1337535208e-01
    2.0700000000e+04    1.2556394332e-01
    2.0800000000e+04    1.2692878306e-01
    2.0900000000e+04    1.5139050910e-01
    2.1000000000e+04    1.4599302087e-01
    2.1100000000e+04    1.3689667965e-01
    2.1200000000e+04    1.2771388001e-01
    2.1300000000e+04    1.8777951470e-01
    2.1400000000e+04    1.4976873628e-01
    2.1500000000e+04    1.1691417209e-01
    2.1600000000e+04    9.3778772164e-02
    2.1700000000e+04    1.2227930419e-01
    2.1800000000e+04    9.1849407512e-02
    2.1900000000e+04    1.5018229032e-01
    2.2000000000e+04    1.4767809891e-01
    2.2100000000e+04    1.3928485367e-01
    2.2200000000e+04    1.2865452510e-01
    2.2300000000e+04    1.0853507536e-01
    2.2400000000e+04    1.0671403018e-01
    2.2500000000e+04    1.7390481328e-01
    2.2600000000e+04    1.2068520930e-01
    2.2700000000e+04    1.4655070484e-01
    2.2800000000e+04    1.3748253533e-01
    2.2900000000e+04    1.3892475041e-01
    2.3000000000e+04    1.1353030687e-01
    2.3100000000e+04    1.2216661993e-01
    2.3200000000e+04    1.1921058970e-01
    2.3300000000e+04    1.7328940109e-01
    2.3400000000e+04    1.1935525147e-01
    2.3500000000e+04    1.0050816459e-01
    2.3600000000e+04    1.1484498451e-01
    2.3700000000e+04    1.0238468476e-01
    2.3800000000e+04    1.6642275530e-01
    2.3900000000e+04    1.2263280713e-01
    2.4000000000e+04    1.5675907668e-01
    2.4100000000e+04    1.2466379960e-01
    2.4200000000e+04    1.4479653770e-01
    2.4300000000e+04    1.3218594080e-01
    2.4400000000e+04    1.7170621826e-01
    2.4500000000e+04    1.6335515059e-01
    2.4600000000e+04    1.3930561154e-01
    2.4700000000e+04    1.1933908284e-01
    2.4800000000e+04    1.5297362336e-01
    2.4900000000e+04    1.8363209577e-01
    2.5000000000e+04    1.9176647894e-01
    2.5100000000e+04    1.2716147683e-01
    2.5200000000e+04    1.2378251897e-01
    2.5300000000e+04    1.0910810092e-01
    2.5400000000e+04    1.4911753123e-01
    2.5500000000e+04    1.1252688622e-01
    2.5600000000e+04    1.2125945754e-01
    2.5700000000e+04    9.5304596184e-02
    2.5800000000e+04    1.2085905971e-01
    2.5900000000e+04    1.1864288716e-01
    2.6000000000e+04    1.3952106833e-01
    2.6100000000e+04    1.6030623723e-01
    2.6200000000e+04    9.6692874741e-02
    2.6300000000e+04    1.0421417566e-01
    2.6400000000e+04    1.4969356310e-01
    2.6500000000e+04    1.3680853689e-01
    2.6600000000e+04    1.0966469667e-01
    2.6700000000e+04    1.5680443065e-01
    2.6800000000e+04    1.9031904951e-01
    2.6900000000e+04    1.3998091165e-01
    2.7000000000e+04    1.0935222371e-01
    2.7100000000e+04    1.1935023477e-01
    2.7200000000e+04    2.2859305464e-01
    2.7300000000e+04    1.4790159191e-01
    2.7400000000e+04    1.3103389279e-01
    2.7500000000e+04    1.2345998505e-01
    2.7600000000e+04    1.6156104067e-01
    2.7700000000e+04    1.4225006600e-01
    2.7800000000e+04    1.2834501108e-01
    2.7900000000e+04    1.2874451742e-01
    2.8000000000e+04    2.1613415842e-01
    2.8100000000e+04    1.2424370936e-01
    2.8200000000e+04    1.1461324624e-01
    2.8300000000e+04    1.4686142623e-01
    2.8400000000e+04    1.1970722206e-01
    2.8500000000e+04    1.0207307349e-01
    2.8600000000e+04    1.2445045631e-01
    2.8700000000e+04    1.2065838706e-01
    2.8800000000e+04    1.5662134262e-01
    2.8900000000e+04    1.0580297435e-01
    2.9000000000e+04    1.4254575074e-01
    2.9100000000e+04    1.1829213388e-01
    2.9200000000e+04    1.0814797398e-01
    2.9300000000e+04    1.0109285842e-01
    2.9400000000e+04    1.0273894387e-01
    2.9500000000e+04    1.4236410880e-01
    2.9600000000e+04    1.7297433794e-01
    2.9700000000e+04    1.6418236124e-01
    2.9800000000e+04    1.6472056775e-01
    2.9900000000e+04    1.2704045854e-01
    3.0000000000e+04    1.5966661290e-01
    3.0100000000e+04    1.2765956417e-01
    3.0200000000e+04    1.4529749639e-01
    3.0300000000e+04    1.3312822056e-01
    3.0400000000e+04    1.2733939089e-01
    3.0500000000e+04    1.3606922638e-01
    3.0600000000e+04    1.3548233769e-01
    3.0700000000e+04    1.3892093677e-01
    3.0800000000e+04    1.5985978691e-01
    3.0900000000e+04    1.4287066762e-01
    3.1000000000e+04    1.3229030166e-01
    3.1100000000e+04    1.4802354017e-01
    3.1200000000e+04    1.1722988794e-01
    3.1300000000e+04    1.1234278355e-01
    3.1400000000e+04    1.2763968178e-01
    3.1500000000e+04    1.3253250776e-01
    3.1600000000e+04    1.9438183146e-01
    3.1700000000e+04    1.5710455944e-01
    3.1800000000e+04    1.2946085808e-01
    3.1900000000e+04    1.0778830823e-01
    3.2000000000e+04    1.5936902067e-01
    3.2100000000e+04    1.4399499789e-01
    3.2200000000e+04    1.2682312107e-01
    3.2300000000e+04    1.0834811831e-01
    3.2400000000e+04    1.3212330549e-01
    3.2500000000e+04    1.5053696020e-01
    3.2600000000e+04    1.3764630773e-01
    3.2700000000e+04    1.0680775751e-01
    3.2800000000e+04    1.4634825957e-01
    3.2900000000e+04    1.4001252610e-01
    3.3000000000e+04    1.6123925976e-01
    3.3100000000e+04    1.3105809045e-01
    3.3200000000e+04    1.0579821675e-01
    3.3300000000e+04    1.0872159586e-01
    3.3400000000e+04    1.1841484290e-01
    3.3500000000e+04    1.1542928915e-01
    3.3600000000e+04    1.2412945672e-01
    3.3700000000e+04    1.3366460233e-01
    3.3800000000e+04    1.5203047846e-01
    3.3900000000e+04    1.3762614787e-01
    3.4000000000e+04    1.8411006143e-01
    3.4100000000e+04    1.2968404980e-01
    3.4200000000e+04    1.4512970442e-01
    3.4300000000e+04    1.4103302132e-01
    3.4400000000e+04    1.3403853238e-01
    3.4500000000e+04    1.2288358994e-01
    3.4600000000e+04    1.3114616243e-01
    3.4700000000e+04    1.1922229944e-01
    3.4800000000e+04    1.3113290529e-01
    3.4900000000e+04    1.2783320070e-01
    3.5000000000e+04    1.1891984199e-01
    3.5100000000e+04    1.0806783218e-01
    3.5200000000e+04    1.2524167926e-01
    3.5300000000e+04    1.4922657609e-01
    3.5400000000e+04    1.0705645817e-01
    3.5500000000e+04    1.0217292048e-01
    3.5600000000e+04    1.4952577878e-01
    3.5700000000e+04    1.3893980332e-01
    3.5800000000e+04    1.6785909047e-01
    3.5900000000e+04    1.5124562494e-01
    3.6000000000e+04    1.3586687907e-01
    3.6100000000e+04    1.2070165181e-01
    3.6200000000e+04    1.0971743606e-01
    3.6300000000e+04    1.1246032146e-01
    3.6400000000e+04    1.0259006147e-01
    3.6500000000e+04    1.4402549849e-01
    3.6600000000e+04    1.1896994516e-01
    3.6700000000e+04    1.4430879770e-01
    3.6800000000e+04    1.1213871822e-01
    3.6900000000e+04    1.7445287326e-01
    3.7000000000e+04    1.2462689864e-01
    3.7100000000e+04    1.2970777793e-01
    3.7200000000e+04    1.0316877689e-01
    3.7300000000e+04    1.2357398449e-01
    3.7400000000e+04    1.3763874127e-01
    3.7500000000e+04    1.2275370550e-01
    3.7600000000e+04    1.2451334142e-01
    3.7700000000e+04    1.5755361052e-01
    3.7800000000e+04    1.1933955323e-01
    3.7900000000e+04    1.1810506903e-01
    3.8000000000e+04    1.0889391580e-01
    3.8100000000e+04    1.3263789752e-01
    3.8200000000e+04    1.1536280973e-01
    3.8300000000e+04    1.1420370488e-01
    3.8400000000e+04    1.2913076497e-01
    3.8500000000e+04    1.2077107004e-01
    3.8600000000e+04    1.1870384940e-01
    3.8700000000e+04    1.1263549030e-01
    3.8800000000e+04    1.2194838805e-01
    3.8900000000e+04    1.2378057467e-01
    3.9000000000e+04    1.2855515345e-01
    3.9100000000e+04    1.4259400092e-01
    3.9200000000e+04    1.4965897124e-01
    3.9300000000e+04    1.7895560198e-01
    3.9400000000e+04    1.2134615507e-01
    3.9500000000e+04    1.0604150887e-01
    3.9600000000e+04    1.2107886113e-01
    3.9700000000e+04    1.3695345576e-01
    3.9800000000e+04    1.0201491230e-01
    3.9900000000e+04    1.2283205688e-01
    4.0000000000e+04    1.7953165351e-01
    4.0100000000e+04    1.3168068332e-01
    4.0200000000e+04    1.4378838576e-01
    4.0300000000e+04    1.1573990895e-01
    4.0400000000e+04    1.1239592611e-01
    4.0500000000e+04    1.2086394584e-01
    4.0600000000e+04    1.1649037660e-01
    4.0700000000e+04    1.4688824378e-01
    4.0800000000e+04    1.1989373865e-01
    4.0900000000e+04    1.3682279163e-01
    4.1000000000e+04    1.1668994797e-01
    4.1100000000e+04    1.5560014193e-01
    4.1200000000e+04    1.6232109760e-01
    4.1300000000e+04    1.4917943917e-01
    4.1400000000e+04    1.1743909918e-01
    4.1500000000e+04    1.1941653949e-01
    4.1600000000e+04    1.1753321641e-01
    4.1700000000e+04    1.7930001644e-01
    4.1800000000e+04    1.7518346942e-01
    4.1900000000e+04    1.6098285401e-01
    4.2000000000e+04    1.1395681599e-01
    4.2100000000e+04    1.2465542164e-01
    4.2200000000e+04    1.3638019565e-01
    4.2300000000e+04    1.7376536727e-01
    4.2400000000e+04    1.8827617405e-01
    4.2500000000e+04    1.3398583777e-01
    4.2600000000e+04    1.5998622843e-01
    4.2700000000e+04    1.8585239675e-01
    4.2800000000e+04    1.6502244878e-01
    4.2900000000e+04    1.2084044789e-01
    4.3000000000e+04    1.1558424746e-01
    4.3100000000e+04    1.3338335874e-01
    4.3200000000e+04    1.4286547373e-01
    4.3300000000e+04    1.4716483348e-01
    4.3400000000e+04    1.1972681321e-01
    4.3500000000e+04    1.2487094926e-01
    4.3600000000e+04    1.3372016724e-01
    4.3700000000e+04    1.3380200933e-01
    4.3800000000e+04    1.6129483985e-01
    4.3900000000e+04    1.3132951112e-01
    4.4000000000e+04    1.4085186587e-01
    4.4100000000e+04    1.8608846062e-01
    4.4200000000e+04    1.7053872911e-01
    4.4300000000e+04    1.3366901164e-01
    4.4400000000e+04    1.5278032908e-01
    4.4500000000e+04    1.2278716494e-01
    4.4600000000e+04    1.1128217569e-01
    4.4700000000e+04    1.0627237474e-01
    4.4800000000e+04    1.1010025786e-01
    4.4900000000e+04    1.0672527010e-01
    4.5000000000e+04    1.0152373018e-01
    4.5100000000e+04    1.8286069488e-01
    4.5200000000e+04    1.6179589661e-01
    4.5300000000e+04    1.6875907106e-01
    4.5400000000e+04    1.1970011834e-01
    4.5500000000e+04    1.3563097947e-01
    4.5600000000e+04    9.6191218703e-02
    4.5700000000e+04    1.1120903012e-01
    4.5800000000e+04    1.0579154036e-01
    4.5900000000e+04    1.1137412621e-01
    4.6000000000e+04    1.2465621196e-01
    4.6100000000e+04    1.1534409354e-01
    4.6200000000e+04    1.5557351461e-01
    4.6300000000e+04    1.6051226656e-01
    4.6400000000e+04    1.2442195406e-01
    4.6500000000e+04    1.3791685785e-01
    4.6600000000e+04    1.5660987511e-01
    4.6700000000e+04    1.2988921908e-01
    4.6800000000e+04    1.2325841329e-01
    4.6900000000e+04    1.3032161841e-01
    4.7000000000e+04    1.2380244597e-01
    4.7100000000e+04    1.3755816971e-01
    4.7200000000e+04    1.4402294479e-01
    4.7300000000e+04    1.0875373312e-01
    4.7400000000e+04    1.2225936269e-01
    4.7500000000e+04    1.1344538725e-01
    4.7600000000e+04    1.1261348384e-01
    4.7700000000e+04    1.2311559501e-01
    4.7800000000e+04    1.3930866325e-01
    4.7900000000e+04    9.6401707459e-02
    4.8000000000e+04    1.0406068179e-01
    4.8100000000e+04    1.2166591024e-01
    4.8200000000e+04    9.6399391403e-02
    4.8300000000e+04    9.8581504000e-02
    4.8400000000e+04    1.2168438573e-01
    4.8500000000e+04    1.0697091666e-01
    4.8600000000e+04    1.2883653560e-01
    4.8700000000e+04    9.9679612852e-02
    4.8800000000e+04    1.3762828526e-01
    4.8900000000e+04    1.5162174078e-01
    4.9000000000e+04    1.9612077526e-01
    4.9100000000e+04    1.4494687831e-01
    4.9200000000e+04    1.1413695677e-01
    4.9300000000e+04    1.1814479171e-01
    4.9400000000e+04    1.1676316108e-01
    4.9500000000e+04    1.2379442238e-01
    4.9600000000e+04    1.6012762609e-01
    4.9700000000e+04    2.1524968457e-01
    4.9800000000e+04    1.4804897529e-01
    4.9900000000e+04    1.1029464676e-01
    5.0000000000e+04    1.0064907180e-01
    5.0100000000e+04    1.0542314387e-01
    5.0200000000e+04    8.4302641343e-02
    5.0300000000e+04    1.1119842096e-01
    5.0400000000e+04    9.8270459675e-02
    5.0500000000e+04    9.9062297993e-02
    5.0600000000e+04    1.1369087728e-01
    5.0700000000e+04    1.1897082849e-01
    5.0800000000e+04    1.1798419935e-01
    5.0900000000e+04    1.1110902508e-01
    5.1000000000e+04    9.9564990217e-02
    5.1100000000e+04    1.2012765157e-01
    5.1200000000e+04    1.3869178959e-01
    5.1300000000e+04    1.2720441379e-01
    5.1400000000e+04    3.1616982611e-01
    5.1500000000e+04    1.3542365192e-01
    5.1600000000e+04    1.2894390695e-01
    5.1700000000e+04    1.0990191414e-01
    5.1800000000e+04    1.2652161016e-01
    5.1900000000e+04    1.2318981396e-01
    5.2000000000e+04    1.1986983970e-01
    5.2100000000e+04    1.0394961579e-01
    5.2200000000e+04    1.1947799777e-01
    5.2300000000e+04    1.4581559251e-01
    5.2400000000e+04    1.6533302572e-01
    5.2500000000e+04    1.6623297293e-01
    5.2600000000e+04    1.2003195834e-01
    5.2700000000e+04    1.3317947813e-01
    5.2800000000e+04    1.2519399027e-01
    5.2900000000e+04    1.2710956026e-01
    5.3000000000e+04    1.4296863790e-01
    5.3100000000e+04    1.4054878877e-01
    5.3200000000e+04    1.8325381590e-01
    5.3300000000e+04    1.8407156735e-01
    5.3400000000e+04    1.5611373925e-01
    5.3500000000e+04    9.8136910128e-02
    5.3600000000e+04    1.0148108894e-01
    5.3700000000e+04    1.2576300490e-01
    5.3800000000e+04    1.2668895584e-01
    5.3900000000e+04    1.6887890008e-01
    5.4000000000e+04    1.5711103233e-01
    5.4100000000e+04    1.6902334161e-01
    5.4200000000e+04    1.3292568080e-01
    5.4300000000e+04    1.3810090963e-01
    5.4400000000e+04    1.5819591973e-01
    5.4500000000e+04    1.0751383473e-01
    5.4600000000e+04    1.6236107770e-01
    5.4700000000e+04    1.5681075382e-01
    5.4800000000e+04    1.2331096317e-01
    5.4900000000e+04    1.5512173286e-01
    5.5000000000e+04    1.8367184382e-01
    5.5100000000e+04    1.5808229467e-01
    5.5200000000e+04    1.4428801283e-01
    5.5300000000e+04    1.2948219719e-01
    5.5400000000e+04    1.3438429395e-01
    5.5500000000e+04    1.5541000114e-01
    5.5600000000e+04    1.3584791282e-01
    5.5700000000e+04    1.1832669321e-01
    5.5800000000e+04    1.3167710863e-01
    5.5900000000e+04    1.3830642972e-01
    5.6000000000e+04    1.2712226674e-01
    5.6100000000e+04    1.3719029828e-01
    5.6200000000e+04    1.9677112729e-01
    5.6300000000e+04    1.3251441254e-01
    5.6400000000e+04    1.1581780703e-01
    5.6500000000e+04    1.3905079758e-01
    5.6600000000e+04    9.2305439556e-02
    5.6700000000e+04    1.0769697649e-01
    5.6800000000e+04    1.2662632485e-01
    5.6900000000e+04    1.0998250173e-01
    5.7000000000e+04    1.4260615163e-01
    5.7100000000e+04    1.2141817159e-01
    5.7200000000e+04    1.3504880613e-01
    5.7300000000e+04    1.1756827618e-01
    5.7400000000e+04    1.5379363064e-01
    5.7500000000e+04    1.0999300812e-01
    5.7600000000e+04    1.4727223667e-01
    5.7700000000e+04    1.5440572291e-01
    5.7800000000e+04    1.3805621716e-01
    5.7900000000e+04    1.5568604179e-01
    5.8000000000e+04    1.0221468737e-01
    5.8100000000e+04    1.3624062394e-01
    5.8200000000e+04    1.3161373151e-01
    5.8300000000e+04    1.5015925458e-01
    5.8400000000e+04    1.5568336429e-01
    5.8500000000e+04    1.2960661692e-01
    5.8600000000e+04    1.4502210265e-01
    5.8700000000e+04    1.1732631344e-01
    5.8800000000e+04    1.3588552098e-01
    5.8900000000e+04    1.3306916855e-01
    5.9000000000e+04    1.4624402438e-01
    5.9100000000e+04    1.2803974018e-01
    5.9200000000e+04    9.5448826273e-02
    5.9300000000e+04    1.0139593412e-01
    5.9400000000e+04    1.1411056484e-01
    5.9500000000e+04    1.1062273388e-01
    5.9600000000e+04    1.2137823098e-01
    5.9700000000e+04    1.3689036649e-01
    5.9800000000e+04    1.2227931599e-01
    5.9900000000e+04    1.3913922605e-01
    6.0000000000e+04    1.4468341507e-01
    6.0100000000e+04    1.5196369279e-01
    6.0200000000e+04    1.1920921194e-01
    6.0300000000e+04    1.2145734842e-01
    6.0400000000e+04    1.1410351062e-01
    6.0500000000e+04    1.1027615511e-01
    6.0600000000e+04    1.2045659125e-01
    6.0700000000e+04    1.0835250218e-01
    6.0800000000e+04    1.9164552857e-01
    6.0900000000e+04    1.8694841090e-01
    6.1000000000e+04    2.7025663033e-01
    6.1100000000e+04    2.1328985897e-01
    6.1200000000e+04    1.4460739406e-01
    6.1300000000e+04    1.2662006742e-01
    6.1400000000e+04    1.0319934324e-01
    6.1500000000e+04    1.1841702994e-01
    6.1600000000e+04    1.2063610555e-01
    6.1700000000e+04    1.1464602810e-01
    6.1800000000e+04    1.2091790976e-01
    6.1900000000e+04    1.3483655351e-01
    6.2000000000e+04    1.0842858012e-01
    6.2100000000e+04    1.0261662829e-01
    6.2200000000e+04    1.1378780244e-01
    6.2300000000e+04    1.0856339310e-01
    6.2400000000e+04    1.1789894131e-01
    6.2500000000e+04    1.1890058577e-01
    6.2600000000e+04    1.1993804844e-01
    6.2700000000e+04    1.0116159878e-01
    6.2800000000e+04    1.6828284259e-01
    6.2900000000e+04    1.6030428833e-01
    6.3000000000e+04    8.9320934668e-02
    6.3100000000e+04    1.4120213909e-01
    6.3200000000e+04    1.1839250018e-01
    6.3300000000e+04    1.5454279216e-01
    6.3400000000e+04    1.4186890990e-01
    6.3500000000e+04    1.1338939986e-01
    6.3600000000e+04    1.4682143286e-01
    6.3700000000e+04    1.2599582084e-01
    6.3800000000e+04    1.1042421741e-01
    6.3900000000e+04    1.4061913252e-01
    6.4000000000e+04    1.2330134714e-01
    6.4100000000e+04    1.1266648746e-01
    6.4200000000e+04    1.1932731498e-01
    6.4300000000e+04    1.0584692670e-01
    6.4400000000e+04    1.0743427262e-01
    6.4500000000e+04    2.1860957584e-01
    6.4600000000e+04    1.5125050770e-01
    6.4700000000e+04    2.1933814907e-01
    6.4800000000e+04    1.2297686277e-01
    6.4900000000e+04    1.3759628766e-01
    6.5000000000e+04    1.1918871542e-01
    6.5100000000e+04    1.0394703462e-01
    6.5200000000e+04    9.4462854973e-02
    6.5300000000e+04    1.1537247169e-01
    6.5400000000e+04    1.3771675633e-01
    6.5500000000e+04    1.4711407036e-01
    6.5600000000e+04    1.5873001804e-01
    6.5700000000e+04    1.2153524350e-01
    6.5800000000e+04    1.1822323847e-01
    6.5900000000e+04    8.9524244431e-02
    6.6000000000e+04    1.2640195192e-01
    6.6100000000e+04    1.2286696873e-01
    6.6200000000e+04    1.0383700493e-01
    6.6300000000e+04    9.9269124068e-02
    6.6400000000e+04    1.0324963232e-01
    6.6500000000e+04    1.1116800864e-01
    6.6600000000e+04    1.1067095744e-01
    6.6700000000e+04    1.1702553524e-01
    6.6800000000e+04    1.4064775206e-01
    6.6900000000e+04    1.1484756625e-01
    6.7000000000e+04    1.3352228909e-01
    6.7100000000e+04    1.3416078500e-01
    6.7200000000e+04    1.2286857770e-01
    6.7300000000e+04    1.2875833982e-01
    6.7400000000e+04    1.3325223248e-01
    6.7500000000e+04    1.3030096198e-01
    6.7600000000e+04    1.5662431146e-01
    6.7700000000e+04    1.5115022773e-01
    6.7800000000e+04    1.4094867471e-01
    6.7900000000e+04    1.3236306083e-01
    6.8000000000e+04    1.2264822408e-01
    6.8100000000e+04    1.0229721457e-01
    6.8200000000e+04    1.1467868755e-01
    6.8300000000e+04    1.0944924423e-01
    6.8400000000e+04    1.2801207224e-01
    6.8500000000e+04    1.1883573037e-01
    6.8600000000e+04    1.4588158496e-01
    6.8700000000e+04    1.1926502022e-01
    6.8800000000e+04    1.1814188919e-01
    6.8900000000e+04    1.3689055107e-01
    6.9000000000e+04    1.2897370569e-01
    6.9100000000e+04    1.0876990433e-01
    6.9200000000e+04    1.5098729053e-01
    6.9300000000e+04    1.2609154255e-01
    6.9400000000e+04    1.4514891684e-01
    6.9500000000e+04    1.4184928746e-01
    6.9600000000e+04    1.2582889254e-01
    6.9700000000e+04    1.4026993199e-01
    6.9800000000e+04    1.4328353716e-01
    6.9900000000e+04    1.1101156490e-01
    7.0000000000e+04    1.1084975400e-01
    7.0100000000e+04    1.3857179823e-01
    7.0200000000e+04    1.1664983407e-01
    7.0300000000e+04    1.4623147545e-01
    7.0400000000e+04    1.0336052398e-01
    7.0500000000e+04    1.5172929584e-01
    7.0600000000e+04    1.3040959313e-01
    7.0700000000e+04    1.2643298171e-01
    7.0800000000e+04    1.2152325198e-01
    7.0900000000e+04    1.1645122745e-01
    7.1000000000e+04    1.1741729874e-01
    7.1100000000e+04    1.1980265944e-01
    7.1200000000e+04    1.2843793025e-01
    7.1300000000e+04    1.0640069288e-01
    7.1400000000e+04    1.1948705730e-01
    7.1500000000e+04    1.1495662704e-01
    7.1600000000e+04    1.1805969779e-01
    7.1700000000e+04    1.0280931263e-01
    7.1800000000e+04    1.2396191698e-01
    7.1900000000e+04    1.2356825614e-01
    7.2000000000e+04    1.0769986706e-01
    7.2100000000e+04    1.2157323725e-01
    7.2200000000e+04    1.1035052799e-01
    7.2300000000e+04    1.4175026942e-01
    7.2400000000e+04    1.9811953737e-01
    7.2500000000e+04    2.6129635246e-01
    7.2600000000e+04    1.3013174011e-01
    7.2700000000e+04    1.4978647544e-01
    7.2800000000e+04    1.2395255364e-01
    7.2900000000e+04    1.3617558231e-01
    7.3000000000e+04    1.2640723963e-01
    7.3100000000e+04    1.2679348221e-01
    7.3200000000e+04    1.4513347193e-01
    7.3300000000e+04    1.3889330661e-01
    7.3400000000e+04    1.6443760649e-01
    7.3500000000e+04    1.2421644035e-01
    7.3600000000e+04    1.2577215363e-01
    7.3700000000e+04    1.1657975193e-01
    7.3800000000e+04    1.1244798690e-01
    7.3900000000e+04    1.1753170850e-01
    7.4000000000e+04    1.4113316215e-01
    7.4100000000e+04    1.2026282040e-01
    7.4200000000e+04    1.1810898677e-01
    7.4300000000e+04    1.2585717976e-01
    7.4400000000e+04    1.1663999931e-01
    7.4500000000e+04    1.3677986292e-01
    7.4600000000e+04    1.6805745046e-01
    7.4700000000e+04    1.3952272934e-01
    7.4800000000e+04    1.0993297238e-01
    7.4900000000e+04    1.1768177977e-01
    7.5000000000e+04    1.3285992603e-01
    7.5100000000e+04    1.4453823612e-01
    7.5200000000e+04    1.3563332819e-01
    7.5300000000e+04    1.1940282979e-01
    7.5400000000e+04    1.3516265031e-01
    7.5500000000e+04    1.3454014556e-01
    7.5600000000e+04    1.7417131167e-01
    7.5700000000e+04    1.5030894975e-01
    7.5800000000e+04    1.4460349551e-01
    7.5900000000e+04    1.2836352633e-01
    7.6000000000e+04    1.3248794726e-01
    7.6100000000e+04    9.8045615968e-02
    7.6200000000e+04    1.0840659389e-01
    7.6300000000e+04    1.1331763857e-01
    7.6400000000e+04    1.1727540261e-01
    7.6500000000e+04    1.6445787078e-01
    7.6600000000e+04    1.4550340904e-01
    7.6700000000e+04    1.4034898921e-01
    7.6800000000e+04    1.7586129769e-01
    7.6900000000e+04    1.6897803493e-01
    7.7000000000e+04    1.3747512903e-01
    7.7100000000e+04    1.6535896669e-01
    7.7200000000e+04    1.2587008123e-01
    7.7300000000e+04    1.0981103195e-01
    7.7400000000e+04    1.5570213898e-01
    7.7500000000e+04    1.0623110062e-01
    7.7600000000e+04    1.0598125755e-01
    7.7700000000e+04    1.0366880560e-01
    7.7800000000e+04    1.1991033856e-01
    7.7900000000e+04    1.0316419067e-01
    7.8000000000e+04    1.1074184530e-01
    7.8100000000e+04    1.0208435155e-01
    7.8200000000e+04    1.2079045585e-01
    7.8300000000e+04    1.2390867019e-01
    7.8400000000e+04    1.1245711220e-01
    7.8500000000e+04    1.1425815350e-01
    7.8600000000e+04    1.3778548216e-01
    7.8700000000e+04    1.4052733334e-01
    7.8800000000e+04    1.2804598386e-01
    7.8900000000e+04    1.9328945776e-01
    7.9000000000e+04    1.1662735239e-01
    7.9100000000e+04    1.6401957646e-01
    7.9200000000e+04    1.1488640376e-01
    7.9300000000e+04    1.5630915227e-01
    7.9400000000e+04    1.3486698997e-01
    7.9500000000e+04    1.1377775576e-01
    7.9600000000e+04    1.2096606009e-01
    7.9700000000e+04    1.0438327013e-01
    7.9800000000e+04    1.2564718913e-01
    7.9900000000e+04    1.2908994382e-01
    8.0000000000e+04    1.3127955177e-01
    8.0100000000e+04    1.2925693380e-01
    8.0200000000e+04    1.5892387279e-01
    8.0300000000e+04    1.8666606143e-01
    8.0400000000e+04    1.5966466471e-01
    8.0500000000e+04    1.3255568557e-01
    8.0600000000e+04    1.2469216746e-01
    8.0700000000e+04    1.1384225560e-01
    8.0800000000e+04    1.1719977061e-01
    8.0900000000e+04    9.8454365963e-02
    8.1000000000e+04    1.7101147564e-01
    8.1100000000e+04    1.7364734120e-01
    8.1200000000e+04    1.4789876139e-01
    8.1300000000e+04    1.1167237668e-01
    8.1400000000e+04    1.2675084699e-01
    8.1500000000e+04    1.4337125936e-01
    8.1600000000e+04    1.2020489585e-01
    8.1700000000e+04    1.1456428835e-01
    8.1800000000e+04    1.4299011631e-01
    8.1900000000e+04    1.5361330380e-01
    8.2000000000e+04    1.6773941835e-01
    8.2100000000e+04    1.2888107281e-01
    8.2200000000e+04    1.4615977922e-01
    8.2300000000e+04    1.3724154586e-01
    8.2400000000e+04    1.3171059276e-01
    8.2500000000e+04    1.2854328232e-01
    8.2600000000e+04    1.1229697936e-01
    8.2700000000e+04    1.2402228255e-01
    8.2800000000e+04    1.2551907277e-01
    8.2900000000e+04    1.2637321259e-01
    8.3000000000e+04    1.4055898899e-01
    8.3100000000e+04    1.4216936543e-01
    8.3200000000e+04    1.6741251441e-01
    8.3300000000e+04    1.6358150981e-01
    8.3400000000e+04    1.2232212509e-01
    8.3500000000e+04    1.9451130163e-01
    8.3600000000e+04    1.3290654186e-01
    8.3700000000e+04    1.1938296275e-01
    8.3800000000e+04    1.1592720585e-01
    8.3900000000e+04    1.4030716255e-01
    8.4000000000e+04    1.0438988582e-01
    8.4100000000e+04    1.4323616039e-01
    8.4200000000e+04    9.3055545438e-02
    8.4300000000e+04    1.3636768282e-01
    8.4400000000e+04    1.1464708582e-01
    8.4500000000e+04    1.4329262681e-01
    8.4600000000e+04    1.3636257997e-01
    8.4700000000e+04    1.3362986875e-01
    8.4800000000e+04    1.1526841990e-01
    8.4900000000e+04    1.1200371276e-01
    8.5000000000e+04    1.0584452786e-01
    8.5100000000e+04    1.4805918388e-01
    8.5200000000e+04    1.2790404593e-01
    8.5300000000e+04    1.1440429347e-01
    8.5400000000e+04    1.7038036468e-01
    8.5500000000e+04    2.0118715813e-01
    8.5600000000e+04    1.2829437067e-01
    8.5700000000e+04    1.1276309406e-01
    8.5800000000e+04    1.2566524331e-01
    8.5900000000e+04    1.1136389763e-01
    8.6000000000e+04    1.0477829646e-01
    8.6100000000e+04    1.2640136525e-01
    8.6200000000e+04    1.0142714544e-01
    8.6300000000e+04    1.2641089741e-01
    8.6400000000e+04    1.8701949929e-01
    8.6500000000e+04    1.5854186181e-01
    8.6600000000e+04    1.0973861529e-01
    8.6700000000e+04    9.7424921249e-02
    8.6800000000e+04    1.2311619627e-01
    8.6900000000e+04    9.7938697000e-02
    8.7000000000e+04    1.0164174181e-01
    8.7100000000e+04    1.2896241388e-01
    8.7200000000e+04    1.1142327408e-01
    8.7300000000e+04    1.0696729472e-01
    8.7400000000e+04    1.1388236726e-01
    8.7500000000e+04    1.3791356123e-01
    8.7600000000e+04    1.2441909073e-01
    8.7700000000e+04    1.2270212525e-01
    8.7800000000e+04    1.3335420646e-01
    8.7900000000e+04    1.3504139249e-01
    8.8000000000e+04    1.5751289640e-01
    8.8100000000e+04    1.6411199598e-01
    8.8200000000e+04    1.4652485822e-01
    8.8300000000e+04    1.2835910791e-01
    8.8400000000e+04    1.5381143273e-01
    8.8500000000e+04    1.2579089508e-01
    8.8600000000e+04    1.4195977588e-01
    8.8700000000e+04    1.4575320708e-01
    8.8800000000e+04    1.5830806480e-01
    8.8900000000e+04    2.0205504257e-01
    8.9000000000e+04    1.5010633179e-01
    8.9100000000e+04    1.1351637961e-01
    8.9200000000e+04    1.1117976834e-01
    8.9300000000e+04    1.1548073063e-01
    8.9400000000e+04    1.1860866110e-01
    8.9500000000e+04    1.3280243991e-01
    8.9600000000e+04    1.3078487072e-01
    8.9700000000e+04    1.2252561522e-01
    8.9800000000e+04    1.3464307796e-01
    8.9900000000e+04    1.2556730404e-01
    9.0000000000e+04    1.5151530569e-01
    9.0100000000e+04    1.3943073789e-01
    9.0200000000e+04    1.4715042552e-01
    9.0300000000e+04    1.3624414202e-01
    9.0400000000e+04    1.4153565368e-01
    9.0500000000e+04    1.6042571831e-01
    9.0600000000e+04    1.5122851236e-01
    9.0700000000e+04    1.3233376364e-01
    9.0800000000e+04    1.3908042406e-01
    9.0900000000e+04    1.8510455249e-01
    9.1000000000e+04    1.6616217624e-01
    9.1100000000e+04    1.5201912674e-01
    9.1200000000e+04    1.7023944290e-01
    9.1300000000e+04    1.4430806416e-01
    9.1400000000e+04    1.4655718526e-01
    9.1500000000e+04    1.3601783534e-01
    9.1600000000e+04    1.3099709990e-01
    9.1700000000e+04    1.6352576960e-01
    9.1800000000e+04    1.2746511395e-01
    9.1900000000e+04    1.1896056876e-01
    9.2000000000e+04    1.2003352169e-01
    9.2100000000e+04    1.0279896606e-01
    9.2200000000e+04    1.0228833737e-01
    9.2300000000e+04    1.1137369383e-01
    9.2400000000e+04    1.1266598987e-01
    9.2500000000e+04    1.1887717562e-01
    9.2600000000e+04    1.4176066779e-01
    9.2700000000e+04    1.5332050212e-01
    9.2800000000e+04    1.3650664062e-01
    9.2900000000e+04    1.3363218877e-01
    9.3000000000e+04    1.0494414678e-01
    9.3100000000e+04    1.0417050173e-01
    9.3200000000e+04    9.8876283273e-02
    9.3300000000e+04    1.3383806243e-01
    9.3400000000e+04    1.1932194988e-01
    9.3500000000e+04    1.5939848100e-01
    9.3600000000e+04    1.3439996879e-01
    9.3700000000e+04    1.3239813062e-01
    9.3800000000e+04    1.3370378166e-01
    9.3900000000e+04    1.4028457567e-01
    9.4000000000e+04    1.2120206151e-01
    9.4100000000e+04    1.0620841063e-01
    9.4200000000e+04    1.2477797905e-01
    9.4300000000e+04    1.2401269593e-01
    9.4400000000e+04    1.3036198865e-01
    9.4500000000e+04    1.3418404079e-01
    9.4600000000e+04    1.4516959268e-01
    9.4700000000e+04    1.1832744616e-01
    9.4800000000e+04    1.1032557532e-01
    9.4900000000e+04    1.3860156797e-01
    9.5000000000e+04    1.1404135559e-01
    9.5100000000e+04    1.1370190999e-01
    9.5200000000e+04    1.2205948947e-01
    9.5300000000e+04    1.1947653355e-01
    9.5400000000e+04    1.2505013816e-01
    9.5500000000e+04    1.2222040506e-01
    9.5600000000e+04    1.1696246758e-01
    9.5700000000e+04    1.4515861883e-01
    9.5800000000e+04    1.1437881713e-01
    9.5900000000e+04    1.2019610111e-01
    9.6000000000e+04    1.0924548598e-01
    9.6100000000e+04    1.1906061813e-01
    9.6200000000e+04    1.1018288582e-01
    9.6300000000e+04    1.1048483390e-01
    9.6400000000e+04    1.0333976253e-01
    9.6500000000e+04    1.2140621392e-01
    9.6600000000e+04    1.1774792163e-01
    9.6700000000e+04    1.0628628670e-01
    9.6800000000e+04    8.7756725084e-02
    9.6900000000e+04    1.4026326889e-01
    9.7000000000e+04    1.0875357248e-01
    9.7100000000e+04    1.1952251871e-01
    9.7200000000e+04    1.5405260343e-01
    9.7300000000e+04    1.3841659446e-01
    9.7400000000e+04    1.3599879859e-01
    9.7500000000e+04    1.1740232733e-01
    9.7600000000e+04    1.1908171749e-01
    9.7700000000e+04    1.0673918914e-01
    9.7800000000e+04    1.2440191633e-01
    9.7900000000e+04    1.2535984639e-01
    9.8000000000e+04    1.4529392871e-01
    9.8100000000e+04    2.0795099059e-01
    9.8200000000e+04    1.2947405413e-01
    9.8300000000e+04    1.9661569228e-01
    9.8400000000e+04    1.3746605308e-01
    9.8500000000e+04    1.3787539278e-01
    9.8600000000e+04    1.3021235894e-01
    9.8700000000e+04    1.0912774328e-01
    9.8800000000e+04    1.4044970333e-01
    9.8900000000e+04    1.1414429275e-01
    9.9000000000e+04    1.1118938779e-01
    9.9100000000e+04    1.0700265726e-01
    9.9200000000e+04    1.2886881367e-01
    9.9300000000e+04    1.7093874416e-01
    9.9400000000e+04    1.5120382743e-01
    9.9500000000e+04    1.4649886782e-01
    9.9600000000e+04    1.2868091636e-01
    9.9700000000e+04    1.2584363283e-01
    9.9800000000e+04    1.0976704448e-01
    9.9900000000e+04    1.7323414063e-01
    1.0000000000e+05    1.2871569710e-01
    1.0010000000e+05    1.1537379765e-01
    1.0020000000e+05    1.3355059427e-01
    1.0030000000e+05    1.4355898200e-01
    1.0040000000e+05    1.4091717252e-01
    1.0050000000e+05    1.1741929630e-01
    1.0060000000e+05    1.1164338163e-01
    1.0070000000e+05    1.1177623480e-01
    1.0080000000e+05    1.2733555651e-01
    1.0090000000e+05    1.1937657214e-01
    1.0100000000e+05    1.0037033805e-01
    1.0110000000e+05    1.2219172681e-01
    1.0120000000e+05    1.0070076720e-01
    1.0130000000e+05    1.3344155768e-01
    1.0140000000e+05    1.2837608418e-01
    1.0150000000e+05    1.2212242839e-01
    1.0160000000e+05    1.1231618664e-01
    1.0170000000e+05    1.1567686138e-01
    1.0180000000e+05    1.7218449051e-01
    1.0190000000e+05    1.2269205329e-01
    1.0200000000e+05    1.2508998394e-01
    1.0210000000e+05    1.1463738518e-01
    1.0220000000e+05    1.0165417088e-01
    1.0230000000e+05    1.0735663153e-01
    1.0240000000e+05    1.0255164066e-01
    1.0250000000e+05    1.1029221809e-01
    1.0260000000e+05    1.0291710308e-01
    1.0270000000e+05    9.7842557411e-02
    1.0280000000e+05    1.6004791593e-01
    1.0290000000e+05    1.0111212553e-01
    1.0300000000e+05    1.3065373184e-01
    1.0310000000e+05    1.0810108931e-01
    1.0320000000e+05    1.1172490051e-01
    1.0330000000e+05    1.1162948510e-01
    1.0340000000e+05    1.1506737694e-01
    1.0350000000e+05    1.5280091597e-01
    1.0360000000e+05    1.3093086506e-01
    1.0370000000e+05    1.3983083390e-01
    1.0380000000e+05    1.0922824550e-01
    1.0390000000e+05    1.2885658641e-01
    1.0400000000e+05    1.8139068125e-01
    1.0410000000e+05    1.4271701594e-01
    1.0420000000e+05    1.3363287432e-01
    1.0430000000e+05    1.5303199403e-01
    1.0440000000e+05    1.1819155867e-01
    1.0450000000e+05    1.0139394927e-01
    1.0460000000e+05    1.0611279399e-01
    1.0470000000e+05    1.2268654522e-01
    1.0480000000e+05    1.3581105831e-01
    1.0490000000e+05    1.0847935005e-01
    1.0500000000e+05    1.0802924083e-01
    1.0510000000e+05    1.1692224948e-01
    1.0520000000e+05    1.0730940277e-01
    1.0530000000e+05    1.4129285219e-01
    1.0540000000e+05    1.1342662724e-01
    1.0550000000e+05    1.1710786262e-01
    1.0560000000e+05    1.0853397606e-01
    1.0570000000e+05    1.1499428552e-01
    1.0580000000e+05    1.2997306208e-01
    1.0590000000e+05    1.0865609121e-01
    1.0600000000e+05    1.5992834024e-01
    1.0610000000e+05    1.5381254383e-01
    1.0620000000e+05    1.2398132804e-01
    1.0630000000e+05    1.3312446513e-01
    1.0640000000e+05    1.0886049926e-01
    1.0650000000e+05    1.2866521922e-01
    1.0660000000e+05    1.1574780316e-01
    1.0670000000e+05    1.2085565217e-01
    1.0680000000e+05    1.3899683057e-01
    1.0690000000e+05    1.2942570279e-01
    1.0700000000e+05    1.1070675402e-01
    1.0710000000e+05    1.1811180768e-01
    1.0720000000e+05    1.4208206925e-01
    1.0730000000e+05    1.1142306297e-01
    1.0740000000e+05    1.3682047882e-01
    1.0750000000e+05    1.4357111566e-01
    1.0760000000e+05    1.2713691061e-01
    1.0770000000e+05    1.1405211046e-01
    1.0780000000e+05    1.0213227498e-01
    1.0790000000e+05    1.1884292213e-01
    1.0800000000e+05    1.2611415232e-01
    1.0810000000e+05    1.0937609581e-01
    1.0820000000e+05    1.6195073923e-01
    1.0830000000e+05    1.1791679674e-01
    1.0840000000e+05    1.2743530283e-01
    1.0850000000e+05    1.0445084421e-01
    1.0860000000e+05    1.1844003545e-01
    1.0870000000e+05    1.1695704094e-01
    1.0880000000e+05    2.0390879393e-01
    1.0890000000e+05    1.2005784180e-01
    1.0900000000e+05    1.2896623855e-01
    1.0910000000e+05    1.3935043961e-01
    1.0920000000e+05    1.0701492676e-01
    1.0930000000e+05    1.2564205452e-01
    1.0940000000e+05    1.1751651217e-01
    1.0950000000e+05    1.1120569205e-01
    1.0960000000e+05    1.2742177540e-01
    1.0970000000e+05    1.4917137388e-01
    1.0980000000e+05    1.2272543840e-01
    1.0990000000e+05    1.1487920462e-01
    1.1000000000e+05    9.9193585148e-02
    1.1010000000e+05    1.1022045165e-01
    1.1020000000e+05    1.1218624056e-01
    1.1030000000e+05    1.3102545002e-01
    1.1040000000e+05    1.2330597613e-01
    1.1050000000e+05    1.1331226277e-01
    1.1060000000e+05    1.2331982460e-01
    1.1070000000e+05    1.2184934091e-01
    1.1080000000e+05    1.3133799912e-01
    1.1090000000e+05    1.2246539500e-01
    1.1100000000e+05    1.1420856591e-01
    1.1110000000e+05    1.7806309559e-01
    1.1120000000e+05    1.2869735660e-01
    1.1130000000e+05    1.7056340258e-01
    1.1140000000e+05    1.3003634851e-01
    1.1150000000e+05    1.2910651930e-01
    1.1160000000e+05    1.1601244836e-01
    1.1170000000e+05    1.3218159602e-01
    1.1180000000e+05    1.0143093082e-01
    1.1190000000e+05    9.8427084760e-02
    1.1200000000e+05    1.2798288326e-01
    1.1210000000e+05    1.3562526087e-01
    1.1220000000e+05    1.4821120177e-01
    1.1230000000e+05    1.1812895228e-01
    1.1240000000e+05    1.7295008868e-01
    1.1250000000e+05    1.2420236108e-01
    1.1260000000e+05    1.2591370788e-01
    1.1270000000e+05    1.2204586158e-01
    1.1280000000e+05    1.1570777441e-01
    1.1290000000e+05    1.3184930890e-01
    1.1300000000e+05    1.3030116475e-01
    1.1310000000e+05    1.6424773154e-01
    1.1320000000e+05    1.0663316107e-01
    1.1330000000e+05    1.2649352956e-01
    1.1340000000e+05    1.5919948241e-01
    1.1350000000e+05    1.1530803040e-01
    1.1360000000e+05    1.0871371483e-01
    1.1370000000e+05    1.0874893023e-01
    1.1380000000e+05    1.1861909656e-01
    1.1390000000e+05    1.0289173454e-01
    1.1400000000e+05    1.2108910312e-01
    1.1410000000e+05    1.3910548970e-01
    1.1420000000e+05    1.1831633353e-01
    1.1430000000e+05    1.2455222587e-01
    1.1440000000e+05    1.1092549566e-01
    1.1450000000e+05    1.0006733549e-01
    1.1460000000e+05    1.2024808410e-01
    1.1470000000e+05    1.2707008888e-01
    1.1480000000e+05    1.4106077994e-01
    1.1490000000e+05    1.0019323443e-01
    1.1500000000e+05    1.0135475987e-01
    1.1510000000e+05    1.1616178685e-01
    1.1520000000e+05    1.0664913929e-01
    1.1530000000e+05    1.3120616370e-01
    1.1540000000e+05    1.5403833347e-01
    1.1550000000e+05    1.1476883878e-01
    1.1560000000e+05    1.4201481328e-01
    1.1570000000e+05    1.2526661664e-01
    1.1580000000e+05    1.3209474583e-01
    1.1590000000e+05    1.5147608423e-01
    1.1600000000e+05    1.1669962318e-01
    1.1610000000e+05    1.1665308236e-01
    1.1620000000e+05    1.1846708361e-01
    1.1630000000e+05    1.2547081040e-01
    1.1640000000e+05    1.4888485059e-01
    1.1650000000e+05    1.2744438417e-01
    1.1660000000e+05    1.0348970283e-01
    1.1670000000e+05    1.2246204268e-01
    1.1680000000e+05    1.0815308086e-01
    1.1690000000e+05    1.5450276129e-01
    1.1700000000e+05    1.2606260401e-01
    1.1710000000e+05    1.1847546389e-01
    1.1720000000e+05    1.5297782765e-01
    1.1730000000e+05    1.1191551388e-01
    1.1740000000e+05    1.5061253320e-01
    1.1750000000e+05    1.2243966566e-01
    1.1760000000e+05    1.5278375727e-01
    1.1770000000e+05    1.4102034321e-01
    1.1780000000e+05    1.3601744890e-01
    1.1790000000e+05    1.5587245211e-01
    1.1800000000e+05    1.3613641799e-01
    1.1810000000e+05    1.4632704618e-01
    1.1820000000e+05    1.2945737243e-01
    1.1830000000e+05    1.5859088195e-01
    1.1840000000e+05    1.4931656660e-01
    1.1850000000e+05    1.7356030111e-01
    1.1860000000e+05    1.6660563323e-01
    1.1870000000e+05    1.2134141899e-01
    1.1880000000e+05    1.3908830072e-01
    1.1890000000e+05    1.1117950664e-01
    1.1900000000e+05    1.1272810445e-01
    1.1910000000e+05    1.2560169856e-01
    1.1920000000e+05    1.3034546347e-01
    1.1930000000e+05    1.1416034798e-01
    1.1940000000e+05    1.4351281446e-01
    1.1950000000e+05    1.3881918116e-01
    1.1960000000e+05    1.3024703395e-01
    1.1970000000e+05    1.3147646485e-01
    1.1980000000e+05    1.7142031855e-01
    1.1990000000e+05    9.5549902730e-02
    1.2000000000e+05    1.1921735034e-01
    1.2010000000e+05    1.4126827838e-01
    1.2020000000e+05    1.2876351714e-01
    1.2030000000e+05    1.4550195063e-01
    1.2040000000e+05    1.6204535781e-01
    1.2050000000e+05    1.9187533421e-01
    1.2060000000e+05    1.2443352270e-01
    1.2070000000e+05    1.3934873068e-01
    1.2080000000e+05    1.1276812718e-01
    1.2090000000e+05    1.5219166074e-01
    1.2100000000e+05    1.4528442539e-01
    1.2110000000e+05    1.6958574055e-01
    1.2120000000e+05    1.5418233058e-01
    1.2130000000e+05    1.5554520075e-01
    1.2140000000e+05    1.4181915525e-01
    1.2150000000e+05    1.6443184566e-01
    1.2160000000e+05    1.1380494834e-01
    1.2170000000e+05    1.5314403714e-01
    1.2180000000e+05    1.3458152653e-01
    1.2190000000e+05    1.8948282580e-01
    1.2200000000e+05    1.1460361380e-01
    1.2210000000e+05    1.1671806681e-01
    1.2220000000e+05    1.1474536049e-01
    1.2230000000e+05    1.0650061128e-01
    1.2240000000e+05    1.1764264238e-01
    1.2250000000e+05    1.0178455521e-01
    1.2260000000e+05    2.0095547997e-01
    1.2270000000e+05    1.4193574095e-01
    1.2280000000e+05    1.4747997051e-01
    1.2290000000e+05    1.7380387757e-01
    1.2300000000e+05    1.1838711444e-01
    1.2310000000e+05    1.3713905508e-01
    1.2320000000e+05    1.1440618641e-01
    1.2330000000e+05    1.7014287610e-01
    1.2340000000e+05    1.6323249887e-01
    1.2350000000e+05    1.4167219282e-01
    1.2360000000e+05    1.4397252737e-01
    1.2370000000e+05    1.7285113778e-01
    1.2380000000e+05    1.8484233092e-01
    1.2390000000e+05    1.2082340210e-01
    1.2400000000e+05    1.3185357165e-01
    1.2410000000e+05    1.4145708757e-01
    1.2420000000e+05    1.0945818189e-01
    1.2430000000e+05    8.8449835127e-02
    1.2440000000e+05    1.1032405764e-01
    1.2450000000e+05    1.5893688196e-01
    1.2460000000e+05    1.3008490793e-01
    1.2470000000e+05    9.8935869395e-02
    1.2480000000e+05    9.2043284589e-02
    1.2490000000e+05    1.1399960767e-01
    1.2500000000e+05    1.9055795255e-01
    1.2510000000e+05    1.3886587342e-01
    1.2520000000e+05    1.2863549139e-01
    1.2530000000e+05    1.4468893170e-01
    1.2540000000e+05    1.1355593747e-01
    1.2550000000e+05    1.1383468466e-01
    1.2560000000e+05    1.3286227465e-01
    1.2570000000e+05    1.2042795674e-01
    1.2580000000e+05    1.2778801713e-01
    1.2590000000e+05    1.4857954387e-01
    1.2600000000e+05    1.3515796167e-01
    1.2610000000e+05    1.4247739909e-01
    1.2620000000e+05    1.5325274664e-01
    1.2630000000e+05    1.4336345624e-01
    1.2640000000e+05    1.2569148031e-01
    1.2650000000e+05    1.3783494766e-01
    1.2660000000e+05    1.3720244643e-01
    1.2670000000e+05    1.3294622060e-01
    1.2680000000e+05    1.5450441636e-01
    1.2690000000e+05    1.4007113192e-01
    1.2700000000e+05    1.7383098301e-01
    1.2710000000e+05    1.2888909413e-01
    1.2720000000e+05    1.4718824675e-01
    1.2730000000e+05    1.6967101018e-01
    1.2740000000e+05    1.2052999912e-01
    1.2750000000e+05    1.1985562686e-01
    1.2760000000e+05    1.1340841844e-01
    1.2770000000e+05    1.6746072427e-01
    1.2780000000e+05    1.4725166766e-01
    1.2790000000e+05    1.7263585520e-01
    1.2800000000e+05    1.3046554679e-01
    1.2810000000e+05    1.2758710746e-01
    1.2820000000e+05    1.1692794624e-01
    1.2830000000e+05    1.3878777738e-01
    1.2840000000e+05    9.8680196548e-02
    1.2850000000e+05    1.3222221793e-01
    1.2860000000e+05    1.2940809687e-01
    1.2870000000e+05    1.3319661141e-01
    1.2880000000e+05    1.3457332210e-01
    1.2890000000e+05    1.1739540717e-01
    1.2900000000e+05    1.2680674373e-01
    1.2910000000e+05    1.1215211847e-01
    1.2920000000e+05    1.3031328030e-01
    1.2930000000e+05    1.1300437683e-01
    1.2940000000e+05    1.0556640018e-01
    1.2950000000e+05    1.0469779369e-01
    1.2960000000e+05    1.2049488317e-01
    1.2970000000e+05    1.1164061441e-01
    1.2980000000e+05    9.8438165032e-02
    1.2990000000e+05    1.1465929135e-01
    1.3000000000e+05    1.1199463204e-01
    1.3010000000e+05    1.3801772454e-01
    1.3020000000e+05    1.0882012248e-01
    1.3030000000e+05    1.4210930001e-01
    1.3040000000e+05    1.2863778176e-01
    1.3050000000e+05    1.2021503817e-01
    1.3060000000e+05    1.4181174746e-01
    1.3070000000e+05    2.0263395590e-01
    1.3080000000e+05    1.1706927750e-01
    1.3090000000e+05    1.2483552717e-01
    1.3100000000e+05    1.4447992308e-01
    1.3110000000e+05    1.1249494605e-01
    1.3120000000e+05    1.3098796532e-01
    1.3130000000e+05    1.2212525795e-01
    1.3140000000e+05    1.1563411806e-01
    1.3150000000e+05    1.2977854294e-01
    1.3160000000e+05    1.1978880914e-01
    1.3170000000e+05    1.3095591201e-01
    1.3180000000e+05    1.0411360253e-01
    1.3190000000e+05    1.0804918647e-01
    1.3200000000e+05    1.0560600959e-01
    1.3210000000e+05    1.1038451116e-01
    1.3220000000e+05    9.7995677436e-02
    1.3230000000e+05    1.4862259578e-01
    1.3240000000e+05    1.4519146855e-01
    1.3250000000e+05    1.6654436989e-01
    1.3260000000e+05    1.4358497297e-01
    1.3270000000e+05    1.0529540265e-01
    1.3280000000e+05    1.0118583003e-01
    1.3290000000e+05    1.1657519776e-01
    1.3300000000e+05    1.0620710311e-01
    1.3310000000e+05    1.5225529266e-01
    1.3320000000e+05    1.2443577568e-01
    1.3330000000e+05    1.2493294672e-01
    1.3340000000e+05    1.4609787413e-01
    1.3350000000e+05    1.5032985417e-01
    1.3360000000e+05    1.0932948670e-01
    1.3370000000e+05    1.3593444029e-01
    1.3380000000e+05    1.0795420979e-01
    1.3390000000e+05    1.2198636513e-01
    1.3400000000e+05    1.3426158259e-01
    1.3410000000e+05    1.3393326973e-01
    1.3420000000e+05    1.2960045887e-01
    1.3430000000e+05    1.5930722525e-01
    1.3440000000e+05    1.1761864354e-01
    1.3450000000e+05    1.4229991541e-01
    1.3460000000e+05    1.2288195749e-01
    1.3470000000e+05    1.3676435603e-01
    1.3480000000e+05    1.1299640665e-01
    1.3490000000e+05    1.2458903147e-01
    1.3500000000e+05    1.1286891578e-01
    1.3510000000e+05    1.2550441473e-01
    1.3520000000e+05    1.1291497968e-01
    1.3530000000e+05    1.0431245248e-01
    1.3540000000e+05    1.4247810844e-01
    1.3550000000e+05    2.2610834710e-01
    1.3560000000e+05    1.2935850580e-01
    1.3570000000e+05    1.3181210982e-01
    1.3580000000e+05    1.1566982594e-01
    1.3590000000e+05    1.2030130688e-01
    1.3600000000e+05    1.2137872741e-01
    1.3610000000e+05    1.4586187563e-01
    1.3620000000e+05    1.1646261781e-01
    1.3630000000e+05    1.3103674753e-01
    1.3640000000e+05    1.2675406853e-01
    1.3650000000e+05    1.2453101793e-01
    1.3660000000e+05    1.0864987076e-01
    1.3670000000e+05    1.1956958250e-01
    1.3680000000e+05    1.1912074659e-01
    1.3690000000e+05    1.1525898227e-01
    1.3700000000e+05    1.2941430509e-01
    1.3710000000e+05    1.4788596140e-01
    1.3720000000e+05    1.2207337021e-01
    1.3730000000e+05    1.3337902303e-01
    1.3740000000e+05    1.3488437117e-01
    1.3750000000e+05    1.1967107377e-01
    1.3760000000e+05    1.0581857712e-01
    1.3770000000e+05    1.2793656743e-01
    1.3780000000e+05    1.1412788083e-01
    1.3790000000e+05    1.2271237955e-01
    1.3800000000e+05    1.2123063388e-01
    1.3810000000e+05    1.4945477798e-01
    1.3820000000e+05    1.1962498987e-01
    1.3830000000e+05    1.2007053324e-01
    1.3840000000e+05    1.0711154663e-01
    1.3850000000e+05    1.2669276456e-01
    1.3860000000e+05    1.4415671085e-01
    1.3870000000e+05    1.5150861864e-01
    1.3880000000e+05    1.3857742242e-01
    1.3890000000e+05    1.1629482741e-01
    1.3900000000e+05    9.8227203515e-02
    1.3910000000e+05    1.1911027724e-01
    1.3920000000e+05    1.4127135992e-01
    1.3930000000e+05    1.5858198711e-01
    1.3940000000e+05    1.8292048815e-01
    1.3950000000e+05    1.1329801198e-01
    1.3960000000e+05    1.2586409093e-01
    1.3970000000e+05    1.2820338586e-01
    1.3980000000e+05    1.8572613287e-01
    1.3990000000e+05    1.1412803574e-01
    1.4000000000e+05    1.3925159718e-01
    1.4010000000e+05    1.2606849057e-01
    1.4020000000e+05    1.3299872975e-01
    1.4030000000e+05    1.4283579459e-01
    1.4040000000e+05    1.7999770341e-01
    1.4050000000e+05    1.8920888282e-01
    1.4060000000e+05    1.6187106993e-01
    1.4070000000e+05    1.4444978888e-01
    1.4080000000e+05    1.0608131544e-01
    1.4090000000e+05    1.3766608334e-01
    1.4100000000e+05    1.3672188463e-01
    1.4110000000e+05    1.1010793330e-01
    1.4120000000e+05    1.1807374308e-01
    1.4130000000e+05    1.2281597587e-01
    1.4140000000e+05    1.0891810541e-01
    1.4150000000e+05    1.0183518984e-01
    1.4160000000e+05    1.3709652182e-01
    1.4170000000e+05    1.5410272770e-01
    1.4180000000e+05    1.4635668601e-01
    1.4190000000e+05    1.6224703342e-01
    1.4200000000e+05    1.4436954114e-01
    1.4210000000e+05    1.8273371319e-01
    1.4220000000e+05    1.7810766249e-01
    1.4230000000e+05    1.4672945160e-01
    1.4240000000e+05    1.3747133768e-01
    1.4250000000e+05    1.5643174927e-01
    1.4260000000e+05    1.2953890716e-01
    1.4270000000e+05    1.5418753686e-01
    1.4280000000e+05    1.4507363593e-01
    1.4290000000e+05    1.5500835956e-01
    1.4300000000e+05    1.3628246607e-01
    1.4310000000e+05    1.5462514890e-01
    1.4320000000e+05    1.4520475262e-01
    1.4330000000e+05    1.2513754728e-01
    1.4340000000e+05    1.2527259958e-01
    1.4350000000e+05    2.0170096984e-01
    1.4360000000e+05    1.3064903201e-01
    1.4370000000e+05    1.2415909295e-01
    1.4380000000e+05    1.0373137461e-01
    1.4390000000e+05    1.1919239352e-01
    1.4400000000e+05    1.1512173436e-01
    1.4410000000e+05    1.0929430901e-01
    1.4420000000e+05    1.2779448133e-01
    1.4430000000e+05    1.7844923260e-01
    1.4440000000e+05    1.7836189900e-01
    1.4450000000e+05    1.3252065249e-01
    1.4460000000e+05    1.2319919003e-01
    1.4470000000e+05    1.7043276080e-01
    1.4480000000e+05    2.0818484953e-01
    1.4490000000e+05    1.7976330916e-01
    1.4500000000e+05    1.3808296395e-01
    1.4510000000e+05    1.7421802176e-01
    1.4520000000e+05    2.0458481532e-01
    1.4530000000e+05    1.9112693536e-01
    1.4540000000e+05    1.4639555400e-01
    1.4550000000e+05    1.5768175594e-01
    1.4560000000e+05    1.5114899359e-01
    1.4570000000e+05    1.3569573717e-01
    1.4580000000e+05    1.3221316048e-01
    1.4590000000e+05    1.4332335464e-01
    1.4600000000e+05    1.1583639209e-01
    1.4610000000e+05    1.1122343504e-01
    1.4620000000e+05    1.2292781995e-01
    1.4630000000e+05    1.2025643013e-01
    1.4640000000e+05    1.2548405454e-01
    1.4650000000e+05    1.2276088814e-01
    1.4660000000e+05    1.4707516579e-01
    1.4670000000e+05    1.1684911996e-01
    1.4680000000e+05    1.1532278023e-01
    1.4690000000e+05    1.3018304089e-01
    1.4700000000e+05    1.2232414974e-01
    1.4710000000e+05    9.5815686300e-02
    1.4720000000e+05    1.4707078998e-01
    1.4730000000e+05    1.1002309385e-01
    1.4740000000e+05    1.1947055497e-01
    1.4750000000e+05    1.1152198894e-01
    1.4760000000e+05    1.2818920298e-01
    1.4770000000e+05    1.1696176035e-01
    1.4780000000e+05    1.4320342193e-01
    1.4790000000e+05    1.1476407533e-01
    1.4800000000e+05    1.1616351669e-01
    1.4810000000e+05    1.0504131694e-01
    1.4820000000e+05    1.1063668852e-01
    1.4830000000e+05    1.1216136047e-01
    1.4840000000e+05    1.1943232688e-01
    1.4850000000e+05    1.1521654154e-01
    1.4860000000e+05    1.1618171578e-01
    1.4870000000e+05    1.0737448387e-01
    1.4880000000e+05    1.1446081825e-01
    1.4890000000e+05    1.1488621060e-01
    1.4900000000e+05    1.2018011366e-01
    1.4910000000e+05    1.2791793076e-01
    1.4920000000e+05    1.3141741214e-01
    1.4930000000e+05    1.4153147298e-01
    1.4940000000e+05    1.3998962886e-01
    1.4950000000e+05    1.2921010772e-01
    1.4960000000e+05    1.2496946740e-01
    1.4970000000e+05    1.4860990292e-01
    1.4980000000e+05    1.3777614794e-01
    1.4990000000e+05    1.5921372536e-01
    1.5000000000e+05    1.2646026034e-01
    1.5010000000e+05    1.2454254972e-01
    1.5020000000e+05    1.1663260404e-01
    1.5030000000e+05    1.2230288044e-01
    1.5040000000e+05    1.1374646059e-01
    1.5050000000e+05    1.7499426541e-01
    1.5060000000e+05    1.3681599841e-01
    1.5070000000e+05    1.7728879326e-01
    1.5080000000e+05    1.5644004904e-01
    1.5090000000e+05    1.5449755356e-01
    1.5100000000e+05    1.4659189377e-01
    1.5110000000e+05    2.4585393936e-01
    1.5120000000e+05    1.6042048371e-01
    1.5130000000e+05    1.5151254911e-01
    1.5140000000e+05    1.8011974028e-01
    1.5150000000e+05    1.6416894078e-01
    1.5160000000e+05    1.4415544609e-01
    1.5170000000e+05    1.4123728517e-01
    1.5180000000e+05    1.4932659673e-01
    1.5190000000e+05    1.1645866010e-01
    1.5200000000e+05    1.6299002001e-01
    1.5210000000e+05    1.8915589107e-01
    1.5220000000e+05    2.0458475588e-01
    1.5230000000e+05    2.4192940549e-01
    1.5240000000e+05    1.8746710725e-01
    1.5250000000e+05    1.7453401035e-01
    1.5260000000e+05    1.4776160029e-01
    1.5270000000e+05    1.2009634360e-01
    1.5280000000e+05    1.3344343160e-01
    1.5290000000e+05    1.3769497058e-01
    1.5300000000e+05    1.3132430064e-01
    1.5310000000e+05    1.5123943461e-01
    1.5320000000e+05    1.3017330882e-01
    1.5330000000e+05    1.3231158062e-01
    1.5340000000e+05    1.0673911206e-01
    1.5350000000e+05    1.1899708022e-01
    1.5360000000e+05    1.1413085140e-01
    1.5370000000e+05    1.2528568645e-01
    1.5380000000e+05    1.2657204301e-01
    1.5390000000e+05    1.2265140047e-01
    1.5400000000e+05    1.3933501818e-01
    1.5410000000e+05    1.2776545838e-01
    1.5420000000e+05    1.3512278846e-01
    1.5430000000e+05    1.2730581207e-01
    1.5440000000e+05    1.3268041571e-01
    1.5450000000e+05    1.2721377180e-01
    1.5460000000e+05    1.5555960877e-01
    1.5470000000e+05    1.4797818841e-01
    1.5480000000e+05    1.3756476700e-01
    1.5490000000e+05    1.6855961113e-01
    1.5500000000e+05    1.3365265883e-01
    1.5510000000e+05    1.7053309633e-01
    1.5520000000e+05    1.0274694271e-01
    1.5530000000e+05    9.8831970978e-02
    1.5540000000e+05    1.2591168490e-01
    1.5550000000e+05    1.0854179121e-01
    1.5560000000e+05    1.6284249790e-01
    1.5570000000e+05    1.5505252094e-01
    1.5580000000e+05    1.2137184445e-01
    1.5590000000e+05    1.3505513300e-01
    1.5600000000e+05    1.9855132911e-01
    1.5610000000e+05    1.2392405424e-01
    1.5620000000e+05    1.4065621737e-01
    1.5630000000e+05    9.3570355142e-02
    1.5640000000e+05    1.7362784722e-01
    1.5650000000e+05    1.3195130743e-01
    1.5660000000e+05    1.1636494018e-01
    1.5670000000e+05    9.2802784773e-02
    1.5680000000e+05    1.5727056363e-01
    1.5690000000e+05    1.0987387646e-01
    1.5700000000e+05    1.2605940331e-01
    1.5710000000e+05    1.2119298600e-01
    1.5720000000e+05    1.0355544720e-01
    1.5730000000e+05    1.0392175363e-01
    1.5740000000e+05    1.3278653854e-01
    1.5750000000e+05    1.2586974585e-01
    1.5760000000e+05    1.1033918882e-01
    1.5770000000e+05    1.1477443451e-01
    1.5780000000e+05    1.3262774788e-01
    1.5790000000e+05    1.1942306122e-01
    1.5800000000e+05    9.7301406189e-02
    1.5810000000e+05    1.3619740258e-01
    1.5820000000e+05    1.0592753171e-01
    1.5830000000e+05    9.9263322670e-02
    1.5840000000e+05    1.2021014568e-01
    1.5850000000e+05    1.9022905374e-01
    1.5860000000e+05    1.4622012785e-01
    1.5870000000e+05    1.2279574303e-01
    1.5880000000e+05    1.4304035314e-01
    1.5890000000e+05    1.3817609506e-01
    1.5900000000e+05    1.1055375566e-01
    1.5910000000e+05    1.1253813225e-01
    1.5920000000e+05    1.0372574665e-01
    1.5930000000e+05    1.1936063438e-01
    1.5940000000e+05    1.2043074855e-01
    1.5950000000e+05    1.2059965212e-01
    1.5960000000e+05    1.3132668824e-01
    1.5970000000e+05    1.3908662823e-01
    1.5980000000e+05    1.7124580966e-01
    1.5990000000e+05    1.8809819016e-01
    1.6000000000e+05    1.2309456892e-01
    1.6010000000e+05    1.2315266684e-01
    1.6020000000e+05    1.1521484942e-01
    1.6030000000e+05    1.6836084684e-01
    1.6040000000e+05    1.3824498604e-01
    1.6050000000e+05    1.2135921972e-01
    1.6060000000e+05    1.4779925170e-01
    1.6070000000e+05    1.3655050242e-01
    1.6080000000e+05    1.4066116650e-01
    1.6090000000e+05    1.3836901003e-01
    1.6100000000e+05    1.3163101631e-01
    1.6110000000e+05    1.1917509490e-01
    1.6120000000e+05    1.3138727883e-01
    1.6130000000e+05    1.7721310446e-01
    1.6140000000e+05    1.2905667341e-01
    1.6150000000e+05    1.3966888080e-01
    1.6160000000e+05    1.5500652799e-01
    1.6170000000e+05    1.2758862425e-01
    1.6180000000e+05    1.5103761381e-01
    1.6190000000e+05    1.7840639056e-01
    1.6200000000e+05    1.4381928401e-01
    1.6210000000e+05    1.3655506814e-01
    1.6220000000e+05    1.7952654697e-01
    1.6230000000e+05    1.1892591690e-01
    1.6240000000e+05    1.4497131007e-01
    1.6250000000e+05    1.2694152556e-01
    1.6260000000e+05    1.3404159271e-01
    1.6270000000e+05    1.4370484826e-01
    1.6280000000e+05    1.2168720397e-01
    1.6290000000e+05    1.3373159903e-01
    1.6300000000e+05    1.3080969542e-01
    1.6310000000e+05    1.4038823016e-01
    1.6320000000e+05    1.1049126463e-01
    1.6330000000e+05    1.3888586783e-01
    1.6340000000e+05    1.3530704673e-01
    1.6350000000e+05    1.3492984064e-01
    1.6360000000e+05    1.5774050703e-01
    1.6370000000e+05    1.2508448192e-01
    1.6380000000e+05    1.1889266131e-01
    1.6390000000e+05    1.6750749918e-01
    1.6400000000e+05    1.0747070686e-01
    1.6410000000e+05    1.2932506316e-01
    1.6420000000e+05    1.3591789148e-01
    1.6430000000e+05    1.6685866554e-01
    1.6440000000e+05    1.2559025966e-01
    1.6450000000e+05    1.3632805261e-01
    1.6460000000e+05    1.3799817820e-01
    1.6470000000e+05    1.4288918155e-01
    1.6480000000e+05    1.1448471336e-01
    1.6490000000e+05    1.2324202684e-01
    1.6500000000e+05    1.1129875174e-01
    1.6510000000e+05    1.4459254202e-01
    1.6520000000e+05    1.3958322170e-01
    1.6530000000e+05    1.5611163386e-01
    1.6540000000e+05    1.1012384758e-01
    1.6550000000e+05    1.2077019918e-01
    1.6560000000e+05    1.4199216708e-01
    1.6570000000e+05    1.2617906363e-01
    1.6580000000e+05    1.1430539063e-01
    1.6590000000e+05    1.2037777795e-01
    1.6600000000e+05    9.7200893332e-02
    1.6610000000e+05    1.2133535369e-01
    1.6620000000e+05    9.2271626287e-02
    1.6630000000e+05    1.0494584546e-01
    1.6640000000e+05    1.3548847593e-01
    1.6650000000e+05    1.4051082919e-01
    1.6660000000e+05    1.5731783318e-01
    1.6670000000e+05    1.2432563497e-01
    1.6680000000e+05    1.2036532482e-01
    1.6690000000e+05    1.4043306924e-01
    1.6700000000e+05    1.5855116619e-01
    1.6710000000e+05    1.5181642240e-01
    1.6720000000e+05    1.4200688904e-01
    1.6730000000e+05    1.4383011062e-01
    1.6740000000e+05    1.2924619347e-01
    1.6750000000e+05    1.5577502184e-01
    1.6760000000e+05    1.6919890771e-01
    1.6770000000e+05    1.1822912329e-01
    1.6780000000e+05    1.4668950719e-01
    1.6790000000e+05    1.2552389506e-01
    1.6800000000e+05    1.3932770520e-01
    1.6810000000e+05    1.3303420556e-01
    1.6820000000e+05    1.0785936471e-01
    1.6830000000e+05    1.3297819050e-01
    1.6840000000e+05    1.2771420380e-01
    1.6850000000e+05    2.0162972119e-01
    1.6860000000e+05    1.4259292767e-01
    1.6870000000e+05    1.3478652891e-01
    1.6880000000e+05    1.2610714357e-01
    1.6890000000e+05    1.0741558346e-01
    1.6900000000e+05    1.0479582756e-01
    1.6910000000e+05    1.2419221022e-01
    1.6920000000e+05    1.5767699367e-01
    1.6930000000e+05    1.1059918968e-01
    1.6940000000e+05    1.4237526381e-01
    1.6950000000e+05    1.1598800831e-01
    1.6960000000e+05    1.1159803867e-01
    1.6970000000e+05    1.0003406708e-01
    1.6980000000e+05    1.1041605775e-01
    1.6990000000e+05    1.2037253877e-01
    1.7000000000e+05    1.1806778401e-01
    1.7010000000e+05    1.1654898217e-01
    1.7020000000e+05    1.0714454287e-01
    1.7030000000e+05    1.1842569834e-01
    1.7040000000e+05    1.2599332370e-01
    1.7050000000e+05    1.1769728146e-01
    1.7060000000e+05    1.3264982450e-01
    1.7070000000e+05    1.7805787622e-01
    1.7080000000e+05    1.1286819150e-01
    1.7090000000e+05    1.1518547319e-01
    1.7100000000e+05    1.0764690420e-01
    1.7110000000e+05    1.1804587876e-01
    1.7120000000e+05    1.1324024094e-01
    1.7130000000e+05    1.2082465718e-01
    1.7140000000e+05    1.0822276978e-01
    1.7150000000e+05    1.8438478248e-01
    1.7160000000e+05    1.0164337623e-01
    1.7170000000e+05    1.0511339609e-01
    1.7180000000e+05    9.3615872943e-02
    1.7190000000e+05    9.6937103491e-02
    1.7200000000e+05    1.3365954013e-01
    1.7210000000e+05    1.2659263997e-01
    1.7220000000e+05    1.2080135163e-01
    1.7230000000e+05    1.3251839510e-01
    1.7240000000e+05    1.7028857060e-01
    1.7250000000e+05    1.0813051294e-01
    1.7260000000e+05    1.0349903310e-01
    1.7270000000e+05    1.1157654556e-01
    1.7280000000e+05    1.1325639408e-01
    1.7290000000e+05    9.9137241772e-02
    1.7300000000e+05    1.0971962343e-01
    1.7310000000e+05    1.0044983691e-01
    1.7320000000e+05    3.7253923765e-01
    1.7330000000e+05    2.8265075262e-01
    1.7340000000e+05    2.1236693960e-01
    1.7350000000e+05    1.2936935109e-01
    1.7360000000e+05    1.3535413948e-01
    1.7370000000e+05    1.3482095786e-01
    1.7380000000e+05    1.3488556462e-01
    1.7390000000e+05    1.0633713768e-01
    1.7400000000e+05    1.1656617491e-01
    1.7410000000e+05    1.1323852222e-01
    1.7420000000e+05    1.6922796192e-01
    1.7430000000e+05    1.0876700963e-01
    1.7440000000e+05    1.5906074203e-01
    1.7450000000e+05    1.7015771675e-01
    1.7460000000e+05    1.4431604562e-01
    1.7470000000e+05    1.1769908303e-01
    1.7480000000e+05    1.2806621095e-01
    1.7490000000e+05    1.5121486118e-01
    1.7500000000e+05    1.4020744696e-01
    1.7510000000e+05    1.3179073874e-01
    1.7520000000e+05    1.2670894298e-01
    1.7530000000e+05    1.2023805656e-01
    1.7540000000e+05    1.1198517231e-01
    1.7550000000e+05    1.2229231562e-01
    1.7560000000e+05    1.2804606522e-01
    1.7570000000e+05    1.2830076437e-01
    1.7580000000e+05    1.0954590562e-01
    1.7590000000e+05    1.1508965221e-01
    1.7600000000e+05    1.4528444812e-01
    1.7610000000e+05    1.3770207560e-01
    1.7620000000e+05    1.5858417820e-01
    1.7630000000e+05    1.1375900382e-01
    1.7640000000e+05    1.0323893082e-01
    1.7650000000e+05    9.9753436079e-02
    1.7660000000e+05    1.0490522336e-01
    1.7670000000e+05    1.4502583406e-01
    1.7680000000e+05    1.6324550672e-01
    1.7690000000e+05    2.0532706374e-01
    1.7700000000e+05    1.4895953215e-01
    1.7710000000e+05    1.3268515935e-01
    1.7720000000e+05    1.1786858229e-01
    1.7730000000e+05    1.1668418404e-01
    1.7740000000e+05    1.2222068820e-01
    1.7750000000e+05    1.0648159665e-01
    1.7760000000e+05    1.2646597529e-01
    1.7770000000e+05    1.6721976407e-01
    1.7780000000e+05    1.6324725394e-01
    1.7790000000e+05    1.7320091901e-01
    1.7800000000e+05    1.0856762669e-01
    1.7810000000e+05    1.5475175483e-01
    1.7820000000e+05    1.3416212520e-01
    1.7830000000e+05    1.5547254330e-01
    1.7840000000e+05    1.8611069066e-01
    1.7850000000e+05    1.3069583814e-01
    1.7860000000e+05    1.5175672269e-01
    1.7870000000e+05    1.7192275976e-01
    1.7880000000e+05    1.2730991339e-01
    1.7890000000e+05    1.8397156920e-01
    1.7900000000e+05    1.3240590152e-01
    1.7910000000e+05    1.1330287506e-01
    1.7920000000e+05    1.3682553695e-01
    1.7930000000e+05    9.7941745807e-02
    1.7940000000e+05    1.0211620101e-01
    1.7950000000e+05    1.4190233082e-01
    1.7960000000e+05    1.2181700877e-01
    1.7970000000e+05    1.6106188539e-01
    1.7980000000e+05    1.6148553101e-01
    1.7990000000e+05    1.6455305876e-01
    1.8000000000e+05    1.2701599801e-01
    1.8010000000e+05    1.2095898915e-01
    1.8020000000e+05    1.3547180148e-01
    1.8030000000e+05    1.2630342047e-01
    1.8040000000e+05    1.8045286954e-01
    1.8050000000e+05    1.3137135074e-01
    1.8060000000e+05    1.5866015193e-01
    1.8070000000e+05    1.6223942881e-01
    1.8080000000e+05    1.5612236360e-01
    1.8090000000e+05    1.3664728199e-01
    1.8100000000e+05    1.4915840972e-01
    1.8110000000e+05    1.2533426150e-01
    1.8120000000e+05    1.1637972721e-01
    1.8130000000e+05    1.4182519387e-01
    1.8140000000e+05    1.1929807097e-01
    1.8150000000e+05    1.3701446348e-01
    1.8160000000e+05    1.1438768293e-01
    1.8170000000e+05    1.0528154129e-01
    1.8180000000e+05    1.4278471090e-01
    1.8190000000e+05    1.3652803258e-01
    1.8200000000e+05    1.5823165352e-01
    1.8210000000e+05    1.3022780880e-01
    1.8220000000e+05    1.1692178786e-01
    1.8230000000e+05    1.1325621251e-01
    1.8240000000e+05    8.4127148834e-02
    1.8250000000e+05    1.0314850947e-01
    1.8260000000e+05    1.6751965209e-01
    1.8270000000e+05    1.3700184563e-01
    1.8280000000e+05    1.3926052536e-01
    1.8290000000e+05    1.3686402530e-01
    1.8300000000e+05    1.3855431457e-01
    1.8310000000e+05    1.2359723533e-01
    1.8320000000e+05    1.6711450776e-01
    1.8330000000e+05    1.3323678656e-01
    1.8340000000e+05    1.1845227206e-01
    1.8350000000e+05    1.2827744953e-01
    1.8360000000e+05    1.1259234484e-01
    1.8370000000e+05    1.5111340695e-01
    1.8380000000e+05    1.7267163005e-01
    1.8390000000e+05    1.7916628357e-01
    1.8400000000e+05    1.9565812827e-01
    1.8410000000e+05    1.7046251717e-01
    1.8420000000e+05    1.4099465802e-01
    1.8430000000e+05    1.5701276830e-01
    1.8440000000e+05    1.9295952344e-01
    1.8450000000e+05    1.2950767897e-01
    1.8460000000e+05    1.7495160595e-01
    1.8470000000e+05    1.6301126262e-01
    1.8480000000e+05    2.0279802126e-01
    1.8490000000e+05    1.1886288670e-01
    1.8500000000e+05    1.2288037085e-01
    1.8510000000e+05    1.3192373899e-01
    1.8520000000e+05    1.3605393948e-01
    1.8530000000e+05    1.4796454411e-01
    1.8540000000e+05    1.4458870396e-01
    1.8550000000e+05    1.4317442682e-01
    1.8560000000e+05    1.9389560278e-01
    1.8570000000e+05    1.9541138383e-01
    1.8580000000e+05    1.3323017566e-01
    1.8590000000e+05    1.5182843761e-01
    1.8600000000e+05    1.2579252048e-01
    1.8610000000e+05    1.2890306041e-01
    1.8620000000e+05    1.7260850115e-01
    1.8630000000e+05    1.3744924992e-01
    1.8640000000e+05    1.6339753961e-01
    1.8650000000e+05    1.9470055856e-01
    1.8660000000e+05    1.5785363106e-01
    1.8670000000e+05    1.7312283097e-01
    1.8680000000e+05    1.6482437195e-01
    1.8690000000e+05    1.7461336592e-01
    1.8700000000e+05    1.1969385574e-01
    1.8710000000e+05    2.0765573816e-01
    1.8720000000e+05    1.4451662875e-01
    1.8730000000e+05    1.3178029715e-01
    1.8740000000e+05    1.2109786420e-01
    1.8750000000e+05    1.6823349235e-01
    1.8760000000e+05    1.6452663750e-01
    1.8770000000e+05    1.9064180968e-01
    1.8780000000e+05    1.7254965686e-01
    1.8790000000e+05    1.4749555720e-01
    1.8800000000e+05    1.5283224675e-01
    1.8810000000e+05    1.4180169371e-01
    1.8820000000e+05    1.1643909746e-01
    1.8830000000e+05    1.1365315206e-01
    1.8840000000e+05    1.3644488591e-01
    1.8850000000e+05    1.2391791828e-01
    1.8860000000e+05    1.4436038265e-01
    1.8870000000e+05    1.6927656086e-01
    1.8880000000e+05    1.9689015300e-01
    1.8890000000e+05    1.5863062670e-01
    1.8900000000e+05    2.0348263570e-01
    1.8910000000e+05    1.8995251820e-01
    1.8920000000e+05    1.7973062088e-01
    1.8930000000e+05    1.5128384168e-01
    1.8940000000e+05    1.8756625350e-01
    1.8950000000e+05    1.4183408810e-01
    1.8960000000e+05    1.7444457003e-01
    1.8970000000e+05    1.3273529931e-01
    1.8980000000e+05    1.4925014597e-01
    1.8990000000e+05    1.1530511548e-01
    1.9000000000e+05    1.3463347488e-01
    1.9010000000e+05    1.2518413940e-01
    1.9020000000e+05    1.6896788545e-01
    1.9030000000e+05    1.6199372586e-01
    1.9040000000e+05    1.4716273452e-01
    1.9050000000e+05    1.3840689738e-01
    1.9060000000e+05    2.5320360273e-01
    1.9070000000e+05    1.3502810970e-01
    1.9080000000e+05    1.1805396329e-01
    1.9090000000e+05    2.1283980343e-01
    1.9100000000e+05    2.2396676629e-01
    1.9110000000e+05    1.8330688934e-01
    1.9120000000e+05    1.6231388609e-01
    1.9130000000e+05    1.0411447874e-01
    1.9140000000e+05    1.1669418167e-01
    1.9150000000e+05    1.2249016884e-01
    1.9160000000e+05    1.2901431124e-01
    1.9170000000e+05    1.7555240451e-01
    1.9180000000e+05    1.1964446031e-01
    1.9190000000e+05    1.1319651982e-01
    1.9200000000e+05    1.2641724238e-01
    1.9210000000e+05    9.8476830114e-02
    1.9220000000e+05    1.5183751366e-01
    1.9230000000e+05    1.4065841861e-01
    1.9240000000e+05    1.3687295597e-01
    1.9250000000e+05    1.9878118657e-01
    1.9260000000e+05    1.5075688665e-01
    1.9270000000e+05    1.2065569722e-01
    1.9280000000e+05    1.6270532253e-01
    1.9290000000e+05    1.1136945931e-01
    1.9300000000e+05    2.0259679578e-01
    1.9310000000e+05    1.4922671161e-01
    1.9320000000e+05    1.4100409819e-01
    1.9330000000e+05    1.2175666458e-01
    1.9340000000e+05    1.6725278808e-01
    1.9350000000e+05    1.8097420980e-01
    1.9360000000e+05    1.4744441884e-01
    1.9370000000e+05    1.3584737589e-01
    1.9380000000e+05    1.5589885120e-01
    1.9390000000e+05    1.7605980154e-01
    1.9400000000e+05    2.4032446479e-01
    1.9410000000e+05    1.7746668818e-01
    1.9420000000e+05    2.2678335123e-01
    1.9430000000e+05    1.2167121989e-01
    1.9440000000e+05    1.4275326060e-01
    1.9450000000e+05    1.7311505736e-01
    1.9460000000e+05    1.3349400398e-01
    1.9470000000e+05    1.2505919418e-01
    1.9480000000e+05    1.1848834050e-01
    1.9490000000e+05    1.4978668752e-01
    1.9500000000e+05    1.1719965701e-01
    1.9510000000e+05    1.2284599049e-01
    1.9520000000e+05    1.2049933653e-01
    1.9530000000e+05    1.3560669984e-01
    1.9540000000e+05    2.0019295822e-01
    1.9550000000e+05    2.3944297650e-01
    1.9560000000e+05    1.6424188424e-01
    1.9570000000e+05    2.6229111898e-01
    1.9580000000e+05    2.8386182987e-01
    1.9590000000e+05    2.5630112465e-01
    1.9600000000e+05    1.7732033498e-01
    1.9610000000e+05    1.7427150496e-01
    1.9620000000e+05    1.5971348966e-01
    1.9630000000e+05    2.0058364173e-01
    1.9640000000e+05    3.1294428133e-01
    1.9650000000e+05    1.9453099956e-01
    1.9660000000e+05    1.3905305907e-01
    1.9670000000e+05    1.3334192419e-01
    1.9680000000e+05    1.3432091542e-01
    1.9690000000e+05    1.5983583057e-01
    1.9700000000e+05    1.2671056201e-01
    1.9710000000e+05    1.2414770235e-01
    1.9720000000e+05    1.1869322109e-01
    1.9730000000e+05    1.2021500680e-01
    1.9740000000e+05    1.2485732491e-01
    1.9750000000e+05    1.0526464086e-01
    1.9760000000e+05    1.2160596504e-01
    1.9770000000e+05    1.4310306183e-01
    1.9780000000e+05    1.3514136348e-01
    1.9790000000e+05    1.5551183096e-01
    1.9800000000e+05    9.5410525690e-02
    1.9810000000e+05    1.2545010836e-01
    1.9820000000e+05    1.6351756289e-01
    1.9830000000e+05    1.1195594724e-01
    1.9840000000e+05    1.4951811032e-01
    1.9850000000e+05    1.2171581272e-01
    1.9860000000e+05    1.4732829229e-01
    1.9870000000e+05    1.1098047940e-01
    1.9880000000e+05    1.3248998283e-01
    1.9890000000e+05    1.2652675929e-01
    1.9900000000e+05    1.2972511222e-01
    1.9910000000e+05    1.4470009690e-01
    1.9920000000e+05    1.7038439837e-01
    1.9930000000e+05    1.3724966662e-01
    1.9940000000e+05    1.1073364383e-01
    1.9950000000e+05    1.5745794169e-01
    1.9960000000e+05    1.3429122934e-01
    1.9970000000e+05    1.2296044928e-01
    1.9980000000e+05    1.1433590596e-01
    1.9990000000e+05    1.0230532691e-01
    2.0000000000e+05    1.8726069677e-01
