    7.5000000000e+01    2.2180232160e-01
    1.5000000000e+02    1.0233153139e-01
    2.2500000000e+02    1.7192098825e-01
    3.0000000000e+02    2.2860418982e-01
    3.7500000000e+02    5.0668622319e-01
    4.5000000000e+02    2.6817183007e-01
    5.2500000000e+02    1.6023305760e-01
    6.0000000000e+02    2.2272713853e-01
    6.7500000000e+02    1.4122572342e-01
    7.5000000000e+02    1.5370129812e-01
    8.2500000000e+02    2.3267912446e-01
    9.0000000000e+02    2.0185754064e-01
    9.7500000000e+02    2.7215986949e-01
    1.0500000000e+03    1.8081156790e-01
    1.1250000000e+03    1.8375368707e-01
    1.2000000000e+03    1.3625873346e-01
    1.2750000000e+03    1.3488488981e-01
    1.3500000000e+03    1.4084816694e-01
    1.4250000000e+03    1.2348028755e-01
    1.5000000000e+03    1.2098200647e-01
    1.5750000000e+03    1.2444747815e-01
    1.6500000000e+03    1.6284400541e-01
    1.7250000000e+03    1.3169192213e-01
    1.8000000000e+03    1.1118816377e-01
    1.8750000000e+03    1.4525503851e-01
    1.9500000000e+03    1.2805746430e-01
    2.0250000000e+03    1.7910982997e-01
    2.1000000000e+03    1.2973383385e-01
    2.1750000000e+03    1.4565708720e-01
    2.2500000000e+03    1.1247362968e-01
    2.3250000000e+03    1.6371380709e-01
    2.4000000000e+03    1.0615291731e-01
    2.4750000000e+03    1.6365402684e-01
    2.5500000000e+03    1.9495941962e-01
    2.6250000000e+03    1.1231420137e-01
    2.7000000000e+03    1.1871427378e-01
    2.7750000000e+03    1.0726933077e-01
    2.8500000000e+03    1.1758467822e-01
    2.9250000000e+03    1.2039394633e-01
    3.0000000000e+03    1.1558224313e-01
    3.0750000000e+03    1.2009210776e-01
    3.1500000000e+03    1.2972902043e-01
    3.2250000000e+03    1.3973317227e-01
    3.3000000000e+03    1.5034364061e-01
    3.3750000000e+03    1.8005468578e-01
    3.4500000000e+03    1.3082000511e-01
    3.5250000000e+03    1.4601175224e-01
    3.6000000000e+03    1.7302911670e-01
    3.6750000000e+03    1.4996321409e-01
    3.7500000000e+03    1.4029886412e-01
    3.8250000000e+03    3.3690207661e-01
    3.9000000000e+03    2.8900954543e-01
    3.9750000000e+03    2.8587475480e-01
    4.0500000000e+03    1.6094920027e-01
    4.1250000000e+03    1.4478014695e-01
    4.2000000000e+03    1.7774905786e-01
    4.2750000000e+03    1.2669291482e-01
    4.3500000000e+03    2.3431340025e-01
    4.4250000000e+03    1.6516214330e-01
    4.5000000000e+03    1.2817182426e-01
    4.5750000000e+03    1.1798957417e-01
    4.6500000000e+03    1.8267970595e-01
    4.7250000000e+03    1.9245036729e-01
    4.8000000000e+03    1.2491108215e-01
    4.8750000000e+03    1.2991898629e-01
    4.9500000000e+03    1.2306636705e-01
    5.0250000000e+03    1.4325734571e-01
    5.1000000000e+03    1.3536975241e-01
    5.1750000000e+03    1.3046909211e-01
    5.2500000000e+03    1.5066775875e-01
    5.3250000000e+03    1.2522261141e-01
    5.4000000000e+03    1.3294150930e-01
    5.4750000000e+03    1.1313407114e-01
    5.5500000000e+03    9.8971977507e-02
    5.6250000000e+03    9.3457010666e-02
    5.7000000000e+03    8.8145765623e-02
    5.7750000000e+03    1.0132645566e-01
    5.8500000000e+03    8.9697461557e-02
    5.9250000000e+03    1.4388947369e-01
    6.0000000000e+03    1.1495835643e-01
    6.0750000000e+03    1.1070044604e-01
    6.1500000000e+03    9.4683466930e-02
    6.2250000000e+03    1.1334242285e-01
    6.3000000000e+03    1.3434455640e-01
    6.3750000000e+03    1.5857409643e-01
    6.4500000000e+03    1.6974824999e-01
    6.5250000000e+03    1.9972782894e-01
    6.6000000000e+03    1.5229107171e-01
    6.6750000000e+03    1.3073906269e-01
    6.7500000000e+03    9.7504299533e-02
    6.8250000000e+03    1.2262725830e-01
    6.9000000000e+03    1.2867542062e-01
    6.9750000000e+03    1.2692256258e-01
    7.0500000000e+03    1.4498503954e-01
    7.1250000000e+03    1.3680995256e-01
    7.2000000000e+03    1.5064507743e-01
    7.2750000000e+03    1.3720786595e-01
    7.3500000000e+03    1.4870429815e-01
    7.4250000000e+03    1.6922638259e-01
    7.5000000000e+03    1.4528702308e-01
    7.5750000000e+03    2.2912550094e-01
    7.6500000000e+03    2.0499132398e-01
    7.7250000000e+03    1.5540279893e-01
    7.8000000000e+03    1.7476904386e-01
    7.8750000000e+03    8.8732454927e-02
    7.9500000000e+03    1.4141532570e-01
    8.0250000000e+03    1.5255733431e-01
    8.1000000000e+03    1.2379618924e-01
    8.1750000000e+03    1.7580199140e-01
    8.2500000000e+03    1.3252784658e-01
    8.3250000000e+03    1.3983469269e-01
    8.4000000000e+03    1.3840481343e-01
    8.4750000000e+03    1.3680213723e-01
    8.5500000000e+03    1.0404608247e-01
    8.6250000000e+03    1.0134054190e-01
    8.7000000000e+03    1.0043370046e-01
    8.7750000000e+03    9.8508574583e-02
    8.8500000000e+03    1.0617591836e-01
    8.9250000000e+03    9.1073405260e-02
    9.0000000000e+03    8.8505593650e-02
    9.0750000000e+03    1.8798516005e-01
    9.1500000000e+03    2.1416455562e-01
    9.2250000000e+03    1.4961214810e-01
    9.3000000000e+03    1.2626018388e-01
    9.3750000000e+03    1.3253392687e-01
    9.4500000000e+03    1.3300360501e-01
    9.5250000000e+03    1.5718608687e-01
    9.6000000000e+03    9.9688179933e-02
    9.6750000000e+03    8.8893547850e-02
    9.7500000000e+03    9.4587791784e-02
    9.8250000000e+03    1.1378938017e-01
    9.9000000000e+03    1.0147442461e-01
    9.9750000000e+03    1.0928155364e-01
    1.0050000000e+04    1.2699363588e-01
    1.0125000000e+04    1.4996049090e-01
    1.0200000000e+04    1.4310162834e-01
    1.0275000000e+04    1.2775826099e-01
    1.0350000000e+04    1.0702887612e-01
    1.0425000000e+04    1.2954947588e-01
    1.0500000000e+04    1.2088314883e-01
    1.0575000000e+04    8.7516186268e-02
    1.0650000000e+04    1.3703982455e-01
    1.0725000000e+04    1.1785179789e-01
    1.0800000000e+04    1.0813569093e-01
    1.0875000000e+04    1.3716963571e-01
    1.0950000000e+04    1.4754884415e-01
    1.1025000000e+04    1.4676703287e-01
    1.1100000000e+04    1.3005610415e-01
    1.1175000000e+04    1.3095759078e-01
    1.1250000000e+04    1.8108835401e-01
    1.1325000000e+04    1.4169072784e-01
    1.1400000000e+04    1.2808663638e-01
    1.1475000000e+04    1.5928446907e-01
    1.1550000000e+04    1.1971710403e-01
    1.1625000000e+04    1.1386380402e-01
    1.1700000000e+04    1.3072538582e-01
    1.1775000000e+04    8.6876320476e-02
    1.1850000000e+04    1.2558752509e-01
    1.1925000000e+04    1.5712281462e-01
    1.2000000000e+04    1.6846830520e-01
    1.2075000000e+04    1.0511149565e-01
    1.2150000000e+04    1.1900220665e-01
    1.2225000000e+04    1.3903166913e-01
    1.2300000000e+04    1.4745366852e-01
    1.2375000000e+04    1.2581182802e-01
    1.2450000000e+04    1.2289951531e-01
    1.2525000000e+04    1.1399118360e-01
    1.2600000000e+04    1.0976238897e-01
    1.2675000000e+04    1.0727438324e-01
    1.2750000000e+04    1.2236148241e-01
    1.2825000000e+04    2.7872549098e-01
    1.2900000000e+04    2.0159812371e-01
    1.2975000000e+04    1.8013449834e-01
    1.3050000000e+04    1.4145608179e-01
    1.3125000000e+04    1.2304893803e-01
    1.3200000000e+04    1.4373990625e-01
    1.3275000000e+04    1.4812137402e-01
    1.3350000000e+04    1.4524069148e-01
    1.3425000000e+04    1.5409220701e-01
    1.3500000000e+04    1.2819044961e-01
    1.3575000000e+04    1.1847499547e-01
    1.3650000000e+04    1.4150840999e-01
    1.3725000000e+04    1.4221863168e-01
    1.3800000000e+04    1.3074549296e-01
    1.3875000000e+04    1.0502018047e-01
    1.3950000000e+04    1.3413833718e-01
    1.4025000000e+04    1.4177509975e-01
    1.4100000000e+04    1.1864257403e-01
    1.4175000000e+04    1.6474815258e-01
    1.4250000000e+04    1.0922091658e-01
    1.4325000000e+04    1.0414017662e-01
    1.4400000000e+04    1.0398610643e-01
    1.4475000000e+04    8.3996035039e-02
    1.4550000000e+04    7.6767895089e-02
    1.4625000000e+04    1.0443719966e-01
    1.4700000000e+04    1.0558026986e-01
    1.4775000000e+04    9.0809642072e-02
    1.4850000000e+04    1.0236398752e-01
    1.4925000000e+04    9.8671176939e-02
    1.5000000000e+04    1.2906622579e-01
    1.5075000000e+04    1.3501259614e-01
    1.5150000000e+04    1.1714369579e-01
    1.5225000000e+04    2.0506417006e-01
    1.5300000000e+04    1.8498063919e-01
    1.5375000000e+04    1.1870387509e-01
    1.5450000000e+04    1.3405395002e-01
    1.5525000000e+04    1.0424353346e-01
    1.5600000000e+04    9.2532765528e-02
    1.5675000000e+04    1.0174636866e-01
    1.5750000000e+04    1.2428942355e-01
    1.5825000000e+04    9.6610691960e-02
    1.5900000000e+04    9.3252269297e-02
    1.5975000000e+04    1.3410599381e-01
    1.6050000000e+04    1.2441296331e-01
    1.6125000000e+04    1.0242184216e-01
    1.6200000000e+04    1.3644427990e-01
    1.6275000000e+04    1.3616518924e-01
    1.6350000000e+04    1.4900895291e-01
    1.6425000000e+04    1.1418727601e-01
    1.6500000000e+04    1.0026260879e-01
    1.6575000000e+04    8.4512576244e-02
    1.6650000000e+04    9.0734283277e-02
    1.6725000000e+04    8.8093041044e-02
    1.6800000000e+04    9.4914278495e-02
    1.6875000000e+04    1.0400652297e-01
    1.6950000000e+04    8.9873840402e-02
    1.7025000000e+04    9.6787435664e-02
    1.7100000000e+04    1.1854352492e-01
    1.7175000000e+04    1.1209405174e-01
    1.7250000000e+04    9.1140761642e-02
    1.7325000000e+04    9.8403999485e-02
    1.7400000000e+04    1.3079091888e-01
    1.7475000000e+04    1.1742529293e-01
    1.7550000000e+04    1.0009444731e-01
    1.7625000000e+04    1.0849490069e-01
    1.7700000000e+04    1.2045043988e-01
    1.7775000000e+04    1.1937175495e-01
    1.7850000000e+04    1.6487589689e-01
    1.7925000000e+04    1.4730186988e-01
    1.8000000000e+04    1.4901363550e-01
    1.8075000000e+04    1.6428444251e-01
    1.8150000000e+04    1.4420304799e-01
    1.8225000000e+04    1.1286835048e-01
    1.8300000000e+04    1.8086726245e-01
    1.8375000000e+04    1.0421949199e-01
    1.8450000000e+04    8.8516864219e-02
    1.8525000000e+04    1.5327321831e-01
    1.8600000000e+04    1.4973746536e-01
    1.8675000000e+04    1.1422607325e-01
    1.8750000000e+04    8.3194021843e-02
    1.8825000000e+04    8.3478652119e-02
    1.8900000000e+04    1.6218793751e-01
    1.8975000000e+04    1.7143277952e-01
    1.9050000000e+04    1.1635884792e-01
    1.9125000000e+04    1.4507301755e-01
    1.9200000000e+04    1.6718296437e-01
    1.9275000000e+04    1.2006191767e-01
    1.9350000000e+04    1.0443764242e-01
    1.9425000000e+04    1.1555093590e-01
    1.9500000000e+04    1.2322230506e-01
    1.9575000000e+04    9.8994654902e-02
    1.9650000000e+04    8.8098497253e-02
    1.9725000000e+04    9.2476845035e-02
    1.9800000000e+04    8.7686418366e-02
    1.9875000000e+04    9.4966888315e-02
    1.9950000000e+04    1.0399603477e-01
    2.0025000000e+04    1.1907598256e-01
    2.0100000000e+04    1.4598931758e-01
    2.0175000000e+04    1.2861826101e-01
    2.0250000000e+04    1.3154705742e-01
    2.0325000000e+04    1.0967361094e-01
    2.0400000000e+04    9.3373935052e-02
    2.0475000000e+04    9.3551230561e-02
    2.0550000000e+04    8.3461379340e-02
    2.0625000000e+04    6.9569960076e-02
    2.0700000000e+04    6.7674088152e-02
    2.0775000000e+04    6.6243200725e-02
    2.0850000000e+04    7.2661179562e-02
    2.0925000000e+04    7.5031467584e-02
    2.1000000000e+04    9.9210940470e-02
    2.1075000000e+04    1.4033107234e-01
    2.1150000000e+04    1.3256652955e-01
    2.1225000000e+04    1.4171190197e-01
    2.1300000000e+04    1.4900748060e-01
    2.1375000000e+04    1.2704431618e-01
    2.1450000000e+04    1.4261919914e-01
    2.1525000000e+04    1.3746984965e-01
    2.1600000000e+04    1.1657614773e-01
    2.1675000000e+04    1.0833528184e-01
    2.1750000000e+04    1.1503527792e-01
    2.1825000000e+04    9.2764762198e-02
    2.1900000000e+04    9.5610325146e-02
    2.1975000000e+04    9.2506354474e-02
    2.2050000000e+04    1.3442019419e-01
    2.2125000000e+04    9.2221615038e-02
    2.2200000000e+04    1.0068794349e-01
    2.2275000000e+04    1.0451811346e-01
    2.2350000000e+04    1.0635363632e-01
    2.2425000000e+04    1.2365923907e-01
    2.2500000000e+04    1.3118929794e-01
    2.2575000000e+04    1.3079790812e-01
    2.2650000000e+04    1.6807871151e-01
    2.2725000000e+04    1.5260159194e-01
    2.2800000000e+04    1.1642651942e-01
    2.2875000000e+04    1.4153264738e-01
    2.2950000000e+04    1.4172684075e-01
    2.3025000000e+04    1.8601011990e-01
    2.3100000000e+04    1.3366425567e-01
    2.3175000000e+04    1.9184841662e-01
    2.3250000000e+04    9.0750350774e-02
    2.3325000000e+04    1.1443214296e-01
    2.3400000000e+04    9.7987408049e-02
    2.3475000000e+04    8.0020277262e-02
    2.3550000000e+04    1.0181900865e-01
    2.3625000000e+04    1.0582844354e-01
    2.3700000000e+04    1.1943120297e-01
    2.3775000000e+04    1.1359942786e-01
    2.3850000000e+04    1.4916824995e-01
    2.3925000000e+04    1.3440738119e-01
    2.4000000000e+04    1.6044691782e-01
    2.4075000000e+04    1.5555179125e-01
    2.4150000000e+04    1.5839491834e-01
    2.4225000000e+04    1.4189913615e-01
    2.4300000000e+04    1.5025584445e-01
    2.4375000000e+04    1.3193227592e-01
    2.4450000000e+04    1.0555415916e-01
    2.4525000000e+04    1.0738652467e-01
    2.4600000000e+04    9.7869620550e-02
    2.4675000000e+04    1.1143646148e-01
    2.4750000000e+04    1.4233424482e-01
    2.4825000000e+04    1.5252971791e-01
    2.4900000000e+04    1.2458125334e-01
    2.4975000000e+04    1.2624808771e-01
    2.5050000000e+04    1.2264806975e-01
    2.5125000000e+04    1.3994433894e-01
    2.5200000000e+04    1.1610540414e-01
    2.5275000000e+04    1.0423019932e-01
    2.5350000000e+04    1.0445515660e-01
    2.5425000000e+04    1.0380658754e-01
    2.5500000000e+04    1.1611613479e-01
    2.5575000000e+04    1.0994044381e-01
    2.5650000000e+04    1.2006005735e-01
    2.5725000000e+04    1.5023211948e-01
    2.5800000000e+04    1.1800780481e-01
    2.5875000000e+04    1.2071549826e-01
    2.5950000000e+04    1.1888424439e-01
    2.6025000000e+04    1.3263316972e-01
    2.6100000000e+04    1.1027676501e-01
    2.6175000000e+04    9.5698143091e-02
    2.6250000000e+04    9.2547865832e-02
    2.6325000000e+04    1.1377795526e-01
    2.6400000000e+04    1.4485274543e-01
    2.6475000000e+04    1.2620254370e-01
    2.6550000000e+04    1.0267603174e-01
    2.6625000000e+04    9.2635585126e-02
    2.6700000000e+04    9.9024065719e-02
    2.6775000000e+04    9.2387057215e-02
    2.6850000000e+04    9.8362905284e-02
    2.6925000000e+04    2.2327581443e-01
    2.7000000000e+04    2.9010068408e-01
    2.7075000000e+04    2.4715089438e-01
    2.7150000000e+04    1.5205718320e-01
    2.7225000000e+04    1.4120334390e-01
    2.7300000000e+04    1.6565430729e-01
    2.7375000000e+04    1.2456541280e-01
    2.7450000000e+04    1.0065053916e-01
    2.7525000000e+04    9.5354831403e-02
    2.7600000000e+04    1.1368147543e-01
    2.7675000000e+04    1.0538680529e-01
    2.7750000000e+04    1.2136754000e-01
    2.7825000000e+04    1.1418171695e-01
    2.7900000000e+04    1.0907953145e-01
    2.7975000000e+04    1.2740465360e-01
    2.8050000000e+04    1.8845956676e-01
    2.8125000000e+04    1.9145491867e-01
    2.8200000000e+04    1.8522506028e-01
    2.8275000000e+04    1.7083457151e-01
    2.8350000000e+04    1.8171038559e-01
    2.8425000000e+04    1.8281546798e-01
    2.8500000000e+04    2.0104301586e-01
    2.8575000000e+04    1.5616759060e-01
    2.8650000000e+04    1.6101258929e-01
    2.8725000000e+04    2.0842260809e-01
    2.8800000000e+04    2.0110962502e-01
    2.8875000000e+04    9.3930365191e-02
    2.8950000000e+04    8.4351802162e-02
    2.9025000000e+04    1.2431452295e-01
    2.9100000000e+04    1.0953831958e-01
    2.9175000000e+04    7.5664581766e-02
    2.9250000000e+04    1.0758497427e-01
    2.9325000000e+04    1.0275335872e-01
    2.9400000000e+04    1.2894626091e-01
    2.9475000000e+04    1.2068599816e-01
    2.9550000000e+04    1.4169754339e-01
    2.9625000000e+04    1.7636611673e-01
    2.9700000000e+04    1.5325370791e-01
    2.9775000000e+04    1.1701601337e-01
    2.9850000000e+04    1.7415688423e-01
    2.9925000000e+04    1.2346619934e-01
    3.0000000000e+04    1.0872305102e-01
    3.0075000000e+04    1.5843655636e-01
    3.0150000000e+04    1.0103426395e-01
    3.0225000000e+04    1.1345970623e-01
    3.0300000000e+04    1.1751865262e-01
    3.0375000000e+04    1.0853789903e-01
    3.0450000000e+04    7.4766503583e-02
    3.0525000000e+04    1.1693201034e-01
    3.0600000000e+04    9.9514289306e-02
    3.0675000000e+04    1.2518846251e-01
    3.0750000000e+04    1.0581056951e-01
    3.0825000000e+04    1.0095129861e-01
    3.0900000000e+04    1.0287944780e-01
    3.0975000000e+04    1.0646380115e-01
    3.1050000000e+04    8.4548817822e-02
    3.1125000000e+04    1.4114512633e-01
    3.1200000000e+04    1.0166106015e-01
    3.1275000000e+04    1.5949060183e-01
    3.1350000000e+04    1.2676165089e-01
    3.1425000000e+04    1.0240333843e-01
    3.1500000000e+04    1.0756187635e-01
    3.1575000000e+04    1.2010500742e-01
    3.1650000000e+04    1.2662350701e-01
    3.1725000000e+04    1.6751835167e-01
    3.1800000000e+04    1.3908407278e-01
    3.1875000000e+04    1.3162801404e-01
    3.1950000000e+04    1.6899044274e-01
    3.2025000000e+04    1.5656992953e-01
    3.2100000000e+04    1.4110682693e-01
    3.2175000000e+04    1.4778783513e-01
    3.2250000000e+04    1.4954710809e-01
    3.2325000000e+04    1.0174761158e-01
    3.2400000000e+04    1.1254341554e-01
    3.2475000000e+04    1.3236270540e-01
    3.2550000000e+04    9.7600158323e-02
    3.2625000000e+04    1.5294184471e-01
    3.2700000000e+04    1.3277660780e-01
    3.2775000000e+04    2.1560212067e-01
    3.2850000000e+04    9.3775096609e-02
    3.2925000000e+04    1.4420318859e-01
    3.3000000000e+04    1.0114250581e-01
    3.3075000000e+04    1.1218885109e-01
    3.3150000000e+04    9.9198385937e-02
    3.3225000000e+04    1.0342849546e-01
    3.3300000000e+04    1.4014556518e-01
    3.3375000000e+04    1.3368037444e-01
    3.3450000000e+04    1.4267349903e-01
    3.3525000000e+04    1.8585624013e-01
    3.3600000000e+04    1.2560665484e-01
    3.3675000000e+04    1.1639344227e-01
    3.3750000000e+04    1.1656563790e-01
    3.3825000000e+04    1.0338676328e-01
    3.3900000000e+04    8.7944332477e-02
    3.3975000000e+04    7.3231657855e-02
    3.4050000000e+04    1.0225499311e-01
    3.4125000000e+04    1.1061592782e-01
    3.4200000000e+04    8.6441137829e-02
    3.4275000000e+04    9.2587211597e-02
    3.4350000000e+04    1.3924708941e-01
    3.4425000000e+04    1.5727926368e-01
    3.4500000000e+04    1.9916547554e-01
    3.4575000000e+04    1.3543064448e-01
    3.4650000000e+04    1.0577554717e-01
    3.4725000000e+04    1.1484565790e-01
    3.4800000000e+04    1.0268543330e-01
    3.4875000000e+04    1.1134937402e-01
    3.4950000000e+04    1.0865730266e-01
    3.5025000000e+04    9.4809172240e-02
    3.5100000000e+04    1.2990439076e-01
    3.5175000000e+04    1.0315655902e-01
    3.5250000000e+04    8.7094990793e-02
    3.5325000000e+04    1.1188123024e-01
    3.5400000000e+04    1.4642239367e-01
    3.5475000000e+04    1.4370433186e-01
    3.5550000000e+04    1.4359696662e-01
    3.5625000000e+04    1.6377779065e-01
    3.5700000000e+04    1.8505366512e-01
    3.5775000000e+04    1.1936631174e-01
    3.5850000000e+04    1.4058615487e-01
    3.5925000000e+04    9.8337210030e-02
    3.6000000000e+04    1.1431349485e-01
    3.6075000000e+04    9.2483222710e-02
    3.6150000000e+04    9.4435379300e-02
    3.6225000000e+04    1.0579799647e-01
    3.6300000000e+04    1.3161171384e-01
    3.6375000000e+04    1.6521945972e-01
    3.6450000000e+04    1.3086884282e-01
    3.6525000000e+04    1.8423919925e-01
    3.6600000000e+04    1.7028412539e-01
    3.6675000000e+04    1.7672347593e-01
    3.6750000000e+04    1.1023349538e-01
    3.6825000000e+04    1.6236074981e-01
    3.6900000000e+04    1.5018956330e-01
    3.6975000000e+04    1.1634869830e-01
    3.7050000000e+04    1.0472660961e-01
    3.7125000000e+04    1.0804727770e-01
    3.7200000000e+04    1.3021586494e-01
    3.7275000000e+04    1.1700729644e-01
    3.7350000000e+04    1.1562148598e-01
    3.7425000000e+04    8.0993000965e-02
    3.7500000000e+04    1.0680793236e-01
    3.7575000000e+04    1.2791902567e-01
    3.7650000000e+04    1.1479051945e-01
    3.7725000000e+04    1.3764446871e-01
    3.7800000000e+04    1.4699350972e-01
    3.7875000000e+04    1.5386600034e-01
    3.7950000000e+04    1.8782606573e-01
    3.8025000000e+04    1.4475036722e-01
    3.8100000000e+04    1.0540624937e-01
    3.8175000000e+04    1.2525074477e-01
    3.8250000000e+04    9.6049525031e-02
    3.8325000000e+04    1.0175640463e-01
    3.8400000000e+04    1.1689108799e-01
    3.8475000000e+04    9.4395374796e-02
    3.8550000000e+04    1.0813506652e-01
    3.8625000000e+04    9.6283845620e-02
    3.8700000000e+04    1.0282409128e-01
    3.8775000000e+04    8.7847770404e-02
    3.8850000000e+04    1.0266267726e-01
    3.8925000000e+04    9.1762748603e-02
    3.9000000000e+04    9.9732947329e-02
    3.9075000000e+04    1.0461573704e-01
    3.9150000000e+04    1.5780702752e-01
    3.9225000000e+04    1.1847811009e-01
    3.9300000000e+04    1.4512741783e-01
    3.9375000000e+04    2.2625501983e-01
    3.9450000000e+04    1.6124475677e-01
    3.9525000000e+04    1.8640614073e-01
    3.9600000000e+04    1.9241245143e-01
    3.9675000000e+04    1.1597383053e-01
    3.9750000000e+04    1.3244712059e-01
    3.9825000000e+04    1.3075612119e-01
    3.9900000000e+04    1.1176179394e-01
    3.9975000000e+04    9.4896095785e-02
    4.0050000000e+04    8.0466406808e-02
    4.0125000000e+04    1.0559558238e-01
    4.0200000000e+04    7.9875511598e-02
    4.0275000000e+04    1.2021269831e-01
    4.0350000000e+04    1.1182269220e-01
    4.0425000000e+04    1.0203797982e-01
    4.0500000000e+04    1.1783024937e-01
    4.0575000000e+04    1.5099510100e-01
    4.0650000000e+04    1.3879790869e-01
    4.0725000000e+04    1.3958982125e-01
    4.0800000000e+04    1.5043611519e-01
    4.0875000000e+04    1.0346950833e-01
    4.0950000000e+04    1.2888070741e-01
    4.1025000000e+04    1.1796800339e-01
    4.1100000000e+04    1.2347513468e-01
    4.1175000000e+04    1.0002462728e-01
    4.1250000000e+04    8.4117026423e-02
    4.1325000000e+04    1.0552472422e-01
    4.1400000000e+04    1.1518648143e-01
    4.1475000000e+04    1.0366378327e-01
    4.1550000000e+04    1.5336793444e-01
    4.1625000000e+04    1.2436496830e-01
    4.1700000000e+04    9.7670183878e-02
    4.1775000000e+04    1.3331267139e-01
    4.1850000000e+04    1.2407269326e-01
    4.1925000000e+04    1.4370796224e-01
    4.2000000000e+04    1.4632362695e-01
    4.2075000000e+04    1.1706591728e-01
    4.2150000000e+04    1.5092710193e-01
    4.2225000000e+04    1.2652897758e-01
    4.2300000000e+04    1.3765979306e-01
    4.2375000000e+04    1.2698519884e-01
    4.2450000000e+04    1.4140836091e-01
    4.2525000000e+04    1.3106497484e-01
    4.2600000000e+04    1.2091008876e-01
    4.2675000000e+04    1.0909411732e-01
    4.2750000000e+04    1.2935151410e-01
    4.2825000000e+04    1.4028603745e-01
    4.2900000000e+04    1.2253940567e-01
    4.2975000000e+04    1.2011048535e-01
    4.3050000000e+04    1.2608518346e-01
    4.3125000000e+04    1.2930730627e-01
    4.3200000000e+04    1.1704088089e-01
    4.3275000000e+04    1.0464401685e-01
    4.3350000000e+04    1.2560393166e-01
    4.3425000000e+04    1.6220955275e-01
    4.3500000000e+04    1.2220361983e-01
    4.3575000000e+04    1.4427554059e-01
    4.3650000000e+04    1.1415416137e-01
    4.3725000000e+04    9.3973507018e-02
    4.3800000000e+04    1.0865883926e-01
    4.3875000000e+04    1.0154089250e-01
    4.3950000000e+04    9.8024060863e-02
    4.4025000000e+04    1.2745956701e-01
    4.4100000000e+04    1.2759703580e-01
    4.4175000000e+04    1.2773278133e-01
    4.4250000000e+04    1.3117801473e-01
    4.4325000000e+04    1.3658706962e-01
    4.4400000000e+04    1.2431795050e-01
    4.4475000000e+04    1.6024000695e-01
    4.4550000000e+04    1.1342593810e-01
    4.4625000000e+04    1.2916992865e-01
    4.4700000000e+04    1.3436035085e-01
    4.4775000000e+04    1.3369582705e-01
    4.4850000000e+04    8.4299554517e-02
    4.4925000000e+04    1.5574953114e-01
    4.5000000000e+04    1.2272351390e-01
    4.5075000000e+04    1.0664818650e-01
    4.5150000000e+04    1.0117628766e-01
    4.5225000000e+04    1.4025018059e-01
    4.5300000000e+04    1.1001777259e-01
    4.5375000000e+04    8.7996358079e-02
    4.5450000000e+04    9.5670723018e-02
    4.5525000000e+04    1.0573805772e-01
    4.5600000000e+04    1.0648287210e-01
    4.5675000000e+04    8.6389573677e-02
    4.5750000000e+04    1.3144328989e-01
    4.5825000000e+04    1.7899537036e-01
    4.5900000000e+04    1.5321262762e-01
    4.5975000000e+04    1.5400635760e-01
    4.6050000000e+04    1.0865421492e-01
    4.6125000000e+04    1.4310167624e-01
    4.6200000000e+04    1.2385759589e-01
    4.6275000000e+04    1.2427277415e-01
    4.6350000000e+04    1.0520938321e-01
    4.6425000000e+04    1.0827668018e-01
    4.6500000000e+04    1.8094777824e-01
    4.6575000000e+04    1.3683822553e-01
    4.6650000000e+04    8.7894154601e-02
    4.6725000000e+04    1.4156611184e-01
    4.6800000000e+04    1.4967049146e-01
    4.6875000000e+04    1.8636540072e-01
    4.6950000000e+04    1.4452712995e-01
    4.7025000000e+04    1.6437344799e-01
    4.7100000000e+04    1.4369426421e-01
    4.7175000000e+04    1.3239422165e-01
    4.7250000000e+04    1.5264914116e-01
    4.7325000000e+04    1.1036700225e-01
    4.7400000000e+04    1.4653642990e-01
    4.7475000000e+04    1.0544793442e-01
    4.7550000000e+04    1.3918812303e-01
    4.7625000000e+04    1.1712553296e-01
    4.7700000000e+04    1.1488432862e-01
    4.7775000000e+04    9.4911190351e-02
    4.7850000000e+04    9.5311339066e-02
    4.7925000000e+04    9.9922272842e-02
    4.8000000000e+04    1.0473466011e-01
    4.8075000000e+04    1.1026957817e-01
    4.8150000000e+04    1.0190424941e-01
    4.8225000000e+04    1.1826284083e-01
    4.8300000000e+04    1.5987971520e-01
    4.8375000000e+04    1.1615470124e-01
    4.8450000000e+04    1.0348001007e-01
    4.8525000000e+04    1.5374711889e-01
    4.8600000000e+04    1.2517665074e-01
    4.8675000000e+04    1.2626780958e-01
    4.8750000000e+04    1.2770756604e-01
    4.8825000000e+04    1.6456781576e-01
    4.8900000000e+04    1.1409385254e-01
    4.8975000000e+04    1.0868581010e-01
    4.9050000000e+04    1.1947128858e-01
    4.9125000000e+04    1.3225086465e-01
    4.9200000000e+04    1.2633320813e-01
    4.9275000000e+04    1.5552732000e-01
    4.9350000000e+04    1.4340931433e-01
    4.9425000000e+04    1.9798287209e-01
    4.9500000000e+04    1.3887380736e-01
    4.9575000000e+04    1.2163883371e-01
    4.9650000000e+04    1.3477937824e-01
    4.9725000000e+04    1.2107889696e-01
    4.9800000000e+04    1.1079919000e-01
    4.9875000000e+04    9.4835628875e-02
    4.9950000000e+04    1.1270068759e-01
    5.0025000000e+04    1.0047717384e-01
    5.0100000000e+04    1.0609115942e-01
    5.0175000000e+04    9.8616206809e-02
    5.0250000000e+04    1.5499643800e-01
    5.0325000000e+04    1.2919197777e-01
    5.0400000000e+04    1.3647404008e-01
    5.0475000000e+04    1.7715319571e-01
    5.0550000000e+04    8.8132249088e-02
    5.0625000000e+04    1.0258086027e-01
    5.0700000000e+04    1.3973984596e-01
    5.0775000000e+04    1.0508510516e-01
    5.0850000000e+04    7.7657345094e-02
    5.0925000000e+04    1.0618329503e-01
    5.1000000000e+04    1.6468140173e-01
    5.1075000000e+04    1.3223863267e-01
    5.1150000000e+04    1.2943075251e-01
    5.1225000000e+04    1.5374490020e-01
    5.1300000000e+04    1.1395580233e-01
    5.1375000000e+04    1.3439866571e-01
    5.1450000000e+04    1.0998762451e-01
    5.1525000000e+04    1.0616191909e-01
    5.1600000000e+04    1.1179275809e-01
    5.1675000000e+04    1.0796730574e-01
    5.1750000000e+04    1.3023646560e-01
    5.1825000000e+04    1.0771803582e-01
    5.1900000000e+04    8.8751205899e-02
    5.1975000000e+04    1.2536054018e-01
    5.2050000000e+04    1.4693460372e-01
    5.2125000000e+04    1.0695385583e-01
    5.2200000000e+04    9.6147583406e-02
    5.2275000000e+04    1.4538871171e-01
    5.2350000000e+04    1.0219644586e-01
    5.2425000000e+04    1.0135442782e-01
    5.2500000000e+04    1.2560269817e-01
    5.2575000000e+04    1.9308237226e-01
    5.2650000000e+04    1.3864652645e-01
    5.2725000000e+04    1.1444113819e-01
    5.2800000000e+04    1.3818368094e-01
    5.2875000000e+04    1.1891848462e-01
    5.2950000000e+04    9.0653427261e-02
    5.3025000000e+04    8.4649087705e-02
    5.3100000000e+04    1.1205833439e-01
    5.3175000000e+04    9.3237804486e-02
    5.3250000000e+04    7.0669806431e-02
    5.3325000000e+04    9.0341242762e-02
    5.3400000000e+04    1.1390765700e-01
    5.3475000000e+04    1.2973917237e-01
    5.3550000000e+04    1.6780746387e-01
    5.3625000000e+04    1.7654960734e-01
    5.3700000000e+04    1.5467967053e-01
    5.3775000000e+04    1.3687882293e-01
    5.3850000000e+04    1.7503318254e-01
    5.3925000000e+04    1.6129123561e-01
    5.4000000000e+04    1.2391017774e-01
    5.4075000000e+04    1.3172604438e-01
    5.4150000000e+04    1.2962718210e-01
    5.4225000000e+04    1.1221601553e-01
    5.4300000000e+04    1.0050400390e-01
    5.4375000000e+04    1.5384152954e-01
    5.4450000000e+04    1.1096019509e-01
    5.4525000000e+04    1.2254683084e-01
    5.4600000000e+04    1.3203360386e-01
    5.4675000000e+04    1.2851464236e-01
    5.4750000000e+04    1.5366034650e-01
    5.4825000000e+04    1.3799483822e-01
    5.4900000000e+04    1.1806291245e-01
    5.4975000000e+04    1.1083460724e-01
    5.5050000000e+04    1.0696989334e-01
    5.5125000000e+04    1.1884777133e-01
    5.5200000000e+04    1.2990974391e-01
    5.5275000000e+04    1.1686753199e-01
    5.5350000000e+04    1.1385048246e-01
    5.5425000000e+04    1.4112990279e-01
    5.5500000000e+04    1.4084255926e-01
    5.5575000000e+04    1.1369059305e-01
    5.5650000000e+04    1.1646127588e-01
    5.5725000000e+04    1.6595602780e-01
    5.5800000000e+04    1.3406156520e-01
    5.5875000000e+04    1.7280184040e-01
    5.5950000000e+04    1.0317415779e-01
    5.6025000000e+04    1.5404791168e-01
    5.6100000000e+04    1.0381035957e-01
    5.6175000000e+04    9.8356231045e-02
    5.6250000000e+04    8.7745793413e-02
    5.6325000000e+04    8.9070537392e-02
    5.6400000000e+04    1.2855122160e-01
    5.6475000000e+04    1.1309992576e-01
    5.6550000000e+04    1.2037669951e-01
    5.6625000000e+04    1.0995386902e-01
    5.6700000000e+04    1.2887453911e-01
    5.6775000000e+04    1.1874788901e-01
    5.6850000000e+04    1.4912191168e-01
    5.6925000000e+04    9.8897397167e-02
    5.7000000000e+04    1.3456372314e-01
    5.7075000000e+04    1.2170657579e-01
    5.7150000000e+04    1.0081927427e-01
    5.7225000000e+04    9.2137159180e-02
    5.7300000000e+04    1.1169105762e-01
    5.7375000000e+04    1.2912447998e-01
    5.7450000000e+04    1.0053034304e-01
    5.7525000000e+04    1.0217430322e-01
    5.7600000000e+04    8.6089782126e-02
    5.7675000000e+04    1.1789955731e-01
    5.7750000000e+04    1.0709670164e-01
    5.7825000000e+04    1.3779447982e-01
    5.7900000000e+04    1.0736989088e-01
    5.7975000000e+04    1.2749775130e-01
    5.8050000000e+04    1.0364375178e-01
    5.8125000000e+04    8.6292359009e-02
    5.8200000000e+04    9.1883597396e-02
    5.8275000000e+04    8.8065964674e-02
    5.8350000000e+04    9.4287282238e-02
    5.8425000000e+04    1.0052158686e-01
    5.8500000000e+04    1.1344341276e-01
    5.8575000000e+04    1.2160339462e-01
    5.8650000000e+04    1.0693149163e-01
    5.8725000000e+04    1.0460655881e-01
    5.8800000000e+04    1.6109509656e-01
    5.8875000000e+04    1.3010561927e-01
    5.8950000000e+04    1.0872487010e-01
    5.9025000000e+04    1.1165054932e-01
    5.9100000000e+04    8.1436147086e-02
    5.9175000000e+04    9.4603452416e-02
    5.9250000000e+04    8.4967837450e-02
    5.9325000000e+04    9.9690495552e-02
    5.9400000000e+04    1.1207382328e-01
    5.9475000000e+04    1.0775943725e-01
    5.9550000000e+04    1.1241650319e-01
    5.9625000000e+04    1.0413330085e-01
    5.9700000000e+04    9.0683248519e-02
    5.9775000000e+04    1.3376952012e-01
    5.9850000000e+04    1.1301504729e-01
    5.9925000000e+04    1.2684630260e-01
    6.0000000000e+04    1.4530429418e-01
    6.0075000000e+04    1.1034820610e-01
    6.0150000000e+04    1.4569305252e-01
    6.0225000000e+04    1.3422855599e-01
    6.0300000000e+04    1.0254145932e-01
    6.0375000000e+04    1.0534107337e-01
    6.0450000000e+04    1.1138716481e-01
    6.0525000000e+04    9.6430823210e-02
    6.0600000000e+04    7.9509639506e-02
    6.0675000000e+04    9.0161379237e-02
    6.0750000000e+04    1.1411724999e-01
    6.0825000000e+04    1.2754541401e-01
    6.0900000000e+04    1.2765427831e-01
    6.0975000000e+04    1.2397880252e-01
    6.1050000000e+04    1.0799156775e-01
    6.1125000000e+04    1.0626770954e-01
    6.1200000000e+04    1.1030267739e-01
    6.1275000000e+04    1.2177923621e-01
    6.1350000000e+04    1.5951582932e-01
    6.1425000000e+04    1.6994113752e-01
    6.1500000000e+04    1.2894040472e-01
    6.1575000000e+04    1.2429575880e-01
    6.1650000000e+04    1.0761064846e-01
    6.1725000000e+04    1.6156023290e-01
    6.1800000000e+04    1.0320280481e-01
    6.1875000000e+04    8.8740937608e-02
    6.1950000000e+04    7.3831946453e-02
    6.2025000000e+04    1.3614224866e-01
    6.2100000000e+04    1.4593976655e-01
    6.2175000000e+04    1.4003795248e-01
    6.2250000000e+04    1.2250419340e-01
    6.2325000000e+04    9.4875189992e-02
    6.2400000000e+04    1.0178206837e-01
    6.2475000000e+04    9.3805818613e-02
    6.2550000000e+04    1.6506588213e-01
    6.2625000000e+04    1.2082448753e-01
    6.2700000000e+04    1.4973134863e-01
    6.2775000000e+04    1.6589312501e-01
    6.2850000000e+04    1.1174905536e-01
    6.2925000000e+04    1.4097062993e-01
    6.3000000000e+04    1.6633397981e-01
    6.3075000000e+04    1.0962476508e-01
    6.3150000000e+04    1.5228351957e-01
    6.3225000000e+04    1.3372725820e-01
    6.3300000000e+04    1.0410186533e-01
    6.3375000000e+04    2.0389086929e-01
    6.3450000000e+04    1.2393866281e-01
    6.3525000000e+04    1.1788432197e-01
    6.3600000000e+04    1.8137337530e-01
    6.3675000000e+04    1.5082523853e-01
    6.3750000000e+04    1.3218707807e-01
    6.3825000000e+04    1.5064210299e-01
    6.3900000000e+04    1.3737592093e-01
    6.3975000000e+04    9.1215968045e-02
    6.4050000000e+04    1.3449549863e-01
    6.4125000000e+04    1.1664719285e-01
    6.4200000000e+04    1.0944012784e-01
    6.4275000000e+04    1.2020732526e-01
    6.4350000000e+04    1.3680371214e-01
    6.4425000000e+04    1.9330296049e-01
    6.4500000000e+04    1.9713957907e-01
    6.4575000000e+04    1.2921836292e-01
    6.4650000000e+04    1.4481022107e-01
    6.4725000000e+04    2.0229960086e-01
    6.4800000000e+04    1.4071441700e-01
    6.4875000000e+04    1.0138556826e-01
    6.4950000000e+04    1.1845481724e-01
    6.5025000000e+04    1.2755530456e-01
    6.5100000000e+04    1.4859353119e-01
    6.5175000000e+04    1.3485218122e-01
    6.5250000000e+04    1.3601477742e-01
    6.5325000000e+04    1.4135688627e-01
    6.5400000000e+04    1.5201573405e-01
    6.5475000000e+04    1.5029248052e-01
    6.5550000000e+04    1.3313543627e-01
    6.5625000000e+04    1.5666325763e-01
    6.5700000000e+04    1.2144439342e-01
    6.5775000000e+04    1.0144372129e-01
    6.5850000000e+04    1.5186578832e-01
    6.5925000000e+04    1.1968613508e-01
    6.6000000000e+04    9.6512781779e-02
    6.6075000000e+04    8.3896799418e-02
    6.6150000000e+04    1.1021210175e-01
    6.6225000000e+04    9.1739012361e-02
    6.6300000000e+04    1.1149348458e-01
    6.6375000000e+04    1.0884014825e-01
    6.6450000000e+04    1.1521358825e-01
    6.6525000000e+04    1.2097025660e-01
    6.6600000000e+04    1.6660028854e-01
    6.6675000000e+04    1.3670877571e-01
    6.6750000000e+04    1.3859058159e-01
    6.6825000000e+04    1.2861774953e-01
    6.6900000000e+04    1.2203431899e-01
    6.6975000000e+04    1.3911460002e-01
    6.7050000000e+04    1.2068041158e-01
    6.7125000000e+04    1.1551261154e-01
    6.7200000000e+04    1.3810751996e-01
    6.7275000000e+04    1.9455891774e-01
    6.7350000000e+04    1.2094050920e-01
    6.7425000000e+04    1.4215884471e-01
    6.7500000000e+04    1.4906314850e-01
    6.7575000000e+04    1.3190958772e-01
    6.7650000000e+04    1.4512614130e-01
    6.7725000000e+04    1.4085374945e-01
    6.7800000000e+04    1.1740776117e-01
    6.7875000000e+04    1.2649290068e-01
    6.7950000000e+04    1.1738643435e-01
    6.8025000000e+04    1.1307008920e-01
    6.8100000000e+04    9.4153543569e-02
    6.8175000000e+04    8.4358552574e-02
    6.8250000000e+04    1.1519734540e-01
    6.8325000000e+04    1.0046563426e-01
    6.8400000000e+04    1.1054105716e-01
    6.8475000000e+04    1.1724635308e-01
    6.8550000000e+04    1.1658917977e-01
    6.8625000000e+04    1.1223728724e-01
    6.8700000000e+04    1.1056921572e-01
    6.8775000000e+04    9.8581374906e-02
    6.8850000000e+04    1.2656439258e-01
    6.8925000000e+04    1.1629379468e-01
    6.9000000000e+04    1.3338826112e-01
    6.9075000000e+04    1.5302184953e-01
    6.9150000000e+04    1.1578990596e-01
    6.9225000000e+04    1.2920864782e-01
    6.9300000000e+04    1.5250403779e-01
    6.9375000000e+04    9.9139403568e-02
    6.9450000000e+04    1.0877860570e-01
    6.9525000000e+04    1.0447665359e-01
    6.9600000000e+04    9.2153264442e-02
    6.9675000000e+04    1.0651160388e-01
    6.9750000000e+04    9.9451087164e-02
    6.9825000000e+04    1.1219462603e-01
    6.9900000000e+04    1.2847682641e-01
    6.9975000000e+04    1.1689972504e-01
    7.0050000000e+04    1.7400501570e-01
    7.0125000000e+04    1.0689334963e-01
    7.0200000000e+04    1.3128160298e-01
    7.0275000000e+04    1.1355878154e-01
    7.0350000000e+04    1.1502095808e-01
    7.0425000000e+04    1.0668218666e-01
    7.0500000000e+04    1.1347571143e-01
    7.0575000000e+04    1.1895626904e-01
    7.0650000000e+04    1.0728289363e-01
    7.0725000000e+04    1.0345452105e-01
    7.0800000000e+04    1.4274850835e-01
    7.0875000000e+04    1.7359285432e-01
    7.0950000000e+04    2.4345628613e-01
    7.1025000000e+04    2.3884842247e-01
    7.1100000000e+04    2.6288878666e-01
    7.1175000000e+04    3.2686442820e-01
    7.1250000000e+04    2.0263045500e-01
    7.1325000000e+04    1.6772161692e-01
    7.1400000000e+04    1.4163849604e-01
    7.1475000000e+04    9.9052952578e-02
    7.1550000000e+04    9.5513907483e-02
    7.1625000000e+04    9.9893539375e-02
    7.1700000000e+04    9.8804411213e-02
    7.1775000000e+04    9.6526010672e-02
    7.1850000000e+04    1.0691527171e-01
    7.1925000000e+04    9.8549909160e-02
    7.2000000000e+04    9.7385373084e-02
    7.2075000000e+04    9.6896621099e-02
    7.2150000000e+04    1.2070026343e-01
    7.2225000000e+04    1.7067852059e-01
    7.2300000000e+04    1.7113046154e-01
    7.2375000000e+04    1.6525527268e-01
    7.2450000000e+04    1.2836572848e-01
    7.2525000000e+04    1.3327263470e-01
    7.2600000000e+04    1.1471673771e-01
    7.2675000000e+04    1.4065972444e-01
    7.2750000000e+04    1.0114575711e-01
    7.2825000000e+04    1.2808759656e-01
    7.2900000000e+04    1.2243824655e-01
    7.2975000000e+04    1.0469196091e-01
    7.3050000000e+04    1.2441133416e-01
    7.3125000000e+04    1.1393563180e-01
    7.3200000000e+04    1.5620254442e-01
    7.3275000000e+04    1.1403779140e-01
    7.3350000000e+04    1.0748251011e-01
    7.3425000000e+04    1.0549018246e-01
    7.3500000000e+04    1.2029326168e-01
    7.3575000000e+04    1.1112324059e-01
    7.3650000000e+04    1.1854962036e-01
    7.3725000000e+04    1.3347016445e-01
    7.3800000000e+04    1.1228782931e-01
    7.3875000000e+04    1.1245389981e-01
    7.3950000000e+04    1.1408048067e-01
    7.4025000000e+04    1.1887982169e-01
    7.4100000000e+04    1.3322281560e-01
    7.4175000000e+04    1.2643942158e-01
    7.4250000000e+04    1.3769359989e-01
    7.4325000000e+04    1.1224376043e-01
    7.4400000000e+04    1.1962363911e-01
    7.4475000000e+04    1.2273833927e-01
    7.4550000000e+04    8.5023042813e-02
    7.4625000000e+04    1.1364887347e-01
    7.4700000000e+04    1.1720703126e-01
    7.4775000000e+04    1.0484562261e-01
    7.4850000000e+04    9.6368444517e-02
    7.4925000000e+04    1.0851934285e-01
    7.5000000000e+04    9.3202983230e-02
    7.5075000000e+04    1.1062088572e-01
    7.5150000000e+04    1.0246802285e-01
    7.5225000000e+04    1.0696540727e-01
    7.5300000000e+04    1.1087075067e-01
    7.5375000000e+04    1.3171444001e-01
    7.5450000000e+04    1.2055256323e-01
    7.5525000000e+04    1.1469156096e-01
    7.5600000000e+04    1.0805419953e-01
    7.5675000000e+04    1.4403205913e-01
    7.5750000000e+04    1.0567235970e-01
    7.5825000000e+04    1.0845459705e-01
    7.5900000000e+04    1.0367243895e-01
    7.5975000000e+04    1.0780750050e-01
    7.6050000000e+04    1.3977241707e-01
    7.6125000000e+04    1.0334445190e-01
    7.6200000000e+04    1.3913912428e-01
    7.6275000000e+04    1.2906162208e-01
    7.6350000000e+04    1.1946302958e-01
    7.6425000000e+04    1.5016134614e-01
    7.6500000000e+04    1.2449047399e-01
    7.6575000000e+04    9.1916234112e-02
    7.6650000000e+04    1.0653763718e-01
    7.6725000000e+04    1.2476618673e-01
    7.6800000000e+04    9.9412165836e-02
    7.6875000000e+04    1.3125233044e-01
    7.6950000000e+04    1.3074341045e-01
    7.7025000000e+04    1.4301055970e-01
    7.7100000000e+04    1.2009302447e-01
    7.7175000000e+04    1.2793302912e-01
    7.7250000000e+04    1.3395159846e-01
    7.7325000000e+04    2.3455289254e-01
    7.7400000000e+04    1.3593515734e-01
    7.7475000000e+04    2.2334769130e-01
    7.7550000000e+04    1.1507131866e-01
    7.7625000000e+04    1.3339051672e-01
    7.7700000000e+04    1.2355992521e-01
    7.7775000000e+04    1.3787057706e-01
    7.7850000000e+04    1.4139846202e-01
    7.7925000000e+04    1.6374127862e-01
    7.8000000000e+04    1.0336190624e-01
    7.8075000000e+04    1.0730823453e-01
    7.8150000000e+04    1.2477376798e-01
    7.8225000000e+04    2.3555919027e-01
    7.8300000000e+04    1.3352810531e-01
    7.8375000000e+04    1.1685922256e-01
    7.8450000000e+04    1.6671162079e-01
    7.8525000000e+04    1.1248334785e-01
    7.8600000000e+04    1.4258413474e-01
    7.8675000000e+04    1.1956839624e-01
    7.8750000000e+04    1.1818310971e-01
    7.8825000000e+04    1.1779173444e-01
    7.8900000000e+04    1.2561771724e-01
    7.8975000000e+04    1.1865843688e-01
    7.9050000000e+04    1.3108029754e-01
    7.9125000000e+04    1.3218244851e-01
    7.9200000000e+04    1.0444083732e-01
    7.9275000000e+04    9.3557094896e-02
    7.9350000000e+04    1.2310342304e-01
    7.9425000000e+04    1.0635806864e-01
    7.9500000000e+04    1.1768625135e-01
    7.9575000000e+04    9.5741398866e-02
    7.9650000000e+04    9.5655012961e-02
    7.9725000000e+04    8.6601955147e-02
    7.9800000000e+04    1.3143165628e-01
    7.9875000000e+04    1.2238840030e-01
    7.9950000000e+04    1.4082870850e-01
    8.0025000000e+04    1.2364268206e-01
    8.0100000000e+04    1.2890976962e-01
    8.0175000000e+04    1.1359342727e-01
    8.0250000000e+04    1.3443366025e-01
    8.0325000000e+04    1.4111201642e-01
    8.0400000000e+04    1.3897254023e-01
    8.0475000000e+04    1.3224689997e-01
    8.0550000000e+04    1.2666958836e-01
    8.0625000000e+04    1.6988488215e-01
    8.0700000000e+04    1.3803625197e-01
    8.0775000000e+04    1.2618618358e-01
    8.0850000000e+04    1.6039634990e-01
    8.0925000000e+04    9.7528059714e-02
    8.1000000000e+04    1.0662949051e-01
    8.1075000000e+04    1.0933719506e-01
    8.1150000000e+04    1.3692235276e-01
    8.1225000000e+04    1.3888247971e-01
    8.1300000000e+04    1.4687045197e-01
    8.1375000000e+04    1.1098697178e-01
    8.1450000000e+04    1.0902916717e-01
    8.1525000000e+04    1.3142908332e-01
    8.1600000000e+04    1.1909574593e-01
    8.1675000000e+04    1.6761823494e-01
    8.1750000000e+04    1.3908780768e-01
    8.1825000000e+04    1.3132769353e-01
    8.1900000000e+04    1.4299866248e-01
    8.1975000000e+04    1.2910780042e-01
    8.2050000000e+04    1.2015795374e-01
    8.2125000000e+04    9.1278452250e-02
    8.2200000000e+04    1.0321476637e-01
    8.2275000000e+04    1.1023142227e-01
    8.2350000000e+04    1.1841170595e-01
    8.2425000000e+04    1.1077897259e-01
    8.2500000000e+04    1.3030299746e-01
    8.2575000000e+04    1.3426937571e-01
    8.2650000000e+04    1.2256641449e-01
    8.2725000000e+04    1.3461620348e-01
    8.2800000000e+04    1.3172304464e-01
    8.2875000000e+04    1.1548903663e-01
    8.2950000000e+04    1.1520871602e-01
    8.3025000000e+04    8.8557553363e-02
    8.3100000000e+04    1.1022174989e-01
    8.3175000000e+04    1.4381302878e-01
    8.3250000000e+04    1.1516268702e-01
    8.3325000000e+04    1.2155076943e-01
    8.3400000000e+04    1.3182821773e-01
    8.3475000000e+04    1.0251587989e-01
    8.3550000000e+04    1.2189041448e-01
    8.3625000000e+04    1.2788748504e-01
    8.3700000000e+04    1.2276286089e-01
    8.3775000000e+04    9.1278074568e-02
    8.3850000000e+04    1.0629062726e-01
    8.3925000000e+04    1.2489197248e-01
    8.4000000000e+04    1.4722386298e-01
    8.4075000000e+04    1.4656079502e-01
    8.4150000000e+04    1.5723951860e-01
    8.4225000000e+04    1.5680743093e-01
    8.4300000000e+04    1.3672245995e-01
    8.4375000000e+04    1.2335049791e-01
    8.4450000000e+04    8.5742063313e-02
    8.4525000000e+04    1.0741709807e-01
    8.4600000000e+04    1.0814976267e-01
    8.4675000000e+04    9.0706024893e-02
    8.4750000000e+04    1.0562921804e-01
    8.4825000000e+04    9.3237543752e-02
    8.4900000000e+04    8.9012164988e-02
    8.4975000000e+04    1.0507594579e-01
    8.5050000000e+04    1.7904769422e-01
    8.5125000000e+04    1.2455851262e-01
    8.5200000000e+04    1.4505387249e-01
    8.5275000000e+04    1.2345564948e-01
    8.5350000000e+04    1.1893491385e-01
    8.5425000000e+04    1.1227032654e-01
    8.5500000000e+04    1.3393072044e-01
    8.5575000000e+04    1.0924476906e-01
    8.5650000000e+04    7.9083480541e-02
    8.5725000000e+04    1.1874673604e-01
    8.5800000000e+04    1.1869341485e-01
    8.5875000000e+04    9.7888544537e-02
    8.5950000000e+04    8.3881188671e-02
    8.6025000000e+04    1.0367927100e-01
    8.6100000000e+04    1.0241536841e-01
    8.6175000000e+04    1.1503623681e-01
    8.6250000000e+04    1.0474518278e-01
    8.6325000000e+04    1.3353694511e-01
    8.6400000000e+04    1.4221232371e-01
    8.6475000000e+04    1.6388446183e-01
    8.6550000000e+04    1.0306161505e-01
    8.6625000000e+04    9.2678806366e-02
    8.6700000000e+04    9.6081638318e-02
    8.6775000000e+04    1.1575228765e-01
    8.6850000000e+04    1.0616014410e-01
    8.6925000000e+04    1.0235959837e-01
    8.7000000000e+04    1.2973939722e-01
    8.7075000000e+04    1.0658395360e-01
    8.7150000000e+04    1.0417149718e-01
    8.7225000000e+04    1.4507869425e-01
    8.7300000000e+04    1.9250527254e-01
    8.7375000000e+04    2.0848960620e-01
    8.7450000000e+04    1.0048225620e-01
    8.7525000000e+04    1.2028480558e-01
    8.7600000000e+04    1.5262228874e-01
    8.7675000000e+04    1.5673985209e-01
    8.7750000000e+04    1.0381506953e-01
    8.7825000000e+04    1.0808386899e-01
    8.7900000000e+04    1.0878030782e-01
    8.7975000000e+04    1.4520317361e-01
    8.8050000000e+04    1.4955539532e-01
    8.8125000000e+04    1.1666904475e-01
    8.8200000000e+04    1.3213817465e-01
    8.8275000000e+04    1.1756370347e-01
    8.8350000000e+04    1.1128519345e-01
    8.8425000000e+04    1.1352579346e-01
    8.8500000000e+04    1.4347904834e-01
    8.8575000000e+04    1.2882978816e-01
    8.8650000000e+04    1.3486788575e-01
    8.8725000000e+04    1.3920653691e-01
    8.8800000000e+04    1.3425267651e-01
    8.8875000000e+04    1.4272104921e-01
    8.8950000000e+04    1.3037128884e-01
    8.9025000000e+04    1.1129309496e-01
    8.9100000000e+04    1.2711542324e-01
    8.9175000000e+04    2.1245156228e-01
    8.9250000000e+04    1.2193184513e-01
    8.9325000000e+04    1.4989067648e-01
    8.9400000000e+04    1.3491555227e-01
    8.9475000000e+04    1.3083223042e-01
    8.9550000000e+04    1.0895785632e-01
    8.9625000000e+04    1.8431809729e-01
    8.9700000000e+04    8.6292860234e-02
    8.9775000000e+04    9.7634375748e-02
    8.9850000000e+04    1.2493449657e-01
    8.9925000000e+04    7.5334732993e-02
    9.0000000000e+04    1.4834617675e-01
    9.0075000000e+04    1.1747576222e-01
    9.0150000000e+04    8.0065501464e-02
    9.0225000000e+04    9.6728285872e-02
    9.0300000000e+04    7.9748094536e-02
    9.0375000000e+04    1.0747468395e-01
    9.0450000000e+04    8.7300285455e-02
    9.0525000000e+04    1.1261029080e-01
    9.0600000000e+04    1.1108541078e-01
    9.0675000000e+04    1.6074776136e-01
    9.0750000000e+04    9.9337113604e-02
    9.0825000000e+04    1.1562542128e-01
    9.0900000000e+04    1.0786340067e-01
    9.0975000000e+04    1.1021656073e-01
    9.1050000000e+04    1.1252395000e-01
    9.1125000000e+04    1.0289764001e-01
    9.1200000000e+04    9.4742785195e-02
    9.1275000000e+04    9.2487188333e-02
    9.1350000000e+04    1.0969022674e-01
    9.1425000000e+04    8.5658831403e-02
    9.1500000000e+04    1.0457803571e-01
    9.1575000000e+04    1.0508336462e-01
    9.1650000000e+04    1.0371380318e-01
    9.1725000000e+04    8.7520814805e-02
    9.1800000000e+04    8.7783079966e-02
    9.1875000000e+04    1.0443638213e-01
    9.1950000000e+04    9.2291148641e-02
    9.2025000000e+04    1.1753997858e-01
    9.2100000000e+04    1.2319729039e-01
    9.2175000000e+04    9.8553281988e-02
    9.2250000000e+04    1.1323823363e-01
    9.2325000000e+04    1.2182234912e-01
    9.2400000000e+04    1.6139223533e-01
    9.2475000000e+04    9.9789453664e-02
    9.2550000000e+04    1.0093549328e-01
    9.2625000000e+04    1.4921172291e-01
    9.2700000000e+04    1.3100987220e-01
    9.2775000000e+04    1.1263163566e-01
    9.2850000000e+04    1.3270788631e-01
    9.2925000000e+04    1.1657642351e-01
    9.3000000000e+04    1.8244281506e-01
    9.3075000000e+04    1.9210846155e-01
    9.3150000000e+04    1.4985073825e-01
    9.3225000000e+04    8.9649552030e-02
    9.3300000000e+04    1.0303216314e-01
    9.3375000000e+04    1.0770818065e-01
    9.3450000000e+04    1.2416971055e-01
    9.3525000000e+04    1.0578618253e-01
    9.3600000000e+04    1.1552735997e-01
    9.3675000000e+04    1.0267287067e-01
    9.3750000000e+04    9.6376594504e-02
    9.3825000000e+04    1.0485415937e-01
    9.3900000000e+04    1.0442333654e-01
    9.3975000000e+04    1.2235908925e-01
    9.4050000000e+04    1.2933372089e-01
    9.4125000000e+04    1.3029003843e-01
    9.4200000000e+04    1.0870568116e-01
    9.4275000000e+04    1.6890719592e-01
    9.4350000000e+04    1.5506944876e-01
    9.4425000000e+04    1.3641055424e-01
    9.4500000000e+04    1.2320588393e-01
    9.4575000000e+04    8.6637150630e-02
    9.4650000000e+04    9.2039533235e-02
    9.4725000000e+04    1.2116606806e-01
    9.4800000000e+04    1.4424251125e-01
    9.4875000000e+04    1.3546178604e-01
    9.4950000000e+04    1.3725099392e-01
    9.5025000000e+04    1.1671805109e-01
    9.5100000000e+04    9.8666628753e-02
    9.5175000000e+04    1.1325179249e-01
    9.5250000000e+04    1.2842579441e-01
    9.5325000000e+04    1.3646920536e-01
    9.5400000000e+04    1.3585134744e-01
    9.5475000000e+04    1.0849248433e-01
    9.5550000000e+04    1.2883420342e-01
    9.5625000000e+04    1.4816731376e-01
    9.5700000000e+04    2.2157585036e-01
    9.5775000000e+04    1.3155298404e-01
    9.5850000000e+04    1.3270461436e-01
    9.5925000000e+04    1.1274529424e-01
    9.6000000000e+04    1.3554621068e-01
    9.6075000000e+04    1.4816633210e-01
    9.6150000000e+04    8.2208328194e-02
    9.6225000000e+04    8.6565521654e-02
    9.6300000000e+04    8.6349773343e-02
    9.6375000000e+04    8.0514132010e-02
    9.6450000000e+04    1.2081072001e-01
    9.6525000000e+04    1.2347155139e-01
    9.6600000000e+04    1.1277447003e-01
    9.6675000000e+04    1.2682831809e-01
    9.6750000000e+04    1.1146466460e-01
    9.6825000000e+04    1.3910649324e-01
    9.6900000000e+04    1.6214315260e-01
    9.6975000000e+04    1.4125120460e-01
    9.7050000000e+04    1.6715260137e-01
    9.7125000000e+04    1.4410855432e-01
    9.7200000000e+04    1.7568201010e-01
    9.7275000000e+04    1.0536885654e-01
    9.7350000000e+04    1.2074509085e-01
    9.7425000000e+04    1.0957588677e-01
    9.7500000000e+04    1.0927727370e-01
    9.7575000000e+04    8.8697054481e-02
    9.7650000000e+04    8.8830958814e-02
    9.7725000000e+04    1.1076453864e-01
    9.7800000000e+04    1.0341050471e-01
    9.7875000000e+04    1.1406486761e-01
    9.7950000000e+04    1.0969403529e-01
    9.8025000000e+04    1.2041811939e-01
    9.8100000000e+04    1.3018213489e-01
    9.8175000000e+04    1.2872906154e-01
    9.8250000000e+04    1.1056010780e-01
    9.8325000000e+04    1.1876322695e-01
    9.8400000000e+04    8.8616179299e-02
    9.8475000000e+04    8.4819307155e-02
    9.8550000000e+04    1.0632256271e-01
    9.8625000000e+04    1.0156658765e-01
    9.8700000000e+04    1.5533935110e-01
    9.8775000000e+04    1.6099006368e-01
    9.8850000000e+04    1.4284565581e-01
    9.8925000000e+04    9.9749362935e-02
    9.9000000000e+04    1.2128496925e-01
    9.9075000000e+04    9.6530461049e-02
    9.9150000000e+04    9.2023051433e-02
    9.9225000000e+04    9.9261052824e-02
    9.9300000000e+04    1.0447963320e-01
    9.9375000000e+04    1.0322024746e-01
    9.9450000000e+04    1.2833259051e-01
    9.9525000000e+04    1.1263640561e-01
    9.9600000000e+04    1.2518797225e-01
    9.9675000000e+04    1.0988327768e-01
    9.9750000000e+04    1.6197905015e-01
    9.9825000000e+04    1.0561036826e-01
    9.9900000000e+04    1.5541355779e-01
    9.9975000000e+04    1.2216814224e-01
    1.0005000000e+05    1.0991086008e-01
    1.0012500000e+05    9.0620298814e-02
    1.0020000000e+05    8.9805713108e-02
    1.0027500000e+05    9.0137701250e-02
    1.0035000000e+05    9.6442170689e-02
    1.0042500000e+05    1.2356979044e-01
    1.0050000000e+05    1.3318250630e-01
    1.0057500000e+05    1.5273529119e-01
    1.0065000000e+05    1.8972531951e-01
    1.0072500000e+05    1.5362785154e-01
    1.0080000000e+05    1.5636377556e-01
    1.0087500000e+05    1.2735865648e-01
    1.0095000000e+05    1.0377389888e-01
    1.0102500000e+05    8.2601173671e-02
    1.0110000000e+05    1.0417134286e-01
    1.0117500000e+05    1.1746117182e-01
    1.0125000000e+05    1.1875933766e-01
    1.0132500000e+05    1.2979927521e-01
    1.0140000000e+05    1.1367648056e-01
    1.0147500000e+05    1.3214384064e-01
    1.0155000000e+05    1.6081146612e-01
    1.0162500000e+05    1.8952245383e-01
    1.0170000000e+05    1.2828104668e-01
    1.0177500000e+05    1.0768352534e-01
    1.0185000000e+05    1.3792215573e-01
    1.0192500000e+05    8.4938064106e-02
    1.0200000000e+05    9.0730603353e-02
    1.0207500000e+05    1.2640165742e-01
    1.0215000000e+05    7.9782720953e-02
    1.0222500000e+05    8.2153445483e-02
    1.0230000000e+05    1.6839712389e-01
    1.0237500000e+05    1.4929614247e-01
    1.0245000000e+05    1.2439535705e-01
    1.0252500000e+05    1.4220448297e-01
    1.0260000000e+05    1.5938629962e-01
    1.0267500000e+05    1.4111594174e-01
    1.0275000000e+05    9.8151432113e-02
    1.0282500000e+05    8.6772940369e-02
    1.0290000000e+05    9.9750305679e-02
    1.0297500000e+05    1.1581299691e-01
    1.0305000000e+05    9.7759134802e-02
    1.0312500000e+05    1.0505360956e-01
    1.0320000000e+05    1.1118705649e-01
    1.0327500000e+05    1.3194268735e-01
    1.0335000000e+05    1.0771198543e-01
    1.0342500000e+05    1.5103044696e-01
    1.0350000000e+05    1.1644297739e-01
    1.0357500000e+05    1.4529505833e-01
    1.0365000000e+05    1.8631514342e-01
    1.0372500000e+05    1.2394759648e-01
    1.0380000000e+05    1.6916138701e-01
    1.0387500000e+05    1.3092662481e-01
    1.0395000000e+05    1.0018101750e-01
    1.0402500000e+05    9.5654222366e-02
    1.0410000000e+05    1.0925472288e-01
    1.0417500000e+05    1.0223601150e-01
    1.0425000000e+05    1.0327270009e-01
    1.0432500000e+05    1.0607307903e-01
    1.0440000000e+05    1.7012582267e-01
    1.0447500000e+05    1.0871784971e-01
    1.0455000000e+05    1.0531862438e-01
    1.0462500000e+05    1.2267723683e-01
    1.0470000000e+05    1.1159468896e-01
    1.0477500000e+05    1.3431671608e-01
    1.0485000000e+05    1.2205514364e-01
    1.0492500000e+05    1.0450893924e-01
    1.0500000000e+05    9.4617338367e-02
    1.0507500000e+05    1.0284189642e-01
    1.0515000000e+05    1.0381888364e-01
    1.0522500000e+05    1.1161982849e-01
    1.0530000000e+05    9.8760550922e-02
    1.0537500000e+05    1.3804790385e-01
    1.0545000000e+05    1.6339627512e-01
    1.0552500000e+05    1.5296695330e-01
    1.0560000000e+05    1.5821034841e-01
    1.0567500000e+05    1.5816251810e-01
    1.0575000000e+05    9.0131241594e-02
    1.0582500000e+05    1.1856588902e-01
    1.0590000000e+05    8.7698714977e-02
    1.0597500000e+05    1.0421100114e-01
    1.0605000000e+05    9.8522784493e-02
    1.0612500000e+05    8.7808925388e-02
    1.0620000000e+05    1.0486681912e-01
    1.0627500000e+05    1.7443841241e-01
    1.0635000000e+05    9.9467786401e-02
    1.0642500000e+05    1.0874644860e-01
    1.0650000000e+05    1.5148505303e-01
    1.0657500000e+05    1.3711185144e-01
    1.0665000000e+05    1.4953886054e-01
    1.0672500000e+05    1.2220378237e-01
    1.0680000000e+05    1.3616124763e-01
    1.0687500000e+05    1.2931356239e-01
    1.0695000000e+05    1.0567576926e-01
    1.0702500000e+05    1.1142496304e-01
    1.0710000000e+05    8.3423189875e-02
    1.0717500000e+05    1.0145293897e-01
    1.0725000000e+05    9.3914067777e-02
    1.0732500000e+05    1.4065252044e-01
    1.0740000000e+05    9.9114458748e-02
    1.0747500000e+05    1.0550806965e-01
    1.0755000000e+05    1.0633141745e-01
    1.0762500000e+05    1.1028225462e-01
    1.0770000000e+05    9.6850830307e-02
    1.0777500000e+05    1.4365596443e-01
    1.0785000000e+05    2.2174364382e-01
    1.0792500000e+05    1.1390942486e-01
    1.0800000000e+05    1.1888728291e-01
    1.0807500000e+05    1.2879866539e-01
    1.0815000000e+05    1.6547516800e-01
    1.0822500000e+05    1.7604679476e-01
    1.0830000000e+05    1.0463490239e-01
    1.0837500000e+05    1.0773728281e-01
    1.0845000000e+05    9.8739813382e-02
    1.0852500000e+05    1.3848577991e-01
    1.0860000000e+05    8.4105143115e-02
    1.0867500000e+05    9.2098503933e-02
    1.0875000000e+05    7.6127848544e-02
    1.0882500000e+05    1.1079180846e-01
    1.0890000000e+05    1.1612161467e-01
    1.0897500000e+05    9.7730512537e-02
    1.0905000000e+05    1.3515992712e-01
    1.0912500000e+05    1.8741029955e-01
    1.0920000000e+05    1.7767573897e-01
    1.0927500000e+05    1.6241819202e-01
    1.0935000000e+05    1.5553228395e-01
    1.0942500000e+05    9.8854815477e-02
    1.0950000000e+05    7.9696005457e-02
    1.0957500000e+05    1.0252097851e-01
    1.0965000000e+05    1.1048572706e-01
    1.0972500000e+05    1.0448265382e-01
    1.0980000000e+05    1.1111881515e-01
    1.0987500000e+05    1.0999128055e-01
    1.0995000000e+05    1.0046636209e-01
    1.1002500000e+05    1.3061727483e-01
    1.1010000000e+05    1.3509311333e-01
    1.1017500000e+05    1.0516938765e-01
    1.1025000000e+05    9.6157561699e-02
    1.1032500000e+05    1.1488858061e-01
    1.1040000000e+05    1.7922202863e-01
    1.1047500000e+05    2.0461203765e-01
    1.1055000000e+05    1.3143795745e-01
    1.1062500000e+05    1.6099022104e-01
    1.1070000000e+05    1.6675321238e-01
    1.1077500000e+05    1.2022173163e-01
    1.1085000000e+05    1.2191219336e-01
    1.1092500000e+05    9.3767736788e-02
    1.1100000000e+05    1.4542649602e-01
    1.1107500000e+05    1.2046117238e-01
    1.1115000000e+05    1.3459178460e-01
    1.1122500000e+05    1.3603488628e-01
    1.1130000000e+05    1.3877642213e-01
    1.1137500000e+05    1.1498566598e-01
    1.1145000000e+05    1.1012677276e-01
    1.1152500000e+05    1.0221966934e-01
    1.1160000000e+05    1.2817784045e-01
    1.1167500000e+05    9.9620077035e-02
    1.1175000000e+05    1.3532971330e-01
    1.1182500000e+05    1.1243300099e-01
    1.1190000000e+05    1.3849680936e-01
    1.1197500000e+05    1.1507764728e-01
    1.1205000000e+05    1.1332372774e-01
    1.1212500000e+05    1.1121887818e-01
    1.1220000000e+05    1.0927872783e-01
    1.1227500000e+05    1.4055137266e-01
    1.1235000000e+05    1.1095792063e-01
    1.1242500000e+05    1.1041852927e-01
    1.1250000000e+05    1.5565084841e-01
    1.1257500000e+05    1.3351534982e-01
    1.1265000000e+05    1.6109658969e-01
    1.1272500000e+05    1.3779220391e-01
    1.1280000000e+05    1.5113429247e-01
    1.1287500000e+05    1.3343700150e-01
    1.1295000000e+05    8.4365601413e-02
    1.1302500000e+05    8.9701661275e-02
    1.1310000000e+05    9.7361942340e-02
    1.1317500000e+05    9.5212121567e-02
    1.1325000000e+05    8.9911686596e-02
    1.1332500000e+05    1.8868589754e-01
    1.1340000000e+05    1.1705610937e-01
    1.1347500000e+05    1.3583707573e-01
    1.1355000000e+05    1.3341040481e-01
    1.1362500000e+05    1.4329192324e-01
    1.1370000000e+05    1.1588669125e-01
    1.1377500000e+05    1.0950908713e-01
    1.1385000000e+05    1.1631252699e-01
    1.1392500000e+05    1.1950498039e-01
    1.1400000000e+05    1.0081932831e-01
    1.1407500000e+05    1.0626230674e-01
    1.1415000000e+05    1.0099660169e-01
    1.1422500000e+05    1.2123039910e-01
    1.1430000000e+05    1.2732678837e-01
    1.1437500000e+05    1.1318628793e-01
    1.1445000000e+05    8.3750220611e-02
    1.1452500000e+05    1.2277290457e-01
    1.1460000000e+05    1.0834075898e-01
    1.1467500000e+05    1.2443963370e-01
    1.1475000000e+05    1.3020965564e-01
    1.1482500000e+05    1.4036598029e-01
    1.1490000000e+05    1.1759585643e-01
    1.1497500000e+05    1.2869204151e-01
    1.1505000000e+05    1.9551651862e-01
    1.1512500000e+05    1.2762935150e-01
    1.1520000000e+05    1.3950330893e-01
    1.1527500000e+05    1.4169711106e-01
    1.1535000000e+05    1.2893726609e-01
    1.1542500000e+05    1.3426537407e-01
    1.1550000000e+05    1.5559990067e-01
    1.1557500000e+05    1.3814052891e-01
    1.1565000000e+05    1.3879907000e-01
    1.1572500000e+05    1.1752912583e-01
    1.1580000000e+05    1.0178101413e-01
    1.1587500000e+05    1.3770763226e-01
    1.1595000000e+05    1.2939010669e-01
    1.1602500000e+05    1.0459061694e-01
    1.1610000000e+05    1.3152655233e-01
    1.1617500000e+05    1.4248526191e-01
    1.1625000000e+05    9.6492119003e-02
    1.1632500000e+05    1.1181124620e-01
    1.1640000000e+05    9.3370326650e-02
    1.1647500000e+05    8.5705112295e-02
    1.1655000000e+05    1.0717201149e-01
    1.1662500000e+05    1.3778411041e-01
    1.1670000000e+05    1.0919797291e-01
    1.1677500000e+05    7.8005462278e-02
    1.1685000000e+05    8.9254059775e-02
    1.1692500000e+05    1.1707423983e-01
    1.1700000000e+05    1.3265283602e-01
    1.1707500000e+05    1.3498751099e-01
    1.1715000000e+05    1.4222582927e-01
    1.1722500000e+05    1.1303677945e-01
    1.1730000000e+05    1.1184285001e-01
    1.1737500000e+05    1.0886447780e-01
    1.1745000000e+05    1.0586770168e-01
    1.1752500000e+05    1.0824241848e-01
    1.1760000000e+05    1.3305490942e-01
    1.1767500000e+05    1.0391242652e-01
    1.1775000000e+05    7.8720776807e-02
    1.1782500000e+05    1.0724967439e-01
    1.1790000000e+05    9.8581644813e-02
    1.1797500000e+05    1.0543866967e-01
    1.1805000000e+05    9.4728694352e-02
    1.1812500000e+05    8.5857877018e-02
    1.1820000000e+05    9.0472185081e-02
    1.1827500000e+05    1.0588965711e-01
    1.1835000000e+05    1.0062873550e-01
    1.1842500000e+05    1.2500460919e-01
    1.1850000000e+05    1.0747486893e-01
    1.1857500000e+05    1.0858022855e-01
    1.1865000000e+05    8.4768257285e-02
    1.1872500000e+05    9.7660136135e-02
    1.1880000000e+05    9.7464785663e-02
    1.1887500000e+05    1.1437574708e-01
    1.1895000000e+05    1.0013500202e-01
    1.1902500000e+05    1.1519037945e-01
    1.1910000000e+05    8.7905354803e-02
    1.1917500000e+05    1.1035239692e-01
    1.1925000000e+05    1.3288194260e-01
    1.1932500000e+05    1.3207353055e-01
    1.1940000000e+05    1.0403737497e-01
    1.1947500000e+05    1.2101822080e-01
    1.1955000000e+05    1.4779311494e-01
    1.1962500000e+05    1.3943269881e-01
    1.1970000000e+05    1.6060991569e-01
    1.1977500000e+05    1.2488731718e-01
    1.1985000000e+05    1.1151505600e-01
    1.1992500000e+05    1.0921543527e-01
    1.2000000000e+05    1.0681844342e-01
    1.2007500000e+05    1.3483376952e-01
    1.2015000000e+05    1.4132183092e-01
    1.2022500000e+05    1.0719677666e-01
    1.2030000000e+05    1.0245599596e-01
    1.2037500000e+05    8.8598787961e-02
    1.2045000000e+05    8.9513889500e-02
    1.2052500000e+05    1.2211249061e-01
    1.2060000000e+05    1.1537009179e-01
    1.2067500000e+05    1.1577861502e-01
    1.2075000000e+05    1.0145880633e-01
    1.2082500000e+05    8.7332390477e-02
    1.2090000000e+05    8.0498948733e-02
    1.2097500000e+05    1.0026609695e-01
    1.2105000000e+05    1.0193418439e-01
    1.2112500000e+05    9.7466951610e-02
    1.2120000000e+05    7.4545158282e-02
    1.2127500000e+05    1.0314294993e-01
    1.2135000000e+05    1.0584002298e-01
    1.2142500000e+05    1.4696691639e-01
    1.2150000000e+05    1.0278125763e-01
    1.2157500000e+05    1.3006668905e-01
    1.2165000000e+05    1.1742238010e-01
    1.2172500000e+05    1.2070566397e-01
    1.2180000000e+05    2.1956632307e-01
    1.2187500000e+05    1.5549603833e-01
    1.2195000000e+05    1.2260201370e-01
    1.2202500000e+05    1.4293630989e-01
    1.2210000000e+05    1.0818386724e-01
    1.2217500000e+05    9.1281853447e-02
    1.2225000000e+05    1.0177224140e-01
    1.2232500000e+05    1.0526500629e-01
    1.2240000000e+05    1.0805620042e-01
    1.2247500000e+05    1.1157483232e-01
    1.2255000000e+05    9.7410192707e-02
    1.2262500000e+05    1.1600277057e-01
    1.2270000000e+05    1.1047745559e-01
    1.2277500000e+05    1.0001818980e-01
    1.2285000000e+05    1.0596265778e-01
    1.2292500000e+05    1.0550501360e-01
    1.2300000000e+05    9.5166047768e-02
    1.2307500000e+05    8.4785350992e-02
    1.2315000000e+05    1.2766755695e-01
    1.2322500000e+05    1.1755340959e-01
    1.2330000000e+05    1.1495970207e-01
    1.2337500000e+05    1.2994886431e-01
    1.2345000000e+05    1.1745665663e-01
    1.2352500000e+05    1.2210672474e-01
    1.2360000000e+05    1.6068673277e-01
    1.2367500000e+05    1.5693989455e-01
    1.2375000000e+05    1.7332727284e-01
    1.2382500000e+05    1.5227772311e-01
    1.2390000000e+05    1.6871754051e-01
    1.2397500000e+05    1.0165330765e-01
    1.2405000000e+05    8.4496475443e-02
    1.2412500000e+05    1.0174942109e-01
    1.2420000000e+05    9.6729621492e-02
    1.2427500000e+05    1.1292689249e-01
    1.2435000000e+05    9.5606639028e-02
    1.2442500000e+05    1.4534445084e-01
    1.2450000000e+05    2.0387932871e-01
    1.2457500000e+05    1.2233893515e-01
    1.2465000000e+05    1.4902143148e-01
    1.2472500000e+05    1.0693469355e-01
    1.2480000000e+05    1.1618062261e-01
    1.2487500000e+05    1.4538407658e-01
    1.2495000000e+05    8.9068781495e-02
    1.2502500000e+05    1.0242220097e-01
    1.2510000000e+05    1.1943847237e-01
    1.2517500000e+05    1.2142601984e-01
    1.2525000000e+05    1.1548471062e-01
    1.2532500000e+05    1.1323254648e-01
    1.2540000000e+05    1.3914118951e-01
    1.2547500000e+05    1.4853007158e-01
    1.2555000000e+05    1.6414901802e-01
    1.2562500000e+05    1.0191791029e-01
    1.2570000000e+05    1.6806989230e-01
    1.2577500000e+05    1.3667803810e-01
    1.2585000000e+05    1.1672037445e-01
    1.2592500000e+05    1.0018747776e-01
    1.2600000000e+05    1.2701789365e-01
    1.2607500000e+05    1.3114520740e-01
    1.2615000000e+05    1.2475087804e-01
    1.2622500000e+05    1.0860680827e-01
    1.2630000000e+05    9.9054012279e-02
    1.2637500000e+05    8.8077073106e-02
    1.2645000000e+05    1.0491418038e-01
    1.2652500000e+05    1.0792363527e-01
    1.2660000000e+05    1.1899414693e-01
    1.2667500000e+05    1.0970039892e-01
    1.2675000000e+05    1.1273626258e-01
    1.2682500000e+05    1.4090760281e-01
    1.2690000000e+05    1.1643308563e-01
    1.2697500000e+05    1.2198328897e-01
    1.2705000000e+05    1.2072409651e-01
    1.2712500000e+05    9.6720861309e-02
    1.2720000000e+05    9.6888075798e-02
    1.2727500000e+05    1.0375135700e-01
    1.2735000000e+05    1.3145382957e-01
    1.2742500000e+05    1.1704699576e-01
    1.2750000000e+05    9.5815943134e-02
    1.2757500000e+05    9.9640559383e-02
    1.2765000000e+05    1.0187564920e-01
    1.2772500000e+05    1.3172613313e-01
    1.2780000000e+05    1.2541611325e-01
    1.2787500000e+05    1.2900976391e-01
    1.2795000000e+05    1.4531786534e-01
    1.2802500000e+05    1.2376132347e-01
    1.2810000000e+05    1.1649976002e-01
    1.2817500000e+05    1.1385029772e-01
    1.2825000000e+05    1.2951423912e-01
    1.2832500000e+05    1.5028294009e-01
    1.2840000000e+05    1.4826016020e-01
    1.2847500000e+05    1.0411052842e-01
    1.2855000000e+05    1.0846795767e-01
    1.2862500000e+05    1.6143286781e-01
    1.2870000000e+05    8.3278239397e-02
    1.2877500000e+05    1.0198091987e-01
    1.2885000000e+05    1.4110284186e-01
    1.2892500000e+05    1.0592362207e-01
    1.2900000000e+05    1.0682692456e-01
    1.2907500000e+05    9.7368485995e-02
    1.2915000000e+05    1.0830988491e-01
    1.2922500000e+05    9.6228675197e-02
    1.2930000000e+05    9.5701515384e-02
    1.2937500000e+05    1.3908618082e-01
    1.2945000000e+05    1.3087764607e-01
    1.2952500000e+05    1.1951054354e-01
    1.2960000000e+05    1.0776942770e-01
    1.2967500000e+05    1.1757207701e-01
    1.2975000000e+05    1.0068962805e-01
    1.2982500000e+05    1.1316391079e-01
    1.2990000000e+05    1.0866527550e-01
    1.2997500000e+05    1.2311041594e-01
    1.3005000000e+05    1.1488316715e-01
    1.3012500000e+05    9.5566885605e-02
    1.3020000000e+05    1.1491940152e-01
    1.3027500000e+05    1.1332772658e-01
    1.3035000000e+05    1.5233988923e-01
    1.3042500000e+05    1.0652325276e-01
    1.3050000000e+05    1.1650994771e-01
    1.3057500000e+05    1.0210267483e-01
    1.3065000000e+05    1.0009841921e-01
    1.3072500000e+05    1.2373865223e-01
    1.3080000000e+05    1.1796871647e-01
    1.3087500000e+05    1.1461808851e-01
    1.3095000000e+05    1.7666162682e-01
    1.3102500000e+05    1.7318580906e-01
    1.3110000000e+05    1.3854819590e-01
    1.3117500000e+05    1.0183686927e-01
    1.3125000000e+05    1.7830517931e-01
    1.3132500000e+05    1.6200344636e-01
    1.3140000000e+05    1.2116892378e-01
    1.3147500000e+05    1.3055959647e-01
    1.3155000000e+05    1.0788356064e-01
    1.3162500000e+05    1.1511123555e-01
    1.3170000000e+05    1.1260881361e-01
    1.3177500000e+05    1.4621564778e-01
    1.3185000000e+05    1.4550452846e-01
    1.3192500000e+05    9.7539122062e-02
    1.3200000000e+05    1.0407362636e-01
    1.3207500000e+05    1.0304169647e-01
    1.3215000000e+05    1.0083861376e-01
    1.3222500000e+05    1.3920851370e-01
    1.3230000000e+05    1.5134971601e-01
    1.3237500000e+05    1.5886783383e-01
    1.3245000000e+05    1.2769952385e-01
    1.3252500000e+05    1.3819586344e-01
    1.3260000000e+05    1.1605009457e-01
    1.3267500000e+05    1.2708561108e-01
    1.3275000000e+05    1.1370189236e-01
    1.3282500000e+05    1.2934807653e-01
    1.3290000000e+05    1.0638779513e-01
    1.3297500000e+05    9.4160608256e-02
    1.3305000000e+05    9.0913594966e-02
    1.3312500000e+05    9.1605231975e-02
    1.3320000000e+05    1.0184267254e-01
    1.3327500000e+05    1.1834924889e-01
    1.3335000000e+05    1.0210094626e-01
    1.3342500000e+05    1.0579914017e-01
    1.3350000000e+05    9.8099556261e-02
    1.3357500000e+05    9.5566036060e-02
    1.3365000000e+05    1.0214440153e-01
    1.3372500000e+05    1.0215979535e-01
    1.3380000000e+05    1.3040692220e-01
    1.3387500000e+05    1.2228920979e-01
    1.3395000000e+05    1.0141421492e-01
    1.3402500000e+05    8.7909775562e-02
    1.3410000000e+05    1.1162198942e-01
    1.3417500000e+05    1.3138666818e-01
    1.3425000000e+05    9.2769609583e-02
    1.3432500000e+05    1.0416257301e-01
    1.3440000000e+05    1.0418279045e-01
    1.3447500000e+05    1.4714256532e-01
    1.3455000000e+05    1.1820695487e-01
    1.3462500000e+05    1.1649887235e-01
    1.3470000000e+05    1.1171490452e-01
    1.3477500000e+05    1.2165308247e-01
    1.3485000000e+05    1.0689711997e-01
    1.3492500000e+05    1.6973168753e-01
    1.3500000000e+05    1.1974688899e-01
    1.3507500000e+05    9.5473327934e-02
    1.3515000000e+05    1.1854804893e-01
    1.3522500000e+05    9.2005165688e-02
    1.3530000000e+05    9.8627684218e-02
    1.3537500000e+05    1.0698106773e-01
    1.3545000000e+05    1.0854799338e-01
    1.3552500000e+05    1.3882484623e-01
    1.3560000000e+05    2.1858004532e-01
    1.3567500000e+05    2.0638542254e-01
    1.3575000000e+05    1.4745520670e-01
    1.3582500000e+05    1.2048341875e-01
    1.3590000000e+05    9.4354868139e-02
    1.3597500000e+05    9.3595423152e-02
    1.3605000000e+05    8.0454662672e-02
    1.3612500000e+05    7.9971568634e-02
    1.3620000000e+05    7.9177739631e-02
    1.3627500000e+05    9.4170459796e-02
    1.3635000000e+05    9.8767570267e-02
    1.3642500000e+05    9.3279390094e-02
    1.3650000000e+05    1.0456805108e-01
    1.3657500000e+05    1.0432130048e-01
    1.3665000000e+05    1.2233033024e-01
    1.3672500000e+05    1.1373160198e-01
    1.3680000000e+05    1.5244060059e-01
    1.3687500000e+05    1.1105324483e-01
    1.3695000000e+05    1.0523946671e-01
    1.3702500000e+05    1.1743435312e-01
    1.3710000000e+05    1.0967849402e-01
    1.3717500000e+05    1.1844169126e-01
    1.3725000000e+05    1.1246020438e-01
    1.3732500000e+05    1.0297343578e-01
    1.3740000000e+05    1.0638812168e-01
    1.3747500000e+05    2.0930246914e-01
    1.3755000000e+05    1.7728671504e-01
    1.3762500000e+05    1.4227726817e-01
    1.3770000000e+05    1.5026090098e-01
    1.3777500000e+05    1.0349630952e-01
    1.3785000000e+05    8.3258820178e-02
    1.3792500000e+05    1.3078075494e-01
    1.3800000000e+05    1.2894331927e-01
    1.3807500000e+05    1.3717733574e-01
    1.3815000000e+05    1.1178149830e-01
    1.3822500000e+05    1.7015307770e-01
    1.3830000000e+05    1.1082640332e-01
    1.3837500000e+05    1.1858114049e-01
    1.3845000000e+05    8.6167360100e-02
    1.3852500000e+05    8.7200452680e-02
    1.3860000000e+05    9.9083345685e-02
    1.3867500000e+05    9.0370106316e-02
    1.3875000000e+05    9.8981789488e-02
    1.3882500000e+05    1.0741153680e-01
    1.3890000000e+05    1.2783901013e-01
    1.3897500000e+05    9.4732502123e-02
    1.3905000000e+05    1.3062580025e-01
    1.3912500000e+05    2.2477322474e-01
    1.3920000000e+05    1.3437812162e-01
    1.3927500000e+05    9.9825470070e-02
    1.3935000000e+05    9.1083854108e-02
    1.3942500000e+05    1.0120104972e-01
    1.3950000000e+05    8.3856338488e-02
    1.3957500000e+05    9.1331066414e-02
    1.3965000000e+05    9.6866633926e-02
    1.3972500000e+05    8.6674050536e-02
    1.3980000000e+05    1.1911450806e-01
    1.3987500000e+05    9.5245604484e-02
    1.3995000000e+05    9.5837581233e-02
    1.4002500000e+05    9.6877329620e-02
    1.4010000000e+05    9.5556301750e-02
    1.4017500000e+05    1.3565521074e-01
    1.4025000000e+05    1.2167579573e-01
    1.4032500000e+05    1.2140231038e-01
    1.4040000000e+05    1.0171160804e-01
    1.4047500000e+05    1.0654468163e-01
    1.4055000000e+05    1.0833690316e-01
    1.4062500000e+05    1.3069164462e-01
    1.4070000000e+05    1.2362918613e-01
    1.4077500000e+05    1.0883053629e-01
    1.4085000000e+05    1.1466976859e-01
    1.4092500000e+05    1.0845538967e-01
    1.4100000000e+05    1.1149319586e-01
    1.4107500000e+05    1.0972797897e-01
    1.4115000000e+05    1.1120983270e-01
    1.4122500000e+05    1.1313595783e-01
    1.4130000000e+05    1.1001219425e-01
    1.4137500000e+05    1.0346083244e-01
    1.4145000000e+05    9.9320780179e-02
    1.4152500000e+05    9.5327560635e-02
    1.4160000000e+05    1.0407291997e-01
    1.4167500000e+05    1.3610177599e-01
    1.4175000000e+05    1.3672326539e-01
    1.4182500000e+05    1.1295988608e-01
    1.4190000000e+05    1.4529845260e-01
    1.4197500000e+05    1.5841176154e-01
    1.4205000000e+05    1.7698896092e-01
    1.4212500000e+05    1.2927529140e-01
    1.4220000000e+05    9.7700016954e-02
    1.4227500000e+05    7.7706144279e-02
    1.4235000000e+05    1.2442596989e-01
    1.4242500000e+05    1.0808997604e-01
    1.4250000000e+05    9.2481639713e-02
    1.4257500000e+05    9.9363908347e-02
    1.4265000000e+05    1.1401072782e-01
    1.4272500000e+05    1.3092302579e-01
    1.4280000000e+05    1.6243483700e-01
    1.4287500000e+05    1.5056922162e-01
    1.4295000000e+05    1.5716527786e-01
    1.4302500000e+05    1.2907699131e-01
    1.4310000000e+05    1.1520360737e-01
    1.4317500000e+05    1.0903215253e-01
    1.4325000000e+05    9.1987135025e-02
    1.4332500000e+05    9.3169677577e-02
    1.4340000000e+05    9.4226120229e-02
    1.4347500000e+05    1.0191198095e-01
    1.4355000000e+05    1.1833367797e-01
    1.4362500000e+05    1.7504709783e-01
    1.4370000000e+05    1.5701034352e-01
    1.4377500000e+05    1.3426236148e-01
    1.4385000000e+05    1.2934049357e-01
    1.4392500000e+05    1.2658075962e-01
    1.4400000000e+05    1.3998508815e-01
    1.4407500000e+05    1.4468371221e-01
    1.4415000000e+05    9.8396295248e-02
    1.4422500000e+05    9.9777194342e-02
    1.4430000000e+05    1.0899593124e-01
    1.4437500000e+05    1.3435640625e-01
    1.4445000000e+05    1.6132255007e-01
    1.4452500000e+05    1.1045063513e-01
    1.4460000000e+05    1.2133307339e-01
    1.4467500000e+05    1.0520968449e-01
    1.4475000000e+05    1.2026534094e-01
    1.4482500000e+05    1.2151142303e-01
    1.4490000000e+05    1.5660020528e-01
    1.4497500000e+05    1.3774669112e-01
    1.4505000000e+05    1.1417274333e-01
    1.4512500000e+05    1.0734306155e-01
    1.4520000000e+05    1.0550745050e-01
    1.4527500000e+05    1.7664519269e-01
    1.4535000000e+05    1.4089782391e-01
    1.4542500000e+05    9.6565845919e-02
    1.4550000000e+05    1.0646859402e-01
    1.4557500000e+05    1.7463125147e-01
    1.4565000000e+05    1.0546789866e-01
    1.4572500000e+05    9.6340478670e-02
    1.4580000000e+05    9.3782139323e-02
    1.4587500000e+05    8.7385330979e-02
    1.4595000000e+05    1.1200579741e-01
    1.4602500000e+05    1.0177219992e-01
    1.4610000000e+05    9.2857795868e-02
    1.4617500000e+05    8.7542602747e-02
    1.4625000000e+05    8.6038127163e-02
    1.4632500000e+05    9.9762949124e-02
    1.4640000000e+05    1.0066902977e-01
    1.4647500000e+05    9.0443712268e-02
    1.4655000000e+05    1.1249166714e-01
    1.4662500000e+05    1.2861761025e-01
    1.4670000000e+05    8.9778268277e-02
    1.4677500000e+05    1.1610909405e-01
    1.4685000000e+05    9.0548121273e-02
    1.4692500000e+05    1.0997787059e-01
    1.4700000000e+05    1.1448037862e-01
    1.4707500000e+05    8.7097727534e-02
    1.4715000000e+05    1.1753515480e-01
    1.4722500000e+05    1.2592652544e-01
    1.4730000000e+05    1.3043201782e-01
    1.4737500000e+05    9.3513783705e-02
    1.4745000000e+05    1.0974332415e-01
    1.4752500000e+05    1.0881070164e-01
    1.4760000000e+05    1.2391708945e-01
    1.4767500000e+05    1.2914683370e-01
    1.4775000000e+05    1.2053621939e-01
    1.4782500000e+05    1.4461179807e-01
    1.4790000000e+05    1.4740477392e-01
    1.4797500000e+05    1.2885630855e-01
    1.4805000000e+05    1.1435256431e-01
    1.4812500000e+05    1.0691087582e-01
    1.4820000000e+05    1.5698141761e-01
    1.4827500000e+05    1.2607422868e-01
    1.4835000000e+05    1.3537647484e-01
    1.4842500000e+05    1.0123915904e-01
    1.4850000000e+05    1.3285720730e-01
    1.4857500000e+05    1.0748498764e-01
    1.4865000000e+05    9.9561649763e-02
    1.4872500000e+05    1.0611623887e-01
    1.4880000000e+05    1.4329648397e-01
    1.4887500000e+05    1.3674280401e-01
    1.4895000000e+05    1.1145480786e-01
    1.4902500000e+05    9.1299491933e-02
    1.4910000000e+05    1.0840797327e-01
    1.4917500000e+05    1.0815574477e-01
    1.4925000000e+05    1.9211844724e-01
    1.4932500000e+05    1.4968464615e-01
    1.4940000000e+05    1.1371337959e-01
    1.4947500000e+05    1.0188051593e-01
    1.4955000000e+05    9.9741084493e-02
    1.4962500000e+05    1.7735316904e-01
    1.4970000000e+05    1.9555959554e-01
    1.4977500000e+05    2.2287724740e-01
    1.4985000000e+05    1.5277483474e-01
    1.4992500000e+05    1.1933795530e-01
    1.5000000000e+05    8.8951862292e-02
