    2.5000000000e+02    2.6949573572e-01
    5.0000000000e+02    2.6411107384e-01
    7.5000000000e+02    1.5101110678e-01
    1.0000000000e+03    1.3959700390e-01
    1.2500000000e+03    1.4542995999e-01
    1.5000000000e+03    2.2639890423e-01
    1.7500000000e+03    1.1346022517e-01
    2.0000000000e+03    1.2050620105e-01
    2.2500000000e+03    1.2605764262e-01
    2.5000000000e+03    1.0841442546e-01
    2.7500000000e+03    9.6938094737e-02
    3.0000000000e+03    8.6318766490e-02
    3.2500000000e+03    1.3737022951e-01
    3.5000000000e+03    9.8267657691e-02
    3.7500000000e+03    8.7991911659e-02
    4.0000000000e+03    9.8932694376e-02
    4.2500000000e+03    1.0771198146e-01
    4.5000000000e+03    1.3449775511e-01
    4.7500000000e+03    1.3181533256e-01
    5.0000000000e+03    1.3497419075e-01
    5.2500000000e+03    1.3561888265e-01
    5.5000000000e+03    9.4647273266e-02
    5.7500000000e+03    1.6622965341e-01
    6.0000000000e+03    1.0232516466e-01
    6.2500000000e+03    1.5950967864e-01
    6.5000000000e+03    1.1254750040e-01
    6.7500000000e+03    1.0104152571e-01
    7.0000000000e+03    1.1042032122e-01
    7.2500000000e+03    1.0324668479e-01
    7.5000000000e+03    1.4471452688e-01
    7.7500000000e+03    1.1086676205e-01
    8.0000000000e+03    1.4135971930e-01
    8.2500000000e+03    1.2022002810e-01
    8.5000000000e+03    1.1185978099e-01
    8.7500000000e+03    2.2482400831e-01
    9.0000000000e+03    1.2982565056e-01
    9.2500000000e+03    1.0602100748e-01
    9.5000000000e+03    1.7563237586e-01
    9.7500000000e+03    1.3772224857e-01
    1.0000000000e+04    8.5414816911e-02
    1.0250000000e+04    9.5316727772e-02
    1.0500000000e+04    1.0497467857e-01
    1.0750000000e+04    1.0654132652e-01
    1.1000000000e+04    1.6606654375e-01
    1.1250000000e+04    1.8544348389e-01
    1.1500000000e+04    9.9609668304e-02
    1.1750000000e+04    8.6839276378e-02
    1.2000000000e+04    1.2427907721e-01
    1.2250000000e+04    1.5580000491e-01
    1.2500000000e+04    1.0213445462e-01
    1.2750000000e+04    1.2066997185e-01
    1.3000000000e+04    7.7547430340e-02
    1.3250000000e+04    1.4587238133e-01
    1.3500000000e+04    8.5691056759e-02
    1.3750000000e+04    1.0559196056e-01
    1.4000000000e+04    1.4019710547e-01
    1.4250000000e+04    1.0260184821e-01
    1.4500000000e+04    1.0605909060e-01
    1.4750000000e+04    1.0010310917e-01
    1.5000000000e+04    8.5490761863e-02
    1.5250000000e+04    1.1215901052e-01
    1.5500000000e+04    1.1150682108e-01
    1.5750000000e+04    1.1471025162e-01
    1.6000000000e+04    1.2284767295e-01
    1.6250000000e+04    1.1497425893e-01
    1.6500000000e+04    1.0200336904e-01
    1.6750000000e+04    9.5738899446e-02
    1.7000000000e+04    1.2023203531e-01
    1.7250000000e+04    1.0972212663e-01
    1.7500000000e+04    1.0270427425e-01
    1.7750000000e+04    9.6755997209e-02
    1.8000000000e+04    1.1882699906e-01
    1.8250000000e+04    1.1820025877e-01
    1.8500000000e+04    1.0115538584e-01
    1.8750000000e+04    1.0942957565e-01
    1.9000000000e+04    1.3454347328e-01
    1.9250000000e+04    1.2602588796e-01
    1.9500000000e+04    1.1061478425e-01
    1.9750000000e+04    1.3619846330e-01
    2.0000000000e+04    7.6025917021e-02
    2.0250000000e+04    9.7363024143e-02
    2.0500000000e+04    8.6370901836e-02
    2.0750000000e+04    1.1760280878e-01
    2.1000000000e+04    1.0338063941e-01
    2.1250000000e+04    1.2126451900e-01
    2.1500000000e+04    9.5535096486e-02
    2.1750000000e+04    1.0679734721e-01
    2.2000000000e+04    1.1240983588e-01
    2.2250000000e+04    9.9812148779e-02
    2.2500000000e+04    1.6179306115e-01
    2.2750000000e+04    1.4153908318e-01
    2.3000000000e+04    1.1136972253e-01
    2.3250000000e+04    1.0118998477e-01
    2.3500000000e+04    1.1193177024e-01
    2.3750000000e+04    1.0690520139e-01
    2.4000000000e+04    1.6833362576e-01
    2.4250000000e+04    1.0959017700e-01
    2.4500000000e+04    1.8428021205e-01
    2.4750000000e+04    1.0256927851e-01
    2.5000000000e+04    8.9565927513e-02
    2.5250000000e+04    1.2622619688e-01
    2.5500000000e+04    1.1442441760e-01
    2.5750000000e+04    1.1447129773e-01
    2.6000000000e+04    1.2223967645e-01
    2.6250000000e+04    1.1207287686e-01
    2.6500000000e+04    1.0166538200e-01
    2.6750000000e+04    1.0485702959e-01
    2.7000000000e+04    1.3895761198e-01
    2.7250000000e+04    9.4176072551e-02
    2.7500000000e+04    1.1997346622e-01
    2.7750000000e+04    1.1144975135e-01
    2.8000000000e+04    9.7251864482e-02
    2.8250000000e+04    1.0610495859e-01
    2.8500000000e+04    1.1108441025e-01
    2.8750000000e+04    9.5175707879e-02
    2.9000000000e+04    2.0315543906e-01
    2.9250000000e+04    1.3415217169e-01
    2.9500000000e+04    9.2135406904e-02
    2.9750000000e+04    1.1741238333e-01
    3.0000000000e+04    9.1874486191e-02
    3.0250000000e+04    1.1358538890e-01
    3.0500000000e+04    1.2504699419e-01
    3.0750000000e+04    1.1769616462e-01
    3.1000000000e+04    1.0115148751e-01
    3.1250000000e+04    1.8028170944e-01
    3.1500000000e+04    1.2140749939e-01
    3.1750000000e+04    1.0809717014e-01
    3.2000000000e+04    1.0536662264e-01
    3.2250000000e+04    1.7936405443e-01
    3.2500000000e+04    1.0041684500e-01
    3.2750000000e+04    1.3549836067e-01
    3.3000000000e+04    8.9078557365e-02
    3.3250000000e+04    1.2397348530e-01
    3.3500000000e+04    1.1259654558e-01
    3.3750000000e+04    1.1634976423e-01
    3.4000000000e+04    1.1080253918e-01
    3.4250000000e+04    1.2553537270e-01
    3.4500000000e+04    7.8913044583e-02
    3.4750000000e+04    1.6621183285e-01
    3.5000000000e+04    9.3941804845e-02
    3.5250000000e+04    1.0655069896e-01
    3.5500000000e+04    1.6221803803e-01
    3.5750000000e+04    1.2750241754e-01
    3.6000000000e+04    1.0150253504e-01
    3.6250000000e+04    1.1150389781e-01
    3.6500000000e+04    1.0509684625e-01
    3.6750000000e+04    1.5593460095e-01
    3.7000000000e+04    1.3461040320e-01
    3.7250000000e+04    1.1443847544e-01
    3.7500000000e+04    1.1796989563e-01
    3.7750000000e+04    1.0088684682e-01
    3.8000000000e+04    1.3104592760e-01
    3.8250000000e+04    1.2386412778e-01
    3.8500000000e+04    7.7154196006e-02
    3.8750000000e+04    1.2786862356e-01
    3.9000000000e+04    1.2155080052e-01
    3.9250000000e+04    1.2208969271e-01
    3.9500000000e+04    1.0819802908e-01
    3.9750000000e+04    9.7686721319e-02
    4.0000000000e+04    1.2056145661e-01
    4.0250000000e+04    1.1782466321e-01
    4.0500000000e+04    1.2467355705e-01
    4.0750000000e+04    1.1161522083e-01
    4.1000000000e+04    8.6703351461e-02
    4.1250000000e+04    1.7528708925e-01
    4.1500000000e+04    1.0301005907e-01
    4.1750000000e+04    1.0449095474e-01
    4.2000000000e+04    9.7443537834e-02
    4.2250000000e+04    1.2767034358e-01
    4.2500000000e+04    1.1152144431e-01
    4.2750000000e+04    1.2450328863e-01
    4.3000000000e+04    1.5607917180e-01
    4.3250000000e+04    9.4791338879e-02
    4.3500000000e+04    1.3861522597e-01
    4.3750000000e+04    7.7893509505e-02
    4.4000000000e+04    1.1754848207e-01
    4.4250000000e+04    1.1809979185e-01
    4.4500000000e+04    9.4800339435e-02
    4.4750000000e+04    1.4622855614e-01
    4.5000000000e+04    1.6956198227e-01
    4.5250000000e+04    1.0307284666e-01
    4.5500000000e+04    1.0259605367e-01
    4.5750000000e+04    1.2393255176e-01
    4.6000000000e+04    1.5648593313e-01
    4.6250000000e+04    1.4840956338e-01
    4.6500000000e+04    1.0739385562e-01
    4.6750000000e+04    1.7249489130e-01
    4.7000000000e+04    9.8410887078e-02
    4.7250000000e+04    1.3583613999e-01
    4.7500000000e+04    1.5608522867e-01
    4.7750000000e+04    1.6751516530e-01
    4.8000000000e+04    1.0933411341e-01
    4.8250000000e+04    1.2904812850e-01
    4.8500000000e+04    1.8550873912e-01
    4.8750000000e+04    9.7592201107e-02
    4.9000000000e+04    1.1440200372e-01
    4.9250000000e+04    9.5179748091e-02
    4.9500000000e+04    9.0326821579e-02
    4.9750000000e+04    1.0194262362e-01
    5.0000000000e+04    9.7423393625e-02
    5.0250000000e+04    9.8986372644e-02
    5.0500000000e+04    1.2501311015e-01
    5.0750000000e+04    1.0558042540e-01
    5.1000000000e+04    1.2665210996e-01
    5.1250000000e+04    8.9351360655e-02
    5.1500000000e+04    1.0779735779e-01
    5.1750000000e+04    1.1190785877e-01
    5.2000000000e+04    1.8065026892e-01
    5.2250000000e+04    1.6624631971e-01
    5.2500000000e+04    1.0755782800e-01
    5.2750000000e+04    1.1442289173e-01
    5.3000000000e+04    1.1622804917e-01
    5.3250000000e+04    1.0409150662e-01
    5.3500000000e+04    1.0733770155e-01
    5.3750000000e+04    1.2759583578e-01
    5.4000000000e+04    1.0879227658e-01
    5.4250000000e+04    1.0177047099e-01
    5.4500000000e+04    9.8718715560e-02
    5.4750000000e+04    1.2514144206e-01
    5.5000000000e+04    9.2689218444e-02
    5.5250000000e+04    1.2397195246e-01
    5.5500000000e+04    1.3589993409e-01
    5.5750000000e+04    8.7954123646e-02
    5.6000000000e+04    1.1617057393e-01
    5.6250000000e+04    9.0373359115e-02
    5.6500000000e+04    1.5669795888e-01
    5.6750000000e+04    9.9880893860e-02
    5.7000000000e+04    1.0727089907e-01
    5.7250000000e+04    1.0697937143e-01
    5.7500000000e+04    9.7178989753e-02
    5.7750000000e+04    7.6626147825e-02
    5.8000000000e+04    7.7349991633e-02
    5.8250000000e+04    1.0588628654e-01
    5.8500000000e+04    1.0226072242e-01
    5.8750000000e+04    1.4119381960e-01
    5.9000000000e+04    1.2680244184e-01
    5.9250000000e+04    9.5331845398e-02
    5.9500000000e+04    1.0979608134e-01
    5.9750000000e+04    9.5899194274e-02
    6.0000000000e+04    9.8419398597e-02
    6.0250000000e+04    9.8507351176e-02
    6.0500000000e+04    1.0613861773e-01
    6.0750000000e+04    8.4122170592e-02
    6.1000000000e+04    1.2534402621e-01
    6.1250000000e+04    9.7933015654e-02
    6.1500000000e+04    1.0078536359e-01
    6.1750000000e+04    1.1594323153e-01
    6.2000000000e+04    1.2228517729e-01
    6.2250000000e+04    9.9115897376e-02
    6.2500000000e+04    1.0419242556e-01
    6.2750000000e+04    8.9198169578e-02
    6.3000000000e+04    9.1690669613e-02
    6.3250000000e+04    1.3877776272e-01
    6.3500000000e+04    9.8452140720e-02
    6.3750000000e+04    1.4766414160e-01
    6.4000000000e+04    9.6548331142e-02
    6.4250000000e+04    1.7496029158e-01
    6.4500000000e+04    1.5535589763e-01
    6.4750000000e+04    1.1631784503e-01
    6.5000000000e+04    9.7721064235e-02
    6.5250000000e+04    1.1787798982e-01
    6.5500000000e+04    1.5301855453e-01
    6.5750000000e+04    1.1564794500e-01
    6.6000000000e+04    1.2484799708e-01
    6.6250000000e+04    1.2012520539e-01
    6.6500000000e+04    9.6366654771e-02
    6.6750000000e+04    1.7972807370e-01
    6.7000000000e+04    1.1025074946e-01
    6.7250000000e+04    9.2017703728e-02
    6.7500000000e+04    2.4917073526e-01
    6.7750000000e+04    8.6246661149e-02
    6.8000000000e+04    1.4209404790e-01
    6.8250000000e+04    1.0227429537e-01
    6.8500000000e+04    1.2170206095e-01
    6.8750000000e+04    8.8236722001e-02
    6.9000000000e+04    1.2138997412e-01
    6.9250000000e+04    1.2946127943e-01
    6.9500000000e+04    1.5640091935e-01
    6.9750000000e+04    1.3978236341e-01
    7.0000000000e+04    1.0571434142e-01
    7.0250000000e+04    1.0596606469e-01
    7.0500000000e+04    1.1080687282e-01
    7.0750000000e+04    1.3778310846e-01
    7.1000000000e+04    1.6095111273e-01
    7.1250000000e+04    9.6315378684e-02
    7.1500000000e+04    9.9623569356e-02
    7.1750000000e+04    1.0068739656e-01
    7.2000000000e+04    9.0947067738e-02
    7.2250000000e+04    8.6901069621e-02
    7.2500000000e+04    1.2979504414e-01
    7.2750000000e+04    8.7095282566e-02
    7.3000000000e+04    9.0548043597e-02
    7.3250000000e+04    1.0926687195e-01
    7.3500000000e+04    8.2894008221e-02
    7.3750000000e+04    1.1165870530e-01
    7.4000000000e+04    9.7809084226e-02
    7.4250000000e+04    8.5637116983e-02
    7.4500000000e+04    1.0883379253e-01
    7.4750000000e+04    1.1722886086e-01
    7.5000000000e+04    1.0547001146e-01
    7.5250000000e+04    1.4438491409e-01
    7.5500000000e+04    8.0698927153e-02
    7.5750000000e+04    8.9421275854e-02
    7.6000000000e+04    1.1320790886e-01
    7.6250000000e+04    1.1980304609e-01
    7.6500000000e+04    1.1428619857e-01
    7.6750000000e+04    1.1570330867e-01
    7.7000000000e+04    1.2518945844e-01
    7.7250000000e+04    1.0487382417e-01
    7.7500000000e+04    1.1161199614e-01
    7.7750000000e+04    9.8670118257e-02
    7.8000000000e+04    1.1235307484e-01
    7.8250000000e+04    1.2500680660e-01
    7.8500000000e+04    1.0007070942e-01
    7.8750000000e+04    9.8532123992e-02
    7.9000000000e+04    1.0095071665e-01
    7.9250000000e+04    9.5363126508e-02
    7.9500000000e+04    9.6409831096e-02
    7.9750000000e+04    1.1806634795e-01
    8.0000000000e+04    1.4675629101e-01
    8.0250000000e+04    9.2444665945e-02
    8.0500000000e+04    9.5975762683e-02
    8.0750000000e+04    1.0548611905e-01
    8.1000000000e+04    1.0809217294e-01
    8.1250000000e+04    9.9144579258e-02
    8.1500000000e+04    1.0822806500e-01
    8.1750000000e+04    1.2224001890e-01
    8.2000000000e+04    1.2459048823e-01
    8.2250000000e+04    1.1951065687e-01
    8.2500000000e+04    1.2577527059e-01
    8.2750000000e+04    8.7730678528e-02
    8.3000000000e+04    9.7725369042e-02
    8.3250000000e+04    1.0500328832e-01
    8.3500000000e+04    9.8616489922e-02
    8.3750000000e+04    9.8020635646e-02
    8.4000000000e+04    1.1068532766e-01
    8.4250000000e+04    1.0137629493e-01
    8.4500000000e+04    9.8085272849e-02
    8.4750000000e+04    9.6785153548e-02
    8.5000000000e+04    1.1991692564e-01
    8.5250000000e+04    1.3970983145e-01
    8.5500000000e+04    1.3161296825e-01
    8.5750000000e+04    1.0744693513e-01
    8.6000000000e+04    1.0650432409e-01
    8.6250000000e+04    1.1384735773e-01
    8.6500000000e+04    1.0504853742e-01
    8.6750000000e+04    1.0235371576e-01
    8.7000000000e+04    9.6251226115e-02
    8.7250000000e+04    1.0225481103e-01
    8.7500000000e+04    9.7876050872e-02
    8.7750000000e+04    1.5108890034e-01
    8.8000000000e+04    1.2399271061e-01
    8.8250000000e+04    9.9700646347e-02
    8.8500000000e+04    1.1005962015e-01
    8.8750000000e+04    1.0053800417e-01
    8.9000000000e+04    1.0367657634e-01
    8.9250000000e+04    1.1350342522e-01
    8.9500000000e+04    1.0897064130e-01
    8.9750000000e+04    1.3321001430e-01
    9.0000000000e+04    1.2292075778e-01
    9.0250000000e+04    1.0180290060e-01
    9.0500000000e+04    1.0552151107e-01
    9.0750000000e+04    8.8429879699e-02
    9.1000000000e+04    8.6908990600e-02
    9.1250000000e+04    8.9334668979e-02
    9.1500000000e+04    1.1693581887e-01
    9.1750000000e+04    1.0618002187e-01
    9.2000000000e+04    1.0412013286e-01
    9.2250000000e+04    1.0166018723e-01
    9.2500000000e+04    8.9870887435e-02
    9.2750000000e+04    1.5512441104e-01
    9.3000000000e+04    1.1814313153e-01
    9.3250000000e+04    1.0858393701e-01
    9.3500000000e+04    1.7351647586e-01
    9.3750000000e+04    1.2852400287e-01
    9.4000000000e+04    1.2313425739e-01
    9.4250000000e+04    9.0202509324e-02
    9.4500000000e+04    1.2749892438e-01
    9.4750000000e+04    1.0144126914e-01
    9.5000000000e+04    1.2597401346e-01
    9.5250000000e+04    1.0459921157e-01
    9.5500000000e+04    1.0505048989e-01
    9.5750000000e+04    9.6404263672e-02
    9.6000000000e+04    1.3939479823e-01
    9.6250000000e+04    1.0070991992e-01
    9.6500000000e+04    9.6554020957e-02
    9.6750000000e+04    9.6692865350e-02
    9.7000000000e+04    1.3012406040e-01
    9.7250000000e+04    8.1025682479e-02
    9.7500000000e+04    9.0923993361e-02
    9.7750000000e+04    9.1239714154e-02
    9.8000000000e+04    7.8397568299e-02
    9.8250000000e+04    1.0367136649e-01
    9.8500000000e+04    1.1202237530e-01
    9.8750000000e+04    9.1045906131e-02
    9.9000000000e+04    1.1088827625e-01
    9.9250000000e+04    7.8425468032e-02
    9.9500000000e+04    1.4088756384e-01
    9.9750000000e+04    1.1243995096e-01
    1.0000000000e+05    9.0300245669e-02
    1.0025000000e+05    8.7580069802e-02
    1.0050000000e+05    8.1951012987e-02
    1.0075000000e+05    9.8854308227e-02
    1.0100000000e+05    9.7223155427e-02
    1.0125000000e+05    9.4943527936e-02
    1.0150000000e+05    1.1935159870e-01
    1.0175000000e+05    9.7222423967e-02
    1.0200000000e+05    1.2794190613e-01
    1.0225000000e+05    1.5001035418e-01
    1.0250000000e+05    9.2162034741e-02
    1.0275000000e+05    9.8959068894e-02
    1.0300000000e+05    1.2339054930e-01
    1.0325000000e+05    1.0719704391e-01
    1.0350000000e+05    1.0496191881e-01
    1.0375000000e+05    1.1343968107e-01
    1.0400000000e+05    9.3503462208e-02
    1.0425000000e+05    1.3441799208e-01
    1.0450000000e+05    1.3273842127e-01
    1.0475000000e+05    9.6323547346e-02
    1.0500000000e+05    1.0060704631e-01
    1.0525000000e+05    1.1895606687e-01
    1.0550000000e+05    1.1426097822e-01
    1.0575000000e+05    1.0472560942e-01
    1.0600000000e+05    9.1028964144e-02
    1.0625000000e+05    1.0155361995e-01
    1.0650000000e+05    1.0371906497e-01
    1.0675000000e+05    1.2899323449e-01
    1.0700000000e+05    1.2650953170e-01
    1.0725000000e+05    9.0593585733e-02
    1.0750000000e+05    1.1805098891e-01
    1.0775000000e+05    1.3305151600e-01
    1.0800000000e+05    1.1932512414e-01
    1.0825000000e+05    9.1497936450e-02
    1.0850000000e+05    1.0251273136e-01
    1.0875000000e+05    1.3638846143e-01
    1.0900000000e+05    9.5835270883e-02
    1.0925000000e+05    1.0810187895e-01
    1.0950000000e+05    1.3201600043e-01
    1.0975000000e+05    8.3920322453e-02
    1.1000000000e+05    1.0988506410e-01
    1.1025000000e+05    1.0282557911e-01
    1.1050000000e+05    9.9780085528e-02
    1.1075000000e+05    1.2218838185e-01
    1.1100000000e+05    1.1357274850e-01
    1.1125000000e+05    1.1974061877e-01
    1.1150000000e+05    1.2026219871e-01
    1.1175000000e+05    9.6992213753e-02
    1.1200000000e+05    1.0534051072e-01
    1.1225000000e+05    1.3110796028e-01
    1.1250000000e+05    8.2915969398e-02
    1.1275000000e+05    9.7436464077e-02
    1.1300000000e+05    1.1452025330e-01
    1.1325000000e+05    1.0729384780e-01
    1.1350000000e+05    1.1985400149e-01
    1.1375000000e+05    9.7755095851e-02
    1.1400000000e+05    9.1353035051e-02
    1.1425000000e+05    9.7039080931e-02
    1.1450000000e+05    1.0241482781e-01
    1.1475000000e+05    1.5436555763e-01
    1.1500000000e+05    1.1294295314e-01
    1.1525000000e+05    9.4914259125e-02
    1.1550000000e+05    9.8035570309e-02
    1.1575000000e+05    8.1332544984e-02
    1.1600000000e+05    1.0861333027e-01
    1.1625000000e+05    1.0126531111e-01
    1.1650000000e+05    1.2118294129e-01
    1.1675000000e+05    1.2221731651e-01
    1.1700000000e+05    9.1101557360e-02
    1.1725000000e+05    9.9870220519e-02
    1.1750000000e+05    1.0281543148e-01
    1.1775000000e+05    1.0999351148e-01
    1.1800000000e+05    1.1085502582e-01
    1.1825000000e+05    1.6032378676e-01
    1.1850000000e+05    1.0745445665e-01
    1.1875000000e+05    1.0421655584e-01
    1.1900000000e+05    1.0713902621e-01
    1.1925000000e+05    9.0043866630e-02
    1.1950000000e+05    8.4698627377e-02
    1.1975000000e+05    8.6035499301e-02
    1.2000000000e+05    1.2943263567e-01
    1.2025000000e+05    1.4214107747e-01
    1.2050000000e+05    9.2024475704e-02
    1.2075000000e+05    9.5272856151e-02
    1.2100000000e+05    1.0569092862e-01
    1.2125000000e+05    9.8388572806e-02
    1.2150000000e+05    9.5439457968e-02
    1.2175000000e+05    1.0816274287e-01
    1.2200000000e+05    8.6606516326e-02
    1.2225000000e+05    8.8747839970e-02
    1.2250000000e+05    1.3755441478e-01
    1.2275000000e+05    1.0732683515e-01
    1.2300000000e+05    9.6754734743e-02
    1.2325000000e+05    1.1624860202e-01
    1.2350000000e+05    8.4658140591e-02
    1.2375000000e+05    1.0945887251e-01
    1.2400000000e+05    8.6971009402e-02
    1.2425000000e+05    1.3617799018e-01
    1.2450000000e+05    1.0735598321e-01
    1.2475000000e+05    1.1211523523e-01
    1.2500000000e+05    1.2413784038e-01
    1.2525000000e+05    1.1290922166e-01
    1.2550000000e+05    1.0900239805e-01
    1.2575000000e+05    1.0616024488e-01
    1.2600000000e+05    1.0114472516e-01
    1.2625000000e+05    1.0566537401e-01
    1.2650000000e+05    1.2688191165e-01
    1.2675000000e+05    1.1368094578e-01
    1.2700000000e+05    1.2971233165e-01
    1.2725000000e+05    1.2081244404e-01
    1.2750000000e+05    1.0001811669e-01
    1.2775000000e+05    1.2321303074e-01
    1.2800000000e+05    1.1609792059e-01
    1.2825000000e+05    1.0567432238e-01
    1.2850000000e+05    1.1593026191e-01
    1.2875000000e+05    1.0565939503e-01
    1.2900000000e+05    1.5248192493e-01
    1.2925000000e+05    1.2131228305e-01
    1.2950000000e+05    1.1096318362e-01
    1.2975000000e+05    1.0960366868e-01
    1.3000000000e+05    1.0430604654e-01
    1.3025000000e+05    8.8273676549e-02
    1.3050000000e+05    1.3510793916e-01
    1.3075000000e+05    1.1980188703e-01
    1.3100000000e+05    1.1957687460e-01
    1.3125000000e+05    9.6648514756e-02
    1.3150000000e+05    1.1489429732e-01
    1.3175000000e+05    1.0789520387e-01
    1.3200000000e+05    1.1539149938e-01
    1.3225000000e+05    1.1446054874e-01
    1.3250000000e+05    1.1613050156e-01
    1.3275000000e+05    9.0311044389e-02
    1.3300000000e+05    1.3497165810e-01
    1.3325000000e+05    1.0331608257e-01
    1.3350000000e+05    9.0777621959e-02
    1.3375000000e+05    1.0049373303e-01
    1.3400000000e+05    1.3229906075e-01
    1.3425000000e+05    1.0481538564e-01
    1.3450000000e+05    1.1622041360e-01
    1.3475000000e+05    1.1483146129e-01
    1.3500000000e+05    1.3080957251e-01
    1.3525000000e+05    1.3975599266e-01
    1.3550000000e+05    8.4880023103e-02
    1.3575000000e+05    1.1634365122e-01
    1.3600000000e+05    9.5196328518e-02
    1.3625000000e+05    1.0404175325e-01
    1.3650000000e+05    1.2138140847e-01
    1.3675000000e+05    1.8661976315e-01
    1.3700000000e+05    8.8757185800e-02
    1.3725000000e+05    8.5721871382e-02
    1.3750000000e+05    1.3476361189e-01
    1.3775000000e+05    9.8563897687e-02
    1.3800000000e+05    1.3549508513e-01
    1.3825000000e+05    9.5737559787e-02
    1.3850000000e+05    1.0482251757e-01
    1.3875000000e+05    1.0021384550e-01
    1.3900000000e+05    1.0577174446e-01
    1.3925000000e+05    1.0037314116e-01
    1.3950000000e+05    9.8679162178e-02
    1.3975000000e+05    8.1001310874e-02
    1.4000000000e+05    9.0653080568e-02
    1.4025000000e+05    1.0209316887e-01
    1.4050000000e+05    1.0622924343e-01
    1.4075000000e+05    1.3637596034e-01
    1.4100000000e+05    1.2841873362e-01
    1.4125000000e+05    1.3530993081e-01
    1.4150000000e+05    1.0595000405e-01
    1.4175000000e+05    9.1136391899e-02
    1.4200000000e+05    9.8248619912e-02
    1.4225000000e+05    9.3542751019e-02
    1.4250000000e+05    7.7414840305e-02
    1.4275000000e+05    1.1287512274e-01
    1.4300000000e+05    9.6025196390e-02
    1.4325000000e+05    1.3672995356e-01
    1.4350000000e+05    9.8266551292e-02
    1.4375000000e+05    1.1224692074e-01
    1.4400000000e+05    1.1606153878e-01
    1.4425000000e+05    1.2488648560e-01
    1.4450000000e+05    1.0099369233e-01
    1.4475000000e+05    9.0311612885e-02
    1.4500000000e+05    1.4398935649e-01
    1.4525000000e+05    8.6899735071e-02
    1.4550000000e+05    7.6373531631e-02
    1.4575000000e+05    1.1689642389e-01
    1.4600000000e+05    1.0668201995e-01
    1.4625000000e+05    1.0914845683e-01
    1.4650000000e+05    9.3876044215e-02
    1.4675000000e+05    9.4365497089e-02
    1.4700000000e+05    7.7679222670e-02
    1.4725000000e+05    1.1229901139e-01
    1.4750000000e+05    1.0608629618e-01
    1.4775000000e+05    1.0833190177e-01
    1.4800000000e+05    9.4753384001e-02
    1.4825000000e+05    1.1523226632e-01
    1.4850000000e+05    1.1982991672e-01
    1.4875000000e+05    1.2522940070e-01
    1.4900000000e+05    8.6346876439e-02
    1.4925000000e+05    9.2185416524e-02
    1.4950000000e+05    1.3433314392e-01
    1.4975000000e+05    1.3334844156e-01
    1.5000000000e+05    1.2238780340e-01
    1.5025000000e+05    9.7868829025e-02
    1.5050000000e+05    1.4045140472e-01
    1.5075000000e+05    8.9220644168e-02
    1.5100000000e+05    9.1400735538e-02
    1.5125000000e+05    1.3660142678e-01
    1.5150000000e+05    9.6739269485e-02
    1.5175000000e+05    8.3329418312e-02
    1.5200000000e+05    9.3467926185e-02
    1.5225000000e+05    1.3087852479e-01
    1.5250000000e+05    1.1626748975e-01
    1.5275000000e+05    1.6384420486e-01
    1.5300000000e+05    1.0077912109e-01
    1.5325000000e+05    1.3409552550e-01
    1.5350000000e+05    1.1498747452e-01
    1.5375000000e+05    1.1235766731e-01
    1.5400000000e+05    1.1588392211e-01
    1.5425000000e+05    9.6660509868e-02
    1.5450000000e+05    9.1943038282e-02
    1.5475000000e+05    1.1708658563e-01
    1.5500000000e+05    1.0159241078e-01
    1.5525000000e+05    1.0885709922e-01
    1.5550000000e+05    1.4129514049e-01
    1.5575000000e+05    9.8580366493e-02
    1.5600000000e+05    9.6682692782e-02
    1.5625000000e+05    1.5662843684e-01
    1.5650000000e+05    9.0693196483e-02
    1.5675000000e+05    1.2247532876e-01
    1.5700000000e+05    1.1009531768e-01
    1.5725000000e+05    1.1014594266e-01
    1.5750000000e+05    1.1662890067e-01
    1.5775000000e+05    1.1365578764e-01
    1.5800000000e+05    1.4582517113e-01
    1.5825000000e+05    1.1005596983e-01
    1.5850000000e+05    9.5987723715e-02
    1.5875000000e+05    1.1456891509e-01
    1.5900000000e+05    1.2059457672e-01
    1.5925000000e+05    9.1452626023e-02
    1.5950000000e+05    1.0926307467e-01
    1.5975000000e+05    1.4936459764e-01
    1.6000000000e+05    9.8875426171e-02
    1.6025000000e+05    8.4812835757e-02
    1.6050000000e+05    1.1124495446e-01
    1.6075000000e+05    9.2786919258e-02
    1.6100000000e+05    1.3365370525e-01
    1.6125000000e+05    8.9240831967e-02
    1.6150000000e+05    8.7693546973e-02
    1.6175000000e+05    1.2539318830e-01
    1.6200000000e+05    8.2055214381e-02
    1.6225000000e+05    1.1191007974e-01
    1.6250000000e+05    1.2378240000e-01
    1.6275000000e+05    1.2620446982e-01
    1.6300000000e+05    1.0403478152e-01
    1.6325000000e+05    8.3773529913e-02
    1.6350000000e+05    8.1723275024e-02
    1.6375000000e+05    1.2140233309e-01
    1.6400000000e+05    8.9862900274e-02
    1.6425000000e+05    1.2128049159e-01
    1.6450000000e+05    1.0371343068e-01
    1.6475000000e+05    8.4021976785e-02
    1.6500000000e+05    1.1840165668e-01
    1.6525000000e+05    9.1296652239e-02
    1.6550000000e+05    1.2135752291e-01
    1.6575000000e+05    1.7480420909e-01
    1.6600000000e+05    8.6850419355e-02
    1.6625000000e+05    1.1208587958e-01
    1.6650000000e+05    9.7349938312e-02
    1.6675000000e+05    1.0846798244e-01
    1.6700000000e+05    1.1540266422e-01
    1.6725000000e+05    1.2155943434e-01
    1.6750000000e+05    1.0728155912e-01
    1.6775000000e+05    1.0373501308e-01
    1.6800000000e+05    1.1623060732e-01
    1.6825000000e+05    1.0523642326e-01
    1.6850000000e+05    8.8826722359e-02
    1.6875000000e+05    9.3912973142e-02
    1.6900000000e+05    1.0672332648e-01
    1.6925000000e+05    9.0559861626e-02
    1.6950000000e+05    9.4216965155e-02
    1.6975000000e+05    1.0192438630e-01
    1.7000000000e+05    1.1330311068e-01
    1.7025000000e+05    9.5924088474e-02
    1.7050000000e+05    1.1556544931e-01
    1.7075000000e+05    1.0836737683e-01
    1.7100000000e+05    9.1041080976e-02
    1.7125000000e+05    1.0710849603e-01
    1.7150000000e+05    8.8605217665e-02
    1.7175000000e+05    1.5607940956e-01
    1.7200000000e+05    9.3879226924e-02
    1.7225000000e+05    1.2620501937e-01
    1.7250000000e+05    1.0516676678e-01
    1.7275000000e+05    9.7354083312e-02
    1.7300000000e+05    8.8955376306e-02
    1.7325000000e+05    8.3221597851e-02
    1.7350000000e+05    1.1609378202e-01
    1.7375000000e+05    1.0879037211e-01
    1.7400000000e+05    1.0529010848e-01
    1.7425000000e+05    1.1203498518e-01
    1.7450000000e+05    1.0618885588e-01
    1.7475000000e+05    1.0951903047e-01
    1.7500000000e+05    1.1011602099e-01
    1.7525000000e+05    9.9793691415e-02
    1.7550000000e+05    9.3105844267e-02
    1.7575000000e+05    1.3107013783e-01
    1.7600000000e+05    1.1020687551e-01
    1.7625000000e+05    8.8188323330e-02
    1.7650000000e+05    9.3070146766e-02
    1.7675000000e+05    1.2387457895e-01
    1.7700000000e+05    1.0495881567e-01
    1.7725000000e+05    1.5017137668e-01
    1.7750000000e+05    1.2283934373e-01
    1.7775000000e+05    1.0564178737e-01
    1.7800000000e+05    8.5799451220e-02
    1.7825000000e+05    1.1439783761e-01
    1.7850000000e+05    1.0400789354e-01
    1.7875000000e+05    1.0739829169e-01
    1.7900000000e+05    1.3856177236e-01
    1.7925000000e+05    9.6122413854e-02
    1.7950000000e+05    1.2015115342e-01
    1.7975000000e+05    9.5626474786e-02
    1.8000000000e+05    1.3536791742e-01
    1.8025000000e+05    1.2362787028e-01
    1.8050000000e+05    1.2600024701e-01
    1.8075000000e+05    1.0464532078e-01
    1.8100000000e+05    1.2091778725e-01
    1.8125000000e+05    1.0527602971e-01
    1.8150000000e+05    8.7987397258e-02
    1.8175000000e+05    1.0435812219e-01
    1.8200000000e+05    9.3881354423e-02
    1.8225000000e+05    9.8369727277e-02
    1.8250000000e+05    1.0935932242e-01
    1.8275000000e+05    9.5330356349e-02
    1.8300000000e+05    1.1385145066e-01
    1.8325000000e+05    1.1101779297e-01
    1.8350000000e+05    1.1458719512e-01
    1.8375000000e+05    1.2236590158e-01
    1.8400000000e+05    1.1734908647e-01
    1.8425000000e+05    9.7942403870e-02
    1.8450000000e+05    8.4445712536e-02
    1.8475000000e+05    7.6399916177e-02
    1.8500000000e+05    1.3086910277e-01
    1.8525000000e+05    9.3802993326e-02
    1.8550000000e+05    9.1203767115e-02
    1.8575000000e+05    9.2419850870e-02
    1.8600000000e+05    9.6517942969e-02
    1.8625000000e+05    1.1323416820e-01
    1.8650000000e+05    1.1100854721e-01
    1.8675000000e+05    9.8549563669e-02
    1.8700000000e+05    1.1127242311e-01
    1.8725000000e+05    1.0796858941e-01
    1.8750000000e+05    9.1696734988e-02
    1.8775000000e+05    1.0853900710e-01
    1.8800000000e+05    1.3781760930e-01
    1.8825000000e+05    9.2913343635e-02
    1.8850000000e+05    1.1125042613e-01
    1.8875000000e+05    1.3505833283e-01
    1.8900000000e+05    1.3151740749e-01
    1.8925000000e+05    1.6287396177e-01
    1.8950000000e+05    8.6061949115e-02
    1.8975000000e+05    9.8541901548e-02
    1.9000000000e+05    1.1276564186e-01
    1.9025000000e+05    9.7847666354e-02
    1.9050000000e+05    1.2254654496e-01
    1.9075000000e+05    8.5773023804e-02
    1.9100000000e+05    7.7508640812e-02
    1.9125000000e+05    9.7490327543e-02
    1.9150000000e+05    9.2027966721e-02
    1.9175000000e+05    8.6155266310e-02
    1.9200000000e+05    1.6208099312e-01
    1.9225000000e+05    1.2071730475e-01
    1.9250000000e+05    9.6218119776e-02
    1.9275000000e+05    9.6477634798e-02
    1.9300000000e+05    9.6148555056e-02
    1.9325000000e+05    9.9063021835e-02
    1.9350000000e+05    1.0680016377e-01
    1.9375000000e+05    1.4908267389e-01
    1.9400000000e+05    1.0363635666e-01
    1.9425000000e+05    9.1164294888e-02
    1.9450000000e+05    1.0263407031e-01
    1.9475000000e+05    1.0547558177e-01
    1.9500000000e+05    1.0499321477e-01
    1.9525000000e+05    1.0721533903e-01
    1.9550000000e+05    1.3637146613e-01
    1.9575000000e+05    8.9488293358e-02
    1.9600000000e+05    1.0224260919e-01
    1.9625000000e+05    1.1375514837e-01
    1.9650000000e+05    1.1081036991e-01
    1.9675000000e+05    1.2751573209e-01
    1.9700000000e+05    1.0394892466e-01
    1.9725000000e+05    8.1029440493e-02
    1.9750000000e+05    8.0176415698e-02
    1.9775000000e+05    1.2143429255e-01
    1.9800000000e+05    9.3889824494e-02
    1.9825000000e+05    1.0945262626e-01
    1.9850000000e+05    1.0076155510e-01
    1.9875000000e+05    1.1830483869e-01
    1.9900000000e+05    9.5509121783e-02
    1.9925000000e+05    1.1248760538e-01
    1.9950000000e+05    1.2150435916e-01
    1.9975000000e+05    1.1725333543e-01
    2.0000000000e+05    8.7987477340e-02
    2.0025000000e+05    1.1620172781e-01
    2.0050000000e+05    1.0486404114e-01
    2.0075000000e+05    8.5822749917e-02
    2.0100000000e+05    9.7374731285e-02
    2.0125000000e+05    8.5607651070e-02
    2.0150000000e+05    8.2261867890e-02
    2.0175000000e+05    1.0717920701e-01
    2.0200000000e+05    1.0777643217e-01
    2.0225000000e+05    9.6695991247e-02
    2.0250000000e+05    1.1994873037e-01
    2.0275000000e+05    1.0921179117e-01
    2.0300000000e+05    9.7499193411e-02
    2.0325000000e+05    1.1685921549e-01
    2.0350000000e+05    9.0652160716e-02
    2.0375000000e+05    9.8801468519e-02
    2.0400000000e+05    1.0950794917e-01
    2.0425000000e+05    1.1138143774e-01
    2.0450000000e+05    9.5755136985e-02
    2.0475000000e+05    1.2661555754e-01
    2.0500000000e+05    1.1592842245e-01
    2.0525000000e+05    1.0528972370e-01
    2.0550000000e+05    1.3431961821e-01
    2.0575000000e+05    1.3895354254e-01
    2.0600000000e+05    8.1613060142e-02
    2.0625000000e+05    9.5767448608e-02
    2.0650000000e+05    9.3255305935e-02
    2.0675000000e+05    8.4926191593e-02
    2.0700000000e+05    9.3873870927e-02
    2.0725000000e+05    8.1697513288e-02
    2.0750000000e+05    1.0724530611e-01
    2.0775000000e+05    8.5701341736e-02
    2.0800000000e+05    9.9126481106e-02
    2.0825000000e+05    1.6800371451e-01
    2.0850000000e+05    1.0647963532e-01
    2.0875000000e+05    1.4647948649e-01
    2.0900000000e+05    1.8595553756e-01
    2.0925000000e+05    2.5917423971e-01
    2.0950000000e+05    1.6503865636e-01
    2.0975000000e+05    1.4459513442e-01
    2.1000000000e+05    8.1491502794e-02
    2.1025000000e+05    8.8437171347e-02
    2.1050000000e+05    1.0327740967e-01
    2.1075000000e+05    9.5123575232e-02
    2.1100000000e+05    1.2469550454e-01
    2.1125000000e+05    9.1179860808e-02
    2.1150000000e+05    1.0301626092e-01
    2.1175000000e+05    8.3769426794e-02
    2.1200000000e+05    9.8242015830e-02
    2.1225000000e+05    8.9504237715e-02
    2.1250000000e+05    1.2603797550e-01
    2.1275000000e+05    9.0427434986e-02
    2.1300000000e+05    1.0067331457e-01
    2.1325000000e+05    8.9693022164e-02
    2.1350000000e+05    1.0787135516e-01
    2.1375000000e+05    9.3601548380e-02
    2.1400000000e+05    1.3784848526e-01
    2.1425000000e+05    9.5878427269e-02
    2.1450000000e+05    9.8209130395e-02
    2.1475000000e+05    1.2382281575e-01
    2.1500000000e+05    8.5555035089e-02
    2.1525000000e+05    1.0030631834e-01
    2.1550000000e+05    9.8313268096e-02
    2.1575000000e+05    9.7943493600e-02
    2.1600000000e+05    1.2761623066e-01
    2.1625000000e+05    1.0237268539e-01
    2.1650000000e+05    1.0905005048e-01
    2.1675000000e+05    1.2299449106e-01
    2.1700000000e+05    1.0733821751e-01
    2.1725000000e+05    9.7018059572e-02
    2.1750000000e+05    8.2537257453e-02
    2.1775000000e+05    1.1759667211e-01
    2.1800000000e+05    7.9226063669e-02
    2.1825000000e+05    9.8551525308e-02
    2.1850000000e+05    9.6211709508e-02
    2.1875000000e+05    1.1209675591e-01
    2.1900000000e+05    1.2890516496e-01
    2.1925000000e+05    1.9748691446e-01
    2.1950000000e+05    1.0979452585e-01
    2.1975000000e+05    1.0637962884e-01
    2.2000000000e+05    1.0796875061e-01
    2.2025000000e+05    1.8887576210e-01
    2.2050000000e+05    1.1287526415e-01
    2.2075000000e+05    8.8929382408e-02
    2.2100000000e+05    1.0818082597e-01
    2.2125000000e+05    1.1956357997e-01
    2.2150000000e+05    1.2901462621e-01
    2.2175000000e+05    1.3873393092e-01
    2.2200000000e+05    1.6099871222e-01
    2.2225000000e+05    1.0994663459e-01
    2.2250000000e+05    9.5240264370e-02
    2.2275000000e+05    1.0498300464e-01
    2.2300000000e+05    1.3609197725e-01
    2.2325000000e+05    1.1936931108e-01
    2.2350000000e+05    1.9933665299e-01
    2.2375000000e+05    1.3035485387e-01
    2.2400000000e+05    7.5936059052e-02
    2.2425000000e+05    1.0600392574e-01
    2.2450000000e+05    7.8096126663e-02
    2.2475000000e+05    1.2328618987e-01
    2.2500000000e+05    9.1749611625e-02
    2.2525000000e+05    1.0603707624e-01
    2.2550000000e+05    7.9238969690e-02
    2.2575000000e+05    9.9604629862e-02
    2.2600000000e+05    9.6447238267e-02
    2.2625000000e+05    8.3457770178e-02
    2.2650000000e+05    9.9038139646e-02
    2.2675000000e+05    1.4457915931e-01
    2.2700000000e+05    9.6059771233e-02
    2.2725000000e+05    1.1278316689e-01
    2.2750000000e+05    8.8235710430e-02
    2.2775000000e+05    1.0220747618e-01
    2.2800000000e+05    9.0067728480e-02
    2.2825000000e+05    9.7789488773e-02
    2.2850000000e+05    9.3096979123e-02
    2.2875000000e+05    9.1978440337e-02
    2.2900000000e+05    1.6478833468e-01
    2.2925000000e+05    1.8029927837e-01
    2.2950000000e+05    1.3460318097e-01
    2.2975000000e+05    9.3515107697e-02
    2.3000000000e+05    9.3304372501e-02
    2.3025000000e+05    8.9514011148e-02
    2.3050000000e+05    9.5868710347e-02
    2.3075000000e+05    1.2734890617e-01
    2.3100000000e+05    1.0944401603e-01
    2.3125000000e+05    1.0695373652e-01
    2.3150000000e+05    1.0049594691e-01
    2.3175000000e+05    9.9132831694e-02
    2.3200000000e+05    1.0395489052e-01
    2.3225000000e+05    9.0364131950e-02
    2.3250000000e+05    1.0431050751e-01
    2.3275000000e+05    1.0880641255e-01
    2.3300000000e+05    9.4311961577e-02
    2.3325000000e+05    1.2931781998e-01
    2.3350000000e+05    1.4237868596e-01
    2.3375000000e+05    1.2867371418e-01
    2.3400000000e+05    1.1213299234e-01
    2.3425000000e+05    1.0975311813e-01
    2.3450000000e+05    8.3567828802e-02
    2.3475000000e+05    1.3847988655e-01
    2.3500000000e+05    9.5165706696e-02
    2.3525000000e+05    1.0505174427e-01
    2.3550000000e+05    1.1262561274e-01
    2.3575000000e+05    1.0562968221e-01
    2.3600000000e+05    9.5168576866e-02
    2.3625000000e+05    1.0617285656e-01
    2.3650000000e+05    1.0480060877e-01
    2.3675000000e+05    1.1830016794e-01
    2.3700000000e+05    8.9983593448e-02
    2.3725000000e+05    9.0560594466e-02
    2.3750000000e+05    1.2470660698e-01
    2.3775000000e+05    9.9148574281e-02
    2.3800000000e+05    9.9239586247e-02
    2.3825000000e+05    1.0669990190e-01
    2.3850000000e+05    9.1124280651e-02
    2.3875000000e+05    9.3371300336e-02
    2.3900000000e+05    8.1348768878e-02
    2.3925000000e+05    1.1604240983e-01
    2.3950000000e+05    1.0539657629e-01
    2.3975000000e+05    9.7526873470e-02
    2.4000000000e+05    9.2551319363e-02
    2.4025000000e+05    7.8509051062e-02
    2.4050000000e+05    9.5905889783e-02
    2.4075000000e+05    8.5722399882e-02
    2.4100000000e+05    1.0714199520e-01
    2.4125000000e+05    1.0114501616e-01
    2.4150000000e+05    8.3328228605e-02
    2.4175000000e+05    9.6973066654e-02
    2.4200000000e+05    1.0258740639e-01
    2.4225000000e+05    8.9500451530e-02
    2.4250000000e+05    1.1450026416e-01
    2.4275000000e+05    9.6893060900e-02
    2.4300000000e+05    1.3709096349e-01
    2.4325000000e+05    9.8078306917e-02
    2.4350000000e+05    9.1391654718e-02
    2.4375000000e+05    9.8555878070e-02
    2.4400000000e+05    1.1878700158e-01
    2.4425000000e+05    1.0543538569e-01
    2.4450000000e+05    1.1766987815e-01
    2.4475000000e+05    1.0616083962e-01
    2.4500000000e+05    1.1802398295e-01
    2.4525000000e+05    8.4387912918e-02
    2.4550000000e+05    9.3496384576e-02
    2.4575000000e+05    1.6823065467e-01
    2.4600000000e+05    9.1968148571e-02
    2.4625000000e+05    1.1124317042e-01
    2.4650000000e+05    1.2758934762e-01
    2.4675000000e+05    6.9520501296e-02
    2.4700000000e+05    8.7035175245e-02
    2.4725000000e+05    1.4332339463e-01
    2.4750000000e+05    1.1205256572e-01
    2.4775000000e+05    9.9310910832e-02
    2.4800000000e+05    8.4906862439e-02
    2.4825000000e+05    1.1628998247e-01
    2.4850000000e+05    1.1431615419e-01
    2.4875000000e+05    1.6111013440e-01
    2.4900000000e+05    2.6064634988e-01
    2.4925000000e+05    9.1457019014e-02
    2.4950000000e+05    1.1930150639e-01
    2.4975000000e+05    1.1534654464e-01
    2.5000000000e+05    1.1089668131e-01
    2.5025000000e+05    1.1936018267e-01
    2.5050000000e+05    1.0042127774e-01
    2.5075000000e+05    1.0473360437e-01
    2.5100000000e+05    1.0589912792e-01
    2.5125000000e+05    1.1347819247e-01
    2.5150000000e+05    9.0498181363e-02
    2.5175000000e+05    9.7374014686e-02
    2.5200000000e+05    9.1892997118e-02
    2.5225000000e+05    1.1095190967e-01
    2.5250000000e+05    1.0440830472e-01
    2.5275000000e+05    1.1729947668e-01
    2.5300000000e+05    9.9363485396e-02
    2.5325000000e+05    1.4407151624e-01
    2.5350000000e+05    1.8172990938e-01
    2.5375000000e+05    1.6641691923e-01
    2.5400000000e+05    1.3437729992e-01
    2.5425000000e+05    1.2084681842e-01
    2.5450000000e+05    1.2904996213e-01
    2.5475000000e+05    1.1397881515e-01
    2.5500000000e+05    1.2568090031e-01
    2.5525000000e+05    9.0536890956e-02
    2.5550000000e+05    1.1917453921e-01
    2.5575000000e+05    9.5324033988e-02
    2.5600000000e+05    1.0620959872e-01
    2.5625000000e+05    1.1178948349e-01
    2.5650000000e+05    9.2952546045e-02
    2.5675000000e+05    1.0586500948e-01
    2.5700000000e+05    9.6130932048e-02
    2.5725000000e+05    1.1449044935e-01
    2.5750000000e+05    1.1027778281e-01
    2.5775000000e+05    9.2652957204e-02
    2.5800000000e+05    1.0928158901e-01
    2.5825000000e+05    8.4528690968e-02
    2.5850000000e+05    1.0491861033e-01
    2.5875000000e+05    1.2042061282e-01
    2.5900000000e+05    8.8572251321e-02
    2.5925000000e+05    1.0024599579e-01
    2.5950000000e+05    1.2293445376e-01
    2.5975000000e+05    8.1980805908e-02
    2.6000000000e+05    9.8151887114e-02
    2.6025000000e+05    9.2054850179e-02
    2.6050000000e+05    7.9093697049e-02
    2.6075000000e+05    8.7351991092e-02
    2.6100000000e+05    9.7984707149e-02
    2.6125000000e+05    8.6200192962e-02
    2.6150000000e+05    9.0462252194e-02
    2.6175000000e+05    1.0617281172e-01
    2.6200000000e+05    7.9816898347e-02
    2.6225000000e+05    1.0502173187e-01
    2.6250000000e+05    9.8933160067e-02
    2.6275000000e+05    1.0431475652e-01
    2.6300000000e+05    1.0174566370e-01
    2.6325000000e+05    1.2276392753e-01
    2.6350000000e+05    1.1233503383e-01
    2.6375000000e+05    1.6394074086e-01
    2.6400000000e+05    1.1460307016e-01
    2.6425000000e+05    1.2271417013e-01
    2.6450000000e+05    1.4465024975e-01
    2.6475000000e+05    1.2068895722e-01
    2.6500000000e+05    1.2764448728e-01
    2.6525000000e+05    1.0240413946e-01
    2.6550000000e+05    1.1314231834e-01
    2.6575000000e+05    1.2869335380e-01
    2.6600000000e+05    1.0101579859e-01
    2.6625000000e+05    1.1581418997e-01
    2.6650000000e+05    9.9871646633e-02
    2.6675000000e+05    8.4722440925e-02
    2.6700000000e+05    1.1157970545e-01
    2.6725000000e+05    1.2238315756e-01
    2.6750000000e+05    8.6255817522e-02
    2.6775000000e+05    8.7378780873e-02
    2.6800000000e+05    9.4342603591e-02
    2.6825000000e+05    1.1077563513e-01
    2.6850000000e+05    8.4412364176e-02
    2.6875000000e+05    1.2805953411e-01
    2.6900000000e+05    8.9231142029e-02
    2.6925000000e+05    1.0941650710e-01
    2.6950000000e+05    1.0735360666e-01
    2.6975000000e+05    1.9381531485e-01
    2.7000000000e+05    1.4745840500e-01
    2.7025000000e+05    1.2089593698e-01
    2.7050000000e+05    9.0262371214e-02
    2.7075000000e+05    1.2397317567e-01
    2.7100000000e+05    1.1527723758e-01
    2.7125000000e+05    1.0255399716e-01
    2.7150000000e+05    1.0172634642e-01
    2.7175000000e+05    9.9555460604e-02
    2.7200000000e+05    8.5075016980e-02
    2.7225000000e+05    8.9532617169e-02
    2.7250000000e+05    8.4375200201e-02
    2.7275000000e+05    8.6119482952e-02
    2.7300000000e+05    1.0817155563e-01
    2.7325000000e+05    9.6240924848e-02
    2.7350000000e+05    9.2848468181e-02
    2.7375000000e+05    9.4206922652e-02
    2.7400000000e+05    1.1096378225e-01
    2.7425000000e+05    1.0851666693e-01
    2.7450000000e+05    9.5025928463e-02
    2.7475000000e+05    1.7673049850e-01
    2.7500000000e+05    1.2633034864e-01
    2.7525000000e+05    1.2836099760e-01
    2.7550000000e+05    1.1476125445e-01
    2.7575000000e+05    2.4695394007e-01
    2.7600000000e+05    1.1236886229e-01
    2.7625000000e+05    1.1127032180e-01
    2.7650000000e+05    1.2961126415e-01
    2.7675000000e+05    1.0328861675e-01
    2.7700000000e+05    1.1142288074e-01
    2.7725000000e+05    1.1148288035e-01
    2.7750000000e+05    1.1010208121e-01
    2.7775000000e+05    1.0548097187e-01
    2.7800000000e+05    1.1276947939e-01
    2.7825000000e+05    8.9120636616e-02
    2.7850000000e+05    1.0297272511e-01
    2.7875000000e+05    9.4280326851e-02
    2.7900000000e+05    1.1141203780e-01
    2.7925000000e+05    1.0716516050e-01
    2.7950000000e+05    8.7998026695e-02
    2.7975000000e+05    1.0773209712e-01
    2.8000000000e+05    1.2620280229e-01
    2.8025000000e+05    9.5861642229e-02
    2.8050000000e+05    1.2476777175e-01
    2.8075000000e+05    1.8040166632e-01
    2.8100000000e+05    1.3921958292e-01
    2.8125000000e+05    1.3992989881e-01
    2.8150000000e+05    1.1986066490e-01
    2.8175000000e+05    9.2058951272e-02
    2.8200000000e+05    1.2281286522e-01
    2.8225000000e+05    1.0256661469e-01
    2.8250000000e+05    9.6132596087e-02
    2.8275000000e+05    1.8639120291e-01
    2.8300000000e+05    8.9505183405e-02
    2.8325000000e+05    9.6138044992e-02
    2.8350000000e+05    1.0036392936e-01
    2.8375000000e+05    1.0025634086e-01
    2.8400000000e+05    7.8426147919e-02
    2.8425000000e+05    1.0371909620e-01
    2.8450000000e+05    9.5007286104e-02
    2.8475000000e+05    2.1204732043e-01
    2.8500000000e+05    1.1049841431e-01
    2.8525000000e+05    1.0694249898e-01
    2.8550000000e+05    7.8814534451e-02
    2.8575000000e+05    1.3120839674e-01
    2.8600000000e+05    9.5863079866e-02
    2.8625000000e+05    8.4814770590e-02
    2.8650000000e+05    1.3901524041e-01
    2.8675000000e+05    1.2648420556e-01
    2.8700000000e+05    1.1520301592e-01
    2.8725000000e+05    1.1602203891e-01
    2.8750000000e+05    1.4626999303e-01
    2.8775000000e+05    9.0177396720e-02
    2.8800000000e+05    1.5722446732e-01
    2.8825000000e+05    1.0966267418e-01
    2.8850000000e+05    9.8953200641e-02
    2.8875000000e+05    1.0311594821e-01
    2.8900000000e+05    8.7014909829e-02
    2.8925000000e+05    7.3855768091e-02
    2.8950000000e+05    1.0488832152e-01
    2.8975000000e+05    1.6880996823e-01
    2.9000000000e+05    1.1081678256e-01
    2.9025000000e+05    1.4351005686e-01
    2.9050000000e+05    1.0190628792e-01
    2.9075000000e+05    9.2638899138e-02
    2.9100000000e+05    9.6403169081e-02
    2.9125000000e+05    9.6330624560e-02
    2.9150000000e+05    1.0672873038e-01
    2.9175000000e+05    1.0305177977e-01
    2.9200000000e+05    1.8540189464e-01
    2.9225000000e+05    2.3856792402e-01
    2.9250000000e+05    1.0421227697e-01
    2.9275000000e+05    9.0837293197e-02
    2.9300000000e+05    1.0590978081e-01
    2.9325000000e+05    1.0256646696e-01
    2.9350000000e+05    9.0187831136e-02
    2.9375000000e+05    1.1553007264e-01
    2.9400000000e+05    9.5594764972e-02
    2.9425000000e+05    1.4376800145e-01
    2.9450000000e+05    1.4112894306e-01
    2.9475000000e+05    1.8823845063e-01
    2.9500000000e+05    2.4059680558e-01
    2.9525000000e+05    2.5168545059e-01
    2.9550000000e+05    2.2641828686e-01
    2.9575000000e+05    2.7161063213e-01
    2.9600000000e+05    1.9862176178e-01
    2.9625000000e+05    8.9663400800e-02
    2.9650000000e+05    1.4989423041e-01
    2.9675000000e+05    1.2306734573e-01
    2.9700000000e+05    9.7091575099e-02
    2.9725000000e+05    9.7131073609e-02
    2.9750000000e+05    1.1594044386e-01
    2.9775000000e+05    1.2189852137e-01
    2.9800000000e+05    1.3322941832e-01
    2.9825000000e+05    9.3846845864e-02
    2.9850000000e+05    1.1944575999e-01
    2.9875000000e+05    1.1506384229e-01
    2.9900000000e+05    1.2494242048e-01
    2.9925000000e+05    8.8642209647e-02
    2.9950000000e+05    8.6930078659e-02
    2.9975000000e+05    1.0750154643e-01
    3.0000000000e+05    1.1864414005e-01
    3.0025000000e+05    1.1787039459e-01
    3.0050000000e+05    1.1352679671e-01
    3.0075000000e+05    1.0688731062e-01
    3.0100000000e+05    8.2613873371e-02
    3.0125000000e+05    9.7912795335e-02
    3.0150000000e+05    9.2063492961e-02
    3.0175000000e+05    8.5757379324e-02
    3.0200000000e+05    9.5623800588e-02
    3.0225000000e+05    9.5227204918e-02
    3.0250000000e+05    8.6326596972e-02
    3.0275000000e+05    1.1033190082e-01
    3.0300000000e+05    7.8083345251e-02
    3.0325000000e+05    8.7842607637e-02
    3.0350000000e+05    8.8177535437e-02
    3.0375000000e+05    1.1312868666e-01
    3.0400000000e+05    8.8407750049e-02
    3.0425000000e+05    9.5906883991e-02
    3.0450000000e+05    9.1834964210e-02
    3.0475000000e+05    1.0912811441e-01
    3.0500000000e+05    1.0013891831e-01
    3.0525000000e+05    9.1103088588e-02
    3.0550000000e+05    9.4244352596e-02
    3.0575000000e+05    1.2832749746e-01
    3.0600000000e+05    1.3659136772e-01
    3.0625000000e+05    8.9733082721e-02
    3.0650000000e+05    1.0182976420e-01
    3.0675000000e+05    1.1374344731e-01
    3.0700000000e+05    1.0978778255e-01
    3.0725000000e+05    1.3579160543e-01
    3.0750000000e+05    1.1266042325e-01
    3.0775000000e+05    9.7936674703e-02
    3.0800000000e+05    1.1538049228e-01
    3.0825000000e+05    9.7970339769e-02
    3.0850000000e+05    1.5873128435e-01
    3.0875000000e+05    9.4038755386e-02
    3.0900000000e+05    9.7862200431e-02
    3.0925000000e+05    1.0963547107e-01
    3.0950000000e+05    1.0288183547e-01
    3.0975000000e+05    9.7861255637e-02
    3.1000000000e+05    1.1533699488e-01
    3.1025000000e+05    1.1546283128e-01
    3.1050000000e+05    1.0554780682e-01
    3.1075000000e+05    9.8640156564e-02
    3.1100000000e+05    1.1657159967e-01
    3.1125000000e+05    8.2766285704e-02
    3.1150000000e+05    8.8932286935e-02
    3.1175000000e+05    1.0467256166e-01
    3.1200000000e+05    1.0143178066e-01
    3.1225000000e+05    1.1183925464e-01
    3.1250000000e+05    1.1350673932e-01
    3.1275000000e+05    1.1319758939e-01
    3.1300000000e+05    9.1339001188e-02
    3.1325000000e+05    9.8069843807e-02
    3.1350000000e+05    1.0869827164e-01
    3.1375000000e+05    9.8420407237e-02
    3.1400000000e+05    9.7399413080e-02
    3.1425000000e+05    9.4113856099e-02
    3.1450000000e+05    9.7491944342e-02
    3.1475000000e+05    1.5179922228e-01
    3.1500000000e+05    1.0968945954e-01
    3.1525000000e+05    8.8729709045e-02
    3.1550000000e+05    8.4249312251e-02
    3.1575000000e+05    1.0490931447e-01
    3.1600000000e+05    1.0077168116e-01
    3.1625000000e+05    1.3214529346e-01
    3.1650000000e+05    1.5883059670e-01
    3.1675000000e+05    1.0522189868e-01
    3.1700000000e+05    9.6443122140e-02
    3.1725000000e+05    9.4384816912e-02
    3.1750000000e+05    1.1542371632e-01
    3.1775000000e+05    9.5228836881e-02
    3.1800000000e+05    1.1761651313e-01
    3.1825000000e+05    1.0061404841e-01
    3.1850000000e+05    7.3531653296e-02
    3.1875000000e+05    9.2684056215e-02
    3.1900000000e+05    1.1381310298e-01
    3.1925000000e+05    1.5657652713e-01
    3.1950000000e+05    1.2690150696e-01
    3.1975000000e+05    9.8737092000e-02
    3.2000000000e+05    1.0987836599e-01
    3.2025000000e+05    1.1235347612e-01
    3.2050000000e+05    1.1333515089e-01
    3.2075000000e+05    1.1093757472e-01
    3.2100000000e+05    9.6967285965e-02
    3.2125000000e+05    1.9843340138e-01
    3.2150000000e+05    1.5933436665e-01
    3.2175000000e+05    1.9451795369e-01
    3.2200000000e+05    2.7973937173e-01
    3.2225000000e+05    1.8181343790e-01
    3.2250000000e+05    1.6458659935e-01
    3.2275000000e+05    2.1840309136e-01
    3.2300000000e+05    1.9328348316e-01
    3.2325000000e+05    1.5921894000e-01
    3.2350000000e+05    2.7835396984e-01
    3.2375000000e+05    2.4185213588e-01
    3.2400000000e+05    2.2572394379e-01
    3.2425000000e+05    1.7046301650e-01
    3.2450000000e+05    2.3318534621e-01
    3.2475000000e+05    3.7321555355e-01
    3.2500000000e+05    2.6531079212e-01
    3.2525000000e+05    3.0671388361e-01
    3.2550000000e+05    2.1460834257e-01
    3.2575000000e+05    1.8910232031e-01
    3.2600000000e+05    2.7854090885e-01
    3.2625000000e+05    1.5453858827e-01
    3.2650000000e+05    1.4694205695e-01
    3.2675000000e+05    9.5983950357e-02
    3.2700000000e+05    1.0314540176e-01
    3.2725000000e+05    9.2704590829e-02
    3.2750000000e+05    1.0602686994e-01
    3.2775000000e+05    1.0441959355e-01
    3.2800000000e+05    1.3117889856e-01
    3.2825000000e+05    1.1344739521e-01
    3.2850000000e+05    9.5333516438e-02
    3.2875000000e+05    9.9145412401e-02
    3.2900000000e+05    9.3794371653e-02
    3.2925000000e+05    9.8430643002e-02
    3.2950000000e+05    1.2924212580e-01
    3.2975000000e+05    9.0333923462e-02
    3.3000000000e+05    9.7914320633e-02
    3.3025000000e+05    1.2620443203e-01
    3.3050000000e+05    1.0961769239e-01
    3.3075000000e+05    1.0775105479e-01
    3.3100000000e+05    1.1656748623e-01
    3.3125000000e+05    1.1551908187e-01
    3.3150000000e+05    1.8927031298e-01
    3.3175000000e+05    1.5251547905e-01
    3.3200000000e+05    1.7486227301e-01
    3.3225000000e+05    1.6606862310e-01
    3.3250000000e+05    1.7459541503e-01
    3.3275000000e+05    1.8984875206e-01
    3.3300000000e+05    1.2701136742e-01
    3.3325000000e+05    1.0781740247e-01
    3.3350000000e+05    1.2872500148e-01
    3.3375000000e+05    1.2233359584e-01
    3.3400000000e+05    1.3123848213e-01
    3.3425000000e+05    1.0713474190e-01
    3.3450000000e+05    9.2504157381e-02
    3.3475000000e+05    1.1054594345e-01
    3.3500000000e+05    7.9911439698e-02
    3.3525000000e+05    8.8336024133e-02
    3.3550000000e+05    7.8099866831e-02
    3.3575000000e+05    1.0077703799e-01
    3.3600000000e+05    9.7760298151e-02
    3.3625000000e+05    1.1516931579e-01
    3.3650000000e+05    1.1316629526e-01
    3.3675000000e+05    9.1262452251e-02
    3.3700000000e+05    9.6341038242e-02
    3.3725000000e+05    1.4054858258e-01
    3.3750000000e+05    1.2227162294e-01
    3.3775000000e+05    8.1391918466e-02
    3.3800000000e+05    8.7544441844e-02
    3.3825000000e+05    8.7714736789e-02
    3.3850000000e+05    9.1604016429e-02
    3.3875000000e+05    9.6527513046e-02
    3.3900000000e+05    1.1081631458e-01
    3.3925000000e+05    8.3742711900e-02
    3.3950000000e+05    9.5822046059e-02
    3.3975000000e+05    9.2238240333e-02
    3.4000000000e+05    9.6598094963e-02
    3.4025000000e+05    9.0451726841e-02
    3.4050000000e+05    1.2218123008e-01
    3.4075000000e+05    9.3681119747e-02
    3.4100000000e+05    8.8036526986e-02
    3.4125000000e+05    9.7060784934e-02
    3.4150000000e+05    1.1310733112e-01
    3.4175000000e+05    9.0964832906e-02
    3.4200000000e+05    9.7924588948e-02
    3.4225000000e+05    9.4559799414e-02
    3.4250000000e+05    9.2283428140e-02
    3.4275000000e+05    8.5309734871e-02
    3.4300000000e+05    9.3421053321e-02
    3.4325000000e+05    8.9902611858e-02
    3.4350000000e+05    7.3730689348e-02
    3.4375000000e+05    8.6174896793e-02
    3.4400000000e+05    9.7171125297e-02
    3.4425000000e+05    1.0574760328e-01
    3.4450000000e+05    7.7069203498e-02
    3.4475000000e+05    9.8371012780e-02
    3.4500000000e+05    9.1969881175e-02
    3.4525000000e+05    1.0442056851e-01
    3.4550000000e+05    1.2456584726e-01
    3.4575000000e+05    1.2192891372e-01
    3.4600000000e+05    1.0994560148e-01
    3.4625000000e+05    8.6282380943e-02
    3.4650000000e+05    1.3456747895e-01
    3.4675000000e+05    9.7773960537e-02
    3.4700000000e+05    1.0709857044e-01
    3.4725000000e+05    1.1432639629e-01
    3.4750000000e+05    1.1365128551e-01
    3.4775000000e+05    9.0583683969e-02
    3.4800000000e+05    1.1107371274e-01
    3.4825000000e+05    8.4876039856e-02
    3.4850000000e+05    9.8585722800e-02
    3.4875000000e+05    1.0076182734e-01
    3.4900000000e+05    9.6728016861e-02
    3.4925000000e+05    1.0497232405e-01
    3.4950000000e+05    9.1715422272e-02
    3.4975000000e+05    7.2811240262e-02
    3.5000000000e+05    8.9874607327e-02
    3.5025000000e+05    9.4410030270e-02
    3.5050000000e+05    9.5314640982e-02
    3.5075000000e+05    8.7910110941e-02
    3.5100000000e+05    8.4245835817e-02
    3.5125000000e+05    1.1272442032e-01
    3.5150000000e+05    9.9189644368e-02
    3.5175000000e+05    9.5097770508e-02
    3.5200000000e+05    1.0174651795e-01
    3.5225000000e+05    1.0992367430e-01
    3.5250000000e+05    1.2099890332e-01
    3.5275000000e+05    1.5112823073e-01
    3.5300000000e+05    1.0527097573e-01
    3.5325000000e+05    8.8165827078e-02
    3.5350000000e+05    9.5812640211e-02
    3.5375000000e+05    9.9944428896e-02
    3.5400000000e+05    1.0611072180e-01
    3.5425000000e+05    1.0244417751e-01
    3.5450000000e+05    8.7151301593e-02
    3.5475000000e+05    1.3433699019e-01
    3.5500000000e+05    8.3604496898e-02
    3.5525000000e+05    1.0085304254e-01
    3.5550000000e+05    1.2183315634e-01
    3.5575000000e+05    1.4432585563e-01
    3.5600000000e+05    1.3193867658e-01
    3.5625000000e+05    1.1074060016e-01
    3.5650000000e+05    1.0252185719e-01
    3.5675000000e+05    1.3093451353e-01
    3.5700000000e+05    9.9185046562e-02
    3.5725000000e+05    9.9230591180e-02
    3.5750000000e+05    1.0749408647e-01
    3.5775000000e+05    9.5761648313e-02
    3.5800000000e+05    8.7201421330e-02
    3.5825000000e+05    8.4456559211e-02
    3.5850000000e+05    1.5196113263e-01
    3.5875000000e+05    9.9387475291e-02
    3.5900000000e+05    1.2747844280e-01
    3.5925000000e+05    9.6892659996e-02
    3.5950000000e+05    9.7601067027e-02
    3.5975000000e+05    9.1117390381e-02
    3.6000000000e+05    1.0991688807e-01
    3.6025000000e+05    9.7081306009e-02
    3.6050000000e+05    8.1732075405e-02
    3.6075000000e+05    1.0594058654e-01
    3.6100000000e+05    1.0458147013e-01
    3.6125000000e+05    1.1715829824e-01
    3.6150000000e+05    9.6593925271e-02
    3.6175000000e+05    9.8625329533e-02
    3.6200000000e+05    9.8181871055e-02
    3.6225000000e+05    1.0591587616e-01
    3.6250000000e+05    9.4061950410e-02
    3.6275000000e+05    1.0682342963e-01
    3.6300000000e+05    1.0425777706e-01
    3.6325000000e+05    1.3304633526e-01
    3.6350000000e+05    9.1995392026e-02
    3.6375000000e+05    2.0223799017e-01
    3.6400000000e+05    9.4821758877e-02
    3.6425000000e+05    1.0686794615e-01
    3.6450000000e+05    9.5096139555e-02
    3.6475000000e+05    1.0696767905e-01
    3.6500000000e+05    9.3452458852e-02
    3.6525000000e+05    1.2025937070e-01
    3.6550000000e+05    9.8867844794e-02
    3.6575000000e+05    9.5629892923e-02
    3.6600000000e+05    9.4961690642e-02
    3.6625000000e+05    9.0828960137e-02
    3.6650000000e+05    1.1376555213e-01
    3.6675000000e+05    1.0902078509e-01
    3.6700000000e+05    9.6003999228e-02
    3.6725000000e+05    1.0934515637e-01
    3.6750000000e+05    9.4251246033e-02
    3.6775000000e+05    1.0282615610e-01
    3.6800000000e+05    1.1512490480e-01
    3.6825000000e+05    9.6487421319e-02
    3.6850000000e+05    1.2470524236e-01
    3.6875000000e+05    1.5308108751e-01
    3.6900000000e+05    1.0659533563e-01
    3.6925000000e+05    9.5045479661e-02
    3.6950000001e+05    9.0797197402e-02
    3.6975000001e+05    1.1238357311e-01
    3.7000000001e+05    8.7543673554e-02
    3.7025000001e+05    9.5140619516e-02
    3.7050000001e+05    1.0757246650e-01
    3.7075000001e+05    1.1608537938e-01
    3.7100000001e+05    1.0805257056e-01
    3.7125000001e+05    9.8288797725e-02
    3.7150000001e+05    1.1415096255e-01
    3.7175000001e+05    1.0796951950e-01
    3.7200000001e+05    9.3751198063e-02
    3.7225000001e+05    1.3434689154e-01
    3.7250000001e+05    1.2324013298e-01
    3.7275000001e+05    1.1509018579e-01
    3.7300000001e+05    1.2620699122e-01
    3.7325000001e+05    8.4660697151e-02
    3.7350000001e+05    1.0495999429e-01
    3.7375000001e+05    1.0532280870e-01
    3.7400000001e+05    1.1126848169e-01
    3.7425000001e+05    1.0064831830e-01
    3.7450000001e+05    1.2183168748e-01
    3.7475000001e+05    8.8597283231e-02
    3.7500000001e+05    1.0815477655e-01
    3.7525000001e+05    9.5105013002e-02
    3.7550000001e+05    1.9631755048e-01
    3.7575000001e+05    9.3255706786e-02
    3.7600000001e+05    8.5126869852e-02
    3.7625000001e+05    1.0592221718e-01
    3.7650000001e+05    9.5883075487e-02
    3.7675000001e+05    1.1301396607e-01
    3.7700000001e+05    1.0930104205e-01
    3.7725000001e+05    9.8788400887e-02
    3.7750000001e+05    1.0100316720e-01
    3.7775000001e+05    9.6590592539e-02
    3.7800000001e+05    1.6035225409e-01
    3.7825000001e+05    1.2906421128e-01
    3.7850000001e+05    1.0083639552e-01
    3.7875000001e+05    1.1678579396e-01
    3.7900000001e+05    1.3197530440e-01
    3.7925000001e+05    1.1439036588e-01
    3.7950000001e+05    1.0813725700e-01
    3.7975000001e+05    1.0785994632e-01
    3.8000000001e+05    9.9418951253e-02
    3.8025000001e+05    1.0552000691e-01
    3.8050000001e+05    1.1877845214e-01
    3.8075000001e+05    1.1438574452e-01
    3.8100000001e+05    9.4883580852e-02
    3.8125000001e+05    8.9768688957e-02
    3.8150000001e+05    1.2008348408e-01
    3.8175000001e+05    1.1091437506e-01
    3.8200000001e+05    9.9126961036e-02
    3.8225000001e+05    9.5678087689e-02
    3.8250000001e+05    8.4311115989e-02
    3.8275000001e+05    1.1287184216e-01
    3.8300000001e+05    1.0462234938e-01
    3.8325000001e+05    9.3495434000e-02
    3.8350000001e+05    8.4179254544e-02
    3.8375000001e+05    1.2453651916e-01
    3.8400000001e+05    9.7501833840e-02
    3.8425000001e+05    8.6271082849e-02
    3.8450000001e+05    2.1059617866e-01
    3.8475000001e+05    1.4879989092e-01
    3.8500000001e+05    8.3050925419e-02
    3.8525000001e+05    1.0367250844e-01
    3.8550000001e+05    1.8662001754e-01
    3.8575000001e+05    8.0728736579e-02
    3.8600000001e+05    7.1937488745e-02
    3.8625000001e+05    1.0464335817e-01
    3.8650000001e+05    1.1011624014e-01
    3.8675000001e+05    1.1229518012e-01
    3.8700000001e+05    8.3772465021e-02
    3.8725000001e+05    1.3263725331e-01
    3.8750000001e+05    1.0561207483e-01
    3.8775000001e+05    8.8792307070e-02
    3.8800000001e+05    1.0001617118e-01
    3.8825000001e+05    8.8417840495e-02
    3.8850000001e+05    1.3354447375e-01
    3.8875000001e+05    1.2292925009e-01
    3.8900000001e+05    9.8274038160e-02
    3.8925000001e+05    1.2681148002e-01
    3.8950000001e+05    9.4953447500e-02
    3.8975000001e+05    1.0108262282e-01
    3.9000000001e+05    1.2230836569e-01
    3.9025000001e+05    9.5767627091e-02
    3.9050000001e+05    1.0647320985e-01
    3.9075000001e+05    1.2259479826e-01
    3.9100000001e+05    1.2139374387e-01
    3.9125000001e+05    1.2814516951e-01
    3.9150000001e+05    1.2871552042e-01
    3.9175000001e+05    1.0466764012e-01
    3.9200000001e+05    1.9032282283e-01
    3.9225000001e+05    2.5765611634e-01
    3.9250000001e+05    9.2060549902e-02
    3.9275000001e+05    1.1583095386e-01
    3.9300000001e+05    1.2088325737e-01
    3.9325000001e+05    9.1235433994e-02
    3.9350000001e+05    1.3298332397e-01
    3.9375000001e+05    1.3142289245e-01
    3.9400000001e+05    1.4382746756e-01
    3.9425000001e+05    1.1581738703e-01
    3.9450000001e+05    9.2824177010e-02
    3.9475000001e+05    9.3403555219e-02
    3.9500000001e+05    1.2591440569e-01
    3.9525000001e+05    1.4221799265e-01
    3.9550000001e+05    1.1790153682e-01
    3.9575000001e+05    1.3062626958e-01
    3.9600000001e+05    1.2111383995e-01
    3.9625000001e+05    1.2744498704e-01
    3.9650000001e+05    1.6883787037e-01
    3.9675000001e+05    1.2017642894e-01
    3.9700000001e+05    9.6610205733e-02
    3.9725000001e+05    1.6390766184e-01
    3.9750000001e+05    2.0102170353e-01
    3.9775000001e+05    2.4083373936e-01
    3.9800000001e+05    1.3414709192e-01
    3.9825000001e+05    8.9811736996e-02
    3.9850000001e+05    1.1948276405e-01
    3.9875000001e+05    1.3998534568e-01
    3.9900000001e+05    1.3795381301e-01
    3.9925000001e+05    1.1933792696e-01
    3.9950000001e+05    1.2385570252e-01
    3.9975000001e+05    9.9721108233e-02
    4.0000000001e+05    1.0104251289e-01
    4.0025000001e+05    9.1797720813e-02
    4.0050000001e+05    9.1916273920e-02
    4.0075000001e+05    1.2642867506e-01
    4.0100000001e+05    1.0038574085e-01
    4.0125000001e+05    1.2767542094e-01
    4.0150000001e+05    1.0155431918e-01
    4.0175000001e+05    1.2289108638e-01
    4.0200000001e+05    8.8631280725e-02
    4.0225000001e+05    8.7399918855e-02
    4.0250000001e+05    1.3875845460e-01
    4.0275000001e+05    1.1969564275e-01
    4.0300000001e+05    1.0176151495e-01
    4.0325000001e+05    1.3398783493e-01
    4.0350000001e+05    1.0174638912e-01
    4.0375000001e+05    1.2944598305e-01
    4.0400000001e+05    1.2190074135e-01
    4.0425000001e+05    1.1958677202e-01
    4.0450000001e+05    1.1742186149e-01
    4.0475000001e+05    1.1532145405e-01
    4.0500000001e+05    9.7288794602e-02
    4.0525000001e+05    1.3026014721e-01
    4.0550000001e+05    9.0453630715e-02
    4.0575000001e+05    1.0249980570e-01
    4.0600000001e+05    8.6271505949e-02
    4.0625000001e+05    1.0166613416e-01
    4.0650000001e+05    1.0869537077e-01
    4.0675000001e+05    9.9332731947e-02
    4.0700000001e+05    9.2906570500e-02
    4.0725000001e+05    9.5505207305e-02
    4.0750000001e+05    9.0185446620e-02
    4.0775000001e+05    1.0043220258e-01
    4.0800000001e+05    7.4966638394e-02
    4.0825000001e+05    7.5818444580e-02
    4.0850000001e+05    9.4887094048e-02
    4.0875000001e+05    9.9295363778e-02
    4.0900000001e+05    1.2961386633e-01
    4.0925000001e+05    8.7915686605e-02
    4.0950000001e+05    1.0975705399e-01
    4.0975000001e+05    1.3760944638e-01
    4.1000000001e+05    1.1793396622e-01
    4.1025000001e+05    7.6444437683e-02
    4.1050000001e+05    9.3856117854e-02
    4.1075000001e+05    1.0503275246e-01
    4.1100000001e+05    9.9992615665e-02
    4.1125000001e+05    1.2374046507e-01
    4.1150000001e+05    1.1247589100e-01
    4.1175000001e+05    8.1862266966e-02
    4.1200000001e+05    1.0061551319e-01
    4.1225000001e+05    9.6992583128e-02
    4.1250000001e+05    1.3808077053e-01
    4.1275000001e+05    9.5747840716e-02
    4.1300000001e+05    1.0977776422e-01
    4.1325000001e+05    9.8503808051e-02
    4.1350000001e+05    1.2169314909e-01
    4.1375000001e+05    1.0398711116e-01
    4.1400000001e+05    8.5402005039e-02
    4.1425000001e+05    1.0365447419e-01
    4.1450000001e+05    8.8407592459e-02
    4.1475000001e+05    9.4940476819e-02
    4.1500000001e+05    1.3194447591e-01
    4.1525000001e+05    9.2859617877e-02
    4.1550000001e+05    1.2627767562e-01
    4.1575000001e+05    9.7054523513e-02
    4.1600000001e+05    9.5519024460e-02
    4.1625000001e+05    1.1044425750e-01
    4.1650000001e+05    1.1957573419e-01
    4.1675000001e+05    1.0816694306e-01
    4.1700000001e+05    1.0409323167e-01
    4.1725000001e+05    1.0171719173e-01
    4.1750000001e+05    1.0511494135e-01
    4.1775000001e+05    1.2218177409e-01
    4.1800000001e+05    1.1807289582e-01
    4.1825000001e+05    1.0604645094e-01
    4.1850000001e+05    1.0527260346e-01
    4.1875000001e+05    1.0285499413e-01
    4.1900000001e+05    1.1881550287e-01
    4.1925000001e+05    1.0510904291e-01
    4.1950000001e+05    1.6119228480e-01
    4.1975000001e+05    1.0657644847e-01
    4.2000000001e+05    1.0300475423e-01
    4.2025000001e+05    1.0134351185e-01
    4.2050000001e+05    9.8322600693e-02
    4.2075000001e+05    1.1025950772e-01
    4.2100000001e+05    1.6162138045e-01
    4.2125000001e+05    1.6768728398e-01
    4.2150000001e+05    1.1402133244e-01
    4.2175000001e+05    1.6626592616e-01
    4.2200000001e+05    9.5688101924e-02
    4.2225000001e+05    1.1163872864e-01
    4.2250000001e+05    1.2572038338e-01
    4.2275000001e+05    1.0891996396e-01
    4.2300000001e+05    1.4925433535e-01
    4.2325000001e+05    1.1123692090e-01
    4.2350000001e+05    1.2932170124e-01
    4.2375000001e+05    1.1573633322e-01
    4.2400000001e+05    9.9760303023e-02
    4.2425000001e+05    1.0475752404e-01
    4.2450000001e+05    1.2050622673e-01
    4.2475000001e+05    1.4011763646e-01
    4.2500000001e+05    1.3300560701e-01
    4.2525000001e+05    9.7576249574e-02
    4.2550000001e+05    9.5029596759e-02
    4.2575000001e+05    1.0388166589e-01
    4.2600000001e+05    9.3778398707e-02
    4.2625000001e+05    1.2116403511e-01
    4.2650000001e+05    8.6832571953e-02
    4.2675000001e+05    9.4444104593e-02
    4.2700000001e+05    1.0008325427e-01
    4.2725000001e+05    1.0413612808e-01
    4.2750000001e+05    9.7198259672e-02
    4.2775000001e+05    1.1387829469e-01
    4.2800000001e+05    1.1736410385e-01
    4.2825000001e+05    1.0122092966e-01
    4.2850000001e+05    1.2529681585e-01
    4.2875000001e+05    9.1604326433e-02
    4.2900000001e+05    1.0348226875e-01
    4.2925000001e+05    1.0752880979e-01
    4.2950000001e+05    1.1215836157e-01
    4.2975000001e+05    9.5212456401e-02
    4.3000000001e+05    8.8747323811e-02
    4.3025000001e+05    9.7097899716e-02
    4.3050000001e+05    1.1037978654e-01
    4.3075000001e+05    1.1250132164e-01
    4.3100000001e+05    1.1295392911e-01
    4.3125000001e+05    1.0090890151e-01
    4.3150000001e+05    9.6809866989e-02
    4.3175000001e+05    1.4790656358e-01
    4.3200000001e+05    1.3935083053e-01
    4.3225000001e+05    1.0452649270e-01
    4.3250000001e+05    8.5114253947e-02
    4.3275000001e+05    1.5167901105e-01
    4.3300000001e+05    1.1655236814e-01
    4.3325000001e+05    9.1353551130e-02
    4.3350000001e+05    1.0195390476e-01
    4.3375000001e+05    9.5566369846e-02
    4.3400000001e+05    1.0207936487e-01
    4.3425000001e+05    9.5277248316e-02
    4.3450000001e+05    8.1160608211e-02
    4.3475000001e+05    1.1501030248e-01
    4.3500000001e+05    1.0236662954e-01
    4.3525000001e+05    1.2057192104e-01
    4.3550000001e+05    9.2073699669e-02
    4.3575000001e+05    8.6827273474e-02
    4.3600000001e+05    9.4772540729e-02
    4.3625000001e+05    1.1843983038e-01
    4.3650000001e+05    9.7965732816e-02
    4.3675000001e+05    8.6734339469e-02
    4.3700000001e+05    1.1089127460e-01
    4.3725000001e+05    1.1235901341e-01
    4.3750000001e+05    9.9459321210e-02
    4.3775000001e+05    1.0863227981e-01
    4.3800000001e+05    1.0368958708e-01
    4.3825000001e+05    9.3039403463e-02
    4.3850000001e+05    1.1488737910e-01
    4.3875000001e+05    1.1459552149e-01
    4.3900000001e+05    1.0558571294e-01
    4.3925000001e+05    9.4809728041e-02
    4.3950000001e+05    9.0237500847e-02
    4.3975000001e+05    1.0197802252e-01
    4.4000000001e+05    1.0891132480e-01
    4.4025000001e+05    9.6234303422e-02
    4.4050000001e+05    1.0481573141e-01
    4.4075000001e+05    1.2229506772e-01
    4.4100000001e+05    1.0083856118e-01
    4.4125000001e+05    9.7125810195e-02
    4.4150000001e+05    1.3725049862e-01
    4.4175000001e+05    8.2212382155e-02
    4.4200000001e+05    8.8677170721e-02
    4.4225000001e+05    1.2573266882e-01
    4.4250000001e+05    1.0450875640e-01
    4.4275000001e+05    1.1541975133e-01
    4.4300000001e+05    9.3242909986e-02
    4.4325000001e+05    9.7662342493e-02
    4.4350000001e+05    9.2694263368e-02
    4.4375000001e+05    1.1206362992e-01
    4.4400000001e+05    9.8297811343e-02
    4.4425000001e+05    1.0329739116e-01
    4.4450000001e+05    1.0147385238e-01
    4.4475000001e+05    1.1047046779e-01
    4.4500000001e+05    8.7848063422e-02
    4.4525000001e+05    1.1035932673e-01
    4.4550000001e+05    9.2432387663e-02
    4.4575000001e+05    1.0339837320e-01
    4.4600000001e+05    9.3612109427e-02
    4.4625000001e+05    8.8251095578e-02
    4.4650000001e+05    9.7775282202e-02
    4.4675000001e+05    9.9493932760e-02
    4.4700000001e+05    1.0776310495e-01
    4.4725000001e+05    1.1787584960e-01
    4.4750000001e+05    1.0154139540e-01
    4.4775000001e+05    1.0044668387e-01
    4.4800000001e+05    8.8678665153e-02
    4.4825000001e+05    8.6749089144e-02
    4.4850000001e+05    1.8664201169e-01
    4.4875000001e+05    9.7628699744e-02
    4.4900000001e+05    9.4529088473e-02
    4.4925000001e+05    1.1959347088e-01
    4.4950000001e+05    9.5575221705e-02
    4.4975000001e+05    8.0412044533e-02
    4.5000000001e+05    1.1256825112e-01
    4.5025000001e+05    1.0797057406e-01
    4.5050000001e+05    8.7528468604e-02
    4.5075000001e+05    9.5701092412e-02
    4.5100000001e+05    8.1391932484e-02
    4.5125000001e+05    8.6801642438e-02
    4.5150000001e+05    8.6077888459e-02
    4.5175000001e+05    9.1356967666e-02
    4.5200000001e+05    1.1075932391e-01
    4.5225000001e+05    1.2887535039e-01
    4.5250000001e+05    1.3609953381e-01
    4.5275000001e+05    9.7214619601e-02
    4.5300000001e+05    1.2031729260e-01
    4.5325000001e+05    1.1250498593e-01
    4.5350000001e+05    1.1200162630e-01
    4.5375000001e+05    1.1109249103e-01
    4.5400000001e+05    1.0158177933e-01
    4.5425000001e+05    9.7881913955e-02
    4.5450000001e+05    8.4387005163e-02
    4.5475000001e+05    8.1066257176e-02
    4.5500000001e+05    9.9607000218e-02
    4.5525000001e+05    1.6654547281e-01
    4.5550000001e+05    1.3457091578e-01
    4.5575000001e+05    1.0219355781e-01
    4.5600000001e+05    1.2443000404e-01
    4.5625000001e+05    1.1472907504e-01
    4.5650000001e+05    1.2750238147e-01
    4.5675000001e+05    8.5487019829e-02
    4.5700000001e+05    1.1424435395e-01
    4.5725000001e+05    9.5770650872e-02
    4.5750000001e+05    1.1079559486e-01
    4.5775000001e+05    1.3057837632e-01
    4.5800000001e+05    1.1995704982e-01
    4.5825000001e+05    1.4799177083e-01
    4.5850000001e+05    1.1448913501e-01
    4.5875000001e+05    1.1801022598e-01
    4.5900000001e+05    9.5114211490e-02
    4.5925000001e+05    9.1442295327e-02
    4.5950000001e+05    9.7608753899e-02
    4.5975000001e+05    9.5944903418e-02
    4.6000000001e+05    8.9710873668e-02
    4.6025000001e+05    1.1123234913e-01
    4.6050000001e+05    9.8781347545e-02
    4.6075000001e+05    1.0386810328e-01
    4.6100000001e+05    1.3995451282e-01
    4.6125000001e+05    8.5337407643e-02
    4.6150000001e+05    9.2450932405e-02
    4.6175000001e+05    1.1328111875e-01
    4.6200000001e+05    1.0900515530e-01
    4.6225000001e+05    7.8365042387e-02
    4.6250000001e+05    9.4632937995e-02
    4.6275000001e+05    1.1580162396e-01
    4.6300000001e+05    1.0790328819e-01
    4.6325000001e+05    1.3260097695e-01
    4.6350000001e+05    9.2564171729e-02
    4.6375000001e+05    8.6152813882e-02
    4.6400000001e+05    1.3156733862e-01
    4.6425000001e+05    1.0425585068e-01
    4.6450000001e+05    1.1497951645e-01
    4.6475000001e+05    1.1721734106e-01
    4.6500000001e+05    9.0896589310e-02
    4.6525000001e+05    1.0799552722e-01
    4.6550000001e+05    1.1772633163e-01
    4.6575000001e+05    1.0615695779e-01
    4.6600000001e+05    1.3284330690e-01
    4.6625000001e+05    1.1725682705e-01
    4.6650000001e+05    8.5091894952e-02
    4.6675000001e+05    9.8703070514e-02
    4.6700000001e+05    8.9526521869e-02
    4.6725000001e+05    1.3835317364e-01
    4.6750000001e+05    9.4549092772e-02
    4.6775000001e+05    1.0731429752e-01
    4.6800000001e+05    9.0935441441e-02
    4.6825000001e+05    1.0450090477e-01
    4.6850000001e+05    1.0905702624e-01
    4.6875000001e+05    1.0729772626e-01
    4.6900000001e+05    8.8219615064e-02
    4.6925000001e+05    1.4197954835e-01
    4.6950000001e+05    1.1703799420e-01
    4.6975000001e+05    1.0996647675e-01
    4.7000000001e+05    1.2168571764e-01
    4.7025000001e+05    8.3811832875e-02
    4.7050000001e+05    1.1184433025e-01
    4.7075000001e+05    1.1844312570e-01
    4.7100000001e+05    1.4076645076e-01
    4.7125000001e+05    1.1529525286e-01
    4.7150000001e+05    7.9527207567e-02
    4.7175000001e+05    1.1746641640e-01
    4.7200000001e+05    1.1305062424e-01
    4.7225000001e+05    1.0255207916e-01
    4.7250000001e+05    1.0153081178e-01
    4.7275000001e+05    9.0781648054e-02
    4.7300000001e+05    9.7099677032e-02
    4.7325000001e+05    9.0547748754e-02
    4.7350000001e+05    1.1555601790e-01
    4.7375000001e+05    1.1061857472e-01
    4.7400000001e+05    8.5745930664e-02
    4.7425000001e+05    9.1726155290e-02
    4.7450000001e+05    9.4745363591e-02
    4.7475000001e+05    1.2412895984e-01
    4.7500000001e+05    8.4136327638e-02
    4.7525000001e+05    9.9674081244e-02
    4.7550000001e+05    9.7959360274e-02
    4.7575000001e+05    9.9342995686e-02
    4.7600000001e+05    1.0949177101e-01
    4.7625000001e+05    8.0315664160e-02
    4.7650000001e+05    1.0551692930e-01
    4.7675000001e+05    1.0932570323e-01
    4.7700000001e+05    1.3758462475e-01
    4.7725000001e+05    8.5396567882e-02
    4.7750000001e+05    1.1144307971e-01
    4.7775000001e+05    8.3794573767e-02
    4.7800000001e+05    7.6407008858e-02
    4.7825000001e+05    7.9214386081e-02
    4.7850000001e+05    9.3999523791e-02
    4.7875000001e+05    9.5756351257e-02
    4.7900000001e+05    1.1054991576e-01
    4.7925000001e+05    1.2409781067e-01
    4.7950000001e+05    1.1178548067e-01
    4.7975000001e+05    1.0443549925e-01
    4.8000000001e+05    8.8723370032e-02
    4.8025000001e+05    8.3910480302e-02
    4.8050000001e+05    9.8380700226e-02
    4.8075000001e+05    8.9568719512e-02
    4.8100000001e+05    1.0068349288e-01
    4.8125000001e+05    1.1759903854e-01
    4.8150000001e+05    8.8488672858e-02
    4.8175000001e+05    9.7290741193e-02
    4.8200000001e+05    1.0192070130e-01
    4.8225000001e+05    1.1436907691e-01
    4.8250000001e+05    9.3862390650e-02
    4.8275000001e+05    1.1260969770e-01
    4.8300000001e+05    1.4304008695e-01
    4.8325000001e+05    8.6310745463e-02
    4.8350000001e+05    9.7747800393e-02
    4.8375000001e+05    9.6521579187e-02
    4.8400000001e+05    1.3328498273e-01
    4.8425000001e+05    9.3793832738e-02
    4.8450000001e+05    1.0527396448e-01
    4.8475000001e+05    1.1554831889e-01
    4.8500000001e+05    9.3602003456e-02
    4.8525000001e+05    9.8370741760e-02
    4.8550000001e+05    9.6680771198e-02
    4.8575000001e+05    1.0763523132e-01
    4.8600000001e+05    1.0843454891e-01
    4.8625000001e+05    8.0812926371e-02
    4.8650000001e+05    9.8726917373e-02
    4.8675000001e+05    1.1873149890e-01
    4.8700000001e+05    9.3264309540e-02
    4.8725000001e+05    1.0563869704e-01
    4.8750000001e+05    1.1850705498e-01
    4.8775000001e+05    1.0390616086e-01
    4.8800000001e+05    1.0845263924e-01
    4.8825000001e+05    9.8844055913e-02
    4.8850000001e+05    9.6820840197e-02
    4.8875000001e+05    1.0542961977e-01
    4.8900000001e+05    8.3054209321e-02
    4.8925000001e+05    1.0946739686e-01
    4.8950000001e+05    1.1757847795e-01
    4.8975000001e+05    8.0841422692e-02
    4.9000000001e+05    9.1578068124e-02
    4.9025000001e+05    1.0865683931e-01
    4.9050000001e+05    1.0258568481e-01
    4.9075000001e+05    1.0481638102e-01
    4.9100000001e+05    1.4149054830e-01
    4.9125000001e+05    1.2354318628e-01
    4.9150000001e+05    1.1720502915e-01
    4.9175000001e+05    8.6217072284e-02
    4.9200000001e+05    8.5527169133e-02
    4.9225000001e+05    9.2896916140e-02
    4.9250000001e+05    8.1810861367e-02
    4.9275000001e+05    8.3255160777e-02
    4.9300000001e+05    8.8585222783e-02
    4.9325000001e+05    9.2839258741e-02
    4.9350000001e+05    1.2579774772e-01
    4.9375000001e+05    1.0477533383e-01
    4.9400000001e+05    1.0251495645e-01
    4.9425000001e+05    1.3624518649e-01
    4.9450000001e+05    1.0624379668e-01
    4.9475000001e+05    1.0768874307e-01
    4.9500000001e+05    1.1471702388e-01
    4.9525000001e+05    9.1404156625e-02
    4.9550000001e+05    1.0996216668e-01
    4.9575000001e+05    1.1404933097e-01
    4.9600000001e+05    1.0044033802e-01
    4.9625000001e+05    8.6835506565e-02
    4.9650000001e+05    1.1316998803e-01
    4.9675000001e+05    1.0748567740e-01
    4.9700000001e+05    1.0328313147e-01
    4.9725000001e+05    8.8440139658e-02
    4.9750000001e+05    9.0650484942e-02
    4.9775000001e+05    9.9694160380e-02
    4.9800000001e+05    1.2254453491e-01
    4.9825000001e+05    1.0782640830e-01
    4.9850000001e+05    1.2352560694e-01
    4.9875000001e+05    1.1995787448e-01
    4.9900000001e+05    9.2154171816e-02
    4.9925000001e+05    9.8874129932e-02
    4.9950000001e+05    1.1992894487e-01
    4.9975000001e+05    1.0856166502e-01
    5.0000000001e+05    1.2410592589e-01
