    7.5000000000e+01    1.6476701141e-01
    1.5000000000e+02    1.4968481528e-01
    2.2500000000e+02    1.9646119516e-01
    3.0000000000e+02    2.2023791819e-01
    3.7500000000e+02    1.6864741189e-01
    4.5000000000e+02    1.8063635412e-01
    5.2500000000e+02    1.4666955064e-01
    6.0000000000e+02    1.2198006424e-01
    6.7500000000e+02    1.6800600143e-01
    7.5000000000e+02    1.5810093857e-01
    8.2500000000e+02    1.4010796056e-01
    9.0000000000e+02    1.3834716454e-01
    9.7500000000e+02    1.6049067767e-01
    1.0500000000e+03    1.6608331870e-01
    1.1250000000e+03    1.0619531692e-01
    1.2000000000e+03    1.4912818763e-01
    1.2750000000e+03    7.4476456798e-02
    1.3500000000e+03    1.0565723841e-01
    1.4250000000e+03    1.0994089644e-01
    1.5000000000e+03    1.2793094615e-01
    1.5750000000e+03    1.9403598878e-01
    1.6500000000e+03    2.8687618465e-01
    1.7250000000e+03    1.5833540887e-01
    1.8000000000e+03    1.5126171018e-01
    1.8750000000e+03    1.3178913558e-01
    1.9500000000e+03    1.6408310259e-01
    2.0250000000e+03    1.0942543804e-01
    2.1000000000e+03    1.7323671784e-01
    2.1750000000e+03    1.4498007780e-01
    2.2500000000e+03    1.3182280262e-01
    2.3250000000e+03    1.4381153173e-01
    2.4000000000e+03    1.2869518554e-01
    2.4750000000e+03    1.3945420676e-01
    2.5500000000e+03    1.0865697965e-01
    2.6250000000e+03    9.9804868678e-02
    2.7000000000e+03    1.3893333535e-01
    2.7750000000e+03    1.3657233081e-01
    2.8500000000e+03    1.3959528654e-01
    2.9250000000e+03    8.9400736915e-02
    3.0000000000e+03    1.1287899533e-01
    3.0750000000e+03    1.5179604556e-01
    3.1500000000e+03    1.1853629510e-01
    3.2250000000e+03    1.1936679655e-01
    3.3000000000e+03    1.1506564472e-01
    3.3750000000e+03    1.2728003221e-01
    3.4500000000e+03    1.1756403585e-01
    3.5250000000e+03    1.2774845192e-01
    3.6000000000e+03    1.3301879087e-01
    3.6750000000e+03    1.6653943449e-01
    3.7500000000e+03    1.4066496799e-01
    3.8250000000e+03    1.3728117486e-01
    3.9000000000e+03    1.1765138666e-01
    3.9750000000e+03    1.2869900859e-01
    4.0500000000e+03    1.2929625736e-01
    4.1250000000e+03    1.1990378878e-01
    4.2000000000e+03    1.4080471029e-01
    4.2750000000e+03    8.9920196472e-02
    4.3500000000e+03    1.0739466224e-01
    4.4250000000e+03    1.2973566312e-01
    4.5000000000e+03    1.5013549159e-01
    4.5750000000e+03    1.0531169801e-01
    4.6500000000e+03    1.3371776463e-01
    4.7250000000e+03    1.4873026877e-01
    4.8000000000e+03    1.3632090170e-01
    4.8750000000e+03    1.2940332617e-01
    4.9500000000e+03    1.7563775612e-01
    5.0250000000e+03    1.3816512134e-01
    5.1000000000e+03    1.2211484007e-01
    5.1750000000e+03    1.3030407875e-01
    5.2500000000e+03    1.5411024088e-01
    5.3250000000e+03    1.2948274896e-01
    5.4000000000e+03    1.4508184068e-01
    5.4750000000e+03    1.2909758943e-01
    5.5500000000e+03    1.3204164479e-01
    5.6250000000e+03    9.0523169585e-02
    5.7000000000e+03    8.3583561557e-02
    5.7750000000e+03    1.0027569250e-01
    5.8500000000e+03    9.4839578308e-02
    5.9250000000e+03    1.2418816874e-01
    6.0000000000e+03    1.2851333809e-01
    6.0750000000e+03    1.4599777128e-01
    6.1500000000e+03    1.1722936180e-01
    6.2250000000e+03    1.1704019025e-01
    6.3000000000e+03    1.1774012309e-01
    6.3750000000e+03    1.5720864162e-01
    6.4500000000e+03    1.9423208388e-01
    6.5250000000e+03    1.8706704604e-01
    6.6000000000e+03    1.2614252131e-01
    6.6750000000e+03    1.3967759629e-01
    6.7500000000e+03    1.2543287789e-01
    6.8250000000e+03    1.3445352508e-01
    6.9000000000e+03    1.3872155836e-01
    6.9750000000e+03    1.3146688101e-01
    7.0500000000e+03    1.1735675686e-01
    7.1250000000e+03    1.3588785647e-01
    7.2000000000e+03    1.1249932227e-01
    7.2750000000e+03    1.2487471334e-01
    7.3500000000e+03    1.3156046741e-01
    7.4250000000e+03    1.0450688369e-01
    7.5000000000e+03    9.3788840392e-02
    7.5750000000e+03    1.5285000634e-01
    7.6500000000e+03    1.8285732955e-01
    7.7250000000e+03    1.2144882205e-01
    7.8000000000e+03    1.1254131500e-01
    7.8750000000e+03    1.5421441734e-01
    7.9500000000e+03    1.7658280375e-01
    8.0250000000e+03    1.5478821245e-01
    8.1000000000e+03    1.6067751179e-01
    8.1750000000e+03    1.2814092831e-01
    8.2500000000e+03    1.2124614251e-01
    8.3250000000e+03    1.1508915906e-01
    8.4000000000e+03    1.1153752355e-01
    8.4750000000e+03    1.2238329103e-01
    8.5500000000e+03    1.1828324557e-01
    8.6250000000e+03    1.2228945973e-01
    8.7000000000e+03    1.3855170162e-01
    8.7750000000e+03    1.2788618868e-01
    8.8500000000e+03    1.1024575947e-01
    8.9250000000e+03    1.2201802019e-01
    9.0000000000e+03    1.1174463278e-01
    9.0750000000e+03    9.7804899080e-02
    9.1500000000e+03    1.0024146814e-01
    9.2250000000e+03    1.1385651729e-01
    9.3000000000e+03    1.2397018552e-01
    9.3750000000e+03    1.3524512878e-01
    9.4500000000e+03    1.4286691211e-01
    9.5250000000e+03    1.5063884367e-01
    9.6000000000e+03    1.2515459561e-01
    9.6750000000e+03    1.0328946132e-01
    9.7500000000e+03    1.1971078853e-01
    9.8250000000e+03    1.0949637533e-01
    9.9000000000e+03    1.2057472268e-01
    9.9750000000e+03    1.3862782629e-01
    1.0050000000e+04    1.3983516750e-01
    1.0125000000e+04    1.3827960181e-01
    1.0200000000e+04    1.7549411539e-01
    1.0275000000e+04    1.6286232332e-01
    1.0350000000e+04    1.1549659282e-01
    1.0425000000e+04    1.2252357791e-01
    1.0500000000e+04    1.3143961966e-01
    1.0575000000e+04    1.4079881207e-01
    1.0650000000e+04    1.0976077046e-01
    1.0725000000e+04    1.3753282485e-01
    1.0800000000e+04    1.1780752086e-01
    1.0875000000e+04    1.3597801452e-01
    1.0950000000e+04    1.4664472614e-01
    1.1025000000e+04    1.6565587806e-01
    1.1100000000e+04    1.5953316719e-01
    1.1175000000e+04    9.9818394418e-02
    1.1250000000e+04    1.1999439177e-01
    1.1325000000e+04    1.2870098163e-01
    1.1400000000e+04    1.2147420467e-01
    1.1475000000e+04    1.4095302857e-01
    1.1550000000e+04    1.2916142590e-01
    1.1625000000e+04    1.1153608344e-01
    1.1700000000e+04    9.7388822632e-02
    1.1775000000e+04    1.0565259471e-01
    1.1850000000e+04    1.3114765466e-01
    1.1925000000e+04    1.1803055182e-01
    1.2000000000e+04    3.1508721040e-01
    1.2075000000e+04    2.0842536872e-01
    1.2150000000e+04    1.3675344856e-01
    1.2225000000e+04    1.5992929301e-01
    1.2300000000e+04    1.5665909146e-01
    1.2375000000e+04    1.5053340552e-01
    1.2450000000e+04    1.3539141089e-01
    1.2525000000e+04    1.2222449451e-01
    1.2600000000e+04    1.2802642575e-01
    1.2675000000e+04    1.2058565632e-01
    1.2750000000e+04    2.2157195282e-01
    1.2825000000e+04    1.2827411850e-01
    1.2900000000e+04    1.2581251600e-01
    1.2975000000e+04    1.2196274206e-01
    1.3050000000e+04    1.1054846209e-01
    1.3125000000e+04    1.1347801232e-01
    1.3200000000e+04    1.2734012902e-01
    1.3275000000e+04    1.1839977914e-01
    1.3350000000e+04    1.5699633831e-01
    1.3425000000e+04    1.6226885612e-01
    1.3500000000e+04    1.1262951140e-01
    1.3575000000e+04    1.4757670053e-01
    1.3650000000e+04    1.4610576673e-01
    1.3725000000e+04    1.5858877587e-01
    1.3800000000e+04    1.4262000734e-01
    1.3875000000e+04    1.0530012225e-01
    1.3950000000e+04    1.3579891093e-01
    1.4025000000e+04    1.8605322692e-01
    1.4100000000e+04    1.2932496173e-01
    1.4175000000e+04    1.3918546268e-01
    1.4250000000e+04    1.0060598362e-01
    1.4325000000e+04    1.3122659854e-01
    1.4400000000e+04    1.3514154956e-01
    1.4475000000e+04    1.3317418802e-01
    1.4550000000e+04    1.1183695664e-01
    1.4625000000e+04    1.3046304417e-01
    1.4700000000e+04    1.2244814944e-01
    1.4775000000e+04    1.1069906713e-01
    1.4850000000e+04    1.1434001204e-01
    1.4925000000e+04    1.0705122582e-01
    1.5000000000e+04    1.2070519961e-01
    1.5075000000e+04    1.1572071006e-01
    1.5150000000e+04    1.2295615483e-01
    1.5225000000e+04    1.4240423361e-01
    1.5300000000e+04    1.9609313236e-01
    1.5375000000e+04    1.2543586849e-01
    1.5450000000e+04    9.7067093443e-02
    1.5525000000e+04    1.4264865356e-01
    1.5600000000e+04    1.5984870899e-01
    1.5675000000e+04    1.1830364841e-01
    1.5750000000e+04    9.4458500918e-02
    1.5825000000e+04    1.2614661799e-01
    1.5900000000e+04    1.1833433558e-01
    1.5975000000e+04    1.1407422732e-01
    1.6050000000e+04    1.3821125535e-01
    1.6125000000e+04    1.4128631184e-01
    1.6200000000e+04    1.2073118397e-01
    1.6275000000e+04    1.1197873800e-01
    1.6350000000e+04    1.1949167626e-01
    1.6425000000e+04    9.1651083727e-02
    1.6500000000e+04    1.5467867561e-01
    1.6575000000e+04    1.1526006026e-01
    1.6650000000e+04    1.1266560192e-01
    1.6725000000e+04    8.9525617049e-02
    1.6800000000e+04    1.1629643735e-01
    1.6875000000e+04    1.6463276969e-01
    1.6950000000e+04    1.4614287898e-01
    1.7025000000e+04    1.1500976236e-01
    1.7100000000e+04    1.2122655154e-01
    1.7175000000e+04    1.6137597969e-01
    1.7250000000e+04    1.1952738654e-01
    1.7325000000e+04    1.0659088480e-01
    1.7400000000e+04    1.0877196171e-01
    1.7475000000e+04    1.1928366331e-01
    1.7550000000e+04    1.0736773178e-01
    1.7625000000e+04    1.3596842294e-01
    1.7700000000e+04    1.5083168154e-01
    1.7775000000e+04    1.2833056835e-01
    1.7850000000e+04    8.1199522096e-02
    1.7925000000e+04    1.1707983661e-01
    1.8000000000e+04    1.3800855243e-01
    1.8075000000e+04    1.1026697876e-01
    1.8150000000e+04    1.3231922703e-01
    1.8225000000e+04    1.4534026431e-01
    1.8300000000e+04    1.5724538646e-01
    1.8375000000e+04    1.1063415815e-01
    1.8450000000e+04    1.4106602505e-01
    1.8525000000e+04    1.1970412768e-01
    1.8600000000e+04    1.1647863412e-01
    1.8675000000e+04    1.3343285591e-01
    1.8750000000e+04    1.5360077516e-01
    1.8825000000e+04    2.4510296144e-01
    1.8900000000e+04    2.1118999439e-01
    1.8975000000e+04    1.1794157777e-01
    1.9050000000e+04    1.3348735621e-01
    1.9125000000e+04    1.2721216318e-01
    1.9200000000e+04    1.4207108338e-01
    1.9275000000e+04    1.3695448071e-01
    1.9350000000e+04    1.1797005611e-01
    1.9425000000e+04    1.0894563348e-01
    1.9500000000e+04    1.3673680136e-01
    1.9575000000e+04    1.4262039375e-01
    1.9650000000e+04    1.1229174187e-01
    1.9725000000e+04    1.2078968199e-01
    1.9800000000e+04    1.0089014538e-01
    1.9875000000e+04    1.5069427707e-01
    1.9950000000e+04    1.3272108683e-01
    2.0025000000e+04    7.2125867852e-02
    2.0100000000e+04    9.0967187776e-02
    2.0175000000e+04    7.9533727627e-02
    2.0250000000e+04    9.2833102928e-02
    2.0325000000e+04    1.3570354006e-01
    2.0400000000e+04    1.7896068407e-01
    2.0475000000e+04    1.7446761768e-01
    2.0550000000e+04    1.1195030521e-01
    2.0625000000e+04    9.5922501623e-02
    2.0700000000e+04    1.5436920501e-01
    2.0775000000e+04    1.4241432915e-01
    2.0850000000e+04    1.7710627752e-01
    2.0925000000e+04    1.9673307784e-01
    2.1000000000e+04    1.7668654141e-01
    2.1075000000e+04    1.6356798898e-01
    2.1150000000e+04    1.3180642139e-01
    2.1225000000e+04    1.0843582144e-01
    2.1300000000e+04    1.1083127973e-01
    2.1375000000e+04    1.1076670590e-01
    2.1450000000e+04    1.0866323291e-01
    2.1525000000e+04    8.8610838161e-02
    2.1600000000e+04    1.1729635068e-01
    2.1675000000e+04    1.3170129069e-01
    2.1750000000e+04    1.3339856509e-01
    2.1825000000e+04    7.5834157516e-02
    2.1900000000e+04    1.3130160877e-01
    2.1975000000e+04    9.2430737472e-02
    2.2050000000e+04    1.6978942733e-01
    2.2125000000e+04    1.5672150419e-01
    2.2200000000e+04    1.3482947207e-01
    2.2275000000e+04    2.1261407605e-01
    2.2350000000e+04    1.8151214461e-01
    2.2425000000e+04    1.3850669681e-01
    2.2500000000e+04    1.3198012007e-01
    2.2575000000e+04    1.2180341917e-01
    2.2650000000e+04    1.0601649708e-01
    2.2725000000e+04    1.2985964832e-01
    2.2800000000e+04    8.9774260404e-02
    2.2875000000e+04    1.1046823106e-01
    2.2950000000e+04    1.5560673204e-01
    2.3025000000e+04    1.2951242763e-01
    2.3100000000e+04    1.1567531602e-01
    2.3175000000e+04    1.4440324841e-01
    2.3250000000e+04    1.3491955388e-01
    2.3325000000e+04    1.3472422795e-01
    2.3400000000e+04    1.6534170196e-01
    2.3475000000e+04    1.2719159915e-01
    2.3550000000e+04    1.1676369424e-01
    2.3625000000e+04    1.0172541986e-01
    2.3700000000e+04    1.0053702398e-01
    2.3775000000e+04    1.0016544581e-01
    2.3850000000e+04    1.0368244750e-01
    2.3925000000e+04    1.1213469281e-01
    2.4000000000e+04    1.3580805628e-01
    2.4075000000e+04    1.2894231689e-01
    2.4150000000e+04    1.2512388792e-01
    2.4225000000e+04    1.4709618369e-01
    2.4300000000e+04    2.2248849770e-01
    2.4375000000e+04    9.4902475747e-02
    2.4450000000e+04    1.0188841940e-01
    2.4525000000e+04    9.4530869593e-02
    2.4600000000e+04    1.0438121735e-01
    2.4675000000e+04    9.1758265975e-02
    2.4750000000e+04    1.1250680766e-01
    2.4825000000e+04    1.1733457198e-01
    2.4900000000e+04    1.2189808713e-01
    2.4975000000e+04    9.8357679430e-02
    2.5050000000e+04    1.0084945869e-01
    2.5125000000e+04    1.6185912980e-01
    2.5200000000e+04    1.5668501034e-01
    2.5275000000e+04    1.4729035647e-01
    2.5350000000e+04    1.2529136272e-01
    2.5425000000e+04    1.1104319234e-01
    2.5500000000e+04    1.1715811090e-01
    2.5575000000e+04    1.4333419181e-01
    2.5650000000e+04    1.2232439947e-01
    2.5725000000e+04    1.7436299112e-01
    2.5800000000e+04    1.1103598331e-01
    2.5875000000e+04    8.8578380015e-02
    2.5950000000e+04    1.0338317627e-01
    2.6025000000e+04    7.8144882358e-02
    2.6100000000e+04    6.9638215069e-02
    2.6175000000e+04    1.2292359166e-01
    2.6250000000e+04    9.4944925105e-02
    2.6325000000e+04    1.3429224131e-01
    2.6400000000e+04    2.1261979700e-01
    2.6475000000e+04    4.4886386148e-01
    2.6550000000e+04    2.3737578237e-01
    2.6625000000e+04    1.3955562394e-01
    2.6700000000e+04    1.5017932270e-01
    2.6775000000e+04    1.6639674925e-01
    2.6850000000e+04    1.2073887092e-01
    2.6925000000e+04    1.0902098943e-01
    2.7000000000e+04    1.2394802311e-01
    2.7075000000e+04    1.5287025470e-01
    2.7150000000e+04    1.5435519077e-01
    2.7225000000e+04    1.7486580235e-01
    2.7300000000e+04    2.0242281739e-01
    2.7375000000e+04    1.6431383524e-01
    2.7450000000e+04    1.3768270717e-01
    2.7525000000e+04    9.7483556382e-02
    2.7600000000e+04    9.6891112152e-02
    2.7675000000e+04    1.1378447529e-01
    2.7750000000e+04    1.1661869765e-01
    2.7825000000e+04    1.0560740875e-01
    2.7900000000e+04    1.2897003928e-01
    2.7975000000e+04    1.2708383765e-01
    2.8050000000e+04    1.1957404398e-01
    2.8125000000e+04    1.5872801841e-01
    2.8200000000e+04    1.4050302209e-01
    2.8275000000e+04    1.4561778663e-01
    2.8350000000e+04    1.3068795994e-01
    2.8425000000e+04    1.2438644373e-01
    2.8500000000e+04    1.3573735658e-01
    2.8575000000e+04    1.3048531084e-01
    2.8650000000e+04    1.4744782750e-01
    2.8725000000e+04    1.1973402810e-01
    2.8800000000e+04    1.1579905507e-01
    2.8875000000e+04    1.1833619138e-01
    2.8950000000e+04    1.0922094976e-01
    2.9025000000e+04    1.3236864441e-01
    2.9100000000e+04    1.4210959329e-01
    2.9175000000e+04    1.3874155733e-01
    2.9250000000e+04    1.8163498435e-01
    2.9325000000e+04    1.6100230487e-01
    2.9400000000e+04    1.6616088979e-01
    2.9475000000e+04    1.4097216291e-01
    2.9550000000e+04    1.2413131421e-01
    2.9625000000e+04    1.0601445153e-01
    2.9700000000e+04    1.2390965566e-01
    2.9775000000e+04    1.3279795374e-01
    2.9850000000e+04    1.2683251991e-01
    2.9925000000e+04    2.3543013974e-01
    3.0000000000e+04    1.4376551670e-01
    3.0075000000e+04    9.6718180962e-02
    3.0150000000e+04    1.4931634648e-01
    3.0225000000e+04    1.0259693546e-01
    3.0300000000e+04    1.2417838004e-01
    3.0375000000e+04    1.2336314415e-01
    3.0450000000e+04    9.9052356535e-02
    3.0525000000e+04    8.6384168708e-02
    3.0600000000e+04    8.8696503983e-02
    3.0675000000e+04    1.2886065197e-01
    3.0750000000e+04    1.1747243906e-01
    3.0825000000e+04    1.3811783990e-01
    3.0900000000e+04    1.4007460742e-01
    3.0975000000e+04    1.0182038264e-01
    3.1050000000e+04    1.4348202426e-01
    3.1125000000e+04    1.6132584834e-01
    3.1200000000e+04    1.2569195059e-01
    3.1275000000e+04    1.4389256563e-01
    3.1350000000e+04    1.2699889877e-01
    3.1425000000e+04    1.1833698379e-01
    3.1500000000e+04    1.6141138284e-01
    3.1575000000e+04    1.2912293572e-01
    3.1650000000e+04    8.6373311070e-02
    3.1725000000e+04    9.5559583870e-02
    3.1800000000e+04    1.3608610223e-01
    3.1875000000e+04    1.7916035358e-01
    3.1950000000e+04    1.3860781227e-01
    3.2025000000e+04    1.0822291302e-01
    3.2100000000e+04    1.4026961809e-01
    3.2175000000e+04    1.3651888559e-01
    3.2250000000e+04    1.9280896452e-01
    3.2325000000e+04    1.9273103063e-01
    3.2400000000e+04    1.1815764402e-01
    3.2475000000e+04    1.0640513976e-01
    3.2550000000e+04    9.3941074921e-02
    3.2625000000e+04    1.0567028435e-01
    3.2700000000e+04    9.7731789095e-02
    3.2775000000e+04    9.7705572689e-02
    3.2850000000e+04    1.2122126134e-01
    3.2925000000e+04    1.0629926435e-01
    3.3000000000e+04    1.2692929432e-01
    3.3075000000e+04    2.0738330337e-01
    3.3150000000e+04    1.0984715674e-01
    3.3225000000e+04    1.2284533606e-01
    3.3300000000e+04    1.1922785161e-01
    3.3375000000e+04    1.3698332805e-01
    3.3450000000e+04    1.2669576974e-01
    3.3525000000e+04    9.9741116071e-02
    3.3600000000e+04    1.2950009699e-01
    3.3675000000e+04    1.2488888856e-01
    3.3750000000e+04    1.3849251516e-01
    3.3825000000e+04    1.1911904627e-01
    3.3900000000e+04    1.2684429331e-01
    3.3975000000e+04    1.0494325549e-01
    3.4050000000e+04    1.0409216872e-01
    3.4125000000e+04    1.4415241955e-01
    3.4200000000e+04    1.0609572474e-01
    3.4275000000e+04    1.8509977151e-01
    3.4350000000e+04    1.0936282885e-01
    3.4425000000e+04    1.2291330283e-01
    3.4500000000e+04    1.1556489210e-01
    3.4575000000e+04    1.3646291009e-01
    3.4650000000e+04    1.5290614867e-01
    3.4725000000e+04    1.2017959116e-01
    3.4800000000e+04    1.1231496245e-01
    3.4875000000e+04    1.2556911651e-01
    3.4950000000e+04    9.6877133025e-02
    3.5025000000e+04    1.1401635828e-01
    3.5100000000e+04    1.2666013294e-01
    3.5175000000e+04    8.4930681040e-02
    3.5250000000e+04    1.1460995891e-01
    3.5325000000e+04    1.3950267666e-01
    3.5400000000e+04    1.3885313020e-01
    3.5475000000e+04    1.4756679363e-01
    3.5550000000e+04    1.1519335350e-01
    3.5625000000e+04    1.0256254558e-01
    3.5700000000e+04    1.2894223716e-01
    3.5775000000e+04    1.3598213869e-01
    3.5850000000e+04    1.3588678070e-01
    3.5925000000e+04    1.0852379370e-01
    3.6000000000e+04    1.0628536258e-01
    3.6075000000e+04    1.3874352168e-01
    3.6150000000e+04    1.2901498474e-01
    3.6225000000e+04    1.2447386961e-01
    3.6300000000e+04    1.6855119837e-01
    3.6375000000e+04    1.3814450571e-01
    3.6450000000e+04    1.1101836961e-01
    3.6525000000e+04    1.4940150993e-01
    3.6600000000e+04    1.1992854510e-01
    3.6675000000e+04    1.5080644456e-01
    3.6750000000e+04    1.3326807937e-01
    3.6825000000e+04    1.2255882022e-01
    3.6900000000e+04    1.4014493299e-01
    3.6975000000e+04    1.2630742325e-01
    3.7050000000e+04    1.4923375408e-01
    3.7125000000e+04    2.0565684804e-01
    3.7200000000e+04    1.6453270492e-01
    3.7275000000e+04    1.7255115165e-01
    3.7350000000e+04    1.5612426397e-01
    3.7425000000e+04    1.5387032294e-01
    3.7500000000e+04    1.9320616253e-01
    3.7575000000e+04    1.7262252525e-01
    3.7650000000e+04    1.2026395383e-01
    3.7725000000e+04    1.0416051607e-01
    3.7800000000e+04    1.3220859531e-01
    3.7875000000e+04    1.6289369076e-01
    3.7950000000e+04    1.5438712193e-01
    3.8025000000e+04    1.3282628394e-01
    3.8100000000e+04    1.1260732072e-01
    3.8175000000e+04    1.0814660005e-01
    3.8250000000e+04    1.2586736770e-01
    3.8325000000e+04    1.4312630961e-01
    3.8400000000e+04    1.4072052387e-01
    3.8475000000e+04    1.5160504511e-01
    3.8550000000e+04    1.4918684887e-01
    3.8625000000e+04    1.1809121431e-01
    3.8700000000e+04    1.2609980077e-01
    3.8775000000e+04    1.4312489823e-01
    3.8850000000e+04    1.8278496688e-01
    3.8925000000e+04    1.4583771879e-01
    3.9000000000e+04    1.4121821803e-01
    3.9075000000e+04    1.1349092134e-01
    3.9150000000e+04    1.3059190290e-01
    3.9225000000e+04    1.3740787670e-01
    3.9300000000e+04    1.2074755904e-01
    3.9375000000e+04    1.6500558003e-01
    3.9450000000e+04    1.3138491285e-01
    3.9525000000e+04    1.0273140115e-01
    3.9600000000e+04    1.2276234699e-01
    3.9675000000e+04    1.2613771074e-01
    3.9750000000e+04    1.4331990100e-01
    3.9825000000e+04    1.2082902703e-01
    3.9900000000e+04    1.0948377032e-01
    3.9975000000e+04    1.1579631964e-01
    4.0050000000e+04    1.1126582538e-01
    4.0125000000e+04    1.0484546551e-01
    4.0200000000e+04    1.0561298726e-01
    4.0275000000e+04    9.3978360824e-02
    4.0350000000e+04    1.1943038436e-01
    4.0425000000e+04    1.2376263488e-01
    4.0500000000e+04    1.2260940222e-01
    4.0575000000e+04    1.6368236316e-01
    4.0650000000e+04    1.5187112205e-01
    4.0725000000e+04    1.1108035715e-01
    4.0800000000e+04    1.1461540264e-01
    4.0875000000e+04    1.3299553334e-01
    4.0950000000e+04    1.3737829624e-01
    4.1025000000e+04    1.3146950851e-01
    4.1100000000e+04    1.1940157776e-01
    4.1175000000e+04    9.1287034371e-02
    4.1250000000e+04    1.0525222351e-01
    4.1325000000e+04    1.2941494187e-01
    4.1400000000e+04    1.1817945141e-01
    4.1475000000e+04    1.4839989287e-01
    4.1550000000e+04    1.5144770159e-01
    4.1625000000e+04    1.4422252937e-01
    4.1700000000e+04    1.5647422625e-01
    4.1775000000e+04    1.3742545947e-01
    4.1850000000e+04    1.3866153132e-01
    4.1925000000e+04    1.3792004604e-01
    4.2000000000e+04    1.0878630457e-01
    4.2075000000e+04    1.3062339274e-01
    4.2150000000e+04    1.1084061129e-01
    4.2225000000e+04    1.2623807996e-01
    4.2300000000e+04    1.2139726640e-01
    4.2375000000e+04    9.5126467150e-02
    4.2450000000e+04    1.1830003751e-01
    4.2525000000e+04    1.0693637103e-01
    4.2600000000e+04    1.1256501866e-01
    4.2675000000e+04    1.0226783760e-01
    4.2750000000e+04    1.2641406271e-01
    4.2825000000e+04    1.4541952105e-01
    4.2900000000e+04    1.4876698938e-01
    4.2975000000e+04    1.6044270938e-01
    4.3050000000e+04    1.0715126577e-01
    4.3125000000e+04    1.0968007825e-01
    4.3200000000e+04    7.9602461898e-02
    4.3275000000e+04    1.1670465920e-01
    4.3350000000e+04    1.3711249950e-01
    4.3425000000e+04    1.3636837691e-01
    4.3500000000e+04    1.0503422834e-01
    4.3575000000e+04    1.2678298170e-01
    4.3650000000e+04    1.3554814428e-01
    4.3725000000e+04    1.4889710931e-01
    4.3800000000e+04    1.5986269259e-01
    4.3875000000e+04    1.5370541115e-01
    4.3950000000e+04    1.3537918635e-01
    4.4025000000e+04    1.3526465043e-01
    4.4100000000e+04    1.2347551377e-01
    4.4175000000e+04    1.2264260148e-01
    4.4250000000e+04    1.4656003303e-01
    4.4325000000e+04    1.4812191168e-01
    4.4400000000e+04    1.4272405677e-01
    4.4475000000e+04    1.3214779420e-01
    4.4550000000e+04    1.4579399465e-01
    4.4625000000e+04    1.4937823797e-01
    4.4700000000e+04    1.6781775343e-01
    4.4775000000e+04    1.7952743502e-01
    4.4850000000e+04    1.8420507393e-01
    4.4925000000e+04    1.1088996578e-01
    4.5000000000e+04    1.2761014054e-01
    4.5075000000e+04    1.3277377531e-01
    4.5150000000e+04    1.0558499445e-01
    4.5225000000e+04    1.1642455447e-01
    4.5300000000e+04    1.2512219550e-01
    4.5375000000e+04    1.3562312760e-01
    4.5450000000e+04    1.2392976120e-01
    4.5525000000e+04    1.4696914956e-01
    4.5600000000e+04    1.2894660935e-01
    4.5675000000e+04    1.2449726835e-01
    4.5750000000e+04    1.3829818803e-01
    4.5825000000e+04    1.3843979186e-01
    4.5900000000e+04    1.0805907275e-01
    4.5975000000e+04    1.3542618238e-01
    4.6050000000e+04    1.5102202447e-01
    4.6125000000e+04    1.2342627410e-01
    4.6200000000e+04    1.4559007578e-01
    4.6275000000e+04    1.3876273194e-01
    4.6350000000e+04    1.3844093201e-01
    4.6425000000e+04    1.2730785998e-01
    4.6500000000e+04    1.3480579750e-01
    4.6575000000e+04    1.1872611205e-01
    4.6650000000e+04    1.2413016787e-01
    4.6725000000e+04    1.3014248739e-01
    4.6800000000e+04    1.4181402241e-01
    4.6875000000e+04    1.3196833982e-01
    4.6950000000e+04    1.7286016845e-01
    4.7025000000e+04    1.3313223266e-01
    4.7100000000e+04    1.3178379410e-01
    4.7175000000e+04    1.4323941790e-01
    4.7250000000e+04    1.3217339194e-01
    4.7325000000e+04    1.4552733784e-01
    4.7400000000e+04    1.6034268375e-01
    4.7475000000e+04    1.3271497659e-01
    4.7550000000e+04    1.3166766078e-01
    4.7625000000e+04    1.2638497212e-01
    4.7700000000e+04    1.3447701161e-01
    4.7775000000e+04    1.1476442794e-01
    4.7850000000e+04    1.3594346561e-01
    4.7925000000e+04    1.3540117356e-01
    4.8000000000e+04    1.0542566767e-01
    4.8075000000e+04    1.1727320221e-01
    4.8150000000e+04    1.3169745195e-01
    4.8225000000e+04    1.2160993173e-01
    4.8300000000e+04    1.1655600295e-01
    4.8375000000e+04    9.9659608392e-02
    4.8450000000e+04    1.0517450525e-01
    4.8525000000e+04    1.3084982646e-01
    4.8600000000e+04    1.0653796398e-01
    4.8675000000e+04    1.2961217099e-01
    4.8750000000e+04    1.1011102179e-01
    4.8825000000e+04    9.7176214370e-02
    4.8900000000e+04    1.0899615072e-01
    4.8975000000e+04    1.0537792973e-01
    4.9050000000e+04    1.3331944497e-01
    4.9125000000e+04    1.3028202323e-01
    4.9200000000e+04    1.4989266320e-01
    4.9275000000e+04    1.5134608019e-01
    4.9350000000e+04    1.4340845381e-01
    4.9425000000e+04    1.5770216963e-01
    4.9500000000e+04    1.5297518182e-01
    4.9575000000e+04    1.0780794590e-01
    4.9650000000e+04    1.3479904874e-01
    4.9725000000e+04    1.2710800836e-01
    4.9800000000e+04    1.1104437465e-01
    4.9875000000e+04    1.0802609805e-01
    4.9950000000e+04    1.1316145825e-01
    5.0025000000e+04    1.4410406575e-01
    5.0100000000e+04    1.3956429395e-01
    5.0175000000e+04    1.3948776412e-01
    5.0250000000e+04    1.2504796278e-01
    5.0325000000e+04    1.3855097417e-01
    5.0400000000e+04    1.0360328770e-01
    5.0475000000e+04    1.2605393520e-01
    5.0550000000e+04    1.2563674566e-01
    5.0625000000e+04    1.0213361012e-01
    5.0700000000e+04    8.9098038481e-02
    5.0775000000e+04    1.1781044929e-01
    5.0850000000e+04    1.3969335367e-01
    5.0925000000e+04    1.3457828390e-01
    5.1000000000e+04    1.5642706211e-01
    5.1075000000e+04    1.3450079517e-01
    5.1150000000e+04    1.2379482802e-01
    5.1225000000e+04    1.0274955690e-01
    5.1300000000e+04    1.2019431006e-01
    5.1375000000e+04    1.2590667396e-01
    5.1450000000e+04    1.1637935836e-01
    5.1525000000e+04    1.2789542100e-01
    5.1600000000e+04    1.0508517074e-01
    5.1675000000e+04    1.0424599378e-01
    5.1750000000e+04    9.2504258674e-02
    5.1825000000e+04    1.5020123979e-01
    5.1900000000e+04    1.1959512231e-01
    5.1975000000e+04    1.0298119050e-01
    5.2050000000e+04    1.0231815744e-01
    5.2125000000e+04    1.0906728952e-01
    5.2200000000e+04    1.0908289360e-01
    5.2275000000e+04    1.4754345114e-01
    5.2350000000e+04    1.3600636300e-01
    5.2425000000e+04    1.5654510095e-01
    5.2500000000e+04    1.6003912784e-01
    5.2575000000e+04    1.2051179875e-01
    5.2650000000e+04    1.4727129057e-01
    5.2725000000e+04    1.5572414418e-01
    5.2800000000e+04    1.3645834850e-01
    5.2875000000e+04    1.2108016067e-01
    5.2950000000e+04    1.3039394320e-01
    5.3025000000e+04    1.1751602148e-01
    5.3100000000e+04    1.2142130136e-01
    5.3175000000e+04    1.3048101073e-01
    5.3250000000e+04    1.2927617793e-01
    5.3325000000e+04    1.2457467780e-01
    5.3400000000e+04    1.1853356372e-01
    5.3475000000e+04    1.2765410095e-01
    5.3550000000e+04    1.4180482468e-01
    5.3625000000e+04    1.2156371084e-01
    5.3700000000e+04    1.1121237144e-01
    5.3775000000e+04    9.9313562358e-02
    5.3850000000e+04    1.2258835528e-01
    5.3925000000e+04    1.2956666616e-01
    5.4000000000e+04    1.3316292356e-01
    5.4075000000e+04    1.0742462297e-01
    5.4150000000e+04    1.1471395992e-01
    5.4225000000e+04    1.2392549575e-01
    5.4300000000e+04    1.2902609538e-01
    5.4375000000e+04    1.4892421683e-01
    5.4450000000e+04    1.3938450057e-01
    5.4525000000e+04    1.3194928693e-01
    5.4600000000e+04    1.2640258328e-01
    5.4675000000e+04    1.2811960197e-01
    5.4750000000e+04    1.1291241953e-01
    5.4825000000e+04    1.3576073949e-01
    5.4900000000e+04    1.4984660954e-01
    5.4975000000e+04    1.4708960833e-01
    5.5050000000e+04    1.3348114677e-01
    5.5125000000e+04    1.3776292083e-01
    5.5200000000e+04    1.3775777013e-01
    5.5275000000e+04    1.1546371448e-01
    5.5350000000e+04    1.2282614572e-01
    5.5425000000e+04    1.6815845716e-01
    5.5500000000e+04    1.5672193106e-01
    5.5575000000e+04    1.9357577312e-01
    5.5650000000e+04    1.5702604780e-01
    5.5725000000e+04    1.2675630915e-01
    5.5800000000e+04    1.2196239245e-01
    5.5875000000e+04    1.1521127016e-01
    5.5950000000e+04    1.3529452889e-01
    5.6025000000e+04    1.8800658421e-01
    5.6100000000e+04    1.4374729804e-01
    5.6175000000e+04    1.3821264147e-01
    5.6250000000e+04    1.3269089755e-01
    5.6325000000e+04    1.2398104881e-01
    5.6400000000e+04    1.6851756646e-01
    5.6475000000e+04    1.8577145656e-01
    5.6550000000e+04    1.3462667533e-01
    5.6625000000e+04    1.4143935320e-01
    5.6700000000e+04    1.4632234537e-01
    5.6775000000e+04    1.4898759421e-01
    5.6850000000e+04    1.3274677318e-01
    5.6925000000e+04    1.7676240563e-01
    5.7000000000e+04    2.0046649904e-01
    5.7075000000e+04    1.6676040994e-01
    5.7150000000e+04    1.6128298279e-01
    5.7225000000e+04    1.5494963413e-01
    5.7300000000e+04    1.2614250999e-01
    5.7375000000e+04    1.2725026105e-01
    5.7450000000e+04    1.5526043262e-01
    5.7525000000e+04    1.6222582960e-01
    5.7600000000e+04    1.2980520352e-01
    5.7675000000e+04    1.3889630735e-01
    5.7750000000e+04    1.4678900022e-01
    5.7825000000e+04    1.1550315547e-01
    5.7900000000e+04    1.3543136251e-01
    5.7975000000e+04    1.2267489196e-01
    5.8050000000e+04    1.2780271485e-01
    5.8125000000e+04    1.0782657414e-01
    5.8200000000e+04    9.9990509651e-02
    5.8275000000e+04    1.2576213993e-01
    5.8350000000e+04    1.3309493430e-01
    5.8425000000e+04    1.3586290465e-01
    5.8500000000e+04    1.2169626503e-01
    5.8575000000e+04    1.5455300616e-01
    5.8650000000e+04    1.7380504100e-01
    5.8725000000e+04    1.3269255358e-01
    5.8800000000e+04    1.7304514183e-01
    5.8875000000e+04    1.5685432708e-01
    5.8950000000e+04    1.4509943534e-01
    5.9025000000e+04    1.1296061653e-01
    5.9100000000e+04    1.0767161981e-01
    5.9175000000e+04    1.4604320901e-01
    5.9250000000e+04    1.9235595113e-01
    5.9325000000e+04    1.2750981267e-01
    5.9400000000e+04    1.2007019820e-01
    5.9475000000e+04    1.4622667244e-01
    5.9550000000e+04    1.4898620143e-01
    5.9625000000e+04    1.2980035992e-01
    5.9700000000e+04    1.2661913019e-01
    5.9775000000e+04    1.0456583250e-01
    5.9850000000e+04    1.0539985075e-01
    5.9925000000e+04    1.0365437298e-01
    6.0000000000e+04    1.0869204683e-01
    6.0075000000e+04    1.1643889419e-01
    6.0150000000e+04    1.0195452508e-01
    6.0225000000e+04    1.1784459861e-01
    6.0300000000e+04    1.0169142747e-01
    6.0375000000e+04    1.4711042069e-01
    6.0450000000e+04    1.4661008534e-01
    6.0525000000e+04    1.3967331999e-01
    6.0600000000e+04    1.0844350323e-01
    6.0675000000e+04    1.8235433600e-01
    6.0750000000e+04    1.3080974825e-01
    6.0825000000e+04    1.5050566817e-01
    6.0900000000e+04    1.5548112197e-01
    6.0975000000e+04    1.2984147677e-01
    6.1050000000e+04    1.3650933941e-01
    6.1125000000e+04    1.3351954329e-01
    6.1200000000e+04    1.3382182851e-01
    6.1275000000e+04    1.6498009589e-01
    6.1350000000e+04    1.4481638057e-01
    6.1425000000e+04    1.2868725111e-01
    6.1500000000e+04    1.4250411878e-01
    6.1575000000e+04    1.6151859519e-01
    6.1650000000e+04    1.0018734733e-01
    6.1725000000e+04    1.2668902073e-01
    6.1800000000e+04    1.2644565988e-01
    6.1875000000e+04    1.4838618296e-01
    6.1950000000e+04    1.3171101255e-01
    6.2025000000e+04    1.3481401479e-01
    6.2100000000e+04    1.2875911418e-01
    6.2175000000e+04    1.2229351534e-01
    6.2250000000e+04    1.0992368418e-01
    6.2325000000e+04    1.1675936528e-01
    6.2400000000e+04    1.2931049718e-01
    6.2475000000e+04    1.4446676020e-01
    6.2550000000e+04    1.1500471868e-01
    6.2625000000e+04    1.3749234967e-01
    6.2700000000e+04    1.4221006470e-01
    6.2775000000e+04    1.3112774734e-01
    6.2850000000e+04    1.1774590005e-01
    6.2925000000e+04    1.3817214299e-01
    6.3000000000e+04    1.1878310661e-01
    6.3075000000e+04    1.2692567913e-01
    6.3150000000e+04    1.3432750968e-01
    6.3225000000e+04    1.4788672652e-01
    6.3300000000e+04    1.4048196083e-01
    6.3375000000e+04    1.7186810706e-01
    6.3450000000e+04    1.6742968968e-01
    6.3525000000e+04    1.4156416974e-01
    6.3600000000e+04    1.1143602898e-01
    6.3675000000e+04    1.0913654982e-01
    6.3750000000e+04    1.1654145699e-01
    6.3825000000e+04    1.2418011536e-01
    6.3900000000e+04    1.6943678687e-01
    6.3975000000e+04    1.4572563910e-01
    6.4050000000e+04    1.1481808498e-01
    6.4125000000e+04    1.1891976882e-01
    6.4200000000e+04    1.1382787513e-01
    6.4275000000e+04    1.1326983414e-01
    6.4350000000e+04    1.2798974904e-01
    6.4425000000e+04    1.2899970119e-01
    6.4500000000e+04    1.4942819330e-01
    6.4575000000e+04    1.6423209844e-01
    6.4650000000e+04    1.5057391868e-01
    6.4725000000e+04    1.2785050272e-01
    6.4800000000e+04    1.1441848316e-01
    6.4875000000e+04    1.0276850734e-01
    6.4950000000e+04    1.1590052183e-01
    6.5025000000e+04    1.3417149465e-01
    6.5100000000e+04    2.4650504568e-01
    6.5175000000e+04    1.1749068898e-01
    6.5250000000e+04    1.4406753879e-01
    6.5325000000e+04    2.0454385726e-01
    6.5400000000e+04    1.8725785733e-01
    6.5475000000e+04    1.4076364019e-01
    6.5550000000e+04    1.3914263607e-01
    6.5625000000e+04    1.2724401068e-01
    6.5700000000e+04    1.5007458386e-01
    6.5775000000e+04    1.5409599106e-01
    6.5850000000e+04    1.1896090385e-01
    6.5925000000e+04    9.5909632137e-02
    6.6000000000e+04    1.1459067074e-01
    6.6075000000e+04    1.8415051807e-01
    6.6150000000e+04    1.4098317299e-01
    6.6225000000e+04    1.0680858825e-01
    6.6300000000e+04    1.3619099032e-01
    6.6375000000e+04    1.4038253564e-01
    6.6450000000e+04    1.8706038273e-01
    6.6525000000e+04    1.4872695683e-01
    6.6600000000e+04    2.1936541123e-01
    6.6675000000e+04    1.5955003285e-01
    6.6750000000e+04    1.2156789716e-01
    6.6825000000e+04    9.7794669034e-02
    6.6900000000e+04    1.4339015432e-01
    6.6975000000e+04    1.4791193225e-01
    6.7050000000e+04    1.2644013348e-01
    6.7125000000e+04    9.9405074618e-02
    6.7200000000e+04    2.6627782211e-01
    6.7275000000e+04    3.2164506102e-01
    6.7350000000e+04    1.7026735852e-01
    6.7425000000e+04    1.2516815146e-01
    6.7500000000e+04    3.6225840095e-01
    6.7575000000e+04    1.9894383021e-01
    6.7650000000e+04    9.5953244473e-02
    6.7725000000e+04    1.0170001881e-01
    6.7800000000e+04    1.1429785971e-01
    6.7875000000e+04    1.1322481744e-01
    6.7950000000e+04    1.5483334199e-01
    6.8025000000e+04    1.4310289437e-01
    6.8100000000e+04    9.4170867723e-02
    6.8175000000e+04    9.6857184287e-02
    6.8250000000e+04    9.5384561111e-02
    6.8325000000e+04    1.0188514632e-01
    6.8400000000e+04    1.0590577924e-01
    6.8475000000e+04    1.1789476146e-01
    6.8550000000e+04    9.1353865302e-02
    6.8625000000e+04    9.7880972248e-02
    6.8700000000e+04    1.1485783720e-01
    6.8775000000e+04    9.1543834041e-02
    6.8850000000e+04    1.1892550088e-01
    6.8925000000e+04    1.0856470397e-01
    6.9000000000e+04    1.1005232807e-01
    6.9075000000e+04    9.4131354618e-02
    6.9150000000e+04    1.3240227932e-01
    6.9225000000e+04    1.1268699118e-01
    6.9300000000e+04    2.8519971815e-01
    6.9375000000e+04    4.0814988752e-01
    6.9450000000e+04    2.5505623827e-01
    6.9525000000e+04    9.9442964739e-02
    6.9600000000e+04    1.0315378531e-01
    6.9675000000e+04    1.5434124491e-01
    6.9750000000e+04    1.3636203585e-01
    6.9825000000e+04    1.3612250569e-01
    6.9900000000e+04    1.0822348768e-01
    6.9975000000e+04    1.2139281644e-01
    7.0050000000e+04    1.1168932768e-01
    7.0125000000e+04    1.4543406466e-01
    7.0200000000e+04    1.1121619409e-01
    7.0275000000e+04    8.2500850618e-02
    7.0350000000e+04    1.0585993402e-01
    7.0425000000e+04    9.9689940953e-02
    7.0500000000e+04    9.9439735490e-02
    7.0575000000e+04    2.0480993456e-01
    7.0650000000e+04    2.1976075963e-01
    7.0725000000e+04    1.8367358720e-01
    7.0800000000e+04    1.6758436954e-01
    7.0875000000e+04    1.2751321108e-01
    7.0950000000e+04    1.0606875787e-01
    7.1025000000e+04    1.1265828469e-01
    7.1100000000e+04    1.0042591898e-01
    7.1175000000e+04    9.7668808620e-02
    7.1250000000e+04    9.5971501067e-02
    7.1325000000e+04    9.1994681137e-02
    7.1400000000e+04    1.2815959667e-01
    7.1475000000e+04    1.1230822479e-01
    7.1550000000e+04    1.1301470070e-01
    7.1625000000e+04    1.0774546484e-01
    7.1700000000e+04    9.2035546015e-02
    7.1775000000e+04    1.2801677633e-01
    7.1850000000e+04    9.4875796022e-02
    7.1925000000e+04    9.7361001622e-02
    7.2000000000e+04    1.0123406252e-01
    7.2075000000e+04    1.1021882535e-01
    7.2150000000e+04    9.7671872646e-02
    7.2225000000e+04    1.1220978886e-01
    7.2300000000e+04    1.3873078225e-01
    7.2375000000e+04    1.0404818944e-01
    7.2450000000e+04    1.6784422605e-01
    7.2525000000e+04    1.2405782937e-01
    7.2600000000e+04    1.0953461470e-01
    7.2675000000e+04    1.0884893279e-01
    7.2750000000e+04    1.4358524105e-01
    7.2825000000e+04    1.0337297691e-01
    7.2900000000e+04    7.9620538694e-02
    7.2975000000e+04    1.2965512788e-01
    7.3050000000e+04    9.5545996856e-02
    7.3125000000e+04    8.5234578488e-02
    7.3200000000e+04    1.3363117456e-01
    7.3275000000e+04    1.0958607103e-01
    7.3350000000e+04    1.4977041249e-01
    7.3425000000e+04    2.1680180900e-01
    7.3500000000e+04    1.6197200141e-01
    7.3575000000e+04    1.3245459987e-01
    7.3650000000e+04    1.2266181322e-01
    7.3725000000e+04    1.7650078629e-01
    7.3800000000e+04    2.1370323077e-01
    7.3875000000e+04    1.9629592550e-01
    7.3950000000e+04    1.5536457660e-01
    7.4025000000e+04    1.6066664012e-01
    7.4100000000e+04    1.4522429454e-01
    7.4175000000e+04    1.4711788540e-01
    7.4250000000e+04    1.3272372796e-01
    7.4325000000e+04    1.2113657414e-01
    7.4400000000e+04    1.0242346309e-01
    7.4475000000e+04    1.1071934161e-01
    7.4550000000e+04    1.2911948328e-01
    7.4625000000e+04    1.1092934512e-01
    7.4700000000e+04    1.0549730084e-01
    7.4775000000e+04    1.7998041761e-01
    7.4850000000e+04    1.1726638716e-01
    7.4925000000e+04    1.2543592125e-01
    7.5000000000e+04    1.5193941738e-01
    7.5075000000e+04    1.7123862764e-01
    7.5150000000e+04    1.6890520315e-01
    7.5225000000e+04    1.8940853565e-01
    7.5300000000e+04    1.8299501503e-01
    7.5375000000e+04    1.6122510097e-01
    7.5450000000e+04    1.8934616542e-01
    7.5525000000e+04    1.5063437868e-01
    7.5600000000e+04    1.4829419091e-01
    7.5675000000e+04    9.7945754571e-02
    7.5750000000e+04    1.0498868900e-01
    7.5825000000e+04    1.4868478586e-01
    7.5900000000e+04    1.0126116864e-01
    7.5975000000e+04    1.4626163179e-01
    7.6050000000e+04    1.0469635949e-01
    7.6125000000e+04    1.0379851208e-01
    7.6200000000e+04    1.4314046652e-01
    7.6275000000e+04    9.5761194508e-02
    7.6350000000e+04    1.2038776920e-01
    7.6425000000e+04    1.1240688756e-01
    7.6500000000e+04    1.3599931371e-01
    7.6575000000e+04    1.6825990808e-01
    7.6650000000e+04    1.1224147507e-01
    7.6725000000e+04    1.3310287060e-01
    7.6800000000e+04    1.4505170808e-01
    7.6875000000e+04    1.0881251610e-01
    7.6950000000e+04    1.0447001068e-01
    7.7025000000e+04    8.9379020652e-02
    7.7100000000e+04    1.0867216772e-01
    7.7175000000e+04    1.0845974098e-01
    7.7250000000e+04    9.5561429987e-02
    7.7325000000e+04    9.9719620879e-02
    7.7400000000e+04    1.0057112850e-01
    7.7475000000e+04    1.0347935037e-01
    7.7550000000e+04    9.3656287460e-02
    7.7625000000e+04    1.0059970253e-01
    7.7700000000e+04    1.1642823716e-01
    7.7775000000e+04    1.7427417865e-01
    7.7850000000e+04    1.6808865960e-01
    7.7925000000e+04    2.0803569315e-01
    7.8000000000e+04    1.8899073660e-01
    7.8075000000e+04    1.8457707835e-01
    7.8150000000e+04    1.4104140553e-01
    7.8225000000e+04    1.9622642173e-01
    7.8300000000e+04    1.8587366370e-01
    7.8375000000e+04    1.8098909795e-01
    7.8450000000e+04    1.3046658252e-01
    7.8525000000e+04    1.0095935106e-01
    7.8600000000e+04    1.0016506533e-01
    7.8675000000e+04    7.4404515129e-02
    7.8750000000e+04    9.0793228493e-02
    7.8825000000e+04    8.2396213621e-02
    7.8900000000e+04    1.1579132556e-01
    7.8975000000e+04    1.0638554187e-01
    7.9050000000e+04    9.2775207192e-02
    7.9125000000e+04    1.5144377776e-01
    7.9200000000e+04    1.3407257394e-01
    7.9275000000e+04    3.0066335589e-01
    7.9350000000e+04    4.0145909170e-01
    7.9425000000e+04    5.0617930336e-01
    7.9500000000e+04    2.5949289992e-01
    7.9575000000e+04    2.7257593174e-01
    7.9650000000e+04    1.2632257995e-01
    7.9725000000e+04    9.9475964299e-02
    7.9800000000e+04    9.0896031880e-02
    7.9875000000e+04    8.9896464178e-02
    7.9950000000e+04    9.4216600554e-02
    8.0025000000e+04    1.2062816892e-01
    8.0100000000e+04    1.1310900113e-01
    8.0175000000e+04    1.2174062659e-01
    8.0250000000e+04    1.2081632658e-01
    8.0325000000e+04    1.1099861881e-01
    8.0400000000e+04    8.4784263246e-02
    8.0475000000e+04    8.9666358122e-02
    8.0550000000e+04    1.3712365947e-01
    8.0625000000e+04    2.8097288936e-01
    8.0700000000e+04    1.4623265257e-01
    8.0775000000e+04    1.5619255279e-01
    8.0850000000e+04    1.6813629373e-01
    8.0925000000e+04    1.5476807160e-01
    8.1000000000e+04    1.2986969947e-01
    8.1075000000e+04    1.2730861326e-01
    8.1150000000e+04    1.3165224516e-01
    8.1225000000e+04    1.0477130303e-01
    8.1300000000e+04    1.0681981124e-01
    8.1375000000e+04    1.3034567750e-01
    8.1450000000e+04    1.4600844720e-01
    8.1525000000e+04    1.4663792624e-01
    8.1600000000e+04    1.5332847231e-01
    8.1675000000e+04    1.2146803814e-01
    8.1750000000e+04    1.4247354029e-01
    8.1825000000e+04    1.8919658692e-01
    8.1900000000e+04    1.3599715994e-01
    8.1975000000e+04    1.1566946330e-01
    8.2050000000e+04    1.4037383153e-01
    8.2125000000e+04    1.2392721206e-01
    8.2200000000e+04    1.0727307600e-01
    8.2275000000e+04    1.7573108609e-01
    8.2350000000e+04    1.2391533459e-01
    8.2425000000e+04    1.1328147345e-01
    8.2500000000e+04    1.0640016685e-01
    8.2575000000e+04    1.4131960293e-01
    8.2650000000e+04    1.6707649281e-01
    8.2725000000e+04    1.8583499114e-01
    8.2800000000e+04    1.6585784861e-01
    8.2875000000e+04    1.3378196096e-01
    8.2950000000e+04    1.4578604097e-01
    8.3025000000e+04    1.2147028693e-01
    8.3100000000e+04    1.4465241718e-01
    8.3175000000e+04    1.2379785604e-01
    8.3250000000e+04    1.2838176183e-01
    8.3325000000e+04    1.0920146705e-01
    8.3400000000e+04    1.1078264931e-01
    8.3475000000e+04    1.1773904016e-01
    8.3550000000e+04    1.1144079905e-01
    8.3625000000e+04    1.1545730614e-01
    8.3700000000e+04    1.5372649425e-01
    8.3775000000e+04    1.7189787074e-01
    8.3850000000e+04    1.4248036056e-01
    8.3925000000e+04    2.2035246117e-01
    8.4000000000e+04    1.9633972923e-01
    8.4075000000e+04    1.0183571021e-01
    8.4150000000e+04    7.8538179631e-02
    8.4225000000e+04    9.2812981878e-02
    8.4300000000e+04    8.9928899515e-02
    8.4375000000e+04    1.0772561233e-01
    8.4450000000e+04    1.3388865218e-01
    8.4525000000e+04    1.2442348172e-01
    8.4600000000e+04    9.6177426590e-02
    8.4675000000e+04    9.1723656878e-02
    8.4750000000e+04    1.3611941181e-01
    8.4825000000e+04    1.3409051837e-01
    8.4900000000e+04    1.5110170891e-01
    8.4975000000e+04    1.0559329087e-01
    8.5050000000e+04    9.7238905304e-02
    8.5125000000e+04    1.0116630446e-01
    8.5200000000e+04    9.5772342421e-02
    8.5275000000e+04    1.1152743665e-01
    8.5350000000e+04    1.0151722798e-01
    8.5425000000e+04    1.0353527045e-01
    8.5500000000e+04    1.0775397128e-01
    8.5575000000e+04    1.2068096738e-01
    8.5650000000e+04    1.0710627713e-01
    8.5725000000e+04    1.0166697669e-01
    8.5800000000e+04    1.0796702979e-01
    8.5875000000e+04    1.0716324356e-01
    8.5950000000e+04    1.0087795487e-01
    8.6025000000e+04    9.2823938498e-02
    8.6100000000e+04    9.9195419879e-02
    8.6175000000e+04    1.1738405065e-01
    8.6250000000e+04    1.0675326634e-01
    8.6325000000e+04    1.0347419347e-01
    8.6400000000e+04    1.0590374627e-01
    8.6475000000e+04    9.5485911604e-02
    8.6550000000e+04    6.8908621220e-02
    8.6625000000e+04    9.3207420286e-02
    8.6700000000e+04    1.4816495033e-01
    8.6775000000e+04    1.1528130057e-01
    8.6850000000e+04    1.1208773533e-01
    8.6925000000e+04    9.7364857902e-02
    8.7000000000e+04    1.4933276746e-01
    8.7075000000e+04    1.4239210913e-01
    8.7150000000e+04    1.2354393279e-01
    8.7225000000e+04    1.2440326922e-01
    8.7300000000e+04    1.2481148528e-01
    8.7375000000e+04    1.4486393550e-01
    8.7450000000e+04    1.0771541559e-01
    8.7525000000e+04    9.1346999866e-02
    8.7600000000e+04    1.0791751634e-01
    8.7675000000e+04    1.3178147269e-01
    8.7750000000e+04    3.0024156595e-01
    8.7825000000e+04    1.7055054158e-01
    8.7900000000e+04    8.8938573504e-02
    8.7975000000e+04    1.1997451057e-01
    8.8050000000e+04    1.3972063523e-01
    8.8125000000e+04    1.4764477891e-01
    8.8200000000e+04    1.3526960406e-01
    8.8275000000e+04    1.3537162288e-01
    8.8350000000e+04    1.1635346836e-01
    8.8425000000e+04    1.1188250557e-01
    8.8500000000e+04    6.6182577676e-02
    8.8575000000e+04    8.9706284516e-02
    8.8650000000e+04    1.3003404981e-01
    8.8725000000e+04    1.3539134234e-01
    8.8800000000e+04    1.5026915636e-01
    8.8875000000e+04    1.4100727226e-01
    8.8950000000e+04    1.5722639058e-01
    8.9025000000e+04    2.2994478193e-01
    8.9100000000e+04    1.9705503114e-01
    8.9175000000e+04    1.4633864629e-01
    8.9250000000e+04    1.0565385346e-01
    8.9325000000e+04    8.1848916708e-02
    8.9400000000e+04    1.1236716313e-01
    8.9475000000e+04    1.7034948096e-01
    8.9550000000e+04    9.4776476880e-02
    8.9625000000e+04    1.0162928442e-01
    8.9700000000e+04    8.1825564864e-02
    8.9775000000e+04    9.5283975398e-02
    8.9850000000e+04    9.4161053926e-02
    8.9925000000e+04    1.2358938659e-01
    9.0000000000e+04    1.3097264176e-01
    9.0075000000e+04    1.3561123004e-01
    9.0150000000e+04    1.0873507930e-01
    9.0225000000e+04    1.1462829961e-01
    9.0300000000e+04    1.6431086021e-01
    9.0375000000e+04    1.9649274574e-01
    9.0450000000e+04    1.6200074009e-01
    9.0525000000e+04    1.9783252507e-01
    9.0600000000e+04    9.7198286498e-02
    9.0675000000e+04    1.2610615907e-01
    9.0750000000e+04    8.0411178035e-02
    9.0825000000e+04    1.0614848632e-01
    9.0900000000e+04    1.6504684008e-01
    9.0975000000e+04    1.9574954001e-01
    9.1050000000e+04    1.4914124683e-01
    9.1125000000e+04    1.4379405723e-01
    9.1200000000e+04    1.6851016220e-01
    9.1275000000e+04    1.9425887621e-01
    9.1350000000e+04    1.4966145350e-01
    9.1425000000e+04    2.1329069821e-01
    9.1500000000e+04    1.6189019576e-01
    9.1575000000e+04    1.5199321303e-01
    9.1650000000e+04    1.3622406691e-01
    9.1725000000e+04    1.5263434663e-01
    9.1800000000e+04    1.4516142017e-01
    9.1875000000e+04    1.2582694249e-01
    9.1950000000e+04    1.1443503968e-01
    9.2025000000e+04    1.4057415833e-01
    9.2100000000e+04    1.0769113370e-01
    9.2175000000e+04    1.1669928838e-01
    9.2250000000e+04    2.5163854897e-01
    9.2325000000e+04    1.1495368971e-01
    9.2400000000e+04    1.0675871513e-01
    9.2475000000e+04    9.0449209337e-02
    9.2550000000e+04    8.7428369289e-02
    9.2625000000e+04    7.4260269277e-02
    9.2700000000e+04    9.8956122842e-02
    9.2775000000e+04    9.7237961674e-02
    9.2850000000e+04    1.1273371128e-01
    9.2925000000e+04    1.5564770981e-01
    9.3000000000e+04    9.9030871005e-02
    9.3075000000e+04    9.4466876147e-02
    9.3150000000e+04    1.2468660972e-01
    9.3225000000e+04    1.1468319882e-01
    9.3300000000e+04    1.1799305801e-01
    9.3375000000e+04    1.3447622970e-01
    9.3450000000e+04    1.2832419808e-01
    9.3525000000e+04    1.2935398425e-01
    9.3600000000e+04    9.7316470428e-02
    9.3675000000e+04    1.1045348903e-01
    9.3750000000e+04    8.8897589955e-02
    9.3825000000e+04    1.1622945215e-01
    9.3900000000e+04    1.1290427641e-01
    9.3975000000e+04    1.0766261540e-01
    9.4050000000e+04    1.2092623618e-01
    9.4125000000e+04    1.3798520921e-01
    9.4200000000e+04    1.2756953175e-01
    9.4275000000e+04    1.0268088234e-01
    9.4350000000e+04    1.2021273636e-01
    9.4425000000e+04    1.3003838517e-01
    9.4500000000e+04    1.2521286220e-01
    9.4575000000e+04    1.3000963301e-01
    9.4650000000e+04    9.6515221227e-02
    9.4725000000e+04    8.9962888356e-02
    9.4800000000e+04    9.4715007807e-02
    9.4875000000e+04    9.1044265861e-02
    9.4950000000e+04    1.0188355933e-01
    9.5025000000e+04    1.5390863533e-01
    9.5100000000e+04    1.7057722314e-01
    9.5175000000e+04    1.9594459679e-01
    9.5250000000e+04    2.0697133658e-01
    9.5325000000e+04    1.8922922781e-01
    9.5400000000e+04    1.8458962943e-01
    9.5475000000e+04    2.2155860136e-01
    9.5550000000e+04    1.9809692109e-01
    9.5625000000e+04    1.1570473757e-01
    9.5700000000e+04    1.0976036421e-01
    9.5775000000e+04    1.3165413118e-01
    9.5850000000e+04    1.0860522446e-01
    9.5925000000e+04    3.0890653936e-01
    9.6000000000e+04    4.3487861449e-01
    9.6075000000e+04    1.1939310376e-01
    9.6150000000e+04    1.4182524379e-01
    9.6225000000e+04    1.0027169601e-01
    9.6300000000e+04    1.2528952919e-01
    9.6375000000e+04    1.4167867189e-01
    9.6450000000e+04    1.3019459104e-01
    9.6525000000e+04    1.3136537700e-01
    9.6600000000e+04    1.5059511637e-01
    9.6675000000e+04    1.2334864916e-01
    9.6750000000e+04    1.4415219906e-01
    9.6825000000e+04    1.3729355808e-01
    9.6900000000e+04    1.2182908171e-01
    9.6975000000e+04    1.4174574242e-01
    9.7050000000e+04    1.2603881136e-01
    9.7125000000e+04    1.0732910930e-01
    9.7200000000e+04    9.9278630344e-02
    9.7275000000e+04    1.3154851891e-01
    9.7350000000e+04    1.2588614489e-01
    9.7425000000e+04    1.1667508438e-01
    9.7500000000e+04    1.1473801478e-01
    9.7575000000e+04    1.2807193355e-01
    9.7650000000e+04    1.2361820258e-01
    9.7725000000e+04    1.7399224272e-01
    9.7800000000e+04    1.5624546525e-01
    9.7875000000e+04    1.7371625149e-01
    9.7950000000e+04    1.4912830751e-01
    9.8025000000e+04    2.1501023325e-01
    9.8100000000e+04    1.5412081273e-01
    9.8175000000e+04    1.4180922468e-01
    9.8250000000e+04    1.2538142561e-01
    9.8325000000e+04    1.2983141596e-01
    9.8400000000e+04    1.2895104662e-01
    9.8475000000e+04    1.3240344915e-01
    9.8550000000e+04    1.3365152461e-01
    9.8625000000e+04    9.4913093265e-02
    9.8700000000e+04    1.3404715448e-01
    9.8775000000e+04    2.0166185117e-01
    9.8850000000e+04    1.2691111718e-01
    9.8925000000e+04    1.2290881233e-01
    9.9000000000e+04    1.4219408492e-01
    9.9075000000e+04    1.0845851556e-01
    9.9150000000e+04    1.3458920685e-01
    9.9225000000e+04    1.5482603743e-01
    9.9300000000e+04    1.2813066056e-01
    9.9375000000e+04    9.8691725973e-02
    9.9450000000e+04    1.2249118297e-01
    9.9525000000e+04    9.4170879564e-02
    9.9600000000e+04    9.3235566699e-02
    9.9675000000e+04    1.5555456954e-01
    9.9750000000e+04    1.1205513081e-01
    9.9825000000e+04    1.1042853791e-01
    9.9900000000e+04    1.4811472200e-01
    9.9975000000e+04    1.4423753716e-01
    1.0005000000e+05    1.7416911963e-01
    1.0012500000e+05    1.6867870304e-01
    1.0020000000e+05    1.2671897760e-01
    1.0027500000e+05    1.5495050851e-01
    1.0035000000e+05    1.3222005671e-01
    1.0042500000e+05    1.2945381460e-01
    1.0050000000e+05    1.8845911140e-01
    1.0057500000e+05    1.6652325694e-01
    1.0065000000e+05    9.6154645060e-02
    1.0072500000e+05    1.5723860063e-01
    1.0080000000e+05    1.7564273101e-01
    1.0087500000e+05    1.5840612490e-01
    1.0095000000e+05    1.8693383897e-01
    1.0102500000e+05    1.5576966585e-01
    1.0110000000e+05    1.5250703320e-01
    1.0117500000e+05    1.1408914718e-01
    1.0125000000e+05    9.2098988278e-02
    1.0132500000e+05    9.0371629986e-02
    1.0140000000e+05    7.8942564700e-02
    1.0147500000e+05    1.2849217284e-01
    1.0155000000e+05    1.4378473506e-01
    1.0162500000e+05    1.5574071461e-01
    1.0170000000e+05    2.1645846121e-01
    1.0177500000e+05    2.0282150833e-01
    1.0185000000e+05    1.6787937839e-01
    1.0192500000e+05    1.1921886898e-01
    1.0200000000e+05    1.2883878494e-01
    1.0207500000e+05    1.2698494374e-01
    1.0215000000e+05    1.0154981362e-01
    1.0222500000e+05    1.1096766075e-01
    1.0230000000e+05    9.8903261413e-02
    1.0237500000e+05    1.3513840788e-01
    1.0245000000e+05    1.0521104561e-01
    1.0252500000e+05    8.7267872971e-02
    1.0260000000e+05    1.1323288826e-01
    1.0267500000e+05    8.9416102821e-02
    1.0275000000e+05    7.8676313044e-02
    1.0282500000e+05    9.7919933473e-02
    1.0290000000e+05    9.9547238223e-02
    1.0297500000e+05    1.0194319436e-01
    1.0305000000e+05    1.9520867063e-01
    1.0312500000e+05    1.6993073023e-01
    1.0320000000e+05    1.4996938777e-01
    1.0327500000e+05    1.4219255553e-01
    1.0335000000e+05    1.2207657297e-01
    1.0342500000e+05    1.3961206907e-01
    1.0350000000e+05    1.6948390236e-01
    1.0357500000e+05    1.0022779790e-01
    1.0365000000e+05    1.0147115516e-01
    1.0372500000e+05    1.6107889575e-01
    1.0380000000e+05    1.2503751704e-01
    1.0387500000e+05    1.3875958430e-01
    1.0395000000e+05    8.4546061944e-02
    1.0402500000e+05    1.2104501542e-01
    1.0410000000e+05    1.3484934456e-01
    1.0417500000e+05    1.0407181022e-01
    1.0425000000e+05    1.5524363135e-01
    1.0432500000e+05    1.3620615072e-01
    1.0440000000e+05    1.3261904709e-01
    1.0447500000e+05    8.3084455282e-02
    1.0455000000e+05    9.2493163249e-02
    1.0462500000e+05    1.3489514577e-01
    1.0470000000e+05    1.3127567998e-01
    1.0477500000e+05    1.0501871608e-01
    1.0485000000e+05    1.1107824620e-01
    1.0492500000e+05    9.6715680191e-02
    1.0500000000e+05    1.3555216543e-01
    1.0507500000e+05    1.5004688444e-01
    1.0515000000e+05    1.0279624511e-01
    1.0522500000e+05    1.1692883139e-01
    1.0530000000e+05    1.1445367048e-01
    1.0537500000e+05    1.0671360238e-01
    1.0545000000e+05    1.0926804418e-01
    1.0552500000e+05    1.8061921974e-01
    1.0560000000e+05    3.1211108736e-01
    1.0567500000e+05    2.9081794907e-01
    1.0575000000e+05    1.0929298912e-01
    1.0582500000e+05    1.1220715279e-01
    1.0590000000e+05    9.8456398995e-02
    1.0597500000e+05    1.0780463958e-01
    1.0605000000e+05    1.3022900227e-01
    1.0612500000e+05    1.2202675864e-01
    1.0620000000e+05    1.1609691965e-01
    1.0627500000e+05    1.3858068910e-01
    1.0635000000e+05    1.4540216706e-01
    1.0642500000e+05    1.2684127582e-01
    1.0650000000e+05    9.1733051129e-02
    1.0657500000e+05    1.1882434064e-01
    1.0665000000e+05    1.1046706587e-01
    1.0672500000e+05    9.8433440330e-02
    1.0680000000e+05    1.0429252136e-01
    1.0687500000e+05    1.1112775479e-01
    1.0695000000e+05    1.0448426691e-01
    1.0702500000e+05    7.8656128971e-02
    1.0710000000e+05    1.0446487334e-01
    1.0717500000e+05    8.5397345896e-02
    1.0725000000e+05    1.4738492860e-01
    1.0732500000e+05    2.8725960103e-01
    1.0740000000e+05    1.5249996812e-01
    1.0747500000e+05    1.2024571671e-01
    1.0755000000e+05    1.5148914300e-01
    1.0762500000e+05    1.1353811714e-01
    1.0770000000e+05    1.4609198545e-01
    1.0777500000e+05    1.2978493791e-01
    1.0785000000e+05    1.4482894414e-01
    1.0792500000e+05    1.1221837637e-01
    1.0800000000e+05    1.2546223871e-01
    1.0807500000e+05    1.4000554811e-01
    1.0815000000e+05    1.4381869958e-01
    1.0822500000e+05    1.9023012057e-01
    1.0830000000e+05    1.7742069188e-01
    1.0837500000e+05    1.4515315149e-01
    1.0845000000e+05    1.2075932484e-01
    1.0852500000e+05    1.5420093230e-01
    1.0860000000e+05    1.7834856288e-01
    1.0867500000e+05    1.6284390961e-01
    1.0875000000e+05    1.6864445522e-01
    1.0882500000e+05    1.2592507210e-01
    1.0890000000e+05    1.7686466066e-01
    1.0897500000e+05    1.5476272314e-01
    1.0905000000e+05    1.4056951996e-01
    1.0912500000e+05    1.6262886527e-01
    1.0920000000e+05    1.4968830803e-01
    1.0927500000e+05    1.6313618152e-01
    1.0935000000e+05    1.2339658151e-01
    1.0942500000e+05    1.6548032015e-01
    1.0950000000e+05    1.4956671449e-01
    1.0957500000e+05    1.4824838896e-01
    1.0965000000e+05    1.4210761294e-01
    1.0972500000e+05    1.0210035756e-01
    1.0980000000e+05    9.5757470852e-02
    1.0987500000e+05    1.1608979693e-01
    1.0995000000e+05    1.0342798516e-01
    1.1002500000e+05    1.0465011981e-01
    1.1010000000e+05    2.6799194694e-01
    1.1017500000e+05    1.2379992537e-01
    1.1025000000e+05    1.6244761675e-01
    1.1032500000e+05    1.7374899448e-01
    1.1040000000e+05    1.8570781538e-01
    1.1047500000e+05    1.5319638549e-01
    1.1055000000e+05    9.9971967513e-02
    1.1062500000e+05    1.6717258904e-01
    1.1070000000e+05    1.0280889366e-01
    1.1077500000e+05    1.2183893263e-01
    1.1085000000e+05    1.1439921308e-01
    1.1092500000e+05    1.0310305033e-01
    1.1100000000e+05    1.0531802233e-01
    1.1107500000e+05    1.0344053455e-01
    1.1115000000e+05    1.2216599529e-01
    1.1122500000e+05    1.3727402921e-01
    1.1130000000e+05    2.3102409526e-01
    1.1137500000e+05    3.1113138859e-01
    1.1145000000e+05    1.5694675761e-01
    1.1152500000e+05    1.6334069761e-01
    1.1160000000e+05    1.2988037729e-01
    1.1167500000e+05    7.6103362410e-02
    1.1175000000e+05    7.4496046350e-02
    1.1182500000e+05    8.6549536649e-02
    1.1190000000e+05    8.6049224694e-02
    1.1197500000e+05    9.4083673062e-02
    1.1205000000e+05    1.0773516956e-01
    1.1212500000e+05    1.0302738844e-01
    1.1220000000e+05    9.7706433001e-02
    1.1227500000e+05    1.5029406129e-01
    1.1235000000e+05    1.4468593834e-01
    1.1242500000e+05    1.2716417579e-01
    1.1250000000e+05    1.4778944039e-01
    1.1257500000e+05    1.2877879449e-01
    1.1265000000e+05    1.5021554337e-01
    1.1272500000e+05    1.2043401138e-01
    1.1280000000e+05    1.0535599161e-01
    1.1287500000e+05    1.1389384004e-01
    1.1295000000e+05    1.0574319881e-01
    1.1302500000e+05    1.1941725367e-01
    1.1310000000e+05    1.1741524616e-01
    1.1317500000e+05    1.0541789114e-01
    1.1325000000e+05    1.5157695564e-01
    1.1332500000e+05    9.8627282464e-02
    1.1340000000e+05    8.2738384137e-02
    1.1347500000e+05    1.0212823518e-01
    1.1355000000e+05    8.4373158205e-02
    1.1362500000e+05    9.3160347106e-02
    1.1370000000e+05    8.1588201080e-02
    1.1377500000e+05    1.1647453570e-01
    1.1385000000e+05    1.2139478050e-01
    1.1392500000e+05    1.1857284872e-01
    1.1400000000e+05    1.6952455992e-01
    1.1407500000e+05    1.3755335107e-01
    1.1415000000e+05    1.8505669800e-01
    1.1422500000e+05    1.2951009963e-01
    1.1430000000e+05    1.0077643203e-01
    1.1437500000e+05    1.1574161420e-01
    1.1445000000e+05    1.0307161704e-01
    1.1452500000e+05    1.1996196443e-01
    1.1460000000e+05    8.8450096388e-02
    1.1467500000e+05    9.5297953909e-02
    1.1475000000e+05    1.4420707826e-01
    1.1482500000e+05    1.3722835655e-01
    1.1490000000e+05    1.3621775469e-01
    1.1497500000e+05    1.3013353182e-01
    1.1505000000e+05    1.4952505979e-01
    1.1512500000e+05    1.3575071155e-01
    1.1520000000e+05    1.2819391858e-01
    1.1527500000e+05    1.1510158239e-01
    1.1535000000e+05    1.1373490083e-01
    1.1542500000e+05    1.1251150788e-01
    1.1550000000e+05    1.0151451891e-01
    1.1557500000e+05    9.7958651672e-02
    1.1565000000e+05    1.0315192343e-01
    1.1572500000e+05    1.1090548623e-01
    1.1580000000e+05    9.0194562277e-02
    1.1587500000e+05    1.2644640163e-01
    1.1595000000e+05    1.0854396956e-01
    1.1602500000e+05    1.2282740653e-01
    1.1610000000e+05    9.8131858800e-02
    1.1617500000e+05    9.3593384530e-02
    1.1625000000e+05    1.0501522367e-01
    1.1632500000e+05    9.1281250682e-02
    1.1640000000e+05    9.9981625546e-02
    1.1647500000e+05    9.7474534991e-02
    1.1655000000e+05    9.2782046839e-02
    1.1662500000e+05    1.0145494195e-01
    1.1670000000e+05    1.5883971507e-01
    1.1677500000e+05    8.7050239115e-02
    1.1685000000e+05    1.0430120809e-01
    1.1692500000e+05    1.0975557859e-01
    1.1700000000e+05    1.0900019188e-01
    1.1707500000e+05    1.2638731711e-01
    1.1715000000e+05    1.4911087132e-01
    1.1722500000e+05    1.7216027904e-01
    1.1730000000e+05    1.8856317000e-01
    1.1737500000e+05    1.7827362933e-01
    1.1745000000e+05    1.7074738128e-01
    1.1752500000e+05    1.4079492532e-01
    1.1760000000e+05    1.4529996297e-01
    1.1767500000e+05    1.5164418383e-01
    1.1775000000e+05    1.4334807149e-01
    1.1782500000e+05    1.3992055128e-01
    1.1790000000e+05    1.3624806878e-01
    1.1797500000e+05    1.1999286345e-01
    1.1805000000e+05    1.0376786784e-01
    1.1812500000e+05    1.6875300633e-01
    1.1820000000e+05    1.4435087746e-01
    1.1827500000e+05    1.1771617465e-01
    1.1835000000e+05    1.3475044671e-01
    1.1842500000e+05    1.0871684796e-01
    1.1850000000e+05    1.4259105764e-01
    1.1857500000e+05    1.1416957206e-01
    1.1865000000e+05    1.0280423629e-01
    1.1872500000e+05    1.0335790522e-01
    1.1880000000e+05    8.7119648900e-02
    1.1887500000e+05    9.1334317761e-02
    1.1895000000e+05    1.1791841554e-01
    1.1902500000e+05    1.3667400785e-01
    1.1910000000e+05    1.3003795731e-01
    1.1917500000e+05    1.4144787815e-01
    1.1925000000e+05    1.0642160176e-01
    1.1932500000e+05    1.0665054784e-01
    1.1940000000e+05    1.1425560135e-01
    1.1947500000e+05    1.1329466988e-01
    1.1955000000e+05    8.7445063287e-02
    1.1962500000e+05    1.1108970779e-01
    1.1970000000e+05    9.4192832872e-02
    1.1977500000e+05    9.9304800092e-02
    1.1985000000e+05    1.1071145359e-01
    1.1992500000e+05    1.0028830802e-01
    1.2000000000e+05    1.1191721957e-01
    1.2007500000e+05    9.7110762785e-02
    1.2015000000e+05    1.1013352652e-01
    1.2022500000e+05    1.2870032516e-01
    1.2030000000e+05    1.1301505944e-01
    1.2037500000e+05    1.4187570367e-01
    1.2045000000e+05    1.1957904974e-01
    1.2052500000e+05    1.1070448046e-01
    1.2060000000e+05    1.2043849195e-01
    1.2067500000e+05    1.0188662244e-01
    1.2075000000e+05    1.0861538441e-01
    1.2082500000e+05    9.5818330943e-02
    1.2090000000e+05    1.0051623235e-01
    1.2097500000e+05    8.2888001404e-02
    1.2105000000e+05    1.2539883280e-01
    1.2112500000e+05    1.3474712113e-01
    1.2120000000e+05    1.4400427491e-01
    1.2127500000e+05    1.1592616124e-01
    1.2135000000e+05    1.1106155487e-01
    1.2142500000e+05    1.1167682188e-01
    1.2150000000e+05    1.3589919935e-01
    1.2157500000e+05    1.1740063208e-01
    1.2165000000e+05    9.3314098490e-02
    1.2172500000e+05    1.2511886505e-01
    1.2180000000e+05    1.1314088129e-01
    1.2187500000e+05    1.5856158343e-01
    1.2195000000e+05    1.2180814342e-01
    1.2202500000e+05    1.2818047351e-01
    1.2210000000e+05    1.0893900793e-01
    1.2217500000e+05    1.3859164847e-01
    1.2225000000e+05    1.8754380460e-01
    1.2232500000e+05    2.3149499517e-01
    1.2240000000e+05    1.8502254936e-01
    1.2247500000e+05    1.0672789998e-01
    1.2255000000e+05    9.6472184550e-02
    1.2262500000e+05    9.4623176383e-02
    1.2270000000e+05    1.0954755577e-01
    1.2277500000e+05    1.1212660706e-01
    1.2285000000e+05    9.9505571821e-02
    1.2292500000e+05    1.2123607994e-01
    1.2300000000e+05    9.4120611800e-02
    1.2307500000e+05    1.1333963958e-01
    1.2315000000e+05    1.2625041537e-01
    1.2322500000e+05    1.5708935248e-01
    1.2330000000e+05    1.0418441261e-01
    1.2337500000e+05    1.3939640790e-01
    1.2345000000e+05    1.1806518860e-01
    1.2352500000e+05    1.3469297563e-01
    1.2360000000e+05    1.3654506642e-01
    1.2367500000e+05    1.0251088342e-01
    1.2375000000e+05    1.2754223806e-01
    1.2382500000e+05    1.3649290699e-01
    1.2390000000e+05    1.3388549780e-01
    1.2397500000e+05    1.3181504463e-01
    1.2405000000e+05    1.2467031856e-01
    1.2412500000e+05    1.2350100837e-01
    1.2420000000e+05    1.1270600044e-01
    1.2427500000e+05    1.2071643401e-01
    1.2435000000e+05    1.1790085989e-01
    1.2442500000e+05    1.2315932776e-01
    1.2450000000e+05    1.2894845149e-01
    1.2457500000e+05    9.0891271749e-02
    1.2465000000e+05    1.1840767209e-01
    1.2472500000e+05    1.0296765418e-01
    1.2480000000e+05    1.0610284621e-01
    1.2487500000e+05    1.3332960307e-01
    1.2495000000e+05    8.7968548520e-02
    1.2502500000e+05    1.0731204854e-01
    1.2510000000e+05    9.7260926373e-02
    1.2517500000e+05    1.0563414904e-01
    1.2525000000e+05    1.3599216945e-01
    1.2532500000e+05    1.0274791805e-01
    1.2540000000e+05    2.4891016130e-01
    1.2547500000e+05    3.2567170495e-01
    1.2555000000e+05    1.1775006141e-01
    1.2562500000e+05    9.8611976049e-02
    1.2570000000e+05    1.5266451001e-01
    1.2577500000e+05    1.0328813612e-01
    1.2585000000e+05    1.4366241869e-01
    1.2592500000e+05    1.6828933444e-01
    1.2600000000e+05    1.6504389102e-01
    1.2607500000e+05    1.6809883877e-01
    1.2615000000e+05    1.6613702223e-01
    1.2622500000e+05    1.7821265904e-01
    1.2630000000e+05    1.5064097698e-01
    1.2637500000e+05    1.5810730730e-01
    1.2645000000e+05    1.1844969659e-01
    1.2652500000e+05    8.9276218915e-02
    1.2660000000e+05    1.2108338295e-01
    1.2667500000e+05    1.1685527502e-01
    1.2675000000e+05    1.0683564120e-01
    1.2682500000e+05    1.0235838654e-01
    1.2690000000e+05    1.1646069092e-01
    1.2697500000e+05    1.2175030342e-01
    1.2705000000e+05    1.2328427884e-01
    1.2712500000e+05    1.1607902321e-01
    1.2720000000e+05    2.3633678725e-01
    1.2727500000e+05    1.1118104085e-01
    1.2735000000e+05    1.3853346215e-01
    1.2742500000e+05    1.0832865233e-01
    1.2750000000e+05    1.7488407867e-01
    1.2757500000e+05    1.4537405405e-01
    1.2765000000e+05    1.3482905955e-01
    1.2772500000e+05    1.5100902684e-01
    1.2780000000e+05    1.0194473360e-01
    1.2787500000e+05    1.0752726715e-01
    1.2795000000e+05    1.2736800677e-01
    1.2802500000e+05    1.5612133009e-01
    1.2810000000e+05    1.7703845179e-01
    1.2817500000e+05    1.4387104428e-01
    1.2825000000e+05    1.5546579683e-01
    1.2832500000e+05    1.2761500552e-01
    1.2840000000e+05    1.0624444298e-01
    1.2847500000e+05    1.1929974587e-01
    1.2855000000e+05    1.0496959409e-01
    1.2862500000e+05    9.0468648780e-02
    1.2870000000e+05    1.0725776385e-01
    1.2877500000e+05    1.5825504975e-01
    1.2885000000e+05    1.0870119563e-01
    1.2892500000e+05    1.5512106881e-01
    1.2900000000e+05    1.6562332885e-01
    1.2907500000e+05    1.3819494129e-01
    1.2915000000e+05    1.5013154573e-01
    1.2922500000e+05    1.6658846793e-01
    1.2930000000e+05    1.6657416085e-01
    1.2937500000e+05    1.5273118941e-01
    1.2945000000e+05    1.2793360590e-01
    1.2952500000e+05    3.1771903669e-01
    1.2960000000e+05    1.4267860008e-01
    1.2967500000e+05    9.9541555575e-02
    1.2975000000e+05    1.0059077136e-01
    1.2982500000e+05    1.3676558198e-01
    1.2990000000e+05    1.4561222545e-01
    1.2997500000e+05    1.0373798144e-01
    1.3005000000e+05    9.2263233620e-02
    1.3012500000e+05    1.3898735812e-01
    1.3020000000e+05    1.4752546234e-01
    1.3027500000e+05    1.0529869115e-01
    1.3035000000e+05    1.1242869472e-01
    1.3042500000e+05    1.4388054802e-01
    1.3050000000e+05    1.2233037289e-01
    1.3057500000e+05    1.3125273251e-01
    1.3065000000e+05    1.1080433922e-01
    1.3072500000e+05    1.2378206928e-01
    1.3080000000e+05    1.6391346316e-01
    1.3087500000e+05    1.2406243679e-01
    1.3095000000e+05    1.3206436823e-01
    1.3102500000e+05    1.3404325334e-01
    1.3110000000e+05    1.2795848176e-01
    1.3117500000e+05    1.2762541950e-01
    1.3125000000e+05    1.3732458188e-01
    1.3132500000e+05    1.1856409308e-01
    1.3140000000e+05    1.1067207671e-01
    1.3147500000e+05    1.1079674675e-01
    1.3155000000e+05    1.4177680774e-01
    1.3162500000e+05    9.0145848775e-02
    1.3170000000e+05    9.2157251976e-02
    1.3177500000e+05    1.0441442960e-01
    1.3185000000e+05    1.2392511231e-01
    1.3192500000e+05    9.2563887204e-02
    1.3200000000e+05    9.6020240502e-02
    1.3207500000e+05    9.5221445809e-02
    1.3215000000e+05    9.4559007036e-02
    1.3222500000e+05    1.9048455448e-01
    1.3230000000e+05    1.3253684408e-01
    1.3237500000e+05    9.8357295133e-02
    1.3245000000e+05    1.6837386034e-01
    1.3252500000e+05    1.9163706745e-01
    1.3260000000e+05    2.0432056311e-01
    1.3267500000e+05    1.6132299293e-01
    1.3275000000e+05    1.7758005132e-01
    1.3282500000e+05    1.7577365196e-01
    1.3290000000e+05    1.8217795983e-01
    1.3297500000e+05    1.0547652120e-01
    1.3305000000e+05    1.2272454041e-01
    1.3312500000e+05    1.3982382498e-01
    1.3320000000e+05    1.5662731320e-01
    1.3327500000e+05    1.9346903158e-01
    1.3335000000e+05    1.5816828871e-01
    1.3342500000e+05    1.5123107756e-01
    1.3350000000e+05    1.3718657615e-01
    1.3357500000e+05    1.3178268928e-01
    1.3365000000e+05    1.1299890785e-01
    1.3372500000e+05    1.0859611885e-01
    1.3380000000e+05    9.9263626698e-02
    1.3387500000e+05    1.1860451515e-01
    1.3395000000e+05    1.2065390650e-01
    1.3402500000e+05    1.0917974851e-01
    1.3410000000e+05    9.2043226464e-02
    1.3417500000e+05    1.0730166450e-01
    1.3425000000e+05    1.1973934964e-01
    1.3432500000e+05    1.1157628610e-01
    1.3440000000e+05    1.0626645494e-01
    1.3447500000e+05    1.0602756106e-01
    1.3455000000e+05    9.7382511380e-02
    1.3462500000e+05    1.0393384065e-01
    1.3470000000e+05    1.0127518968e-01
    1.3477500000e+05    9.9814861301e-02
    1.3485000000e+05    9.5470532162e-02
    1.3492500000e+05    8.2381525061e-02
    1.3500000000e+05    1.2009628153e-01
    1.3507500000e+05    1.0095216484e-01
    1.3515000000e+05    1.3284722428e-01
    1.3522500000e+05    9.8332216243e-02
    1.3530000000e+05    1.2213124778e-01
    1.3537500000e+05    1.0629884960e-01
    1.3545000000e+05    1.1862861572e-01
    1.3552500000e+05    8.9784418180e-02
    1.3560000000e+05    9.2630189356e-02
    1.3567500000e+05    9.1027204646e-02
    1.3575000000e+05    1.0741378497e-01
    1.3582500000e+05    1.2221257068e-01
    1.3590000000e+05    1.1301702432e-01
    1.3597500000e+05    1.2280622695e-01
    1.3605000000e+05    8.4595947919e-02
    1.3612500000e+05    9.1543291704e-02
    1.3620000000e+05    9.6820972268e-02
    1.3627500000e+05    1.0005420312e-01
    1.3635000000e+05    7.9222579166e-02
    1.3642500000e+05    8.4990192302e-02
    1.3650000000e+05    1.2530270125e-01
    1.3657500000e+05    1.4977988867e-01
    1.3665000000e+05    1.5089713082e-01
    1.3672500000e+05    8.8449582478e-02
    1.3680000000e+05    1.5567727013e-01
    1.3687500000e+05    1.0997780842e-01
    1.3695000000e+05    1.1266528563e-01
    1.3702500000e+05    9.4495642290e-02
    1.3710000000e+05    9.2190749410e-02
    1.3717500000e+05    9.3985975850e-02
    1.3725000000e+05    8.8329439030e-02
    1.3732500000e+05    8.8225020370e-02
    1.3740000000e+05    9.3241601998e-02
    1.3747500000e+05    1.1191175307e-01
    1.3755000000e+05    1.2366592790e-01
    1.3762500000e+05    1.4032344912e-01
    1.3770000000e+05    1.3691967161e-01
    1.3777500000e+05    2.6988809405e-01
    1.3785000000e+05    1.3637479069e-01
    1.3792500000e+05    1.8475534190e-01
    1.3800000000e+05    9.2926264579e-02
    1.3807500000e+05    1.0074867168e-01
    1.3815000000e+05    9.7293344408e-02
    1.3822500000e+05    1.0044698078e-01
    1.3830000000e+05    8.8245961619e-02
    1.3837500000e+05    9.6999304003e-02
    1.3845000000e+05    1.1579639709e-01
    1.3852500000e+05    1.0637789659e-01
    1.3860000000e+05    9.4959492585e-02
    1.3867500000e+05    9.5216393308e-02
    1.3875000000e+05    1.1946231238e-01
    1.3882500000e+05    1.1430958415e-01
    1.3890000000e+05    1.2613785441e-01
    1.3897500000e+05    9.0886623035e-02
    1.3905000000e+05    1.1326566408e-01
    1.3912500000e+05    1.3275488723e-01
    1.3920000000e+05    1.4854947371e-01
    1.3927500000e+05    1.2117336534e-01
    1.3935000000e+05    1.0681872176e-01
    1.3942500000e+05    9.8534977717e-02
    1.3950000000e+05    1.1785962368e-01
    1.3957500000e+05    1.1060465394e-01
    1.3965000000e+05    1.1181881240e-01
    1.3972500000e+05    1.2049502208e-01
    1.3980000000e+05    1.1372420337e-01
    1.3987500000e+05    1.5712425186e-01
    1.3995000000e+05    1.2048059215e-01
    1.4002500000e+05    1.1868716186e-01
    1.4010000000e+05    1.1964983949e-01
    1.4017500000e+05    1.6240972321e-01
    1.4025000000e+05    1.2208898322e-01
    1.4032500000e+05    1.3558710870e-01
    1.4040000000e+05    1.1717217528e-01
    1.4047500000e+05    1.2880753911e-01
    1.4055000000e+05    1.2541500517e-01
    1.4062500000e+05    1.8323367267e-01
    1.4070000000e+05    1.2014365218e-01
    1.4077500000e+05    1.3224310284e-01
    1.4085000000e+05    1.2779139856e-01
    1.4092500000e+05    1.2810291780e-01
    1.4100000000e+05    1.1094409798e-01
    1.4107500000e+05    1.1258998650e-01
    1.4115000000e+05    1.0940725545e-01
    1.4122500000e+05    1.1798355744e-01
    1.4130000000e+05    1.1352799385e-01
    1.4137500000e+05    1.4046998926e-01
    1.4145000000e+05    1.6646788987e-01
    1.4152500000e+05    1.6166877143e-01
    1.4160000000e+05    1.2920127548e-01
    1.4167500000e+05    1.0650215728e-01
    1.4175000000e+05    1.1100738193e-01
    1.4182500000e+05    1.4436292444e-01
    1.4190000000e+05    1.4490050905e-01
    1.4197500000e+05    1.1722621478e-01
    1.4205000000e+05    1.1832892092e-01
    1.4212500000e+05    1.2934139183e-01
    1.4220000000e+05    1.1957225633e-01
    1.4227500000e+05    1.0482158683e-01
    1.4235000000e+05    1.1058430400e-01
    1.4242500000e+05    1.2536868189e-01
    1.4250000000e+05    1.4538770771e-01
    1.4257500000e+05    1.3834557680e-01
    1.4265000000e+05    1.3679775201e-01
    1.4272500000e+05    1.1961959987e-01
    1.4280000000e+05    1.1397648289e-01
    1.4287500000e+05    1.2119344883e-01
    1.4295000000e+05    1.3265668529e-01
    1.4302500000e+05    1.2443999340e-01
    1.4310000000e+05    1.1026873031e-01
    1.4317500000e+05    1.2494674025e-01
    1.4325000000e+05    1.1631215207e-01
    1.4332500000e+05    1.5402291899e-01
    1.4340000000e+05    1.2395465497e-01
    1.4347500000e+05    1.1349591276e-01
    1.4355000000e+05    1.3282985915e-01
    1.4362500000e+05    1.2886775619e-01
    1.4370000000e+05    1.4415767226e-01
    1.4377500000e+05    1.5076743374e-01
    1.4385000000e+05    1.4270380248e-01
    1.4392500000e+05    1.3379876204e-01
    1.4400000000e+05    1.1004136892e-01
    1.4407500000e+05    1.0860102098e-01
    1.4415000000e+05    1.0664642609e-01
    1.4422500000e+05    1.5379003712e-01
    1.4430000000e+05    1.3366487316e-01
    1.4437500000e+05    1.3082019183e-01
    1.4445000000e+05    2.0380149969e-01
    1.4452500000e+05    1.1563860190e-01
    1.4460000000e+05    1.3112252363e-01
    1.4467500000e+05    1.3359731815e-01
    1.4475000000e+05    1.2304545773e-01
    1.4482500000e+05    1.0991764433e-01
    1.4490000000e+05    1.1457494041e-01
    1.4497500000e+05    1.5429196152e-01
    1.4505000000e+05    1.6609152370e-01
    1.4512500000e+05    1.2140257819e-01
    1.4520000000e+05    1.3795884612e-01
    1.4527500000e+05    1.1969718364e-01
    1.4535000000e+05    1.1835902660e-01
    1.4542500000e+05    1.2976146267e-01
    1.4550000000e+05    1.7947188717e-01
    1.4557500000e+05    1.8965319387e-01
    1.4565000000e+05    1.6218142971e-01
    1.4572500000e+05    1.5592485070e-01
    1.4580000000e+05    1.4223963756e-01
    1.4587500000e+05    1.1961590393e-01
    1.4595000000e+05    1.2024386355e-01
    1.4602500000e+05    1.3419576459e-01
    1.4610000000e+05    1.3933278934e-01
    1.4617500000e+05    1.3210316891e-01
    1.4625000000e+05    1.2072497459e-01
    1.4632500000e+05    1.1691068194e-01
    1.4640000000e+05    1.3702143777e-01
    1.4647500000e+05    1.2427864645e-01
    1.4655000000e+05    1.2097592751e-01
    1.4662500000e+05    1.1616153045e-01
    1.4670000000e+05    1.0628771222e-01
    1.4677500000e+05    1.2713468859e-01
    1.4685000000e+05    1.2607248324e-01
    1.4692500000e+05    1.3115778310e-01
    1.4700000000e+05    1.1752966187e-01
    1.4707500000e+05    1.1677045267e-01
    1.4715000000e+05    1.4090315421e-01
    1.4722500000e+05    1.2425716691e-01
    1.4730000000e+05    1.0418297050e-01
    1.4737500000e+05    1.2262053633e-01
    1.4745000000e+05    1.2158907437e-01
    1.4752500000e+05    1.3537504229e-01
    1.4760000000e+05    1.1174817538e-01
    1.4767500000e+05    9.0121630629e-02
    1.4775000000e+05    1.2366359319e-01
    1.4782500000e+05    1.3098224916e-01
    1.4790000000e+05    1.2505409484e-01
    1.4797500000e+05    1.2527506850e-01
    1.4805000000e+05    1.4724651955e-01
    1.4812500000e+05    1.4047099648e-01
    1.4820000000e+05    1.2204104295e-01
    1.4827500000e+05    1.1965894705e-01
    1.4835000000e+05    1.2187844397e-01
    1.4842500000e+05    1.0372092491e-01
    1.4850000000e+05    9.7272919785e-02
    1.4857500000e+05    1.0910891700e-01
    1.4865000000e+05    1.1192473780e-01
    1.4872500000e+05    1.0662716036e-01
    1.4880000000e+05    1.1290109479e-01
    1.4887500000e+05    1.0013319269e-01
    1.4895000000e+05    1.2164565093e-01
    1.4902500000e+05    1.2704698185e-01
    1.4910000000e+05    1.2506922611e-01
    1.4917500000e+05    1.0500153973e-01
    1.4925000000e+05    1.2633143418e-01
    1.4932500000e+05    1.2946346363e-01
    1.4940000000e+05    1.5722404939e-01
    1.4947500000e+05    1.2941704853e-01
    1.4955000000e+05    1.0571263377e-01
    1.4962500000e+05    1.3408787737e-01
    1.4970000000e+05    1.1767105321e-01
    1.4977500000e+05    1.0988294059e-01
    1.4985000000e+05    1.3458638791e-01
    1.4992500000e+05    1.3912026549e-01
    1.5000000000e+05    1.3462634253e-01
