    2.5000000000e+02    1.2238741877e-01
    5.0000000000e+02    1.1986900160e-01
    7.5000000000e+02    7.3586025429e-02
    1.0000000000e+03    1.0531350090e-01
    1.2500000000e+03    1.1327341921e-01
    1.5000000000e+03    1.2488102670e-01
    1.7500000000e+03    9.7285249940e-02
    2.0000000000e+03    1.2438159626e-01
    2.2500000000e+03    1.1591754565e-01
    2.5000000000e+03    1.0535955464e-01
    2.7500000000e+03    1.4275976550e-01
    3.0000000000e+03    9.9260567319e-02
    3.2500000000e+03    1.6236332176e-01
    3.5000000000e+03    8.1145872735e-02
    3.7500000000e+03    1.5917720361e-01
    4.0000000000e+03    1.3484437469e-01
    4.2500000000e+03    1.0260442182e-01
    4.5000000000e+03    1.4594986843e-01
    4.7500000000e+03    1.1306939063e-01
    5.0000000000e+03    1.1568306666e-01
    5.2500000000e+03    1.5343018246e-01
    5.5000000000e+03    1.2220782366e-01
    5.7500000000e+03    1.5712989496e-01
    6.0000000000e+03    1.1497276099e-01
    6.2500000000e+03    1.2173207307e-01
    6.5000000000e+03    1.1993203223e-01
    6.7500000000e+03    7.9734904683e-02
    7.0000000000e+03    1.0002737501e-01
    7.2500000000e+03    1.2885153907e-01
    7.5000000000e+03    8.8653389997e-02
    7.7500000000e+03    1.0793587877e-01
    8.0000000000e+03    8.9329152159e-02
    8.2500000000e+03    1.3498741249e-01
    8.5000000000e+03    8.0835239517e-02
    8.7500000000e+03    9.3625896917e-02
    9.0000000000e+03    9.4704672028e-02
    9.2500000000e+03    8.7044435798e-02
    9.5000000000e+03    1.1300488650e-01
    9.7500000000e+03    9.0118073171e-02
    1.0000000000e+04    1.3701266952e-01
    1.0250000000e+04    1.2945634077e-01
    1.0500000000e+04    1.1306958910e-01
    1.0750000000e+04    8.8955916626e-02
    1.1000000000e+04    1.4722778465e-01
    1.1250000000e+04    1.3353046048e-01
    1.1500000000e+04    1.0508863978e-01
    1.1750000000e+04    1.3196467526e-01
    1.2000000000e+04    8.9479276693e-02
    1.2250000000e+04    1.2581400117e-01
    1.2500000000e+04    1.1536519621e-01
    1.2750000000e+04    1.0080277781e-01
    1.3000000000e+04    8.6964920154e-02
    1.3250000000e+04    1.5037407274e-01
    1.3500000000e+04    1.2348853927e-01
    1.3750000000e+04    1.1200592324e-01
    1.4000000000e+04    1.1357541999e-01
    1.4250000000e+04    8.8359861404e-02
    1.4500000000e+04    1.2290304438e-01
    1.4750000000e+04    1.6953870760e-01
    1.5000000000e+04    1.2053443713e-01
    1.5250000000e+04    1.1446299892e-01
    1.5500000000e+04    1.1689041014e-01
    1.5750000000e+04    9.9967825006e-02
    1.6000000000e+04    1.5041175957e-01
    1.6250000000e+04    8.0942058822e-02
    1.6500000000e+04    9.1411042835e-02
    1.6750000000e+04    1.4187481918e-01
    1.7000000000e+04    9.6370259556e-02
    1.7250000000e+04    7.8605569172e-02
    1.7500000000e+04    1.0641479230e-01
    1.7750000000e+04    8.7507337501e-02
    1.8000000000e+04    1.2815460033e-01
    1.8250000000e+04    1.3979013353e-01
    1.8500000000e+04    9.5144195226e-02
    1.8750000000e+04    9.0094730564e-02
    1.9000000000e+04    9.2430675263e-02
    1.9250000000e+04    1.0967500125e-01
    1.9500000000e+04    1.1762966696e-01
    1.9750000000e+04    9.9254643466e-02
    2.0000000000e+04    8.5806453151e-02
    2.0250000000e+04    1.0238478989e-01
    2.0500000000e+04    1.0105616666e-01
    2.0750000000e+04    1.2938446551e-01
    2.1000000000e+04    1.1283941899e-01
    2.1250000000e+04    1.0806797947e-01
    2.1500000000e+04    1.0284052065e-01
    2.1750000000e+04    1.0692881461e-01
    2.2000000000e+04    1.1819141724e-01
    2.2250000000e+04    9.5453773012e-02
    2.2500000000e+04    9.6419740283e-02
    2.2750000000e+04    1.0002227893e-01
    2.3000000000e+04    1.6332292209e-01
    2.3250000000e+04    1.4519650577e-01
    2.3500000000e+04    1.5466901329e-01
    2.3750000000e+04    1.3773567656e-01
    2.4000000000e+04    1.1611876371e-01
    2.4250000000e+04    9.3178905155e-02
    2.4500000000e+04    8.9262345400e-02
    2.4750000000e+04    1.5379639422e-01
    2.5000000000e+04    1.1933682767e-01
    2.5250000000e+04    1.1253137357e-01
    2.5500000000e+04    9.4018187054e-02
    2.5750000000e+04    8.3405101201e-02
    2.6000000000e+04    1.0211361218e-01
    2.6250000000e+04    1.2212967251e-01
    2.6500000000e+04    9.4645750602e-02
    2.6750000000e+04    9.0282209085e-02
    2.7000000000e+04    9.1310329871e-02
    2.7250000000e+04    1.9224885734e-01
    2.7500000000e+04    1.0936763100e-01
    2.7750000000e+04    1.2925503662e-01
    2.8000000000e+04    1.0690429373e-01
    2.8250000000e+04    1.1004278010e-01
    2.8500000000e+04    1.9566123726e-01
    2.8750000000e+04    1.0872326812e-01
    2.9000000000e+04    1.0918922975e-01
    2.9250000000e+04    1.5773830261e-01
    2.9500000000e+04    1.9424457648e-01
    2.9750000000e+04    8.4387477906e-02
    3.0000000000e+04    8.9130217945e-02
    3.0250000000e+04    1.0402936915e-01
    3.0500000000e+04    1.0905014900e-01
    3.0750000000e+04    1.1395384383e-01
    3.1000000000e+04    9.2519369250e-02
    3.1250000000e+04    1.0499694712e-01
    3.1500000000e+04    9.9697147998e-02
    3.1750000000e+04    1.0832609633e-01
    3.2000000000e+04    1.0926974728e-01
    3.2250000000e+04    1.5008733793e-01
    3.2500000000e+04    1.0430414917e-01
    3.2750000000e+04    1.0928122521e-01
    3.3000000000e+04    1.4157816217e-01
    3.3250000000e+04    1.0617639711e-01
    3.3500000000e+04    8.6227599731e-02
    3.3750000000e+04    9.1081384752e-02
    3.4000000000e+04    1.1698015072e-01
    3.4250000000e+04    1.3676839833e-01
    3.4500000000e+04    1.2514972070e-01
    3.4750000000e+04    9.5488706562e-02
    3.5000000000e+04    1.0326722705e-01
    3.5250000000e+04    1.1195465915e-01
    3.5500000000e+04    1.2486370673e-01
    3.5750000000e+04    1.1792460651e-01
    3.6000000000e+04    1.3624083244e-01
    3.6250000000e+04    1.0380930209e-01
    3.6500000000e+04    1.0056961707e-01
    3.6750000000e+04    8.8238745416e-02
    3.7000000000e+04    1.0611242518e-01
    3.7250000000e+04    1.2800315147e-01
    3.7500000000e+04    1.1104269677e-01
    3.7750000000e+04    1.2961718090e-01
    3.8000000000e+04    1.1207315412e-01
    3.8250000000e+04    8.4648217489e-02
    3.8500000000e+04    1.0437265346e-01
    3.8750000000e+04    1.1203813095e-01
    3.9000000000e+04    1.0562803708e-01
    3.9250000000e+04    1.2928018616e-01
    3.9500000000e+04    1.4584582842e-01
    3.9750000000e+04    1.4029725724e-01
    4.0000000000e+04    1.0650750633e-01
    4.0250000000e+04    9.4031613773e-02
    4.0500000000e+04    1.0137993438e-01
    4.0750000000e+04    9.8870712640e-02
    4.1000000000e+04    8.9149688751e-02
    4.1250000000e+04    1.0237534711e-01
    4.1500000000e+04    1.1072157209e-01
    4.1750000000e+04    1.2318267899e-01
    4.2000000000e+04    1.1969265793e-01
    4.2250000000e+04    8.7038811838e-02
    4.2500000000e+04    8.8954951394e-02
    4.2750000000e+04    9.2609128884e-02
    4.3000000000e+04    1.3108403780e-01
    4.3250000000e+04    1.1833797385e-01
    4.3500000000e+04    8.9449738362e-02
    4.3750000000e+04    1.1496898257e-01
    4.4000000000e+04    1.0350320321e-01
    4.4250000000e+04    9.2269627603e-02
    4.4500000000e+04    1.0260085729e-01
    4.4750000000e+04    9.5524412830e-02
    4.5000000000e+04    1.7407237102e-01
    4.5250000000e+04    1.6563778479e-01
    4.5500000000e+04    1.1241261149e-01
    4.5750000000e+04    1.2874284273e-01
    4.6000000000e+04    1.0658185516e-01
    4.6250000000e+04    1.0837363567e-01
    4.6500000000e+04    9.5411275677e-02
    4.6750000000e+04    1.1176868920e-01
    4.7000000000e+04    1.0564900346e-01
    4.7250000000e+04    1.1281246643e-01
    4.7500000000e+04    9.8472227967e-02
    4.7750000000e+04    1.3343329789e-01
    4.8000000000e+04    1.0242687418e-01
    4.8250000000e+04    1.4623129683e-01
    4.8500000000e+04    9.7674273805e-02
    4.8750000000e+04    1.0069610890e-01
    4.9000000000e+04    1.2367586082e-01
    4.9250000000e+04    1.1091939107e-01
    4.9500000000e+04    1.1903067503e-01
    4.9750000000e+04    8.3046829548e-02
    5.0000000000e+04    1.0507748590e-01
    5.0250000000e+04    1.1143507226e-01
    5.0500000000e+04    1.6495533423e-01
    5.0750000000e+04    1.0833798876e-01
    5.1000000000e+04    8.2201835953e-02
    5.1250000000e+04    1.1177281074e-01
    5.1500000000e+04    9.5438050308e-02
    5.1750000000e+04    1.2107193571e-01
    5.2000000000e+04    1.2812974049e-01
    5.2250000000e+04    1.2442999900e-01
    5.2500000000e+04    1.1911095174e-01
    5.2750000000e+04    8.6881023873e-02
    5.3000000000e+04    8.8095628342e-02
    5.3250000000e+04    8.3030401728e-02
    5.3500000000e+04    9.6419785960e-02
    5.3750000000e+04    1.4177657405e-01
    5.4000000000e+04    1.1835202776e-01
    5.4250000000e+04    9.2357961939e-02
    5.4500000000e+04    1.0099177726e-01
    5.4750000000e+04    9.9315242889e-02
    5.5000000000e+04    8.7025182749e-02
    5.5250000000e+04    9.7330893585e-02
    5.5500000000e+04    1.2120282373e-01
    5.5750000000e+04    1.0882009999e-01
    5.6000000000e+04    1.1811745945e-01
    5.6250000000e+04    9.6244472368e-02
    5.6500000000e+04    7.6590751973e-02
    5.6750000000e+04    9.6008979523e-02
    5.7000000000e+04    8.5639108255e-02
    5.7250000000e+04    1.1544069917e-01
    5.7500000000e+04    1.0111658970e-01
    5.7750000000e+04    7.8732782285e-02
    5.8000000000e+04    8.6298152836e-02
    5.8250000000e+04    8.1461999353e-02
    5.8500000000e+04    9.8500265445e-02
    5.8750000000e+04    1.1582806657e-01
    5.9000000000e+04    9.8210687789e-02
    5.9250000000e+04    1.1592612641e-01
    5.9500000000e+04    9.7069165001e-02
    5.9750000000e+04    1.0525604791e-01
    6.0000000000e+04    1.0387692945e-01
    6.0250000000e+04    1.0934356807e-01
    6.0500000000e+04    9.7339790698e-02
    6.0750000000e+04    9.9259307482e-02
    6.1000000000e+04    1.2249123611e-01
    6.1250000000e+04    1.0814084945e-01
    6.1500000000e+04    1.1714985021e-01
    6.1750000000e+04    1.4909341485e-01
    6.2000000000e+04    9.0467287564e-02
    6.2250000000e+04    9.5766841701e-02
    6.2500000000e+04    1.1265039613e-01
    6.2750000000e+04    1.3511687949e-01
    6.3000000000e+04    1.3363533273e-01
    6.3250000000e+04    1.0917851289e-01
    6.3500000000e+04    1.0964957566e-01
    6.3750000000e+04    1.2558490435e-01
    6.4000000000e+04    9.6583103106e-02
    6.4250000000e+04    1.1052836584e-01
    6.4500000000e+04    1.2058113455e-01
    6.4750000000e+04    1.0569879610e-01
    6.5000000000e+04    1.0122816352e-01
    6.5250000000e+04    1.1004719116e-01
    6.5500000000e+04    1.1424313946e-01
    6.5750000000e+04    1.0257189100e-01
    6.6000000000e+04    1.1323796184e-01
    6.6250000000e+04    1.0165190929e-01
    6.6500000000e+04    9.0287889740e-02
    6.6750000000e+04    8.3856387894e-02
    6.7000000000e+04    1.0206660318e-01
    6.7250000000e+04    1.0580671036e-01
    6.7500000000e+04    1.0893937207e-01
    6.7750000000e+04    1.2092354396e-01
    6.8000000000e+04    8.8317506946e-02
    6.8250000000e+04    1.5673474643e-01
    6.8500000000e+04    1.1083887129e-01
    6.8750000000e+04    8.5453491893e-02
    6.9000000000e+04    1.4474050226e-01
    6.9250000000e+04    9.8015431442e-02
    6.9500000000e+04    8.7135880417e-02
    6.9750000000e+04    1.0059232752e-01
    7.0000000000e+04    1.5556084089e-01
    7.0250000000e+04    9.1420880874e-02
    7.0500000000e+04    9.9045660235e-02
    7.0750000000e+04    1.2814578968e-01
    7.1000000000e+04    1.0347660005e-01
    7.1250000000e+04    1.2742780578e-01
    7.1500000000e+04    9.6032721552e-02
    7.1750000000e+04    1.1244005533e-01
    7.2000000000e+04    1.2066065144e-01
    7.2250000000e+04    1.0284676864e-01
    7.2500000000e+04    1.1187813001e-01
    7.2750000000e+04    1.4055505588e-01
    7.3000000000e+04    1.0794549504e-01
    7.3250000000e+04    1.0382310465e-01
    7.3500000000e+04    1.0934567642e-01
    7.3750000000e+04    1.0249998756e-01
    7.4000000000e+04    1.1570804883e-01
    7.4250000000e+04    1.1125038113e-01
    7.4500000000e+04    1.1220389921e-01
    7.4750000000e+04    7.8761822012e-02
    7.5000000000e+04    1.1497850478e-01
    7.5250000000e+04    9.7048687724e-02
    7.5500000000e+04    9.1525717792e-02
    7.5750000000e+04    1.0534367604e-01
    7.6000000000e+04    9.5802335797e-02
    7.6250000000e+04    1.0575900500e-01
    7.6500000000e+04    9.4888057851e-02
    7.6750000000e+04    8.9479221660e-02
    7.7000000000e+04    9.5386292110e-02
    7.7250000000e+04    1.4656532546e-01
    7.7500000000e+04    1.0120273662e-01
    7.7750000000e+04    9.7120816384e-02
    7.8000000000e+04    1.0706809733e-01
    7.8250000000e+04    1.0425912094e-01
    7.8500000000e+04    1.0144446374e-01
    7.8750000000e+04    1.1068491269e-01
    7.9000000000e+04    1.2559471588e-01
    7.9250000000e+04    8.0289696413e-02
    7.9500000000e+04    1.3010142226e-01
    7.9750000000e+04    1.6576180775e-01
    8.0000000000e+04    1.0694029331e-01
    8.0250000000e+04    1.0753353872e-01
    8.0500000000e+04    9.3994167335e-02
    8.0750000000e+04    9.3559415392e-02
    8.1000000000e+04    1.1094108299e-01
    8.1250000000e+04    8.8356154918e-02
    8.1500000000e+04    1.0095284767e-01
    8.1750000000e+04    9.8884262137e-02
    8.2000000000e+04    1.1307441160e-01
    8.2250000000e+04    1.4440710488e-01
    8.2500000000e+04    9.3030851170e-02
    8.2750000000e+04    1.0035192141e-01
    8.3000000000e+04    1.4189002203e-01
    8.3250000000e+04    1.5208960129e-01
    8.3500000000e+04    9.3173560721e-02
    8.3750000000e+04    1.0406046290e-01
    8.4000000000e+04    9.7967509126e-02
    8.4250000000e+04    9.3430018829e-02
    8.4500000000e+04    1.2765486901e-01
    8.4750000000e+04    8.8295103194e-02
    8.5000000000e+04    1.1401056014e-01
    8.5250000000e+04    1.0146930779e-01
    8.5500000000e+04    9.2807063539e-02
    8.5750000000e+04    1.0859144004e-01
    8.6000000000e+04    1.1824986116e-01
    8.6250000000e+04    1.0318772973e-01
    8.6500000000e+04    9.9413530558e-02
    8.6750000000e+04    8.8529564451e-02
    8.7000000000e+04    1.0767751683e-01
    8.7250000000e+04    9.8082823761e-02
    8.7500000000e+04    1.0881518301e-01
    8.7750000000e+04    1.2535608405e-01
    8.8000000000e+04    1.0313958691e-01
    8.8250000000e+04    8.4724854875e-02
    8.8500000000e+04    1.0766400343e-01
    8.8750000000e+04    9.2380234166e-02
    8.9000000000e+04    1.0679963281e-01
    8.9250000000e+04    9.5933228298e-02
    8.9500000000e+04    1.0009807835e-01
    8.9750000000e+04    9.8341586226e-02
    9.0000000000e+04    9.7901933138e-02
    9.0250000000e+04    1.4668230790e-01
    9.0500000000e+04    1.0752414565e-01
    9.0750000000e+04    1.6715628978e-01
    9.1000000000e+04    1.1176346037e-01
    9.1250000000e+04    9.6978772574e-02
    9.1500000000e+04    1.2114978265e-01
    9.1750000000e+04    1.1028030514e-01
    9.2000000000e+04    8.7828576026e-02
    9.2250000000e+04    1.4966055570e-01
    9.2500000000e+04    1.4411985921e-01
    9.2750000000e+04    9.9560098781e-02
    9.3000000000e+04    1.1234786921e-01
    9.3250000000e+04    9.1404410920e-02
    9.3500000000e+04    1.4345738966e-01
    9.3750000000e+04    9.8062201340e-02
    9.4000000000e+04    9.9091489425e-02
    9.4250000000e+04    1.2902285247e-01
    9.4500000000e+04    1.0810076454e-01
    9.4750000000e+04    9.7436597294e-02
    9.5000000000e+04    1.3985775183e-01
    9.5250000000e+04    8.8935433380e-02
    9.5500000000e+04    9.6362931879e-02
    9.5750000000e+04    1.1563571867e-01
    9.6000000000e+04    1.0462144165e-01
    9.6250000000e+04    1.0541571704e-01
    9.6500000000e+04    1.0632666662e-01
    9.6750000000e+04    1.0044322172e-01
    9.7000000000e+04    1.0780277565e-01
    9.7250000000e+04    1.4128794952e-01
    9.7500000000e+04    1.0298423221e-01
    9.7750000000e+04    9.8482433569e-02
    9.8000000000e+04    9.2724059723e-02
    9.8250000000e+04    9.1428869037e-02
    9.8500000000e+04    1.3953739785e-01
    9.8750000000e+04    1.1259293327e-01
    9.9000000000e+04    1.1785841429e-01
    9.9250000000e+04    1.0713534432e-01
    9.9500000000e+04    1.2845032895e-01
    9.9750000000e+04    1.0299250124e-01
    1.0000000000e+05    1.2361578563e-01
    1.0025000000e+05    8.9571227809e-02
    1.0050000000e+05    1.0838135903e-01
    1.0075000000e+05    1.0674065403e-01
    1.0100000000e+05    9.1048667854e-02
    1.0125000000e+05    9.7665673154e-02
    1.0150000000e+05    1.2968949339e-01
    1.0175000000e+05    1.0124508984e-01
    1.0200000000e+05    1.1393713349e-01
    1.0225000000e+05    1.2452477417e-01
    1.0250000000e+05    9.5169725902e-02
    1.0275000000e+05    9.0062141897e-02
    1.0300000000e+05    8.8970411507e-02
    1.0325000000e+05    1.2903073297e-01
    1.0350000000e+05    1.1080965321e-01
    1.0375000000e+05    9.3674847940e-02
    1.0400000000e+05    9.9914499712e-02
    1.0425000000e+05    1.0516648544e-01
    1.0450000000e+05    8.5091464623e-02
    1.0475000000e+05    1.2354041928e-01
    1.0500000000e+05    7.9285269678e-02
    1.0525000000e+05    1.2765211939e-01
    1.0550000000e+05    8.7313866208e-02
    1.0575000000e+05    1.3991624681e-01
    1.0600000000e+05    1.1848798806e-01
    1.0625000000e+05    8.7270052686e-02
    1.0650000000e+05    1.2552388391e-01
    1.0675000000e+05    1.1479202860e-01
    1.0700000000e+05    1.2484223601e-01
    1.0725000000e+05    1.1245012396e-01
    1.0750000000e+05    1.1513842009e-01
    1.0775000000e+05    9.3009708903e-02
    1.0800000000e+05    1.2165676476e-01
    1.0825000000e+05    9.0954568852e-02
    1.0850000000e+05    9.4907426895e-02
    1.0875000000e+05    1.4605298164e-01
    1.0900000000e+05    1.1142315941e-01
    1.0925000000e+05    1.0739303044e-01
    1.0950000000e+05    9.8384917873e-02
    1.0975000000e+05    1.0983053572e-01
    1.1000000000e+05    8.1412712231e-02
    1.1025000000e+05    1.1790637860e-01
    1.1050000000e+05    8.4410644497e-02
    1.1075000000e+05    1.1223636740e-01
    1.1100000000e+05    1.4435484674e-01
    1.1125000000e+05    8.5404108074e-02
    1.1150000000e+05    8.5317752825e-02
    1.1175000000e+05    9.7536298260e-02
    1.1200000000e+05    1.1431235002e-01
    1.1225000000e+05    1.0991784876e-01
    1.1250000000e+05    1.0120163949e-01
    1.1275000000e+05    1.1081977047e-01
    1.1300000000e+05    9.1240255219e-02
    1.1325000000e+05    1.0666690769e-01
    1.1350000000e+05    1.3220462408e-01
    1.1375000000e+05    8.8156488174e-02
    1.1400000000e+05    1.0554941622e-01
    1.1425000000e+05    1.1943910971e-01
    1.1450000000e+05    1.0098675340e-01
    1.1475000000e+05    1.1204291112e-01
    1.1500000000e+05    1.4585670114e-01
    1.1525000000e+05    1.0223775783e-01
    1.1550000000e+05    1.1956142219e-01
    1.1575000000e+05    1.0426287314e-01
    1.1600000000e+05    8.9310213198e-02
    1.1625000000e+05    8.1788513514e-02
    1.1650000000e+05    1.4122379119e-01
    1.1675000000e+05    8.5618407958e-02
    1.1700000000e+05    1.0239497609e-01
    1.1725000000e+05    9.1308256579e-02
    1.1750000000e+05    1.0077705713e-01
    1.1775000000e+05    1.5243728799e-01
    1.1800000000e+05    1.3378155430e-01
    1.1825000000e+05    1.0587262768e-01
    1.1850000000e+05    1.1730298340e-01
    1.1875000000e+05    1.0398487517e-01
    1.1900000000e+05    1.0054904566e-01
    1.1925000000e+05    1.1022489789e-01
    1.1950000000e+05    1.1670921305e-01
    1.1975000000e+05    1.2407033153e-01
    1.2000000000e+05    1.1921585415e-01
    1.2025000000e+05    9.4384533885e-02
    1.2050000000e+05    1.3275722697e-01
    1.2075000000e+05    1.1051056097e-01
    1.2100000000e+05    1.1774582991e-01
    1.2125000000e+05    8.7900285847e-02
    1.2150000000e+05    1.1854543132e-01
    1.2175000000e+05    8.4016659362e-02
    1.2200000000e+05    7.2968974663e-02
    1.2225000000e+05    1.2060432616e-01
    1.2250000000e+05    1.4602647470e-01
    1.2275000000e+05    1.0703982041e-01
    1.2300000000e+05    1.2634431340e-01
    1.2325000000e+05    9.6297388450e-02
    1.2350000000e+05    1.0981731288e-01
    1.2375000000e+05    9.2101491652e-02
    1.2400000000e+05    1.0030982633e-01
    1.2425000000e+05    9.7286588388e-02
    1.2450000000e+05    9.6634953604e-02
    1.2475000000e+05    1.0792123022e-01
    1.2500000000e+05    1.0268229343e-01
    1.2525000000e+05    1.1335327177e-01
    1.2550000000e+05    1.0066175198e-01
    1.2575000000e+05    1.1916370149e-01
    1.2600000000e+05    1.3830181030e-01
    1.2625000000e+05    9.6610253175e-02
    1.2650000000e+05    1.1263472893e-01
    1.2675000000e+05    9.3976405515e-02
    1.2700000000e+05    1.0327182840e-01
    1.2725000000e+05    1.1876609444e-01
    1.2750000000e+05    9.5362469704e-02
    1.2775000000e+05    1.0239732601e-01
    1.2800000000e+05    8.2597648065e-02
    1.2825000000e+05    9.7218856501e-02
    1.2850000000e+05    1.0615262829e-01
    1.2875000000e+05    1.1423825689e-01
    1.2900000000e+05    7.5688921438e-02
    1.2925000000e+05    1.0178418594e-01
    1.2950000000e+05    9.9660233981e-02
    1.2975000000e+05    9.2128777075e-02
    1.3000000000e+05    8.6924892675e-02
    1.3025000000e+05    1.1661741974e-01
    1.3050000000e+05    9.2554804537e-02
    1.3075000000e+05    9.7189068870e-02
    1.3100000000e+05    1.1192956110e-01
    1.3125000000e+05    1.1055792486e-01
    1.3150000000e+05    1.5161587702e-01
    1.3175000000e+05    1.0516206202e-01
    1.3200000000e+05    1.1009451012e-01
    1.3225000000e+05    1.3210392719e-01
    1.3250000000e+05    1.1791623978e-01
    1.3275000000e+05    1.5684740002e-01
    1.3300000000e+05    1.2605984430e-01
    1.3325000000e+05    9.5926412015e-02
    1.3350000000e+05    1.2992038871e-01
    1.3375000000e+05    1.1087503618e-01
    1.3400000000e+05    1.2063096821e-01
    1.3425000000e+05    1.3234443234e-01
    1.3450000000e+05    1.0501535403e-01
    1.3475000000e+05    1.2033012696e-01
    1.3500000000e+05    9.4726674361e-02
    1.3525000000e+05    1.3099272528e-01
    1.3550000000e+05    1.0219824620e-01
    1.3575000000e+05    8.9565729493e-02
    1.3600000000e+05    1.0262418372e-01
    1.3625000000e+05    1.3194015925e-01
    1.3650000000e+05    9.3788422904e-02
    1.3675000000e+05    9.2838375718e-02
    1.3700000000e+05    1.2569352309e-01
    1.3725000000e+05    9.9888741359e-02
    1.3750000000e+05    1.2852438275e-01
    1.3775000000e+05    1.0762006081e-01
    1.3800000000e+05    9.3184485023e-02
    1.3825000000e+05    9.7883222601e-02
    1.3850000000e+05    9.8501486504e-02
    1.3875000000e+05    9.3968306010e-02
    1.3900000000e+05    1.0356418358e-01
    1.3925000000e+05    1.0143074701e-01
    1.3950000000e+05    9.1592466770e-02
    1.3975000000e+05    9.0899111705e-02
    1.4000000000e+05    8.2481707936e-02
    1.4025000000e+05    1.1330839633e-01
    1.4050000000e+05    1.1248662717e-01
    1.4075000000e+05    1.1889131250e-01
    1.4100000000e+05    1.0988215717e-01
    1.4125000000e+05    1.2751419097e-01
    1.4150000000e+05    1.5709895189e-01
    1.4175000000e+05    1.0030291416e-01
    1.4200000000e+05    9.8528569720e-02
    1.4225000000e+05    9.0540243571e-02
    1.4250000000e+05    1.0902448718e-01
    1.4275000000e+05    9.2289271804e-02
    1.4300000000e+05    1.1671898564e-01
    1.4325000000e+05    1.1934602520e-01
    1.4350000000e+05    1.0865790081e-01
    1.4375000000e+05    9.3736562813e-02
    1.4400000000e+05    1.1513313068e-01
    1.4425000000e+05    9.6092758825e-02
    1.4450000000e+05    8.6995415388e-02
    1.4475000000e+05    9.8782144978e-02
    1.4500000000e+05    9.9086625056e-02
    1.4525000000e+05    1.2927855921e-01
    1.4550000000e+05    9.5683928432e-02
    1.4575000000e+05    1.2212000788e-01
    1.4600000000e+05    1.0421871296e-01
    1.4625000000e+05    1.1955695922e-01
    1.4650000000e+05    9.9877714929e-02
    1.4675000000e+05    9.3060651355e-02
    1.4700000000e+05    9.5757990126e-02
    1.4725000000e+05    1.1360908439e-01
    1.4750000000e+05    1.6199469819e-01
    1.4775000000e+05    1.2196931201e-01
    1.4800000000e+05    1.0835339540e-01
    1.4825000000e+05    1.2324203658e-01
    1.4850000000e+05    1.0665484216e-01
    1.4875000000e+05    1.2148463174e-01
    1.4900000000e+05    1.0233233563e-01
    1.4925000000e+05    1.3188973762e-01
    1.4950000000e+05    1.0916417143e-01
    1.4975000000e+05    9.4823102913e-02
    1.5000000000e+05    1.2629913605e-01
    1.5025000000e+05    1.2284392789e-01
    1.5050000000e+05    1.1331541729e-01
    1.5075000000e+05    9.6240286678e-02
    1.5100000000e+05    9.1867756760e-02
    1.5125000000e+05    1.0022479331e-01
    1.5150000000e+05    1.2877875099e-01
    1.5175000000e+05    9.3675224205e-02
    1.5200000000e+05    1.1986928253e-01
    1.5225000000e+05    1.1706404291e-01
    1.5250000000e+05    9.0345252445e-02
    1.5275000000e+05    9.0236757109e-02
    1.5300000000e+05    1.0032457166e-01
    1.5325000000e+05    9.0153022543e-02
    1.5350000000e+05    8.0506869502e-02
    1.5375000000e+05    1.1371795941e-01
    1.5400000000e+05    8.8912238220e-02
    1.5425000000e+05    1.2045229079e-01
    1.5450000000e+05    1.0036043308e-01
    1.5475000000e+05    9.1565104663e-02
    1.5500000000e+05    1.1390453020e-01
    1.5525000000e+05    8.0061652819e-02
    1.5550000000e+05    1.0090997402e-01
    1.5575000000e+05    1.2027616437e-01
    1.5600000000e+05    1.1800938029e-01
    1.5625000000e+05    1.0610166138e-01
    1.5650000000e+05    1.2011079257e-01
    1.5675000000e+05    1.0099464356e-01
    1.5700000000e+05    1.1144298644e-01
    1.5725000000e+05    8.6296801385e-02
    1.5750000000e+05    1.2286798427e-01
    1.5775000000e+05    1.0613085050e-01
    1.5800000000e+05    1.5762889552e-01
    1.5825000000e+05    1.0915942084e-01
    1.5850000000e+05    1.2902828928e-01
    1.5875000000e+05    1.0688239183e-01
    1.5900000000e+05    1.0611616655e-01
    1.5925000000e+05    1.2825191004e-01
    1.5950000000e+05    1.0145166682e-01
    1.5975000000e+05    9.8729465305e-02
    1.6000000000e+05    9.7166731931e-02
    1.6025000000e+05    9.7632550362e-02
    1.6050000000e+05    9.9530180210e-02
    1.6075000000e+05    9.0321404945e-02
    1.6100000000e+05    1.8801730203e-01
    1.6125000000e+05    1.0255513886e-01
    1.6150000000e+05    7.9392566060e-02
    1.6175000000e+05    1.0977179956e-01
    1.6200000000e+05    1.2384136764e-01
    1.6225000000e+05    1.1170960012e-01
    1.6250000000e+05    1.3457845715e-01
    1.6275000000e+05    8.4937177148e-02
    1.6300000000e+05    9.4826291935e-02
    1.6325000000e+05    1.0473992237e-01
    1.6350000000e+05    9.5442123010e-02
    1.6375000000e+05    1.3700280492e-01
    1.6400000000e+05    9.9634188505e-02
    1.6425000000e+05    8.9271525261e-02
    1.6450000000e+05    1.2227210768e-01
    1.6475000000e+05    9.4057402034e-02
    1.6500000000e+05    1.3542364377e-01
    1.6525000000e+05    1.0081395553e-01
    1.6550000000e+05    9.1965911859e-02
    1.6575000000e+05    1.0633715388e-01
    1.6600000000e+05    1.1055753907e-01
    1.6625000000e+05    8.8704168224e-02
    1.6650000000e+05    1.1221516935e-01
    1.6675000000e+05    1.2001007390e-01
    1.6700000000e+05    1.0839106583e-01
    1.6725000000e+05    9.7315166300e-02
    1.6750000000e+05    1.0930626113e-01
    1.6775000000e+05    1.2352598325e-01
    1.6800000000e+05    1.1977190638e-01
    1.6825000000e+05    1.0403801119e-01
    1.6850000000e+05    1.0449758840e-01
    1.6875000000e+05    2.0477904242e-01
    1.6900000000e+05    1.1107722036e-01
    1.6925000000e+05    1.2825612523e-01
    1.6950000000e+05    1.1595151483e-01
    1.6975000000e+05    1.0873904938e-01
    1.7000000000e+05    1.1860660882e-01
    1.7025000000e+05    8.5815512242e-02
    1.7050000000e+05    9.3148747595e-02
    1.7075000000e+05    1.4304112744e-01
    1.7100000000e+05    1.0812346463e-01
    1.7125000000e+05    1.6572129052e-01
    1.7150000000e+05    1.0169548311e-01
    1.7175000000e+05    8.9654393580e-02
    1.7200000000e+05    1.1109122417e-01
    1.7225000000e+05    1.0758827104e-01
    1.7250000000e+05    1.1323018366e-01
    1.7275000000e+05    9.3496707211e-02
    1.7300000000e+05    1.0599164711e-01
    1.7325000000e+05    1.0879541073e-01
    1.7350000000e+05    1.3314076302e-01
    1.7375000000e+05    1.2022726510e-01
    1.7400000000e+05    1.3919926060e-01
    1.7425000000e+05    1.0802882098e-01
    1.7450000000e+05    9.7632198554e-02
    1.7475000000e+05    9.1813192005e-02
    1.7500000000e+05    9.7594034343e-02
    1.7525000000e+05    9.8442401666e-02
    1.7550000000e+05    1.1283642357e-01
    1.7575000000e+05    1.1121753667e-01
    1.7600000000e+05    1.0814142422e-01
    1.7625000000e+05    1.2492313995e-01
    1.7650000000e+05    9.4847078769e-02
    1.7675000000e+05    8.8964606908e-02
    1.7700000000e+05    1.0461145393e-01
    1.7725000000e+05    9.3977030544e-02
    1.7750000000e+05    1.1725553741e-01
    1.7775000000e+05    1.2000562100e-01
    1.7800000000e+05    1.0441313303e-01
    1.7825000000e+05    1.1608778454e-01
    1.7850000000e+05    1.6036055940e-01
    1.7875000000e+05    9.4478454071e-02
    1.7900000000e+05    1.6313651490e-01
    1.7925000000e+05    1.0472695775e-01
    1.7950000000e+05    1.3952553430e-01
    1.7975000000e+05    1.0694468540e-01
    1.8000000000e+05    1.4014071641e-01
    1.8025000000e+05    1.0853503487e-01
    1.8050000000e+05    1.0390932273e-01
    1.8075000000e+05    1.1674959283e-01
    1.8100000000e+05    1.1600432810e-01
    1.8125000000e+05    1.0379460088e-01
    1.8150000000e+05    1.0779718345e-01
    1.8175000000e+05    1.1276663425e-01
    1.8200000000e+05    1.0968665472e-01
    1.8225000000e+05    1.2650384029e-01
    1.8250000000e+05    1.2768221914e-01
    1.8275000000e+05    1.2525863153e-01
    1.8300000000e+05    9.8555998850e-02
    1.8325000000e+05    1.1349844366e-01
    1.8350000000e+05    1.0609695540e-01
    1.8375000000e+05    1.0360295100e-01
    1.8400000000e+05    1.0935090714e-01
    1.8425000000e+05    1.6390959602e-01
    1.8450000000e+05    1.0628543630e-01
    1.8475000000e+05    1.5016712116e-01
    1.8500000000e+05    9.6840158222e-02
    1.8525000000e+05    1.7095616505e-01
    1.8550000000e+05    1.2129648300e-01
    1.8575000000e+05    1.3867732793e-01
    1.8600000000e+05    1.3776151008e-01
    1.8625000000e+05    1.0967485840e-01
    1.8650000000e+05    1.2320414926e-01
    1.8675000000e+05    1.1045082309e-01
    1.8700000000e+05    1.0516194189e-01
    1.8725000000e+05    8.2683669546e-02
    1.8750000000e+05    1.1028644828e-01
    1.8775000000e+05    9.6438322922e-02
    1.8800000000e+05    8.7317147005e-02
    1.8825000000e+05    9.5754920261e-02
    1.8850000000e+05    1.0011730150e-01
    1.8875000000e+05    1.0957516647e-01
    1.8900000000e+05    9.7400782681e-02
    1.8925000000e+05    1.1102138722e-01
    1.8950000000e+05    1.1935507997e-01
    1.8975000000e+05    9.2842211735e-02
    1.9000000000e+05    9.6233817306e-02
    1.9025000000e+05    1.0358108213e-01
    1.9050000000e+05    9.6380644002e-02
    1.9075000000e+05    1.0050144987e-01
    1.9100000000e+05    1.1442535909e-01
    1.9125000000e+05    9.5401718113e-02
    1.9150000000e+05    8.6815270651e-02
    1.9175000000e+05    8.9952882823e-02
    1.9200000000e+05    1.1221642349e-01
    1.9225000000e+05    1.3442347177e-01
    1.9250000000e+05    8.1928182898e-02
    1.9275000000e+05    8.8638018116e-02
    1.9300000000e+05    7.4299313609e-02
    1.9325000000e+05    1.0892524843e-01
    1.9350000000e+05    9.7209199955e-02
    1.9375000000e+05    1.0479784925e-01
    1.9400000000e+05    1.0237531722e-01
    1.9425000000e+05    1.2004618705e-01
    1.9450000000e+05    9.3058853325e-02
    1.9475000000e+05    8.4951868398e-02
    1.9500000000e+05    9.4984558030e-02
    1.9525000000e+05    9.8443434343e-02
    1.9550000000e+05    1.2708373114e-01
    1.9575000000e+05    1.3475774038e-01
    1.9600000000e+05    9.0389533367e-02
    1.9625000000e+05    1.0328339998e-01
    1.9650000000e+05    1.5846358665e-01
    1.9675000000e+05    1.0347910467e-01
    1.9700000000e+05    8.5507811015e-02
    1.9725000000e+05    1.0853860804e-01
    1.9750000000e+05    1.1653867596e-01
    1.9775000000e+05    1.0108911081e-01
    1.9800000000e+05    1.1023740296e-01
    1.9825000000e+05    1.1786755313e-01
    1.9850000000e+05    1.1206982031e-01
    1.9875000000e+05    7.3245305554e-02
    1.9900000000e+05    1.4381621843e-01
    1.9925000000e+05    9.9990713107e-02
    1.9950000000e+05    1.2266020998e-01
    1.9975000000e+05    9.9437186658e-02
    2.0000000000e+05    1.1579346307e-01
    2.0025000000e+05    9.2486088012e-02
    2.0050000000e+05    9.7726949932e-02
    2.0075000000e+05    1.0688639594e-01
    2.0100000000e+05    9.9252981876e-02
    2.0125000000e+05    9.9706236484e-02
    2.0150000000e+05    1.1989187454e-01
    2.0175000000e+05    1.0417138731e-01
    2.0200000000e+05    1.1789731858e-01
    2.0225000000e+05    9.8161814040e-02
    2.0250000000e+05    1.1081485035e-01
    2.0275000000e+05    9.0805286484e-02
    2.0300000000e+05    8.4288410393e-02
    2.0325000000e+05    1.1976927817e-01
    2.0350000000e+05    1.4771347889e-01
    2.0375000000e+05    1.0068480069e-01
    2.0400000000e+05    7.8713460252e-02
    2.0425000000e+05    1.0317010159e-01
    2.0450000000e+05    9.6367753800e-02
    2.0475000000e+05    1.1684351728e-01
    2.0500000000e+05    1.3026839867e-01
    2.0525000000e+05    1.0175899320e-01
    2.0550000000e+05    9.8986354553e-02
    2.0575000000e+05    9.5771633476e-02
    2.0600000000e+05    1.1607196786e-01
    2.0625000000e+05    1.1620231358e-01
    2.0650000000e+05    1.2518751941e-01
    2.0675000000e+05    1.0508837154e-01
    2.0700000000e+05    8.3999669281e-02
    2.0725000000e+05    1.0288454388e-01
    2.0750000000e+05    1.5775926631e-01
    2.0775000000e+05    8.5329468397e-02
    2.0800000000e+05    9.7028553327e-02
    2.0825000000e+05    1.1737047674e-01
    2.0850000000e+05    1.0765068729e-01
    2.0875000000e+05    9.2950753181e-02
    2.0900000000e+05    9.8546386671e-02
    2.0925000000e+05    1.1021261611e-01
    2.0950000000e+05    1.0070568318e-01
    2.0975000000e+05    9.1612633212e-02
    2.1000000000e+05    1.0237808945e-01
    2.1025000000e+05    1.0348886591e-01
    2.1050000000e+05    8.1835722817e-02
    2.1075000000e+05    1.2127908345e-01
    2.1100000000e+05    1.3256485068e-01
    2.1125000000e+05    9.3487726694e-02
    2.1150000000e+05    9.1829098410e-02
    2.1175000000e+05    1.1191905671e-01
    2.1200000000e+05    9.5003173293e-02
    2.1225000000e+05    9.9122041229e-02
    2.1250000000e+05    9.1391612645e-02
    2.1275000000e+05    1.0925765702e-01
    2.1300000000e+05    1.1220949582e-01
    2.1325000000e+05    8.5910952068e-02
    2.1350000000e+05    1.0477616235e-01
    2.1375000000e+05    1.1044126896e-01
    2.1400000000e+05    1.0925094392e-01
    2.1425000000e+05    1.0235874356e-01
    2.1450000000e+05    1.1625056840e-01
    2.1475000000e+05    8.9780483565e-02
    2.1500000000e+05    1.0891752936e-01
    2.1525000000e+05    9.9533277839e-02
    2.1550000000e+05    1.3395041301e-01
    2.1575000000e+05    1.1054938494e-01
    2.1600000000e+05    8.9162988752e-02
    2.1625000000e+05    1.1612590554e-01
    2.1650000000e+05    1.0228920893e-01
    2.1675000000e+05    8.4625165159e-02
    2.1700000000e+05    1.0971270303e-01
    2.1725000000e+05    1.3602662823e-01
    2.1750000000e+05    1.0341298569e-01
    2.1775000000e+05    9.2733044976e-02
    2.1800000000e+05    9.8145521509e-02
    2.1825000000e+05    1.1265428305e-01
    2.1850000000e+05    1.1491059186e-01
    2.1875000000e+05    1.0399189303e-01
    2.1900000000e+05    1.0119469106e-01
    2.1925000000e+05    1.0323027975e-01
    2.1950000000e+05    1.5950853426e-01
    2.1975000000e+05    7.8716471899e-02
    2.2000000000e+05    9.2077773002e-02
    2.2025000000e+05    9.4925423850e-02
    2.2050000000e+05    9.2585756650e-02
    2.2075000000e+05    9.9674955594e-02
    2.2100000000e+05    1.1289006847e-01
    2.2125000000e+05    1.2146528312e-01
    2.2150000000e+05    1.0398044758e-01
    2.2175000000e+05    1.2447565263e-01
    2.2200000000e+05    1.3428957311e-01
    2.2225000000e+05    1.1229400147e-01
    2.2250000000e+05    1.0515962676e-01
    2.2275000000e+05    1.0063808224e-01
    2.2300000000e+05    9.0610309444e-02
    2.2325000000e+05    1.2045171765e-01
    2.2350000000e+05    8.1757566529e-02
    2.2375000000e+05    8.1658389769e-02
    2.2400000000e+05    9.6118280861e-02
    2.2425000000e+05    8.8847836062e-02
    2.2450000000e+05    1.0784277552e-01
    2.2475000000e+05    1.0413922263e-01
    2.2500000000e+05    9.0358048019e-02
    2.2525000000e+05    8.6976770840e-02
    2.2550000000e+05    1.3649876043e-01
    2.2575000000e+05    1.0162546797e-01
    2.2600000000e+05    8.5263508611e-02
    2.2625000000e+05    1.0986957829e-01
    2.2650000000e+05    1.3937249635e-01
    2.2675000000e+05    1.1170309094e-01
    2.2700000000e+05    9.2363842127e-02
    2.2725000000e+05    1.1231326324e-01
    2.2750000000e+05    9.3682707454e-02
    2.2775000000e+05    9.6302226214e-02
    2.2800000000e+05    1.4295565318e-01
    2.2825000000e+05    1.0624653826e-01
    2.2850000000e+05    1.1473191949e-01
    2.2875000000e+05    9.6925594215e-02
    2.2900000000e+05    8.9108383702e-02
    2.2925000000e+05    1.0384255266e-01
    2.2950000000e+05    1.0906289504e-01
    2.2975000000e+05    1.5034636741e-01
    2.3000000000e+05    1.1428075003e-01
    2.3025000000e+05    9.0848513389e-02
    2.3050000000e+05    1.0506442461e-01
    2.3075000000e+05    1.3761040626e-01
    2.3100000000e+05    1.1444383537e-01
    2.3125000000e+05    8.5989572014e-02
    2.3150000000e+05    1.0187789789e-01
    2.3175000000e+05    1.2380316757e-01
    2.3200000000e+05    9.9259454069e-02
    2.3225000000e+05    1.0081476654e-01
    2.3250000000e+05    1.0176089092e-01
    2.3275000000e+05    1.6905442221e-01
    2.3300000000e+05    1.0252282475e-01
    2.3325000000e+05    9.3841961067e-02
    2.3350000000e+05    1.5215659224e-01
    2.3375000000e+05    1.0380658069e-01
    2.3400000000e+05    9.9326671395e-02
    2.3425000000e+05    1.1165928374e-01
    2.3450000000e+05    9.7241123256e-02
    2.3475000000e+05    1.2512183406e-01
    2.3500000000e+05    8.6705506824e-02
    2.3525000000e+05    9.1680355421e-02
    2.3550000000e+05    1.4180594838e-01
    2.3575000000e+05    1.1357012902e-01
    2.3600000000e+05    1.1038959656e-01
    2.3625000000e+05    1.0684656998e-01
    2.3650000000e+05    9.4850711831e-02
    2.3675000000e+05    1.1400621567e-01
    2.3700000000e+05    1.0164884146e-01
    2.3725000000e+05    1.0979917748e-01
    2.3750000000e+05    1.1483186924e-01
    2.3775000000e+05    8.2697433537e-02
    2.3800000000e+05    1.3493243263e-01
    2.3825000000e+05    9.0051060045e-02
    2.3850000000e+05    8.5002798927e-02
    2.3875000000e+05    7.9010865265e-02
    2.3900000000e+05    9.9508948411e-02
    2.3925000000e+05    1.1080606932e-01
    2.3950000000e+05    1.1596636214e-01
    2.3975000000e+05    1.3855657179e-01
    2.4000000000e+05    1.1156266866e-01
    2.4025000000e+05    1.2250846792e-01
    2.4050000000e+05    9.7648568711e-02
    2.4075000000e+05    7.9066041645e-02
    2.4100000000e+05    2.0057687802e-01
    2.4125000000e+05    1.5557248183e-01
    2.4150000000e+05    1.1666089414e-01
    2.4175000000e+05    1.2360278794e-01
    2.4200000000e+05    9.4277268438e-02
    2.4225000000e+05    1.0802897979e-01
    2.4250000000e+05    8.2003906088e-02
    2.4275000000e+05    1.2348670916e-01
    2.4300000000e+05    8.6867048629e-02
    2.4325000000e+05    9.3417518759e-02
    2.4350000000e+05    1.1194067231e-01
    2.4375000000e+05    1.3743876393e-01
    2.4400000000e+05    1.1813825490e-01
    2.4425000000e+05    1.6441296576e-01
    2.4450000000e+05    1.3220698090e-01
    2.4475000000e+05    1.0835009507e-01
    2.4500000000e+05    1.1061707911e-01
    2.4525000000e+05    9.8121160107e-02
    2.4550000000e+05    9.3543390727e-02
    2.4575000000e+05    1.1596927878e-01
    2.4600000000e+05    1.0450501618e-01
    2.4625000000e+05    8.8371137051e-02
    2.4650000000e+05    9.8985186275e-02
    2.4675000000e+05    1.2904473258e-01
    2.4700000000e+05    9.8375622516e-02
    2.4725000000e+05    1.0880954973e-01
    2.4750000000e+05    1.2613155533e-01
    2.4775000000e+05    1.0531372208e-01
    2.4800000000e+05    1.1572843194e-01
    2.4825000000e+05    1.0721216081e-01
    2.4850000000e+05    1.0914665630e-01
    2.4875000000e+05    9.3155856280e-02
    2.4900000000e+05    1.0693672851e-01
    2.4925000000e+05    9.9337937846e-02
    2.4950000000e+05    1.0789038148e-01
    2.4975000000e+05    1.3188169984e-01
    2.5000000000e+05    1.1356751656e-01
    2.5025000000e+05    9.9108013449e-02
    2.5050000000e+05    1.1213429769e-01
    2.5075000000e+05    1.0152847497e-01
    2.5100000000e+05    1.1280484532e-01
    2.5125000000e+05    9.1874524336e-02
    2.5150000000e+05    8.5510818229e-02
    2.5175000000e+05    9.9908966957e-02
    2.5200000000e+05    1.0279813444e-01
    2.5225000000e+05    1.0739804077e-01
    2.5250000000e+05    9.4111179151e-02
    2.5275000000e+05    1.1003032447e-01
    2.5300000000e+05    1.2539064465e-01
    2.5325000000e+05    1.1093001182e-01
    2.5350000000e+05    1.2786870208e-01
    2.5375000000e+05    1.1341896357e-01
    2.5400000000e+05    1.1103545140e-01
    2.5425000000e+05    9.6239342289e-02
    2.5450000000e+05    7.9647495703e-02
    2.5475000000e+05    9.7021457447e-02
    2.5500000000e+05    9.1830657508e-02
    2.5525000000e+05    1.1741907247e-01
    2.5550000000e+05    1.0358889636e-01
    2.5575000000e+05    1.0107767657e-01
    2.5600000000e+05    1.3879191484e-01
    2.5625000000e+05    1.0186244739e-01
    2.5650000000e+05    1.0475951884e-01
    2.5675000000e+05    9.3046763918e-02
    2.5700000000e+05    1.4219407193e-01
    2.5725000000e+05    1.3708673570e-01
    2.5750000000e+05    1.0792097014e-01
    2.5775000000e+05    1.1787727945e-01
    2.5800000000e+05    1.4033088926e-01
    2.5825000000e+05    1.3443024473e-01
    2.5850000000e+05    1.4854157417e-01
    2.5875000000e+05    1.3019243985e-01
    2.5900000000e+05    1.2725052206e-01
    2.5925000000e+05    1.1060958317e-01
    2.5950000000e+05    1.0469859693e-01
    2.5975000000e+05    1.0520095113e-01
    2.6000000000e+05    1.0986579903e-01
    2.6025000000e+05    1.0625726043e-01
    2.6050000000e+05    1.0634927696e-01
    2.6075000000e+05    1.0869608270e-01
    2.6100000000e+05    9.5959678975e-02
    2.6125000000e+05    9.7004687228e-02
    2.6150000000e+05    1.0470123066e-01
    2.6175000000e+05    8.7926822050e-02
    2.6200000000e+05    1.1030733066e-01
    2.6225000000e+05    1.2007226473e-01
    2.6250000000e+05    9.2900468913e-02
    2.6275000000e+05    1.0030081425e-01
    2.6300000000e+05    1.2941504830e-01
    2.6325000000e+05    9.7250052962e-02
    2.6350000000e+05    1.1001019155e-01
    2.6375000000e+05    8.9359617864e-02
    2.6400000000e+05    9.9204937139e-02
    2.6425000000e+05    8.6227814015e-02
    2.6450000000e+05    1.0084796759e-01
    2.6475000000e+05    1.1084352859e-01
    2.6500000000e+05    1.0688422722e-01
    2.6525000000e+05    9.1984160460e-02
    2.6550000000e+05    1.2605329900e-01
    2.6575000000e+05    1.1389044962e-01
    2.6600000000e+05    9.2281585519e-02
    2.6625000000e+05    9.7117919833e-02
    2.6650000000e+05    1.0776471083e-01
    2.6675000000e+05    8.7209768834e-02
    2.6700000000e+05    1.0409115642e-01
    2.6725000000e+05    1.1070075930e-01
    2.6750000000e+05    1.0157255642e-01
    2.6775000000e+05    9.2572694002e-02
    2.6800000000e+05    8.9873628515e-02
    2.6825000000e+05    1.3438157938e-01
    2.6850000000e+05    8.5869282045e-02
    2.6875000000e+05    8.8436441535e-02
    2.6900000000e+05    1.3303163262e-01
    2.6925000000e+05    1.2296710552e-01
    2.6950000000e+05    8.3734702709e-02
    2.6975000000e+05    1.0145868141e-01
    2.7000000000e+05    1.5397329372e-01
    2.7025000000e+05    1.1278786338e-01
    2.7050000000e+05    1.0028924120e-01
    2.7075000000e+05    1.0476321720e-01
    2.7100000000e+05    1.0059171327e-01
    2.7125000000e+05    8.6904531498e-02
    2.7150000000e+05    1.0000268900e-01
    2.7175000000e+05    1.1239793303e-01
    2.7200000000e+05    9.0331456534e-02
    2.7225000000e+05    8.4409543280e-02
    2.7250000000e+05    1.0226863612e-01
    2.7275000000e+05    8.6912802970e-02
    2.7300000000e+05    1.0509439917e-01
    2.7325000000e+05    9.0223477759e-02
    2.7350000000e+05    9.2649942799e-02
    2.7375000000e+05    1.2266391048e-01
    2.7400000000e+05    1.1819506453e-01
    2.7425000000e+05    1.0733251513e-01
    2.7450000000e+05    9.0438341382e-02
    2.7475000000e+05    8.8021737304e-02
    2.7500000000e+05    1.2110488049e-01
    2.7525000000e+05    1.3545307114e-01
    2.7550000000e+05    9.6936262151e-02
    2.7575000000e+05    9.7241907551e-02
    2.7600000000e+05    9.9995928915e-02
    2.7625000000e+05    1.2024448974e-01
    2.7650000000e+05    9.8646091187e-02
    2.7675000000e+05    1.1260734999e-01
    2.7700000000e+05    1.1651937536e-01
    2.7725000000e+05    1.0516605212e-01
    2.7750000000e+05    1.1614374856e-01
    2.7775000000e+05    9.7325052583e-02
    2.7800000000e+05    9.6319884005e-02
    2.7825000000e+05    9.6091932860e-02
    2.7850000000e+05    8.4842378713e-02
    2.7875000000e+05    1.8390200990e-01
    2.7900000000e+05    1.0322627843e-01
    2.7925000000e+05    1.1530459811e-01
    2.7950000000e+05    1.0959366865e-01
    2.7975000000e+05    1.2326648477e-01
    2.8000000000e+05    1.0339765306e-01
    2.8025000000e+05    9.6819803985e-02
    2.8050000000e+05    1.1984262760e-01
    2.8075000000e+05    1.4652305639e-01
    2.8100000000e+05    1.4838232914e-01
    2.8125000000e+05    1.1420060400e-01
    2.8150000000e+05    1.2853308866e-01
    2.8175000000e+05    1.0047773308e-01
    2.8200000000e+05    2.0521585153e-01
    2.8225000000e+05    1.0029658732e-01
    2.8250000000e+05    1.3992494298e-01
    2.8275000000e+05    1.2554161379e-01
    2.8300000000e+05    1.0364361396e-01
    2.8325000000e+05    9.9690862186e-02
    2.8350000000e+05    8.5787409616e-02
    2.8375000000e+05    1.3502372277e-01
    2.8400000000e+05    1.0809135000e-01
    2.8425000000e+05    8.3883427962e-02
    2.8450000000e+05    1.6566433643e-01
    2.8475000000e+05    1.0575266629e-01
    2.8500000000e+05    1.4747183445e-01
    2.8525000000e+05    1.1701273050e-01
    2.8550000000e+05    9.7725572536e-02
    2.8575000000e+05    1.3378137222e-01
    2.8600000000e+05    1.0191700489e-01
    2.8625000000e+05    1.0105112668e-01
    2.8650000000e+05    8.1139832508e-02
    2.8675000000e+05    1.4011276540e-01
    2.8700000000e+05    9.2262470393e-02
    2.8725000000e+05    1.1020709123e-01
    2.8750000000e+05    1.0062698533e-01
    2.8775000000e+05    9.9823562571e-02
    2.8800000000e+05    8.3792341798e-02
    2.8825000000e+05    7.2448910734e-02
    2.8850000000e+05    9.0034564179e-02
    2.8875000000e+05    9.2400151117e-02
    2.8900000000e+05    1.1342254448e-01
    2.8925000000e+05    8.3064558869e-02
    2.8950000000e+05    9.4760908660e-02
    2.8975000000e+05    8.8789565113e-02
    2.9000000000e+05    1.1240336631e-01
    2.9025000000e+05    1.1614605694e-01
    2.9050000000e+05    1.1570028044e-01
    2.9075000000e+05    9.8839279825e-02
    2.9100000000e+05    9.4134178458e-02
    2.9125000000e+05    1.2913000887e-01
    2.9150000000e+05    1.2098768393e-01
    2.9175000000e+05    9.4218105317e-02
    2.9200000000e+05    1.1607934887e-01
    2.9225000000e+05    1.0605665211e-01
    2.9250000000e+05    8.6794593079e-02
    2.9275000000e+05    8.4589393534e-02
    2.9300000000e+05    8.5429410649e-02
    2.9325000000e+05    1.2763355439e-01
    2.9350000000e+05    1.1069401197e-01
    2.9375000000e+05    1.0609056440e-01
    2.9400000000e+05    9.6137540540e-02
    2.9425000000e+05    1.0312385751e-01
    2.9450000000e+05    1.0351209754e-01
    2.9475000000e+05    1.0599142596e-01
    2.9500000000e+05    1.0153989821e-01
    2.9525000000e+05    1.0944771118e-01
    2.9550000000e+05    1.1936018468e-01
    2.9575000000e+05    9.6925065507e-02
    2.9600000000e+05    9.6726758404e-02
    2.9625000000e+05    9.5541238873e-02
    2.9650000000e+05    1.1003364105e-01
    2.9675000000e+05    1.1357063825e-01
    2.9700000000e+05    1.0621258510e-01
    2.9725000000e+05    1.0927504188e-01
    2.9750000000e+05    1.0187753412e-01
    2.9775000000e+05    9.7832562146e-02
    2.9800000000e+05    1.0930894735e-01
    2.9825000000e+05    1.0464179150e-01
    2.9850000000e+05    1.0101701013e-01
    2.9875000000e+05    1.0757276657e-01
    2.9900000000e+05    1.0784429579e-01
    2.9925000000e+05    1.1681460716e-01
    2.9950000000e+05    9.5628517393e-02
    2.9975000000e+05    1.0173616530e-01
    3.0000000000e+05    1.4574313745e-01
    3.0025000000e+05    1.1658028640e-01
    3.0050000000e+05    8.4403163073e-02
    3.0075000000e+05    1.2098853870e-01
    3.0100000000e+05    1.1321446712e-01
    3.0125000000e+05    8.6741868472e-02
    3.0150000000e+05    9.7549617773e-02
    3.0175000000e+05    1.0227453109e-01
    3.0200000000e+05    8.7446041865e-02
    3.0225000000e+05    9.4241535816e-02
    3.0250000000e+05    1.3714919616e-01
    3.0275000000e+05    9.9939224836e-02
    3.0300000000e+05    8.8491131407e-02
    3.0325000000e+05    1.0925871911e-01
    3.0350000000e+05    1.0015343725e-01
    3.0375000000e+05    9.0209268054e-02
    3.0400000000e+05    1.0942757406e-01
    3.0425000000e+05    9.8330268751e-02
    3.0450000000e+05    1.0664552643e-01
    3.0475000000e+05    1.0312553608e-01
    3.0500000000e+05    9.5873086684e-02
    3.0525000000e+05    8.8596813841e-02
    3.0550000000e+05    1.1084792251e-01
    3.0575000000e+05    9.4421809958e-02
    3.0600000000e+05    1.2084121631e-01
    3.0625000000e+05    8.7812070684e-02
    3.0650000000e+05    8.7538020762e-02
    3.0675000000e+05    9.6163548890e-02
    3.0700000000e+05    1.5578205712e-01
    3.0725000000e+05    1.0682151528e-01
    3.0750000000e+05    1.1265979586e-01
    3.0775000000e+05    1.0516201603e-01
    3.0800000000e+05    1.0996066963e-01
    3.0825000000e+05    9.7242582924e-02
    3.0850000000e+05    1.0086689737e-01
    3.0875000000e+05    8.9985824901e-02
    3.0900000000e+05    1.0891926179e-01
    3.0925000000e+05    8.2427854791e-02
    3.0950000000e+05    1.0020809741e-01
    3.0975000000e+05    1.0493200559e-01
    3.1000000000e+05    1.1073063641e-01
    3.1025000000e+05    9.9942098248e-02
    3.1050000000e+05    1.3090578149e-01
    3.1075000000e+05    9.7889013871e-02
    3.1100000000e+05    9.6655497074e-02
    3.1125000000e+05    9.3420729601e-02
    3.1150000000e+05    9.2842486136e-02
    3.1175000000e+05    8.6466224299e-02
    3.1200000000e+05    9.7429163422e-02
    3.1225000000e+05    1.3693007044e-01
    3.1250000000e+05    1.0350643535e-01
    3.1275000000e+05    1.0379189184e-01
    3.1300000000e+05    1.2395458636e-01
    3.1325000000e+05    9.3072729994e-02
    3.1350000000e+05    8.5240831956e-02
    3.1375000000e+05    1.2556898698e-01
    3.1400000000e+05    1.1628935561e-01
    3.1425000000e+05    9.6111190116e-02
    3.1450000000e+05    1.0563293835e-01
    3.1475000000e+05    8.5654755555e-02
    3.1500000000e+05    1.1238302412e-01
    3.1525000000e+05    9.3888748165e-02
    3.1550000000e+05    1.0375625633e-01
    3.1575000000e+05    1.3053694623e-01
    3.1600000000e+05    1.1468302736e-01
    3.1625000000e+05    1.1375953798e-01
    3.1650000000e+05    1.0314898253e-01
    3.1675000000e+05    1.0463300267e-01
    3.1700000000e+05    9.1924282626e-02
    3.1725000000e+05    9.5432130775e-02
    3.1750000000e+05    1.0028455218e-01
    3.1775000000e+05    1.0469671599e-01
    3.1800000000e+05    8.5940452224e-02
    3.1825000000e+05    9.0606476752e-02
    3.1850000000e+05    8.9800747290e-02
    3.1875000000e+05    1.2453581469e-01
    3.1900000000e+05    1.0522007890e-01
    3.1925000000e+05    1.1086968038e-01
    3.1950000000e+05    1.0877184255e-01
    3.1975000000e+05    1.1075496058e-01
    3.2000000000e+05    8.7271279019e-02
    3.2025000000e+05    1.1309314609e-01
    3.2050000000e+05    9.9468167410e-02
    3.2075000000e+05    1.4300277000e-01
    3.2100000000e+05    1.0994602799e-01
    3.2125000000e+05    1.2676677717e-01
    3.2150000000e+05    9.2881510704e-02
    3.2175000000e+05    1.0050466822e-01
    3.2200000000e+05    9.7541677708e-02
    3.2225000000e+05    1.1109490900e-01
    3.2250000000e+05    1.1064143691e-01
    3.2275000000e+05    9.6980339225e-02
    3.2300000000e+05    1.0855963727e-01
    3.2325000000e+05    8.1133089222e-02
    3.2350000000e+05    1.1361012515e-01
    3.2375000000e+05    9.8996111491e-02
    3.2400000000e+05    9.7665488439e-02
    3.2425000000e+05    1.1245117814e-01
    3.2450000000e+05    9.9664607820e-02
    3.2475000000e+05    1.0917272771e-01
    3.2500000000e+05    1.0101657467e-01
    3.2525000000e+05    1.0084159535e-01
    3.2550000000e+05    8.5792082463e-02
    3.2575000000e+05    1.1841854771e-01
    3.2600000000e+05    1.0580390670e-01
    3.2625000000e+05    1.2374936907e-01
    3.2650000000e+05    9.2157294676e-02
    3.2675000000e+05    1.1449484156e-01
    3.2700000000e+05    8.5453247277e-02
    3.2725000000e+05    9.7720388468e-02
    3.2750000000e+05    1.4456958511e-01
    3.2775000000e+05    1.1034714940e-01
    3.2800000000e+05    8.9046493474e-02
    3.2825000000e+05    9.2300878418e-02
    3.2850000000e+05    1.0046773520e-01
    3.2875000000e+05    8.2343935330e-02
    3.2900000000e+05    8.2689061802e-02
    3.2925000000e+05    1.2237430494e-01
    3.2950000000e+05    9.1543572145e-02
    3.2975000000e+05    8.5835399781e-02
    3.3000000000e+05    1.1068806553e-01
    3.3025000000e+05    9.1788415891e-02
    3.3050000000e+05    9.3496154921e-02
    3.3075000000e+05    9.3630817180e-02
    3.3100000000e+05    1.1446335059e-01
    3.3125000000e+05    1.0095480696e-01
    3.3150000000e+05    1.2330496729e-01
    3.3175000000e+05    1.2881874365e-01
    3.3200000000e+05    8.4280007785e-02
    3.3225000000e+05    9.2894612794e-02
    3.3250000000e+05    1.1570585192e-01
    3.3275000000e+05    9.6714048240e-02
    3.3300000000e+05    8.6480162234e-02
    3.3325000000e+05    1.1421356401e-01
    3.3350000000e+05    8.7132907442e-02
    3.3375000000e+05    1.0005977846e-01
    3.3400000000e+05    8.6539200669e-02
    3.3425000000e+05    1.0903591250e-01
    3.3450000000e+05    9.0019744876e-02
    3.3475000000e+05    1.1028561734e-01
    3.3500000000e+05    9.5629823276e-02
    3.3525000000e+05    1.1850652012e-01
    3.3550000000e+05    9.7051054411e-02
    3.3575000000e+05    1.0585434078e-01
    3.3600000000e+05    9.1125095018e-02
    3.3625000000e+05    1.0678112717e-01
    3.3650000000e+05    1.1226819244e-01
    3.3675000000e+05    8.6635067610e-02
    3.3700000000e+05    1.0959869934e-01
    3.3725000000e+05    1.5708994737e-01
    3.3750000000e+05    1.0675676174e-01
    3.3775000000e+05    1.1460549301e-01
    3.3800000000e+05    1.1147134597e-01
    3.3825000000e+05    1.0686574693e-01
    3.3850000000e+05    1.0288224912e-01
    3.3875000000e+05    1.0085207439e-01
    3.3900000000e+05    1.0749036777e-01
    3.3925000000e+05    9.8115734893e-02
    3.3950000000e+05    8.6484510780e-02
    3.3975000000e+05    8.5603979347e-02
    3.4000000000e+05    8.1574944750e-02
    3.4025000000e+05    1.0246023262e-01
    3.4050000000e+05    9.9463190394e-02
    3.4075000000e+05    1.0230858195e-01
    3.4100000000e+05    1.7736758672e-01
    3.4125000000e+05    1.0747320700e-01
    3.4150000000e+05    1.6790675821e-01
    3.4175000000e+05    1.0196678722e-01
    3.4200000000e+05    8.9693664236e-02
    3.4225000000e+05    1.1965000401e-01
    3.4250000000e+05    1.2108814538e-01
    3.4275000000e+05    1.1246032447e-01
    3.4300000000e+05    9.8563261420e-02
    3.4325000000e+05    1.3667627649e-01
    3.4350000000e+05    1.2300710537e-01
    3.4375000000e+05    1.1337119122e-01
    3.4400000000e+05    8.6903769459e-02
    3.4425000000e+05    9.5853204362e-02
    3.4450000000e+05    1.1115329103e-01
    3.4475000000e+05    9.7542817932e-02
    3.4500000000e+05    9.9825198016e-02
    3.4525000000e+05    1.2094049099e-01
    3.4550000000e+05    8.2147183764e-02
    3.4575000000e+05    1.2913126880e-01
    3.4600000000e+05    9.3510346564e-02
    3.4625000000e+05    9.4577746046e-02
    3.4650000000e+05    9.4078029422e-02
    3.4675000000e+05    1.0149215671e-01
    3.4700000000e+05    1.0295698349e-01
    3.4725000000e+05    9.5816810365e-02
    3.4750000000e+05    1.0482082751e-01
    3.4775000000e+05    1.0866162503e-01
    3.4800000000e+05    9.0703833533e-02
    3.4825000000e+05    1.0680637485e-01
    3.4850000000e+05    9.0804572510e-02
    3.4875000000e+05    1.1488180333e-01
    3.4900000000e+05    1.2115164772e-01
    3.4925000000e+05    9.8618267668e-02
    3.4950000000e+05    1.0038710340e-01
    3.4975000000e+05    1.1820020773e-01
    3.5000000000e+05    1.0556591715e-01
    3.5025000000e+05    1.0172864938e-01
    3.5050000000e+05    1.0375322517e-01
    3.5075000000e+05    1.0372528474e-01
    3.5100000000e+05    8.9283080035e-02
    3.5125000000e+05    1.0637765985e-01
    3.5150000000e+05    8.9346965523e-02
    3.5175000000e+05    1.6379550549e-01
    3.5200000000e+05    1.2104264699e-01
    3.5225000000e+05    8.6317392231e-02
    3.5250000000e+05    9.5996842090e-02
    3.5275000000e+05    1.4151531530e-01
    3.5300000000e+05    1.0643993072e-01
    3.5325000000e+05    1.1454326235e-01
    3.5350000000e+05    9.0704332383e-02
    3.5375000000e+05    1.1219368769e-01
    3.5400000000e+05    1.0477475566e-01
    3.5425000000e+05    1.2085623238e-01
    3.5450000000e+05    1.2423220778e-01
    3.5475000000e+05    1.0507699220e-01
    3.5500000000e+05    9.5044212406e-02
    3.5525000000e+05    1.0035057275e-01
    3.5550000000e+05    1.2919072720e-01
    3.5575000000e+05    1.1186562104e-01
    3.5600000000e+05    1.2840006916e-01
    3.5625000000e+05    1.0894917353e-01
    3.5650000000e+05    1.2832957304e-01
    3.5675000000e+05    1.1202471089e-01
    3.5700000000e+05    1.0490366108e-01
    3.5725000000e+05    1.4050149587e-01
    3.5750000000e+05    9.1244530094e-02
    3.5775000000e+05    8.2488009387e-02
    3.5800000000e+05    9.2673890191e-02
    3.5825000000e+05    1.4570074738e-01
    3.5850000000e+05    1.0227053690e-01
    3.5875000000e+05    1.2217876163e-01
    3.5900000000e+05    1.1208853126e-01
    3.5925000000e+05    1.0298664484e-01
    3.5950000000e+05    1.1949727223e-01
    3.5975000000e+05    1.0961208225e-01
    3.6000000000e+05    8.0380007603e-02
    3.6025000000e+05    9.6516375743e-02
    3.6050000000e+05    9.9333445267e-02
    3.6075000000e+05    9.8428319198e-02
    3.6100000000e+05    1.0686101516e-01
    3.6125000000e+05    1.0722834015e-01
    3.6150000000e+05    8.7421701754e-02
    3.6175000000e+05    7.1912035650e-02
    3.6200000000e+05    9.6470137039e-02
    3.6225000000e+05    8.2155697020e-02
    3.6250000000e+05    8.1413810173e-02
    3.6275000000e+05    1.0422460805e-01
    3.6300000000e+05    1.0101711089e-01
    3.6325000000e+05    1.0017909375e-01
    3.6350000000e+05    9.0081414480e-02
    3.6375000000e+05    1.1351315025e-01
    3.6400000000e+05    9.9319143009e-02
    3.6425000000e+05    9.4625308216e-02
    3.6450000000e+05    1.0491168884e-01
    3.6475000000e+05    9.9570629871e-02
    3.6500000000e+05    1.0509996933e-01
    3.6525000000e+05    1.3624223491e-01
    3.6550000000e+05    9.3155906508e-02
    3.6575000000e+05    1.2715322522e-01
    3.6600000000e+05    1.1474142599e-01
    3.6625000000e+05    1.4607419410e-01
    3.6650000000e+05    1.3393380947e-01
    3.6675000000e+05    1.0537159722e-01
    3.6700000000e+05    1.7307678485e-01
    3.6725000000e+05    9.8067168154e-02
    3.6750000000e+05    1.1582863393e-01
    3.6775000000e+05    1.1625115865e-01
    3.6800000000e+05    1.5164170646e-01
    3.6825000000e+05    8.5738596174e-02
    3.6850000000e+05    1.1159795338e-01
    3.6875000000e+05    1.3114141157e-01
    3.6900000000e+05    1.2474732187e-01
    3.6925000000e+05    1.0998104325e-01
    3.6950000001e+05    1.1907344720e-01
    3.6975000001e+05    1.1915935338e-01
    3.7000000001e+05    1.0243968527e-01
    3.7025000001e+05    7.2420524876e-02
    3.7050000001e+05    9.8013290653e-02
    3.7075000001e+05    9.2357142308e-02
    3.7100000001e+05    1.5706112709e-01
    3.7125000001e+05    9.4841516278e-02
    3.7150000001e+05    1.2467707270e-01
    3.7175000001e+05    1.4967993551e-01
    3.7200000001e+05    1.6702799343e-01
    3.7225000001e+05    1.4695418173e-01
    3.7250000001e+05    1.3230088025e-01
    3.7275000001e+05    1.6915190078e-01
    3.7300000001e+05    1.3176695330e-01
    3.7325000001e+05    1.3378031380e-01
    3.7350000001e+05    1.2352621371e-01
    3.7375000001e+05    1.8305377504e-01
    3.7400000001e+05    1.5135656857e-01
    3.7425000001e+05    1.6259855326e-01
    3.7450000001e+05    1.2190018315e-01
    3.7475000001e+05    1.1501908006e-01
    3.7500000001e+05    1.4266604690e-01
    3.7525000001e+05    1.5223785814e-01
    3.7550000001e+05    1.2995632582e-01
    3.7575000001e+05    1.2268770566e-01
    3.7600000001e+05    1.0620097398e-01
    3.7625000001e+05    1.7263710575e-01
    3.7650000001e+05    1.8638257103e-01
    3.7675000001e+05    1.5228746005e-01
    3.7700000001e+05    1.0823938517e-01
    3.7725000001e+05    1.3117598644e-01
    3.7750000001e+05    1.8648994456e-01
    3.7775000001e+05    1.7926155396e-01
    3.7800000001e+05    1.3979974196e-01
    3.7825000001e+05    1.5592313136e-01
    3.7850000001e+05    1.4136488212e-01
    3.7875000001e+05    1.4344143567e-01
    3.7900000001e+05    1.6434196630e-01
    3.7925000001e+05    1.5039299825e-01
    3.7950000001e+05    1.2956274800e-01
    3.7975000001e+05    1.2647392132e-01
    3.8000000001e+05    1.2802247988e-01
    3.8025000001e+05    1.2577277793e-01
    3.8050000001e+05    1.9107985304e-01
    3.8075000001e+05    1.4248655797e-01
    3.8100000001e+05    1.7175155829e-01
    3.8125000001e+05    1.5094398069e-01
    3.8150000001e+05    1.4163546604e-01
    3.8175000001e+05    1.4173611515e-01
    3.8200000001e+05    1.4492457201e-01
    3.8225000001e+05    1.1888935509e-01
    3.8250000001e+05    1.4686289373e-01
    3.8275000001e+05    1.7665548037e-01
    3.8300000001e+05    1.6852258854e-01
    3.8325000001e+05    1.3469142043e-01
    3.8350000001e+05    1.2142773874e-01
    3.8375000001e+05    1.0664136023e-01
    3.8400000001e+05    1.3419677135e-01
    3.8425000001e+05    1.1539538178e-01
    3.8450000001e+05    1.6479391426e-01
    3.8475000001e+05    9.6586346141e-02
    3.8500000001e+05    1.6194211667e-01
    3.8525000001e+05    1.3982225593e-01
    3.8550000001e+05    1.6658362709e-01
    3.8575000001e+05    1.1121121343e-01
    3.8600000001e+05    1.7241168648e-01
    3.8625000001e+05    1.3904930614e-01
    3.8650000001e+05    1.3825187383e-01
    3.8675000001e+05    1.5039876607e-01
    3.8700000001e+05    1.1792626583e-01
    3.8725000001e+05    1.2181875725e-01
    3.8750000001e+05    1.2987977718e-01
    3.8775000001e+05    1.5892634178e-01
    3.8800000001e+05    1.0109916658e-01
    3.8825000001e+05    1.4249036925e-01
    3.8850000001e+05    1.4810765645e-01
    3.8875000001e+05    1.4414061459e-01
    3.8900000001e+05    1.5840601689e-01
    3.8925000001e+05    1.6157394613e-01
    3.8950000001e+05    1.2949512462e-01
    3.8975000001e+05    1.2894984329e-01
    3.9000000001e+05    1.4975934885e-01
    3.9025000001e+05    1.5196856169e-01
    3.9050000001e+05    1.2985386268e-01
    3.9075000001e+05    1.4513447281e-01
    3.9100000001e+05    1.6440402693e-01
    3.9125000001e+05    1.1955758825e-01
    3.9150000001e+05    1.1269151306e-01
    3.9175000001e+05    1.2452417214e-01
    3.9200000001e+05    1.4697626851e-01
    3.9225000001e+05    1.6144003962e-01
    3.9250000001e+05    1.1746158908e-01
    3.9275000001e+05    1.7477615486e-01
    3.9300000001e+05    1.5779258386e-01
    3.9325000001e+05    1.4145151044e-01
    3.9350000001e+05    1.0783685993e-01
    3.9375000001e+05    1.3764799122e-01
    3.9400000001e+05    1.1994352302e-01
    3.9425000001e+05    1.1471232634e-01
    3.9450000001e+05    9.7097617215e-02
    3.9475000001e+05    1.2116900182e-01
    3.9500000001e+05    1.4274027186e-01
    3.9525000001e+05    1.5573082491e-01
    3.9550000001e+05    1.9218002772e-01
    3.9575000001e+05    1.3199419258e-01
    3.9600000001e+05    1.4641314074e-01
    3.9625000001e+05    1.3792270450e-01
    3.9650000001e+05    1.1784713681e-01
    3.9675000001e+05    1.4708350295e-01
    3.9700000001e+05    2.0537611145e-01
    3.9725000001e+05    1.5828332411e-01
    3.9750000001e+05    1.3344937979e-01
    3.9775000001e+05    1.4065325805e-01
    3.9800000001e+05    1.8567729420e-01
    3.9825000001e+05    2.1316381413e-01
    3.9850000001e+05    2.1001192811e-01
    3.9875000001e+05    1.4209321926e-01
    3.9900000001e+05    1.2699913216e-01
    3.9925000001e+05    1.3724056596e-01
    3.9950000001e+05    1.7232427117e-01
    3.9975000001e+05    1.8585470730e-01
    4.0000000001e+05    1.6153801794e-01
    4.0025000001e+05    1.6001964709e-01
    4.0050000001e+05    1.5134206402e-01
    4.0075000001e+05    1.3994637515e-01
    4.0100000001e+05    1.4651634686e-01
    4.0125000001e+05    1.2371396106e-01
    4.0150000001e+05    1.6765412108e-01
    4.0175000001e+05    1.3602202262e-01
    4.0200000001e+05    1.5701000445e-01
    4.0225000001e+05    1.3309759517e-01
    4.0250000001e+05    1.7106787260e-01
    4.0275000001e+05    1.3968932238e-01
    4.0300000001e+05    1.0670613668e-01
    4.0325000001e+05    1.4320633521e-01
    4.0350000001e+05    1.2442381939e-01
    4.0375000001e+05    1.6994607953e-01
    4.0400000001e+05    1.2840930399e-01
    4.0425000001e+05    1.3937745178e-01
    4.0450000001e+05    1.3851259262e-01
    4.0475000001e+05    1.4505127172e-01
    4.0500000001e+05    1.2732334174e-01
    4.0525000001e+05    1.5007799790e-01
    4.0550000001e+05    1.4789334608e-01
    4.0575000001e+05    1.1637390735e-01
    4.0600000001e+05    1.7178312321e-01
    4.0625000001e+05    1.3779052254e-01
    4.0650000001e+05    1.0933482482e-01
    4.0675000001e+05    1.5014176317e-01
    4.0700000001e+05    1.4156566619e-01
    4.0725000001e+05    1.5230664958e-01
    4.0750000001e+05    1.1710735352e-01
    4.0775000001e+05    1.2379355012e-01
    4.0800000001e+05    1.2320232054e-01
    4.0825000001e+05    1.1623678296e-01
    4.0850000001e+05    1.6492673434e-01
    4.0875000001e+05    1.5818404523e-01
    4.0900000001e+05    1.4407012502e-01
    4.0925000001e+05    9.8697018037e-02
    4.0950000001e+05    1.3638517757e-01
    4.0975000001e+05    1.3244919616e-01
    4.1000000001e+05    1.6620888080e-01
    4.1025000001e+05    1.4281697065e-01
    4.1050000001e+05    1.0536002020e-01
    4.1075000001e+05    1.0730858129e-01
    4.1100000001e+05    1.4134837599e-01
    4.1125000001e+05    1.1029143451e-01
    4.1150000001e+05    9.5261244584e-02
    4.1175000001e+05    1.2467654028e-01
    4.1200000001e+05    1.1469395873e-01
    4.1225000001e+05    1.0860306325e-01
    4.1250000001e+05    1.3358374795e-01
    4.1275000001e+05    1.4108694819e-01
    4.1300000001e+05    1.5121792832e-01
    4.1325000001e+05    1.9168775958e-01
    4.1350000001e+05    1.2997623364e-01
    4.1375000001e+05    1.3417802540e-01
    4.1400000001e+05    1.2726624825e-01
    4.1425000001e+05    1.1962886384e-01
    4.1450000001e+05    1.5047001564e-01
    4.1475000001e+05    1.6697985592e-01
    4.1500000001e+05    1.2726301782e-01
    4.1525000001e+05    1.2270183654e-01
    4.1550000001e+05    2.1851493018e-01
    4.1575000001e+05    1.6731183448e-01
    4.1600000001e+05    1.4420462524e-01
    4.1625000001e+05    1.6771421238e-01
    4.1650000001e+05    1.8631593823e-01
    4.1675000001e+05    2.0218655519e-01
    4.1700000001e+05    2.9580745097e-01
    4.1725000001e+05    1.5581441050e-01
    4.1750000001e+05    1.5789759691e-01
    4.1775000001e+05    1.5988346275e-01
    4.1800000001e+05    1.2794236309e-01
    4.1825000001e+05    9.5075221097e-02
    4.1850000001e+05    2.1236288629e-01
    4.1875000001e+05    2.0503193647e-01
    4.1900000001e+05    1.2466389308e-01
    4.1925000001e+05    1.2066006572e-01
    4.1950000001e+05    1.6800252593e-01
    4.1975000001e+05    1.7235061731e-01
    4.2000000001e+05    1.3857293383e-01
    4.2025000001e+05    1.0771380451e-01
    4.2050000001e+05    1.2935590940e-01
    4.2075000001e+05    1.8332278591e-01
    4.2100000001e+05    1.3956831002e-01
    4.2125000001e+05    1.1236295596e-01
    4.2150000001e+05    1.1947734567e-01
    4.2175000001e+05    1.9301956762e-01
    4.2200000001e+05    1.5546928932e-01
    4.2225000001e+05    1.1037038991e-01
    4.2250000001e+05    1.7945332372e-01
    4.2275000001e+05    1.4674202508e-01
    4.2300000001e+05    1.4274439966e-01
    4.2325000001e+05    1.5916890112e-01
    4.2350000001e+05    2.0948464490e-01
    4.2375000001e+05    1.4676936932e-01
    4.2400000001e+05    1.4633084690e-01
    4.2425000001e+05    1.7735077082e-01
    4.2450000001e+05    1.3521853143e-01
    4.2475000001e+05    1.2429088329e-01
    4.2500000001e+05    1.5737932938e-01
    4.2525000001e+05    1.8124859972e-01
    4.2550000001e+05    1.6959081356e-01
    4.2575000001e+05    1.5710439079e-01
    4.2600000001e+05    1.3982584108e-01
    4.2625000001e+05    1.6782072799e-01
    4.2650000001e+05    1.1835772988e-01
    4.2675000001e+05    1.2159835034e-01
    4.2700000001e+05    1.4427125272e-01
    4.2725000001e+05    1.4019216356e-01
    4.2750000001e+05    1.3472604869e-01
    4.2775000001e+05    1.4339413676e-01
    4.2800000001e+05    1.2919370458e-01
    4.2825000001e+05    1.0504136208e-01
    4.2850000001e+05    1.2452504060e-01
    4.2875000001e+05    1.4330967299e-01
    4.2900000001e+05    1.3331193725e-01
    4.2925000001e+05    1.2717590685e-01
    4.2950000001e+05    1.7909460816e-01
    4.2975000001e+05    1.3238884626e-01
    4.3000000001e+05    1.1657157981e-01
    4.3025000001e+05    1.2516700419e-01
    4.3050000001e+05    1.4116523601e-01
    4.3075000001e+05    1.1437521133e-01
    4.3100000001e+05    1.3455667431e-01
    4.3125000001e+05    1.2210335007e-01
    4.3150000001e+05    1.6341321770e-01
    4.3175000001e+05    1.4534351990e-01
    4.3200000001e+05    1.7199461127e-01
    4.3225000001e+05    1.5631057222e-01
    4.3250000001e+05    1.2282153102e-01
    4.3275000001e+05    1.4795740837e-01
    4.3300000001e+05    1.7964301190e-01
    4.3325000001e+05    1.6939089087e-01
    4.3350000001e+05    1.4637161712e-01
    4.3375000001e+05    1.7417668298e-01
    4.3400000001e+05    1.2727733765e-01
    4.3425000001e+05    1.9536016019e-01
    4.3450000001e+05    1.3203562660e-01
    4.3475000001e+05    1.2551472775e-01
    4.3500000001e+05    1.3521030626e-01
    4.3525000001e+05    1.4263220770e-01
    4.3550000001e+05    1.3339773039e-01
    4.3575000001e+05    1.5042298681e-01
    4.3600000001e+05    1.3170851796e-01
    4.3625000001e+05    1.5378844890e-01
    4.3650000001e+05    1.2640727243e-01
    4.3675000001e+05    1.0679829841e-01
    4.3700000001e+05    1.2814369103e-01
    4.3725000001e+05    1.4084315988e-01
    4.3750000001e+05    1.5070197588e-01
    4.3775000001e+05    1.3861479277e-01
    4.3800000001e+05    1.2254942931e-01
    4.3825000001e+05    1.2068656301e-01
    4.3850000001e+05    1.2528371151e-01
    4.3875000001e+05    1.1613296498e-01
    4.3900000001e+05    1.4595639028e-01
    4.3925000001e+05    1.5333910127e-01
    4.3950000001e+05    1.2902017173e-01
    4.3975000001e+05    1.4561204039e-01
    4.4000000001e+05    1.8086430887e-01
    4.4025000001e+05    1.7447728057e-01
    4.4050000001e+05    1.4094361783e-01
    4.4075000001e+05    1.6277923274e-01
    4.4100000001e+05    1.5341835912e-01
    4.4125000001e+05    1.6989154828e-01
    4.4150000001e+05    1.4078652715e-01
    4.4175000001e+05    1.6279145315e-01
    4.4200000001e+05    1.0996541448e-01
    4.4225000001e+05    1.2125149841e-01
    4.4250000001e+05    1.0747851422e-01
    4.4275000001e+05    1.6149212151e-01
    4.4300000001e+05    1.3928275632e-01
    4.4325000001e+05    1.2870555191e-01
    4.4350000001e+05    1.0912100230e-01
    4.4375000001e+05    1.4177860158e-01
    4.4400000001e+05    1.5396284653e-01
    4.4425000001e+05    1.5917239440e-01
    4.4450000001e+05    1.1221250052e-01
    4.4475000001e+05    1.7141809303e-01
    4.4500000001e+05    1.6563728019e-01
    4.4525000001e+05    1.5429693923e-01
    4.4550000001e+05    1.2255176572e-01
    4.4575000001e+05    1.2452885762e-01
    4.4600000001e+05    1.0809754594e-01
    4.4625000001e+05    1.3644692113e-01
    4.4650000001e+05    1.8501075742e-01
    4.4675000001e+05    1.0473046991e-01
    4.4700000001e+05    1.3316094700e-01
    4.4725000001e+05    1.3093630861e-01
    4.4750000001e+05    1.2548358447e-01
    4.4775000001e+05    1.3550109561e-01
    4.4800000001e+05    1.4814842544e-01
    4.4825000001e+05    1.8618310055e-01
    4.4850000001e+05    9.9563883308e-02
    4.4875000001e+05    1.2408139415e-01
    4.4900000001e+05    1.4020258979e-01
    4.4925000001e+05    1.3518552478e-01
    4.4950000001e+05    1.8026444339e-01
    4.4975000001e+05    1.0294476649e-01
    4.5000000001e+05    1.6639630314e-01
    4.5025000001e+05    1.7834248637e-01
    4.5050000001e+05    1.3485498066e-01
    4.5075000001e+05    1.3981273744e-01
    4.5100000001e+05    1.5240816566e-01
    4.5125000001e+05    1.0508761358e-01
    4.5150000001e+05    1.4028101306e-01
    4.5175000001e+05    1.3543743220e-01
    4.5200000001e+05    1.6190191556e-01
    4.5225000001e+05    1.3843956230e-01
    4.5250000001e+05    1.4211684329e-01
    4.5275000001e+05    1.1433628431e-01
    4.5300000001e+05    1.0539255737e-01
    4.5325000001e+05    1.5126195162e-01
    4.5350000001e+05    1.2752436251e-01
    4.5375000001e+05    1.5958166907e-01
    4.5400000001e+05    1.4208379715e-01
    4.5425000001e+05    1.7926619948e-01
    4.5450000001e+05    1.6159273008e-01
    4.5475000001e+05    1.1838885567e-01
    4.5500000001e+05    1.4729694157e-01
    4.5525000001e+05    1.1562945851e-01
    4.5550000001e+05    1.2514564106e-01
    4.5575000001e+05    1.0099920209e-01
    4.5600000001e+05    1.1770972042e-01
    4.5625000001e+05    1.0462699841e-01
    4.5650000001e+05    2.1487587505e-01
    4.5675000001e+05    1.4841515900e-01
    4.5700000001e+05    1.3505142541e-01
    4.5725000001e+05    1.7113564467e-01
    4.5750000001e+05    2.0168373672e-01
    4.5775000001e+05    1.3292284548e-01
    4.5800000001e+05    1.2841898569e-01
    4.5825000001e+05    1.7881732715e-01
    4.5850000001e+05    1.1358635808e-01
    4.5875000001e+05    1.1287447272e-01
    4.5900000001e+05    1.8609908301e-01
    4.5925000001e+05    1.4605636428e-01
    4.5950000001e+05    1.2531171451e-01
    4.5975000001e+05    1.2722303956e-01
    4.6000000001e+05    1.7556861997e-01
    4.6025000001e+05    2.0710570054e-01
    4.6050000001e+05    1.3590059980e-01
    4.6075000001e+05    1.2428574360e-01
    4.6100000001e+05    1.5287941104e-01
    4.6125000001e+05    1.4528970470e-01
    4.6150000001e+05    1.6483156237e-01
    4.6175000001e+05    1.1060549300e-01
    4.6200000001e+05    1.1872483319e-01
    4.6225000001e+05    1.7506172729e-01
    4.6250000001e+05    1.4624031412e-01
    4.6275000001e+05    1.3570088541e-01
    4.6300000001e+05    1.7409564187e-01
    4.6325000001e+05    1.3091918161e-01
    4.6350000001e+05    2.1147893580e-01
    4.6375000001e+05    1.4249770333e-01
    4.6400000001e+05    1.2895222878e-01
    4.6425000001e+05    1.1218453653e-01
    4.6450000001e+05    1.3607624539e-01
    4.6475000001e+05    1.4493876231e-01
    4.6500000001e+05    1.6827822600e-01
    4.6525000001e+05    1.2706243032e-01
    4.6550000001e+05    1.0684997871e-01
    4.6575000001e+05    2.0377384184e-01
    4.6600000001e+05    1.4921673119e-01
    4.6625000001e+05    1.2439379862e-01
    4.6650000001e+05    1.2117666291e-01
    4.6675000001e+05    1.2173376670e-01
    4.6700000001e+05    1.2141679748e-01
    4.6725000001e+05    1.6809498518e-01
    4.6750000001e+05    1.3606147801e-01
    4.6775000001e+05    1.4057012790e-01
    4.6800000001e+05    1.2181767844e-01
    4.6825000001e+05    1.1970694661e-01
    4.6850000001e+05    1.2876620715e-01
    4.6875000001e+05    1.5768270710e-01
    4.6900000001e+05    1.8699496432e-01
    4.6925000001e+05    1.3810586001e-01
    4.6950000001e+05    1.0672935870e-01
    4.6975000001e+05    1.3817790913e-01
    4.7000000001e+05    1.1991609907e-01
    4.7025000001e+05    1.1170284666e-01
    4.7050000001e+05    1.2965829106e-01
    4.7075000001e+05    2.1394371065e-01
    4.7100000001e+05    9.2726232274e-02
    4.7125000001e+05    1.0246592922e-01
    4.7150000001e+05    1.0766088986e-01
    4.7175000001e+05    1.3811675119e-01
    4.7200000001e+05    1.3528097270e-01
    4.7225000001e+05    1.5389455064e-01
    4.7250000001e+05    1.3671502912e-01
    4.7275000001e+05    1.5119142334e-01
    4.7300000001e+05    1.1119918680e-01
    4.7325000001e+05    1.6371837623e-01
    4.7350000001e+05    1.4153940960e-01
    4.7375000001e+05    1.1969596184e-01
    4.7400000001e+05    1.4133622061e-01
    4.7425000001e+05    1.3258337923e-01
    4.7450000001e+05    1.6471944295e-01
    4.7475000001e+05    1.4770820446e-01
    4.7500000001e+05    1.3396661263e-01
    4.7525000001e+05    1.7664894053e-01
    4.7550000001e+05    1.9441833599e-01
    4.7575000001e+05    1.3343141146e-01
    4.7600000001e+05    1.2448880904e-01
    4.7625000001e+05    1.1454306052e-01
    4.7650000001e+05    1.7990388807e-01
    4.7675000001e+05    1.2387274024e-01
    4.7700000001e+05    1.4055852355e-01
    4.7725000001e+05    1.0956417353e-01
    4.7750000001e+05    1.5891497030e-01
    4.7775000001e+05    1.3223144684e-01
    4.7800000001e+05    1.4307291964e-01
    4.7825000001e+05    1.3257089052e-01
    4.7850000001e+05    2.3226954125e-01
    4.7875000001e+05    1.5544433643e-01
    4.7900000001e+05    1.4892088817e-01
    4.7925000001e+05    1.4359672977e-01
    4.7950000001e+05    2.2014262265e-01
    4.7975000001e+05    1.0781408939e-01
    4.8000000001e+05    1.5093887490e-01
    4.8025000001e+05    2.1182031613e-01
    4.8050000001e+05    1.5855373109e-01
    4.8075000001e+05    1.8470434216e-01
    4.8100000001e+05    1.9183595031e-01
    4.8125000001e+05    1.0913382556e-01
    4.8150000001e+05    1.5032819970e-01
    4.8175000001e+05    1.9606985765e-01
    4.8200000001e+05    2.0836030518e-01
    4.8225000001e+05    1.5694268963e-01
    4.8250000001e+05    1.5052798365e-01
    4.8275000001e+05    1.5469671785e-01
    4.8300000001e+05    1.6690729969e-01
    4.8325000001e+05    2.0426503208e-01
    4.8350000001e+05    1.2072846085e-01
    4.8375000001e+05    1.4151767042e-01
    4.8400000001e+05    1.3716557202e-01
    4.8425000001e+05    1.1425581313e-01
    4.8450000001e+05    1.1809415304e-01
    4.8475000001e+05    1.2599602819e-01
    4.8500000001e+05    1.2236983826e-01
    4.8525000001e+05    1.3657204100e-01
    4.8550000001e+05    1.5734460141e-01
    4.8575000001e+05    1.5251686884e-01
    4.8600000001e+05    1.5690651187e-01
    4.8625000001e+05    1.3710198654e-01
    4.8650000001e+05    1.0298674899e-01
    4.8675000001e+05    1.2778894671e-01
    4.8700000001e+05    1.3466243052e-01
    4.8725000001e+05    1.5568217945e-01
    4.8750000001e+05    1.2550928730e-01
    4.8775000001e+05    1.5221609800e-01
    4.8800000001e+05    1.2029760092e-01
    4.8825000001e+05    1.1535741486e-01
    4.8850000001e+05    1.0849990512e-01
    4.8875000001e+05    1.0814988146e-01
    4.8900000001e+05    1.3465208102e-01
    4.8925000001e+05    1.2856103839e-01
    4.8950000001e+05    1.2404976751e-01
    4.8975000001e+05    1.1529252977e-01
    4.9000000001e+05    1.4846479281e-01
    4.9025000001e+05    1.3796467400e-01
    4.9050000001e+05    9.4945020426e-02
    4.9075000001e+05    1.0160895882e-01
    4.9100000001e+05    1.2981409396e-01
    4.9125000001e+05    1.2145365128e-01
    4.9150000001e+05    1.3124652201e-01
    4.9175000001e+05    1.1937945219e-01
    4.9200000001e+05    1.8921566176e-01
    4.9225000001e+05    1.5762928645e-01
    4.9250000001e+05    1.4726237584e-01
    4.9275000001e+05    1.2209249801e-01
    4.9300000001e+05    1.4756796164e-01
    4.9325000001e+05    1.5078062996e-01
    4.9350000001e+05    1.6989376374e-01
    4.9375000001e+05    1.4218901376e-01
    4.9400000001e+05    1.2497707700e-01
    4.9425000001e+05    1.5284882723e-01
    4.9450000001e+05    1.9974301546e-01
    4.9475000001e+05    1.3170381301e-01
    4.9500000001e+05    1.3205798690e-01
    4.9525000001e+05    1.6316654575e-01
    4.9550000001e+05    1.2213886769e-01
    4.9575000001e+05    1.2689179267e-01
    4.9600000001e+05    1.6264755391e-01
    4.9625000001e+05    1.1484952244e-01
    4.9650000001e+05    1.2509755116e-01
    4.9675000001e+05    1.4621144999e-01
    4.9700000001e+05    2.1497706190e-01
    4.9725000001e+05    1.3248674435e-01
    4.9750000001e+05    1.1027103319e-01
    4.9775000001e+05    1.3021371552e-01
    4.9800000001e+05    2.1046671759e-01
    4.9825000001e+05    1.8774323706e-01
    4.9850000001e+05    1.6198438554e-01
    4.9875000001e+05    9.8752744072e-02
    4.9900000001e+05    1.3519639133e-01
    4.9925000001e+05    1.4564709998e-01
    4.9950000001e+05    1.0689710701e-01
    4.9975000001e+05    1.0517679557e-01
    5.0000000001e+05    1.3481034791e-01
