    1.0000000000e+02    1.5734402996e-01
    2.0000000000e+02    1.2874558340e-01
    3.0000000000e+02    1.3361433961e-01
    4.0000000000e+02    1.6438786029e-01
    5.0000000000e+02    2.0066522112e-01
    6.0000000000e+02    2.1121663471e-01
    7.0000000000e+02    1.7375897126e-01
    8.0000000000e+02    1.7742546680e-01
    9.0000000000e+02    1.4418583323e-01
    1.0000000000e+03    1.0552675098e-01
    1.1000000000e+03    1.6551745324e-01
    1.2000000000e+03    1.2930816642e-01
    1.3000000000e+03    1.4310546873e-01
    1.4000000000e+03    1.3951951794e-01
    1.5000000000e+03    1.5024352094e-01
    1.6000000000e+03    9.9414474574e-02
    1.7000000000e+03    1.2156483240e-01
    1.8000000000e+03    1.4805440899e-01
    1.9000000000e+03    1.4460860062e-01
    2.0000000000e+03    2.0085937669e-01
    2.1000000000e+03    1.8348405817e-01
    2.2000000000e+03    1.9486427194e-01
    2.3000000000e+03    1.4624875413e-01
    2.4000000000e+03    2.5027876906e-01
    2.5000000000e+03    1.4950210398e-01
    2.6000000000e+03    2.7538821947e-01
    2.7000000000e+03    1.1805493126e-01
    2.8000000000e+03    1.8058139162e-01
    2.9000000000e+03    1.3231954667e-01
    3.0000000000e+03    2.2424820272e-01
    3.1000000000e+03    1.5797476419e-01
    3.2000000000e+03    1.6275187146e-01
    3.3000000000e+03    1.5343823181e-01
    3.4000000000e+03    1.7912419124e-01
    3.5000000000e+03    1.1036635186e-01
    3.6000000000e+03    1.2766519668e-01
    3.7000000000e+03    1.6400285906e-01
    3.8000000000e+03    1.3771072469e-01
    3.9000000000e+03    1.6922186002e-01
    4.0000000000e+03    1.3515585255e-01
    4.1000000000e+03    1.1779604822e-01
    4.2000000000e+03    1.0183465792e-01
    4.3000000000e+03    9.8717337104e-02
    4.4000000000e+03    8.0869036009e-02
    4.5000000000e+03    8.4158674621e-02
    4.6000000000e+03    1.2161532170e-01
    4.7000000000e+03    1.1085797887e-01
    4.8000000000e+03    1.5103106341e-01
    4.9000000000e+03    1.6280040225e-01
    5.0000000000e+03    1.2173402489e-01
    5.1000000000e+03    1.1987885184e-01
    5.2000000000e+03    1.1520660934e-01
    5.3000000000e+03    1.3789245034e-01
    5.4000000000e+03    1.2877296743e-01
    5.5000000000e+03    1.7220971821e-01
    5.6000000000e+03    1.4940469651e-01
    5.7000000000e+03    1.1129173050e-01
    5.8000000000e+03    1.0877277784e-01
    5.9000000000e+03    1.1722566791e-01
    6.0000000000e+03    9.5961717334e-02
    6.1000000000e+03    1.1406110591e-01
    6.2000000000e+03    8.7153371476e-02
    6.3000000000e+03    8.4414747745e-02
    6.4000000000e+03    8.0714265711e-02
    6.5000000000e+03    1.0328230816e-01
    6.6000000000e+03    1.2633158231e-01
    6.7000000000e+03    1.0849866362e-01
    6.8000000000e+03    1.4005948413e-01
    6.9000000000e+03    9.4242428608e-02
    7.0000000000e+03    1.2951103926e-01
    7.1000000000e+03    9.3219776751e-02
    7.2000000000e+03    1.2335066851e-01
    7.3000000000e+03    1.1201212597e-01
    7.4000000000e+03    1.3696267844e-01
    7.5000000000e+03    1.4084418381e-01
    7.6000000000e+03    1.2708451289e-01
    7.7000000000e+03    1.1861799484e-01
    7.8000000000e+03    1.2217273225e-01
    7.9000000000e+03    1.2714135187e-01
    8.0000000000e+03    1.3852293918e-01
    8.1000000000e+03    1.2104153982e-01
    8.2000000000e+03    1.2595344958e-01
    8.3000000000e+03    1.7659532753e-01
    8.4000000000e+03    1.2008113029e-01
    8.5000000000e+03    1.1075362160e-01
    8.6000000000e+03    1.0234873756e-01
    8.7000000000e+03    1.4310725413e-01
    8.8000000000e+03    1.3110307324e-01
    8.9000000000e+03    1.2932692835e-01
    9.0000000000e+03    1.3187270837e-01
    9.1000000000e+03    1.2727524804e-01
    9.2000000000e+03    1.5441248472e-01
    9.3000000000e+03    8.9799053107e-02
    9.4000000000e+03    9.7317817531e-02
    9.5000000000e+03    1.4187861048e-01
    9.6000000000e+03    1.1660296201e-01
    9.7000000000e+03    1.8844003651e-01
    9.8000000000e+03    1.6049147659e-01
    9.9000000000e+03    1.0866529125e-01
    1.0000000000e+04    1.2002459958e-01
    1.0100000000e+04    1.2237623793e-01
    1.0200000000e+04    1.6563990016e-01
    1.0300000000e+04    2.0215414330e-01
    1.0400000000e+04    1.2758088794e-01
    1.0500000000e+04    1.2258009563e-01
    1.0600000000e+04    1.2947411151e-01
    1.0700000000e+04    9.6549210201e-02
    1.0800000000e+04    1.3023388921e-01
    1.0900000000e+04    1.2743093788e-01
    1.1000000000e+04    1.3910004871e-01
    1.1100000000e+04    1.0763821344e-01
    1.1200000000e+04    1.1466342695e-01
    1.1300000000e+04    2.0833826002e-01
    1.1400000000e+04    1.9068615541e-01
    1.1500000000e+04    1.1210510666e-01
    1.1600000000e+04    1.0381729179e-01
    1.1700000000e+04    1.0430019676e-01
    1.1800000000e+04    9.2044560117e-02
    1.1900000000e+04    8.7901034249e-02
    1.2000000000e+04    1.2163995474e-01
    1.2100000000e+04    1.0746982974e-01
    1.2200000000e+04    1.4022996808e-01
    1.2300000000e+04    1.3815568121e-01
    1.2400000000e+04    1.7094214721e-01
    1.2500000000e+04    1.2876868264e-01
    1.2600000000e+04    1.7334239839e-01
    1.2700000000e+04    1.7867372854e-01
    1.2800000000e+04    1.2175401114e-01
    1.2900000000e+04    1.0884819420e-01
    1.3000000000e+04    1.3190486113e-01
    1.3100000000e+04    1.1998466895e-01
    1.3200000000e+04    1.0000974822e-01
    1.3300000000e+04    1.0014864102e-01
    1.3400000000e+04    1.5824756688e-01
    1.3500000000e+04    1.1851788859e-01
    1.3600000000e+04    9.9762111764e-02
    1.3700000000e+04    9.9178498516e-02
    1.3800000000e+04    1.0461215269e-01
    1.3900000000e+04    1.1514197560e-01
    1.4000000000e+04    9.9007801386e-02
    1.4100000000e+04    1.1578988223e-01
    1.4200000000e+04    1.1121314865e-01
    1.4300000000e+04    1.0119491990e-01
    1.4400000000e+04    9.9978174000e-02
    1.4500000000e+04    9.1256881446e-02
    1.4600000000e+04    1.1816380133e-01
    1.4700000000e+04    1.2215349111e-01
    1.4800000000e+04    1.1832811787e-01
    1.4900000000e+04    1.4082281003e-01
    1.5000000000e+04    1.8239886507e-01
    1.5100000000e+04    1.3505110454e-01
    1.5200000000e+04    9.5369059745e-02
    1.5300000000e+04    1.1390763252e-01
    1.5400000000e+04    1.0519894703e-01
    1.5500000000e+04    1.3485929650e-01
    1.5600000000e+04    1.5485892803e-01
    1.5700000000e+04    1.2066669850e-01
    1.5800000000e+04    9.2790490433e-02
    1.5900000000e+04    1.3045939958e-01
    1.6000000000e+04    1.0754115659e-01
    1.6100000000e+04    1.0707509132e-01
    1.6200000000e+04    1.0892322846e-01
    1.6300000000e+04    1.1357920459e-01
    1.6400000000e+04    1.0695394771e-01
    1.6500000000e+04    1.4176237246e-01
    1.6600000000e+04    1.2659086381e-01
    1.6700000000e+04    9.6631478655e-02
    1.6800000000e+04    8.8517885668e-02
    1.6900000000e+04    1.4164210836e-01
    1.7000000000e+04    1.4482389154e-01
    1.7100000000e+04    1.5405687877e-01
    1.7200000000e+04    9.1694320036e-02
    1.7300000000e+04    8.9814603294e-02
    1.7400000000e+04    1.1859797725e-01
    1.7500000000e+04    1.6568289551e-01
    1.7600000000e+04    1.0719064021e-01
    1.7700000000e+04    1.1910510758e-01
    1.7800000000e+04    1.7367534862e-01
    1.7900000000e+04    1.7404153986e-01
    1.8000000000e+04    2.4607952644e-01
    1.8100000000e+04    1.5828266396e-01
    1.8200000000e+04    1.2968523358e-01
    1.8300000000e+04    9.0089567576e-02
    1.8400000000e+04    1.2627709137e-01
    1.8500000000e+04    8.9818688109e-02
    1.8600000000e+04    9.4930847299e-02
    1.8700000000e+04    1.1519819546e-01
    1.8800000000e+04    1.6877195661e-01
    1.8900000000e+04    1.2789411098e-01
    1.9000000000e+04    1.7852490742e-01
    1.9100000000e+04    1.3642308273e-01
    1.9200000000e+04    1.1237392149e-01
    1.9300000000e+04    1.2145315511e-01
    1.9400000000e+04    9.5020813368e-02
    1.9500000000e+04    1.1067883924e-01
    1.9600000000e+04    1.1768835279e-01
    1.9700000000e+04    1.1419742448e-01
    1.9800000000e+04    9.6292759468e-02
    1.9900000000e+04    9.0643068821e-02
    2.0000000000e+04    8.2175611145e-02
    2.0100000000e+04    9.3276747496e-02
    2.0200000000e+04    1.2422633418e-01
    2.0300000000e+04    8.8554267212e-02
    2.0400000000e+04    1.2269559709e-01
    2.0500000000e+04    2.0728769311e-01
    2.0600000000e+04    1.5023333549e-01
    2.0700000000e+04    1.2588677934e-01
    2.0800000000e+04    9.7338887846e-02
    2.0900000000e+04    8.1208439737e-02
    2.1000000000e+04    1.2206943873e-01
    2.1100000000e+04    1.1562031648e-01
    2.1200000000e+04    1.2280877893e-01
    2.1300000000e+04    1.3734366422e-01
    2.1400000000e+04    1.2444357119e-01
    2.1500000000e+04    1.1844316105e-01
    2.1600000000e+04    1.0651797999e-01
    2.1700000000e+04    9.7782590934e-02
    2.1800000000e+04    1.0421311381e-01
    2.1900000000e+04    1.2940471367e-01
    2.2000000000e+04    1.4657241457e-01
    2.2100000000e+04    1.1831692771e-01
    2.2200000000e+04    1.1822316303e-01
    2.2300000000e+04    1.1208936984e-01
    2.2400000000e+04    1.1658354212e-01
    2.2500000000e+04    1.0118488625e-01
    2.2600000000e+04    1.0902067171e-01
    2.2700000000e+04    1.0995966810e-01
    2.2800000000e+04    1.1816840218e-01
    2.2900000000e+04    1.2337227637e-01
    2.3000000000e+04    1.2292847610e-01
    2.3100000000e+04    1.1092024596e-01
    2.3200000000e+04    1.3005309173e-01
    2.3300000000e+04    1.1544764757e-01
    2.3400000000e+04    1.7521763835e-01
    2.3500000000e+04    1.0386706878e-01
    2.3600000000e+04    8.8262832131e-02
    2.3700000000e+04    1.3684030079e-01
    2.3800000000e+04    8.4970876184e-02
    2.3900000000e+04    1.0795381969e-01
    2.4000000000e+04    9.9258044199e-02
    2.4100000000e+04    1.2861253572e-01
    2.4200000000e+04    1.2187138989e-01
    2.4300000000e+04    8.9969176117e-02
    2.4400000000e+04    9.9399005145e-02
    2.4500000000e+04    1.2740693471e-01
    2.4600000000e+04    1.3640887117e-01
    2.4700000000e+04    1.4691125282e-01
    2.4800000000e+04    1.1584944611e-01
    2.4900000000e+04    1.0524613945e-01
    2.5000000000e+04    1.0038863437e-01
    2.5100000000e+04    1.0386338823e-01
    2.5200000000e+04    1.0209738220e-01
    2.5300000000e+04    9.7547760505e-02
    2.5400000000e+04    1.6560599185e-01
    2.5500000000e+04    1.4561000157e-01
    2.5600000000e+04    1.8195635724e-01
    2.5700000000e+04    1.1090283483e-01
    2.5800000000e+04    1.4546275245e-01
    2.5900000000e+04    1.4312621347e-01
    2.6000000000e+04    1.0493126734e-01
    2.6100000000e+04    1.0629765801e-01
    2.6200000000e+04    1.3793415357e-01
    2.6300000000e+04    1.0980674770e-01
    2.6400000000e+04    1.2791637881e-01
    2.6500000000e+04    1.0660746566e-01
    2.6600000000e+04    1.2527132977e-01
    2.6700000000e+04    1.2596387175e-01
    2.6800000000e+04    1.1820331539e-01
    2.6900000000e+04    1.3690943734e-01
    2.7000000000e+04    1.2493950134e-01
    2.7100000000e+04    1.4480971258e-01
    2.7200000000e+04    1.3224954856e-01
    2.7300000000e+04    1.3962598036e-01
    2.7400000000e+04    1.8522372030e-01
    2.7500000000e+04    1.3590438058e-01
    2.7600000000e+04    1.1364389249e-01
    2.7700000000e+04    1.4262676750e-01
    2.7800000000e+04    1.0926945043e-01
    2.7900000000e+04    1.1890675263e-01
    2.8000000000e+04    1.2579647093e-01
    2.8100000000e+04    1.4003494309e-01
    2.8200000000e+04    1.3075783420e-01
    2.8300000000e+04    1.2450802029e-01
    2.8400000000e+04    1.2025754181e-01
    2.8500000000e+04    1.0311356754e-01
    2.8600000000e+04    1.6767288144e-01
    2.8700000000e+04    1.4430020087e-01
    2.8800000000e+04    1.4273067040e-01
    2.8900000000e+04    1.0836064130e-01
    2.9000000000e+04    1.1907795166e-01
    2.9100000000e+04    1.2807761684e-01
    2.9200000000e+04    1.3794543557e-01
    2.9300000000e+04    1.3754400681e-01
    2.9400000000e+04    1.3224060624e-01
    2.9500000000e+04    1.3072744255e-01
    2.9600000000e+04    1.1875699416e-01
    2.9700000000e+04    1.2329115334e-01
    2.9800000000e+04    1.8825261497e-01
    2.9900000000e+04    1.3846785785e-01
    3.0000000000e+04    1.5975245073e-01
    3.0100000000e+04    1.7383944687e-01
    3.0200000000e+04    1.7326707272e-01
    3.0300000000e+04    1.0575805701e-01
    3.0400000000e+04    1.0209698363e-01
    3.0500000000e+04    1.3305155242e-01
    3.0600000000e+04    1.8912678330e-01
    3.0700000000e+04    1.5700414017e-01
    3.0800000000e+04    8.5519866542e-02
    3.0900000000e+04    1.2100175490e-01
    3.1000000000e+04    1.1925896325e-01
    3.1100000000e+04    1.6297010323e-01
    3.1200000000e+04    1.5103723640e-01
    3.1300000000e+04    1.1570134797e-01
    3.1400000000e+04    1.7402546109e-01
    3.1500000000e+04    1.6494961228e-01
    3.1600000000e+04    1.1864174855e-01
    3.1700000000e+04    9.6794514130e-02
    3.1800000000e+04    1.7977066168e-01
    3.1900000000e+04    1.2954109911e-01
    3.2000000000e+04    1.2034697753e-01
    3.2100000000e+04    1.2675470027e-01
    3.2200000000e+04    1.3917422917e-01
    3.2300000000e+04    1.5585393423e-01
    3.2400000000e+04    1.1750313849e-01
    3.2500000000e+04    1.0945898710e-01
    3.2600000000e+04    1.3795653826e-01
    3.2700000000e+04    1.3478790251e-01
    3.2800000000e+04    1.5027221354e-01
    3.2900000000e+04    9.0860499264e-02
    3.3000000000e+04    9.7811394603e-02
    3.3100000000e+04    1.0931317106e-01
    3.3200000000e+04    1.2079420617e-01
    3.3300000000e+04    1.0435520134e-01
    3.3400000000e+04    1.0304366611e-01
    3.3500000000e+04    1.9568223278e-01
    3.3600000000e+04    1.1824760464e-01
    3.3700000000e+04    1.2644245565e-01
    3.3800000000e+04    1.7420776741e-01
    3.3900000000e+04    9.0748513440e-02
    3.4000000000e+04    1.0577528747e-01
    3.4100000000e+04    1.1738348233e-01
    3.4200000000e+04    9.8890072171e-02
    3.4300000000e+04    1.1994594740e-01
    3.4400000000e+04    1.5298991779e-01
    3.4500000000e+04    1.2169106061e-01
    3.4600000000e+04    1.0393678754e-01
    3.4700000000e+04    1.0775771276e-01
    3.4800000000e+04    1.0134767496e-01
    3.4900000000e+04    9.9879967503e-02
    3.5000000000e+04    1.2593301121e-01
    3.5100000000e+04    1.1528636962e-01
    3.5200000000e+04    1.4763467882e-01
    3.5300000000e+04    1.4575362576e-01
    3.5400000000e+04    1.5584854139e-01
    3.5500000000e+04    1.5074727822e-01
    3.5600000000e+04    1.7279455543e-01
    3.5700000000e+04    1.1297124209e-01
    3.5800000000e+04    1.0041640368e-01
    3.5900000000e+04    1.0758730707e-01
    3.6000000000e+04    1.3929045376e-01
    3.6100000000e+04    1.2735924996e-01
    3.6200000000e+04    1.0604201965e-01
    3.6300000000e+04    1.2151106424e-01
    3.6400000000e+04    1.3247871914e-01
    3.6500000000e+04    1.4381413124e-01
    3.6600000000e+04    1.3391832959e-01
    3.6700000000e+04    1.1760531228e-01
    3.6800000000e+04    1.1945147902e-01
    3.6900000000e+04    1.2463586097e-01
    3.7000000000e+04    1.1160889349e-01
    3.7100000000e+04    1.4777886692e-01
    3.7200000000e+04    1.2730059252e-01
    3.7300000000e+04    9.7329331645e-02
    3.7400000000e+04    8.4416254046e-02
    3.7500000000e+04    1.3745330376e-01
    3.7600000000e+04    1.3425135520e-01
    3.7700000000e+04    1.0082101482e-01
    3.7800000000e+04    1.1935348255e-01
    3.7900000000e+04    1.1950736635e-01
    3.8000000000e+04    1.7408442521e-01
    3.8100000000e+04    1.4816150155e-01
    3.8200000000e+04    1.4866131931e-01
    3.8300000000e+04    1.0904316641e-01
    3.8400000000e+04    9.7559377408e-02
    3.8500000000e+04    8.9253239955e-02
    3.8600000000e+04    8.0842723806e-02
    3.8700000000e+04    9.2196552510e-02
    3.8800000000e+04    1.2370843456e-01
    3.8900000000e+04    1.5323412338e-01
    3.9000000000e+04    1.6854556798e-01
    3.9100000000e+04    1.5688882364e-01
    3.9200000000e+04    2.1518898709e-01
    3.9300000000e+04    1.1707293161e-01
    3.9400000000e+04    1.1830735870e-01
    3.9500000000e+04    9.3393602835e-02
    3.9600000000e+04    9.7401044150e-02
    3.9700000000e+04    1.2438752209e-01
    3.9800000000e+04    1.7185960160e-01
    3.9900000000e+04    1.2115654326e-01
    4.0000000000e+04    1.0769102742e-01
    4.0100000000e+04    1.1022082599e-01
    4.0200000000e+04    1.1658390032e-01
    4.0300000000e+04    1.7311755636e-01
    4.0400000000e+04    1.4622889922e-01
    4.0500000000e+04    1.2472000302e-01
    4.0600000000e+04    1.1100161280e-01
    4.0700000000e+04    8.5127903413e-02
    4.0800000000e+04    1.0442530108e-01
    4.0900000000e+04    1.1091866816e-01
    4.1000000000e+04    1.3481821959e-01
    4.1100000000e+04    2.0517044433e-01
    4.1200000000e+04    1.8767165487e-01
    4.1300000000e+04    1.3607623454e-01
    4.1400000000e+04    1.1405417336e-01
    4.1500000000e+04    1.3007242668e-01
    4.1600000000e+04    1.1509777960e-01
    4.1700000000e+04    1.0470056668e-01
    4.1800000000e+04    9.1491792620e-02
    4.1900000000e+04    1.3770954056e-01
    4.2000000000e+04    1.2953146068e-01
    4.2100000000e+04    1.4172027645e-01
    4.2200000000e+04    1.1260544251e-01
    4.2300000000e+04    1.0062855925e-01
    4.2400000000e+04    1.2042212852e-01
    4.2500000000e+04    8.5963376791e-02
    4.2600000000e+04    1.3874537966e-01
    4.2700000000e+04    1.0690901856e-01
    4.2800000000e+04    1.0047698921e-01
    4.2900000000e+04    9.5997329271e-02
    4.3000000000e+04    1.3902626534e-01
    4.3100000000e+04    1.2202587499e-01
    4.3200000000e+04    1.5442181444e-01
    4.3300000000e+04    1.0980057279e-01
    4.3400000000e+04    9.6112994381e-02
    4.3500000000e+04    1.2963985405e-01
    4.3600000000e+04    1.2553585901e-01
    4.3700000000e+04    1.2893793138e-01
    4.3800000000e+04    1.1720145386e-01
    4.3900000000e+04    7.7498312904e-02
    4.4000000000e+04    1.0127880927e-01
    4.4100000000e+04    1.1759928997e-01
    4.4200000000e+04    1.4762276584e-01
    4.4300000000e+04    1.6466683547e-01
    4.4400000000e+04    1.5947048591e-01
    4.4500000000e+04    1.3185140511e-01
    4.4600000000e+04    1.1673895797e-01
    4.4700000000e+04    1.1144088414e-01
    4.4800000000e+04    1.0043719340e-01
    4.4900000000e+04    7.8091800480e-02
    4.5000000000e+04    1.0205959785e-01
    4.5100000000e+04    1.3286015720e-01
    4.5200000000e+04    1.3743694980e-01
    4.5300000000e+04    1.7038440360e-01
    4.5400000000e+04    1.1652357948e-01
    4.5500000000e+04    1.3660082933e-01
    4.5600000000e+04    1.2925199199e-01
    4.5700000000e+04    1.0886532254e-01
    4.5800000000e+04    1.4825368696e-01
    4.5900000000e+04    1.4663307227e-01
    4.6000000000e+04    1.1861671846e-01
    4.6100000000e+04    1.3118819333e-01
    4.6200000000e+04    1.1945052030e-01
    4.6300000000e+04    1.2969728166e-01
    4.6400000000e+04    1.0303367541e-01
    4.6500000000e+04    9.3714013859e-02
    4.6600000000e+04    1.5046219916e-01
    4.6700000000e+04    1.3158889343e-01
    4.6800000000e+04    2.2549242544e-01
    4.6900000000e+04    1.6274428377e-01
    4.7000000000e+04    1.3747731739e-01
    4.7100000000e+04    1.0097901770e-01
    4.7200000000e+04    8.2288863165e-02
    4.7300000000e+04    9.1643662599e-02
    4.7400000000e+04    9.5248181919e-02
    4.7500000000e+04    7.3557105175e-02
    4.7600000000e+04    9.5191741976e-02
    4.7700000000e+04    1.2117151833e-01
    4.7800000000e+04    1.1442552558e-01
    4.7900000000e+04    9.1992611648e-02
    4.8000000000e+04    1.0677862913e-01
    4.8100000000e+04    1.1683501841e-01
    4.8200000000e+04    1.2188504083e-01
    4.8300000000e+04    1.0993481659e-01
    4.8400000000e+04    1.0157146923e-01
    4.8500000000e+04    8.8773999199e-02
    4.8600000000e+04    1.0661416440e-01
    4.8700000000e+04    1.1912872613e-01
    4.8800000000e+04    1.0959419295e-01
    4.8900000000e+04    1.1049002234e-01
    4.9000000000e+04    1.2435159876e-01
    4.9100000000e+04    1.1000142972e-01
    4.9200000000e+04    1.1117241433e-01
    4.9300000000e+04    7.8884329066e-02
    4.9400000000e+04    1.2530923985e-01
    4.9500000000e+04    1.1789730084e-01
    4.9600000000e+04    1.7081772307e-01
    4.9700000000e+04    1.1623084164e-01
    4.9800000000e+04    1.2119570948e-01
    4.9900000000e+04    1.3764604994e-01
    5.0000000000e+04    1.0497856146e-01
    5.0100000000e+04    9.7145896512e-02
    5.0200000000e+04    1.0504982604e-01
    5.0300000000e+04    9.3111876578e-02
    5.0400000000e+04    1.2146346258e-01
    5.0500000000e+04    9.8599544931e-02
    5.0600000000e+04    1.5717910109e-01
    5.0700000000e+04    1.6185839271e-01
    5.0800000000e+04    1.2614213510e-01
    5.0900000000e+04    1.0049347730e-01
    5.1000000000e+04    1.0833930052e-01
    5.1100000000e+04    1.2950543963e-01
    5.1200000000e+04    1.1953621289e-01
    5.1300000000e+04    9.2875120151e-02
    5.1400000000e+04    1.0133680192e-01
    5.1500000000e+04    1.1125472479e-01
    5.1600000000e+04    1.1540271374e-01
    5.1700000000e+04    1.1544018673e-01
    5.1800000000e+04    1.5457785635e-01
    5.1900000000e+04    1.6631818393e-01
    5.2000000000e+04    1.2934188316e-01
    5.2100000000e+04    1.4498832540e-01
    5.2200000000e+04    1.0495901300e-01
    5.2300000000e+04    1.0875511539e-01
    5.2400000000e+04    8.8743128566e-02
    5.2500000000e+04    1.0183764041e-01
    5.2600000000e+04    1.0545678613e-01
    5.2700000000e+04    1.1932171444e-01
    5.2800000000e+04    1.1321729164e-01
    5.2900000000e+04    8.8718942844e-02
    5.3000000000e+04    1.3970387268e-01
    5.3100000000e+04    1.5232226089e-01
    5.3200000000e+04    1.4429486854e-01
    5.3300000000e+04    1.6351164091e-01
    5.3400000000e+04    1.7094893673e-01
    5.3500000000e+04    1.2089365425e-01
    5.3600000000e+04    9.9650358385e-02
    5.3700000000e+04    1.0151529597e-01
    5.3800000000e+04    1.2215544374e-01
    5.3900000000e+04    1.4423122582e-01
    5.4000000000e+04    1.4430812119e-01
    5.4100000000e+04    9.6019750337e-02
    5.4200000000e+04    1.2695334958e-01
    5.4300000000e+04    1.1690665873e-01
    5.4400000000e+04    1.1413836910e-01
    5.4500000000e+04    1.1962291555e-01
    5.4600000000e+04    1.1170321774e-01
    5.4700000000e+04    1.2147326069e-01
    5.4800000000e+04    1.4577108388e-01
    5.4900000000e+04    1.7813555271e-01
    5.5000000000e+04    1.6331473552e-01
    5.5100000000e+04    1.7850102477e-01
    5.5200000000e+04    1.3215556631e-01
    5.5300000000e+04    1.1806404073e-01
    5.5400000000e+04    1.3213566792e-01
    5.5500000000e+04    1.7024493933e-01
    5.5600000000e+04    1.4678498590e-01
    5.5700000000e+04    9.7880975466e-02
    5.5800000000e+04    8.8391505886e-02
    5.5900000000e+04    1.0555330396e-01
    5.6000000000e+04    9.5731843652e-02
    5.6100000000e+04    8.6355078306e-02
    5.6200000000e+04    9.0593133486e-02
    5.6300000000e+04    8.1936738736e-02
    5.6400000000e+04    1.1315412536e-01
    5.6500000000e+04    1.4170584372e-01
    5.6600000000e+04    8.9616759812e-02
    5.6700000000e+04    1.3184784499e-01
    5.6800000000e+04    1.1183561002e-01
    5.6900000000e+04    1.6054010730e-01
    5.7000000000e+04    1.1499925162e-01
    5.7100000000e+04    1.4723483883e-01
    5.7200000000e+04    1.1546174461e-01
    5.7300000000e+04    9.7204429361e-02
    5.7400000000e+04    9.0050096813e-02
    5.7500000000e+04    9.9180651849e-02
    5.7600000000e+04    8.8834711608e-02
    5.7700000000e+04    1.3846247165e-01
    5.7800000000e+04    1.2000718183e-01
    5.7900000000e+04    1.7790620748e-01
    5.8000000000e+04    1.3009085001e-01
    5.8100000000e+04    1.0974526784e-01
    5.8200000000e+04    1.1894050136e-01
    5.8300000000e+04    1.0069713207e-01
    5.8400000000e+04    1.0080650732e-01
    5.8500000000e+04    1.1842370649e-01
    5.8600000000e+04    1.1546882403e-01
    5.8700000000e+04    1.3505276726e-01
    5.8800000000e+04    1.2716402454e-01
    5.8900000000e+04    1.5594258817e-01
    5.9000000000e+04    1.3438909435e-01
    5.9100000000e+04    1.3288295409e-01
    5.9200000000e+04    1.0414346349e-01
    5.9300000000e+04    8.9692894703e-02
    5.9400000000e+04    9.2515151806e-02
    5.9500000000e+04    1.0540887197e-01
    5.9600000000e+04    1.0253215512e-01
    5.9700000000e+04    1.3920063355e-01
    5.9800000000e+04    1.7814361654e-01
    5.9900000000e+04    1.3814849615e-01
    6.0000000000e+04    1.1210080353e-01
    6.0100000000e+04    1.4142943134e-01
    6.0200000000e+04    1.1541561025e-01
    6.0300000000e+04    1.1581570435e-01
    6.0400000000e+04    1.1680956362e-01
    6.0500000000e+04    1.0912328053e-01
    6.0600000000e+04    1.1409795116e-01
    6.0700000000e+04    1.1241438194e-01
    6.0800000000e+04    9.5213820150e-02
    6.0900000000e+04    1.0807933211e-01
    6.1000000000e+04    1.6883262657e-01
    6.1100000000e+04    1.5382143984e-01
    6.1200000000e+04    1.3547643314e-01
    6.1300000000e+04    1.1472632194e-01
    6.1400000000e+04    1.3026816938e-01
    6.1500000000e+04    1.6704320155e-01
    6.1600000000e+04    1.2824082995e-01
    6.1700000000e+04    1.3564339681e-01
    6.1800000000e+04    1.2658617911e-01
    6.1900000000e+04    1.4880484195e-01
    6.2000000000e+04    1.2157524807e-01
    6.2100000000e+04    1.2522599075e-01
    6.2200000000e+04    1.1913118920e-01
    6.2300000000e+04    1.2333836010e-01
    6.2400000000e+04    1.1525762119e-01
    6.2500000000e+04    1.3610982230e-01
    6.2600000000e+04    1.3323998783e-01
    6.2700000000e+04    1.2717259519e-01
    6.2800000000e+04    1.1733946893e-01
    6.2900000000e+04    1.5142053608e-01
    6.3000000000e+04    1.1502705919e-01
    6.3100000000e+04    1.1333313946e-01
    6.3200000000e+04    1.7681190313e-01
    6.3300000000e+04    2.0811584921e-01
    6.3400000000e+04    1.8191255274e-01
    6.3500000000e+04    1.3170596627e-01
    6.3600000000e+04    1.4805243118e-01
    6.3700000000e+04    1.5961510362e-01
    6.3800000000e+04    1.4094889348e-01
    6.3900000000e+04    1.0410851953e-01
    6.4000000000e+04    9.9158567609e-02
    6.4100000000e+04    1.7153129964e-01
    6.4200000000e+04    1.5051506077e-01
    6.4300000000e+04    2.1466634618e-01
    6.4400000000e+04    1.9218171367e-01
    6.4500000000e+04    1.4704921368e-01
    6.4600000000e+04    1.0336591374e-01
    6.4700000000e+04    1.4001461871e-01
    6.4800000000e+04    9.9059975399e-02
    6.4900000000e+04    1.2278333123e-01
    6.5000000000e+04    1.0071462801e-01
    6.5100000000e+04    1.1728351316e-01
    6.5200000000e+04    1.1908397947e-01
    6.5300000000e+04    1.9196828740e-01
    6.5400000000e+04    1.2756151647e-01
    6.5500000000e+04    1.5052046786e-01
    6.5600000000e+04    1.1510226876e-01
    6.5700000000e+04    1.3304269021e-01
    6.5800000000e+04    1.1365612312e-01
    6.5900000000e+04    1.0608217855e-01
    6.6000000000e+04    1.0721035767e-01
    6.6100000000e+04    9.9032124803e-02
    6.6200000000e+04    7.9129371919e-02
    6.6300000000e+04    9.7339477578e-02
    6.6400000000e+04    1.1256490276e-01
    6.6500000000e+04    1.1490577846e-01
    6.6600000000e+04    1.0712321316e-01
    6.6700000000e+04    8.1730533028e-02
    6.6800000000e+04    9.0915680238e-02
    6.6900000000e+04    9.8382873717e-02
    6.7000000000e+04    1.4025456698e-01
    6.7100000000e+04    1.2852995987e-01
    6.7200000000e+04    1.4029798963e-01
    6.7300000000e+04    9.9987987396e-02
    6.7400000000e+04    1.2981171174e-01
    6.7500000000e+04    9.3791954983e-02
    6.7600000000e+04    1.2834841325e-01
    6.7700000000e+04    1.0417791099e-01
    6.7800000000e+04    1.1022684193e-01
    6.7900000000e+04    1.4391886458e-01
    6.8000000000e+04    1.0513551493e-01
    6.8100000000e+04    8.6814456534e-02
    6.8200000000e+04    1.1586828389e-01
    6.8300000000e+04    1.3770185235e-01
    6.8400000000e+04    1.1001640779e-01
    6.8500000000e+04    1.1225040819e-01
    6.8600000000e+04    1.6819060635e-01
    6.8700000000e+04    1.2971393152e-01
    6.8800000000e+04    1.5625373007e-01
    6.8900000000e+04    9.5676113141e-02
    6.9000000000e+04    9.9822625864e-02
    6.9100000000e+04    1.0217237438e-01
    6.9200000000e+04    1.4661190782e-01
    6.9300000000e+04    1.5428386335e-01
    6.9400000000e+04    1.4771911027e-01
    6.9500000000e+04    1.8139156496e-01
    6.9600000000e+04    1.9435148886e-01
    6.9700000000e+04    1.4296189332e-01
    6.9800000000e+04    1.1211282102e-01
    6.9900000000e+04    1.1991466326e-01
    7.0000000000e+04    9.2391665872e-02
    7.0100000000e+04    1.0557478187e-01
    7.0200000000e+04    1.1400764079e-01
    7.0300000000e+04    1.0503759935e-01
    7.0400000000e+04    8.7281980338e-02
    7.0500000000e+04    9.9242384585e-02
    7.0600000000e+04    1.3480041747e-01
    7.0700000000e+04    1.7955078371e-01
    7.0800000000e+04    1.7864750616e-01
    7.0900000000e+04    1.2033787934e-01
    7.1000000000e+04    1.0986785447e-01
    7.1100000000e+04    1.2163994913e-01
    7.1200000000e+04    1.0492401499e-01
    7.1300000000e+04    1.1567221072e-01
    7.1400000000e+04    1.1966339203e-01
    7.1500000000e+04    8.8319096360e-02
    7.1600000000e+04    1.2649330681e-01
    7.1700000000e+04    1.2044204210e-01
    7.1800000000e+04    1.5044857686e-01
    7.1900000000e+04    1.6621647465e-01
    7.2000000000e+04    1.0388645505e-01
    7.2100000000e+04    1.1970050516e-01
    7.2200000000e+04    1.3087492225e-01
    7.2300000000e+04    1.4142172727e-01
    7.2400000000e+04    1.5135643443e-01
    7.2500000000e+04    1.2045079881e-01
    7.2600000000e+04    1.1230619593e-01
    7.2700000000e+04    1.2231976657e-01
    7.2800000000e+04    1.3318591014e-01
    7.2900000000e+04    1.1111036412e-01
    7.3000000000e+04    9.3836276601e-02
    7.3100000000e+04    1.4950029893e-01
    7.3200000000e+04    2.2284449991e-01
    7.3300000000e+04    1.2791849972e-01
    7.3400000000e+04    1.1883059402e-01
    7.3500000000e+04    9.3162863077e-02
    7.3600000000e+04    9.6093877080e-02
    7.3700000000e+04    1.1100462423e-01
    7.3800000000e+04    1.4187501616e-01
    7.3900000000e+04    1.5173775128e-01
    7.4000000000e+04    1.3726622014e-01
    7.4100000000e+04    9.7564260839e-02
    7.4200000000e+04    1.1067003458e-01
    7.4300000000e+04    1.0367469685e-01
    7.4400000000e+04    1.4504355850e-01
    7.4500000000e+04    2.0120753413e-01
    7.4600000000e+04    1.2032907406e-01
    7.4700000000e+04    9.7612008970e-02
    7.4800000000e+04    9.7270728641e-02
    7.4900000000e+04    1.3275836473e-01
    7.5000000000e+04    1.5991010189e-01
    7.5100000000e+04    1.3507491568e-01
    7.5200000000e+04    1.1394587844e-01
    7.5300000000e+04    1.1333361303e-01
    7.5400000000e+04    1.1633183017e-01
    7.5500000000e+04    1.2000426473e-01
    7.5600000000e+04    1.7135083055e-01
    7.5700000000e+04    1.8284514810e-01
    7.5800000000e+04    1.3471373784e-01
    7.5900000000e+04    1.1817999146e-01
    7.6000000000e+04    1.2357916193e-01
    7.6100000000e+04    9.0179309455e-02
    7.6200000000e+04    8.1978691850e-02
    7.6300000000e+04    8.6972417930e-02
    7.6400000000e+04    1.1197061237e-01
    7.6500000000e+04    1.2469780386e-01
    7.6600000000e+04    1.5722465939e-01
    7.6700000000e+04    1.4023880310e-01
    7.6800000000e+04    1.8957581688e-01
    7.6900000000e+04    1.2594063556e-01
    7.7000000000e+04    1.7286433223e-01
    7.7100000000e+04    1.5092435445e-01
    7.7200000000e+04    1.0571788449e-01
    7.7300000000e+04    1.0331013505e-01
    7.7400000000e+04    1.0569407876e-01
    7.7500000000e+04    8.5011189855e-02
    7.7600000000e+04    1.1715704397e-01
    7.7700000000e+04    1.7119814060e-01
    7.7800000000e+04    1.5929254750e-01
    7.7900000000e+04    1.5624499991e-01
    7.8000000000e+04    1.2528120031e-01
    7.8100000000e+04    1.1691560072e-01
    7.8200000000e+04    9.8222023349e-02
    7.8300000000e+04    1.3901731129e-01
    7.8400000000e+04    1.5922844216e-01
    7.8500000000e+04    9.5539016032e-02
    7.8600000000e+04    1.1925691769e-01
    7.8700000000e+04    1.9953400293e-01
    7.8800000000e+04    1.1705020454e-01
    7.8900000000e+04    1.1986427186e-01
    7.9000000000e+04    1.1740633911e-01
    7.9100000000e+04    1.1693674419e-01
    7.9200000000e+04    1.3898192561e-01
    7.9300000000e+04    9.2714531141e-02
    7.9400000000e+04    1.1244320103e-01
    7.9500000000e+04    1.0461315789e-01
    7.9600000000e+04    1.4806406738e-01
    7.9700000000e+04    1.1547056371e-01
    7.9800000000e+04    1.1700690801e-01
    7.9900000000e+04    1.1942603121e-01
    8.0000000000e+04    1.0250903766e-01
    8.0100000000e+04    1.0260136022e-01
    8.0200000000e+04    1.4505680849e-01
    8.0300000000e+04    1.0778663371e-01
    8.0400000000e+04    9.3197750029e-02
    8.0500000000e+04    9.6150496626e-02
    8.0600000000e+04    1.0463078501e-01
    8.0700000000e+04    9.4183300163e-02
    8.0800000000e+04    1.3302436761e-01
    8.0900000000e+04    1.1744270520e-01
    8.1000000000e+04    1.0864677847e-01
    8.1100000000e+04    1.0477835049e-01
    8.1200000000e+04    9.6800877416e-02
    8.1300000000e+04    1.1457078401e-01
    8.1400000000e+04    1.1723936611e-01
    8.1500000000e+04    1.0936253741e-01
    8.1600000000e+04    1.0245075410e-01
    8.1700000000e+04    1.0726251788e-01
    8.1800000000e+04    1.0417250175e-01
    8.1900000000e+04    1.0283560642e-01
    8.2000000000e+04    1.0591062717e-01
    8.2100000000e+04    9.3576042261e-02
    8.2200000000e+04    1.1585417444e-01
    8.2300000000e+04    1.3990409576e-01
    8.2400000000e+04    1.8010814801e-01
    8.2500000000e+04    1.0071718504e-01
    8.2600000000e+04    8.8938070430e-02
    8.2700000000e+04    1.1180441526e-01
    8.2800000000e+04    9.2885601468e-02
    8.2900000000e+04    1.1813935836e-01
    8.3000000000e+04    1.0582930485e-01
    8.3100000000e+04    1.2355618314e-01
    8.3200000000e+04    1.1499873053e-01
    8.3300000000e+04    9.6720169229e-02
    8.3400000000e+04    1.4288971643e-01
    8.3500000000e+04    1.4439993052e-01
    8.3600000000e+04    1.3892805081e-01
    8.3700000000e+04    1.3115892488e-01
    8.3800000000e+04    8.8926914492e-02
    8.3900000000e+04    1.2612236930e-01
    8.4000000000e+04    1.5231080943e-01
    8.4100000000e+04    1.1062755794e-01
    8.4200000000e+04    1.2644729964e-01
    8.4300000000e+04    1.0683162360e-01
    8.4400000000e+04    9.9489238179e-02
    8.4500000000e+04    8.8027809923e-02
    8.4600000000e+04    8.6203730067e-02
    8.4700000000e+04    7.7885142800e-02
    8.4800000000e+04    1.2001262830e-01
    8.4900000000e+04    1.6352389633e-01
    8.5000000000e+04    1.1061037729e-01
    8.5100000000e+04    1.1709166946e-01
    8.5200000000e+04    9.3389134543e-02
    8.5300000000e+04    1.4293958257e-01
    8.5400000000e+04    9.8065322325e-02
    8.5500000000e+04    1.5675519255e-01
    8.5600000000e+04    1.2691702455e-01
    8.5700000000e+04    1.3456344578e-01
    8.5800000000e+04    1.2266598063e-01
    8.5900000000e+04    1.1761802966e-01
    8.6000000000e+04    1.1647805294e-01
    8.6100000000e+04    1.0557936869e-01
    8.6200000000e+04    1.0034709535e-01
    8.6300000000e+04    9.6539248903e-02
    8.6400000000e+04    1.2365968415e-01
    8.6500000000e+04    1.3793459273e-01
    8.6600000000e+04    1.0726055820e-01
    8.6700000000e+04    9.9390960551e-02
    8.6800000000e+04    1.2363948715e-01
    8.6900000000e+04    1.3108615031e-01
    8.7000000000e+04    1.1794209376e-01
    8.7100000000e+04    1.5411993713e-01
    8.7200000000e+04    1.2834132340e-01
    8.7300000000e+04    1.1296428416e-01
    8.7400000000e+04    1.2373454093e-01
    8.7500000000e+04    9.8314038937e-02
    8.7600000000e+04    1.3152962586e-01
    8.7700000000e+04    1.8890012382e-01
    8.7800000000e+04    1.5449865460e-01
    8.7900000000e+04    1.2262215400e-01
    8.8000000000e+04    1.4513743842e-01
    8.8100000000e+04    1.3289780765e-01
    8.8200000000e+04    1.4766136953e-01
    8.8300000000e+04    1.5130539684e-01
    8.8400000000e+04    1.1424925765e-01
    8.8500000000e+04    1.1270782486e-01
    8.8600000000e+04    1.2560435487e-01
    8.8700000000e+04    1.2875737114e-01
    8.8800000000e+04    1.1072195209e-01
    8.8900000000e+04    1.0129126373e-01
    8.9000000000e+04    9.8896783552e-02
    8.9100000000e+04    1.1354834972e-01
    8.9200000000e+04    1.0353591938e-01
    8.9300000000e+04    9.7814712782e-02
    8.9400000000e+04    1.1556197708e-01
    8.9500000000e+04    1.6120237556e-01
    8.9600000000e+04    1.3223963274e-01
    8.9700000000e+04    1.7005934872e-01
    8.9800000000e+04    1.6230255303e-01
    8.9900000000e+04    1.0885280466e-01
    9.0000000000e+04    1.7036523733e-01
    9.0100000000e+04    1.2967272153e-01
    9.0200000000e+04    9.9186559783e-02
    9.0300000000e+04    1.5344424172e-01
    9.0400000000e+04    1.4582784234e-01
    9.0500000000e+04    1.2036227137e-01
    9.0600000000e+04    1.6466203799e-01
    9.0700000000e+04    1.2630480320e-01
    9.0800000000e+04    1.2229389624e-01
    9.0900000000e+04    1.4159937706e-01
    9.1000000000e+04    1.0100542452e-01
    9.1100000000e+04    1.1175230061e-01
    9.1200000000e+04    1.5049473172e-01
    9.1300000000e+04    2.0293689160e-01
    9.1400000000e+04    1.6010173344e-01
    9.1500000000e+04    1.6530994561e-01
    9.1600000000e+04    1.3777543567e-01
    9.1700000000e+04    1.1371539810e-01
    9.1800000000e+04    1.2214799552e-01
    9.1900000000e+04    1.0567790218e-01
    9.2000000000e+04    1.0677435362e-01
    9.2100000000e+04    1.3886732389e-01
    9.2200000000e+04    1.3624655020e-01
    9.2300000000e+04    1.6463232149e-01
    9.2400000000e+04    1.4550925784e-01
    9.2500000000e+04    1.2593123567e-01
    9.2600000000e+04    1.5269675551e-01
    9.2700000000e+04    1.2978138814e-01
    9.2800000000e+04    1.1346999541e-01
    9.2900000000e+04    1.3129324443e-01
    9.3000000000e+04    1.3143932680e-01
    9.3100000000e+04    1.2190824521e-01
    9.3200000000e+04    1.3383004603e-01
    9.3300000000e+04    1.1932294248e-01
    9.3400000000e+04    1.0453634027e-01
    9.3500000000e+04    9.8399349645e-02
    9.3600000000e+04    9.8643971362e-02
    9.3700000000e+04    1.1228680671e-01
    9.3800000000e+04    1.2715396519e-01
    9.3900000000e+04    1.4276045392e-01
    9.4000000000e+04    1.1982771023e-01
    9.4100000000e+04    1.4730920455e-01
    9.4200000000e+04    1.2565560719e-01
    9.4300000000e+04    1.5579099017e-01
    9.4400000000e+04    1.3359823820e-01
    9.4500000000e+04    1.4777672638e-01
    9.4600000000e+04    1.5508814972e-01
    9.4700000000e+04    1.1061955414e-01
    9.4800000000e+04    1.1305372276e-01
    9.4900000000e+04    1.1073925050e-01
    9.5000000000e+04    1.2553649710e-01
    9.5100000000e+04    1.1824484612e-01
    9.5200000000e+04    1.0308869562e-01
    9.5300000000e+04    1.1054842889e-01
    9.5400000000e+04    1.2935076582e-01
    9.5500000000e+04    9.8597090219e-02
    9.5600000000e+04    1.2427205366e-01
    9.5700000000e+04    9.8601966327e-02
    9.5800000000e+04    1.2502482762e-01
    9.5900000000e+04    1.0923328964e-01
    9.6000000000e+04    1.1070787161e-01
    9.6100000000e+04    1.2082231353e-01
    9.6200000000e+04    1.3364893984e-01
    9.6300000000e+04    1.2453071124e-01
    9.6400000000e+04    1.5011696473e-01
    9.6500000000e+04    1.2921821889e-01
    9.6600000000e+04    1.2033617093e-01
    9.6700000000e+04    1.0172236865e-01
    9.6800000000e+04    1.5422852780e-01
    9.6900000000e+04    1.0541478053e-01
    9.7000000000e+04    1.0559712810e-01
    9.7100000000e+04    1.0709122398e-01
    9.7200000000e+04    9.8934973104e-02
    9.7300000000e+04    1.4339858123e-01
    9.7400000000e+04    1.1333967084e-01
    9.7500000000e+04    1.2108664405e-01
    9.7600000000e+04    9.6093724380e-02
    9.7700000000e+04    1.1440673802e-01
    9.7800000000e+04    1.0762514360e-01
    9.7900000000e+04    1.2336543660e-01
    9.8000000000e+04    1.5111425562e-01
    9.8100000000e+04    1.0535414989e-01
    9.8200000000e+04    1.1043017176e-01
    9.8300000000e+04    1.0476111297e-01
    9.8400000000e+04    1.2124850041e-01
    9.8500000000e+04    1.5952091241e-01
    9.8600000000e+04    1.3931408173e-01
    9.8700000000e+04    1.6543098037e-01
    9.8800000000e+04    1.5242953516e-01
    9.8900000000e+04    1.3059649882e-01
    9.9000000000e+04    1.2491278040e-01
    9.9100000000e+04    1.0297893513e-01
    9.9200000000e+04    1.0976596234e-01
    9.9300000000e+04    1.3882065522e-01
    9.9400000000e+04    1.6321082396e-01
    9.9500000000e+04    1.2293687930e-01
    9.9600000000e+04    1.0332442793e-01
    9.9700000000e+04    1.2774498452e-01
    9.9800000000e+04    9.8508140720e-02
    9.9900000000e+04    1.0896494855e-01
    1.0000000000e+05    9.9360869269e-02
    1.0010000000e+05    1.0560722657e-01
    1.0020000000e+05    9.6501479646e-02
    1.0030000000e+05    1.1644632481e-01
    1.0040000000e+05    1.4066523662e-01
    1.0050000000e+05    1.0733756756e-01
    1.0060000000e+05    1.1977640127e-01
    1.0070000000e+05    1.2766116857e-01
    1.0080000000e+05    1.2236882608e-01
    1.0090000000e+05    9.4836514885e-02
    1.0100000000e+05    1.0885678598e-01
    1.0110000000e+05    1.1939797087e-01
    1.0120000000e+05    1.2487060346e-01
    1.0130000000e+05    1.1827121965e-01
    1.0140000000e+05    9.5613869542e-02
    1.0150000000e+05    1.1406877795e-01
    1.0160000000e+05    1.5098513979e-01
    1.0170000000e+05    1.0373124059e-01
    1.0180000000e+05    1.3843851515e-01
    1.0190000000e+05    1.7180204599e-01
    1.0200000000e+05    1.4403015527e-01
    1.0210000000e+05    1.3598291573e-01
    1.0220000000e+05    1.1918592890e-01
    1.0230000000e+05    1.1177642775e-01
    1.0240000000e+05    9.7254187114e-02
    1.0250000000e+05    9.2690731304e-02
    1.0260000000e+05    1.0940980569e-01
    1.0270000000e+05    1.4793069231e-01
    1.0280000000e+05    1.0541615628e-01
    1.0290000000e+05    1.2932463389e-01
    1.0300000000e+05    1.0212319406e-01
    1.0310000000e+05    1.2397078121e-01
    1.0320000000e+05    1.0631648443e-01
    1.0330000000e+05    1.2375809383e-01
    1.0340000000e+05    1.2508318613e-01
    1.0350000000e+05    1.2151266146e-01
    1.0360000000e+05    9.2456047155e-02
    1.0370000000e+05    8.7809188219e-02
    1.0380000000e+05    9.4556177232e-02
    1.0390000000e+05    1.1661533591e-01
    1.0400000000e+05    1.1421237052e-01
    1.0410000000e+05    1.3317521891e-01
    1.0420000000e+05    1.5316885647e-01
    1.0430000000e+05    1.5527914533e-01
    1.0440000000e+05    1.0810468642e-01
    1.0450000000e+05    1.2130790614e-01
    1.0460000000e+05    1.0101974985e-01
    1.0470000000e+05    1.1804167216e-01
    1.0480000000e+05    1.0061317942e-01
    1.0490000000e+05    1.2073076328e-01
    1.0500000000e+05    1.4918930343e-01
    1.0510000000e+05    1.1922456607e-01
    1.0520000000e+05    1.1248549850e-01
    1.0530000000e+05    1.2355876536e-01
    1.0540000000e+05    1.4576660779e-01
    1.0550000000e+05    1.0405816082e-01
    1.0560000000e+05    1.4007713556e-01
    1.0570000000e+05    1.2602245850e-01
    1.0580000000e+05    1.3274600280e-01
    1.0590000000e+05    2.2578594021e-01
    1.0600000000e+05    1.3645144413e-01
    1.0610000000e+05    1.2330977525e-01
    1.0620000000e+05    1.5798332452e-01
    1.0630000000e+05    1.1676953422e-01
    1.0640000000e+05    1.7426959754e-01
    1.0650000000e+05    1.2525481591e-01
    1.0660000000e+05    1.1475691723e-01
    1.0670000000e+05    1.0235849030e-01
    1.0680000000e+05    1.9686428322e-01
    1.0690000000e+05    1.4072171259e-01
    1.0700000000e+05    1.3272211079e-01
    1.0710000000e+05    1.8463174691e-01
    1.0720000000e+05    1.6605398669e-01
    1.0730000000e+05    1.1101326670e-01
    1.0740000000e+05    1.5083046139e-01
    1.0750000000e+05    1.2472872088e-01
    1.0760000000e+05    1.1070165800e-01
    1.0770000000e+05    1.1941501299e-01
    1.0780000000e+05    1.0687807568e-01
    1.0790000000e+05    1.0225821790e-01
    1.0800000000e+05    1.0360945466e-01
    1.0810000000e+05    1.2200911073e-01
    1.0820000000e+05    1.4026887504e-01
    1.0830000000e+05    1.1679899437e-01
    1.0840000000e+05    1.0584809763e-01
    1.0850000000e+05    1.0470364171e-01
    1.0860000000e+05    1.0335974170e-01
    1.0870000000e+05    1.1183777842e-01
    1.0880000000e+05    1.4767076685e-01
    1.0890000000e+05    1.5330316949e-01
    1.0900000000e+05    1.3968797421e-01
    1.0910000000e+05    1.6691471411e-01
    1.0920000000e+05    1.3727395201e-01
    1.0930000000e+05    1.1576444806e-01
    1.0940000000e+05    1.1843794459e-01
    1.0950000000e+05    1.0807478631e-01
    1.0960000000e+05    9.2157798460e-02
    1.0970000000e+05    9.4127270997e-02
    1.0980000000e+05    1.1632476247e-01
    1.0990000000e+05    1.3558815380e-01
    1.1000000000e+05    1.1696924304e-01
    1.1010000000e+05    1.5381686244e-01
    1.1020000000e+05    1.0506791999e-01
    1.1030000000e+05    1.5386667500e-01
    1.1040000000e+05    1.4560996527e-01
    1.1050000000e+05    1.2814955228e-01
    1.1060000000e+05    1.2700702325e-01
    1.1070000000e+05    1.4376692065e-01
    1.1080000000e+05    1.2343525099e-01
    1.1090000000e+05    1.3054067074e-01
    1.1100000000e+05    8.9569159403e-02
    1.1110000000e+05    1.0515622269e-01
    1.1120000000e+05    1.0359329798e-01
    1.1130000000e+05    9.6737799636e-02
    1.1140000000e+05    9.4908244133e-02
    1.1150000000e+05    1.1239577913e-01
    1.1160000000e+05    1.0297944192e-01
    1.1170000000e+05    1.0960642513e-01
    1.1180000000e+05    1.1738982386e-01
    1.1190000000e+05    1.1975486758e-01
    1.1200000000e+05    1.3354164576e-01
    1.1210000000e+05    1.1563606735e-01
    1.1220000000e+05    1.2093441350e-01
    1.1230000000e+05    1.2614534194e-01
    1.1240000000e+05    1.4548112372e-01
    1.1250000000e+05    1.2949248553e-01
    1.1260000000e+05    1.5584499424e-01
    1.1270000000e+05    1.4731516973e-01
    1.1280000000e+05    1.0937834769e-01
    1.1290000000e+05    1.3426112952e-01
    1.1300000000e+05    1.4595345021e-01
    1.1310000000e+05    1.3628817367e-01
    1.1320000000e+05    1.6153722784e-01
    1.1330000000e+05    1.3801526435e-01
    1.1340000000e+05    1.2107773858e-01
    1.1350000000e+05    1.0539964317e-01
    1.1360000000e+05    1.0857027342e-01
    1.1370000000e+05    1.4837268817e-01
    1.1380000000e+05    1.2700813787e-01
    1.1390000000e+05    1.3570188376e-01
    1.1400000000e+05    1.1176656499e-01
    1.1410000000e+05    1.0273743374e-01
    1.1420000000e+05    1.0900627331e-01
    1.1430000000e+05    9.9637061492e-02
    1.1440000000e+05    1.0659484201e-01
    1.1450000000e+05    1.0830399022e-01
    1.1460000000e+05    1.6477350669e-01
    1.1470000000e+05    1.1197210477e-01
    1.1480000000e+05    1.3392237041e-01
    1.1490000000e+05    1.4271990827e-01
    1.1500000000e+05    9.5716053143e-02
    1.1510000000e+05    9.3010715431e-02
    1.1520000000e+05    1.0499920661e-01
    1.1530000000e+05    1.3365625498e-01
    1.1540000000e+05    1.4043602365e-01
    1.1550000000e+05    1.3765185587e-01
    1.1560000000e+05    1.5777464453e-01
    1.1570000000e+05    1.5009610730e-01
    1.1580000000e+05    1.1242642604e-01
    1.1590000000e+05    1.2812951492e-01
    1.1600000000e+05    1.2106896998e-01
    1.1610000000e+05    1.4674089714e-01
    1.1620000000e+05    1.7335936396e-01
    1.1630000000e+05    1.3000972428e-01
    1.1640000000e+05    1.0406680663e-01
    1.1650000000e+05    1.0997159294e-01
    1.1660000000e+05    1.2093313906e-01
    1.1670000000e+05    1.0121788867e-01
    1.1680000000e+05    1.0228350228e-01
    1.1690000000e+05    1.4786392576e-01
    1.1700000000e+05    1.9292268193e-01
    1.1710000000e+05    1.5628390774e-01
    1.1720000000e+05    1.3823336021e-01
    1.1730000000e+05    9.0277616769e-02
    1.1740000000e+05    7.7713812370e-02
    1.1750000000e+05    1.1335640365e-01
    1.1760000000e+05    1.2185865497e-01
    1.1770000000e+05    1.4176367351e-01
    1.1780000000e+05    1.2379810871e-01
    1.1790000000e+05    1.2197873088e-01
    1.1800000000e+05    1.2895714862e-01
    1.1810000000e+05    1.2114013748e-01
    1.1820000000e+05    1.1657797133e-01
    1.1830000000e+05    1.0738472648e-01
    1.1840000000e+05    1.2291679375e-01
    1.1850000000e+05    1.0647863149e-01
    1.1860000000e+05    1.0697379784e-01
    1.1870000000e+05    1.4120070522e-01
    1.1880000000e+05    1.1907583921e-01
    1.1890000000e+05    1.0543391214e-01
    1.1900000000e+05    1.0263408535e-01
    1.1910000000e+05    1.3060384419e-01
    1.1920000000e+05    1.1604861836e-01
    1.1930000000e+05    1.0790706726e-01
    1.1940000000e+05    1.1686166776e-01
    1.1950000000e+05    1.2229680618e-01
    1.1960000000e+05    1.1978751178e-01
    1.1970000000e+05    1.4064005919e-01
    1.1980000000e+05    1.1288556644e-01
    1.1990000000e+05    1.1919624160e-01
    1.2000000000e+05    9.2849322078e-02
    1.2010000000e+05    1.2389349318e-01
    1.2020000000e+05    1.0901365130e-01
    1.2030000000e+05    1.3004092632e-01
    1.2040000000e+05    1.2811533436e-01
    1.2050000000e+05    1.5749532675e-01
    1.2060000000e+05    1.0855503467e-01
    1.2070000000e+05    1.5703129995e-01
    1.2080000000e+05    1.2133984148e-01
    1.2090000000e+05    1.3740749159e-01
    1.2100000000e+05    1.4673332548e-01
    1.2110000000e+05    1.4465379656e-01
    1.2120000000e+05    1.4080641694e-01
    1.2130000000e+05    1.4624108255e-01
    1.2140000000e+05    1.5076119934e-01
    1.2150000000e+05    1.0142441702e-01
    1.2160000000e+05    1.1440200579e-01
    1.2170000000e+05    8.9630863356e-02
    1.2180000000e+05    1.2089755920e-01
    1.2190000000e+05    1.4439704702e-01
    1.2200000000e+05    1.0317674234e-01
    1.2210000000e+05    1.2990631344e-01
    1.2220000000e+05    1.2285868497e-01
    1.2230000000e+05    1.0818840736e-01
    1.2240000000e+05    1.1522707933e-01
    1.2250000000e+05    1.1743975639e-01
    1.2260000000e+05    1.3464758930e-01
    1.2270000000e+05    1.5608325800e-01
    1.2280000000e+05    1.4046807654e-01
    1.2290000000e+05    1.3533782789e-01
    1.2300000000e+05    1.1569720778e-01
    1.2310000000e+05    1.0876713980e-01
    1.2320000000e+05    1.1914883429e-01
    1.2330000000e+05    1.1847703870e-01
    1.2340000000e+05    8.5406532955e-02
    1.2350000000e+05    9.8971004097e-02
    1.2360000000e+05    1.2427232412e-01
    1.2370000000e+05    1.0255679525e-01
    1.2380000000e+05    1.0279235891e-01
    1.2390000000e+05    1.1608458617e-01
    1.2400000000e+05    1.4504471696e-01
    1.2410000000e+05    1.2174557681e-01
    1.2420000000e+05    1.0986475663e-01
    1.2430000000e+05    8.7985688726e-02
    1.2440000000e+05    9.3404440216e-02
    1.2450000000e+05    9.8195384479e-02
    1.2460000000e+05    9.9123860152e-02
    1.2470000000e+05    1.1892698722e-01
    1.2480000000e+05    1.3220487541e-01
    1.2490000000e+05    1.6911512978e-01
    1.2500000000e+05    1.3510342970e-01
    1.2510000000e+05    1.1425922036e-01
    1.2520000000e+05    1.2570176161e-01
    1.2530000000e+05    1.2101802222e-01
    1.2540000000e+05    8.6681805709e-02
    1.2550000000e+05    1.1088278793e-01
    1.2560000000e+05    1.0220744546e-01
    1.2570000000e+05    9.8324391581e-02
    1.2580000000e+05    1.7513791943e-01
    1.2590000000e+05    1.0579391943e-01
    1.2600000000e+05    9.4174624811e-02
    1.2610000000e+05    9.7025506708e-02
    1.2620000000e+05    9.4101662733e-02
    1.2630000000e+05    1.2166478701e-01
    1.2640000000e+05    9.3998069398e-02
    1.2650000000e+05    1.3151062377e-01
    1.2660000000e+05    1.2046697196e-01
    1.2670000000e+05    1.2715865336e-01
    1.2680000000e+05    1.3390492451e-01
    1.2690000000e+05    1.2642734290e-01
    1.2700000000e+05    1.3481841946e-01
    1.2710000000e+05    1.0796390834e-01
    1.2720000000e+05    1.3504751102e-01
    1.2730000000e+05    1.2042751250e-01
    1.2740000000e+05    1.5326556892e-01
    1.2750000000e+05    1.4197058612e-01
    1.2760000000e+05    1.2001610274e-01
    1.2770000000e+05    1.2057646654e-01
    1.2780000000e+05    1.2617816573e-01
    1.2790000000e+05    1.3333816397e-01
    1.2800000000e+05    1.7639261991e-01
    1.2810000000e+05    1.7171213503e-01
    1.2820000000e+05    1.3650168649e-01
    1.2830000000e+05    1.2027416514e-01
    1.2840000000e+05    1.1199815271e-01
    1.2850000000e+05    1.1502009325e-01
    1.2860000000e+05    1.4010002211e-01
    1.2870000000e+05    1.5853697815e-01
    1.2880000000e+05    1.3963396068e-01
    1.2890000000e+05    1.1392740297e-01
    1.2900000000e+05    1.2272591592e-01
    1.2910000000e+05    1.2453203542e-01
    1.2920000000e+05    1.0994207418e-01
    1.2930000000e+05    9.5296550964e-02
    1.2940000000e+05    8.6390409195e-02
    1.2950000000e+05    1.6835464177e-01
    1.2960000000e+05    1.7930345372e-01
    1.2970000000e+05    1.4130997430e-01
    1.2980000000e+05    1.0977109651e-01
    1.2990000000e+05    1.2199949505e-01
    1.3000000000e+05    1.0549278930e-01
    1.3010000000e+05    1.0955404664e-01
    1.3020000000e+05    1.1700771389e-01
    1.3030000000e+05    1.1742524821e-01
    1.3040000000e+05    1.1045010976e-01
    1.3050000000e+05    1.1235833851e-01
    1.3060000000e+05    1.1156889174e-01
    1.3070000000e+05    1.2034538032e-01
    1.3080000000e+05    1.4513462428e-01
    1.3090000000e+05    9.3575327280e-02
    1.3100000000e+05    1.0524606159e-01
    1.3110000000e+05    1.1640209718e-01
    1.3120000000e+05    1.1891074537e-01
    1.3130000000e+05    9.9737318047e-02
    1.3140000000e+05    1.0696482057e-01
    1.3150000000e+05    1.1934342583e-01
    1.3160000000e+05    1.1497853314e-01
    1.3170000000e+05    1.0848008240e-01
    1.3180000000e+05    1.2643502871e-01
    1.3190000000e+05    1.0676762550e-01
    1.3200000000e+05    1.1781621274e-01
    1.3210000000e+05    1.4133715694e-01
    1.3220000000e+05    1.6085238748e-01
    1.3230000000e+05    1.2096364030e-01
    1.3240000000e+05    1.0463249076e-01
    1.3250000000e+05    9.6237343572e-02
    1.3260000000e+05    1.5533580764e-01
    1.3270000000e+05    1.0336445189e-01
    1.3280000000e+05    1.2785590154e-01
    1.3290000000e+05    1.1221306098e-01
    1.3300000000e+05    1.5444028806e-01
    1.3310000000e+05    1.2708234728e-01
    1.3320000000e+05    1.2923549510e-01
    1.3330000000e+05    1.0292522168e-01
    1.3340000000e+05    9.7590510671e-02
    1.3350000000e+05    1.2146042759e-01
    1.3360000000e+05    1.0636409231e-01
    1.3370000000e+05    9.3315391624e-02
    1.3380000000e+05    1.1105996034e-01
    1.3390000000e+05    1.1106457604e-01
    1.3400000000e+05    1.2052976993e-01
    1.3410000000e+05    1.4270582300e-01
    1.3420000000e+05    9.8352558610e-02
    1.3430000000e+05    1.6890665957e-01
    1.3440000000e+05    1.4360237166e-01
    1.3450000000e+05    1.0490203972e-01
    1.3460000000e+05    1.4422789140e-01
    1.3470000000e+05    9.5969714092e-02
    1.3480000000e+05    9.7718927069e-02
    1.3490000000e+05    1.0204139484e-01
    1.3500000000e+05    7.6220984491e-02
    1.3510000000e+05    1.0915437324e-01
    1.3520000000e+05    1.3457494928e-01
    1.3530000000e+05    1.1099252093e-01
    1.3540000000e+05    1.0002159408e-01
    1.3550000000e+05    1.3160906102e-01
    1.3560000000e+05    8.9266233810e-02
    1.3570000000e+05    9.0546985013e-02
    1.3580000000e+05    1.0881754339e-01
    1.3590000000e+05    1.3542350789e-01
    1.3600000000e+05    1.8337358118e-01
    1.3610000000e+05    1.1275281259e-01
    1.3620000000e+05    1.3824344837e-01
    1.3630000000e+05    8.7253589516e-02
    1.3640000000e+05    1.0748601921e-01
    1.3650000000e+05    1.0963461639e-01
    1.3660000000e+05    1.1793387573e-01
    1.3670000000e+05    1.1083136848e-01
    1.3680000000e+05    1.2411513572e-01
    1.3690000000e+05    1.3874489087e-01
    1.3700000000e+05    1.1541862574e-01
    1.3710000000e+05    1.2454766270e-01
    1.3720000000e+05    1.2395790765e-01
    1.3730000000e+05    1.2850527329e-01
    1.3740000000e+05    1.1769828827e-01
    1.3750000000e+05    1.3908690125e-01
    1.3760000000e+05    1.2951705844e-01
    1.3770000000e+05    1.4834988053e-01
    1.3780000000e+05    1.2278884465e-01
    1.3790000000e+05    1.0051230918e-01
    1.3800000000e+05    1.1286136133e-01
    1.3810000000e+05    1.0682556131e-01
    1.3820000000e+05    1.0661269590e-01
    1.3830000000e+05    1.2493504507e-01
    1.3840000000e+05    1.1660265286e-01
    1.3850000000e+05    1.3850416867e-01
    1.3860000000e+05    1.1988027534e-01
    1.3870000000e+05    1.4607326074e-01
    1.3880000000e+05    1.0865025848e-01
    1.3890000000e+05    1.3673965311e-01
    1.3900000000e+05    9.6927760831e-02
    1.3910000000e+05    9.5783949256e-02
    1.3920000000e+05    7.9702904616e-02
    1.3930000000e+05    8.8742959335e-02
    1.3940000000e+05    1.0614692282e-01
    1.3950000000e+05    1.1541269195e-01
    1.3960000000e+05    1.3790633106e-01
    1.3970000000e+05    1.1336990959e-01
    1.3980000000e+05    1.0223196935e-01
    1.3990000000e+05    9.4956754687e-02
    1.4000000000e+05    1.3076452956e-01
    1.4010000000e+05    9.9229523420e-02
    1.4020000000e+05    1.1978142941e-01
    1.4030000000e+05    8.1149944949e-02
    1.4040000000e+05    1.4477443997e-01
    1.4050000000e+05    1.1731265548e-01
    1.4060000000e+05    1.6761815547e-01
    1.4070000000e+05    1.2009586834e-01
    1.4080000000e+05    1.1779586771e-01
    1.4090000000e+05    9.9914172285e-02
    1.4100000000e+05    1.3683052841e-01
    1.4110000000e+05    1.2264638963e-01
    1.4120000000e+05    1.2814233260e-01
    1.4130000000e+05    1.3411222399e-01
    1.4140000000e+05    1.3174218982e-01
    1.4150000000e+05    1.1779625517e-01
    1.4160000000e+05    1.0005284083e-01
    1.4170000000e+05    9.8429976965e-02
    1.4180000000e+05    9.3932221237e-02
    1.4190000000e+05    1.4342310865e-01
    1.4200000000e+05    9.8633450430e-02
    1.4210000000e+05    1.2396260335e-01
    1.4220000000e+05    1.2172625921e-01
    1.4230000000e+05    1.1445760199e-01
    1.4240000000e+05    1.2410850952e-01
    1.4250000000e+05    1.8333439468e-01
    1.4260000000e+05    1.2384316674e-01
    1.4270000000e+05    1.5267276478e-01
    1.4280000000e+05    1.1432642707e-01
    1.4290000000e+05    1.1662165981e-01
    1.4300000000e+05    1.2800301442e-01
    1.4310000000e+05    8.3343098292e-02
    1.4320000000e+05    1.0932352871e-01
    1.4330000000e+05    1.0557411993e-01
    1.4340000000e+05    9.8703219117e-02
    1.4350000000e+05    7.5261195402e-02
    1.4360000000e+05    9.2877970898e-02
    1.4370000000e+05    9.6701949284e-02
    1.4380000000e+05    1.5267113070e-01
    1.4390000000e+05    1.3002714299e-01
    1.4400000000e+05    9.6469566304e-02
    1.4410000000e+05    1.1259650691e-01
    1.4420000000e+05    1.1332739810e-01
    1.4430000000e+05    9.4033741925e-02
    1.4440000000e+05    1.1451305939e-01
    1.4450000000e+05    1.1049231864e-01
    1.4460000000e+05    1.0198611592e-01
    1.4470000000e+05    1.2154444574e-01
    1.4480000000e+05    1.5853055324e-01
    1.4490000000e+05    1.2334882479e-01
    1.4500000000e+05    1.2466060764e-01
    1.4510000000e+05    1.1680356397e-01
    1.4520000000e+05    9.5981263655e-02
    1.4530000000e+05    1.8627959023e-01
    1.4540000000e+05    1.4964107442e-01
    1.4550000000e+05    9.5663810965e-02
    1.4560000000e+05    1.0330032265e-01
    1.4570000000e+05    2.1001014241e-01
    1.4580000000e+05    1.0004781982e-01
    1.4590000000e+05    1.2156860748e-01
    1.4600000000e+05    1.1731484556e-01
    1.4610000000e+05    1.2001853640e-01
    1.4620000000e+05    1.1233997537e-01
    1.4630000000e+05    9.7304451874e-02
    1.4640000000e+05    1.4792398639e-01
    1.4650000000e+05    1.0869068766e-01
    1.4660000000e+05    1.1574021741e-01
    1.4670000000e+05    1.1844365503e-01
    1.4680000000e+05    8.8826884652e-02
    1.4690000000e+05    1.0092916327e-01
    1.4700000000e+05    9.1468441896e-02
    1.4710000000e+05    1.8474903794e-01
    1.4720000000e+05    1.2713659614e-01
    1.4730000000e+05    1.0854851057e-01
    1.4740000000e+05    8.4709997661e-02
    1.4750000000e+05    9.3863177223e-02
    1.4760000000e+05    1.2646003176e-01
    1.4770000000e+05    1.1286557252e-01
    1.4780000000e+05    1.2311878197e-01
    1.4790000000e+05    1.3155722562e-01
    1.4800000000e+05    1.2436175843e-01
    1.4810000000e+05    9.7437426688e-02
    1.4820000000e+05    1.0100972226e-01
    1.4830000000e+05    1.0252203794e-01
    1.4840000000e+05    1.7986791561e-01
    1.4850000000e+05    9.3465008355e-02
    1.4860000000e+05    1.8164287005e-01
    1.4870000000e+05    2.0204226650e-01
    1.4880000000e+05    1.1212374576e-01
    1.4890000000e+05    1.0660987020e-01
    1.4900000000e+05    1.0281659960e-01
    1.4910000000e+05    9.4588939573e-02
    1.4920000000e+05    9.3343124197e-02
    1.4930000000e+05    1.0734703798e-01
    1.4940000000e+05    1.3160829017e-01
    1.4950000000e+05    1.2266735733e-01
    1.4960000000e+05    1.1102974479e-01
    1.4970000000e+05    1.2926482241e-01
    1.4980000000e+05    1.1630047845e-01
    1.4990000000e+05    1.1986557007e-01
    1.5000000000e+05    9.0713332251e-02
    1.5010000000e+05    9.7093620540e-02
    1.5020000000e+05    2.1583352028e-01
    1.5030000000e+05    1.5221438649e-01
    1.5040000000e+05    1.6722062883e-01
    1.5050000000e+05    1.4935933769e-01
    1.5060000000e+05    1.1923869108e-01
    1.5070000000e+05    1.6642354115e-01
    1.5080000000e+05    1.4348957690e-01
    1.5090000000e+05    1.4198348263e-01
    1.5100000000e+05    9.3042221613e-02
    1.5110000000e+05    1.4256290884e-01
    1.5120000000e+05    1.5282070084e-01
    1.5130000000e+05    1.2083063741e-01
    1.5140000000e+05    1.1566727869e-01
    1.5150000000e+05    1.1840978424e-01
    1.5160000000e+05    1.3714108097e-01
    1.5170000000e+05    9.6693678613e-02
    1.5180000000e+05    1.0362665064e-01
    1.5190000000e+05    1.3448467484e-01
    1.5200000000e+05    1.6525351242e-01
    1.5210000000e+05    1.2747932754e-01
    1.5220000000e+05    2.3740953984e-01
    1.5230000000e+05    1.0503981197e-01
    1.5240000000e+05    1.1504652154e-01
    1.5250000000e+05    1.3152977446e-01
    1.5260000000e+05    1.1399939528e-01
    1.5270000000e+05    1.2218260673e-01
    1.5280000000e+05    1.5389270251e-01
    1.5290000000e+05    1.3637426684e-01
    1.5300000000e+05    1.2486327581e-01
    1.5310000000e+05    9.2909707607e-02
    1.5320000000e+05    8.3642437592e-02
    1.5330000000e+05    8.3404607575e-02
    1.5340000000e+05    1.0417568329e-01
    1.5350000000e+05    1.2145831451e-01
    1.5360000000e+05    1.2755430728e-01
    1.5370000000e+05    1.4756754267e-01
    1.5380000000e+05    1.2925193187e-01
    1.5390000000e+05    1.0708799791e-01
    1.5400000000e+05    1.4464605588e-01
    1.5410000000e+05    1.3419385081e-01
    1.5420000000e+05    1.2259795192e-01
    1.5430000000e+05    1.3634119033e-01
    1.5440000000e+05    1.1641452425e-01
    1.5450000000e+05    1.0496178263e-01
    1.5460000000e+05    1.0564935262e-01
    1.5470000000e+05    1.0425402176e-01
    1.5480000000e+05    1.0231395760e-01
    1.5490000000e+05    1.2626790700e-01
    1.5500000000e+05    1.1835512676e-01
    1.5510000000e+05    1.0582362014e-01
    1.5520000000e+05    1.1795551516e-01
    1.5530000000e+05    1.2041934588e-01
    1.5540000000e+05    1.1025199247e-01
    1.5550000000e+05    1.2458219730e-01
    1.5560000000e+05    1.3095183817e-01
    1.5570000000e+05    1.3364820801e-01
    1.5580000000e+05    1.1172514632e-01
    1.5590000000e+05    1.4076478540e-01
    1.5600000000e+05    1.3249785607e-01
    1.5610000000e+05    1.4803873032e-01
    1.5620000000e+05    1.2539479910e-01
    1.5630000000e+05    1.5125993929e-01
    1.5640000000e+05    1.3697791954e-01
    1.5650000000e+05    1.2143989402e-01
    1.5660000000e+05    1.0322196537e-01
    1.5670000000e+05    1.3617514451e-01
    1.5680000000e+05    1.3262161120e-01
    1.5690000000e+05    1.5162183346e-01
    1.5700000000e+05    9.4663774024e-02
    1.5710000000e+05    1.2461668523e-01
    1.5720000000e+05    1.1169905569e-01
    1.5730000000e+05    1.2374782123e-01
    1.5740000000e+05    1.5820413688e-01
    1.5750000000e+05    1.1751418121e-01
    1.5760000000e+05    1.0741090542e-01
    1.5770000000e+05    1.6364958943e-01
    1.5780000000e+05    1.3287565406e-01
    1.5790000000e+05    1.0974487725e-01
    1.5800000000e+05    1.3051013723e-01
    1.5810000000e+05    1.2637015237e-01
    1.5820000000e+05    1.2375277396e-01
    1.5830000000e+05    1.3921064879e-01
    1.5840000000e+05    8.6226999196e-02
    1.5850000000e+05    1.0170750658e-01
    1.5860000000e+05    8.9152496277e-02
    1.5870000000e+05    6.9980549733e-02
    1.5880000000e+05    1.1520954495e-01
    1.5890000000e+05    1.4290785441e-01
    1.5900000000e+05    1.8000939550e-01
    1.5910000000e+05    1.6942297404e-01
    1.5920000000e+05    9.5714589190e-02
    1.5930000000e+05    9.7783805241e-02
    1.5940000000e+05    1.0670783799e-01
    1.5950000000e+05    1.2056081620e-01
    1.5960000000e+05    1.0047855759e-01
    1.5970000000e+05    1.1944198655e-01
    1.5980000000e+05    1.7812673490e-01
    1.5990000000e+05    1.8816623926e-01
    1.6000000000e+05    1.6807990200e-01
    1.6010000000e+05    1.0728037831e-01
    1.6020000000e+05    1.0619071361e-01
    1.6030000000e+05    1.1865111815e-01
    1.6040000000e+05    9.4875284477e-02
    1.6050000000e+05    8.9216186086e-02
    1.6060000000e+05    1.3778024210e-01
    1.6070000000e+05    1.3227684495e-01
    1.6080000000e+05    1.5578605584e-01
    1.6090000000e+05    2.2348393787e-01
    1.6100000000e+05    1.7321432145e-01
    1.6110000000e+05    1.0060765451e-01
    1.6120000000e+05    1.1314202750e-01
    1.6130000000e+05    1.0861499699e-01
    1.6140000000e+05    1.1887181264e-01
    1.6150000000e+05    1.5921024459e-01
    1.6160000000e+05    1.5625503927e-01
    1.6170000000e+05    1.4985908546e-01
    1.6180000000e+05    1.3918544875e-01
    1.6190000000e+05    1.0993651335e-01
    1.6200000000e+05    1.0700338564e-01
    1.6210000000e+05    1.0541745081e-01
    1.6220000000e+05    1.0111893881e-01
    1.6230000000e+05    1.2042078251e-01
    1.6240000000e+05    9.5967849433e-02
    1.6250000000e+05    9.9618786231e-02
    1.6260000000e+05    9.1304919616e-02
    1.6270000000e+05    1.9794132984e-01
    1.6280000000e+05    1.0223731722e-01
    1.6290000000e+05    9.9297339558e-02
    1.6300000000e+05    1.4738801936e-01
    1.6310000000e+05    1.2376802558e-01
    1.6320000000e+05    9.5003836976e-02
    1.6330000000e+05    1.0314831852e-01
    1.6340000000e+05    1.1620012050e-01
    1.6350000000e+05    1.2385579712e-01
    1.6360000000e+05    1.0834842370e-01
    1.6370000000e+05    1.3154858528e-01
    1.6380000000e+05    1.2361206698e-01
    1.6390000000e+05    1.2732004748e-01
    1.6400000000e+05    1.1596551673e-01
    1.6410000000e+05    9.3697574809e-02
    1.6420000000e+05    9.1842622012e-02
    1.6430000000e+05    9.9450153006e-02
    1.6440000000e+05    9.6521601903e-02
    1.6450000000e+05    1.3261411898e-01
    1.6460000000e+05    1.0208137569e-01
    1.6470000000e+05    1.0455464708e-01
    1.6480000000e+05    1.2485806770e-01
    1.6490000000e+05    1.1863401232e-01
    1.6500000000e+05    1.0822164843e-01
    1.6510000000e+05    1.0640300745e-01
    1.6520000000e+05    9.7022550815e-02
    1.6530000000e+05    1.0549921655e-01
    1.6540000000e+05    9.5270234082e-02
    1.6550000000e+05    1.2425873277e-01
    1.6560000000e+05    1.2032606649e-01
    1.6570000000e+05    1.0939151137e-01
    1.6580000000e+05    1.2869905311e-01
    1.6590000000e+05    8.4334138714e-02
    1.6600000000e+05    1.2184472210e-01
    1.6610000000e+05    1.1137899316e-01
    1.6620000000e+05    1.3251873979e-01
    1.6630000000e+05    1.0472509127e-01
    1.6640000000e+05    1.1516679587e-01
    1.6650000000e+05    1.2312693382e-01
    1.6660000000e+05    8.8878201361e-02
    1.6670000000e+05    1.3863870647e-01
    1.6680000000e+05    1.4203458251e-01
    1.6690000000e+05    1.1415694302e-01
    1.6700000000e+05    1.1665962237e-01
    1.6710000000e+05    1.3008673388e-01
    1.6720000000e+05    1.1350795203e-01
    1.6730000000e+05    1.0476804832e-01
    1.6740000000e+05    1.0402414226e-01
    1.6750000000e+05    1.1822542514e-01
    1.6760000000e+05    9.7721541910e-02
    1.6770000000e+05    1.0029096263e-01
    1.6780000000e+05    1.0051595339e-01
    1.6790000000e+05    8.8141678493e-02
    1.6800000000e+05    1.0747356372e-01
    1.6810000000e+05    1.4479170713e-01
    1.6820000000e+05    1.4025003504e-01
    1.6830000000e+05    1.5276012195e-01
    1.6840000000e+05    1.1985546526e-01
    1.6850000000e+05    1.1318380454e-01
    1.6860000000e+05    9.1238203410e-02
    1.6870000000e+05    1.0820611136e-01
    1.6880000000e+05    1.4766306004e-01
    1.6890000000e+05    1.1573364470e-01
    1.6900000000e+05    1.0196735637e-01
    1.6910000000e+05    9.0781721790e-02
    1.6920000000e+05    1.1228250035e-01
    1.6930000000e+05    1.1155219023e-01
    1.6940000000e+05    8.6523712778e-02
    1.6950000000e+05    8.8068746568e-02
    1.6960000000e+05    1.1533797719e-01
    1.6970000000e+05    1.1168848151e-01
    1.6980000000e+05    1.4897293104e-01
    1.6990000000e+05    1.5869753174e-01
    1.7000000000e+05    1.0488542265e-01
    1.7010000000e+05    1.2136893648e-01
    1.7020000000e+05    1.0593838605e-01
    1.7030000000e+05    1.3324955797e-01
    1.7040000000e+05    1.5911855206e-01
    1.7050000000e+05    1.1361441235e-01
    1.7060000000e+05    1.3749988862e-01
    1.7070000000e+05    1.1861916444e-01
    1.7080000000e+05    1.1235215079e-01
    1.7090000000e+05    1.0252852456e-01
    1.7100000000e+05    9.3328391836e-02
    1.7110000000e+05    1.0492274738e-01
    1.7120000000e+05    1.5596740921e-01
    1.7130000000e+05    1.0817028363e-01
    1.7140000000e+05    1.1961301411e-01
    1.7150000000e+05    1.2078896051e-01
    1.7160000000e+05    1.0567730880e-01
    1.7170000000e+05    7.9415172375e-02
    1.7180000000e+05    1.3360947700e-01
    1.7190000000e+05    1.6655044566e-01
    1.7200000000e+05    1.7105957473e-01
    1.7210000000e+05    1.6433504616e-01
    1.7220000000e+05    1.2098690103e-01
    1.7230000000e+05    1.1784590737e-01
    1.7240000000e+05    1.1062177670e-01
    1.7250000000e+05    1.1547984130e-01
    1.7260000000e+05    1.1868856912e-01
    1.7270000000e+05    1.0390685908e-01
    1.7280000000e+05    1.9965223574e-01
    1.7290000000e+05    1.6209483079e-01
    1.7300000000e+05    1.7434877306e-01
    1.7310000000e+05    1.5930183287e-01
    1.7320000000e+05    1.3802077487e-01
    1.7330000000e+05    1.1421597987e-01
    1.7340000000e+05    1.3234461025e-01
    1.7350000000e+05    1.4011722069e-01
    1.7360000000e+05    1.1117029655e-01
    1.7370000000e+05    1.2642995956e-01
    1.7380000000e+05    1.7985563736e-01
    1.7390000000e+05    1.5246231188e-01
    1.7400000000e+05    9.1683124129e-02
    1.7410000000e+05    9.1370931859e-02
    1.7420000000e+05    1.2227048535e-01
    1.7430000000e+05    9.9635242398e-02
    1.7440000000e+05    9.6966793755e-02
    1.7450000000e+05    1.4093114603e-01
    1.7460000000e+05    1.4026009002e-01
    1.7470000000e+05    1.5190626202e-01
    1.7480000000e+05    1.6544435487e-01
    1.7490000000e+05    1.5139614683e-01
    1.7500000000e+05    8.8264286894e-02
    1.7510000000e+05    1.1654079960e-01
    1.7520000000e+05    1.0770775477e-01
    1.7530000000e+05    1.2185779932e-01
    1.7540000000e+05    1.0341786463e-01
    1.7550000000e+05    8.5680057256e-02
    1.7560000000e+05    7.6739909534e-02
    1.7570000000e+05    1.2082124427e-01
    1.7580000000e+05    8.7002523039e-02
    1.7590000000e+05    1.2518363789e-01
    1.7600000000e+05    1.3959645300e-01
    1.7610000000e+05    1.3156892087e-01
    1.7620000000e+05    1.5214301682e-01
    1.7630000000e+05    8.8006941812e-02
    1.7640000000e+05    1.2237444717e-01
    1.7650000000e+05    1.3903555044e-01
    1.7660000000e+05    1.5123256184e-01
    1.7670000000e+05    1.1921684688e-01
    1.7680000000e+05    1.3582980179e-01
    1.7690000000e+05    1.1489594085e-01
    1.7700000000e+05    8.3898254890e-02
    1.7710000000e+05    7.6368105791e-02
    1.7720000000e+05    8.9744828091e-02
    1.7730000000e+05    1.2177856552e-01
    1.7740000000e+05    9.6395007923e-02
    1.7750000000e+05    1.2114484891e-01
    1.7760000000e+05    1.2500054625e-01
    1.7770000000e+05    1.0882496169e-01
    1.7780000000e+05    1.2540987676e-01
    1.7790000000e+05    1.5324472322e-01
    1.7800000000e+05    1.7673320281e-01
    1.7810000000e+05    1.4462581388e-01
    1.7820000000e+05    1.1572501782e-01
    1.7830000000e+05    1.0569909632e-01
    1.7840000000e+05    1.2728574731e-01
    1.7850000000e+05    1.3551893800e-01
    1.7860000000e+05    1.2927530219e-01
    1.7870000000e+05    1.2091764625e-01
    1.7880000000e+05    1.1097393519e-01
    1.7890000000e+05    1.0623744249e-01
    1.7900000000e+05    1.0866001540e-01
    1.7910000000e+05    1.0758751848e-01
    1.7920000000e+05    1.0965591721e-01
    1.7930000000e+05    1.2932402974e-01
    1.7940000000e+05    1.4524108586e-01
    1.7950000000e+05    1.3739751824e-01
    1.7960000000e+05    1.3844363157e-01
    1.7970000000e+05    1.4223938031e-01
    1.7980000000e+05    1.2934312012e-01
    1.7990000000e+05    1.3638688780e-01
    1.8000000000e+05    1.5325422952e-01
    1.8010000000e+05    1.0887897704e-01
    1.8020000000e+05    1.0617861664e-01
    1.8030000000e+05    1.1706098278e-01
    1.8040000000e+05    1.1939180377e-01
    1.8050000000e+05    1.2853251063e-01
    1.8060000000e+05    1.3756691171e-01
    1.8070000000e+05    1.6997290683e-01
    1.8080000000e+05    1.9503377505e-01
    1.8090000000e+05    1.4220216646e-01
    1.8100000000e+05    1.2641549359e-01
    1.8110000000e+05    1.1773186217e-01
    1.8120000000e+05    1.0972430660e-01
    1.8130000000e+05    9.9178913690e-02
    1.8140000000e+05    1.0385564531e-01
    1.8150000000e+05    9.8868213479e-02
    1.8160000000e+05    1.5637178601e-01
    1.8170000000e+05    1.2473297000e-01
    1.8180000000e+05    1.0810108392e-01
    1.8190000000e+05    1.0680873312e-01
    1.8200000000e+05    1.1162240755e-01
    1.8210000000e+05    7.8228487822e-02
    1.8220000000e+05    1.1786441113e-01
    1.8230000000e+05    9.5194171291e-02
    1.8240000000e+05    1.0576952289e-01
    1.8250000000e+05    1.3596813653e-01
    1.8260000000e+05    1.7485001145e-01
    1.8270000000e+05    1.3529705580e-01
    1.8280000000e+05    1.4502424102e-01
    1.8290000000e+05    9.5910027101e-02
    1.8300000000e+05    1.2730850059e-01
    1.8310000000e+05    1.0450325390e-01
    1.8320000000e+05    1.2200190582e-01
    1.8330000000e+05    9.4607188500e-02
    1.8340000000e+05    8.3895664835e-02
    1.8350000000e+05    8.4482503425e-02
    1.8360000000e+05    1.3474572172e-01
    1.8370000000e+05    1.3257481669e-01
    1.8380000000e+05    1.2919509289e-01
    1.8390000000e+05    1.3796023434e-01
    1.8400000000e+05    1.3487529296e-01
    1.8410000000e+05    1.4180855599e-01
    1.8420000000e+05    1.7907662431e-01
    1.8430000000e+05    1.2263889817e-01
    1.8440000000e+05    1.1037281242e-01
    1.8450000000e+05    8.5369671215e-02
    1.8460000000e+05    1.1036001565e-01
    1.8470000000e+05    1.3190961546e-01
    1.8480000000e+05    1.1194116194e-01
    1.8490000000e+05    1.2969094465e-01
    1.8500000000e+05    1.0377603761e-01
    1.8510000000e+05    1.1447684408e-01
    1.8520000000e+05    1.0187122532e-01
    1.8530000000e+05    1.2426691942e-01
    1.8540000000e+05    1.3295574077e-01
    1.8550000000e+05    1.3239055382e-01
    1.8560000000e+05    1.1907317594e-01
    1.8570000000e+05    9.3643237180e-02
    1.8580000000e+05    1.0674126597e-01
    1.8590000000e+05    1.0672516439e-01
    1.8600000000e+05    8.7860915266e-02
    1.8610000000e+05    1.1171149139e-01
    1.8620000000e+05    1.6187940298e-01
    1.8630000000e+05    1.3457013399e-01
    1.8640000000e+05    1.4337249742e-01
    1.8650000000e+05    1.1610824632e-01
    1.8660000000e+05    1.4872474312e-01
    1.8670000000e+05    8.2139300488e-02
    1.8680000000e+05    9.5283384812e-02
    1.8690000000e+05    9.0041982685e-02
    1.8700000000e+05    1.0654768604e-01
    1.8710000000e+05    1.3630871786e-01
    1.8720000000e+05    1.5070557397e-01
    1.8730000000e+05    1.3437516715e-01
    1.8740000000e+05    1.0329796121e-01
    1.8750000000e+05    1.0406930564e-01
    1.8760000000e+05    1.1957623868e-01
    1.8770000000e+05    1.0414759745e-01
    1.8780000000e+05    9.2800681614e-02
    1.8790000000e+05    1.0994262947e-01
    1.8800000000e+05    1.4584649650e-01
    1.8810000000e+05    1.2786747432e-01
    1.8820000000e+05    1.6975311068e-01
    1.8830000000e+05    1.2505060045e-01
    1.8840000000e+05    9.0776615476e-02
    1.8850000000e+05    1.0079449984e-01
    1.8860000000e+05    9.1754203355e-02
    1.8870000000e+05    1.0145505016e-01
    1.8880000000e+05    1.2385993084e-01
    1.8890000000e+05    1.2445255475e-01
    1.8900000000e+05    1.2368495060e-01
    1.8910000000e+05    1.1909236166e-01
    1.8920000000e+05    1.1169262965e-01
    1.8930000000e+05    1.3151344705e-01
    1.8940000000e+05    1.1708907753e-01
    1.8950000000e+05    1.3372501305e-01
    1.8960000000e+05    1.2304459472e-01
    1.8970000000e+05    1.1919090284e-01
    1.8980000000e+05    1.1978461470e-01
    1.8990000000e+05    8.3179674053e-02
    1.9000000000e+05    9.2728346324e-02
    1.9010000000e+05    9.3826685670e-02
    1.9020000000e+05    1.3935920010e-01
    1.9030000000e+05    1.4080728652e-01
    1.9040000000e+05    1.6157981989e-01
    1.9050000000e+05    1.1391684272e-01
    1.9060000000e+05    1.0212726923e-01
    1.9070000000e+05    1.0280123583e-01
    1.9080000000e+05    1.2299504569e-01
    1.9090000000e+05    1.4097260165e-01
    1.9100000000e+05    1.1762814815e-01
    1.9110000000e+05    9.3214609874e-02
    1.9120000000e+05    1.0974628764e-01
    1.9130000000e+05    1.2786236455e-01
    1.9140000000e+05    1.3275900732e-01
    1.9150000000e+05    1.1095929497e-01
    1.9160000000e+05    1.3740786541e-01
    1.9170000000e+05    1.4388824786e-01
    1.9180000000e+05    1.4740086707e-01
    1.9190000000e+05    1.4026859693e-01
    1.9200000000e+05    1.3304501469e-01
    1.9210000000e+05    1.0189611741e-01
    1.9220000000e+05    1.1530974266e-01
    1.9230000000e+05    1.0680635052e-01
    1.9240000000e+05    1.1596564804e-01
    1.9250000000e+05    1.5577170416e-01
    1.9260000000e+05    1.0292860632e-01
    1.9270000000e+05    1.0625814435e-01
    1.9280000000e+05    9.8995463819e-02
    1.9290000000e+05    9.0071897918e-02
    1.9300000000e+05    1.1141634556e-01
    1.9310000000e+05    9.4113035930e-02
    1.9320000000e+05    1.2855789800e-01
    1.9330000000e+05    1.4161948795e-01
    1.9340000000e+05    1.6310052492e-01
    1.9350000000e+05    1.3502251471e-01
    1.9360000000e+05    1.2852281329e-01
    1.9370000000e+05    1.1522484409e-01
    1.9380000000e+05    1.1978468261e-01
    1.9390000000e+05    9.5459710115e-02
    1.9400000000e+05    1.0094903091e-01
    1.9410000000e+05    1.0534761209e-01
    1.9420000000e+05    1.0574772725e-01
    1.9430000000e+05    1.0938297403e-01
    1.9440000000e+05    1.0517114255e-01
    1.9450000000e+05    1.3677835960e-01
    1.9460000000e+05    2.0125781610e-01
    1.9470000000e+05    1.4414357306e-01
    1.9480000000e+05    9.2357129616e-02
    1.9490000000e+05    8.4896404999e-02
    1.9500000000e+05    1.2934426676e-01
    1.9510000000e+05    9.5320872752e-02
    1.9520000000e+05    1.0020498327e-01
    1.9530000000e+05    1.1869551449e-01
    1.9540000000e+05    1.4267114476e-01
    1.9550000000e+05    1.1103665630e-01
    1.9560000000e+05    9.7260247046e-02
    1.9570000000e+05    9.4530207333e-02
    1.9580000000e+05    1.0189695975e-01
    1.9590000000e+05    1.5883475561e-01
    1.9600000000e+05    1.4072543089e-01
    1.9610000000e+05    1.1612022498e-01
    1.9620000000e+05    1.1330112529e-01
    1.9630000000e+05    1.2425874670e-01
    1.9640000000e+05    1.3640778564e-01
    1.9650000000e+05    1.3639859388e-01
    1.9660000000e+05    1.4645845618e-01
    1.9670000000e+05    1.1840643018e-01
    1.9680000000e+05    1.2635670925e-01
    1.9690000000e+05    1.1595472730e-01
    1.9700000000e+05    1.1785368487e-01
    1.9710000000e+05    8.5794778926e-02
    1.9720000000e+05    1.4248230528e-01
    1.9730000000e+05    1.1854840022e-01
    1.9740000000e+05    1.0901987242e-01
    1.9750000000e+05    1.1428750896e-01
    1.9760000000e+05    1.2612096755e-01
    1.9770000000e+05    1.0864550935e-01
    1.9780000000e+05    1.4746743780e-01
    1.9790000000e+05    1.2269659263e-01
    1.9800000000e+05    1.4816968886e-01
    1.9810000000e+05    1.3300570564e-01
    1.9820000000e+05    9.5102266354e-02
    1.9830000000e+05    8.5655736123e-02
    1.9840000000e+05    1.0332490286e-01
    1.9850000000e+05    1.0464700163e-01
    1.9860000000e+05    1.3780738340e-01
    1.9870000000e+05    1.1879011882e-01
    1.9880000000e+05    1.2216966475e-01
    1.9890000000e+05    1.3624071469e-01
    1.9900000000e+05    1.1679664085e-01
    1.9910000000e+05    1.1216080097e-01
    1.9920000000e+05    8.0987348873e-02
    1.9930000000e+05    1.0090934477e-01
    1.9940000000e+05    1.2453722888e-01
    1.9950000000e+05    1.7084448561e-01
    1.9960000000e+05    1.4606767091e-01
    1.9970000000e+05    1.1790337352e-01
    1.9980000000e+05    9.8876215967e-02
    1.9990000000e+05    1.1926918393e-01
    2.0000000000e+05    1.1352301412e-01
