    2.5000000000e+02    2.1424124091e-01
    5.0000000000e+02    1.7233311748e-01
    7.5000000000e+02    2.1289653156e-01
    1.0000000000e+03    1.5015360581e-01
    1.2500000000e+03    2.7621991835e-01
    1.5000000000e+03    1.2091938349e-01
    1.7500000000e+03    1.6277897158e-01
    2.0000000000e+03    1.2248029843e-01
    2.2500000000e+03    1.2947440571e-01
    2.5000000000e+03    1.3873347654e-01
    2.7500000000e+03    1.0902095353e-01
    3.0000000000e+03    1.4240087213e-01
    3.2500000000e+03    1.3607811895e-01
    3.5000000000e+03    1.5206001056e-01
    3.7500000000e+03    1.3936194854e-01
    4.0000000000e+03    1.4028108845e-01
    4.2500000000e+03    1.6009419125e-01
    4.5000000000e+03    8.8278914809e-02
    4.7500000000e+03    1.6020493091e-01
    5.0000000000e+03    1.2564965342e-01
    5.2500000000e+03    1.2610841457e-01
    5.5000000000e+03    1.5337293412e-01
    5.7500000000e+03    1.6639996359e-01
    6.0000000000e+03    1.4037030117e-01
    6.2500000000e+03    1.1487942290e-01
    6.5000000000e+03    1.6099157778e-01
    6.7500000000e+03    1.4410920749e-01
    7.0000000000e+03    1.5122934084e-01
    7.2500000000e+03    3.6061716007e-01
    7.5000000000e+03    1.4697055193e-01
    7.7500000000e+03    1.5932945836e-01
    8.0000000000e+03    1.8581053097e-01
    8.2500000000e+03    1.5055246169e-01
    8.5000000000e+03    1.8124486760e-01
    8.7500000000e+03    2.0328020203e-01
    9.0000000000e+03    1.5701006475e-01
    9.2500000000e+03    1.6366688785e-01
    9.5000000000e+03    1.8326437527e-01
    9.7500000000e+03    1.7728373546e-01
    1.0000000000e+04    1.5430902035e-01
    1.0250000000e+04    1.6076660159e-01
    1.0500000000e+04    1.1353574577e-01
    1.0750000000e+04    1.7078695969e-01
    1.1000000000e+04    1.0161777512e-01
    1.1250000000e+04    1.6454218477e-01
    1.1500000000e+04    1.3635138431e-01
    1.1750000000e+04    1.0986479067e-01
    1.2000000000e+04    1.2914619949e-01
    1.2250000000e+04    1.5669002681e-01
    1.2500000000e+04    1.6273966531e-01
    1.2750000000e+04    1.3209491440e-01
    1.3000000000e+04    2.0587905420e-01
    1.3250000000e+04    1.5976460139e-01
    1.3500000000e+04    1.1215197549e-01
    1.3750000000e+04    1.5485754507e-01
    1.4000000000e+04    1.1463778670e-01
    1.4250000000e+04    1.3114280192e-01
    1.4500000000e+04    1.0673825945e-01
    1.4750000000e+04    1.2199370741e-01
    1.5000000000e+04    1.1628733766e-01
    1.5250000000e+04    1.1189653692e-01
    1.5500000000e+04    1.0237364398e-01
    1.5750000000e+04    9.2567696582e-02
    1.6000000000e+04    1.5097054778e-01
    1.6250000000e+04    1.9872833283e-01
    1.6500000000e+04    2.0663756072e-01
    1.6750000000e+04    2.0078391790e-01
    1.7000000000e+04    1.3502664450e-01
    1.7250000000e+04    1.2686378107e-01
    1.7500000000e+04    1.1241015540e-01
    1.7750000000e+04    1.4056694089e-01
    1.8000000000e+04    1.6040008634e-01
    1.8250000000e+04    8.4415874359e-02
    1.8500000000e+04    1.2070868206e-01
    1.8750000000e+04    1.2971313312e-01
    1.9000000000e+04    1.7553868588e-01
    1.9250000000e+04    2.1274652665e-01
    1.9500000000e+04    2.1436821230e-01
    1.9750000000e+04    1.5683479834e-01
    2.0000000000e+04    1.6493303865e-01
    2.0250000000e+04    9.4990535898e-02
    2.0500000000e+04    1.1427716475e-01
    2.0750000000e+04    1.4680047008e-01
    2.1000000000e+04    1.8590077837e-01
    2.1250000000e+04    1.0541987028e-01
    2.1500000000e+04    1.6750937459e-01
    2.1750000000e+04    9.4948655236e-02
    2.2000000000e+04    1.2772063266e-01
    2.2250000000e+04    1.1841475772e-01
    2.2500000000e+04    1.3824747657e-01
    2.2750000000e+04    1.4672851782e-01
    2.3000000000e+04    1.6219371234e-01
    2.3250000000e+04    1.0311020955e-01
    2.3500000000e+04    1.3296775583e-01
    2.3750000000e+04    1.2180039728e-01
    2.4000000000e+04    1.4313521547e-01
    2.4250000000e+04    1.3501772576e-01
    2.4500000000e+04    1.2891256103e-01
    2.4750000000e+04    1.0787638819e-01
    2.5000000000e+04    1.8137773196e-01
    2.5250000000e+04    1.0034978749e-01
    2.5500000000e+04    1.4751667818e-01
    2.5750000000e+04    1.0130378678e-01
    2.6000000000e+04    1.0642028441e-01
    2.6250000000e+04    1.0200919972e-01
    2.6500000000e+04    1.4209125447e-01
    2.6750000000e+04    1.2888199259e-01
    2.7000000000e+04    1.5059836296e-01
    2.7250000000e+04    1.2931338185e-01
    2.7500000000e+04    1.1783919941e-01
    2.7750000000e+04    1.2968150902e-01
    2.8000000000e+04    1.3146144437e-01
    2.8250000000e+04    1.5956520037e-01
    2.8500000000e+04    1.5897614462e-01
    2.8750000000e+04    1.4234592577e-01
    2.9000000000e+04    1.3754664531e-01
    2.9250000000e+04    1.5712579917e-01
    2.9500000000e+04    1.1180262803e-01
    2.9750000000e+04    1.3394280563e-01
    3.0000000000e+04    1.8728454439e-01
    3.0250000000e+04    1.8041236344e-01
    3.0500000000e+04    1.3375611620e-01
    3.0750000000e+04    1.2427121560e-01
    3.1000000000e+04    1.7294448839e-01
    3.1250000000e+04    1.4304120814e-01
    3.1500000000e+04    1.5703642115e-01
    3.1750000000e+04    1.2906293461e-01
    3.2000000000e+04    1.5719735645e-01
    3.2250000000e+04    1.4598121612e-01
    3.2500000000e+04    1.6022374429e-01
    3.2750000000e+04    1.3686412179e-01
    3.3000000000e+04    1.6957533810e-01
    3.3250000000e+04    1.3889008010e-01
    3.3500000000e+04    1.5716210060e-01
    3.3750000000e+04    1.8289906166e-01
    3.4000000000e+04    1.2803500732e-01
    3.4250000000e+04    1.0833095772e-01
    3.4500000000e+04    1.3831888369e-01
    3.4750000000e+04    1.3760457825e-01
    3.5000000000e+04    1.2926856869e-01
    3.5250000000e+04    1.3136511085e-01
    3.5500000000e+04    1.2862972018e-01
    3.5750000000e+04    1.3990355961e-01
    3.6000000000e+04    1.2265329072e-01
    3.6250000000e+04    1.5052259455e-01
    3.6500000000e+04    1.4637366101e-01
    3.6750000000e+04    1.5363517849e-01
    3.7000000000e+04    1.2964135181e-01
    3.7250000000e+04    1.7138292773e-01
    3.7500000000e+04    1.5730077149e-01
    3.7750000000e+04    1.5111496383e-01
    3.8000000000e+04    1.9121180873e-01
    3.8250000000e+04    1.5334788735e-01
    3.8500000000e+04    1.6059305021e-01
    3.8750000000e+04    9.0447269197e-02
    3.9000000000e+04    1.5552889311e-01
    3.9250000000e+04    1.0723636614e-01
    3.9500000000e+04    1.7178399392e-01
    3.9750000000e+04    1.8561333317e-01
    4.0000000000e+04    1.2661941897e-01
    4.0250000000e+04    1.4865796930e-01
    4.0500000000e+04    1.8016253018e-01
    4.0750000000e+04    1.9543199502e-01
    4.1000000000e+04    1.4851841333e-01
    4.1250000000e+04    1.7279051394e-01
    4.1500000000e+04    1.3421599886e-01
    4.1750000000e+04    1.6972348674e-01
    4.2000000000e+04    1.6118915267e-01
    4.2250000000e+04    1.5210423238e-01
    4.2500000000e+04    1.4264248045e-01
    4.2750000000e+04    1.2673302233e-01
    4.3000000000e+04    1.5869178824e-01
    4.3250000000e+04    2.1568217896e-01
    4.3500000000e+04    1.5361771388e-01
    4.3750000000e+04    1.2880416725e-01
    4.4000000000e+04    1.5312624311e-01
    4.4250000000e+04    1.5335579900e-01
    4.4500000000e+04    2.0013351683e-01
    4.4750000000e+04    1.1265704751e-01
    4.5000000000e+04    2.2784210832e-01
    4.5250000000e+04    1.4186550924e-01
    4.5500000000e+04    1.5955487224e-01
    4.5750000000e+04    2.0126729258e-01
    4.6000000000e+04    1.7160261665e-01
    4.6250000000e+04    1.3170464019e-01
    4.6500000000e+04    8.7612277135e-02
    4.6750000000e+04    1.5635477412e-01
    4.7000000000e+04    1.4266846382e-01
    4.7250000000e+04    1.1233806156e-01
    4.7500000000e+04    1.6188489497e-01
    4.7750000000e+04    1.3719544488e-01
    4.8000000000e+04    1.2439119904e-01
    4.8250000000e+04    1.5785274580e-01
    4.8500000000e+04    1.1893720245e-01
    4.8750000000e+04    1.4023596014e-01
    4.9000000000e+04    1.3345561778e-01
    4.9250000000e+04    1.3701323667e-01
    4.9500000000e+04    1.5975035600e-01
    4.9750000000e+04    1.2134391984e-01
    5.0000000000e+04    1.7506970964e-01
    5.0250000000e+04    1.5001291158e-01
    5.0500000000e+04    1.2617426848e-01
    5.0750000000e+04    1.6741587914e-01
    5.1000000000e+04    1.3994638552e-01
    5.1250000000e+04    1.3843489348e-01
    5.1500000000e+04    1.2198951395e-01
    5.1750000000e+04    1.5271962935e-01
    5.2000000000e+04    1.5992387858e-01
    5.2250000000e+04    1.5614596711e-01
    5.2500000000e+04    1.1670140811e-01
    5.2750000000e+04    1.0715995989e-01
    5.3000000000e+04    1.4016535150e-01
    5.3250000000e+04    1.9730298881e-01
    5.3500000000e+04    1.5589657870e-01
    5.3750000000e+04    1.0524437057e-01
    5.4000000000e+04    1.2722608984e-01
    5.4250000000e+04    1.3983789556e-01
    5.4500000000e+04    1.5023749665e-01
    5.4750000000e+04    1.4995337861e-01
    5.5000000000e+04    1.0361469774e-01
    5.5250000000e+04    1.2824556250e-01
    5.5500000000e+04    1.1286891270e-01
    5.5750000000e+04    1.4274742460e-01
    5.6000000000e+04    1.4785956698e-01
    5.6250000000e+04    1.4505246829e-01
    5.6500000000e+04    1.0855152884e-01
    5.6750000000e+04    1.4755508687e-01
    5.7000000000e+04    1.3863218234e-01
    5.7250000000e+04    1.4365106283e-01
    5.7500000000e+04    1.5300368486e-01
    5.7750000000e+04    1.0697935694e-01
    5.8000000000e+04    1.4358511087e-01
    5.8250000000e+04    1.3348594133e-01
    5.8500000000e+04    1.4697664189e-01
    5.8750000000e+04    1.1691272390e-01
    5.9000000000e+04    1.1494716526e-01
    5.9250000000e+04    1.4894059863e-01
    5.9500000000e+04    1.1405875189e-01
    5.9750000000e+04    1.4114281126e-01
    6.0000000000e+04    1.4012354925e-01
    6.0250000000e+04    1.4705729652e-01
    6.0500000000e+04    1.7624348302e-01
    6.0750000000e+04    1.8500044749e-01
    6.1000000000e+04    1.2879883729e-01
    6.1250000000e+04    1.3039582287e-01
    6.1500000000e+04    1.9299546279e-01
    6.1750000000e+04    1.4381679077e-01
    6.2000000000e+04    1.2875892551e-01
    6.2250000000e+04    1.7417301434e-01
    6.2500000000e+04    1.7693235286e-01
    6.2750000000e+04    1.8094671378e-01
    6.3000000000e+04    1.2340366610e-01
    6.3250000000e+04    1.8278180917e-01
    6.3500000000e+04    1.1474899088e-01
    6.3750000000e+04    1.7539323841e-01
    6.4000000000e+04    1.4359319817e-01
    6.4250000000e+04    1.5262093998e-01
    6.4500000000e+04    1.4107207624e-01
    6.4750000000e+04    1.3123654712e-01
    6.5000000000e+04    1.4357652402e-01
    6.5250000000e+04    1.6896073298e-01
    6.5500000000e+04    1.3903718307e-01
    6.5750000000e+04    1.5498863884e-01
    6.6000000000e+04    9.5570144820e-02
    6.6250000000e+04    2.1428587515e-01
    6.6500000000e+04    1.5040913483e-01
    6.6750000000e+04    1.3967763477e-01
    6.7000000000e+04    1.5067146776e-01
    6.7250000000e+04    1.2959519462e-01
    6.7500000000e+04    1.3037731507e-01
    6.7750000000e+04    1.1712885286e-01
    6.8000000000e+04    1.1678544440e-01
    6.8250000000e+04    1.2247495314e-01
    6.8500000000e+04    1.3864774589e-01
    6.8750000000e+04    1.2111701976e-01
    6.9000000000e+04    1.2000093652e-01
    6.9250000000e+04    1.1775749620e-01
    6.9500000000e+04    1.5680459417e-01
    6.9750000000e+04    1.5942982750e-01
    7.0000000000e+04    1.3010646810e-01
    7.0250000000e+04    1.9555685629e-01
    7.0500000000e+04    1.6958497415e-01
    7.0750000000e+04    1.0797911307e-01
    7.1000000000e+04    1.0890574608e-01
    7.1250000000e+04    1.1683417515e-01
    7.1500000000e+04    9.5676571161e-02
    7.1750000000e+04    1.3627817518e-01
    7.2000000000e+04    1.1177024043e-01
    7.2250000000e+04    9.5345839121e-02
    7.2500000000e+04    1.5524375201e-01
    7.2750000000e+04    1.5727709849e-01
    7.3000000000e+04    2.0949218549e-01
    7.3250000000e+04    1.6122668513e-01
    7.3500000000e+04    1.6862273502e-01
    7.3750000000e+04    1.8677677975e-01
    7.4000000000e+04    1.4035022511e-01
    7.4250000000e+04    1.4255660627e-01
    7.4500000000e+04    1.9577780782e-01
    7.4750000000e+04    9.5734097587e-02
    7.5000000000e+04    1.4215399888e-01
    7.5250000000e+04    1.4080886502e-01
    7.5500000000e+04    1.6009005109e-01
    7.5750000000e+04    2.1873284463e-01
    7.6000000000e+04    1.2854913446e-01
    7.6250000000e+04    1.4427521573e-01
    7.6500000000e+04    1.6885033573e-01
    7.6750000000e+04    1.8017478278e-01
    7.7000000000e+04    1.5558855589e-01
    7.7250000000e+04    1.0527590636e-01
    7.7500000000e+04    1.1588381281e-01
    7.7750000000e+04    8.7631472030e-02
    7.8000000000e+04    9.7533310361e-02
    7.8250000000e+04    8.4326953497e-02
    7.8500000000e+04    9.2638547647e-02
    7.8750000000e+04    1.3805965728e-01
    7.9000000000e+04    1.1923824807e-01
    7.9250000000e+04    2.8608955722e-01
    7.9500000000e+04    1.4033239674e-01
    7.9750000000e+04    1.3999361401e-01
    8.0000000000e+04    1.0501391146e-01
    8.0250000000e+04    1.4738115238e-01
    8.0500000000e+04    1.2331630766e-01
    8.0750000000e+04    1.7085110937e-01
    8.1000000000e+04    1.5214125832e-01
    8.1250000000e+04    1.4462221553e-01
    8.1500000000e+04    1.4801747455e-01
    8.1750000000e+04    1.4547367930e-01
    8.2000000000e+04    1.1278942791e-01
    8.2250000000e+04    1.3915176165e-01
    8.2500000000e+04    1.6530407626e-01
    8.2750000000e+04    1.6000099362e-01
    8.3000000000e+04    1.3664248243e-01
    8.3250000000e+04    2.2063377018e-01
    8.3500000000e+04    1.3795902981e-01
    8.3750000000e+04    1.6038245615e-01
    8.4000000000e+04    1.5492751653e-01
    8.4250000000e+04    1.9074991137e-01
    8.4500000000e+04    1.5454773238e-01
    8.4750000000e+04    1.2361291265e-01
    8.5000000000e+04    1.2979183744e-01
    8.5250000000e+04    1.3934918068e-01
    8.5500000000e+04    1.4869441672e-01
    8.5750000000e+04    1.4827791537e-01
    8.6000000000e+04    1.4179104081e-01
    8.6250000000e+04    1.1946184677e-01
    8.6500000000e+04    1.4954958157e-01
    8.6750000000e+04    1.0756684069e-01
    8.7000000000e+04    8.2229343219e-02
    8.7250000000e+04    1.1936354257e-01
    8.7500000000e+04    1.2020986489e-01
    8.7750000000e+04    1.7804474993e-01
    8.8000000000e+04    1.2351318510e-01
    8.8250000000e+04    1.4829104765e-01
    8.8500000000e+04    1.4101839343e-01
    8.8750000000e+04    1.8243509599e-01
    8.9000000000e+04    1.3509409981e-01
    8.9250000000e+04    1.8326027275e-01
    8.9500000000e+04    1.2596905481e-01
    8.9750000000e+04    1.8028470109e-01
    9.0000000000e+04    1.5755354236e-01
    9.0250000000e+04    2.1069442645e-01
    9.0500000000e+04    1.4599012498e-01
    9.0750000000e+04    9.7242583624e-02
    9.1000000000e+04    1.2744610072e-01
    9.1250000000e+04    1.6991545345e-01
    9.1500000000e+04    1.1407226707e-01
    9.1750000000e+04    9.2883843742e-02
    9.2000000000e+04    1.4521823402e-01
    9.2250000000e+04    1.3990358945e-01
    9.2500000000e+04    1.3870816101e-01
    9.2750000000e+04    1.2922958537e-01
    9.3000000000e+04    1.3732974900e-01
    9.3250000000e+04    9.3984669633e-02
    9.3500000000e+04    1.2027177551e-01
    9.3750000000e+04    1.1485097865e-01
    9.4000000000e+04    1.5361361288e-01
    9.4250000000e+04    1.7060432367e-01
    9.4500000000e+04    1.4216021804e-01
    9.4750000000e+04    1.4556253129e-01
    9.5000000000e+04    1.3908462956e-01
    9.5250000000e+04    9.4244879884e-02
    9.5500000000e+04    1.3199418777e-01
    9.5750000000e+04    1.9331603875e-01
    9.6000000000e+04    1.8708249584e-01
    9.6250000000e+04    1.5013961595e-01
    9.6500000000e+04    1.7824575945e-01
    9.6750000000e+04    1.2521544603e-01
    9.7000000000e+04    1.4048816382e-01
    9.7250000000e+04    1.6766545758e-01
    9.7500000000e+04    1.4009540096e-01
    9.7750000000e+04    1.4661520752e-01
    9.8000000000e+04    1.3723349500e-01
    9.8250000000e+04    2.1011188974e-01
    9.8500000000e+04    1.5105112761e-01
    9.8750000000e+04    1.1574776656e-01
    9.9000000000e+04    1.1127927069e-01
    9.9250000000e+04    1.1806232299e-01
    9.9500000000e+04    1.1707952315e-01
    9.9750000000e+04    1.2441771278e-01
    1.0000000000e+05    1.1522107606e-01
    1.0025000000e+05    1.6520577108e-01
    1.0050000000e+05    1.3494648361e-01
    1.0075000000e+05    1.2044563328e-01
    1.0100000000e+05    1.1602612290e-01
    1.0125000000e+05    1.1138113792e-01
    1.0150000000e+05    1.0928076689e-01
    1.0175000000e+05    1.6936505980e-01
    1.0200000000e+05    1.4661713579e-01
    1.0225000000e+05    1.0602597973e-01
    1.0250000000e+05    1.3958616956e-01
    1.0275000000e+05    1.2063257383e-01
    1.0300000000e+05    1.5546501951e-01
    1.0325000000e+05    1.0457937019e-01
    1.0350000000e+05    1.6336061129e-01
    1.0375000000e+05    1.5713971197e-01
    1.0400000000e+05    1.1068614864e-01
    1.0425000000e+05    1.3611286619e-01
    1.0450000000e+05    1.3463203817e-01
    1.0475000000e+05    1.4065341703e-01
    1.0500000000e+05    9.4174554983e-02
    1.0525000000e+05    1.2772113621e-01
    1.0550000000e+05    1.3286657703e-01
    1.0575000000e+05    1.2745058663e-01
    1.0600000000e+05    1.0907219860e-01
    1.0625000000e+05    1.2321832914e-01
    1.0650000000e+05    1.4875213134e-01
    1.0675000000e+05    2.1478855514e-01
    1.0700000000e+05    1.2435709162e-01
    1.0725000000e+05    1.3788805083e-01
    1.0750000000e+05    9.1902003920e-02
    1.0775000000e+05    1.3042743566e-01
    1.0800000000e+05    1.3853563717e-01
    1.0825000000e+05    1.8818641582e-01
    1.0850000000e+05    1.8768148043e-01
    1.0875000000e+05    1.1988043208e-01
    1.0900000000e+05    1.3694384484e-01
    1.0925000000e+05    1.2661192416e-01
    1.0950000000e+05    1.5170527751e-01
    1.0975000000e+05    1.6730966336e-01
    1.1000000000e+05    1.1429371794e-01
    1.1025000000e+05    1.2688461238e-01
    1.1050000000e+05    1.2511243657e-01
    1.1075000000e+05    1.8054544271e-01
    1.1100000000e+05    1.3359942127e-01
    1.1125000000e+05    1.0013474531e-01
    1.1150000000e+05    9.9249780202e-02
    1.1175000000e+05    1.3637969608e-01
    1.1200000000e+05    1.2950994196e-01
    1.1225000000e+05    1.5308959398e-01
    1.1250000000e+05    1.6070139504e-01
    1.1275000000e+05    1.5198050331e-01
    1.1300000000e+05    1.9291835503e-01
    1.1325000000e+05    2.0552719287e-01
    1.1350000000e+05    1.8290580698e-01
    1.1375000000e+05    1.5928663614e-01
    1.1400000000e+05    1.2708922138e-01
    1.1425000000e+05    1.0668525529e-01
    1.1450000000e+05    1.0963809415e-01
    1.1475000000e+05    1.2236708233e-01
    1.1500000000e+05    1.0082940644e-01
    1.1525000000e+05    1.2389979707e-01
    1.1550000000e+05    7.9642722843e-02
    1.1575000000e+05    9.5726151422e-02
    1.1600000000e+05    1.6549094479e-01
    1.1625000000e+05    1.5187226934e-01
    1.1650000000e+05    1.7130317978e-01
    1.1675000000e+05    9.5466817343e-02
    1.1700000000e+05    1.2098454417e-01
    1.1725000000e+05    1.2419527284e-01
    1.1750000000e+05    1.0263728906e-01
    1.1775000000e+05    1.3639904739e-01
    1.1800000000e+05    1.4098275088e-01
    1.1825000000e+05    1.3183724496e-01
    1.1850000000e+05    1.2247727198e-01
    1.1875000000e+05    1.1275795066e-01
    1.1900000000e+05    1.2448967507e-01
    1.1925000000e+05    1.1668993584e-01
    1.1950000000e+05    1.9641767410e-01
    1.1975000000e+05    1.1006106393e-01
    1.2000000000e+05    1.6388395014e-01
    1.2025000000e+05    1.1408093400e-01
    1.2050000000e+05    1.2520727026e-01
    1.2075000000e+05    1.8424603557e-01
    1.2100000000e+05    1.3667534533e-01
    1.2125000000e+05    2.2869013080e-01
    1.2150000000e+05    1.4611444719e-01
    1.2175000000e+05    1.4156002984e-01
    1.2200000000e+05    1.1757494835e-01
    1.2225000000e+05    1.9820632029e-01
    1.2250000000e+05    1.4242116243e-01
    1.2275000000e+05    1.4126314509e-01
    1.2300000000e+05    1.1873975145e-01
    1.2325000000e+05    1.1106050451e-01
    1.2350000000e+05    1.4752849870e-01
    1.2375000000e+05    1.3761610871e-01
    1.2400000000e+05    1.2647663326e-01
    1.2425000000e+05    1.5780523683e-01
    1.2450000000e+05    1.3164180381e-01
    1.2475000000e+05    1.2725123054e-01
    1.2500000000e+05    1.6252265247e-01
    1.2525000000e+05    2.2023216804e-01
    1.2550000000e+05    1.8106203824e-01
    1.2575000000e+05    1.2919535273e-01
    1.2600000000e+05    2.2299410242e-01
    1.2625000000e+05    1.2665818585e-01
    1.2650000000e+05    1.8283557131e-01
    1.2675000000e+05    1.6218803234e-01
    1.2700000000e+05    1.3173640414e-01
    1.2725000000e+05    1.1762782004e-01
    1.2750000000e+05    1.3530872985e-01
    1.2775000000e+05    1.5842863976e-01
    1.2800000000e+05    1.0690052822e-01
    1.2825000000e+05    1.9213067186e-01
    1.2850000000e+05    1.2549279453e-01
    1.2875000000e+05    1.3620848847e-01
    1.2900000000e+05    1.3089800774e-01
    1.2925000000e+05    1.8235575958e-01
    1.2950000000e+05    1.0729096014e-01
    1.2975000000e+05    1.5289147344e-01
    1.3000000000e+05    1.2763143269e-01
    1.3025000000e+05    1.3298321203e-01
    1.3050000000e+05    1.1911744939e-01
    1.3075000000e+05    1.6804645880e-01
    1.3100000000e+05    2.0576380287e-01
    1.3125000000e+05    1.5726802158e-01
    1.3150000000e+05    1.3339137684e-01
    1.3175000000e+05    1.4281145384e-01
    1.3200000000e+05    1.3839207458e-01
    1.3225000000e+05    1.6889285402e-01
    1.3250000000e+05    1.2872007549e-01
    1.3275000000e+05    1.3583169339e-01
    1.3300000000e+05    1.7765514501e-01
    1.3325000000e+05    1.3926599393e-01
    1.3350000000e+05    1.5103807190e-01
    1.3375000000e+05    1.4587243050e-01
    1.3400000000e+05    1.6531529621e-01
    1.3425000000e+05    1.8872814707e-01
    1.3450000000e+05    7.5194581620e-02
    1.3475000000e+05    2.0353680462e-01
    1.3500000000e+05    1.5407084149e-01
    1.3525000000e+05    1.7389219632e-01
    1.3550000000e+05    1.2861713128e-01
    1.3575000000e+05    1.3968543306e-01
    1.3600000000e+05    1.5223682651e-01
    1.3625000000e+05    1.2090221136e-01
    1.3650000000e+05    1.7402871011e-01
    1.3675000000e+05    1.6956868696e-01
    1.3700000000e+05    1.6764584854e-01
    1.3725000000e+05    1.2393822946e-01
    1.3750000000e+05    1.0044071984e-01
    1.3775000000e+05    2.2961334732e-01
    1.3800000000e+05    1.9516640337e-01
    1.3825000000e+05    2.0763164600e-01
    1.3850000000e+05    1.4095687851e-01
    1.3875000000e+05    3.5327393688e-01
    1.3900000000e+05    1.5108994262e-01
    1.3925000000e+05    1.5825206301e-01
    1.3950000000e+05    1.1223762640e-01
    1.3975000000e+05    1.8861721692e-01
    1.4000000000e+05    1.4271666559e-01
    1.4025000000e+05    1.4044098006e-01
    1.4050000000e+05    1.1662266418e-01
    1.4075000000e+05    1.7101399160e-01
    1.4100000000e+05    1.1749548169e-01
    1.4125000000e+05    1.4556184428e-01
    1.4150000000e+05    1.1352280752e-01
    1.4175000000e+05    1.2840288378e-01
    1.4200000000e+05    1.3538972965e-01
    1.4225000000e+05    1.6748633219e-01
    1.4250000000e+05    1.2922147209e-01
    1.4275000000e+05    1.5490104245e-01
    1.4300000000e+05    1.3313525561e-01
    1.4325000000e+05    1.0640786909e-01
    1.4350000000e+05    1.4131764338e-01
    1.4375000000e+05    1.8407317758e-01
    1.4400000000e+05    1.0425449711e-01
    1.4425000000e+05    1.4996612992e-01
    1.4450000000e+05    1.6001897011e-01
    1.4475000000e+05    1.8652145686e-01
    1.4500000000e+05    1.2663418078e-01
    1.4525000000e+05    1.2959029605e-01
    1.4550000000e+05    1.2179425676e-01
    1.4575000000e+05    1.5412038849e-01
    1.4600000000e+05    1.3824101414e-01
    1.4625000000e+05    1.5709932695e-01
    1.4650000000e+05    1.3190475242e-01
    1.4675000000e+05    1.4540468254e-01
    1.4700000000e+05    1.0097584611e-01
    1.4725000000e+05    1.5112111326e-01
    1.4750000000e+05    1.2812239618e-01
    1.4775000000e+05    1.3346967535e-01
    1.4800000000e+05    1.3731228399e-01
    1.4825000000e+05    1.7731212007e-01
    1.4850000000e+05    1.3414727159e-01
    1.4875000000e+05    1.1494702810e-01
    1.4900000000e+05    1.1975593638e-01
    1.4925000000e+05    1.6940820017e-01
    1.4950000000e+05    1.1693930139e-01
    1.4975000000e+05    1.5388482654e-01
    1.5000000000e+05    1.2521952347e-01
    1.5025000000e+05    1.5488203903e-01
    1.5050000000e+05    1.0586065222e-01
    1.5075000000e+05    1.3274463941e-01
    1.5100000000e+05    1.5080021019e-01
    1.5125000000e+05    1.6085539221e-01
    1.5150000000e+05    9.7296009674e-02
    1.5175000000e+05    1.1047336638e-01
    1.5200000000e+05    1.5751621995e-01
    1.5225000000e+05    1.1912654632e-01
    1.5250000000e+05    1.6117570752e-01
    1.5275000000e+05    1.3448473269e-01
    1.5300000000e+05    1.4198408281e-01
    1.5325000000e+05    1.5124566807e-01
    1.5350000000e+05    1.2365267859e-01
    1.5375000000e+05    1.4890365329e-01
    1.5400000000e+05    1.7012146083e-01
    1.5425000000e+05    1.5978592914e-01
    1.5450000000e+05    1.8523654945e-01
    1.5475000000e+05    1.3423639349e-01
    1.5500000000e+05    1.6251518464e-01
    1.5525000000e+05    1.3418428535e-01
    1.5550000000e+05    1.4635950868e-01
    1.5575000000e+05    1.0657263836e-01
    1.5600000000e+05    1.7680150569e-01
    1.5625000000e+05    1.4032628794e-01
    1.5650000000e+05    1.3024656474e-01
    1.5675000000e+05    1.2475751602e-01
    1.5700000000e+05    1.9434087569e-01
    1.5725000000e+05    1.4068552024e-01
    1.5750000000e+05    1.7804813986e-01
    1.5775000000e+05    1.3573764975e-01
    1.5800000000e+05    1.4698567887e-01
    1.5825000000e+05    1.3726144255e-01
    1.5850000000e+05    1.0143040149e-01
    1.5875000000e+05    1.0420536628e-01
    1.5900000000e+05    1.2752592092e-01
    1.5925000000e+05    1.4196367443e-01
    1.5950000000e+05    1.3921267575e-01
    1.5975000000e+05    1.3638742095e-01
    1.6000000000e+05    1.2641805644e-01
    1.6025000000e+05    1.0365782363e-01
    1.6050000000e+05    1.1587512534e-01
    1.6075000000e+05    1.2836455354e-01
    1.6100000000e+05    1.5248683545e-01
    1.6125000000e+05    1.4001578737e-01
    1.6150000000e+05    1.6322209267e-01
    1.6175000000e+05    2.1192729617e-01
    1.6200000000e+05    1.4568174404e-01
    1.6225000000e+05    1.3266324717e-01
    1.6250000000e+05    1.3145117054e-01
    1.6275000000e+05    1.7147047807e-01
    1.6300000000e+05    1.5919637353e-01
    1.6325000000e+05    1.7002217456e-01
    1.6350000000e+05    1.5230302509e-01
    1.6375000000e+05    1.2173961459e-01
    1.6400000000e+05    1.4939757967e-01
    1.6425000000e+05    1.7290820660e-01
    1.6450000000e+05    1.0303713691e-01
    1.6475000000e+05    1.0858409111e-01
    1.6500000000e+05    1.3067800399e-01
    1.6525000000e+05    2.0795057018e-01
    1.6550000000e+05    1.1707752473e-01
    1.6575000000e+05    1.6236702419e-01
    1.6600000000e+05    1.0882175742e-01
    1.6625000000e+05    1.9731913998e-01
    1.6650000000e+05    1.5744804439e-01
    1.6675000000e+05    1.4438972850e-01
    1.6700000000e+05    1.8069484510e-01
    1.6725000000e+05    1.2421190169e-01
    1.6750000000e+05    2.1600660524e-01
    1.6775000000e+05    1.2495102376e-01
    1.6800000000e+05    1.0939953669e-01
    1.6825000000e+05    1.2730156860e-01
    1.6850000000e+05    1.0939591916e-01
    1.6875000000e+05    1.4360303333e-01
    1.6900000000e+05    1.2890086762e-01
    1.6925000000e+05    1.3593728969e-01
    1.6950000000e+05    1.2041355708e-01
    1.6975000000e+05    1.7427370870e-01
    1.7000000000e+05    1.3702449903e-01
    1.7025000000e+05    1.3053380554e-01
    1.7050000000e+05    1.0619190823e-01
    1.7075000000e+05    1.7778115418e-01
    1.7100000000e+05    8.5568671237e-02
    1.7125000000e+05    1.1992992489e-01
    1.7150000000e+05    1.0394739117e-01
    1.7175000000e+05    1.1174936188e-01
    1.7200000000e+05    1.1514304470e-01
    1.7225000000e+05    1.1703401835e-01
    1.7250000000e+05    2.1292951513e-01
    1.7275000000e+05    9.6961050393e-02
    1.7300000000e+05    1.3596438591e-01
    1.7325000000e+05    1.3766887953e-01
    1.7350000000e+05    1.4715863845e-01
    1.7375000000e+05    1.5198055333e-01
    1.7400000000e+05    1.8878112444e-01
    1.7425000000e+05    1.3229138860e-01
    1.7450000000e+05    1.3238918546e-01
    1.7475000000e+05    1.7131051951e-01
    1.7500000000e+05    1.3799012462e-01
    1.7525000000e+05    1.5121877139e-01
    1.7550000000e+05    1.3906540918e-01
    1.7575000000e+05    1.7795310694e-01
    1.7600000000e+05    1.7721148733e-01
    1.7625000000e+05    1.1650022264e-01
    1.7650000000e+05    1.2398346495e-01
    1.7675000000e+05    1.1511826421e-01
    1.7700000000e+05    1.0690580033e-01
    1.7725000000e+05    1.2053130766e-01
    1.7750000000e+05    1.3227273909e-01
    1.7775000000e+05    1.3671384854e-01
    1.7800000000e+05    1.4536882501e-01
    1.7825000000e+05    1.3433535151e-01
    1.7850000000e+05    1.6288623216e-01
    1.7875000000e+05    1.5031227520e-01
    1.7900000000e+05    1.7398026227e-01
    1.7925000000e+05    1.8343950286e-01
    1.7950000000e+05    1.4039149863e-01
    1.7975000000e+05    1.1950451636e-01
    1.8000000000e+05    1.5464894086e-01
    1.8025000000e+05    1.9690825056e-01
    1.8050000000e+05    1.4277296575e-01
    1.8075000000e+05    1.4155487703e-01
    1.8100000000e+05    1.7339714449e-01
    1.8125000000e+05    1.5646497052e-01
    1.8150000000e+05    1.6251716213e-01
    1.8175000000e+05    1.4406225238e-01
    1.8200000000e+05    1.7782285863e-01
    1.8225000000e+05    1.2816380723e-01
    1.8250000000e+05    1.5399198393e-01
    1.8275000000e+05    1.2177334428e-01
    1.8300000000e+05    1.6610599505e-01
    1.8325000000e+05    1.0323880659e-01
    1.8350000000e+05    1.6080711536e-01
    1.8375000000e+05    2.2139319584e-01
    1.8400000000e+05    1.2653249893e-01
    1.8425000000e+05    1.6542468520e-01
    1.8450000000e+05    1.3917632362e-01
    1.8475000000e+05    1.2985124138e-01
    1.8500000000e+05    1.3860805004e-01
    1.8525000000e+05    1.2094403174e-01
    1.8550000000e+05    1.6330869501e-01
    1.8575000000e+05    1.7902776035e-01
    1.8600000000e+05    1.7788304253e-01
    1.8625000000e+05    1.4207122194e-01
    1.8650000000e+05    1.5020392630e-01
    1.8675000000e+05    1.0173915262e-01
    1.8700000000e+05    1.4493471084e-01
    1.8725000000e+05    1.8440866652e-01
    1.8750000000e+05    1.6416800271e-01
    1.8775000000e+05    1.3752455689e-01
    1.8800000000e+05    1.5191524371e-01
    1.8825000000e+05    1.6037077044e-01
    1.8850000000e+05    1.8644829162e-01
    1.8875000000e+05    1.4386637455e-01
    1.8900000000e+05    1.6900628745e-01
    1.8925000000e+05    1.4270379319e-01
    1.8950000000e+05    1.4877133276e-01
    1.8975000000e+05    1.4605737485e-01
    1.9000000000e+05    1.3633180295e-01
    1.9025000000e+05    1.3971365253e-01
    1.9050000000e+05    1.8286457735e-01
    1.9075000000e+05    1.3695500248e-01
    1.9100000000e+05    1.2039828955e-01
    1.9125000000e+05    1.0549552375e-01
    1.9150000000e+05    1.4482989222e-01
    1.9175000000e+05    1.3881778815e-01
    1.9200000000e+05    1.3673652710e-01
    1.9225000000e+05    1.2928864407e-01
    1.9250000000e+05    1.4865494048e-01
    1.9275000000e+05    1.3974636455e-01
    1.9300000000e+05    1.0979020242e-01
    1.9325000000e+05    1.2076892690e-01
    1.9350000000e+05    1.3705352278e-01
    1.9375000000e+05    1.5366333527e-01
    1.9400000000e+05    1.9155584592e-01
    1.9425000000e+05    1.4853711984e-01
    1.9450000000e+05    1.5521215473e-01
    1.9475000000e+05    1.1436837612e-01
    1.9500000000e+05    1.5363184562e-01
    1.9525000000e+05    1.6182720244e-01
    1.9550000000e+05    1.7025370205e-01
    1.9575000000e+05    1.7875985699e-01
    1.9600000000e+05    1.4730540992e-01
    1.9625000000e+05    1.5469157608e-01
    1.9650000000e+05    1.8958211277e-01
    1.9675000000e+05    1.1481284299e-01
    1.9700000000e+05    1.1722947335e-01
    1.9725000000e+05    1.3813428984e-01
    1.9750000000e+05    1.3265704560e-01
    1.9775000000e+05    1.8117764505e-01
    1.9800000000e+05    2.0153055915e-01
    1.9825000000e+05    1.1865120070e-01
    1.9850000000e+05    1.3300515590e-01
    1.9875000000e+05    1.2991853766e-01
    1.9900000000e+05    1.4129020348e-01
    1.9925000000e+05    1.6612488005e-01
    1.9950000000e+05    1.6916329108e-01
    1.9975000000e+05    2.2879966980e-01
    2.0000000000e+05    1.8054636588e-01
    2.0025000000e+05    1.8760540280e-01
    2.0050000000e+05    1.7002794645e-01
    2.0075000000e+05    1.5301427587e-01
    2.0100000000e+05    9.6879554383e-02
    2.0125000000e+05    1.2139595633e-01
    2.0150000000e+05    1.7345477802e-01
    2.0175000000e+05    1.1273763085e-01
    2.0200000000e+05    9.5608823851e-02
    2.0225000000e+05    9.7180826511e-02
    2.0250000000e+05    1.4501256024e-01
    2.0275000000e+05    1.2964915396e-01
    2.0300000000e+05    1.2434366950e-01
    2.0325000000e+05    1.4403638068e-01
    2.0350000000e+05    9.5819604037e-02
    2.0375000000e+05    1.3296116484e-01
    2.0400000000e+05    1.3857082530e-01
    2.0425000000e+05    1.4171589419e-01
    2.0450000000e+05    1.7528520719e-01
    2.0475000000e+05    1.6099077280e-01
    2.0500000000e+05    2.2045131183e-01
    2.0525000000e+05    1.5877449639e-01
    2.0550000000e+05    1.1259284399e-01
    2.0575000000e+05    1.6025827233e-01
    2.0600000000e+05    9.1820175152e-02
    2.0625000000e+05    1.3052544630e-01
    2.0650000000e+05    1.5046099205e-01
    2.0675000000e+05    1.2281943347e-01
    2.0700000000e+05    1.7240768236e-01
    2.0725000000e+05    1.4900445360e-01
    2.0750000000e+05    1.7281023534e-01
    2.0775000000e+05    1.1637041098e-01
    2.0800000000e+05    1.2615921458e-01
    2.0825000000e+05    1.1905147057e-01
    2.0850000000e+05    1.6380442889e-01
    2.0875000000e+05    1.7063043379e-01
    2.0900000000e+05    1.3206070987e-01
    2.0925000000e+05    1.7950264974e-01
    2.0950000000e+05    1.6999763429e-01
    2.0975000000e+05    1.0853607413e-01
    2.1000000000e+05    2.4445529269e-01
    2.1025000000e+05    2.1569835441e-01
    2.1050000000e+05    1.4070665917e-01
    2.1075000000e+05    1.4315017601e-01
    2.1100000000e+05    1.2233430759e-01
    2.1125000000e+05    1.4681929414e-01
    2.1150000000e+05    1.6619356590e-01
    2.1175000000e+05    1.4112248212e-01
    2.1200000000e+05    1.5054604370e-01
    2.1225000000e+05    1.0518883034e-01
    2.1250000000e+05    1.2996772069e-01
    2.1275000000e+05    1.2779155112e-01
    2.1300000000e+05    1.8266884967e-01
    2.1325000000e+05    1.2627326265e-01
    2.1350000000e+05    1.8669337318e-01
    2.1375000000e+05    1.1440424221e-01
    2.1400000000e+05    1.5327611997e-01
    2.1425000000e+05    1.1221310651e-01
    2.1450000000e+05    1.1810624346e-01
    2.1475000000e+05    1.4337069811e-01
    2.1500000000e+05    1.4390950398e-01
    2.1525000000e+05    1.4362846157e-01
    2.1550000000e+05    1.4837892449e-01
    2.1575000000e+05    1.6530159115e-01
    2.1600000000e+05    1.1294941771e-01
    2.1625000000e+05    1.7101819790e-01
    2.1650000000e+05    1.3132361520e-01
    2.1675000000e+05    1.2513992981e-01
    2.1700000000e+05    1.3387845416e-01
    2.1725000000e+05    1.2418261228e-01
    2.1750000000e+05    1.4124931724e-01
    2.1775000000e+05    1.1548387818e-01
    2.1800000000e+05    1.4243038064e-01
    2.1825000000e+05    1.4078247230e-01
    2.1850000000e+05    1.8218211608e-01
    2.1875000000e+05    1.1222463674e-01
    2.1900000000e+05    1.6621276211e-01
    2.1925000000e+05    1.6899555646e-01
    2.1950000000e+05    1.5569116430e-01
    2.1975000000e+05    9.9193732116e-02
    2.2000000000e+05    2.1311289915e-01
    2.2025000000e+05    1.2204096405e-01
    2.2050000000e+05    1.5142418971e-01
    2.2075000000e+05    1.7395975169e-01
    2.2100000000e+05    1.3584068695e-01
    2.2125000000e+05    1.3739552212e-01
    2.2150000000e+05    1.6131814033e-01
    2.2175000000e+05    1.7899377039e-01
    2.2200000000e+05    1.2281163774e-01
    2.2225000000e+05    1.4142929366e-01
    2.2250000000e+05    1.6122116588e-01
    2.2275000000e+05    1.6953589360e-01
    2.2300000000e+05    2.1393137695e-01
    2.2325000000e+05    1.4328320402e-01
    2.2350000000e+05    1.3397558882e-01
    2.2375000000e+05    1.4300202204e-01
    2.2400000000e+05    1.5206830900e-01
    2.2425000000e+05    9.1370266151e-02
    2.2450000000e+05    1.4524802333e-01
    2.2475000000e+05    1.5736956601e-01
    2.2500000000e+05    1.4372024514e-01
    2.2525000000e+05    1.2765549626e-01
    2.2550000000e+05    1.1746632567e-01
    2.2575000000e+05    1.3152361600e-01
    2.2600000000e+05    1.4799705927e-01
    2.2625000000e+05    1.2688940944e-01
    2.2650000000e+05    1.6683567538e-01
    2.2675000000e+05    1.4828210414e-01
    2.2700000000e+05    1.6540037018e-01
    2.2725000000e+05    1.6143880669e-01
    2.2750000000e+05    1.4339656992e-01
    2.2775000000e+05    1.4787431714e-01
    2.2800000000e+05    2.0533871192e-01
    2.2825000000e+05    1.4139776122e-01
    2.2850000000e+05    1.4740492800e-01
    2.2875000000e+05    1.0426607587e-01
    2.2900000000e+05    1.5850879360e-01
    2.2925000000e+05    1.2336497973e-01
    2.2950000000e+05    1.8004464908e-01
    2.2975000000e+05    1.2888955185e-01
    2.3000000000e+05    1.4262968073e-01
    2.3025000000e+05    1.2421470155e-01
    2.3050000000e+05    2.2397434482e-01
    2.3075000000e+05    1.5034475167e-01
    2.3100000000e+05    1.2521818547e-01
    2.3125000000e+05    1.4059417761e-01
    2.3150000000e+05    1.2595810145e-01
    2.3175000000e+05    1.5007580710e-01
    2.3200000000e+05    1.6306015299e-01
    2.3225000000e+05    1.5706062716e-01
    2.3250000000e+05    1.5279321574e-01
    2.3275000000e+05    1.6408548466e-01
    2.3300000000e+05    2.9113727199e-01
    2.3325000000e+05    1.2469920693e-01
    2.3350000000e+05    1.2425005006e-01
    2.3375000000e+05    1.1008382108e-01
    2.3400000000e+05    1.1056676021e-01
    2.3425000000e+05    1.0745665124e-01
    2.3450000000e+05    1.1310144870e-01
    2.3475000000e+05    3.4564301224e-01
    2.3500000000e+05    9.2995000403e-02
    2.3525000000e+05    1.1308889800e-01
    2.3550000000e+05    1.2841381400e-01
    2.3575000000e+05    1.6616766878e-01
    2.3600000000e+05    1.3478518238e-01
    2.3625000000e+05    1.2975989694e-01
    2.3650000000e+05    1.5469431013e-01
    2.3675000000e+05    1.4153524940e-01
    2.3700000000e+05    9.3186878695e-02
    2.3725000000e+05    1.6298833526e-01
    2.3750000000e+05    2.0237053926e-01
    2.3775000000e+05    1.3989648946e-01
    2.3800000000e+05    1.5079492620e-01
    2.3825000000e+05    1.4451663038e-01
    2.3850000000e+05    1.1098214558e-01
    2.3875000000e+05    1.3478357607e-01
    2.3900000000e+05    1.4108270066e-01
    2.3925000000e+05    1.2188409001e-01
    2.3950000000e+05    1.1084165771e-01
    2.3975000000e+05    1.4885764975e-01
    2.4000000000e+05    1.5176233238e-01
    2.4025000000e+05    8.8972508910e-02
    2.4050000000e+05    1.9183680222e-01
    2.4075000000e+05    1.8321936862e-01
    2.4100000000e+05    1.6145800354e-01
    2.4125000000e+05    1.3675432482e-01
    2.4150000000e+05    1.0700047398e-01
    2.4175000000e+05    1.2724384826e-01
    2.4200000000e+05    1.6131100974e-01
    2.4225000000e+05    1.7267862527e-01
    2.4250000000e+05    1.4701573636e-01
    2.4275000000e+05    1.0129986493e-01
    2.4300000000e+05    1.5584709729e-01
    2.4325000000e+05    1.5827369215e-01
    2.4350000000e+05    1.2351621999e-01
    2.4375000000e+05    1.9344399347e-01
    2.4400000000e+05    8.6981109196e-02
    2.4425000000e+05    1.6233998650e-01
    2.4450000000e+05    1.2928965715e-01
    2.4475000000e+05    1.4360752132e-01
    2.4500000000e+05    1.3338544737e-01
    2.4525000000e+05    1.4242327415e-01
    2.4550000000e+05    1.4599921080e-01
    2.4575000000e+05    1.5892269037e-01
    2.4600000000e+05    1.5090721816e-01
    2.4625000000e+05    1.3993438117e-01
    2.4650000000e+05    1.3264078284e-01
    2.4675000000e+05    2.4784413016e-01
    2.4700000000e+05    2.0362887896e-01
    2.4725000000e+05    1.7109979496e-01
    2.4750000000e+05    1.5095424580e-01
    2.4775000000e+05    1.6074291264e-01
    2.4800000000e+05    1.2599871347e-01
    2.4825000000e+05    1.6538287639e-01
    2.4850000000e+05    1.6362008556e-01
    2.4875000000e+05    1.8365603983e-01
    2.4900000000e+05    1.4319565693e-01
    2.4925000000e+05    1.0604518398e-01
    2.4950000000e+05    1.0871304664e-01
    2.4975000000e+05    1.1137627173e-01
    2.5000000000e+05    1.3109137241e-01
    2.5025000000e+05    1.1185268436e-01
    2.5050000000e+05    1.2001212250e-01
    2.5075000000e+05    1.5245567779e-01
    2.5100000000e+05    1.1803989964e-01
    2.5125000000e+05    1.4142605341e-01
    2.5150000000e+05    1.7890376936e-01
    2.5175000000e+05    1.2450680075e-01
    2.5200000000e+05    1.2185400939e-01
    2.5225000000e+05    1.1854975272e-01
    2.5250000000e+05    1.0026886487e-01
    2.5275000000e+05    1.1289582458e-01
    2.5300000000e+05    1.7018897420e-01
    2.5325000000e+05    1.2009862583e-01
    2.5350000000e+05    1.2566190524e-01
    2.5375000000e+05    1.5181275220e-01
    2.5400000000e+05    1.8874585101e-01
    2.5425000000e+05    1.4398274489e-01
    2.5450000000e+05    1.7550493574e-01
    2.5475000000e+05    1.4894208646e-01
    2.5500000000e+05    1.2990529634e-01
    2.5525000000e+05    1.7373316251e-01
    2.5550000000e+05    2.4035400049e-01
    2.5575000000e+05    1.2582501674e-01
    2.5600000000e+05    1.2213147018e-01
    2.5625000000e+05    1.7069454478e-01
    2.5650000000e+05    1.3471873648e-01
    2.5675000000e+05    1.0750360660e-01
    2.5700000000e+05    1.5517556999e-01
    2.5725000000e+05    1.1582346311e-01
    2.5750000000e+05    1.3172518832e-01
    2.5775000000e+05    1.5241812783e-01
    2.5800000000e+05    1.3975206137e-01
    2.5825000000e+05    1.1051840769e-01
    2.5850000000e+05    1.3965492043e-01
    2.5875000000e+05    1.1254819786e-01
    2.5900000000e+05    2.0072718207e-01
    2.5925000000e+05    2.0299794467e-01
    2.5950000000e+05    1.3611827540e-01
    2.5975000000e+05    1.5530925842e-01
    2.6000000000e+05    1.6004350472e-01
    2.6025000000e+05    1.2070343711e-01
    2.6050000000e+05    1.0802653087e-01
    2.6075000000e+05    1.6416830151e-01
    2.6100000000e+05    1.6180853511e-01
    2.6125000000e+05    1.4283054116e-01
    2.6150000000e+05    2.1896991092e-01
    2.6175000000e+05    9.7908687406e-02
    2.6200000000e+05    1.2076743996e-01
    2.6225000000e+05    1.4472246624e-01
    2.6250000000e+05    1.0896263587e-01
    2.6275000000e+05    1.8645188119e-01
    2.6300000000e+05    1.7151780689e-01
    2.6325000000e+05    1.7680021599e-01
    2.6350000000e+05    1.3745793778e-01
    2.6375000000e+05    1.7005507676e-01
    2.6400000000e+05    1.5062164340e-01
    2.6425000000e+05    1.5588017278e-01
    2.6450000000e+05    1.2184046316e-01
    2.6475000000e+05    1.1162209657e-01
    2.6500000000e+05    1.6750108508e-01
    2.6525000000e+05    1.3054284797e-01
    2.6550000000e+05    2.0850437398e-01
    2.6575000000e+05    1.2466930608e-01
    2.6600000000e+05    2.2456430177e-01
    2.6625000000e+05    1.4288622647e-01
    2.6650000000e+05    1.5606576722e-01
    2.6675000000e+05    1.2121017834e-01
    2.6700000000e+05    1.2009589374e-01
    2.6725000000e+05    1.2433118962e-01
    2.6750000000e+05    1.2315971631e-01
    2.6775000000e+05    1.5851811539e-01
    2.6800000000e+05    1.8598362674e-01
    2.6825000000e+05    1.3641073048e-01
    2.6850000000e+05    1.4243158395e-01
    2.6875000000e+05    1.2026812110e-01
    2.6900000000e+05    1.2284200165e-01
    2.6925000000e+05    1.6445180690e-01
    2.6950000000e+05    1.5105325474e-01
    2.6975000000e+05    1.6918059915e-01
    2.7000000000e+05    1.5435386316e-01
    2.7025000000e+05    1.0095053833e-01
    2.7050000000e+05    1.4169264775e-01
    2.7075000000e+05    9.8288185449e-02
    2.7100000000e+05    1.0745628934e-01
    2.7125000000e+05    1.1783475004e-01
    2.7150000000e+05    1.5541527587e-01
    2.7175000000e+05    1.6433202710e-01
    2.7200000000e+05    1.2526515681e-01
    2.7225000000e+05    2.0896859397e-01
    2.7250000000e+05    1.2086397097e-01
    2.7275000000e+05    1.4229316233e-01
    2.7300000000e+05    1.1675390028e-01
    2.7325000000e+05    1.1634553677e-01
    2.7350000000e+05    1.5172681888e-01
    2.7375000000e+05    1.3034936017e-01
    2.7400000000e+05    1.5097614369e-01
    2.7425000000e+05    1.2442483748e-01
    2.7450000000e+05    1.3946340738e-01
    2.7475000000e+05    1.2313197203e-01
    2.7500000000e+05    1.4404301344e-01
    2.7525000000e+05    1.1615529595e-01
    2.7550000000e+05    1.8883728604e-01
    2.7575000000e+05    1.1971193246e-01
    2.7600000000e+05    1.2855948994e-01
    2.7625000000e+05    1.2016732699e-01
    2.7650000000e+05    1.5266888524e-01
    2.7675000000e+05    1.6158660325e-01
    2.7700000000e+05    1.2654618717e-01
    2.7725000000e+05    1.0835201823e-01
    2.7750000000e+05    1.3618036338e-01
    2.7775000000e+05    1.9225146858e-01
    2.7800000000e+05    1.5642470067e-01
    2.7825000000e+05    1.4483620952e-01
    2.7850000000e+05    1.1067289765e-01
    2.7875000000e+05    1.8342822763e-01
    2.7900000000e+05    1.3808318332e-01
    2.7925000000e+05    1.5638027825e-01
    2.7950000000e+05    1.1615367551e-01
    2.7975000000e+05    1.7790173714e-01
    2.8000000000e+05    1.5816764744e-01
    2.8025000000e+05    1.3084272599e-01
    2.8050000000e+05    2.0999144327e-01
    2.8075000000e+05    1.2675168051e-01
    2.8100000000e+05    1.4315993258e-01
    2.8125000000e+05    1.1371762160e-01
    2.8150000000e+05    1.4468571701e-01
    2.8175000000e+05    1.4242075777e-01
    2.8200000000e+05    1.4893400466e-01
    2.8225000000e+05    1.3857355111e-01
    2.8250000000e+05    1.3112449856e-01
    2.8275000000e+05    1.9213895052e-01
    2.8300000000e+05    1.2562800576e-01
    2.8325000000e+05    1.0422887610e-01
    2.8350000000e+05    1.3816359600e-01
    2.8375000000e+05    1.3790972773e-01
    2.8400000000e+05    1.4069267050e-01
    2.8425000000e+05    1.1537914413e-01
    2.8450000000e+05    2.0646225316e-01
    2.8475000000e+05    1.3503614316e-01
    2.8500000000e+05    1.0964410090e-01
    2.8525000000e+05    1.4808418141e-01
    2.8550000000e+05    1.5137023120e-01
    2.8575000000e+05    1.3579594706e-01
    2.8600000000e+05    1.3170763247e-01
    2.8625000000e+05    1.3025154177e-01
    2.8650000000e+05    1.6674955603e-01
    2.8675000000e+05    1.3607161950e-01
    2.8700000000e+05    1.6196728038e-01
    2.8725000000e+05    1.3459886747e-01
    2.8750000000e+05    1.7331600074e-01
    2.8775000000e+05    1.4260620407e-01
    2.8800000000e+05    1.3355917260e-01
    2.8825000000e+05    1.5183964031e-01
    2.8850000000e+05    1.4447305814e-01
    2.8875000000e+05    1.4727390870e-01
    2.8900000000e+05    1.5136904899e-01
    2.8925000000e+05    1.3396622069e-01
    2.8950000000e+05    1.3564578349e-01
    2.8975000000e+05    1.8654830906e-01
    2.9000000000e+05    1.4290727078e-01
    2.9025000000e+05    1.4880677028e-01
    2.9050000000e+05    2.4249510132e-01
    2.9075000000e+05    1.2783538608e-01
    2.9100000000e+05    1.3777830508e-01
    2.9125000000e+05    1.1499690549e-01
    2.9150000000e+05    1.8087647727e-01
    2.9175000000e+05    1.7458101846e-01
    2.9200000000e+05    1.4184749548e-01
    2.9225000000e+05    1.5099887525e-01
    2.9250000000e+05    1.2775826187e-01
    2.9275000000e+05    1.6756858407e-01
    2.9300000000e+05    1.2910874343e-01
    2.9325000000e+05    1.1569068031e-01
    2.9350000000e+05    1.2162105895e-01
    2.9375000000e+05    1.1794689734e-01
    2.9400000000e+05    1.4965027849e-01
    2.9425000000e+05    1.0237934850e-01
    2.9450000000e+05    1.5810619136e-01
    2.9475000000e+05    1.1740684645e-01
    2.9500000000e+05    1.4075522722e-01
    2.9525000000e+05    1.2979043706e-01
    2.9550000000e+05    1.3100369092e-01
    2.9575000000e+05    2.8234208898e-01
    2.9600000000e+05    1.1338864099e-01
    2.9625000000e+05    1.3353581664e-01
    2.9650000000e+05    1.5009963630e-01
    2.9675000000e+05    1.6836561211e-01
    2.9700000000e+05    1.5732366654e-01
    2.9725000000e+05    1.5052716867e-01
    2.9750000000e+05    1.3153789768e-01
    2.9775000000e+05    1.6148450701e-01
    2.9800000000e+05    1.7304202592e-01
    2.9825000000e+05    1.4671047874e-01
    2.9850000000e+05    1.0420072160e-01
    2.9875000000e+05    1.7166910149e-01
    2.9900000000e+05    1.3091004136e-01
    2.9925000000e+05    1.8309643333e-01
    2.9950000000e+05    1.6024399476e-01
    2.9975000000e+05    1.6050736905e-01
    3.0000000000e+05    1.6468698710e-01
    3.0025000000e+05    1.5375130945e-01
    3.0050000000e+05    1.3560699859e-01
    3.0075000000e+05    1.2938123784e-01
    3.0100000000e+05    1.3874058283e-01
    3.0125000000e+05    1.8106997201e-01
    3.0150000000e+05    1.4939970176e-01
    3.0175000000e+05    1.3600596714e-01
    3.0200000000e+05    2.0594833555e-01
    3.0225000000e+05    1.3198849199e-01
    3.0250000000e+05    1.6800125417e-01
    3.0275000000e+05    1.2058601337e-01
    3.0300000000e+05    1.4451375590e-01
    3.0325000000e+05    1.5092331468e-01
    3.0350000000e+05    1.4364198411e-01
    3.0375000000e+05    1.4167967989e-01
    3.0400000000e+05    1.9635009843e-01
    3.0425000000e+05    1.2545904551e-01
    3.0450000000e+05    1.0778364235e-01
    3.0475000000e+05    1.8063433671e-01
    3.0500000000e+05    1.6539619226e-01
    3.0525000000e+05    1.4472314689e-01
    3.0550000000e+05    1.4665097666e-01
    3.0575000000e+05    1.3554596913e-01
    3.0600000000e+05    9.3701339527e-02
    3.0625000000e+05    1.3844051670e-01
    3.0650000000e+05    1.7244178303e-01
    3.0675000000e+05    1.7013465169e-01
    3.0700000000e+05    1.3914709416e-01
    3.0725000000e+05    1.0491249649e-01
    3.0750000000e+05    2.0789588506e-01
    3.0775000000e+05    1.5143189768e-01
    3.0800000000e+05    1.4820242311e-01
    3.0825000000e+05    1.3365630027e-01
    3.0850000000e+05    1.5160758788e-01
    3.0875000000e+05    1.3323993908e-01
    3.0900000000e+05    1.0082949782e-01
    3.0925000000e+05    1.0627569693e-01
    3.0950000000e+05    1.2470042782e-01
    3.0975000000e+05    1.5005784227e-01
    3.1000000000e+05    1.3174956763e-01
    3.1025000000e+05    1.8788919389e-01
    3.1050000000e+05    1.4572327211e-01
    3.1075000000e+05    2.0434548579e-01
    3.1100000000e+05    1.3249215533e-01
    3.1125000000e+05    1.3195109266e-01
    3.1150000000e+05    1.3831173966e-01
    3.1175000000e+05    1.4402535695e-01
    3.1200000000e+05    1.5628233349e-01
    3.1225000000e+05    1.5806300842e-01
    3.1250000000e+05    1.9636613936e-01
    3.1275000000e+05    1.1610733155e-01
    3.1300000000e+05    1.2575019069e-01
    3.1325000000e+05    1.0619490093e-01
    3.1350000000e+05    1.4273995365e-01
    3.1375000000e+05    1.6746643704e-01
    3.1400000000e+05    1.8786047002e-01
    3.1425000000e+05    2.7941833999e-01
    3.1450000000e+05    1.3829498715e-01
    3.1475000000e+05    1.2406412433e-01
    3.1500000000e+05    1.8701380005e-01
    3.1525000000e+05    1.3874684947e-01
    3.1550000000e+05    1.5650287411e-01
    3.1575000000e+05    1.1541032953e-01
    3.1600000000e+05    1.2947853556e-01
    3.1625000000e+05    1.2850774338e-01
    3.1650000000e+05    1.2069574218e-01
    3.1675000000e+05    1.1013630621e-01
    3.1700000000e+05    1.4508476626e-01
    3.1725000000e+05    1.6562695592e-01
    3.1750000000e+05    1.5701145832e-01
    3.1775000000e+05    1.3900812446e-01
    3.1800000000e+05    1.2551183004e-01
    3.1825000000e+05    1.3454920895e-01
    3.1850000000e+05    9.3417357365e-02
    3.1875000000e+05    1.6864168525e-01
    3.1900000000e+05    1.2583753927e-01
    3.1925000000e+05    1.4586179615e-01
    3.1950000000e+05    1.3065640555e-01
    3.1975000000e+05    1.6988889140e-01
    3.2000000000e+05    1.4065064921e-01
    3.2025000000e+05    1.3119817786e-01
    3.2050000000e+05    1.8873680267e-01
    3.2075000000e+05    1.8411511142e-01
    3.2100000000e+05    1.4840647347e-01
    3.2125000000e+05    1.5194654393e-01
    3.2150000000e+05    1.3596843734e-01
    3.2175000000e+05    8.8720814136e-02
    3.2200000000e+05    1.2011505165e-01
    3.2225000000e+05    1.4611855946e-01
    3.2250000000e+05    1.2547612700e-01
    3.2275000000e+05    1.6508171144e-01
    3.2300000000e+05    1.0557959288e-01
    3.2325000000e+05    1.0037512476e-01
    3.2350000000e+05    1.1868362893e-01
    3.2375000000e+05    1.1604101655e-01
    3.2400000000e+05    2.0759985284e-01
    3.2425000000e+05    2.2107463970e-01
    3.2450000000e+05    1.7727447726e-01
    3.2475000000e+05    1.6053627998e-01
    3.2500000000e+05    2.0423458522e-01
    3.2525000000e+05    1.2706248262e-01
    3.2550000000e+05    1.3085055660e-01
    3.2575000000e+05    1.5329746628e-01
    3.2600000000e+05    1.4873993175e-01
    3.2625000000e+05    1.2817088094e-01
    3.2650000000e+05    1.6019715181e-01
    3.2675000000e+05    1.4578564053e-01
    3.2700000000e+05    1.4236076580e-01
    3.2725000000e+05    1.2416619549e-01
    3.2750000000e+05    1.2961384636e-01
    3.2775000000e+05    1.0556021834e-01
    3.2800000000e+05    1.5045268087e-01
    3.2825000000e+05    1.1168571611e-01
    3.2850000000e+05    1.2817995553e-01
    3.2875000000e+05    1.4519846965e-01
    3.2900000000e+05    9.3229591522e-02
    3.2925000000e+05    1.5568294395e-01
    3.2950000000e+05    1.6597461032e-01
    3.2975000000e+05    1.8732788260e-01
    3.3000000000e+05    1.8597099448e-01
    3.3025000000e+05    2.2163857532e-01
    3.3050000000e+05    1.2337741524e-01
    3.3075000000e+05    1.1091530171e-01
    3.3100000000e+05    1.1986953599e-01
    3.3125000000e+05    9.7882606606e-02
    3.3150000000e+05    1.4052925582e-01
    3.3175000000e+05    1.1194581915e-01
    3.3200000000e+05    1.4574358321e-01
    3.3225000000e+05    1.0917931904e-01
    3.3250000000e+05    1.3710811353e-01
    3.3275000000e+05    2.1411452345e-01
    3.3300000000e+05    1.5368192536e-01
    3.3325000000e+05    1.5286031678e-01
    3.3350000000e+05    1.2660325341e-01
    3.3375000000e+05    1.5698857347e-01
    3.3400000000e+05    1.2401076484e-01
    3.3425000000e+05    1.3003436646e-01
    3.3450000000e+05    1.5743513877e-01
    3.3475000000e+05    1.1295089917e-01
    3.3500000000e+05    1.0984555328e-01
    3.3525000000e+05    1.0931553935e-01
    3.3550000000e+05    1.0855922677e-01
    3.3575000000e+05    1.7878089066e-01
    3.3600000000e+05    1.6427629618e-01
    3.3625000000e+05    2.0098466299e-01
    3.3650000000e+05    1.5690887405e-01
    3.3675000000e+05    1.3661690180e-01
    3.3700000000e+05    1.7723785527e-01
    3.3725000000e+05    2.1351731837e-01
    3.3750000000e+05    1.8453301273e-01
    3.3775000000e+05    1.2201330870e-01
    3.3800000000e+05    1.7380663940e-01
    3.3825000000e+05    1.9798169318e-01
    3.3850000000e+05    1.0340556054e-01
    3.3875000000e+05    1.4859186256e-01
    3.3900000000e+05    2.0464113006e-01
    3.3925000000e+05    1.6192326863e-01
    3.3950000000e+05    1.4736036605e-01
    3.3975000000e+05    1.6822336223e-01
    3.4000000000e+05    1.7082845625e-01
    3.4025000000e+05    1.2736592284e-01
    3.4050000000e+05    1.2913084900e-01
    3.4075000000e+05    1.4922305377e-01
    3.4100000000e+05    1.3471944964e-01
    3.4125000000e+05    1.6893073437e-01
    3.4150000000e+05    1.5661711403e-01
    3.4175000000e+05    1.4968518607e-01
    3.4200000000e+05    1.8608983503e-01
    3.4225000000e+05    1.3392718824e-01
    3.4250000000e+05    1.2113399093e-01
    3.4275000000e+05    1.4023016835e-01
    3.4300000000e+05    1.5264141746e-01
    3.4325000000e+05    1.1317233292e-01
    3.4350000000e+05    1.8487859947e-01
    3.4375000000e+05    1.1640888861e-01
    3.4400000000e+05    1.2993535637e-01
    3.4425000000e+05    1.6838497479e-01
    3.4450000000e+05    1.1658228806e-01
    3.4475000000e+05    1.3209339040e-01
    3.4500000000e+05    1.9540362272e-01
    3.4525000000e+05    1.5674504709e-01
    3.4550000000e+05    1.1947267008e-01
    3.4575000000e+05    2.1549480850e-01
    3.4600000000e+05    1.7713210762e-01
    3.4625000000e+05    1.5900601926e-01
    3.4650000000e+05    1.2421944237e-01
    3.4675000000e+05    1.5451413630e-01
    3.4700000000e+05    1.5098087011e-01
    3.4725000000e+05    1.6497595278e-01
    3.4750000000e+05    1.5097718837e-01
    3.4775000000e+05    1.8139468152e-01
    3.4800000000e+05    1.0944980951e-01
    3.4825000000e+05    1.1346871091e-01
    3.4850000000e+05    1.3887695978e-01
    3.4875000000e+05    1.0302281483e-01
    3.4900000000e+05    1.3976403509e-01
    3.4925000000e+05    1.4249847270e-01
    3.4950000000e+05    1.5080809084e-01
    3.4975000000e+05    1.5265077384e-01
    3.5000000000e+05    1.7389563096e-01
    3.5025000000e+05    2.0196831790e-01
    3.5050000000e+05    1.8944069665e-01
    3.5075000000e+05    1.8763953236e-01
    3.5100000000e+05    1.7193698182e-01
    3.5125000000e+05    9.4018366995e-02
    3.5150000000e+05    1.4874518893e-01
    3.5175000000e+05    1.8402347813e-01
    3.5200000000e+05    1.4925891632e-01
    3.5225000000e+05    1.4207340764e-01
    3.5250000000e+05    1.6550782511e-01
    3.5275000000e+05    1.8458841456e-01
    3.5300000000e+05    1.6675556280e-01
    3.5325000000e+05    1.7069338022e-01
    3.5350000000e+05    1.8491949432e-01
    3.5375000000e+05    1.4576433268e-01
    3.5400000000e+05    1.0757354496e-01
    3.5425000000e+05    1.6093440245e-01
    3.5450000000e+05    2.3189978714e-01
    3.5475000000e+05    2.1741270710e-01
    3.5500000000e+05    1.3336827762e-01
    3.5525000000e+05    1.7673987701e-01
    3.5550000000e+05    1.1811830912e-01
    3.5575000000e+05    1.7549982643e-01
    3.5600000000e+05    1.3385932826e-01
    3.5625000000e+05    1.2995685281e-01
    3.5650000000e+05    1.3984067160e-01
    3.5675000000e+05    1.1884020724e-01
    3.5700000000e+05    1.4758393141e-01
    3.5725000000e+05    1.1323417946e-01
    3.5750000000e+05    1.5572120392e-01
    3.5775000000e+05    1.5029212027e-01
    3.5800000000e+05    1.7608059928e-01
    3.5825000000e+05    1.3796828435e-01
    3.5850000000e+05    1.4009458074e-01
    3.5875000000e+05    1.0260604833e-01
    3.5900000000e+05    1.0171272291e-01
    3.5925000000e+05    1.8942645211e-01
    3.5950000000e+05    1.0239440854e-01
    3.5975000000e+05    1.4133978171e-01
    3.6000000000e+05    1.4575016907e-01
    3.6025000000e+05    1.8318283055e-01
    3.6050000000e+05    1.2865242777e-01
    3.6075000000e+05    1.6157935868e-01
    3.6100000000e+05    1.7865733703e-01
    3.6125000000e+05    1.3800544494e-01
    3.6150000000e+05    1.5729183885e-01
    3.6175000000e+05    1.4198882232e-01
    3.6200000000e+05    1.3530698261e-01
    3.6225000000e+05    1.4030499316e-01
    3.6250000000e+05    1.1970936952e-01
    3.6275000000e+05    1.3627751943e-01
    3.6300000000e+05    1.6755472360e-01
    3.6325000000e+05    1.3409540055e-01
    3.6350000000e+05    1.5056751827e-01
    3.6375000000e+05    1.3646598963e-01
    3.6400000000e+05    2.1626560550e-01
    3.6425000000e+05    1.2257998671e-01
    3.6450000000e+05    1.2726371205e-01
    3.6475000000e+05    1.3553767648e-01
    3.6500000000e+05    1.6342884471e-01
    3.6525000000e+05    9.9178438632e-02
    3.6550000000e+05    1.1336495536e-01
    3.6575000000e+05    1.3945099117e-01
    3.6600000000e+05    1.4499858188e-01
    3.6625000000e+05    1.3571240673e-01
    3.6650000000e+05    1.6914004971e-01
    3.6675000000e+05    1.6484295342e-01
    3.6700000000e+05    1.5996304896e-01
    3.6725000000e+05    1.4462093040e-01
    3.6750000000e+05    1.4056421041e-01
    3.6775000000e+05    1.8904114586e-01
    3.6800000000e+05    1.4256504944e-01
    3.6825000000e+05    1.8982965452e-01
    3.6850000000e+05    1.3246710759e-01
    3.6875000000e+05    1.3571184978e-01
    3.6900000000e+05    1.1072198482e-01
    3.6925000000e+05    1.4554063732e-01
    3.6950000001e+05    1.3420361626e-01
    3.6975000001e+05    1.4217348497e-01
    3.7000000001e+05    1.6353052546e-01
    3.7025000001e+05    1.2049407755e-01
    3.7050000001e+05    1.3033554842e-01
    3.7075000001e+05    1.1422196274e-01
    3.7100000001e+05    1.3954499308e-01
    3.7125000001e+05    1.5119758983e-01
    3.7150000001e+05    1.5319382149e-01
    3.7175000001e+05    1.5601126256e-01
    3.7200000001e+05    1.6030713986e-01
    3.7225000001e+05    1.4418178889e-01
    3.7250000001e+05    1.0331510816e-01
    3.7275000001e+05    1.1401881762e-01
    3.7300000001e+05    1.4360292648e-01
    3.7325000001e+05    1.0547163179e-01
    3.7350000001e+05    1.6487159485e-01
    3.7375000001e+05    1.0100858924e-01
    3.7400000001e+05    1.3694912647e-01
    3.7425000001e+05    1.1693275468e-01
    3.7450000001e+05    2.1950238212e-01
    3.7475000001e+05    1.2691302217e-01
    3.7500000001e+05    9.2275959008e-02
    3.7525000001e+05    1.2061306819e-01
    3.7550000001e+05    1.3024508320e-01
    3.7575000001e+05    1.6685975714e-01
    3.7600000001e+05    1.0462609597e-01
    3.7625000001e+05    1.5624032469e-01
    3.7650000001e+05    1.4822192020e-01
    3.7675000001e+05    1.2145847570e-01
    3.7700000001e+05    1.5622940936e-01
    3.7725000001e+05    1.7083448801e-01
    3.7750000001e+05    1.8561214926e-01
    3.7775000001e+05    1.3041287519e-01
    3.7800000001e+05    1.4212695860e-01
    3.7825000001e+05    1.2150557791e-01
    3.7850000001e+05    1.5193252696e-01
    3.7875000001e+05    1.7905338779e-01
    3.7900000001e+05    1.3646032413e-01
    3.7925000001e+05    1.5991723330e-01
    3.7950000001e+05    1.6123092143e-01
    3.7975000001e+05    1.4630984884e-01
    3.8000000001e+05    2.1929972758e-01
    3.8025000001e+05    1.6405066682e-01
    3.8050000001e+05    1.7353823555e-01
    3.8075000001e+05    1.2367323151e-01
    3.8100000001e+05    1.2711841416e-01
    3.8125000001e+05    1.1775149190e-01
    3.8150000001e+05    1.4976689561e-01
    3.8175000001e+05    1.0201167683e-01
    3.8200000001e+05    1.4851412647e-01
    3.8225000001e+05    1.9269561634e-01
    3.8250000001e+05    1.4590218965e-01
    3.8275000001e+05    1.2718132100e-01
    3.8300000001e+05    1.3370913735e-01
    3.8325000001e+05    1.7083232280e-01
    3.8350000001e+05    1.5258901708e-01
    3.8375000001e+05    1.3200565531e-01
    3.8400000001e+05    1.4352651028e-01
    3.8425000001e+05    1.7677192093e-01
    3.8450000001e+05    1.3935241320e-01
    3.8475000001e+05    1.3635184708e-01
    3.8500000001e+05    1.2775693195e-01
    3.8525000001e+05    1.3435471230e-01
    3.8550000001e+05    1.2721475215e-01
    3.8575000001e+05    1.3348780986e-01
    3.8600000001e+05    1.5054035354e-01
    3.8625000001e+05    1.5054824111e-01
    3.8650000001e+05    1.5437656792e-01
    3.8675000001e+05    1.8175365534e-01
    3.8700000001e+05    1.5507136001e-01
    3.8725000001e+05    1.4820005863e-01
    3.8750000001e+05    1.7463352408e-01
    3.8775000001e+05    1.8754370328e-01
    3.8800000001e+05    1.4900144069e-01
    3.8825000001e+05    1.8765283543e-01
    3.8850000001e+05    1.4869706128e-01
    3.8875000001e+05    2.4380953301e-01
    3.8900000001e+05    1.3558639038e-01
    3.8925000001e+05    1.7851605088e-01
    3.8950000001e+05    1.1720564286e-01
    3.8975000001e+05    1.4865205646e-01
    3.9000000001e+05    2.3526882783e-01
    3.9025000001e+05    1.6220254365e-01
    3.9050000001e+05    1.6409464004e-01
    3.9075000001e+05    1.3887341029e-01
    3.9100000001e+05    2.3450017138e-01
    3.9125000001e+05    1.3522262395e-01
    3.9150000001e+05    1.3704434974e-01
    3.9175000001e+05    1.5886650067e-01
    3.9200000001e+05    1.1736755074e-01
    3.9225000001e+05    1.1723519418e-01
    3.9250000001e+05    1.6407669857e-01
    3.9275000001e+05    1.2355677536e-01
    3.9300000001e+05    1.1797035463e-01
    3.9325000001e+05    1.6543903000e-01
    3.9350000001e+05    1.3388923217e-01
    3.9375000001e+05    1.2002124253e-01
    3.9400000001e+05    1.6218160641e-01
    3.9425000001e+05    1.3014354738e-01
    3.9450000001e+05    1.6605275664e-01
    3.9475000001e+05    1.2601053156e-01
    3.9500000001e+05    1.7544319940e-01
    3.9525000001e+05    1.2657875794e-01
    3.9550000001e+05    1.3751196078e-01
    3.9575000001e+05    1.4539323692e-01
    3.9600000001e+05    1.3650680686e-01
    3.9625000001e+05    1.6231894314e-01
    3.9650000001e+05    1.4284118810e-01
    3.9675000001e+05    1.1831952238e-01
    3.9700000001e+05    1.3267795095e-01
    3.9725000001e+05    1.5571576934e-01
    3.9750000001e+05    1.3768836063e-01
    3.9775000001e+05    1.6014512513e-01
    3.9800000001e+05    1.2035119155e-01
    3.9825000001e+05    1.3515857576e-01
    3.9850000001e+05    1.6195464707e-01
    3.9875000001e+05    1.1844431633e-01
    3.9900000001e+05    1.7537951872e-01
    3.9925000001e+05    1.0335557113e-01
    3.9950000001e+05    2.4479202982e-01
    3.9975000001e+05    1.3388779650e-01
    4.0000000001e+05    1.3718491648e-01
    4.0025000001e+05    1.1615493883e-01
    4.0050000001e+05    1.6661842104e-01
    4.0075000001e+05    1.7664560688e-01
    4.0100000001e+05    1.6492179923e-01
    4.0125000001e+05    1.8756542430e-01
    4.0150000001e+05    1.3868536930e-01
    4.0175000001e+05    1.2262327114e-01
    4.0200000001e+05    1.0816205911e-01
    4.0225000001e+05    1.3678041230e-01
    4.0250000001e+05    1.2214589058e-01
    4.0275000001e+05    1.5172043353e-01
    4.0300000001e+05    1.6652309607e-01
    4.0325000001e+05    1.4946607676e-01
    4.0350000001e+05    1.9794611140e-01
    4.0375000001e+05    1.6383700161e-01
    4.0400000001e+05    1.9421896375e-01
    4.0425000001e+05    1.9170296079e-01
    4.0450000001e+05    1.5088879379e-01
    4.0475000001e+05    1.4611036876e-01
    4.0500000001e+05    1.8423519381e-01
    4.0525000001e+05    1.8816451032e-01
    4.0550000001e+05    2.3705046182e-01
    4.0575000001e+05    1.5884952861e-01
    4.0600000001e+05    1.3021782634e-01
    4.0625000001e+05    1.1650009509e-01
    4.0650000001e+05    1.2877683978e-01
    4.0675000001e+05    1.7258412171e-01
    4.0700000001e+05    1.3385605449e-01
    4.0725000001e+05    1.2557280569e-01
    4.0750000001e+05    1.4365697244e-01
    4.0775000001e+05    1.8295191274e-01
    4.0800000001e+05    1.3542562400e-01
    4.0825000001e+05    1.1129892763e-01
    4.0850000001e+05    1.7311310891e-01
    4.0875000001e+05    1.6919870242e-01
    4.0900000001e+05    1.5531301713e-01
    4.0925000001e+05    1.5562617042e-01
    4.0950000001e+05    1.0475763467e-01
    4.0975000001e+05    1.3576855806e-01
    4.1000000001e+05    1.4575776386e-01
    4.1025000001e+05    1.3874499865e-01
    4.1050000001e+05    1.0656345356e-01
    4.1075000001e+05    1.2113682781e-01
    4.1100000001e+05    1.1895404829e-01
    4.1125000001e+05    9.6547723620e-02
    4.1150000001e+05    1.1635710812e-01
    4.1175000001e+05    9.6152117323e-02
    4.1200000001e+05    1.6796385116e-01
    4.1225000001e+05    1.3770118156e-01
    4.1250000001e+05    1.4595121182e-01
    4.1275000001e+05    1.7432299293e-01
    4.1300000001e+05    1.5996923232e-01
    4.1325000001e+05    1.7612707834e-01
    4.1350000001e+05    1.3449820802e-01
    4.1375000001e+05    1.3618511147e-01
    4.1400000001e+05    1.5076497842e-01
    4.1425000001e+05    1.2546849823e-01
    4.1450000001e+05    1.3372086119e-01
    4.1475000001e+05    1.4652658897e-01
    4.1500000001e+05    1.4056672504e-01
    4.1525000001e+05    1.1569090091e-01
    4.1550000001e+05    1.4887436082e-01
    4.1575000001e+05    1.2210521649e-01
    4.1600000001e+05    1.4562304061e-01
    4.1625000001e+05    1.2222811450e-01
    4.1650000001e+05    1.1931222768e-01
    4.1675000001e+05    1.5351470235e-01
    4.1700000001e+05    2.0911620286e-01
    4.1725000001e+05    1.3713950392e-01
    4.1750000001e+05    1.1100375575e-01
    4.1775000001e+05    1.6651702168e-01
    4.1800000001e+05    1.5481590333e-01
    4.1825000001e+05    1.7891413957e-01
    4.1850000001e+05    1.2597742752e-01
    4.1875000001e+05    1.4396668948e-01
    4.1900000001e+05    1.7875201147e-01
    4.1925000001e+05    1.3938129813e-01
    4.1950000001e+05    1.3433811738e-01
    4.1975000001e+05    2.1657370869e-01
    4.2000000001e+05    1.6037576967e-01
    4.2025000001e+05    1.4738879942e-01
    4.2050000001e+05    1.9628279992e-01
    4.2075000001e+05    1.6415846008e-01
    4.2100000001e+05    1.6573716448e-01
    4.2125000001e+05    1.9243416041e-01
    4.2150000001e+05    1.3850816648e-01
    4.2175000001e+05    1.4658752026e-01
    4.2200000001e+05    1.7133411388e-01
    4.2225000001e+05    1.9998047862e-01
    4.2250000001e+05    1.6867458520e-01
    4.2275000001e+05    1.1103371550e-01
    4.2300000001e+05    1.4880736004e-01
    4.2325000001e+05    1.4430707414e-01
    4.2350000001e+05    1.3583763152e-01
    4.2375000001e+05    1.6641964713e-01
    4.2400000001e+05    1.6084421179e-01
    4.2425000001e+05    1.6890687535e-01
    4.2450000001e+05    1.3562235360e-01
    4.2475000001e+05    1.3352117141e-01
    4.2500000001e+05    1.2466440836e-01
    4.2525000001e+05    2.3799091470e-01
    4.2550000001e+05    1.3540918458e-01
    4.2575000001e+05    1.7011323616e-01
    4.2600000001e+05    1.1473321257e-01
    4.2625000001e+05    2.2602926013e-01
    4.2650000001e+05    1.4044728547e-01
    4.2675000001e+05    1.6334299083e-01
    4.2700000001e+05    1.2568775085e-01
    4.2725000001e+05    2.0138621634e-01
    4.2750000001e+05    1.6798624949e-01
    4.2775000001e+05    1.4833667004e-01
    4.2800000001e+05    1.7717650786e-01
    4.2825000001e+05    2.1105630331e-01
    4.2850000001e+05    1.3094825147e-01
    4.2875000001e+05    1.5931763156e-01
    4.2900000001e+05    1.5094477541e-01
    4.2925000001e+05    2.0324423404e-01
    4.2950000001e+05    1.4879284478e-01
    4.2975000001e+05    1.6695751674e-01
    4.3000000001e+05    1.3138267421e-01
    4.3025000001e+05    1.4343378755e-01
    4.3050000001e+05    1.3726847093e-01
    4.3075000001e+05    1.4907289306e-01
    4.3100000001e+05    1.5425899993e-01
    4.3125000001e+05    1.6986103744e-01
    4.3150000001e+05    1.5927102744e-01
    4.3175000001e+05    1.0348947350e-01
    4.3200000001e+05    1.3560280650e-01
    4.3225000001e+05    1.3721315137e-01
    4.3250000001e+05    1.7085339448e-01
    4.3275000001e+05    1.6285922693e-01
    4.3300000001e+05    1.9984253894e-01
    4.3325000001e+05    1.5060475273e-01
    4.3350000001e+05    1.3915115612e-01
    4.3375000001e+05    1.9538540812e-01
    4.3400000001e+05    2.1324287570e-01
    4.3425000001e+05    1.8774604102e-01
    4.3450000001e+05    1.7219297109e-01
    4.3475000001e+05    1.2267299928e-01
    4.3500000001e+05    2.2709010188e-01
    4.3525000001e+05    1.2494169085e-01
    4.3550000001e+05    1.1306855134e-01
    4.3575000001e+05    1.1527154649e-01
    4.3600000001e+05    1.2082048149e-01
    4.3625000001e+05    1.1970136478e-01
    4.3650000001e+05    1.4944520947e-01
    4.3675000001e+05    1.3840323209e-01
    4.3700000001e+05    1.9075005672e-01
    4.3725000001e+05    1.1441535525e-01
    4.3750000001e+05    1.6954172198e-01
    4.3775000001e+05    1.5208591713e-01
    4.3800000001e+05    1.2834433219e-01
    4.3825000001e+05    1.2682238062e-01
    4.3850000001e+05    1.4451020794e-01
    4.3875000001e+05    1.5704849986e-01
    4.3900000001e+05    1.3251306639e-01
    4.3925000001e+05    1.3864988569e-01
    4.3950000001e+05    1.9057710990e-01
    4.3975000001e+05    1.3495782233e-01
    4.4000000001e+05    9.7435622377e-02
    4.4025000001e+05    1.3069329619e-01
    4.4050000001e+05    1.2684247675e-01
    4.4075000001e+05    1.6044875427e-01
    4.4100000001e+05    1.1958521996e-01
    4.4125000001e+05    1.1897738479e-01
    4.4150000001e+05    1.6764917962e-01
    4.4175000001e+05    1.1379746987e-01
    4.4200000001e+05    1.3301642648e-01
    4.4225000001e+05    1.1372949445e-01
    4.4250000001e+05    1.3695146017e-01
    4.4275000001e+05    1.1080719689e-01
    4.4300000001e+05    1.7574375185e-01
    4.4325000001e+05    1.3957011962e-01
    4.4350000001e+05    1.4355005258e-01
    4.4375000001e+05    1.3480382302e-01
    4.4400000001e+05    1.4644093993e-01
    4.4425000001e+05    1.4903928108e-01
    4.4450000001e+05    1.1857648242e-01
    4.4475000001e+05    1.6642703807e-01
    4.4500000001e+05    8.4569292124e-02
    4.4525000001e+05    1.4278410426e-01
    4.4550000001e+05    1.3459319316e-01
    4.4575000001e+05    1.2182541587e-01
    4.4600000001e+05    1.6221899375e-01
    4.4625000001e+05    1.1896037627e-01
    4.4650000001e+05    2.2579568154e-01
    4.4675000001e+05    1.4126200855e-01
    4.4700000001e+05    1.8182287229e-01
    4.4725000001e+05    1.5085736595e-01
    4.4750000001e+05    1.4165765852e-01
    4.4775000001e+05    1.7693631736e-01
    4.4800000001e+05    1.0079572160e-01
    4.4825000001e+05    1.4169621210e-01
    4.4850000001e+05    2.6044409731e-01
    4.4875000001e+05    1.3414709421e-01
    4.4900000001e+05    1.3999953774e-01
    4.4925000001e+05    1.7762537675e-01
    4.4950000001e+05    3.0501608836e-01
    4.4975000001e+05    2.1532770049e-01
    4.5000000001e+05    1.4690763346e-01
    4.5025000001e+05    2.1894039481e-01
    4.5050000001e+05    1.6425628787e-01
    4.5075000001e+05    1.8486926645e-01
    4.5100000001e+05    1.4017133409e-01
    4.5125000001e+05    1.4086602328e-01
    4.5150000001e+05    1.7755624721e-01
    4.5175000001e+05    1.7471387159e-01
    4.5200000001e+05    1.6568579368e-01
    4.5225000001e+05    1.2145158961e-01
    4.5250000001e+05    1.7731477065e-01
    4.5275000001e+05    1.4327265279e-01
    4.5300000001e+05    1.8578597515e-01
    4.5325000001e+05    1.6794259417e-01
    4.5350000001e+05    1.4245184588e-01
    4.5375000001e+05    1.5733164950e-01
    4.5400000001e+05    1.3713274779e-01
    4.5425000001e+05    1.4145950314e-01
    4.5450000001e+05    1.4547456248e-01
    4.5475000001e+05    1.1048336385e-01
    4.5500000001e+05    1.1805853601e-01
    4.5525000001e+05    1.3777876027e-01
    4.5550000001e+05    1.4635403684e-01
    4.5575000001e+05    2.8277533534e-01
    4.5600000001e+05    1.2547527950e-01
    4.5625000001e+05    1.4067821224e-01
    4.5650000001e+05    9.4267018655e-02
    4.5675000001e+05    1.3807154180e-01
    4.5700000001e+05    1.4828553845e-01
    4.5725000001e+05    1.3950110606e-01
    4.5750000001e+05    1.5292058668e-01
    4.5775000001e+05    1.4537428251e-01
    4.5800000001e+05    1.5812844498e-01
    4.5825000001e+05    1.4649065374e-01
    4.5850000001e+05    1.1843741163e-01
    4.5875000001e+05    1.1311180954e-01
    4.5900000001e+05    1.5784822284e-01
    4.5925000001e+05    1.3854773775e-01
    4.5950000001e+05    1.3357942130e-01
    4.5975000001e+05    1.4473040966e-01
    4.6000000001e+05    1.4363991409e-01
    4.6025000001e+05    1.5660608892e-01
    4.6050000001e+05    1.4791176715e-01
    4.6075000001e+05    1.6407548969e-01
    4.6100000001e+05    1.3025706942e-01
    4.6125000001e+05    1.2948254337e-01
    4.6150000001e+05    1.2811360419e-01
    4.6175000001e+05    1.5622777101e-01
    4.6200000001e+05    1.4629585772e-01
    4.6225000001e+05    1.3479033619e-01
    4.6250000001e+05    1.5832673920e-01
    4.6275000001e+05    1.6701957764e-01
    4.6300000001e+05    1.6296165586e-01
    4.6325000001e+05    1.2956715546e-01
    4.6350000001e+05    1.3034306044e-01
    4.6375000001e+05    1.5245897449e-01
    4.6400000001e+05    1.3182352658e-01
    4.6425000001e+05    1.3933024678e-01
    4.6450000001e+05    9.8677974340e-02
    4.6475000001e+05    1.0017522046e-01
    4.6500000001e+05    1.3891021334e-01
    4.6525000001e+05    1.0026159706e-01
    4.6550000001e+05    1.5870876417e-01
    4.6575000001e+05    1.4503963860e-01
    4.6600000001e+05    1.4737616016e-01
    4.6625000001e+05    1.2406891492e-01
    4.6650000001e+05    1.6916959232e-01
    4.6675000001e+05    1.3767463734e-01
    4.6700000001e+05    1.4149957432e-01
    4.6725000001e+05    1.2459300033e-01
    4.6750000001e+05    1.5735838380e-01
    4.6775000001e+05    1.8124086762e-01
    4.6800000001e+05    1.3791176112e-01
    4.6825000001e+05    1.5220634369e-01
    4.6850000001e+05    1.3745224980e-01
    4.6875000001e+05    1.3288840203e-01
    4.6900000001e+05    1.8440271568e-01
    4.6925000001e+05    1.0509432076e-01
    4.6950000001e+05    1.6930015773e-01
    4.6975000001e+05    1.5738631357e-01
    4.7000000001e+05    1.7999589532e-01
    4.7025000001e+05    1.6715888220e-01
    4.7050000001e+05    1.6768131722e-01
    4.7075000001e+05    1.7086214390e-01
    4.7100000001e+05    1.0346885048e-01
    4.7125000001e+05    1.4404109335e-01
    4.7150000001e+05    1.9310578604e-01
    4.7175000001e+05    1.2674762204e-01
    4.7200000001e+05    1.2781475388e-01
    4.7225000001e+05    1.5483215208e-01
    4.7250000001e+05    1.2646336908e-01
    4.7275000001e+05    2.6738953710e-01
    4.7300000001e+05    1.4878966471e-01
    4.7325000001e+05    1.6648136477e-01
    4.7350000001e+05    1.5861405104e-01
    4.7375000001e+05    1.5009920067e-01
    4.7400000001e+05    1.0339538193e-01
    4.7425000001e+05    1.8499682485e-01
    4.7450000001e+05    1.5640137282e-01
    4.7475000001e+05    1.1612497190e-01
    4.7500000001e+05    1.1991496389e-01
    4.7525000001e+05    1.0344759694e-01
    4.7550000001e+05    1.5071426641e-01
    4.7575000001e+05    1.9563895817e-01
    4.7600000001e+05    1.8642031078e-01
    4.7625000001e+05    1.3967699604e-01
    4.7650000001e+05    1.2294552436e-01
    4.7675000001e+05    1.3183297308e-01
    4.7700000001e+05    1.5623461253e-01
    4.7725000001e+05    1.0621138960e-01
    4.7750000001e+05    1.7092828799e-01
    4.7775000001e+05    1.1877293236e-01
    4.7800000001e+05    1.1712208581e-01
    4.7825000001e+05    1.2518960569e-01
    4.7850000001e+05    1.2142710792e-01
    4.7875000001e+05    1.1764947545e-01
    4.7900000001e+05    1.0917132333e-01
    4.7925000001e+05    1.4390926878e-01
    4.7950000001e+05    1.1895625849e-01
    4.7975000001e+05    1.6411870191e-01
    4.8000000001e+05    1.2594354571e-01
    4.8025000001e+05    1.4733175696e-01
    4.8050000001e+05    1.0577587463e-01
    4.8075000001e+05    1.3718928442e-01
    4.8100000001e+05    1.2774364724e-01
    4.8125000001e+05    1.0032855734e-01
    4.8150000001e+05    1.1429426931e-01
    4.8175000001e+05    1.2104507766e-01
    4.8200000001e+05    1.5646193627e-01
    4.8225000001e+05    1.1239935839e-01
    4.8250000001e+05    1.0844521314e-01
    4.8275000001e+05    1.2739766051e-01
    4.8300000001e+05    1.4129712830e-01
    4.8325000001e+05    1.4253886341e-01
    4.8350000001e+05    1.9220442096e-01
    4.8375000001e+05    1.0796607818e-01
    4.8400000001e+05    1.3548473009e-01
    4.8425000001e+05    2.0493018501e-01
    4.8450000001e+05    1.2410504730e-01
    4.8475000001e+05    1.3500890965e-01
    4.8500000001e+05    1.9533305926e-01
    4.8525000001e+05    1.1465644003e-01
    4.8550000001e+05    1.1330981364e-01
    4.8575000001e+05    1.4357540282e-01
    4.8600000001e+05    1.3533375151e-01
    4.8625000001e+05    3.0522100844e-01
    4.8650000001e+05    1.2190802591e-01
    4.8675000001e+05    1.3572708131e-01
    4.8700000001e+05    1.5593997463e-01
    4.8725000001e+05    1.5028807304e-01
    4.8750000001e+05    1.5536471972e-01
    4.8775000001e+05    1.4081343143e-01
    4.8800000001e+05    2.0921194434e-01
    4.8825000001e+05    1.7054446414e-01
    4.8850000001e+05    1.5043709238e-01
    4.8875000001e+05    1.3601999248e-01
    4.8900000001e+05    1.6409808044e-01
    4.8925000001e+05    1.6116258052e-01
    4.8950000001e+05    1.3022576108e-01
    4.8975000001e+05    1.9536510025e-01
    4.9000000001e+05    1.4214895317e-01
    4.9025000001e+05    1.4808386256e-01
    4.9050000001e+05    1.3276268509e-01
    4.9075000001e+05    1.7889516022e-01
    4.9100000001e+05    1.2772833932e-01
    4.9125000001e+05    1.5414963375e-01
    4.9150000001e+05    1.3301754929e-01
    4.9175000001e+05    1.6172601122e-01
    4.9200000001e+05    1.5744332441e-01
    4.9225000001e+05    1.7347690224e-01
    4.9250000001e+05    9.7761636949e-02
    4.9275000001e+05    1.7262353650e-01
    4.9300000001e+05    1.6042177134e-01
    4.9325000001e+05    1.4627113768e-01
    4.9350000001e+05    1.5753891345e-01
    4.9375000001e+05    2.1335503127e-01
    4.9400000001e+05    1.6800500379e-01
    4.9425000001e+05    1.3925431895e-01
    4.9450000001e+05    2.1264433992e-01
    4.9475000001e+05    1.8040448000e-01
    4.9500000001e+05    1.8107436678e-01
    4.9525000001e+05    2.0159887152e-01
    4.9550000001e+05    1.2215605487e-01
    4.9575000001e+05    1.1577511372e-01
    4.9600000001e+05    1.1641467202e-01
    4.9625000001e+05    1.0207335147e-01
    4.9650000001e+05    1.0969686898e-01
    4.9675000001e+05    7.6891090504e-02
    4.9700000001e+05    1.3112662516e-01
    4.9725000001e+05    1.3912373435e-01
    4.9750000001e+05    8.5279679718e-02
    4.9775000001e+05    1.5964639235e-01
    4.9800000001e+05    8.4427086777e-02
    4.9825000001e+05    1.1980108022e-01
    4.9850000001e+05    8.1065331107e-02
    4.9875000001e+05    1.2130307199e-01
    4.9900000001e+05    1.1263867353e-01
    4.9925000001e+05    1.0777291893e-01
    4.9950000001e+05    1.4681152068e-01
    4.9975000001e+05    1.0297019866e-01
    5.0000000001e+05    1.4923298819e-01
