    1.0000000000e+02    1.3165207510e-01
    2.0000000000e+02    2.4423552030e-01
    3.0000000000e+02    1.4121569533e-01
    4.0000000000e+02    1.8651074486e-01
    5.0000000000e+02    1.8070421046e-01
    6.0000000000e+02    1.7897871742e-01
    7.0000000000e+02    1.3070111990e-01
    8.0000000000e+02    1.3928091147e-01
    9.0000000000e+02    1.3238774365e-01
    1.0000000000e+03    1.6041296949e-01
    1.1000000000e+03    1.9882440710e-01
    1.2000000000e+03    1.4947927343e-01
    1.3000000000e+03    1.7040669269e-01
    1.4000000000e+03    1.5221853971e-01
    1.5000000000e+03    1.7175183265e-01
    1.6000000000e+03    1.8689216376e-01
    1.7000000000e+03    1.4656230268e-01
    1.8000000000e+03    1.9033328185e-01
    1.9000000000e+03    1.4703131602e-01
    2.0000000000e+03    1.5024001721e-01
    2.1000000000e+03    1.9907562849e-01
    2.2000000000e+03    2.0825647772e-01
    2.3000000000e+03    1.8304514877e-01
    2.4000000000e+03    1.8947640405e-01
    2.5000000000e+03    1.7758747013e-01
    2.6000000000e+03    2.1676821721e-01
    2.7000000000e+03    2.2358386665e-01
    2.8000000000e+03    2.4829818650e-01
    2.9000000000e+03    2.5378068377e-01
    3.0000000000e+03    1.9871058082e-01
    3.1000000000e+03    1.9349177653e-01
    3.2000000000e+03    1.4387667772e-01
    3.3000000000e+03    1.8667816970e-01
    3.4000000000e+03    1.5045742313e-01
    3.5000000000e+03    1.2822378131e-01
    3.6000000000e+03    1.2568670717e-01
    3.7000000000e+03    1.2956886652e-01
    3.8000000000e+03    1.3956726541e-01
    3.9000000000e+03    1.9138682356e-01
    4.0000000000e+03    2.1133098899e-01
    4.1000000000e+03    2.0511912395e-01
    4.2000000000e+03    2.0962588654e-01
    4.3000000000e+03    1.6956430005e-01
    4.4000000000e+03    1.1404821880e-01
    4.5000000000e+03    1.5478422105e-01
    4.6000000000e+03    1.6637895242e-01
    4.7000000000e+03    1.3680542323e-01
    4.8000000000e+03    1.2665074329e-01
    4.9000000000e+03    2.0931824972e-01
    5.0000000000e+03    1.5118764154e-01
    5.1000000000e+03    1.5347686829e-01
    5.2000000000e+03    8.6874619796e-02
    5.3000000000e+03    1.3179674404e-01
    5.4000000000e+03    1.7798711239e-01
    5.5000000000e+03    2.0302335546e-01
    5.6000000000e+03    2.1895971759e-01
    5.7000000000e+03    1.6384822363e-01
    5.8000000000e+03    1.5736871101e-01
    5.9000000000e+03    1.7065216546e-01
    6.0000000000e+03    2.7277786800e-01
    6.1000000000e+03    1.7444911561e-01
    6.2000000000e+03    2.2925271299e-01
    6.3000000000e+03    1.5084759831e-01
    6.4000000000e+03    2.4394240808e-01
    6.5000000000e+03    2.1448676897e-01
    6.6000000000e+03    2.3394382856e-01
    6.7000000000e+03    1.7529671830e-01
    6.8000000000e+03    1.4599091158e-01
    6.9000000000e+03    1.9377017119e-01
    7.0000000000e+03    1.2583298223e-01
    7.1000000000e+03    1.7454010858e-01
    7.2000000000e+03    1.6784398574e-01
    7.3000000000e+03    1.7210638043e-01
    7.4000000000e+03    1.3588320332e-01
    7.5000000000e+03    1.9165985143e-01
    7.6000000000e+03    1.5039885693e-01
    7.7000000000e+03    1.6856264033e-01
    7.8000000000e+03    1.6098997683e-01
    7.9000000000e+03    1.9316930461e-01
    8.0000000000e+03    1.7722979914e-01
    8.1000000000e+03    1.6946452830e-01
    8.2000000000e+03    1.8006032454e-01
    8.3000000000e+03    1.6037817291e-01
    8.4000000000e+03    1.2457949529e-01
    8.5000000000e+03    9.3536105311e-02
    8.6000000000e+03    1.6528359139e-01
    8.7000000000e+03    1.1478082836e-01
    8.8000000000e+03    1.8090340275e-01
    8.9000000000e+03    1.5477260416e-01
    9.0000000000e+03    1.3649303992e-01
    9.1000000000e+03    1.4539723417e-01
    9.2000000000e+03    1.7515833946e-01
    9.3000000000e+03    1.3655818471e-01
    9.4000000000e+03    1.2343999188e-01
    9.5000000000e+03    1.7452226213e-01
    9.6000000000e+03    1.6519079559e-01
    9.7000000000e+03    1.5482598503e-01
    9.8000000000e+03    1.4369489271e-01
    9.9000000000e+03    1.6014268287e-01
    1.0000000000e+04    1.7466614487e-01
    1.0100000000e+04    1.6246311171e-01
    1.0200000000e+04    1.9018394103e-01
    1.0300000000e+04    1.6337249531e-01
    1.0400000000e+04    1.5867972581e-01
    1.0500000000e+04    1.5851479842e-01
    1.0600000000e+04    1.5938934474e-01
    1.0700000000e+04    1.5999919036e-01
    1.0800000000e+04    2.0131448880e-01
    1.0900000000e+04    1.8311887314e-01
    1.1000000000e+04    2.1577267882e-01
    1.1100000000e+04    1.8258252749e-01
    1.1200000000e+04    2.0710083338e-01
    1.1300000000e+04    1.7251948037e-01
    1.1400000000e+04    1.6959629822e-01
    1.1500000000e+04    1.7734792583e-01
    1.1600000000e+04    1.8841874133e-01
    1.1700000000e+04    1.4521945883e-01
    1.1800000000e+04    1.7173231139e-01
    1.1900000000e+04    1.4962155715e-01
    1.2000000000e+04    1.7854981979e-01
    1.2100000000e+04    2.2653718569e-01
    1.2200000000e+04    2.5387034722e-01
    1.2300000000e+04    2.9873534731e-01
    1.2400000000e+04    1.9044749636e-01
    1.2500000000e+04    2.1750486455e-01
    1.2600000000e+04    1.6580750211e-01
    1.2700000000e+04    1.4920029965e-01
    1.2800000000e+04    1.8830262522e-01
    1.2900000000e+04    1.9083028075e-01
    1.3000000000e+04    2.2354442359e-01
    1.3100000000e+04    2.7815938310e-01
    1.3200000000e+04    2.8021979127e-01
    1.3300000000e+04    2.3288972429e-01
    1.3400000000e+04    2.2664587961e-01
    1.3500000000e+04    2.1533331192e-01
    1.3600000000e+04    2.2247320244e-01
    1.3700000000e+04    1.9748128974e-01
    1.3800000000e+04    1.9563519156e-01
    1.3900000000e+04    1.7398091935e-01
    1.4000000000e+04    2.5113158034e-01
    1.4100000000e+04    2.7864390818e-01
    1.4200000000e+04    2.6429624139e-01
    1.4300000000e+04    2.3903428132e-01
    1.4400000000e+04    1.6779662441e-01
    1.4500000000e+04    2.1870829640e-01
    1.4600000000e+04    1.6305978402e-01
    1.4700000000e+04    2.3501115679e-01
    1.4800000000e+04    1.7987802067e-01
    1.4900000000e+04    1.9888783956e-01
    1.5000000000e+04    2.1859550122e-01
    1.5100000000e+04    2.1638209498e-01
    1.5200000000e+04    1.8791243946e-01
    1.5300000000e+04    1.8356250609e-01
    1.5400000000e+04    1.8509895695e-01
    1.5500000000e+04    1.7070650755e-01
    1.5600000000e+04    1.3766226361e-01
    1.5700000000e+04    1.3784400920e-01
    1.5800000000e+04    1.5628261846e-01
    1.5900000000e+04    1.1571985848e-01
    1.6000000000e+04    1.9739919056e-01
    1.6100000000e+04    2.2713462645e-01
    1.6200000000e+04    2.0015672382e-01
    1.6300000000e+04    2.0753604492e-01
    1.6400000000e+04    2.0849047182e-01
    1.6500000000e+04    1.7343541755e-01
    1.6600000000e+04    1.4039440776e-01
    1.6700000000e+04    1.4715388690e-01
    1.6800000000e+04    1.7933111444e-01
    1.6900000000e+04    1.6100468077e-01
    1.7000000000e+04    1.4801950344e-01
    1.7100000000e+04    1.8343485613e-01
    1.7200000000e+04    1.8975173443e-01
    1.7300000000e+04    1.9287308727e-01
    1.7400000000e+04    1.6756058254e-01
    1.7500000000e+04    1.6276389815e-01
    1.7600000000e+04    1.4116534343e-01
    1.7700000000e+04    1.3866388315e-01
    1.7800000000e+04    1.5829498513e-01
    1.7900000000e+04    1.6578657007e-01
    1.8000000000e+04    1.9800558208e-01
    1.8100000000e+04    1.8006489812e-01
    1.8200000000e+04    1.9974709273e-01
    1.8300000000e+04    2.1441501262e-01
    1.8400000000e+04    2.1031556002e-01
    1.8500000000e+04    1.8835764401e-01
    1.8600000000e+04    2.0854656447e-01
    1.8700000000e+04    1.8606843634e-01
    1.8800000000e+04    1.9285332704e-01
    1.8900000000e+04    1.8019658754e-01
    1.9000000000e+04    1.3768501387e-01
    1.9100000000e+04    2.1430895839e-01
    1.9200000000e+04    1.8430694881e-01
    1.9300000000e+04    1.6421650705e-01
    1.9400000000e+04    1.3282793666e-01
    1.9500000000e+04    1.9052077454e-01
    1.9600000000e+04    1.7231727166e-01
    1.9700000000e+04    2.0461962353e-01
    1.9800000000e+04    1.5954273858e-01
    1.9900000000e+04    1.3283558307e-01
    2.0000000000e+04    1.5666921012e-01
    2.0100000000e+04    1.9211118290e-01
    2.0200000000e+04    1.2331045444e-01
    2.0300000000e+04    1.3282114776e-01
    2.0400000000e+04    1.7394522311e-01
    2.0500000000e+04    1.2203900663e-01
    2.0600000000e+04    1.8229107879e-01
    2.0700000000e+04    1.7914523277e-01
    2.0800000000e+04    2.0686190833e-01
    2.0900000000e+04    2.1380757435e-01
    2.1000000000e+04    1.9873735641e-01
    2.1100000000e+04    1.5255874365e-01
    2.1200000000e+04    1.6360210479e-01
    2.1300000000e+04    1.4913689180e-01
    2.1400000000e+04    1.8610100425e-01
    2.1500000000e+04    1.5172039447e-01
    2.1600000000e+04    1.9349569703e-01
    2.1700000000e+04    1.1912330845e-01
    2.1800000000e+04    1.8296716070e-01
    2.1900000000e+04    2.1383381076e-01
    2.2000000000e+04    2.1409846978e-01
    2.2100000000e+04    1.9345091208e-01
    2.2200000000e+04    1.5089956341e-01
    2.2300000000e+04    1.2469702901e-01
    2.2400000000e+04    1.0149112820e-01
    2.2500000000e+04    1.1897730486e-01
    2.2600000000e+04    1.5171739477e-01
    2.2700000000e+04    1.6959024112e-01
    2.2800000000e+04    2.4829911953e-01
    2.2900000000e+04    1.5216332213e-01
    2.3000000000e+04    1.4225638970e-01
    2.3100000000e+04    1.3716944842e-01
    2.3200000000e+04    1.3785363437e-01
    2.3300000000e+04    2.0651500328e-01
    2.3400000000e+04    2.0903556406e-01
    2.3500000000e+04    1.7153627721e-01
    2.3600000000e+04    1.7532366061e-01
    2.3700000000e+04    1.7311302942e-01
    2.3800000000e+04    1.8812975877e-01
    2.3900000000e+04    1.5575547812e-01
    2.4000000000e+04    1.6277476831e-01
    2.4100000000e+04    2.5377589389e-01
    2.4200000000e+04    1.6229373667e-01
    2.4300000000e+04    1.5971159919e-01
    2.4400000000e+04    1.2093872054e-01
    2.4500000000e+04    1.6912544672e-01
    2.4600000000e+04    1.4330914717e-01
    2.4700000000e+04    1.6194357465e-01
    2.4800000000e+04    1.5089399472e-01
    2.4900000000e+04    1.5307735116e-01
    2.5000000000e+04    1.2732999280e-01
    2.5100000000e+04    1.0859156467e-01
    2.5200000000e+04    1.0313646289e-01
    2.5300000000e+04    1.2777335971e-01
    2.5400000000e+04    1.7390084219e-01
    2.5500000000e+04    1.4214923315e-01
    2.5600000000e+04    1.9436367261e-01
    2.5700000000e+04    1.4059964841e-01
    2.5800000000e+04    1.7067403787e-01
    2.5900000000e+04    1.0680546400e-01
    2.6000000000e+04    9.8956475525e-02
    2.6100000000e+04    1.1110128702e-01
    2.6200000000e+04    1.0356212396e-01
    2.6300000000e+04    1.0192907965e-01
    2.6400000000e+04    1.2867822409e-01
    2.6500000000e+04    8.8386398161e-02
    2.6600000000e+04    9.5002563489e-02
    2.6700000000e+04    1.1739846168e-01
    2.6800000000e+04    1.5158879592e-01
    2.6900000000e+04    1.2927227432e-01
    2.7000000000e+04    1.3797373081e-01
    2.7100000000e+04    1.6138383237e-01
    2.7200000000e+04    1.4082536698e-01
    2.7300000000e+04    1.4491512140e-01
    2.7400000000e+04    1.3843874983e-01
    2.7500000000e+04    1.5873389031e-01
    2.7600000000e+04    1.7979007832e-01
    2.7700000000e+04    1.8476395157e-01
    2.7800000000e+04    1.9585138156e-01
    2.7900000000e+04    2.0143087874e-01
    2.8000000000e+04    1.5895010253e-01
    2.8100000000e+04    1.4891340611e-01
    2.8200000000e+04    1.5753440255e-01
    2.8300000000e+04    1.6160089847e-01
    2.8400000000e+04    1.4779205733e-01
    2.8500000000e+04    1.7452417120e-01
    2.8600000000e+04    2.1857246762e-01
    2.8700000000e+04    1.8615309878e-01
    2.8800000000e+04    2.3315776791e-01
    2.8900000000e+04    1.8460499127e-01
    2.9000000000e+04    1.5189546462e-01
    2.9100000000e+04    1.5831767260e-01
    2.9200000000e+04    1.7646296866e-01
    2.9300000000e+04    1.6846517556e-01
    2.9400000000e+04    2.0650890285e-01
    2.9500000000e+04    1.9620291947e-01
    2.9600000000e+04    1.9257851535e-01
    2.9700000000e+04    1.6533891448e-01
    2.9800000000e+04    1.9307653794e-01
    2.9900000000e+04    1.8375603265e-01
    3.0000000000e+04    2.8451831223e-01
    3.0100000000e+04    2.1475877033e-01
    3.0200000000e+04    1.7598972955e-01
    3.0300000000e+04    1.5697577271e-01
    3.0400000000e+04    1.5890409231e-01
    3.0500000000e+04    1.1049457481e-01
    3.0600000000e+04    1.7029536162e-01
    3.0700000000e+04    1.8839894304e-01
    3.0800000000e+04    2.5054207647e-01
    3.0900000000e+04    2.4253657774e-01
    3.1000000000e+04    1.8755289468e-01
    3.1100000000e+04    1.8731596465e-01
    3.1200000000e+04    2.2258979853e-01
    3.1300000000e+04    2.3050467976e-01
    3.1400000000e+04    1.9200270409e-01
    3.1500000000e+04    2.0038193696e-01
    3.1600000000e+04    2.8209706655e-01
    3.1700000000e+04    1.8808324941e-01
    3.1800000000e+04    2.3650233204e-01
    3.1900000000e+04    1.8780393347e-01
    3.2000000000e+04    2.2368572427e-01
    3.2100000000e+04    1.4881230306e-01
    3.2200000000e+04    1.8228667162e-01
    3.2300000000e+04    1.3430750580e-01
    3.2400000000e+04    1.3941468860e-01
    3.2500000000e+04    1.3976411906e-01
    3.2600000000e+04    1.8868355488e-01
    3.2700000000e+04    1.5497737939e-01
    3.2800000000e+04    1.2271111980e-01
    3.2900000000e+04    1.3586113762e-01
    3.3000000000e+04    1.6558971484e-01
    3.3100000000e+04    1.7861722082e-01
    3.3200000000e+04    1.4420012431e-01
    3.3300000000e+04    1.3533606026e-01
    3.3400000000e+04    9.6810294886e-02
    3.3500000000e+04    1.2461179420e-01
    3.3600000000e+04    1.0294596095e-01
    3.3700000000e+04    9.6937534036e-02
    3.3800000000e+04    9.7009016593e-02
    3.3900000000e+04    1.4261816754e-01
    3.4000000000e+04    2.0678661654e-01
    3.4100000000e+04    2.1039149105e-01
    3.4200000000e+04    1.6246021726e-01
    3.4300000000e+04    1.4418988179e-01
    3.4400000000e+04    1.0100185332e-01
    3.4500000000e+04    1.7353074506e-01
    3.4600000000e+04    1.5807897594e-01
    3.4700000000e+04    1.8174923995e-01
    3.4800000000e+04    1.7393256392e-01
    3.4900000000e+04    1.1803815999e-01
    3.5000000000e+04    1.3485361293e-01
    3.5100000000e+04    1.4807524769e-01
    3.5200000000e+04    2.1320475342e-01
    3.5300000000e+04    2.0229912805e-01
    3.5400000000e+04    1.7830863003e-01
    3.5500000000e+04    1.8608460805e-01
    3.5600000000e+04    2.0450166667e-01
    3.5700000000e+04    1.7246980497e-01
    3.5800000000e+04    1.8300963188e-01
    3.5900000000e+04    2.0976128757e-01
    3.6000000000e+04    1.8031879630e-01
    3.6100000000e+04    2.0111959808e-01
    3.6200000000e+04    1.5521684823e-01
    3.6300000000e+04    1.6268466597e-01
    3.6400000000e+04    2.5431237866e-01
    3.6500000000e+04    2.1427522624e-01
    3.6600000000e+04    1.8206808785e-01
    3.6700000000e+04    2.1440453270e-01
    3.6800000000e+04    2.1542968866e-01
    3.6900000000e+04    2.3700048814e-01
    3.7000000000e+04    2.7238885906e-01
    3.7100000000e+04    2.4706166738e-01
    3.7200000000e+04    1.9122864819e-01
    3.7300000000e+04    1.7496552682e-01
    3.7400000000e+04    2.0418626789e-01
    3.7500000000e+04    1.8523478898e-01
    3.7600000000e+04    1.7468982586e-01
    3.7700000000e+04    1.9369237032e-01
    3.7800000000e+04    2.3107810120e-01
    3.7900000000e+04    1.8839376249e-01
    3.8000000000e+04    2.0557859096e-01
    3.8100000000e+04    1.9945939057e-01
    3.8200000000e+04    1.2668882802e-01
    3.8300000000e+04    2.8588928814e-01
    3.8400000000e+04    1.6712356886e-01
    3.8500000000e+04    1.7572136288e-01
    3.8600000000e+04    2.6784849986e-01
    3.8700000000e+04    2.5608385821e-01
    3.8800000000e+04    2.9896514795e-01
    3.8900000000e+04    1.9850038234e-01
    3.9000000000e+04    2.1333436422e-01
    3.9100000000e+04    2.5575995262e-01
    3.9200000000e+04    2.1601852157e-01
    3.9300000000e+04    1.7240996169e-01
    3.9400000000e+04    1.4443483100e-01
    3.9500000000e+04    2.1000829730e-01
    3.9600000000e+04    1.6735049980e-01
    3.9700000000e+04    1.8930179405e-01
    3.9800000000e+04    2.5973133989e-01
    3.9900000000e+04    2.2064646105e-01
    4.0000000000e+04    2.1445031878e-01
    4.0100000000e+04    2.2503011512e-01
    4.0200000000e+04    2.1201706718e-01
    4.0300000000e+04    2.0455985526e-01
    4.0400000000e+04    2.0588831880e-01
    4.0500000000e+04    1.8744194658e-01
    4.0600000000e+04    2.1365441429e-01
    4.0700000000e+04    2.2007311415e-01
    4.0800000000e+04    2.9674945091e-01
    4.0900000000e+04    1.8761934432e-01
    4.1000000000e+04    1.2019159602e-01
    4.1100000000e+04    1.0426946250e-01
    4.1200000000e+04    1.4179212346e-01
    4.1300000000e+04    1.4368328044e-01
    4.1400000000e+04    2.0952385942e-01
    4.1500000000e+04    1.8326886334e-01
    4.1600000000e+04    2.2035326020e-01
    4.1700000000e+04    1.9118753617e-01
    4.1800000000e+04    1.7340620666e-01
    4.1900000000e+04    1.3436934681e-01
    4.2000000000e+04    1.8057199469e-01
    4.2100000000e+04    1.7307644905e-01
    4.2200000000e+04    2.0197146382e-01
    4.2300000000e+04    2.1750876486e-01
    4.2400000000e+04    2.2060578299e-01
    4.2500000000e+04    2.1740842910e-01
    4.2600000000e+04    2.2845124259e-01
    4.2700000000e+04    3.4670161041e-01
    4.2800000000e+04    2.7011640359e-01
    4.2900000000e+04    2.5770483429e-01
    4.3000000000e+04    1.5249557969e-01
    4.3100000000e+04    1.8812858987e-01
    4.3200000000e+04    1.7455747697e-01
    4.3300000000e+04    2.1943457363e-01
    4.3400000000e+04    1.9189051633e-01
    4.3500000000e+04    1.6162283070e-01
    4.3600000000e+04    1.8582994880e-01
    4.3700000000e+04    1.7162810371e-01
    4.3800000000e+04    1.9864060531e-01
    4.3900000000e+04    1.8855474373e-01
    4.4000000000e+04    1.9614977130e-01
    4.4100000000e+04    2.2797840992e-01
    4.4200000000e+04    2.1925473549e-01
    4.4300000000e+04    2.1399955240e-01
    4.4400000000e+04    2.9471188616e-01
    4.4500000000e+04    2.1818285032e-01
    4.4600000000e+04    2.1981840355e-01
    4.4700000000e+04    1.6408387197e-01
    4.4800000000e+04    2.5069725846e-01
    4.4900000000e+04    2.2317682252e-01
    4.5000000000e+04    1.8324974180e-01
    4.5100000000e+04    1.6901020856e-01
    4.5200000000e+04    1.3676631323e-01
    4.5300000000e+04    1.0555251989e-01
    4.5400000000e+04    1.2086060361e-01
    4.5500000000e+04    1.2725258660e-01
    4.5600000000e+04    1.8244278611e-01
    4.5700000000e+04    2.2047138539e-01
    4.5800000000e+04    2.1789136324e-01
    4.5900000000e+04    2.8292127131e-01
    4.6000000000e+04    2.8395893186e-01
    4.6100000000e+04    2.2667380265e-01
    4.6200000000e+04    2.2832686641e-01
    4.6300000000e+04    1.9283970430e-01
    4.6400000000e+04    2.0806203013e-01
    4.6500000000e+04    2.0676366388e-01
    4.6600000000e+04    2.4450024730e-01
    4.6700000000e+04    1.9443144849e-01
    4.6800000000e+04    1.5029545711e-01
    4.6900000000e+04    2.1504318293e-01
    4.7000000000e+04    2.0284616185e-01
    4.7100000000e+04    2.0503857097e-01
    4.7200000000e+04    1.9896752299e-01
    4.7300000000e+04    2.4204807617e-01
    4.7400000000e+04    2.4082622498e-01
    4.7500000000e+04    2.3636313901e-01
    4.7600000000e+04    2.4155211273e-01
    4.7700000000e+04    1.8166323345e-01
    4.7800000000e+04    2.6909005546e-01
    4.7900000000e+04    1.4018776710e-01
    4.8000000000e+04    2.2487474757e-01
    4.8100000000e+04    2.0079844508e-01
    4.8200000000e+04    1.9962357288e-01
    4.8300000000e+04    2.3074810977e-01
    4.8400000000e+04    2.2869680635e-01
    4.8500000000e+04    2.4150090145e-01
    4.8600000000e+04    2.3393051281e-01
    4.8700000000e+04    2.1465810292e-01
    4.8800000000e+04    1.7695811746e-01
    4.8900000000e+04    1.3350045092e-01
    4.9000000000e+04    1.2461986732e-01
    4.9100000000e+04    1.7194382764e-01
    4.9200000000e+04    1.4200395633e-01
    4.9300000000e+04    1.3941229769e-01
    4.9400000000e+04    1.3394586813e-01
    4.9500000000e+04    1.3461275481e-01
    4.9600000000e+04    1.5762556976e-01
    4.9700000000e+04    1.6943392421e-01
    4.9800000000e+04    2.0780840082e-01
    4.9900000000e+04    1.9825769805e-01
    5.0000000000e+04    1.7268787821e-01
    5.0100000000e+04    1.8049114081e-01
    5.0200000000e+04    2.0346308028e-01
    5.0300000000e+04    1.9219722750e-01
    5.0400000000e+04    1.6344929009e-01
    5.0500000000e+04    1.9408783801e-01
    5.0600000000e+04    1.9650853814e-01
    5.0700000000e+04    1.8463802713e-01
    5.0800000000e+04    1.6723956825e-01
    5.0900000000e+04    1.6154189354e-01
    5.1000000000e+04    1.4687177225e-01
    5.1100000000e+04    1.5500219542e-01
    5.1200000000e+04    2.8092954116e-01
    5.1300000000e+04    2.1753040473e-01
    5.1400000000e+04    1.6023895998e-01
    5.1500000000e+04    1.8713175979e-01
    5.1600000000e+04    1.6094509734e-01
    5.1700000000e+04    1.7220699928e-01
    5.1800000000e+04    1.3266369197e-01
    5.1900000000e+04    1.7693962422e-01
    5.2000000000e+04    2.4105413241e-01
    5.2100000000e+04    1.8370648288e-01
    5.2200000000e+04    2.0014374106e-01
    5.2300000000e+04    2.0269153139e-01
    5.2400000000e+04    1.6140881200e-01
    5.2500000000e+04    3.4075940787e-01
    5.2600000000e+04    1.5478775101e-01
    5.2700000000e+04    1.6071995087e-01
    5.2800000000e+04    1.5739931807e-01
    5.2900000000e+04    1.8607498060e-01
    5.3000000000e+04    1.6703504602e-01
    5.3100000000e+04    1.7170858599e-01
    5.3200000000e+04    2.1109556470e-01
    5.3300000000e+04    4.8934848669e-01
    5.3400000000e+04    2.6298923161e-01
    5.3500000000e+04    1.9066722824e-01
    5.3600000000e+04    2.4947316999e-01
    5.3700000000e+04    2.1465398257e-01
    5.3800000000e+04    1.5741908689e-01
    5.3900000000e+04    1.8597896966e-01
    5.4000000000e+04    4.1183657598e-01
    5.4100000000e+04    2.4195225609e-01
    5.4200000000e+04    3.1171737174e-01
    5.4300000000e+04    2.1492483462e-01
    5.4400000000e+04    2.0134507499e-01
    5.4500000000e+04    1.6212398931e-01
    5.4600000000e+04    1.8489120828e-01
    5.4700000000e+04    2.3025615550e-01
    5.4800000000e+04    2.8892119896e-01
    5.4900000000e+04    2.4011708466e-01
    5.5000000000e+04    2.6453148267e-01
    5.5100000000e+04    2.1732471892e-01
    5.5200000000e+04    1.9747561859e-01
    5.5300000000e+04    2.3260487655e-01
    5.5400000000e+04    2.7845790164e-01
    5.5500000000e+04    1.8255389287e-01
    5.5600000000e+04    2.3208689221e-01
    5.5700000000e+04    2.2038226725e-01
    5.5800000000e+04    1.7892103416e-01
    5.5900000000e+04    1.8291664034e-01
    5.6000000000e+04    2.2245765010e-01
    5.6100000000e+04    2.2038389261e-01
    5.6200000000e+04    1.8549780416e-01
    5.6300000000e+04    2.4368077257e-01
    5.6400000000e+04    1.8540113789e-01
    5.6500000000e+04    1.9221450164e-01
    5.6600000000e+04    2.0850306361e-01
    5.6700000000e+04    2.1245377013e-01
    5.6800000000e+04    1.8262586992e-01
    5.6900000000e+04    1.8033196679e-01
    5.7000000000e+04    2.1291511963e-01
    5.7100000000e+04    2.0592758250e-01
    5.7200000000e+04    1.5751533950e-01
    5.7300000000e+04    1.8819905268e-01
    5.7400000000e+04    2.2035768110e-01
    5.7500000000e+04    1.9109682384e-01
    5.7600000000e+04    2.3845949747e-01
    5.7700000000e+04    1.9897935589e-01
    5.7800000000e+04    1.6873479594e-01
    5.7900000000e+04    1.6817481230e-01
    5.8000000000e+04    1.3197977134e-01
    5.8100000000e+04    1.5821042705e-01
    5.8200000000e+04    1.9247401063e-01
    5.8300000000e+04    1.9270056257e-01
    5.8400000000e+04    2.4688263232e-01
    5.8500000000e+04    2.0854981922e-01
    5.8600000000e+04    1.5024213129e-01
    5.8700000000e+04    1.1829905992e-01
    5.8800000000e+04    1.2040672628e-01
    5.8900000000e+04    1.5337871778e-01
    5.9000000000e+04    1.9407727119e-01
    5.9100000000e+04    2.6519911274e-01
    5.9200000000e+04    2.8722150538e-01
    5.9300000000e+04    2.3642437420e-01
    5.9400000000e+04    1.8437527111e-01
    5.9500000000e+04    2.1071740229e-01
    5.9600000000e+04    2.0174682276e-01
    5.9700000000e+04    2.1389200567e-01
    5.9800000000e+04    1.8416901592e-01
    5.9900000000e+04    1.9923439400e-01
    6.0000000000e+04    2.2156947783e-01
    6.0100000000e+04    2.0987123888e-01
    6.0200000000e+04    1.6668484524e-01
    6.0300000000e+04    1.7946376563e-01
    6.0400000000e+04    2.2302724640e-01
    6.0500000000e+04    1.8207239313e-01
    6.0600000000e+04    2.3693395536e-01
    6.0700000000e+04    2.4961353831e-01
    6.0800000000e+04    2.1034217689e-01
    6.0900000000e+04    2.7381518385e-01
    6.1000000000e+04    2.8280337501e-01
    6.1100000000e+04    2.4993299696e-01
    6.1200000000e+04    2.7042064911e-01
    6.1300000000e+04    2.0662281767e-01
    6.1400000000e+04    1.8271163074e-01
    6.1500000000e+04    1.8750588596e-01
    6.1600000000e+04    2.0762965730e-01
    6.1700000000e+04    1.8256328449e-01
    6.1800000000e+04    1.8461575293e-01
    6.1900000000e+04    2.1031820534e-01
    6.2000000000e+04    2.4521791928e-01
    6.2100000000e+04    2.2043235146e-01
    6.2200000000e+04    2.4288616211e-01
    6.2300000000e+04    1.8481142653e-01
    6.2400000000e+04    1.6718670585e-01
    6.2500000000e+04    1.9324258078e-01
    6.2600000000e+04    1.9728508133e-01
    6.2700000000e+04    1.6388691652e-01
    6.2800000000e+04    1.4999290094e-01
    6.2900000000e+04    1.7158780373e-01
    6.3000000000e+04    1.3360459393e-01
    6.3100000000e+04    1.3407065220e-01
    6.3200000000e+04    1.3997294779e-01
    6.3300000000e+04    1.3237081751e-01
    6.3400000000e+04    1.2621765498e-01
    6.3500000000e+04    1.4099695933e-01
    6.3600000000e+04    1.3824917802e-01
    6.3700000000e+04    1.3524231780e-01
    6.3800000000e+04    1.2090514668e-01
    6.3900000000e+04    1.6998367852e-01
    6.4000000000e+04    2.0771233830e-01
    6.4100000000e+04    1.3213516866e-01
    6.4200000000e+04    1.5548528611e-01
    6.4300000000e+04    1.4917497083e-01
    6.4400000000e+04    1.2462141998e-01
    6.4500000000e+04    1.0768275399e-01
    6.4600000000e+04    9.5987782398e-02
    6.4700000000e+04    1.2850875819e-01
    6.4800000000e+04    1.6154687441e-01
    6.4900000000e+04    1.7549895090e-01
    6.5000000000e+04    1.9968280870e-01
    6.5100000000e+04    1.9879621728e-01
    6.5200000000e+04    1.5995056172e-01
    6.5300000000e+04    1.2599700718e-01
    6.5400000000e+04    1.1980594253e-01
    6.5500000000e+04    1.3456357186e-01
    6.5600000000e+04    1.3872122016e-01
    6.5700000000e+04    1.7332209112e-01
    6.5800000000e+04    1.4461254681e-01
    6.5900000000e+04    1.5737026394e-01
    6.6000000000e+04    1.7127372713e-01
    6.6100000000e+04    1.9572950776e-01
    6.6200000000e+04    2.0413784098e-01
    6.6300000000e+04    1.7542835509e-01
    6.6400000000e+04    1.8229383204e-01
    6.6500000000e+04    2.3679198097e-01
    6.6600000000e+04    2.3246628666e-01
    6.6700000000e+04    1.5945424547e-01
    6.6800000000e+04    1.3133094050e-01
    6.6900000000e+04    2.1777648795e-01
    6.7000000000e+04    1.7133931662e-01
    6.7100000000e+04    1.3650555680e-01
    6.7200000000e+04    1.2355897743e-01
    6.7300000000e+04    1.5440192833e-01
    6.7400000000e+04    1.7520803957e-01
    6.7500000000e+04    1.8282403060e-01
    6.7600000000e+04    1.9832797078e-01
    6.7700000000e+04    2.3012924538e-01
    6.7800000000e+04    2.4429107305e-01
    6.7900000000e+04    2.6714434834e-01
    6.8000000000e+04    2.1693785231e-01
    6.8100000000e+04    2.2350549591e-01
    6.8200000000e+04    1.7768945505e-01
    6.8300000000e+04    1.7639868325e-01
    6.8400000000e+04    1.9699324178e-01
    6.8500000000e+04    2.7179703919e-01
    6.8600000000e+04    1.8255706963e-01
    6.8700000000e+04    2.5298163236e-01
    6.8800000000e+04    2.3476896633e-01
    6.8900000000e+04    1.9222016359e-01
    6.9000000000e+04    1.3760462105e-01
    6.9100000000e+04    2.2871721769e-01
    6.9200000000e+04    3.1980847751e-01
    6.9300000000e+04    2.6309768611e-01
    6.9400000000e+04    2.0606620871e-01
    6.9500000000e+04    1.9879375363e-01
    6.9600000000e+04    2.3336215530e-01
    6.9700000000e+04    1.8860622513e-01
    6.9800000000e+04    2.4225249250e-01
    6.9900000000e+04    1.9670898136e-01
    7.0000000000e+04    1.8365669572e-01
    7.0100000000e+04    2.1025369470e-01
    7.0200000000e+04    2.3131842689e-01
    7.0300000000e+04    2.0888653085e-01
    7.0400000000e+04    2.1593507691e-01
    7.0500000000e+04    2.7494413009e-01
    7.0600000000e+04    2.2039431806e-01
    7.0700000000e+04    2.7342400661e-01
    7.0800000000e+04    2.0788239078e-01
    7.0900000000e+04    1.9453010077e-01
    7.1000000000e+04    2.1427030989e-01
    7.1100000000e+04    2.2925643572e-01
    7.1200000000e+04    2.0788528414e-01
    7.1300000000e+04    2.1281614117e-01
    7.1400000000e+04    1.6805247475e-01
    7.1500000000e+04    1.9919772119e-01
    7.1600000000e+04    1.8980694112e-01
    7.1700000000e+04    1.4876375789e-01
    7.1800000000e+04    2.1164284272e-01
    7.1900000000e+04    1.8600288451e-01
    7.2000000000e+04    2.0870629873e-01
    7.2100000000e+04    1.4430201329e-01
    7.2200000000e+04    1.9458087277e-01
    7.2300000000e+04    1.6250976472e-01
    7.2400000000e+04    2.1677094465e-01
    7.2500000000e+04    2.4649377339e-01
    7.2600000000e+04    2.7461763556e-01
    7.2700000000e+04    1.8810925523e-01
    7.2800000000e+04    2.2665910369e-01
    7.2900000000e+04    2.0246600404e-01
    7.3000000000e+04    2.3059253834e-01
    7.3100000000e+04    2.0051140325e-01
    7.3200000000e+04    2.2024488072e-01
    7.3300000000e+04    1.3575377200e-01
    7.3400000000e+04    1.7083517177e-01
    7.3500000000e+04    1.2307263362e-01
    7.3600000000e+04    1.7209812017e-01
    7.3700000000e+04    1.6336528542e-01
    7.3800000000e+04    1.8602529463e-01
    7.3900000000e+04    1.5418726407e-01
    7.4000000000e+04    1.3701827887e-01
    7.4100000000e+04    1.4821316242e-01
    7.4200000000e+04    9.6772719432e-02
    7.4300000000e+04    1.2877758532e-01
    7.4400000000e+04    1.1168380699e-01
    7.4500000000e+04    1.7900419365e-01
    7.4600000000e+04    1.4169590020e-01
    7.4700000000e+04    1.8193278236e-01
    7.4800000000e+04    1.4932855383e-01
    7.4900000000e+04    1.6958028631e-01
    7.5000000000e+04    1.6963679344e-01
    7.5100000000e+04    1.5081472231e-01
    7.5200000000e+04    1.5462026733e-01
    7.5300000000e+04    2.0188585456e-01
    7.5400000000e+04    2.1871987726e-01
    7.5500000000e+04    3.3319846299e-01
    7.5600000000e+04    2.0870165099e-01
    7.5700000000e+04    1.9058290046e-01
    7.5800000000e+04    2.3138807286e-01
    7.5900000000e+04    1.7020238215e-01
    7.6000000000e+04    2.0577091201e-01
    7.6100000000e+04    2.0048281704e-01
    7.6200000000e+04    2.5922791196e-01
    7.6300000000e+04    2.0457701265e-01
    7.6400000000e+04    1.6899890135e-01
    7.6500000000e+04    1.2563486088e-01
    7.6600000000e+04    1.0964242560e-01
    7.6700000000e+04    9.8010944621e-02
    7.6800000000e+04    9.8503821657e-02
    7.6900000000e+04    1.4689831293e-01
    7.7000000000e+04    1.4753331697e-01
    7.7100000000e+04    1.6769742029e-01
    7.7200000000e+04    2.2003679953e-01
    7.7300000000e+04    2.0413620519e-01
    7.7400000000e+04    1.9162985000e-01
    7.7500000000e+04    1.6787498940e-01
    7.7600000000e+04    1.4687314109e-01
    7.7700000000e+04    1.9572829559e-01
    7.7800000000e+04    1.1920534775e-01
    7.7900000000e+04    1.5984564207e-01
    7.8000000000e+04    1.8262932275e-01
    7.8100000000e+04    1.5251794428e-01
    7.8200000000e+04    1.4295245664e-01
    7.8300000000e+04    1.3291338866e-01
    7.8400000000e+04    1.7908310502e-01
    7.8500000000e+04    1.3385932732e-01
    7.8600000000e+04    1.4831605788e-01
    7.8700000000e+04    1.5280444866e-01
    7.8800000000e+04    1.4600326147e-01
    7.8900000000e+04    1.6383973887e-01
    7.9000000000e+04    1.7605564980e-01
    7.9100000000e+04    1.6019221358e-01
    7.9200000000e+04    1.5478157100e-01
    7.9300000000e+04    1.4791081137e-01
    7.9400000000e+04    1.5702093700e-01
    7.9500000000e+04    1.3582620808e-01
    7.9600000000e+04    1.5934702558e-01
    7.9700000000e+04    1.3319376187e-01
    7.9800000000e+04    1.4369264731e-01
    7.9900000000e+04    1.6297855631e-01
    8.0000000000e+04    2.3016959983e-01
    8.0100000000e+04    2.3037842643e-01
    8.0200000000e+04    1.5094216613e-01
    8.0300000000e+04    1.4312476082e-01
    8.0400000000e+04    1.7340188272e-01
    8.0500000000e+04    1.7597897832e-01
    8.0600000000e+04    2.1399509141e-01
    8.0700000000e+04    2.4678196270e-01
    8.0800000000e+04    1.8614569571e-01
    8.0900000000e+04    1.9450952861e-01
    8.1000000000e+04    1.6196644549e-01
    8.1100000000e+04    1.4198319211e-01
    8.1200000000e+04    1.2114047082e-01
    8.1300000000e+04    1.2390073714e-01
    8.1400000000e+04    2.0145355738e-01
    8.1500000000e+04    2.3729351339e-01
    8.1600000000e+04    1.5482413883e-01
    8.1700000000e+04    1.9942627010e-01
    8.1800000000e+04    1.9409320523e-01
    8.1900000000e+04    2.3093533953e-01
    8.2000000000e+04    2.0296198521e-01
    8.2100000000e+04    2.8061209961e-01
    8.2200000000e+04    1.3910780078e-01
    8.2300000000e+04    2.0725441522e-01
    8.2400000000e+04    1.8519938838e-01
    8.2500000000e+04    2.4527085378e-01
    8.2600000000e+04    2.2244549510e-01
    8.2700000000e+04    1.6332002721e-01
    8.2800000000e+04    1.8748814252e-01
    8.2900000000e+04    1.7216404341e-01
    8.3000000000e+04    1.7529753836e-01
    8.3100000000e+04    1.5200836821e-01
    8.3200000000e+04    1.6927481168e-01
    8.3300000000e+04    1.5060059663e-01
    8.3400000000e+04    1.8344552208e-01
    8.3500000000e+04    1.4819478648e-01
    8.3600000000e+04    2.1768260407e-01
    8.3700000000e+04    1.8037601215e-01
    8.3800000000e+04    1.8618602958e-01
    8.3900000000e+04    1.5390959928e-01
    8.4000000000e+04    1.9077970552e-01
    8.4100000000e+04    1.6188899753e-01
    8.4200000000e+04    1.4209687432e-01
    8.4300000000e+04    1.4634409570e-01
    8.4400000000e+04    1.6602597768e-01
    8.4500000000e+04    1.6910921096e-01
    8.4600000000e+04    1.6928443281e-01
    8.4700000000e+04    2.2460218455e-01
    8.4800000000e+04    1.9285252557e-01
    8.4900000000e+04    1.6902280567e-01
    8.5000000000e+04    1.7981624453e-01
    8.5100000000e+04    1.8514993722e-01
    8.5200000000e+04    1.2435837225e-01
    8.5300000000e+04    1.2060887187e-01
    8.5400000000e+04    9.1470261463e-02
    8.5500000000e+04    9.9204876124e-02
    8.5600000000e+04    7.9099908648e-02
    8.5700000000e+04    9.5722947044e-02
    8.5800000000e+04    1.1712693862e-01
    8.5900000000e+04    1.4437144925e-01
    8.6000000000e+04    2.3229619295e-01
    8.6100000000e+04    1.9797287784e-01
    8.6200000000e+04    1.6230976797e-01
    8.6300000000e+04    1.3261029958e-01
    8.6400000000e+04    1.3255912195e-01
    8.6500000000e+04    1.4112069404e-01
    8.6600000000e+04    1.7410251309e-01
    8.6700000000e+04    1.1842120132e-01
    8.6800000000e+04    1.2979653316e-01
    8.6900000000e+04    1.3779060107e-01
    8.7000000000e+04    1.2859975467e-01
    8.7100000000e+04    1.6121271700e-01
    8.7200000000e+04    1.4196495652e-01
    8.7300000000e+04    1.1782303113e-01
    8.7400000000e+04    1.1683413411e-01
    8.7500000000e+04    1.8220993575e-01
    8.7600000000e+04    1.4127770303e-01
    8.7700000000e+04    2.1471880326e-01
    8.7800000000e+04    1.7525504043e-01
    8.7900000000e+04    1.4943626365e-01
    8.8000000000e+04    1.4165879663e-01
    8.8100000000e+04    1.7760397333e-01
    8.8200000000e+04    1.7851145082e-01
    8.8300000000e+04    1.6477017026e-01
    8.8400000000e+04    1.5872670326e-01
    8.8500000000e+04    1.8080509035e-01
    8.8600000000e+04    2.1134611513e-01
    8.8700000000e+04    2.9231036568e-01
    8.8800000000e+04    1.9496858098e-01
    8.8900000000e+04    2.1490138626e-01
    8.9000000000e+04    1.8279735527e-01
    8.9100000000e+04    1.9739927520e-01
    8.9200000000e+04    1.7945024191e-01
    8.9300000000e+04    1.9229114260e-01
    8.9400000000e+04    1.2829960233e-01
    8.9500000000e+04    1.7206159474e-01
    8.9600000000e+04    1.9851478470e-01
    8.9700000000e+04    1.8309033079e-01
    8.9800000000e+04    2.3953128864e-01
    8.9900000000e+04    1.9697708197e-01
    9.0000000000e+04    1.5021429775e-01
    9.0100000000e+04    1.6652742524e-01
    9.0200000000e+04    1.4949516051e-01
    9.0300000000e+04    1.7077586046e-01
    9.0400000000e+04    2.0373419923e-01
    9.0500000000e+04    2.3542033084e-01
    9.0600000000e+04    2.5699624619e-01
    9.0700000000e+04    2.3155141997e-01
    9.0800000000e+04    1.6846982830e-01
    9.0900000000e+04    2.3119612258e-01
    9.1000000000e+04    2.5010613642e-01
    9.1100000000e+04    2.1043929453e-01
    9.1200000000e+04    2.8231733870e-01
    9.1300000000e+04    2.0086910496e-01
    9.1400000000e+04    1.8892492880e-01
    9.1500000000e+04    1.2793098491e-01
    9.1600000000e+04    1.4199877960e-01
    9.1700000000e+04    1.5634680628e-01
    9.1800000000e+04    2.1067252402e-01
    9.1900000000e+04    2.2627815313e-01
    9.2000000000e+04    3.0083036739e-01
    9.2100000000e+04    2.4225930091e-01
    9.2200000000e+04    2.0518645416e-01
    9.2300000000e+04    2.3623190265e-01
    9.2400000000e+04    1.7423462574e-01
    9.2500000000e+04    2.1560281661e-01
    9.2600000000e+04    1.5459525422e-01
    9.2700000000e+04    2.1364795105e-01
    9.2800000000e+04    1.5061850085e-01
    9.2900000000e+04    2.0083138981e-01
    9.3000000000e+04    2.4497606780e-01
    9.3100000000e+04    4.5220116666e-01
    9.3200000000e+04    3.3234419664e-01
    9.3300000000e+04    1.7058291779e-01
    9.3400000000e+04    2.0198558699e-01
    9.3500000000e+04    1.3082654922e-01
    9.3600000000e+04    1.7684452603e-01
    9.3700000000e+04    1.3998613364e-01
    9.3800000000e+04    1.5176044263e-01
    9.3900000000e+04    1.3091198717e-01
    9.4000000000e+04    1.5500311187e-01
    9.4100000000e+04    1.6562511576e-01
    9.4200000000e+04    2.0608609473e-01
    9.4300000000e+04    2.2497087949e-01
    9.4400000000e+04    3.2821215316e-01
    9.4500000000e+04    3.4916197713e-01
    9.4600000000e+04    2.4527089980e-01
    9.4700000000e+04    2.5038183031e-01
    9.4800000000e+04    1.5181679562e-01
    9.4900000000e+04    1.6233159287e-01
    9.5000000000e+04    1.2551587644e-01
    9.5100000000e+04    1.6398059894e-01
    9.5200000000e+04    2.2254126742e-01
    9.5300000000e+04    2.5438788786e-01
    9.5400000000e+04    2.8129605394e-01
    9.5500000000e+04    2.3615149719e-01
    9.5600000000e+04    2.4853024003e-01
    9.5700000000e+04    1.9762071522e-01
    9.5800000000e+04    1.8699732499e-01
    9.5900000000e+04    2.2332138797e-01
    9.6000000000e+04    2.2585992898e-01
    9.6100000000e+04    2.2675076606e-01
    9.6200000000e+04    2.2355156186e-01
    9.6300000000e+04    1.9677012355e-01
    9.6400000000e+04    2.2164751370e-01
    9.6500000000e+04    1.9974159423e-01
    9.6600000000e+04    2.1225483544e-01
    9.6700000000e+04    1.9437672358e-01
    9.6800000000e+04    2.2546935965e-01
    9.6900000000e+04    2.7806776198e-01
    9.7000000000e+04    2.7991014515e-01
    9.7100000000e+04    2.4057494197e-01
    9.7200000000e+04    2.1571691543e-01
    9.7300000000e+04    1.8034044124e-01
    9.7400000000e+04    2.2002206509e-01
    9.7500000000e+04    1.5595579828e-01
    9.7600000000e+04    2.0477074784e-01
    9.7700000000e+04    2.0849108297e-01
    9.7800000000e+04    2.3443384454e-01
    9.7900000000e+04    2.0118415547e-01
    9.8000000000e+04    2.0052318374e-01
    9.8100000000e+04    1.9463905477e-01
    9.8200000000e+04    1.9492020583e-01
    9.8300000000e+04    2.2111174262e-01
    9.8400000000e+04    1.7769506862e-01
    9.8500000000e+04    1.4541505088e-01
    9.8600000000e+04    1.5505429497e-01
    9.8700000000e+04    1.7018727420e-01
    9.8800000000e+04    1.6934446493e-01
    9.8900000000e+04    1.4444630374e-01
    9.9000000000e+04    1.6722045415e-01
    9.9100000000e+04    1.5012856507e-01
    9.9200000000e+04    2.2025892316e-01
    9.9300000000e+04    2.5295673134e-01
    9.9400000000e+04    3.8648967436e-01
    9.9500000000e+04    2.0589730581e-01
    9.9600000000e+04    2.5633232715e-01
    9.9700000000e+04    1.6711472588e-01
    9.9800000000e+04    1.9478732126e-01
    9.9900000000e+04    1.5008518160e-01
    1.0000000000e+05    1.6066780720e-01
    1.0010000000e+05    2.0712519791e-01
    1.0020000000e+05    2.1760300734e-01
    1.0030000000e+05    2.5118538045e-01
    1.0040000000e+05    2.9293082314e-01
    1.0050000000e+05    2.9664918963e-01
    1.0060000000e+05    3.1400222277e-01
    1.0070000000e+05    2.4896670788e-01
    1.0080000000e+05    2.2204076831e-01
    1.0090000000e+05    1.8891588753e-01
    1.0100000000e+05    1.8672103040e-01
    1.0110000000e+05    1.8574112763e-01
    1.0120000000e+05    2.1034183792e-01
    1.0130000000e+05    2.0980686290e-01
    1.0140000000e+05    1.9939234837e-01
    1.0150000000e+05    1.7156972290e-01
    1.0160000000e+05    2.2780380637e-01
    1.0170000000e+05    1.8197703921e-01
    1.0180000000e+05    2.7436623950e-01
    1.0190000000e+05    1.8394743226e-01
    1.0200000000e+05    2.3081999416e-01
    1.0210000000e+05    1.6646477273e-01
    1.0220000000e+05    2.7292422844e-01
    1.0230000000e+05    2.3763202190e-01
    1.0240000000e+05    2.5223779398e-01
    1.0250000000e+05    1.6381279463e-01
    1.0260000000e+05    2.3408024361e-01
    1.0270000000e+05    1.5375888955e-01
    1.0280000000e+05    1.6410810854e-01
    1.0290000000e+05    1.6828082602e-01
    1.0300000000e+05    2.5477348861e-01
    1.0310000000e+05    2.8253367703e-01
    1.0320000000e+05    2.6837082653e-01
    1.0330000000e+05    2.9715473487e-01
    1.0340000000e+05    2.5981634372e-01
    1.0350000000e+05    2.4488368521e-01
    1.0360000000e+05    1.6079010773e-01
    1.0370000000e+05    1.8799207887e-01
    1.0380000000e+05    1.3413343705e-01
    1.0390000000e+05    1.4810136270e-01
    1.0400000000e+05    2.0151267223e-01
    1.0410000000e+05    1.4805901076e-01
    1.0420000000e+05    1.9022039920e-01
    1.0430000000e+05    1.7628016836e-01
    1.0440000000e+05    2.4468904024e-01
    1.0450000000e+05    2.3404366859e-01
    1.0460000000e+05    2.3449872523e-01
    1.0470000000e+05    2.2355681612e-01
    1.0480000000e+05    2.5749514734e-01
    1.0490000000e+05    1.3776594526e-01
    1.0500000000e+05    1.5452902236e-01
    1.0510000000e+05    1.3339703948e-01
    1.0520000000e+05    2.0204891167e-01
    1.0530000000e+05    2.0824943186e-01
    1.0540000000e+05    1.3485310486e-01
    1.0550000000e+05    1.6006507103e-01
    1.0560000000e+05    1.8365319694e-01
    1.0570000000e+05    2.7178097567e-01
    1.0580000000e+05    2.2682561958e-01
    1.0590000000e+05    2.2562430656e-01
    1.0600000000e+05    3.6242072088e-01
    1.0610000000e+05    2.8317438269e-01
    1.0620000000e+05    2.1779907102e-01
    1.0630000000e+05    1.3991019179e-01
    1.0640000000e+05    1.2041275503e-01
    1.0650000000e+05    1.4441491022e-01
    1.0660000000e+05    1.3243258239e-01
    1.0670000000e+05    1.7756519826e-01
    1.0680000000e+05    1.3403353449e-01
    1.0690000000e+05    1.6822546309e-01
    1.0700000000e+05    1.3595807422e-01
    1.0710000000e+05    2.4525173838e-01
    1.0720000000e+05    2.5873472416e-01
    1.0730000000e+05    2.3533230658e-01
    1.0740000000e+05    1.8420915868e-01
    1.0750000000e+05    2.2223744378e-01
    1.0760000000e+05    1.6171364032e-01
    1.0770000000e+05    1.2100216168e-01
    1.0780000000e+05    1.4493027910e-01
    1.0790000000e+05    1.5868758648e-01
    1.0800000000e+05    2.6011461277e-01
    1.0810000000e+05    2.3347679009e-01
    1.0820000000e+05    2.5418378220e-01
    1.0830000000e+05    3.5868506987e-01
    1.0840000000e+05    1.8231163188e-01
    1.0850000000e+05    1.7199058628e-01
    1.0860000000e+05    1.8340954126e-01
    1.0870000000e+05    1.3855721407e-01
    1.0880000000e+05    1.6016849205e-01
    1.0890000000e+05    1.5318785760e-01
    1.0900000000e+05    2.4743256401e-01
    1.0910000000e+05    2.4047681730e-01
    1.0920000000e+05    2.5323256549e-01
    1.0930000000e+05    3.0251549564e-01
    1.0940000000e+05    2.9429198867e-01
    1.0950000000e+05    2.8444776595e-01
    1.0960000000e+05    1.8910197429e-01
    1.0970000000e+05    1.8154160136e-01
    1.0980000000e+05    1.2308723135e-01
    1.0990000000e+05    1.3595694334e-01
    1.1000000000e+05    1.3975627773e-01
    1.1010000000e+05    1.7147958422e-01
    1.1020000000e+05    2.2930885302e-01
    1.1030000000e+05    2.0773089387e-01
    1.1040000000e+05    2.8939862840e-01
    1.1050000000e+05    2.2197393616e-01
    1.1060000000e+05    1.8012767472e-01
    1.1070000000e+05    1.8027644103e-01
    1.1080000000e+05    1.5174739594e-01
    1.1090000000e+05    1.5680963474e-01
    1.1100000000e+05    1.6370496076e-01
    1.1110000000e+05    1.9574178956e-01
    1.1120000000e+05    1.6315972911e-01
    1.1130000000e+05    2.5222077765e-01
    1.1140000000e+05    2.4507044591e-01
    1.1150000000e+05    2.4785512849e-01
    1.1160000000e+05    2.6440227825e-01
    1.1170000000e+05    1.9620709308e-01
    1.1180000000e+05    2.0189585888e-01
    1.1190000000e+05    1.3554821512e-01
    1.1200000000e+05    1.3568931678e-01
    1.1210000000e+05    1.2948459906e-01
    1.1220000000e+05    1.4730915542e-01
    1.1230000000e+05    1.5740962374e-01
    1.1240000000e+05    1.9800213693e-01
    1.1250000000e+05    2.3559546230e-01
    1.1260000000e+05    1.9235687010e-01
    1.1270000000e+05    1.9028494190e-01
    1.1280000000e+05    1.9571499159e-01
    1.1290000000e+05    2.0389755547e-01
    1.1300000000e+05    2.1471597330e-01
    1.1310000000e+05    1.7949185922e-01
    1.1320000000e+05    1.3428315729e-01
    1.1330000000e+05    1.6426850107e-01
    1.1340000000e+05    1.7569702128e-01
    1.1350000000e+05    1.9757103195e-01
    1.1360000000e+05    1.7906541556e-01
    1.1370000000e+05    1.7034216045e-01
    1.1380000000e+05    1.7202423728e-01
    1.1390000000e+05    1.7932895666e-01
    1.1400000000e+05    1.8807508794e-01
    1.1410000000e+05    1.2785944282e-01
    1.1420000000e+05    1.6552018983e-01
    1.1430000000e+05    1.5088918287e-01
    1.1440000000e+05    1.6576287389e-01
    1.1450000000e+05    2.1558350739e-01
    1.1460000000e+05    1.9258513545e-01
    1.1470000000e+05    2.1257828840e-01
    1.1480000000e+05    1.8824481047e-01
    1.1490000000e+05    1.4949127358e-01
    1.1500000000e+05    1.3151807001e-01
    1.1510000000e+05    1.4987898801e-01
    1.1520000000e+05    1.2659673780e-01
    1.1530000000e+05    1.9235026998e-01
    1.1540000000e+05    2.2942914619e-01
    1.1550000000e+05    2.3800972137e-01
    1.1560000000e+05    1.5952343882e-01
    1.1570000000e+05    2.0005810126e-01
    1.1580000000e+05    1.9447757582e-01
    1.1590000000e+05    1.8573664074e-01
    1.1600000000e+05    1.9208654121e-01
    1.1610000000e+05    1.7338412288e-01
    1.1620000000e+05    1.6263966312e-01
    1.1630000000e+05    1.5775767491e-01
    1.1640000000e+05    1.7215460518e-01
    1.1650000000e+05    2.0523604195e-01
    1.1660000000e+05    2.6745099586e-01
    1.1670000000e+05    1.9749271339e-01
    1.1680000000e+05    2.5132165832e-01
    1.1690000000e+05    1.7042516782e-01
    1.1700000000e+05    2.0595977344e-01
    1.1710000000e+05    1.7408933618e-01
    1.1720000000e+05    1.7757851462e-01
    1.1730000000e+05    1.6277149854e-01
    1.1740000000e+05    5.2650940167e-01
    1.1750000000e+05    2.2718554079e-01
    1.1760000000e+05    2.9953346910e-01
    1.1770000000e+05    2.5118954314e-01
    1.1780000000e+05    2.6122629698e-01
    1.1790000000e+05    2.1532119148e-01
    1.1800000000e+05    1.6560503441e-01
    1.1810000000e+05    2.2040724030e-01
    1.1820000000e+05    1.4715315642e-01
    1.1830000000e+05    1.8513912590e-01
    1.1840000000e+05    1.6501872652e-01
    1.1850000000e+05    1.6899618547e-01
    1.1860000000e+05    2.2038493829e-01
    1.1870000000e+05    2.1681412895e-01
    1.1880000000e+05    1.8844343098e-01
    1.1890000000e+05    1.7764152566e-01
    1.1900000000e+05    2.7901115572e-01
    1.1910000000e+05    2.0900758086e-01
    1.1920000000e+05    2.5157351785e-01
    1.1930000000e+05    1.7912857738e-01
    1.1940000000e+05    1.6353308347e-01
    1.1950000000e+05    1.9043273975e-01
    1.1960000000e+05    1.5234522525e-01
    1.1970000000e+05    1.7287229134e-01
    1.1980000000e+05    2.0218879728e-01
    1.1990000000e+05    1.5035565898e-01
    1.2000000000e+05    1.4796004369e-01
    1.2010000000e+05    1.7158990196e-01
    1.2020000000e+05    1.6096364817e-01
    1.2030000000e+05    1.9471229884e-01
    1.2040000000e+05    2.1033907369e-01
    1.2050000000e+05    1.9389347794e-01
    1.2060000000e+05    2.3201254300e-01
    1.2070000000e+05    1.9780865247e-01
    1.2080000000e+05    2.3942633744e-01
    1.2090000000e+05    2.1623236043e-01
    1.2100000000e+05    1.8069042515e-01
    1.2110000000e+05    1.7463509283e-01
    1.2120000000e+05    1.6802269726e-01
    1.2130000000e+05    1.8212493391e-01
    1.2140000000e+05    1.6571026606e-01
    1.2150000000e+05    1.8904324533e-01
    1.2160000000e+05    1.8009112507e-01
    1.2170000000e+05    1.9565211637e-01
    1.2180000000e+05    1.6184924109e-01
    1.2190000000e+05    1.6884392615e-01
    1.2200000000e+05    1.5289061023e-01
    1.2210000000e+05    1.9729226040e-01
    1.2220000000e+05    1.4246045544e-01
    1.2230000000e+05    1.9372131324e-01
    1.2240000000e+05    1.9627738942e-01
    1.2250000000e+05    2.1727456190e-01
    1.2260000000e+05    1.6943504618e-01
    1.2270000000e+05    1.6021005780e-01
    1.2280000000e+05    1.2258444868e-01
    1.2290000000e+05    1.2510892466e-01
    1.2300000000e+05    1.1014104910e-01
    1.2310000000e+05    1.2864134123e-01
    1.2320000000e+05    1.5656996124e-01
    1.2330000000e+05    1.1466735581e-01
    1.2340000000e+05    1.3697133899e-01
    1.2350000000e+05    1.1970189155e-01
    1.2360000000e+05    1.8795571460e-01
    1.2370000000e+05    1.6663722237e-01
    1.2380000000e+05    1.6459607720e-01
    1.2390000000e+05    1.3349685154e-01
    1.2400000000e+05    1.6148314546e-01
    1.2410000000e+05    2.0322339553e-01
    1.2420000000e+05    1.6852244615e-01
    1.2430000000e+05    1.7379644002e-01
    1.2440000000e+05    1.9152371364e-01
    1.2450000000e+05    1.7130793196e-01
    1.2460000000e+05    3.7926926434e-01
    1.2470000000e+05    2.9372702650e-01
    1.2480000000e+05    2.4195827435e-01
    1.2490000000e+05    1.6512131825e-01
    1.2500000000e+05    1.8480798716e-01
    1.2510000000e+05    1.6230978210e-01
    1.2520000000e+05    2.1281760433e-01
    1.2530000000e+05    1.6968650283e-01
    1.2540000000e+05    1.7970424348e-01
    1.2550000000e+05    1.5467102573e-01
    1.2560000000e+05    1.4571127403e-01
    1.2570000000e+05    1.2042784719e-01
    1.2580000000e+05    1.0921805126e-01
    1.2590000000e+05    1.7011900771e-01
    1.2600000000e+05    1.8266550736e-01
    1.2610000000e+05    1.6421463612e-01
    1.2620000000e+05    1.5258121501e-01
    1.2630000000e+05    1.5901639420e-01
    1.2640000000e+05    1.9976068038e-01
    1.2650000000e+05    1.7928598389e-01
    1.2660000000e+05    1.8226860273e-01
    1.2670000000e+05    1.9772323702e-01
    1.2680000000e+05    1.6117244314e-01
    1.2690000000e+05    1.7660193007e-01
    1.2700000000e+05    1.7293477235e-01
    1.2710000000e+05    1.9588088235e-01
    1.2720000000e+05    1.7613090289e-01
    1.2730000000e+05    1.5729918972e-01
    1.2740000000e+05    1.7772645628e-01
    1.2750000000e+05    1.6270699065e-01
    1.2760000000e+05    1.6578487754e-01
    1.2770000000e+05    1.3380481983e-01
    1.2780000000e+05    1.3042321307e-01
    1.2790000000e+05    1.3172742135e-01
    1.2800000000e+05    1.7255822812e-01
    1.2810000000e+05    1.5261516823e-01
    1.2820000000e+05    2.2233633079e-01
    1.2830000000e+05    1.7082269981e-01
    1.2840000000e+05    1.4242144818e-01
    1.2850000000e+05    1.4146640926e-01
    1.2860000000e+05    1.3125508895e-01
    1.2870000000e+05    1.3860705957e-01
    1.2880000000e+05    1.9545503280e-01
    1.2890000000e+05    1.8147566984e-01
    1.2900000000e+05    1.6474477708e-01
    1.2910000000e+05    1.8465590568e-01
    1.2920000000e+05    1.6942710095e-01
    1.2930000000e+05    1.9014814863e-01
    1.2940000000e+05    1.4772966776e-01
    1.2950000000e+05    1.4736490900e-01
    1.2960000000e+05    1.8034593499e-01
    1.2970000000e+05    1.8042385256e-01
    1.2980000000e+05    2.5780082973e-01
    1.2990000000e+05    2.5323023690e-01
    1.3000000000e+05    3.0380747162e-01
    1.3010000000e+05    2.1827285561e-01
    1.3020000000e+05    2.1619915476e-01
    1.3030000000e+05    1.5359299486e-01
    1.3040000000e+05    3.1002977576e-01
    1.3050000000e+05    1.8063253921e-01
    1.3060000000e+05    2.4281326523e-01
    1.3070000000e+05    1.9249503156e-01
    1.3080000000e+05    2.8097275851e-01
    1.3090000000e+05    2.7096073168e-01
    1.3100000000e+05    2.6158170771e-01
    1.3110000000e+05    2.3311545410e-01
    1.3120000000e+05    2.5014666467e-01
    1.3130000000e+05    1.4863601211e-01
    1.3140000000e+05    2.0285491686e-01
    1.3150000000e+05    1.8034078063e-01
    1.3160000000e+05    2.4706787155e-01
    1.3170000000e+05    2.4771908578e-01
    1.3180000000e+05    2.4968578658e-01
    1.3190000000e+05    2.2170525982e-01
    1.3200000000e+05    2.6565475647e-01
    1.3210000000e+05    2.6337893239e-01
    1.3220000000e+05    2.1620933004e-01
    1.3230000000e+05    1.5765514911e-01
    1.3240000000e+05    1.4679432996e-01
    1.3250000000e+05    1.5215079534e-01
    1.3260000000e+05    1.5006516861e-01
    1.3270000000e+05    2.4950137300e-01
    1.3280000000e+05    1.9164467656e-01
    1.3290000000e+05    2.6782092724e-01
    1.3300000000e+05    2.7738072362e-01
    1.3310000000e+05    1.8127790063e-01
    1.3320000000e+05    1.8986717392e-01
    1.3330000000e+05    1.6420560122e-01
    1.3340000000e+05    2.1122405682e-01
    1.3350000000e+05    1.4499945623e-01
    1.3360000000e+05    1.9957731395e-01
    1.3370000000e+05    1.3366180121e-01
    1.3380000000e+05    1.3599271689e-01
    1.3390000000e+05    1.6942942889e-01
    1.3400000000e+05    1.6685859295e-01
    1.3410000000e+05    1.3663744181e-01
    1.3420000000e+05    1.6003039085e-01
    1.3430000000e+05    1.4171552057e-01
    1.3440000000e+05    1.3000277025e-01
    1.3450000000e+05    1.6982720388e-01
    1.3460000000e+05    1.7293405351e-01
    1.3470000000e+05    1.8612672609e-01
    1.3480000000e+05    2.7443949008e-01
    1.3490000000e+05    2.5884757026e-01
    1.3500000000e+05    2.2296636624e-01
    1.3510000000e+05    2.0747035801e-01
    1.3520000000e+05    2.0485566252e-01
    1.3530000000e+05    1.8868126513e-01
    1.3540000000e+05    2.0613348983e-01
    1.3550000000e+05    2.2706661918e-01
    1.3560000000e+05    2.4716651344e-01
    1.3570000000e+05    1.9132121791e-01
    1.3580000000e+05    2.9219897057e-01
    1.3590000000e+05    1.9639085219e-01
    1.3600000000e+05    2.1223188948e-01
    1.3610000000e+05    4.2226688341e-01
    1.3620000000e+05    2.4203551232e-01
    1.3630000000e+05    1.7993335545e-01
    1.3640000000e+05    2.1674419286e-01
    1.3650000000e+05    1.2287231500e-01
    1.3660000000e+05    1.8470584773e-01
    1.3670000000e+05    2.1052380195e-01
    1.3680000000e+05    2.4506682171e-01
    1.3690000000e+05    2.4374879371e-01
    1.3700000000e+05    2.7050198770e-01
    1.3710000000e+05    2.3150719692e-01
    1.3720000000e+05    2.1698384879e-01
    1.3730000000e+05    1.6515472139e-01
    1.3740000000e+05    1.5126616628e-01
    1.3750000000e+05    1.5418466852e-01
    1.3760000000e+05    1.7625139485e-01
    1.3770000000e+05    2.0562961405e-01
    1.3780000000e+05    2.3068068023e-01
    1.3790000000e+05    1.8443075655e-01
    1.3800000000e+05    2.0294562092e-01
    1.3810000000e+05    1.9497878582e-01
    1.3820000000e+05    1.6920886674e-01
    1.3830000000e+05    1.6806326435e-01
    1.3840000000e+05    2.2278921817e-01
    1.3850000000e+05    2.0962628491e-01
    1.3860000000e+05    1.7900811424e-01
    1.3870000000e+05    1.7183436053e-01
    1.3880000000e+05    1.9828216109e-01
    1.3890000000e+05    2.0096914709e-01
    1.3900000000e+05    1.8327328533e-01
    1.3910000000e+05    2.3143454483e-01
    1.3920000000e+05    1.4705487609e-01
    1.3930000000e+05    1.9285758028e-01
    1.3940000000e+05    2.1472349829e-01
    1.3950000000e+05    2.0735988334e-01
    1.3960000000e+05    2.1452829224e-01
    1.3970000000e+05    2.0946732570e-01
    1.3980000000e+05    2.3235456164e-01
    1.3990000000e+05    2.4691931253e-01
    1.4000000000e+05    2.7441379990e-01
    1.4010000000e+05    2.2103957853e-01
    1.4020000000e+05    2.7358782668e-01
    1.4030000000e+05    2.0408729889e-01
    1.4040000000e+05    2.2489399398e-01
    1.4050000000e+05    1.7964622618e-01
    1.4060000000e+05    1.6026168504e-01
    1.4070000000e+05    1.9155379726e-01
    1.4080000000e+05    1.8672149220e-01
    1.4090000000e+05    1.7648522214e-01
    1.4100000000e+05    2.2435826415e-01
    1.4110000000e+05    2.1530024083e-01
    1.4120000000e+05    1.5606290454e-01
    1.4130000000e+05    2.3732398201e-01
    1.4140000000e+05    2.2542534601e-01
    1.4150000000e+05    2.8069297416e-01
    1.4160000000e+05    3.1272333117e-01
    1.4170000000e+05    2.1124553828e-01
    1.4180000000e+05    2.0198821448e-01
    1.4190000000e+05    1.7407990402e-01
    1.4200000000e+05    1.9054220039e-01
    1.4210000000e+05    1.4910841145e-01
    1.4220000000e+05    2.3704944749e-01
    1.4230000000e+05    2.3212118589e-01
    1.4240000000e+05    2.2956123455e-01
    1.4250000000e+05    2.1378026418e-01
    1.4260000000e+05    2.4744875360e-01
    1.4270000000e+05    2.2428876435e-01
    1.4280000000e+05    2.0571134827e-01
    1.4290000000e+05    2.0767538747e-01
    1.4300000000e+05    2.0402604126e-01
    1.4310000000e+05    2.0065257888e-01
    1.4320000000e+05    1.8859341938e-01
    1.4330000000e+05    2.0470790742e-01
    1.4340000000e+05    1.8275484348e-01
    1.4350000000e+05    1.8080448628e-01
    1.4360000000e+05    1.7019108701e-01
    1.4370000000e+05    1.3548003900e-01
    1.4380000000e+05    1.9346131390e-01
    1.4390000000e+05    2.0794085463e-01
    1.4400000000e+05    1.9306435880e-01
    1.4410000000e+05    1.7168762632e-01
    1.4420000000e+05    1.9349125326e-01
    1.4430000000e+05    2.1117736581e-01
    1.4440000000e+05    1.7787726981e-01
    1.4450000000e+05    1.8307097457e-01
    1.4460000000e+05    1.9948339894e-01
    1.4470000000e+05    1.5730612771e-01
    1.4480000000e+05    1.9289671553e-01
    1.4490000000e+05    1.7447613873e-01
    1.4500000000e+05    2.3737741115e-01
    1.4510000000e+05    2.7861436923e-01
    1.4520000000e+05    2.0608863226e-01
    1.4530000000e+05    2.4949411819e-01
    1.4540000000e+05    2.6931893652e-01
    1.4550000000e+05    2.5978817447e-01
    1.4560000000e+05    2.7496885083e-01
    1.4570000000e+05    2.0965931472e-01
    1.4580000000e+05    1.5305336366e-01
    1.4590000000e+05    1.4757205476e-01
    1.4600000000e+05    2.2010293483e-01
    1.4610000000e+05    1.6720739577e-01
    1.4620000000e+05    2.0812871063e-01
    1.4630000000e+05    1.9599595255e-01
    1.4640000000e+05    2.5029263327e-01
    1.4650000000e+05    2.2371550305e-01
    1.4660000000e+05    2.3408468706e-01
    1.4670000000e+05    1.8804418921e-01
    1.4680000000e+05    1.7335710879e-01
    1.4690000000e+05    2.0148508056e-01
    1.4700000000e+05    2.5948836878e-01
    1.4710000000e+05    2.2900434498e-01
    1.4720000000e+05    2.3773079019e-01
    1.4730000000e+05    2.2544239727e-01
    1.4740000000e+05    1.9580331188e-01
    1.4750000000e+05    1.3700319974e-01
    1.4760000000e+05    1.0501387264e-01
    1.4770000000e+05    9.4584953402e-02
    1.4780000000e+05    1.1138861713e-01
    1.4790000000e+05    1.3869004238e-01
    1.4800000000e+05    1.8212487033e-01
    1.4810000000e+05    2.2751994325e-01
    1.4820000000e+05    2.1419661548e-01
    1.4830000000e+05    1.6219491309e-01
    1.4840000000e+05    1.1580776020e-01
    1.4850000000e+05    1.2269575962e-01
    1.4860000000e+05    1.2029905784e-01
    1.4870000000e+05    1.6406653207e-01
    1.4880000000e+05    1.7559711595e-01
    1.4890000000e+05    2.0684886618e-01
    1.4900000000e+05    2.1875705431e-01
    1.4910000000e+05    1.8225158172e-01
    1.4920000000e+05    1.7034041340e-01
    1.4930000000e+05    1.9551595713e-01
    1.4940000000e+05    1.4220537677e-01
    1.4950000000e+05    1.5111104874e-01
    1.4960000000e+05    1.6508873943e-01
    1.4970000000e+05    1.7160891154e-01
    1.4980000000e+05    1.7191859368e-01
    1.4990000000e+05    1.7525207365e-01
    1.5000000000e+05    1.7618398471e-01
    1.5010000000e+05    1.9626286328e-01
    1.5020000000e+05    1.6519543011e-01
    1.5030000000e+05    2.0953726869e-01
    1.5040000000e+05    1.6029032356e-01
    1.5050000000e+05    1.7482623954e-01
    1.5060000000e+05    1.7359427994e-01
    1.5070000000e+05    1.9040788293e-01
    1.5080000000e+05    1.2387199430e-01
    1.5090000000e+05    1.1870757994e-01
    1.5100000000e+05    1.5888462093e-01
    1.5110000000e+05    2.0192207686e-01
    1.5120000000e+05    2.2590886759e-01
    1.5130000000e+05    1.6058636419e-01
    1.5140000000e+05    1.8360402077e-01
    1.5150000000e+05    1.5331546594e-01
    1.5160000000e+05    1.5888892874e-01
    1.5170000000e+05    1.2115418369e-01
    1.5180000000e+05    1.7502074485e-01
    1.5190000000e+05    1.4518730489e-01
    1.5200000000e+05    1.5002217891e-01
    1.5210000000e+05    1.5958553254e-01
    1.5220000000e+05    1.8549708030e-01
    1.5230000000e+05    1.7339639829e-01
    1.5240000000e+05    1.6724668266e-01
    1.5250000000e+05    1.5183277963e-01
    1.5260000000e+05    1.8296441424e-01
    1.5270000000e+05    1.9698916311e-01
    1.5280000000e+05    2.1384375007e-01
    1.5290000000e+05    1.8300706326e-01
    1.5300000000e+05    1.8440150714e-01
    1.5310000000e+05    1.8359342904e-01
    1.5320000000e+05    1.5124576635e-01
    1.5330000000e+05    1.3821030016e-01
    1.5340000000e+05    1.9146219129e-01
    1.5350000000e+05    2.0268785935e-01
    1.5360000000e+05    1.7582146234e-01
    1.5370000000e+05    1.6391663623e-01
    1.5380000000e+05    1.9245109030e-01
    1.5390000000e+05    1.7720068501e-01
    1.5400000000e+05    1.4241960071e-01
    1.5410000000e+05    1.5690363236e-01
    1.5420000000e+05    1.1806546524e-01
    1.5430000000e+05    1.4021440768e-01
    1.5440000000e+05    1.7956118740e-01
    1.5450000000e+05    2.1006137114e-01
    1.5460000000e+05    1.9831870021e-01
    1.5470000000e+05    1.8617087465e-01
    1.5480000000e+05    1.4085819001e-01
    1.5490000000e+05    1.3019603420e-01
    1.5500000000e+05    1.2893750559e-01
    1.5510000000e+05    1.4715991728e-01
    1.5520000000e+05    1.5595498934e-01
    1.5530000000e+05    2.1053723187e-01
    1.5540000000e+05    1.9577179716e-01
    1.5550000000e+05    2.0613509253e-01
    1.5560000000e+05    1.8794853875e-01
    1.5570000000e+05    1.9205558843e-01
    1.5580000000e+05    1.4334878813e-01
    1.5590000000e+05    1.8559807443e-01
    1.5600000000e+05    1.6362228836e-01
    1.5610000000e+05    1.5644491928e-01
    1.5620000000e+05    1.6486946448e-01
    1.5630000000e+05    1.9050397786e-01
    1.5640000000e+05    1.9566571978e-01
    1.5650000000e+05    2.5907727286e-01
    1.5660000000e+05    2.3194526890e-01
    1.5670000000e+05    1.7810607390e-01
    1.5680000000e+05    1.6856772673e-01
    1.5690000000e+05    1.7843193515e-01
    1.5700000000e+05    1.6803555096e-01
    1.5710000000e+05    1.5338156345e-01
    1.5720000000e+05    1.5640279903e-01
    1.5730000000e+05    2.0135897917e-01
    1.5740000000e+05    1.8141132590e-01
    1.5750000000e+05    2.2263439893e-01
    1.5760000000e+05    2.0739313021e-01
    1.5770000000e+05    2.5295587430e-01
    1.5780000000e+05    2.5475987594e-01
    1.5790000000e+05    2.4578686992e-01
    1.5800000000e+05    2.6691146759e-01
    1.5810000000e+05    1.9034846747e-01
    1.5820000000e+05    2.4815711565e-01
    1.5830000000e+05    2.2092096857e-01
    1.5840000000e+05    1.5415014835e-01
    1.5850000000e+05    2.3883029966e-01
    1.5860000000e+05    2.3946020322e-01
    1.5870000000e+05    2.2684141318e-01
    1.5880000000e+05    2.5358897373e-01
    1.5890000000e+05    1.8294032577e-01
    1.5900000000e+05    1.9963959119e-01
    1.5910000000e+05    2.6695523098e-01
    1.5920000000e+05    2.5871150123e-01
    1.5930000000e+05    2.0761926604e-01
    1.5940000000e+05    1.8584952520e-01
    1.5950000000e+05    2.3013084108e-01
    1.5960000000e+05    2.2914326629e-01
    1.5970000000e+05    2.1483459972e-01
    1.5980000000e+05    2.0148474671e-01
    1.5990000000e+05    1.6321358606e-01
    1.6000000000e+05    1.7325793856e-01
    1.6010000000e+05    1.5927078746e-01
    1.6020000000e+05    1.7662370331e-01
    1.6030000000e+05    2.1029043957e-01
    1.6040000000e+05    1.8443553703e-01
    1.6050000000e+05    2.0208985290e-01
    1.6060000000e+05    1.9511202094e-01
    1.6070000000e+05    2.0705703594e-01
    1.6080000000e+05    1.8225422641e-01
    1.6090000000e+05    1.9836490126e-01
    1.6100000000e+05    2.1466271230e-01
    1.6110000000e+05    1.6873623021e-01
    1.6120000000e+05    2.4577897679e-01
    1.6130000000e+05    1.6860529783e-01
    1.6140000000e+05    2.2363807772e-01
    1.6150000000e+05    2.1019721138e-01
    1.6160000000e+05    2.0957707745e-01
    1.6170000000e+05    2.3548734225e-01
    1.6180000000e+05    3.0837700037e-01
    1.6190000000e+05    2.3868791109e-01
    1.6200000000e+05    2.9878012863e-01
    1.6210000000e+05    2.5214735582e-01
    1.6220000000e+05    3.0092739479e-01
    1.6230000000e+05    2.9385466088e-01
    1.6240000000e+05    2.3819450613e-01
    1.6250000000e+05    2.1450158728e-01
    1.6260000000e+05    1.8516340428e-01
    1.6270000000e+05    2.2883009267e-01
    1.6280000000e+05    2.0895247064e-01
    1.6290000000e+05    2.5900551369e-01
    1.6300000000e+05    2.1428592598e-01
    1.6310000000e+05    2.3467034542e-01
    1.6320000000e+05    2.0376047979e-01
    1.6330000000e+05    1.8187564525e-01
    1.6340000000e+05    2.3415827557e-01
    1.6350000000e+05    1.5614082981e-01
    1.6360000000e+05    2.1127723814e-01
    1.6370000000e+05    1.7363404083e-01
    1.6380000000e+05    1.5840776079e-01
    1.6390000000e+05    2.3542444263e-01
    1.6400000000e+05    2.2583663493e-01
    1.6410000000e+05    2.7468114320e-01
    1.6420000000e+05    2.4004470244e-01
    1.6430000000e+05    2.5618668718e-01
    1.6440000000e+05    2.2349260950e-01
    1.6450000000e+05    2.1073769454e-01
    1.6460000000e+05    1.4788825459e-01
    1.6470000000e+05    1.8939454426e-01
    1.6480000000e+05    1.7044431537e-01
    1.6490000000e+05    1.6010596760e-01
    1.6500000000e+05    2.2561922021e-01
    1.6510000000e+05    1.8987380876e-01
    1.6520000000e+05    2.1967182339e-01
    1.6530000000e+05    1.7282183514e-01
    1.6540000000e+05    2.6253644672e-01
    1.6550000000e+05    2.0098978995e-01
    1.6560000000e+05    2.6980164043e-01
    1.6570000000e+05    1.8988160799e-01
    1.6580000000e+05    2.0637751056e-01
    1.6590000000e+05    1.5602398899e-01
    1.6600000000e+05    2.4354767178e-01
    1.6610000000e+05    2.2315580989e-01
    1.6620000000e+05    2.1490977953e-01
    1.6630000000e+05    1.8274944148e-01
    1.6640000000e+05    1.7547430817e-01
    1.6650000000e+05    1.6141067969e-01
    1.6660000000e+05    1.6338888705e-01
    1.6670000000e+05    2.6578286672e-01
    1.6680000000e+05    2.2186014584e-01
    1.6690000000e+05    3.5194519146e-01
    1.6700000000e+05    2.0825365388e-01
    1.6710000000e+05    2.3892233256e-01
    1.6720000000e+05    2.0134914457e-01
    1.6730000000e+05    2.2582137871e-01
    1.6740000000e+05    2.3044564182e-01
    1.6750000000e+05    1.7705278314e-01
    1.6760000000e+05    1.8686087605e-01
    1.6770000000e+05    2.0789941162e-01
    1.6780000000e+05    2.5150292146e-01
    1.6790000000e+05    2.4921582842e-01
    1.6800000000e+05    2.3853180192e-01
    1.6810000000e+05    2.4490323736e-01
    1.6820000000e+05    2.2141476872e-01
    1.6830000000e+05    2.7108796313e-01
    1.6840000000e+05    1.9817691696e-01
    1.6850000000e+05    2.1480779059e-01
    1.6860000000e+05    2.1266018332e-01
    1.6870000000e+05    2.2169865823e-01
    1.6880000000e+05    2.1177888870e-01
    1.6890000000e+05    1.5216438214e-01
    1.6900000000e+05    1.6243103866e-01
    1.6910000000e+05    1.5391548816e-01
    1.6920000000e+05    1.9406618534e-01
    1.6930000000e+05    1.5627521408e-01
    1.6940000000e+05    1.7550031505e-01
    1.6950000000e+05    1.8424086556e-01
    1.6960000000e+05    1.8061314901e-01
    1.6970000000e+05    1.4824021433e-01
    1.6980000000e+05    1.6931775382e-01
    1.6990000000e+05    1.5351876667e-01
    1.7000000000e+05    1.9698301064e-01
    1.7010000000e+05    1.9008859727e-01
    1.7020000000e+05    1.6879209258e-01
    1.7030000000e+05    1.7199106076e-01
    1.7040000000e+05    1.8006378320e-01
    1.7050000000e+05    1.6653619200e-01
    1.7060000000e+05    1.5943936833e-01
    1.7070000000e+05    1.6099580649e-01
    1.7080000000e+05    1.7889834477e-01
    1.7090000000e+05    1.6920348725e-01
    1.7100000000e+05    1.8042413360e-01
    1.7110000000e+05    1.5466298654e-01
    1.7120000000e+05    1.6974100663e-01
    1.7130000000e+05    2.1444302832e-01
    1.7140000000e+05    2.1159911440e-01
    1.7150000000e+05    2.4922291183e-01
    1.7160000000e+05    1.5309573442e-01
    1.7170000000e+05    1.7857296303e-01
    1.7180000000e+05    1.6198680633e-01
    1.7190000000e+05    1.6081441185e-01
    1.7200000000e+05    1.9924202801e-01
    1.7210000000e+05    1.9919630153e-01
    1.7220000000e+05    1.8439820568e-01
    1.7230000000e+05    1.7777456009e-01
    1.7240000000e+05    1.7290821632e-01
    1.7250000000e+05    1.0667372771e-01
    1.7260000000e+05    1.8269848767e-01
    1.7270000000e+05    1.6830245548e-01
    1.7280000000e+05    1.4720059311e-01
    1.7290000000e+05    1.7063148654e-01
    1.7300000000e+05    1.7349835705e-01
    1.7310000000e+05    2.0486588705e-01
    1.7320000000e+05    2.1521993848e-01
    1.7330000000e+05    1.8375402960e-01
    1.7340000000e+05    1.7954200837e-01
    1.7350000000e+05    1.2706537712e-01
    1.7360000000e+05    1.2769419915e-01
    1.7370000000e+05    1.8954379788e-01
    1.7380000000e+05    1.5907042590e-01
    1.7390000000e+05    1.7097255865e-01
    1.7400000000e+05    1.6889120537e-01
    1.7410000000e+05    2.4488514354e-01
    1.7420000000e+05    2.7953375548e-01
    1.7430000000e+05    2.2012721237e-01
    1.7440000000e+05    1.9937180956e-01
    1.7450000000e+05    2.1333504144e-01
    1.7460000000e+05    2.1581437443e-01
    1.7470000000e+05    2.3297064727e-01
    1.7480000000e+05    1.5247843515e-01
    1.7490000000e+05    1.5350140754e-01
    1.7500000000e+05    2.1387678291e-01
    1.7510000000e+05    1.4433878931e-01
    1.7520000000e+05    2.0149009183e-01
    1.7530000000e+05    2.1625565867e-01
    1.7540000000e+05    2.2278246530e-01
    1.7550000000e+05    1.8547009205e-01
    1.7560000000e+05    1.9081167941e-01
    1.7570000000e+05    2.0506936607e-01
    1.7580000000e+05    2.2181408478e-01
    1.7590000000e+05    2.0822695376e-01
    1.7600000000e+05    2.2113302008e-01
    1.7610000000e+05    2.0272705069e-01
    1.7620000000e+05    1.7244885665e-01
    1.7630000000e+05    2.2912307946e-01
    1.7640000000e+05    2.3749064007e-01
    1.7650000000e+05    2.6207093457e-01
    1.7660000000e+05    2.5932793101e-01
    1.7670000000e+05    2.7706903337e-01
    1.7680000000e+05    2.6796755614e-01
    1.7690000000e+05    2.1383390816e-01
    1.7700000000e+05    1.9895773127e-01
    1.7710000000e+05    1.6473719093e-01
    1.7720000000e+05    2.1763721615e-01
    1.7730000000e+05    1.8902442985e-01
    1.7740000000e+05    2.0882300008e-01
    1.7750000000e+05    1.5153694425e-01
    1.7760000000e+05    1.5575089221e-01
    1.7770000000e+05    2.0089604154e-01
    1.7780000000e+05    2.0374773447e-01
    1.7790000000e+05    2.0888559610e-01
    1.7800000000e+05    1.8312482933e-01
    1.7810000000e+05    1.7774727437e-01
    1.7820000000e+05    2.3312837895e-01
    1.7830000000e+05    2.0933132783e-01
    1.7840000000e+05    1.8915041158e-01
    1.7850000000e+05    1.5911008757e-01
    1.7860000000e+05    1.7892743050e-01
    1.7870000000e+05    2.1818362563e-01
    1.7880000000e+05    1.7366040668e-01
    1.7890000000e+05    1.6816878848e-01
    1.7900000000e+05    1.8297645565e-01
    1.7910000000e+05    1.6865205666e-01
    1.7920000000e+05    2.2190517014e-01
    1.7930000000e+05    2.2194880557e-01
    1.7940000000e+05    2.0628704913e-01
    1.7950000000e+05    1.2555497641e-01
    1.7960000000e+05    1.5924814729e-01
    1.7970000000e+05    2.1533786276e-01
    1.7980000000e+05    2.2286087642e-01
    1.7990000000e+05    2.8765352657e-01
    1.8000000000e+05    2.4868956127e-01
    1.8010000000e+05    2.1428840238e-01
    1.8020000000e+05    2.8444488974e-01
    1.8030000000e+05    2.0630808910e-01
    1.8040000000e+05    2.7696481036e-01
    1.8050000000e+05    2.4161882242e-01
    1.8060000000e+05    2.2503027551e-01
    1.8070000000e+05    1.8425984400e-01
    1.8080000000e+05    1.9527198858e-01
    1.8090000000e+05    1.6602362919e-01
    1.8100000000e+05    1.8105011126e-01
    1.8110000000e+05    1.8772647584e-01
    1.8120000000e+05    1.6817793255e-01
    1.8130000000e+05    2.2344297998e-01
    1.8140000000e+05    2.4903720502e-01
    1.8150000000e+05    1.8403428341e-01
    1.8160000000e+05    1.8496104750e-01
    1.8170000000e+05    2.3354177215e-01
    1.8180000000e+05    3.1096942441e-01
    1.8190000000e+05    2.2300211254e-01
    1.8200000000e+05    1.6923889413e-01
    1.8210000000e+05    2.1314332925e-01
    1.8220000000e+05    2.1211760811e-01
    1.8230000000e+05    1.9760709589e-01
    1.8240000000e+05    2.0875537648e-01
    1.8250000000e+05    1.8221727387e-01
    1.8260000000e+05    2.8287336662e-01
    1.8270000000e+05    1.9994477852e-01
    1.8280000000e+05    2.6395033605e-01
    1.8290000000e+05    1.6575868251e-01
    1.8300000000e+05    1.9879180491e-01
    1.8310000000e+05    2.7585172810e-01
    1.8320000000e+05    2.4661955678e-01
    1.8330000000e+05    2.1445553511e-01
    1.8340000000e+05    1.8186802165e-01
    1.8350000000e+05    1.8345686838e-01
    1.8360000000e+05    1.8778283252e-01
    1.8370000000e+05    1.5950022383e-01
    1.8380000000e+05    2.1770326765e-01
    1.8390000000e+05    2.5269395114e-01
    1.8400000000e+05    2.6609528139e-01
    1.8410000000e+05    2.3808074149e-01
    1.8420000000e+05    2.0019202891e-01
    1.8430000000e+05    1.8111032103e-01
    1.8440000000e+05    1.8998986894e-01
    1.8450000000e+05    1.5223444980e-01
    1.8460000000e+05    1.6674515221e-01
    1.8470000000e+05    1.8854144095e-01
    1.8480000000e+05    2.2359546442e-01
    1.8490000000e+05    1.6486005741e-01
    1.8500000000e+05    2.8214036312e-01
    1.8510000000e+05    2.2748064785e-01
    1.8520000000e+05    2.2514875803e-01
    1.8530000000e+05    2.0613850661e-01
    1.8540000000e+05    2.1077106200e-01
    1.8550000000e+05    1.6146398541e-01
    1.8560000000e+05    1.2486029279e-01
    1.8570000000e+05    1.3145749712e-01
    1.8580000000e+05    1.0651993076e-01
    1.8590000000e+05    1.3737941215e-01
    1.8600000000e+05    1.2376813626e-01
    1.8610000000e+05    1.5089364212e-01
    1.8620000000e+05    1.9662827072e-01
    1.8630000000e+05    2.5433287502e-01
    1.8640000000e+05    2.8295336672e-01
    1.8650000000e+05    2.4873054532e-01
    1.8660000000e+05    2.5081171568e-01
    1.8670000000e+05    1.9539859300e-01
    1.8680000000e+05    1.8861267445e-01
    1.8690000000e+05    2.0563903384e-01
    1.8700000000e+05    2.8614766524e-01
    1.8710000000e+05    2.3283838099e-01
    1.8720000000e+05    2.3794059909e-01
    1.8730000000e+05    2.5434135409e-01
    1.8740000000e+05    2.4369872796e-01
    1.8750000000e+05    2.0801205021e-01
    1.8760000000e+05    1.6384833269e-01
    1.8770000000e+05    1.9512567390e-01
    1.8780000000e+05    1.6712330792e-01
    1.8790000000e+05    1.8483303870e-01
    1.8800000000e+05    1.8163897728e-01
    1.8810000000e+05    2.0816516844e-01
    1.8820000000e+05    2.2618912509e-01
    1.8830000000e+05    2.2507825332e-01
    1.8840000000e+05    1.5842439371e-01
    1.8850000000e+05    1.7767385012e-01
    1.8860000000e+05    1.9039629267e-01
    1.8870000000e+05    1.7637864837e-01
    1.8880000000e+05    1.8288260228e-01
    1.8890000000e+05    1.3620063654e-01
    1.8900000000e+05    1.1667463293e-01
    1.8910000000e+05    1.3896031250e-01
    1.8920000000e+05    2.4027158885e-01
    1.8930000000e+05    2.0757974749e-01
    1.8940000000e+05    2.7836893259e-01
    1.8950000000e+05    2.3049329954e-01
    1.8960000000e+05    1.9442503454e-01
    1.8970000000e+05    2.0731912143e-01
    1.8980000000e+05    1.4746465704e-01
    1.8990000000e+05    2.1701352099e-01
    1.9000000000e+05    1.6756787118e-01
    1.9010000000e+05    2.2570268536e-01
    1.9020000000e+05    1.6169990800e-01
    1.9030000000e+05    1.9498159648e-01
    1.9040000000e+05    8.6741855425e-02
    1.9050000000e+05    1.6387525023e-01
    1.9060000000e+05    1.4023775036e-01
    1.9070000000e+05    1.6050960470e-01
    1.9080000000e+05    1.6909413318e-01
    1.9090000000e+05    1.8633174972e-01
    1.9100000000e+05    1.6043155496e-01
    1.9110000000e+05    2.0792827988e-01
    1.9120000000e+05    2.5934325836e-01
    1.9130000000e+05    2.0055914308e-01
    1.9140000000e+05    2.9160902311e-01
    1.9150000000e+05    2.3101488004e-01
    1.9160000000e+05    2.3619241251e-01
    1.9170000000e+05    2.0261124790e-01
    1.9180000000e+05    2.3468075100e-01
    1.9190000000e+05    1.9912730205e-01
    1.9200000000e+05    2.2971017836e-01
    1.9210000000e+05    2.0046264814e-01
    1.9220000000e+05    2.7767102628e-01
    1.9230000000e+05    2.1338601179e-01
    1.9240000000e+05    2.7527366196e-01
    1.9250000000e+05    1.8851930517e-01
    1.9260000000e+05    2.4727552620e-01
    1.9270000000e+05    1.6359654726e-01
    1.9280000000e+05    1.4481531489e-01
    1.9290000000e+05    1.4517179954e-01
    1.9300000000e+05    1.5656329400e-01
    1.9310000000e+05    1.6774522177e-01
    1.9320000000e+05    1.9329164387e-01
    1.9330000000e+05    1.8234539759e-01
    1.9340000000e+05    1.9121811943e-01
    1.9350000000e+05    1.9904975069e-01
    1.9360000000e+05    1.7808061428e-01
    1.9370000000e+05    2.2692524943e-01
    1.9380000000e+05    2.0042641789e-01
    1.9390000000e+05    2.9017607571e-01
    1.9400000000e+05    2.1259927511e-01
    1.9410000000e+05    2.7866967073e-01
    1.9420000000e+05    2.3787816444e-01
    1.9430000000e+05    1.9864744308e-01
    1.9440000000e+05    1.8735383980e-01
    1.9450000000e+05    1.5268411984e-01
    1.9460000000e+05    1.4144012715e-01
    1.9470000000e+05    1.6341592945e-01
    1.9480000000e+05    1.9854172961e-01
    1.9490000000e+05    1.5827420885e-01
    1.9500000000e+05    1.8963121738e-01
    1.9510000000e+05    1.4930329681e-01
    1.9520000000e+05    1.8864166376e-01
    1.9530000000e+05    1.8574457061e-01
    1.9540000000e+05    2.1918400900e-01
    1.9550000000e+05    2.1189699540e-01
    1.9560000000e+05    3.1387503759e-01
    1.9570000000e+05    1.9610613551e-01
    1.9580000000e+05    1.9851428539e-01
    1.9590000000e+05    1.8935833376e-01
    1.9600000000e+05    1.9755032971e-01
    1.9610000000e+05    2.0669008629e-01
    1.9620000000e+05    2.2954107018e-01
    1.9630000000e+05    1.4502022773e-01
    1.9640000000e+05    1.6004301230e-01
    1.9650000000e+05    1.6830234790e-01
    1.9660000000e+05    2.0483130468e-01
    1.9670000000e+05    2.6606674130e-01
    1.9680000000e+05    1.9271142820e-01
    1.9690000000e+05    2.4640856994e-01
    1.9700000000e+05    2.0492633653e-01
    1.9710000000e+05    1.9020980280e-01
    1.9720000000e+05    1.9125907816e-01
    1.9730000000e+05    1.8570410221e-01
    1.9740000000e+05    1.9532335504e-01
    1.9750000000e+05    1.6127183594e-01
    1.9760000000e+05    1.9604310403e-01
    1.9770000000e+05    2.6004129317e-01
    1.9780000000e+05    2.9620023290e-01
    1.9790000000e+05    3.6892429492e-01
    1.9800000000e+05    2.8703234817e-01
    1.9810000000e+05    2.3148164660e-01
    1.9820000000e+05    2.3169182020e-01
    1.9830000000e+05    1.6848624884e-01
    1.9840000000e+05    1.9594304193e-01
    1.9850000000e+05    1.8567471252e-01
    1.9860000000e+05    2.3179529735e-01
    1.9870000000e+05    1.7084870431e-01
    1.9880000000e+05    1.7210868755e-01
    1.9890000000e+05    2.0278598446e-01
    1.9900000000e+05    1.9815564355e-01
    1.9910000000e+05    2.2133229949e-01
    1.9920000000e+05    1.7406032150e-01
    1.9930000000e+05    2.5173172817e-01
    1.9940000000e+05    1.8440635924e-01
    1.9950000000e+05    2.0849889919e-01
    1.9960000000e+05    1.2483309279e-01
    1.9970000000e+05    1.7190803922e-01
    1.9980000000e+05    1.8381909909e-01
    1.9990000000e+05    2.0248943647e-01
    2.0000000000e+05    1.4411569711e-01
