    7.5000000000e+01    9.0626374902e-02
    1.5000000000e+02    1.4889066363e-01
    2.2500000000e+02    2.0060894898e-01
    3.0000000000e+02    8.0713459080e-02
    3.7500000000e+02    1.4394108360e-01
    4.5000000000e+02    2.8228222397e-01
    5.2500000000e+02    9.7056652823e-02
    6.0000000000e+02    1.0516878187e-01
    6.7500000000e+02    1.6520692045e-01
    7.5000000000e+02    1.3912442029e-01
    8.2500000000e+02    1.7814410956e-01
    9.0000000000e+02    1.8446672101e-01
    9.7500000000e+02    1.3211421522e-01
    1.0500000000e+03    3.8369524325e-01
    1.1250000000e+03    1.2243631409e-01
    1.2000000000e+03    1.4591460998e-01
    1.2750000000e+03    2.5070654363e-01
    1.3500000000e+03    8.7992275383e-02
    1.4250000000e+03    2.1083212318e-01
    1.5000000000e+03    7.6377133476e-02
    1.5750000000e+03    2.0411034626e-01
    1.6500000000e+03    1.5780497107e-01
    1.7250000000e+03    1.4549067288e-01
    1.8000000000e+03    1.5279734781e-01
    1.8750000000e+03    1.6744609011e-01
    1.9500000000e+03    1.1705911224e-01
    2.0250000000e+03    9.2156830721e-02
    2.1000000000e+03    8.1551900053e-02
    2.1750000000e+03    1.0221215354e-01
    2.2500000000e+03    1.7964297522e-01
    2.3250000000e+03    2.0371017361e-01
    2.4000000000e+03    1.7981976227e-01
    2.4750000000e+03    2.5148118039e-01
    2.5500000000e+03    1.1509040630e-01
    2.6250000000e+03    2.0228795544e-01
    2.7000000000e+03    1.1441745578e-01
    2.7750000000e+03    7.7352151820e-02
    2.8500000000e+03    1.3056050663e-01
    2.9250000000e+03    1.0409536960e-01
    3.0000000000e+03    1.8880252736e-01
    3.0750000000e+03    2.3327179347e-01
    3.1500000000e+03    1.8338204981e-01
    3.2250000000e+03    2.2735617361e-01
    3.3000000000e+03    1.2630320278e-01
    3.3750000000e+03    1.0633758642e-01
    3.4500000000e+03    1.5654002176e-01
    3.5250000000e+03    9.7415291268e-02
    3.6000000000e+03    1.3945791406e-01
    3.6750000000e+03    1.3451340784e-01
    3.7500000000e+03    2.0984050282e-01
    3.8250000000e+03    1.6777639436e-01
    3.9000000000e+03    1.5200445004e-01
    3.9750000000e+03    1.1137842129e-01
    4.0500000000e+03    1.2759916730e-01
    4.1250000000e+03    1.0631004686e-01
    4.2000000000e+03    8.5153742973e-02
    4.2750000000e+03    8.3892481943e-02
    4.3500000000e+03    1.5573069888e-01
    4.4250000000e+03    1.1727164366e-01
    4.5000000000e+03    8.4356739034e-02
    4.5750000000e+03    1.5771576753e-01
    4.6500000000e+03    1.1567573734e-01
    4.7250000000e+03    1.0479873187e-01
    4.8000000000e+03    2.5142015602e-01
    4.8750000000e+03    1.2171026238e-01
    4.9500000000e+03    1.2954586813e-01
    5.0250000000e+03    1.1938865597e-01
    5.1000000000e+03    1.0553191160e-01
    5.1750000000e+03    1.5381932657e-01
    5.2500000000e+03    1.3144331252e-01
    5.3250000000e+03    7.9489376792e-02
    5.4000000000e+03    2.5333369182e-01
    5.4750000000e+03    1.8604617653e-01
    5.5500000000e+03    1.3045616682e-01
    5.6250000000e+03    2.5514127948e-01
    5.7000000000e+03    1.2471878923e-01
    5.7750000000e+03    9.4455274082e-02
    5.8500000000e+03    1.7624425776e-01
    5.9250000000e+03    1.1099369625e-01
    6.0000000000e+03    9.9269609672e-02
    6.0750000000e+03    1.8367502126e-01
    6.1500000000e+03    1.3869970676e-01
    6.2250000000e+03    1.2187032062e-01
    6.3000000000e+03    2.1540258944e-01
    6.3750000000e+03    9.6255526399e-02
    6.4500000000e+03    7.6131722178e-02
    6.5250000000e+03    8.8751168263e-02
    6.6000000000e+03    9.0064586520e-02
    6.6750000000e+03    2.6511292256e-01
    6.7500000000e+03    3.2662172964e-01
    6.8250000000e+03    1.7139721406e-01
    6.9000000000e+03    2.3577011570e-01
    6.9750000000e+03    1.1318124710e-01
    7.0500000000e+03    9.9412205906e-02
    7.1250000000e+03    1.3035779986e-01
    7.2000000000e+03    9.3068204672e-02
    7.2750000000e+03    2.8537874497e-01
    7.3500000000e+03    3.1696352526e-01
    7.4250000000e+03    1.7080484996e-01
    7.5000000000e+03    2.9745533462e-01
    7.5750000000e+03    8.8170735602e-02
    7.6500000000e+03    9.7713575605e-02
    7.7250000000e+03    2.6263321461e-01
    7.8000000000e+03    8.7701349676e-02
    7.8750000000e+03    1.2678094199e-01
    7.9500000000e+03    3.0348758011e-01
    8.0250000000e+03    1.8894294650e-01
    8.1000000000e+03    3.4110854484e-01
    8.1750000000e+03    1.6606082916e-01
    8.2500000000e+03    2.5594113175e-01
    8.3250000000e+03    2.0684957149e-01
    8.4000000000e+03    1.8847825111e-01
    8.4750000000e+03    2.7221389426e-01
    8.5500000000e+03    1.1002997486e-01
    8.6250000000e+03    1.4071056787e-01
    8.7000000000e+03    2.0821172510e-01
    8.7750000000e+03    1.4134077347e-01
    8.8500000000e+03    1.1471157734e-01
    8.9250000000e+03    2.1416800051e-01
    9.0000000000e+03    1.3361103989e-01
    9.0750000000e+03    1.3249617247e-01
    9.1500000000e+03    1.5695201176e-01
    9.2250000000e+03    1.1345497339e-01
    9.3000000000e+03    1.1200647776e-01
    9.3750000000e+03    2.0199407942e-01
    9.4500000000e+03    1.2698771921e-01
    9.5250000000e+03    1.1202094223e-01
    9.6000000000e+03    1.6901369505e-01
    9.6750000000e+03    1.8676685324e-01
    9.7500000000e+03    1.4757551092e-01
    9.8250000000e+03    1.4665180015e-01
    9.9000000000e+03    1.3199756362e-01
    9.9750000000e+03    9.6099739988e-02
    1.0050000000e+04    1.9734781432e-01
    1.0125000000e+04    9.5529454928e-02
    1.0200000000e+04    1.1916277144e-01
    1.0275000000e+04    1.9312194982e-01
    1.0350000000e+04    2.8858373812e-01
    1.0425000000e+04    3.1062720102e-01
    1.0500000000e+04    1.1430284198e-01
    1.0575000000e+04    1.6075365871e-01
    1.0650000000e+04    1.9252495678e-01
    1.0725000000e+04    1.1123869840e-01
    1.0800000000e+04    1.3601010642e-01
    1.0875000000e+04    1.7908952911e-01
    1.0950000000e+04    1.3558197801e-01
    1.1025000000e+04    1.5761641619e-01
    1.1100000000e+04    1.6877252435e-01
    1.1175000000e+04    1.0745993204e-01
    1.1250000000e+04    1.2317937037e-01
    1.1325000000e+04    1.1550527396e-01
    1.1400000000e+04    1.5428330975e-01
    1.1475000000e+04    1.4938374382e-01
    1.1550000000e+04    1.0870842050e-01
    1.1625000000e+04    1.0734790789e-01
    1.1700000000e+04    1.7147221355e-01
    1.1775000000e+04    1.2002198613e-01
    1.1850000000e+04    1.3768998187e-01
    1.1925000000e+04    1.8033014086e-01
    1.2000000000e+04    1.7871817342e-01
    1.2075000000e+04    3.9675562498e-01
    1.2150000000e+04    1.4159855218e-01
    1.2225000000e+04    1.4512771357e-01
    1.2300000000e+04    1.3871438936e-01
    1.2375000000e+04    9.0452261993e-02
    1.2450000000e+04    8.4619879146e-02
    1.2525000000e+04    1.2977586381e-01
    1.2600000000e+04    2.5056985854e-01
    1.2675000000e+04    2.2372218200e-01
    1.2750000000e+04    1.2185646168e-01
    1.2825000000e+04    1.4743735579e-01
    1.2900000000e+04    1.7090249753e-01
    1.2975000000e+04    1.2554504427e-01
    1.3050000000e+04    1.5817958584e-01
    1.3125000000e+04    2.0965450020e-01
    1.3200000000e+04    1.2246497541e-01
    1.3275000000e+04    1.3206577337e-01
    1.3350000000e+04    1.9302721626e-01
    1.3425000000e+04    1.3805633044e-01
    1.3500000000e+04    1.7318314109e-01
    1.3575000000e+04    1.7452255871e-01
    1.3650000000e+04    1.3034707283e-01
    1.3725000000e+04    2.6148618207e-01
    1.3800000000e+04    1.1403139160e-01
    1.3875000000e+04    1.4893115870e-01
    1.3950000000e+04    3.4516000475e-01
    1.4025000000e+04    3.1713790850e-01
    1.4100000000e+04    4.7155462889e-01
    1.4175000000e+04    2.0498112605e-01
    1.4250000000e+04    1.6000895293e-01
    1.4325000000e+04    2.1801054606e-01
    1.4400000000e+04    9.2065044901e-02
    1.4475000000e+04    8.3746258774e-02
    1.4550000000e+04    1.0861675004e-01
    1.4625000000e+04    1.2918460589e-01
    1.4700000000e+04    1.7650324386e-01
    1.4775000000e+04    2.0061243301e-01
    1.4850000000e+04    1.5142436455e-01
    1.4925000000e+04    1.9666474052e-01
    1.5000000000e+04    9.7915785892e-02
    1.5075000000e+04    1.0335506901e-01
    1.5150000000e+04    1.3893435174e-01
    1.5225000000e+04    1.2111808842e-01
    1.5300000000e+04    1.3465532333e-01
    1.5375000000e+04    1.8735549097e-01
    1.5450000000e+04    1.5529967539e-01
    1.5525000000e+04    1.6219254422e-01
    1.5600000000e+04    1.2749056385e-01
    1.5675000000e+04    1.0883209318e-01
    1.5750000000e+04    8.0133554696e-02
    1.5825000000e+04    1.9778428660e-01
    1.5900000000e+04    2.4155360541e-01
    1.5975000000e+04    2.1420571073e-01
    1.6050000000e+04    1.4194628684e-01
    1.6125000000e+04    2.0210204530e-01
    1.6200000000e+04    9.1494456298e-02
    1.6275000000e+04    8.8306011381e-02
    1.6350000000e+04    6.1370571935e-02
    1.6425000000e+04    1.0161871863e-01
    1.6500000000e+04    6.8354849573e-02
    1.6575000000e+04    9.2102124235e-02
    1.6650000000e+04    8.4930221471e-02
    1.6725000000e+04    1.1145132228e-01
    1.6800000000e+04    1.3591551253e-01
    1.6875000000e+04    1.6851009060e-01
    1.6950000000e+04    2.3661691578e-01
    1.7025000000e+04    2.7027421407e-01
    1.7100000000e+04    2.9452026756e-01
    1.7175000000e+04    3.5896057816e-01
    1.7250000000e+04    2.5612593460e-01
    1.7325000000e+04    1.3409278025e-01
    1.7400000000e+04    1.6825889771e-01
    1.7475000000e+04    8.2031257747e-02
    1.7550000000e+04    7.1639303912e-02
    1.7625000000e+04    9.6929119191e-02
    1.7700000000e+04    7.4683522387e-02
    1.7775000000e+04    1.2139478084e-01
    1.7850000000e+04    1.0489963791e-01
    1.7925000000e+04    1.0409451562e-01
    1.8000000000e+04    2.2087939284e-01
    1.8075000000e+04    1.7362803320e-01
    1.8150000000e+04    1.7452091484e-01
    1.8225000000e+04    1.9900837521e-01
    1.8300000000e+04    1.4880258515e-01
    1.8375000000e+04    1.8592242727e-01
    1.8450000000e+04    1.0030650176e-01
    1.8525000000e+04    8.9129229833e-02
    1.8600000000e+04    1.4015741434e-01
    1.8675000000e+04    6.4191237712e-02
    1.8750000000e+04    7.1507719914e-02
    1.8825000000e+04    1.2720506593e-01
    1.8900000000e+04    1.0469165868e-01
    1.8975000000e+04    1.0560304500e-01
    1.9050000000e+04    1.5714498338e-01
    1.9125000000e+04    2.3402546966e-01
    1.9200000000e+04    2.6276344675e-01
    1.9275000000e+04    1.4585001675e-01
    1.9350000000e+04    1.4883529295e-01
    1.9425000000e+04    1.2226825537e-01
    1.9500000000e+04    1.3214572361e-01
    1.9575000000e+04    1.3585602814e-01
    1.9650000000e+04    7.4089586451e-02
    1.9725000000e+04    1.3520850171e-01
    1.9800000000e+04    1.3922213145e-01
    1.9875000000e+04    8.3078007898e-02
    1.9950000000e+04    1.8786120171e-01
    2.0025000000e+04    1.2003689455e-01
    2.0100000000e+04    7.1912984305e-02
    2.0175000000e+04    1.0415589802e-01
    2.0250000000e+04    1.2456570151e-01
    2.0325000000e+04    1.5246858262e-01
    2.0400000000e+04    2.1003355161e-01
    2.0475000000e+04    1.5568211006e-01
    2.0550000000e+04    1.7592594657e-01
    2.0625000000e+04    1.5113028354e-01
    2.0700000000e+04    1.1166489378e-01
    2.0775000000e+04    1.2800234306e-01
    2.0850000000e+04    9.5902304229e-02
    2.0925000000e+04    8.4317617783e-02
    2.1000000000e+04    1.0436149567e-01
    2.1075000000e+04    1.2801977298e-01
    2.1150000000e+04    2.3518315305e-01
    2.1225000000e+04    1.4305186057e-01
    2.1300000000e+04    1.9429010552e-01
    2.1375000000e+04    1.8523765883e-01
    2.1450000000e+04    1.0707656079e-01
    2.1525000000e+04    1.3355680685e-01
    2.1600000000e+04    1.7773608246e-01
    2.1675000000e+04    1.7070197150e-01
    2.1750000000e+04    1.8613769736e-01
    2.1825000000e+04    2.1129689311e-01
    2.1900000000e+04    1.4063239855e-01
    2.1975000000e+04    1.1428939996e-01
    2.2050000000e+04    1.3791834418e-01
    2.2125000000e+04    1.8531488235e-01
    2.2200000000e+04    1.3731400924e-01
    2.2275000000e+04    1.3459760444e-01
    2.2350000000e+04    1.0614756137e-01
    2.2425000000e+04    1.2212440545e-01
    2.2500000000e+04    1.3348438249e-01
    2.2575000000e+04    1.3587609893e-01
    2.2650000000e+04    1.3500017576e-01
    2.2725000000e+04    1.9376398003e-01
    2.2800000000e+04    1.4729018009e-01
    2.2875000000e+04    1.9066068962e-01
    2.2950000000e+04    1.8434088162e-01
    2.3025000000e+04    1.3309893152e-01
    2.3100000000e+04    1.2672331930e-01
    2.3175000000e+04    9.5520323717e-02
    2.3250000000e+04    6.4308544518e-02
    2.3325000000e+04    8.9683270754e-02
    2.3400000000e+04    8.9164112945e-02
    2.3475000000e+04    2.0428226367e-01
    2.3550000000e+04    1.5767423901e-01
    2.3625000000e+04    2.3745130134e-01
    2.3700000000e+04    1.0925843905e-01
    2.3775000000e+04    1.4603318436e-01
    2.3850000000e+04    1.3759874428e-01
    2.3925000000e+04    1.1308373474e-01
    2.4000000000e+04    1.5457288647e-01
    2.4075000000e+04    1.7516004722e-01
    2.4150000000e+04    1.4210486417e-01
    2.4225000000e+04    2.2597634958e-01
    2.4300000000e+04    1.5222971157e-01
    2.4375000000e+04    1.5724859337e-01
    2.4450000000e+04    1.6660626525e-01
    2.4525000000e+04    1.0127770162e-01
    2.4600000000e+04    9.0498199165e-02
    2.4675000000e+04    2.1631629230e-01
    2.4750000000e+04    1.1818550246e-01
    2.4825000000e+04    2.1106707623e-01
    2.4900000000e+04    1.8080349299e-01
    2.4975000000e+04    1.6954047094e-01
    2.5050000000e+04    2.0834342304e-01
    2.5125000000e+04    1.0171376970e-01
    2.5200000000e+04    1.0929894627e-01
    2.5275000000e+04    1.3132843327e-01
    2.5350000000e+04    9.6350702576e-02
    2.5425000000e+04    8.8672686386e-02
    2.5500000000e+04    1.0328708701e-01
    2.5575000000e+04    1.2993502202e-01
    2.5650000000e+04    1.2480684590e-01
    2.5725000000e+04    1.3149331080e-01
    2.5800000000e+04    1.5186197576e-01
    2.5875000000e+04    1.7136200047e-01
    2.5950000000e+04    1.6858867423e-01
    2.6025000000e+04    2.2603278671e-01
    2.6100000000e+04    1.5100900728e-01
    2.6175000000e+04    1.5011405586e-01
    2.6250000000e+04    7.8547935095e-02
    2.6325000000e+04    8.7647741378e-02
    2.6400000000e+04    8.7300930363e-02
    2.6475000000e+04    8.7558427543e-02
    2.6550000000e+04    1.0344127235e-01
    2.6625000000e+04    1.0351519818e-01
    2.6700000000e+04    1.4317098082e-01
    2.6775000000e+04    1.6820596809e-01
    2.6850000000e+04    1.2973801832e-01
    2.6925000000e+04    1.1978673156e-01
    2.7000000000e+04    1.3972685865e-01
    2.7075000000e+04    1.1139472593e-01
    2.7150000000e+04    1.0810527548e-01
    2.7225000000e+04    1.3912667873e-01
    2.7300000000e+04    8.1861015439e-02
    2.7375000000e+04    1.2866486170e-01
    2.7450000000e+04    9.7341904953e-02
    2.7525000000e+04    9.6363956646e-02
    2.7600000000e+04    1.3530266796e-01
    2.7675000000e+04    1.0503789261e-01
    2.7750000000e+04    1.3775347786e-01
    2.7825000000e+04    1.3491458632e-01
    2.7900000000e+04    1.2570095981e-01
    2.7975000000e+04    1.2717118243e-01
    2.8050000000e+04    1.2017731159e-01
    2.8125000000e+04    8.8423756262e-02
    2.8200000000e+04    1.3581432780e-01
    2.8275000000e+04    7.6452810147e-02
    2.8350000000e+04    6.9234669201e-02
    2.8425000000e+04    1.5835187189e-01
    2.8500000000e+04    1.0268825221e-01
    2.8575000000e+04    8.7970110842e-02
    2.8650000000e+04    1.6693673952e-01
    2.8725000000e+04    1.1732480854e-01
    2.8800000000e+04    2.8205795751e-01
    2.8875000000e+04    2.1975530473e-01
    2.8950000000e+04    1.9350860068e-01
    2.9025000000e+04    1.9337239194e-01
    2.9100000000e+04    1.4846436194e-01
    2.9175000000e+04    1.4529811173e-01
    2.9250000000e+04    1.4766759408e-01
    2.9325000000e+04    1.9281997032e-01
    2.9400000000e+04    2.0348872863e-01
    2.9475000000e+04    1.2642972692e-01
    2.9550000000e+04    1.2634451256e-01
    2.9625000000e+04    1.2393472574e-01
    2.9700000000e+04    1.1161819128e-01
    2.9775000000e+04    1.1989990486e-01
    2.9850000000e+04    1.5405160353e-01
    2.9925000000e+04    1.2276814162e-01
    3.0000000000e+04    1.8676476014e-01
    3.0075000000e+04    1.1910991390e-01
    3.0150000000e+04    1.6092310306e-01
    3.0225000000e+04    1.0951922927e-01
    3.0300000000e+04    1.1938015135e-01
    3.0375000000e+04    1.1903098742e-01
    3.0450000000e+04    1.0773042563e-01
    3.0525000000e+04    1.4488384171e-01
    3.0600000000e+04    1.0287578682e-01
    3.0675000000e+04    1.1924272010e-01
    3.0750000000e+04    1.5004130797e-01
    3.0825000000e+04    1.7510381297e-01
    3.0900000000e+04    2.1071301423e-01
    3.0975000000e+04    1.9765588514e-01
    3.1050000000e+04    1.7573729659e-01
    3.1125000000e+04    1.2637422739e-01
    3.1200000000e+04    1.1841954682e-01
    3.1275000000e+04    1.0614965514e-01
    3.1350000000e+04    8.8201216178e-02
    3.1425000000e+04    1.3643061902e-01
    3.1500000000e+04    2.0185342958e-01
    3.1575000000e+04    1.6640575826e-01
    3.1650000000e+04    1.3429417578e-01
    3.1725000000e+04    2.1197831229e-01
    3.1800000000e+04    1.0263318788e-01
    3.1875000000e+04    1.7999345154e-01
    3.1950000000e+04    2.2555566503e-01
    3.2025000000e+04    1.5800388398e-01
    3.2100000000e+04    1.9621161622e-01
    3.2175000000e+04    1.0965280387e-01
    3.2250000000e+04    1.3555242718e-01
    3.2325000000e+04    1.3822660432e-01
    3.2400000000e+04    1.0370471370e-01
    3.2475000000e+04    9.9169572253e-02
    3.2550000000e+04    1.2338192811e-01
    3.2625000000e+04    9.3682199756e-02
    3.2700000000e+04    1.1557085885e-01
    3.2775000000e+04    9.2246623589e-02
    3.2850000000e+04    1.4657258819e-01
    3.2925000000e+04    1.4871732361e-01
    3.3000000000e+04    1.2704909079e-01
    3.3075000000e+04    1.7232686987e-01
    3.3150000000e+04    1.2934955033e-01
    3.3225000000e+04    1.2917778886e-01
    3.3300000000e+04    1.8492309718e-01
    3.3375000000e+04    9.6171027286e-02
    3.3450000000e+04    8.8682153765e-02
    3.3525000000e+04    1.6748122063e-01
    3.3600000000e+04    1.3659982439e-01
    3.3675000000e+04    3.8148250430e-01
    3.3750000000e+04    3.5687235483e-01
    3.3825000000e+04    3.3107637855e-01
    3.3900000000e+04    1.4875358031e-01
    3.3975000000e+04    8.9203987159e-02
    3.4050000000e+04    2.0247003790e-01
    3.4125000000e+04    8.1214212500e-02
    3.4200000000e+04    9.2799148023e-02
    3.4275000000e+04    1.9845858496e-01
    3.4350000000e+04    1.0879292856e-01
    3.4425000000e+04    2.7282616252e-01
    3.4500000000e+04    2.1717107340e-01
    3.4575000000e+04    3.5963498651e-01
    3.4650000000e+04    4.2895817753e-01
    3.4725000000e+04    1.6834627617e-01
    3.4800000000e+04    3.4289082768e-01
    3.4875000000e+04    1.2059354128e-01
    3.4950000000e+04    1.7330911432e-01
    3.5025000000e+04    1.7033355854e-01
    3.5100000000e+04    1.1857952130e-01
    3.5175000000e+04    3.1425591806e-01
    3.5250000000e+04    1.6103851959e-01
    3.5325000000e+04    1.4377683239e-01
    3.5400000000e+04    2.0219630403e-01
    3.5475000000e+04    1.0155119096e-01
    3.5550000000e+04    1.4064708001e-01
    3.5625000000e+04    1.9575375164e-01
    3.5700000000e+04    1.1169042570e-01
    3.5775000000e+04    1.1667473822e-01
    3.5850000000e+04    1.4922760650e-01
    3.5925000000e+04    1.3905256971e-01
    3.6000000000e+04    1.5507280930e-01
    3.6075000000e+04    1.3987044200e-01
    3.6150000000e+04    1.3822713955e-01
    3.6225000000e+04    2.7776660863e-01
    3.6300000000e+04    1.2636839965e-01
    3.6375000000e+04    9.8053203265e-02
    3.6450000000e+04    2.2551052865e-01
    3.6525000000e+04    2.6094682998e-01
    3.6600000000e+04    2.5099009422e-01
    3.6675000000e+04    1.1145825642e-01
    3.6750000000e+04    1.0750330573e-01
    3.6825000000e+04    1.2731003439e-01
    3.6900000000e+04    1.1002500904e-01
    3.6975000000e+04    1.0667171082e-01
    3.7050000000e+04    1.0517424909e-01
    3.7125000000e+04    1.2098914788e-01
    3.7200000000e+04    1.6728839455e-01
    3.7275000000e+04    1.3533693184e-01
    3.7350000000e+04    1.2265198455e-01
    3.7425000000e+04    1.1190925777e-01
    3.7500000000e+04    1.2749814484e-01
    3.7575000000e+04    1.5120900818e-01
    3.7650000000e+04    1.4831218901e-01
    3.7725000000e+04    8.6784017108e-02
    3.7800000000e+04    1.0000837516e-01
    3.7875000000e+04    1.0469865543e-01
    3.7950000000e+04    1.0410982712e-01
    3.8025000000e+04    1.7220418150e-01
    3.8100000000e+04    9.0357557793e-02
    3.8175000000e+04    1.0785266074e-01
    3.8250000000e+04    1.1513850515e-01
    3.8325000000e+04    1.5378104667e-01
    3.8400000000e+04    1.9221003303e-01
    3.8475000000e+04    1.5561029904e-01
    3.8550000000e+04    1.4856508155e-01
    3.8625000000e+04    1.2189270586e-01
    3.8700000000e+04    1.0048572446e-01
    3.8775000000e+04    1.6049383986e-01
    3.8850000000e+04    1.2523414285e-01
    3.8925000000e+04    1.6862496295e-01
    3.9000000000e+04    9.8459463439e-02
    3.9075000000e+04    1.0747270405e-01
    3.9150000000e+04    1.3805880138e-01
    3.9225000000e+04    1.1279075237e-01
    3.9300000000e+04    1.4667483349e-01
    3.9375000000e+04    1.0930934177e-01
    3.9450000000e+04    1.5155287262e-01
    3.9525000000e+04    1.5591761932e-01
    3.9600000000e+04    1.6360123595e-01
    3.9675000000e+04    1.7655935547e-01
    3.9750000000e+04    1.7567399731e-01
    3.9825000000e+04    1.7002045627e-01
    3.9900000000e+04    1.9331692639e-01
    3.9975000000e+04    1.9645589007e-01
    4.0050000000e+04    2.2062313758e-01
    4.0125000000e+04    1.3129516732e-01
    4.0200000000e+04    1.4353792023e-01
    4.0275000000e+04    1.2947481287e-01
    4.0350000000e+04    1.8069631114e-01
    4.0425000000e+04    1.7547782141e-01
    4.0500000000e+04    1.3339596610e-01
    4.0575000000e+04    1.6256198190e-01
    4.0650000000e+04    1.7601119312e-01
    4.0725000000e+04    1.9837978164e-01
    4.0800000000e+04    2.1528669785e-01
    4.0875000000e+04    1.6863627972e-01
    4.0950000000e+04    1.9865890462e-01
    4.1025000000e+04    2.2406018099e-01
    4.1100000000e+04    1.6625141939e-01
    4.1175000000e+04    3.5772332616e-01
    4.1250000000e+04    1.9926984975e-01
    4.1325000000e+04    1.5523955980e-01
    4.1400000000e+04    1.3419811815e-01
    4.1475000000e+04    1.0872614624e-01
    4.1550000000e+04    1.3690761170e-01
    4.1625000000e+04    1.2667399000e-01
    4.1700000000e+04    9.7197805449e-02
    4.1775000000e+04    9.2145093216e-02
    4.1850000000e+04    1.1522480046e-01
    4.1925000000e+04    1.5957553278e-01
    4.2000000000e+04    1.8436548640e-01
    4.2075000000e+04    2.1478811743e-01
    4.2150000000e+04    1.9134719755e-01
    4.2225000000e+04    9.6111287227e-02
    4.2300000000e+04    1.3546724916e-01
    4.2375000000e+04    1.0316691090e-01
    4.2450000000e+04    1.2785876825e-01
    4.2525000000e+04    1.0814003205e-01
    4.2600000000e+04    1.4781281016e-01
    4.2675000000e+04    1.5584164649e-01
    4.2750000000e+04    1.4120996902e-01
    4.2825000000e+04    1.0206390084e-01
    4.2900000000e+04    1.1072209207e-01
    4.2975000000e+04    1.6246581093e-01
    4.3050000000e+04    1.3063698030e-01
    4.3125000000e+04    9.6745663584e-02
    4.3200000000e+04    1.8277670070e-01
    4.3275000000e+04    1.3364577790e-01
    4.3350000000e+04    3.3157044041e-01
    4.3425000000e+04    1.5298205603e-01
    4.3500000000e+04    8.1510722285e-02
    4.3575000000e+04    1.1511496697e-01
    4.3650000000e+04    1.2510292978e-01
    4.3725000000e+04    1.3505622664e-01
    4.3800000000e+04    2.0024801744e-01
    4.3875000000e+04    1.3823164139e-01
    4.3950000000e+04    1.3444996007e-01
    4.4025000000e+04    1.3662654544e-01
    4.4100000000e+04    1.0055002977e-01
    4.4175000000e+04    1.4149119528e-01
    4.4250000000e+04    1.1682950264e-01
    4.4325000000e+04    1.4355098408e-01
    4.4400000000e+04    1.3035477470e-01
    4.4475000000e+04    8.9183983507e-02
    4.4550000000e+04    1.4735277893e-01
    4.4625000000e+04    1.0048899076e-01
    4.4700000000e+04    8.0080343135e-02
    4.4775000000e+04    3.0902152902e-01
    4.4850000000e+04    1.0303787165e-01
    4.4925000000e+04    9.0144317042e-02
    4.5000000000e+04    1.9570607075e-01
    4.5075000000e+04    1.1529809202e-01
    4.5150000000e+04    1.4287404626e-01
    4.5225000000e+04    1.0707822802e-01
    4.5300000000e+04    1.2013971755e-01
    4.5375000000e+04    2.4209495213e-01
    4.5450000000e+04    1.0574502188e-01
    4.5525000000e+04    8.5622061830e-02
    4.5600000000e+04    1.3927385366e-01
    4.5675000000e+04    8.4233396367e-02
    4.5750000000e+04    1.9452575736e-01
    4.5825000000e+04    1.2389864162e-01
    4.5900000000e+04    1.3099723865e-01
    4.5975000000e+04    1.9918620585e-01
    4.6050000000e+04    1.4160541944e-01
    4.6125000000e+04    1.3616274425e-01
    4.6200000000e+04    1.9322779853e-01
    4.6275000000e+04    9.6700632711e-02
    4.6350000000e+04    1.1830946174e-01
    4.6425000000e+04    1.1495500374e-01
    4.6500000000e+04    1.2997727907e-01
    4.6575000000e+04    7.0931997287e-02
    4.6650000000e+04    6.9002106784e-02
    4.6725000000e+04    6.5876767464e-02
    4.6800000000e+04    2.0622698219e-01
    4.6875000000e+04    6.4375154946e-02
    4.6950000000e+04    6.3421372571e-02
    4.7025000000e+04    1.5796632607e-01
    4.7100000000e+04    7.7188149247e-02
    4.7175000000e+04    8.1715318025e-02
    4.7250000000e+04    2.8709225447e-01
    4.7325000000e+04    1.5620036827e-01
    4.7400000000e+04    2.8031332471e-01
    4.7475000000e+04    1.7597487256e-01
    4.7550000000e+04    2.0447141705e-01
    4.7625000000e+04    3.9233609162e-01
    4.7700000000e+04    1.0994269857e-01
    4.7775000000e+04    2.1712095980e-01
    4.7850000000e+04    7.8427159192e-02
    4.7925000000e+04    8.7333186766e-02
    4.8000000000e+04    2.8495159166e-01
    4.8075000000e+04    1.3188185258e-01
    4.8150000000e+04    1.4414286252e-01
    4.8225000000e+04    3.7124375065e-01
    4.8300000000e+04    9.2641193891e-02
    4.8375000000e+04    9.1576746814e-02
    4.8450000000e+04    2.0163888606e-01
    4.8525000000e+04    1.1314166772e-01
    4.8600000000e+04    2.6099615268e-01
    4.8675000000e+04    1.7585032365e-01
    4.8750000000e+04    1.2168411776e-01
    4.8825000000e+04    2.1242830972e-01
    4.8900000000e+04    7.7354752361e-02
    4.8975000000e+04    1.7674249388e-01
    4.9050000000e+04    1.3909950991e-01
    4.9125000000e+04    9.5059856904e-02
    4.9200000000e+04    2.3573148031e-01
    4.9275000000e+04    1.0393491279e-01
    4.9350000000e+04    2.2962274439e-01
    4.9425000000e+04    9.8809240625e-02
    4.9500000000e+04    1.0322047427e-01
    4.9575000000e+04    3.2561603996e-01
    4.9650000000e+04    2.1139880069e-01
    4.9725000000e+04    1.7129341967e-01
    4.9800000000e+04    1.5284840175e-01
    4.9875000000e+04    1.0498495008e-01
    4.9950000000e+04    1.4368662160e-01
    5.0025000000e+04    9.2982704644e-02
    5.0100000000e+04    9.0188944451e-02
    5.0175000000e+04    1.4309930451e-01
    5.0250000000e+04    1.0103083943e-01
    5.0325000000e+04    1.9447513811e-01
    5.0400000000e+04    9.2297612713e-02
    5.0475000000e+04    9.7254626082e-02
    5.0550000000e+04    1.3683603922e-01
    5.0625000000e+04    9.5182323214e-02
    5.0700000000e+04    1.6571148418e-01
    5.0775000000e+04    1.2523779423e-01
    5.0850000000e+04    8.9440450409e-02
    5.0925000000e+04    1.0535060347e-01
    5.1000000000e+04    9.6660524586e-02
    5.1075000000e+04    1.1323129216e-01
    5.1150000000e+04    1.5237455484e-01
    5.1225000000e+04    1.3299290091e-01
    5.1300000000e+04    9.7286590423e-02
    5.1375000000e+04    1.6544359176e-01
    5.1450000000e+04    9.0012021330e-02
    5.1525000000e+04    8.3924910175e-02
    5.1600000000e+04    8.4579681420e-02
    5.1675000000e+04    6.3729870867e-02
    5.1750000000e+04    9.6054677667e-02
    5.1825000000e+04    1.6707621920e-01
    5.1900000000e+04    1.2361535372e-01
    5.1975000000e+04    2.1037828092e-01
    5.2050000000e+04    1.6551940246e-01
    5.2125000000e+04    1.9624836035e-01
    5.2200000000e+04    2.8813184512e-01
    5.2275000000e+04    2.2385609067e-01
    5.2350000000e+04    2.5814201367e-01
    5.2425000000e+04    2.1566125266e-01
    5.2500000000e+04    1.0473233211e-01
    5.2575000000e+04    1.0540596880e-01
    5.2650000000e+04    1.7885378727e-01
    5.2725000000e+04    1.6363959180e-01
    5.2800000000e+04    1.0616688860e-01
    5.2875000000e+04    9.9963858959e-02
    5.2950000000e+04    1.3144321541e-01
    5.3025000000e+04    1.1953325006e-01
    5.3100000000e+04    1.2236214388e-01
    5.3175000000e+04    2.2380989594e-01
    5.3250000000e+04    1.4563857930e-01
    5.3325000000e+04    1.7319312302e-01
    5.3400000000e+04    7.8951318694e-02
    5.3475000000e+04    7.1260000169e-02
    5.3550000000e+04    8.6849758436e-02
    5.3625000000e+04    1.5378830264e-01
    5.3700000000e+04    2.7017925059e-01
    5.3775000000e+04    1.2527067582e-01
    5.3850000000e+04    1.2806208984e-01
    5.3925000000e+04    1.2476080675e-01
    5.4000000000e+04    1.0225803751e-01
    5.4075000000e+04    1.8243115304e-01
    5.4150000000e+04    1.1054831137e-01
    5.4225000000e+04    6.9831183336e-02
    5.4300000000e+04    2.4850700114e-01
    5.4375000000e+04    8.7453485457e-02
    5.4450000000e+04    1.2410178154e-01
    5.4525000000e+04    1.3399986176e-01
    5.4600000000e+04    1.4732896187e-01
    5.4675000000e+04    1.6663251119e-01
    5.4750000000e+04    1.6257298293e-01
    5.4825000000e+04    1.0049347123e-01
    5.4900000000e+04    1.6000165231e-01
    5.4975000000e+04    1.8797362997e-01
    5.5050000000e+04    2.1894437243e-01
    5.5125000000e+04    2.8055896734e-01
    5.5200000000e+04    2.9056173862e-01
    5.5275000000e+04    1.9228005914e-01
    5.5350000000e+04    1.0782112329e-01
    5.5425000000e+04    1.3776820593e-01
    5.5500000000e+04    1.1111531474e-01
    5.5575000000e+04    7.9851429423e-02
    5.5650000000e+04    1.2745173068e-01
    5.5725000000e+04    9.8677195383e-02
    5.5800000000e+04    1.1512334965e-01
    5.5875000000e+04    1.7946889925e-01
    5.5950000000e+04    9.8370746375e-02
    5.6025000000e+04    1.5825355794e-01
    5.6100000000e+04    1.9290830555e-01
    5.6175000000e+04    9.7605621605e-02
    5.6250000000e+04    1.0946591608e-01
    5.6325000000e+04    9.3172978659e-02
    5.6400000000e+04    8.3723642454e-02
    5.6475000000e+04    1.7243155413e-01
    5.6550000000e+04    1.1840598051e-01
    5.6625000000e+04    1.6886485133e-01
    5.6700000000e+04    1.0362735060e-01
    5.6775000000e+04    1.1277736493e-01
    5.6850000000e+04    9.1105062760e-02
    5.6925000000e+04    1.3336959777e-01
    5.7000000000e+04    1.3163403040e-01
    5.7075000000e+04    1.3859940426e-01
    5.7150000000e+04    1.3591761591e-01
    5.7225000000e+04    1.7973363325e-01
    5.7300000000e+04    9.8228212743e-02
    5.7375000000e+04    8.2712928806e-02
    5.7450000000e+04    7.2494851469e-02
    5.7525000000e+04    8.1329396200e-02
    5.7600000000e+04    1.1310990559e-01
    5.7675000000e+04    1.4741933427e-01
    5.7750000000e+04    1.2832960102e-01
    5.7825000000e+04    1.6309976574e-01
    5.7900000000e+04    1.2575159423e-01
    5.7975000000e+04    1.0763516401e-01
    5.8050000000e+04    1.5350181485e-01
    5.8125000000e+04    1.8578885957e-01
    5.8200000000e+04    1.9258371410e-01
    5.8275000000e+04    3.2512859108e-01
    5.8350000000e+04    1.4825702699e-01
    5.8425000000e+04    1.5421777525e-01
    5.8500000000e+04    1.1420888424e-01
    5.8575000000e+04    1.0541565660e-01
    5.8650000000e+04    1.3454157462e-01
    5.8725000000e+04    9.2959467413e-02
    5.8800000000e+04    9.2680805629e-02
    5.8875000000e+04    1.5296793397e-01
    5.8950000000e+04    1.2703171079e-01
    5.9025000000e+04    2.1352995960e-01
    5.9100000000e+04    1.7801772726e-01
    5.9175000000e+04    1.1374931823e-01
    5.9250000000e+04    2.6476327171e-01
    5.9325000000e+04    8.9940841156e-02
    5.9400000000e+04    1.3605237614e-01
    5.9475000000e+04    9.2490521776e-02
    5.9550000000e+04    1.1126294909e-01
    5.9625000000e+04    1.1759074438e-01
    5.9700000000e+04    9.4353689892e-02
    5.9775000000e+04    9.2975154298e-02
    5.9850000000e+04    1.4967139280e-01
    5.9925000000e+04    1.3644316765e-01
    6.0000000000e+04    1.9045912384e-01
    6.0075000000e+04    1.8836099617e-01
    6.0150000000e+04    1.3507761057e-01
    6.0225000000e+04    1.9788799199e-01
    6.0300000000e+04    1.2442623708e-01
    6.0375000000e+04    9.8630116705e-02
    6.0450000000e+04    1.3762897842e-01
    6.0525000000e+04    8.4479604222e-02
    6.0600000000e+04    2.0814288224e-01
    6.0675000000e+04    1.3903023971e-01
    6.0750000000e+04    1.4056425827e-01
    6.0825000000e+04    2.7722119696e-01
    6.0900000000e+04    1.4412766659e-01
    6.0975000000e+04    2.9550565197e-01
    6.1050000000e+04    2.2491884786e-01
    6.1125000000e+04    2.2113024232e-01
    6.1200000000e+04    1.7190689266e-01
    6.1275000000e+04    1.0897104389e-01
    6.1350000000e+04    1.0658396549e-01
    6.1425000000e+04    8.5571287477e-02
    6.1500000000e+04    8.9161729693e-02
    6.1575000000e+04    9.4259135783e-02
    6.1650000000e+04    9.7731850658e-02
    6.1725000000e+04    9.2349800446e-02
    6.1800000000e+04    2.5073326192e-01
    6.1875000000e+04    1.2552408925e-01
    6.1950000000e+04    1.4612540391e-01
    6.2025000000e+04    1.5351736579e-01
    6.2100000000e+04    1.2683203036e-01
    6.2175000000e+04    1.0324182455e-01
    6.2250000000e+04    1.2669010426e-01
    6.2325000000e+04    1.0320626214e-01
    6.2400000000e+04    8.8041330583e-02
    6.2475000000e+04    9.1653425887e-02
    6.2550000000e+04    9.1619996719e-02
    6.2625000000e+04    9.5321818756e-02
    6.2700000000e+04    9.2081314884e-02
    6.2775000000e+04    1.7615374922e-01
    6.2850000000e+04    1.5358048734e-01
    6.2925000000e+04    2.1264590547e-01
    6.3000000000e+04    3.1144420133e-01
    6.3075000000e+04    1.0897854412e-01
    6.3150000000e+04    1.0017862217e-01
    6.3225000000e+04    1.1282444665e-01
    6.3300000000e+04    1.2067452234e-01
    6.3375000000e+04    1.5498551068e-01
    6.3450000000e+04    2.0490650592e-01
    6.3525000000e+04    2.0992674297e-01
    6.3600000000e+04    2.6436955942e-01
    6.3675000000e+04    1.3145525023e-01
    6.3750000000e+04    1.6748913939e-01
    6.3825000000e+04    1.0380847077e-01
    6.3900000000e+04    1.0107217075e-01
    6.3975000000e+04    1.7840106072e-01
    6.4050000000e+04    1.3287885240e-01
    6.4125000000e+04    1.2040350025e-01
    6.4200000000e+04    1.5990941126e-01
    6.4275000000e+04    1.3436886938e-01
    6.4350000000e+04    1.4397848597e-01
    6.4425000000e+04    1.2435405650e-01
    6.4500000000e+04    9.8929155920e-02
    6.4575000000e+04    1.3532469052e-01
    6.4650000000e+04    8.0069579868e-02
    6.4725000000e+04    1.0834925244e-01
    6.4800000000e+04    1.8300198635e-01
    6.4875000000e+04    1.4721815903e-01
    6.4950000000e+04    2.1694627385e-01
    6.5025000000e+04    1.4366147515e-01
    6.5100000000e+04    1.6156585489e-01
    6.5175000000e+04    1.6442849662e-01
    6.5250000000e+04    1.3276896820e-01
    6.5325000000e+04    2.1999617257e-01
    6.5400000000e+04    8.8255632578e-02
    6.5475000000e+04    7.3192213836e-02
    6.5550000000e+04    2.1852759739e-01
    6.5625000000e+04    9.5932163412e-02
    6.5700000000e+04    3.2089790004e-01
    6.5775000000e+04    1.1011696053e-01
    6.5850000000e+04    1.4109834745e-01
    6.5925000000e+04    1.3299944267e-01
    6.6000000000e+04    9.2994662285e-02
    6.6075000000e+04    1.7483275275e-01
    6.6150000000e+04    7.9651181697e-02
    6.6225000000e+04    8.9868560945e-02
    6.6300000000e+04    2.1439643021e-01
    6.6375000000e+04    1.2781785104e-01
    6.6450000000e+04    2.4059255548e-01
    6.6525000000e+04    3.1366751862e-01
    6.6600000000e+04    1.4860137528e-01
    6.6675000000e+04    1.6833623905e-01
    6.6750000000e+04    1.1769346995e-01
    6.6825000000e+04    1.0719874030e-01
    6.6900000000e+04    8.0222609611e-02
    6.6975000000e+04    1.1579948939e-01
    6.7050000000e+04    1.2618249370e-01
    6.7125000000e+04    1.1125300932e-01
    6.7200000000e+04    1.0775228475e-01
    6.7275000000e+04    1.6294488217e-01
    6.7350000000e+04    1.2478671761e-01
    6.7425000000e+04    1.4576164292e-01
    6.7500000000e+04    1.1145928382e-01
    6.7575000000e+04    9.2255516751e-02
    6.7650000000e+04    1.8021763812e-01
    6.7725000000e+04    3.1893995633e-01
    6.7800000000e+04    1.8742624692e-01
    6.7875000000e+04    1.3975468014e-01
    6.7950000000e+04    9.2923291266e-02
    6.8025000000e+04    1.4454560154e-01
    6.8100000000e+04    1.1090129910e-01
    6.8175000000e+04    1.0418795057e-01
    6.8250000000e+04    1.4621690230e-01
    6.8325000000e+04    9.7832760640e-02
    6.8400000000e+04    8.5572540145e-02
    6.8475000000e+04    1.4582346690e-01
    6.8550000000e+04    1.0585838122e-01
    6.8625000000e+04    8.6019029553e-02
    6.8700000000e+04    2.8451176834e-01
    6.8775000000e+04    1.1031682445e-01
    6.8850000000e+04    1.1904693033e-01
    6.8925000000e+04    2.2260049872e-01
    6.9000000000e+04    1.1788054790e-01
    6.9075000000e+04    9.1566234080e-02
    6.9150000000e+04    1.1452728851e-01
    6.9225000000e+04    1.1904564218e-01
    6.9300000000e+04    1.6302132571e-01
    6.9375000000e+04    2.2622885572e-01
    6.9450000000e+04    2.0918365805e-01
    6.9525000000e+04    2.4832283843e-01
    6.9600000000e+04    1.2013012137e-01
    6.9675000000e+04    1.9680021829e-01
    6.9750000000e+04    1.6392760618e-01
    6.9825000000e+04    1.9222943611e-01
    6.9900000000e+04    1.7928061732e-01
    6.9975000000e+04    2.1130167564e-01
    7.0050000000e+04    1.7897405442e-01
    7.0125000000e+04    2.3113433091e-01
    7.0200000000e+04    1.0845983018e-01
    7.0275000000e+04    8.1120918070e-02
    7.0350000000e+04    7.9865585985e-02
    7.0425000000e+04    9.4251577864e-02
    7.0500000000e+04    8.4818050976e-02
    7.0575000000e+04    1.0212445522e-01
    7.0650000000e+04    1.1400797638e-01
    7.0725000000e+04    2.2525906116e-01
    7.0800000000e+04    1.1728598457e-01
    7.0875000000e+04    1.1996882824e-01
    7.0950000000e+04    1.2671525300e-01
    7.1025000000e+04    1.4162951844e-01
    7.1100000000e+04    1.8302190136e-01
    7.1175000000e+04    1.7108304037e-01
    7.1250000000e+04    1.2497301888e-01
    7.1325000000e+04    1.5887747608e-01
    7.1400000000e+04    1.2290433748e-01
    7.1475000000e+04    1.3124162658e-01
    7.1550000000e+04    1.4594672035e-01
    7.1625000000e+04    1.4602120511e-01
    7.1700000000e+04    2.1283862795e-01
    7.1775000000e+04    2.5890587900e-01
    7.1850000000e+04    2.3470410483e-01
    7.1925000000e+04    1.3540991441e-01
    7.2000000000e+04    1.5220655644e-01
    7.2075000000e+04    1.4176343814e-01
    7.2150000000e+04    1.5333570171e-01
    7.2225000000e+04    1.2749012704e-01
    7.2300000000e+04    1.4884882381e-01
    7.2375000000e+04    1.1296586059e-01
    7.2450000000e+04    1.0065802144e-01
    7.2525000000e+04    1.4068290898e-01
    7.2600000000e+04    1.7294302421e-01
    7.2675000000e+04    1.6348102815e-01
    7.2750000000e+04    1.5629164426e-01
    7.2825000000e+04    1.7815023286e-01
    7.2900000000e+04    1.3378353370e-01
    7.2975000000e+04    1.7738217651e-01
    7.3050000000e+04    1.2660504017e-01
    7.3125000000e+04    9.2322586110e-02
    7.3200000000e+04    7.6405712319e-02
    7.3275000000e+04    1.0295705173e-01
    7.3350000000e+04    1.2103084874e-01
    7.3425000000e+04    1.4289756497e-01
    7.3500000000e+04    1.4562963327e-01
    7.3575000000e+04    2.7235087654e-01
    7.3650000000e+04    3.6017545240e-01
    7.3725000000e+04    1.7850866755e-01
    7.3800000000e+04    1.8337031427e-01
    7.3875000000e+04    1.3702828482e-01
    7.3950000000e+04    1.4772701355e-01
    7.4025000000e+04    1.4842572974e-01
    7.4100000000e+04    1.1650158400e-01
    7.4175000000e+04    2.0714668810e-01
    7.4250000000e+04    1.2982965151e-01
    7.4325000000e+04    1.9789255789e-01
    7.4400000000e+04    2.9049507198e-01
    7.4475000000e+04    1.6427952231e-01
    7.4550000000e+04    2.9159731732e-01
    7.4625000000e+04    1.9018453812e-01
    7.4700000000e+04    2.3934936570e-01
    7.4775000000e+04    2.0877605976e-01
    7.4850000000e+04    1.5048320783e-01
    7.4925000000e+04    1.2454791815e-01
    7.5000000000e+04    1.3591336763e-01
    7.5075000000e+04    1.5057533075e-01
    7.5150000000e+04    1.9766625139e-01
    7.5225000000e+04    2.9699421360e-01
    7.5300000000e+04    2.1653057491e-01
    7.5375000000e+04    2.4427499841e-01
    7.5450000000e+04    1.1787239051e-01
    7.5525000000e+04    1.0262508321e-01
    7.5600000000e+04    1.2165554582e-01
    7.5675000000e+04    7.7163236815e-02
    7.5750000000e+04    2.4329475316e-01
    7.5825000000e+04    2.3923412822e-01
    7.5900000000e+04    1.2674362175e-01
    7.5975000000e+04    2.7293341652e-01
    7.6050000000e+04    9.5981393028e-02
    7.6125000000e+04    8.8736704598e-02
    7.6200000000e+04    1.4637861332e-01
    7.6275000000e+04    8.5343279256e-02
    7.6350000000e+04    1.1835080085e-01
    7.6425000000e+04    1.2018801687e-01
    7.6500000000e+04    1.1579708141e-01
    7.6575000000e+04    4.1117408825e-01
    7.6650000000e+04    6.0113316091e-01
    7.6725000000e+04    2.1470537811e-01
    7.6800000000e+04    1.1958016307e-01
    7.6875000000e+04    9.2427530962e-02
    7.6950000000e+04    7.4731120938e-02
    7.7025000000e+04    1.0471836814e-01
    7.7100000000e+04    1.2398288420e-01
    7.7175000000e+04    1.9890992256e-01
    7.7250000000e+04    1.8891461529e-01
    7.7325000000e+04    1.5838355086e-01
    7.7400000000e+04    1.4832700792e-01
    7.7475000000e+04    1.1765911840e-01
    7.7550000000e+04    1.0469730591e-01
    7.7625000000e+04    1.3330297466e-01
    7.7700000000e+04    1.6120028837e-01
    7.7775000000e+04    1.3543107415e-01
    7.7850000000e+04    1.5771851077e-01
    7.7925000000e+04    1.2758926790e-01
    7.8000000000e+04    7.8805830968e-02
    7.8075000000e+04    1.3006530763e-01
    7.8150000000e+04    1.5771959002e-01
    7.8225000000e+04    8.3234567371e-02
    7.8300000000e+04    1.2102594934e-01
    7.8375000000e+04    1.1610798758e-01
    7.8450000000e+04    9.5933068316e-02
    7.8525000000e+04    1.0341898310e-01
    7.8600000000e+04    1.0238709684e-01
    7.8675000000e+04    1.1614325281e-01
    7.8750000000e+04    1.0962423664e-01
    7.8825000000e+04    9.1977792718e-02
    7.8900000000e+04    1.1050005171e-01
    7.8975000000e+04    1.4967738273e-01
    7.9050000000e+04    8.4202670072e-02
    7.9125000000e+04    8.3570433897e-02
    7.9200000000e+04    2.6128005911e-01
    7.9275000000e+04    1.5115010573e-01
    7.9350000000e+04    1.9994522606e-01
    7.9425000000e+04    3.5644037508e-01
    7.9500000000e+04    1.5347443470e-01
    7.9575000000e+04    2.7372049163e-01
    7.9650000000e+04    1.8853335204e-01
    7.9725000000e+04    9.3866730454e-02
    7.9800000000e+04    2.6915654656e-01
    7.9875000000e+04    1.5558494216e-01
    7.9950000000e+04    6.1536859526e-02
    8.0025000000e+04    7.3139834995e-02
    8.0100000000e+04    1.0282866312e-01
    8.0175000000e+04    1.4944022371e-01
    8.0250000000e+04    4.3204237733e-01
    8.0325000000e+04    2.4938534824e-01
    8.0400000000e+04    1.7503367357e-01
    8.0475000000e+04    1.3420607166e-01
    8.0550000000e+04    1.5937696199e-01
    8.0625000000e+04    1.1591815994e-01
    8.0700000000e+04    7.7102900426e-02
    8.0775000000e+04    1.0468595736e-01
    8.0850000000e+04    1.2320031194e-01
    8.0925000000e+04    1.4084993615e-01
    8.1000000000e+04    2.0539469941e-01
    8.1075000000e+04    1.6744509380e-01
    8.1150000000e+04    1.4364996249e-01
    8.1225000000e+04    1.2304780042e-01
    8.1300000000e+04    1.3699067933e-01
    8.1375000000e+04    9.8959395994e-02
    8.1450000000e+04    8.5597294735e-02
    8.1525000000e+04    1.2490402844e-01
    8.1600000000e+04    1.8275082751e-01
    8.1675000000e+04    1.0074505644e-01
    8.1750000000e+04    1.5723866748e-01
    8.1825000000e+04    1.3917997644e-01
    8.1900000000e+04    1.2999070988e-01
    8.1975000000e+04    2.1342824575e-01
    8.2050000000e+04    1.2975043492e-01
    8.2125000000e+04    1.8519312201e-01
    8.2200000000e+04    1.7722084457e-01
    8.2275000000e+04    1.6048770392e-01
    8.2350000000e+04    1.5963151470e-01
    8.2425000000e+04    8.4106291534e-02
    8.2500000000e+04    1.4445283944e-01
    8.2575000000e+04    1.2774836469e-01
    8.2650000000e+04    1.0724027997e-01
    8.2725000000e+04    2.2040357558e-01
    8.2800000000e+04    1.4163290737e-01
    8.2875000000e+04    1.9694485461e-01
    8.2950000000e+04    3.2255727405e-01
    8.3025000000e+04    1.6538020404e-01
    8.3100000000e+04    3.6981461548e-01
    8.3175000000e+04    2.3917778148e-01
    8.3250000000e+04    4.2457863010e-01
    8.3325000000e+04    2.0504168012e-01
    8.3400000000e+04    1.4492277508e-01
    8.3475000000e+04    2.7668952416e-01
    8.3550000000e+04    1.2225190407e-01
    8.3625000000e+04    1.2345272291e-01
    8.3700000000e+04    1.6784335203e-01
    8.3775000000e+04    1.1084984458e-01
    8.3850000000e+04    1.7031646689e-01
    8.3925000000e+04    1.2872360314e-01
    8.4000000000e+04    1.2069900626e-01
    8.4075000000e+04    1.1375152872e-01
    8.4150000000e+04    1.1694249530e-01
    8.4225000000e+04    9.8818909512e-02
    8.4300000000e+04    1.4529949672e-01
    8.4375000000e+04    9.5233529156e-02
    8.4450000000e+04    1.1142834932e-01
    8.4525000000e+04    1.1914832090e-01
    8.4600000000e+04    9.2484248934e-02
    8.4675000000e+04    2.4694519319e-01
    8.4750000000e+04    1.4244301589e-01
    8.4825000000e+04    1.5520374991e-01
    8.4900000000e+04    1.5714616420e-01
    8.4975000000e+04    1.4610825411e-01
    8.5050000000e+04    2.6678469668e-01
    8.5125000000e+04    1.6534340867e-01
    8.5200000000e+04    1.5784124309e-01
    8.5275000000e+04    1.1806911429e-01
    8.5350000000e+04    1.0941720343e-01
    8.5425000000e+04    2.7650830275e-01
    8.5500000000e+04    2.1443628225e-01
    8.5575000000e+04    2.1219536337e-01
    8.5650000000e+04    2.9240835036e-01
    8.5725000000e+04    2.2239790770e-01
    8.5800000000e+04    2.7267264147e-01
    8.5875000000e+04    1.9308846626e-01
    8.5950000000e+04    1.5169465996e-01
    8.6025000000e+04    9.4135476915e-02
    8.6100000000e+04    9.5861700044e-02
    8.6175000000e+04    9.6510526785e-02
    8.6250000000e+04    9.7906092447e-02
    8.6325000000e+04    1.7940212073e-01
    8.6400000000e+04    1.7595485473e-01
    8.6475000000e+04    3.0776306607e-01
    8.6550000000e+04    3.0148555544e-01
    8.6625000000e+04    1.4265408296e-01
    8.6700000000e+04    1.5206674405e-01
    8.6775000000e+04    8.0422417679e-02
    8.6850000000e+04    7.7847634273e-02
    8.6925000000e+04    1.3646930852e-01
    8.7000000000e+04    1.1650577340e-01
    8.7075000000e+04    1.3588098174e-01
    8.7150000000e+04    1.2056074998e-01
    8.7225000000e+04    2.1454500423e-01
    8.7300000000e+04    3.7713312513e-01
    8.7375000000e+04    3.0038649423e-01
    8.7450000000e+04    3.4133589188e-01
    8.7525000000e+04    2.4315199758e-01
    8.7600000000e+04    1.9122999718e-01
    8.7675000000e+04    2.4536084549e-01
    8.7750000000e+04    1.1645943690e-01
    8.7825000000e+04    1.5884687607e-01
    8.7900000000e+04    1.8459333214e-01
    8.7975000000e+04    9.0125283933e-02
    8.8050000000e+04    1.5838207239e-01
    8.8125000000e+04    1.0301481130e-01
    8.8200000000e+04    1.2321557982e-01
    8.8275000000e+04    1.5035328407e-01
    8.8350000000e+04    1.0239653774e-01
    8.8425000000e+04    1.5336372551e-01
    8.8500000000e+04    1.5609895448e-01
    8.8575000000e+04    1.5162318946e-01
    8.8650000000e+04    1.3100472584e-01
    8.8725000000e+04    1.4633703866e-01
    8.8800000000e+04    1.4409140946e-01
    8.8875000000e+04    1.1586283639e-01
    8.8950000000e+04    2.3124669295e-01
    8.9025000000e+04    8.5020479108e-02
    8.9100000000e+04    1.0987064721e-01
    8.9175000000e+04    1.8551502234e-01
    8.9250000000e+04    1.0625553762e-01
    8.9325000000e+04    1.5066754690e-01
    8.9400000000e+04    1.6698407686e-01
    8.9475000000e+04    9.8241584859e-02
    8.9550000000e+04    1.7732392416e-01
    8.9625000000e+04    1.6484763772e-01
    8.9700000000e+04    1.7335449221e-01
    8.9775000000e+04    1.6679408421e-01
    8.9850000000e+04    1.5865992639e-01
    8.9925000000e+04    1.9820615294e-01
    9.0000000000e+04    1.0750563462e-01
    9.0075000000e+04    1.0214551425e-01
    9.0150000000e+04    1.4607413012e-01
    9.0225000000e+04    1.2449187738e-01
    9.0300000000e+04    1.7297045243e-01
    9.0375000000e+04    1.3324781700e-01
    9.0450000000e+04    1.6617344617e-01
    9.0525000000e+04    1.6606955957e-01
    9.0600000000e+04    2.3998402249e-01
    9.0675000000e+04    1.7095341390e-01
    9.0750000000e+04    1.5038928711e-01
    9.0825000000e+04    1.6231850423e-01
    9.0900000000e+04    8.7380541916e-02
    9.0975000000e+04    1.2640419289e-01
    9.1050000000e+04    8.6319511571e-02
    9.1125000000e+04    5.9966575723e-02
    9.1200000000e+04    9.2682184889e-02
    9.1275000000e+04    1.2279360295e-01
    9.1350000000e+04    7.3534264516e-02
    9.1425000000e+04    7.7256426145e-02
    9.1500000000e+04    1.1011089598e-01
    9.1575000000e+04    9.3904772600e-02
    9.1650000000e+04    1.0277536696e-01
    9.1725000000e+04    2.6314553997e-01
    9.1800000000e+04    1.9506275746e-01
    9.1875000000e+04    2.7502396778e-01
    9.1950000000e+04    1.4299991689e-01
    9.2025000000e+04    2.4949468168e-01
    9.2100000000e+04    1.4908220611e-01
    9.2175000000e+04    1.0346178446e-01
    9.2250000000e+04    1.2692092426e-01
    9.2325000000e+04    1.0827892687e-01
    9.2400000000e+04    1.0295015260e-01
    9.2475000000e+04    1.3158328651e-01
    9.2550000000e+04    1.1123005699e-01
    9.2625000000e+04    1.7039231963e-01
    9.2700000000e+04    3.2294088072e-01
    9.2775000000e+04    3.6668263709e-01
    9.2850000000e+04    1.7790065535e-01
    9.2925000000e+04    1.4369780937e-01
    9.3000000000e+04    1.0667919270e-01
    9.3075000000e+04    9.3141222024e-02
    9.3150000000e+04    9.9821581427e-02
    9.3225000000e+04    2.0973706254e-01
    9.3300000000e+04    1.8248791626e-01
    9.3375000000e+04    2.2596394333e-01
    9.3450000000e+04    1.5965435358e-01
    9.3525000000e+04    1.2137118826e-01
    9.3600000000e+04    1.4849613523e-01
    9.3675000000e+04    1.8568209468e-01
    9.3750000000e+04    1.4879101111e-01
    9.3825000000e+04    2.2323575702e-01
    9.3900000000e+04    2.1452335539e-01
    9.3975000000e+04    2.1098163684e-01
    9.4050000000e+04    1.6236224074e-01
    9.4125000000e+04    1.9099098348e-01
    9.4200000000e+04    1.7856715826e-01
    9.4275000000e+04    1.7809806224e-01
    9.4350000000e+04    1.8183095974e-01
    9.4425000000e+04    1.6350808900e-01
    9.4500000000e+04    1.0302402165e-01
    9.4575000000e+04    1.1340019775e-01
    9.4650000000e+04    1.8404542368e-01
    9.4725000000e+04    1.8790050351e-01
    9.4800000000e+04    1.9253045149e-01
    9.4875000000e+04    2.0122493905e-01
    9.4950000000e+04    2.6134513724e-01
    9.5025000000e+04    2.2414036585e-01
    9.5100000000e+04    3.1221568467e-01
    9.5175000000e+04    2.9818426775e-01
    9.5250000000e+04    2.7427908946e-01
    9.5325000000e+04    1.8023164379e-01
    9.5400000000e+04    1.8453663090e-01
    9.5475000000e+04    1.8539035456e-01
    9.5550000000e+04    1.4958279552e-01
    9.5625000000e+04    1.5298272726e-01
    9.5700000000e+04    1.4337335008e-01
    9.5775000000e+04    1.4426075275e-01
    9.5850000000e+04    2.0024473439e-01
    9.5925000000e+04    1.7501770086e-01
    9.6000000000e+04    1.1688020634e-01
    9.6075000000e+04    2.0322139911e-01
    9.6150000000e+04    1.7190534240e-01
    9.6225000000e+04    2.1630891412e-01
    9.6300000000e+04    1.9755930641e-01
    9.6375000000e+04    1.9593389635e-01
    9.6450000000e+04    1.5165832371e-01
    9.6525000000e+04    1.3404650771e-01
    9.6600000000e+04    1.9207759569e-01
    9.6675000000e+04    1.5124051929e-01
    9.6750000000e+04    1.1202550512e-01
    9.6825000000e+04    1.6352509267e-01
    9.6900000000e+04    1.3772006753e-01
    9.6975000000e+04    1.8373689439e-01
    9.7050000000e+04    1.7816950379e-01
    9.7125000000e+04    1.3361982842e-01
    9.7200000000e+04    1.0716095544e-01
    9.7275000000e+04    1.0396642305e-01
    9.7350000000e+04    1.1327239104e-01
    9.7425000000e+04    1.3518052157e-01
    9.7500000000e+04    1.0576060099e-01
    9.7575000000e+04    1.3737742108e-01
    9.7650000000e+04    1.4297425619e-01
    9.7725000000e+04    1.2660705298e-01
    9.7800000000e+04    1.2789830280e-01
    9.7875000000e+04    1.3088414121e-01
    9.7950000000e+04    1.5605587153e-01
    9.8025000000e+04    1.1730979968e-01
    9.8100000000e+04    1.3207484837e-01
    9.8175000000e+04    1.5394460610e-01
    9.8250000000e+04    1.4090055216e-01
    9.8325000000e+04    1.4614089592e-01
    9.8400000000e+04    1.6538262894e-01
    9.8475000000e+04    2.0385296278e-01
    9.8550000000e+04    1.9288219516e-01
    9.8625000000e+04    1.7999926806e-01
    9.8700000000e+04    1.7142440849e-01
    9.8775000000e+04    1.6663018574e-01
    9.8850000000e+04    3.0307367952e-01
    9.8925000000e+04    1.7283295030e-01
    9.9000000000e+04    2.0551226339e-01
    9.9075000000e+04    1.9376249544e-01
    9.9150000000e+04    1.1553998617e-01
    9.9225000000e+04    9.6407958863e-02
    9.9300000000e+04    1.5391209998e-01
    9.9375000000e+04    1.5534134748e-01
    9.9450000000e+04    8.7831991906e-02
    9.9525000000e+04    1.0177138901e-01
    9.9600000000e+04    1.1835099462e-01
    9.9675000000e+04    1.8624650973e-01
    9.9750000000e+04    1.2876766440e-01
    9.9825000000e+04    2.0436127170e-01
    9.9900000000e+04    2.1161744061e-01
    9.9975000000e+04    1.7232884788e-01
    1.0005000000e+05    1.5963231639e-01
    1.0012500000e+05    1.4785448191e-01
    1.0020000000e+05    1.4744621319e-01
    1.0027500000e+05    1.3240944233e-01
    1.0035000000e+05    1.3628805189e-01
    1.0042500000e+05    7.7548169766e-02
    1.0050000000e+05    6.9042650414e-02
    1.0057500000e+05    9.7640664700e-02
    1.0065000000e+05    8.6316205797e-02
    1.0072500000e+05    8.5233379217e-02
    1.0080000000e+05    7.6179671706e-02
    1.0087500000e+05    8.1535912995e-02
    1.0095000000e+05    1.0755490458e-01
    1.0102500000e+05    1.4301228297e-01
    1.0110000000e+05    1.7670470217e-01
    1.0117500000e+05    1.1824950801e-01
    1.0125000000e+05    1.0448346524e-01
    1.0132500000e+05    9.9327921757e-02
    1.0140000000e+05    1.1488166878e-01
    1.0147500000e+05    8.5477935818e-02
    1.0155000000e+05    8.5069806314e-02
    1.0162500000e+05    1.0240322370e-01
    1.0170000000e+05    8.5898906205e-02
    1.0177500000e+05    1.1110523367e-01
    1.0185000000e+05    1.6677729293e-01
    1.0192500000e+05    1.9776489667e-01
    1.0200000000e+05    2.1622541453e-01
    1.0207500000e+05    2.5817951226e-01
    1.0215000000e+05    2.1247327178e-01
    1.0222500000e+05    1.6992968895e-01
    1.0230000000e+05    2.0914947046e-01
    1.0237500000e+05    1.5637643261e-01
    1.0245000000e+05    1.3775189657e-01
    1.0252500000e+05    1.4610509459e-01
    1.0260000000e+05    2.8978766248e-01
    1.0267500000e+05    1.8030983831e-01
    1.0275000000e+05    1.1932548077e-01
    1.0282500000e+05    1.4418961963e-01
    1.0290000000e+05    1.0359590097e-01
    1.0297500000e+05    1.3094075646e-01
    1.0305000000e+05    2.9279687437e-01
    1.0312500000e+05    1.2940223160e-01
    1.0320000000e+05    9.4777347382e-02
    1.0327500000e+05    1.4641417266e-01
    1.0335000000e+05    1.2639328849e-01
    1.0342500000e+05    1.3174847095e-01
    1.0350000000e+05    8.7965806690e-02
    1.0357500000e+05    1.2158281485e-01
    1.0365000000e+05    1.3741684684e-01
    1.0372500000e+05    1.1999325097e-01
    1.0380000000e+05    1.4655401634e-01
    1.0387500000e+05    1.5075095684e-01
    1.0395000000e+05    1.5590890952e-01
    1.0402500000e+05    1.5672452249e-01
    1.0410000000e+05    9.7920696771e-02
    1.0417500000e+05    1.0079134498e-01
    1.0425000000e+05    8.2827588700e-02
    1.0432500000e+05    7.9832786372e-02
    1.0440000000e+05    1.0423811877e-01
    1.0447500000e+05    8.2018995097e-02
    1.0455000000e+05    1.2276677524e-01
    1.0462500000e+05    1.5420565302e-01
    1.0470000000e+05    1.2454992386e-01
    1.0477500000e+05    1.6387644671e-01
    1.0485000000e+05    2.2581408208e-01
    1.0492500000e+05    2.4103055431e-01
    1.0500000000e+05    1.8771034372e-01
    1.0507500000e+05    1.3769142246e-01
    1.0515000000e+05    1.1378306696e-01
    1.0522500000e+05    1.0579399686e-01
    1.0530000000e+05    1.0409952146e-01
    1.0537500000e+05    1.4399971698e-01
    1.0545000000e+05    1.6883678756e-01
    1.0552500000e+05    1.7707909195e-01
    1.0560000000e+05    1.6633881289e-01
    1.0567500000e+05    1.0539522467e-01
    1.0575000000e+05    9.8596662066e-02
    1.0582500000e+05    8.3825446632e-02
    1.0590000000e+05    8.7751243218e-02
    1.0597500000e+05    8.4619363254e-02
    1.0605000000e+05    9.2378844843e-02
    1.0612500000e+05    1.1754232792e-01
    1.0620000000e+05    2.0762066325e-01
    1.0627500000e+05    9.7105579422e-02
    1.0635000000e+05    8.4994114952e-02
    1.0642500000e+05    1.2707865558e-01
    1.0650000000e+05    9.0652163025e-02
    1.0657500000e+05    1.2559023279e-01
    1.0665000000e+05    1.0919304016e-01
    1.0672500000e+05    1.1048116998e-01
    1.0680000000e+05    1.3894584974e-01
    1.0687500000e+05    1.2258580781e-01
    1.0695000000e+05    1.2414582523e-01
    1.0702500000e+05    1.2142434143e-01
    1.0710000000e+05    1.1229874094e-01
    1.0717500000e+05    1.0423635542e-01
    1.0725000000e+05    9.6609884030e-02
    1.0732500000e+05    8.3662298014e-02
    1.0740000000e+05    1.0193343695e-01
    1.0747500000e+05    8.5859156401e-02
    1.0755000000e+05    8.0540999954e-02
    1.0762500000e+05    1.1846980686e-01
    1.0770000000e+05    1.0102777148e-01
    1.0777500000e+05    1.3865262569e-01
    1.0785000000e+05    1.2123808770e-01
    1.0792500000e+05    1.0010279360e-01
    1.0800000000e+05    9.5585783914e-02
    1.0807500000e+05    9.2906565715e-02
    1.0815000000e+05    1.0341595769e-01
    1.0822500000e+05    1.1731518701e-01
    1.0830000000e+05    1.4554245849e-01
    1.0837500000e+05    1.3818448581e-01
    1.0845000000e+05    9.4080152530e-02
    1.0852500000e+05    9.2699586845e-02
    1.0860000000e+05    1.0137612293e-01
    1.0867500000e+05    1.3621549469e-01
    1.0875000000e+05    1.0421434996e-01
    1.0882500000e+05    1.5585088474e-01
    1.0890000000e+05    2.2227608256e-01
    1.0897500000e+05    1.4576397054e-01
    1.0905000000e+05    1.5601489682e-01
    1.0912500000e+05    1.5396184565e-01
    1.0920000000e+05    8.9839268765e-02
    1.0927500000e+05    1.7480838518e-01
    1.0935000000e+05    3.2727780542e-01
    1.0942500000e+05    2.1558927013e-01
    1.0950000000e+05    1.4195012756e-01
    1.0957500000e+05    1.1919329540e-01
    1.0965000000e+05    1.5355871689e-01
    1.0972500000e+05    1.1743116689e-01
    1.0980000000e+05    1.5575541961e-01
    1.0987500000e+05    1.9566517093e-01
    1.0995000000e+05    1.2584252365e-01
    1.1002500000e+05    1.9119005661e-01
    1.1010000000e+05    3.3546725588e-01
    1.1017500000e+05    9.9355740908e-02
    1.1025000000e+05    1.2638659233e-01
    1.1032500000e+05    1.0382381494e-01
    1.1040000000e+05    1.2199359022e-01
    1.1047500000e+05    1.8014277734e-01
    1.1055000000e+05    2.0256049005e-01
    1.1062500000e+05    1.3083762327e-01
    1.1070000000e+05    1.0837958639e-01
    1.1077500000e+05    1.3244202258e-01
    1.1085000000e+05    9.1150266733e-02
    1.1092500000e+05    1.2635293195e-01
    1.1100000000e+05    1.0891966257e-01
    1.1107500000e+05    1.6326560394e-01
    1.1115000000e+05    1.9506205545e-01
    1.1122500000e+05    2.1925831441e-01
    1.1130000000e+05    1.9631223827e-01
    1.1137500000e+05    2.0477404907e-01
    1.1145000000e+05    1.6142973481e-01
    1.1152500000e+05    1.6598033218e-01
    1.1160000000e+05    1.4931016658e-01
    1.1167500000e+05    2.2809992721e-01
    1.1175000000e+05    1.1979993302e-01
    1.1182500000e+05    1.4073762426e-01
    1.1190000000e+05    1.5864445989e-01
    1.1197500000e+05    2.0828618989e-01
    1.1205000000e+05    2.2698830916e-01
    1.1212500000e+05    1.4508951119e-01
    1.1220000000e+05    1.7542775412e-01
    1.1227500000e+05    1.1485862000e-01
    1.1235000000e+05    1.6688950963e-01
    1.1242500000e+05    1.8396213894e-01
    1.1250000000e+05    1.6943536567e-01
    1.1257500000e+05    1.9074977117e-01
    1.1265000000e+05    1.8349172378e-01
    1.1272500000e+05    1.7484284481e-01
    1.1280000000e+05    2.8770599666e-01
    1.1287500000e+05    2.4467701098e-01
    1.1295000000e+05    1.8665707486e-01
    1.1302500000e+05    1.7146802544e-01
    1.1310000000e+05    1.7566835681e-01
    1.1317500000e+05    1.1642131375e-01
    1.1325000000e+05    1.6650775641e-01
    1.1332500000e+05    8.7376126015e-02
    1.1340000000e+05    1.5665268786e-01
    1.1347500000e+05    1.3896464260e-01
    1.1355000000e+05    1.5502939777e-01
    1.1362500000e+05    1.2609630571e-01
    1.1370000000e+05    1.3361370725e-01
    1.1377500000e+05    1.5508959220e-01
    1.1385000000e+05    1.6041984950e-01
    1.1392500000e+05    2.3729748038e-01
    1.1400000000e+05    1.5747351000e-01
    1.1407500000e+05    1.3136811011e-01
    1.1415000000e+05    1.3729862454e-01
    1.1422500000e+05    1.2521516633e-01
    1.1430000000e+05    1.6370825979e-01
    1.1437500000e+05    1.3005932332e-01
    1.1445000000e+05    1.1460634901e-01
    1.1452500000e+05    1.6695530355e-01
    1.1460000000e+05    1.1004897124e-01
    1.1467500000e+05    1.4581850197e-01
    1.1475000000e+05    1.4126054125e-01
    1.1482500000e+05    1.1704721584e-01
    1.1490000000e+05    1.8345602350e-01
    1.1497500000e+05    1.2719332522e-01
    1.1505000000e+05    1.0896601601e-01
    1.1512500000e+05    8.0287122669e-02
    1.1520000000e+05    9.5376441509e-02
    1.1527500000e+05    1.4224750770e-01
    1.1535000000e+05    1.7125147508e-01
    1.1542500000e+05    1.0548048076e-01
    1.1550000000e+05    2.7556408666e-01
    1.1557500000e+05    2.0019052733e-01
    1.1565000000e+05    1.5499580055e-01
    1.1572500000e+05    1.9286311178e-01
    1.1580000000e+05    1.4507765107e-01
    1.1587500000e+05    1.8618510830e-01
    1.1595000000e+05    1.4355269132e-01
    1.1602500000e+05    1.0077144773e-01
    1.1610000000e+05    1.0045352936e-01
    1.1617500000e+05    1.1390967409e-01
    1.1625000000e+05    1.0731659575e-01
    1.1632500000e+05    1.6736395296e-01
    1.1640000000e+05    1.4049281295e-01
    1.1647500000e+05    1.3193833925e-01
    1.1655000000e+05    1.4614748931e-01
    1.1662500000e+05    1.8953163463e-01
    1.1670000000e+05    1.1444005139e-01
    1.1677500000e+05    1.0564250838e-01
    1.1685000000e+05    1.2988970126e-01
    1.1692500000e+05    1.3905067001e-01
    1.1700000000e+05    1.6614076633e-01
    1.1707500000e+05    1.3811099135e-01
    1.1715000000e+05    1.0666306720e-01
    1.1722500000e+05    1.1140958424e-01
    1.1730000000e+05    8.9247411063e-02
    1.1737500000e+05    8.9160862225e-02
    1.1745000000e+05    1.1147095088e-01
    1.1752500000e+05    1.0209491504e-01
    1.1760000000e+05    1.3962962266e-01
    1.1767500000e+05    1.5279359340e-01
    1.1775000000e+05    1.3550161797e-01
    1.1782500000e+05    1.5001501741e-01
    1.1790000000e+05    1.1719406059e-01
    1.1797500000e+05    1.1887696588e-01
    1.1805000000e+05    1.1618471234e-01
    1.1812500000e+05    1.1909145062e-01
    1.1820000000e+05    8.5856958748e-02
    1.1827500000e+05    9.9830334004e-02
    1.1835000000e+05    9.0846662986e-02
    1.1842500000e+05    1.2862514827e-01
    1.1850000000e+05    1.4242900614e-01
    1.1857500000e+05    1.7675487997e-01
    1.1865000000e+05    1.5653866100e-01
    1.1872500000e+05    1.9566144382e-01
    1.1880000000e+05    2.2940014029e-01
    1.1887500000e+05    1.5168463243e-01
    1.1895000000e+05    1.3666488397e-01
    1.1902500000e+05    1.4882551459e-01
    1.1910000000e+05    1.8157508676e-01
    1.1917500000e+05    2.2437431337e-01
    1.1925000000e+05    1.3761897143e-01
    1.1932500000e+05    2.7892467302e-01
    1.1940000000e+05    1.3447295028e-01
    1.1947500000e+05    1.3858806950e-01
    1.1955000000e+05    1.4041226314e-01
    1.1962500000e+05    1.8541412061e-01
    1.1970000000e+05    2.4831024001e-01
    1.1977500000e+05    2.0799191866e-01
    1.1985000000e+05    2.0416702989e-01
    1.1992500000e+05    1.4612241128e-01
    1.2000000000e+05    1.5394564831e-01
    1.2007500000e+05    1.8511864449e-01
    1.2015000000e+05    1.6940768258e-01
    1.2022500000e+05    1.6528195085e-01
    1.2030000000e+05    1.5009901112e-01
    1.2037500000e+05    1.9513008143e-01
    1.2045000000e+05    2.0181208039e-01
    1.2052500000e+05    2.0293930050e-01
    1.2060000000e+05    2.2098127207e-01
    1.2067500000e+05    2.0609044689e-01
    1.2075000000e+05    2.3170387260e-01
    1.2082500000e+05    1.5856689063e-01
    1.2090000000e+05    1.7798807035e-01
    1.2097500000e+05    2.0979507676e-01
    1.2105000000e+05    2.2507903000e-01
    1.2112500000e+05    2.1817691818e-01
    1.2120000000e+05    1.9377914339e-01
    1.2127500000e+05    2.3767714516e-01
    1.2135000000e+05    1.6351336179e-01
    1.2142500000e+05    1.8829140287e-01
    1.2150000000e+05    1.7410737042e-01
    1.2157500000e+05    1.4994685337e-01
    1.2165000000e+05    1.9332508547e-01
    1.2172500000e+05    1.6750658215e-01
    1.2180000000e+05    1.7762787680e-01
    1.2187500000e+05    1.4129373766e-01
    1.2195000000e+05    1.8399273138e-01
    1.2202500000e+05    1.6889803852e-01
    1.2210000000e+05    1.6432260860e-01
    1.2217500000e+05    1.9697906394e-01
    1.2225000000e+05    1.4135696171e-01
    1.2232500000e+05    1.3029165729e-01
    1.2240000000e+05    1.5854999079e-01
    1.2247500000e+05    1.6485274705e-01
    1.2255000000e+05    1.8397410587e-01
    1.2262500000e+05    2.6247489882e-01
    1.2270000000e+05    2.3075970261e-01
    1.2277500000e+05    1.9535588507e-01
    1.2285000000e+05    2.1094999923e-01
    1.2292500000e+05    2.1080475250e-01
    1.2300000000e+05    1.9167359349e-01
    1.2307500000e+05    1.8362398374e-01
    1.2315000000e+05    2.0161101541e-01
    1.2322500000e+05    1.5997972144e-01
    1.2330000000e+05    2.2201309496e-01
    1.2337500000e+05    2.3244017440e-01
    1.2345000000e+05    2.2386097439e-01
    1.2352500000e+05    1.9103904094e-01
    1.2360000000e+05    1.7623808443e-01
    1.2367500000e+05    1.5758269325e-01
    1.2375000000e+05    1.9357569477e-01
    1.2382500000e+05    2.0742594108e-01
    1.2390000000e+05    2.2119249633e-01
    1.2397500000e+05    1.5255913638e-01
    1.2405000000e+05    1.5276742499e-01
    1.2412500000e+05    2.6639473397e-01
    1.2420000000e+05    2.2138929918e-01
    1.2427500000e+05    2.1449887120e-01
    1.2435000000e+05    2.6244128057e-01
    1.2442500000e+05    2.9853114647e-01
    1.2450000000e+05    3.7811916617e-01
    1.2457500000e+05    3.3864437043e-01
    1.2465000000e+05    3.2951944151e-01
    1.2472500000e+05    2.3501426576e-01
    1.2480000000e+05    1.2414249418e-01
    1.2487500000e+05    1.3412523548e-01
    1.2495000000e+05    2.2430465839e-01
    1.2502500000e+05    1.4319988315e-01
    1.2510000000e+05    1.2093387545e-01
    1.2517500000e+05    1.3736485414e-01
    1.2525000000e+05    1.1914159299e-01
    1.2532500000e+05    1.3643597148e-01
    1.2540000000e+05    9.1371123431e-02
    1.2547500000e+05    1.2164042030e-01
    1.2555000000e+05    1.3083354339e-01
    1.2562500000e+05    1.4188283546e-01
    1.2570000000e+05    1.9227220019e-01
    1.2577500000e+05    1.0442865072e-01
    1.2585000000e+05    1.2593515651e-01
    1.2592500000e+05    1.3108015000e-01
    1.2600000000e+05    1.0148636621e-01
    1.2607500000e+05    7.7490657718e-02
    1.2615000000e+05    7.8216709921e-02
    1.2622500000e+05    8.6642135822e-02
    1.2630000000e+05    1.0243661246e-01
    1.2637500000e+05    1.1510017425e-01
    1.2645000000e+05    1.3825452641e-01
    1.2652500000e+05    1.7422634096e-01
    1.2660000000e+05    1.6098341903e-01
    1.2667500000e+05    1.4771535858e-01
    1.2675000000e+05    1.5975513937e-01
    1.2682500000e+05    2.5295051489e-01
    1.2690000000e+05    2.3185824450e-01
    1.2697500000e+05    1.6659777094e-01
    1.2705000000e+05    1.8751113307e-01
    1.2712500000e+05    2.2882664224e-01
    1.2720000000e+05    1.6015576974e-01
    1.2727500000e+05    9.6191294226e-02
    1.2735000000e+05    9.2254044891e-02
    1.2742500000e+05    1.1654986280e-01
    1.2750000000e+05    1.0680501605e-01
    1.2757500000e+05    1.1951138800e-01
    1.2765000000e+05    1.5366530710e-01
    1.2772500000e+05    6.8517787814e-02
    1.2780000000e+05    7.2209035906e-02
    1.2787500000e+05    9.5132633489e-02
    1.2795000000e+05    1.2490745602e-01
    1.2802500000e+05    1.8429024227e-01
    1.2810000000e+05    1.9410314827e-01
    1.2817500000e+05    1.1484394732e-01
    1.2825000000e+05    2.2567382999e-01
    1.2832500000e+05    1.4214609165e-01
    1.2840000000e+05    1.4345541819e-01
    1.2847500000e+05    1.3166550984e-01
    1.2855000000e+05    9.9199008670e-02
    1.2862500000e+05    8.7805717091e-02
    1.2870000000e+05    9.9520175172e-02
    1.2877500000e+05    9.7565456853e-02
    1.2885000000e+05    1.7594506102e-01
    1.2892500000e+05    1.3284944034e-01
    1.2900000000e+05    1.4962895008e-01
    1.2907500000e+05    1.5553687796e-01
    1.2915000000e+05    1.6452637522e-01
    1.2922500000e+05    1.5073517376e-01
    1.2930000000e+05    1.4084990064e-01
    1.2937500000e+05    1.8386418694e-01
    1.2945000000e+05    1.9271574243e-01
    1.2952500000e+05    2.2336726324e-01
    1.2960000000e+05    2.0515534327e-01
    1.2967500000e+05    2.0525084612e-01
    1.2975000000e+05    1.7939515075e-01
    1.2982500000e+05    2.2218214043e-01
    1.2990000000e+05    2.8836990996e-01
    1.2997500000e+05    1.7976430827e-01
    1.3005000000e+05    2.2651609524e-01
    1.3012500000e+05    2.7474238166e-01
    1.3020000000e+05    2.2562765929e-01
    1.3027500000e+05    2.1758584519e-01
    1.3035000000e+05    2.2727039060e-01
    1.3042500000e+05    2.9993283736e-01
    1.3050000000e+05    2.7612630309e-01
    1.3057500000e+05    2.7250211136e-01
    1.3065000000e+05    3.4792058051e-01
    1.3072500000e+05    2.5914782351e-01
    1.3080000000e+05    1.9323083833e-01
    1.3087500000e+05    1.9309628862e-01
    1.3095000000e+05    2.8332786377e-01
    1.3102500000e+05    2.2535561283e-01
    1.3110000000e+05    1.6754431369e-01
    1.3117500000e+05    1.7023273196e-01
    1.3125000000e+05    1.9573047092e-01
    1.3132500000e+05    1.3033775211e-01
    1.3140000000e+05    1.0679220768e-01
    1.3147500000e+05    1.3292763000e-01
    1.3155000000e+05    1.0129718979e-01
    1.3162500000e+05    1.0682217029e-01
    1.3170000000e+05    1.0600973913e-01
    1.3177500000e+05    1.4032744413e-01
    1.3185000000e+05    1.6161176284e-01
    1.3192500000e+05    1.4143339074e-01
    1.3200000000e+05    1.7850452310e-01
    1.3207500000e+05    1.6291812180e-01
    1.3215000000e+05    1.9260982604e-01
    1.3222500000e+05    2.0919280486e-01
    1.3230000000e+05    1.8503225218e-01
    1.3237500000e+05    1.9926165256e-01
    1.3245000000e+05    1.4380942348e-01
    1.3252500000e+05    1.3155748463e-01
    1.3260000000e+05    1.4078831497e-01
    1.3267500000e+05    1.0134955677e-01
    1.3275000000e+05    1.3138803226e-01
    1.3282500000e+05    1.3133942372e-01
    1.3290000000e+05    1.6414097216e-01
    1.3297500000e+05    1.8566321697e-01
    1.3305000000e+05    1.3654181409e-01
    1.3312500000e+05    1.3004341762e-01
    1.3320000000e+05    1.3350473630e-01
    1.3327500000e+05    1.1054991575e-01
    1.3335000000e+05    1.0756012291e-01
    1.3342500000e+05    1.3909401374e-01
    1.3350000000e+05    1.4407973009e-01
    1.3357500000e+05    1.6838327737e-01
    1.3365000000e+05    1.6638025962e-01
    1.3372500000e+05    1.5463910993e-01
    1.3380000000e+05    1.4605566451e-01
    1.3387500000e+05    1.3089095527e-01
    1.3395000000e+05    1.5004580426e-01
    1.3402500000e+05    7.5521873139e-02
    1.3410000000e+05    1.6402038549e-01
    1.3417500000e+05    1.3175474202e-01
    1.3425000000e+05    1.2244769624e-01
    1.3432500000e+05    2.0167022075e-01
    1.3440000000e+05    8.8976680893e-02
    1.3447500000e+05    1.1942821664e-01
    1.3455000000e+05    9.8958111537e-02
    1.3462500000e+05    8.5415287414e-02
    1.3470000000e+05    1.2333451800e-01
    1.3477500000e+05    7.8850965944e-02
    1.3485000000e+05    1.0072751474e-01
    1.3492500000e+05    1.1957670749e-01
    1.3500000000e+05    1.0507191654e-01
    1.3507500000e+05    1.2119954034e-01
    1.3515000000e+05    8.0663700478e-02
    1.3522500000e+05    1.0864580174e-01
    1.3530000000e+05    1.8465613123e-01
    1.3537500000e+05    1.3390963517e-01
    1.3545000000e+05    2.9083373274e-01
    1.3552500000e+05    1.0873952273e-01
    1.3560000000e+05    9.9989010990e-02
    1.3567500000e+05    1.3718702152e-01
    1.3575000000e+05    9.8107894445e-02
    1.3582500000e+05    1.0049348168e-01
    1.3590000000e+05    8.4137487127e-02
    1.3597500000e+05    7.2770754084e-02
    1.3605000000e+05    1.4344930692e-01
    1.3612500000e+05    9.4264592244e-02
    1.3620000000e+05    1.0839687632e-01
    1.3627500000e+05    1.1899154770e-01
    1.3635000000e+05    1.4271462661e-01
    1.3642500000e+05    1.7597192840e-01
    1.3650000000e+05    1.4522511248e-01
    1.3657500000e+05    1.4319849902e-01
    1.3665000000e+05    1.4246092949e-01
    1.3672500000e+05    1.1652995952e-01
    1.3680000000e+05    1.0334155479e-01
    1.3687500000e+05    1.0784914470e-01
    1.3695000000e+05    1.0731978766e-01
    1.3702500000e+05    1.2870015138e-01
    1.3710000000e+05    1.1219138608e-01
    1.3717500000e+05    1.5651693286e-01
    1.3725000000e+05    1.4342548666e-01
    1.3732500000e+05    1.4948661466e-01
    1.3740000000e+05    1.1985004057e-01
    1.3747500000e+05    1.1600800229e-01
    1.3755000000e+05    9.7286827416e-02
    1.3762500000e+05    1.6957035380e-01
    1.3770000000e+05    1.0346636278e-01
    1.3777500000e+05    1.0846241027e-01
    1.3785000000e+05    1.3053953432e-01
    1.3792500000e+05    1.1901396250e-01
    1.3800000000e+05    1.3773560892e-01
    1.3807500000e+05    1.5978030270e-01
    1.3815000000e+05    1.4581096817e-01
    1.3822500000e+05    1.0418558511e-01
    1.3830000000e+05    8.1556767420e-02
    1.3837500000e+05    1.0631133889e-01
    1.3845000000e+05    1.2659158710e-01
    1.3852500000e+05    1.3910918688e-01
    1.3860000000e+05    1.8321362949e-01
    1.3867500000e+05    1.9843049811e-01
    1.3875000000e+05    2.1643563295e-01
    1.3882500000e+05    1.9622734286e-01
    1.3890000000e+05    1.5530016060e-01
    1.3897500000e+05    1.3694193541e-01
    1.3905000000e+05    3.1836576069e-01
    1.3912500000e+05    1.0254724441e-01
    1.3920000000e+05    1.7440417597e-01
    1.3927500000e+05    1.2064536277e-01
    1.3935000000e+05    1.5139982583e-01
    1.3942500000e+05    1.8669977800e-01
    1.3950000000e+05    2.7400454388e-01
    1.3957500000e+05    1.5034088080e-01
    1.3965000000e+05    8.2963301739e-02
    1.3972500000e+05    1.0436451723e-01
    1.3980000000e+05    9.0088810469e-02
    1.3987500000e+05    1.3734935117e-01
    1.3995000000e+05    1.9031932289e-01
    1.4002500000e+05    2.1460466297e-01
    1.4010000000e+05    1.9998061231e-01
    1.4017500000e+05    1.2479757970e-01
    1.4025000000e+05    1.2467690693e-01
    1.4032500000e+05    1.0215397298e-01
    1.4040000000e+05    9.8294299102e-02
    1.4047500000e+05    8.5707488475e-02
    1.4055000000e+05    8.3876129217e-02
    1.4062500000e+05    1.1479546802e-01
    1.4070000000e+05    9.3185078960e-02
    1.4077500000e+05    1.7250683894e-01
    1.4085000000e+05    1.2627349975e-01
    1.4092500000e+05    1.4248118873e-01
    1.4100000000e+05    1.6738149327e-01
    1.4107500000e+05    1.6869140993e-01
    1.4115000000e+05    1.4324129495e-01
    1.4122500000e+05    1.6419034998e-01
    1.4130000000e+05    1.4951133016e-01
    1.4137500000e+05    1.2306755545e-01
    1.4145000000e+05    1.4389805157e-01
    1.4152500000e+05    1.6063608734e-01
    1.4160000000e+05    1.7785308285e-01
    1.4167500000e+05    1.3235384827e-01
    1.4175000000e+05    1.5157221454e-01
    1.4182500000e+05    1.3987504341e-01
    1.4190000000e+05    1.0249689997e-01
    1.4197500000e+05    1.0126804870e-01
    1.4205000000e+05    9.7507914218e-02
    1.4212500000e+05    1.1813178044e-01
    1.4220000000e+05    1.1048000644e-01
    1.4227500000e+05    1.0464631959e-01
    1.4235000000e+05    1.4511488069e-01
    1.4242500000e+05    1.3110457120e-01
    1.4250000000e+05    1.5893410032e-01
    1.4257500000e+05    2.7027342928e-01
    1.4265000000e+05    2.3017296550e-01
    1.4272500000e+05    1.2231572956e-01
    1.4280000000e+05    9.3253493129e-02
    1.4287500000e+05    1.5042544281e-01
    1.4295000000e+05    6.7863201999e-02
    1.4302500000e+05    1.1483402315e-01
    1.4310000000e+05    1.9050689769e-01
    1.4317500000e+05    1.3479874408e-01
    1.4325000000e+05    1.1266859159e-01
    1.4332500000e+05    1.0041581338e-01
    1.4340000000e+05    1.2523812876e-01
    1.4347500000e+05    1.2803320788e-01
    1.4355000000e+05    1.9261528686e-01
    1.4362500000e+05    1.5592694219e-01
    1.4370000000e+05    1.3737664199e-01
    1.4377500000e+05    1.4059858106e-01
    1.4385000000e+05    1.4117044226e-01
    1.4392500000e+05    1.4625436228e-01
    1.4400000000e+05    1.2788750273e-01
    1.4407500000e+05    1.5125370195e-01
    1.4415000000e+05    1.5753398491e-01
    1.4422500000e+05    1.9106625356e-01
    1.4430000000e+05    1.9109984921e-01
    1.4437500000e+05    2.0252593351e-01
    1.4445000000e+05    1.6475131823e-01
    1.4452500000e+05    2.2078807118e-01
    1.4460000000e+05    1.8061012433e-01
    1.4467500000e+05    1.1393982554e-01
    1.4475000000e+05    1.4972795999e-01
    1.4482500000e+05    1.5549114522e-01
    1.4490000000e+05    1.0582472278e-01
    1.4497500000e+05    9.5371853337e-02
    1.4505000000e+05    1.9670009405e-01
    1.4512500000e+05    1.4453359018e-01
    1.4520000000e+05    1.0492079293e-01
    1.4527500000e+05    1.7425756450e-01
    1.4535000000e+05    1.4965624296e-01
    1.4542500000e+05    1.2901581841e-01
    1.4550000000e+05    1.8749996254e-01
    1.4557500000e+05    1.4729654699e-01
    1.4565000000e+05    1.4288637779e-01
    1.4572500000e+05    1.4040555630e-01
    1.4580000000e+05    1.0488327125e-01
    1.4587500000e+05    9.5041438816e-02
    1.4595000000e+05    1.1136911435e-01
    1.4602500000e+05    9.2099926833e-02
    1.4610000000e+05    2.0654843743e-01
    1.4617500000e+05    9.3867459289e-02
    1.4625000000e+05    1.5282238597e-01
    1.4632500000e+05    2.6633105995e-01
    1.4640000000e+05    1.2924847770e-01
    1.4647500000e+05    1.5942397525e-01
    1.4655000000e+05    1.2651254211e-01
    1.4662500000e+05    1.7597294981e-01
    1.4670000000e+05    1.2112965816e-01
    1.4677500000e+05    9.6162934285e-02
    1.4685000000e+05    1.2855591104e-01
    1.4692500000e+05    1.3144697068e-01
    1.4700000000e+05    1.1982539053e-01
    1.4707500000e+05    1.7936452175e-01
    1.4715000000e+05    1.2875340332e-01
    1.4722500000e+05    2.8685250597e-01
    1.4730000000e+05    2.6012291080e-01
    1.4737500000e+05    2.1823737011e-01
    1.4745000000e+05    2.8468703578e-01
    1.4752500000e+05    1.2912696379e-01
    1.4760000000e+05    8.3483205499e-02
    1.4767500000e+05    7.4878835622e-02
    1.4775000000e+05    1.1022882144e-01
    1.4782500000e+05    1.3261429342e-01
    1.4790000000e+05    1.4735766936e-01
    1.4797500000e+05    1.2150836252e-01
    1.4805000000e+05    1.9259723797e-01
    1.4812500000e+05    1.4227640039e-01
    1.4820000000e+05    1.1135411782e-01
    1.4827500000e+05    1.0514202212e-01
    1.4835000000e+05    6.4976240413e-02
    1.4842500000e+05    1.4726440945e-01
    1.4850000000e+05    8.8904817636e-02
    1.4857500000e+05    1.0756247974e-01
    1.4865000000e+05    1.6200034721e-01
    1.4872500000e+05    9.3987824447e-02
    1.4880000000e+05    1.5238865008e-01
    1.4887500000e+05    1.1874541324e-01
    1.4895000000e+05    1.5748363222e-01
    1.4902500000e+05    2.5048648728e-01
    1.4910000000e+05    1.6884702243e-01
    1.4917500000e+05    2.0704554813e-01
    1.4925000000e+05    1.3354906763e-01
    1.4932500000e+05    1.1028668748e-01
    1.4940000000e+05    1.0902502697e-01
    1.4947500000e+05    9.0499381661e-02
    1.4955000000e+05    1.5014370350e-01
    1.4962500000e+05    1.3667915715e-01
    1.4970000000e+05    9.2282870412e-02
    1.4977500000e+05    2.2736361492e-01
    1.4985000000e+05    8.7829672551e-02
    1.4992500000e+05    9.2945250578e-02
    1.5000000000e+05    1.3020804262e-01
