    5.0000000000e+01    1.8249822829e-01
    1.0000000000e+02    1.6883553927e-01
    1.5000000000e+02    1.5214108474e-01
    2.0000000000e+02    2.0542020054e-01
    2.5000000000e+02    1.8765489949e-01
    3.0000000000e+02    1.3787010831e-01
    3.5000000000e+02    1.3258326285e-01
    4.0000000000e+02    1.9624810944e-01
    4.5000000000e+02    1.2978645829e-01
    5.0000000000e+02    1.6021756343e-01
    5.5000000000e+02    1.9427454873e-01
    6.0000000000e+02    3.6629861953e-01
    6.5000000000e+02    1.8123076073e-01
    7.0000000000e+02    1.2419944169e-01
    7.5000000000e+02    1.8149248933e-01
    8.0000000000e+02    1.8330334282e-01
    8.5000000000e+02    1.8394457278e-01
    9.0000000000e+02    2.2982175748e-01
    9.5000000000e+02    2.7650326740e-01
    1.0000000000e+03    1.7640086649e-01
    1.0500000000e+03    2.1412423919e-01
    1.1000000000e+03    2.1123104675e-01
    1.1500000000e+03    1.8579705983e-01
    1.2000000000e+03    1.6366802123e-01
    1.2500000000e+03    1.7390773804e-01
    1.3000000000e+03    2.1491663669e-01
    1.3500000000e+03    1.8632109322e-01
    1.4000000000e+03    2.2848792703e-01
    1.4500000000e+03    1.3555548401e-01
    1.5000000000e+03    1.5610754339e-01
    1.5500000000e+03    1.4057179568e-01
    1.6000000000e+03    2.4255150594e-01
    1.6500000000e+03    1.4576651360e-01
    1.7000000000e+03    1.5940163669e-01
    1.7500000000e+03    1.7255341046e-01
    1.8000000000e+03    3.1035490639e-01
    1.8500000000e+03    1.7021629146e-01
    1.9000000000e+03    1.9473718759e-01
    1.9500000000e+03    2.6625868622e-01
    2.0000000000e+03    2.2541552387e-01
    2.0500000000e+03    1.5034459745e-01
    2.1000000000e+03    1.4943214486e-01
    2.1500000000e+03    1.6600922735e-01
    2.2000000000e+03    1.5360860156e-01
    2.2500000000e+03    1.4966810732e-01
    2.3000000000e+03    1.5301244662e-01
    2.3500000000e+03    2.1970668557e-01
    2.4000000000e+03    3.1127719185e-01
    2.4500000000e+03    3.1418236606e-01
    2.5000000000e+03    3.6958734900e-01
    2.5500000000e+03    2.3787189157e-01
    2.6000000000e+03    2.1539064565e-01
    2.6500000000e+03    2.1736246573e-01
    2.7000000000e+03    1.9809778000e-01
    2.7500000000e+03    2.3265977568e-01
    2.8000000000e+03    3.0755000217e-01
    2.8500000000e+03    3.4733197637e-01
    2.9000000000e+03    4.2852163186e-01
    2.9500000000e+03    2.3699711344e-01
    3.0000000000e+03    2.3395760113e-01
    3.0500000000e+03    2.9795901626e-01
    3.1000000000e+03    2.9254825569e-01
    3.1500000000e+03    2.3079791662e-01
    3.2000000000e+03    1.9037913467e-01
    3.2500000000e+03    1.8335605552e-01
    3.3000000000e+03    1.5657594558e-01
    3.3500000000e+03    1.3039717148e-01
    3.4000000000e+03    1.3106394901e-01
    3.4500000000e+03    1.5030048502e-01
    3.5000000000e+03    1.4732357001e-01
    3.5500000000e+03    1.7036871679e-01
    3.6000000000e+03    1.4347318275e-01
    3.6500000000e+03    1.6840992918e-01
    3.7000000000e+03    1.4935256543e-01
    3.7500000000e+03    1.9556424212e-01
    3.8000000000e+03    2.3622584113e-01
    3.8500000000e+03    1.9354031643e-01
    3.9000000000e+03    1.5557064975e-01
    3.9500000000e+03    1.3845569438e-01
    4.0000000000e+03    1.7296864660e-01
    4.0500000000e+03    1.6066914081e-01
    4.1000000000e+03    1.5521186952e-01
    4.1500000000e+03    1.2994908450e-01
    4.2000000000e+03    1.4993546664e-01
    4.2500000000e+03    1.5039528710e-01
    4.3000000000e+03    1.3055214240e-01
    4.3500000000e+03    1.1884775466e-01
    4.4000000000e+03    1.3799267320e-01
    4.4500000000e+03    1.6888025881e-01
    4.5000000000e+03    1.5592031678e-01
    4.5500000000e+03    1.4965294916e-01
    4.6000000000e+03    1.4763618836e-01
    4.6500000000e+03    1.4171790072e-01
    4.7000000000e+03    1.3694476897e-01
    4.7500000000e+03    1.5449275312e-01
    4.8000000000e+03    1.6264443373e-01
    4.8500000000e+03    1.5477151267e-01
    4.9000000000e+03    1.2049960786e-01
    4.9500000000e+03    1.7051327108e-01
    5.0000000000e+03    1.3297534807e-01
    5.0500000000e+03    1.5148095324e-01
    5.1000000000e+03    1.4715622195e-01
    5.1500000000e+03    1.1894923654e-01
    5.2000000000e+03    1.5962453126e-01
    5.2500000000e+03    1.4292693105e-01
    5.3000000000e+03    1.7433811703e-01
    5.3500000000e+03    1.4625690464e-01
    5.4000000000e+03    1.5255200660e-01
    5.4500000000e+03    1.4397445844e-01
    5.5000000000e+03    1.2560305274e-01
    5.5500000000e+03    1.4198711021e-01
    5.6000000000e+03    1.4163273390e-01
    5.6500000000e+03    2.1577168076e-01
    5.7000000000e+03    1.3449350056e-01
    5.7500000000e+03    1.2613356019e-01
    5.8000000000e+03    1.4108970876e-01
    5.8500000000e+03    1.7020685740e-01
    5.9000000000e+03    1.6833265303e-01
    5.9500000000e+03    1.4714871689e-01
    6.0000000000e+03    1.7956352654e-01
    6.0500000000e+03    1.6772063652e-01
    6.1000000000e+03    1.6882110835e-01
    6.1500000000e+03    1.5336756709e-01
    6.2000000000e+03    1.6029499289e-01
    6.2500000000e+03    1.3698612362e-01
    6.3000000000e+03    2.7973180319e-01
    6.3500000000e+03    1.9388734679e-01
    6.4000000000e+03    1.3085038942e-01
    6.4500000000e+03    1.4065606282e-01
    6.5000000000e+03    1.2667074936e-01
    6.5500000000e+03    1.7077087752e-01
    6.6000000000e+03    1.3313525633e-01
    6.6500000000e+03    1.1831693656e-01
    6.7000000000e+03    1.3252115978e-01
    6.7500000000e+03    1.7291252733e-01
    6.8000000000e+03    1.8000692839e-01
    6.8500000000e+03    1.6532240146e-01
    6.9000000000e+03    1.7299912625e-01
    6.9500000000e+03    1.7262637717e-01
    7.0000000000e+03    1.5967799965e-01
    7.0500000000e+03    9.8679177590e-02
    7.1000000000e+03    1.1899909198e-01
    7.1500000000e+03    9.5736688624e-02
    7.2000000000e+03    1.2577381071e-01
    7.2500000000e+03    1.0310904877e-01
    7.3000000000e+03    1.1943493637e-01
    7.3500000000e+03    1.0721881076e-01
    7.4000000000e+03    1.3346930174e-01
    7.4500000000e+03    1.0901519485e-01
    7.5000000000e+03    1.2939070276e-01
    7.5500000000e+03    1.2273458717e-01
    7.6000000000e+03    1.3453326440e-01
    7.6500000000e+03    1.3335470272e-01
    7.7000000000e+03    9.0758579197e-02
    7.7500000000e+03    1.6085115426e-01
    7.8000000000e+03    1.2159284866e-01
    7.8500000000e+03    1.6189031040e-01
    7.9000000000e+03    1.0147690661e-01
    7.9500000000e+03    1.0170917847e-01
    8.0000000000e+03    9.5961675374e-02
    8.0500000000e+03    1.2088802050e-01
    8.1000000000e+03    1.3890362071e-01
    8.1500000000e+03    1.2253116220e-01
    8.2000000000e+03    1.3106951598e-01
    8.2500000000e+03    7.6126357513e-02
    8.3000000000e+03    8.3908241132e-02
    8.3500000000e+03    1.0188873381e-01
    8.4000000000e+03    1.1320136702e-01
    8.4500000000e+03    1.0806451683e-01
    8.5000000000e+03    1.4399564484e-01
    8.5500000000e+03    1.1350407138e-01
    8.6000000000e+03    1.2365261913e-01
    8.6500000000e+03    1.5026657333e-01
    8.7000000000e+03    1.7032717697e-01
    8.7500000000e+03    1.4652078596e-01
    8.8000000000e+03    1.4117216096e-01
    8.8500000000e+03    1.5144468550e-01
    8.9000000000e+03    2.1865124319e-01
    8.9500000000e+03    2.0412696104e-01
    9.0000000000e+03    2.3355445336e-01
    9.0500000000e+03    2.3726554312e-01
    9.1000000000e+03    1.4757017853e-01
    9.1500000000e+03    1.6853051059e-01
    9.2000000000e+03    1.7319069973e-01
    9.2500000000e+03    1.6563198795e-01
    9.3000000000e+03    2.1332822683e-01
    9.3500000000e+03    1.8633629525e-01
    9.4000000000e+03    1.6063676943e-01
    9.4500000000e+03    1.5442426378e-01
    9.5000000000e+03    1.7873731459e-01
    9.5500000000e+03    1.3548500444e-01
    9.6000000000e+03    1.1623737050e-01
    9.6500000000e+03    1.5354396933e-01
    9.7000000000e+03    1.9821156720e-01
    9.7500000000e+03    1.6119529721e-01
    9.8000000000e+03    1.2786673668e-01
    9.8500000000e+03    1.5563202095e-01
    9.9000000000e+03    1.9025781040e-01
    9.9500000000e+03    1.8076869178e-01
    1.0000000000e+04    1.7552994938e-01
    1.0050000000e+04    1.9584807804e-01
    1.0100000000e+04    1.7182974435e-01
    1.0150000000e+04    1.8984372380e-01
    1.0200000000e+04    1.7944013317e-01
    1.0250000000e+04    1.8184828410e-01
    1.0300000000e+04    2.1270683398e-01
    1.0350000000e+04    1.8172647475e-01
    1.0400000000e+04    2.1703016065e-01
    1.0450000000e+04    1.6015820043e-01
    1.0500000000e+04    1.8631910771e-01
    1.0550000000e+04    1.5175793248e-01
    1.0600000000e+04    1.3322848270e-01
    1.0650000000e+04    1.5921656928e-01
    1.0700000000e+04    1.3517511278e-01
    1.0750000000e+04    1.3632848983e-01
    1.0800000000e+04    1.5215039840e-01
    1.0850000000e+04    1.4706615201e-01
    1.0900000000e+04    1.5740519393e-01
    1.0950000000e+04    2.1729761732e-01
    1.1000000000e+04    1.4136058264e-01
    1.1050000000e+04    1.7682368202e-01
    1.1100000000e+04    2.4033532328e-01
    1.1150000000e+04    1.8818076362e-01
    1.1200000000e+04    1.5690906246e-01
    1.1250000000e+04    1.7910786078e-01
    1.1300000000e+04    2.4124582332e-01
    1.1350000000e+04    2.0800561640e-01
    1.1400000000e+04    1.8729548719e-01
    1.1450000000e+04    1.8455740473e-01
    1.1500000000e+04    3.2087440185e-01
    1.1550000000e+04    1.9406630071e-01
    1.1600000000e+04    2.3441468394e-01
    1.1650000000e+04    2.5872894032e-01
    1.1700000000e+04    2.1493635674e-01
    1.1750000000e+04    2.2935166254e-01
    1.1800000000e+04    2.1053162487e-01
    1.1850000000e+04    2.4393959278e-01
    1.1900000000e+04    2.7789589216e-01
    1.1950000000e+04    1.8815983308e-01
    1.2000000000e+04    2.0923082323e-01
    1.2050000000e+04    2.2460932906e-01
    1.2100000000e+04    1.6301671522e-01
    1.2150000000e+04    2.7331134332e-01
    1.2200000000e+04    3.1981280457e-01
    1.2250000000e+04    3.2679778325e-01
    1.2300000000e+04    2.7674912836e-01
    1.2350000000e+04    2.4531249538e-01
    1.2400000000e+04    3.4751367815e-01
    1.2450000000e+04    2.3645413522e-01
    1.2500000000e+04    2.3650243084e-01
    1.2550000000e+04    2.5669683881e-01
    1.2600000000e+04    3.1163916569e-01
    1.2650000000e+04    3.6448745293e-01
    1.2700000000e+04    2.5418266911e-01
    1.2750000000e+04    2.6331009715e-01
    1.2800000000e+04    2.3621162510e-01
    1.2850000000e+04    2.6722690524e-01
    1.2900000000e+04    3.2008055057e-01
    1.2950000000e+04    2.5273372059e-01
    1.3000000000e+04    2.7272613267e-01
    1.3050000000e+04    1.8866059115e-01
    1.3100000000e+04    2.6941038095e-01
    1.3150000000e+04    2.7088903620e-01
    1.3200000000e+04    2.8107892138e-01
    1.3250000000e+04    2.5154685151e-01
    1.3300000000e+04    2.2152438487e-01
    1.3350000000e+04    2.0341558334e-01
    1.3400000000e+04    2.9111014337e-01
    1.3450000000e+04    2.2387698807e-01
    1.3500000000e+04    3.7682239802e-01
    1.3550000000e+04    4.0420234827e-01
    1.3600000000e+04    3.5024389172e-01
    1.3650000000e+04    3.0043513409e-01
    1.3700000000e+04    3.0052168897e-01
    1.3750000000e+04    4.0358047620e-01
    1.3800000000e+04    3.1103526226e-01
    1.3850000000e+04    2.7237251751e-01
    1.3900000000e+04    3.1717610225e-01
    1.3950000000e+04    1.7799852395e-01
    1.4000000000e+04    2.1239278920e-01
    1.4050000000e+04    2.3725042198e-01
    1.4100000000e+04    1.7873750935e-01
    1.4150000000e+04    1.0367491236e-01
    1.4200000000e+04    1.1289304576e-01
    1.4250000000e+04    1.4263720421e-01
    1.4300000000e+04    1.1943385213e-01
    1.4350000000e+04    1.4879017400e-01
    1.4400000000e+04    1.2934750603e-01
    1.4450000000e+04    1.0590553113e-01
    1.4500000000e+04    1.5190996965e-01
    1.4550000000e+04    1.7178272212e-01
    1.4600000000e+04    1.9526923393e-01
    1.4650000000e+04    1.5707094994e-01
    1.4700000000e+04    1.8849377638e-01
    1.4750000000e+04    1.8895213718e-01
    1.4800000000e+04    1.4896457275e-01
    1.4850000000e+04    1.1724265007e-01
    1.4900000000e+04    1.5089898046e-01
    1.4950000000e+04    1.3478175051e-01
    1.5000000000e+04    1.3731482700e-01
    1.5050000000e+04    1.3581075882e-01
    1.5100000000e+04    1.3056255493e-01
    1.5150000000e+04    1.1676761832e-01
    1.5200000000e+04    1.3364863899e-01
    1.5250000000e+04    1.4712485244e-01
    1.5300000000e+04    1.0687146280e-01
    1.5350000000e+04    9.4139102705e-02
    1.5400000000e+04    1.4693066006e-01
    1.5450000000e+04    1.0606741849e-01
    1.5500000000e+04    1.3358826235e-01
    1.5550000000e+04    1.8211687009e-01
    1.5600000000e+04    1.5187770547e-01
    1.5650000000e+04    1.2963153479e-01
    1.5700000000e+04    1.2973094182e-01
    1.5750000000e+04    1.5193348887e-01
    1.5800000000e+04    1.2626184113e-01
    1.5850000000e+04    1.4449873279e-01
    1.5900000000e+04    1.7394754602e-01
    1.5950000000e+04    1.7263454799e-01
    1.6000000000e+04    1.7808540413e-01
    1.6050000000e+04    1.4467838513e-01
    1.6100000000e+04    1.1646111273e-01
    1.6150000000e+04    1.1818535653e-01
    1.6200000000e+04    1.2291647334e-01
    1.6250000000e+04    1.2109149133e-01
    1.6300000000e+04    1.7074246204e-01
    1.6350000000e+04    1.3703887531e-01
    1.6400000000e+04    1.1710236777e-01
    1.6450000000e+04    1.1096297507e-01
    1.6500000000e+04    1.2122077105e-01
    1.6550000000e+04    1.1785918303e-01
    1.6600000000e+04    1.4283875361e-01
    1.6650000000e+04    2.2055379301e-01
    1.6700000000e+04    2.1484360875e-01
    1.6750000000e+04    1.6645914896e-01
    1.6800000000e+04    1.4557512572e-01
    1.6850000000e+04    1.5845525511e-01
    1.6900000000e+04    1.3632067141e-01
    1.6950000000e+04    1.1610787981e-01
    1.7000000000e+04    1.1173995997e-01
    1.7050000000e+04    8.8941249379e-02
    1.7100000000e+04    8.4141815509e-02
    1.7150000000e+04    1.6517128020e-01
    1.7200000000e+04    1.7987309123e-01
    1.7250000000e+04    1.5962916955e-01
    1.7300000000e+04    1.3940738655e-01
    1.7350000000e+04    1.3034571938e-01
    1.7400000000e+04    1.1559777603e-01
    1.7450000000e+04    1.3883113445e-01
    1.7500000000e+04    1.5667753044e-01
    1.7550000000e+04    1.6633456761e-01
    1.7600000000e+04    1.4834439156e-01
    1.7650000000e+04    1.3398029816e-01
    1.7700000000e+04    1.6251410857e-01
    1.7750000000e+04    1.1769469017e-01
    1.7800000000e+04    1.1599782245e-01
    1.7850000000e+04    1.2243955383e-01
    1.7900000000e+04    1.2427673934e-01
    1.7950000000e+04    1.3237830170e-01
    1.8000000000e+04    1.2464085993e-01
    1.8050000000e+04    1.4242382505e-01
    1.8100000000e+04    1.2001201866e-01
    1.8150000000e+04    1.0087987087e-01
    1.8200000000e+04    1.3985487247e-01
    1.8250000000e+04    1.0687972307e-01
    1.8300000000e+04    1.0858120150e-01
    1.8350000000e+04    1.1761151196e-01
    1.8400000000e+04    1.1147158964e-01
    1.8450000000e+04    1.2693816664e-01
    1.8500000000e+04    1.8097657552e-01
    1.8550000000e+04    9.6700303454e-02
    1.8600000000e+04    1.0342680699e-01
    1.8650000000e+04    1.2997327630e-01
    1.8700000000e+04    1.5870750509e-01
    1.8750000000e+04    1.1870672118e-01
    1.8800000000e+04    1.3573942051e-01
    1.8850000000e+04    1.5010136201e-01
    1.8900000000e+04    1.4298099943e-01
    1.8950000000e+04    9.8787505353e-02
    1.9000000000e+04    1.8030019913e-01
    1.9050000000e+04    1.3997314309e-01
    1.9100000000e+04    1.2278206647e-01
    1.9150000000e+04    1.2623350666e-01
    1.9200000000e+04    1.1526366340e-01
    1.9250000000e+04    9.6158441106e-02
    1.9300000000e+04    1.1191763071e-01
    1.9350000000e+04    1.1620145483e-01
    1.9400000000e+04    1.1459462403e-01
    1.9450000000e+04    1.6345143997e-01
    1.9500000000e+04    2.9210391391e-01
    1.9550000000e+04    1.4836683991e-01
    1.9600000000e+04    1.0836808516e-01
    1.9650000000e+04    1.3169194261e-01
    1.9700000000e+04    2.0455144549e-01
    1.9750000000e+04    1.8361063921e-01
    1.9800000000e+04    1.6337380899e-01
    1.9850000000e+04    1.2289772802e-01
    1.9900000000e+04    1.5408116797e-01
    1.9950000000e+04    1.2273226990e-01
    2.0000000000e+04    1.4387291058e-01
    2.0050000000e+04    1.0826187739e-01
    2.0100000000e+04    1.1012312882e-01
    2.0150000000e+04    1.2894193392e-01
    2.0200000000e+04    1.1472076879e-01
    2.0250000000e+04    1.3736090633e-01
    2.0300000000e+04    1.2117489350e-01
    2.0350000000e+04    1.4638321179e-01
    2.0400000000e+04    1.8821213806e-01
    2.0450000000e+04    2.1697675366e-01
    2.0500000000e+04    1.3053639619e-01
    2.0550000000e+04    1.8063220807e-01
    2.0600000000e+04    1.4464088397e-01
    2.0650000000e+04    1.6737601279e-01
    2.0700000000e+04    1.7036136765e-01
    2.0750000000e+04    1.4015387184e-01
    2.0800000000e+04    1.6407625098e-01
    2.0850000000e+04    1.2075526042e-01
    2.0900000000e+04    1.3860810924e-01
    2.0950000000e+04    1.2017425881e-01
    2.1000000000e+04    1.2979626291e-01
    2.1050000000e+04    1.9113666181e-01
    2.1100000000e+04    1.8121724352e-01
    2.1150000000e+04    1.6208778904e-01
    2.1200000000e+04    1.6928907470e-01
    2.1250000000e+04    1.3863608826e-01
    2.1300000000e+04    1.7381344765e-01
    2.1350000000e+04    1.8533777541e-01
    2.1400000000e+04    1.9029760094e-01
    2.1450000000e+04    1.9254376252e-01
    2.1500000000e+04    1.2396881797e-01
    2.1550000000e+04    1.2961803194e-01
    2.1600000000e+04    1.1321506640e-01
    2.1650000000e+04    1.4725413489e-01
    2.1700000000e+04    2.2934546784e-01
    2.1750000000e+04    1.9268974294e-01
    2.1800000000e+04    2.3501795141e-01
    2.1850000000e+04    1.6232659070e-01
    2.1900000000e+04    1.9223318290e-01
    2.1950000000e+04    2.0043662994e-01
    2.2000000000e+04    1.7558143230e-01
    2.2050000000e+04    2.1813327227e-01
    2.2100000000e+04    1.6331953782e-01
    2.2150000000e+04    1.8238690559e-01
    2.2200000000e+04    1.7011262026e-01
    2.2250000000e+04    2.0637262089e-01
    2.2300000000e+04    2.0409230587e-01
    2.2350000000e+04    2.3228925039e-01
    2.2400000000e+04    2.5084899298e-01
    2.2450000000e+04    2.3088915559e-01
    2.2500000000e+04    2.6937556588e-01
    2.2550000000e+04    2.7161940653e-01
    2.2600000000e+04    3.1593363453e-01
    2.2650000000e+04    3.5941415738e-01
    2.2700000000e+04    4.1948758647e-01
    2.2750000000e+04    3.1745604782e-01
    2.2800000000e+04    3.1352059709e-01
    2.2850000000e+04    3.1340277048e-01
    2.2900000000e+04    2.2640355444e-01
    2.2950000000e+04    3.6807196948e-01
    2.3000000000e+04    4.0778600124e-01
    2.3050000000e+04    2.3146700471e-01
    2.3100000000e+04    3.5714932901e-01
    2.3150000000e+04    2.3935059200e-01
    2.3200000000e+04    2.5869042814e-01
    2.3250000000e+04    3.2023745860e-01
    2.3300000000e+04    2.5302230472e-01
    2.3350000000e+04    2.3791816804e-01
    2.3400000000e+04    2.1014774574e-01
    2.3450000000e+04    2.2952469372e-01
    2.3500000000e+04    2.8342260510e-01
    2.3550000000e+04    2.8370523762e-01
    2.3600000000e+04    2.0673436401e-01
    2.3650000000e+04    2.5479265093e-01
    2.3700000000e+04    6.6839282876e-01
    2.3750000000e+04    1.6192090042e+00
    2.3800000000e+04    1.3179044590e+00
    2.3850000000e+04    1.9042673211e+00
    2.3900000000e+04    1.8536360721e+00
    2.3950000000e+04    1.3725605987e+00
    2.4000000000e+04    1.7886650235e+00
    2.4050000000e+04    1.0928560984e+00
    2.4100000000e+04    9.2238703983e-01
    2.4150000000e+04    8.1585396240e-01
    2.4200000000e+04    8.6870659437e-01
    2.4250000000e+04    9.8452546690e-01
    2.4300000000e+04    8.7672612985e-01
    2.4350000000e+04    9.2305653665e-01
    2.4400000000e+04    7.7538155386e-01
    2.4450000000e+04    7.5922096612e-01
    2.4500000000e+04    6.6999548735e-01
    2.4550000000e+04    6.4323132167e-01
    2.4600000000e+04    9.2312101856e-01
    2.4650000000e+04    8.0829768506e-01
    2.4700000000e+04    4.9267838634e-01
    2.4750000000e+04    6.4309841298e-01
    2.4800000000e+04    7.8305743109e-01
    2.4850000000e+04    5.2733771114e-01
    2.4900000000e+04    8.0942708739e-01
    2.4950000000e+04    8.2886985807e-01
    2.5000000000e+04    5.9086467755e-01
    2.5050000000e+04    5.9588355262e-01
    2.5100000000e+04    6.5054334776e-01
    2.5150000000e+04    6.6037016129e-01
    2.5200000000e+04    8.0654325626e-01
    2.5250000000e+04    5.6351445297e-01
    2.5300000000e+04    5.8790799922e-01
    2.5350000000e+04    5.3960339842e-01
    2.5400000000e+04    7.2154170513e-01
    2.5450000000e+04    6.8004524519e-01
    2.5500000000e+04    6.8308876981e-01
    2.5550000000e+04    6.5512466441e-01
    2.5600000000e+04    5.5640044718e-01
    2.5650000000e+04    5.1972684688e-01
    2.5700000000e+04    5.6336229867e-01
    2.5750000000e+04    6.1482393185e-01
    2.5800000000e+04    6.0246834415e-01
    2.5850000000e+04    6.0259660394e-01
    2.5900000000e+04    5.0483409069e-01
    2.5950000000e+04    6.3114482611e-01
    2.6000000000e+04    6.5697440370e-01
    2.6050000000e+04    5.4358400122e-01
    2.6100000000e+04    7.7285262903e-01
    2.6150000000e+04    5.6601972802e-01
    2.6200000000e+04    7.5099894950e-01
    2.6250000000e+04    6.7527246395e-01
    2.6300000000e+04    6.8623377622e-01
    2.6350000000e+04    6.6127906727e-01
    2.6400000000e+04    5.7253164615e-01
    2.6450000000e+04    6.3937085636e-01
    2.6500000000e+04    7.0991686286e-01
    2.6550000000e+04    9.8956019421e-01
    2.6600000000e+04    8.0777411982e-01
    2.6650000000e+04    6.8518193145e-01
    2.6700000000e+04    6.4984539355e-01
    2.6750000000e+04    8.2644894642e-01
    2.6800000000e+04    9.2783768640e-01
    2.6850000000e+04    7.4647028260e-01
    2.6900000000e+04    6.6862800919e-01
    2.6950000000e+04    1.2346454182e+00
    2.7000000000e+04    7.5438728981e-01
    2.7050000000e+04    6.8593831696e-01
    2.7100000000e+04    8.2329820929e-01
    2.7150000000e+04    8.9461626828e-01
    2.7200000000e+04    7.4396617062e-01
    2.7250000000e+04    7.5147270101e-01
    2.7300000000e+04    1.0378711776e+00
    2.7350000000e+04    8.5324822808e-01
    2.7400000000e+04    7.4869359737e-01
    2.7450000000e+04    6.1404999945e-01
    2.7500000000e+04    6.3488254835e-01
    2.7550000000e+04    7.3575907109e-01
    2.7600000000e+04    7.5224099699e-01
    2.7650000000e+04    6.3074832148e-01
    2.7700000000e+04    5.9023206618e-01
    2.7750000000e+04    4.5862119401e-01
    2.7800000000e+04    7.2200329809e-01
    2.7850000000e+04    5.6794122776e-01
    2.7900000000e+04    7.2059919161e-01
    2.7950000000e+04    5.1409992971e-01
    2.8000000000e+04    5.7618776787e-01
    2.8050000000e+04    5.7425487230e-01
    2.8100000000e+04    8.5022396067e-01
    2.8150000000e+04    9.8426326905e-01
    2.8200000000e+04    7.3961646817e-01
    2.8250000000e+04    5.3846781330e-01
    2.8300000000e+04    6.4506147735e-01
    2.8350000000e+04    6.3458037724e-01
    2.8400000000e+04    6.3348973404e-01
    2.8450000000e+04    1.2559070759e+00
    2.8500000000e+04    6.2933192294e-01
    2.8550000000e+04    6.7417887559e-01
    2.8600000000e+04    6.4061338412e-01
    2.8650000000e+04    8.6847411055e-01
    2.8700000000e+04    5.6608363544e-01
    2.8750000000e+04    1.0139142180e+00
    2.8800000000e+04    9.4692066283e-01
    2.8850000000e+04    7.4115095319e-01
    2.8900000000e+04    7.3316102917e-01
    2.8950000000e+04    5.3349287286e-01
    2.9000000000e+04    6.1436757975e-01
    2.9050000000e+04    4.8492352294e-01
    2.9100000000e+04    6.7161964458e-01
    2.9150000000e+04    6.8578171627e-01
    2.9200000000e+04    1.0556796827e+00
    2.9250000000e+04    5.5280554096e-01
    2.9300000000e+04    7.1022248918e-01
    2.9350000000e+04    5.0175473213e-01
    2.9400000000e+04    8.3812686188e-01
    2.9450000000e+04    1.4405049326e+00
    2.9500000000e+04    6.4013135307e-01
    2.9550000000e+04    9.9763319977e-01
    2.9600000000e+04    5.5432499358e-01
    2.9650000000e+04    6.8558012821e-01
    2.9700000000e+04    7.2550976587e-01
    2.9750000000e+04    5.6800551990e-01
    2.9800000000e+04    1.0456013158e+00
    2.9850000000e+04    1.0599071622e+00
    2.9900000000e+04    4.9978336127e-01
    2.9950000000e+04    5.2891537296e-01
    3.0000000000e+04    7.1215130873e-01
    3.0050000000e+04    9.7802919234e-01
    3.0100000000e+04    1.0923867497e+00
    3.0150000000e+04    8.0133622615e-01
    3.0200000000e+04    6.0212564628e-01
    3.0250000000e+04    7.6275976224e-01
    3.0300000000e+04    8.0506460641e-01
    3.0350000000e+04    5.9213213690e-01
    3.0400000000e+04    6.0991917871e-01
    3.0450000000e+04    9.6155498343e-01
    3.0500000000e+04    1.2426679733e+00
    3.0550000000e+04    9.4836000888e-01
    3.0600000000e+04    9.8887605342e-01
    3.0650000000e+04    6.5836200417e-01
    3.0700000000e+04    5.3339862766e-01
    3.0750000000e+04    1.0615309188e+00
    3.0800000000e+04    4.8827047415e-01
    3.0850000000e+04    7.9970761496e-01
    3.0900000000e+04    1.2591377383e+00
    3.0950000000e+04    5.0923504109e-01
    3.1000000000e+04    6.3934052048e-01
    3.1050000000e+04    8.0507005718e-01
    3.1100000000e+04    8.3349202718e-01
    3.1150000000e+04    1.2062351608e+00
    3.1200000000e+04    5.0622785031e-01
    3.1250000000e+04    5.1010511094e-01
    3.1300000000e+04    6.4922334245e-01
    3.1350000000e+04    8.9485708420e-01
    3.1400000000e+04    7.8988479632e-01
    3.1450000000e+04    9.7633497878e-01
    3.1500000000e+04    9.7026928011e-01
    3.1550000000e+04    7.3010676395e-01
    3.1600000000e+04    1.0141204253e+00
    3.1650000000e+04    8.6919324812e-01
    3.1700000000e+04    6.6850090066e-01
    3.1750000000e+04    6.5692525644e-01
    3.1800000000e+04    9.8367261307e-01
    3.1850000000e+04    8.0579344497e-01
    3.1900000000e+04    7.9385391817e-01
    3.1950000000e+04    8.0239034213e-01
    3.2000000000e+04    7.5350936038e-01
    3.2050000000e+04    6.5579423883e-01
    3.2100000000e+04    9.3762313719e-01
    3.2150000000e+04    8.5183942388e-01
    3.2200000000e+04    5.6822947413e-01
    3.2250000000e+04    1.1842918241e+00
    3.2300000000e+04    6.4952199425e-01
    3.2350000000e+04    6.7255333483e-01
    3.2400000000e+04    6.5236788578e-01
    3.2450000000e+04    8.7635662340e-01
    3.2500000000e+04    1.4374743299e+00
    3.2550000000e+04    7.3859067293e-01
    3.2600000000e+04    5.1769699542e-01
    3.2650000000e+04    5.8471253922e-01
    3.2700000000e+04    6.0266885511e-01
    3.2750000000e+04    6.3101065904e-01
    3.2800000000e+04    8.3204406184e-01
    3.2850000000e+04    6.2813100868e-01
    3.2900000000e+04    6.6043305753e-01
    3.2950000000e+04    5.4054359500e-01
    3.3000000000e+04    6.3119205164e-01
    3.3050000000e+04    7.0185416646e-01
    3.3100000000e+04    8.4385326807e-01
    3.3150000000e+04    7.0974601521e-01
    3.3200000000e+04    9.1633160691e-01
    3.3250000000e+04    6.6443264113e-01
    3.3300000000e+04    7.9920819343e-01
    3.3350000000e+04    5.5682281490e-01
    3.3400000000e+04    6.9873135578e-01
    3.3450000000e+04    7.5697295869e-01
    3.3500000000e+04    5.8184335143e-01
    3.3550000000e+04    5.9053198527e-01
    3.3600000000e+04    7.3774129831e-01
    3.3650000000e+04    7.1640920256e-01
    3.3700000000e+04    7.1561955175e-01
    3.3750000000e+04    4.8856018829e-01
    3.3800000000e+04    6.8222897426e-01
    3.3850000000e+04    5.7824185787e-01
    3.3900000000e+04    7.0749240627e-01
    3.3950000000e+04    7.6045237359e-01
    3.4000000000e+04    5.6150646007e-01
    3.4050000000e+04    5.3246777299e-01
    3.4100000000e+04    6.5935334032e-01
    3.4150000000e+04    6.9554572988e-01
    3.4200000000e+04    5.8717183693e-01
    3.4250000000e+04    5.1918601821e-01
    3.4300000000e+04    6.2608170263e-01
    3.4350000000e+04    7.6203571754e-01
    3.4400000000e+04    9.1939150247e-01
    3.4450000000e+04    5.5667812241e-01
    3.4500000000e+04    5.3873122223e-01
    3.4550000000e+04    6.5840672150e-01
    3.4600000000e+04    6.6897252863e-01
    3.4650000000e+04    6.9319309945e-01
    3.4700000000e+04    7.1756641723e-01
    3.4750000000e+04    6.8000618230e-01
    3.4800000000e+04    5.3310080645e-01
    3.4850000000e+04    8.6499383394e-01
    3.4900000000e+04    7.1682232422e-01
    3.4950000000e+04    7.5128106380e-01
    3.5000000000e+04    7.8639461280e-01
    3.5050000000e+04    8.5903221790e-01
    3.5100000000e+04    7.9545064871e-01
    3.5150000000e+04    9.4530344080e-01
    3.5200000000e+04    7.9360322102e-01
    3.5250000000e+04    6.5154032729e-01
    3.5300000000e+04    6.9889561973e-01
    3.5350000000e+04    5.0845414066e-01
    3.5400000000e+04    6.7834587862e-01
    3.5450000000e+04    6.1428635527e-01
    3.5500000000e+04    5.2145520161e-01
    3.5550000000e+04    7.4835130876e-01
    3.5600000000e+04    6.6367976427e-01
    3.5650000000e+04    5.7963276718e-01
    3.5700000000e+04    6.9451832267e-01
    3.5750000000e+04    7.9544146967e-01
    3.5800000000e+04    6.5593627702e-01
    3.5850000000e+04    7.5862966467e-01
    3.5900000000e+04    8.8711651450e-01
    3.5950000000e+04    6.0895375187e-01
    3.6000000000e+04    9.7162644396e-01
    3.6050000000e+04    7.7393122630e-01
    3.6100000000e+04    7.0128583619e-01
    3.6150000000e+04    1.0758138283e+00
    3.6200000000e+04    1.0194652895e+00
    3.6250000000e+04    8.5571813213e-01
    3.6300000000e+04    8.6454146306e-01
    3.6350000000e+04    6.3107928884e-01
    3.6400000000e+04    5.9305948400e-01
    3.6450000000e+04    1.0263944263e+00
    3.6500000000e+04    1.1144349544e+00
    3.6550000000e+04    9.7619497747e-01
    3.6600000000e+04    8.6321709023e-01
    3.6650000000e+04    9.2296551734e-01
    3.6700000000e+04    7.3395928610e-01
    3.6750000000e+04    5.3486782588e-01
    3.6800000000e+04    6.4714141602e-01
    3.6850000000e+04    7.3433114887e-01
    3.6900000000e+04    9.2150280628e-01
    3.6950000000e+04    7.1269088455e-01
    3.7000000000e+04    6.0794212248e-01
    3.7050000000e+04    1.0884874529e+00
    3.7100000000e+04    9.4722278024e-01
    3.7150000000e+04    5.9537325902e-01
    3.7200000000e+04    8.3896348112e-01
    3.7250000000e+04    7.8288998273e-01
    3.7300000000e+04    7.4362422804e-01
    3.7350000000e+04    5.7232750210e-01
    3.7400000000e+04    4.9148204087e-01
    3.7450000000e+04    8.7730793014e-01
    3.7500000000e+04    9.5989746401e-01
    3.7550000000e+04    6.6884077727e-01
    3.7600000000e+04    5.5395481755e-01
    3.7650000000e+04    8.9313219766e-01
    3.7700000000e+04    8.2779072675e-01
    3.7750000000e+04    6.4909137591e-01
    3.7800000000e+04    6.7520293902e-01
    3.7850000000e+04    6.6877510080e-01
    3.7900000000e+04    9.2553774352e-01
    3.7950000000e+04    1.0304900778e+00
    3.8000000000e+04    9.1346029081e-01
    3.8050000000e+04    9.3574862359e-01
    3.8100000000e+04    9.4857376869e-01
    3.8150000000e+04    1.0362591119e+00
    3.8200000000e+04    7.0685890292e-01
    3.8250000000e+04    8.6762116345e-01
    3.8300000000e+04    1.0146271026e+00
    3.8350000000e+04    9.9371949032e-01
    3.8400000000e+04    9.5091267178e-01
    3.8450000000e+04    6.5474337115e-01
    3.8500000000e+04    6.8624412926e-01
    3.8550000000e+04    9.5396966523e-01
    3.8600000000e+04    8.7478393217e-01
    3.8650000000e+04    9.0910804842e-01
    3.8700000000e+04    7.9541859856e-01
    3.8750000000e+04    8.7079956758e-01
    3.8800000000e+04    7.3838573855e-01
    3.8850000000e+04    9.2414589570e-01
    3.8900000000e+04    8.4842636240e-01
    3.8950000000e+04    1.0264347881e+00
    3.9000000000e+04    8.9871445799e-01
    3.9050000000e+04    8.6863458926e-01
    3.9100000000e+04    7.5629420670e-01
    3.9150000000e+04    4.0125915969e-01
    3.9200000000e+04    1.0401658511e+00
    3.9250000000e+04    9.4592983876e-01
    3.9300000000e+04    7.3107486634e-01
    3.9350000000e+04    7.6415055952e-01
    3.9400000000e+04    1.0024865244e+00
    3.9450000000e+04    9.4135257284e-01
    3.9500000000e+04    7.7709960389e-01
    3.9550000000e+04    4.6619043143e-01
    3.9600000000e+04    5.3827561375e-01
    3.9650000000e+04    9.1041947366e-01
    3.9700000000e+04    1.3847560268e+00
    3.9750000000e+04    6.1711137362e-01
    3.9800000000e+04    5.3153915438e-01
    3.9850000000e+04    7.3831284182e-01
    3.9900000000e+04    6.2294068406e-01
    3.9950000000e+04    8.7462277304e-01
    4.0000000000e+04    1.0681036524e+00
    4.0050000000e+04    9.7178260292e-01
    4.0100000000e+04    1.1524202578e+00
    4.0150000000e+04    8.3722678546e-01
    4.0200000000e+04    6.5955835406e-01
    4.0250000000e+04    6.2676950741e-01
    4.0300000000e+04    6.0237836636e-01
    4.0350000000e+04    6.6076202459e-01
    4.0400000000e+04    5.6999782586e-01
    4.0450000000e+04    7.1823202168e-01
    4.0500000000e+04    5.5478024225e-01
    4.0550000000e+04    6.5470584177e-01
    4.0600000000e+04    6.3685471246e-01
    4.0650000000e+04    6.0716313985e-01
    4.0700000000e+04    7.6596846940e-01
    4.0750000000e+04    5.4165915698e-01
    4.0800000000e+04    4.9243782611e-01
    4.0850000000e+04    4.6264788173e-01
    4.0900000000e+04    6.5875940214e-01
    4.0950000000e+04    5.9759340159e-01
    4.1000000000e+04    1.1284138264e+00
    4.1050000000e+04    5.0056577538e-01
    4.1100000000e+04    6.7969778579e-01
    4.1150000000e+04    7.6518158284e-01
    4.1200000000e+04    7.2485725869e-01
    4.1250000000e+04    7.4036072132e-01
    4.1300000000e+04    4.9845533153e-01
    4.1350000000e+04    5.6737640744e-01
    4.1400000000e+04    7.8740401020e-01
    4.1450000000e+04    8.2883400257e-01
    4.1500000000e+04    1.0470998665e+00
    4.1550000000e+04    6.1789346716e-01
    4.1600000000e+04    6.0876364869e-01
    4.1650000000e+04    4.9683035480e-01
    4.1700000000e+04    6.2907507144e-01
    4.1750000000e+04    6.7210085078e-01
    4.1800000000e+04    6.2894216870e-01
    4.1850000000e+04    6.9826904059e-01
    4.1900000000e+04    4.5402431064e-01
    4.1950000000e+04    6.3820639697e-01
    4.2000000000e+04    5.0130998715e-01
    4.2050000000e+04    5.5136111309e-01
    4.2100000000e+04    4.9343443446e-01
    4.2150000000e+04    4.8140676017e-01
    4.2200000000e+04    5.4741528958e-01
    4.2250000000e+04    6.0182427424e-01
    4.2300000000e+04    7.4427345841e-01
    4.2350000000e+04    4.6461361725e-01
    4.2400000000e+04    6.2582250518e-01
    4.2450000000e+04    5.7107541051e-01
    4.2500000000e+04    7.5547781062e-01
    4.2550000000e+04    6.9216249462e-01
    4.2600000000e+04    1.0112129864e+00
    4.2650000000e+04    8.7299580021e-01
    4.2700000000e+04    6.3246551514e-01
    4.2750000000e+04    7.9676949762e-01
    4.2800000000e+04    1.0870265700e+00
    4.2850000000e+04    7.3226269584e-01
    4.2900000000e+04    7.4333757321e-01
    4.2950000000e+04    1.5505647232e+00
    4.3000000000e+04    5.4636073035e-01
    4.3050000000e+04    7.9721073643e-01
    4.3100000000e+04    5.9438501198e-01
    4.3150000000e+04    8.0738698639e-01
    4.3200000000e+04    9.3526691429e-01
    4.3250000000e+04    1.1313763191e+00
    4.3300000000e+04    7.2502872970e-01
    4.3350000000e+04    5.9459978531e-01
    4.3400000000e+04    8.1536696447e-01
    4.3450000000e+04    5.2083847417e-01
    4.3500000000e+04    9.8178677226e-01
    4.3550000000e+04    7.1914216715e-01
    4.3600000000e+04    7.6475340016e-01
    4.3650000000e+04    6.8249098458e-01
    4.3700000000e+04    7.7965053564e-01
    4.3750000000e+04    7.3530342726e-01
    4.3800000000e+04    7.2110321694e-01
    4.3850000000e+04    7.0288363563e-01
    4.3900000000e+04    7.9270037132e-01
    4.3950000000e+04    6.0822345104e-01
    4.4000000000e+04    7.9180059040e-01
    4.4050000000e+04    6.5828435522e-01
    4.4100000000e+04    6.1450303245e-01
    4.4150000000e+04    7.2805021730e-01
    4.4200000000e+04    1.0221625655e+00
    4.4250000000e+04    7.1929852704e-01
    4.4300000000e+04    6.8469316709e-01
    4.4350000000e+04    7.5206336543e-01
    4.4400000000e+04    6.6734568055e-01
    4.4450000000e+04    5.6798345222e-01
    4.4500000000e+04    5.7846712470e-01
    4.4550000000e+04    7.2291027495e-01
    4.4600000000e+04    5.4674757232e-01
    4.4650000000e+04    5.6518855766e-01
    4.4700000000e+04    7.9599746519e-01
    4.4750000000e+04    1.2090817190e+00
    4.4800000000e+04    5.4216003399e-01
    4.4850000000e+04    5.9671154781e-01
    4.4900000000e+04    6.5365751010e-01
    4.4950000000e+04    1.0850575597e+00
    4.5000000000e+04    1.4456837911e+00
    4.5050000000e+04    8.0221027984e-01
    4.5100000000e+04    9.0213568326e-01
    4.5150000000e+04    7.9689690937e-01
    4.5200000000e+04    6.1928847513e-01
    4.5250000000e+04    6.4625752386e-01
    4.5300000000e+04    7.3217963729e-01
    4.5350000000e+04    1.0507387438e+00
    4.5400000000e+04    6.4629517434e-01
    4.5450000000e+04    8.0463091599e-01
    4.5500000000e+04    7.6101686438e-01
    4.5550000000e+04    6.7506711320e-01
    4.5600000000e+04    9.1391161779e-01
    4.5650000000e+04    6.8346926686e-01
    4.5700000000e+04    4.9652778180e-01
    4.5750000000e+04    6.5450979710e-01
    4.5800000000e+04    4.9997182960e-01
    4.5850000000e+04    6.2360481988e-01
    4.5900000000e+04    9.8325428881e-01
    4.5950000000e+04    7.8501403648e-01
    4.6000000000e+04    6.2052781366e-01
    4.6050000000e+04    8.7386674049e-01
    4.6100000000e+04    6.0849019066e-01
    4.6150000000e+04    1.1031688214e+00
    4.6200000000e+04    9.5969993714e-01
    4.6250000000e+04    5.9015781009e-01
    4.6300000000e+04    9.9863343407e-01
    4.6350000000e+04    9.7015325783e-01
    4.6400000000e+04    1.2188193482e+00
    4.6450000000e+04    7.1996875919e-01
    4.6500000000e+04    1.2680754575e+00
    4.6550000000e+04    8.1966758406e-01
    4.6600000000e+04    9.3753145596e-01
    4.6650000000e+04    5.8471433398e-01
    4.6700000000e+04    8.3842804616e-01
    4.6750000000e+04    7.1552766234e-01
    4.6800000000e+04    6.1812246963e-01
    4.6850000000e+04    1.1456141517e+00
    4.6900000000e+04    7.4332289774e-01
    4.6950000000e+04    6.3426429198e-01
    4.7000000000e+04    7.0096443922e-01
    4.7050000000e+04    5.6680440858e-01
    4.7100000000e+04    4.7281857513e-01
    4.7150000000e+04    5.2667852508e-01
    4.7200000000e+04    5.3323719239e-01
    4.7250000000e+04    5.4229499497e-01
    4.7300000000e+04    5.4672197616e-01
    4.7350000000e+04    7.9172597039e-01
    4.7400000000e+04    6.5233396681e-01
    4.7450000000e+04    6.5721585194e-01
    4.7500000000e+04    6.3452375317e-01
    4.7550000000e+04    6.4022263459e-01
    4.7600000000e+04    9.2326655883e-01
    4.7650000000e+04    7.8010106242e-01
    4.7700000000e+04    6.7618017003e-01
    4.7750000000e+04    5.7028006318e-01
    4.7800000000e+04    5.2948143638e-01
    4.7850000000e+04    7.6739133586e-01
    4.7900000000e+04    5.6334917652e-01
    4.7950000000e+04    7.5815208727e-01
    4.8000000000e+04    7.2459526760e-01
    4.8050000000e+04    7.2339059402e-01
    4.8100000000e+04    8.1342270323e-01
    4.8150000000e+04    5.8908379397e-01
    4.8200000000e+04    6.3775089651e-01
    4.8250000000e+04    6.4700307094e-01
    4.8300000000e+04    7.1003608235e-01
    4.8350000000e+04    7.7284586601e-01
    4.8400000000e+04    1.0366670981e+00
    4.8450000000e+04    5.0038789202e-01
    4.8500000000e+04    4.8868166301e-01
    4.8550000000e+04    6.3170041557e-01
    4.8600000000e+04    8.1854703785e-01
    4.8650000000e+04    7.0677239242e-01
    4.8700000000e+04    6.3873670850e-01
    4.8750000000e+04    6.6768144674e-01
    4.8800000000e+04    8.5254356490e-01
    4.8850000000e+04    6.4844069795e-01
    4.8900000000e+04    6.6920398142e-01
    4.8950000000e+04    7.0978555337e-01
    4.9000000000e+04    5.0818275166e-01
    4.9050000000e+04    8.9229323858e-01
    4.9100000000e+04    6.6865322017e-01
    4.9150000000e+04    9.7686230605e-01
    4.9200000000e+04    7.7881665904e-01
    4.9250000000e+04    8.5302969545e-01
    4.9300000000e+04    1.0057285258e+00
    4.9350000000e+04    1.0038602805e+00
    4.9400000000e+04    6.8997288018e-01
    4.9450000000e+04    6.9645054674e-01
    4.9500000000e+04    1.1102599864e+00
    4.9550000000e+04    6.4775971072e-01
    4.9600000000e+04    5.7936237019e-01
    4.9650000000e+04    6.0642411556e-01
    4.9700000000e+04    7.9383706165e-01
    4.9750000000e+04    7.8583594532e-01
    4.9800000000e+04    6.9387453032e-01
    4.9850000000e+04    8.1167220090e-01
    4.9900000000e+04    6.9390188614e-01
    4.9950000000e+04    5.8640643663e-01
    5.0000000000e+04    6.4416889590e-01
    5.0050000000e+04    5.8538100491e-01
    5.0100000000e+04    8.3414691985e-01
    5.0150000000e+04    1.1409808408e+00
    5.0200000000e+04    6.0031680747e-01
    5.0250000000e+04    4.8306699171e-01
    5.0300000000e+04    5.7604315982e-01
    5.0350000000e+04    7.9800825335e-01
    5.0400000000e+04    6.5244299374e-01
    5.0450000000e+04    7.7477481986e-01
    5.0500000000e+04    5.7297728361e-01
    5.0550000000e+04    7.4780036628e-01
    5.0600000000e+04    9.3353797115e-01
    5.0650000000e+04    6.5571022981e-01
    5.0700000000e+04    6.2966060811e-01
    5.0750000000e+04    1.5166263562e+00
    5.0800000000e+04    8.2263858188e-01
    5.0850000000e+04    6.0089027374e-01
    5.0900000000e+04    1.0592423095e+00
    5.0950000000e+04    1.2518538655e+00
    5.1000000000e+04    5.2673662661e-01
    5.1050000000e+04    7.3832254673e-01
    5.1100000000e+04    9.2886622616e-01
    5.1150000000e+04    5.6549006272e-01
    5.1200000000e+04    1.0245604201e+00
    5.1250000000e+04    6.7646050196e-01
    5.1300000000e+04    6.4212171338e-01
    5.1350000000e+04    1.3109573221e+00
    5.1400000000e+04    6.8200819846e-01
    5.1450000000e+04    6.2465864749e-01
    5.1500000000e+04    8.0201499315e-01
    5.1550000000e+04    6.2126199004e-01
    5.1600000000e+04    5.5186687566e-01
    5.1650000000e+04    6.1758456809e-01
    5.1700000000e+04    6.7862973043e-01
    5.1750000000e+04    7.3474323350e-01
    5.1800000000e+04    5.5764923986e-01
    5.1850000000e+04    7.0813268200e-01
    5.1900000000e+04    6.6023753739e-01
    5.1950000000e+04    6.3666525235e-01
    5.2000000000e+04    9.8182440466e-01
    5.2050000000e+04    1.1008565669e+00
    5.2100000000e+04    6.7072370945e-01
    5.2150000000e+04    6.7719793708e-01
    5.2200000000e+04    6.3832164500e-01
    5.2250000000e+04    1.0335736847e+00
    5.2300000000e+04    6.5747953536e-01
    5.2350000000e+04    7.3204141716e-01
    5.2400000000e+04    7.0638155533e-01
    5.2450000000e+04    5.8449980237e-01
    5.2500000000e+04    5.2498987067e-01
    5.2550000000e+04    6.3858876935e-01
    5.2600000000e+04    5.9286458827e-01
    5.2650000000e+04    7.3582484366e-01
    5.2700000000e+04    7.6948959908e-01
    5.2750000000e+04    7.9900575346e-01
    5.2800000000e+04    6.8780771212e-01
    5.2850000000e+04    6.0771439945e-01
    5.2900000000e+04    7.8575401815e-01
    5.2950000000e+04    1.5034824471e+00
    5.3000000000e+04    1.7019024362e+00
    5.3050000000e+04    1.5980249696e+00
    5.3100000000e+04    1.5512468749e+00
    5.3150000000e+04    1.5227975852e+00
    5.3200000000e+04    1.7226286055e+00
    5.3250000000e+04    1.7148939347e+00
    5.3300000000e+04    1.7414003043e+00
    5.3350000000e+04    1.4554196223e+00
    5.3400000000e+04    1.4676387539e+00
    5.3450000000e+04    1.6491019488e+00
    5.3500000000e+04    1.4677937675e+00
    5.3550000000e+04    1.5539962151e+00
    5.3600000000e+04    1.6079108431e+00
    5.3650000000e+04    1.6791070312e+00
    5.3700000000e+04    1.6627952556e+00
    5.3750000000e+04    1.6080964548e+00
    5.3800000000e+04    1.4998664934e+00
    5.3850000000e+04    1.6068768738e+00
    5.3900000000e+04    1.5575307971e+00
    5.3950000000e+04    1.4322919630e+00
    5.4000000000e+04    1.6734353366e+00
    5.4050000000e+04    1.7924221498e+00
    5.4100000000e+04    1.7189999133e+00
    5.4150000000e+04    1.8816405013e+00
    5.4200000000e+04    1.8721299234e+00
    5.4250000000e+04    1.7375416366e+00
    5.4300000000e+04    1.7499179503e+00
    5.4350000000e+04    1.6291466567e+00
    5.4400000000e+04    1.7425069360e+00
    5.4450000000e+04    1.7699408172e+00
    5.4500000000e+04    1.6419943563e+00
    5.4550000000e+04    1.5511956425e+00
    5.4600000000e+04    1.6632190762e+00
    5.4650000000e+04    1.5943102181e+00
    5.4700000000e+04    1.6154497154e+00
    5.4750000000e+04    1.6520287443e+00
    5.4800000000e+04    1.7258571872e+00
    5.4850000000e+04    1.5879818549e+00
    5.4900000000e+04    1.2966085898e+00
    5.4950000000e+04    1.5368161485e+00
    5.5000000000e+04    1.6021443841e+00
    5.5050000000e+04    1.5701960141e+00
    5.5100000000e+04    1.4721199030e+00
    5.5150000000e+04    1.4996044344e+00
    5.5200000000e+04    1.5903061970e+00
    5.5250000000e+04    1.5179624383e+00
    5.5300000000e+04    1.3900871373e+00
    5.5350000000e+04    1.6534529915e+00
    5.5400000000e+04    1.5308987971e+00
    5.5450000000e+04    1.5333350837e+00
    5.5500000000e+04    1.6340157122e+00
    5.5550000000e+04    1.6487357069e+00
    5.5600000000e+04    1.6145049746e+00
    5.5650000000e+04    1.5828524112e+00
    5.5700000000e+04    1.5119059376e+00
    5.5750000000e+04    1.5090601602e+00
    5.5800000000e+04    1.4407297699e+00
    5.5850000000e+04    1.4693901136e+00
    5.5900000000e+04    1.4630284526e+00
    5.5950000000e+04    1.6461342387e+00
    5.6000000000e+04    1.6520929265e+00
    5.6050000000e+04    1.6643559933e+00
    5.6100000000e+04    1.6759538972e+00
    5.6150000000e+04    1.6083194725e+00
    5.6200000000e+04    1.4887490598e+00
    5.6250000000e+04    1.4907020993e+00
    5.6300000000e+04    1.5276004233e+00
    5.6350000000e+04    1.5174343896e+00
    5.6400000000e+04    1.5811442502e+00
    5.6450000000e+04    1.5638699122e+00
    5.6500000000e+04    1.7155692162e+00
    5.6550000000e+04    1.6168416249e+00
    5.6600000000e+04    1.6576185512e+00
    5.6650000000e+04    1.5459602311e+00
    5.6700000000e+04    1.6425967266e+00
    5.6750000000e+04    1.6183785381e+00
    5.6800000000e+04    1.6161626630e+00
    5.6850000000e+04    1.6184782004e+00
    5.6900000000e+04    1.5812185651e+00
    5.6950000000e+04    1.6449302276e+00
    5.7000000000e+04    1.5599290620e+00
    5.7050000000e+04    1.6507175538e+00
    5.7100000000e+04    1.6689208911e+00
    5.7150000000e+04    1.6343390816e+00
    5.7200000000e+04    1.6303386609e+00
    5.7250000000e+04    1.6774574401e+00
    5.7300000000e+04    1.6879992185e+00
    5.7350000000e+04    1.6963443558e+00
    5.7400000000e+04    1.7087328202e+00
    5.7450000000e+04    1.6076306962e+00
    5.7500000000e+04    1.7678682897e+00
    5.7550000000e+04    1.7377769923e+00
    5.7600000000e+04    1.6719500451e+00
    5.7650000000e+04    1.7366503843e+00
    5.7700000000e+04    1.7904181666e+00
    5.7750000000e+04    1.8076024772e+00
    5.7800000000e+04    1.6185945511e+00
    5.7850000000e+04    1.6118698055e+00
    5.7900000000e+04    1.7346267144e+00
    5.7950000000e+04    1.7159743864e+00
    5.8000000000e+04    1.6475235957e+00
    5.8050000000e+04    1.6614283637e+00
    5.8100000000e+04    1.6815842869e+00
    5.8150000000e+04    1.7576192277e+00
    5.8200000000e+04    1.7061029439e+00
    5.8250000000e+04    1.7698967634e+00
    5.8300000000e+04    1.8181311464e+00
    5.8350000000e+04    1.6973745675e+00
    5.8400000000e+04    1.6530706898e+00
    5.8450000000e+04    1.5082945860e+00
    5.8500000000e+04    1.5285135745e+00
    5.8550000000e+04    1.4691953423e+00
    5.8600000000e+04    1.6797963045e+00
    5.8650000000e+04    1.4558708984e+00
    5.8700000000e+04    1.3900585099e+00
    5.8750000000e+04    1.6033792069e+00
    5.8800000000e+04    1.4640987479e+00
    5.8850000000e+04    1.3359504930e+00
    5.8900000000e+04    1.5535375363e+00
    5.8950000000e+04    1.6576512898e+00
    5.9000000000e+04    1.5276138421e+00
    5.9050000000e+04    1.6495539800e+00
    5.9100000000e+04    1.6866112002e+00
    5.9150000000e+04    1.1691700139e+00
    5.9200000000e+04    1.6559480898e+00
    5.9250000000e+04    1.6460563497e+00
    5.9300000000e+04    1.5618815142e+00
    5.9350000000e+04    1.5084432519e+00
    5.9400000000e+04    1.4567492920e+00
    5.9450000000e+04    1.5501197453e+00
    5.9500000000e+04    1.5893091018e+00
    5.9550000000e+04    1.6782241111e+00
    5.9600000000e+04    1.6261591844e+00
    5.9650000000e+04    1.5075777228e+00
    5.9700000000e+04    1.5050657036e+00
    5.9750000000e+04    1.6419348312e+00
    5.9800000000e+04    1.6156166190e+00
    5.9850000000e+04    1.6736674057e+00
    5.9900000000e+04    1.6943326813e+00
    5.9950000000e+04    1.6048433657e+00
    6.0000000000e+04    1.5966286582e+00
    6.0050000000e+04    1.6660976677e+00
    6.0100000000e+04    1.6362103094e+00
    6.0150000000e+04    1.4634193525e+00
    6.0200000000e+04    1.7042442750e+00
    6.0250000000e+04    1.6314724383e+00
    6.0300000000e+04    1.5354691017e+00
    6.0350000000e+04    1.6102131592e+00
    6.0400000000e+04    1.7175409347e+00
    6.0450000000e+04    1.7274638260e+00
    6.0500000000e+04    1.5246612919e+00
    6.0550000000e+04    1.5412974037e+00
    6.0600000000e+04    1.6034168385e+00
    6.0650000000e+04    1.4599726350e+00
    6.0700000000e+04    1.5273449638e+00
    6.0750000000e+04    1.4182894111e+00
    6.0800000000e+04    1.4367987651e+00
    6.0850000000e+04    1.4639584391e+00
    6.0900000000e+04    1.5222600488e+00
    6.0950000000e+04    1.7861387325e+00
    6.1000000000e+04    1.6839503541e+00
    6.1050000000e+04    1.5496963004e+00
    6.1100000000e+04    1.3131342872e+00
    6.1150000000e+04    1.5050844115e+00
    6.1200000000e+04    1.6678229684e+00
    6.1250000000e+04    1.6261554688e+00
    6.1300000000e+04    1.6531712765e+00
    6.1350000000e+04    1.6883479994e+00
    6.1400000000e+04    1.3579821660e+00
    6.1450000000e+04    1.5780896226e+00
    6.1500000000e+04    1.5999249293e+00
    6.1550000000e+04    1.6429844141e+00
    6.1600000000e+04    1.5781273518e+00
    6.1650000000e+04    1.6407267267e+00
    6.1700000000e+04    1.6469811071e+00
    6.1750000000e+04    1.6766482215e+00
    6.1800000000e+04    1.6152070093e+00
    6.1850000000e+04    1.6626132708e+00
    6.1900000000e+04    1.7864680530e+00
    6.1950000000e+04    1.7659572941e+00
    6.2000000000e+04    1.6763218253e+00
    6.2050000000e+04    1.5802208703e+00
    6.2100000000e+04    1.7168902481e+00
    6.2150000000e+04    1.6244682096e+00
    6.2200000000e+04    1.4888069020e+00
    6.2250000000e+04    1.6657438994e+00
    6.2300000000e+04    1.6461686633e+00
    6.2350000000e+04    1.6772815505e+00
    6.2400000000e+04    1.5897649787e+00
    6.2450000000e+04    1.6589684568e+00
    6.2500000000e+04    1.8034440740e+00
    6.2550000000e+04    1.7515629235e+00
    6.2600000000e+04    1.6615296267e+00
    6.2650000000e+04    1.4716277319e+00
    6.2700000000e+04    1.4316026614e+00
    6.2750000000e+04    1.5460372071e+00
    6.2800000000e+04    1.6381464787e+00
    6.2850000000e+04    1.3593621210e+00
    6.2900000000e+04    1.3025012614e+00
    6.2950000000e+04    1.3464130056e+00
    6.3000000000e+04    1.3311837558e+00
    6.3050000000e+04    1.3325926077e+00
    6.3100000000e+04    1.4401036365e+00
    6.3150000000e+04    1.5279315281e+00
    6.3200000000e+04    1.4398623193e+00
    6.3250000000e+04    1.5982563829e+00
    6.3300000000e+04    1.4636511567e+00
    6.3350000000e+04    1.5657177315e+00
    6.3400000000e+04    1.6169090346e+00
    6.3450000000e+04    1.7465090839e+00
    6.3500000000e+04    1.5881649656e+00
    6.3550000000e+04    1.4523928779e+00
    6.3600000000e+04    1.6221423738e+00
    6.3650000000e+04    1.5166054092e+00
    6.3700000000e+04    1.4851497246e+00
    6.3750000000e+04    1.4927073035e+00
    6.3800000000e+04    1.4475446459e+00
    6.3850000000e+04    1.5083968690e+00
    6.3900000000e+04    1.5141307506e+00
    6.3950000000e+04    1.5277947495e+00
    6.4000000000e+04    1.2884596343e+00
    6.4050000000e+04    1.6111239205e+00
    6.4100000000e+04    1.6208621345e+00
    6.4150000000e+04    1.5423838981e+00
    6.4200000000e+04    1.7256593103e+00
    6.4250000000e+04    1.5322503116e+00
    6.4300000000e+04    1.5433517633e+00
    6.4350000000e+04    1.6097239179e+00
    6.4400000000e+04    1.4174458771e+00
    6.4450000000e+04    1.3148323005e+00
    6.4500000000e+04    1.4740470168e+00
    6.4550000000e+04    1.6128877678e+00
    6.4600000000e+04    1.4727370461e+00
    6.4650000000e+04    1.6443337129e+00
    6.4700000000e+04    1.7199897038e+00
    6.4750000000e+04    1.7767881510e+00
    6.4800000000e+04    1.7760459715e+00
    6.4850000000e+04    1.8640464722e+00
    6.4900000000e+04    1.6502893193e+00
    6.4950000000e+04    1.6864290855e+00
    6.5000000000e+04    1.3037833495e+00
    6.5050000000e+04    1.7244572732e+00
    6.5100000000e+04    1.5961876673e+00
    6.5150000000e+04    1.7493846822e+00
    6.5200000000e+04    1.8404655929e+00
    6.5250000000e+04    1.7990634392e+00
    6.5300000000e+04    1.9272121396e+00
    6.5350000000e+04    1.8080802656e+00
    6.5400000000e+04    1.5242500481e+00
    6.5450000000e+04    1.6459831569e+00
    6.5500000000e+04    1.6988419106e+00
    6.5550000000e+04    1.7656059915e+00
    6.5600000000e+04    1.7674680168e+00
    6.5650000000e+04    1.7330504478e+00
    6.5700000000e+04    1.7246728140e+00
    6.5750000000e+04    1.8493470135e+00
    6.5800000000e+04    1.7661857935e+00
    6.5850000000e+04    1.6973237553e+00
    6.5900000000e+04    1.7391112202e+00
    6.5950000000e+04    1.8231243543e+00
    6.6000000000e+04    1.7749257713e+00
    6.6050000000e+04    1.4922698286e+00
    6.6100000000e+04    1.4436790549e+00
    6.6150000000e+04    1.3952468806e+00
    6.6200000000e+04    1.4165434376e+00
    6.6250000000e+04    1.4059222414e+00
    6.6300000000e+04    1.3187954515e+00
    6.6350000000e+04    1.4279383364e+00
    6.6400000000e+04    1.3258314831e+00
    6.6450000000e+04    1.2809586493e+00
    6.6500000000e+04    1.4411596734e+00
    6.6550000000e+04    1.6398836255e+00
    6.6600000000e+04    1.6631325674e+00
    6.6650000000e+04    1.4791650800e+00
    6.6700000000e+04    1.0740770601e+00
    6.6750000000e+04    1.4857230430e+00
    6.6800000000e+04    1.6635874918e+00
    6.6850000000e+04    1.6852095852e+00
    6.6900000000e+04    1.7200968434e+00
    6.6950000000e+04    1.5899912378e+00
    6.7000000000e+04    1.7724074555e+00
    6.7050000000e+04    1.8572479443e+00
    6.7100000000e+04    1.7375510455e+00
    6.7150000000e+04    1.6419221073e+00
    6.7200000000e+04    1.4254680097e+00
    6.7250000000e+04    1.5463075351e+00
    6.7300000000e+04    1.5001116180e+00
    6.7350000000e+04    1.6329350502e+00
    6.7400000000e+04    1.7549851037e+00
    6.7450000000e+04    1.7495311646e+00
    6.7500000000e+04    1.5775121279e+00
    6.7550000000e+04    1.5821371783e+00
    6.7600000000e+04    1.8009478436e+00
    6.7650000000e+04    1.7789428484e+00
    6.7700000000e+04    1.7608402981e+00
    6.7750000000e+04    1.6586087348e+00
    6.7800000000e+04    1.4898948267e+00
    6.7850000000e+04    1.6588804492e+00
    6.7900000000e+04    1.7705670420e+00
    6.7950000000e+04    1.6085054449e+00
    6.8000000000e+04    1.6201523198e+00
    6.8050000000e+04    1.6898752984e+00
    6.8100000000e+04    1.4512131845e+00
    6.8150000000e+04    1.3404584177e+00
    6.8200000000e+04    1.3919322759e+00
    6.8250000000e+04    1.5166635826e+00
    6.8300000000e+04    1.2212874881e+00
    6.8350000000e+04    1.2076765466e+00
    6.8400000000e+04    1.4275566394e+00
    6.8450000000e+04    1.6110353993e+00
    6.8500000000e+04    1.1714494883e+00
    6.8550000000e+04    1.3289901552e+00
    6.8600000000e+04    1.5156212306e+00
    6.8650000000e+04    1.5529268649e+00
    6.8700000000e+04    1.4798602278e+00
    6.8750000000e+04    1.7107864769e+00
    6.8800000000e+04    1.6388513703e+00
    6.8850000000e+04    1.5926981515e+00
    6.8900000000e+04    1.5298620200e+00
    6.8950000000e+04    1.6858727396e+00
    6.9000000000e+04    1.4136459588e+00
    6.9050000000e+04    1.7065763987e+00
    6.9100000000e+04    1.6664606899e+00
    6.9150000000e+04    1.5389976960e+00
    6.9200000000e+04    1.7384163591e+00
    6.9250000000e+04    1.7715583185e+00
    6.9300000000e+04    1.7328366897e+00
    6.9350000000e+04    1.6239739012e+00
    6.9400000000e+04    1.6621475796e+00
    6.9450000000e+04    1.6065127436e+00
    6.9500000000e+04    1.6183966059e+00
    6.9550000000e+04    1.5296271214e+00
    6.9600000000e+04    1.3520064503e+00
    6.9650000000e+04    1.4588250600e+00
    6.9700000000e+04    1.3738864736e+00
    6.9750000000e+04    1.5158837702e+00
    6.9800000000e+04    1.4565947421e+00
    6.9850000000e+04    1.5476997893e+00
    6.9900000000e+04    1.4787346715e+00
    6.9950000000e+04    1.5510343066e+00
    7.0000000000e+04    1.5563571879e+00
    7.0050000000e+04    1.6908662607e+00
    7.0100000000e+04    1.5878653029e+00
    7.0150000000e+04    1.6245888838e+00
    7.0200000000e+04    1.7015555984e+00
    7.0250000000e+04    1.5312113779e+00
    7.0300000000e+04    1.3653792426e+00
    7.0350000000e+04    1.2638917751e+00
    7.0400000000e+04    1.3595570966e+00
    7.0450000000e+04    1.4661925538e+00
    7.0500000000e+04    1.4493618678e+00
    7.0550000000e+04    1.2767032475e+00
    7.0600000000e+04    1.3575315894e+00
    7.0650000000e+04    1.2530072231e+00
    7.0700000000e+04    1.3637320090e+00
    7.0750000000e+04    1.1783046317e+00
    7.0800000000e+04    1.3593335461e+00
    7.0850000000e+04    1.4818671465e+00
    7.0900000000e+04    1.4310245799e+00
    7.0950000000e+04    1.3319971126e+00
    7.1000000000e+04    1.4326764448e+00
    7.1050000000e+04    1.5453032555e+00
    7.1100000000e+04    1.4598207974e+00
    7.1150000000e+04    1.6762416957e+00
    7.1200000000e+04    1.5891258865e+00
    7.1250000000e+04    1.6728246392e+00
    7.1300000000e+04    1.5890179015e+00
    7.1350000000e+04    1.5473456378e+00
    7.1400000000e+04    1.3380648965e+00
    7.1450000000e+04    1.4031512421e+00
    7.1500000000e+04    1.5357046274e+00
    7.1550000000e+04    1.6297602518e+00
    7.1600000000e+04    1.6983460821e+00
    7.1650000000e+04    1.8949313495e+00
    7.1700000000e+04    1.8904855043e+00
    7.1750000000e+04    1.8039663696e+00
    7.1800000000e+04    1.7488320245e+00
    7.1850000000e+04    1.7605579434e+00
    7.1900000000e+04    1.5978374163e+00
    7.1950000000e+04    1.7451860357e+00
    7.2000000000e+04    1.8601473171e+00
    7.2050000000e+04    1.7593890431e+00
    7.2100000000e+04    1.6280323131e+00
    7.2150000000e+04    1.7625105415e+00
    7.2200000000e+04    1.6291232771e+00
    7.2250000000e+04    1.6184710857e+00
    7.2300000000e+04    1.7762775323e+00
    7.2350000000e+04    1.7833142398e+00
    7.2400000000e+04    1.5798915331e+00
    7.2450000000e+04    1.8225525463e+00
    7.2500000000e+04    1.8335245021e+00
    7.2550000000e+04    1.6780725028e+00
    7.2600000000e+04    1.5189049030e+00
    7.2650000000e+04    1.7128208724e+00
    7.2700000000e+04    1.4984381586e+00
    7.2750000000e+04    1.5773087563e+00
    7.2800000000e+04    1.5305705669e+00
    7.2850000000e+04    1.4551102452e+00
    7.2900000000e+04    1.4367481748e+00
    7.2950000000e+04    1.5962095131e+00
    7.3000000000e+04    1.6333376961e+00
    7.3050000000e+04    1.5336569896e+00
    7.3100000000e+04    1.4832411889e+00
    7.3150000000e+04    1.4659958406e+00
    7.3200000000e+04    1.5770840193e+00
    7.3250000000e+04    1.7052695071e+00
    7.3300000000e+04    1.6620249425e+00
    7.3350000000e+04    1.3406247033e+00
    7.3400000000e+04    1.5123520790e+00
    7.3450000000e+04    1.4219662477e+00
    7.3500000000e+04    1.4534614610e+00
    7.3550000000e+04    1.5268991942e+00
    7.3600000000e+04    1.5742642621e+00
    7.3650000000e+04    1.6059434939e+00
    7.3700000000e+04    1.5760357686e+00
    7.3750000000e+04    1.4658050414e+00
    7.3800000000e+04    1.6040923059e+00
    7.3850000000e+04    1.5036985217e+00
    7.3900000000e+04    1.5216709707e+00
    7.3950000000e+04    1.7630915402e+00
    7.4000000000e+04    1.5752035510e+00
    7.4050000000e+04    1.4754602129e+00
    7.4100000000e+04    1.4519269248e+00
    7.4150000000e+04    1.4114515723e+00
    7.4200000000e+04    1.5570546080e+00
    7.4250000000e+04    1.6639198800e+00
    7.4300000000e+04    1.7213436118e+00
    7.4350000000e+04    1.8522890009e+00
    7.4400000000e+04    1.6808943559e+00
    7.4450000000e+04    1.6496180874e+00
    7.4500000000e+04    1.7255259211e+00
    7.4550000000e+04    1.7253411710e+00
    7.4600000000e+04    1.6039537552e+00
    7.4650000000e+04    1.7481779313e+00
    7.4700000000e+04    1.6970385986e+00
    7.4750000000e+04    1.6066837114e+00
    7.4800000000e+04    1.1859046295e+00
    7.4850000000e+04    1.6288759448e+00
    7.4900000000e+04    1.4979930561e+00
    7.4950000000e+04    1.5774207239e+00
    7.5000000000e+04    1.6110224144e+00
    7.5050000000e+04    1.7163146301e+00
    7.5100000000e+04    1.4469318900e+00
    7.5150000000e+04    1.5804320379e+00
    7.5200000000e+04    1.5956949354e+00
    7.5250000000e+04    1.6983432991e+00
    7.5300000000e+04    1.6725787097e+00
    7.5350000000e+04    1.6856550453e+00
    7.5400000000e+04    1.6897459488e+00
    7.5450000000e+04    1.7790280268e+00
    7.5500000000e+04    1.5258855042e+00
    7.5550000000e+04    1.4713823375e+00
    7.5600000000e+04    1.6265424361e+00
    7.5650000000e+04    1.5142044992e+00
    7.5700000000e+04    1.6697330818e+00
    7.5750000000e+04    1.7429170156e+00
    7.5800000000e+04    1.7895519673e+00
    7.5850000000e+04    1.6794922693e+00
    7.5900000000e+04    1.6373499908e+00
    7.5950000000e+04    1.5738844408e+00
    7.6000000000e+04    1.5348428955e+00
    7.6050000000e+04    1.5855105170e+00
    7.6100000000e+04    1.6753963741e+00
    7.6150000000e+04    1.4806051708e+00
    7.6200000000e+04    1.5938933233e+00
    7.6250000000e+04    1.6472448232e+00
    7.6300000000e+04    1.4581642871e+00
    7.6350000000e+04    1.4570212141e+00
    7.6400000000e+04    1.3742754945e+00
    7.6450000000e+04    1.4338002443e+00
    7.6500000000e+04    1.3911767030e+00
    7.6550000000e+04    1.3688582256e+00
    7.6600000000e+04    1.3431390526e+00
    7.6650000000e+04    1.3866593013e+00
    7.6700000000e+04    1.0310537777e+00
    7.6750000000e+04    1.3187517467e+00
    7.6800000000e+04    1.6144680867e+00
    7.6850000000e+04    1.6599622313e+00
    7.6900000000e+04    1.5729564072e+00
    7.6950000000e+04    1.5941491306e+00
    7.7000000000e+04    1.6218429857e+00
    7.7050000000e+04    1.6437745308e+00
    7.7100000000e+04    1.6542374181e+00
    7.7150000000e+04    1.5377678680e+00
    7.7200000000e+04    1.6275076331e+00
    7.7250000000e+04    1.6793060821e+00
    7.7300000000e+04    1.6557081340e+00
    7.7350000000e+04    1.5696350789e+00
    7.7400000000e+04    1.4621330160e+00
    7.7450000000e+04    1.5259084281e+00
    7.7500000000e+04    1.4063704741e+00
    7.7550000000e+04    1.3146522182e+00
    7.7600000000e+04    1.1701247837e+00
    7.7650000000e+04    1.3990539562e+00
    7.7700000000e+04    1.3203357403e+00
    7.7750000000e+04    1.4969356757e+00
    7.7800000000e+04    1.5239069533e+00
    7.7850000000e+04    1.5703451731e+00
    7.7900000000e+04    1.4530707476e+00
    7.7950000000e+04    1.6407491176e+00
    7.8000000000e+04    1.7671410325e+00
    7.8050000000e+04    1.7426636800e+00
    7.8100000000e+04    1.6042104210e+00
    7.8150000000e+04    1.6388186012e+00
    7.8200000000e+04    1.5698487234e+00
    7.8250000000e+04    1.4518239807e+00
    7.8300000000e+04    1.5071057957e+00
    7.8350000000e+04    1.7585022540e+00
    7.8400000000e+04    1.8810525084e+00
    7.8450000000e+04    1.4250697661e+00
    7.8500000000e+04    1.7465209622e+00
    7.8550000000e+04    1.5200633971e+00
    7.8600000000e+04    1.5951945182e+00
    7.8650000000e+04    1.6234003746e+00
    7.8700000000e+04    1.7415177813e+00
    7.8750000000e+04    1.6323254331e+00
    7.8800000000e+04    1.3872139654e+00
    7.8850000000e+04    1.6014215507e+00
    7.8900000000e+04    1.5252560611e+00
    7.8950000000e+04    1.5005092059e+00
    7.9000000000e+04    1.2467438354e+00
    7.9050000000e+04    1.5022248105e+00
    7.9100000000e+04    1.4356924715e+00
    7.9150000000e+04    1.3074982669e+00
    7.9200000000e+04    1.5139520508e+00
    7.9250000000e+04    1.5390747789e+00
    7.9300000000e+04    1.5050636995e+00
    7.9350000000e+04    1.6333227263e+00
    7.9400000000e+04    1.6253855572e+00
    7.9450000000e+04    1.6157453912e+00
    7.9500000000e+04    1.5231708683e+00
    7.9550000000e+04    1.5250756976e+00
    7.9600000000e+04    1.5675457061e+00
    7.9650000000e+04    1.3815766538e+00
    7.9700000000e+04    1.4499486182e+00
    7.9750000000e+04    1.5290914019e+00
    7.9800000000e+04    1.3874811168e+00
    7.9850000000e+04    1.4652240091e+00
    7.9900000000e+04    1.4287864906e+00
    7.9950000000e+04    1.5883546137e+00
    8.0000000000e+04    1.6445561921e+00
    8.0050000000e+04    1.6923000581e+00
    8.0100000000e+04    1.7026558537e+00
    8.0150000000e+04    1.6160658155e+00
    8.0200000000e+04    1.6700472069e+00
    8.0250000000e+04    1.5895339502e+00
    8.0300000000e+04    1.5721910884e+00
    8.0350000000e+04    1.7046965734e+00
    8.0400000000e+04    1.5718331301e+00
    8.0450000000e+04    1.5067799278e+00
    8.0500000000e+04    1.6584693350e+00
    8.0550000000e+04    1.6449202995e+00
    8.0600000000e+04    1.7341038365e+00
    8.0650000000e+04    1.5891944583e+00
    8.0700000000e+04    1.7394089904e+00
    8.0750000000e+04    1.8224637243e+00
    8.0800000000e+04    1.7033715464e+00
    8.0850000000e+04    1.5711689157e+00
    8.0900000000e+04    1.6155128248e+00
    8.0950000000e+04    1.5948375690e+00
    8.1000000000e+04    1.7191961702e+00
    8.1050000000e+04    1.6472943643e+00
    8.1100000000e+04    1.5157186405e+00
    8.1150000000e+04    1.5296319909e+00
    8.1200000000e+04    1.5216442830e+00
    8.1250000000e+04    1.5908592470e+00
    8.1300000000e+04    1.5373863035e+00
    8.1350000000e+04    1.3567161382e+00
    8.1400000000e+04    1.4025638019e+00
    8.1450000000e+04    1.5612060793e+00
    8.1500000000e+04    1.5071641631e+00
    8.1550000000e+04    1.5517668558e+00
    8.1600000000e+04    1.6756021675e+00
    8.1650000000e+04    1.6329844941e+00
    8.1700000000e+04    1.4519739110e+00
    8.1750000000e+04    1.4087260723e+00
    8.1800000000e+04    1.5619726410e+00
    8.1850000000e+04    1.7745243868e+00
    8.1900000000e+04    1.7568811296e+00
    8.1950000000e+04    1.6090800301e+00
    8.2000000000e+04    1.5192465860e+00
    8.2050000000e+04    1.7284978966e+00
    8.2100000000e+04    1.6539939058e+00
    8.2150000000e+04    1.5133557769e+00
    8.2200000000e+04    1.6998532493e+00
    8.2250000000e+04    1.7903975569e+00
    8.2300000000e+04    1.6190886656e+00
    8.2350000000e+04    1.5170680366e+00
    8.2400000000e+04    1.6923479276e+00
    8.2450000000e+04    1.6365994344e+00
    8.2500000000e+04    1.5590315755e+00
    8.2550000000e+04    1.5881775505e+00
    8.2600000000e+04    1.5188986046e+00
    8.2650000000e+04    1.6922415432e+00
    8.2700000000e+04    1.6679041137e+00
    8.2750000000e+04    1.5369583761e+00
    8.2800000000e+04    1.5967178853e+00
    8.2850000000e+04    1.6046842816e+00
    8.2900000000e+04    1.6995621557e+00
    8.2950000000e+04    1.5738830126e+00
    8.3000000000e+04    1.5756353843e+00
    8.3050000000e+04    1.6113285466e+00
    8.3100000000e+04    1.7587812946e+00
    8.3150000000e+04    1.7750431019e+00
    8.3200000000e+04    1.7662674115e+00
    8.3250000000e+04    1.6785657754e+00
    8.3300000000e+04    1.6235535071e+00
    8.3350000000e+04    1.6453711862e+00
    8.3400000000e+04    1.6296129063e+00
    8.3450000000e+04    1.6679799461e+00
    8.3500000000e+04    1.6171873007e+00
    8.3550000000e+04    1.5661764261e+00
    8.3600000000e+04    1.6625780115e+00
    8.3650000000e+04    1.6309093259e+00
    8.3700000000e+04    1.4505802676e+00
    8.3750000000e+04    1.5526526796e+00
    8.3800000000e+04    1.7210174188e+00
    8.3850000000e+04    1.7253495350e+00
    8.3900000000e+04    1.8802666916e+00
    8.3950000000e+04    1.8527156163e+00
    8.4000000000e+04    1.7908935702e+00
    8.4050000000e+04    1.6630320240e+00
    8.4100000000e+04    1.6525607964e+00
    8.4150000000e+04    1.6269359221e+00
    8.4200000000e+04    1.7779806450e+00
    8.4250000000e+04    1.7753834743e+00
    8.4300000000e+04    1.7294658724e+00
    8.4350000000e+04    1.4611383655e+00
    8.4400000000e+04    1.8075950200e+00
    8.4450000000e+04    1.8244436125e+00
    8.4500000000e+04    1.7093325506e+00
    8.4550000000e+04    1.3763320617e+00
    8.4600000000e+04    1.5520751116e+00
    8.4650000000e+04    1.6506166998e+00
    8.4700000000e+04    1.7270474369e+00
    8.4750000000e+04    1.7316078432e+00
    8.4800000000e+04    1.6904652228e+00
    8.4850000000e+04    1.7726491115e+00
    8.4900000000e+04    1.6696151423e+00
    8.4950000000e+04    1.6962542562e+00
    8.5000000000e+04    1.5520281061e+00
    8.5050000000e+04    1.6313889650e+00
    8.5100000000e+04    1.5577987736e+00
    8.5150000000e+04    1.4734796423e+00
    8.5200000000e+04    1.5316372712e+00
    8.5250000000e+04    1.6250907131e+00
    8.5300000000e+04    1.7031673161e+00
    8.5350000000e+04    1.6201806951e+00
    8.5400000000e+04    1.6843880183e+00
    8.5450000000e+04    1.5227247280e+00
    8.5500000000e+04    1.6691914099e+00
    8.5550000000e+04    1.5369437638e+00
    8.5600000000e+04    1.4581827165e+00
    8.5650000000e+04    1.6816957204e+00
    8.5700000000e+04    1.5714493375e+00
    8.5750000000e+04    1.6968886658e+00
    8.5800000000e+04    1.6212411602e+00
    8.5850000000e+04    1.5146833820e+00
    8.5900000000e+04    1.6275232276e+00
    8.5950000000e+04    1.5257663315e+00
    8.6000000000e+04    1.7024793097e+00
    8.6050000000e+04    1.7492017999e+00
    8.6100000000e+04    1.5692991798e+00
    8.6150000000e+04    1.6001253857e+00
    8.6200000000e+04    1.4399515411e+00
    8.6250000000e+04    1.4880768731e+00
    8.6300000000e+04    1.6893045183e+00
    8.6350000000e+04    1.7894670263e+00
    8.6400000000e+04    1.7536929401e+00
    8.6450000000e+04    1.5027422573e+00
    8.6500000000e+04    1.4449312057e+00
    8.6550000000e+04    1.6211326290e+00
    8.6600000000e+04    1.6059282831e+00
    8.6650000000e+04    1.5863741328e+00
    8.6700000000e+04    1.7459596831e+00
    8.6750000000e+04    1.7391065017e+00
    8.6800000000e+04    1.6458404030e+00
    8.6850000000e+04    1.5789041125e+00
    8.6900000000e+04    1.4699351578e+00
    8.6950000000e+04    1.7425912157e+00
    8.7000000000e+04    1.6143129451e+00
    8.7050000000e+04    1.7041396692e+00
    8.7100000000e+04    1.7461590993e+00
    8.7150000000e+04    1.7426501052e+00
    8.7200000000e+04    1.6889025165e+00
    8.7250000000e+04    1.6501726196e+00
    8.7300000000e+04    1.6238358181e+00
    8.7350000000e+04    1.5799032254e+00
    8.7400000000e+04    1.3378156730e+00
    8.7450000000e+04    1.3652685869e+00
    8.7500000000e+04    1.5575093178e+00
    8.7550000000e+04    1.5861618895e+00
    8.7600000000e+04    1.6668071629e+00
    8.7650000000e+04    1.8097647959e+00
    8.7700000000e+04    1.6933097894e+00
    8.7750000000e+04    1.7040573800e+00
    8.7800000000e+04    1.7249639346e+00
    8.7850000000e+04    1.7004668960e+00
    8.7900000000e+04    1.8412700309e+00
    8.7950000000e+04    1.7938017285e+00
    8.8000000000e+04    1.5880423782e+00
    8.8050000000e+04    1.6497211010e+00
    8.8100000000e+04    1.5815290099e+00
    8.8150000000e+04    1.6377213849e+00
    8.8200000000e+04    1.5619127566e+00
    8.8250000000e+04    1.7822168256e+00
    8.8300000000e+04    1.8641797699e+00
    8.8350000000e+04    1.7357074263e+00
    8.8400000000e+04    1.7024744565e+00
    8.8450000000e+04    1.7880399291e+00
    8.8500000000e+04    1.6728257437e+00
    8.8550000000e+04    1.6625104708e+00
    8.8600000000e+04    1.6655999322e+00
    8.8650000000e+04    1.5560391724e+00
    8.8700000000e+04    1.5681593561e+00
    8.8750000000e+04    1.6610076152e+00
    8.8800000000e+04    1.4521966175e+00
    8.8850000000e+04    1.6078121687e+00
    8.8900000000e+04    1.4325767124e+00
    8.8950000000e+04    1.6468972434e+00
    8.9000000000e+04    1.7513477921e+00
    8.9050000000e+04    1.7388811834e+00
    8.9100000000e+04    1.6623747015e+00
    8.9150000000e+04    1.6679389208e+00
    8.9200000000e+04    1.4618592971e+00
    8.9250000000e+04    1.5681967687e+00
    8.9300000000e+04    1.6519774906e+00
    8.9350000000e+04    1.5238075773e+00
    8.9400000000e+04    1.5259620726e+00
    8.9450000000e+04    1.6215679325e+00
    8.9500000000e+04    1.5663118352e+00
    8.9550000000e+04    1.5200032658e+00
    8.9600000000e+04    1.5505414834e+00
    8.9650000000e+04    1.5945791659e+00
    8.9700000000e+04    1.6436848705e+00
    8.9750000000e+04    1.7707967226e+00
    8.9800000000e+04    1.7356499400e+00
    8.9850000000e+04    1.6271413803e+00
    8.9900000000e+04    1.6663872353e+00
    8.9950000000e+04    1.7406581303e+00
    9.0000000000e+04    1.7942672898e+00
    9.0050000000e+04    1.8173674518e+00
    9.0100000000e+04    1.9825413109e+00
    9.0150000000e+04    1.6267873273e+00
    9.0200000000e+04    1.5706631812e+00
    9.0250000000e+04    1.7586266294e+00
    9.0300000000e+04    1.8453164319e+00
    9.0350000000e+04    1.3811155816e+00
    9.0400000000e+04    1.6111281931e+00
    9.0450000000e+04    1.8722779678e+00
    9.0500000000e+04    1.8422741981e+00
    9.0550000000e+04    1.4919495909e+00
    9.0600000000e+04    1.6044519190e+00
    9.0650000000e+04    1.6540492817e+00
    9.0700000000e+04    1.5487315005e+00
    9.0750000000e+04    1.5883809852e+00
    9.0800000000e+04    1.5101402971e+00
    9.0850000000e+04    1.4959587743e+00
    9.0900000000e+04    1.4245540126e+00
    9.0950000000e+04    1.7298620687e+00
    9.1000000000e+04    1.7278208429e+00
    9.1050000000e+04    1.4456699194e+00
    9.1100000000e+04    1.4249131708e+00
    9.1150000000e+04    1.5640923791e+00
    9.1200000000e+04    1.5415678173e+00
    9.1250000000e+04    1.3913840845e+00
    9.1300000000e+04    1.5916215125e+00
    9.1350000000e+04    1.6121411535e+00
    9.1400000000e+04    1.4429062768e+00
    9.1450000000e+04    1.3054522480e+00
    9.1500000000e+04    1.3908867606e+00
    9.1550000000e+04    1.5722290647e+00
    9.1600000000e+04    1.4441337720e+00
    9.1650000000e+04    1.4401289001e+00
    9.1700000000e+04    1.4482731410e+00
    9.1750000000e+04    1.5109421807e+00
    9.1800000000e+04    1.5274175369e+00
    9.1850000000e+04    1.3647800731e+00
    9.1900000000e+04    1.3635307044e+00
    9.1950000000e+04    1.5855295107e+00
    9.2000000000e+04    1.5266178424e+00
    9.2050000000e+04    1.4397750802e+00
    9.2100000000e+04    1.5239879081e+00
    9.2150000000e+04    1.6333555471e+00
    9.2200000000e+04    1.3898859344e+00
    9.2250000000e+04    1.3791141516e+00
    9.2300000000e+04    1.3685374486e+00
    9.2350000000e+04    1.6140682388e+00
    9.2400000000e+04    1.4889770259e+00
    9.2450000000e+04    1.5652533587e+00
    9.2500000000e+04    1.6927708345e+00
    9.2550000000e+04    1.6825156939e+00
    9.2600000000e+04    1.5959242371e+00
    9.2650000000e+04    1.4903555473e+00
    9.2700000000e+04    1.4691939568e+00
    9.2750000000e+04    1.6248288244e+00
    9.2800000000e+04    1.7126797047e+00
    9.2850000000e+04    1.6359247946e+00
    9.2900000000e+04    1.6888951340e+00
    9.2950000000e+04    1.7348220910e+00
    9.3000000000e+04    1.6446683364e+00
    9.3050000000e+04    1.7764132681e+00
    9.3100000000e+04    1.9154670020e+00
    9.3150000000e+04    1.6947014303e+00
    9.3200000000e+04    1.5211612983e+00
    9.3250000000e+04    1.4456022601e+00
    9.3300000000e+04    1.5774393375e+00
    9.3350000000e+04    1.5951065037e+00
    9.3400000000e+04    1.6798815558e+00
    9.3450000000e+04    1.6023398099e+00
    9.3500000000e+04    1.6797729428e+00
    9.3550000000e+04    1.5769589008e+00
    9.3600000000e+04    1.3355696783e+00
    9.3650000000e+04    1.3522549680e+00
    9.3700000000e+04    1.5249277075e+00
    9.3750000000e+04    1.3264266547e+00
    9.3800000000e+04    1.3996416098e+00
    9.3850000000e+04    1.4706282452e+00
    9.3900000000e+04    1.5280816134e+00
    9.3950000000e+04    1.5048972146e+00
    9.4000000000e+04    1.7611749668e+00
    9.4050000000e+04    1.5279972794e+00
    9.4100000000e+04    1.6842362202e+00
    9.4150000000e+04    1.3301286301e+00
    9.4200000000e+04    1.1510735746e+00
    9.4250000000e+04    1.3357332054e+00
    9.4300000000e+04    1.4450416612e+00
    9.4350000000e+04    1.5434678763e+00
    9.4400000000e+04    1.4024638943e+00
    9.4450000000e+04    1.6880154970e+00
    9.4500000000e+04    1.5547432358e+00
    9.4550000000e+04    1.5886207158e+00
    9.4600000000e+04    1.4538336661e+00
    9.4650000000e+04    1.4774646357e+00
    9.4700000000e+04    1.4995090401e+00
    9.4750000000e+04    1.5016365214e+00
    9.4800000000e+04    1.4954082459e+00
    9.4850000000e+04    1.5613548513e+00
    9.4900000000e+04    1.4443688558e+00
    9.4950000000e+04    1.3566363498e+00
    9.5000000000e+04    1.3617291937e+00
    9.5050000000e+04    1.4219409617e+00
    9.5100000000e+04    1.3445543379e+00
    9.5150000000e+04    1.5142740538e+00
    9.5200000000e+04    1.5221404495e+00
    9.5250000000e+04    1.5714119429e+00
    9.5300000000e+04    1.0433993457e+00
    9.5350000000e+04    8.9249460523e-01
    9.5400000000e+04    1.5728103547e+00
    9.5450000000e+04    1.5075775838e+00
    9.5500000000e+04    1.3404394257e+00
    9.5550000000e+04    1.3124616611e+00
    9.5600000000e+04    1.5058290771e+00
    9.5650000000e+04    1.5541839284e+00
    9.5700000000e+04    1.5213055041e+00
    9.5750000000e+04    1.6820575552e+00
    9.5800000000e+04    1.6007727606e+00
    9.5850000000e+04    1.3107494970e+00
    9.5900000000e+04    1.4205868898e+00
    9.5950000000e+04    1.5223867215e+00
    9.6000000000e+04    1.8202624650e+00
    9.6050000000e+04    1.9260988516e+00
    9.6100000000e+04    1.6210982263e+00
    9.6150000000e+04    1.4314207039e+00
    9.6200000000e+04    1.5366496523e+00
    9.6250000000e+04    1.5699094615e+00
    9.6300000000e+04    1.4488402893e+00
    9.6350000000e+04    1.6535152617e+00
    9.6400000000e+04    1.6189718733e+00
    9.6450000000e+04    1.2679889717e+00
    9.6500000000e+04    1.4564043216e+00
    9.6550000000e+04    1.6734586357e+00
    9.6600000000e+04    1.4549934039e+00
    9.6650000000e+04    1.5797748403e+00
    9.6700000000e+04    1.5608316777e+00
    9.6750000000e+04    1.4565721299e+00
    9.6800000000e+04    1.3951500833e+00
    9.6850000000e+04    1.3743261905e+00
    9.6900000000e+04    1.4798413810e+00
    9.6950000000e+04    1.4767918577e+00
    9.7000000000e+04    1.4082690576e+00
    9.7050000000e+04    1.5017515416e+00
    9.7100000000e+04    1.5731121177e+00
    9.7150000000e+04    1.5192757483e+00
    9.7200000000e+04    1.6122852256e+00
    9.7250000000e+04    1.4238700426e+00
    9.7300000000e+04    1.5458906117e+00
    9.7350000000e+04    1.3031507926e+00
    9.7400000000e+04    1.3035420104e+00
    9.7450000000e+04    1.2492222066e+00
    9.7500000000e+04    1.3515979847e+00
    9.7550000000e+04    1.3863277420e+00
    9.7600000000e+04    1.5515463895e+00
    9.7650000000e+04    1.6975577095e+00
    9.7700000000e+04    1.6489669386e+00
    9.7750000000e+04    1.4316471858e+00
    9.7800000000e+04    1.5891482372e+00
    9.7850000000e+04    1.5580419630e+00
    9.7900000000e+04    1.4653223313e+00
    9.7950000000e+04    1.3264219979e+00
    9.8000000000e+04    1.3303734493e+00
    9.8050000000e+04    1.5994832284e+00
    9.8100000000e+04    1.5621527096e+00
    9.8150000000e+04    1.4741413365e+00
    9.8200000000e+04    1.5599844698e+00
    9.8250000000e+04    1.1279880789e+00
    9.8300000000e+04    1.5032137017e+00
    9.8350000000e+04    1.2448254389e+00
    9.8400000000e+04    1.5250867493e+00
    9.8450000000e+04    1.6601113019e+00
    9.8500000000e+04    1.2691885954e+00
    9.8550000000e+04    1.1392365823e+00
    9.8600000000e+04    1.2372631409e+00
    9.8650000000e+04    1.4994915760e+00
    9.8700000000e+04    1.2853606026e+00
    9.8750000000e+04    1.2194719407e+00
    9.8800000000e+04    1.4106624256e+00
    9.8850000000e+04    1.5285738151e+00
    9.8900000000e+04    1.4577116063e+00
    9.8950000000e+04    1.5848857300e+00
    9.9000000000e+04    1.6445893807e+00
    9.9050000000e+04    1.5812482699e+00
    9.9100000000e+04    1.4345539276e+00
    9.9150000000e+04    1.3124330199e+00
    9.9200000000e+04    1.2720126074e+00
    9.9250000000e+04    1.3865370413e+00
    9.9300000000e+04    1.4343657256e+00
    9.9350000000e+04    1.4751542451e+00
    9.9400000000e+04    1.4896469316e+00
    9.9450000000e+04    1.3752954108e+00
    9.9500000000e+04    1.3842713669e+00
    9.9550000000e+04    1.4668707864e+00
    9.9600000000e+04    1.4170431591e+00
    9.9650000000e+04    1.5613628248e+00
    9.9700000000e+04    1.6903402889e+00
    9.9750000000e+04    1.5700467701e+00
    9.9800000000e+04    1.5771623657e+00
    9.9850000000e+04    1.3740083629e+00
    9.9900000000e+04    1.5092694835e+00
    9.9950000000e+04    1.5608992058e+00
    1.0000000000e+05    1.4760379441e+00
