    1.0000000000e+02    3.3124278412e-01
    2.0000000000e+02    2.8724576009e-01
    3.0000000000e+02    2.0935002849e-01
    4.0000000000e+02    1.5309565599e-01
    5.0000000000e+02    1.2174650527e-01
    6.0000000000e+02    1.3168769696e-01
    7.0000000000e+02    1.4772329307e-01
    8.0000000000e+02    2.0521102952e-01
    9.0000000000e+02    1.2451530097e-01
    1.0000000000e+03    1.4332467178e-01
    1.1000000000e+03    1.3540085034e-01
    1.2000000000e+03    1.0677178296e-01
    1.3000000000e+03    1.5880319150e-01
    1.4000000000e+03    1.4937608129e-01
    1.5000000000e+03    1.1865115700e-01
    1.6000000000e+03    1.2478301601e-01
    1.7000000000e+03    2.1632258140e-01
    1.8000000000e+03    1.7747618039e-01
    1.9000000000e+03    2.1233337561e-01
    2.0000000000e+03    1.4931146180e-01
    2.1000000000e+03    1.7769753112e-01
    2.2000000000e+03    1.4650991030e-01
    2.3000000000e+03    1.5685588984e-01
    2.4000000000e+03    1.7834205576e-01
    2.5000000000e+03    1.4300131894e-01
    2.6000000000e+03    1.5282673403e-01
    2.7000000000e+03    1.6449694116e-01
    2.8000000000e+03    1.8519312486e-01
    2.9000000000e+03    1.2579402187e-01
    3.0000000000e+03    1.2856484306e-01
    3.1000000000e+03    1.2838285045e-01
    3.2000000000e+03    1.3511683292e-01
    3.3000000000e+03    1.4017041965e-01
    3.4000000000e+03    1.1802681574e-01
    3.5000000000e+03    2.2103904176e-01
    3.6000000000e+03    1.6289823589e-01
    3.7000000000e+03    1.7683305368e-01
    3.8000000000e+03    2.5289271239e-01
    3.9000000000e+03    1.8245479826e-01
    4.0000000000e+03    1.1526475051e-01
    4.1000000000e+03    2.0764640371e-01
    4.2000000000e+03    1.5888829786e-01
    4.3000000000e+03    2.1593904677e-01
    4.4000000000e+03    1.2116308231e-01
    4.5000000000e+03    2.4829126636e-01
    4.6000000000e+03    1.7691768946e-01
    4.7000000000e+03    1.3173493204e-01
    4.8000000000e+03    1.8910290809e-01
    4.9000000000e+03    1.3816764387e-01
    5.0000000000e+03    1.3650766532e-01
    5.1000000000e+03    1.4370070016e-01
    5.2000000000e+03    1.2731806401e-01
    5.3000000000e+03    1.5295706266e-01
    5.4000000000e+03    1.3977578748e-01
    5.5000000000e+03    1.6136512397e-01
    5.6000000000e+03    1.4600213892e-01
    5.7000000000e+03    1.6027074850e-01
    5.8000000000e+03    1.6042532980e-01
    5.9000000000e+03    1.5636563707e-01
    6.0000000000e+03    1.5866746082e-01
    6.1000000000e+03    1.8373063894e-01
    6.2000000000e+03    1.7477923814e-01
    6.3000000000e+03    1.6957839369e-01
    6.4000000000e+03    1.6435716146e-01
    6.5000000000e+03    1.4161408481e-01
    6.6000000000e+03    1.9943010474e-01
    6.7000000000e+03    1.3888657779e-01
    6.8000000000e+03    1.3210195158e-01
    6.9000000000e+03    1.5006012196e-01
    7.0000000000e+03    1.2372712956e-01
    7.1000000000e+03    1.2163615220e-01
    7.2000000000e+03    1.3137907327e-01
    7.3000000000e+03    1.5265374875e-01
    7.4000000000e+03    1.4309686913e-01
    7.5000000000e+03    1.3616459486e-01
    7.6000000000e+03    1.1940504804e-01
    7.7000000000e+03    1.5280667632e-01
    7.8000000000e+03    1.3954691502e-01
    7.9000000000e+03    1.6326020985e-01
    8.0000000000e+03    1.8029814395e-01
    8.1000000000e+03    1.4113642882e-01
    8.2000000000e+03    1.6295577359e-01
    8.3000000000e+03    1.5670902692e-01
    8.4000000000e+03    1.6670502471e-01
    8.5000000000e+03    1.5314545667e-01
    8.6000000000e+03    1.7282311635e-01
    8.7000000000e+03    1.5041457901e-01
    8.8000000000e+03    1.5544153997e-01
    8.9000000000e+03    2.0005978855e-01
    9.0000000000e+03    1.8142940375e-01
    9.1000000000e+03    1.8353737516e-01
    9.2000000000e+03    1.3046861520e-01
    9.3000000000e+03    1.6564980228e-01
    9.4000000000e+03    3.1383463321e-01
    9.5000000000e+03    2.7366848226e-01
    9.6000000000e+03    2.1964513741e-01
    9.7000000000e+03    1.6532320631e-01
    9.8000000000e+03    1.7582360337e-01
    9.9000000000e+03    1.4729155523e-01
    1.0000000000e+04    1.7196870571e-01
    1.0100000000e+04    1.3041795778e-01
    1.0200000000e+04    1.2494805949e-01
    1.0300000000e+04    1.3447407026e-01
    1.0400000000e+04    1.4126298725e-01
    1.0500000000e+04    1.3257338700e-01
    1.0600000000e+04    1.3895204481e-01
    1.0700000000e+04    1.2520123617e-01
    1.0800000000e+04    1.2272963768e-01
    1.0900000000e+04    1.3665335209e-01
    1.1000000000e+04    1.5531973878e-01
    1.1100000000e+04    1.4599539466e-01
    1.1200000000e+04    1.7687960499e-01
    1.1300000000e+04    1.7511518222e-01
    1.1400000000e+04    1.1837296532e-01
    1.1500000000e+04    1.5643465544e-01
    1.1600000000e+04    2.1677287592e-01
    1.1700000000e+04    1.5294122716e-01
    1.1800000000e+04    1.1818906969e-01
    1.1900000000e+04    1.3680363349e-01
    1.2000000000e+04    1.6423742966e-01
    1.2100000000e+04    1.2135635642e-01
    1.2200000000e+04    1.3528873927e-01
    1.2300000000e+04    1.6046550124e-01
    1.2400000000e+04    1.7245125827e-01
    1.2500000000e+04    1.7410182409e-01
    1.2600000000e+04    1.3734058472e-01
    1.2700000000e+04    1.3833448898e-01
    1.2800000000e+04    1.1974856702e-01
    1.2900000000e+04    1.3249160520e-01
    1.3000000000e+04    1.3951947286e-01
    1.3100000000e+04    1.4168082941e-01
    1.3200000000e+04    1.2753492676e-01
    1.3300000000e+04    1.3066025566e-01
    1.3400000000e+04    1.3582839167e-01
    1.3500000000e+04    1.3364222344e-01
    1.3600000000e+04    1.1806310488e-01
    1.3700000000e+04    1.1611933088e-01
    1.3800000000e+04    1.3889740284e-01
    1.3900000000e+04    1.5084576010e-01
    1.4000000000e+04    1.5386265355e-01
    1.4100000000e+04    1.3328219786e-01
    1.4200000000e+04    1.6440473601e-01
    1.4300000000e+04    1.3740017177e-01
    1.4400000000e+04    1.2493399081e-01
    1.4500000000e+04    1.3036087001e-01
    1.4600000000e+04    1.3839816687e-01
    1.4700000000e+04    1.2270312142e-01
    1.4800000000e+04    1.3063884639e-01
    1.4900000000e+04    1.3495883106e-01
    1.5000000000e+04    1.4307662432e-01
    1.5100000000e+04    1.5152753468e-01
    1.5200000000e+04    1.2831726915e-01
    1.5300000000e+04    1.8477901697e-01
    1.5400000000e+04    1.2264970991e-01
    1.5500000000e+04    1.2085949518e-01
    1.5600000000e+04    1.2210126470e-01
    1.5700000000e+04    1.2027115331e-01
    1.5800000000e+04    1.2826858089e-01
    1.5900000000e+04    1.2237286207e-01
    1.6000000000e+04    1.4652560228e-01
    1.6100000000e+04    1.2803025911e-01
    1.6200000000e+04    1.2004890892e-01
    1.6300000000e+04    1.1980694975e-01
    1.6400000000e+04    1.1628424002e-01
    1.6500000000e+04    1.2717291752e-01
    1.6600000000e+04    1.2083377842e-01
    1.6700000000e+04    1.2747592246e-01
    1.6800000000e+04    1.2585957848e-01
    1.6900000000e+04    1.2436578779e-01
    1.7000000000e+04    1.6041651282e-01
    1.7100000000e+04    1.4485624239e-01
    1.7200000000e+04    1.3208428757e-01
    1.7300000000e+04    1.1730556896e-01
    1.7400000000e+04    1.2871904492e-01
    1.7500000000e+04    1.2729986821e-01
    1.7600000000e+04    1.5112087362e-01
    1.7700000000e+04    1.7375717264e-01
    1.7800000000e+04    1.3288077290e-01
    1.7900000000e+04    1.3724807217e-01
    1.8000000000e+04    1.3799327806e-01
    1.8100000000e+04    1.2086549817e-01
    1.8200000000e+04    1.2362228082e-01
    1.8300000000e+04    1.2119860632e-01
    1.8400000000e+04    1.3831605622e-01
    1.8500000000e+04    1.4619104411e-01
    1.8600000000e+04    1.7853359131e-01
    1.8700000000e+04    1.1110026593e-01
    1.8800000000e+04    1.2047783764e-01
    1.8900000000e+04    1.2186841392e-01
    1.9000000000e+04    1.2226600103e-01
    1.9100000000e+04    1.3306748181e-01
    1.9200000000e+04    1.3176947343e-01
    1.9300000000e+04    1.1425671121e-01
    1.9400000000e+04    1.2955680028e-01
    1.9500000000e+04    1.3182495558e-01
    1.9600000000e+04    1.3178421170e-01
    1.9700000000e+04    1.3543185163e-01
    1.9800000000e+04    1.2533026184e-01
    1.9900000000e+04    1.2684207655e-01
    2.0000000000e+04    1.2185352104e-01
    2.0100000000e+04    1.4635258317e-01
    2.0200000000e+04    1.3843708983e-01
    2.0300000000e+04    1.3967611028e-01
    2.0400000000e+04    1.4398105923e-01
    2.0500000000e+04    1.4102912530e-01
    2.0600000000e+04    1.3409704311e-01
    2.0700000000e+04    1.3092156653e-01
    2.0800000000e+04    1.2505051176e-01
    2.0900000000e+04    1.1908093085e-01
    2.1000000000e+04    1.2202435300e-01
    2.1100000000e+04    1.2305570122e-01
    2.1200000000e+04    1.1842768997e-01
    2.1300000000e+04    1.4894452659e-01
    2.1400000000e+04    1.1941238715e-01
    2.1500000000e+04    1.5596940016e-01
    2.1600000000e+04    1.1506493306e-01
    2.1700000000e+04    1.4728950365e-01
    2.1800000000e+04    1.5913411832e-01
    2.1900000000e+04    1.7500299471e-01
    2.2000000000e+04    1.6745164018e-01
    2.2100000000e+04    1.5663552692e-01
    2.2200000000e+04    1.4376877105e-01
    2.2300000000e+04    1.3561261902e-01
    2.2400000000e+04    1.3802283286e-01
    2.2500000000e+04    1.2124162261e-01
    2.2600000000e+04    1.3104186210e-01
    2.2700000000e+04    1.2205634249e-01
    2.2800000000e+04    1.2733518234e-01
    2.2900000000e+04    1.2217485745e-01
    2.3000000000e+04    1.2637537565e-01
    2.3100000000e+04    1.4877006040e-01
    2.3200000000e+04    1.4288465371e-01
    2.3300000000e+04    1.3752153843e-01
    2.3400000000e+04    1.5280097292e-01
    2.3500000000e+04    1.3142907433e-01
    2.3600000000e+04    1.2641114546e-01
    2.3700000000e+04    1.4175642839e-01
    2.3800000000e+04    1.4163608647e-01
    2.3900000000e+04    1.3413354685e-01
    2.4000000000e+04    1.5746074063e-01
    2.4100000000e+04    1.4225048847e-01
    2.4200000000e+04    1.3314827373e-01
    2.4300000000e+04    1.1415863866e-01
    2.4400000000e+04    1.4002136160e-01
    2.4500000000e+04    1.1710687277e-01
    2.4600000000e+04    1.1669993645e-01
    2.4700000000e+04    1.2295195613e-01
    2.4800000000e+04    1.4100527121e-01
    2.4900000000e+04    1.2806471822e-01
    2.5000000000e+04    1.6836780046e-01
    2.5100000000e+04    1.3187158378e-01
    2.5200000000e+04    1.1501474189e-01
    2.5300000000e+04    1.1996394789e-01
    2.5400000000e+04    1.7289604253e-01
    2.5500000000e+04    1.3589461067e-01
    2.5600000000e+04    1.4278234907e-01
    2.5700000000e+04    1.2413887693e-01
    2.5800000000e+04    1.3345933658e-01
    2.5900000000e+04    1.1904772512e-01
    2.6000000000e+04    1.2463382770e-01
    2.6100000000e+04    1.3525723465e-01
    2.6200000000e+04    1.4359658147e-01
    2.6300000000e+04    1.3235624750e-01
    2.6400000000e+04    1.4103401720e-01
    2.6500000000e+04    1.4857251939e-01
    2.6600000000e+04    1.3514532828e-01
    2.6700000000e+04    1.4326305569e-01
    2.6800000000e+04    1.0700143582e-01
    2.6900000000e+04    1.2119318510e-01
    2.7000000000e+04    1.2205751656e-01
    2.7100000000e+04    1.2045086880e-01
    2.7200000000e+04    1.4712132458e-01
    2.7300000000e+04    1.4034910850e-01
    2.7400000000e+04    1.3664171866e-01
    2.7500000000e+04    1.1363679495e-01
    2.7600000000e+04    1.4572906263e-01
    2.7700000000e+04    1.4172445376e-01
    2.7800000000e+04    1.5559224370e-01
    2.7900000000e+04    1.3143338502e-01
    2.8000000000e+04    1.1886902143e-01
    2.8100000000e+04    1.2611791233e-01
    2.8200000000e+04    1.3664581532e-01
    2.8300000000e+04    1.2773818538e-01
    2.8400000000e+04    1.5099532442e-01
    2.8500000000e+04    1.2247539962e-01
    2.8600000000e+04    1.2942245737e-01
    2.8700000000e+04    1.9276219240e-01
    2.8800000000e+04    1.0959655886e-01
    2.8900000000e+04    1.6757898588e-01
    2.9000000000e+04    1.2952903136e-01
    2.9100000000e+04    1.7540735009e-01
    2.9200000000e+04    1.6932680019e-01
    2.9300000000e+04    1.4025186367e-01
    2.9400000000e+04    1.0945153610e-01
    2.9500000000e+04    1.2676366217e-01
    2.9600000000e+04    1.3594383229e-01
    2.9700000000e+04    1.5391018343e-01
    2.9800000000e+04    1.4045288427e-01
    2.9900000000e+04    1.2543303905e-01
    3.0000000000e+04    1.6860024660e-01
    3.0100000000e+04    1.1535411717e-01
    3.0200000000e+04    1.9222881820e-01
    3.0300000000e+04    1.0950683684e-01
    3.0400000000e+04    1.2321917289e-01
    3.0500000000e+04    1.3412627515e-01
    3.0600000000e+04    1.3522580332e-01
    3.0700000000e+04    1.3995608686e-01
    3.0800000000e+04    1.5673530803e-01
    3.0900000000e+04    1.4757661385e-01
    3.1000000000e+04    1.5763702932e-01
    3.1100000000e+04    1.7715806791e-01
    3.1200000000e+04    1.3038228720e-01
    3.1300000000e+04    1.4821334463e-01
    3.1400000000e+04    1.5064650317e-01
    3.1500000000e+04    1.2712827464e-01
    3.1600000000e+04    1.2806039122e-01
    3.1700000000e+04    1.3220538767e-01
    3.1800000000e+04    1.6344180905e-01
    3.1900000000e+04    1.7746838867e-01
    3.2000000000e+04    1.3366326972e-01
    3.2100000000e+04    1.3753020893e-01
    3.2200000000e+04    1.4143812623e-01
    3.2300000000e+04    1.2241083654e-01
    3.2400000000e+04    1.2981321744e-01
    3.2500000000e+04    1.3230961752e-01
    3.2600000000e+04    1.2161539876e-01
    3.2700000000e+04    1.1724822564e-01
    3.2800000000e+04    1.1971040204e-01
    3.2900000000e+04    1.3411105137e-01
    3.3000000000e+04    1.3616120713e-01
    3.3100000000e+04    1.2186021991e-01
    3.3200000000e+04    1.2051862901e-01
    3.3300000000e+04    1.3186571996e-01
    3.3400000000e+04    1.4985582521e-01
    3.3500000000e+04    1.1986852901e-01
    3.3600000000e+04    1.3626249517e-01
    3.3700000000e+04    1.3446867338e-01
    3.3800000000e+04    1.3345828693e-01
    3.3900000000e+04    1.2810026562e-01
    3.4000000000e+04    1.7231146775e-01
    3.4100000000e+04    1.5243501702e-01
    3.4200000000e+04    1.1931416633e-01
    3.4300000000e+04    1.6291392659e-01
    3.4400000000e+04    1.3791085091e-01
    3.4500000000e+04    1.2725245173e-01
    3.4600000000e+04    1.4445610402e-01
    3.4700000000e+04    1.6289406870e-01
    3.4800000000e+04    1.5118323955e-01
    3.4900000000e+04    1.3843007055e-01
    3.5000000000e+04    1.4083274284e-01
    3.5100000000e+04    1.2133940053e-01
    3.5200000000e+04    1.1521735130e-01
    3.5300000000e+04    1.2145561324e-01
    3.5400000000e+04    1.3488718319e-01
    3.5500000000e+04    1.4305006185e-01
    3.5600000000e+04    1.7440198780e-01
    3.5700000000e+04    1.8337910551e-01
    3.5800000000e+04    1.5387684171e-01
    3.5900000000e+04    1.4694676224e-01
    3.6000000000e+04    1.7121948520e-01
    3.6100000000e+04    1.8900068872e-01
    3.6200000000e+04    1.4415737902e-01
    3.6300000000e+04    1.4599084692e-01
    3.6400000000e+04    1.3802312552e-01
    3.6500000000e+04    1.5340767126e-01
    3.6600000000e+04    1.7416470181e-01
    3.6700000000e+04    1.4607131121e-01
    3.6800000000e+04    1.2282734619e-01
    3.6900000000e+04    1.3400896891e-01
    3.7000000000e+04    1.4000656289e-01
    3.7100000000e+04    1.2650876180e-01
    3.7200000000e+04    1.2000944786e-01
    3.7300000000e+04    1.4291123307e-01
    3.7400000000e+04    1.3849618201e-01
    3.7500000000e+04    1.4423425984e-01
    3.7600000000e+04    1.3531031705e-01
    3.7700000000e+04    1.4842627683e-01
    3.7800000000e+04    1.4683403619e-01
    3.7900000000e+04    1.3485544202e-01
    3.8000000000e+04    1.6054440468e-01
    3.8100000000e+04    1.4486206799e-01
    3.8200000000e+04    1.4928896154e-01
    3.8300000000e+04    1.6323912816e-01
    3.8400000000e+04    1.3149886682e-01
    3.8500000000e+04    1.5003296483e-01
    3.8600000000e+04    1.6157140787e-01
    3.8700000000e+04    1.2385304838e-01
    3.8800000000e+04    1.5897773814e-01
    3.8900000000e+04    1.2381213068e-01
    3.9000000000e+04    1.2549891404e-01
    3.9100000000e+04    1.4145056419e-01
    3.9200000000e+04    1.5495297739e-01
    3.9300000000e+04    1.2495375908e-01
    3.9400000000e+04    1.2658664004e-01
    3.9500000000e+04    1.3007506349e-01
    3.9600000000e+04    1.4018292225e-01
    3.9700000000e+04    1.4449463714e-01
    3.9800000000e+04    2.2343750083e-01
    3.9900000000e+04    1.3967114097e-01
    4.0000000000e+04    1.5819055865e-01
    4.0100000000e+04    1.5171801646e-01
    4.0200000000e+04    1.2083000519e-01
    4.0300000000e+04    1.3965869091e-01
    4.0400000000e+04    1.2999857794e-01
    4.0500000000e+04    1.5929172902e-01
    4.0600000000e+04    1.6527991717e-01
    4.0700000000e+04    1.4620512813e-01
    4.0800000000e+04    1.5922322325e-01
    4.0900000000e+04    1.4249300141e-01
    4.1000000000e+04    1.4980229436e-01
    4.1100000000e+04    1.2773376911e-01
    4.1200000000e+04    1.3546850458e-01
    4.1300000000e+04    1.3439751202e-01
    4.1400000000e+04    1.3612878749e-01
    4.1500000000e+04    1.2338315806e-01
    4.1600000000e+04    1.3126386421e-01
    4.1700000000e+04    1.6451087187e-01
    4.1800000000e+04    1.5099890489e-01
    4.1900000000e+04    1.5509298444e-01
    4.2000000000e+04    1.4479565707e-01
    4.2100000000e+04    1.3513121068e-01
    4.2200000000e+04    1.6135933349e-01
    4.2300000000e+04    1.6563221281e-01
    4.2400000000e+04    1.4576430289e-01
    4.2500000000e+04    1.3810743559e-01
    4.2600000000e+04    1.5893977253e-01
    4.2700000000e+04    1.4740825653e-01
    4.2800000000e+04    1.6603614743e-01
    4.2900000000e+04    1.8149845886e-01
    4.3000000000e+04    1.7338622046e-01
    4.3100000000e+04    2.0291319614e-01
    4.3200000000e+04    1.5258140586e-01
    4.3300000000e+04    1.5820328495e-01
    4.3400000000e+04    1.7145811471e-01
    4.3500000000e+04    2.1769390124e-01
    4.3600000000e+04    1.9105950128e-01
    4.3700000000e+04    2.1002654363e-01
    4.3800000000e+04    1.8373657023e-01
    4.3900000000e+04    1.8919524750e-01
    4.4000000000e+04    1.6954113550e-01
    4.4100000000e+04    1.2725088738e-01
    4.4200000000e+04    1.6318931335e-01
    4.4300000000e+04    1.6529418762e-01
    4.4400000000e+04    1.5582525596e-01
    4.4500000000e+04    1.8566160591e-01
    4.4600000000e+04    2.0711686532e-01
    4.4700000000e+04    1.6107085609e-01
    4.4800000000e+04    1.7264230378e-01
    4.4900000000e+04    1.9887069695e-01
    4.5000000000e+04    1.6921182599e-01
    4.5100000000e+04    1.8500778843e-01
    4.5200000000e+04    1.7984160926e-01
    4.5300000000e+04    2.4604053817e-01
    4.5400000000e+04    1.9953745510e-01
    4.5500000000e+04    1.9153300831e-01
    4.5600000000e+04    1.8466184628e-01
    4.5700000000e+04    1.5433078230e-01
    4.5800000000e+04    1.4767254277e-01
    4.5900000000e+04    1.4287049591e-01
    4.6000000000e+04    1.4619513615e-01
    4.6100000000e+04    1.7105086391e-01
    4.6200000000e+04    1.7846722784e-01
    4.6300000000e+04    1.4795746326e-01
    4.6400000000e+04    1.4709806810e-01
    4.6500000000e+04    1.3391890809e-01
    4.6600000000e+04    1.4761855830e-01
    4.6700000000e+04    1.2973777777e-01
    4.6800000000e+04    1.4068259854e-01
    4.6900000000e+04    1.3891404922e-01
    4.7000000000e+04    1.4964007202e-01
    4.7100000000e+04    1.4508814846e-01
    4.7200000000e+04    1.4299573691e-01
    4.7300000000e+04    1.3942932458e-01
    4.7400000000e+04    1.3863773667e-01
    4.7500000000e+04    1.7344557266e-01
    4.7600000000e+04    1.6360166048e-01
    4.7700000000e+04    1.9275347400e-01
    4.7800000000e+04    1.7747505703e-01
    4.7900000000e+04    1.4917460928e-01
    4.8000000000e+04    1.5785671072e-01
    4.8100000000e+04    1.9101458587e-01
    4.8200000000e+04    1.8357829305e-01
    4.8300000000e+04    1.3485441053e-01
    4.8400000000e+04    1.4966456210e-01
    4.8500000000e+04    1.5189890130e-01
    4.8600000000e+04    1.4680190253e-01
    4.8700000000e+04    1.6967365517e-01
    4.8800000000e+04    1.6924593084e-01
    4.8900000000e+04    1.6160921444e-01
    4.9000000000e+04    1.5385894660e-01
    4.9100000000e+04    1.5236434085e-01
    4.9200000000e+04    1.3523459862e-01
    4.9300000000e+04    1.3445126703e-01
    4.9400000000e+04    1.6041193428e-01
    4.9500000000e+04    1.7371019284e-01
    4.9600000000e+04    1.6775124965e-01
    4.9700000000e+04    1.5711728984e-01
    4.9800000000e+04    1.8279186757e-01
    4.9900000000e+04    1.8641651957e-01
    5.0000000000e+04    1.5916783621e-01
    5.0100000000e+04    1.9066503872e-01
    5.0200000000e+04    1.9998075720e-01
    5.0300000000e+04    1.7339015529e-01
    5.0400000000e+04    1.8743521310e-01
    5.0500000000e+04    1.9916092561e-01
    5.0600000000e+04    1.7256921089e-01
    5.0700000000e+04    1.3147703049e-01
    5.0800000000e+04    1.3252365117e-01
    5.0900000000e+04    1.7314596305e-01
    5.1000000000e+04    1.6540832578e-01
    5.1100000000e+04    1.7367653543e-01
    5.1200000000e+04    1.6411616777e-01
    5.1300000000e+04    1.2126480233e-01
    5.1400000000e+04    1.1777481261e-01
    5.1500000000e+04    1.4152725200e-01
    5.1600000000e+04    1.3837958406e-01
    5.1700000000e+04    1.6298974527e-01
    5.1800000000e+04    1.8236633257e-01
    5.1900000000e+04    1.5789635740e-01
    5.2000000000e+04    1.3279451868e-01
    5.2100000000e+04    1.3946847477e-01
    5.2200000000e+04    2.3187045033e-01
    5.2300000000e+04    1.4803896705e-01
    5.2400000000e+04    1.4290537391e-01
    5.2500000000e+04    1.6833021277e-01
    5.2600000000e+04    1.6163448698e-01
    5.2700000000e+04    1.8044886772e-01
    5.2800000000e+04    1.5776525908e-01
    5.2900000000e+04    1.6390326083e-01
    5.3000000000e+04    1.4638526657e-01
    5.3100000000e+04    1.4767912851e-01
    5.3200000000e+04    1.4547704286e-01
    5.3300000000e+04    1.5309743251e-01
    5.3400000000e+04    1.2941787363e-01
    5.3500000000e+04    1.2417304858e-01
    5.3600000000e+04    1.3977019163e-01
    5.3700000000e+04    1.5743642418e-01
    5.3800000000e+04    1.3527003757e-01
    5.3900000000e+04    1.3216705330e-01
    5.4000000000e+04    1.4970797748e-01
    5.4100000000e+04    1.6436384490e-01
    5.4200000000e+04    1.9374463439e-01
    5.4300000000e+04    1.5892724847e-01
    5.4400000000e+04    1.2685249517e-01
    5.4500000000e+04    1.4133267797e-01
    5.4600000000e+04    1.4826166148e-01
    5.4700000000e+04    1.1677876182e-01
    5.4800000000e+04    1.4176163475e-01
    5.4900000000e+04    1.4381688670e-01
    5.5000000000e+04    1.5785997996e-01
    5.5100000000e+04    1.9224778826e-01
    5.5200000000e+04    1.5615141627e-01
    5.5300000000e+04    1.5924379993e-01
    5.5400000000e+04    1.5233624243e-01
    5.5500000000e+04    1.7140711884e-01
    5.5600000000e+04    1.7548983324e-01
    5.5700000000e+04    1.7071336791e-01
    5.5800000000e+04    1.1584484364e-01
    5.5900000000e+04    1.7118427644e-01
    5.6000000000e+04    1.3648706953e-01
    5.6100000000e+04    1.3669682603e-01
    5.6200000000e+04    1.6069229187e-01
    5.6300000000e+04    1.4757390959e-01
    5.6400000000e+04    1.4651171268e-01
    5.6500000000e+04    1.4827485033e-01
    5.6600000000e+04    1.5472075340e-01
    5.6700000000e+04    1.7915327777e-01
    5.6800000000e+04    1.8204286624e-01
    5.6900000000e+04    2.2210070113e-01
    5.7000000000e+04    2.0105629011e-01
    5.7100000000e+04    1.5838072405e-01
    5.7200000000e+04    1.4428384573e-01
    5.7300000000e+04    1.5649131306e-01
    5.7400000000e+04    1.8196176898e-01
    5.7500000000e+04    2.1019824181e-01
    5.7600000000e+04    1.6931466167e-01
    5.7700000000e+04    1.4903265817e-01
    5.7800000000e+04    1.8295449256e-01
    5.7900000000e+04    1.4546837809e-01
    5.8000000000e+04    2.0769268306e-01
    5.8100000000e+04    2.0099590727e-01
    5.8200000000e+04    1.7466627703e-01
    5.8300000000e+04    2.1678153868e-01
    5.8400000000e+04    1.6307922850e-01
    5.8500000000e+04    1.8510861610e-01
    5.8600000000e+04    1.9964774246e-01
    5.8700000000e+04    1.5063290146e-01
    5.8800000000e+04    1.7278341829e-01
    5.8900000000e+04    2.0786479443e-01
    5.9000000000e+04    1.4665892371e-01
    5.9100000000e+04    1.9918896445e-01
    5.9200000000e+04    2.0000650875e-01
    5.9300000000e+04    1.4267106261e-01
    5.9400000000e+04    1.8092352634e-01
    5.9500000000e+04    1.8457902371e-01
    5.9600000000e+04    1.4568149003e-01
    5.9700000000e+04    1.8877542638e-01
    5.9800000000e+04    2.0723148370e-01
    5.9900000000e+04    1.6949236483e-01
    6.0000000000e+04    1.9154950390e-01
    6.0100000000e+04    1.7998690652e-01
    6.0200000000e+04    1.6986984238e-01
    6.0300000000e+04    1.8426311829e-01
    6.0400000000e+04    2.1717570668e-01
    6.0500000000e+04    2.2491796979e-01
    6.0600000000e+04    2.0037577179e-01
    6.0700000000e+04    1.9762690620e-01
    6.0800000000e+04    1.4663965871e-01
    6.0900000000e+04    1.4515543227e-01
    6.1000000000e+04    1.7199426205e-01
    6.1100000000e+04    1.8414563116e-01
    6.1200000000e+04    1.5929244157e-01
    6.1300000000e+04    1.2627132881e-01
    6.1400000000e+04    1.9185630744e-01
    6.1500000000e+04    1.7179968045e-01
    6.1600000000e+04    1.4181431884e-01
    6.1700000000e+04    1.5269680554e-01
    6.1800000000e+04    1.9466023373e-01
    6.1900000000e+04    1.9492694326e-01
    6.2000000000e+04    1.6701769365e-01
    6.2100000000e+04    2.0513669012e-01
    6.2200000000e+04    1.3143710751e-01
    6.2300000000e+04    1.3599140683e-01
    6.2400000000e+04    2.0188207268e-01
    6.2500000000e+04    1.9648433040e-01
    6.2600000000e+04    1.8581657783e-01
    6.2700000000e+04    1.7549002234e-01
    6.2800000000e+04    1.8117082265e-01
    6.2900000000e+04    1.5438388764e-01
    6.3000000000e+04    1.2959343865e-01
    6.3100000000e+04    1.4552471399e-01
    6.3200000000e+04    1.6541975745e-01
    6.3300000000e+04    1.3016066562e-01
    6.3400000000e+04    1.4068394308e-01
    6.3500000000e+04    1.7676269158e-01
    6.3600000000e+04    1.7557681991e-01
    6.3700000000e+04    1.5511182354e-01
    6.3800000000e+04    1.8503743467e-01
    6.3900000000e+04    1.9418737838e-01
    6.4000000000e+04    1.6825492885e-01
    6.4100000000e+04    2.1355566450e-01
    6.4200000000e+04    1.6987478279e-01
    6.4300000000e+04    2.2581593589e-01
    6.4400000000e+04    1.8244450282e-01
    6.4500000000e+04    1.9042413149e-01
    6.4600000000e+04    2.3978636109e-01
    6.4700000000e+04    2.0019662286e-01
    6.4800000000e+04    1.7685068871e-01
    6.4900000000e+04    2.0363418896e-01
    6.5000000000e+04    1.6600114864e-01
    6.5100000000e+04    1.8583702691e-01
    6.5200000000e+04    2.1416638078e-01
    6.5300000000e+04    1.7197110022e-01
    6.5400000000e+04    1.8263942659e-01
    6.5500000000e+04    2.2253527651e-01
    6.5600000000e+04    1.6625183848e-01
    6.5700000000e+04    1.4263387017e-01
    6.5800000000e+04    1.6451071805e-01
    6.5900000000e+04    1.8956190478e-01
    6.6000000000e+04    2.6743278584e-01
    6.6100000000e+04    1.5354684115e-01
    6.6200000000e+04    1.7149399974e-01
    6.6300000000e+04    1.4041494642e-01
    6.6400000000e+04    1.3377461541e-01
    6.6500000000e+04    1.4607612149e-01
    6.6600000000e+04    2.7204344400e-01
    6.6700000000e+04    1.3926621945e-01
    6.6800000000e+04    1.7916721618e-01
    6.6900000000e+04    1.5862492979e-01
    6.7000000000e+04    1.5773978202e-01
    6.7100000000e+04    1.4825456032e-01
    6.7200000000e+04    1.4240046246e-01
    6.7300000000e+04    1.3555054076e-01
    6.7400000000e+04    1.6065802853e-01
    6.7500000000e+04    1.4271541513e-01
    6.7600000000e+04    1.3050194874e-01
    6.7700000000e+04    1.4324929117e-01
    6.7800000000e+04    1.3541545583e-01
    6.7900000000e+04    1.4369466627e-01
    6.8000000000e+04    1.4405423803e-01
    6.8100000000e+04    1.4075198488e-01
    6.8200000000e+04    2.4226720004e-01
    6.8300000000e+04    2.3228973493e-01
    6.8400000000e+04    1.6878850276e-01
    6.8500000000e+04    1.3305968739e-01
    6.8600000000e+04    1.4515567736e-01
    6.8700000000e+04    1.8230795384e-01
    6.8800000000e+04    1.5165320074e-01
    6.8900000000e+04    1.5748699503e-01
    6.9000000000e+04    2.1537927329e-01
    6.9100000000e+04    1.8234471194e-01
    6.9200000000e+04    1.5678277294e-01
    6.9300000000e+04    1.5504699645e-01
    6.9400000000e+04    1.2656999353e-01
    6.9500000000e+04    1.3131324138e-01
    6.9600000000e+04    1.6976291717e-01
    6.9700000000e+04    1.7216746707e-01
    6.9800000000e+04    1.7160912430e-01
    6.9900000000e+04    1.9433005049e-01
    7.0000000000e+04    1.6565461546e-01
    7.0100000000e+04    1.5981384285e-01
    7.0200000000e+04    1.8145100438e-01
    7.0300000000e+04    2.0047050700e-01
    7.0400000000e+04    1.4580625633e-01
    7.0500000000e+04    1.4853157766e-01
    7.0600000000e+04    1.3829769333e-01
    7.0700000000e+04    1.5103494656e-01
    7.0800000000e+04    1.4172072733e-01
    7.0900000000e+04    1.5045393096e-01
    7.1000000000e+04    1.2851634421e-01
    7.1100000000e+04    1.1404186681e-01
    7.1200000000e+04    1.3308264528e-01
    7.1300000000e+04    1.3276693617e-01
    7.1400000000e+04    1.4466340865e-01
    7.1500000000e+04    1.6849549852e-01
    7.1600000000e+04    1.4348898470e-01
    7.1700000000e+04    1.3781444720e-01
    7.1800000000e+04    1.4469369079e-01
    7.1900000000e+04    1.5361838606e-01
    7.2000000000e+04    1.3618368279e-01
    7.2100000000e+04    1.3424089856e-01
    7.2200000000e+04    1.3997000283e-01
    7.2300000000e+04    1.5981276717e-01
    7.2400000000e+04    1.5346402004e-01
    7.2500000000e+04    1.3283726993e-01
    7.2600000000e+04    1.7621985120e-01
    7.2700000000e+04    1.4396589015e-01
    7.2800000000e+04    1.5568514595e-01
    7.2900000000e+04    1.6073126157e-01
    7.3000000000e+04    1.3111524834e-01
    7.3100000000e+04    1.3566979700e-01
    7.3200000000e+04    1.5867890698e-01
    7.3300000000e+04    1.4068049079e-01
    7.3400000000e+04    1.3277566414e-01
    7.3500000000e+04    1.5399247262e-01
    7.3600000000e+04    1.1900252882e-01
    7.3700000000e+04    1.3743688520e-01
    7.3800000000e+04    1.5485832088e-01
    7.3900000000e+04    1.4892467341e-01
    7.4000000000e+04    1.3179892200e-01
    7.4100000000e+04    1.3902603261e-01
    7.4200000000e+04    1.4204518402e-01
    7.4300000000e+04    1.4399510917e-01
    7.4400000000e+04    1.3267765440e-01
    7.4500000000e+04    1.5179145493e-01
    7.4600000000e+04    1.3548690667e-01
    7.4700000000e+04    1.6018657667e-01
    7.4800000000e+04    1.4129981325e-01
    7.4900000000e+04    1.4973852780e-01
    7.5000000000e+04    1.2383006688e-01
    7.5100000000e+04    1.3756599004e-01
    7.5200000000e+04    1.8879571567e-01
    7.5300000000e+04    1.3400663351e-01
    7.5400000000e+04    1.4123149865e-01
    7.5500000000e+04    1.3292096910e-01
    7.5600000000e+04    1.8374064415e-01
    7.5700000000e+04    1.6346073490e-01
    7.5800000000e+04    1.3182758000e-01
    7.5900000000e+04    1.3397202052e-01
    7.6000000000e+04    1.6103988901e-01
    7.6100000000e+04    1.6676219488e-01
    7.6200000000e+04    1.5319247447e-01
    7.6300000000e+04    1.2929699705e-01
    7.6400000000e+04    1.8823664665e-01
    7.6500000000e+04    1.7587318079e-01
    7.6600000000e+04    1.5694932205e-01
    7.6700000000e+04    1.2827597619e-01
    7.6800000000e+04    1.4977129270e-01
    7.6900000000e+04    1.4182408367e-01
    7.7000000000e+04    1.2663370351e-01
    7.7100000000e+04    1.2724176135e-01
    7.7200000000e+04    1.1506496171e-01
    7.7300000000e+04    1.1444258013e-01
    7.7400000000e+04    1.5113768905e-01
    7.7500000000e+04    1.3394711345e-01
    7.7600000000e+04    1.2396079745e-01
    7.7700000000e+04    1.3804861302e-01
    7.7800000000e+04    1.0653812308e-01
    7.7900000000e+04    1.3994726116e-01
    7.8000000000e+04    1.2689812866e-01
    7.8100000000e+04    1.5043012774e-01
    7.8200000000e+04    1.2880244141e-01
    7.8300000000e+04    1.4155849871e-01
    7.8400000000e+04    1.2208895756e-01
    7.8500000000e+04    1.6531489254e-01
    7.8600000000e+04    1.3780002507e-01
    7.8700000000e+04    1.4291935354e-01
    7.8800000000e+04    1.2418691376e-01
    7.8900000000e+04    1.3599741784e-01
    7.9000000000e+04    1.2288117350e-01
    7.9100000000e+04    1.3780009038e-01
    7.9200000000e+04    1.9593633393e-01
    7.9300000000e+04    1.6494621856e-01
    7.9400000000e+04    1.3650817359e-01
    7.9500000000e+04    1.6463857251e-01
    7.9600000000e+04    1.3799401963e-01
    7.9700000000e+04    1.3140649496e-01
    7.9800000000e+04    1.3301110125e-01
    7.9900000000e+04    1.6021728785e-01
    8.0000000000e+04    1.4526105336e-01
    8.0100000000e+04    1.4346520749e-01
    8.0200000000e+04    1.6187489866e-01
    8.0300000000e+04    1.0868769069e-01
    8.0400000000e+04    1.2572789550e-01
    8.0500000000e+04    1.7865402682e-01
    8.0600000000e+04    1.9393736236e-01
    8.0700000000e+04    1.5180617146e-01
    8.0800000000e+04    1.2061997345e-01
    8.0900000000e+04    1.0442095375e-01
    8.1000000000e+04    1.3208917927e-01
    8.1100000000e+04    1.3795146885e-01
    8.1200000000e+04    1.1798406102e-01
    8.1300000000e+04    1.2036899212e-01
    8.1400000000e+04    1.6143596596e-01
    8.1500000000e+04    1.3754662284e-01
    8.1600000000e+04    1.3651740406e-01
    8.1700000000e+04    1.1452183785e-01
    8.1800000000e+04    1.3886586359e-01
    8.1900000000e+04    1.5491983797e-01
    8.2000000000e+04    1.1890217669e-01
    8.2100000000e+04    1.3209853674e-01
    8.2200000000e+04    1.3518190368e-01
    8.2300000000e+04    1.2796282423e-01
    8.2400000000e+04    1.1742379637e-01
    8.2500000000e+04    1.4756318258e-01
    8.2600000000e+04    1.6488204999e-01
    8.2700000000e+04    1.4750301857e-01
    8.2800000000e+04    1.3613373443e-01
    8.2900000000e+04    1.6729934406e-01
    8.3000000000e+04    1.2277560024e-01
    8.3100000000e+04    1.2764987096e-01
    8.3200000000e+04    1.3932961025e-01
    8.3300000000e+04    1.5541500492e-01
    8.3400000000e+04    1.1695115331e-01
    8.3500000000e+04    1.4571056752e-01
    8.3600000000e+04    1.4365774080e-01
    8.3700000000e+04    1.1211878643e-01
    8.3800000000e+04    1.4031456492e-01
    8.3900000000e+04    1.2569488152e-01
    8.4000000000e+04    1.1549208525e-01
    8.4100000000e+04    1.1837728080e-01
    8.4200000000e+04    1.7978012103e-01
    8.4300000000e+04    1.0746541815e-01
    8.4400000000e+04    1.3839070297e-01
    8.4500000000e+04    1.5959949703e-01
    8.4600000000e+04    1.2260371145e-01
    8.4700000000e+04    1.2649734734e-01
    8.4800000000e+04    1.1197038685e-01
    8.4900000000e+04    1.1015984327e-01
    8.5000000000e+04    1.3340645698e-01
    8.5100000000e+04    1.1525983285e-01
    8.5200000000e+04    1.3006290730e-01
    8.5300000000e+04    1.5069134576e-01
    8.5400000000e+04    1.5536464083e-01
    8.5500000000e+04    1.1528519887e-01
    8.5600000000e+04    1.2936828555e-01
    8.5700000000e+04    1.3761250977e-01
    8.5800000000e+04    1.6048174789e-01
    8.5900000000e+04    1.3736922422e-01
    8.6000000000e+04    1.2318575513e-01
    8.6100000000e+04    1.1334419006e-01
    8.6200000000e+04    1.1330735858e-01
    8.6300000000e+04    1.4348808836e-01
    8.6400000000e+04    1.2256093040e-01
    8.6500000000e+04    1.2616726025e-01
    8.6600000000e+04    1.1969505527e-01
    8.6700000000e+04    1.2833921645e-01
    8.6800000000e+04    1.2111243937e-01
    8.6900000000e+04    1.0929206405e-01
    8.7000000000e+04    1.2775253258e-01
    8.7100000000e+04    1.8127580689e-01
    8.7200000000e+04    1.1895962719e-01
    8.7300000000e+04    1.1805014974e-01
    8.7400000000e+04    1.2753425217e-01
    8.7500000000e+04    1.4082267655e-01
    8.7600000000e+04    1.3817085895e-01
    8.7700000000e+04    1.2713036741e-01
    8.7800000000e+04    1.2930047374e-01
    8.7900000000e+04    2.1167305569e-01
    8.8000000000e+04    1.0232945171e-01
    8.8100000000e+04    1.0825489208e-01
    8.8200000000e+04    1.1433934231e-01
    8.8300000000e+04    1.2501824262e-01
    8.8400000000e+04    1.2409551590e-01
    8.8500000000e+04    1.2593282863e-01
    8.8600000000e+04    1.3617916081e-01
    8.8700000000e+04    1.6442237481e-01
    8.8800000000e+04    1.1861220991e-01
    8.8900000000e+04    1.3911576161e-01
    8.9000000000e+04    1.3660688335e-01
    8.9100000000e+04    1.2111160941e-01
    8.9200000000e+04    1.1329559436e-01
    8.9300000000e+04    1.1928280028e-01
    8.9400000000e+04    1.1143262427e-01
    8.9500000000e+04    1.0993578108e-01
    8.9600000000e+04    1.3839722752e-01
    8.9700000000e+04    1.3839104434e-01
    8.9800000000e+04    1.2222496911e-01
    8.9900000000e+04    1.4153792688e-01
    9.0000000000e+04    1.1777964658e-01
    9.0100000000e+04    1.2504651024e-01
    9.0200000000e+04    1.2246880888e-01
    9.0300000000e+04    1.1219400329e-01
    9.0400000000e+04    1.3273921252e-01
    9.0500000000e+04    1.1442166747e-01
    9.0600000000e+04    1.3295782685e-01
    9.0700000000e+04    1.1696233896e-01
    9.0800000000e+04    1.2522286976e-01
    9.0900000000e+04    1.2918258211e-01
    9.1000000000e+04    1.2476772102e-01
    9.1100000000e+04    1.4178638520e-01
    9.1200000000e+04    1.8328531078e-01
    9.1300000000e+04    1.0887655742e-01
    9.1400000000e+04    1.2642239826e-01
    9.1500000000e+04    1.0922448725e-01
    9.1600000000e+04    1.4467087517e-01
    9.1700000000e+04    1.2623638358e-01
    9.1800000000e+04    1.5066449277e-01
    9.1900000000e+04    1.1854178666e-01
    9.2000000000e+04    1.2143116398e-01
    9.2100000000e+04    1.2372220618e-01
    9.2200000000e+04    1.1829548298e-01
    9.2300000000e+04    1.1454295230e-01
    9.2400000000e+04    1.2704725314e-01
    9.2500000000e+04    1.1147973768e-01
    9.2600000000e+04    1.2957259500e-01
    9.2700000000e+04    1.4438255323e-01
    9.2800000000e+04    1.2354977191e-01
    9.2900000000e+04    1.1975404477e-01
    9.3000000000e+04    1.3667469748e-01
    9.3100000000e+04    1.3062418901e-01
    9.3200000000e+04    1.1832950789e-01
    9.3300000000e+04    1.1953764536e-01
    9.3400000000e+04    1.1520583423e-01
    9.3500000000e+04    1.2075090204e-01
    9.3600000000e+04    1.6150882086e-01
    9.3700000000e+04    1.0896764659e-01
    9.3800000000e+04    9.7345245214e-02
    9.3900000000e+04    1.1771390680e-01
    9.4000000000e+04    1.2930035176e-01
    9.4100000000e+04    1.2435887885e-01
    9.4200000000e+04    1.2654679836e-01
    9.4300000000e+04    1.2170980728e-01
    9.4400000000e+04    1.4210543036e-01
    9.4500000000e+04    1.2718371812e-01
    9.4600000000e+04    1.5144207635e-01
    9.4700000000e+04    1.6001468111e-01
    9.4800000000e+04    1.2569531492e-01
    9.4900000000e+04    1.1985201785e-01
    9.5000000000e+04    1.4701447535e-01
    9.5100000000e+04    1.8180144230e-01
    9.5200000000e+04    1.4036313271e-01
    9.5300000000e+04    1.1023225995e-01
    9.5400000000e+04    1.1407171302e-01
    9.5500000000e+04    1.0382387591e-01
    9.5600000000e+04    9.8945700031e-02
    9.5700000000e+04    1.2111276913e-01
    9.5800000000e+04    1.0789827199e-01
    9.5900000000e+04    1.0638917433e-01
    9.6000000000e+04    1.4023832184e-01
    9.6100000000e+04    1.3012624063e-01
    9.6200000000e+04    1.4945116646e-01
    9.6300000000e+04    1.7176733657e-01
    9.6400000000e+04    2.3379822596e-01
    9.6500000000e+04    2.2148109576e-01
    9.6600000000e+04    1.7610733862e-01
    9.6700000000e+04    1.3494609525e-01
    9.6800000000e+04    1.0297349845e-01
    9.6900000000e+04    1.2892623296e-01
    9.7000000000e+04    1.3953354641e-01
    9.7100000000e+04    1.4077957776e-01
    9.7200000000e+04    1.5917543596e-01
    9.7300000000e+04    1.4562630053e-01
    9.7400000000e+04    1.0867586946e-01
    9.7500000000e+04    1.2789307046e-01
    9.7600000000e+04    1.7107748504e-01
    9.7700000000e+04    1.3080596578e-01
    9.7800000000e+04    1.9851533379e-01
    9.7900000000e+04    1.5568573609e-01
    9.8000000000e+04    2.2495804325e-01
    9.8100000000e+04    1.4669620636e-01
    9.8200000000e+04    1.4183739248e-01
    9.8300000000e+04    1.3932785596e-01
    9.8400000000e+04    1.4593050318e-01
    9.8500000000e+04    1.5374139925e-01
    9.8600000000e+04    1.4000936592e-01
    9.8700000000e+04    1.4059295064e-01
    9.8800000000e+04    1.5037288753e-01
    9.8900000000e+04    1.4376302049e-01
    9.9000000000e+04    1.3349270445e-01
    9.9100000000e+04    1.1759418737e-01
    9.9200000000e+04    1.2394997377e-01
    9.9300000000e+04    1.9217170108e-01
    9.9400000000e+04    1.5949841798e-01
    9.9500000000e+04    2.1217431464e-01
    9.9600000000e+04    1.9929487601e-01
    9.9700000000e+04    1.4421502114e-01
    9.9800000000e+04    1.2147218931e-01
    9.9900000000e+04    9.7184549375e-02
    1.0000000000e+05    1.1254481166e-01
    1.0010000000e+05    1.0119255450e-01
    1.0020000000e+05    1.3095918132e-01
    1.0030000000e+05    1.2212327034e-01
    1.0040000000e+05    1.2192051167e-01
    1.0050000000e+05    1.4609800835e-01
    1.0060000000e+05    1.7157957805e-01
    1.0070000000e+05    1.5856735910e-01
    1.0080000000e+05    1.0903074595e-01
    1.0090000000e+05    1.2396303882e-01
    1.0100000000e+05    1.3143663613e-01
    1.0110000000e+05    1.2713096342e-01
    1.0120000000e+05    1.6195354063e-01
    1.0130000000e+05    1.2967945236e-01
    1.0140000000e+05    1.2436625487e-01
    1.0150000000e+05    1.4705959377e-01
    1.0160000000e+05    1.3204044969e-01
    1.0170000000e+05    1.7671254709e-01
    1.0180000000e+05    1.9692999485e-01
    1.0190000000e+05    1.8639219654e-01
    1.0200000000e+05    2.1245459061e-01
    1.0210000000e+05    2.0172786391e-01
    1.0220000000e+05    2.4805933779e-01
    1.0230000000e+05    2.3175857151e-01
    1.0240000000e+05    2.4891304218e-01
    1.0250000000e+05    1.1426549812e-01
    1.0260000000e+05    1.2046809614e-01
    1.0270000000e+05    1.5889549142e-01
    1.0280000000e+05    1.7679691348e-01
    1.0290000000e+05    1.3947086417e-01
    1.0300000000e+05    1.5252740891e-01
    1.0310000000e+05    1.3154825286e-01
    1.0320000000e+05    1.3062427002e-01
    1.0330000000e+05    1.0624960706e-01
    1.0340000000e+05    1.2420119949e-01
    1.0350000000e+05    1.8367311087e-01
    1.0360000000e+05    1.6706083612e-01
    1.0370000000e+05    1.4674882462e-01
    1.0380000000e+05    1.2805595260e-01
    1.0390000000e+05    1.3596420686e-01
    1.0400000000e+05    1.4000533738e-01
    1.0410000000e+05    1.3843194324e-01
    1.0420000000e+05    1.4941605912e-01
    1.0430000000e+05    1.5617574028e-01
    1.0440000000e+05    1.0905879959e-01
    1.0450000000e+05    1.0854681457e-01
    1.0460000000e+05    9.9479098699e-02
    1.0470000000e+05    1.2635045990e-01
    1.0480000000e+05    1.8620354544e-01
    1.0490000000e+05    1.2945939223e-01
    1.0500000000e+05    1.1321586471e-01
    1.0510000000e+05    1.2932158001e-01
    1.0520000000e+05    1.4222626538e-01
    1.0530000000e+05    1.0482404866e-01
    1.0540000000e+05    1.4077875049e-01
    1.0550000000e+05    1.7058654312e-01
    1.0560000000e+05    1.2192980064e-01
    1.0570000000e+05    1.0986905262e-01
    1.0580000000e+05    1.4067837175e-01
    1.0590000000e+05    1.7834847757e-01
    1.0600000000e+05    1.5110136903e-01
    1.0610000000e+05    1.2600551351e-01
    1.0620000000e+05    1.4184093158e-01
    1.0630000000e+05    1.4189349581e-01
    1.0640000000e+05    1.4423649794e-01
    1.0650000000e+05    1.6803639309e-01
    1.0660000000e+05    1.8331303682e-01
    1.0670000000e+05    1.5287907286e-01
    1.0680000000e+05    1.7525420664e-01
    1.0690000000e+05    1.4705791888e-01
    1.0700000000e+05    1.4895122864e-01
    1.0710000000e+05    1.4891173007e-01
    1.0720000000e+05    1.3456827882e-01
    1.0730000000e+05    1.4135533515e-01
    1.0740000000e+05    1.3611296012e-01
    1.0750000000e+05    1.3899808984e-01
    1.0760000000e+05    1.2436241435e-01
    1.0770000000e+05    1.3048437806e-01
    1.0780000000e+05    1.8165598090e-01
    1.0790000000e+05    1.1749053985e-01
    1.0800000000e+05    1.1414017147e-01
    1.0810000000e+05    1.0122296180e-01
    1.0820000000e+05    1.4886454176e-01
    1.0830000000e+05    1.3176756783e-01
    1.0840000000e+05    1.2071069268e-01
    1.0850000000e+05    1.5839755242e-01
    1.0860000000e+05    1.0692486485e-01
    1.0870000000e+05    1.3408653440e-01
    1.0880000000e+05    1.1656036197e-01
    1.0890000000e+05    1.5068644541e-01
    1.0900000000e+05    1.3768380574e-01
    1.0910000000e+05    1.4351347488e-01
    1.0920000000e+05    1.4063907358e-01
    1.0930000000e+05    1.3387968720e-01
    1.0940000000e+05    1.2328133041e-01
    1.0950000000e+05    1.1911657080e-01
    1.0960000000e+05    1.1039494724e-01
    1.0970000000e+05    1.2623847802e-01
    1.0980000000e+05    9.9059861080e-02
    1.0990000000e+05    1.2505002244e-01
    1.1000000000e+05    1.2714608458e-01
    1.1010000000e+05    1.1281905052e-01
    1.1020000000e+05    1.1098363980e-01
    1.1030000000e+05    1.1872145342e-01
    1.1040000000e+05    1.4017560361e-01
    1.1050000000e+05    1.2835900755e-01
    1.1060000000e+05    1.0960211833e-01
    1.1070000000e+05    1.7121196674e-01
    1.1080000000e+05    1.1914617733e-01
    1.1090000000e+05    1.6942440530e-01
    1.1100000000e+05    1.2577738332e-01
    1.1110000000e+05    1.5906692353e-01
    1.1120000000e+05    1.2511356659e-01
    1.1130000000e+05    1.8514492056e-01
    1.1140000000e+05    1.2089194921e-01
    1.1150000000e+05    1.1858530657e-01
    1.1160000000e+05    1.5067264023e-01
    1.1170000000e+05    1.6645751530e-01
    1.1180000000e+05    1.2390232244e-01
    1.1190000000e+05    1.9841201577e-01
    1.1200000000e+05    1.0805592008e-01
    1.1210000000e+05    1.4143077324e-01
    1.1220000000e+05    1.7173063567e-01
    1.1230000000e+05    1.3052123719e-01
    1.1240000000e+05    1.2653076855e-01
    1.1250000000e+05    1.2647984954e-01
    1.1260000000e+05    1.1164681885e-01
    1.1270000000e+05    1.1626680823e-01
    1.1280000000e+05    1.4720481002e-01
    1.1290000000e+05    1.3701460839e-01
    1.1300000000e+05    1.7374800556e-01
    1.1310000000e+05    1.4361713957e-01
    1.1320000000e+05    1.2843704009e-01
    1.1330000000e+05    1.7321837973e-01
    1.1340000000e+05    1.6629864471e-01
    1.1350000000e+05    1.4865010804e-01
    1.1360000000e+05    1.6134960630e-01
    1.1370000000e+05    1.5554149260e-01
    1.1380000000e+05    1.8098136416e-01
    1.1390000000e+05    1.2561229532e-01
    1.1400000000e+05    1.4003093256e-01
    1.1410000000e+05    1.1476707569e-01
    1.1420000000e+05    1.2421698555e-01
    1.1430000000e+05    1.4842022081e-01
    1.1440000000e+05    1.7442935244e-01
    1.1450000000e+05    1.3585322139e-01
    1.1460000000e+05    1.6018414496e-01
    1.1470000000e+05    1.1977182659e-01
    1.1480000000e+05    1.1359578400e-01
    1.1490000000e+05    1.0903887375e-01
    1.1500000000e+05    1.3607131776e-01
    1.1510000000e+05    1.3640657694e-01
    1.1520000000e+05    1.5385877704e-01
    1.1530000000e+05    1.6679051830e-01
    1.1540000000e+05    1.6429361910e-01
    1.1550000000e+05    1.4342016494e-01
    1.1560000000e+05    1.4824358089e-01
    1.1570000000e+05    1.1046519252e-01
    1.1580000000e+05    1.5169161699e-01
    1.1590000000e+05    1.4247474383e-01
    1.1600000000e+05    1.4592441545e-01
    1.1610000000e+05    1.2988616857e-01
    1.1620000000e+05    1.3049072262e-01
    1.1630000000e+05    1.2556358947e-01
    1.1640000000e+05    1.4334566482e-01
    1.1650000000e+05    1.1971802905e-01
    1.1660000000e+05    1.3564307847e-01
    1.1670000000e+05    1.4652724462e-01
    1.1680000000e+05    1.1418325301e-01
    1.1690000000e+05    1.1486299926e-01
    1.1700000000e+05    1.4183793369e-01
    1.1710000000e+05    1.1966082220e-01
    1.1720000000e+05    1.3374110364e-01
    1.1730000000e+05    1.7996274458e-01
    1.1740000000e+05    1.8837181423e-01
    1.1750000000e+05    1.3133391475e-01
    1.1760000000e+05    1.6095980924e-01
    1.1770000000e+05    1.1740074560e-01
    1.1780000000e+05    1.4490519057e-01
    1.1790000000e+05    1.3285246382e-01
    1.1800000000e+05    1.4665400750e-01
    1.1810000000e+05    1.6752215087e-01
    1.1820000000e+05    1.2981109189e-01
    1.1830000000e+05    1.3769289314e-01
    1.1840000000e+05    1.2382288492e-01
    1.1850000000e+05    1.4663564916e-01
    1.1860000000e+05    1.3994610406e-01
    1.1870000000e+05    1.4139946596e-01
    1.1880000000e+05    1.4841691427e-01
    1.1890000000e+05    1.3263476315e-01
    1.1900000000e+05    1.1670747427e-01
    1.1910000000e+05    1.3317237899e-01
    1.1920000000e+05    1.3895755408e-01
    1.1930000000e+05    1.3674708044e-01
    1.1940000000e+05    1.4103259136e-01
    1.1950000000e+05    1.4157952525e-01
    1.1960000000e+05    1.4101255914e-01
    1.1970000000e+05    1.4307944005e-01
    1.1980000000e+05    1.6587926237e-01
    1.1990000000e+05    1.3054511367e-01
    1.2000000000e+05    1.3937834994e-01
    1.2010000000e+05    1.4499303408e-01
    1.2020000000e+05    1.5557077508e-01
    1.2030000000e+05    1.3622681270e-01
    1.2040000000e+05    1.5061470954e-01
    1.2050000000e+05    1.5026013045e-01
    1.2060000000e+05    1.6256127620e-01
    1.2070000000e+05    1.5360954197e-01
    1.2080000000e+05    1.5218721374e-01
    1.2090000000e+05    1.3073702856e-01
    1.2100000000e+05    1.6704239410e-01
    1.2110000000e+05    1.6763826227e-01
    1.2120000000e+05    1.2114514622e-01
    1.2130000000e+05    1.5374723625e-01
    1.2140000000e+05    1.4542381786e-01
    1.2150000000e+05    1.6659433535e-01
    1.2160000000e+05    1.5567632674e-01
    1.2170000000e+05    1.2596095210e-01
    1.2180000000e+05    1.4345883379e-01
    1.2190000000e+05    1.3282245306e-01
    1.2200000000e+05    1.4526557171e-01
    1.2210000000e+05    1.4981070608e-01
    1.2220000000e+05    1.3385525159e-01
    1.2230000000e+05    2.2517105544e-01
    1.2240000000e+05    1.5011328906e-01
    1.2250000000e+05    1.4968373376e-01
    1.2260000000e+05    1.7093531677e-01
    1.2270000000e+05    2.0353162315e-01
    1.2280000000e+05    1.6629248262e-01
    1.2290000000e+05    2.4301091299e-01
    1.2300000000e+05    2.2229087283e-01
    1.2310000000e+05    1.7626639039e-01
    1.2320000000e+05    1.6066734190e-01
    1.2330000000e+05    1.6368868787e-01
    1.2340000000e+05    1.4725292698e-01
    1.2350000000e+05    1.5565721322e-01
    1.2360000000e+05    1.2730302358e-01
    1.2370000000e+05    2.2386726186e-01
    1.2380000000e+05    1.7290472928e-01
    1.2390000000e+05    1.6657943236e-01
    1.2400000000e+05    1.6543010618e-01
    1.2410000000e+05    1.6588678733e-01
    1.2420000000e+05    1.4406478587e-01
    1.2430000000e+05    1.8281488629e-01
    1.2440000000e+05    1.4924665150e-01
    1.2450000000e+05    1.5540522219e-01
    1.2460000000e+05    1.5294494260e-01
    1.2470000000e+05    1.6062801824e-01
    1.2480000000e+05    1.7544571999e-01
    1.2490000000e+05    1.4623758757e-01
    1.2500000000e+05    1.7032849763e-01
    1.2510000000e+05    1.4380821584e-01
    1.2520000000e+05    1.4276410596e-01
    1.2530000000e+05    1.3802538857e-01
    1.2540000000e+05    1.3269344923e-01
    1.2550000000e+05    1.5721679632e-01
    1.2560000000e+05    1.2643657575e-01
    1.2570000000e+05    1.6086362809e-01
    1.2580000000e+05    1.4213196099e-01
    1.2590000000e+05    1.6128051422e-01
    1.2600000000e+05    1.4396839591e-01
    1.2610000000e+05    1.5369697352e-01
    1.2620000000e+05    1.5058073060e-01
    1.2630000000e+05    1.4485046169e-01
    1.2640000000e+05    1.4664844620e-01
    1.2650000000e+05    1.6963343189e-01
    1.2660000000e+05    1.7064347106e-01
    1.2670000000e+05    1.4365574800e-01
    1.2680000000e+05    1.5442677943e-01
    1.2690000000e+05    1.3593137964e-01
    1.2700000000e+05    1.2923363763e-01
    1.2710000000e+05    1.4650700030e-01
    1.2720000000e+05    1.4588881272e-01
    1.2730000000e+05    1.2699698926e-01
    1.2740000000e+05    1.6363258644e-01
    1.2750000000e+05    1.7047774164e-01
    1.2760000000e+05    1.8093863068e-01
    1.2770000000e+05    1.8180051911e-01
    1.2780000000e+05    1.8656244411e-01
    1.2790000000e+05    1.3299008260e-01
    1.2800000000e+05    1.2244883196e-01
    1.2810000000e+05    1.3866601393e-01
    1.2820000000e+05    1.4343203041e-01
    1.2830000000e+05    1.7684356555e-01
    1.2840000000e+05    1.5252558130e-01
    1.2850000000e+05    1.2528209991e-01
    1.2860000000e+05    1.3253484598e-01
    1.2870000000e+05    1.2652217981e-01
    1.2880000000e+05    1.5232987832e-01
    1.2890000000e+05    1.5602373783e-01
    1.2900000000e+05    1.5464506108e-01
    1.2910000000e+05    1.4405141262e-01
    1.2920000000e+05    1.4538499473e-01
    1.2930000000e+05    1.1035394790e-01
    1.2940000000e+05    1.2092801231e-01
    1.2950000000e+05    1.4211911064e-01
    1.2960000000e+05    1.5201383123e-01
    1.2970000000e+05    1.4469773137e-01
    1.2980000000e+05    1.3490823221e-01
    1.2990000000e+05    1.4545197247e-01
    1.3000000000e+05    1.8519065765e-01
    1.3010000000e+05    1.3843352556e-01
    1.3020000000e+05    1.1928341985e-01
    1.3030000000e+05    1.3983650889e-01
    1.3040000000e+05    1.2723803324e-01
    1.3050000000e+05    1.3565860677e-01
    1.3060000000e+05    1.3535563422e-01
    1.3070000000e+05    1.2264181077e-01
    1.3080000000e+05    1.3349080120e-01
    1.3090000000e+05    1.4014671408e-01
    1.3100000000e+05    1.2845052758e-01
    1.3110000000e+05    1.4063873695e-01
    1.3120000000e+05    1.7034448614e-01
    1.3130000000e+05    1.3615576303e-01
    1.3140000000e+05    1.8045058334e-01
    1.3150000000e+05    1.4951298794e-01
    1.3160000000e+05    1.3498861740e-01
    1.3170000000e+05    1.2426731791e-01
    1.3180000000e+05    1.7192595723e-01
    1.3190000000e+05    1.3442795087e-01
    1.3200000000e+05    1.2585103000e-01
    1.3210000000e+05    1.5244603701e-01
    1.3220000000e+05    1.5250149678e-01
    1.3230000000e+05    1.3936459023e-01
    1.3240000000e+05    1.5112522374e-01
    1.3250000000e+05    1.2679108828e-01
    1.3260000000e+05    1.4369027164e-01
    1.3270000000e+05    1.4923696841e-01
    1.3280000000e+05    1.2623381381e-01
    1.3290000000e+05    1.2993093300e-01
    1.3300000000e+05    1.2786455543e-01
    1.3310000000e+05    1.2802690660e-01
    1.3320000000e+05    1.2637175365e-01
    1.3330000000e+05    1.1813223961e-01
    1.3340000000e+05    1.2891257874e-01
    1.3350000000e+05    1.3462093609e-01
    1.3360000000e+05    1.5002585634e-01
    1.3370000000e+05    1.2783347080e-01
    1.3380000000e+05    1.3551941215e-01
    1.3390000000e+05    1.5242724652e-01
    1.3400000000e+05    1.6847033643e-01
    1.3410000000e+05    1.3277247663e-01
    1.3420000000e+05    1.3594530925e-01
    1.3430000000e+05    1.3559433635e-01
    1.3440000000e+05    1.6914898773e-01
    1.3450000000e+05    1.4312911255e-01
    1.3460000000e+05    1.2864448005e-01
    1.3470000000e+05    1.6226942794e-01
    1.3480000000e+05    1.2380816732e-01
    1.3490000000e+05    1.2677605807e-01
    1.3500000000e+05    1.3908632547e-01
    1.3510000000e+05    1.1155981311e-01
    1.3520000000e+05    1.4874342063e-01
    1.3530000000e+05    1.6011509130e-01
    1.3540000000e+05    1.3615731874e-01
    1.3550000000e+05    1.5068663174e-01
    1.3560000000e+05    1.4313183368e-01
    1.3570000000e+05    1.3978926873e-01
    1.3580000000e+05    1.6047565121e-01
    1.3590000000e+05    1.3054713887e-01
    1.3600000000e+05    1.1873519863e-01
    1.3610000000e+05    1.1379013592e-01
    1.3620000000e+05    1.4462300186e-01
    1.3630000000e+05    1.5583325693e-01
    1.3640000000e+05    1.3890436537e-01
    1.3650000000e+05    1.1928454891e-01
    1.3660000000e+05    1.2268768541e-01
    1.3670000000e+05    1.2076058141e-01
    1.3680000000e+05    1.2075109636e-01
    1.3690000000e+05    1.3039829315e-01
    1.3700000000e+05    1.5109253799e-01
    1.3710000000e+05    1.1803437540e-01
    1.3720000000e+05    1.1889757006e-01
    1.3730000000e+05    1.5981918018e-01
    1.3740000000e+05    1.3414471919e-01
    1.3750000000e+05    1.3500046146e-01
    1.3760000000e+05    1.2923618442e-01
    1.3770000000e+05    1.3090076245e-01
    1.3780000000e+05    1.2963685088e-01
    1.3790000000e+05    1.2521774630e-01
    1.3800000000e+05    1.4550172826e-01
    1.3810000000e+05    1.1851191098e-01
    1.3820000000e+05    1.2553777507e-01
    1.3830000000e+05    1.6062417274e-01
    1.3840000000e+05    1.2368428121e-01
    1.3850000000e+05    1.3185337393e-01
    1.3860000000e+05    1.3043988794e-01
    1.3870000000e+05    1.3241549526e-01
    1.3880000000e+05    1.3487584503e-01
    1.3890000000e+05    1.3474507210e-01
    1.3900000000e+05    1.4721059110e-01
    1.3910000000e+05    1.2195615604e-01
    1.3920000000e+05    1.2597732108e-01
    1.3930000000e+05    1.1903614204e-01
    1.3940000000e+05    1.2990386038e-01
    1.3950000000e+05    1.2267699707e-01
    1.3960000000e+05    1.2457445717e-01
    1.3970000000e+05    1.5854875828e-01
    1.3980000000e+05    1.2179573841e-01
    1.3990000000e+05    1.2113983297e-01
    1.4000000000e+05    1.2914862216e-01
    1.4010000000e+05    1.3180974219e-01
    1.4020000000e+05    1.2447703688e-01
    1.4030000000e+05    1.2283178756e-01
    1.4040000000e+05    1.1977121940e-01
    1.4050000000e+05    1.1555683378e-01
    1.4060000000e+05    1.4547456579e-01
    1.4070000000e+05    1.2485716835e-01
    1.4080000000e+05    1.1450939472e-01
    1.4090000000e+05    1.3213111961e-01
    1.4100000000e+05    1.2757719809e-01
    1.4110000000e+05    1.1689333006e-01
    1.4120000000e+05    1.5124966158e-01
    1.4130000000e+05    1.3556387429e-01
    1.4140000000e+05    1.3250669860e-01
    1.4150000000e+05    1.5885403938e-01
    1.4160000000e+05    1.0976171296e-01
    1.4170000000e+05    1.2801429775e-01
    1.4180000000e+05    1.3762342763e-01
    1.4190000000e+05    1.8719294186e-01
    1.4200000000e+05    1.4538761764e-01
    1.4210000000e+05    1.4002254086e-01
    1.4220000000e+05    1.3229883117e-01
    1.4230000000e+05    1.4622561252e-01
    1.4240000000e+05    1.2076466972e-01
    1.4250000000e+05    1.9000734122e-01
    1.4260000000e+05    1.4513547547e-01
    1.4270000000e+05    1.6312037813e-01
    1.4280000000e+05    1.4287540649e-01
    1.4290000000e+05    1.4744161678e-01
    1.4300000000e+05    2.3127426209e-01
    1.4310000000e+05    1.4537232234e-01
    1.4320000000e+05    1.4243156470e-01
    1.4330000000e+05    1.2287787117e-01
    1.4340000000e+05    1.2204006606e-01
    1.4350000000e+05    1.2177791772e-01
    1.4360000000e+05    1.2827296778e-01
    1.4370000000e+05    1.3469316766e-01
    1.4380000000e+05    1.3847642728e-01
    1.4390000000e+05    1.6095148608e-01
    1.4400000000e+05    1.4991168327e-01
    1.4410000000e+05    1.1710254432e-01
    1.4420000000e+05    1.3078654110e-01
    1.4430000000e+05    1.1322814680e-01
    1.4440000000e+05    1.2212094078e-01
    1.4450000000e+05    1.1099924773e-01
    1.4460000000e+05    1.4411705943e-01
    1.4470000000e+05    1.2387177015e-01
    1.4480000000e+05    1.2320260183e-01
    1.4490000000e+05    1.3227847430e-01
    1.4500000000e+05    1.4603053252e-01
    1.4510000000e+05    1.3742976693e-01
    1.4520000000e+05    1.5524127628e-01
    1.4530000000e+05    1.3590989807e-01
    1.4540000000e+05    1.6100623187e-01
    1.4550000000e+05    1.3023481885e-01
    1.4560000000e+05    1.8128458251e-01
    1.4570000000e+05    1.3337933253e-01
    1.4580000000e+05    1.6661340866e-01
    1.4590000000e+05    1.1999595953e-01
    1.4600000000e+05    1.7373249755e-01
    1.4610000000e+05    1.4364428453e-01
    1.4620000000e+05    1.4497328860e-01
    1.4630000000e+05    1.2490763354e-01
    1.4640000000e+05    1.7692366156e-01
    1.4650000000e+05    1.6010956748e-01
    1.4660000000e+05    1.7662529463e-01
    1.4670000000e+05    1.2731167988e-01
    1.4680000000e+05    1.5114641773e-01
    1.4690000000e+05    1.5174301969e-01
    1.4700000000e+05    1.4314540574e-01
    1.4710000000e+05    1.1333320053e-01
    1.4720000000e+05    1.4387196605e-01
    1.4730000000e+05    1.6475954158e-01
    1.4740000000e+05    1.1803907105e-01
    1.4750000000e+05    1.3829780327e-01
    1.4760000000e+05    1.4701671584e-01
    1.4770000000e+05    1.5772969497e-01
    1.4780000000e+05    1.2513332878e-01
    1.4790000000e+05    1.7882089088e-01
    1.4800000000e+05    1.2390697842e-01
    1.4810000000e+05    1.4156214151e-01
    1.4820000000e+05    1.5677731106e-01
    1.4830000000e+05    1.8752406124e-01
    1.4840000000e+05    1.2568210513e-01
    1.4850000000e+05    1.4794321485e-01
    1.4860000000e+05    1.4541935039e-01
    1.4870000000e+05    1.2212539232e-01
    1.4880000000e+05    1.3789098312e-01
    1.4890000000e+05    1.4404182063e-01
    1.4900000000e+05    1.4788305093e-01
    1.4910000000e+05    1.6839096367e-01
    1.4920000000e+05    1.6672178630e-01
    1.4930000000e+05    1.6926709340e-01
    1.4940000000e+05    1.3259714958e-01
    1.4950000000e+05    1.6570046525e-01
    1.4960000000e+05    1.7659586842e-01
    1.4970000000e+05    1.6832347171e-01
    1.4980000000e+05    1.6042358545e-01
    1.4990000000e+05    1.4259615597e-01
    1.5000000000e+05    2.1953715468e-01
    1.5010000000e+05    1.7521104168e-01
    1.5020000000e+05    1.5726799884e-01
    1.5030000000e+05    1.6744688370e-01
    1.5040000000e+05    1.6405296950e-01
    1.5050000000e+05    1.4892299237e-01
    1.5060000000e+05    1.4759333680e-01
    1.5070000000e+05    1.5711799365e-01
    1.5080000000e+05    1.3665483039e-01
    1.5090000000e+05    1.3384560196e-01
    1.5100000000e+05    1.4571638641e-01
    1.5110000000e+05    1.3517256178e-01
    1.5120000000e+05    1.3048391125e-01
    1.5130000000e+05    1.2521183963e-01
    1.5140000000e+05    1.3206919489e-01
    1.5150000000e+05    1.2656232135e-01
    1.5160000000e+05    1.5044867680e-01
    1.5170000000e+05    1.2863720229e-01
    1.5180000000e+05    1.3812663034e-01
    1.5190000000e+05    1.4246053353e-01
    1.5200000000e+05    1.3657893619e-01
    1.5210000000e+05    1.2390276389e-01
    1.5220000000e+05    1.2391275348e-01
    1.5230000000e+05    1.1423875409e-01
    1.5240000000e+05    1.4864641607e-01
    1.5250000000e+05    1.4047344210e-01
    1.5260000000e+05    1.4456307729e-01
    1.5270000000e+05    1.1604997750e-01
    1.5280000000e+05    1.5275190745e-01
    1.5290000000e+05    1.6284647683e-01
    1.5300000000e+05    1.5764313581e-01
    1.5310000000e+05    1.7089422707e-01
    1.5320000000e+05    1.7291066485e-01
    1.5330000000e+05    1.5157238649e-01
    1.5340000000e+05    1.6745893908e-01
    1.5350000000e+05    1.7970901615e-01
    1.5360000000e+05    1.4587030661e-01
    1.5370000000e+05    1.4045731917e-01
    1.5380000000e+05    1.3841713984e-01
    1.5390000000e+05    1.3758703758e-01
    1.5400000000e+05    1.7647285336e-01
    1.5410000000e+05    1.7669981876e-01
    1.5420000000e+05    1.6768401085e-01
    1.5430000000e+05    1.6463920200e-01
    1.5440000000e+05    1.6486335578e-01
    1.5450000000e+05    2.0427615792e-01
    1.5460000000e+05    1.7365525832e-01
    1.5470000000e+05    1.4905290144e-01
    1.5480000000e+05    1.7034979684e-01
    1.5490000000e+05    2.0832298207e-01
    1.5500000000e+05    1.5722533034e-01
    1.5510000000e+05    1.6545121085e-01
    1.5520000000e+05    1.4971902969e-01
    1.5530000000e+05    1.8347645764e-01
    1.5540000000e+05    1.4228399557e-01
    1.5550000000e+05    1.6621604491e-01
    1.5560000000e+05    1.5858799981e-01
    1.5570000000e+05    1.8086184883e-01
    1.5580000000e+05    1.6906104424e-01
    1.5590000000e+05    1.7045385770e-01
    1.5600000000e+05    1.6020100753e-01
    1.5610000000e+05    1.7630724272e-01
    1.5620000000e+05    1.4557491228e-01
    1.5630000000e+05    1.8714833581e-01
    1.5640000000e+05    1.1875351049e-01
    1.5650000000e+05    1.8228375046e-01
    1.5660000000e+05    1.5594786388e-01
    1.5670000000e+05    1.6147151834e-01
    1.5680000000e+05    1.3971114693e-01
    1.5690000000e+05    1.4182847323e-01
    1.5700000000e+05    1.4949641812e-01
    1.5710000000e+05    1.8011880663e-01
    1.5720000000e+05    1.8821367817e-01
    1.5730000000e+05    1.8816736679e-01
    1.5740000000e+05    1.6854336705e-01
    1.5750000000e+05    1.9256370477e-01
    1.5760000000e+05    1.7892798015e-01
    1.5770000000e+05    1.9528130013e-01
    1.5780000000e+05    1.4874293039e-01
    1.5790000000e+05    1.8228077671e-01
    1.5800000000e+05    1.5593219829e-01
    1.5810000000e+05    1.3408542640e-01
    1.5820000000e+05    1.6112296212e-01
    1.5830000000e+05    1.3265514044e-01
    1.5840000000e+05    1.5803590661e-01
    1.5850000000e+05    1.4866779883e-01
    1.5860000000e+05    1.5517830592e-01
    1.5870000000e+05    1.4558640183e-01
    1.5880000000e+05    1.5606936042e-01
    1.5890000000e+05    1.8205644000e-01
    1.5900000000e+05    1.5768580093e-01
    1.5910000000e+05    2.0365412587e-01
    1.5920000000e+05    1.7554479234e-01
    1.5930000000e+05    1.3227511096e-01
    1.5940000000e+05    1.7177035526e-01
    1.5950000000e+05    2.4313165746e-01
    1.5960000000e+05    1.6194126683e-01
    1.5970000000e+05    1.4279147101e-01
    1.5980000000e+05    1.2423234261e-01
    1.5990000000e+05    1.5215565321e-01
    1.6000000000e+05    1.5230076569e-01
    1.6010000000e+05    1.2725486143e-01
    1.6020000000e+05    1.5203506902e-01
    1.6030000000e+05    1.3646906577e-01
    1.6040000000e+05    1.3517348912e-01
    1.6050000000e+05    1.4248512241e-01
    1.6060000000e+05    1.4832417676e-01
    1.6070000000e+05    1.9481589727e-01
    1.6080000000e+05    1.6702675576e-01
    1.6090000000e+05    1.5848639826e-01
    1.6100000000e+05    1.4182426876e-01
    1.6110000000e+05    1.6111875070e-01
    1.6120000000e+05    1.1683733377e-01
    1.6130000000e+05    1.4947182833e-01
    1.6140000000e+05    1.5671213025e-01
    1.6150000000e+05    1.7270520871e-01
    1.6160000000e+05    1.5875400674e-01
    1.6170000000e+05    1.5446220767e-01
    1.6180000000e+05    1.3347818456e-01
    1.6190000000e+05    1.5308551507e-01
    1.6200000000e+05    1.5431157957e-01
    1.6210000000e+05    1.5799962840e-01
    1.6220000000e+05    1.6069159345e-01
    1.6230000000e+05    1.3661032097e-01
    1.6240000000e+05    1.7799082401e-01
    1.6250000000e+05    1.4659448654e-01
    1.6260000000e+05    1.5825116671e-01
    1.6270000000e+05    1.3792415031e-01
    1.6280000000e+05    1.3300754836e-01
    1.6290000000e+05    1.1707759352e-01
    1.6300000000e+05    1.5405262548e-01
    1.6310000000e+05    2.0444482644e-01
    1.6320000000e+05    1.6296805770e-01
    1.6330000000e+05    1.2618597517e-01
    1.6340000000e+05    1.3996032106e-01
    1.6350000000e+05    1.3524413135e-01
    1.6360000000e+05    1.2743126904e-01
    1.6370000000e+05    1.2238252938e-01
    1.6380000000e+05    1.2637735291e-01
    1.6390000000e+05    1.1785316542e-01
    1.6400000000e+05    1.3800783704e-01
    1.6410000000e+05    1.6743888106e-01
    1.6420000000e+05    1.2333359495e-01
    1.6430000000e+05    1.3276965438e-01
    1.6440000000e+05    1.1831673180e-01
    1.6450000000e+05    1.4346016697e-01
    1.6460000000e+05    1.1124019141e-01
    1.6470000000e+05    1.2709185733e-01
    1.6480000000e+05    1.3437872628e-01
    1.6490000000e+05    1.8557859060e-01
    1.6500000000e+05    1.3628415634e-01
    1.6510000000e+05    1.3439931570e-01
    1.6520000000e+05    1.6036002926e-01
    1.6530000000e+05    1.3583005540e-01
    1.6540000000e+05    1.3596770439e-01
    1.6550000000e+05    1.2897642330e-01
    1.6560000000e+05    1.1997897391e-01
    1.6570000000e+05    1.4914628219e-01
    1.6580000000e+05    1.5451565565e-01
    1.6590000000e+05    1.2848300291e-01
    1.6600000000e+05    1.2975272666e-01
    1.6610000000e+05    1.2242964142e-01
    1.6620000000e+05    1.1913297714e-01
    1.6630000000e+05    1.2832819899e-01
    1.6640000000e+05    1.3801915930e-01
    1.6650000000e+05    1.3017551127e-01
    1.6660000000e+05    1.3875873047e-01
    1.6670000000e+05    1.4569729068e-01
    1.6680000000e+05    1.5708505168e-01
    1.6690000000e+05    1.5961543856e-01
    1.6700000000e+05    1.5256431026e-01
    1.6710000000e+05    1.1807097972e-01
    1.6720000000e+05    1.3968876386e-01
    1.6730000000e+05    1.1816335748e-01
    1.6740000000e+05    1.4950771428e-01
    1.6750000000e+05    1.2795915805e-01
    1.6760000000e+05    1.2185093803e-01
    1.6770000000e+05    1.2451736611e-01
    1.6780000000e+05    1.6451693588e-01
    1.6790000000e+05    1.3510413254e-01
    1.6800000000e+05    1.4758020818e-01
    1.6810000000e+05    1.5132077888e-01
    1.6820000000e+05    1.3570437164e-01
    1.6830000000e+05    1.2724888947e-01
    1.6840000000e+05    1.2697871164e-01
    1.6850000000e+05    1.2759345771e-01
    1.6860000000e+05    1.2673301845e-01
    1.6870000000e+05    1.5420555953e-01
    1.6880000000e+05    1.6580158087e-01
    1.6890000000e+05    1.4318661481e-01
    1.6900000000e+05    1.3532994368e-01
    1.6910000000e+05    1.2254042892e-01
    1.6920000000e+05    1.4029932759e-01
    1.6930000000e+05    1.2305710506e-01
    1.6940000000e+05    1.3078031556e-01
    1.6950000000e+05    1.7383217204e-01
    1.6960000000e+05    1.3251286054e-01
    1.6970000000e+05    1.3191592434e-01
    1.6980000000e+05    1.2866020311e-01
    1.6990000000e+05    1.5365141752e-01
    1.7000000000e+05    1.4734002468e-01
    1.7010000000e+05    1.3609819184e-01
    1.7020000000e+05    1.2585473185e-01
    1.7030000000e+05    1.3438784480e-01
    1.7040000000e+05    1.2816131254e-01
    1.7050000000e+05    1.2849084805e-01
    1.7060000000e+05    1.0865457509e-01
    1.7070000000e+05    1.1604799490e-01
    1.7080000000e+05    1.3867136774e-01
    1.7090000000e+05    1.1580458515e-01
    1.7100000000e+05    1.2867202167e-01
    1.7110000000e+05    1.6338519622e-01
    1.7120000000e+05    1.4422775124e-01
    1.7130000000e+05    1.3466945894e-01
    1.7140000000e+05    1.5097340158e-01
    1.7150000000e+05    1.8101655641e-01
    1.7160000000e+05    1.6720840877e-01
    1.7170000000e+05    1.5602672779e-01
    1.7180000000e+05    1.3207484773e-01
    1.7190000000e+05    1.6697484172e-01
    1.7200000000e+05    1.4403789477e-01
    1.7210000000e+05    1.2691594183e-01
    1.7220000000e+05    1.4314154199e-01
    1.7230000000e+05    1.3529707945e-01
    1.7240000000e+05    1.2892546068e-01
    1.7250000000e+05    1.1972589492e-01
    1.7260000000e+05    1.6584626102e-01
    1.7270000000e+05    1.4911118544e-01
    1.7280000000e+05    1.6896888928e-01
    1.7290000000e+05    1.3254105936e-01
    1.7300000000e+05    1.3933205717e-01
    1.7310000000e+05    1.3692962796e-01
    1.7320000000e+05    1.6111729488e-01
    1.7330000000e+05    1.4173384613e-01
    1.7340000000e+05    1.3930671957e-01
    1.7350000000e+05    1.2053997916e-01
    1.7360000000e+05    1.4386633628e-01
    1.7370000000e+05    1.2510988864e-01
    1.7380000000e+05    1.3230259720e-01
    1.7390000000e+05    1.3081441437e-01
    1.7400000000e+05    1.4847971174e-01
    1.7410000000e+05    1.5143050580e-01
    1.7420000000e+05    1.2976804171e-01
    1.7430000000e+05    1.3189095679e-01
    1.7440000000e+05    1.2871366694e-01
    1.7450000000e+05    1.4117822905e-01
    1.7460000000e+05    1.4148442425e-01
    1.7470000000e+05    1.4809435444e-01
    1.7480000000e+05    1.2364950916e-01
    1.7490000000e+05    1.3660364496e-01
    1.7500000000e+05    1.2979111364e-01
    1.7510000000e+05    1.3448048120e-01
    1.7520000000e+05    1.1350646085e-01
    1.7530000000e+05    1.2690871977e-01
    1.7540000000e+05    1.2395251116e-01
    1.7550000000e+05    1.1019506717e-01
    1.7560000000e+05    1.1764272098e-01
    1.7570000000e+05    1.7746446390e-01
    1.7580000000e+05    1.3668704167e-01
    1.7590000000e+05    1.1653359379e-01
    1.7600000000e+05    1.2718221698e-01
    1.7610000000e+05    1.3062954151e-01
    1.7620000000e+05    1.3055784076e-01
    1.7630000000e+05    1.2229318537e-01
    1.7640000000e+05    1.4596086088e-01
    1.7650000000e+05    1.3867237364e-01
    1.7660000000e+05    1.0887041897e-01
    1.7670000000e+05    1.2117835733e-01
    1.7680000000e+05    1.2708406738e-01
    1.7690000000e+05    1.2879970734e-01
    1.7700000000e+05    1.3913885368e-01
    1.7710000000e+05    1.2817086044e-01
    1.7720000000e+05    1.3137827589e-01
    1.7730000000e+05    1.4962777512e-01
    1.7740000000e+05    1.6919013842e-01
    1.7750000000e+05    2.0466745271e-01
    1.7760000000e+05    1.6095626266e-01
    1.7770000000e+05    1.1490095131e-01
    1.7780000000e+05    1.1370463135e-01
    1.7790000000e+05    1.2500908236e-01
    1.7800000000e+05    1.2730580030e-01
    1.7810000000e+05    1.3211061141e-01
    1.7820000000e+05    1.2584130997e-01
    1.7830000000e+05    1.2733352156e-01
    1.7840000000e+05    1.3757730249e-01
    1.7850000000e+05    1.3472330547e-01
    1.7860000000e+05    1.8290403177e-01
    1.7870000000e+05    1.3407822227e-01
    1.7880000000e+05    1.3231976271e-01
    1.7890000000e+05    1.4082082955e-01
    1.7900000000e+05    1.4737689133e-01
    1.7910000000e+05    1.3581526435e-01
    1.7920000000e+05    1.2539526365e-01
    1.7930000000e+05    1.1217741697e-01
    1.7940000000e+05    1.3097729587e-01
    1.7950000000e+05    1.1237365922e-01
    1.7960000000e+05    1.4319531923e-01
    1.7970000000e+05    1.1815337421e-01
    1.7980000000e+05    1.3668161168e-01
    1.7990000000e+05    1.2563106780e-01
    1.8000000000e+05    1.4508139908e-01
    1.8010000000e+05    1.1327870222e-01
    1.8020000000e+05    1.2905948568e-01
    1.8030000000e+05    1.2066448767e-01
    1.8040000000e+05    1.1484865790e-01
    1.8050000000e+05    1.3960128898e-01
    1.8060000000e+05    1.0800307299e-01
    1.8070000000e+05    1.2293451551e-01
    1.8080000000e+05    1.1291145499e-01
    1.8090000000e+05    1.2280193754e-01
    1.8100000000e+05    1.2953303592e-01
    1.8110000000e+05    1.2889931943e-01
    1.8120000000e+05    1.4306564963e-01
    1.8130000000e+05    1.6223307190e-01
    1.8140000000e+05    1.2000403118e-01
    1.8150000000e+05    1.2040597002e-01
    1.8160000000e+05    2.2245793478e-01
    1.8170000000e+05    1.2033230889e-01
    1.8180000000e+05    1.3309721173e-01
    1.8190000000e+05    1.3076145737e-01
    1.8200000000e+05    1.2607251856e-01
    1.8210000000e+05    1.3394345520e-01
    1.8220000000e+05    1.2907153329e-01
    1.8230000000e+05    1.2285353438e-01
    1.8240000000e+05    1.4616678675e-01
    1.8250000000e+05    1.2592239360e-01
    1.8260000000e+05    1.2764950363e-01
    1.8270000000e+05    1.3504723419e-01
    1.8280000000e+05    1.2026207412e-01
    1.8290000000e+05    1.1777077975e-01
    1.8300000000e+05    1.4244033865e-01
    1.8310000000e+05    1.3076110203e-01
    1.8320000000e+05    1.3172454771e-01
    1.8330000000e+05    1.2609911628e-01
    1.8340000000e+05    1.2692042391e-01
    1.8350000000e+05    1.2392426991e-01
    1.8360000000e+05    1.2319277748e-01
    1.8370000000e+05    1.2442780226e-01
    1.8380000000e+05    1.3246065463e-01
    1.8390000000e+05    1.1835055236e-01
    1.8400000000e+05    1.2486486542e-01
    1.8410000000e+05    1.1997318319e-01
    1.8420000000e+05    1.8090946486e-01
    1.8430000000e+05    1.1810462248e-01
    1.8440000000e+05    1.1562936450e-01
    1.8450000000e+05    1.1403504075e-01
    1.8460000000e+05    1.6587814165e-01
    1.8470000000e+05    1.5519380965e-01
    1.8480000000e+05    1.4836353683e-01
    1.8490000000e+05    1.5442584662e-01
    1.8500000000e+05    1.3628495226e-01
    1.8510000000e+05    1.5253877504e-01
    1.8520000000e+05    1.0363602089e-01
    1.8530000000e+05    1.5280537431e-01
    1.8540000000e+05    1.1063691610e-01
    1.8550000000e+05    1.2563140159e-01
    1.8560000000e+05    1.2011831031e-01
    1.8570000000e+05    1.2690442109e-01
    1.8580000000e+05    1.3515874533e-01
    1.8590000000e+05    1.9282540245e-01
    1.8600000000e+05    1.8567826027e-01
    1.8610000000e+05    1.3830381114e-01
    1.8620000000e+05    1.6448323898e-01
    1.8630000000e+05    1.4729511575e-01
    1.8640000000e+05    1.3304634220e-01
    1.8650000000e+05    1.6592053225e-01
    1.8660000000e+05    1.2858354287e-01
    1.8670000000e+05    1.4421800992e-01
    1.8680000000e+05    1.4469790634e-01
    1.8690000000e+05    1.2307743749e-01
    1.8700000000e+05    1.4137861459e-01
    1.8710000000e+05    1.3721123296e-01
    1.8720000000e+05    1.4353972225e-01
    1.8730000000e+05    1.6342431613e-01
    1.8740000000e+05    1.6313847738e-01
    1.8750000000e+05    1.5549065682e-01
    1.8760000000e+05    1.4577129038e-01
    1.8770000000e+05    1.5313450576e-01
    1.8780000000e+05    1.5055451994e-01
    1.8790000000e+05    1.5111303242e-01
    1.8800000000e+05    1.3148007876e-01
    1.8810000000e+05    1.2822884177e-01
    1.8820000000e+05    1.1920818525e-01
    1.8830000000e+05    1.4350679813e-01
    1.8840000000e+05    1.6398624743e-01
    1.8850000000e+05    1.4227583580e-01
    1.8860000000e+05    1.5055711489e-01
    1.8870000000e+05    1.4851227307e-01
    1.8880000000e+05    1.2546504230e-01
    1.8890000000e+05    1.5444696729e-01
    1.8900000000e+05    1.6739474055e-01
    1.8910000000e+05    1.6614445795e-01
    1.8920000000e+05    1.7075524667e-01
    1.8930000000e+05    1.5832164283e-01
    1.8940000000e+05    1.3491923846e-01
    1.8950000000e+05    1.4540585213e-01
    1.8960000000e+05    1.3619717449e-01
    1.8970000000e+05    2.4336513724e-01
    1.8980000000e+05    1.9740886917e-01
    1.8990000000e+05    2.2992316505e-01
    1.9000000000e+05    2.1051490607e-01
    1.9010000000e+05    1.1842491500e-01
    1.9020000000e+05    1.3708091012e-01
    1.9030000000e+05    1.4154849283e-01
    1.9040000000e+05    1.2652022103e-01
    1.9050000000e+05    1.5760905412e-01
    1.9060000000e+05    1.4215488935e-01
    1.9070000000e+05    1.3398940407e-01
    1.9080000000e+05    1.4189791907e-01
    1.9090000000e+05    1.3117754535e-01
    1.9100000000e+05    1.1492457052e-01
    1.9110000000e+05    1.1801873905e-01
    1.9120000000e+05    1.5985679354e-01
    1.9130000000e+05    1.8361788711e-01
    1.9140000000e+05    1.6514714880e-01
    1.9150000000e+05    1.3242550270e-01
    1.9160000000e+05    1.4816359948e-01
    1.9170000000e+05    1.3109387056e-01
    1.9180000000e+05    1.2879465142e-01
    1.9190000000e+05    1.1935094120e-01
    1.9200000000e+05    1.2607579121e-01
    1.9210000000e+05    1.3466726853e-01
    1.9220000000e+05    1.8845837992e-01
    1.9230000000e+05    1.1481658716e-01
    1.9240000000e+05    1.1438006542e-01
    1.9250000000e+05    1.1639904619e-01
    1.9260000000e+05    1.4293998249e-01
    1.9270000000e+05    1.3737299613e-01
    1.9280000000e+05    1.4332688202e-01
    1.9290000000e+05    1.6611289425e-01
    1.9300000000e+05    1.2659218059e-01
    1.9310000000e+05    1.2178084795e-01
    1.9320000000e+05    1.3137765895e-01
    1.9330000000e+05    1.0979006055e-01
    1.9340000000e+05    1.2957312630e-01
    1.9350000000e+05    1.1865039545e-01
    1.9360000000e+05    1.3623438574e-01
    1.9370000000e+05    1.3019423246e-01
    1.9380000000e+05    1.6915114296e-01
    1.9390000000e+05    1.5013762347e-01
    1.9400000000e+05    1.6671459525e-01
    1.9410000000e+05    1.4672597464e-01
    1.9420000000e+05    1.6879128262e-01
    1.9430000000e+05    1.6858594317e-01
    1.9440000000e+05    1.4450454742e-01
    1.9450000000e+05    1.4706078151e-01
    1.9460000000e+05    1.7392651441e-01
    1.9470000000e+05    1.5069969568e-01
    1.9480000000e+05    1.6955688463e-01
    1.9490000000e+05    1.1954835151e-01
    1.9500000000e+05    1.3925501381e-01
    1.9510000000e+05    1.5868262781e-01
    1.9520000000e+05    1.5351740879e-01
    1.9530000000e+05    1.5258437475e-01
    1.9540000000e+05    1.1772076703e-01
    1.9550000000e+05    1.1466490531e-01
    1.9560000000e+05    1.2493835756e-01
    1.9570000000e+05    1.3512886570e-01
    1.9580000000e+05    1.5217978493e-01
    1.9590000000e+05    1.5104597183e-01
    1.9600000000e+05    1.2390682807e-01
    1.9610000000e+05    1.3941036466e-01
    1.9620000000e+05    1.3987701966e-01
    1.9630000000e+05    1.6556794554e-01
    1.9640000000e+05    1.5344279593e-01
    1.9650000000e+05    1.2739046282e-01
    1.9660000000e+05    1.1649709655e-01
    1.9670000000e+05    1.2649308393e-01
    1.9680000000e+05    1.2242116805e-01
    1.9690000000e+05    1.2056629466e-01
    1.9700000000e+05    1.4606364544e-01
    1.9710000000e+05    1.2465117928e-01
    1.9720000000e+05    1.3571003719e-01
    1.9730000000e+05    1.2596803142e-01
    1.9740000000e+05    1.5271396405e-01
    1.9750000000e+05    1.3601175458e-01
    1.9760000000e+05    1.3591536410e-01
    1.9770000000e+05    1.4707876005e-01
    1.9780000000e+05    1.2956085924e-01
    1.9790000000e+05    1.2910523194e-01
    1.9800000000e+05    1.7485217409e-01
    1.9810000000e+05    1.3991372361e-01
    1.9820000000e+05    1.7537527216e-01
    1.9830000000e+05    1.3137271150e-01
    1.9840000000e+05    1.4891461527e-01
    1.9850000000e+05    1.1538701594e-01
    1.9860000000e+05    1.3686627877e-01
    1.9870000000e+05    1.7023377711e-01
    1.9880000000e+05    1.4130864795e-01
    1.9890000000e+05    1.3205810982e-01
    1.9900000000e+05    1.6440027907e-01
    1.9910000000e+05    1.2375589085e-01
    1.9920000000e+05    1.6042368986e-01
    1.9930000000e+05    1.2493377014e-01
    1.9940000000e+05    1.8456029833e-01
    1.9950000000e+05    1.4158739461e-01
    1.9960000000e+05    1.2824929297e-01
    1.9970000000e+05    1.0749862992e-01
    1.9980000000e+05    1.1091108962e-01
    1.9990000000e+05    1.4745970694e-01
    2.0000000000e+05    1.3852577341e-01
