    1.0000000000e+02    1.3240118585e-01
    2.0000000000e+02    1.9885621661e-01
    3.0000000000e+02    1.2864355660e-01
    4.0000000000e+02    1.6238271130e-01
    5.0000000000e+02    1.2066730563e-01
    6.0000000000e+02    1.0946416924e-01
    7.0000000000e+02    9.1186838589e-02
    8.0000000000e+02    1.3745382059e-01
    9.0000000000e+02    1.2055360068e-01
    1.0000000000e+03    1.4035311039e-01
    1.1000000000e+03    1.1545544952e-01
    1.2000000000e+03    1.0964777301e-01
    1.3000000000e+03    1.4982794374e-01
    1.4000000000e+03    1.2231338371e-01
    1.5000000000e+03    1.7703240898e-01
    1.6000000000e+03    1.9165956677e-01
    1.7000000000e+03    1.7222414249e-01
    1.8000000000e+03    1.5233304385e-01
    1.9000000000e+03    1.3454436914e-01
    2.0000000000e+03    1.5409594323e-01
    2.1000000000e+03    1.0740199730e-01
    2.2000000000e+03    1.4535009173e-01
    2.3000000000e+03    1.1984951528e-01
    2.4000000000e+03    9.9061310007e-02
    2.5000000000e+03    1.1555861728e-01
    2.6000000000e+03    1.2756125443e-01
    2.7000000000e+03    1.0918330847e-01
    2.8000000000e+03    9.6057681743e-02
    2.9000000000e+03    1.1627696051e-01
    3.0000000000e+03    1.0398947263e-01
    3.1000000000e+03    1.1416299683e-01
    3.2000000000e+03    9.4710396163e-02
    3.3000000000e+03    1.1978052293e-01
    3.4000000000e+03    2.4612056051e-01
    3.5000000000e+03    2.0071037631e-01
    3.6000000000e+03    2.1565590079e-01
    3.7000000000e+03    1.0648855428e-01
    3.8000000000e+03    1.1038807692e-01
    3.9000000000e+03    1.3803984983e-01
    4.0000000000e+03    1.5683019636e-01
    4.1000000000e+03    1.4857184605e-01
    4.2000000000e+03    1.7371426085e-01
    4.3000000000e+03    1.4131464979e-01
    4.4000000000e+03    2.7775595604e-01
    4.5000000000e+03    1.0854119375e-01
    4.6000000000e+03    9.2760683093e-02
    4.7000000000e+03    1.2632155459e-01
    4.8000000000e+03    1.4580705673e-01
    4.9000000000e+03    9.8352798699e-02
    5.0000000000e+03    1.3840674215e-01
    5.1000000000e+03    1.1819087842e-01
    5.2000000000e+03    1.2503030180e-01
    5.3000000000e+03    1.6428102668e-01
    5.4000000000e+03    1.7314046832e-01
    5.5000000000e+03    1.7557219462e-01
    5.6000000000e+03    1.4742121439e-01
    5.7000000000e+03    4.0944862282e-01
    5.8000000000e+03    1.1671080780e-01
    5.9000000000e+03    1.1956677684e-01
    6.0000000000e+03    1.9428643835e-01
    6.1000000000e+03    1.1122762008e-01
    6.2000000000e+03    2.2596204921e-01
    6.3000000000e+03    9.9838988880e-02
    6.4000000000e+03    1.0192586673e-01
    6.5000000000e+03    1.0512145882e-01
    6.6000000000e+03    1.3637549380e-01
    6.7000000000e+03    1.3547610022e-01
    6.8000000000e+03    1.1555810506e-01
    6.9000000000e+03    1.4886113046e-01
    7.0000000000e+03    1.4664458062e-01
    7.1000000000e+03    1.3383657747e-01
    7.2000000000e+03    1.4115728490e-01
    7.3000000000e+03    1.7874293837e-01
    7.4000000000e+03    3.4213228186e-01
    7.5000000000e+03    1.5165392348e-01
    7.6000000000e+03    1.6963029180e-01
    7.7000000000e+03    1.5214676723e-01
    7.8000000000e+03    1.2566225529e-01
    7.9000000000e+03    9.2583280534e-02
    8.0000000000e+03    1.2885913317e-01
    8.1000000000e+03    1.2919452073e-01
    8.2000000000e+03    1.1716000853e-01
    8.3000000000e+03    9.5431684583e-02
    8.4000000000e+03    1.1655318196e-01
    8.5000000000e+03    1.0984385066e-01
    8.6000000000e+03    1.2851069998e-01
    8.7000000000e+03    1.2517230637e-01
    8.8000000000e+03    1.4379824897e-01
    8.9000000000e+03    1.2732639325e-01
    9.0000000000e+03    1.1400788258e-01
    9.1000000000e+03    1.2378866521e-01
    9.2000000000e+03    1.1519161297e-01
    9.3000000000e+03    1.6260249995e-01
    9.4000000000e+03    1.1405983309e-01
    9.5000000000e+03    1.3648128128e-01
    9.6000000000e+03    1.1323321284e-01
    9.7000000000e+03    1.3527321011e-01
    9.8000000000e+03    1.0943921604e-01
    9.9000000000e+03    1.1734410081e-01
    1.0000000000e+04    1.1449847208e-01
    1.0100000000e+04    1.2134953728e-01
    1.0200000000e+04    9.2049283713e-02
    1.0300000000e+04    1.2008097817e-01
    1.0400000000e+04    1.0710893374e-01
    1.0500000000e+04    8.7338341185e-02
    1.0600000000e+04    1.1411154426e-01
    1.0700000000e+04    9.8446312431e-02
    1.0800000000e+04    1.3621464847e-01
    1.0900000000e+04    1.1850675748e-01
    1.1000000000e+04    1.1359003455e-01
    1.1100000000e+04    9.7742366936e-02
    1.1200000000e+04    1.2544048675e-01
    1.1300000000e+04    1.0174512039e-01
    1.1400000000e+04    1.0032396149e-01
    1.1500000000e+04    1.0083497839e-01
    1.1600000000e+04    1.1965364220e-01
    1.1700000000e+04    1.6122841382e-01
    1.1800000000e+04    1.0801050430e-01
    1.1900000000e+04    1.8079484512e-01
    1.2000000000e+04    1.1664831556e-01
    1.2100000000e+04    1.0534107520e-01
    1.2200000000e+04    1.1618230123e-01
    1.2300000000e+04    9.4528852192e-02
    1.2400000000e+04    8.9752810466e-02
    1.2500000000e+04    1.0976824417e-01
    1.2600000000e+04    1.4050845544e-01
    1.2700000000e+04    9.4097952582e-02
    1.2800000000e+04    9.3374400409e-02
    1.2900000000e+04    1.2858427264e-01
    1.3000000000e+04    8.8555587889e-02
    1.3100000000e+04    1.1286479364e-01
    1.3200000000e+04    1.0208449721e-01
    1.3300000000e+04    9.4167895675e-02
    1.3400000000e+04    9.0157244059e-02
    1.3500000000e+04    1.0123860516e-01
    1.3600000000e+04    1.2130455478e-01
    1.3700000000e+04    1.1230556795e-01
    1.3800000000e+04    1.2948915670e-01
    1.3900000000e+04    1.8920547256e-01
    1.4000000000e+04    1.6348024606e-01
    1.4100000000e+04    1.0831223466e-01
    1.4200000000e+04    1.1050162612e-01
    1.4300000000e+04    1.1095571827e-01
    1.4400000000e+04    9.5381043916e-02
    1.4500000000e+04    9.6300609123e-02
    1.4600000000e+04    9.7291561133e-02
    1.4700000000e+04    9.9397449530e-02
    1.4800000000e+04    1.2364368158e-01
    1.4900000000e+04    9.4592628251e-02
    1.5000000000e+04    1.3485474076e-01
    1.5100000000e+04    1.1355138873e-01
    1.5200000000e+04    1.1202898047e-01
    1.5300000000e+04    1.1006103861e-01
    1.5400000000e+04    8.8484516692e-02
    1.5500000000e+04    1.1798553510e-01
    1.5600000000e+04    1.2067702266e-01
    1.5700000000e+04    1.1225985184e-01
    1.5800000000e+04    1.0107997173e-01
    1.5900000000e+04    9.9507593901e-02
    1.6000000000e+04    1.0293703920e-01
    1.6100000000e+04    1.0979435780e-01
    1.6200000000e+04    8.2635008970e-02
    1.6300000000e+04    1.1174249286e-01
    1.6400000000e+04    1.0402179080e-01
    1.6500000000e+04    1.0945186841e-01
    1.6600000000e+04    1.3075500144e-01
    1.6700000000e+04    1.4874386144e-01
    1.6800000000e+04    1.2876178145e-01
    1.6900000000e+04    1.2918699589e-01
    1.7000000000e+04    1.1121259389e-01
    1.7100000000e+04    8.8927676040e-02
    1.7200000000e+04    9.1235182039e-02
    1.7300000000e+04    1.0992658632e-01
    1.7400000000e+04    1.0635660502e-01
    1.7500000000e+04    1.0499736040e-01
    1.7600000000e+04    1.0065152083e-01
    1.7700000000e+04    1.4281918430e-01
    1.7800000000e+04    1.1136564072e-01
    1.7900000000e+04    1.1089732484e-01
    1.8000000000e+04    8.4629242009e-02
    1.8100000000e+04    9.6294156219e-02
    1.8200000000e+04    9.2899993329e-02
    1.8300000000e+04    1.0569105934e-01
    1.8400000000e+04    1.1345498208e-01
    1.8500000000e+04    1.1399057966e-01
    1.8600000000e+04    9.8009013595e-02
    1.8700000000e+04    1.1313244989e-01
    1.8800000000e+04    1.1951421467e-01
    1.8900000000e+04    1.1952809484e-01
    1.9000000000e+04    1.3728458893e-01
    1.9100000000e+04    1.0173348566e-01
    1.9200000000e+04    1.2645385796e-01
    1.9300000000e+04    1.0622472816e-01
    1.9400000000e+04    1.1611631759e-01
    1.9500000000e+04    1.2541409277e-01
    1.9600000000e+04    1.1734039287e-01
    1.9700000000e+04    1.0303324265e-01
    1.9800000000e+04    1.1121993740e-01
    1.9900000000e+04    1.0046771846e-01
    2.0000000000e+04    9.0691833106e-02
    2.0100000000e+04    9.7484645222e-02
    2.0200000000e+04    1.1667706053e-01
    2.0300000000e+04    1.0727007959e-01
    2.0400000000e+04    1.1174703561e-01
    2.0500000000e+04    1.3420060804e-01
    2.0600000000e+04    1.3007001804e-01
    2.0700000000e+04    1.0618392294e-01
    2.0800000000e+04    1.4774455350e-01
    2.0900000000e+04    1.3741474287e-01
    2.1000000000e+04    1.1300660381e-01
    2.1100000000e+04    1.2431954905e-01
    2.1200000000e+04    1.5031560196e-01
    2.1300000000e+04    1.1891020353e-01
    2.1400000000e+04    1.1390749658e-01
    2.1500000000e+04    1.7131718549e-01
    2.1600000000e+04    2.1089921212e-01
    2.1700000000e+04    1.5088674453e-01
    2.1800000000e+04    1.3161116652e-01
    2.1900000000e+04    1.5082372828e-01
    2.2000000000e+04    1.6025867659e-01
    2.2100000000e+04    1.5790090712e-01
    2.2200000000e+04    1.1695441683e-01
    2.2300000000e+04    9.6548898757e-02
    2.2400000000e+04    1.0000990807e-01
    2.2500000000e+04    1.0476231382e-01
    2.2600000000e+04    1.3933109566e-01
    2.2700000000e+04    1.1461543055e-01
    2.2800000000e+04    1.3372346269e-01
    2.2900000000e+04    1.0937645039e-01
    2.3000000000e+04    1.0776768136e-01
    2.3100000000e+04    1.0026592870e-01
    2.3200000000e+04    1.2180538843e-01
    2.3300000000e+04    1.2726102148e-01
    2.3400000000e+04    1.1357619123e-01
    2.3500000000e+04    1.1815436986e-01
    2.3600000000e+04    1.2622165608e-01
    2.3700000000e+04    1.2700350644e-01
    2.3800000000e+04    9.8282285160e-02
    2.3900000000e+04    1.2702917883e-01
    2.4000000000e+04    8.6722683335e-02
    2.4100000000e+04    1.3784849732e-01
    2.4200000000e+04    1.1818757298e-01
    2.4300000000e+04    1.2480930080e-01
    2.4400000000e+04    1.1562263006e-01
    2.4500000000e+04    1.1095641741e-01
    2.4600000000e+04    1.0378286619e-01
    2.4700000000e+04    9.5618774085e-02
    2.4800000000e+04    9.7372507287e-02
    2.4900000000e+04    8.8647058909e-02
    2.5000000000e+04    1.1493945789e-01
    2.5100000000e+04    9.0123885594e-02
    2.5200000000e+04    1.1120265364e-01
    2.5300000000e+04    1.0793387577e-01
    2.5400000000e+04    1.2360518926e-01
    2.5500000000e+04    1.0796366568e-01
    2.5600000000e+04    1.0246837587e-01
    2.5700000000e+04    1.0582859640e-01
    2.5800000000e+04    1.1817850027e-01
    2.5900000000e+04    1.1598111791e-01
    2.6000000000e+04    9.0825949460e-02
    2.6100000000e+04    1.2435092481e-01
    2.6200000000e+04    1.1783146845e-01
    2.6300000000e+04    1.1230734697e-01
    2.6400000000e+04    9.9897828961e-02
    2.6500000000e+04    1.0888587268e-01
    2.6600000000e+04    1.3468318394e-01
    2.6700000000e+04    1.3311362327e-01
    2.6800000000e+04    1.6430269799e-01
    2.6900000000e+04    8.3208485897e-02
    2.7000000000e+04    1.1211237212e-01
    2.7100000000e+04    1.0336179268e-01
    2.7200000000e+04    1.0032103957e-01
    2.7300000000e+04    9.4103779526e-02
    2.7400000000e+04    1.1618681186e-01
    2.7500000000e+04    1.0991236782e-01
    2.7600000000e+04    9.7899815001e-02
    2.7700000000e+04    9.7420007895e-02
    2.7800000000e+04    1.3738241436e-01
    2.7900000000e+04    1.1074951367e-01
    2.8000000000e+04    1.2079719278e-01
    2.8100000000e+04    1.1305358648e-01
    2.8200000000e+04    1.2773334164e-01
    2.8300000000e+04    1.4486277364e-01
    2.8400000000e+04    1.5955061683e-01
    2.8500000000e+04    1.0608202163e-01
    2.8600000000e+04    1.1372423078e-01
    2.8700000000e+04    1.1364027176e-01
    2.8800000000e+04    1.1209967596e-01
    2.8900000000e+04    9.5255069295e-02
    2.9000000000e+04    1.1182771238e-01
    2.9100000000e+04    1.1640220065e-01
    2.9200000000e+04    1.2011696225e-01
    2.9300000000e+04    1.4093207480e-01
    2.9400000000e+04    1.2473992896e-01
    2.9500000000e+04    1.1975369880e-01
    2.9600000000e+04    9.5017333957e-02
    2.9700000000e+04    1.0789540666e-01
    2.9800000000e+04    1.8127001144e-01
    2.9900000000e+04    1.6704454964e-01
    3.0000000000e+04    1.1927806305e-01
    3.0100000000e+04    1.4444700389e-01
    3.0200000000e+04    1.4491367183e-01
    3.0300000000e+04    1.1902149334e-01
    3.0400000000e+04    1.1061294375e-01
    3.0500000000e+04    1.0085699798e-01
    3.0600000000e+04    1.3435686191e-01
    3.0700000000e+04    1.0302389162e-01
    3.0800000000e+04    1.0991171866e-01
    3.0900000000e+04    9.2207525831e-02
    3.1000000000e+04    1.4777477338e-01
    3.1100000000e+04    1.3744586440e-01
    3.1200000000e+04    1.1009076633e-01
    3.1300000000e+04    1.2607201576e-01
    3.1400000000e+04    1.0429360316e-01
    3.1500000000e+04    1.4682399164e-01
    3.1600000000e+04    1.3264890736e-01
    3.1700000000e+04    1.3086475027e-01
    3.1800000000e+04    1.3107136250e-01
    3.1900000000e+04    1.5755670771e-01
    3.2000000000e+04    1.2601648198e-01
    3.2100000000e+04    1.1857326638e-01
    3.2200000000e+04    1.1459473196e-01
    3.2300000000e+04    1.1821511148e-01
    3.2400000000e+04    1.5567364049e-01
    3.2500000000e+04    1.1268698961e-01
    3.2600000000e+04    1.1076717076e-01
    3.2700000000e+04    1.3516878095e-01
    3.2800000000e+04    1.3047811489e-01
    3.2900000000e+04    1.3809101947e-01
    3.3000000000e+04    1.1547701348e-01
    3.3100000000e+04    9.7691898314e-02
    3.3200000000e+04    1.1567806655e-01
    3.3300000000e+04    1.1699566311e-01
    3.3400000000e+04    1.1648401900e-01
    3.3500000000e+04    1.1400621058e-01
    3.3600000000e+04    1.0569462819e-01
    3.3700000000e+04    1.1590727952e-01
    3.3800000000e+04    1.0463162737e-01
    3.3900000000e+04    1.1343143256e-01
    3.4000000000e+04    1.1147546508e-01
    3.4100000000e+04    1.2145293376e-01
    3.4200000000e+04    1.2702572224e-01
    3.4300000000e+04    9.8048560866e-02
    3.4400000000e+04    1.2919451872e-01
    3.4500000000e+04    1.3286708775e-01
    3.4600000000e+04    1.1318900897e-01
    3.4700000000e+04    1.1259958520e-01
    3.4800000000e+04    1.2230439608e-01
    3.4900000000e+04    1.5365752390e-01
    3.5000000000e+04    1.3276951991e-01
    3.5100000000e+04    1.3247785877e-01
    3.5200000000e+04    1.0582489642e-01
    3.5300000000e+04    1.0634364262e-01
    3.5400000000e+04    1.6403082892e-01
    3.5500000000e+04    1.3532033854e-01
    3.5600000000e+04    1.0562177591e-01
    3.5700000000e+04    1.0741176564e-01
    3.5800000000e+04    1.0938166314e-01
    3.5900000000e+04    1.3295385024e-01
    3.6000000000e+04    9.4146990265e-02
    3.6100000000e+04    1.0866860160e-01
    3.6200000000e+04    1.0919532430e-01
    3.6300000000e+04    1.2485778520e-01
    3.6400000000e+04    1.1870184162e-01
    3.6500000000e+04    1.2108928457e-01
    3.6600000000e+04    1.4409396069e-01
    3.6700000000e+04    1.2295865926e-01
    3.6800000000e+04    1.2072681326e-01
    3.6900000000e+04    1.6000287996e-01
    3.7000000000e+04    1.5021594409e-01
    3.7100000000e+04    1.2262914774e-01
    3.7200000000e+04    1.4415315505e-01
    3.7300000000e+04    1.2799803113e-01
    3.7400000000e+04    1.4119064275e-01
    3.7500000000e+04    1.4168861781e-01
    3.7600000000e+04    1.1668086020e-01
    3.7700000000e+04    1.3889277560e-01
    3.7800000000e+04    1.1818289259e-01
    3.7900000000e+04    1.4002689635e-01
    3.8000000000e+04    1.0542906499e-01
    3.8100000000e+04    9.7839543441e-02
    3.8200000000e+04    1.0118451493e-01
    3.8300000000e+04    1.4191483369e-01
    3.8400000000e+04    1.4333948119e-01
    3.8500000000e+04    1.0395574406e-01
    3.8600000000e+04    1.2678872963e-01
    3.8700000000e+04    1.0755562532e-01
    3.8800000000e+04    1.1470198884e-01
    3.8900000000e+04    9.7120011977e-02
    3.9000000000e+04    9.9549068565e-02
    3.9100000000e+04    8.5451673271e-02
    3.9200000000e+04    1.2301946349e-01
    3.9300000000e+04    1.0066629498e-01
    3.9400000000e+04    9.2450339532e-02
    3.9500000000e+04    1.2717438187e-01
    3.9600000000e+04    1.1177659030e-01
    3.9700000000e+04    1.0875333938e-01
    3.9800000000e+04    1.2233763804e-01
    3.9900000000e+04    1.2487990256e-01
    4.0000000000e+04    1.1588918434e-01
    4.0100000000e+04    1.1651267023e-01
    4.0200000000e+04    9.9846428203e-02
    4.0300000000e+04    1.0841349438e-01
    4.0400000000e+04    1.2938085859e-01
    4.0500000000e+04    1.3607256123e-01
    4.0600000000e+04    1.2061132284e-01
    4.0700000000e+04    1.3755690886e-01
    4.0800000000e+04    1.4691871778e-01
    4.0900000000e+04    1.6334736169e-01
    4.1000000000e+04    1.2450044082e-01
    4.1100000000e+04    1.2223148320e-01
    4.1200000000e+04    1.0503925178e-01
    4.1300000000e+04    1.0294563838e-01
    4.1400000000e+04    1.0030446427e-01
    4.1500000000e+04    8.4165932298e-02
    4.1600000000e+04    1.3785457584e-01
    4.1700000000e+04    1.2514888051e-01
    4.1800000000e+04    1.1774108772e-01
    4.1900000000e+04    1.3577322860e-01
    4.2000000000e+04    1.3054864121e-01
    4.2100000000e+04    1.2829735599e-01
    4.2200000000e+04    1.2484458733e-01
    4.2300000000e+04    1.0701095941e-01
    4.2400000000e+04    1.1495843019e-01
    4.2500000000e+04    1.2200472919e-01
    4.2600000000e+04    1.3686516049e-01
    4.2700000000e+04    1.3715041950e-01
    4.2800000000e+04    1.0237148315e-01
    4.2900000000e+04    1.0776662678e-01
    4.3000000000e+04    1.2565954158e-01
    4.3100000000e+04    1.4115402206e-01
    4.3200000000e+04    1.2031446087e-01
    4.3300000000e+04    1.1626476933e-01
    4.3400000000e+04    1.5327604436e-01
    4.3500000000e+04    1.7175147587e-01
    4.3600000000e+04    1.4507739462e-01
    4.3700000000e+04    1.1598294137e-01
    4.3800000000e+04    1.4810983988e-01
    4.3900000000e+04    1.9480281312e-01
    4.4000000000e+04    1.6439785355e-01
    4.4100000000e+04    1.2067073873e-01
    4.4200000000e+04    1.2413987692e-01
    4.4300000000e+04    1.1274059574e-01
    4.4400000000e+04    1.1270632475e-01
    4.4500000000e+04    1.3064618942e-01
    4.4600000000e+04    1.2954067743e-01
    4.4700000000e+04    1.2095881435e-01
    4.4800000000e+04    1.2569566497e-01
    4.4900000000e+04    1.2262966929e-01
    4.5000000000e+04    1.3529209683e-01
    4.5100000000e+04    8.7273697338e-02
    4.5200000000e+04    1.6760615390e-01
    4.5300000000e+04    1.3114564137e-01
    4.5400000000e+04    1.4632197513e-01
    4.5500000000e+04    1.3084308824e-01
    4.5600000000e+04    1.3371836864e-01
    4.5700000000e+04    1.2143370789e-01
    4.5800000000e+04    1.2025627262e-01
    4.5900000000e+04    1.0851674683e-01
    4.6000000000e+04    1.1115448996e-01
    4.6100000000e+04    1.1088685712e-01
    4.6200000000e+04    1.1408409055e-01
    4.6300000000e+04    1.3285979299e-01
    4.6400000000e+04    1.1548112100e-01
    4.6500000000e+04    1.0871144328e-01
    4.6600000000e+04    1.1042354567e-01
    4.6700000000e+04    1.3946809596e-01
    4.6800000000e+04    1.0625075636e-01
    4.6900000000e+04    1.2527852823e-01
    4.7000000000e+04    1.0265680128e-01
    4.7100000000e+04    1.3701440193e-01
    4.7200000000e+04    1.1189678996e-01
    4.7300000000e+04    1.2019191568e-01
    4.7400000000e+04    1.2959704214e-01
    4.7500000000e+04    1.1706441948e-01
    4.7600000000e+04    1.4318713916e-01
    4.7700000000e+04    1.2151791845e-01
    4.7800000000e+04    1.2881550836e-01
    4.7900000000e+04    1.7047409477e-01
    4.8000000000e+04    1.2308216498e-01
    4.8100000000e+04    1.1635917748e-01
    4.8200000000e+04    1.3193560427e-01
    4.8300000000e+04    1.5409740443e-01
    4.8400000000e+04    1.2825239054e-01
    4.8500000000e+04    1.5888485047e-01
    4.8600000000e+04    1.2950066358e-01
    4.8700000000e+04    1.2890946423e-01
    4.8800000000e+04    1.3217843192e-01
    4.8900000000e+04    1.2016440330e-01
    4.9000000000e+04    1.1110229998e-01
    4.9100000000e+04    1.0001600631e-01
    4.9200000000e+04    1.0015105170e-01
    4.9300000000e+04    1.2099634909e-01
    4.9400000000e+04    1.3471931996e-01
    4.9500000000e+04    1.3664238329e-01
    4.9600000000e+04    1.2532383693e-01
    4.9700000000e+04    1.5581661567e-01
    4.9800000000e+04    1.2424767697e-01
    4.9900000000e+04    1.1038218804e-01
    5.0000000000e+04    1.1355059338e-01
    5.0100000000e+04    1.1621290396e-01
    5.0200000000e+04    9.4512204105e-02
    5.0300000000e+04    1.1895406806e-01
    5.0400000000e+04    9.7317616030e-02
    5.0500000000e+04    1.2736249543e-01
    5.0600000000e+04    1.1225694083e-01
    5.0700000000e+04    1.3557988467e-01
    5.0800000000e+04    1.6473860788e-01
    5.0900000000e+04    1.3806022091e-01
    5.1000000000e+04    1.1591846219e-01
    5.1100000000e+04    1.5696589448e-01
    5.1200000000e+04    1.7177868061e-01
    5.1300000000e+04    1.6666603177e-01
    5.1400000000e+04    1.3438088507e-01
    5.1500000000e+04    1.4000187369e-01
    5.1600000000e+04    1.2130500832e-01
    5.1700000000e+04    1.3020967550e-01
    5.1800000000e+04    1.1628582920e-01
    5.1900000000e+04    1.5593538464e-01
    5.2000000000e+04    1.4938686889e-01
    5.2100000000e+04    1.9118457986e-01
    5.2200000000e+04    1.5486519490e-01
    5.2300000000e+04    1.4701586280e-01
    5.2400000000e+04    1.6732397686e-01
    5.2500000000e+04    1.4257606742e-01
    5.2600000000e+04    1.4067266661e-01
    5.2700000000e+04    1.1788489897e-01
    5.2800000000e+04    1.3972651641e-01
    5.2900000000e+04    1.2204567465e-01
    5.3000000000e+04    1.5587356009e-01
    5.3100000000e+04    1.4092755747e-01
    5.3200000000e+04    1.0718324060e-01
    5.3300000000e+04    1.1905934807e-01
    5.3400000000e+04    1.0890695606e-01
    5.3500000000e+04    1.3905661210e-01
    5.3600000000e+04    1.1979027429e-01
    5.3700000000e+04    1.1242479355e-01
    5.3800000000e+04    1.0373134406e-01
    5.3900000000e+04    1.2193663977e-01
    5.4000000000e+04    1.2161288800e-01
    5.4100000000e+04    1.2507151618e-01
    5.4200000000e+04    1.1974597450e-01
    5.4300000000e+04    1.2844722997e-01
    5.4400000000e+04    9.8764559860e-02
    5.4500000000e+04    1.0845152638e-01
    5.4600000000e+04    1.3210143931e-01
    5.4700000000e+04    1.0377158947e-01
    5.4800000000e+04    9.5601555380e-02
    5.4900000000e+04    1.0836695992e-01
    5.5000000000e+04    1.4228018002e-01
    5.5100000000e+04    1.1002859280e-01
    5.5200000000e+04    9.5592884455e-02
    5.5300000000e+04    1.1187577791e-01
    5.5400000000e+04    1.2107203590e-01
    5.5500000000e+04    1.2385512504e-01
    5.5600000000e+04    1.0946445662e-01
    5.5700000000e+04    1.2929076340e-01
    5.5800000000e+04    1.1881434824e-01
    5.5900000000e+04    1.3058638079e-01
    5.6000000000e+04    1.0670338122e-01
    5.6100000000e+04    1.0756674330e-01
    5.6200000000e+04    1.0288958436e-01
    5.6300000000e+04    1.2465185802e-01
    5.6400000000e+04    1.0032886986e-01
    5.6500000000e+04    1.1864803577e-01
    5.6600000000e+04    1.1976355889e-01
    5.6700000000e+04    1.1318701677e-01
    5.6800000000e+04    8.5952728400e-02
    5.6900000000e+04    1.2204942088e-01
    5.7000000000e+04    1.1827276730e-01
    5.7100000000e+04    1.3805956951e-01
    5.7200000000e+04    1.0779590693e-01
    5.7300000000e+04    1.3457040104e-01
    5.7400000000e+04    1.3240718253e-01
    5.7500000000e+04    8.5367953469e-02
    5.7600000000e+04    9.5609964114e-02
    5.7700000000e+04    1.5135134952e-01
    5.7800000000e+04    1.4484579613e-01
    5.7900000000e+04    1.0817995073e-01
    5.8000000000e+04    9.7285811055e-02
    5.8100000000e+04    1.1211470436e-01
    5.8200000000e+04    1.3733333847e-01
    5.8300000000e+04    1.2262319360e-01
    5.8400000000e+04    1.2175114467e-01
    5.8500000000e+04    1.0414550814e-01
    5.8600000000e+04    1.3365983344e-01
    5.8700000000e+04    1.2828130528e-01
    5.8800000000e+04    1.3493303701e-01
    5.8900000000e+04    1.0386488785e-01
    5.9000000000e+04    1.2216604456e-01
    5.9100000000e+04    1.1497341595e-01
    5.9200000000e+04    1.3071841986e-01
    5.9300000000e+04    9.2308847037e-02
    5.9400000000e+04    8.2485794444e-02
    5.9500000000e+04    9.3770275462e-02
    5.9600000000e+04    9.8746253615e-02
    5.9700000000e+04    9.9390912472e-02
    5.9800000000e+04    1.0743952455e-01
    5.9900000000e+04    1.1473266962e-01
    6.0000000000e+04    1.2262988352e-01
    6.0100000000e+04    1.0153161637e-01
    6.0200000000e+04    8.8217921172e-02
    6.0300000000e+04    9.9566614452e-02
    6.0400000000e+04    1.0109697634e-01
    6.0500000000e+04    9.7103934561e-02
    6.0600000000e+04    1.4751109599e-01
    6.0700000000e+04    8.3152474230e-02
    6.0800000000e+04    1.0622514474e-01
    6.0900000000e+04    9.3570646086e-02
    6.1000000000e+04    1.3064082721e-01
    6.1100000000e+04    9.9721200417e-02
    6.1200000000e+04    9.8104627261e-02
    6.1300000000e+04    9.6928278168e-02
    6.1400000000e+04    9.6138575673e-02
    6.1500000000e+04    9.6962435439e-02
    6.1600000000e+04    1.0375029780e-01
    6.1700000000e+04    1.1639562746e-01
    6.1800000000e+04    1.0411289250e-01
    6.1900000000e+04    1.0411936973e-01
    6.2000000000e+04    1.3060269346e-01
    6.2100000000e+04    1.2659955369e-01
    6.2200000000e+04    1.0214145215e-01
    6.2300000000e+04    1.6364779938e-01
    6.2400000000e+04    1.1811747161e-01
    6.2500000000e+04    8.9434558768e-02
    6.2600000000e+04    1.0042241923e-01
    6.2700000000e+04    9.6830448722e-02
    6.2800000000e+04    8.7602653983e-02
    6.2900000000e+04    1.1010923192e-01
    6.3000000000e+04    1.3506757883e-01
    6.3100000000e+04    1.1373327362e-01
    6.3200000000e+04    9.9268468440e-02
    6.3300000000e+04    1.0984824640e-01
    6.3400000000e+04    1.1402798832e-01
    6.3500000000e+04    9.1469469362e-02
    6.3600000000e+04    1.2641084344e-01
    6.3700000000e+04    1.1899669773e-01
    6.3800000000e+04    1.0890709523e-01
    6.3900000000e+04    1.0263944950e-01
    6.4000000000e+04    9.7429577643e-02
    6.4100000000e+04    1.1133945834e-01
    6.4200000000e+04    1.1367409217e-01
    6.4300000000e+04    1.1440336322e-01
    6.4400000000e+04    1.1887426398e-01
    6.4500000000e+04    9.0500115402e-02
    6.4600000000e+04    1.0684562704e-01
    6.4700000000e+04    1.0929489477e-01
    6.4800000000e+04    1.2703895347e-01
    6.4900000000e+04    1.2979561662e-01
    6.5000000000e+04    8.7323146327e-02
    6.5100000000e+04    9.9891985717e-02
    6.5200000000e+04    1.0823531067e-01
    6.5300000000e+04    9.8564178993e-02
    6.5400000000e+04    1.2477576209e-01
    6.5500000000e+04    8.8428783860e-02
    6.5600000000e+04    1.2438109649e-01
    6.5700000000e+04    1.1181611535e-01
    6.5800000000e+04    1.1895541016e-01
    6.5900000000e+04    1.1332734850e-01
    6.6000000000e+04    1.7075550188e-01
    6.6100000000e+04    1.4192398685e-01
    6.6200000000e+04    1.2648158756e-01
    6.6300000000e+04    1.1622426350e-01
    6.6400000000e+04    1.4892692966e-01
    6.6500000000e+04    1.1900953200e-01
    6.6600000000e+04    1.1519819736e-01
    6.6700000000e+04    1.4928122967e-01
    6.6800000000e+04    1.1461895283e-01
    6.6900000000e+04    9.9212396423e-02
    6.7000000000e+04    1.0788331038e-01
    6.7100000000e+04    9.1056049653e-02
    6.7200000000e+04    8.8435677069e-02
    6.7300000000e+04    1.0274078389e-01
    6.7400000000e+04    8.2859787132e-02
    6.7500000000e+04    1.0251890281e-01
    6.7600000000e+04    1.0025903483e-01
    6.7700000000e+04    1.0479083412e-01
    6.7800000000e+04    1.2145089525e-01
    6.7900000000e+04    1.1383380633e-01
    6.8000000000e+04    9.3113541088e-02
    6.8100000000e+04    1.0335987037e-01
    6.8200000000e+04    1.1080490405e-01
    6.8300000000e+04    9.4481288965e-02
    6.8400000000e+04    1.1299184645e-01
    6.8500000000e+04    1.0566224202e-01
    6.8600000000e+04    1.1963081457e-01
    6.8700000000e+04    1.2771588286e-01
    6.8800000000e+04    9.8984185459e-02
    6.8900000000e+04    1.0120005835e-01
    6.9000000000e+04    1.0435750953e-01
    6.9100000000e+04    1.3173598149e-01
    6.9200000000e+04    1.2653933591e-01
    6.9300000000e+04    1.1322093102e-01
    6.9400000000e+04    9.4961836443e-02
    6.9500000000e+04    9.5354173877e-02
    6.9600000000e+04    1.1097491533e-01
    6.9700000000e+04    1.5220315636e-01
    6.9800000000e+04    1.1019018049e-01
    6.9900000000e+04    1.1816260430e-01
    7.0000000000e+04    8.2852847585e-02
    7.0100000000e+04    1.5768053984e-01
    7.0200000000e+04    1.1220316641e-01
    7.0300000000e+04    1.1138676031e-01
    7.0400000000e+04    1.1662289252e-01
    7.0500000000e+04    1.1779286871e-01
    7.0600000000e+04    1.2744842531e-01
    7.0700000000e+04    9.0444235198e-02
    7.0800000000e+04    9.6511691631e-02
    7.0900000000e+04    9.6109767858e-02
    7.1000000000e+04    9.8321911301e-02
    7.1100000000e+04    9.4335910754e-02
    7.1200000000e+04    1.0289434134e-01
    7.1300000000e+04    1.0097806301e-01
    7.1400000000e+04    8.5470008955e-02
    7.1500000000e+04    1.1457439107e-01
    7.1600000000e+04    1.1229133947e-01
    7.1700000000e+04    1.0054580188e-01
    7.1800000000e+04    1.0138131192e-01
    7.1900000000e+04    1.2621566935e-01
    7.2000000000e+04    1.0866500760e-01
    7.2100000000e+04    1.1357635019e-01
    7.2200000000e+04    1.2506170290e-01
    7.2300000000e+04    9.3626536570e-02
    7.2400000000e+04    1.0504097004e-01
    7.2500000000e+04    1.1519514089e-01
    7.2600000000e+04    1.0029010531e-01
    7.2700000000e+04    1.0848078909e-01
    7.2800000000e+04    1.0928031813e-01
    7.2900000000e+04    1.1844846727e-01
    7.3000000000e+04    1.1659863611e-01
    7.3100000000e+04    9.9548057402e-02
    7.3200000000e+04    1.1469072103e-01
    7.3300000000e+04    1.2770758219e-01
    7.3400000000e+04    1.1547636804e-01
    7.3500000000e+04    1.0189831510e-01
    7.3600000000e+04    1.3089480723e-01
    7.3700000000e+04    1.0485541937e-01
    7.3800000000e+04    1.1475132286e-01
    7.3900000000e+04    9.2266810112e-02
    7.4000000000e+04    1.2141809858e-01
    7.4100000000e+04    1.0994185742e-01
    7.4200000000e+04    1.0478032041e-01
    7.4300000000e+04    1.0870641007e-01
    7.4400000000e+04    1.0913610879e-01
    7.4500000000e+04    1.2363895672e-01
    7.4600000000e+04    1.0641360048e-01
    7.4700000000e+04    1.1109950418e-01
    7.4800000000e+04    8.6079413579e-02
    7.4900000000e+04    1.3850735150e-01
    7.5000000000e+04    8.9141365041e-02
    7.5100000000e+04    1.6401009225e-01
    7.5200000000e+04    1.2350008413e-01
    7.5300000000e+04    1.2302040326e-01
    7.5400000000e+04    1.2313046992e-01
    7.5500000000e+04    1.0146609784e-01
    7.5600000000e+04    1.0830344425e-01
    7.5700000000e+04    8.9183249155e-02
    7.5800000000e+04    9.4754756965e-02
    7.5900000000e+04    1.3603916639e-01
    7.6000000000e+04    9.6743770936e-02
    7.6100000000e+04    9.4949844539e-02
    7.6200000000e+04    1.0395572461e-01
    7.6300000000e+04    9.4631367723e-02
    7.6400000000e+04    1.2411623843e-01
    7.6500000000e+04    1.4804961398e-01
    7.6600000000e+04    1.3558421634e-01
    7.6700000000e+04    1.5161824879e-01
    7.6800000000e+04    1.1182179343e-01
    7.6900000000e+04    1.1202233360e-01
    7.7000000000e+04    1.1508291238e-01
    7.7100000000e+04    1.1517222707e-01
    7.7200000000e+04    1.1285433767e-01
    7.7300000000e+04    1.2772047325e-01
    7.7400000000e+04    1.3020599955e-01
    7.7500000000e+04    1.1606852997e-01
    7.7600000000e+04    9.9218742921e-02
    7.7700000000e+04    1.0436229980e-01
    7.7800000000e+04    8.8301743086e-02
    7.7900000000e+04    1.0496373195e-01
    7.8000000000e+04    1.2658133447e-01
    7.8100000000e+04    1.7132194198e-01
    7.8200000000e+04    1.2171568144e-01
    7.8300000000e+04    1.5238899184e-01
    7.8400000000e+04    1.5706845772e-01
    7.8500000000e+04    1.1281295993e-01
    7.8600000000e+04    1.0776155262e-01
    7.8700000000e+04    1.0562000390e-01
    7.8800000000e+04    8.1917708106e-02
    7.8900000000e+04    9.7807307852e-02
    7.9000000000e+04    1.0074444758e-01
    7.9100000000e+04    9.9306625671e-02
    7.9200000000e+04    1.2172706201e-01
    7.9300000000e+04    9.8073178429e-02
    7.9400000000e+04    9.6883544817e-02
    7.9500000000e+04    9.3688821764e-02
    7.9600000000e+04    1.3070630529e-01
    7.9700000000e+04    1.0605159621e-01
    7.9800000000e+04    1.1249797433e-01
    7.9900000000e+04    1.0838063590e-01
    8.0000000000e+04    1.0984921152e-01
    8.0100000000e+04    1.1337224106e-01
    8.0200000000e+04    1.1839717487e-01
    8.0300000000e+04    1.2460148420e-01
    8.0400000000e+04    1.0297995701e-01
    8.0500000000e+04    1.1727672173e-01
    8.0600000000e+04    1.0097593046e-01
    8.0700000000e+04    1.1508924742e-01
    8.0800000000e+04    1.0082462389e-01
    8.0900000000e+04    1.1520648422e-01
    8.1000000000e+04    1.0148737082e-01
    8.1100000000e+04    9.8806719441e-02
    8.1200000000e+04    1.0385658844e-01
    8.1300000000e+04    8.8753059404e-02
    8.1400000000e+04    1.5382074427e-01
    8.1500000000e+04    9.1146851193e-02
    8.1600000000e+04    1.1922635606e-01
    8.1700000000e+04    9.4090969450e-02
    8.1800000000e+04    1.2898598657e-01
    8.1900000000e+04    1.0149146975e-01
    8.2000000000e+04    8.8506144694e-02
    8.2100000000e+04    1.3832928028e-01
    8.2200000000e+04    1.0513683738e-01
    8.2300000000e+04    1.0159503136e-01
    8.2400000000e+04    9.7603715865e-02
    8.2500000000e+04    1.0481926524e-01
    8.2600000000e+04    8.1872868721e-02
    8.2700000000e+04    8.9649581492e-02
    8.2800000000e+04    8.6011591468e-02
    8.2900000000e+04    9.0699856719e-02
    8.3000000000e+04    9.8324915789e-02
    8.3100000000e+04    8.8840768974e-02
    8.3200000000e+04    8.0838792403e-02
    8.3300000000e+04    9.9769057103e-02
    8.3400000000e+04    9.2056517337e-02
    8.3500000000e+04    8.7628441699e-02
    8.3600000000e+04    9.9848165579e-02
    8.3700000000e+04    9.0412818362e-02
    8.3800000000e+04    8.4159677212e-02
    8.3900000000e+04    8.8884427949e-02
    8.4000000000e+04    1.1373971656e-01
    8.4100000000e+04    8.9310572518e-02
    8.4200000000e+04    9.4621771548e-02
    8.4300000000e+04    9.6328489754e-02
    8.4400000000e+04    1.2129910301e-01
    8.4500000000e+04    9.5779361766e-02
    8.4600000000e+04    1.1204058540e-01
    8.4700000000e+04    1.0528667498e-01
    8.4800000000e+04    1.2026797917e-01
    8.4900000000e+04    8.2130855806e-02
    8.5000000000e+04    8.7845361828e-02
    8.5100000000e+04    8.5350305701e-02
    8.5200000000e+04    9.1386615579e-02
    8.5300000000e+04    1.0126796845e-01
    8.5400000000e+04    1.1319066176e-01
    8.5500000000e+04    1.1486718784e-01
    8.5600000000e+04    1.8765272215e-01
    8.5700000000e+04    1.7373170207e-01
    8.5800000000e+04    1.0752489914e-01
    8.5900000000e+04    9.3598926429e-02
    8.6000000000e+04    1.2093714068e-01
    8.6100000000e+04    1.1011486696e-01
    8.6200000000e+04    1.1160178332e-01
    8.6300000000e+04    1.0001774380e-01
    8.6400000000e+04    1.2821539001e-01
    8.6500000000e+04    1.7043534173e-01
    8.6600000000e+04    1.4554367186e-01
    8.6700000000e+04    1.2499058165e-01
    8.6800000000e+04    1.4816724231e-01
    8.6900000000e+04    9.4272942286e-02
    8.7000000000e+04    1.4168232493e-01
    8.7100000000e+04    1.4338346229e-01
    8.7200000000e+04    1.1018219037e-01
    8.7300000000e+04    1.6186459505e-01
    8.7400000000e+04    1.1051589010e-01
    8.7500000000e+04    1.7901730430e-01
    8.7600000000e+04    1.3128057871e-01
    8.7700000000e+04    1.3347011382e-01
    8.7800000000e+04    1.3661164404e-01
    8.7900000000e+04    1.0409701226e-01
    8.8000000000e+04    1.0234112213e-01
    8.8100000000e+04    1.2842639166e-01
    8.8200000000e+04    9.4627368579e-02
    8.8300000000e+04    9.5518794321e-02
    8.8400000000e+04    1.0699535058e-01
    8.8500000000e+04    1.1687878217e-01
    8.8600000000e+04    1.0391247547e-01
    8.8700000000e+04    1.0643456441e-01
    8.8800000000e+04    1.2909918398e-01
    8.8900000000e+04    1.7390410590e-01
    8.9000000000e+04    1.1773443285e-01
    8.9100000000e+04    1.3533506593e-01
    8.9200000000e+04    1.1364699126e-01
    8.9300000000e+04    1.4000983208e-01
    8.9400000000e+04    1.2946090631e-01
    8.9500000000e+04    1.5923512303e-01
    8.9600000000e+04    1.2245020021e-01
    8.9700000000e+04    1.6647541360e-01
    8.9800000000e+04    1.6731181201e-01
    8.9900000000e+04    2.1746992418e-01
    9.0000000000e+04    1.6518271672e-01
    9.0100000000e+04    1.4762945188e-01
    9.0200000000e+04    1.4131912441e-01
    9.0300000000e+04    1.0319597192e-01
    9.0400000000e+04    1.0485229002e-01
    9.0500000000e+04    1.1464900690e-01
    9.0600000000e+04    1.0866834966e-01
    9.0700000000e+04    9.9035766063e-02
    9.0800000000e+04    9.4491933176e-02
    9.0900000000e+04    1.0730552710e-01
    9.1000000000e+04    1.0297420059e-01
    9.1100000000e+04    1.1852783165e-01
    9.1200000000e+04    1.3105188097e-01
    9.1300000000e+04    9.0962308187e-02
    9.1400000000e+04    1.0145526195e-01
    9.1500000000e+04    1.2185313594e-01
    9.1600000000e+04    1.0435912503e-01
    9.1700000000e+04    1.1300263466e-01
    9.1800000000e+04    9.6964697916e-02
    9.1900000000e+04    1.3710635808e-01
    9.2000000000e+04    9.2699843418e-02
    9.2100000000e+04    9.3595287116e-02
    9.2200000000e+04    1.1784895060e-01
    9.2300000000e+04    1.0726535144e-01
    9.2400000000e+04    9.3651994467e-02
    9.2500000000e+04    1.0244677423e-01
    9.2600000000e+04    1.0862431304e-01
    9.2700000000e+04    9.4835318641e-02
    9.2800000000e+04    9.7434211171e-02
    9.2900000000e+04    1.0950827643e-01
    9.3000000000e+04    1.0099961344e-01
    9.3100000000e+04    1.0999544014e-01
    9.3200000000e+04    1.0309107723e-01
    9.3300000000e+04    1.1535952956e-01
    9.3400000000e+04    1.2511837297e-01
    9.3500000000e+04    1.1612526193e-01
    9.3600000000e+04    9.9895374491e-02
    9.3700000000e+04    1.1451119830e-01
    9.3800000000e+04    9.3569117710e-02
    9.3900000000e+04    1.1668113103e-01
    9.4000000000e+04    1.0878281646e-01
    9.4100000000e+04    1.1863837415e-01
    9.4200000000e+04    9.9321045616e-02
    9.4300000000e+04    1.0502168307e-01
    9.4400000000e+04    9.7429394007e-02
    9.4500000000e+04    1.0059527182e-01
    9.4600000000e+04    1.0805891687e-01
    9.4700000000e+04    1.2542670201e-01
    9.4800000000e+04    1.1199824564e-01
    9.4900000000e+04    1.5211380396e-01
    9.5000000000e+04    1.1498256547e-01
    9.5100000000e+04    1.0020582391e-01
    9.5200000000e+04    1.0554537892e-01
    9.5300000000e+04    1.1692375706e-01
    9.5400000000e+04    1.0179123120e-01
    9.5500000000e+04    1.4826336362e-01
    9.5600000000e+04    9.1946479341e-02
    9.5700000000e+04    1.6626167049e-01
    9.5800000000e+04    1.1694300340e-01
    9.5900000000e+04    1.0517938909e-01
    9.6000000000e+04    1.1919134100e-01
    9.6100000000e+04    1.1289700711e-01
    9.6200000000e+04    1.3699644926e-01
    9.6300000000e+04    1.1281894800e-01
    9.6400000000e+04    9.8372215497e-02
    9.6500000000e+04    1.2124682570e-01
    9.6600000000e+04    1.0003471534e-01
    9.6700000000e+04    9.0265004746e-02
    9.6800000000e+04    1.1630088091e-01
    9.6900000000e+04    9.6784103154e-02
    9.7000000000e+04    9.2437135474e-02
    9.7100000000e+04    9.0555529885e-02
    9.7200000000e+04    1.3659635304e-01
    9.7300000000e+04    1.1804581533e-01
    9.7400000000e+04    1.1765457878e-01
    9.7500000000e+04    1.4007150832e-01
    9.7600000000e+04    9.2756535119e-02
    9.7700000000e+04    1.3492619541e-01
    9.7800000000e+04    1.0233818873e-01
    9.7900000000e+04    1.2229257028e-01
    9.8000000000e+04    9.2648924617e-02
    9.8100000000e+04    1.1144034101e-01
    9.8200000000e+04    1.0468935821e-01
    9.8300000000e+04    1.0854003557e-01
    9.8400000000e+04    9.1011435316e-02
    9.8500000000e+04    1.0359435121e-01
    9.8600000000e+04    9.1341602492e-02
    9.8700000000e+04    1.0664789789e-01
    9.8800000000e+04    1.4461374615e-01
    9.8900000000e+04    1.2085361274e-01
    9.9000000000e+04    1.0798773369e-01
    9.9100000000e+04    1.0118798615e-01
    9.9200000000e+04    1.1952394601e-01
    9.9300000000e+04    1.1183285765e-01
    9.9400000000e+04    1.0816240604e-01
    9.9500000000e+04    9.6646139900e-02
    9.9600000000e+04    9.1999388710e-02
    9.9700000000e+04    9.7950168557e-02
    9.9800000000e+04    1.0588305625e-01
    9.9900000000e+04    1.2846039139e-01
    1.0000000000e+05    1.0248013984e-01
    1.0010000000e+05    9.0130782342e-02
    1.0020000000e+05    9.0055423064e-02
    1.0030000000e+05    1.0096483313e-01
    1.0040000000e+05    1.1137464692e-01
    1.0050000000e+05    9.1572038461e-02
    1.0060000000e+05    1.0086887187e-01
    1.0070000000e+05    1.0238458222e-01
    1.0080000000e+05    1.0730197776e-01
    1.0090000000e+05    9.3133853378e-02
    1.0100000000e+05    9.1588737651e-02
    1.0110000000e+05    9.8854274474e-02
    1.0120000000e+05    9.8551182670e-02
    1.0130000000e+05    9.2427797563e-02
    1.0140000000e+05    1.0392214980e-01
    1.0150000000e+05    9.3362767005e-02
    1.0160000000e+05    9.7411832699e-02
    1.0170000000e+05    1.4458408246e-01
    1.0180000000e+05    1.0144817165e-01
    1.0190000000e+05    1.0234050816e-01
    1.0200000000e+05    1.1956773933e-01
    1.0210000000e+05    1.2183382050e-01
    1.0220000000e+05    1.0296735204e-01
    1.0230000000e+05    9.9862868944e-02
    1.0240000000e+05    1.2322147341e-01
    1.0250000000e+05    9.8261000970e-02
    1.0260000000e+05    8.3045721269e-02
    1.0270000000e+05    9.3707913486e-02
    1.0280000000e+05    1.0831326883e-01
    1.0290000000e+05    1.1097783819e-01
    1.0300000000e+05    1.0819281601e-01
    1.0310000000e+05    1.0961486322e-01
    1.0320000000e+05    1.2496141787e-01
    1.0330000000e+05    9.3910370008e-02
    1.0340000000e+05    1.1056361681e-01
    1.0350000000e+05    1.2962652816e-01
    1.0360000000e+05    1.1648320120e-01
    1.0370000000e+05    1.0340659094e-01
    1.0380000000e+05    1.1447062070e-01
    1.0390000000e+05    1.0586946233e-01
    1.0400000000e+05    1.0974647866e-01
    1.0410000000e+05    1.0465994460e-01
    1.0420000000e+05    1.0703491751e-01
    1.0430000000e+05    1.0750094877e-01
    1.0440000000e+05    1.1899301150e-01
    1.0450000000e+05    1.3075221436e-01
    1.0460000000e+05    1.2563458855e-01
    1.0470000000e+05    1.1095782279e-01
    1.0480000000e+05    1.1045163029e-01
    1.0490000000e+05    1.1649624628e-01
    1.0500000000e+05    1.0238543872e-01
    1.0510000000e+05    1.1757333335e-01
    1.0520000000e+05    9.9496635694e-02
    1.0530000000e+05    1.2437959254e-01
    1.0540000000e+05    9.7391061104e-02
    1.0550000000e+05    1.1992741064e-01
    1.0560000000e+05    1.0000520309e-01
    1.0570000000e+05    1.0894629159e-01
    1.0580000000e+05    1.2568191937e-01
    1.0590000000e+05    1.0269515870e-01
    1.0600000000e+05    9.9156453415e-02
    1.0610000000e+05    1.0433884088e-01
    1.0620000000e+05    1.0115573649e-01
    1.0630000000e+05    9.6609167445e-02
    1.0640000000e+05    1.1377667098e-01
    1.0650000000e+05    1.1850324997e-01
    1.0660000000e+05    9.3611962092e-02
    1.0670000000e+05    1.3622173883e-01
    1.0680000000e+05    9.8908211778e-02
    1.0690000000e+05    1.1851349964e-01
    1.0700000000e+05    1.0349021940e-01
    1.0710000000e+05    1.1756127020e-01
    1.0720000000e+05    1.2262346532e-01
    1.0730000000e+05    1.3291999028e-01
    1.0740000000e+05    1.2818985481e-01
    1.0750000000e+05    1.1389223387e-01
    1.0760000000e+05    1.0208665320e-01
    1.0770000000e+05    1.0801920274e-01
    1.0780000000e+05    1.0503163891e-01
    1.0790000000e+05    9.5923478656e-02
    1.0800000000e+05    1.0449801782e-01
    1.0810000000e+05    1.2662081499e-01
    1.0820000000e+05    1.1287441475e-01
    1.0830000000e+05    1.0868906803e-01
    1.0840000000e+05    1.1009447410e-01
    1.0850000000e+05    1.0800641129e-01
    1.0860000000e+05    1.2883202141e-01
    1.0870000000e+05    1.1339115133e-01
    1.0880000000e+05    1.1457741376e-01
    1.0890000000e+05    1.0387715115e-01
    1.0900000000e+05    1.1218124457e-01
    1.0910000000e+05    1.1164877306e-01
    1.0920000000e+05    1.0176775198e-01
    1.0930000000e+05    9.1540643061e-02
    1.0940000000e+05    1.1400241857e-01
    1.0950000000e+05    9.8169064942e-02
    1.0960000000e+05    1.2744077248e-01
    1.0970000000e+05    1.0144628566e-01
    1.0980000000e+05    1.0429485515e-01
    1.0990000000e+05    9.9743206580e-02
    1.1000000000e+05    1.3530151402e-01
    1.1010000000e+05    1.3454715942e-01
    1.1020000000e+05    1.1633372054e-01
    1.1030000000e+05    9.3245953741e-02
    1.1040000000e+05    1.1105563043e-01
    1.1050000000e+05    1.1698431122e-01
    1.1060000000e+05    1.2446835504e-01
    1.1070000000e+05    1.0827725079e-01
    1.1080000000e+05    1.0927220545e-01
    1.1090000000e+05    1.1471937660e-01
    1.1100000000e+05    1.1898578271e-01
    1.1110000000e+05    1.2547223449e-01
    1.1120000000e+05    1.0513139436e-01
    1.1130000000e+05    9.3502116739e-02
    1.1140000000e+05    1.4282391985e-01
    1.1150000000e+05    1.3240309337e-01
    1.1160000000e+05    9.3917122510e-02
    1.1170000000e+05    1.3146847716e-01
    1.1180000000e+05    1.7584131877e-01
    1.1190000000e+05    1.2200903505e-01
    1.1200000000e+05    1.0061390324e-01
    1.1210000000e+05    1.0720558675e-01
    1.1220000000e+05    9.7806646577e-02
    1.1230000000e+05    1.0755944121e-01
    1.1240000000e+05    1.0487328235e-01
    1.1250000000e+05    1.1835357612e-01
    1.1260000000e+05    1.1114291946e-01
    1.1270000000e+05    1.2668897387e-01
    1.1280000000e+05    1.2058323873e-01
    1.1290000000e+05    1.1294257708e-01
    1.1300000000e+05    9.8225650736e-02
    1.1310000000e+05    9.8133136334e-02
    1.1320000000e+05    1.4699161237e-01
    1.1330000000e+05    1.3034961279e-01
    1.1340000000e+05    1.3247646485e-01
    1.1350000000e+05    1.0531533641e-01
    1.1360000000e+05    1.1670143241e-01
    1.1370000000e+05    9.4978813349e-02
    1.1380000000e+05    1.3198396497e-01
    1.1390000000e+05    9.1597183854e-02
    1.1400000000e+05    1.1065014017e-01
    1.1410000000e+05    1.2105400538e-01
    1.1420000000e+05    1.0727164099e-01
    1.1430000000e+05    1.0088941907e-01
    1.1440000000e+05    1.0379613855e-01
    1.1450000000e+05    1.0109028812e-01
    1.1460000000e+05    1.1471902821e-01
    1.1470000000e+05    1.0599366307e-01
    1.1480000000e+05    9.8734880230e-02
    1.1490000000e+05    9.6141914377e-02
    1.1500000000e+05    1.3366528173e-01
    1.1510000000e+05    1.3169676407e-01
    1.1520000000e+05    1.4280560071e-01
    1.1530000000e+05    1.1027332243e-01
    1.1540000000e+05    1.2807022488e-01
    1.1550000000e+05    1.1185806564e-01
    1.1560000000e+05    1.0370291479e-01
    1.1570000000e+05    1.0811349021e-01
    1.1580000000e+05    1.4351516760e-01
    1.1590000000e+05    1.3639082830e-01
    1.1600000000e+05    1.4434451692e-01
    1.1610000000e+05    1.1830393449e-01
    1.1620000000e+05    1.0205678472e-01
    1.1630000000e+05    1.1896345760e-01
    1.1640000000e+05    1.1527208116e-01
    1.1650000000e+05    1.0224890094e-01
    1.1660000000e+05    1.0659511308e-01
    1.1670000000e+05    9.9635820246e-02
    1.1680000000e+05    9.7942276554e-02
    1.1690000000e+05    1.0291849522e-01
    1.1700000000e+05    1.0365694431e-01
    1.1710000000e+05    1.3829607127e-01
    1.1720000000e+05    1.2332024447e-01
    1.1730000000e+05    1.1194039235e-01
    1.1740000000e+05    1.6794274146e-01
    1.1750000000e+05    1.5055375126e-01
    1.1760000000e+05    1.2283539987e-01
    1.1770000000e+05    1.3565061393e-01
    1.1780000000e+05    8.8193397875e-02
    1.1790000000e+05    1.1162835642e-01
    1.1800000000e+05    1.1889562080e-01
    1.1810000000e+05    1.3112413532e-01
    1.1820000000e+05    1.3181228597e-01
    1.1830000000e+05    1.1783686554e-01
    1.1840000000e+05    1.2344362921e-01
    1.1850000000e+05    1.2707527099e-01
    1.1860000000e+05    1.0578768655e-01
    1.1870000000e+05    1.3108070991e-01
    1.1880000000e+05    1.3348800008e-01
    1.1890000000e+05    1.0458711092e-01
    1.1900000000e+05    1.0316051305e-01
    1.1910000000e+05    1.0646733758e-01
    1.1920000000e+05    9.8126926966e-02
    1.1930000000e+05    1.0373992387e-01
    1.1940000000e+05    1.0133313308e-01
    1.1950000000e+05    1.1190947481e-01
    1.1960000000e+05    1.0426189682e-01
    1.1970000000e+05    1.0348544034e-01
    1.1980000000e+05    1.1576801943e-01
    1.1990000000e+05    9.4989030524e-02
    1.2000000000e+05    1.1630053664e-01
    1.2010000000e+05    1.0093781163e-01
    1.2020000000e+05    1.2643466874e-01
    1.2030000000e+05    1.1336495812e-01
    1.2040000000e+05    9.5629193808e-02
    1.2050000000e+05    1.4044824937e-01
    1.2060000000e+05    1.2515116458e-01
    1.2070000000e+05    1.2091340280e-01
    1.2080000000e+05    1.0448336007e-01
    1.2090000000e+05    1.1919779537e-01
    1.2100000000e+05    1.5507771263e-01
    1.2110000000e+05    1.2179927056e-01
    1.2120000000e+05    1.6554259501e-01
    1.2130000000e+05    1.3189369160e-01
    1.2140000000e+05    1.1194221839e-01
    1.2150000000e+05    1.0482111750e-01
    1.2160000000e+05    1.0859842183e-01
    1.2170000000e+05    1.1115453333e-01
    1.2180000000e+05    1.0889558390e-01
    1.2190000000e+05    1.1440949515e-01
    1.2200000000e+05    1.1230104784e-01
    1.2210000000e+05    1.0068566978e-01
    1.2220000000e+05    1.0791945554e-01
    1.2230000000e+05    1.0107696456e-01
    1.2240000000e+05    1.0006755732e-01
    1.2250000000e+05    1.0780138633e-01
    1.2260000000e+05    1.3268023884e-01
    1.2270000000e+05    1.3371050962e-01
    1.2280000000e+05    1.4964104205e-01
    1.2290000000e+05    2.6225511481e-01
    1.2300000000e+05    1.7918787819e-01
    1.2310000000e+05    1.6455652041e-01
    1.2320000000e+05    1.3773213293e-01
    1.2330000000e+05    1.1314550120e-01
    1.2340000000e+05    1.5267065261e-01
    1.2350000000e+05    1.4653959365e-01
    1.2360000000e+05    1.3872805858e-01
    1.2370000000e+05    1.1852979055e-01
    1.2380000000e+05    1.2453905881e-01
    1.2390000000e+05    1.3260936056e-01
    1.2400000000e+05    1.2126672575e-01
    1.2410000000e+05    1.1431738828e-01
    1.2420000000e+05    1.3072285604e-01
    1.2430000000e+05    1.1875094297e-01
    1.2440000000e+05    1.1268438254e-01
    1.2450000000e+05    1.0787424990e-01
    1.2460000000e+05    1.1093112094e-01
    1.2470000000e+05    1.2781637959e-01
    1.2480000000e+05    1.1171648380e-01
    1.2490000000e+05    1.3107287283e-01
    1.2500000000e+05    1.1535174962e-01
    1.2510000000e+05    8.5012954369e-02
    1.2520000000e+05    1.0968646225e-01
    1.2530000000e+05    1.1642467603e-01
    1.2540000000e+05    1.0383726221e-01
    1.2550000000e+05    9.5792780716e-02
    1.2560000000e+05    1.1904330155e-01
    1.2570000000e+05    1.1659725013e-01
    1.2580000000e+05    9.6175222651e-02
    1.2590000000e+05    1.1182445480e-01
    1.2600000000e+05    1.3299495669e-01
    1.2610000000e+05    1.1626762847e-01
    1.2620000000e+05    1.1292405616e-01
    1.2630000000e+05    1.0997891860e-01
    1.2640000000e+05    9.3551152331e-02
    1.2650000000e+05    1.3578057807e-01
    1.2660000000e+05    1.1835170979e-01
    1.2670000000e+05    1.6057153758e-01
    1.2680000000e+05    1.2892097704e-01
    1.2690000000e+05    1.2541890871e-01
    1.2700000000e+05    1.0442758663e-01
    1.2710000000e+05    1.3008866411e-01
    1.2720000000e+05    1.0954523439e-01
    1.2730000000e+05    1.0684784378e-01
    1.2740000000e+05    1.2578947860e-01
    1.2750000000e+05    1.0929989865e-01
    1.2760000000e+05    1.3562714703e-01
    1.2770000000e+05    1.1297113740e-01
    1.2780000000e+05    1.5435634599e-01
    1.2790000000e+05    1.2160988936e-01
    1.2800000000e+05    1.2989495016e-01
    1.2810000000e+05    1.0533184789e-01
    1.2820000000e+05    9.9807731571e-02
    1.2830000000e+05    9.9345111741e-02
    1.2840000000e+05    1.0237037082e-01
    1.2850000000e+05    8.5347183424e-02
    1.2860000000e+05    9.1584019777e-02
    1.2870000000e+05    9.5497730155e-02
    1.2880000000e+05    1.1081623490e-01
    1.2890000000e+05    1.2775239269e-01
    1.2900000000e+05    1.0721392592e-01
    1.2910000000e+05    1.2989967925e-01
    1.2920000000e+05    1.1284281979e-01
    1.2930000000e+05    1.1075294961e-01
    1.2940000000e+05    1.1093710911e-01
    1.2950000000e+05    1.0409078891e-01
    1.2960000000e+05    1.1737586371e-01
    1.2970000000e+05    1.5114639378e-01
    1.2980000000e+05    1.1721954373e-01
    1.2990000000e+05    1.1425290399e-01
    1.3000000000e+05    1.1459612712e-01
    1.3010000000e+05    9.2676427129e-02
    1.3020000000e+05    1.1822138353e-01
    1.3030000000e+05    1.2186959693e-01
    1.3040000000e+05    1.1846826650e-01
    1.3050000000e+05    1.1425138474e-01
    1.3060000000e+05    1.0823982262e-01
    1.3070000000e+05    9.7921914263e-02
    1.3080000000e+05    1.0012123910e-01
    1.3090000000e+05    9.4880682588e-02
    1.3100000000e+05    1.2522027859e-01
    1.3110000000e+05    1.1890559996e-01
    1.3120000000e+05    1.0159070492e-01
    1.3130000000e+05    1.4528079174e-01
    1.3140000000e+05    1.2221015830e-01
    1.3150000000e+05    1.0978191008e-01
    1.3160000000e+05    1.5018153179e-01
    1.3170000000e+05    1.2535531067e-01
    1.3180000000e+05    1.2503162640e-01
    1.3190000000e+05    1.3800373133e-01
    1.3200000000e+05    1.3671018105e-01
    1.3210000000e+05    1.1407070940e-01
    1.3220000000e+05    1.4347453092e-01
    1.3230000000e+05    1.3217068107e-01
    1.3240000000e+05    1.2069477839e-01
    1.3250000000e+05    1.1963756686e-01
    1.3260000000e+05    1.6108205002e-01
    1.3270000000e+05    1.2518478136e-01
    1.3280000000e+05    1.2015555351e-01
    1.3290000000e+05    9.4674067489e-02
    1.3300000000e+05    1.1886235963e-01
    1.3310000000e+05    9.3357285531e-02
    1.3320000000e+05    1.2721372272e-01
    1.3330000000e+05    1.0764422340e-01
    1.3340000000e+05    9.7483354411e-02
    1.3350000000e+05    1.1086976401e-01
    1.3360000000e+05    1.2282758436e-01
    1.3370000000e+05    1.1385002332e-01
    1.3380000000e+05    1.1260814703e-01
    1.3390000000e+05    1.2431250515e-01
    1.3400000000e+05    1.1509807646e-01
    1.3410000000e+05    1.1802176070e-01
    1.3420000000e+05    1.2741918574e-01
    1.3430000000e+05    1.2077627246e-01
    1.3440000000e+05    1.3222361857e-01
    1.3450000000e+05    1.2105785387e-01
    1.3460000000e+05    1.4790984437e-01
    1.3470000000e+05    1.4175505384e-01
    1.3480000000e+05    1.2665269989e-01
    1.3490000000e+05    1.1396269841e-01
    1.3500000000e+05    1.3068928789e-01
    1.3510000000e+05    1.3583098250e-01
    1.3520000000e+05    1.1332161085e-01
    1.3530000000e+05    1.4292876998e-01
    1.3540000000e+05    1.2669052184e-01
    1.3550000000e+05    1.0242133977e-01
    1.3560000000e+05    1.0505931969e-01
    1.3570000000e+05    1.5836135478e-01
    1.3580000000e+05    1.2884995685e-01
    1.3590000000e+05    1.2769965313e-01
    1.3600000000e+05    1.5956412262e-01
    1.3610000000e+05    1.3964127937e-01
    1.3620000000e+05    1.3067063960e-01
    1.3630000000e+05    1.2901662730e-01
    1.3640000000e+05    1.0139184790e-01
    1.3650000000e+05    1.1435313510e-01
    1.3660000000e+05    1.4386448048e-01
    1.3670000000e+05    1.0901317032e-01
    1.3680000000e+05    1.4760886719e-01
    1.3690000000e+05    1.2679211565e-01
    1.3700000000e+05    1.4461453790e-01
    1.3710000000e+05    9.3470754439e-02
    1.3720000000e+05    1.5536004916e-01
    1.3730000000e+05    1.1918368892e-01
    1.3740000000e+05    1.4520060008e-01
    1.3750000000e+05    1.0877677908e-01
    1.3760000000e+05    1.1038380466e-01
    1.3770000000e+05    1.3944438918e-01
    1.3780000000e+05    1.3569727394e-01
    1.3790000000e+05    1.1879539351e-01
    1.3800000000e+05    1.1288820743e-01
    1.3810000000e+05    1.4788897338e-01
    1.3820000000e+05    1.2497420754e-01
    1.3830000000e+05    1.1596307957e-01
    1.3840000000e+05    1.0733761912e-01
    1.3850000000e+05    1.1765123984e-01
    1.3860000000e+05    1.0502727405e-01
    1.3870000000e+05    8.9252375250e-02
    1.3880000000e+05    1.1810623195e-01
    1.3890000000e+05    1.1022610179e-01
    1.3900000000e+05    1.2720165983e-01
    1.3910000000e+05    1.0609390664e-01
    1.3920000000e+05    1.2528987576e-01
    1.3930000000e+05    1.1763780909e-01
    1.3940000000e+05    1.2885411498e-01
    1.3950000000e+05    9.3790401264e-02
    1.3960000000e+05    1.1092537434e-01
    1.3970000000e+05    1.3023654063e-01
    1.3980000000e+05    1.4123354401e-01
    1.3990000000e+05    1.4665467419e-01
    1.4000000000e+05    1.1644540664e-01
    1.4010000000e+05    1.2707035659e-01
    1.4020000000e+05    1.4375445114e-01
    1.4030000000e+05    1.2452995962e-01
    1.4040000000e+05    1.2262253756e-01
    1.4050000000e+05    1.2731202171e-01
    1.4060000000e+05    1.0175913008e-01
    1.4070000000e+05    1.1257620355e-01
    1.4080000000e+05    1.2038532286e-01
    1.4090000000e+05    1.3286652241e-01
    1.4100000000e+05    1.1801924489e-01
    1.4110000000e+05    1.0727073743e-01
    1.4120000000e+05    9.3602921383e-02
    1.4130000000e+05    9.9517926424e-02
    1.4140000000e+05    9.9942141710e-02
    1.4150000000e+05    1.1752640937e-01
    1.4160000000e+05    1.2558435463e-01
    1.4170000000e+05    1.2441888563e-01
    1.4180000000e+05    9.7477106221e-02
    1.4190000000e+05    1.3327127952e-01
    1.4200000000e+05    1.4425391016e-01
    1.4210000000e+05    1.3569056285e-01
    1.4220000000e+05    2.9337695544e-01
    1.4230000000e+05    1.0283257347e-01
    1.4240000000e+05    1.2458980033e-01
    1.4250000000e+05    1.2665261488e-01
    1.4260000000e+05    2.3450536399e-01
    1.4270000000e+05    1.2603808325e-01
    1.4280000000e+05    1.4568341384e-01
    1.4290000000e+05    1.3010437138e-01
    1.4300000000e+05    1.2905700816e-01
    1.4310000000e+05    1.6069131898e-01
    1.4320000000e+05    1.6582521207e-01
    1.4330000000e+05    1.8528638994e-01
    1.4340000000e+05    1.3615257715e-01
    1.4350000000e+05    1.3171673600e-01
    1.4360000000e+05    1.3728674438e-01
    1.4370000000e+05    1.7022608514e-01
    1.4380000000e+05    1.6211340518e-01
    1.4390000000e+05    1.6377105099e-01
    1.4400000000e+05    1.4121656812e-01
    1.4410000000e+05    1.7203946487e-01
    1.4420000000e+05    1.6948309366e-01
    1.4430000000e+05    1.6958200492e-01
    1.4440000000e+05    1.5297698564e-01
    1.4450000000e+05    2.4620509481e-01
    1.4460000000e+05    2.1196556914e-01
    1.4470000000e+05    2.1191813447e-01
    1.4480000000e+05    1.5176595712e-01
    1.4490000000e+05    1.3859630632e-01
    1.4500000000e+05    1.4990852296e-01
    1.4510000000e+05    1.7946022593e-01
    1.4520000000e+05    1.5754918960e-01
    1.4530000000e+05    1.4467631929e-01
    1.4540000000e+05    1.8754347704e-01
    1.4550000000e+05    1.5081723027e-01
    1.4560000000e+05    1.6544639771e-01
    1.4570000000e+05    1.4764419560e-01
    1.4580000000e+05    1.5629086296e-01
    1.4590000000e+05    1.6743754809e-01
    1.4600000000e+05    1.4751902002e-01
    1.4610000000e+05    1.5067914197e-01
    1.4620000000e+05    1.7086829366e-01
    1.4630000000e+05    1.6498588697e-01
    1.4640000000e+05    1.8392237087e-01
    1.4650000000e+05    1.4080855358e-01
    1.4660000000e+05    1.2944700762e-01
    1.4670000000e+05    1.5850554682e-01
    1.4680000000e+05    1.4773269962e-01
    1.4690000000e+05    1.6083255333e-01
    1.4700000000e+05    2.0337640163e-01
    1.4710000000e+05    2.0469106560e-01
    1.4720000000e+05    1.4804903528e-01
    1.4730000000e+05    1.4638478183e-01
    1.4740000000e+05    1.4916716514e-01
    1.4750000000e+05    1.4179856369e-01
    1.4760000000e+05    1.3397907826e-01
    1.4770000000e+05    1.3045709177e-01
    1.4780000000e+05    1.3172329142e-01
    1.4790000000e+05    1.7354849786e-01
    1.4800000000e+05    1.3040805782e-01
    1.4810000000e+05    1.3380250720e-01
    1.4820000000e+05    1.3297834228e-01
    1.4830000000e+05    1.2288045782e-01
    1.4840000000e+05    1.3871901289e-01
    1.4850000000e+05    1.3139741103e-01
    1.4860000000e+05    1.3037592058e-01
    1.4870000000e+05    1.2123031831e-01
    1.4880000000e+05    1.1049377830e-01
    1.4890000000e+05    1.1764877414e-01
    1.4900000000e+05    1.2534523965e-01
    1.4910000000e+05    1.2006554917e-01
    1.4920000000e+05    1.2285073669e-01
    1.4930000000e+05    1.1281371480e-01
    1.4940000000e+05    1.1611773686e-01
    1.4950000000e+05    1.1147381644e-01
    1.4960000000e+05    1.3022566359e-01
    1.4970000000e+05    1.1776081313e-01
    1.4980000000e+05    9.6248226924e-02
    1.4990000000e+05    9.7187106549e-02
    1.5000000000e+05    1.6751553625e-01
    1.5010000000e+05    1.2543935155e-01
    1.5020000000e+05    9.3526352152e-02
    1.5030000000e+05    1.2978383384e-01
    1.5040000000e+05    1.2368556442e-01
    1.5050000000e+05    9.1921393380e-02
    1.5060000000e+05    1.0031810116e-01
    1.5070000000e+05    1.1675346426e-01
    1.5080000000e+05    1.1753991264e-01
    1.5090000000e+05    1.1669644563e-01
    1.5100000000e+05    1.1562141218e-01
    1.5110000000e+05    9.7658830768e-02
    1.5120000000e+05    9.7445270228e-02
    1.5130000000e+05    8.7759751728e-02
    1.5140000000e+05    1.1706223342e-01
    1.5150000000e+05    1.0074038592e-01
    1.5160000000e+05    1.0340614593e-01
    1.5170000000e+05    1.0202237412e-01
    1.5180000000e+05    9.6351171542e-02
    1.5190000000e+05    1.0178021732e-01
    1.5200000000e+05    1.5054441770e-01
    1.5210000000e+05    1.1546894991e-01
    1.5220000000e+05    1.1229052584e-01
    1.5230000000e+05    1.1393019600e-01
    1.5240000000e+05    1.1021849893e-01
    1.5250000000e+05    1.0573911750e-01
    1.5260000000e+05    1.0356139662e-01
    1.5270000000e+05    1.1128548580e-01
    1.5280000000e+05    1.2194520039e-01
    1.5290000000e+05    1.2789404289e-01
    1.5300000000e+05    1.4576175710e-01
    1.5310000000e+05    1.0813557008e-01
    1.5320000000e+05    1.1238208256e-01
    1.5330000000e+05    1.1189415047e-01
    1.5340000000e+05    1.1918230890e-01
    1.5350000000e+05    1.1320428773e-01
    1.5360000000e+05    1.1931012176e-01
    1.5370000000e+05    1.4156694962e-01
    1.5380000000e+05    2.4342452174e-01
    1.5390000000e+05    1.2935878445e-01
    1.5400000000e+05    1.5635879975e-01
    1.5410000000e+05    1.2481644898e-01
    1.5420000000e+05    1.1792411669e-01
    1.5430000000e+05    1.2395692349e-01
    1.5440000000e+05    1.5143904963e-01
    1.5450000000e+05    1.2558640287e-01
    1.5460000000e+05    1.1892513132e-01
    1.5470000000e+05    1.1530572559e-01
    1.5480000000e+05    1.1860153340e-01
    1.5490000000e+05    1.5074278500e-01
    1.5500000000e+05    1.0953520825e-01
    1.5510000000e+05    9.7395742501e-02
    1.5520000000e+05    1.3166810652e-01
    1.5530000000e+05    1.2448871811e-01
    1.5540000000e+05    1.4311120482e-01
    1.5550000000e+05    1.4791135885e-01
    1.5560000000e+05    1.4531816458e-01
    1.5570000000e+05    1.4904405014e-01
    1.5580000000e+05    2.0631162643e-01
    1.5590000000e+05    1.7370593375e-01
    1.5600000000e+05    2.1795786788e-01
    1.5610000000e+05    1.7641591673e-01
    1.5620000000e+05    2.3399845069e-01
    1.5630000000e+05    2.6273259056e-01
    1.5640000000e+05    1.5306949041e-01
    1.5650000000e+05    1.5751453506e-01
    1.5660000000e+05    2.5206612565e-01
    1.5670000000e+05    1.7867660283e-01
    1.5680000000e+05    1.8149028973e-01
    1.5690000000e+05    2.0588271684e-01
    1.5700000000e+05    2.3781238749e-01
    1.5710000000e+05    2.1003732508e-01
    1.5720000000e+05    1.8493115029e-01
    1.5730000000e+05    2.7917734145e-01
    1.5740000000e+05    2.6036474558e-01
    1.5750000000e+05    2.1491757862e-01
    1.5760000000e+05    2.1691024766e-01
    1.5770000000e+05    2.6992336061e-01
    1.5780000000e+05    2.0466520676e-01
    1.5790000000e+05    2.1235436011e-01
    1.5800000000e+05    1.9715149472e-01
    1.5810000000e+05    2.6914893881e-01
    1.5820000000e+05    1.6020146868e-01
    1.5830000000e+05    1.7920346274e-01
    1.5840000000e+05    2.0325237466e-01
    1.5850000000e+05    1.7114905131e-01
    1.5860000000e+05    1.8878348841e-01
    1.5870000000e+05    2.5042848231e-01
    1.5880000000e+05    2.3982519817e-01
    1.5890000000e+05    1.7153606748e-01
    1.5900000000e+05    1.8564944745e-01
    1.5910000000e+05    2.3892417000e-01
    1.5920000000e+05    1.4195947997e-01
    1.5930000000e+05    2.2591176111e-01
    1.5940000000e+05    2.3775114413e-01
    1.5950000000e+05    1.9038828503e-01
    1.5960000000e+05    2.0797843142e-01
    1.5970000000e+05    2.0331789642e-01
    1.5980000000e+05    2.0275522894e-01
    1.5990000000e+05    1.2722363383e-01
    1.6000000000e+05    2.0585860186e-01
    1.6010000000e+05    2.1419258006e-01
    1.6020000000e+05    3.0892482085e-01
    1.6030000000e+05    3.8711345814e-01
    1.6040000000e+05    2.1474725926e-01
    1.6050000000e+05    1.8046183260e-01
    1.6060000000e+05    1.5053375398e-01
    1.6070000000e+05    1.5217290356e-01
    1.6080000000e+05    2.3364811653e-01
    1.6090000000e+05    1.6352271527e-01
    1.6100000000e+05    1.8416194253e-01
    1.6110000000e+05    1.5499672415e-01
    1.6120000000e+05    2.0954727903e-01
    1.6130000000e+05    2.3198026205e-01
    1.6140000000e+05    2.8935360137e-01
    1.6150000000e+05    1.8239413085e-01
    1.6160000000e+05    2.4180905977e-01
    1.6170000000e+05    2.2775831308e-01
    1.6180000000e+05    1.9910030224e-01
    1.6190000000e+05    1.6257872949e-01
    1.6200000000e+05    2.0361990430e-01
    1.6210000000e+05    2.0642793263e-01
    1.6220000000e+05    2.5973244175e-01
    1.6230000000e+05    2.6609175359e-01
    1.6240000000e+05    2.3561277749e-01
    1.6250000000e+05    2.2270663969e-01
    1.6260000000e+05    2.1834328197e-01
    1.6270000000e+05    1.4056245664e-01
    1.6280000000e+05    1.5704979474e-01
    1.6290000000e+05    1.4867748659e-01
    1.6300000000e+05    1.3424661490e-01
    1.6310000000e+05    2.3975706606e-01
    1.6320000000e+05    1.5394656341e-01
    1.6330000000e+05    1.5773927285e-01
    1.6340000000e+05    1.9573411384e-01
    1.6350000000e+05    2.0668388173e-01
    1.6360000000e+05    2.4208864941e-01
    1.6370000000e+05    3.0130897188e-01
    1.6380000000e+05    2.2663394690e-01
    1.6390000000e+05    2.0085105307e-01
    1.6400000000e+05    2.1286486922e-01
    1.6410000000e+05    2.8206298195e-01
    1.6420000000e+05    2.4930714055e-01
    1.6430000000e+05    2.6393680973e-01
    1.6440000000e+05    2.7635224592e-01
    1.6450000000e+05    2.2764808519e-01
    1.6460000000e+05    1.8241257800e-01
    1.6470000000e+05    2.1472465811e-01
    1.6480000000e+05    2.2982320890e-01
    1.6490000000e+05    2.1515844009e-01
    1.6500000000e+05    1.5638026252e-01
    1.6510000000e+05    1.9158540786e-01
    1.6520000000e+05    1.5993136617e-01
    1.6530000000e+05    1.7464079762e-01
    1.6540000000e+05    1.5044505981e-01
    1.6550000000e+05    1.6238053477e-01
    1.6560000000e+05    1.4197963411e-01
    1.6570000000e+05    1.7991103509e-01
    1.6580000000e+05    2.1057841042e-01
    1.6590000000e+05    2.1722325908e-01
    1.6600000000e+05    1.9512638636e-01
    1.6610000000e+05    2.5235526354e-01
    1.6620000000e+05    1.5551931781e-01
    1.6630000000e+05    2.0620811484e-01
    1.6640000000e+05    2.2086824874e-01
    1.6650000000e+05    2.3568699070e-01
    1.6660000000e+05    2.1537899513e-01
    1.6670000000e+05    2.6715828268e-01
    1.6680000000e+05    2.4214380057e-01
    1.6690000000e+05    1.7794966320e-01
    1.6700000000e+05    1.8920577941e-01
    1.6710000000e+05    1.7163452324e-01
    1.6720000000e+05    1.5505703528e-01
    1.6730000000e+05    1.4410264739e-01
    1.6740000000e+05    2.0435664616e-01
    1.6750000000e+05    1.6647058348e-01
    1.6760000000e+05    1.2385029898e-01
    1.6770000000e+05    1.6522642885e-01
    1.6780000000e+05    2.5004838994e-01
    1.6790000000e+05    1.6199505001e-01
    1.6800000000e+05    1.4694381638e-01
    1.6810000000e+05    1.6350309710e-01
    1.6820000000e+05    1.8694034158e-01
    1.6830000000e+05    1.5043000685e-01
    1.6840000000e+05    1.7176680626e-01
    1.6850000000e+05    1.4041397350e-01
    1.6860000000e+05    1.6153546193e-01
    1.6870000000e+05    1.6736994999e-01
    1.6880000000e+05    2.3380249729e-01
    1.6890000000e+05    1.4797970860e-01
    1.6900000000e+05    1.5272556440e-01
    1.6910000000e+05    1.3414815935e-01
    1.6920000000e+05    1.7175263896e-01
    1.6930000000e+05    1.4390825352e-01
    1.6940000000e+05    2.3406482313e-01
    1.6950000000e+05    1.7274575684e-01
    1.6960000000e+05    2.0156830882e-01
    1.6970000000e+05    1.4967489714e-01
    1.6980000000e+05    2.0809384263e-01
    1.6990000000e+05    1.7143040478e-01
    1.7000000000e+05    1.8200028104e-01
    1.7010000000e+05    1.3456541988e-01
    1.7020000000e+05    1.9073313607e-01
    1.7030000000e+05    1.9954593880e-01
    1.7040000000e+05    1.7196272937e-01
    1.7050000000e+05    2.1003776115e-01
    1.7060000000e+05    1.6880527622e-01
    1.7070000000e+05    1.6985336200e-01
    1.7080000000e+05    1.3760302563e-01
    1.7090000000e+05    1.6649958402e-01
    1.7100000000e+05    1.9289524897e-01
    1.7110000000e+05    1.7183446609e-01
    1.7120000000e+05    2.1054588788e-01
    1.7130000000e+05    1.2732607869e-01
    1.7140000000e+05    2.3057008362e-01
    1.7150000000e+05    1.3124631818e-01
    1.7160000000e+05    1.5320550564e-01
    1.7170000000e+05    1.5365407306e-01
    1.7180000000e+05    1.5364890091e-01
    1.7190000000e+05    1.3482861581e-01
    1.7200000000e+05    2.2278488553e-01
    1.7210000000e+05    1.4854413180e-01
    1.7220000000e+05    1.1771757655e-01
    1.7230000000e+05    1.2433601968e-01
    1.7240000000e+05    1.8470526105e-01
    1.7250000000e+05    1.9619111393e-01
    1.7260000000e+05    1.5983146863e-01
    1.7270000000e+05    1.4871407511e-01
    1.7280000000e+05    1.8386000876e-01
    1.7290000000e+05    1.6442636204e-01
    1.7300000000e+05    1.6570942838e-01
    1.7310000000e+05    1.7763247086e-01
    1.7320000000e+05    1.8101258977e-01
    1.7330000000e+05    2.3802167050e-01
    1.7340000000e+05    2.2456782050e-01
    1.7350000000e+05    1.8677231360e-01
    1.7360000000e+05    2.1449858593e-01
    1.7370000000e+05    2.5800285931e-01
    1.7380000000e+05    2.1216020134e-01
    1.7390000000e+05    1.6191432059e-01
    1.7400000000e+05    2.0392339391e-01
    1.7410000000e+05    1.6033285079e-01
    1.7420000000e+05    1.3112372032e-01
    1.7430000000e+05    1.6218294829e-01
    1.7440000000e+05    1.5369476463e-01
    1.7450000000e+05    1.9441701602e-01
    1.7460000000e+05    1.8406677926e-01
    1.7470000000e+05    1.5549095522e-01
    1.7480000000e+05    1.6718404765e-01
    1.7490000000e+05    2.4679959205e-01
    1.7500000000e+05    2.2256735417e-01
    1.7510000000e+05    2.2372291232e-01
    1.7520000000e+05    2.0135705235e-01
    1.7530000000e+05    2.3874380105e-01
    1.7540000000e+05    2.3898534987e-01
    1.7550000000e+05    2.0863193641e-01
    1.7560000000e+05    1.4726762851e-01
    1.7570000000e+05    1.3498536211e-01
    1.7580000000e+05    1.4289049889e-01
    1.7590000000e+05    1.9095267848e-01
    1.7600000000e+05    2.0617293579e-01
    1.7610000000e+05    1.9322972322e-01
    1.7620000000e+05    1.4550804874e-01
    1.7630000000e+05    1.9811742960e-01
    1.7640000000e+05    1.4770605166e-01
    1.7650000000e+05    1.6314391733e-01
    1.7660000000e+05    1.6577882699e-01
    1.7670000000e+05    2.0551651027e-01
    1.7680000000e+05    1.4546093261e-01
    1.7690000000e+05    2.1728179307e-01
    1.7700000000e+05    1.9876255486e-01
    1.7710000000e+05    2.3848636120e-01
    1.7720000000e+05    1.5375396081e-01
    1.7730000000e+05    2.2061228389e-01
    1.7740000000e+05    1.7103251497e-01
    1.7750000000e+05    1.9536158972e-01
    1.7760000000e+05    1.4648718350e-01
    1.7770000000e+05    2.2281655791e-01
    1.7780000000e+05    1.6257234836e-01
    1.7790000000e+05    1.2898019611e-01
    1.7800000000e+05    1.9690181883e-01
    1.7810000000e+05    2.5871809471e-01
    1.7820000000e+05    1.5624962270e-01
    1.7830000000e+05    1.5393069853e-01
    1.7840000000e+05    2.4523111388e-01
    1.7850000000e+05    1.6654239277e-01
    1.7860000000e+05    1.6081090690e-01
    1.7870000000e+05    1.7766815312e-01
    1.7880000000e+05    2.3622210559e-01
    1.7890000000e+05    1.6653419357e-01
    1.7900000000e+05    2.3078727075e-01
    1.7910000000e+05    1.7729339869e-01
    1.7920000000e+05    2.6281355601e-01
    1.7930000000e+05    1.7087225537e-01
    1.7940000000e+05    2.2505095280e-01
    1.7950000000e+05    1.9365797614e-01
    1.7960000000e+05    2.2650618943e-01
    1.7970000000e+05    1.5548017632e-01
    1.7980000000e+05    2.5303455339e-01
    1.7990000000e+05    2.4160508975e-01
    1.8000000000e+05    1.6556903275e-01
    1.8010000000e+05    1.8459551111e-01
    1.8020000000e+05    2.2040495772e-01
    1.8030000000e+05    2.4344683406e-01
    1.8040000000e+05    3.0648496306e-01
    1.8050000000e+05    2.3280110429e-01
    1.8060000000e+05    2.9033862306e-01
    1.8070000000e+05    3.0732691398e-01
    1.8080000000e+05    2.8113538326e-01
    1.8090000000e+05    1.8957576372e-01
    1.8100000000e+05    2.3725874121e-01
    1.8110000000e+05    2.7210651392e-01
    1.8120000000e+05    2.2899905666e-01
    1.8130000000e+05    2.6885050534e-01
    1.8140000000e+05    3.3938131862e-01
    1.8150000000e+05    3.0553075103e-01
    1.8160000000e+05    2.9337056485e-01
    1.8170000000e+05    2.2190072726e-01
    1.8180000000e+05    2.2269665711e-01
    1.8190000000e+05    3.0179175741e-01
    1.8200000000e+05    3.2794619141e-01
    1.8210000000e+05    3.6931105707e-01
    1.8220000000e+05    2.8982481176e-01
    1.8230000000e+05    3.1147142976e-01
    1.8240000000e+05    2.6684973527e-01
    1.8250000000e+05    2.2489222914e-01
    1.8260000000e+05    2.6802645006e-01
    1.8270000000e+05    3.1615304217e-01
    1.8280000000e+05    3.5021657018e-01
    1.8290000000e+05    2.9539627516e-01
    1.8300000000e+05    2.1729775904e-01
    1.8310000000e+05    2.6134298012e-01
    1.8320000000e+05    2.5826074827e-01
    1.8330000000e+05    2.2506186166e-01
    1.8340000000e+05    2.9334964480e-01
    1.8350000000e+05    3.0773920474e-01
    1.8360000000e+05    2.9195371459e-01
    1.8370000000e+05    2.8465357156e-01
    1.8380000000e+05    3.2319493657e-01
    1.8390000000e+05    2.3147141424e-01
    1.8400000000e+05    2.3771949039e-01
    1.8410000000e+05    3.4587465703e-01
    1.8420000000e+05    2.3585361839e-01
    1.8430000000e+05    2.5942540549e-01
    1.8440000000e+05    1.7300408359e-01
    1.8450000000e+05    2.4327456379e-01
    1.8460000000e+05    2.6704571084e-01
    1.8470000000e+05    3.2894798783e-01
    1.8480000000e+05    2.8393512790e-01
    1.8490000000e+05    3.2328660288e-01
    1.8500000000e+05    3.2642297495e-01
    1.8510000000e+05    2.7910721154e-01
    1.8520000000e+05    2.8549409960e-01
    1.8530000000e+05    2.5484359650e-01
    1.8540000000e+05    2.4631636986e-01
    1.8550000000e+05    2.5426324323e-01
    1.8560000000e+05    2.2862037156e-01
    1.8570000000e+05    1.9243843672e-01
    1.8580000000e+05    1.7114722734e-01
    1.8590000000e+05    1.8916206085e-01
    1.8600000000e+05    2.1779566688e-01
    1.8610000000e+05    1.9043582071e-01
    1.8620000000e+05    2.2362243857e-01
    1.8630000000e+05    1.5806424764e-01
    1.8640000000e+05    1.6815007006e-01
    1.8650000000e+05    1.6147099412e-01
    1.8660000000e+05    1.3369660434e-01
    1.8670000000e+05    1.4702095266e-01
    1.8680000000e+05    1.8384775882e-01
    1.8690000000e+05    2.2632080121e-01
    1.8700000000e+05    1.6577925772e-01
    1.8710000000e+05    1.3250471657e-01
    1.8720000000e+05    1.8276456806e-01
    1.8730000000e+05    1.4050185037e-01
    1.8740000000e+05    2.3513202305e-01
    1.8750000000e+05    1.9459855640e-01
    1.8760000000e+05    1.6067321160e-01
    1.8770000000e+05    1.8592196397e-01
    1.8780000000e+05    1.6063633905e-01
    1.8790000000e+05    1.3712371936e-01
    1.8800000000e+05    2.2379167220e-01
    1.8810000000e+05    1.5587534274e-01
    1.8820000000e+05    1.7259984728e-01
    1.8830000000e+05    1.3934028995e-01
    1.8840000000e+05    1.5685333199e-01
    1.8850000000e+05    2.0145638728e-01
    1.8860000000e+05    1.7196856418e-01
    1.8870000000e+05    2.2980158228e-01
    1.8880000000e+05    2.2612027133e-01
    1.8890000000e+05    1.5278480496e-01
    1.8900000000e+05    1.8167709376e-01
    1.8910000000e+05    1.5046082256e-01
    1.8920000000e+05    1.8713789921e-01
    1.8930000000e+05    1.7766562912e-01
    1.8940000000e+05    1.6247111245e-01
    1.8950000000e+05    1.5110011435e-01
    1.8960000000e+05    1.9253928402e-01
    1.8970000000e+05    2.2757050099e-01
    1.8980000000e+05    1.7534623319e-01
    1.8990000000e+05    2.3016011155e-01
    1.9000000000e+05    1.7596625315e-01
    1.9010000000e+05    2.0225078051e-01
    1.9020000000e+05    1.8221222987e-01
    1.9030000000e+05    1.6014028761e-01
    1.9040000000e+05    1.6933183277e-01
    1.9050000000e+05    1.5564626876e-01
    1.9060000000e+05    2.5042949752e-01
    1.9070000000e+05    1.2796315183e-01
    1.9080000000e+05    1.5227987399e-01
    1.9090000000e+05    1.2265340048e-01
    1.9100000000e+05    1.5619781697e-01
    1.9110000000e+05    1.4513902512e-01
    1.9120000000e+05    2.0986287169e-01
    1.9130000000e+05    1.4441318324e-01
    1.9140000000e+05    1.5783517350e-01
    1.9150000000e+05    2.3181433055e-01
    1.9160000000e+05    3.0965433336e-01
    1.9170000000e+05    3.1675501370e-01
    1.9180000000e+05    2.3863498171e-01
    1.9190000000e+05    1.9634662187e-01
    1.9200000000e+05    2.5946047243e-01
    1.9210000000e+05    2.6374151692e-01
    1.9220000000e+05    2.1950434706e-01
    1.9230000000e+05    2.0094238731e-01
    1.9240000000e+05    2.6219139431e-01
    1.9250000000e+05    1.8405905666e-01
    1.9260000000e+05    2.3007583035e-01
    1.9270000000e+05    1.9141530438e-01
    1.9280000000e+05    1.9096108714e-01
    1.9290000000e+05    1.4631716358e-01
    1.9300000000e+05    1.7001155959e-01
    1.9310000000e+05    1.6483100124e-01
    1.9320000000e+05    2.1395779858e-01
    1.9330000000e+05    1.9111803171e-01
    1.9340000000e+05    1.8860231247e-01
    1.9350000000e+05    1.5941680494e-01
    1.9360000000e+05    1.1961089910e-01
    1.9370000000e+05    1.5365024095e-01
    1.9380000000e+05    2.4200816655e-01
    1.9390000000e+05    1.6800601536e-01
    1.9400000000e+05    2.3549223998e-01
    1.9410000000e+05    1.4327783241e-01
    1.9420000000e+05    1.4756625045e-01
    1.9430000000e+05    1.4311029338e-01
    1.9440000000e+05    2.0880697597e-01
    1.9450000000e+05    2.2555199286e-01
    1.9460000000e+05    2.0895883671e-01
    1.9470000000e+05    1.7400565902e-01
    1.9480000000e+05    1.9006931802e-01
    1.9490000000e+05    1.8150888021e-01
    1.9500000000e+05    2.1601832877e-01
    1.9510000000e+05    1.7209609063e-01
    1.9520000000e+05    2.0826002718e-01
    1.9530000000e+05    1.7553163412e-01
    1.9540000000e+05    2.3558484044e-01
    1.9550000000e+05    1.5131919491e-01
    1.9560000000e+05    2.3727695703e-01
    1.9570000000e+05    1.6593764801e-01
    1.9580000000e+05    1.4139799449e-01
    1.9590000000e+05    1.6395041557e-01
    1.9600000000e+05    2.4690045313e-01
    1.9610000000e+05    1.7290977452e-01
    1.9620000000e+05    1.3105383356e-01
    1.9630000000e+05    1.3539516149e-01
    1.9640000000e+05    1.4667450811e-01
    1.9650000000e+05    1.9019542883e-01
    1.9660000000e+05    2.3080294485e-01
    1.9670000000e+05    2.3877996946e-01
    1.9680000000e+05    1.7580404556e-01
    1.9690000000e+05    2.9371298342e-01
    1.9700000000e+05    2.6344833961e-01
    1.9710000000e+05    2.4914286362e-01
    1.9720000000e+05    2.5949903117e-01
    1.9730000000e+05    2.7548037425e-01
    1.9740000000e+05    2.2843770164e-01
    1.9750000000e+05    2.9415824526e-01
    1.9760000000e+05    3.3022109184e-01
    1.9770000000e+05    3.0892887185e-01
    1.9780000000e+05    2.4277560518e-01
    1.9790000000e+05    2.4270381691e-01
    1.9800000000e+05    2.2854115698e-01
    1.9810000000e+05    1.9689638731e-01
    1.9820000000e+05    2.1137461688e-01
    1.9830000000e+05    2.7501937136e-01
    1.9840000000e+05    2.6857396333e-01
    1.9850000000e+05    2.7651987926e-01
    1.9860000000e+05    2.5743272869e-01
    1.9870000000e+05    3.5580514612e-01
    1.9880000000e+05    2.9654275755e-01
    1.9890000000e+05    2.4858191064e-01
    1.9900000000e+05    2.2847524130e-01
    1.9910000000e+05    2.2831670273e-01
    1.9920000000e+05    2.1271614231e-01
    1.9930000000e+05    2.3016523606e-01
    1.9940000000e+05    2.5182110052e-01
    1.9950000000e+05    3.4244654851e-01
    1.9960000000e+05    2.2932254368e-01
    1.9970000000e+05    2.4922439366e-01
    1.9980000000e+05    3.0627992310e-01
    1.9990000000e+05    2.1788122861e-01
    2.0000000000e+05    2.1747744636e-01
