    1.0000000000e+02    1.7516331241e-01
    2.0000000000e+02    1.0996084567e-01
    3.0000000000e+02    1.0923864545e-01
    4.0000000000e+02    1.2806959547e-01
    5.0000000000e+02    1.2445147146e-01
    6.0000000000e+02    1.6708946861e-01
    7.0000000000e+02    1.2018628850e-01
    8.0000000000e+02    1.0509913658e-01
    9.0000000000e+02    1.2175639895e-01
    1.0000000000e+03    1.2984682880e-01
    1.1000000000e+03    1.1655552568e-01
    1.2000000000e+03    1.2680833980e-01
    1.3000000000e+03    1.4261395310e-01
    1.4000000000e+03    1.5934556528e-01
    1.5000000000e+03    1.3884593348e-01
    1.6000000000e+03    1.6209435952e-01
    1.7000000000e+03    1.2319369769e-01
    1.8000000000e+03    1.1831915831e-01
    1.9000000000e+03    1.4828672314e-01
    2.0000000000e+03    1.5479973386e-01
    2.1000000000e+03    1.2243151560e-01
    2.2000000000e+03    1.7879181640e-01
    2.3000000000e+03    1.2664470521e-01
    2.4000000000e+03    1.5054098809e-01
    2.5000000000e+03    1.3476059967e-01
    2.6000000000e+03    1.4542375323e-01
    2.7000000000e+03    1.3160723743e-01
    2.8000000000e+03    1.4744624169e-01
    2.9000000000e+03    1.7498803801e-01
    3.0000000000e+03    2.1631207572e-01
    3.1000000000e+03    2.2102774481e-01
    3.2000000000e+03    1.2873766137e-01
    3.3000000000e+03    1.5676614064e-01
    3.4000000000e+03    1.8019149043e-01
    3.5000000000e+03    1.5024255252e-01
    3.6000000000e+03    1.2960450460e-01
    3.7000000000e+03    1.5718105279e-01
    3.8000000000e+03    1.0602898630e-01
    3.9000000000e+03    1.1556142612e-01
    4.0000000000e+03    1.0233088348e-01
    4.1000000000e+03    1.3354502547e-01
    4.2000000000e+03    1.3740580870e-01
    4.3000000000e+03    1.3317585128e-01
    4.4000000000e+03    1.6613977136e-01
    4.5000000000e+03    1.6186467868e-01
    4.6000000000e+03    1.4007827533e-01
    4.7000000000e+03    1.8115564465e-01
    4.8000000000e+03    1.2167084847e-01
    4.9000000000e+03    1.3144115854e-01
    5.0000000000e+03    1.4147162547e-01
    5.1000000000e+03    1.2831833501e-01
    5.2000000000e+03    1.6741164033e-01
    5.3000000000e+03    1.8228061530e-01
    5.4000000000e+03    3.0217075985e-01
    5.5000000000e+03    1.1838155253e-01
    5.6000000000e+03    1.1915994375e-01
    5.7000000000e+03    1.4168655038e-01
    5.8000000000e+03    1.2729652844e-01
    5.9000000000e+03    1.1674784497e-01
    6.0000000000e+03    1.1740626616e-01
    6.1000000000e+03    1.2906552260e-01
    6.2000000000e+03    1.2353046535e-01
    6.3000000000e+03    1.2921637777e-01
    6.4000000000e+03    1.2594092768e-01
    6.5000000000e+03    1.2336901081e-01
    6.6000000000e+03    1.1492265861e-01
    6.7000000000e+03    1.2959025833e-01
    6.8000000000e+03    1.3551568396e-01
    6.9000000000e+03    1.2315008027e-01
    7.0000000000e+03    1.0812004979e-01
    7.1000000000e+03    1.2864930782e-01
    7.2000000000e+03    1.0307665793e-01
    7.3000000000e+03    1.1708840202e-01
    7.4000000000e+03    1.1240697342e-01
    7.5000000000e+03    1.1372421140e-01
    7.6000000000e+03    1.2415685897e-01
    7.7000000000e+03    1.2804670906e-01
    7.8000000000e+03    1.3257136961e-01
    7.9000000000e+03    1.3744300552e-01
    8.0000000000e+03    1.1887739903e-01
    8.1000000000e+03    1.4830039965e-01
    8.2000000000e+03    1.6256538711e-01
    8.3000000000e+03    1.3787630419e-01
    8.4000000000e+03    1.3718952463e-01
    8.5000000000e+03    1.2242469803e-01
    8.6000000000e+03    1.2511953107e-01
    8.7000000000e+03    1.0338661680e-01
    8.8000000000e+03    1.0829486778e-01
    8.9000000000e+03    9.6692689385e-02
    9.0000000000e+03    8.9245457573e-02
    9.1000000000e+03    1.7057926977e-01
    9.2000000000e+03    1.1767442739e-01
    9.3000000000e+03    1.1353046211e-01
    9.4000000000e+03    1.7602496392e-01
    9.5000000000e+03    1.2726818355e-01
    9.6000000000e+03    1.4175548998e-01
    9.7000000000e+03    1.2106064997e-01
    9.8000000000e+03    1.2624343506e-01
    9.9000000000e+03    1.3036976137e-01
    1.0000000000e+04    1.4070982974e-01
    1.0100000000e+04    1.2793833163e-01
    1.0200000000e+04    1.1275344618e-01
    1.0300000000e+04    1.2558208948e-01
    1.0400000000e+04    1.2041520940e-01
    1.0500000000e+04    1.0226902490e-01
    1.0600000000e+04    1.1125634037e-01
    1.0700000000e+04    1.2553557188e-01
    1.0800000000e+04    1.2852490698e-01
    1.0900000000e+04    1.6048822322e-01
    1.1000000000e+04    1.2787993762e-01
    1.1100000000e+04    1.3634738009e-01
    1.1200000000e+04    1.9129347325e-01
    1.1300000000e+04    1.4270178751e-01
    1.1400000000e+04    1.5055351675e-01
    1.1500000000e+04    1.0033178761e-01
    1.1600000000e+04    1.0505298852e-01
    1.1700000000e+04    9.7256335904e-02
    1.1800000000e+04    1.2452957838e-01
    1.1900000000e+04    1.2614369518e-01
    1.2000000000e+04    1.1579560948e-01
    1.2100000000e+04    1.0138246000e-01
    1.2200000000e+04    1.0339026128e-01
    1.2300000000e+04    1.0025605873e-01
    1.2400000000e+04    1.2894353055e-01
    1.2500000000e+04    1.2033972651e-01
    1.2600000000e+04    1.1826106881e-01
    1.2700000000e+04    1.0755450765e-01
    1.2800000000e+04    1.3038686836e-01
    1.2900000000e+04    1.0731626073e-01
    1.3000000000e+04    1.3925861121e-01
    1.3100000000e+04    1.1245225335e-01
    1.3200000000e+04    1.2977419270e-01
    1.3300000000e+04    1.0774993942e-01
    1.3400000000e+04    1.0904957378e-01
    1.3500000000e+04    1.0483280203e-01
    1.3600000000e+04    1.5377459201e-01
    1.3700000000e+04    1.1623386993e-01
    1.3800000000e+04    1.3607912964e-01
    1.3900000000e+04    1.1581837824e-01
    1.4000000000e+04    1.1509986701e-01
    1.4100000000e+04    9.5142678809e-02
    1.4200000000e+04    1.0885287805e-01
    1.4300000000e+04    1.0289119352e-01
    1.4400000000e+04    1.2205970457e-01
    1.4500000000e+04    1.2600994899e-01
    1.4600000000e+04    1.8765706451e-01
    1.4700000000e+04    1.1813296318e-01
    1.4800000000e+04    1.3443062981e-01
    1.4900000000e+04    1.2228384697e-01
    1.5000000000e+04    1.2089909382e-01
    1.5100000000e+04    1.1410805900e-01
    1.5200000000e+04    1.1902505396e-01
    1.5300000000e+04    9.3493082342e-02
    1.5400000000e+04    1.0064784121e-01
    1.5500000000e+04    1.3186126063e-01
    1.5600000000e+04    1.1026370886e-01
    1.5700000000e+04    1.2420050244e-01
    1.5800000000e+04    1.1806661555e-01
    1.5900000000e+04    1.4315264427e-01
    1.6000000000e+04    1.0293780065e-01
    1.6100000000e+04    1.0414463942e-01
    1.6200000000e+04    9.8477102130e-02
    1.6300000000e+04    1.1960608830e-01
    1.6400000000e+04    1.0780133452e-01
    1.6500000000e+04    1.1613105624e-01
    1.6600000000e+04    1.0587171089e-01
    1.6700000000e+04    1.0601551067e-01
    1.6800000000e+04    1.5575472610e-01
    1.6900000000e+04    1.0175058599e-01
    1.7000000000e+04    1.2223672216e-01
    1.7100000000e+04    1.2039427177e-01
    1.7200000000e+04    1.0813907778e-01
    1.7300000000e+04    1.0491226382e-01
    1.7400000000e+04    1.0538283321e-01
    1.7500000000e+04    1.3220563347e-01
    1.7600000000e+04    1.1345969461e-01
    1.7700000000e+04    1.0422325112e-01
    1.7800000000e+04    1.3892852075e-01
    1.7900000000e+04    1.4733815507e-01
    1.8000000000e+04    1.0280482993e-01
    1.8100000000e+04    1.3063800968e-01
    1.8200000000e+04    1.2786799462e-01
    1.8300000000e+04    1.0038409711e-01
    1.8400000000e+04    1.0945345007e-01
    1.8500000000e+04    1.0044753889e-01
    1.8600000000e+04    1.0710609670e-01
    1.8700000000e+04    9.1760269585e-02
    1.8800000000e+04    1.5600704760e-01
    1.8900000000e+04    1.3195712351e-01
    1.9000000000e+04    1.2897419181e-01
    1.9100000000e+04    1.3894293923e-01
    1.9200000000e+04    1.2804468753e-01
    1.9300000000e+04    1.1407937935e-01
    1.9400000000e+04    9.2902014367e-02
    1.9500000000e+04    1.1927204870e-01
    1.9600000000e+04    1.6416345035e-01
    1.9700000000e+04    1.5453279547e-01
    1.9800000000e+04    1.7183525749e-01
    1.9900000000e+04    1.9609217568e-01
    2.0000000000e+04    1.7132789808e-01
    2.0100000000e+04    1.8685713802e-01
    2.0200000000e+04    1.5473075268e-01
    2.0300000000e+04    1.2640895884e-01
    2.0400000000e+04    1.1608928932e-01
    2.0500000000e+04    1.3874080567e-01
    2.0600000000e+04    1.2596237155e-01
    2.0700000000e+04    1.5107870501e-01
    2.0800000000e+04    1.0015763161e-01
    2.0900000000e+04    1.2763479104e-01
    2.1000000000e+04    1.0444638950e-01
    2.1100000000e+04    1.0547353978e-01
    2.1200000000e+04    1.3100370633e-01
    2.1300000000e+04    1.2924559135e-01
    2.1400000000e+04    1.3211457014e-01
    2.1500000000e+04    1.0939001623e-01
    2.1600000000e+04    1.2282669579e-01
    2.1700000000e+04    1.0140586065e-01
    2.1800000000e+04    1.1350963986e-01
    2.1900000000e+04    1.0919377633e-01
    2.2000000000e+04    1.1051443411e-01
    2.2100000000e+04    1.1977959871e-01
    2.2200000000e+04    9.0880690715e-02
    2.2300000000e+04    1.3146523657e-01
    2.2400000000e+04    1.1813867088e-01
    2.2500000000e+04    1.0523726078e-01
    2.2600000000e+04    1.2610426657e-01
    2.2700000000e+04    1.1607077671e-01
    2.2800000000e+04    1.3021923184e-01
    2.2900000000e+04    1.0978555034e-01
    2.3000000000e+04    1.1018367014e-01
    2.3100000000e+04    1.5855676863e-01
    2.3200000000e+04    1.0013409118e-01
    2.3300000000e+04    1.4129382943e-01
    2.3400000000e+04    1.2820050288e-01
    2.3500000000e+04    1.2705484996e-01
    2.3600000000e+04    1.5053426261e-01
    2.3700000000e+04    1.1893387904e-01
    2.3800000000e+04    1.2267650170e-01
    2.3900000000e+04    1.0336292053e-01
    2.4000000000e+04    9.9739044825e-02
    2.4100000000e+04    8.9074295677e-02
    2.4200000000e+04    1.0401985593e-01
    2.4300000000e+04    1.1433975969e-01
    2.4400000000e+04    1.0557164224e-01
    2.4500000000e+04    1.0069912755e-01
    2.4600000000e+04    1.3066479200e-01
    2.4700000000e+04    1.0702379688e-01
    2.4800000000e+04    1.3517993756e-01
    2.4900000000e+04    1.3505774569e-01
    2.5000000000e+04    9.8529963081e-02
    2.5100000000e+04    1.2471731512e-01
    2.5200000000e+04    1.1512672292e-01
    2.5300000000e+04    1.2716485600e-01
    2.5400000000e+04    1.1004814677e-01
    2.5500000000e+04    1.1344055764e-01
    2.5600000000e+04    1.3456059769e-01
    2.5700000000e+04    1.4276394961e-01
    2.5800000000e+04    1.4813551606e-01
    2.5900000000e+04    1.0414583208e-01
    2.6000000000e+04    1.3304217427e-01
    2.6100000000e+04    1.3821274471e-01
    2.6200000000e+04    1.6150570368e-01
    2.6300000000e+04    1.5834745115e-01
    2.6400000000e+04    1.2287829143e-01
    2.6500000000e+04    1.6875051154e-01
    2.6600000000e+04    1.3597205293e-01
    2.6700000000e+04    1.1109385587e-01
    2.6800000000e+04    1.2375686488e-01
    2.6900000000e+04    1.2863575476e-01
    2.7000000000e+04    1.2828275167e-01
    2.7100000000e+04    1.5259217690e-01
    2.7200000000e+04    1.1224559570e-01
    2.7300000000e+04    1.1729562802e-01
    2.7400000000e+04    1.0740279274e-01
    2.7500000000e+04    1.0762363387e-01
    2.7600000000e+04    1.1967826739e-01
    2.7700000000e+04    1.0962495053e-01
    2.7800000000e+04    9.8317295888e-02
    2.7900000000e+04    1.2095750471e-01
    2.8000000000e+04    1.1507242065e-01
    2.8100000000e+04    1.4779690526e-01
    2.8200000000e+04    1.1925220688e-01
    2.8300000000e+04    1.0728323037e-01
    2.8400000000e+04    1.0447814201e-01
    2.8500000000e+04    1.1308598062e-01
    2.8600000000e+04    1.2329231209e-01
    2.8700000000e+04    1.0357790050e-01
    2.8800000000e+04    1.7142678697e-01
    2.8900000000e+04    1.3173817548e-01
    2.9000000000e+04    1.2976272750e-01
    2.9100000000e+04    1.3031176647e-01
    2.9200000000e+04    1.4829644875e-01
    2.9300000000e+04    1.2801003740e-01
    2.9400000000e+04    1.2639120270e-01
    2.9500000000e+04    9.5785063138e-02
    2.9600000000e+04    1.0074858604e-01
    2.9700000000e+04    1.2080416921e-01
    2.9800000000e+04    1.0807795881e-01
    2.9900000000e+04    1.2664642542e-01
    3.0000000000e+04    1.1236758131e-01
    3.0100000000e+04    1.0106292918e-01
    3.0200000000e+04    1.5879578322e-01
    3.0300000000e+04    1.3716489958e-01
    3.0400000000e+04    1.1063532952e-01
    3.0500000000e+04    1.4695362963e-01
    3.0600000000e+04    1.6990511515e-01
    3.0700000000e+04    1.2962135218e-01
    3.0800000000e+04    1.4711404159e-01
    3.0900000000e+04    1.2698734623e-01
    3.1000000000e+04    1.1772386389e-01
    3.1100000000e+04    1.1677102942e-01
    3.1200000000e+04    9.3075302778e-02
    3.1300000000e+04    1.0770986842e-01
    3.1400000000e+04    1.3862201430e-01
    3.1500000000e+04    9.6477259928e-02
    3.1600000000e+04    1.2509893729e-01
    3.1700000000e+04    1.4897810410e-01
    3.1800000000e+04    1.0846336040e-01
    3.1900000000e+04    1.4067817664e-01
    3.2000000000e+04    1.3790198227e-01
    3.2100000000e+04    1.3270429225e-01
    3.2200000000e+04    1.3546875209e-01
    3.2300000000e+04    1.1756786668e-01
    3.2400000000e+04    1.3037642433e-01
    3.2500000000e+04    1.4461758735e-01
    3.2600000000e+04    1.1420933148e-01
    3.2700000000e+04    1.3024975839e-01
    3.2800000000e+04    1.2594385113e-01
    3.2900000000e+04    1.0648483975e-01
    3.3000000000e+04    1.1500871774e-01
    3.3100000000e+04    1.2029139072e-01
    3.3200000000e+04    9.8620044144e-02
    3.3300000000e+04    1.2317253519e-01
    3.3400000000e+04    1.5455238203e-01
    3.3500000000e+04    1.1621130560e-01
    3.3600000000e+04    1.1841505775e-01
    3.3700000000e+04    1.1505238161e-01
    3.3800000000e+04    1.0226006324e-01
    3.3900000000e+04    1.0510072064e-01
    3.4000000000e+04    1.3866278580e-01
    3.4100000000e+04    1.1964801158e-01
    3.4200000000e+04    1.2211841379e-01
    3.4300000000e+04    1.1976200888e-01
    3.4400000000e+04    1.3634735840e-01
    3.4500000000e+04    1.4441781274e-01
    3.4600000000e+04    1.3819829296e-01
    3.4700000000e+04    1.3465629794e-01
    3.4800000000e+04    1.0856781718e-01
    3.4900000000e+04    1.2377462104e-01
    3.5000000000e+04    1.5350959842e-01
    3.5100000000e+04    1.2112204920e-01
    3.5200000000e+04    1.3119426360e-01
    3.5300000000e+04    1.3223593041e-01
    3.5400000000e+04    1.3131827203e-01
    3.5500000000e+04    1.6251013629e-01
    3.5600000000e+04    1.1138950588e-01
    3.5700000000e+04    1.2523785240e-01
    3.5800000000e+04    1.1022520785e-01
    3.5900000000e+04    1.1220438413e-01
    3.6000000000e+04    1.1100898131e-01
    3.6100000000e+04    1.2641470605e-01
    3.6200000000e+04    1.1396635591e-01
    3.6300000000e+04    1.1940757370e-01
    3.6400000000e+04    1.1683596399e-01
    3.6500000000e+04    1.4835217969e-01
    3.6600000000e+04    1.2735879359e-01
    3.6700000000e+04    1.0833256367e-01
    3.6800000000e+04    1.1033583668e-01
    3.6900000000e+04    1.3648039373e-01
    3.7000000000e+04    1.1657646856e-01
    3.7100000000e+04    1.2316376595e-01
    3.7200000000e+04    1.4170070952e-01
    3.7300000000e+04    1.2263345488e-01
    3.7400000000e+04    1.5591029192e-01
    3.7500000000e+04    1.2312656022e-01
    3.7600000000e+04    1.1219350444e-01
    3.7700000000e+04    1.2423203719e-01
    3.7800000000e+04    1.4584704307e-01
    3.7900000000e+04    1.5750938488e-01
    3.8000000000e+04    1.2259690877e-01
    3.8100000000e+04    1.2443596536e-01
    3.8200000000e+04    1.1300739446e-01
    3.8300000000e+04    1.3534868348e-01
    3.8400000000e+04    1.1941649139e-01
    3.8500000000e+04    1.2354557296e-01
    3.8600000000e+04    1.2595097886e-01
    3.8700000000e+04    1.1685109389e-01
    3.8800000000e+04    1.2392571113e-01
    3.8900000000e+04    1.0761027330e-01
    3.9000000000e+04    1.2592510991e-01
    3.9100000000e+04    1.2022339844e-01
    3.9200000000e+04    1.3768691332e-01
    3.9300000000e+04    1.2642939452e-01
    3.9400000000e+04    1.5619316755e-01
    3.9500000000e+04    1.3791882942e-01
    3.9600000000e+04    1.1332898065e-01
    3.9700000000e+04    1.2131699053e-01
    3.9800000000e+04    1.3768871579e-01
    3.9900000000e+04    1.7231827175e-01
    4.0000000000e+04    1.2283071050e-01
    4.0100000000e+04    1.4840310581e-01
    4.0200000000e+04    1.4151519468e-01
    4.0300000000e+04    1.2866490241e-01
    4.0400000000e+04    1.3097472709e-01
    4.0500000000e+04    1.3414530625e-01
    4.0600000000e+04    1.1086696479e-01
    4.0700000000e+04    1.2941099784e-01
    4.0800000000e+04    9.5989978556e-02
    4.0900000000e+04    1.1003832823e-01
    4.1000000000e+04    1.2906910747e-01
    4.1100000000e+04    1.0332093425e-01
    4.1200000000e+04    1.4272447250e-01
    4.1300000000e+04    1.3730257215e-01
    4.1400000000e+04    1.8506015624e-01
    4.1500000000e+04    1.1982024458e-01
    4.1600000000e+04    1.1183291306e-01
    4.1700000000e+04    1.2449699817e-01
    4.1800000000e+04    1.1682893370e-01
    4.1900000000e+04    1.0732401657e-01
    4.2000000000e+04    1.5239253832e-01
    4.2100000000e+04    1.0679576733e-01
    4.2200000000e+04    1.1406415990e-01
    4.2300000000e+04    1.1847785806e-01
    4.2400000000e+04    1.2738004768e-01
    4.2500000000e+04    1.1368243613e-01
    4.2600000000e+04    1.1599637877e-01
    4.2700000000e+04    1.0134668867e-01
    4.2800000000e+04    1.2767913609e-01
    4.2900000000e+04    1.4450896343e-01
    4.3000000000e+04    1.1721176034e-01
    4.3100000000e+04    1.4445308006e-01
    4.3200000000e+04    1.1167007927e-01
    4.3300000000e+04    1.0938886000e-01
    4.3400000000e+04    1.2602789368e-01
    4.3500000000e+04    1.0939568415e-01
    4.3600000000e+04    1.1507629802e-01
    4.3700000000e+04    1.3923910128e-01
    4.3800000000e+04    1.1095340965e-01
    4.3900000000e+04    1.0577941153e-01
    4.4000000000e+04    1.2600837261e-01
    4.4100000000e+04    1.3730455546e-01
    4.4200000000e+04    1.2826448211e-01
    4.4300000000e+04    1.1415358598e-01
    4.4400000000e+04    1.2314855291e-01
    4.4500000000e+04    1.2091765360e-01
    4.4600000000e+04    1.2261957007e-01
    4.4700000000e+04    1.3845059780e-01
    4.4800000000e+04    1.3430318275e-01
    4.4900000000e+04    1.1807307605e-01
    4.5000000000e+04    1.1713231676e-01
    4.5100000000e+04    1.1571476364e-01
    4.5200000000e+04    1.1412909916e-01
    4.5300000000e+04    1.1781671203e-01
    4.5400000000e+04    1.1787342566e-01
    4.5500000000e+04    1.3822364569e-01
    4.5600000000e+04    9.6497003397e-02
    4.5700000000e+04    1.0146583399e-01
    4.5800000000e+04    1.2758972393e-01
    4.5900000000e+04    1.3725744882e-01
    4.6000000000e+04    1.1741641373e-01
    4.6100000000e+04    1.3086305742e-01
    4.6200000000e+04    1.1024035734e-01
    4.6300000000e+04    1.1455393322e-01
    4.6400000000e+04    1.2087061192e-01
    4.6500000000e+04    1.2508969556e-01
    4.6600000000e+04    1.1930312094e-01
    4.6700000000e+04    1.4004927006e-01
    4.6800000000e+04    1.1104433683e-01
    4.6900000000e+04    1.2158896332e-01
    4.7000000000e+04    1.3325789115e-01
    4.7100000000e+04    1.4254159781e-01
    4.7200000000e+04    1.0041025545e-01
    4.7300000000e+04    1.0166374191e-01
    4.7400000000e+04    1.2204272222e-01
    4.7500000000e+04    1.6036578485e-01
    4.7600000000e+04    1.1025498768e-01
    4.7700000000e+04    1.4408312303e-01
    4.7800000000e+04    1.1559074211e-01
    4.7900000000e+04    1.0698913720e-01
    4.8000000000e+04    1.2842692269e-01
    4.8100000000e+04    9.8396333305e-02
    4.8200000000e+04    9.0499968112e-02
    4.8300000000e+04    1.1686031783e-01
    4.8400000000e+04    1.3099906452e-01
    4.8500000000e+04    1.0119120573e-01
    4.8600000000e+04    1.1094611832e-01
    4.8700000000e+04    1.3301461653e-01
    4.8800000000e+04    1.1934771835e-01
    4.8900000000e+04    1.1430930080e-01
    4.9000000000e+04    1.1069403498e-01
    4.9100000000e+04    1.3767493717e-01
    4.9200000000e+04    9.0793121614e-02
    4.9300000000e+04    1.1955161743e-01
    4.9400000000e+04    1.1036976994e-01
    4.9500000000e+04    1.3750881708e-01
    4.9600000000e+04    1.0696907979e-01
    4.9700000000e+04    1.3318102542e-01
    4.9800000000e+04    1.3396692710e-01
    4.9900000000e+04    1.1038216209e-01
    5.0000000000e+04    1.0462010267e-01
    5.0100000000e+04    1.1614579547e-01
    5.0200000000e+04    1.1417934103e-01
    5.0300000000e+04    1.0175465913e-01
    5.0400000000e+04    1.0868828200e-01
    5.0500000000e+04    1.2075272514e-01
    5.0600000000e+04    1.3642405500e-01
    5.0700000000e+04    1.2751262041e-01
    5.0800000000e+04    1.4802578593e-01
    5.0900000000e+04    1.2029251744e-01
    5.1000000000e+04    1.0845341497e-01
    5.1100000000e+04    1.2510123279e-01
    5.1200000000e+04    1.0919191636e-01
    5.1300000000e+04    1.2517154314e-01
    5.1400000000e+04    1.0022495896e-01
    5.1500000000e+04    1.0779402985e-01
    5.1600000000e+04    1.0786362956e-01
    5.1700000000e+04    1.2042090272e-01
    5.1800000000e+04    1.1146204260e-01
    5.1900000000e+04    1.0329233042e-01
    5.2000000000e+04    1.0530418235e-01
    5.2100000000e+04    9.3604246887e-02
    5.2200000000e+04    1.1119886021e-01
    5.2300000000e+04    1.2947555719e-01
    5.2400000000e+04    1.0065779326e-01
    5.2500000000e+04    1.0143944855e-01
    5.2600000000e+04    1.0282944828e-01
    5.2700000000e+04    1.1177233280e-01
    5.2800000000e+04    1.0567546682e-01
    5.2900000000e+04    1.3321546639e-01
    5.3000000000e+04    1.2033141441e-01
    5.3100000000e+04    1.1422025873e-01
    5.3200000000e+04    1.0452237287e-01
    5.3300000000e+04    1.1312525325e-01
    5.3400000000e+04    1.1803106627e-01
    5.3500000000e+04    1.2236669114e-01
    5.3600000000e+04    1.3364343161e-01
    5.3700000000e+04    1.1124048599e-01
    5.3800000000e+04    1.3146930000e-01
    5.3900000000e+04    1.2209949810e-01
    5.4000000000e+04    1.2619720637e-01
    5.4100000000e+04    1.2776507104e-01
    5.4200000000e+04    9.9820699295e-02
    5.4300000000e+04    1.0943072703e-01
    5.4400000000e+04    1.2422329620e-01
    5.4500000000e+04    1.2064488299e-01
    5.4600000000e+04    1.1747212723e-01
    5.4700000000e+04    1.1190254511e-01
    5.4800000000e+04    1.3063292863e-01
    5.4900000000e+04    1.3083487484e-01
    5.5000000000e+04    1.2543594046e-01
    5.5100000000e+04    1.1342359594e-01
    5.5200000000e+04    1.1889693423e-01
    5.5300000000e+04    1.1201481461e-01
    5.5400000000e+04    1.2161996372e-01
    5.5500000000e+04    1.2255510644e-01
    5.5600000000e+04    1.1055440228e-01
    5.5700000000e+04    9.8173071822e-02
    5.5800000000e+04    1.0508438119e-01
    5.5900000000e+04    9.8276038648e-02
    5.6000000000e+04    1.0203774381e-01
    5.6100000000e+04    1.1392102052e-01
    5.6200000000e+04    1.2571228733e-01
    5.6300000000e+04    1.1592084255e-01
    5.6400000000e+04    1.1590643256e-01
    5.6500000000e+04    1.2066589121e-01
    5.6600000000e+04    1.2132252254e-01
    5.6700000000e+04    1.1316739466e-01
    5.6800000000e+04    1.2470777347e-01
    5.6900000000e+04    1.4383423145e-01
    5.7000000000e+04    9.6609708083e-02
    5.7100000000e+04    1.2702283651e-01
    5.7200000000e+04    1.5853654380e-01
    5.7300000000e+04    1.0360505871e-01
    5.7400000000e+04    1.2119963172e-01
    5.7500000000e+04    1.4092973013e-01
    5.7600000000e+04    1.0774295524e-01
    5.7700000000e+04    1.1095723029e-01
    5.7800000000e+04    1.2415842268e-01
    5.7900000000e+04    1.1496121905e-01
    5.8000000000e+04    1.1341941964e-01
    5.8100000000e+04    1.2317436680e-01
    5.8200000000e+04    1.4247374519e-01
    5.8300000000e+04    1.2696567333e-01
    5.8400000000e+04    1.2976484364e-01
    5.8500000000e+04    1.1910099166e-01
    5.8600000000e+04    1.2093694490e-01
    5.8700000000e+04    1.1488338508e-01
    5.8800000000e+04    1.2812079563e-01
    5.8900000000e+04    9.5903773963e-02
    5.9000000000e+04    1.3912520529e-01
    5.9100000000e+04    1.2143227221e-01
    5.9200000000e+04    1.1271425656e-01
    5.9300000000e+04    1.0200538929e-01
    5.9400000000e+04    1.2869380363e-01
    5.9500000000e+04    1.1779822759e-01
    5.9600000000e+04    1.1361499682e-01
    5.9700000000e+04    1.2033702594e-01
    5.9800000000e+04    1.1419102956e-01
    5.9900000000e+04    1.0650080762e-01
    6.0000000000e+04    9.3697620404e-02
    6.0100000000e+04    1.2233826576e-01
    6.0200000000e+04    1.1608486065e-01
    6.0300000000e+04    1.4245308339e-01
    6.0400000000e+04    1.2663202897e-01
    6.0500000000e+04    1.1724156790e-01
    6.0600000000e+04    1.1588744554e-01
    6.0700000000e+04    1.0559456874e-01
    6.0800000000e+04    1.0626322861e-01
    6.0900000000e+04    1.1127611269e-01
    6.1000000000e+04    1.3180307344e-01
    6.1100000000e+04    1.4432791159e-01
    6.1200000000e+04    1.2605341911e-01
    6.1300000000e+04    1.2228761996e-01
    6.1400000000e+04    1.1890819979e-01
    6.1500000000e+04    1.1957681773e-01
    6.1600000000e+04    1.1081951317e-01
    6.1700000000e+04    1.2899168966e-01
    6.1800000000e+04    1.2216202852e-01
    6.1900000000e+04    1.0482448720e-01
    6.2000000000e+04    1.0037069213e-01
    6.2100000000e+04    1.0410108717e-01
    6.2200000000e+04    9.8434737063e-02
    6.2300000000e+04    1.1305862621e-01
    6.2400000000e+04    1.1302311968e-01
    6.2500000000e+04    9.7224829926e-02
    6.2600000000e+04    9.3897488864e-02
    6.2700000000e+04    1.0827360890e-01
    6.2800000000e+04    1.3523030524e-01
    6.2900000000e+04    1.3654543527e-01
    6.3000000000e+04    1.3062096099e-01
    6.3100000000e+04    1.2769370412e-01
    6.3200000000e+04    1.2208812301e-01
    6.3300000000e+04    1.0910856492e-01
    6.3400000000e+04    1.3965936013e-01
    6.3500000000e+04    1.0999444623e-01
    6.3600000000e+04    1.2624238260e-01
    6.3700000000e+04    1.1954157884e-01
    6.3800000000e+04    1.2631161081e-01
    6.3900000000e+04    1.1020930164e-01
    6.4000000000e+04    1.2210112018e-01
    6.4100000000e+04    1.1879522006e-01
    6.4200000000e+04    1.0883621636e-01
    6.4300000000e+04    1.0722709614e-01
    6.4400000000e+04    1.5049495644e-01
    6.4500000000e+04    1.1772084990e-01
    6.4600000000e+04    1.4095257185e-01
    6.4700000000e+04    1.3517442074e-01
    6.4800000000e+04    1.4816956828e-01
    6.4900000000e+04    1.3320381415e-01
    6.5000000000e+04    1.2984528095e-01
    6.5100000000e+04    1.2295029477e-01
    6.5200000000e+04    1.3080546009e-01
    6.5300000000e+04    1.3462698653e-01
    6.5400000000e+04    1.1250984272e-01
    6.5500000000e+04    1.4132934472e-01
    6.5600000000e+04    9.3178488242e-02
    6.5700000000e+04    1.2880116503e-01
    6.5800000000e+04    1.0676113996e-01
    6.5900000000e+04    1.0302983619e-01
    6.6000000000e+04    1.1202888515e-01
    6.6100000000e+04    1.0167689756e-01
    6.6200000000e+04    1.3161991752e-01
    6.6300000000e+04    1.1721196156e-01
    6.6400000000e+04    1.1745664043e-01
    6.6500000000e+04    1.1544687880e-01
    6.6600000000e+04    1.3757444835e-01
    6.6700000000e+04    9.9038474533e-02
    6.6800000000e+04    1.2291691469e-01
    6.6900000000e+04    1.2412225843e-01
    6.7000000000e+04    1.8955327786e-01
    6.7100000000e+04    1.1683355908e-01
    6.7200000000e+04    1.2328463762e-01
    6.7300000000e+04    1.0506095843e-01
    6.7400000000e+04    1.0005832837e-01
    6.7500000000e+04    1.1729579863e-01
    6.7600000000e+04    9.8920107532e-02
    6.7700000000e+04    1.1234193921e-01
    6.7800000000e+04    1.0781517678e-01
    6.7900000000e+04    1.0275564160e-01
    6.8000000000e+04    9.5662711097e-02
    6.8100000000e+04    1.0316053391e-01
    6.8200000000e+04    9.8076889366e-02
    6.8300000000e+04    1.1362449692e-01
    6.8400000000e+04    9.5071818693e-02
    6.8500000000e+04    1.3299504543e-01
    6.8600000000e+04    1.0272513850e-01
    6.8700000000e+04    1.0009897236e-01
    6.8800000000e+04    1.3457908819e-01
    6.8900000000e+04    1.0497042397e-01
    6.9000000000e+04    1.1826336747e-01
    6.9100000000e+04    1.3103368735e-01
    6.9200000000e+04    9.3448574971e-02
    6.9300000000e+04    1.1652103899e-01
    6.9400000000e+04    1.0159301071e-01
    6.9500000000e+04    1.0604892502e-01
    6.9600000000e+04    1.0170061640e-01
    6.9700000000e+04    1.2286316156e-01
    6.9800000000e+04    9.4993695449e-02
    6.9900000000e+04    1.0796136530e-01
    7.0000000000e+04    1.0219890270e-01
    7.0100000000e+04    1.1047235697e-01
    7.0200000000e+04    1.2040486321e-01
    7.0300000000e+04    1.4628438149e-01
    7.0400000000e+04    1.1691557180e-01
    7.0500000000e+04    1.2018532062e-01
    7.0600000000e+04    1.1241316135e-01
    7.0700000000e+04    1.2323377269e-01
    7.0800000000e+04    1.0313341693e-01
    7.0900000000e+04    1.1230450872e-01
    7.1000000000e+04    1.7764349322e-01
    7.1100000000e+04    1.0154535763e-01
    7.1200000000e+04    1.0944059120e-01
    7.1300000000e+04    1.1616077417e-01
    7.1400000000e+04    1.3648171085e-01
    7.1500000000e+04    1.3090977718e-01
    7.1600000000e+04    1.1097944583e-01
    7.1700000000e+04    1.1998408232e-01
    7.1800000000e+04    1.0062189653e-01
    7.1900000000e+04    1.0703165384e-01
    7.2000000000e+04    1.1875514483e-01
    7.2100000000e+04    1.2062948393e-01
    7.2200000000e+04    1.3678268761e-01
    7.2300000000e+04    1.2334806263e-01
    7.2400000000e+04    1.1099665738e-01
    7.2500000000e+04    1.1367247034e-01
    7.2600000000e+04    1.3143850643e-01
    7.2700000000e+04    1.1220843627e-01
    7.2800000000e+04    1.3978596970e-01
    7.2900000000e+04    1.3759567586e-01
    7.3000000000e+04    1.0886691212e-01
    7.3100000000e+04    1.2699848030e-01
    7.3200000000e+04    1.2769317386e-01
    7.3300000000e+04    1.1653562545e-01
    7.3400000000e+04    1.0889678994e-01
    7.3500000000e+04    1.1573920883e-01
    7.3600000000e+04    1.1204232608e-01
    7.3700000000e+04    1.0190378288e-01
    7.3800000000e+04    1.0155889367e-01
    7.3900000000e+04    1.0616660846e-01
    7.4000000000e+04    1.0728843276e-01
    7.4100000000e+04    9.3962604039e-02
    7.4200000000e+04    1.1893408567e-01
    7.4300000000e+04    1.1133182061e-01
    7.4400000000e+04    1.1968646635e-01
    7.4500000000e+04    1.1382190444e-01
    7.4600000000e+04    1.1508853421e-01
    7.4700000000e+04    1.1212369896e-01
    7.4800000000e+04    1.1574002986e-01
    7.4900000000e+04    1.4210221365e-01
    7.5000000000e+04    1.3329979261e-01
    7.5100000000e+04    1.2163210239e-01
    7.5200000000e+04    1.1115370658e-01
    7.5300000000e+04    1.4309401660e-01
    7.5400000000e+04    1.1616484470e-01
    7.5500000000e+04    1.2020671863e-01
    7.5600000000e+04    1.1057929448e-01
    7.5700000000e+04    1.1604936526e-01
    7.5800000000e+04    1.2811065436e-01
    7.5900000000e+04    1.1189850120e-01
    7.6000000000e+04    1.0429111679e-01
    7.6100000000e+04    1.4059974432e-01
    7.6200000000e+04    1.0053153228e-01
    7.6300000000e+04    1.1516094501e-01
    7.6400000000e+04    1.2302149535e-01
    7.6500000000e+04    1.1198165670e-01
    7.6600000000e+04    1.0970852602e-01
    7.6700000000e+04    1.4737958836e-01
    7.6800000000e+04    1.4941174368e-01
    7.6900000000e+04    1.4305904333e-01
    7.7000000000e+04    1.7443101908e-01
    7.7100000000e+04    1.3419195043e-01
    7.7200000000e+04    1.2071673686e-01
    7.7300000000e+04    1.1431631757e-01
    7.7400000000e+04    1.1420136469e-01
    7.7500000000e+04    1.2231489533e-01
    7.7600000000e+04    1.2950876442e-01
    7.7700000000e+04    1.0803995147e-01
    7.7800000000e+04    1.0521685897e-01
    7.7900000000e+04    1.3232606103e-01
    7.8000000000e+04    1.0470502616e-01
    7.8100000000e+04    1.1991393014e-01
    7.8200000000e+04    1.2119038067e-01
    7.8300000000e+04    1.0350523756e-01
    7.8400000000e+04    9.7564329949e-02
    7.8500000000e+04    1.3173533092e-01
    7.8600000000e+04    1.3789208325e-01
    7.8700000000e+04    1.1946148823e-01
    7.8800000000e+04    1.2801293956e-01
    7.8900000000e+04    1.3027534593e-01
    7.9000000000e+04    1.2988164433e-01
    7.9100000000e+04    1.3831732110e-01
    7.9200000000e+04    1.0554248853e-01
    7.9300000000e+04    1.1511016211e-01
    7.9400000000e+04    1.2248515407e-01
    7.9500000000e+04    1.1858823542e-01
    7.9600000000e+04    1.8478129625e-01
    7.9700000000e+04    1.5121255696e-01
    7.9800000000e+04    1.6268217235e-01
    7.9900000000e+04    1.7174661181e-01
    8.0000000000e+04    1.5267685071e-01
    8.0100000000e+04    1.4406217209e-01
    8.0200000000e+04    1.5416349491e-01
    8.0300000000e+04    1.3284640682e-01
    8.0400000000e+04    1.3387292045e-01
    8.0500000000e+04    1.5074195013e-01
    8.0600000000e+04    1.1477473218e-01
    8.0700000000e+04    1.1227459922e-01
    8.0800000000e+04    1.1613682484e-01
    8.0900000000e+04    1.4756549923e-01
    8.1000000000e+04    1.1897134668e-01
    8.1100000000e+04    1.3650697205e-01
    8.1200000000e+04    9.7530804124e-02
    8.1300000000e+04    1.2546594663e-01
    8.1400000000e+04    1.3561312105e-01
    8.1500000000e+04    1.2169483155e-01
    8.1600000000e+04    1.1051554830e-01
    8.1700000000e+04    1.2236206294e-01
    8.1800000000e+04    1.0133023878e-01
    8.1900000000e+04    1.1419928274e-01
    8.2000000000e+04    1.6796859415e-01
    8.2100000000e+04    1.4640764566e-01
    8.2200000000e+04    1.3365579383e-01
    8.2300000000e+04    1.0633078928e-01
    8.2400000000e+04    1.2593934418e-01
    8.2500000000e+04    9.6076320448e-02
    8.2600000000e+04    1.0396984941e-01
    8.2700000000e+04    1.1337971359e-01
    8.2800000000e+04    1.1478598405e-01
    8.2900000000e+04    1.1949005910e-01
    8.3000000000e+04    1.2756042886e-01
    8.3100000000e+04    1.3426105844e-01
    8.3200000000e+04    1.3942740562e-01
    8.3300000000e+04    1.1287237007e-01
    8.3400000000e+04    1.3751386971e-01
    8.3500000000e+04    1.0550876676e-01
    8.3600000000e+04    1.3921080270e-01
    8.3700000000e+04    1.6412150242e-01
    8.3800000000e+04    1.2424928181e-01
    8.3900000000e+04    1.3602082924e-01
    8.4000000000e+04    1.2968155643e-01
    8.4100000000e+04    1.2745709835e-01
    8.4200000000e+04    1.4738275843e-01
    8.4300000000e+04    1.2324672007e-01
    8.4400000000e+04    1.2738107116e-01
    8.4500000000e+04    1.3243633431e-01
    8.4600000000e+04    1.0712548041e-01
    8.4700000000e+04    1.3382811230e-01
    8.4800000000e+04    1.2182962672e-01
    8.4900000000e+04    1.1362864037e-01
    8.5000000000e+04    1.1493550690e-01
    8.5100000000e+04    1.1578764080e-01
    8.5200000000e+04    1.3157763356e-01
    8.5300000000e+04    1.2340388664e-01
    8.5400000000e+04    1.0608491828e-01
    8.5500000000e+04    1.2252440010e-01
    8.5600000000e+04    1.2577163781e-01
    8.5700000000e+04    1.0980991072e-01
    8.5800000000e+04    1.1797594087e-01
    8.5900000000e+04    1.1922277089e-01
    8.6000000000e+04    1.2085315605e-01
    8.6100000000e+04    1.1542663404e-01
    8.6200000000e+04    1.3007228606e-01
    8.6300000000e+04    1.2213847355e-01
    8.6400000000e+04    1.0318286082e-01
    8.6500000000e+04    1.1813161091e-01
    8.6600000000e+04    1.3015769520e-01
    8.6700000000e+04    1.1867995359e-01
    8.6800000000e+04    1.1046518480e-01
    8.6900000000e+04    1.2497456338e-01
    8.7000000000e+04    1.2154980317e-01
    8.7100000000e+04    1.2599019749e-01
    8.7200000000e+04    1.1581253961e-01
    8.7300000000e+04    1.0779197621e-01
    8.7400000000e+04    1.4408714402e-01
    8.7500000000e+04    1.2043864040e-01
    8.7600000000e+04    1.3165829738e-01
    8.7700000000e+04    1.4310406294e-01
    8.7800000000e+04    1.4660176398e-01
    8.7900000000e+04    1.2942662501e-01
    8.8000000000e+04    1.2338569376e-01
    8.8100000000e+04    1.1218012096e-01
    8.8200000000e+04    1.3243910395e-01
    8.8300000000e+04    1.2828898678e-01
    8.8400000000e+04    1.1432841554e-01
    8.8500000000e+04    1.8964413030e-01
    8.8600000000e+04    1.0669929520e-01
    8.8700000000e+04    1.4833629429e-01
    8.8800000000e+04    1.1069546930e-01
    8.8900000000e+04    1.1138510931e-01
    8.9000000000e+04    1.1945835229e-01
    8.9100000000e+04    1.4458841879e-01
    8.9200000000e+04    1.7684219186e-01
    8.9300000000e+04    1.1887632159e-01
    8.9400000000e+04    1.1527781038e-01
    8.9500000000e+04    1.2471366713e-01
    8.9600000000e+04    1.4396124096e-01
    8.9700000000e+04    1.3086621099e-01
    8.9800000000e+04    1.1251603755e-01
    8.9900000000e+04    1.3870967625e-01
    9.0000000000e+04    1.2430595839e-01
    9.0100000000e+04    1.2834104539e-01
    9.0200000000e+04    1.4987349357e-01
    9.0300000000e+04    1.3689116240e-01
    9.0400000000e+04    1.4710228406e-01
    9.0500000000e+04    1.3753566179e-01
    9.0600000000e+04    1.2491726003e-01
    9.0700000000e+04    1.2219171026e-01
    9.0800000000e+04    1.1412215314e-01
    9.0900000000e+04    1.3934766506e-01
    9.1000000000e+04    1.3349027971e-01
    9.1100000000e+04    1.2568061569e-01
    9.1200000000e+04    1.4481970920e-01
    9.1300000000e+04    1.2256469033e-01
    9.1400000000e+04    1.4309924317e-01
    9.1500000000e+04    1.0975600484e-01
    9.1600000000e+04    1.3054588339e-01
    9.1700000000e+04    1.3398924184e-01
    9.1800000000e+04    1.4636467490e-01
    9.1900000000e+04    1.3498762583e-01
    9.2000000000e+04    1.3119044488e-01
    9.2100000000e+04    1.2468465222e-01
    9.2200000000e+04    1.2710783467e-01
    9.2300000000e+04    1.0859061629e-01
    9.2400000000e+04    1.1552565576e-01
    9.2500000000e+04    1.1404146247e-01
    9.2600000000e+04    1.1065503726e-01
    9.2700000000e+04    1.1282668800e-01
    9.2800000000e+04    1.0282462696e-01
    9.2900000000e+04    1.2332600308e-01
    9.3000000000e+04    1.3327537601e-01
    9.3100000000e+04    1.1694700788e-01
    9.3200000000e+04    1.4026179574e-01
    9.3300000000e+04    1.2902975914e-01
    9.3400000000e+04    1.3064324679e-01
    9.3500000000e+04    1.3845230319e-01
    9.3600000000e+04    1.2146929455e-01
    9.3700000000e+04    1.4024850492e-01
    9.3800000000e+04    1.1679318421e-01
    9.3900000000e+04    1.3545792845e-01
    9.4000000000e+04    1.2536535017e-01
    9.4100000000e+04    1.5880940192e-01
    9.4200000000e+04    1.2552081572e-01
    9.4300000000e+04    1.2701818229e-01
    9.4400000000e+04    1.2552068454e-01
    9.4500000000e+04    1.1522281624e-01
    9.4600000000e+04    1.5032448645e-01
    9.4700000000e+04    1.2247635677e-01
    9.4800000000e+04    1.1129139173e-01
    9.4900000000e+04    1.1747685247e-01
    9.5000000000e+04    1.0741072070e-01
    9.5100000000e+04    9.9149704845e-02
    9.5200000000e+04    1.1157328158e-01
    9.5300000000e+04    1.1089566093e-01
    9.5400000000e+04    1.0675015866e-01
    9.5500000000e+04    1.0573171553e-01
    9.5600000000e+04    1.3869636813e-01
    9.5700000000e+04    1.2557013662e-01
    9.5800000000e+04    1.2659345170e-01
    9.5900000000e+04    1.3701140159e-01
    9.6000000000e+04    1.2168377995e-01
    9.6100000000e+04    1.2972603051e-01
    9.6200000000e+04    1.2106359036e-01
    9.6300000000e+04    1.6489395218e-01
    9.6400000000e+04    1.4287858166e-01
    9.6500000000e+04    1.3188578569e-01
    9.6600000000e+04    1.2547718079e-01
    9.6700000000e+04    1.2741044377e-01
    9.6800000000e+04    1.2484662742e-01
    9.6900000000e+04    1.5688166977e-01
    9.7000000000e+04    1.2846574944e-01
    9.7100000000e+04    1.3354997870e-01
    9.7200000000e+04    1.1279939342e-01
    9.7300000000e+04    1.2165882349e-01
    9.7400000000e+04    1.1370968709e-01
    9.7500000000e+04    1.3082446824e-01
    9.7600000000e+04    1.2233445793e-01
    9.7700000000e+04    1.4129995379e-01
    9.7800000000e+04    1.3062116622e-01
    9.7900000000e+04    1.3547935860e-01
    9.8000000000e+04    1.2070835288e-01
    9.8100000000e+04    1.1441256616e-01
    9.8200000000e+04    1.2860193085e-01
    9.8300000000e+04    1.3537960041e-01
    9.8400000000e+04    1.1732081276e-01
    9.8500000000e+04    1.1034272642e-01
    9.8600000000e+04    1.2680677488e-01
    9.8700000000e+04    1.1504683609e-01
    9.8800000000e+04    1.4092628915e-01
    9.8900000000e+04    1.4138149718e-01
    9.9000000000e+04    1.4047588253e-01
    9.9100000000e+04    1.3505474988e-01
    9.9200000000e+04    1.2507466052e-01
    9.9300000000e+04    1.3321278814e-01
    9.9400000000e+04    1.2354124290e-01
    9.9500000000e+04    1.2189278770e-01
    9.9600000000e+04    1.5992614330e-01
    9.9700000000e+04    9.4530479961e-02
    9.9800000000e+04    1.0157870259e-01
    9.9900000000e+04    1.3531081647e-01
    1.0000000000e+05    1.0380331722e-01
    1.0010000000e+05    1.0824909396e-01
    1.0020000000e+05    1.2733389684e-01
    1.0030000000e+05    1.2260035377e-01
    1.0040000000e+05    1.2409673650e-01
    1.0050000000e+05    1.0013132944e-01
    1.0060000000e+05    1.1301510859e-01
    1.0070000000e+05    1.0801025796e-01
    1.0080000000e+05    1.2331028783e-01
    1.0090000000e+05    1.1503322790e-01
    1.0100000000e+05    1.2985542485e-01
    1.0110000000e+05    1.2077786050e-01
    1.0120000000e+05    1.3294816312e-01
    1.0130000000e+05    9.8972460767e-02
    1.0140000000e+05    1.1545683225e-01
    1.0150000000e+05    1.0936015738e-01
    1.0160000000e+05    1.0632838304e-01
    1.0170000000e+05    1.2186056130e-01
    1.0180000000e+05    1.2944628247e-01
    1.0190000000e+05    1.1552251095e-01
    1.0200000000e+05    9.1414161887e-02
    1.0210000000e+05    1.0775565221e-01
    1.0220000000e+05    1.1476081195e-01
    1.0230000000e+05    1.0834803225e-01
    1.0240000000e+05    1.6865488698e-01
    1.0250000000e+05    1.0635201083e-01
    1.0260000000e+05    1.1468724382e-01
    1.0270000000e+05    1.0905315941e-01
    1.0280000000e+05    1.0510039934e-01
    1.0290000000e+05    1.1134302992e-01
    1.0300000000e+05    1.0669228532e-01
    1.0310000000e+05    9.7524107262e-02
    1.0320000000e+05    1.1178267872e-01
    1.0330000000e+05    1.0696291535e-01
    1.0340000000e+05    1.2906469965e-01
    1.0350000000e+05    1.2635147746e-01
    1.0360000000e+05    1.2247954333e-01
    1.0370000000e+05    1.0707770214e-01
    1.0380000000e+05    1.2471526625e-01
    1.0390000000e+05    1.3466576243e-01
    1.0400000000e+05    1.1007728358e-01
    1.0410000000e+05    1.1296987320e-01
    1.0420000000e+05    1.3315436976e-01
    1.0430000000e+05    1.0563044493e-01
    1.0440000000e+05    1.6048274081e-01
    1.0450000000e+05    1.2988271221e-01
    1.0460000000e+05    1.0029637373e-01
    1.0470000000e+05    1.3007420470e-01
    1.0480000000e+05    1.1452207966e-01
    1.0490000000e+05    1.5604193251e-01
    1.0500000000e+05    1.2406123489e-01
    1.0510000000e+05    1.1147228379e-01
    1.0520000000e+05    9.5531200718e-02
    1.0530000000e+05    1.3734473270e-01
    1.0540000000e+05    1.4343605860e-01
    1.0550000000e+05    1.2947895686e-01
    1.0560000000e+05    1.2752573072e-01
    1.0570000000e+05    1.0285386131e-01
    1.0580000000e+05    1.1866533839e-01
    1.0590000000e+05    1.2173423290e-01
    1.0600000000e+05    1.0642475377e-01
    1.0610000000e+05    1.0899167332e-01
    1.0620000000e+05    1.3748900771e-01
    1.0630000000e+05    1.1725838666e-01
    1.0640000000e+05    1.1397061379e-01
    1.0650000000e+05    1.1737899796e-01
    1.0660000000e+05    1.3496976999e-01
    1.0670000000e+05    1.3160551793e-01
    1.0680000000e+05    1.1760623872e-01
    1.0690000000e+05    1.2485419261e-01
    1.0700000000e+05    1.3616870584e-01
    1.0710000000e+05    1.0489243549e-01
    1.0720000000e+05    1.0561075754e-01
    1.0730000000e+05    1.2488640855e-01
    1.0740000000e+05    1.0875811758e-01
    1.0750000000e+05    1.2979405931e-01
    1.0760000000e+05    1.2293998210e-01
    1.0770000000e+05    1.1159991530e-01
    1.0780000000e+05    8.8129082049e-02
    1.0790000000e+05    1.0569896845e-01
    1.0800000000e+05    1.1210650085e-01
    1.0810000000e+05    1.2550547974e-01
    1.0820000000e+05    1.0777068545e-01
    1.0830000000e+05    1.1033995330e-01
    1.0840000000e+05    1.2119008184e-01
    1.0850000000e+05    1.0022967591e-01
    1.0860000000e+05    1.1481550324e-01
    1.0870000000e+05    1.3567351725e-01
    1.0880000000e+05    1.2209797850e-01
    1.0890000000e+05    1.4022255998e-01
    1.0900000000e+05    1.2014982698e-01
    1.0910000000e+05    1.1011274911e-01
    1.0920000000e+05    1.0788207441e-01
    1.0930000000e+05    1.3416172062e-01
    1.0940000000e+05    9.9479442824e-02
    1.0950000000e+05    1.2212121852e-01
    1.0960000000e+05    1.0188476617e-01
    1.0970000000e+05    1.2243732671e-01
    1.0980000000e+05    9.2888769866e-02
    1.0990000000e+05    1.2103933722e-01
    1.1000000000e+05    1.2037000065e-01
    1.1010000000e+05    1.0393245176e-01
    1.1020000000e+05    1.2043662862e-01
    1.1030000000e+05    1.2934101463e-01
    1.1040000000e+05    1.1889116460e-01
    1.1050000000e+05    1.1377167222e-01
    1.1060000000e+05    1.1426327719e-01
    1.1070000000e+05    1.3263416518e-01
    1.1080000000e+05    1.1576943409e-01
    1.1090000000e+05    1.2343523470e-01
    1.1100000000e+05    1.2751869622e-01
    1.1110000000e+05    1.1437047274e-01
    1.1120000000e+05    9.6669397028e-02
    1.1130000000e+05    1.3791969599e-01
    1.1140000000e+05    1.1477068814e-01
    1.1150000000e+05    1.0902260142e-01
    1.1160000000e+05    1.0587118796e-01
    1.1170000000e+05    1.0473741297e-01
    1.1180000000e+05    1.2665843835e-01
    1.1190000000e+05    1.0384940969e-01
    1.1200000000e+05    1.3058823099e-01
    1.1210000000e+05    1.1471298902e-01
    1.1220000000e+05    1.1381575728e-01
    1.1230000000e+05    1.3116845355e-01
    1.1240000000e+05    1.3350360567e-01
    1.1250000000e+05    1.6416719504e-01
    1.1260000000e+05    1.3240379126e-01
    1.1270000000e+05    1.5248725497e-01
    1.1280000000e+05    1.3769938759e-01
    1.1290000000e+05    1.2794758609e-01
    1.1300000000e+05    1.1406851610e-01
    1.1310000000e+05    1.2333169378e-01
    1.1320000000e+05    1.2980309002e-01
    1.1330000000e+05    1.4590507912e-01
    1.1340000000e+05    1.6576657376e-01
    1.1350000000e+05    1.1624972813e-01
    1.1360000000e+05    1.0548188982e-01
    1.1370000000e+05    1.1864892196e-01
    1.1380000000e+05    1.0157090282e-01
    1.1390000000e+05    1.0729634397e-01
    1.1400000000e+05    1.0726588771e-01
    1.1410000000e+05    1.4227392025e-01
    1.1420000000e+05    1.1452809528e-01
    1.1430000000e+05    1.1020884639e-01
    1.1440000000e+05    1.2065512368e-01
    1.1450000000e+05    1.5156406086e-01
    1.1460000000e+05    1.2655818862e-01
    1.1470000000e+05    1.0085366924e-01
    1.1480000000e+05    1.1614090205e-01
    1.1490000000e+05    1.2482755962e-01
    1.1500000000e+05    1.2361309783e-01
    1.1510000000e+05    1.3553550242e-01
    1.1520000000e+05    1.5938365068e-01
    1.1530000000e+05    1.2626292369e-01
    1.1540000000e+05    1.4005296112e-01
    1.1550000000e+05    1.1302919548e-01
    1.1560000000e+05    1.4159410400e-01
    1.1570000000e+05    1.3341895983e-01
    1.1580000000e+05    1.3962658567e-01
    1.1590000000e+05    1.2157415825e-01
    1.1600000000e+05    1.1615407754e-01
    1.1610000000e+05    1.0885548041e-01
    1.1620000000e+05    9.6561349096e-02
    1.1630000000e+05    1.0119240986e-01
    1.1640000000e+05    1.1262775555e-01
    1.1650000000e+05    1.3959266555e-01
    1.1660000000e+05    1.0144028453e-01
    1.1670000000e+05    1.0607410972e-01
    1.1680000000e+05    1.3231672558e-01
    1.1690000000e+05    1.1640679313e-01
    1.1700000000e+05    1.2710884972e-01
    1.1710000000e+05    1.0912448843e-01
    1.1720000000e+05    1.1556282717e-01
    1.1730000000e+05    1.0287375989e-01
    1.1740000000e+05    1.1084096163e-01
    1.1750000000e+05    1.0850352428e-01
    1.1760000000e+05    1.0049483197e-01
    1.1770000000e+05    1.5493331648e-01
    1.1780000000e+05    1.2788947372e-01
    1.1790000000e+05    1.0331466289e-01
    1.1800000000e+05    1.0658436387e-01
    1.1810000000e+05    1.2780827312e-01
    1.1820000000e+05    1.2038028811e-01
    1.1830000000e+05    1.2602235578e-01
    1.1840000000e+05    1.4210344166e-01
    1.1850000000e+05    1.1937902151e-01
    1.1860000000e+05    1.2331785972e-01
    1.1870000000e+05    1.1182297908e-01
    1.1880000000e+05    1.3548780754e-01
    1.1890000000e+05    1.1823690762e-01
    1.1900000000e+05    1.0163113635e-01
    1.1910000000e+05    1.0556403501e-01
    1.1920000000e+05    1.0146998174e-01
    1.1930000000e+05    1.0457582459e-01
    1.1940000000e+05    1.0886443206e-01
    1.1950000000e+05    1.5783967497e-01
    1.1960000000e+05    1.3349548804e-01
    1.1970000000e+05    1.1601451931e-01
    1.1980000000e+05    1.1447596883e-01
    1.1990000000e+05    1.1653193359e-01
    1.2000000000e+05    1.3191004700e-01
    1.2010000000e+05    1.2317305314e-01
    1.2020000000e+05    1.5100464900e-01
    1.2030000000e+05    1.3807573760e-01
    1.2040000000e+05    9.9718947172e-02
    1.2050000000e+05    1.1687781968e-01
    1.2060000000e+05    1.1362661354e-01
    1.2070000000e+05    1.4540118526e-01
    1.2080000000e+05    9.4042080337e-02
    1.2090000000e+05    1.1291643869e-01
    1.2100000000e+05    1.0941202243e-01
    1.2110000000e+05    1.0728665607e-01
    1.2120000000e+05    1.1248419864e-01
    1.2130000000e+05    1.1107796512e-01
    1.2140000000e+05    1.3966393410e-01
    1.2150000000e+05    1.4334943470e-01
    1.2160000000e+05    1.0357664393e-01
    1.2170000000e+05    9.2938004250e-02
    1.2180000000e+05    1.2901945666e-01
    1.2190000000e+05    1.2378562026e-01
    1.2200000000e+05    1.0808223789e-01
    1.2210000000e+05    1.0561440327e-01
    1.2220000000e+05    9.4613993294e-02
    1.2230000000e+05    1.0612637065e-01
    1.2240000000e+05    1.0256349940e-01
    1.2250000000e+05    1.0547749673e-01
    1.2260000000e+05    1.0798030383e-01
    1.2270000000e+05    1.1318482993e-01
    1.2280000000e+05    1.0921281474e-01
    1.2290000000e+05    1.3230731564e-01
    1.2300000000e+05    9.5151471496e-02
    1.2310000000e+05    9.6524107989e-02
    1.2320000000e+05    1.5389099028e-01
    1.2330000000e+05    9.7769262651e-02
    1.2340000000e+05    1.1789900693e-01
    1.2350000000e+05    1.0236100509e-01
    1.2360000000e+05    1.3033894647e-01
    1.2370000000e+05    1.0797226181e-01
    1.2380000000e+05    9.2036644522e-02
    1.2390000000e+05    1.3135415085e-01
    1.2400000000e+05    1.2783730952e-01
    1.2410000000e+05    1.1386891008e-01
    1.2420000000e+05    1.1604866079e-01
    1.2430000000e+05    1.0731086762e-01
    1.2440000000e+05    1.1392625617e-01
    1.2450000000e+05    1.0058073577e-01
    1.2460000000e+05    1.1737172639e-01
    1.2470000000e+05    1.2347435966e-01
    1.2480000000e+05    1.3584280957e-01
    1.2490000000e+05    1.4864503667e-01
    1.2500000000e+05    1.0911240953e-01
    1.2510000000e+05    1.0817901979e-01
    1.2520000000e+05    1.8579438704e-01
    1.2530000000e+05    1.1725737930e-01
    1.2540000000e+05    1.3185721978e-01
    1.2550000000e+05    1.1305390591e-01
    1.2560000000e+05    1.4218761276e-01
    1.2570000000e+05    1.3976756534e-01
    1.2580000000e+05    1.1291510026e-01
    1.2590000000e+05    1.2336117076e-01
    1.2600000000e+05    1.1653605889e-01
    1.2610000000e+05    1.3835922709e-01
    1.2620000000e+05    1.3149439524e-01
    1.2630000000e+05    9.2585703479e-02
    1.2640000000e+05    1.1186303547e-01
    1.2650000000e+05    1.0879538412e-01
    1.2660000000e+05    1.2406224040e-01
    1.2670000000e+05    1.1418142719e-01
    1.2680000000e+05    1.2851168491e-01
    1.2690000000e+05    1.0683415621e-01
    1.2700000000e+05    1.1472870681e-01
    1.2710000000e+05    1.0931802345e-01
    1.2720000000e+05    1.0066107244e-01
    1.2730000000e+05    1.2578865573e-01
    1.2740000000e+05    1.0964420949e-01
    1.2750000000e+05    1.4293474675e-01
    1.2760000000e+05    1.3931483973e-01
    1.2770000000e+05    1.1184789778e-01
    1.2780000000e+05    1.2723632616e-01
    1.2790000000e+05    9.5844844555e-02
    1.2800000000e+05    1.0946527297e-01
    1.2810000000e+05    1.1806841056e-01
    1.2820000000e+05    1.1959064305e-01
    1.2830000000e+05    1.1347856603e-01
    1.2840000000e+05    1.1334688031e-01
    1.2850000000e+05    1.1099497455e-01
    1.2860000000e+05    1.4209430482e-01
    1.2870000000e+05    1.1778495657e-01
    1.2880000000e+05    1.3741055162e-01
    1.2890000000e+05    1.1056165393e-01
    1.2900000000e+05    1.1361807529e-01
    1.2910000000e+05    1.2563119010e-01
    1.2920000000e+05    1.1120447109e-01
    1.2930000000e+05    1.0853167602e-01
    1.2940000000e+05    9.7227432415e-02
    1.2950000000e+05    1.4156813869e-01
    1.2960000000e+05    1.1473325162e-01
    1.2970000000e+05    1.2636710405e-01
    1.2980000000e+05    1.1628998978e-01
    1.2990000000e+05    1.1439107821e-01
    1.3000000000e+05    1.2553878663e-01
    1.3010000000e+05    1.2209114184e-01
    1.3020000000e+05    1.3584342935e-01
    1.3030000000e+05    9.7062091563e-02
    1.3040000000e+05    1.2559632727e-01
    1.3050000000e+05    1.1511919799e-01
    1.3060000000e+05    1.0867619430e-01
    1.3070000000e+05    1.3056361046e-01
    1.3080000000e+05    1.5525914201e-01
    1.3090000000e+05    1.0802522162e-01
    1.3100000000e+05    1.4892362037e-01
    1.3110000000e+05    1.4284685795e-01
    1.3120000000e+05    1.2506555504e-01
    1.3130000000e+05    1.9573966539e-01
    1.3140000000e+05    9.8830539496e-02
    1.3150000000e+05    1.3702793717e-01
    1.3160000000e+05    1.4306211351e-01
    1.3170000000e+05    1.3706861048e-01
    1.3180000000e+05    1.1057006115e-01
    1.3190000000e+05    1.1170602709e-01
    1.3200000000e+05    1.0600160336e-01
    1.3210000000e+05    1.0753861716e-01
    1.3220000000e+05    1.0287227716e-01
    1.3230000000e+05    1.3417195076e-01
    1.3240000000e+05    1.0950396676e-01
    1.3250000000e+05    1.0054587003e-01
    1.3260000000e+05    1.0463385363e-01
    1.3270000000e+05    1.1149458032e-01
    1.3280000000e+05    1.0940035677e-01
    1.3290000000e+05    1.0820889758e-01
    1.3300000000e+05    1.1156736654e-01
    1.3310000000e+05    1.1340229164e-01
    1.3320000000e+05    1.1826920586e-01
    1.3330000000e+05    1.3084087604e-01
    1.3340000000e+05    1.6321300396e-01
    1.3350000000e+05    1.5014250063e-01
    1.3360000000e+05    1.0123394522e-01
    1.3370000000e+05    1.1310972082e-01
    1.3380000000e+05    1.2415699634e-01
    1.3390000000e+05    1.0361648452e-01
    1.3400000000e+05    1.4134467845e-01
    1.3410000000e+05    1.0529313862e-01
    1.3420000000e+05    9.7053013927e-02
    1.3430000000e+05    1.2606399125e-01
    1.3440000000e+05    1.1467347506e-01
    1.3450000000e+05    1.0469059943e-01
    1.3460000000e+05    1.3062938833e-01
    1.3470000000e+05    1.4382393945e-01
    1.3480000000e+05    1.1586167369e-01
    1.3490000000e+05    1.1987003739e-01
    1.3500000000e+05    1.4788341506e-01
    1.3510000000e+05    1.1818081192e-01
    1.3520000000e+05    1.0548821016e-01
    1.3530000000e+05    9.8827677137e-02
    1.3540000000e+05    1.0312411789e-01
    1.3550000000e+05    9.7546194173e-02
    1.3560000000e+05    1.1485953743e-01
    1.3570000000e+05    1.2485766544e-01
    1.3580000000e+05    1.1405540334e-01
    1.3590000000e+05    1.2571179749e-01
    1.3600000000e+05    1.1963825913e-01
    1.3610000000e+05    1.0700461345e-01
    1.3620000000e+05    1.2892955484e-01
    1.3630000000e+05    1.1049166371e-01
    1.3640000000e+05    1.1377620993e-01
    1.3650000000e+05    1.0858265408e-01
    1.3660000000e+05    1.3248233726e-01
    1.3670000000e+05    1.2792634410e-01
    1.3680000000e+05    1.0927667981e-01
    1.3690000000e+05    1.2312654959e-01
    1.3700000000e+05    1.1236259207e-01
    1.3710000000e+05    1.2243383246e-01
    1.3720000000e+05    1.1693981215e-01
    1.3730000000e+05    1.1443004992e-01
    1.3740000000e+05    1.0629510821e-01
    1.3750000000e+05    9.7807660013e-02
    1.3760000000e+05    1.1794466749e-01
    1.3770000000e+05    1.2698701677e-01
    1.3780000000e+05    1.1253057770e-01
    1.3790000000e+05    1.1835087660e-01
    1.3800000000e+05    1.2298269672e-01
    1.3810000000e+05    1.3491733905e-01
    1.3820000000e+05    1.3025340268e-01
    1.3830000000e+05    1.1881354750e-01
    1.3840000000e+05    1.1504701919e-01
    1.3850000000e+05    1.1451332672e-01
    1.3860000000e+05    1.1840019337e-01
    1.3870000000e+05    1.1223353385e-01
    1.3880000000e+05    1.3013740963e-01
    1.3890000000e+05    1.0242433496e-01
    1.3900000000e+05    1.1689644923e-01
    1.3910000000e+05    1.4888010083e-01
    1.3920000000e+05    1.2627361257e-01
    1.3930000000e+05    9.9862993188e-02
    1.3940000000e+05    1.2127714560e-01
    1.3950000000e+05    8.9147314556e-02
    1.3960000000e+05    1.1563451289e-01
    1.3970000000e+05    1.1782545759e-01
    1.3980000000e+05    1.0000489924e-01
    1.3990000000e+05    1.1961645436e-01
    1.4000000000e+05    1.1139686323e-01
    1.4010000000e+05    1.3014770396e-01
    1.4020000000e+05    9.3805866787e-02
    1.4030000000e+05    1.2091916856e-01
    1.4040000000e+05    1.0301867341e-01
    1.4050000000e+05    1.0677038288e-01
    1.4060000000e+05    1.0786917354e-01
    1.4070000000e+05    1.2806097193e-01
    1.4080000000e+05    1.3051020331e-01
    1.4090000000e+05    1.1121052673e-01
    1.4100000000e+05    1.0781999693e-01
    1.4110000000e+05    1.2752777539e-01
    1.4120000000e+05    9.7021650194e-02
    1.4130000000e+05    1.0284636970e-01
    1.4140000000e+05    1.0882702438e-01
    1.4150000000e+05    1.2419966420e-01
    1.4160000000e+05    1.1605482541e-01
    1.4170000000e+05    1.1124162790e-01
    1.4180000000e+05    1.0961540062e-01
    1.4190000000e+05    1.1815367018e-01
    1.4200000000e+05    1.1574727549e-01
    1.4210000000e+05    1.1272964149e-01
    1.4220000000e+05    1.2170531481e-01
    1.4230000000e+05    1.3190272099e-01
    1.4240000000e+05    1.1211631764e-01
    1.4250000000e+05    1.2090622027e-01
    1.4260000000e+05    1.3035588548e-01
    1.4270000000e+05    1.0389042980e-01
    1.4280000000e+05    1.0054804211e-01
    1.4290000000e+05    1.2609925090e-01
    1.4300000000e+05    1.1921797798e-01
    1.4310000000e+05    1.7430443633e-01
    1.4320000000e+05    1.2600170688e-01
    1.4330000000e+05    1.2357203114e-01
    1.4340000000e+05    1.2072415157e-01
    1.4350000000e+05    1.4559149355e-01
    1.4360000000e+05    1.0896631636e-01
    1.4370000000e+05    1.1375799676e-01
    1.4380000000e+05    1.1482133861e-01
    1.4390000000e+05    1.2699243886e-01
    1.4400000000e+05    1.0433313053e-01
    1.4410000000e+05    1.2984965203e-01
    1.4420000000e+05    1.0950079348e-01
    1.4430000000e+05    1.0862200510e-01
    1.4440000000e+05    1.0720245631e-01
    1.4450000000e+05    1.1546438581e-01
    1.4460000000e+05    1.0547316906e-01
    1.4470000000e+05    1.0537744004e-01
    1.4480000000e+05    1.2301612095e-01
    1.4490000000e+05    1.0467867603e-01
    1.4500000000e+05    1.0449827255e-01
    1.4510000000e+05    1.4013942962e-01
    1.4520000000e+05    1.1802360239e-01
    1.4530000000e+05    1.1180529692e-01
    1.4540000000e+05    1.0096306744e-01
    1.4550000000e+05    1.0078985222e-01
    1.4560000000e+05    1.3494332824e-01
    1.4570000000e+05    1.1319650105e-01
    1.4580000000e+05    1.0993531611e-01
    1.4590000000e+05    1.1157154352e-01
    1.4600000000e+05    1.0220139885e-01
    1.4610000000e+05    1.0611408438e-01
    1.4620000000e+05    9.6818261189e-02
    1.4630000000e+05    1.3748879458e-01
    1.4640000000e+05    1.0778716638e-01
    1.4650000000e+05    1.2472171130e-01
    1.4660000000e+05    1.0507612405e-01
    1.4670000000e+05    1.1097472675e-01
    1.4680000000e+05    1.0620126221e-01
    1.4690000000e+05    1.1061470720e-01
    1.4700000000e+05    1.0994982166e-01
    1.4710000000e+05    1.1047117296e-01
    1.4720000000e+05    1.0157986352e-01
    1.4730000000e+05    9.0444816180e-02
    1.4740000000e+05    9.5491616758e-02
    1.4750000000e+05    1.0271231042e-01
    1.4760000000e+05    1.1625475358e-01
    1.4770000000e+05    9.2520966947e-02
    1.4780000000e+05    1.0382356911e-01
    1.4790000000e+05    1.3114191707e-01
    1.4800000000e+05    9.4411901018e-02
    1.4810000000e+05    8.6624543469e-02
    1.4820000000e+05    1.2390156815e-01
    1.4830000000e+05    1.1004514484e-01
    1.4840000000e+05    1.1847433427e-01
    1.4850000000e+05    1.1706679525e-01
    1.4860000000e+05    1.2124489159e-01
    1.4870000000e+05    1.2508244951e-01
    1.4880000000e+05    1.0467098129e-01
    1.4890000000e+05    1.4096752389e-01
    1.4900000000e+05    1.1218964422e-01
    1.4910000000e+05    1.0175316783e-01
    1.4920000000e+05    1.2203045593e-01
    1.4930000000e+05    1.1858243474e-01
    1.4940000000e+05    1.1503677767e-01
    1.4950000000e+05    9.3671764826e-02
    1.4960000000e+05    1.4776301567e-01
    1.4970000000e+05    9.0473823249e-02
    1.4980000000e+05    9.6312006532e-02
    1.4990000000e+05    1.1429202283e-01
    1.5000000000e+05    1.2923049845e-01
    1.5010000000e+05    1.2790088591e-01
    1.5020000000e+05    1.0592293272e-01
    1.5030000000e+05    1.1979836060e-01
    1.5040000000e+05    1.3493867017e-01
    1.5050000000e+05    1.0179452886e-01
    1.5060000000e+05    1.2981049197e-01
    1.5070000000e+05    2.0208441571e-01
    1.5080000000e+05    1.0366912743e-01
    1.5090000000e+05    1.0654296397e-01
    1.5100000000e+05    1.1389694278e-01
    1.5110000000e+05    1.1169617267e-01
    1.5120000000e+05    1.1823063322e-01
    1.5130000000e+05    2.1019934528e-01
    1.5140000000e+05    1.6398242812e-01
    1.5150000000e+05    1.4075964163e-01
    1.5160000000e+05    1.2276010537e-01
    1.5170000000e+05    1.1466408202e-01
    1.5180000000e+05    2.0763067314e-01
    1.5190000000e+05    1.0797561185e-01
    1.5200000000e+05    1.4109271148e-01
    1.5210000000e+05    1.5938902888e-01
    1.5220000000e+05    1.3640045726e-01
    1.5230000000e+05    1.2359195195e-01
    1.5240000000e+05    1.1688138640e-01
    1.5250000000e+05    1.3481321490e-01
    1.5260000000e+05    8.5400055629e-02
    1.5270000000e+05    1.2899719755e-01
    1.5280000000e+05    1.5203477034e-01
    1.5290000000e+05    1.4264855689e-01
    1.5300000000e+05    1.3867013339e-01
    1.5310000000e+05    1.0350279536e-01
    1.5320000000e+05    1.3484187892e-01
    1.5330000000e+05    1.0463132952e-01
    1.5340000000e+05    1.1637301460e-01
    1.5350000000e+05    9.7075763966e-02
    1.5360000000e+05    1.2153113433e-01
    1.5370000000e+05    1.0530053244e-01
    1.5380000000e+05    1.1057602322e-01
    1.5390000000e+05    1.0615532687e-01
    1.5400000000e+05    1.1359701450e-01
    1.5410000000e+05    1.2273529567e-01
    1.5420000000e+05    1.0732660341e-01
    1.5430000000e+05    1.3367942167e-01
    1.5440000000e+05    1.1251512529e-01
    1.5450000000e+05    1.0277683265e-01
    1.5460000000e+05    1.2405445846e-01
    1.5470000000e+05    1.2591328599e-01
    1.5480000000e+05    1.1175206459e-01
    1.5490000000e+05    1.2015505168e-01
    1.5500000000e+05    1.0796330501e-01
    1.5510000000e+05    1.2915861165e-01
    1.5520000000e+05    1.2005192868e-01
    1.5530000000e+05    9.2459520701e-02
    1.5540000000e+05    1.1455218768e-01
    1.5550000000e+05    9.6275847992e-02
    1.5560000000e+05    9.7539406022e-02
    1.5570000000e+05    1.1148965085e-01
    1.5580000000e+05    1.2626702703e-01
    1.5590000000e+05    2.3473184062e-01
    1.5600000000e+05    1.0178370695e-01
    1.5610000000e+05    1.1359344951e-01
    1.5620000000e+05    1.6084474774e-01
    1.5630000000e+05    1.4267800211e-01
    1.5640000000e+05    1.0531830178e-01
    1.5650000000e+05    1.0154333330e-01
    1.5660000000e+05    1.4268307636e-01
    1.5670000000e+05    1.2509321742e-01
    1.5680000000e+05    1.0015872763e-01
    1.5690000000e+05    1.4400527717e-01
    1.5700000000e+05    1.2740476759e-01
    1.5710000000e+05    9.5293273708e-02
    1.5720000000e+05    1.3316332913e-01
    1.5730000000e+05    9.9200832603e-02
    1.5740000000e+05    1.0786240185e-01
    1.5750000000e+05    1.0097993845e-01
    1.5760000000e+05    1.3553942370e-01
    1.5770000000e+05    1.2800428094e-01
    1.5780000000e+05    1.2450595029e-01
    1.5790000000e+05    1.1227081332e-01
    1.5800000000e+05    1.1001290187e-01
    1.5810000000e+05    1.1556964953e-01
    1.5820000000e+05    1.3455980072e-01
    1.5830000000e+05    1.2603328117e-01
    1.5840000000e+05    1.0246341198e-01
    1.5850000000e+05    1.1485630672e-01
    1.5860000000e+05    1.2866117498e-01
    1.5870000000e+05    1.0527721774e-01
    1.5880000000e+05    1.2939030200e-01
    1.5890000000e+05    1.5890974497e-01
    1.5900000000e+05    1.3538258240e-01
    1.5910000000e+05    1.4537698896e-01
    1.5920000000e+05    1.1525036236e-01
    1.5930000000e+05    1.0424893976e-01
    1.5940000000e+05    1.1288466679e-01
    1.5950000000e+05    1.2320572341e-01
    1.5960000000e+05    1.2528590870e-01
    1.5970000000e+05    1.3100264434e-01
    1.5980000000e+05    1.2122979483e-01
    1.5990000000e+05    9.5095662137e-02
    1.6000000000e+05    1.0075702527e-01
    1.6010000000e+05    1.1894646487e-01
    1.6020000000e+05    1.1413329561e-01
    1.6030000000e+05    8.6617446348e-02
    1.6040000000e+05    1.0599910946e-01
    1.6050000000e+05    1.0687503020e-01
    1.6060000000e+05    8.6424052300e-02
    1.6070000000e+05    1.1952237468e-01
    1.6080000000e+05    1.0922400470e-01
    1.6090000000e+05    9.6969193846e-02
    1.6100000000e+05    8.8868229973e-02
    1.6110000000e+05    1.0142563179e-01
    1.6120000000e+05    1.0806403629e-01
    1.6130000000e+05    1.0477292276e-01
    1.6140000000e+05    9.4023029641e-02
    1.6150000000e+05    1.0855078529e-01
    1.6160000000e+05    1.3029313020e-01
    1.6170000000e+05    9.2975467622e-02
    1.6180000000e+05    1.0728636371e-01
    1.6190000000e+05    1.5314071283e-01
    1.6200000000e+05    1.0250453599e-01
    1.6210000000e+05    1.0489491651e-01
    1.6220000000e+05    9.3456693460e-02
    1.6230000000e+05    1.1013316549e-01
    1.6240000000e+05    1.1194416649e-01
    1.6250000000e+05    1.3322693817e-01
    1.6260000000e+05    1.4217768474e-01
    1.6270000000e+05    1.2593465049e-01
    1.6280000000e+05    8.9557118189e-02
    1.6290000000e+05    1.1418477126e-01
    1.6300000000e+05    1.1595965771e-01
    1.6310000000e+05    1.2182825872e-01
    1.6320000000e+05    1.0512622959e-01
    1.6330000000e+05    1.0327074140e-01
    1.6340000000e+05    1.0984928063e-01
    1.6350000000e+05    9.7653388283e-02
    1.6360000000e+05    1.0755778855e-01
    1.6370000000e+05    1.2843267577e-01
    1.6380000000e+05    9.7250764652e-02
    1.6390000000e+05    1.2919790166e-01
    1.6400000000e+05    1.0028292027e-01
    1.6410000000e+05    1.1024056007e-01
    1.6420000000e+05    1.2721532015e-01
    1.6430000000e+05    1.1629200646e-01
    1.6440000000e+05    1.1313695696e-01
    1.6450000000e+05    1.0632533093e-01
    1.6460000000e+05    9.7851212366e-02
    1.6470000000e+05    1.1432091463e-01
    1.6480000000e+05    9.4430715735e-02
    1.6490000000e+05    1.3437643166e-01
    1.6500000000e+05    9.7310938949e-02
    1.6510000000e+05    9.9880169678e-02
    1.6520000000e+05    1.0016959292e-01
    1.6530000000e+05    1.0739234140e-01
    1.6540000000e+05    1.4614683306e-01
    1.6550000000e+05    1.1819243552e-01
    1.6560000000e+05    1.1434864356e-01
    1.6570000000e+05    1.0267518314e-01
    1.6580000000e+05    1.5661117972e-01
    1.6590000000e+05    1.2602709343e-01
    1.6600000000e+05    1.0102193464e-01
    1.6610000000e+05    1.1660427823e-01
    1.6620000000e+05    1.3544012008e-01
    1.6630000000e+05    1.1158629509e-01
    1.6640000000e+05    1.1887374588e-01
    1.6650000000e+05    1.3368895728e-01
    1.6660000000e+05    9.7234284895e-02
    1.6670000000e+05    1.1336489663e-01
    1.6680000000e+05    1.0417621337e-01
    1.6690000000e+05    1.0738779095e-01
    1.6700000000e+05    1.1196413550e-01
    1.6710000000e+05    1.0303208488e-01
    1.6720000000e+05    1.4961132130e-01
    1.6730000000e+05    1.3163214003e-01
    1.6740000000e+05    1.2372579840e-01
    1.6750000000e+05    1.0299226076e-01
    1.6760000000e+05    9.7254041855e-02
    1.6770000000e+05    1.0765023815e-01
    1.6780000000e+05    1.4898552121e-01
    1.6790000000e+05    1.0666366683e-01
    1.6800000000e+05    9.3081222812e-02
    1.6810000000e+05    8.3008146173e-02
    1.6820000000e+05    1.1451549565e-01
    1.6830000000e+05    1.0672454617e-01
    1.6840000000e+05    9.4233780940e-02
    1.6850000000e+05    1.1206028490e-01
    1.6860000000e+05    1.0296856633e-01
    1.6870000000e+05    1.0290903045e-01
    1.6880000000e+05    1.0742001345e-01
    1.6890000000e+05    1.1007418909e-01
    1.6900000000e+05    1.4285068451e-01
    1.6910000000e+05    1.0096329350e-01
    1.6920000000e+05    9.8952398903e-02
    1.6930000000e+05    9.6749369219e-02
    1.6940000000e+05    1.1985261360e-01
    1.6950000000e+05    9.1551978671e-02
    1.6960000000e+05    1.0676446197e-01
    1.6970000000e+05    1.0774318022e-01
    1.6980000000e+05    1.0572885009e-01
    1.6990000000e+05    9.7372185508e-02
    1.7000000000e+05    9.4958304922e-02
    1.7010000000e+05    1.3197044912e-01
    1.7020000000e+05    1.2943932946e-01
    1.7030000000e+05    9.7355590285e-02
    1.7040000000e+05    1.0302613131e-01
    1.7050000000e+05    1.0327158114e-01
    1.7060000000e+05    1.0657841030e-01
    1.7070000000e+05    1.3625069769e-01
    1.7080000000e+05    1.1597036521e-01
    1.7090000000e+05    1.2680717850e-01
    1.7100000000e+05    9.4126130048e-02
    1.7110000000e+05    1.1224487211e-01
    1.7120000000e+05    1.1385816811e-01
    1.7130000000e+05    9.5500228483e-02
    1.7140000000e+05    9.0332346449e-02
    1.7150000000e+05    1.1820223186e-01
    1.7160000000e+05    1.2683662705e-01
    1.7170000000e+05    1.1102674047e-01
    1.7180000000e+05    1.7298205692e-01
    1.7190000000e+05    1.0695542383e-01
    1.7200000000e+05    1.2237150904e-01
    1.7210000000e+05    1.0617047442e-01
    1.7220000000e+05    1.0797072292e-01
    1.7230000000e+05    1.2242881890e-01
    1.7240000000e+05    1.3634883067e-01
    1.7250000000e+05    1.3402743773e-01
    1.7260000000e+05    1.1550042826e-01
    1.7270000000e+05    1.5821374279e-01
    1.7280000000e+05    1.1669081864e-01
    1.7290000000e+05    1.2230103581e-01
    1.7300000000e+05    1.2196762871e-01
    1.7310000000e+05    1.2364240563e-01
    1.7320000000e+05    1.3250313667e-01
    1.7330000000e+05    1.2492169755e-01
    1.7340000000e+05    1.4780918618e-01
    1.7350000000e+05    1.1231265645e-01
    1.7360000000e+05    1.1888119454e-01
    1.7370000000e+05    9.8106365790e-02
    1.7380000000e+05    1.1086278106e-01
    1.7390000000e+05    1.0302593693e-01
    1.7400000000e+05    1.1048640524e-01
    1.7410000000e+05    9.3296815350e-02
    1.7420000000e+05    1.0231240860e-01
    1.7430000000e+05    1.0032574007e-01
    1.7440000000e+05    9.8115743381e-02
    1.7450000000e+05    1.0127850997e-01
    1.7460000000e+05    1.3038919121e-01
    1.7470000000e+05    1.0511055801e-01
    1.7480000000e+05    9.6897796008e-02
    1.7490000000e+05    1.3314745705e-01
    1.7500000000e+05    1.1520369227e-01
    1.7510000000e+05    1.0733134889e-01
    1.7520000000e+05    1.1095513238e-01
    1.7530000000e+05    1.1339371428e-01
    1.7540000000e+05    1.0027319795e-01
    1.7550000000e+05    1.3037620889e-01
    1.7560000000e+05    1.0191457048e-01
    1.7570000000e+05    8.6894892103e-02
    1.7580000000e+05    1.4477580247e-01
    1.7590000000e+05    1.1305475114e-01
    1.7600000000e+05    1.0505349095e-01
    1.7610000000e+05    1.1115763975e-01
    1.7620000000e+05    1.0877327035e-01
    1.7630000000e+05    1.2832104308e-01
    1.7640000000e+05    1.4634555421e-01
    1.7650000000e+05    1.4060462011e-01
    1.7660000000e+05    1.6142219910e-01
    1.7670000000e+05    1.4463137153e-01
    1.7680000000e+05    1.4330168094e-01
    1.7690000000e+05    1.1648856951e-01
    1.7700000000e+05    1.4901080844e-01
    1.7710000000e+05    1.1039118680e-01
    1.7720000000e+05    1.4535144659e-01
    1.7730000000e+05    1.1906213398e-01
    1.7740000000e+05    1.2597796302e-01
    1.7750000000e+05    1.2145402113e-01
    1.7760000000e+05    1.1252337035e-01
    1.7770000000e+05    1.1147027293e-01
    1.7780000000e+05    1.2175244728e-01
    1.7790000000e+05    1.1656321882e-01
    1.7800000000e+05    1.0551240341e-01
    1.7810000000e+05    1.1577100889e-01
    1.7820000000e+05    1.1860539480e-01
    1.7830000000e+05    9.0315182373e-02
    1.7840000000e+05    1.1643225231e-01
    1.7850000000e+05    1.0486676807e-01
    1.7860000000e+05    1.0974853446e-01
    1.7870000000e+05    1.2594008341e-01
    1.7880000000e+05    1.1470909887e-01
    1.7890000000e+05    1.2350131306e-01
    1.7900000000e+05    1.1456304478e-01
    1.7910000000e+05    1.1598309923e-01
    1.7920000000e+05    1.0828583158e-01
    1.7930000000e+05    1.2036884189e-01
    1.7940000000e+05    1.0272835411e-01
    1.7950000000e+05    1.1305038463e-01
    1.7960000000e+05    1.2577392478e-01
    1.7970000000e+05    9.6798045778e-02
    1.7980000000e+05    1.1786369989e-01
    1.7990000000e+05    1.2817864609e-01
    1.8000000000e+05    1.2868395808e-01
    1.8010000000e+05    1.0706342165e-01
    1.8020000000e+05    1.3367369391e-01
    1.8030000000e+05    1.2570131199e-01
    1.8040000000e+05    1.0273788651e-01
    1.8050000000e+05    1.0372749334e-01
    1.8060000000e+05    1.0568159343e-01
    1.8070000000e+05    1.2149456911e-01
    1.8080000000e+05    9.9371430367e-02
    1.8090000000e+05    9.3790144153e-02
    1.8100000000e+05    1.1591249085e-01
    1.8110000000e+05    1.1111398312e-01
    1.8120000000e+05    1.1330293910e-01
    1.8130000000e+05    1.1429186163e-01
    1.8140000000e+05    8.9751037746e-02
    1.8150000000e+05    1.0516707344e-01
    1.8160000000e+05    1.0009020055e-01
    1.8170000000e+05    1.5107456796e-01
    1.8180000000e+05    1.2246124346e-01
    1.8190000000e+05    1.0779467738e-01
    1.8200000000e+05    1.2478874764e-01
    1.8210000000e+05    1.0009298243e-01
    1.8220000000e+05    1.1387534961e-01
    1.8230000000e+05    9.0521049228e-02
    1.8240000000e+05    1.0431364237e-01
    1.8250000000e+05    1.0057602968e-01
    1.8260000000e+05    1.0330994676e-01
    1.8270000000e+05    1.0194639569e-01
    1.8280000000e+05    1.0006674858e-01
    1.8290000000e+05    1.0343278799e-01
    1.8300000000e+05    8.5587317879e-02
    1.8310000000e+05    9.8572757495e-02
    1.8320000000e+05    8.9624302956e-02
    1.8330000000e+05    9.8196574938e-02
    1.8340000000e+05    1.3617180070e-01
    1.8350000000e+05    1.1052010165e-01
    1.8360000000e+05    1.0780241030e-01
    1.8370000000e+05    9.7109021642e-02
    1.8380000000e+05    1.3055400080e-01
    1.8390000000e+05    1.0352157185e-01
    1.8400000000e+05    1.1264620501e-01
    1.8410000000e+05    1.1070828726e-01
    1.8420000000e+05    1.2175784117e-01
    1.8430000000e+05    1.2161960064e-01
    1.8440000000e+05    1.0920162949e-01
    1.8450000000e+05    2.0364992159e-01
    1.8460000000e+05    1.0080169733e-01
    1.8470000000e+05    1.0799578876e-01
    1.8480000000e+05    1.2670757762e-01
    1.8490000000e+05    1.2875832356e-01
    1.8500000000e+05    1.3033625937e-01
    1.8510000000e+05    1.1681617052e-01
    1.8520000000e+05    1.3274913741e-01
    1.8530000000e+05    1.6090688822e-01
    1.8540000000e+05    9.7239619031e-02
    1.8550000000e+05    1.1333622115e-01
    1.8560000000e+05    1.1973608665e-01
    1.8570000000e+05    1.1003050444e-01
    1.8580000000e+05    1.1542836085e-01
    1.8590000000e+05    1.1197785574e-01
    1.8600000000e+05    9.9659072488e-02
    1.8610000000e+05    1.0168654841e-01
    1.8620000000e+05    9.9982258012e-02
    1.8630000000e+05    1.0618421407e-01
    1.8640000000e+05    1.0673436991e-01
    1.8650000000e+05    1.1771688862e-01
    1.8660000000e+05    1.0350110213e-01
    1.8670000000e+05    1.0336580070e-01
    1.8680000000e+05    1.2052931133e-01
    1.8690000000e+05    1.2333947177e-01
    1.8700000000e+05    1.1446802800e-01
    1.8710000000e+05    1.4312254678e-01
    1.8720000000e+05    1.0641310587e-01
    1.8730000000e+05    1.7305804220e-01
    1.8740000000e+05    1.6402571304e-01
    1.8750000000e+05    1.1236834659e-01
    1.8760000000e+05    1.3935127459e-01
    1.8770000000e+05    1.2511268306e-01
    1.8780000000e+05    1.3212769075e-01
    1.8790000000e+05    1.0840255777e-01
    1.8800000000e+05    1.2715542469e-01
    1.8810000000e+05    1.0819934192e-01
    1.8820000000e+05    1.4988879823e-01
    1.8830000000e+05    1.1413578637e-01
    1.8840000000e+05    1.2831403178e-01
    1.8850000000e+05    9.7657406252e-02
    1.8860000000e+05    1.1053360323e-01
    1.8870000000e+05    1.1619665498e-01
    1.8880000000e+05    8.1083688232e-02
    1.8890000000e+05    9.9078511443e-02
    1.8900000000e+05    9.8301716885e-02
    1.8910000000e+05    1.0559040433e-01
    1.8920000000e+05    1.3226598185e-01
    1.8930000000e+05    1.0307121472e-01
    1.8940000000e+05    1.2102889009e-01
    1.8950000000e+05    1.2877656439e-01
    1.8960000000e+05    1.4057276786e-01
    1.8970000000e+05    1.2395435601e-01
    1.8980000000e+05    1.2379888003e-01
    1.8990000000e+05    1.2695658050e-01
    1.9000000000e+05    9.3364773509e-02
    1.9010000000e+05    1.1231003996e-01
    1.9020000000e+05    1.3535684245e-01
    1.9030000000e+05    1.0314119943e-01
    1.9040000000e+05    1.1907360773e-01
    1.9050000000e+05    1.0622039902e-01
    1.9060000000e+05    1.1449319132e-01
    1.9070000000e+05    1.0780530237e-01
    1.9080000000e+05    1.1859014550e-01
    1.9090000000e+05    1.1614721639e-01
    1.9100000000e+05    1.1602299840e-01
    1.9110000000e+05    1.0948457668e-01
    1.9120000000e+05    1.1427653037e-01
    1.9130000000e+05    1.2318464100e-01
    1.9140000000e+05    1.1165299990e-01
    1.9150000000e+05    1.0485607731e-01
    1.9160000000e+05    1.0695066168e-01
    1.9170000000e+05    9.8206210928e-02
    1.9180000000e+05    1.4070298209e-01
    1.9190000000e+05    1.3238272143e-01
    1.9200000000e+05    1.1412944076e-01
    1.9210000000e+05    1.2858433554e-01
    1.9220000000e+05    1.2325232053e-01
    1.9230000000e+05    1.1146068282e-01
    1.9240000000e+05    1.6481748952e-01
    1.9250000000e+05    1.1119111203e-01
    1.9260000000e+05    1.1378563907e-01
    1.9270000000e+05    1.4422868267e-01
    1.9280000000e+05    1.2167388369e-01
    1.9290000000e+05    1.1492755057e-01
    1.9300000000e+05    1.0833027812e-01
    1.9310000000e+05    1.3272585049e-01
    1.9320000000e+05    1.1801884893e-01
    1.9330000000e+05    1.0355198278e-01
    1.9340000000e+05    1.0810025471e-01
    1.9350000000e+05    1.0391041749e-01
    1.9360000000e+05    1.1780171597e-01
    1.9370000000e+05    1.0616740230e-01
    1.9380000000e+05    1.3605987902e-01
    1.9390000000e+05    1.1516517575e-01
    1.9400000000e+05    1.2699558952e-01
    1.9410000000e+05    9.8449384034e-02
    1.9420000000e+05    1.1722216976e-01
    1.9430000000e+05    1.3564542675e-01
    1.9440000000e+05    9.8973974417e-02
    1.9450000000e+05    1.2530859069e-01
    1.9460000000e+05    1.1876920071e-01
    1.9470000000e+05    1.4504363038e-01
    1.9480000000e+05    1.0039239503e-01
    1.9490000000e+05    1.1821214781e-01
    1.9500000000e+05    1.3598610489e-01
    1.9510000000e+05    1.8185127457e-01
    1.9520000000e+05    1.3359280232e-01
    1.9530000000e+05    1.1387724450e-01
    1.9540000000e+05    9.6572554290e-02
    1.9550000000e+05    1.0445989453e-01
    1.9560000000e+05    1.1627059794e-01
    1.9570000000e+05    9.9756658072e-02
    1.9580000000e+05    1.0491460272e-01
    1.9590000000e+05    1.1302942377e-01
    1.9600000000e+05    1.1167008208e-01
    1.9610000000e+05    1.2814522250e-01
    1.9620000000e+05    1.1509387571e-01
    1.9630000000e+05    1.0259817437e-01
    1.9640000000e+05    1.4641479377e-01
    1.9650000000e+05    1.2836566455e-01
    1.9660000000e+05    1.0968170217e-01
    1.9670000000e+05    1.1014878553e-01
    1.9680000000e+05    1.0319627754e-01
    1.9690000000e+05    1.0130112262e-01
    1.9700000000e+05    1.0146527867e-01
    1.9710000000e+05    8.6787845061e-02
    1.9720000000e+05    1.1331645272e-01
    1.9730000000e+05    1.0833518715e-01
    1.9740000000e+05    1.2059761163e-01
    1.9750000000e+05    1.5297211636e-01
    1.9760000000e+05    1.2917285803e-01
    1.9770000000e+05    1.2063105908e-01
    1.9780000000e+05    1.1154485508e-01
    1.9790000000e+05    1.4319682070e-01
    1.9800000000e+05    1.3099285035e-01
    1.9810000000e+05    1.2816612349e-01
    1.9820000000e+05    1.2435429188e-01
    1.9830000000e+05    9.8505052701e-02
    1.9840000000e+05    1.2199267398e-01
    1.9850000000e+05    1.1593245142e-01
    1.9860000000e+05    1.3523536244e-01
    1.9870000000e+05    1.0225765512e-01
    1.9880000000e+05    1.1709280311e-01
    1.9890000000e+05    1.3650663955e-01
    1.9900000000e+05    1.0651006249e-01
    1.9910000000e+05    8.5840775535e-02
    1.9920000000e+05    1.0784092873e-01
    1.9930000000e+05    1.0285485679e-01
    1.9940000000e+05    1.0406357212e-01
    1.9950000000e+05    1.2466995680e-01
    1.9960000000e+05    1.0411369598e-01
    1.9970000000e+05    1.0815464247e-01
    1.9980000000e+05    1.0693524034e-01
    1.9990000000e+05    1.2194943318e-01
    2.0000000000e+05    1.1643305670e-01
